Connecting to host 10.0.0.2, port 5202
[  4] local 10.0.0.1 port 46112 connected to 10.0.0.2 port 5202
[ ID] Interval           Transfer     Bandwidth       Retr  Cwnd
[  4]   0.00-1.00   sec   925 KBytes  7.54 Mbits/sec    0   87.7 KBytes       
[  4]   1.00-2.04   sec   318 KBytes  2.53 Mbits/sec    0    100 KBytes       
[  4]   2.04-3.11   sec   382 KBytes  2.91 Mbits/sec    0    115 KBytes       
[  4]   3.11-4.00   sec   318 KBytes  2.93 Mbits/sec    0    129 KBytes       
[  4]   4.00-5.00   sec   318 KBytes  2.61 Mbits/sec    0    140 KBytes       
[  4]   5.00-6.01   sec   445 KBytes  3.63 Mbits/sec    0    163 KBytes       
[  4]   6.01-7.00   sec   509 KBytes  4.19 Mbits/sec    0    208 KBytes       
[  4]   7.00-8.01   sec   700 KBytes  5.72 Mbits/sec    0    274 KBytes       
[  4]   8.01-9.00   sec   700 KBytes  5.75 Mbits/sec    0    356 KBytes       
[  4]   9.00-10.00  sec   827 KBytes  6.79 Mbits/sec    0    450 KBytes       
[  4]  10.00-11.00  sec  1.18 MBytes  9.88 Mbits/sec    0    592 KBytes       
[  4]  11.00-12.00  sec  1.12 MBytes  9.39 Mbits/sec    0    737 KBytes       
[  4]  12.00-13.00  sec   700 KBytes  5.73 Mbits/sec    0    823 KBytes       
[  4]  13.00-14.00  sec   764 KBytes  6.26 Mbits/sec    0    913 KBytes       
[  4]  14.00-15.01  sec  1.12 MBytes  9.31 Mbits/sec    0   1.01 MBytes       
[  4]  15.01-16.04  sec   954 KBytes  7.60 Mbits/sec    0   1.12 MBytes       
[  4]  16.04-17.02  sec  1.12 MBytes  9.50 Mbits/sec    0   1.26 MBytes       
[  4]  17.02-18.00  sec  1018 KBytes  8.54 Mbits/sec   45   1.26 MBytes       
[  4]  18.00-19.00  sec  0.00 Bytes  0.00 bits/sec   74   1.08 MBytes       
[  4]  19.00-20.00  sec  0.00 Bytes  0.00 bits/sec   59    994 KBytes       
[  4]  20.00-21.00  sec  0.00 Bytes  0.00 bits/sec  227    983 KBytes       
[  4]  21.00-22.00  sec  0.00 Bytes  0.00 bits/sec  172    957 KBytes       
[  4]  22.00-23.00  sec  0.00 Bytes  0.00 bits/sec  139    691 KBytes       
[  4]  23.00-24.00  sec  63.6 KBytes   521 Kbits/sec  172    407 KBytes       
[  4]  24.00-25.00  sec   255 KBytes  2.08 Mbits/sec    0    182 KBytes       
[  4]  25.00-26.00  sec  0.00 Bytes  0.00 bits/sec    0    182 KBytes       
[  4]  26.00-27.00  sec  0.00 Bytes  0.00 bits/sec    1   1.41 KBytes       
[  4]  27.00-28.00  sec  0.00 Bytes  0.00 bits/sec    0   1.41 KBytes       
[  4]  28.00-29.00  sec  63.6 KBytes   521 Kbits/sec    8   11.3 KBytes       
[  4]  29.00-30.00  sec  0.00 Bytes  0.00 bits/sec    0   11.3 KBytes       
[  4]  30.00-31.00  sec  0.00 Bytes  0.00 bits/sec    0   11.3 KBytes       
[  4]  31.00-32.02  sec  0.00 Bytes  0.00 bits/sec    1   1.41 KBytes       
[  4]  32.02-33.00  sec  0.00 Bytes  0.00 bits/sec    0   1.41 KBytes       
[  4]  33.00-34.00  sec  0.00 Bytes  0.00 bits/sec    0   1.41 KBytes       
[  4]  34.00-35.00  sec  0.00 Bytes  0.00 bits/sec    0   1.41 KBytes       
[  4]  35.00-36.00  sec  0.00 Bytes  0.00 bits/sec    0   1.41 KBytes       
[  4]  36.00-37.00  sec  0.00 Bytes  0.00 bits/sec    1   1.41 KBytes       
[  4]  37.00-38.00  sec  0.00 Bytes  0.00 bits/sec    0   1.41 KBytes       
[  4]  38.00-39.00  sec  63.6 KBytes   521 Kbits/sec    0   33.9 KBytes       
[  4]  39.00-40.00  sec  0.00 Bytes  0.00 bits/sec   24   33.9 KBytes       
[  4]  40.00-41.00  sec  0.00 Bytes  0.00 bits/sec    0   33.9 KBytes       
[  4]  41.00-42.00  sec  1.24 MBytes  10.4 Mbits/sec   67   94.7 KBytes       
[  4]  42.00-43.00  sec   827 KBytes  6.78 Mbits/sec   33    133 KBytes       
[  4]  43.00-44.00  sec  0.00 Bytes  0.00 bits/sec    0    133 KBytes       
[  4]  44.00-45.00  sec   445 KBytes  3.65 Mbits/sec    0    154 KBytes       
[  4]  45.00-46.00  sec  0.00 Bytes  0.00 bits/sec    0    171 KBytes       
[  4]  46.00-47.00  sec   127 KBytes  1.04 Mbits/sec    0    232 KBytes       
[  4]  47.00-48.00  sec   127 KBytes  1.04 Mbits/sec    0    310 KBytes       
[  4]  48.00-49.00  sec  63.6 KBytes   521 Kbits/sec    0    348 KBytes       
[  4]  49.00-50.00  sec   191 KBytes  1.56 Mbits/sec    0    502 KBytes       
[  4]  50.00-51.00  sec  63.6 KBytes   522 Kbits/sec    0    522 KBytes       
[  4]  51.00-52.00  sec   445 KBytes  3.64 Mbits/sec    0    814 KBytes       
[  4]  52.00-53.00  sec  1018 KBytes  8.35 Mbits/sec    0   1.22 MBytes       
[  4]  53.00-54.00  sec  1.25 MBytes  10.5 Mbits/sec    0   1.49 MBytes       
[  4]  54.00-55.00  sec  1.25 MBytes  10.5 Mbits/sec    0   1.81 MBytes       
[  4]  55.00-56.00  sec  2.50 MBytes  21.0 Mbits/sec    0   2.16 MBytes       
[  4]  56.00-57.00  sec  2.50 MBytes  21.0 Mbits/sec    0   2.53 MBytes       
[  4]  57.00-58.00  sec  1.25 MBytes  10.5 Mbits/sec  166   2.23 MBytes       
[  4]  58.00-59.00  sec  1.25 MBytes  10.5 Mbits/sec  214   1.87 MBytes       
[  4]  59.00-60.00  sec  1.25 MBytes  10.5 Mbits/sec   95   1.87 MBytes       
[  4]  60.00-61.01  sec  1.25 MBytes  10.4 Mbits/sec    0   1.88 MBytes       
[  4]  61.01-62.00  sec  1.25 MBytes  10.6 Mbits/sec    0   1.99 MBytes       
[  4]  62.00-63.00  sec  1.25 MBytes  10.5 Mbits/sec    0   2.12 MBytes       
[  4]  63.00-64.00  sec  1.25 MBytes  10.4 Mbits/sec   94   1.79 MBytes       
[  4]  64.00-65.00  sec  1.25 MBytes  10.5 Mbits/sec  141   1.51 MBytes       
[  4]  65.00-66.00  sec  1.25 MBytes  10.5 Mbits/sec    0   1.51 MBytes       
[  4]  66.00-67.00  sec  1.25 MBytes  10.5 Mbits/sec    0   1.55 MBytes       
[  4]  67.00-68.00  sec  1.25 MBytes  10.5 Mbits/sec    0   1.61 MBytes       
[  4]  68.00-69.00  sec  1.25 MBytes  10.5 Mbits/sec    3   1.64 MBytes       
[  4]  69.00-70.00  sec  1.25 MBytes  10.5 Mbits/sec    0   1.64 MBytes       
[  4]  70.00-71.00  sec  1.25 MBytes  10.5 Mbits/sec  150   1.22 MBytes       
[  4]  71.00-72.00  sec  1.22 MBytes  10.3 Mbits/sec   31   1.14 MBytes       
[  4]  72.00-73.00  sec  1.12 MBytes  9.39 Mbits/sec    0   1.14 MBytes       
[  4]  73.00-74.00  sec  1.25 MBytes  10.5 Mbits/sec    0   1.21 MBytes       
[  4]  74.00-75.00  sec  1.25 MBytes  10.5 Mbits/sec    0   1.32 MBytes       
[  4]  75.00-76.00  sec  1.25 MBytes  10.5 Mbits/sec    0   1.39 MBytes       
[  4]  76.00-77.00  sec  1.25 MBytes  10.5 Mbits/sec    0   1.47 MBytes       
[  4]  77.00-77.00  sec  0.00 Bytes  0.00 bits/sec    0   1.47 MBytes       
- - - - - - - - - - - - - - - - - - - - - - - - -
[ ID] Interval           Transfer     Bandwidth       Retr
[  4]   0.00-77.00  sec  50.5 MBytes  5.50 Mbits/sec  1917             sender
[  4]   0.00-77.00  sec  37.1 MBytes  4.04 Mbits/sec                  receiver

iperf Done.
