Connecting to host 10.0.0.2, port 5202
[  4] local 10.0.0.1 port 46112 connected to 10.0.0.2 port 5202
[ ID] Interval           Transfer     Bandwidth       Retr  Cwnd
[  4]   0.00-1.00   sec   510 KBytes  4.17 Mbits/sec    0   52.3 KBytes       
[  4]   1.00-2.00   sec   445 KBytes  3.65 Mbits/sec    0   69.3 KBytes       
[  4]   2.00-3.00   sec   382 KBytes  3.13 Mbits/sec    0   83.4 KBytes       
[  4]   3.00-4.00   sec   445 KBytes  3.65 Mbits/sec    0   99.0 KBytes       
[  4]   4.00-5.00   sec   382 KBytes  3.13 Mbits/sec    0    115 KBytes       
[  4]   5.00-6.00   sec   382 KBytes  3.13 Mbits/sec    0    133 KBytes       
[  4]   6.00-7.00   sec   573 KBytes  4.69 Mbits/sec    0    187 KBytes       
[  4]   7.00-8.00   sec   764 KBytes  6.25 Mbits/sec    0    252 KBytes       
[  4]   8.00-9.01   sec  1.06 MBytes  8.82 Mbits/sec    0    356 KBytes       
[  4]   9.01-10.00  sec  1.43 MBytes  12.1 Mbits/sec    0    502 KBytes       
[  4]  10.00-11.00  sec  1.93 MBytes  16.2 Mbits/sec    0    660 KBytes       
[  4]  11.00-12.00  sec  1.74 MBytes  14.6 Mbits/sec    0    805 KBytes       
[  4]  12.00-12.95  sec  1.25 MBytes  11.0 Mbits/sec    0   1018 KBytes       
- - - - - - - - - - - - - - - - - - - - - - - - -
[ ID] Interval           Transfer     Bandwidth       Retr
[  4]   0.00-12.95  sec  11.2 MBytes  7.25 Mbits/sec    0             sender
[  4]   0.00-12.95  sec  6.99 MBytes  4.53 Mbits/sec                  receiver

iperf Done.
