-----------------------------------------------------------
Server listening on 5201
-----------------------------------------------------------
Accepted connection from 10.0.0.1, port 34594
[  5] local 10.0.0.2 port 5201 connected to 10.0.0.1 port 46110
[ ID] Interval           Transfer     Bandwidth
[  5]   0.00-1.00   sec   888 KBytes  7.26 Mbits/sec                  
[  5]   1.00-2.00   sec   641 KBytes  5.26 Mbits/sec                  
[  5]   2.00-3.00   sec   706 KBytes  5.78 Mbits/sec                  
[  5]   3.00-4.00   sec   615 KBytes  5.04 Mbits/sec                  
[  5]   4.00-5.00   sec   544 KBytes  4.46 Mbits/sec                  
[  5]   5.00-6.00   sec   522 KBytes  4.27 Mbits/sec                  
[  5]   6.00-7.00   sec   535 KBytes  4.38 Mbits/sec                  
[  5]   7.00-8.00   sec   556 KBytes  4.55 Mbits/sec                  
[  5]   8.00-9.00   sec   570 KBytes  4.67 Mbits/sec                  
[  5]   9.00-10.00  sec   607 KBytes  4.97 Mbits/sec                  
[  5]  10.00-11.00  sec   590 KBytes  4.83 Mbits/sec                  
[  5]  11.00-12.00  sec   614 KBytes  5.03 Mbits/sec                  
[  5]  12.00-13.00  sec   543 KBytes  4.43 Mbits/sec                  
[  5]  13.00-13.10  sec  59.4 KBytes  4.99 Mbits/sec                  
- - - - - - - - - - - - - - - - - - - - - - - - -
[ ID] Interval           Transfer     Bandwidth
[  5]   0.00-13.10  sec  0.00 Bytes  0.00 bits/sec                  sender
[  5]   0.00-13.10  sec  7.80 MBytes  4.99 Mbits/sec                  receiver
