Connecting to host 10.0.0.2, port 5201
[  4] local 10.0.0.1 port 46110 connected to 10.0.0.2 port 5201
[ ID] Interval           Transfer     Bandwidth       Retr  Cwnd
[  4]   0.00-1.00   sec   967 KBytes  7.90 Mbits/sec    0   69.3 KBytes       
[  4]   1.00-2.01   sec   509 KBytes  4.14 Mbits/sec    0   89.1 KBytes       
[  4]   2.01-3.01   sec   382 KBytes  3.14 Mbits/sec    0    105 KBytes       
[  4]   3.01-4.00   sec   509 KBytes  4.19 Mbits/sec    0    123 KBytes       
[  4]   4.00-5.00   sec   445 KBytes  3.63 Mbits/sec    0    141 KBytes       
[  4]   5.00-6.02   sec   445 KBytes  3.60 Mbits/sec    0    158 KBytes       
[  4]   6.02-7.01   sec   636 KBytes  5.24 Mbits/sec    0    204 KBytes       
[  4]   7.01-8.00   sec   827 KBytes  6.87 Mbits/sec    0    276 KBytes       
[  4]   8.00-9.00   sec  1018 KBytes  8.34 Mbits/sec    0    373 KBytes       
[  4]   9.00-10.00  sec  1018 KBytes  8.32 Mbits/sec    0    477 KBytes       
[  4]  10.00-11.00  sec  1.12 MBytes  9.39 Mbits/sec    0    598 KBytes       
[  4]  11.00-12.00  sec  1018 KBytes  8.34 Mbits/sec    0    711 KBytes       
[  4]  12.00-13.02  sec   827 KBytes  6.63 Mbits/sec    0    827 KBytes       
[  4]  13.02-14.00  sec   891 KBytes  7.46 Mbits/sec    0    939 KBytes       
[  4]  14.00-15.01  sec   891 KBytes  7.24 Mbits/sec    0   1.02 MBytes       
[  4]  15.01-16.00  sec  1.25 MBytes  10.6 Mbits/sec    0   1.22 MBytes       
[  4]  16.00-17.00  sec  1.25 MBytes  10.5 Mbits/sec    0   1.43 MBytes       
[  4]  17.00-18.01  sec  1.25 MBytes  10.4 Mbits/sec    0   1.69 MBytes       
[  4]  18.01-19.01  sec  1.25 MBytes  10.5 Mbits/sec    0   1.85 MBytes       
[  4]  19.01-20.00  sec  2.50 MBytes  21.1 Mbits/sec    0   2.22 MBytes       
[  4]  20.00-21.00  sec  2.50 MBytes  21.0 Mbits/sec   13   2.61 MBytes       
[  4]  21.00-22.00  sec  1.25 MBytes  10.5 Mbits/sec  313   1.90 MBytes       
[  4]  22.00-23.00  sec  1.12 MBytes  9.36 Mbits/sec  306   1.85 MBytes       
[  4]  23.00-24.00  sec   636 KBytes  5.21 Mbits/sec    0   1.78 MBytes       
[  4]  24.00-25.00  sec  1.25 MBytes  10.5 Mbits/sec   40   1.72 MBytes       
[  4]  25.00-26.00  sec  1.25 MBytes  10.5 Mbits/sec   15   1.72 MBytes       
[  4]  26.00-27.00  sec  1.25 MBytes  10.5 Mbits/sec   12   1.43 MBytes       
[  4]  27.00-28.00  sec  1.25 MBytes  10.5 Mbits/sec   18   1.30 MBytes       
[  4]  28.00-29.00  sec  1.25 MBytes  10.5 Mbits/sec    0   1.30 MBytes       
[  4]  29.00-30.00  sec  1.25 MBytes  10.5 Mbits/sec    0   1.35 MBytes       
[  4]  30.00-31.00  sec  1.25 MBytes  10.5 Mbits/sec    0   1.41 MBytes       
[  4]  31.00-32.00  sec  1.25 MBytes  10.5 Mbits/sec    0   1.45 MBytes       
[  4]  32.00-33.00  sec  1.25 MBytes  10.5 Mbits/sec    0   1.49 MBytes       
[  4]  33.00-34.00  sec  1.25 MBytes  10.5 Mbits/sec    0   1.52 MBytes       
[  4]  34.00-35.00  sec  1008 KBytes  8.26 Mbits/sec    0   1.54 MBytes       
[  4]  35.00-36.00  sec  1018 KBytes  8.34 Mbits/sec    0   1.56 MBytes       
[  4]  36.00-37.00  sec   636 KBytes  5.21 Mbits/sec    0   1.56 MBytes       
[  4]  37.00-38.00  sec  1.06 MBytes  8.86 Mbits/sec    0   1.57 MBytes       
[  4]  38.00-39.00  sec   318 KBytes  2.61 Mbits/sec   14   1.50 MBytes       
[  4]  39.00-40.00  sec  0.00 Bytes  0.00 bits/sec    3   1.16 MBytes       
[  4]  40.00-41.00  sec   509 KBytes  4.17 Mbits/sec   32   1.10 MBytes       
[  4]  41.00-42.00  sec  1.25 MBytes  10.5 Mbits/sec    0   1.11 MBytes       
[  4]  42.00-43.00  sec  1.25 MBytes  10.5 Mbits/sec    0   1.15 MBytes       
[  4]  43.00-44.00  sec  1003 KBytes  8.23 Mbits/sec   77    956 KBytes       
[  4]  44.00-45.00  sec   445 KBytes  3.65 Mbits/sec   54    827 KBytes       
[  4]  45.00-46.00  sec   827 KBytes  6.77 Mbits/sec    0    827 KBytes       
[  4]  46.00-47.00  sec  1.25 MBytes  10.5 Mbits/sec    0    853 KBytes       
[  4]  47.00-48.00  sec  1.25 MBytes  10.5 Mbits/sec    0    884 KBytes       
[  4]  48.00-49.00  sec   940 KBytes  7.70 Mbits/sec    0    928 KBytes       
[  4]  49.00-50.00  sec   764 KBytes  6.26 Mbits/sec    0    960 KBytes       
[  4]  50.00-51.00  sec  0.00 Bytes  0.00 bits/sec    4    819 KBytes       
[  4]  51.00-52.00  sec   700 KBytes  5.72 Mbits/sec    4    672 KBytes       
[  4]  52.00-53.00  sec  1.25 MBytes  10.5 Mbits/sec    0    680 KBytes       
[  4]  53.00-54.00  sec  1.24 MBytes  10.4 Mbits/sec    0    714 KBytes       
[  4]  54.00-55.00  sec   636 KBytes  5.21 Mbits/sec    0    749 KBytes       
[  4]  55.00-56.00  sec   764 KBytes  6.26 Mbits/sec    0    779 KBytes       
[  4]  56.00-57.00  sec   764 KBytes  6.26 Mbits/sec    0    799 KBytes       
[  4]  57.00-58.00  sec   764 KBytes  6.25 Mbits/sec    0    809 KBytes       
[  4]  58.00-59.00  sec   700 KBytes  5.74 Mbits/sec    0    813 KBytes       
[  4]  59.00-60.00  sec   764 KBytes  6.25 Mbits/sec    0    814 KBytes       
[  4]  60.00-61.00  sec   700 KBytes  5.74 Mbits/sec    0    817 KBytes       
[  4]  61.00-62.00  sec   700 KBytes  5.73 Mbits/sec    0    824 KBytes       
[  4]  62.00-63.00  sec   636 KBytes  5.21 Mbits/sec    0    836 KBytes       
[  4]  63.00-64.00  sec   700 KBytes  5.73 Mbits/sec    0    857 KBytes       
[  4]  64.00-65.00  sec   636 KBytes  5.21 Mbits/sec    0    891 KBytes       
[  4]  65.00-66.00  sec  0.00 Bytes  0.00 bits/sec   31    731 KBytes       
[  4]  66.00-67.00  sec   318 KBytes  2.61 Mbits/sec   17    624 KBytes       
[  4]  67.00-68.00  sec  1.25 MBytes  10.5 Mbits/sec    0    632 KBytes       
[  4]  68.00-69.00  sec  1.25 MBytes  10.5 Mbits/sec    0    684 KBytes       
[  4]  69.00-70.00  sec   685 KBytes  5.62 Mbits/sec    0    748 KBytes       
[  4]  70.00-71.00  sec   573 KBytes  4.70 Mbits/sec    0    796 KBytes       
[  4]  71.00-72.00  sec   509 KBytes  4.17 Mbits/sec    0    829 KBytes       
[  4]  72.00-73.00  sec   127 KBytes  1.04 Mbits/sec    0    841 KBytes       
[  4]  73.00-74.00  sec  0.00 Bytes  0.00 bits/sec   24    614 KBytes       
[  4]  74.00-75.00  sec   764 KBytes  6.25 Mbits/sec    5    588 KBytes       
[  4]  75.00-76.00  sec  1.25 MBytes  10.5 Mbits/sec    0    607 KBytes       
[  4]  76.00-77.00  sec  1.11 MBytes  9.33 Mbits/sec    0    638 KBytes       
[  4]  77.00-78.00  sec   573 KBytes  4.69 Mbits/sec    0    670 KBytes       
[  4]  78.00-79.00  sec   636 KBytes  5.22 Mbits/sec    0    691 KBytes       
[  4]  79.00-80.00  sec   700 KBytes  5.73 Mbits/sec    0    704 KBytes       
[  4]  80.00-81.00  sec   636 KBytes  5.22 Mbits/sec    0    710 KBytes       
[  4]  81.00-82.00  sec   636 KBytes  5.21 Mbits/sec    0    713 KBytes       
[  4]  82.00-83.00  sec   636 KBytes  5.21 Mbits/sec    0    714 KBytes       
[  4]  83.00-84.01  sec   636 KBytes  5.17 Mbits/sec    0    720 KBytes       
[  4]  84.01-85.00  sec   636 KBytes  5.26 Mbits/sec    0    731 KBytes       
[  4]  85.00-86.00  sec   636 KBytes  5.21 Mbits/sec    0    751 KBytes       
[  4]  86.00-87.00  sec   573 KBytes  4.69 Mbits/sec    0    782 KBytes       
[  4]  87.00-88.00  sec   636 KBytes  5.21 Mbits/sec    0    827 KBytes       
[  4]  88.00-89.00  sec   573 KBytes  4.70 Mbits/sec    0    889 KBytes       
[  4]  89.00-90.00  sec   509 KBytes  4.17 Mbits/sec    0    969 KBytes       
[  4]  90.00-91.00  sec   573 KBytes  4.69 Mbits/sec    0   1.05 MBytes       
[  4]  91.00-92.00  sec  0.00 Bytes  0.00 bits/sec    8   1.01 MBytes       
[  4]  92.00-93.00  sec  0.00 Bytes  0.00 bits/sec   56    773 KBytes       
[  4]  93.00-94.00  sec   255 KBytes  2.08 Mbits/sec   55    752 KBytes       
[  4]  94.00-95.00  sec  0.00 Bytes  0.00 bits/sec   20    752 KBytes       
[  4]  95.00-96.00  sec   382 KBytes  3.13 Mbits/sec    1   1.41 KBytes       
[  4]  96.00-97.00  sec  1.25 MBytes  10.5 Mbits/sec   27    853 KBytes       
[  4]  97.00-98.00  sec  1.25 MBytes  10.5 Mbits/sec    0    881 KBytes       
[  4]  98.00-99.00  sec  1.23 MBytes  10.3 Mbits/sec    0    906 KBytes       
[  4]  99.00-100.00 sec   573 KBytes  4.69 Mbits/sec    0    938 KBytes       
[  4] 100.00-101.00 sec  0.00 Bytes  0.00 bits/sec    6    904 KBytes       
[  4] 101.00-102.00 sec  0.00 Bytes  0.00 bits/sec   10    730 KBytes       
[  4] 102.00-103.00 sec  0.00 Bytes  0.00 bits/sec   36    656 KBytes       
[  4] 103.00-104.00 sec  0.00 Bytes  0.00 bits/sec   15    656 KBytes       
[  4] 104.00-105.00 sec   255 KBytes  2.09 Mbits/sec    1   1.41 KBytes       
[  4] 105.00-106.00 sec  1.25 MBytes  10.5 Mbits/sec    0    773 KBytes       
[  4] 106.00-107.00 sec  1.25 MBytes  10.5 Mbits/sec    0    805 KBytes       
[  4] 107.00-108.00 sec  1.25 MBytes  10.5 Mbits/sec    0    824 KBytes       
[  4] 108.00-109.00 sec   678 KBytes  5.56 Mbits/sec    0    857 KBytes       
[  4] 109.00-110.00 sec   700 KBytes  5.73 Mbits/sec    0    889 KBytes       
[  4] 110.00-111.00 sec   255 KBytes  2.09 Mbits/sec    0    902 KBytes       
[  4] 111.00-112.00 sec   700 KBytes  5.73 Mbits/sec    0    939 KBytes       
[  4] 112.00-113.00 sec   191 KBytes  1.56 Mbits/sec    0    952 KBytes       
[  4] 113.00-114.00 sec  0.00 Bytes  0.00 bits/sec   20    809 KBytes       
[  4] 114.00-115.00 sec   255 KBytes  2.09 Mbits/sec    0    666 KBytes       
[  4] 115.00-116.00 sec  0.00 Bytes  0.00 bits/sec   17    666 KBytes       
[  4] 116.00-117.00 sec  0.00 Bytes  0.00 bits/sec    1   1.41 KBytes       
[  4] 117.00-118.00 sec  1.25 MBytes  10.5 Mbits/sec    0    786 KBytes       
[  4] 118.00-119.00 sec  1.25 MBytes  10.5 Mbits/sec    0    810 KBytes       
[  4] 119.00-120.00 sec  1.25 MBytes  10.5 Mbits/sec    0    839 KBytes       
[  4] 120.00-121.00 sec  1.03 MBytes  8.68 Mbits/sec    0    868 KBytes       
[  4] 121.00-122.00 sec   827 KBytes  6.78 Mbits/sec    0    911 KBytes       
[  4] 122.00-123.00 sec   636 KBytes  5.20 Mbits/sec    0    945 KBytes       
[  4] 123.00-124.00 sec   636 KBytes  5.22 Mbits/sec    0    976 KBytes       
[  4] 124.00-125.00 sec   573 KBytes  4.69 Mbits/sec    0   1007 KBytes       
[  4] 125.00-126.00 sec   891 KBytes  7.30 Mbits/sec    0   1.03 MBytes       
[  4] 126.00-127.00 sec   636 KBytes  5.21 Mbits/sec    0   1.06 MBytes       
[  4] 127.00-128.00 sec   573 KBytes  4.69 Mbits/sec    0   1.09 MBytes       
[  4] 128.00-129.00 sec   891 KBytes  7.30 Mbits/sec    0   1.21 MBytes       
[  4] 129.00-130.00 sec   509 KBytes  4.17 Mbits/sec    0   1.33 MBytes       
[  4] 130.00-131.00 sec   636 KBytes  5.21 Mbits/sec    0   1.49 MBytes       
[  4] 131.00-131.00 sec  0.00 Bytes  0.00 bits/sec    0   1.49 MBytes       
- - - - - - - - - - - - - - - - - - - - - - - - -
[ ID] Interval           Transfer     Bandwidth       Retr
[  4]   0.00-131.00 sec   100 MBytes  6.41 Mbits/sec  1255             sender
[  4]   0.00-131.00 sec  85.0 MBytes  5.45 Mbits/sec                  receiver

iperf Done.
