-----------------------------------------------------------
Server listening on 5201
-----------------------------------------------------------
Accepted connection from 10.0.0.1, port 41120
[  5] local 10.0.0.2 port 5201 connected to 10.0.0.1 port 46110
[ ID] Interval           Transfer     Bandwidth
[  5]   0.00-1.00   sec   174 KBytes  1.42 Mbits/sec                  
[  5]   1.00-2.01   sec   296 KBytes  2.40 Mbits/sec                  
[  5]   2.01-3.00   sec   307 KBytes  2.53 Mbits/sec                  
[  5]   3.00-4.00   sec   338 KBytes  2.77 Mbits/sec                  
[  5]   4.00-5.00   sec   329 KBytes  2.70 Mbits/sec                  
[  5]   5.00-6.04   sec   276 KBytes  2.18 Mbits/sec                  
[  5]   6.04-7.00   sec   342 KBytes  2.91 Mbits/sec                  
[  5]   7.00-8.00   sec   393 KBytes  3.22 Mbits/sec                  
[  5]   8.00-9.00   sec   471 KBytes  3.86 Mbits/sec                  
[  5]   9.00-10.00  sec   411 KBytes  3.37 Mbits/sec                  
[  5]  10.00-11.00  sec   345 KBytes  2.82 Mbits/sec                  
[  5]  11.00-12.00  sec   387 KBytes  3.18 Mbits/sec                  
[  5]  12.00-13.00  sec   503 KBytes  4.12 Mbits/sec                  
[  5]  13.00-14.00  sec   136 KBytes  1.11 Mbits/sec                  
[  5]  14.00-15.00  sec  0.00 Bytes  0.00 bits/sec                  
[  5]  15.00-16.01  sec   144 KBytes  1.18 Mbits/sec                  
[  5]  16.01-17.00  sec  1.15 MBytes  9.67 Mbits/sec                  
[  5]  17.00-18.00  sec   383 KBytes  3.14 Mbits/sec                  
[  5]  18.00-18.62  sec   253 KBytes  3.33 Mbits/sec                  
- - - - - - - - - - - - - - - - - - - - - - - - -
[ ID] Interval           Transfer     Bandwidth
[  5]   0.00-18.62  sec  0.00 Bytes  0.00 bits/sec                  sender
[  5]   0.00-18.62  sec  6.51 MBytes  2.93 Mbits/sec                  receiver
