-----------------------------------------------------------
Server listening on 5201
-----------------------------------------------------------
Accepted connection from 10.0.0.1, port 49589
[  5] local 10.0.0.2 port 5201 connected to 10.0.0.1 port 46110
[ ID] Interval           Transfer     Bandwidth
[  5]   0.00-1.00   sec   167 KBytes  1.36 Mbits/sec                  
[  5]   1.00-2.00   sec   329 KBytes  2.71 Mbits/sec                  
[  5]   2.00-3.00   sec   430 KBytes  3.52 Mbits/sec                  
[  5]   3.00-4.00   sec   411 KBytes  3.37 Mbits/sec                  
[  5]   4.00-5.00   sec   419 KBytes  3.43 Mbits/sec                  
[  5]   5.00-6.01   sec   472 KBytes  3.84 Mbits/sec                  
[  5]   6.01-7.00   sec   379 KBytes  3.13 Mbits/sec                  
[  5]   7.00-8.00   sec   421 KBytes  3.45 Mbits/sec                  
[  5]   8.00-9.00   sec   334 KBytes  2.73 Mbits/sec                  
[  5]   9.00-10.00  sec   489 KBytes  4.01 Mbits/sec                  
[  5]  10.00-11.01  sec   403 KBytes  3.27 Mbits/sec                  
[  5]  11.01-12.01  sec   368 KBytes  3.02 Mbits/sec                  
[  5]  12.01-13.00  sec   427 KBytes  3.53 Mbits/sec                  
[  5]  13.00-14.00  sec   385 KBytes  3.15 Mbits/sec                  
[  5]  14.00-15.02  sec   170 KBytes  1.37 Mbits/sec                  
[  5]  15.02-15.83  sec  0.00 Bytes  0.00 bits/sec                  
- - - - - - - - - - - - - - - - - - - - - - - - -
[ ID] Interval           Transfer     Bandwidth
[  5]   0.00-15.83  sec  0.00 Bytes  0.00 bits/sec                  sender
[  5]   0.00-15.83  sec  5.47 MBytes  2.90 Mbits/sec                  receiver
