Connecting to host 10.0.0.2, port 5202
[  4] local 10.0.0.1 port 46112 connected to 10.0.0.2 port 5202
[ ID] Interval           Transfer     Bandwidth       Retr  Cwnd
[  4]   0.00-1.00   sec   423 KBytes  3.46 Mbits/sec    0   48.1 KBytes       
[  4]   1.00-2.00   sec   318 KBytes  2.60 Mbits/sec    0   59.4 KBytes       
[  4]   2.00-3.00   sec   318 KBytes  2.60 Mbits/sec    0   70.7 KBytes       
[  4]   3.00-4.00   sec   255 KBytes  2.09 Mbits/sec    0   82.0 KBytes       
[  4]   4.00-5.00   sec   255 KBytes  2.08 Mbits/sec    0   93.3 KBytes       
[  4]   5.00-6.00   sec   382 KBytes  3.13 Mbits/sec    0    126 KBytes       
[  4]   6.00-7.03   sec   573 KBytes  4.58 Mbits/sec    0    175 KBytes       
[  4]   7.03-8.01   sec   636 KBytes  5.29 Mbits/sec    0    239 KBytes       
[  4]   8.01-9.00   sec   318 KBytes  2.63 Mbits/sec    0    272 KBytes       
[  4]   9.00-10.00  sec  1.18 MBytes  9.87 Mbits/sec    0    413 KBytes       
[  4]  10.00-11.00  sec   954 KBytes  7.83 Mbits/sec    0    526 KBytes       
[  4]  11.00-12.01  sec  1018 KBytes  8.32 Mbits/sec    0    648 KBytes       
[  4]  12.01-13.00  sec  1.06 MBytes  8.90 Mbits/sec    0    779 KBytes       
[  4]  13.00-14.00  sec   891 KBytes  7.30 Mbits/sec    0    888 KBytes       
[  4]  14.00-15.00  sec   827 KBytes  6.77 Mbits/sec    0    962 KBytes       
[  4]  15.00-16.01  sec  1.12 MBytes  9.35 Mbits/sec   15   1.04 MBytes       
[  4]  16.01-16.01  sec  0.00 Bytes  0.00 bits/sec    0   1.04 MBytes       
- - - - - - - - - - - - - - - - - - - - - - - - -
[ ID] Interval           Transfer     Bandwidth       Retr
[  4]   0.00-16.01  sec  10.4 MBytes  5.43 Mbits/sec   15             sender
[  4]   0.00-16.01  sec  4.37 MBytes  2.29 Mbits/sec                  receiver

iperf Done.
