-----------------------------------------------------------
Server listening on 5203
-----------------------------------------------------------
Accepted connection from 10.0.0.1, port 47104
[  5] local 10.0.0.2 port 5203 connected to 10.0.0.1 port 46114
[ ID] Interval           Transfer     Bandwidth
[  5]   0.00-1.00   sec   171 KBytes  1.40 Mbits/sec                  
[  5]   1.00-2.00   sec   304 KBytes  2.49 Mbits/sec                  
[  5]   2.00-3.00   sec   209 KBytes  1.72 Mbits/sec                  
[  5]   3.00-4.00   sec   308 KBytes  2.52 Mbits/sec                  
[  5]   4.00-5.00   sec   240 KBytes  1.97 Mbits/sec                  
[  5]   5.00-6.00   sec   260 KBytes  2.13 Mbits/sec                  
[  5]   6.00-7.00   sec   168 KBytes  1.38 Mbits/sec                  
[  5]   7.00-8.00   sec   195 KBytes  1.60 Mbits/sec                  
[  5]   8.00-9.00   sec   228 KBytes  1.87 Mbits/sec                  
[  5]   9.00-10.00  sec   280 KBytes  2.29 Mbits/sec                  
[  5]  10.00-11.00  sec   133 KBytes  1.09 Mbits/sec                  
[  5]  11.00-12.00  sec  0.00 Bytes  0.00 bits/sec                  
[  5]  12.00-13.00  sec   345 KBytes  2.83 Mbits/sec                  
[  5]  13.00-14.00  sec   530 KBytes  4.34 Mbits/sec                  
[  5]  14.00-15.00  sec   363 KBytes  2.98 Mbits/sec                  
[  5]  15.00-16.00  sec   380 KBytes  3.12 Mbits/sec                  
[  5]  16.00-17.00  sec   421 KBytes  3.45 Mbits/sec                  
[  5]  17.00-18.00  sec   444 KBytes  3.63 Mbits/sec                  
[  5]  18.00-19.00  sec   475 KBytes  3.90 Mbits/sec                  
[  5]  19.00-20.00  sec   462 KBytes  3.79 Mbits/sec                  
[  5]  20.00-21.00  sec   406 KBytes  3.33 Mbits/sec                  
[  5]  21.00-22.00  sec   667 KBytes  5.47 Mbits/sec                  
[  5]  22.00-23.00  sec   865 KBytes  7.09 Mbits/sec                  
[  5]  23.00-23.68  sec   492 KBytes  5.91 Mbits/sec                  
- - - - - - - - - - - - - - - - - - - - - - - - -
[ ID] Interval           Transfer     Bandwidth
[  5]   0.00-23.68  sec  0.00 Bytes  0.00 bits/sec                  sender
[  5]   0.00-23.68  sec  8.15 MBytes  2.89 Mbits/sec                  receiver
