Connecting to host 10.0.0.2, port 5202
[  4] local 10.0.0.1 port 46112 connected to 10.0.0.2 port 5202
[ ID] Interval           Transfer     Bandwidth       Retr  Cwnd
[  4]   0.00-1.00   sec   293 KBytes  2.40 Mbits/sec    0   42.4 KBytes       
[  4]   1.00-2.00   sec  84.8 KBytes   694 Kbits/sec    0   45.2 KBytes       
[  4]   2.00-3.01   sec  63.6 KBytes   519 Kbits/sec    0   48.1 KBytes       
[  4]   3.01-4.00   sec   127 KBytes  1.05 Mbits/sec    0   56.6 KBytes       
[  4]   4.00-5.00   sec   127 KBytes  1.04 Mbits/sec    0   69.3 KBytes       
[  4]   5.00-6.00   sec   318 KBytes  2.61 Mbits/sec    0    103 KBytes       
[  4]   6.00-7.00   sec   191 KBytes  1.56 Mbits/sec    0    130 KBytes       
[  4]   7.00-8.00   sec   318 KBytes  2.61 Mbits/sec    0    170 KBytes       
[  4]   8.00-9.00   sec   573 KBytes  4.69 Mbits/sec    0    245 KBytes       
[  4]   9.00-10.00  sec  63.6 KBytes   521 Kbits/sec    6    228 KBytes       
[  4]  10.00-11.01  sec  0.00 Bytes  0.00 bits/sec   10    178 KBytes       
[  4]  11.01-12.00  sec   191 KBytes  1.58 Mbits/sec   17    178 KBytes       
[  4]  12.00-13.00  sec  0.00 Bytes  0.00 bits/sec    0    178 KBytes       
[  4]  13.00-14.00  sec   255 KBytes  2.08 Mbits/sec   27    124 KBytes       
[  4]  14.00-15.00  sec  0.00 Bytes  0.00 bits/sec    0    124 KBytes       
[  4]  15.00-16.00  sec   191 KBytes  1.57 Mbits/sec    0    126 KBytes       
[  4]  16.00-17.01  sec   191 KBytes  1.56 Mbits/sec    0    140 KBytes       
[  4]  17.01-18.00  sec  63.6 KBytes   524 Kbits/sec    0    146 KBytes       
[  4]  18.00-19.00  sec  63.6 KBytes   520 Kbits/sec    0    147 KBytes       
[  4]  19.00-20.01  sec   127 KBytes  1.03 Mbits/sec    0    150 KBytes       
[  4]  20.01-21.00  sec   127 KBytes  1.05 Mbits/sec    0    154 KBytes       
[  4]  21.00-22.00  sec  0.00 Bytes  0.00 bits/sec    0    156 KBytes       
[  4]  22.00-23.00  sec   127 KBytes  1.04 Mbits/sec    0    175 KBytes       
[  4]  23.00-24.00  sec  63.6 KBytes   521 Kbits/sec    0    185 KBytes       
[  4]  24.00-25.00  sec   127 KBytes  1.04 Mbits/sec    0    232 KBytes       
[  4]  25.00-26.00  sec   191 KBytes  1.56 Mbits/sec    0    276 KBytes       
[  4]  26.00-27.00  sec   445 KBytes  3.65 Mbits/sec    0    335 KBytes       
[  4]  27.00-28.00  sec  63.6 KBytes   520 Kbits/sec    0    338 KBytes       
[  4]  28.00-29.00  sec  0.00 Bytes  0.00 bits/sec   51    247 KBytes       
[  4]  29.00-30.00  sec  0.00 Bytes  0.00 bits/sec    0    247 KBytes       
[  4]  30.00-31.02  sec   255 KBytes  2.06 Mbits/sec    0    247 KBytes       
[  4]  31.02-32.00  sec   255 KBytes  2.12 Mbits/sec    0    249 KBytes       
[  4]  32.00-33.00  sec   191 KBytes  1.56 Mbits/sec    0    263 KBytes       
[  4]  33.00-34.00  sec  63.6 KBytes   521 Kbits/sec    0    269 KBytes       
[  4]  34.00-35.02  sec  0.00 Bytes  0.00 bits/sec   22    188 KBytes       
[  4]  35.02-36.00  sec  0.00 Bytes  0.00 bits/sec   28    188 KBytes       
[  4]  36.00-37.00  sec   127 KBytes  1.05 Mbits/sec    0    188 KBytes       
[  4]  37.00-38.00  sec   255 KBytes  2.08 Mbits/sec    0    192 KBytes       
[  4]  38.00-39.00  sec   191 KBytes  1.56 Mbits/sec    0    209 KBytes       
[  4]  39.00-40.00  sec  63.6 KBytes   521 Kbits/sec    0    212 KBytes       
[  4]  40.00-41.01  sec   191 KBytes  1.55 Mbits/sec    0    222 KBytes       
[  4]  41.01-42.00  sec  0.00 Bytes  0.00 bits/sec    0    222 KBytes       
[  4]  42.00-43.00  sec   191 KBytes  1.57 Mbits/sec    0    226 KBytes       
[  4]  43.00-44.00  sec  0.00 Bytes  0.00 bits/sec    0    228 KBytes       
[  4]  44.00-45.00  sec   255 KBytes  2.09 Mbits/sec    0    245 KBytes       
[  4]  45.00-46.01  sec  0.00 Bytes  0.00 bits/sec    0    249 KBytes       
[  4]  46.01-47.00  sec   191 KBytes  1.58 Mbits/sec    0    304 KBytes       
[  4]  47.00-48.00  sec  0.00 Bytes  0.00 bits/sec    1    298 KBytes       
[  4]  48.00-49.00  sec  0.00 Bytes  0.00 bits/sec    0    232 KBytes       
[  4]  49.00-50.02  sec   191 KBytes  1.54 Mbits/sec   16    214 KBytes       
[  4]  50.02-51.00  sec  0.00 Bytes  0.00 bits/sec    1    214 KBytes       
[  4]  51.00-52.00  sec  63.6 KBytes   521 Kbits/sec    0    209 KBytes       
[  4]  52.00-53.00  sec   255 KBytes  2.08 Mbits/sec    0    204 KBytes       
[  4]  53.00-54.00  sec   255 KBytes  2.09 Mbits/sec    0    150 KBytes       
[  4]  54.00-55.00  sec  63.6 KBytes   521 Kbits/sec    0    157 KBytes       
[  4]  55.00-56.02  sec  63.6 KBytes   512 Kbits/sec    0    167 KBytes       
[  4]  56.02-57.00  sec  63.6 KBytes   531 Kbits/sec    0    171 KBytes       
[  4]  57.00-58.00  sec   127 KBytes  1.04 Mbits/sec    0    175 KBytes       
[  4]  58.00-59.03  sec  63.6 KBytes   508 Kbits/sec    0    178 KBytes       
[  4]  59.03-60.02  sec   127 KBytes  1.05 Mbits/sec    0    184 KBytes       
[  4]  60.02-61.00  sec  0.00 Bytes  0.00 bits/sec    0    184 KBytes       
[  4]  61.00-62.00  sec   127 KBytes  1.04 Mbits/sec    0    211 KBytes       
[  4]  62.00-63.02  sec  0.00 Bytes  0.00 bits/sec    0    215 KBytes       
[  4]  63.02-64.00  sec   127 KBytes  1.06 Mbits/sec    0    263 KBytes       
[  4]  64.00-65.01  sec  0.00 Bytes  0.00 bits/sec    7    232 KBytes       
[  4]  65.01-66.00  sec  0.00 Bytes  0.00 bits/sec    0    230 KBytes       
[  4]  66.00-67.00  sec  0.00 Bytes  0.00 bits/sec   28    188 KBytes       
[  4]  67.00-68.00  sec  0.00 Bytes  0.00 bits/sec    0    188 KBytes       
[  4]  68.00-69.00  sec   382 KBytes  3.13 Mbits/sec    0    181 KBytes       
[  4]  69.00-70.01  sec  63.6 KBytes   521 Kbits/sec    0    177 KBytes       
[  4]  70.01-71.01  sec   191 KBytes  1.55 Mbits/sec    0    133 KBytes       
[  4]  71.01-72.01  sec  63.6 KBytes   520 Kbits/sec    0    136 KBytes       
[  4]  72.01-73.01  sec  0.00 Bytes  0.00 bits/sec    0    136 KBytes       
[  4]  73.01-74.01  sec   127 KBytes  1.04 Mbits/sec    0    150 KBytes       
[  4]  74.01-75.01  sec  0.00 Bytes  0.00 bits/sec    0    151 KBytes       
[  4]  75.01-76.01  sec  63.6 KBytes   521 Kbits/sec    0    156 KBytes       
[  4]  76.01-77.02  sec  63.6 KBytes   517 Kbits/sec    0    158 KBytes       
[  4]  77.02-78.02  sec  0.00 Bytes  0.00 bits/sec    0    161 KBytes       
[  4]  78.02-79.02  sec  63.6 KBytes   521 Kbits/sec    0    167 KBytes       
[  4]  79.02-80.02  sec  0.00 Bytes  0.00 bits/sec    2    129 KBytes       
[  4]  80.02-81.02  sec  0.00 Bytes  0.00 bits/sec    0    124 KBytes       
[  4]  81.02-82.01  sec  0.00 Bytes  0.00 bits/sec    2    120 KBytes       
[  4]  82.01-83.01  sec  63.6 KBytes   521 Kbits/sec    0    116 KBytes       
[  4]  83.01-84.01  sec   127 KBytes  1.05 Mbits/sec    0    116 KBytes       
[  4]  84.01-85.02  sec  63.6 KBytes   519 Kbits/sec    0    122 KBytes       
[  4]  85.02-86.01  sec   127 KBytes  1.05 Mbits/sec    0    132 KBytes       
[  4]  86.01-87.01  sec  0.00 Bytes  0.00 bits/sec    0    137 KBytes       
[  4]  87.01-88.01  sec  63.6 KBytes   522 Kbits/sec    0    153 KBytes       
[  4]  88.01-89.01  sec  63.6 KBytes   521 Kbits/sec    0    154 KBytes       
[  4]  89.01-90.02  sec  0.00 Bytes  0.00 bits/sec    0    157 KBytes       
[  4]  90.02-91.01  sec   127 KBytes  1.04 Mbits/sec    0    163 KBytes       
[  4]  91.01-92.02  sec  0.00 Bytes  0.00 bits/sec    0    164 KBytes       
[  4]  92.02-93.01  sec  0.00 Bytes  0.00 bits/sec    2    156 KBytes       
[  4]  93.01-94.02  sec  0.00 Bytes  0.00 bits/sec   21    116 KBytes       
[  4]  94.02-95.01  sec  0.00 Bytes  0.00 bits/sec    0    116 KBytes       
[  4]  95.01-96.01  sec   191 KBytes  1.56 Mbits/sec    0    117 KBytes       
[  4]  96.01-97.01  sec  0.00 Bytes  0.00 bits/sec    0    120 KBytes       
[  4]  97.01-98.01  sec  63.6 KBytes   521 Kbits/sec    0    136 KBytes       
[  4]  98.01-99.01  sec   127 KBytes  1.04 Mbits/sec    0    147 KBytes       
[  4]  99.01-100.01 sec  0.00 Bytes  0.00 bits/sec    0    151 KBytes       
[  4] 100.01-101.01 sec   127 KBytes  1.04 Mbits/sec    0    158 KBytes       
[  4] 101.01-102.01 sec  0.00 Bytes  0.00 bits/sec    0    161 KBytes       
[  4] 102.01-103.02 sec   127 KBytes  1.03 Mbits/sec    0    168 KBytes       
[  4] 103.02-104.01 sec  0.00 Bytes  0.00 bits/sec    0    174 KBytes       
[  4] 104.01-105.01 sec  63.6 KBytes   519 Kbits/sec    0    184 KBytes       
[  4] 105.01-106.01 sec  0.00 Bytes  0.00 bits/sec    8    163 KBytes       
[  4] 106.01-107.01 sec  0.00 Bytes  0.00 bits/sec    0    156 KBytes       
[  4] 107.01-108.01 sec   191 KBytes  1.56 Mbits/sec    0    141 KBytes       
[  4] 108.01-109.01 sec  63.6 KBytes   523 Kbits/sec    0    148 KBytes       
[  4] 109.01-110.01 sec  63.6 KBytes   520 Kbits/sec    0    164 KBytes       
[  4] 110.01-111.03 sec   127 KBytes  1.03 Mbits/sec    0    175 KBytes       
[  4] 111.03-112.01 sec  0.00 Bytes  0.00 bits/sec    0    181 KBytes       
[  4] 112.01-113.02 sec   127 KBytes  1.04 Mbits/sec    0    189 KBytes       
[  4] 113.02-114.01 sec  63.6 KBytes   524 Kbits/sec    0    191 KBytes       
[  4] 114.01-115.02 sec  63.6 KBytes   518 Kbits/sec    0    197 KBytes       
[  4] 115.02-116.02 sec  63.6 KBytes   519 Kbits/sec    0    204 KBytes       
[  4] 116.02-117.02 sec  63.6 KBytes   525 Kbits/sec    0    211 KBytes       
[  4] 117.02-118.02 sec  63.6 KBytes   521 Kbits/sec    0    245 KBytes       
[  4] 118.02-119.02 sec  63.6 KBytes   523 Kbits/sec    0    270 KBytes       
[  4] 119.02-120.01 sec  0.00 Bytes  0.00 bits/sec    5    267 KBytes       
[  4] 120.01-121.03 sec  0.00 Bytes  0.00 bits/sec   13    215 KBytes       
[  4] 121.03-122.01 sec  0.00 Bytes  0.00 bits/sec   11    194 KBytes       
[  4] 122.01-123.01 sec  0.00 Bytes  0.00 bits/sec    6    194 KBytes       
[  4] 123.01-124.01 sec  0.00 Bytes  0.00 bits/sec    6    194 KBytes       
[  4] 124.01-125.01 sec  0.00 Bytes  0.00 bits/sec    0    194 KBytes       
[  4] 125.01-126.01 sec   445 KBytes  3.65 Mbits/sec    0    182 KBytes       
[  4] 126.01-127.02 sec   127 KBytes  1.04 Mbits/sec    0    148 KBytes       
[  4] 127.02-128.01 sec  63.6 KBytes   524 Kbits/sec    0    134 KBytes       
[  4] 128.01-129.01 sec   127 KBytes  1.04 Mbits/sec    0    141 KBytes       
[  4] 129.01-130.01 sec  63.6 KBytes   521 Kbits/sec    0    148 KBytes       
[  4] 130.01-131.02 sec  0.00 Bytes  0.00 bits/sec    0    150 KBytes       
[  4] 131.02-132.01 sec  63.6 KBytes   524 Kbits/sec    0    157 KBytes       
[  4] 132.01-133.01 sec  63.6 KBytes   522 Kbits/sec    0    158 KBytes       
[  4] 133.01-134.01 sec  63.6 KBytes   523 Kbits/sec    0    161 KBytes       
[  4] 134.01-135.01 sec  0.00 Bytes  0.00 bits/sec    5    151 KBytes       
[  4] 135.01-136.01 sec  0.00 Bytes  0.00 bits/sec    0    143 KBytes       
[  4] 136.01-137.01 sec  0.00 Bytes  0.00 bits/sec    0    117 KBytes       
[  4] 137.01-138.01 sec   191 KBytes  1.56 Mbits/sec    0    120 KBytes       
[  4] 138.01-139.01 sec  63.6 KBytes   521 Kbits/sec    0    130 KBytes       
[  4] 139.01-140.03 sec  63.6 KBytes   510 Kbits/sec    0    144 KBytes       
[  4] 140.03-141.01 sec  63.6 KBytes   533 Kbits/sec    0    148 KBytes       
[  4] 141.01-142.02 sec  63.6 KBytes   519 Kbits/sec    0    157 KBytes       
[  4] 142.02-143.01 sec  63.6 KBytes   524 Kbits/sec    0    158 KBytes       
[  4] 143.01-144.01 sec  0.00 Bytes  0.00 bits/sec    0    161 KBytes       
[  4] 144.01-145.01 sec   127 KBytes  1.04 Mbits/sec    0    171 KBytes       
[  4] 145.01-146.01 sec  0.00 Bytes  0.00 bits/sec    0    178 KBytes       
[  4] 146.01-147.02 sec  63.6 KBytes   520 Kbits/sec    0    198 KBytes       
[  4] 147.02-148.02 sec  63.6 KBytes   520 Kbits/sec    2    226 KBytes       
[  4] 148.02-149.02 sec  0.00 Bytes  0.00 bits/sec    0    215 KBytes       
[  4] 149.02-150.02 sec  0.00 Bytes  0.00 bits/sec   13    181 KBytes       
[  4] 150.02-151.02 sec  0.00 Bytes  0.00 bits/sec    7    161 KBytes       
[  4] 151.02-152.02 sec  0.00 Bytes  0.00 bits/sec    1    161 KBytes       
[  4] 152.02-153.01 sec   191 KBytes  1.57 Mbits/sec    0    161 KBytes       
[  4] 153.01-154.02 sec   127 KBytes  1.04 Mbits/sec    0    163 KBytes       
[  4] 154.02-155.03 sec  63.6 KBytes   515 Kbits/sec    0    168 KBytes       
[  4] 155.03-156.02 sec  63.6 KBytes   526 Kbits/sec    0    189 KBytes       
[  4] 156.02-157.02 sec  63.6 KBytes   523 Kbits/sec    0    201 KBytes       
[  4] 157.02-158.02 sec  63.6 KBytes   517 Kbits/sec    0    205 KBytes       
[  4] 158.02-159.03 sec  63.6 KBytes   521 Kbits/sec    0    215 KBytes       
[  4] 159.03-160.02 sec  63.6 KBytes   526 Kbits/sec    0    219 KBytes       
[  4] 160.02-161.02 sec  0.00 Bytes  0.00 bits/sec    5    206 KBytes       
[  4] 161.02-162.02 sec  0.00 Bytes  0.00 bits/sec    4    175 KBytes       
[  4] 162.02-163.02 sec  0.00 Bytes  0.00 bits/sec   16    153 KBytes       
[  4] 163.02-164.02 sec  0.00 Bytes  0.00 bits/sec    1    153 KBytes       
[  4] 164.02-165.02 sec  0.00 Bytes  0.00 bits/sec    0    153 KBytes       
[  4] 165.02-166.02 sec   318 KBytes  2.60 Mbits/sec    0    154 KBytes       
[  4] 166.02-167.01 sec  63.6 KBytes   522 Kbits/sec    0    160 KBytes       
[  4] 167.01-168.02 sec   127 KBytes  1.03 Mbits/sec    0    170 KBytes       
[  4] 168.02-169.02 sec  63.6 KBytes   524 Kbits/sec    0    171 KBytes       
[  4] 169.02-170.02 sec  63.6 KBytes   522 Kbits/sec    0    178 KBytes       
[  4] 170.02-171.02 sec  63.6 KBytes   521 Kbits/sec    0    180 KBytes       
[  4] 171.02-172.02 sec  63.6 KBytes   520 Kbits/sec    0    182 KBytes       
[  4] 172.02-173.02 sec  63.6 KBytes   522 Kbits/sec    0    188 KBytes       
[  4] 173.02-174.01 sec  63.6 KBytes   524 Kbits/sec    0    204 KBytes       
[  4] 174.01-175.01 sec  63.6 KBytes   521 Kbits/sec    0    221 KBytes       
[  4] 175.01-176.08 sec  63.6 KBytes   489 Kbits/sec    0    247 KBytes       
[  4] 176.08-177.01 sec  0.00 Bytes  0.00 bits/sec    0    277 KBytes       
[  4] 177.01-178.02 sec  0.00 Bytes  0.00 bits/sec    3    263 KBytes       
[  4] 178.02-179.01 sec  0.00 Bytes  0.00 bits/sec   14    198 KBytes       
[  4] 179.01-180.01 sec  0.00 Bytes  0.00 bits/sec   20    198 KBytes       
[  4] 180.01-181.01 sec  63.6 KBytes   521 Kbits/sec    0    198 KBytes       
[  4] 181.01-182.01 sec   191 KBytes  1.56 Mbits/sec    0    198 KBytes       
[  4] 182.01-183.01 sec   191 KBytes  1.56 Mbits/sec    0    202 KBytes       
[  4] 183.01-184.02 sec   127 KBytes  1.04 Mbits/sec    0    225 KBytes       
[  4] 184.02-185.02 sec  63.6 KBytes   518 Kbits/sec    0    238 KBytes       
[  4] 185.02-186.02 sec  63.6 KBytes   525 Kbits/sec    0    243 KBytes       
[  4] 186.02-187.02 sec  63.6 KBytes   522 Kbits/sec    1    252 KBytes       
[  4] 187.02-188.02 sec  0.00 Bytes  0.00 bits/sec    3    225 KBytes       
[  4] 188.02-189.02 sec  0.00 Bytes  0.00 bits/sec    4    209 KBytes       
[  4] 189.02-190.02 sec  0.00 Bytes  0.00 bits/sec   18    180 KBytes       
[  4] 190.02-191.03 sec   127 KBytes  1.03 Mbits/sec    0    180 KBytes       
[  4] 191.03-192.03 sec  63.6 KBytes   517 Kbits/sec    0    180 KBytes       
[  4] 192.03-193.02 sec   255 KBytes  2.12 Mbits/sec    0    185 KBytes       
[  4] 193.02-194.02 sec  63.6 KBytes   521 Kbits/sec    0    191 KBytes       
[  4] 194.02-195.02 sec   127 KBytes  1.04 Mbits/sec    0    202 KBytes       
[  4] 195.02-196.02 sec  63.6 KBytes   522 Kbits/sec    0    206 KBytes       
[  4] 196.02-197.02 sec  63.6 KBytes   522 Kbits/sec    0    209 KBytes       
[  4] 197.02-198.03 sec   127 KBytes  1.03 Mbits/sec    0    214 KBytes       
[  4] 198.03-199.02 sec  0.00 Bytes  0.00 bits/sec    0    218 KBytes       
[  4] 199.02-200.02 sec  63.6 KBytes   522 Kbits/sec    0    222 KBytes       
[  4] 200.02-201.02 sec  0.00 Bytes  0.00 bits/sec    1    180 KBytes       
[  4] 201.02-202.08 sec  0.00 Bytes  0.00 bits/sec    4    165 KBytes       
[  4] 202.08-203.02 sec  0.00 Bytes  0.00 bits/sec    1    154 KBytes       
[  4] 203.02-204.02 sec  63.6 KBytes   521 Kbits/sec    0    154 KBytes       
[  4] 204.02-205.02 sec   255 KBytes  2.09 Mbits/sec    0    156 KBytes       
[  4] 205.02-206.02 sec   127 KBytes  1.04 Mbits/sec    0    173 KBytes       
[  4] 206.02-207.02 sec  63.6 KBytes   522 Kbits/sec    0    180 KBytes       
[  4] 207.02-208.08 sec  0.00 Bytes  0.00 bits/sec    0    191 KBytes       
[  4] 208.08-209.02 sec   127 KBytes  1.10 Mbits/sec    0    204 KBytes       
[  4] 209.02-210.07 sec  0.00 Bytes  0.00 bits/sec    0    206 KBytes       
[  4] 210.07-211.09 sec  63.6 KBytes   514 Kbits/sec    0    209 KBytes       
[  4] 211.09-212.07 sec   127 KBytes  1.06 Mbits/sec    0    218 KBytes       
[  4] 212.07-213.03 sec  0.00 Bytes  0.00 bits/sec    0    221 KBytes       
[  4] 213.03-214.03 sec  63.6 KBytes   518 Kbits/sec    0    228 KBytes       
[  4] 214.03-215.08 sec  63.6 KBytes   500 Kbits/sec    5    238 KBytes       
[  4] 215.08-216.02 sec  0.00 Bytes  0.00 bits/sec    0    209 KBytes       
[  4] 216.02-217.03 sec  0.00 Bytes  0.00 bits/sec    0    201 KBytes       
[  4] 217.03-218.03 sec  0.00 Bytes  0.00 bits/sec    0    191 KBytes       
[  4] 218.03-219.04 sec   127 KBytes  1.04 Mbits/sec    1    171 KBytes       
[  4] 219.04-220.03 sec  0.00 Bytes  0.00 bits/sec    0    171 KBytes       
[  4] 220.03-221.03 sec   191 KBytes  1.57 Mbits/sec    5    173 KBytes       
[  4] 221.03-222.03 sec   127 KBytes  1.04 Mbits/sec    0    173 KBytes       
[  4] 222.03-223.03 sec  63.6 KBytes   521 Kbits/sec    0    174 KBytes       
[  4] 223.03-224.03 sec  63.6 KBytes   521 Kbits/sec    0    180 KBytes       
[  4] 224.03-225.09 sec  63.6 KBytes   492 Kbits/sec    0    194 KBytes       
[  4] 225.09-226.03 sec  0.00 Bytes  0.00 bits/sec    0    199 KBytes       
[  4] 226.03-227.03 sec  63.6 KBytes   519 Kbits/sec    0    212 KBytes       
[  4] 227.03-228.09 sec  63.6 KBytes   491 Kbits/sec    0    257 KBytes       
[  4] 228.09-229.03 sec  63.6 KBytes   559 Kbits/sec    0    291 KBytes       
[  4] 229.03-230.04 sec  0.00 Bytes  0.00 bits/sec    0    305 KBytes       
[  4] 230.04-231.03 sec  0.00 Bytes  0.00 bits/sec    0    322 KBytes       
[  4] 231.03-232.03 sec   127 KBytes  1.04 Mbits/sec    0    375 KBytes       
[  4] 232.03-233.04 sec  63.6 KBytes   519 Kbits/sec    0    416 KBytes       
[  4] 233.04-234.03 sec  0.00 Bytes  0.00 bits/sec    8    395 KBytes       
[  4] 234.03-235.03 sec  0.00 Bytes  0.00 bits/sec    0    382 KBytes       
[  4] 235.03-236.03 sec  0.00 Bytes  0.00 bits/sec   51    290 KBytes       
[  4] 236.03-237.03 sec  0.00 Bytes  0.00 bits/sec   36    290 KBytes       
[  4] 237.03-238.03 sec  0.00 Bytes  0.00 bits/sec    6    290 KBytes       
[  4] 238.03-239.03 sec  0.00 Bytes  0.00 bits/sec    0    290 KBytes       
[  4] 239.03-240.03 sec  0.00 Bytes  0.00 bits/sec    0    290 KBytes       
[  4] 240.03-241.03 sec  0.00 Bytes  0.00 bits/sec    0    290 KBytes       
[  4] 241.03-242.03 sec  0.00 Bytes  0.00 bits/sec    0    290 KBytes       
[  4] 242.03-243.03 sec  0.00 Bytes  0.00 bits/sec    1   1.41 KBytes       
[  4] 243.03-244.03 sec  63.6 KBytes   520 Kbits/sec    0   1.41 KBytes       
[  4] 244.03-245.03 sec  63.6 KBytes   521 Kbits/sec    0   1.41 KBytes       
[  4] 245.03-246.03 sec  0.00 Bytes  0.00 bits/sec    0   1.41 KBytes       
[  4] 246.03-247.03 sec  63.6 KBytes   520 Kbits/sec    0   1.41 KBytes       
[  4] 247.03-248.08 sec   891 KBytes  6.96 Mbits/sec    0    361 KBytes       
[  4] 248.08-249.03 sec  0.00 Bytes  0.00 bits/sec    0    361 KBytes       
[  4] 249.03-250.04 sec  0.00 Bytes  0.00 bits/sec    0    361 KBytes       
[  4] 250.04-251.03 sec  0.00 Bytes  0.00 bits/sec    0    361 KBytes       
[  4] 251.03-252.04 sec   191 KBytes  1.55 Mbits/sec    0    376 KBytes       
[  4] 252.04-253.03 sec  0.00 Bytes  0.00 bits/sec    0    378 KBytes       
[  4] 253.03-254.03 sec  0.00 Bytes  0.00 bits/sec    0    378 KBytes       
[  4] 254.03-255.04 sec  0.00 Bytes  0.00 bits/sec    0    378 KBytes       
[  4] 255.04-256.03 sec   318 KBytes  2.64 Mbits/sec    0    420 KBytes       
[  4] 256.03-257.04 sec  63.6 KBytes   516 Kbits/sec    0    423 KBytes       
[  4] 257.04-258.03 sec  0.00 Bytes  0.00 bits/sec    0    423 KBytes       
[  4] 258.03-259.04 sec  0.00 Bytes  0.00 bits/sec    0    423 KBytes       
[  4] 259.04-260.03 sec  0.00 Bytes  0.00 bits/sec   12    382 KBytes       
[  4] 260.03-261.03 sec  0.00 Bytes  0.00 bits/sec  108    267 KBytes       
[  4] 261.03-262.03 sec  0.00 Bytes  0.00 bits/sec    0    267 KBytes       
[  4] 262.03-263.03 sec  0.00 Bytes  0.00 bits/sec    0    267 KBytes       
[  4] 263.03-264.03 sec  0.00 Bytes  0.00 bits/sec    0    274 KBytes       
[  4] 264.03-265.03 sec   509 KBytes  4.15 Mbits/sec    0    300 KBytes       
[  4] 265.03-266.02 sec  0.00 Bytes  0.00 bits/sec    0    300 KBytes       
[  4] 266.02-267.02 sec  0.00 Bytes  0.00 bits/sec    0    300 KBytes       
[  4] 267.02-268.02 sec  0.00 Bytes  0.00 bits/sec    0    307 KBytes       
[  4] 268.02-269.03 sec  63.6 KBytes   520 Kbits/sec   41    216 KBytes       
[  4] 269.03-270.02 sec  0.00 Bytes  0.00 bits/sec    0    216 KBytes       
[  4] 270.02-271.03 sec  0.00 Bytes  0.00 bits/sec    0    216 KBytes       
[  4] 271.03-272.02 sec  0.00 Bytes  0.00 bits/sec    0    216 KBytes       
[  4] 272.02-273.02 sec   255 KBytes  2.08 Mbits/sec   10    216 KBytes       
[  4] 273.02-274.02 sec  0.00 Bytes  0.00 bits/sec    0    216 KBytes       
[  4] 274.02-275.02 sec  0.00 Bytes  0.00 bits/sec    0    216 KBytes       
[  4] 275.02-276.03 sec   191 KBytes  1.55 Mbits/sec    0    223 KBytes       
[  4] 276.03-277.08 sec   191 KBytes  1.49 Mbits/sec    0    245 KBytes       
[  4] 277.08-278.02 sec  0.00 Bytes  0.00 bits/sec    0    245 KBytes       
[  4] 278.02-279.03 sec   255 KBytes  2.07 Mbits/sec    0    256 KBytes       
[  4] 279.03-280.02 sec  0.00 Bytes  0.00 bits/sec    0    256 KBytes       
[  4] 280.02-281.02 sec  0.00 Bytes  0.00 bits/sec    0    256 KBytes       
[  4] 281.02-282.07 sec   255 KBytes  1.99 Mbits/sec    0    284 KBytes       
[  4] 282.07-283.05 sec  0.00 Bytes  0.00 bits/sec    0    288 KBytes       
[  4] 283.05-284.02 sec  0.00 Bytes  0.00 bits/sec    0    288 KBytes       
[  4] 284.02-285.02 sec   127 KBytes  1.04 Mbits/sec    0    332 KBytes       
[  4] 285.02-286.03 sec   127 KBytes  1.04 Mbits/sec    0    399 KBytes       
[  4] 286.03-287.02 sec  0.00 Bytes  0.00 bits/sec    0    399 KBytes       
[  4] 287.02-288.09 sec  0.00 Bytes  0.00 bits/sec    0    399 KBytes       
[  4] 288.09-289.08 sec  0.00 Bytes  0.00 bits/sec    0    399 KBytes       
[  4] 289.08-290.02 sec   318 KBytes  2.77 Mbits/sec    0    554 KBytes       
[  4] 290.02-291.02 sec  0.00 Bytes  0.00 bits/sec    0    554 KBytes       
[  4] 291.02-292.02 sec  0.00 Bytes  0.00 bits/sec    0    554 KBytes       
[  4] 292.02-293.02 sec  0.00 Bytes  0.00 bits/sec    8    537 KBytes       
[  4] 293.02-294.03 sec  0.00 Bytes  0.00 bits/sec  144    399 KBytes       
[  4] 294.03-295.02 sec  0.00 Bytes  0.00 bits/sec    0    399 KBytes       
[  4] 295.02-296.02 sec  63.6 KBytes   521 Kbits/sec   59    399 KBytes       
[  4] 296.02-297.02 sec   255 KBytes  2.08 Mbits/sec    0    399 KBytes       
[  4] 297.02-298.02 sec  0.00 Bytes  0.00 bits/sec    0    399 KBytes       
[  4] 298.02-299.07 sec   127 KBytes   993 Kbits/sec    0    399 KBytes       
[  4] 299.07-300.03 sec  1.30 MBytes  11.4 Mbits/sec    0    475 KBytes       
[  4] 300.03-301.03 sec  0.00 Bytes  0.00 bits/sec    0    475 KBytes       
[  4] 301.03-302.03 sec  0.00 Bytes  0.00 bits/sec    0    475 KBytes       
[  4] 302.03-303.02 sec   255 KBytes  2.11 Mbits/sec    0    509 KBytes       
[  4] 303.02-304.02 sec   255 KBytes  2.08 Mbits/sec    0    535 KBytes       
[  4] 304.02-305.02 sec  0.00 Bytes  0.00 bits/sec    0    535 KBytes       
[  4] 305.02-306.03 sec   127 KBytes  1.04 Mbits/sec    0    543 KBytes       
[  4] 306.03-307.03 sec   827 KBytes  6.76 Mbits/sec    0    564 KBytes       
[  4] 307.03-308.00 sec   127 KBytes  1.07 Mbits/sec    0    568 KBytes       
[  4] 308.00-309.03 sec  0.00 Bytes  0.00 bits/sec    0    568 KBytes       
[  4] 309.03-310.08 sec  0.00 Bytes  0.00 bits/sec   37    485 KBytes       
[  4] 310.08-311.03 sec  0.00 Bytes  0.00 bits/sec    0    399 KBytes       
[  4] 311.03-312.03 sec  0.00 Bytes  0.00 bits/sec    0    399 KBytes       
[  4] 312.03-313.03 sec  0.00 Bytes  0.00 bits/sec    0    399 KBytes       
[  4] 313.03-314.03 sec   573 KBytes  4.68 Mbits/sec    0    427 KBytes       
[  4] 314.03-315.08 sec   318 KBytes  2.47 Mbits/sec    0    478 KBytes       
[  4] 315.08-316.00 sec  0.00 Bytes  0.00 bits/sec    0    478 KBytes       
[  4] 316.00-317.03 sec  63.6 KBytes   508 Kbits/sec    0    482 KBytes       
[  4] 317.03-318.03 sec   382 KBytes  3.13 Mbits/sec    0    535 KBytes       
[  4] 318.03-319.03 sec  63.6 KBytes   521 Kbits/sec    0    536 KBytes       
[  4] 319.03-320.03 sec  0.00 Bytes  0.00 bits/sec    0    536 KBytes       
[  4] 320.03-321.00 sec  63.6 KBytes   537 Kbits/sec    0    543 KBytes       
[  4] 321.00-322.03 sec   318 KBytes  2.53 Mbits/sec    0    566 KBytes       
[  4] 322.03-323.04 sec   127 KBytes  1.03 Mbits/sec    0    580 KBytes       
[  4] 323.04-324.03 sec  0.00 Bytes  0.00 bits/sec    0    580 KBytes       
[  4] 324.03-325.03 sec  0.00 Bytes  0.00 bits/sec    0    580 KBytes       
[  4] 325.03-326.03 sec   318 KBytes  2.61 Mbits/sec    0    701 KBytes       
[  4] 326.03-327.04 sec   191 KBytes  1.55 Mbits/sec    0    754 KBytes       
[  4] 327.04-328.03 sec  0.00 Bytes  0.00 bits/sec    0    755 KBytes       
[  4] 328.03-329.03 sec  0.00 Bytes  0.00 bits/sec    0    755 KBytes       
[  4] 329.03-330.03 sec  0.00 Bytes  0.00 bits/sec   31    691 KBytes       
[  4] 330.03-331.00 sec  0.00 Bytes  0.00 bits/sec   56    544 KBytes       
[  4] 331.00-332.03 sec  0.00 Bytes  0.00 bits/sec   47    544 KBytes       
[  4] 332.03-333.00 sec  0.00 Bytes  0.00 bits/sec    0    544 KBytes       
[  4] 333.00-334.00 sec  0.00 Bytes  0.00 bits/sec    2    544 KBytes       
[  4] 334.00-335.00 sec   445 KBytes  3.65 Mbits/sec    0    544 KBytes       
[  4] 335.00-336.03 sec   127 KBytes  1.01 Mbits/sec    0    544 KBytes       
[  4] 336.03-337.03 sec  0.00 Bytes  0.00 bits/sec    0    544 KBytes       
[  4] 337.03-338.00 sec  0.00 Bytes  0.00 bits/sec    0    544 KBytes       
[  4] 338.00-339.03 sec   700 KBytes  5.56 Mbits/sec    0    617 KBytes       
[  4] 339.03-340.00 sec   382 KBytes  3.23 Mbits/sec    0    663 KBytes       
[  4] 340.00-341.03 sec  0.00 Bytes  0.00 bits/sec    0    665 KBytes       
[  4] 341.03-342.09 sec  0.00 Bytes  0.00 bits/sec    0    665 KBytes       
[  4] 342.09-343.03 sec  0.00 Bytes  0.00 bits/sec    0    665 KBytes       
[  4] 343.03-344.00 sec   191 KBytes  1.62 Mbits/sec   13    646 KBytes       
[  4] 344.00-345.00 sec  0.00 Bytes  0.00 bits/sec   51    499 KBytes       
[  4] 345.00-346.00 sec  0.00 Bytes  0.00 bits/sec    0    499 KBytes       
[  4] 346.00-347.00 sec  0.00 Bytes  0.00 bits/sec    0    499 KBytes       
[  4] 347.00-348.03 sec  0.00 Bytes  0.00 bits/sec    0    499 KBytes       
[  4] 348.03-349.03 sec  0.00 Bytes  0.00 bits/sec    0    499 KBytes       
[  4] 349.03-350.00 sec   127 KBytes  1.08 Mbits/sec   69    486 KBytes       
[  4] 350.00-351.00 sec  0.00 Bytes  0.00 bits/sec    0    486 KBytes       
[  4] 351.00-352.00 sec  0.00 Bytes  0.00 bits/sec    0    486 KBytes       
[  4] 352.00-353.00 sec  0.00 Bytes  0.00 bits/sec    0    486 KBytes       
[  4] 353.00-354.00 sec  0.00 Bytes  0.00 bits/sec    0    486 KBytes       
[  4] 354.00-355.00 sec  0.00 Bytes  0.00 bits/sec    0    486 KBytes       
[  4] 355.00-356.00 sec  0.00 Bytes  0.00 bits/sec    0    486 KBytes       
[  4] 356.00-357.03 sec  0.00 Bytes  0.00 bits/sec    0    486 KBytes       
[  4] 357.03-358.03 sec  0.00 Bytes  0.00 bits/sec    1   1.41 KBytes       
[  4] 358.03-359.00 sec  0.00 Bytes  0.00 bits/sec    0   1.41 KBytes       
[  4] 359.00-360.00 sec  0.00 Bytes  0.00 bits/sec    0   1.41 KBytes       
[  4] 360.00-361.03 sec  0.00 Bytes  0.00 bits/sec    0   1.41 KBytes       
[  4] 361.03-362.03 sec   127 KBytes  1.04 Mbits/sec    0   1.41 KBytes       
[  4] 362.03-363.00 sec  63.6 KBytes   538 Kbits/sec    1   2.83 KBytes       
[  4] 363.00-364.00 sec  0.00 Bytes  0.00 bits/sec    0   2.83 KBytes       
[  4] 364.00-365.00 sec  0.00 Bytes  0.00 bits/sec    0   2.83 KBytes       
[  4] 365.00-366.00 sec  0.00 Bytes  0.00 bits/sec    0   2.83 KBytes       
[  4] 366.00-367.00 sec  1.86 MBytes  15.7 Mbits/sec    0    619 KBytes       
[  4] 367.00-368.00 sec  0.00 Bytes  0.00 bits/sec    0    619 KBytes       
[  4] 368.00-369.00 sec  0.00 Bytes  0.00 bits/sec    0    619 KBytes       
[  4] 369.00-370.00 sec  0.00 Bytes  0.00 bits/sec    0    619 KBytes       
[  4] 370.00-371.00 sec  0.00 Bytes  0.00 bits/sec    0    619 KBytes       
[  4] 371.00-372.00 sec  0.00 Bytes  0.00 bits/sec   62    454 KBytes       
[  4] 372.00-373.00 sec  0.00 Bytes  0.00 bits/sec    0    434 KBytes       
[  4] 373.00-374.03 sec  0.00 Bytes  0.00 bits/sec    0    434 KBytes       
[  4] 374.03-375.03 sec  0.00 Bytes  0.00 bits/sec    0    434 KBytes       
[  4] 375.03-376.00 sec   509 KBytes  4.30 Mbits/sec    0    462 KBytes       
[  4] 376.00-377.03 sec   382 KBytes  3.03 Mbits/sec    0    532 KBytes       
[  4] 377.03-378.03 sec  0.00 Bytes  0.00 bits/sec    0    532 KBytes       
[  4] 378.03-379.00 sec  0.00 Bytes  0.00 bits/sec    0    532 KBytes       
[  4] 379.00-380.00 sec  0.00 Bytes  0.00 bits/sec    2    525 KBytes       
[  4] 380.00-381.00 sec  0.00 Bytes  0.00 bits/sec  104    372 KBytes       
[  4] 381.00-382.00 sec  0.00 Bytes  0.00 bits/sec    0    372 KBytes       
[  4] 382.00-383.00 sec  0.00 Bytes  0.00 bits/sec    0    372 KBytes       
[  4] 383.00-384.00 sec  0.00 Bytes  0.00 bits/sec    0    372 KBytes       
[  4] 384.00-385.00 sec   509 KBytes  4.16 Mbits/sec   13    372 KBytes       
[  4] 385.00-386.00 sec  0.00 Bytes  0.00 bits/sec    0    372 KBytes       
[  4] 386.00-387.05 sec  0.00 Bytes  0.00 bits/sec    0    372 KBytes       
[  4] 387.05-388.00 sec   127 KBytes  1.09 Mbits/sec    0    314 KBytes       
[  4] 388.00-389.03 sec   509 KBytes  4.06 Mbits/sec    0    270 KBytes       
[  4] 389.03-390.03 sec  0.00 Bytes  0.00 bits/sec    0    270 KBytes       
[  4] 390.03-391.00 sec  0.00 Bytes  0.00 bits/sec    0    266 KBytes       
[  4] 391.00-392.00 sec   318 KBytes  2.61 Mbits/sec    0    293 KBytes       
[  4] 392.00-393.00 sec  0.00 Bytes  0.00 bits/sec    0    293 KBytes       
[  4] 393.00-394.00 sec  0.00 Bytes  0.00 bits/sec    0    293 KBytes       
[  4] 394.00-395.00 sec  0.00 Bytes  0.00 bits/sec    0    294 KBytes       
[  4] 395.00-396.00 sec  0.00 Bytes  0.00 bits/sec   64    205 KBytes       
[  4] 396.00-397.00 sec  0.00 Bytes  0.00 bits/sec    0    205 KBytes       
[  4] 397.00-398.00 sec  0.00 Bytes  0.00 bits/sec    0    205 KBytes       
[  4] 398.00-399.00 sec  0.00 Bytes  0.00 bits/sec    0    205 KBytes       
[  4] 399.00-400.04 sec  0.00 Bytes  0.00 bits/sec    0    205 KBytes       
[  4] 400.04-401.00 sec   573 KBytes  4.85 Mbits/sec    0    219 KBytes       
[  4] 401.00-402.00 sec  0.00 Bytes  0.00 bits/sec    0    219 KBytes       
[  4] 402.00-403.00 sec  0.00 Bytes  0.00 bits/sec    0    221 KBytes       
[  4] 403.00-404.00 sec  0.00 Bytes  0.00 bits/sec    0    223 KBytes       
[  4] 404.00-405.00 sec   127 KBytes  1.04 Mbits/sec    0    239 KBytes       
[  4] 405.00-406.00 sec  0.00 Bytes  0.00 bits/sec    0    239 KBytes       
[  4] 406.00-407.00 sec  0.00 Bytes  0.00 bits/sec    0    245 KBytes       
[  4] 407.00-408.04 sec   127 KBytes  1.00 Mbits/sec    0    264 KBytes       
[  4] 408.04-409.00 sec  63.6 KBytes   543 Kbits/sec    0    290 KBytes       
[  4] 409.00-410.00 sec  0.00 Bytes  0.00 bits/sec    0    290 KBytes       
[  4] 410.00-411.00 sec  63.6 KBytes   520 Kbits/sec    0    332 KBytes       
[  4] 411.00-412.00 sec   191 KBytes  1.56 Mbits/sec    0    436 KBytes       
[  4] 412.00-413.00 sec  0.00 Bytes  0.00 bits/sec    0    436 KBytes       
[  4] 413.00-414.05 sec  0.00 Bytes  0.00 bits/sec    0    458 KBytes       
[  4] 414.05-415.00 sec   255 KBytes  2.19 Mbits/sec    0    518 KBytes       
[  4] 415.00-416.00 sec   127 KBytes  1.04 Mbits/sec    0    574 KBytes       
[  4] 416.00-417.00 sec  0.00 Bytes  0.00 bits/sec    0    578 KBytes       
[  4] 417.00-418.00 sec  63.6 KBytes   521 Kbits/sec    0    625 KBytes       
[  4] 418.00-419.00 sec   127 KBytes  1.04 Mbits/sec    0    676 KBytes       
[  4] 419.00-420.00 sec  63.6 KBytes   520 Kbits/sec   39    568 KBytes       
[  4] 420.00-421.00 sec  0.00 Bytes  0.00 bits/sec    0    568 KBytes       
[  4] 421.00-422.00 sec  0.00 Bytes  0.00 bits/sec   52    503 KBytes       
[  4] 422.00-423.00 sec  0.00 Bytes  0.00 bits/sec   71    471 KBytes       
[  4] 423.00-424.03 sec  63.6 KBytes   507 Kbits/sec   26    465 KBytes       
[  4] 424.03-425.00 sec  0.00 Bytes  0.00 bits/sec    0    491 KBytes       
[  4] 425.00-426.00 sec  0.00 Bytes  0.00 bits/sec    0    503 KBytes       
[  4] 426.00-427.00 sec  0.00 Bytes  0.00 bits/sec   18    502 KBytes       
[  4] 427.00-428.00 sec  0.00 Bytes  0.00 bits/sec   10    503 KBytes       
[  4] 428.00-429.00 sec  0.00 Bytes  0.00 bits/sec    4    503 KBytes       
[  4] 429.00-430.00 sec  63.6 KBytes   521 Kbits/sec    1   1.41 KBytes       
[  4] 430.00-431.00 sec   127 KBytes  1.04 Mbits/sec    0   1.41 KBytes       
[  4] 431.00-432.00 sec  0.00 Bytes  0.00 bits/sec    0   1.41 KBytes       
[  4] 432.00-433.03 sec   127 KBytes  1.01 Mbits/sec    2   2.83 KBytes       
[  4] 433.03-434.00 sec  0.00 Bytes  0.00 bits/sec    0   2.83 KBytes       
[  4] 434.00-435.03 sec  0.00 Bytes  0.00 bits/sec    0   2.83 KBytes       
[  4] 435.03-436.00 sec  0.00 Bytes  0.00 bits/sec    0   2.83 KBytes       
[  4] 436.00-437.00 sec   191 KBytes  1.56 Mbits/sec   40    345 KBytes       
[  4] 437.00-438.00 sec  0.00 Bytes  0.00 bits/sec    0    345 KBytes       
[  4] 438.00-439.00 sec  0.00 Bytes  0.00 bits/sec    0    345 KBytes       
[  4] 439.00-440.00 sec  1018 KBytes  8.34 Mbits/sec   17    475 KBytes       
[  4] 440.00-441.03 sec  0.00 Bytes  0.00 bits/sec   32    417 KBytes       
[  4] 441.03-442.00 sec  0.00 Bytes  0.00 bits/sec    0    417 KBytes       
[  4] 442.00-443.03 sec  0.00 Bytes  0.00 bits/sec    0    417 KBytes       
[  4] 443.03-444.00 sec  0.00 Bytes  0.00 bits/sec   59    383 KBytes       
[  4] 444.00-445.00 sec  0.00 Bytes  0.00 bits/sec    0    383 KBytes       
[  4] 445.00-446.00 sec  0.00 Bytes  0.00 bits/sec    0    383 KBytes       
[  4] 446.00-447.03 sec   827 KBytes  6.59 Mbits/sec    0    461 KBytes       
[  4] 447.03-448.00 sec  63.6 KBytes   536 Kbits/sec    0    465 KBytes       
[  4] 448.00-449.00 sec  0.00 Bytes  0.00 bits/sec    0    465 KBytes       
[  4] 449.00-450.00 sec   127 KBytes  1.04 Mbits/sec    0    486 KBytes       
[  4] 450.00-451.00 sec   318 KBytes  2.61 Mbits/sec    0    518 KBytes       
[  4] 451.00-452.00 sec  0.00 Bytes  0.00 bits/sec    0    518 KBytes       
[  4] 452.00-453.00 sec  0.00 Bytes  0.00 bits/sec    0    518 KBytes       
[  4] 453.00-454.00 sec   318 KBytes  2.61 Mbits/sec    0    546 KBytes       
[  4] 454.00-455.00 sec  0.00 Bytes  0.00 bits/sec   48    440 KBytes       
[  4] 455.00-456.03 sec  0.00 Bytes  0.00 bits/sec    0    440 KBytes       
[  4] 456.03-457.00 sec  0.00 Bytes  0.00 bits/sec    0    382 KBytes       
[  4] 457.00-458.00 sec   509 KBytes  4.16 Mbits/sec    0    386 KBytes       
[  4] 458.00-459.00 sec  0.00 Bytes  0.00 bits/sec    0    386 KBytes       
[  4] 459.00-460.00 sec   255 KBytes  2.08 Mbits/sec    0    421 KBytes       
[  4] 460.00-461.03 sec   255 KBytes  2.03 Mbits/sec    0    436 KBytes       
[  4] 461.03-462.00 sec  0.00 Bytes  0.00 bits/sec    0    436 KBytes       
[  4] 462.00-463.00 sec   318 KBytes  2.60 Mbits/sec    0    457 KBytes       
[  4] 463.00-464.00 sec  63.6 KBytes   522 Kbits/sec    0    462 KBytes       
[  4] 464.00-465.03 sec  0.00 Bytes  0.00 bits/sec    0    462 KBytes       
[  4] 465.03-466.00 sec   191 KBytes  1.62 Mbits/sec    0    496 KBytes       
[  4] 466.00-467.00 sec   255 KBytes  2.08 Mbits/sec    0    553 KBytes       
[  4] 467.00-468.00 sec  0.00 Bytes  0.00 bits/sec    0    553 KBytes       
[  4] 468.00-469.00 sec  0.00 Bytes  0.00 bits/sec    0    553 KBytes       
[  4] 469.00-470.00 sec  63.6 KBytes   521 Kbits/sec    3    512 KBytes       
[  4] 470.00-471.00 sec  0.00 Bytes  0.00 bits/sec    0    478 KBytes       
[  4] 471.00-472.00 sec  0.00 Bytes  0.00 bits/sec    0    478 KBytes       
[  4] 472.00-473.00 sec  0.00 Bytes  0.00 bits/sec    6    447 KBytes       
[  4] 473.00-474.00 sec   445 KBytes  3.66 Mbits/sec   27    436 KBytes       
[  4] 474.00-475.00 sec  0.00 Bytes  0.00 bits/sec    0    436 KBytes       
[  4] 475.00-476.03 sec  0.00 Bytes  0.00 bits/sec    0    436 KBytes       
[  4] 476.03-477.00 sec   891 KBytes  7.51 Mbits/sec    0    358 KBytes       
[  4] 477.00-478.00 sec  0.00 Bytes  0.00 bits/sec    0    358 KBytes       
[  4] 478.00-479.00 sec  0.00 Bytes  0.00 bits/sec    0    358 KBytes       
[  4] 479.00-480.00 sec   255 KBytes  2.08 Mbits/sec    0    310 KBytes       
[  4] 480.00-481.00 sec   191 KBytes  1.56 Mbits/sec    0    327 KBytes       
[  4] 481.00-482.00 sec  0.00 Bytes  0.00 bits/sec    0    327 KBytes       
[  4] 482.00-483.00 sec   255 KBytes  2.09 Mbits/sec    0    349 KBytes       
[  4] 483.00-484.00 sec  63.6 KBytes   521 Kbits/sec    0    354 KBytes       
[  4] 484.00-485.00 sec  0.00 Bytes  0.00 bits/sec    0    354 KBytes       
[  4] 485.00-486.00 sec  63.6 KBytes   521 Kbits/sec    0    359 KBytes       
[  4] 486.00-487.00 sec   318 KBytes  2.61 Mbits/sec    0    392 KBytes       
[  4] 487.00-488.00 sec  0.00 Bytes  0.00 bits/sec    0    392 KBytes       
[  4] 488.00-489.00 sec  0.00 Bytes  0.00 bits/sec    0    392 KBytes       
[  4] 489.00-490.00 sec   127 KBytes  1.04 Mbits/sec    0    457 KBytes       
[  4] 490.00-491.00 sec   191 KBytes  1.57 Mbits/sec    0    554 KBytes       
[  4] 491.00-492.00 sec  0.00 Bytes  0.00 bits/sec    0    554 KBytes       
[  4] 492.00-493.03 sec  0.00 Bytes  0.00 bits/sec    0    554 KBytes       
[  4] 493.03-494.00 sec   191 KBytes  1.62 Mbits/sec    0    658 KBytes       
[  4] 494.00-495.00 sec   255 KBytes  2.08 Mbits/sec    0    782 KBytes       
[  4] 495.00-496.00 sec  0.00 Bytes  0.00 bits/sec    0    782 KBytes       
[  4] 496.00-497.04 sec  0.00 Bytes  0.00 bits/sec    0    782 KBytes       
[  4] 497.04-498.00 sec  0.00 Bytes  0.00 bits/sec    1    735 KBytes       
[  4] 498.00-499.04 sec  0.00 Bytes  0.00 bits/sec   29    551 KBytes       
[  4] 499.04-500.00 sec  0.00 Bytes  0.00 bits/sec   26    547 KBytes       
[  4] 500.00-501.00 sec  0.00 Bytes  0.00 bits/sec    0    547 KBytes       
[  4] 501.00-502.00 sec  63.6 KBytes   522 Kbits/sec    4    547 KBytes       
[  4] 502.00-503.00 sec   509 KBytes  4.17 Mbits/sec    0    547 KBytes       
[  4] 503.00-504.00 sec  63.6 KBytes   521 Kbits/sec    0    547 KBytes       
[  4] 504.00-505.00 sec  0.00 Bytes  0.00 bits/sec    0    547 KBytes       
[  4] 505.00-506.00 sec   764 KBytes  6.25 Mbits/sec    0    611 KBytes       
[  4] 506.00-507.00 sec   445 KBytes  3.64 Mbits/sec    0    670 KBytes       
[  4] 507.00-508.00 sec  0.00 Bytes  0.00 bits/sec    0    672 KBytes       
[  4] 508.00-509.00 sec   127 KBytes  1.04 Mbits/sec    0    691 KBytes       
[  4] 509.00-510.00 sec   318 KBytes  2.61 Mbits/sec    0    728 KBytes       
[  4] 510.00-511.00 sec   191 KBytes  1.56 Mbits/sec    0    740 KBytes       
[  4] 511.00-512.00 sec  0.00 Bytes  0.00 bits/sec    0    740 KBytes       
[  4] 512.00-513.00 sec  0.00 Bytes  0.00 bits/sec    0    740 KBytes       
[  4] 513.00-514.00 sec  0.00 Bytes  0.00 bits/sec    0    740 KBytes       
[  4] 514.00-515.00 sec  0.00 Bytes  0.00 bits/sec    0    740 KBytes       
[  4] 515.00-516.00 sec  0.00 Bytes  0.00 bits/sec    0    740 KBytes       
[  4] 516.00-517.00 sec   382 KBytes  3.13 Mbits/sec   18    559 KBytes       
[  4] 517.00-518.00 sec  0.00 Bytes  0.00 bits/sec    0    559 KBytes       
[  4] 518.00-519.00 sec  0.00 Bytes  0.00 bits/sec    0    559 KBytes       
[  4] 519.00-520.00 sec  0.00 Bytes  0.00 bits/sec    0    559 KBytes       
[  4] 520.00-521.00 sec  0.00 Bytes  0.00 bits/sec    0    559 KBytes       
[  4] 521.00-522.00 sec   191 KBytes  1.56 Mbits/sec    3    559 KBytes       
[  4] 522.00-523.00 sec  0.00 Bytes  0.00 bits/sec    0    559 KBytes       
[  4] 523.00-524.00 sec  0.00 Bytes  0.00 bits/sec    0    559 KBytes       
[  4] 524.00-525.00 sec   700 KBytes  5.72 Mbits/sec    0    587 KBytes       
[  4] 525.00-526.00 sec   573 KBytes  4.70 Mbits/sec    0    686 KBytes       
[  4] 526.00-527.00 sec  0.00 Bytes  0.00 bits/sec    0    686 KBytes       
[  4] 527.00-528.00 sec  0.00 Bytes  0.00 bits/sec    0    686 KBytes       
[  4] 528.00-529.04 sec   191 KBytes  1.51 Mbits/sec    0    718 KBytes       
[  4] 529.04-530.00 sec   445 KBytes  3.79 Mbits/sec    0    752 KBytes       
[  4] 530.00-531.00 sec  0.00 Bytes  0.00 bits/sec    0    752 KBytes       
[  4] 531.00-532.00 sec  0.00 Bytes  0.00 bits/sec    0    752 KBytes       
[  4] 532.00-533.00 sec   191 KBytes  1.56 Mbits/sec    0    766 KBytes       
[  4] 533.00-534.00 sec  0.00 Bytes  0.00 bits/sec   19    595 KBytes       
[  4] 534.00-535.00 sec  0.00 Bytes  0.00 bits/sec    0    574 KBytes       
[  4] 535.00-536.00 sec  0.00 Bytes  0.00 bits/sec    0    560 KBytes       
[  4] 536.00-537.00 sec   764 KBytes  6.26 Mbits/sec    0    537 KBytes       
[  4] 537.00-538.00 sec   318 KBytes  2.61 Mbits/sec    0    577 KBytes       
[  4] 538.00-538.00 sec  0.00 Bytes  0.00 bits/sec    0    577 KBytes       
- - - - - - - - - - - - - - - - - - - - - - - - -
[ ID] Interval           Transfer     Bandwidth       Retr
[  4]   0.00-538.00 sec  50.0 MBytes   780 Kbits/sec  2016             sender
[  4]   0.00-538.00 sec  47.6 MBytes   743 Kbits/sec                  receiver

iperf Done.
