-----------------------------------------------------------
Server listening on 5202
-----------------------------------------------------------
Accepted connection from 10.0.0.1, port 34653
[  5] local 10.0.0.2 port 5202 connected to 10.0.0.1 port 46112
[ ID] Interval           Transfer     Bandwidth
[  5]   0.00-1.00   sec   297 KBytes  2.43 Mbits/sec                  
[  5]   1.00-2.00   sec   287 KBytes  2.35 Mbits/sec                  
[  5]   2.00-3.00   sec   279 KBytes  2.28 Mbits/sec                  
[  5]   3.00-4.00   sec   296 KBytes  2.42 Mbits/sec                  
[  5]   4.00-5.00   sec   344 KBytes  2.82 Mbits/sec                  
[  5]   5.00-6.00   sec   409 KBytes  3.35 Mbits/sec                  
[  5]   6.00-7.00   sec   403 KBytes  3.30 Mbits/sec                  
[  5]   7.00-8.00   sec   609 KBytes  4.99 Mbits/sec                  
[  5]   8.00-9.00   sec   611 KBytes  5.01 Mbits/sec                  
[  5]   9.00-10.00  sec   714 KBytes  5.85 Mbits/sec                  
[  5]  10.00-11.00  sec   690 KBytes  5.65 Mbits/sec                  
[  5]  11.00-12.00  sec   754 KBytes  6.17 Mbits/sec                  
[  5]  12.00-13.00  sec   720 KBytes  5.90 Mbits/sec                  
[  5]  13.00-14.00  sec   557 KBytes  4.56 Mbits/sec                  
[  5]  14.00-15.00  sec  0.00 Bytes  0.00 bits/sec                  
[  5]  15.00-16.00  sec  1.10 MBytes  9.27 Mbits/sec                  
[  5]  16.00-17.00  sec  1.11 MBytes  9.30 Mbits/sec                  
[  5]  17.00-18.00  sec   834 KBytes  6.83 Mbits/sec                  
[  5]  18.00-19.00  sec   752 KBytes  6.17 Mbits/sec                  
[  5]  19.00-20.00  sec   170 KBytes  1.39 Mbits/sec                  
[  5]  20.00-21.00  sec   436 KBytes  3.57 Mbits/sec                  
[  5]  21.00-22.00  sec  1.45 MBytes  12.2 Mbits/sec                  
[  5]  22.00-23.00  sec   735 KBytes  6.03 Mbits/sec                  
[  5]  23.00-24.00  sec   710 KBytes  5.81 Mbits/sec                  
[  5]  24.00-25.00  sec   679 KBytes  5.56 Mbits/sec                  
[  5]  25.00-26.00  sec   666 KBytes  5.46 Mbits/sec                  
[  5]  26.00-27.00  sec   737 KBytes  6.03 Mbits/sec                  
[  5]  27.00-28.00  sec   833 KBytes  6.82 Mbits/sec                  
[  5]  28.00-29.00  sec   813 KBytes  6.66 Mbits/sec                  
[  5]  29.00-30.00  sec   659 KBytes  5.40 Mbits/sec                  
[  5]  30.00-31.00  sec   650 KBytes  5.33 Mbits/sec                  
[  5]  31.00-32.00  sec   632 KBytes  5.18 Mbits/sec                  
[  5]  32.00-33.00  sec   670 KBytes  5.49 Mbits/sec                  
[  5]  33.00-34.00  sec   878 KBytes  7.20 Mbits/sec                  
[  5]  34.00-35.00  sec   771 KBytes  6.31 Mbits/sec                  
[  5]  35.00-36.00  sec   506 KBytes  4.15 Mbits/sec                  
[  5]  36.00-37.00  sec   515 KBytes  4.22 Mbits/sec                  
[  5]  37.00-38.00  sec   878 KBytes  7.16 Mbits/sec                  
[  5]  38.00-39.00  sec   348 KBytes  2.86 Mbits/sec                  
[  5]  39.00-40.00  sec   228 KBytes  1.87 Mbits/sec                  
[  5]  40.00-41.00  sec  50.9 KBytes   417 Kbits/sec                  
[  5]  41.00-42.00  sec  0.00 Bytes  0.00 bits/sec                  
[  5]  42.00-43.00  sec  0.00 Bytes  0.00 bits/sec                  
[  5]  43.00-44.00  sec  0.00 Bytes  0.00 bits/sec                  
[  5]  44.00-45.00  sec  0.00 Bytes  0.00 bits/sec                  
[  5]  45.00-46.00  sec  2.95 MBytes  24.8 Mbits/sec                  
[  5]  46.00-47.00  sec   697 KBytes  5.71 Mbits/sec                  
[  5]  47.00-48.00  sec  1.14 MBytes  9.53 Mbits/sec                  
[  5]  48.00-49.00  sec  1.14 MBytes  9.56 Mbits/sec                  
[  5]  49.00-50.00  sec  1.14 MBytes  9.56 Mbits/sec                  
[  5]  50.00-51.00  sec  1.14 MBytes  9.53 Mbits/sec                  
[  5]  51.00-52.00  sec  1.14 MBytes  9.57 Mbits/sec                  
[  5]  52.00-53.00  sec  1.13 MBytes  9.48 Mbits/sec                  
[  5]  53.00-54.00  sec  1.14 MBytes  9.57 Mbits/sec                  
[  5]  54.00-55.00  sec  1.14 MBytes  9.56 Mbits/sec                  
[  5]  55.00-56.00  sec  1.14 MBytes  9.52 Mbits/sec                  
[  5]  56.00-57.00  sec  1.14 MBytes  9.56 Mbits/sec                  
[  5]  57.00-58.00  sec  1.14 MBytes  9.57 Mbits/sec                  
[  5]  58.00-59.00  sec  1.14 MBytes  9.52 Mbits/sec                  
[  5]  59.00-60.00  sec  1.11 MBytes  9.33 Mbits/sec                  
[  5]  60.00-61.00  sec  1.12 MBytes  9.41 Mbits/sec                  
[  5]  61.00-61.20  sec   168 KBytes  6.88 Mbits/sec                  
- - - - - - - - - - - - - - - - - - - - - - - - -
[ ID] Interval           Transfer     Bandwidth
[  5]   0.00-61.20  sec  0.00 Bytes  0.00 bits/sec                  sender
[  5]   0.00-61.20  sec  44.0 MBytes  6.03 Mbits/sec                  receiver
