Connecting to host 10.0.0.2, port 5201
[  4] local 10.0.0.1 port 46110 connected to 10.0.0.2 port 5201
[ ID] Interval           Transfer     Bandwidth       Retr  Cwnd
[  4]   0.00-1.00   sec   447 KBytes  3.65 Mbits/sec    0   48.1 KBytes       
[  4]   1.00-2.00   sec   127 KBytes  1.05 Mbits/sec    0   55.1 KBytes       
[  4]   2.00-3.00   sec   191 KBytes  1.56 Mbits/sec    0   60.8 KBytes       
[  4]   3.00-4.00   sec   127 KBytes  1.04 Mbits/sec    0   67.9 KBytes       
[  4]   4.00-5.00   sec   191 KBytes  1.56 Mbits/sec    0   83.4 KBytes       
[  4]   5.00-6.00   sec   318 KBytes  2.60 Mbits/sec    0    110 KBytes       
[  4]   6.00-7.00   sec   509 KBytes  4.17 Mbits/sec    0    165 KBytes       
[  4]   7.00-8.00   sec   382 KBytes  3.13 Mbits/sec    0    212 KBytes       
[  4]   8.00-9.00   sec   827 KBytes  6.78 Mbits/sec    0    305 KBytes       
[  4]   9.00-10.00  sec   764 KBytes  6.25 Mbits/sec    0    375 KBytes       
[  4]  10.00-11.00  sec  1018 KBytes  8.32 Mbits/sec    0    486 KBytes       
[  4]  11.00-12.00  sec  1.12 MBytes  9.38 Mbits/sec    0    618 KBytes       
[  4]  12.00-13.00  sec  2.42 MBytes  20.4 Mbits/sec    0    901 KBytes       
[  4]  13.00-14.00  sec  1.25 MBytes  10.5 Mbits/sec    0   1.09 MBytes       
[  4]  14.00-15.00  sec  1.25 MBytes  10.5 Mbits/sec   96   1.00 MBytes       
[  4]  15.00-15.00  sec  0.00 Bytes  0.00 bits/sec    0   1.00 MBytes       
- - - - - - - - - - - - - - - - - - - - - - - - -
[ ID] Interval           Transfer     Bandwidth       Retr
[  4]   0.00-15.00  sec  10.8 MBytes  6.05 Mbits/sec   96             sender
[  4]   0.00-15.00  sec  4.68 MBytes  2.62 Mbits/sec                  receiver

iperf Done.
