Connecting to host 10.0.0.2, port 5201
[  4] local 10.0.0.1 port 46110 connected to 10.0.0.2 port 5201
[ ID] Interval           Transfer     Bandwidth       Retr  Cwnd
[  4]   0.00-1.00   sec  1.49 MBytes  12.5 Mbits/sec    0   86.3 KBytes       
[  4]   1.00-2.00   sec   954 KBytes  7.81 Mbits/sec    0    124 KBytes       
[  4]   2.00-3.00   sec  1018 KBytes  8.35 Mbits/sec    0    164 KBytes       
[  4]   3.00-4.00   sec   700 KBytes  5.73 Mbits/sec    0    192 KBytes       
[  4]   4.00-5.00   sec   700 KBytes  5.74 Mbits/sec    0    221 KBytes       
[  4]   5.00-6.00   sec   445 KBytes  3.65 Mbits/sec    0    239 KBytes       
[  4]   6.00-7.00   sec   318 KBytes  2.61 Mbits/sec    0    252 KBytes       
[  4]   7.00-8.00   sec   318 KBytes  2.61 Mbits/sec    0    276 KBytes       
[  4]   8.00-9.00   sec   509 KBytes  4.17 Mbits/sec    0    334 KBytes       
[  4]   9.00-10.00  sec   191 KBytes  1.56 Mbits/sec   24    257 KBytes       
[  4]  10.00-11.00  sec  0.00 Bytes  0.00 bits/sec   96    253 KBytes       
[  4]  11.00-12.00  sec  63.6 KBytes   521 Kbits/sec   35    156 KBytes       
[  4]  12.00-13.00  sec   445 KBytes  3.65 Mbits/sec   37    129 KBytes       
[  4]  13.00-14.00  sec   382 KBytes  3.13 Mbits/sec    0    177 KBytes       
[  4]  14.00-15.00  sec  0.00 Bytes  0.00 bits/sec    0    177 KBytes       
[  4]  15.00-16.00  sec  0.00 Bytes  0.00 bits/sec    1   1.41 KBytes       
[  4]  16.00-17.00  sec  0.00 Bytes  0.00 bits/sec    0    253 KBytes       
[  4]  17.00-18.00  sec  0.00 Bytes  0.00 bits/sec    0    253 KBytes       
[  4]  18.00-19.00  sec  0.00 Bytes  0.00 bits/sec    1   1.41 KBytes       
[  4]  19.00-20.00  sec  0.00 Bytes  0.00 bits/sec  144    177 KBytes       
[  4]  20.00-21.00  sec  63.6 KBytes   521 Kbits/sec    2   1.41 KBytes       
[  4]  21.00-22.00  sec  1.18 MBytes  9.91 Mbits/sec    0    230 KBytes       
[  4]  22.00-23.00  sec   509 KBytes  4.17 Mbits/sec    0    256 KBytes       
[  4]  23.00-24.00  sec   509 KBytes  4.17 Mbits/sec    0    283 KBytes       
[  4]  24.00-25.00  sec   573 KBytes  4.69 Mbits/sec    0    311 KBytes       
[  4]  25.00-26.00  sec   445 KBytes  3.65 Mbits/sec    0    337 KBytes       
[  4]  26.00-27.00  sec   509 KBytes  4.17 Mbits/sec    0    361 KBytes       
[  4]  27.00-28.00  sec   573 KBytes  4.69 Mbits/sec    0    389 KBytes       
[  4]  28.00-29.00  sec   509 KBytes  4.17 Mbits/sec    0    427 KBytes       
[  4]  29.00-30.00  sec   827 KBytes  6.78 Mbits/sec    0    498 KBytes       
[  4]  30.00-31.00  sec  1.06 MBytes  8.86 Mbits/sec    0    604 KBytes       
[  4]  31.00-32.00  sec  1.25 MBytes  10.5 Mbits/sec    0    758 KBytes       
[  4]  32.00-33.00  sec  1.25 MBytes  10.5 Mbits/sec    0    938 KBytes       
[  4]  33.00-34.00  sec   367 KBytes  3.01 Mbits/sec   71    738 KBytes       
[  4]  34.00-35.00  sec  0.00 Bytes  0.00 bits/sec   50    660 KBytes       
[  4]  35.00-36.00  sec  0.00 Bytes  0.00 bits/sec    0    660 KBytes       
[  4]  36.00-37.00  sec   445 KBytes  3.65 Mbits/sec    1   1.41 KBytes       
[  4]  37.00-38.00  sec  63.6 KBytes   521 Kbits/sec    5   12.7 KBytes       
[  4]  38.00-39.00  sec  1.86 MBytes  15.6 Mbits/sec    0    738 KBytes       
[  4]  39.00-40.00  sec   573 KBytes  4.69 Mbits/sec    3    696 KBytes       
[  4]  40.00-41.00  sec  0.00 Bytes  0.00 bits/sec  290    529 KBytes       
[  4]  41.00-42.00  sec  2.05 MBytes  17.2 Mbits/sec    0    563 KBytes       
[  4]  42.00-43.00  sec  1.12 MBytes  9.37 Mbits/sec    0    628 KBytes       
[  4]  43.00-44.00  sec  1.06 MBytes  8.87 Mbits/sec    0    682 KBytes       
[  4]  44.00-45.00  sec  1.06 MBytes  8.86 Mbits/sec    0    720 KBytes       
[  4]  45.00-46.00  sec  1.06 MBytes  8.86 Mbits/sec    0    747 KBytes       
[  4]  46.00-47.01  sec  1.06 MBytes  8.80 Mbits/sec    0    761 KBytes       
[  4]  47.01-48.00  sec  1018 KBytes  8.39 Mbits/sec    0    768 KBytes       
[  4]  48.00-49.00  sec  1.06 MBytes  8.84 Mbits/sec    0    771 KBytes       
[  4]  49.00-50.00  sec  1.12 MBytes  9.41 Mbits/sec    0    771 KBytes       
[  4]  50.00-51.00  sec  1.06 MBytes  8.86 Mbits/sec    0    773 KBytes       
[  4]  51.00-52.00  sec  1.06 MBytes  8.86 Mbits/sec    0    782 KBytes       
[  4]  52.00-53.00  sec  1.06 MBytes  8.84 Mbits/sec    0    798 KBytes       
[  4]  53.00-54.00  sec  1.12 MBytes  9.38 Mbits/sec    0    826 KBytes       
[  4]  54.00-55.00  sec   764 KBytes  6.27 Mbits/sec    0    857 KBytes       
[  4]  55.00-56.00  sec  1.12 MBytes  9.38 Mbits/sec    0    923 KBytes       
[  4]  56.00-57.00  sec  1.25 MBytes  10.5 Mbits/sec    0   1004 KBytes       
[  4]  57.00-58.00  sec  1.25 MBytes  10.5 Mbits/sec    0   1.08 MBytes       
[  4]  58.00-59.00  sec  1.25 MBytes  10.5 Mbits/sec    0   1.20 MBytes       
[  4]  59.00-60.00  sec  2.50 MBytes  21.0 Mbits/sec    0   1.35 MBytes       
[  4]  60.00-61.00  sec  1.25 MBytes  10.5 Mbits/sec    0   1.52 MBytes       
[  4]  61.00-62.00  sec  1.25 MBytes  10.5 Mbits/sec    0   1.73 MBytes       
[  4]  62.00-63.00  sec  2.50 MBytes  21.0 Mbits/sec    0   1.90 MBytes       
[  4]  63.00-64.00  sec  1.25 MBytes  10.5 Mbits/sec    0   2.14 MBytes       
[  4]  64.00-65.00  sec  1.25 MBytes  10.5 Mbits/sec    0   2.33 MBytes       
[  4]  65.00-66.00  sec  1.25 MBytes  10.5 Mbits/sec    0   2.61 MBytes       
[  4]  66.00-67.00  sec  1.25 MBytes  10.5 Mbits/sec   86   2.45 MBytes       
[  4]  67.00-68.00  sec  1.25 MBytes  10.5 Mbits/sec  191   2.02 MBytes       
[  4]  68.00-69.00  sec   852 KBytes  6.98 Mbits/sec  116   1.85 MBytes       
[  4]  69.00-70.00  sec  0.00 Bytes  0.00 bits/sec   53   1.85 MBytes       
[  4]  70.00-71.00  sec  0.00 Bytes  0.00 bits/sec  203   1.85 MBytes       
[  4]  71.00-72.00  sec  0.00 Bytes  0.00 bits/sec   84   1.85 MBytes       
[  4]  72.00-73.00  sec  0.00 Bytes  0.00 bits/sec   60   1.41 KBytes       
[  4]  73.00-74.00  sec   636 KBytes  5.21 Mbits/sec    0   1.41 KBytes       
[  4]  74.00-75.00  sec   255 KBytes  2.09 Mbits/sec   23   26.9 KBytes       
[  4]  75.00-76.00  sec   318 KBytes  2.61 Mbits/sec  202    286 KBytes       
[  4]  76.00-77.00  sec  1.25 MBytes  10.5 Mbits/sec  155   1.96 MBytes       
[  4]  77.00-78.00  sec  1.25 MBytes  10.5 Mbits/sec    0   1.96 MBytes       
[  4]  78.00-79.00  sec  1.25 MBytes  10.5 Mbits/sec    0   2.07 MBytes       
[  4]  79.00-80.00  sec  1.25 MBytes  10.5 Mbits/sec    0   2.09 MBytes       
[  4]  80.00-81.00  sec   734 KBytes  6.01 Mbits/sec  257   1.46 MBytes       
[  4]  81.00-82.00  sec  0.00 Bytes  0.00 bits/sec  325   1.46 MBytes       
[  4]  82.00-83.00  sec  0.00 Bytes  0.00 bits/sec    0   1.46 MBytes       
[  4]  83.00-84.00  sec  0.00 Bytes  0.00 bits/sec   56   1.45 MBytes       
[  4]  84.00-85.00  sec  0.00 Bytes  0.00 bits/sec    6   1.46 MBytes       
[  4]  85.00-86.00  sec  0.00 Bytes  0.00 bits/sec   52   1.46 MBytes       
[  4]  86.00-87.00  sec   318 KBytes  2.61 Mbits/sec    1   1.41 KBytes       
[  4]  87.00-88.00  sec   573 KBytes  4.69 Mbits/sec    0   1.41 KBytes       
[  4]  88.00-89.00  sec   127 KBytes  1.04 Mbits/sec   65   82.0 KBytes       
[  4]  89.00-90.00  sec   382 KBytes  3.13 Mbits/sec   74    414 KBytes       
[  4]  90.00-91.00  sec  1.25 MBytes  10.5 Mbits/sec    0   1.66 MBytes       
[  4]  91.00-92.00  sec  1.25 MBytes  10.5 Mbits/sec    0   1.67 MBytes       
[  4]  92.00-93.00  sec  1.25 MBytes  10.5 Mbits/sec    0   1.73 MBytes       
[  4]  93.00-94.00  sec  1.25 MBytes  10.5 Mbits/sec    0   1.74 MBytes       
[  4]  94.00-95.00  sec  1.25 MBytes  10.5 Mbits/sec    0   1.80 MBytes       
[  4]  95.00-96.00  sec  1.25 MBytes  10.5 Mbits/sec    0   1.83 MBytes       
[  4]  96.00-97.00  sec  1.25 MBytes  10.5 Mbits/sec    0   1.86 MBytes       
[  4]  97.00-98.00  sec  1.13 MBytes  9.49 Mbits/sec    0   1.92 MBytes       
[  4]  98.00-99.00  sec   191 KBytes  1.56 Mbits/sec    0   1.93 MBytes       
[  4]  99.00-100.00 sec  1.12 MBytes  9.38 Mbits/sec    0   1.99 MBytes       
[  4] 100.00-101.00 sec   636 KBytes  5.22 Mbits/sec    0   2.03 MBytes       
[  4] 101.00-102.00 sec   573 KBytes  4.69 Mbits/sec    0   2.16 MBytes       
[  4] 102.00-103.00 sec  1.18 MBytes  9.91 Mbits/sec  272   2.27 MBytes       
[  4] 103.00-104.00 sec  1.25 MBytes  10.5 Mbits/sec   12   2.27 MBytes       
[  4] 104.00-105.00 sec  1.25 MBytes  10.5 Mbits/sec    0   2.28 MBytes       
[  4] 105.00-106.00 sec  1.25 MBytes  10.5 Mbits/sec    0   2.28 MBytes       
[  4] 106.00-107.00 sec  1.25 MBytes  10.5 Mbits/sec    0   2.30 MBytes       
[  4] 107.00-108.00 sec  1.25 MBytes  10.5 Mbits/sec    0   2.32 MBytes       
[  4] 108.00-109.00 sec  1.25 MBytes  10.5 Mbits/sec    0   2.35 MBytes       
[  4] 109.00-110.00 sec  1.14 MBytes  9.54 Mbits/sec    0   2.40 MBytes       
[  4] 110.00-111.00 sec  1.12 MBytes  9.38 Mbits/sec    0   2.47 MBytes       
[  4] 111.00-112.00 sec  1018 KBytes  8.34 Mbits/sec    0   2.55 MBytes       
[  4] 112.00-113.00 sec  1.18 MBytes  9.90 Mbits/sec    0   2.67 MBytes       
[  4] 113.00-114.00 sec  1.12 MBytes  9.38 Mbits/sec    0   2.81 MBytes       
[  4] 114.00-115.00 sec  1.12 MBytes  9.38 Mbits/sec    0   2.97 MBytes       
[  4] 115.00-116.00 sec  1.06 MBytes  8.86 Mbits/sec    0   3.16 MBytes       
[  4] 116.00-117.00 sec  1.06 MBytes  8.86 Mbits/sec    0   3.39 MBytes       
[  4] 117.00-118.00 sec  1.06 MBytes  8.86 Mbits/sec    0   3.65 MBytes       
[  4] 118.00-119.00 sec  1018 KBytes  8.34 Mbits/sec    0   3.93 MBytes       
[  4] 119.00-120.00 sec  1018 KBytes  8.34 Mbits/sec   60   3.61 MBytes       
[  4] 120.00-121.00 sec  63.6 KBytes   521 Kbits/sec  185   3.03 MBytes       
[  4] 121.00-122.00 sec  0.00 Bytes  0.00 bits/sec  192   2.94 MBytes       
[  4] 122.00-123.00 sec  0.00 Bytes  0.00 bits/sec  257   2.89 MBytes       
[  4] 123.00-124.00 sec  0.00 Bytes  0.00 bits/sec    9   2.94 MBytes       
[  4] 124.00-125.00 sec  0.00 Bytes  0.00 bits/sec  376   2.92 MBytes       
[  4] 125.00-126.00 sec  0.00 Bytes  0.00 bits/sec  349   1.41 KBytes       
[  4] 126.00-127.00 sec  0.00 Bytes  0.00 bits/sec    0   1.41 KBytes       
[  4] 127.00-128.00 sec  0.00 Bytes  0.00 bits/sec    2   2.83 KBytes       
[  4] 128.00-129.00 sec  0.00 Bytes  0.00 bits/sec    6   8.48 KBytes       
[  4] 129.00-130.00 sec  0.00 Bytes  0.00 bits/sec    0   8.48 KBytes       
[  4] 130.00-131.00 sec  0.00 Bytes  0.00 bits/sec   84   35.4 KBytes       
[  4] 131.00-132.01 sec  0.00 Bytes  0.00 bits/sec   21   35.4 KBytes       
[  4] 132.01-133.00 sec  3.75 MBytes  31.5 Mbits/sec  1079   2.93 MBytes       
[  4] 133.00-133.88 sec  1.25 MBytes  11.9 Mbits/sec    0   3.02 MBytes       
- - - - - - - - - - - - - - - - - - - - - - - - -
[ ID] Interval           Transfer     Bandwidth       Retr
[  4]   0.00-133.88 sec   101 MBytes  6.33 Mbits/sec  5673             sender
[  4]   0.00-133.88 sec  91.9 MBytes  5.76 Mbits/sec                  receiver

iperf Done.
