Connecting to host 10.0.0.2, port 5206
[  4] local 10.0.0.1 port 46120 connected to 10.0.0.2 port 5206
[ ID] Interval           Transfer     Bandwidth       Retr  Cwnd
[  4]   0.00-1.01   sec   817 KBytes  6.65 Mbits/sec    0   84.8 KBytes       
[  4]   1.01-2.00   sec   509 KBytes  4.19 Mbits/sec    0    103 KBytes       
[  4]   2.00-3.01   sec   509 KBytes  4.16 Mbits/sec    0    123 KBytes       
[  4]   3.01-4.01   sec   382 KBytes  3.13 Mbits/sec    0    139 KBytes       
[  4]   4.01-5.00   sec   445 KBytes  3.67 Mbits/sec    0    156 KBytes       
[  4]   5.00-6.00   sec   445 KBytes  3.65 Mbits/sec    0    175 KBytes       
[  4]   6.00-7.00   sec   954 KBytes  7.82 Mbits/sec    0    232 KBytes       
[  4]   7.00-8.00   sec   954 KBytes  7.82 Mbits/sec    0    305 KBytes       
[  4]   8.00-9.00   sec   827 KBytes  6.78 Mbits/sec    0    382 KBytes       
[  4]   9.00-10.00  sec   954 KBytes  7.82 Mbits/sec    0    482 KBytes       
[  4]  10.00-11.00  sec  1.18 MBytes  9.91 Mbits/sec    0    624 KBytes       
[  4]  11.00-12.00  sec  1.25 MBytes  10.5 Mbits/sec    0    803 KBytes       
[  4]  12.00-13.00  sec   247 KBytes  2.03 Mbits/sec   65    583 KBytes       
[  4]  13.00-14.00  sec   636 KBytes  5.22 Mbits/sec   18    571 KBytes       
[  4]  14.00-15.00  sec  1.06 MBytes  8.86 Mbits/sec    0    595 KBytes       
[  4]  15.00-15.00  sec  0.00 Bytes  0.00 bits/sec    0    595 KBytes       
- - - - - - - - - - - - - - - - - - - - - - - - -
[ ID] Interval           Transfer     Bandwidth       Retr
[  4]   0.00-15.00  sec  11.0 MBytes  6.15 Mbits/sec   83             sender
[  4]   0.00-15.00  sec  7.18 MBytes  4.02 Mbits/sec                  receiver

iperf Done.
