Connecting to host 10.0.0.2, port 5201
[  4] local 10.0.0.1 port 46110 connected to 10.0.0.2 port 5201
[ ID] Interval           Transfer     Bandwidth       Retr  Cwnd
[  4]   0.00-1.00   sec  1.29 MBytes  10.8 Mbits/sec    0   73.5 KBytes       
[  4]   1.00-2.01   sec   764 KBytes  6.23 Mbits/sec    0    105 KBytes       
[  4]   2.01-3.00   sec   700 KBytes  5.77 Mbits/sec    0    132 KBytes       
[  4]   3.00-4.00   sec   891 KBytes  7.30 Mbits/sec   62    136 KBytes       
[  4]   4.00-5.00   sec  1.12 MBytes  9.38 Mbits/sec    0    136 KBytes       
[  4]   5.00-6.00   sec  1.06 MBytes  8.86 Mbits/sec    0    136 KBytes       
[  4]   6.00-7.00   sec  1.06 MBytes  8.86 Mbits/sec    0    136 KBytes       
[  4]   7.00-8.00   sec  1.12 MBytes  9.38 Mbits/sec    0    136 KBytes       
[  4]   8.00-9.00   sec  1.06 MBytes  8.87 Mbits/sec    0    137 KBytes       
[  4]   9.00-10.00  sec  1.12 MBytes  9.38 Mbits/sec    0    143 KBytes       
[  4]  10.00-11.00  sec   891 KBytes  7.30 Mbits/sec    0    156 KBytes       
[  4]  11.00-12.00  sec  1.18 MBytes  9.90 Mbits/sec    0    181 KBytes       
[  4]  12.00-13.00  sec  1.30 MBytes  10.9 Mbits/sec    0    218 KBytes       
[  4]  13.00-14.00  sec  1.37 MBytes  11.5 Mbits/sec    0    272 KBytes       
[  4]  14.00-15.00  sec  1.43 MBytes  12.0 Mbits/sec    0    344 KBytes       
[  4]  15.00-16.00  sec  1.55 MBytes  13.0 Mbits/sec    0    437 KBytes       
[  4]  16.00-17.00  sec  1.62 MBytes  13.6 Mbits/sec    0    551 KBytes       
[  4]  17.00-18.00  sec  1.86 MBytes  15.6 Mbits/sec    0    693 KBytes       
[  4]  18.00-19.00  sec  1.93 MBytes  16.2 Mbits/sec    0    860 KBytes       
[  4]  19.00-20.00  sec  2.11 MBytes  17.7 Mbits/sec    0   1.03 MBytes       
[  4]  20.00-21.00  sec  1.25 MBytes  10.5 Mbits/sec    0   1.25 MBytes       
[  4]  21.00-22.00  sec  2.50 MBytes  21.0 Mbits/sec    0   1.50 MBytes       
[  4]  22.00-23.00  sec  2.50 MBytes  21.0 Mbits/sec    0   1.77 MBytes       
[  4]  23.00-24.00  sec  1.25 MBytes  10.5 Mbits/sec    0   2.08 MBytes       
[  4]  24.00-25.00  sec  2.50 MBytes  21.0 Mbits/sec    0   2.43 MBytes       
[  4]  25.00-26.00  sec  2.50 MBytes  21.0 Mbits/sec    0   2.80 MBytes       
[  4]  26.00-27.00  sec  1.25 MBytes  10.5 Mbits/sec    0   3.20 MBytes       
[  4]  27.00-28.00  sec  1.25 MBytes  10.5 Mbits/sec    0   3.59 MBytes       
[  4]  28.00-29.00  sec  1.25 MBytes  10.5 Mbits/sec    0   4.08 MBytes       
[  4]  29.00-30.00  sec  1.25 MBytes  10.5 Mbits/sec    0   4.59 MBytes       
[  4]  30.00-31.00  sec  1.25 MBytes  10.5 Mbits/sec   45   4.89 MBytes       
[  4]  31.00-32.00  sec   908 KBytes  7.44 Mbits/sec  126   4.39 MBytes       
[  4]  32.00-33.00  sec  0.00 Bytes  0.00 bits/sec  450   3.50 MBytes       
[  4]  33.00-34.00  sec  0.00 Bytes  0.00 bits/sec  295   3.50 MBytes       
[  4]  34.00-35.00  sec  0.00 Bytes  0.00 bits/sec  127   3.50 MBytes       
[  4]  35.00-36.00  sec  63.6 KBytes   521 Kbits/sec  343   3.12 MBytes       
[  4]  36.00-37.00  sec   827 KBytes  6.79 Mbits/sec   50   3.03 MBytes       
[  4]  37.00-38.00  sec  1.25 MBytes  10.5 Mbits/sec  304   2.92 MBytes       
[  4]  38.00-38.20  sec  3.75 MBytes   156 Mbits/sec    0   3.73 MBytes       
- - - - - - - - - - - - - - - - - - - - - - - - -
[ ID] Interval           Transfer     Bandwidth       Retr
[  4]   0.00-38.20  sec  50.8 MBytes  11.2 Mbits/sec  1802             sender
[  4]   0.00-38.20  sec  41.0 MBytes  9.01 Mbits/sec                  receiver

iperf Done.
