-----------------------------------------------------------
Server listening on 5207
-----------------------------------------------------------
Accepted connection from 10.0.0.1, port 44826
[  5] local 10.0.0.2 port 5207 connected to 10.0.0.1 port 46122
[ ID] Interval           Transfer     Bandwidth
[  5]   0.00-1.01   sec  0.00 Bytes  0.00 bits/sec                  
[  5]   1.01-2.00   sec  0.00 Bytes  0.00 bits/sec                  
[  5]   2.00-3.00   sec  14.1 KBytes   116 Kbits/sec                  
[  5]   3.00-4.00   sec  1.41 KBytes  11.6 Kbits/sec                  
[  5]   4.00-5.00   sec  5.66 KBytes  46.4 Kbits/sec                  
[  5]   5.00-6.00   sec  18.4 KBytes   150 Kbits/sec                  
[  5]   6.00-7.00   sec  74.9 KBytes   615 Kbits/sec                  
[  5]   7.00-8.00   sec  32.5 KBytes   266 Kbits/sec                  
[  5]   8.00-9.00   sec  33.9 KBytes   278 Kbits/sec                  
[  5]   9.00-10.00  sec  35.4 KBytes   290 Kbits/sec                  
[  5]  10.00-11.00  sec  0.00 Bytes  0.00 bits/sec                  
[  5]  11.00-12.00  sec  0.00 Bytes  0.00 bits/sec                  
[  5]  12.00-13.00  sec  35.4 KBytes   290 Kbits/sec                  
[  5]  13.00-14.00  sec  35.4 KBytes   290 Kbits/sec                  
[  5]  14.00-15.00  sec  31.1 KBytes   255 Kbits/sec                  
[  5]  15.00-16.00  sec  69.3 KBytes   568 Kbits/sec                  
[  5]  16.00-17.00  sec  41.0 KBytes   336 Kbits/sec                  
[  5]  17.00-18.00  sec  77.8 KBytes   637 Kbits/sec                  
[  5]  18.00-19.00  sec  50.9 KBytes   417 Kbits/sec                  
[  5]  19.00-20.00  sec  56.6 KBytes   463 Kbits/sec                  
[  5]  20.00-21.00  sec  72.1 KBytes   591 Kbits/sec                  
[  5]  21.00-22.00  sec  97.6 KBytes   799 Kbits/sec                  
[  5]  22.00-23.00  sec   143 KBytes  1.17 Mbits/sec                  
[  5]  23.00-24.00  sec  7.07 KBytes  58.0 Kbits/sec                  
[  5]  24.00-25.00  sec  0.00 Bytes  0.00 bits/sec                  
[  5]  25.00-26.00  sec   202 KBytes  1.66 Mbits/sec                  
[  5]  26.00-27.00  sec   236 KBytes  1.93 Mbits/sec                  
[  5]  27.00-28.00  sec   148 KBytes  1.22 Mbits/sec                  
[  5]  28.00-29.00  sec  46.7 KBytes   382 Kbits/sec                  
[  5]  29.00-30.00  sec  0.00 Bytes  0.00 bits/sec                  
[  5]  30.00-31.00  sec   277 KBytes  2.27 Mbits/sec                  
[  5]  31.00-32.00  sec   144 KBytes  1.18 Mbits/sec                  
[  5]  32.00-33.00  sec   153 KBytes  1.25 Mbits/sec                  
[  5]  33.00-34.00  sec   161 KBytes  1.32 Mbits/sec                  
[  5]  34.00-35.00  sec   257 KBytes  2.11 Mbits/sec                  
[  5]  35.00-36.00  sec   205 KBytes  1.68 Mbits/sec                  
[  5]  36.00-37.00  sec   191 KBytes  1.56 Mbits/sec                  
[  5]  37.00-38.00  sec   185 KBytes  1.52 Mbits/sec                  
[  5]  38.00-39.00  sec   188 KBytes  1.54 Mbits/sec                  
[  5]  39.00-40.00  sec   204 KBytes  1.67 Mbits/sec                  
[  5]  40.00-41.00  sec  14.1 KBytes   116 Kbits/sec                  
[  5]  41.00-42.00  sec   252 KBytes  2.07 Mbits/sec                  
[  5]  42.00-43.00  sec  69.3 KBytes   568 Kbits/sec                  
[  5]  43.00-44.01  sec   180 KBytes  1.46 Mbits/sec                  
[  5]  44.01-45.00  sec  0.00 Bytes  0.00 bits/sec                  
[  5]  45.00-46.00  sec  8.48 KBytes  69.7 Kbits/sec                  
[  5]  46.00-47.00  sec  33.9 KBytes   278 Kbits/sec                  
[  5]  47.00-48.00  sec   396 KBytes  3.25 Mbits/sec                  
[  5]  48.00-49.00  sec  15.6 KBytes   127 Kbits/sec                  
[  5]  49.00-50.00  sec   211 KBytes  1.73 Mbits/sec                  
[  5]  50.00-51.00  sec   615 KBytes  5.04 Mbits/sec                  
[  5]  51.00-52.00  sec  99.0 KBytes   811 Kbits/sec                  
[  5]  52.00-53.00  sec   325 KBytes  2.66 Mbits/sec                  
[  5]  53.00-54.00  sec   191 KBytes  1.56 Mbits/sec                  
[  5]  54.00-55.00  sec   249 KBytes  2.03 Mbits/sec                  
[  5]  55.00-56.00  sec   239 KBytes  1.96 Mbits/sec                  
[  5]  56.00-57.00  sec   283 KBytes  2.32 Mbits/sec                  
[  5]  57.00-58.00  sec   212 KBytes  1.74 Mbits/sec                  
[  5]  58.00-59.00  sec   296 KBytes  2.42 Mbits/sec                  
[  5]  59.00-60.00  sec   337 KBytes  2.76 Mbits/sec                  
[  5]  60.00-60.96  sec   250 KBytes  2.13 Mbits/sec                  
- - - - - - - - - - - - - - - - - - - - - - - - -
[ ID] Interval           Transfer     Bandwidth
[  5]   0.00-60.96  sec  0.00 Bytes  0.00 bits/sec                  sender
[  5]   0.00-60.96  sec  7.62 MBytes  1.05 Mbits/sec                  receiver
