Connecting to host 10.0.0.2, port 5203
[  4] local 10.0.0.1 port 46114 connected to 10.0.0.2 port 5203
[ ID] Interval           Transfer     Bandwidth       Retr  Cwnd
[  4]   0.00-1.00   sec   345 KBytes  2.83 Mbits/sec    0   45.2 KBytes       
[  4]   1.00-2.00   sec   255 KBytes  2.08 Mbits/sec    0   53.7 KBytes       
[  4]   2.00-3.00   sec   191 KBytes  1.56 Mbits/sec    0   62.2 KBytes       
[  4]   3.00-4.00   sec   255 KBytes  2.09 Mbits/sec    0   70.7 KBytes       
[  4]   4.00-5.00   sec   255 KBytes  2.09 Mbits/sec    0   83.4 KBytes       
[  4]   5.00-6.00   sec   318 KBytes  2.61 Mbits/sec    0    115 KBytes       
[  4]   6.00-7.00   sec   509 KBytes  4.17 Mbits/sec    0    167 KBytes       
[  4]   7.00-8.00   sec   509 KBytes  4.17 Mbits/sec    0    222 KBytes       
[  4]   8.00-9.00   sec   636 KBytes  5.22 Mbits/sec    0    297 KBytes       
[  4]   9.00-10.00  sec   891 KBytes  7.30 Mbits/sec    0    410 KBytes       
[  4]  10.00-11.00  sec   191 KBytes  1.56 Mbits/sec    0    440 KBytes       
[  4]  11.00-12.00  sec   255 KBytes  2.09 Mbits/sec   67    334 KBytes       
[  4]  12.00-13.00  sec  0.00 Bytes  0.00 bits/sec   56    334 KBytes       
[  4]  13.00-14.00  sec  0.00 Bytes  0.00 bits/sec    0    305 KBytes       
[  4]  14.00-15.00  sec  1018 KBytes  8.34 Mbits/sec   45   39.6 KBytes       
[  4]  15.00-16.00  sec   191 KBytes  1.56 Mbits/sec    0    245 KBytes       
[  4]  16.00-17.00  sec   255 KBytes  2.08 Mbits/sec    0    260 KBytes       
[  4]  17.00-18.00  sec   318 KBytes  2.61 Mbits/sec    0    273 KBytes       
[  4]  18.00-19.00  sec   445 KBytes  3.65 Mbits/sec    0    281 KBytes       
[  4]  19.00-20.00  sec   573 KBytes  4.69 Mbits/sec    0    283 KBytes       
[  4]  20.00-21.00  sec   573 KBytes  4.69 Mbits/sec    0    283 KBytes       
[  4]  21.00-22.00  sec   636 KBytes  5.22 Mbits/sec    0    287 KBytes       
[  4]  22.00-23.00  sec   636 KBytes  5.22 Mbits/sec    0    297 KBytes       
[  4]  23.00-24.00  sec   509 KBytes  4.17 Mbits/sec    2    308 KBytes       
[  4]  24.00-25.00  sec   573 KBytes  4.69 Mbits/sec    0    310 KBytes       
[  4]  25.00-25.00  sec  0.00 Bytes  0.00 bits/sec    0    310 KBytes       
- - - - - - - - - - - - - - - - - - - - - - - - -
[ ID] Interval           Transfer     Bandwidth       Retr
[  4]   0.00-25.00  sec  10.1 MBytes  3.39 Mbits/sec  170             sender
[  4]   0.00-25.00  sec  7.71 MBytes  2.59 Mbits/sec                  receiver

iperf Done.
