-----------------------------------------------------------
Server listening on 5202
-----------------------------------------------------------
Accepted connection from 10.0.0.1, port 43816
[ 25] local 10.0.0.2 port 5202 connected to 10.0.0.1 port 46112
[ ID] Interval           Transfer     Bandwidth
[ 25]   0.00-1.00   sec  0.00 Bytes  0.00 bits/sec                  
[ 25]   1.00-2.01   sec  0.00 Bytes  0.00 bits/sec                  
[ 25]   2.01-3.00   sec  14.1 KBytes   117 Kbits/sec                  
[ 25]   3.00-4.00   sec  0.00 Bytes  0.00 bits/sec                  
[ 25]   4.00-5.00   sec  0.00 Bytes  0.00 bits/sec                  
[ 25]   5.00-6.00   sec  28.3 KBytes   232 Kbits/sec                  
[ 25]   6.00-7.00   sec  0.00 Bytes  0.00 bits/sec                  
[ 25]   7.00-8.00   sec  0.00 Bytes  0.00 bits/sec                  
[ 25]   8.00-9.00   sec  0.00 Bytes  0.00 bits/sec                  
[ 25]   9.00-10.00  sec  38.2 KBytes   313 Kbits/sec                  
[ 25]  10.00-11.00  sec  42.4 KBytes   347 Kbits/sec                  
[ 25]  11.00-12.00  sec  0.00 Bytes  0.00 bits/sec                  
[ 25]  12.00-13.00  sec  35.4 KBytes   290 Kbits/sec                  
[ 25]  13.00-14.00  sec  0.00 Bytes  0.00 bits/sec                  
[ 25]  14.00-15.00  sec  39.6 KBytes   324 Kbits/sec                  
[ 25]  15.00-16.00  sec  0.00 Bytes  0.00 bits/sec                  
[ 25]  16.00-17.00  sec  45.2 KBytes   371 Kbits/sec                  
[ 25]  17.00-18.00  sec  0.00 Bytes  0.00 bits/sec                  
[ 25]  18.00-19.00  sec  65.0 KBytes   532 Kbits/sec                  
[ 25]  19.00-20.00  sec  0.00 Bytes  0.00 bits/sec                  
[ 25]  20.00-21.00  sec  9.90 KBytes  81.1 Kbits/sec                  
[ 25]  21.00-22.00  sec  0.00 Bytes  0.00 bits/sec                  
[ 25]  22.00-23.00  sec  84.8 KBytes   695 Kbits/sec                  
[ 25]  23.00-24.00  sec   116 KBytes   950 Kbits/sec                  
[ 25]  24.00-25.00  sec  0.00 Bytes  0.00 bits/sec                  
[ 25]  25.00-26.00  sec  84.8 KBytes   695 Kbits/sec                  
[ 25]  26.00-27.00  sec  0.00 Bytes  0.00 bits/sec                  
[ 25]  27.00-28.00  sec  96.2 KBytes   789 Kbits/sec                  
[ 25]  28.00-29.00  sec  1.41 KBytes  11.6 Kbits/sec                  
[ 25]  29.00-30.00  sec  99.0 KBytes   811 Kbits/sec                  
[ 25]  30.00-31.00  sec  50.9 KBytes   417 Kbits/sec                  
[ 25]  31.00-32.00  sec  58.0 KBytes   475 Kbits/sec                  
[ 25]  32.00-33.00  sec  9.90 KBytes  81.2 Kbits/sec                  
[ 25]  33.00-34.00  sec  0.00 Bytes  0.00 bits/sec                  
[ 25]  34.00-35.00  sec   209 KBytes  1.72 Mbits/sec                  
[ 25]  35.00-36.00  sec  0.00 Bytes  0.00 bits/sec                  
[ 25]  36.00-37.00  sec   103 KBytes   846 Kbits/sec                  
[ 25]  37.00-38.00  sec  0.00 Bytes  0.00 bits/sec                  
[ 25]  38.00-39.00  sec   130 KBytes  1.07 Mbits/sec                  
[ 25]  39.00-40.00  sec  74.9 KBytes   614 Kbits/sec                  
[ 25]  40.00-41.00  sec  66.5 KBytes   544 Kbits/sec                  
[ 25]  41.00-42.00  sec  21.2 KBytes   174 Kbits/sec                  
[ 25]  42.00-43.00  sec  0.00 Bytes  0.00 bits/sec                  
[ 25]  43.00-44.00  sec   229 KBytes  1.88 Mbits/sec                  
[ 25]  44.00-45.00  sec  0.00 Bytes  0.00 bits/sec                  
[ 25]  45.00-46.00  sec   115 KBytes   939 Kbits/sec                  
[ 25]  46.00-47.00  sec   107 KBytes   881 Kbits/sec                  
[ 25]  47.00-48.00  sec  31.1 KBytes   255 Kbits/sec                  
[ 25]  48.00-49.00  sec   146 KBytes  1.19 Mbits/sec                  
[ 25]  49.00-50.00  sec  1.41 KBytes  11.6 Kbits/sec                  
[ 25]  50.00-51.00  sec   153 KBytes  1.25 Mbits/sec                  
[ 25]  51.00-52.00  sec  0.00 Bytes  0.00 bits/sec                  
[ 25]  52.00-53.00  sec   168 KBytes  1.38 Mbits/sec                  
[ 25]  53.00-54.00  sec  1.41 KBytes  11.6 Kbits/sec                  
[ 25]  54.00-55.00  sec  28.3 KBytes   232 Kbits/sec                  
[ 25]  55.00-56.00  sec  0.00 Bytes  0.00 bits/sec                  
[ 25]  56.00-57.00  sec   184 KBytes  1.51 Mbits/sec                  
[ 25]  57.00-58.00  sec  4.24 KBytes  34.7 Kbits/sec                  
[ 25]  58.00-59.00  sec   276 KBytes  2.26 Mbits/sec                  
[ 25]  59.00-60.00  sec   178 KBytes  1.46 Mbits/sec                  
[ 25]  60.00-61.00  sec  7.07 KBytes  57.9 Kbits/sec                  
[ 25]  61.00-62.00  sec   205 KBytes  1.68 Mbits/sec                  
[ 25]  62.00-63.00  sec  8.48 KBytes  69.5 Kbits/sec                  
[ 25]  63.00-64.00  sec  2.83 KBytes  23.2 Kbits/sec                  
[ 25]  64.00-65.00  sec  0.00 Bytes  0.00 bits/sec                  
[ 25]  65.00-66.00  sec   361 KBytes  2.96 Mbits/sec                  
[ 25]  66.00-67.00  sec  58.0 KBytes   475 Kbits/sec                  
[ 25]  67.00-68.00  sec   119 KBytes   973 Kbits/sec                  
[ 25]  68.00-69.00  sec   170 KBytes  1.39 Mbits/sec                  
[ 25]  69.00-70.00  sec  12.7 KBytes   104 Kbits/sec                  
[ 25]  70.00-71.00  sec   184 KBytes  1.51 Mbits/sec                  
[ 25]  71.00-72.00  sec  53.7 KBytes   440 Kbits/sec                  
[ 25]  72.00-73.00  sec   144 KBytes  1.18 Mbits/sec                  
[ 25]  73.00-74.00  sec   192 KBytes  1.57 Mbits/sec                  
[ 25]  74.00-75.00  sec  22.6 KBytes   185 Kbits/sec                  
[ 25]  75.00-76.00  sec   240 KBytes  1.97 Mbits/sec                  
[ 25]  76.00-77.00  sec  25.5 KBytes   208 Kbits/sec                  
[ 25]  77.00-78.00  sec  11.3 KBytes  92.8 Kbits/sec                  
[ 25]  78.00-79.00  sec  0.00 Bytes  0.00 bits/sec                  
[ 25]  79.00-80.00  sec   339 KBytes  2.78 Mbits/sec                  
[ 25]  80.00-81.00  sec   204 KBytes  1.67 Mbits/sec                  
[ 25]  81.00-82.00  sec   245 KBytes  2.01 Mbits/sec                  
[ 25]  82.00-83.00  sec  22.6 KBytes   185 Kbits/sec                  
[ 25]  83.00-84.00  sec   287 KBytes  2.35 Mbits/sec                  
[ 25]  84.00-85.00  sec  33.9 KBytes   278 Kbits/sec                  
[ 25]  85.00-86.00  sec  21.2 KBytes   174 Kbits/sec                  
[ 25]  86.00-87.00  sec  0.00 Bytes  0.00 bits/sec                  
[ 25]  87.00-88.00  sec   540 KBytes  4.43 Mbits/sec                  
[ 25]  88.00-89.00  sec   202 KBytes  1.66 Mbits/sec                  
[ 25]  89.00-90.00  sec  58.0 KBytes   475 Kbits/sec                  
[ 25]  90.00-91.00  sec   266 KBytes  2.18 Mbits/sec                  
[ 25]  91.00-92.00  sec   181 KBytes  1.48 Mbits/sec                  
[ 25]  92.00-93.00  sec   126 KBytes  1.03 Mbits/sec                  
[ 25]  93.00-94.00  sec   245 KBytes  2.00 Mbits/sec                  
[ 25]  94.00-95.00  sec  62.2 KBytes   510 Kbits/sec                  
[ 25]  95.00-96.00  sec   272 KBytes  2.23 Mbits/sec                  
[ 25]  96.00-97.00  sec  52.3 KBytes   429 Kbits/sec                  
[ 25]  97.00-98.00  sec   303 KBytes  2.48 Mbits/sec                  
[ 25]  98.00-99.00  sec  39.6 KBytes   324 Kbits/sec                  
[ 25]  99.00-100.00 sec  49.5 KBytes   405 Kbits/sec                  
[ 25] 100.00-101.00 sec  0.00 Bytes  0.00 bits/sec                  
[ 25] 101.00-102.00 sec   338 KBytes  2.77 Mbits/sec                  
[ 25] 102.00-103.00 sec  73.5 KBytes   603 Kbits/sec                  
[ 25] 103.00-104.00 sec   467 KBytes  3.82 Mbits/sec                  
[ 25] 104.00-105.00 sec   274 KBytes  2.25 Mbits/sec                  
[ 25] 105.00-106.00 sec  67.9 KBytes   556 Kbits/sec                  
[ 25] 106.00-107.00 sec   318 KBytes  2.61 Mbits/sec                  
[ 25] 107.00-108.00 sec  45.2 KBytes   370 Kbits/sec                  
[ 25] 108.00-109.00 sec  0.00 Bytes  0.00 bits/sec                  
[ 25] 109.00-110.00 sec  39.6 KBytes   325 Kbits/sec                  
[ 25] 110.00-111.00 sec   629 KBytes  5.15 Mbits/sec                  
[ 25] 111.00-112.00 sec   109 KBytes   892 Kbits/sec                  
[ 25] 112.00-113.00 sec   221 KBytes  1.81 Mbits/sec                  
[ 25] 113.00-114.00 sec   263 KBytes  2.16 Mbits/sec                  
[ 25] 114.00-115.00 sec  79.2 KBytes   648 Kbits/sec                  
[ 25] 115.00-116.00 sec   283 KBytes  2.32 Mbits/sec                  
[ 25] 116.00-117.00 sec  74.9 KBytes   613 Kbits/sec                  
[ 25] 117.00-118.00 sec   293 KBytes  2.40 Mbits/sec                  
[ 25] 118.00-119.00 sec  65.0 KBytes   533 Kbits/sec                  
[ 25] 119.00-120.00 sec   305 KBytes  2.50 Mbits/sec                  
[ 25] 120.00-121.00 sec  65.0 KBytes   532 Kbits/sec                  
[ 25] 121.00-122.00 sec  32.5 KBytes   266 Kbits/sec                  
[ 25] 122.00-123.00 sec  0.00 Bytes  0.00 bits/sec                  
[ 25] 123.00-124.00 sec   337 KBytes  2.76 Mbits/sec                  
[ 25] 124.00-125.00 sec   382 KBytes  3.13 Mbits/sec                  
[ 25] 125.00-126.00 sec   170 KBytes  1.39 Mbits/sec                  
[ 25] 126.00-127.00 sec   277 KBytes  2.27 Mbits/sec                  
[ 25] 127.00-128.00 sec  82.0 KBytes   672 Kbits/sec                  
[ 25] 128.00-129.00 sec   303 KBytes  2.48 Mbits/sec                  
[ 25] 129.00-130.00 sec  59.4 KBytes   486 Kbits/sec                  
[ 25] 130.00-131.00 sec  0.00 Bytes  0.00 bits/sec                  
[ 25] 131.00-132.00 sec  60.8 KBytes   498 Kbits/sec                  
[ 25] 132.00-133.00 sec   604 KBytes  4.95 Mbits/sec                  
[ 25] 133.00-134.00 sec   187 KBytes  1.53 Mbits/sec                  
[ 25] 134.00-135.00 sec   140 KBytes  1.15 Mbits/sec                  
[ 25] 135.00-136.00 sec   255 KBytes  2.09 Mbits/sec                  
[ 25] 136.00-137.00 sec   102 KBytes   834 Kbits/sec                  
[ 25] 137.00-138.00 sec   280 KBytes  2.29 Mbits/sec                  
[ 25] 138.00-139.00 sec   249 KBytes  2.04 Mbits/sec                  
[ 25] 139.00-140.00 sec   105 KBytes   858 Kbits/sec                  
[ 25] 140.00-141.00 sec   276 KBytes  2.26 Mbits/sec                  
[ 25] 141.00-142.00 sec  90.5 KBytes   742 Kbits/sec                  
[ 25] 142.00-143.00 sec   191 KBytes  1.56 Mbits/sec                  
[ 25] 143.00-144.00 sec   188 KBytes  1.54 Mbits/sec                  
[ 25] 144.00-145.00 sec  17.0 KBytes   139 Kbits/sec                  
[ 25] 145.00-146.00 sec  0.00 Bytes  0.00 bits/sec                  
[ 25] 146.00-147.00 sec   396 KBytes  3.24 Mbits/sec                  
[ 25] 147.00-148.00 sec  76.4 KBytes   626 Kbits/sec                  
[ 25] 148.00-149.00 sec   509 KBytes  4.17 Mbits/sec                  
[ 25] 149.00-150.00 sec  91.9 KBytes   753 Kbits/sec                  
[ 25] 150.00-151.00 sec   170 KBytes  1.39 Mbits/sec                  
[ 25] 151.00-152.00 sec   157 KBytes  1.28 Mbits/sec                  
[ 25] 152.00-153.00 sec  93.3 KBytes   765 Kbits/sec                  
[ 25] 153.00-154.00 sec   132 KBytes  1.08 Mbits/sec                  
[ 25] 154.00-155.00 sec  0.00 Bytes  0.00 bits/sec                  
[ 25] 155.00-156.00 sec  77.8 KBytes   637 Kbits/sec                  
[ 25] 156.00-157.00 sec   136 KBytes  1.11 Mbits/sec                  
[ 25] 157.00-158.00 sec   307 KBytes  2.51 Mbits/sec                  
[ 25] 158.00-159.00 sec   123 KBytes  1.01 Mbits/sec                  
[ 25] 159.00-160.00 sec   106 KBytes   869 Kbits/sec                  
[ 25] 160.00-161.00 sec   168 KBytes  1.38 Mbits/sec                  
[ 25] 161.00-162.00 sec  48.1 KBytes   393 Kbits/sec                  
[ 25] 162.00-163.00 sec   188 KBytes  1.54 Mbits/sec                  
[ 25] 163.00-164.00 sec  76.4 KBytes   624 Kbits/sec                  
[ 25] 164.00-165.00 sec   181 KBytes  1.49 Mbits/sec                  
[ 25] 165.00-166.00 sec   105 KBytes   857 Kbits/sec                  
[ 25] 166.00-167.00 sec   151 KBytes  1.24 Mbits/sec                  
[ 25] 167.00-168.00 sec   106 KBytes   869 Kbits/sec                  
[ 25] 168.00-169.00 sec  38.2 KBytes   312 Kbits/sec                  
[ 25] 169.00-170.00 sec  0.00 Bytes  0.00 bits/sec                  
[ 25] 170.00-171.00 sec  1.41 KBytes  11.6 Kbits/sec                  
[ 25] 171.00-172.00 sec   568 KBytes  4.66 Mbits/sec                  
[ 25] 172.00-173.00 sec  84.8 KBytes   695 Kbits/sec                  
[ 25] 173.00-174.00 sec   178 KBytes  1.46 Mbits/sec                  
[ 25] 174.00-175.00 sec  45.2 KBytes   370 Kbits/sec                  
[ 25] 175.00-176.00 sec   139 KBytes  1.13 Mbits/sec                  
[ 25] 176.00-177.00 sec  15.6 KBytes   128 Kbits/sec                  
[ 25] 177.00-178.00 sec  0.00 Bytes  0.00 bits/sec                  
[ 25] 178.00-179.00 sec  58.0 KBytes   475 Kbits/sec                  
[ 25] 179.00-180.00 sec   288 KBytes  2.36 Mbits/sec                  
[ 25] 180.00-181.00 sec  93.3 KBytes   764 Kbits/sec                  
[ 25] 181.00-182.00 sec  58.0 KBytes   475 Kbits/sec                  
[ 25] 182.00-183.00 sec   127 KBytes  1.04 Mbits/sec                  
[ 25] 183.00-184.00 sec  50.9 KBytes   417 Kbits/sec                  
[ 25] 184.00-185.00 sec   137 KBytes  1.12 Mbits/sec                  
[ 25] 185.00-186.00 sec  46.7 KBytes   382 Kbits/sec                  
[ 25] 186.00-187.00 sec   139 KBytes  1.13 Mbits/sec                  
[ 25] 187.00-188.00 sec  72.1 KBytes   591 Kbits/sec                  
[ 25] 188.00-189.00 sec   126 KBytes  1.03 Mbits/sec                  
[ 25] 189.00-190.00 sec  84.8 KBytes   695 Kbits/sec                  
[ 25] 190.00-191.00 sec  17.0 KBytes   139 Kbits/sec                  
[ 25] 191.00-192.00 sec  0.00 Bytes  0.00 bits/sec                  
[ 25] 192.00-193.00 sec   170 KBytes  1.39 Mbits/sec                  
[ 25] 193.00-194.00 sec   325 KBytes  2.67 Mbits/sec                  
[ 25] 194.00-195.00 sec  82.0 KBytes   672 Kbits/sec                  
[ 25] 195.00-196.00 sec   174 KBytes  1.42 Mbits/sec                  
[ 25] 196.00-197.00 sec  74.9 KBytes   613 Kbits/sec                  
[ 25] 197.00-198.00 sec   202 KBytes  1.66 Mbits/sec                  
[ 25] 198.00-199.00 sec  63.6 KBytes   522 Kbits/sec                  
[ 25] 199.00-200.00 sec  18.4 KBytes   150 Kbits/sec                  
[ 25] 200.00-201.00 sec  0.00 Bytes  0.00 bits/sec                  
[ 25] 201.00-202.00 sec   433 KBytes  3.55 Mbits/sec                  
[ 25] 202.00-203.00 sec   157 KBytes  1.29 Mbits/sec                  
[ 25] 203.00-204.00 sec  89.1 KBytes   730 Kbits/sec                  
[ 25] 204.00-205.00 sec   194 KBytes  1.59 Mbits/sec                  
[ 25] 205.00-206.00 sec   168 KBytes  1.38 Mbits/sec                  
[ 25] 206.00-207.00 sec  82.0 KBytes   671 Kbits/sec                  
[ 25] 207.00-208.00 sec   192 KBytes  1.58 Mbits/sec                  
[ 25] 208.00-209.00 sec  87.7 KBytes   718 Kbits/sec                  
[ 25] 209.00-210.00 sec   206 KBytes  1.69 Mbits/sec                  
[ 25] 210.00-211.00 sec   185 KBytes  1.52 Mbits/sec                  
[ 25] 211.00-212.00 sec   119 KBytes   973 Kbits/sec                  
[ 25] 212.00-213.00 sec   263 KBytes  2.16 Mbits/sec                  
[ 25] 213.00-214.00 sec   127 KBytes  1.04 Mbits/sec                  
[ 25] 214.00-215.00 sec  60.8 KBytes   498 Kbits/sec                  
[ 25] 215.00-216.00 sec  0.00 Bytes  0.00 bits/sec                  
[ 25] 216.00-217.00 sec  2.83 KBytes  23.2 Kbits/sec                  
[ 25] 217.00-218.00 sec  0.00 Bytes  0.00 bits/sec                  
[ 25] 218.00-219.00 sec   925 KBytes  7.57 Mbits/sec                  
[ 25] 219.00-220.00 sec   188 KBytes  1.54 Mbits/sec                  
[ 25] 220.00-221.00 sec   175 KBytes  1.44 Mbits/sec                  
[ 25] 221.00-222.00 sec  99.0 KBytes   811 Kbits/sec                  
[ 25] 222.00-223.00 sec  2.83 KBytes  23.1 Kbits/sec                  
[ 25] 223.00-224.00 sec  0.00 Bytes  0.00 bits/sec                  
[ 25] 224.00-225.00 sec   208 KBytes  1.70 Mbits/sec                  
[ 25] 225.00-226.00 sec   280 KBytes  2.30 Mbits/sec                  
[ 25] 226.00-227.00 sec   136 KBytes  1.11 Mbits/sec                  
[ 25] 227.00-228.00 sec   136 KBytes  1.11 Mbits/sec                  
[ 25] 228.00-229.00 sec   107 KBytes   881 Kbits/sec                  
[ 25] 229.00-230.00 sec   134 KBytes  1.10 Mbits/sec                  
[ 25] 230.00-231.00 sec   105 KBytes   857 Kbits/sec                  
[ 25] 231.00-232.00 sec   144 KBytes  1.18 Mbits/sec                  
[ 25] 232.00-233.00 sec   123 KBytes  1.01 Mbits/sec                  
[ 25] 233.00-234.00 sec   153 KBytes  1.25 Mbits/sec                  
[ 25] 234.00-235.00 sec   117 KBytes   963 Kbits/sec                  
[ 25] 235.00-236.00 sec   147 KBytes  1.20 Mbits/sec                  
[ 25] 236.00-237.00 sec  0.00 Bytes  0.00 bits/sec                  
[ 25] 237.00-238.00 sec  1.41 KBytes  11.6 Kbits/sec                  
[ 25] 238.00-239.00 sec   263 KBytes  2.15 Mbits/sec                  
[ 25] 239.00-240.00 sec   280 KBytes  2.29 Mbits/sec                  
[ 25] 240.00-241.00 sec   189 KBytes  1.55 Mbits/sec                  
[ 25] 241.00-242.00 sec   180 KBytes  1.47 Mbits/sec                  
[ 25] 242.00-243.00 sec   199 KBytes  1.63 Mbits/sec                  
[ 25] 243.00-244.00 sec   197 KBytes  1.61 Mbits/sec                  
[ 25] 244.00-245.00 sec   157 KBytes  1.29 Mbits/sec                  
[ 25] 245.00-246.00 sec   188 KBytes  1.54 Mbits/sec                  
[ 25] 246.00-247.00 sec   164 KBytes  1.34 Mbits/sec                  
[ 25] 247.00-248.00 sec   189 KBytes  1.55 Mbits/sec                  
[ 25] 248.00-249.00 sec   161 KBytes  1.32 Mbits/sec                  
[ 25] 249.00-250.00 sec   197 KBytes  1.61 Mbits/sec                  
[ 25] 250.00-251.00 sec  62.2 KBytes   509 Kbits/sec                  
[ 25] 251.00-252.00 sec  0.00 Bytes  0.00 bits/sec                  
[ 25] 252.00-253.00 sec   112 KBytes   916 Kbits/sec                  
[ 25] 253.00-254.00 sec   556 KBytes  4.55 Mbits/sec                  
[ 25] 254.00-255.00 sec   189 KBytes  1.55 Mbits/sec                  
[ 25] 255.00-256.00 sec   197 KBytes  1.61 Mbits/sec                  
[ 25] 256.00-257.00 sec   191 KBytes  1.56 Mbits/sec                  
[ 25] 257.00-258.00 sec   177 KBytes  1.45 Mbits/sec                  
[ 25] 258.00-259.00 sec   223 KBytes  1.83 Mbits/sec                  
[ 25] 259.00-260.00 sec   181 KBytes  1.48 Mbits/sec                  
[ 25] 260.00-261.00 sec   218 KBytes  1.78 Mbits/sec                  
[ 25] 261.00-262.00 sec   182 KBytes  1.49 Mbits/sec                  
[ 25] 262.00-263.00 sec   184 KBytes  1.51 Mbits/sec                  
[ 25] 263.00-264.00 sec  0.00 Bytes  0.00 bits/sec                  
[ 25] 264.00-265.00 sec  52.3 KBytes   429 Kbits/sec                  
[ 25] 265.00-266.00 sec   317 KBytes  2.60 Mbits/sec                  
[ 25] 266.00-267.00 sec   462 KBytes  3.79 Mbits/sec                  
[ 25] 267.00-268.00 sec   197 KBytes  1.61 Mbits/sec                  
[ 25] 268.00-269.00 sec   214 KBytes  1.75 Mbits/sec                  
[ 25] 269.00-270.00 sec   211 KBytes  1.73 Mbits/sec                  
[ 25] 270.00-271.00 sec   199 KBytes  1.63 Mbits/sec                  
[ 25] 271.00-272.00 sec   198 KBytes  1.62 Mbits/sec                  
[ 25] 272.00-273.00 sec  48.1 KBytes   394 Kbits/sec                  
[ 25] 273.00-274.00 sec  0.00 Bytes  0.00 bits/sec                  
[ 25] 274.00-275.00 sec   245 KBytes  2.01 Mbits/sec                  
[ 25] 275.00-276.00 sec   455 KBytes  3.73 Mbits/sec                  
[ 25] 276.00-277.00 sec   221 KBytes  1.81 Mbits/sec                  
[ 25] 277.00-278.00 sec   209 KBytes  1.72 Mbits/sec                  
[ 25] 278.00-279.00 sec   189 KBytes  1.55 Mbits/sec                  
[ 25] 279.00-280.00 sec   177 KBytes  1.45 Mbits/sec                  
[ 25] 280.00-281.00 sec   164 KBytes  1.34 Mbits/sec                  
[ 25] 281.00-282.00 sec   252 KBytes  2.06 Mbits/sec                  
[ 25] 282.00-283.00 sec   212 KBytes  1.74 Mbits/sec                  
[ 25] 283.00-284.00 sec   204 KBytes  1.67 Mbits/sec                  
[ 25] 284.00-285.00 sec   181 KBytes  1.48 Mbits/sec                  
[ 25] 285.00-286.00 sec   223 KBytes  1.83 Mbits/sec                  
[ 25] 286.00-287.00 sec   141 KBytes  1.16 Mbits/sec                  
[ 25] 287.00-288.00 sec  0.00 Bytes  0.00 bits/sec                  
[ 25] 288.00-289.00 sec  50.9 KBytes   417 Kbits/sec                  
[ 25] 289.00-290.00 sec   308 KBytes  2.53 Mbits/sec                  
[ 25] 290.00-291.00 sec   434 KBytes  3.56 Mbits/sec                  
[ 25] 291.00-292.00 sec   221 KBytes  1.81 Mbits/sec                  
[ 25] 292.00-293.00 sec   199 KBytes  1.63 Mbits/sec                  
[ 25] 293.00-294.00 sec   245 KBytes  2.00 Mbits/sec                  
[ 25] 294.00-295.00 sec   202 KBytes  1.66 Mbits/sec                  
[ 25] 295.00-296.00 sec  35.4 KBytes   289 Kbits/sec                  
[ 25] 296.00-297.00 sec  0.00 Bytes  0.00 bits/sec                  
[ 25] 297.00-298.00 sec   260 KBytes  2.13 Mbits/sec                  
[ 25] 298.00-299.00 sec   498 KBytes  4.07 Mbits/sec                  
[ 25] 299.00-300.00 sec   235 KBytes  1.92 Mbits/sec                  
[ 25] 300.00-301.00 sec   226 KBytes  1.85 Mbits/sec                  
[ 25] 301.00-302.00 sec   188 KBytes  1.54 Mbits/sec                  
[ 25] 302.00-303.00 sec   205 KBytes  1.68 Mbits/sec                  
[ 25] 303.00-304.00 sec   189 KBytes  1.55 Mbits/sec                  
[ 25] 304.00-305.00 sec   233 KBytes  1.91 Mbits/sec                  
[ 25] 305.00-306.00 sec   215 KBytes  1.76 Mbits/sec                  
[ 25] 306.00-307.00 sec   208 KBytes  1.70 Mbits/sec                  
[ 25] 307.00-308.00 sec   240 KBytes  1.97 Mbits/sec                  
[ 25] 308.00-309.00 sec   184 KBytes  1.51 Mbits/sec                  
[ 25] 309.00-310.00 sec  97.6 KBytes   799 Kbits/sec                  
[ 25] 310.00-311.00 sec  0.00 Bytes  0.00 bits/sec                  
[ 25] 311.00-312.00 sec   197 KBytes  1.61 Mbits/sec                  
[ 25] 312.00-313.00 sec   536 KBytes  4.39 Mbits/sec                  
[ 25] 313.00-314.00 sec   181 KBytes  1.48 Mbits/sec                  
[ 25] 314.00-315.00 sec   191 KBytes  1.56 Mbits/sec                  
[ 25] 315.00-316.00 sec   239 KBytes  1.96 Mbits/sec                  
[ 25] 316.00-317.00 sec   222 KBytes  1.82 Mbits/sec                  
[ 25] 317.00-318.00 sec   188 KBytes  1.54 Mbits/sec                  
[ 25] 318.00-319.00 sec  0.00 Bytes  0.00 bits/sec                  
[ 25] 319.00-320.00 sec  43.8 KBytes   359 Kbits/sec                  
[ 25] 320.00-321.00 sec   320 KBytes  2.62 Mbits/sec                  
[ 25] 321.00-322.00 sec   498 KBytes  4.08 Mbits/sec                  
[ 25] 322.00-323.00 sec   201 KBytes  1.64 Mbits/sec                  
[ 25] 323.00-324.00 sec   240 KBytes  1.97 Mbits/sec                  
[ 25] 324.00-325.00 sec   219 KBytes  1.80 Mbits/sec                  
[ 25] 325.00-326.00 sec   197 KBytes  1.61 Mbits/sec                  
[ 25] 326.00-327.00 sec   226 KBytes  1.85 Mbits/sec                  
[ 25] 327.00-328.00 sec   202 KBytes  1.66 Mbits/sec                  
[ 25] 328.00-329.00 sec   189 KBytes  1.55 Mbits/sec                  
[ 25] 329.00-330.00 sec   222 KBytes  1.82 Mbits/sec                  
[ 25] 330.00-331.00 sec   187 KBytes  1.53 Mbits/sec                  
[ 25] 331.00-332.00 sec   216 KBytes  1.77 Mbits/sec                  
[ 25] 332.00-333.00 sec  0.00 Bytes  0.00 bits/sec                  
[ 25] 333.00-334.01 sec  15.6 KBytes   126 Kbits/sec                  
- - - - - - - - - - - - - - - - - - - - - - - - -
[ ID] Interval           Transfer     Bandwidth
[ 25]   0.00-334.01 sec  0.00 Bytes  0.00 bits/sec                  sender
[ 25]   0.00-334.01 sec  47.2 MBytes  1.19 Mbits/sec                  receiver
