-----------------------------------------------------------
Server listening on 5203
-----------------------------------------------------------
Accepted connection from 10.0.0.1, port 44397
[ 25] local 10.0.0.2 port 5203 connected to 10.0.0.1 port 46114
[ ID] Interval           Transfer     Bandwidth
[ 25]   0.00-1.01   sec  0.00 Bytes  0.00 bits/sec                  
[ 25]   1.01-2.00   sec  14.1 KBytes   117 Kbits/sec                  
[ 25]   2.00-3.00   sec  28.3 KBytes   232 Kbits/sec                  
[ 25]   3.00-4.00   sec  31.1 KBytes   255 Kbits/sec                  
[ 25]   4.00-5.01   sec  11.3 KBytes  92.2 Kbits/sec                  
[ 25]   5.01-6.00   sec  0.00 Bytes  0.00 bits/sec                  
[ 25]   6.00-7.00   sec  46.7 KBytes   382 Kbits/sec                  
[ 25]   7.00-8.00   sec  0.00 Bytes  0.00 bits/sec                  
[ 25]   8.00-9.00   sec  1.41 KBytes  11.6 Kbits/sec                  
[ 25]   9.00-10.00  sec  0.00 Bytes  0.00 bits/sec                  
[ 25]  10.00-11.00  sec  63.6 KBytes   521 Kbits/sec                  
[ 25]  11.00-12.00  sec  4.24 KBytes  34.8 Kbits/sec                  
[ 25]  12.00-13.00  sec  65.0 KBytes   533 Kbits/sec                  
[ 25]  13.00-14.00  sec  56.6 KBytes   463 Kbits/sec                  
[ 25]  14.00-15.00  sec  0.00 Bytes  0.00 bits/sec                  
[ 25]  15.00-16.00  sec  66.5 KBytes   545 Kbits/sec                  
[ 25]  16.00-17.00  sec  0.00 Bytes  0.00 bits/sec                  
[ 25]  17.00-18.00  sec  69.3 KBytes   566 Kbits/sec                  
[ 25]  18.00-19.00  sec  0.00 Bytes  0.00 bits/sec                  
[ 25]  19.00-20.00  sec  77.8 KBytes   637 Kbits/sec                  
[ 25]  20.00-21.00  sec  0.00 Bytes  0.00 bits/sec                  
[ 25]  21.00-22.00  sec  25.5 KBytes   208 Kbits/sec                  
[ 25]  22.00-23.00  sec  0.00 Bytes  0.00 bits/sec                  
[ 25]  23.00-24.00  sec  4.24 KBytes  34.8 Kbits/sec                  
[ 25]  24.00-25.00  sec   212 KBytes  1.74 Mbits/sec                  
[ 25]  25.00-26.00  sec  0.00 Bytes  0.00 bits/sec                  
[ 25]  26.00-27.00  sec  90.5 KBytes   742 Kbits/sec                  
[ 25]  27.00-28.00  sec  12.7 KBytes   104 Kbits/sec                  
[ 25]  28.00-29.00  sec  94.7 KBytes   776 Kbits/sec                  
[ 25]  29.00-30.00  sec   107 KBytes   881 Kbits/sec                  
[ 25]  30.00-31.00  sec  8.48 KBytes  69.5 Kbits/sec                  
[ 25]  31.00-32.00  sec   113 KBytes   927 Kbits/sec                  
[ 25]  32.00-33.00  sec  7.07 KBytes  57.9 Kbits/sec                  
[ 25]  33.00-34.00  sec   132 KBytes  1.08 Mbits/sec                  
[ 25]  34.00-35.00  sec  9.90 KBytes  81.0 Kbits/sec                  
[ 25]  35.00-36.00  sec  8.48 KBytes  69.6 Kbits/sec                  
[ 25]  36.00-37.00  sec  0.00 Bytes  0.00 bits/sec                  
[ 25]  37.00-38.00  sec   291 KBytes  2.39 Mbits/sec                  
[ 25]  38.00-39.00  sec  0.00 Bytes  0.00 bits/sec                  
[ 25]  39.00-40.00  sec   153 KBytes  1.25 Mbits/sec                  
[ 25]  40.00-41.00  sec   158 KBytes  1.30 Mbits/sec                  
[ 25]  41.00-42.00  sec  22.6 KBytes   185 Kbits/sec                  
[ 25]  42.00-43.00  sec   165 KBytes  1.35 Mbits/sec                  
[ 25]  43.00-44.00  sec  29.7 KBytes   244 Kbits/sec                  
[ 25]  44.00-45.00  sec  63.6 KBytes   522 Kbits/sec                  
[ 25]  45.00-46.00  sec  0.00 Bytes  0.00 bits/sec                  
[ 25]  46.00-47.00  sec   300 KBytes  2.46 Mbits/sec                  
[ 25]  47.00-48.01  sec  0.00 Bytes  0.00 bits/sec                  
[ 25]  48.01-49.00  sec   153 KBytes  1.26 Mbits/sec                  
[ 25]  49.00-50.00  sec   163 KBytes  1.33 Mbits/sec                  
[ 25]  50.00-51.00  sec  21.2 KBytes   174 Kbits/sec                  
[ 25]  51.00-52.00  sec   198 KBytes  1.62 Mbits/sec                  
[ 25]  52.00-53.00  sec  1.41 KBytes  11.6 Kbits/sec                  
[ 25]  53.00-54.00  sec   206 KBytes  1.69 Mbits/sec                  
[ 25]  54.00-55.00  sec  0.00 Bytes  0.00 bits/sec                  
[ 25]  55.00-56.00  sec   216 KBytes  1.77 Mbits/sec                  
[ 25]  56.00-57.00  sec  1.41 KBytes  11.6 Kbits/sec                  
[ 25]  57.00-58.00  sec  1.41 KBytes  11.6 Kbits/sec                  
[ 25]  58.00-59.00  sec  0.00 Bytes  0.00 bits/sec                  
[ 25]  59.00-60.00  sec   402 KBytes  3.29 Mbits/sec                  
[ 25]  60.00-61.00  sec   117 KBytes   961 Kbits/sec                  
[ 25]  61.00-62.00  sec  70.7 KBytes   579 Kbits/sec                  
[ 25]  62.00-63.00  sec   192 KBytes  1.58 Mbits/sec                  
[ 25]  63.00-64.00  sec  32.5 KBytes   266 Kbits/sec                  
[ 25]  64.00-65.00  sec   106 KBytes   868 Kbits/sec                  
[ 25]  65.00-66.00  sec  0.00 Bytes  0.00 bits/sec                  
[ 25]  66.00-67.00  sec   126 KBytes  1.03 Mbits/sec                  
[ 25]  67.00-68.00  sec  19.8 KBytes   162 Kbits/sec                  
[ 25]  68.00-69.00  sec   331 KBytes  2.71 Mbits/sec                  
[ 25]  69.00-70.00  sec   127 KBytes  1.04 Mbits/sec                  
[ 25]  70.00-71.00  sec  18.4 KBytes   151 Kbits/sec                  
[ 25]  71.00-72.00  sec   124 KBytes  1.02 Mbits/sec                  
[ 25]  72.00-73.00  sec  4.24 KBytes  34.8 Kbits/sec                  
[ 25]  73.00-74.00  sec   140 KBytes  1.15 Mbits/sec                  
[ 25]  74.00-75.00  sec  89.1 KBytes   731 Kbits/sec                  
[ 25]  75.00-76.00  sec  55.1 KBytes   451 Kbits/sec                  
[ 25]  76.00-77.00  sec   126 KBytes  1.03 Mbits/sec                  
[ 25]  77.00-78.00  sec  26.9 KBytes   220 Kbits/sec                  
[ 25]  78.00-79.00  sec  93.3 KBytes   765 Kbits/sec                  
[ 25]  79.00-80.00  sec  0.00 Bytes  0.00 bits/sec                  
[ 25]  80.00-81.00  sec  0.00 Bytes  0.00 bits/sec                  
[ 25]  81.00-82.00  sec  0.00 Bytes  0.00 bits/sec                  
[ 25]  82.00-83.00  sec   372 KBytes  3.05 Mbits/sec                  
[ 25]  83.00-84.00  sec  9.90 KBytes  81.0 Kbits/sec                  
[ 25]  84.00-85.00  sec   160 KBytes  1.31 Mbits/sec                  
[ 25]  85.00-86.00  sec  4.24 KBytes  34.8 Kbits/sec                  
[ 25]  86.00-87.00  sec   180 KBytes  1.47 Mbits/sec                  
[ 25]  87.00-88.00  sec  0.00 Bytes  0.00 bits/sec                  
[ 25]  88.00-89.00  sec  9.90 KBytes  81.3 Kbits/sec                  
[ 25]  89.00-90.00  sec   293 KBytes  2.40 Mbits/sec                  
[ 25]  90.00-91.00  sec  58.0 KBytes   475 Kbits/sec                  
[ 25]  91.00-92.00  sec   141 KBytes  1.16 Mbits/sec                  
[ 25]  92.00-93.00  sec  17.0 KBytes   139 Kbits/sec                  
[ 25]  93.00-94.00  sec   170 KBytes  1.39 Mbits/sec                  
[ 25]  94.00-95.00  sec   137 KBytes  1.12 Mbits/sec                  
[ 25]  95.00-96.00  sec  36.8 KBytes   300 Kbits/sec                  
[ 25]  96.00-97.00  sec   160 KBytes  1.31 Mbits/sec                  
[ 25]  97.00-98.00  sec  19.8 KBytes   162 Kbits/sec                  
[ 25]  98.00-99.00  sec   192 KBytes  1.58 Mbits/sec                  
[ 25]  99.00-100.00 sec  7.07 KBytes  57.9 Kbits/sec                  
[ 25] 100.00-101.00 sec   236 KBytes  1.93 Mbits/sec                  
[ 25] 101.00-102.00 sec  8.48 KBytes  69.5 Kbits/sec                  
[ 25] 102.00-103.00 sec  0.00 Bytes  0.00 bits/sec                  
[ 25] 103.00-104.00 sec   151 KBytes  1.24 Mbits/sec                  
[ 25] 104.00-105.00 sec   197 KBytes  1.61 Mbits/sec                  
[ 25] 105.00-106.00 sec   337 KBytes  2.76 Mbits/sec                  
[ 25] 106.00-107.00 sec  86.3 KBytes   707 Kbits/sec                  
[ 25] 107.00-108.00 sec   221 KBytes  1.81 Mbits/sec                  
[ 25] 108.00-109.00 sec  82.0 KBytes   672 Kbits/sec                  
[ 25] 109.00-110.00 sec  9.90 KBytes  81.1 Kbits/sec                  
[ 25] 110.00-111.00 sec  0.00 Bytes  0.00 bits/sec                  
[ 25] 111.00-112.00 sec   260 KBytes  2.13 Mbits/sec                  
[ 25] 112.00-113.00 sec   245 KBytes  2.00 Mbits/sec                  
[ 25] 113.00-114.00 sec   215 KBytes  1.76 Mbits/sec                  
[ 25] 114.00-115.00 sec   161 KBytes  1.32 Mbits/sec                  
[ 25] 115.00-116.00 sec   123 KBytes  1.01 Mbits/sec                  
[ 25] 116.00-117.00 sec   195 KBytes  1.60 Mbits/sec                  
[ 25] 117.00-118.00 sec  80.6 KBytes   661 Kbits/sec                  
[ 25] 118.00-119.00 sec   205 KBytes  1.68 Mbits/sec                  
[ 25] 119.00-120.00 sec  76.4 KBytes   625 Kbits/sec                  
[ 25] 120.00-121.00 sec   228 KBytes  1.87 Mbits/sec                  
[ 25] 121.00-122.00 sec  69.3 KBytes   568 Kbits/sec                  
[ 25] 122.00-123.00 sec   243 KBytes  1.99 Mbits/sec                  
[ 25] 123.00-124.01 sec  31.1 KBytes   254 Kbits/sec                  
[ 25] 124.01-125.00 sec  0.00 Bytes  0.00 bits/sec                  
[ 25] 125.00-126.00 sec   107 KBytes   881 Kbits/sec                  
[ 25] 126.00-127.00 sec   551 KBytes  4.52 Mbits/sec                  
[ 25] 127.00-128.00 sec   164 KBytes  1.34 Mbits/sec                  
[ 25] 128.00-129.00 sec   174 KBytes  1.43 Mbits/sec                  
[ 25] 129.00-130.00 sec   208 KBytes  1.70 Mbits/sec                  
[ 25] 130.00-131.00 sec   165 KBytes  1.36 Mbits/sec                  
[ 25] 131.00-132.00 sec  89.1 KBytes   730 Kbits/sec                  
[ 25] 132.00-133.00 sec  0.00 Bytes  0.00 bits/sec                  
[ 25] 133.00-134.00 sec   211 KBytes  1.73 Mbits/sec                  
[ 25] 134.00-135.00 sec   148 KBytes  1.22 Mbits/sec                  
[ 25] 135.00-136.00 sec   486 KBytes  3.98 Mbits/sec                  
[ 25] 136.00-137.00 sec   139 KBytes  1.14 Mbits/sec                  
[ 25] 137.00-138.00 sec  82.0 KBytes   671 Kbits/sec                  
[ 25] 138.00-139.00 sec   197 KBytes  1.61 Mbits/sec                  
[ 25] 139.00-140.00 sec   107 KBytes   880 Kbits/sec                  
[ 25] 140.00-141.00 sec   141 KBytes  1.16 Mbits/sec                  
[ 25] 141.00-142.00 sec   139 KBytes  1.14 Mbits/sec                  
[ 25] 142.00-143.00 sec   105 KBytes   857 Kbits/sec                  
[ 25] 143.00-144.00 sec   160 KBytes  1.31 Mbits/sec                  
[ 25] 144.00-145.00 sec  76.4 KBytes   625 Kbits/sec                  
[ 25] 145.00-146.00 sec   174 KBytes  1.42 Mbits/sec                  
[ 25] 146.00-147.00 sec  33.9 KBytes   278 Kbits/sec                  
[ 25] 147.00-148.00 sec  0.00 Bytes  0.00 bits/sec                  
[ 25] 148.00-149.00 sec   146 KBytes  1.19 Mbits/sec                  
[ 25] 149.00-150.00 sec   184 KBytes  1.51 Mbits/sec                  
[ 25] 150.00-151.00 sec   211 KBytes  1.73 Mbits/sec                  
[ 25] 151.00-152.00 sec   194 KBytes  1.59 Mbits/sec                  
[ 25] 152.00-153.00 sec   148 KBytes  1.22 Mbits/sec                  
[ 25] 153.00-154.00 sec   157 KBytes  1.29 Mbits/sec                  
[ 25] 154.00-155.00 sec   160 KBytes  1.31 Mbits/sec                  
[ 25] 155.00-156.00 sec   158 KBytes  1.30 Mbits/sec                  
[ 25] 156.00-157.00 sec  1.41 KBytes  11.6 Kbits/sec                  
[ 25] 157.00-158.00 sec  0.00 Bytes  0.00 bits/sec                  
[ 25] 158.00-159.00 sec   230 KBytes  1.89 Mbits/sec                  
[ 25] 159.00-160.00 sec   325 KBytes  2.66 Mbits/sec                  
[ 25] 160.00-161.00 sec   215 KBytes  1.76 Mbits/sec                  
[ 25] 161.00-162.00 sec   150 KBytes  1.23 Mbits/sec                  
[ 25] 162.00-163.00 sec   130 KBytes  1.07 Mbits/sec                  
[ 25] 163.00-164.00 sec   137 KBytes  1.12 Mbits/sec                  
[ 25] 164.00-165.00 sec   140 KBytes  1.15 Mbits/sec                  
[ 25] 165.00-166.00 sec   223 KBytes  1.83 Mbits/sec                  
[ 25] 166.00-167.00 sec   102 KBytes   835 Kbits/sec                  
[ 25] 167.00-168.00 sec   211 KBytes  1.73 Mbits/sec                  
[ 25] 168.00-169.00 sec   137 KBytes  1.12 Mbits/sec                  
[ 25] 169.00-170.00 sec   192 KBytes  1.58 Mbits/sec                  
[ 25] 170.00-171.00 sec  8.48 KBytes  69.4 Kbits/sec                  
[ 25] 171.00-172.00 sec  0.00 Bytes  0.00 bits/sec                  
[ 25] 172.00-173.00 sec   257 KBytes  2.11 Mbits/sec                  
[ 25] 173.00-174.00 sec   379 KBytes  3.10 Mbits/sec                  
[ 25] 174.00-175.00 sec   148 KBytes  1.22 Mbits/sec                  
[ 25] 175.00-176.00 sec   167 KBytes  1.37 Mbits/sec                  
[ 25] 176.00-177.00 sec   197 KBytes  1.61 Mbits/sec                  
[ 25] 177.00-178.00 sec   173 KBytes  1.41 Mbits/sec                  
[ 25] 178.00-179.00 sec  17.0 KBytes   139 Kbits/sec                  
[ 25] 179.00-180.00 sec  0.00 Bytes  0.00 bits/sec                  
[ 25] 180.00-181.00 sec   294 KBytes  2.41 Mbits/sec                  
[ 25] 181.00-182.00 sec   414 KBytes  3.40 Mbits/sec                  
[ 25] 182.00-183.00 sec   178 KBytes  1.46 Mbits/sec                  
[ 25] 183.00-184.00 sec   174 KBytes  1.42 Mbits/sec                  
[ 25] 184.00-185.00 sec   164 KBytes  1.35 Mbits/sec                  
[ 25] 185.00-186.00 sec   218 KBytes  1.78 Mbits/sec                  
[ 25] 186.00-187.00 sec   132 KBytes  1.08 Mbits/sec                  
[ 25] 187.00-188.00 sec   236 KBytes  1.93 Mbits/sec                  
[ 25] 188.00-189.00 sec   141 KBytes  1.16 Mbits/sec                  
[ 25] 189.00-190.00 sec   221 KBytes  1.81 Mbits/sec                  
[ 25] 190.00-191.00 sec   157 KBytes  1.28 Mbits/sec                  
[ 25] 191.00-192.00 sec   205 KBytes  1.68 Mbits/sec                  
[ 25] 192.00-193.00 sec  5.66 KBytes  46.3 Kbits/sec                  
[ 25] 193.00-194.00 sec  0.00 Bytes  0.00 bits/sec                  
[ 25] 194.00-195.00 sec  0.00 Bytes  0.00 bits/sec                  
[ 25] 195.00-196.00 sec   680 KBytes  5.58 Mbits/sec                  
[ 25] 196.00-197.00 sec   167 KBytes  1.37 Mbits/sec                  
[ 25] 197.00-198.00 sec   139 KBytes  1.14 Mbits/sec                  
[ 25] 198.00-199.00 sec   140 KBytes  1.15 Mbits/sec                  
[ 25] 199.00-200.00 sec  76.4 KBytes   626 Kbits/sec                  
[ 25] 200.00-201.00 sec   150 KBytes  1.23 Mbits/sec                  
[ 25] 201.00-202.00 sec  62.2 KBytes   509 Kbits/sec                  
[ 25] 202.00-203.00 sec  0.00 Bytes  0.00 bits/sec                  
[ 25] 203.00-204.00 sec   167 KBytes  1.37 Mbits/sec                  
[ 25] 204.00-205.00 sec   247 KBytes  2.03 Mbits/sec                  
[ 25] 205.00-206.00 sec   119 KBytes   973 Kbits/sec                  
[ 25] 206.00-207.00 sec   129 KBytes  1.05 Mbits/sec                  
[ 25] 207.00-208.00 sec   116 KBytes   950 Kbits/sec                  
[ 25] 208.00-209.00 sec   113 KBytes   925 Kbits/sec                  
[ 25] 209.00-210.00 sec   112 KBytes   917 Kbits/sec                  
[ 25] 210.00-211.00 sec   132 KBytes  1.08 Mbits/sec                  
[ 25] 211.00-212.00 sec   117 KBytes   961 Kbits/sec                  
[ 25] 212.00-213.00 sec   154 KBytes  1.26 Mbits/sec                  
[ 25] 213.00-214.00 sec   133 KBytes  1.09 Mbits/sec                  
[ 25] 214.00-215.00 sec   157 KBytes  1.29 Mbits/sec                  
[ 25] 215.00-216.00 sec   158 KBytes  1.30 Mbits/sec                  
[ 25] 216.00-217.00 sec   109 KBytes   892 Kbits/sec                  
[ 25] 217.00-218.00 sec  0.00 Bytes  0.00 bits/sec                  
[ 25] 218.00-219.00 sec   115 KBytes   939 Kbits/sec                  
[ 25] 219.00-220.00 sec   250 KBytes  2.05 Mbits/sec                  
[ 25] 220.00-221.00 sec   382 KBytes  3.13 Mbits/sec                  
[ 25] 221.00-222.00 sec   192 KBytes  1.58 Mbits/sec                  
[ 25] 222.00-223.00 sec   188 KBytes  1.54 Mbits/sec                  
[ 25] 223.00-224.00 sec   199 KBytes  1.63 Mbits/sec                  
[ 25] 224.00-225.00 sec  18.4 KBytes   150 Kbits/sec                  
[ 25] 225.00-226.00 sec  0.00 Bytes  0.00 bits/sec                  
[ 25] 226.00-227.00 sec   283 KBytes  2.32 Mbits/sec                  
[ 25] 227.00-228.00 sec   479 KBytes  3.93 Mbits/sec                  
[ 25] 228.00-229.00 sec   192 KBytes  1.58 Mbits/sec                  
[ 25] 229.00-230.00 sec   181 KBytes  1.48 Mbits/sec                  
[ 25] 230.00-231.00 sec   209 KBytes  1.72 Mbits/sec                  
[ 25] 231.00-232.00 sec   209 KBytes  1.71 Mbits/sec                  
[ 25] 232.00-233.00 sec   165 KBytes  1.35 Mbits/sec                  
[ 25] 233.00-234.00 sec   221 KBytes  1.81 Mbits/sec                  
[ 25] 234.00-235.00 sec   178 KBytes  1.46 Mbits/sec                  
[ 25] 235.00-236.00 sec   214 KBytes  1.75 Mbits/sec                  
[ 25] 236.00-237.00 sec   180 KBytes  1.48 Mbits/sec                  
[ 25] 237.00-238.00 sec   187 KBytes  1.53 Mbits/sec                  
[ 25] 238.00-239.00 sec  0.00 Bytes  0.00 bits/sec                  
[ 25] 239.00-240.00 sec  77.8 KBytes   637 Kbits/sec                  
[ 25] 240.00-241.00 sec   245 KBytes  2.00 Mbits/sec                  
[ 25] 241.00-242.00 sec   416 KBytes  3.40 Mbits/sec                  
[ 25] 242.00-243.00 sec   269 KBytes  2.20 Mbits/sec                  
[ 25] 243.00-244.00 sec   140 KBytes  1.15 Mbits/sec                  
[ 25] 244.00-245.00 sec   123 KBytes  1.01 Mbits/sec                  
[ 25] 245.00-246.00 sec   146 KBytes  1.19 Mbits/sec                  
[ 25] 246.00-247.00 sec   139 KBytes  1.13 Mbits/sec                  
[ 25] 247.00-248.00 sec   134 KBytes  1.10 Mbits/sec                  
[ 25] 248.00-249.00 sec   134 KBytes  1.10 Mbits/sec                  
[ 25] 249.00-250.00 sec   132 KBytes  1.08 Mbits/sec                  
[ 25] 250.00-251.00 sec   134 KBytes  1.10 Mbits/sec                  
[ 25] 251.00-252.00 sec   140 KBytes  1.15 Mbits/sec                  
[ 25] 252.00-253.00 sec  21.2 KBytes   174 Kbits/sec                  
[ 25] 253.00-254.00 sec  0.00 Bytes  0.00 bits/sec                  
[ 25] 254.00-255.00 sec   188 KBytes  1.54 Mbits/sec                  
[ 25] 255.00-256.00 sec   376 KBytes  3.08 Mbits/sec                  
[ 25] 256.00-257.00 sec   134 KBytes  1.10 Mbits/sec                  
[ 25] 257.00-258.00 sec   168 KBytes  1.38 Mbits/sec                  
[ 25] 258.00-259.00 sec   182 KBytes  1.50 Mbits/sec                  
[ 25] 259.00-260.00 sec   136 KBytes  1.11 Mbits/sec                  
[ 25] 260.00-261.00 sec   188 KBytes  1.54 Mbits/sec                  
[ 25] 261.00-262.00 sec   139 KBytes  1.14 Mbits/sec                  
[ 25] 262.00-263.00 sec   175 KBytes  1.43 Mbits/sec                  
[ 25] 263.00-264.00 sec   141 KBytes  1.16 Mbits/sec                  
[ 25] 264.00-265.00 sec   141 KBytes  1.16 Mbits/sec                  
[ 25] 265.00-266.00 sec  0.00 Bytes  0.00 bits/sec                  
[ 25] 266.00-267.00 sec   122 KBytes   997 Kbits/sec                  
[ 25] 267.00-268.00 sec   139 KBytes  1.14 Mbits/sec                  
[ 25] 268.00-269.00 sec   397 KBytes  3.25 Mbits/sec                  
[ 25] 269.00-270.00 sec   182 KBytes  1.49 Mbits/sec                  
[ 25] 270.00-271.00 sec   154 KBytes  1.26 Mbits/sec                  
[ 25] 271.00-272.00 sec   180 KBytes  1.47 Mbits/sec                  
[ 25] 272.00-273.00 sec   161 KBytes  1.32 Mbits/sec                  
[ 25] 273.00-274.00 sec   171 KBytes  1.40 Mbits/sec                  
[ 25] 274.00-275.00 sec   110 KBytes   904 Kbits/sec                  
[ 25] 275.00-276.00 sec  0.00 Bytes  0.00 bits/sec                  
[ 25] 276.00-277.00 sec   110 KBytes   904 Kbits/sec                  
[ 25] 277.00-278.00 sec   428 KBytes  3.51 Mbits/sec                  
[ 25] 278.00-279.00 sec   182 KBytes  1.49 Mbits/sec                  
[ 25] 279.00-280.00 sec   151 KBytes  1.24 Mbits/sec                  
[ 25] 280.00-281.00 sec   178 KBytes  1.46 Mbits/sec                  
[ 25] 281.00-282.00 sec   187 KBytes  1.53 Mbits/sec                  
[ 25] 282.00-283.00 sec   103 KBytes   847 Kbits/sec                  
[ 25] 283.00-284.00 sec   221 KBytes  1.81 Mbits/sec                  
[ 25] 284.00-285.00 sec   168 KBytes  1.38 Mbits/sec                  
[ 25] 285.00-286.00 sec   144 KBytes  1.18 Mbits/sec                  
[ 25] 286.00-287.00 sec   177 KBytes  1.45 Mbits/sec                  
[ 25] 287.00-288.00 sec   180 KBytes  1.47 Mbits/sec                  
[ 25] 288.00-289.00 sec   177 KBytes  1.45 Mbits/sec                  
[ 25] 289.00-290.00 sec  0.00 Bytes  0.00 bits/sec                  
[ 25] 290.00-291.00 sec  19.8 KBytes   162 Kbits/sec                  
[ 25] 291.00-292.00 sec   305 KBytes  2.50 Mbits/sec                  
[ 25] 292.00-293.00 sec   451 KBytes  3.69 Mbits/sec                  
[ 25] 293.00-294.00 sec   191 KBytes  1.56 Mbits/sec                  
[ 25] 294.00-295.00 sec   189 KBytes  1.55 Mbits/sec                  
[ 25] 295.00-296.00 sec   222 KBytes  1.82 Mbits/sec                  
[ 25] 296.00-297.00 sec   189 KBytes  1.55 Mbits/sec                  
[ 25] 297.00-298.00 sec  38.2 KBytes   313 Kbits/sec                  
[ 25] 298.00-299.00 sec  0.00 Bytes  0.00 bits/sec                  
[ 25] 299.00-300.00 sec   281 KBytes  2.31 Mbits/sec                  
[ 25] 300.00-301.00 sec   509 KBytes  4.17 Mbits/sec                  
[ 25] 301.00-302.00 sec   195 KBytes  1.60 Mbits/sec                  
[ 25] 302.00-303.00 sec   212 KBytes  1.74 Mbits/sec                  
[ 25] 303.00-304.00 sec   174 KBytes  1.42 Mbits/sec                  
[ 25] 304.00-305.00 sec   255 KBytes  2.08 Mbits/sec                  
[ 25] 305.00-306.00 sec   154 KBytes  1.26 Mbits/sec                  
[ 25] 306.00-307.00 sec   243 KBytes  1.99 Mbits/sec                  
[ 25] 307.00-308.00 sec   180 KBytes  1.47 Mbits/sec                  
[ 25] 308.00-309.00 sec   222 KBytes  1.82 Mbits/sec                  
[ 25] 309.00-310.00 sec   211 KBytes  1.73 Mbits/sec                  
[ 25] 310.00-311.00 sec   197 KBytes  1.61 Mbits/sec                  
[ 25] 311.00-312.00 sec  65.0 KBytes   533 Kbits/sec                  
[ 25] 312.00-313.00 sec  0.00 Bytes  0.00 bits/sec                  
[ 25] 313.00-314.00 sec   215 KBytes  1.76 Mbits/sec                  
[ 25] 314.00-315.00 sec   246 KBytes  2.02 Mbits/sec                  
[ 25] 315.00-316.00 sec   455 KBytes  3.72 Mbits/sec                  
[ 25] 316.00-317.00 sec   180 KBytes  1.47 Mbits/sec                  
[ 25] 317.00-318.00 sec   242 KBytes  1.98 Mbits/sec                  
[ 25] 318.00-319.00 sec   195 KBytes  1.60 Mbits/sec                  
[ 25] 319.00-320.00 sec   230 KBytes  1.89 Mbits/sec                  
[ 25] 320.00-321.00 sec  11.3 KBytes  92.6 Kbits/sec                  
[ 25] 321.00-322.00 sec  0.00 Bytes  0.00 bits/sec                  
[ 25] 322.00-323.00 sec   276 KBytes  2.26 Mbits/sec                  
[ 25] 323.00-324.00 sec   536 KBytes  4.39 Mbits/sec                  
[ 25] 324.00-325.00 sec   223 KBytes  1.83 Mbits/sec                  
[ 25] 325.00-326.00 sec   215 KBytes  1.76 Mbits/sec                  
[ 25] 326.00-327.00 sec   187 KBytes  1.53 Mbits/sec                  
[ 25] 327.00-328.00 sec   228 KBytes  1.87 Mbits/sec                  
[ 25] 328.00-329.00 sec   205 KBytes  1.68 Mbits/sec                  
[ 25] 329.00-330.00 sec   228 KBytes  1.87 Mbits/sec                  
[ 25] 330.00-331.00 sec   161 KBytes  1.32 Mbits/sec                  
[ 25] 331.00-332.00 sec   247 KBytes  2.03 Mbits/sec                  
[ 25] 332.00-333.00 sec   177 KBytes  1.45 Mbits/sec                  
[ 25] 333.00-334.00 sec   233 KBytes  1.91 Mbits/sec                  
[ 25] 334.00-335.00 sec  18.4 KBytes   150 Kbits/sec                  
[ 25] 335.00-336.00 sec  0.00 Bytes  0.00 bits/sec                  
[ 25] 336.00-337.00 sec   311 KBytes  2.55 Mbits/sec                  
[ 25] 337.00-338.00 sec   478 KBytes  3.91 Mbits/sec                  
[ 25] 338.00-339.00 sec   249 KBytes  2.04 Mbits/sec                  
[ 25] 339.00-340.00 sec   252 KBytes  2.06 Mbits/sec                  
[ 25] 340.00-341.00 sec   274 KBytes  2.25 Mbits/sec                  
[ 25] 341.00-342.00 sec   280 KBytes  2.29 Mbits/sec                  
[ 25] 342.00-343.00 sec   168 KBytes  1.38 Mbits/sec                  
[ 25] 343.00-344.00 sec   348 KBytes  2.85 Mbits/sec                  
[ 25] 344.00-345.00 sec   272 KBytes  2.22 Mbits/sec                  
[ 25] 345.00-346.00 sec   266 KBytes  2.18 Mbits/sec                  
[ 25] 346.00-347.00 sec   266 KBytes  2.17 Mbits/sec                  
[ 25] 347.00-348.00 sec   252 KBytes  2.06 Mbits/sec                  
[ 25] 348.00-349.00 sec   267 KBytes  2.19 Mbits/sec                  
[ 25] 349.00-350.00 sec   253 KBytes  2.07 Mbits/sec                  
[ 25] 350.00-351.00 sec  15.6 KBytes   127 Kbits/sec                  
[ 25] 351.00-352.00 sec  0.00 Bytes  0.00 bits/sec                  
[ 25] 352.00-353.00 sec   400 KBytes  3.28 Mbits/sec                  
[ 25] 353.00-354.00 sec   615 KBytes  5.05 Mbits/sec                  
[ 25] 354.00-355.00 sec   253 KBytes  2.07 Mbits/sec                  
[ 25] 355.00-356.00 sec   272 KBytes  2.22 Mbits/sec                  
[ 25] 356.00-357.00 sec   315 KBytes  2.58 Mbits/sec                  
[ 25] 357.00-358.00 sec   290 KBytes  2.38 Mbits/sec                  
[ 25] 358.00-359.00 sec   286 KBytes  2.34 Mbits/sec                  
[ 25] 359.00-360.00 sec   208 KBytes  1.70 Mbits/sec                  
[ 25] 360.00-361.00 sec  0.00 Bytes  0.00 bits/sec                  
[ 25] 361.00-362.00 sec  93.3 KBytes   765 Kbits/sec                  
[ 25] 362.00-363.00 sec   468 KBytes  3.84 Mbits/sec                  
[ 25] 363.00-364.00 sec   615 KBytes  5.04 Mbits/sec                  
[ 25] 364.00-365.00 sec   272 KBytes  2.22 Mbits/sec                  
[ 25] 365.00-366.00 sec   315 KBytes  2.58 Mbits/sec                  
[ 25] 366.00-367.00 sec   216 KBytes  1.77 Mbits/sec                  
[ 25] 367.00-368.00 sec   344 KBytes  2.82 Mbits/sec                  
[ 25] 368.00-369.00 sec   228 KBytes  1.87 Mbits/sec                  
[ 25] 369.00-370.00 sec   279 KBytes  2.28 Mbits/sec                  
[ 25] 370.00-371.00 sec   304 KBytes  2.49 Mbits/sec                  
[ 25] 371.00-372.00 sec   218 KBytes  1.79 Mbits/sec                  
[ 25] 372.00-373.00 sec   329 KBytes  2.70 Mbits/sec                  
[ 25] 373.00-374.00 sec   195 KBytes  1.60 Mbits/sec                  
[ 25] 374.00-375.00 sec  29.7 KBytes   243 Kbits/sec                  
[ 25] 375.00-376.01 sec  0.00 Bytes  0.00 bits/sec                  
[ 25] 376.01-377.00 sec   454 KBytes  3.73 Mbits/sec                  
[ 25] 377.00-378.00 sec   515 KBytes  4.22 Mbits/sec                  
[ 25] 378.00-379.00 sec   259 KBytes  2.12 Mbits/sec                  
[ 25] 379.00-380.00 sec   287 KBytes  2.35 Mbits/sec                  
[ 25] 380.00-381.00 sec   236 KBytes  1.93 Mbits/sec                  
[ 25] 381.00-382.00 sec   303 KBytes  2.48 Mbits/sec                  
[ 25] 382.00-383.00 sec   163 KBytes  1.33 Mbits/sec                  
[ 25] 383.00-384.00 sec  0.00 Bytes  0.00 bits/sec                  
[ 25] 384.00-385.00 sec  56.6 KBytes   464 Kbits/sec                  
[ 25] 385.00-386.00 sec   788 KBytes  6.45 Mbits/sec                  
[ 25] 386.00-387.00 sec   262 KBytes  2.14 Mbits/sec                  
[ 25] 387.00-388.00 sec   245 KBytes  2.00 Mbits/sec                  
[ 25] 388.00-389.00 sec   310 KBytes  2.54 Mbits/sec                  
[ 25] 389.00-390.00 sec   262 KBytes  2.14 Mbits/sec                  
[ 25] 390.00-391.00 sec   346 KBytes  2.83 Mbits/sec                  
[ 25] 391.00-392.00 sec   358 KBytes  2.93 Mbits/sec                  
[ 25] 392.00-393.00 sec   182 KBytes  1.49 Mbits/sec                  
[ 25] 393.00-394.00 sec   335 KBytes  2.75 Mbits/sec                  
[ 25] 394.00-395.00 sec   238 KBytes  1.95 Mbits/sec                  
[ 25] 395.00-396.00 sec   255 KBytes  2.08 Mbits/sec                  
[ 25] 396.00-397.00 sec   280 KBytes  2.29 Mbits/sec                  
[ 25] 397.00-398.00 sec   197 KBytes  1.61 Mbits/sec                  
[ 25] 398.00-399.00 sec  0.00 Bytes  0.00 bits/sec                  
[ 25] 399.00-400.00 sec  0.00 Bytes  0.00 bits/sec                  
[ 25] 400.00-401.00 sec  66.5 KBytes   545 Kbits/sec                  
[ 25] 401.00-402.00 sec  0.00 Bytes  0.00 bits/sec                  
[ 25] 402.00-403.00 sec  1.41 KBytes  11.6 Kbits/sec                  
[ 25] 403.00-404.00 sec   127 KBytes  1.04 Mbits/sec                  
[ 25] 404.00-405.00 sec  97.6 KBytes   800 Kbits/sec                  
[ 25] 405.00-406.00 sec   298 KBytes  2.44 Mbits/sec                  
[ 25] 406.00-407.00 sec  1.01 MBytes  8.49 Mbits/sec                  
[ 25] 407.00-408.00 sec  0.00 Bytes  0.00 bits/sec                  
[ 25] 408.00-409.00 sec   228 KBytes  1.87 Mbits/sec                  
[ 25] 409.00-410.00 sec   451 KBytes  3.70 Mbits/sec                  
[ 25] 410.00-411.00 sec  0.00 Bytes  0.00 bits/sec                  
[ 25] 411.00-412.00 sec   609 KBytes  5.00 Mbits/sec                  
[ 25] 412.00-413.00 sec   180 KBytes  1.47 Mbits/sec                  
[ 25] 413.00-414.00 sec   230 KBytes  1.88 Mbits/sec                  
[ 25] 414.00-415.00 sec   204 KBytes  1.67 Mbits/sec                  
[ 25] 415.00-416.00 sec  42.4 KBytes   348 Kbits/sec                  
[ 25] 416.00-417.00 sec  96.2 KBytes   787 Kbits/sec                  
[ 25] 417.00-418.00 sec   305 KBytes  2.51 Mbits/sec                  
[ 25] 418.00-419.00 sec   144 KBytes  1.18 Mbits/sec                  
[ 25] 419.00-420.00 sec  76.4 KBytes   625 Kbits/sec                  
[ 25] 420.00-421.00 sec  65.0 KBytes   533 Kbits/sec                  
[ 25] 421.00-422.00 sec   279 KBytes  2.28 Mbits/sec                  
[ 25] 422.00-423.00 sec   129 KBytes  1.06 Mbits/sec                  
[ 25] 423.00-424.00 sec   113 KBytes   927 Kbits/sec                  
[ 25] 424.00-425.00 sec  0.00 Bytes  0.00 bits/sec                  
[ 25] 425.00-426.00 sec  0.00 Bytes  0.00 bits/sec                  
[ 25] 426.00-427.00 sec   335 KBytes  2.75 Mbits/sec                  
[ 25] 427.00-428.00 sec  89.1 KBytes   730 Kbits/sec                  
[ 25] 428.00-429.00 sec  0.00 Bytes  0.00 bits/sec                  
[ 25] 429.00-430.00 sec  0.00 Bytes  0.00 bits/sec                  
[ 25] 430.00-431.00 sec  4.24 KBytes  34.8 Kbits/sec                  
[ 25] 431.00-432.00 sec   202 KBytes  1.66 Mbits/sec                  
[ 25] 432.00-433.00 sec  0.00 Bytes  0.00 bits/sec                  
[ 25] 433.00-434.00 sec  79.2 KBytes   649 Kbits/sec                  
[ 25] 434.00-435.00 sec  91.9 KBytes   753 Kbits/sec                  
[ 25] 435.00-436.00 sec  63.6 KBytes   522 Kbits/sec                  
[ 25] 436.00-437.00 sec  0.00 Bytes  0.00 bits/sec                  
[ 25] 437.00-438.00 sec  1.41 KBytes  11.6 Kbits/sec                  
[ 25] 438.00-439.00 sec  87.7 KBytes   719 Kbits/sec                  
[ 25] 439.00-440.00 sec  76.4 KBytes   625 Kbits/sec                  
[ 25] 440.00-441.00 sec  29.7 KBytes   243 Kbits/sec                  
[ 25] 441.00-442.00 sec  12.7 KBytes   104 Kbits/sec                  
[ 25] 442.00-443.00 sec  2.83 KBytes  23.2 Kbits/sec                  
[ 25] 443.00-444.00 sec  49.5 KBytes   406 Kbits/sec                  
[ 25] 444.00-445.00 sec  0.00 Bytes  0.00 bits/sec                  
[ 25] 445.00-446.00 sec  18.4 KBytes   151 Kbits/sec                  
[ 25] 446.00-447.00 sec  17.0 KBytes   139 Kbits/sec                  
[ 25] 447.00-448.00 sec  12.7 KBytes   104 Kbits/sec                  
[ 25] 448.00-449.00 sec  8.48 KBytes  69.6 Kbits/sec                  
[ 25] 449.00-450.00 sec  11.3 KBytes  92.7 Kbits/sec                  
[ 25] 450.00-451.00 sec  0.00 Bytes  0.00 bits/sec                  
[ 25] 451.00-452.00 sec  5.66 KBytes  46.4 Kbits/sec                  
[ 25] 452.00-453.00 sec  9.90 KBytes  80.9 Kbits/sec                  
[ 25] 453.00-454.00 sec  0.00 Bytes  0.00 bits/sec                  
[ 25] 454.00-455.00 sec  11.3 KBytes  92.8 Kbits/sec                  
[ 25] 455.00-456.00 sec  1.41 KBytes  11.6 Kbits/sec                  
[ 25] 456.00-457.00 sec  4.24 KBytes  34.7 Kbits/sec                  
[ 25] 457.00-458.00 sec  2.83 KBytes  23.2 Kbits/sec                  
[ 25] 458.00-459.00 sec  4.24 KBytes  34.8 Kbits/sec                  
[ 25] 459.00-460.00 sec  4.24 KBytes  34.8 Kbits/sec                  
[ 25] 460.00-461.00 sec  0.00 Bytes  0.00 bits/sec                  
[ 25] 461.00-462.00 sec  0.00 Bytes  0.00 bits/sec                  
[ 25] 462.00-463.00 sec  0.00 Bytes  0.00 bits/sec                  
[ 25] 463.00-464.00 sec  0.00 Bytes  0.00 bits/sec                  
[ 25] 464.00-465.00 sec  0.00 Bytes  0.00 bits/sec                  
[ 25] 465.00-466.00 sec  32.5 KBytes   267 Kbits/sec                  
[ 25] 466.00-467.00 sec  8.48 KBytes  69.5 Kbits/sec                  
[ 25] 467.00-468.00 sec  2.83 KBytes  23.2 Kbits/sec                  
[ 25] 468.00-469.00 sec  0.00 Bytes  0.00 bits/sec                  
[ 25] 469.00-470.00 sec  0.00 Bytes  0.00 bits/sec                  
[ 25] 470.00-471.00 sec  2.83 KBytes  23.2 Kbits/sec                  
[ 25] 471.00-472.00 sec  17.0 KBytes   139 Kbits/sec                  
[ 25] 472.00-473.00 sec  2.83 KBytes  23.2 Kbits/sec                  
[ 25] 473.00-474.00 sec  8.48 KBytes  69.5 Kbits/sec                  
[ 25] 474.00-475.00 sec  4.24 KBytes  34.8 Kbits/sec                  
[ 25] 475.00-476.00 sec  0.00 Bytes  0.00 bits/sec                  
[ 25] 476.00-477.00 sec  15.6 KBytes   128 Kbits/sec                  
[ 25] 477.00-478.00 sec  0.00 Bytes  0.00 bits/sec                  
[ 25] 478.00-479.00 sec  0.00 Bytes  0.00 bits/sec                  
[ 25] 479.00-480.00 sec  7.07 KBytes  58.0 Kbits/sec                  
[ 25] 480.00-481.00 sec  0.00 Bytes  0.00 bits/sec                  
[ 25] 481.00-482.00 sec  12.7 KBytes   104 Kbits/sec                  
[ 25] 482.00-483.00 sec  0.00 Bytes  0.00 bits/sec                  
[ 25] 483.00-484.00 sec  7.07 KBytes  57.9 Kbits/sec                  
[ 25] 484.00-485.00 sec  0.00 Bytes  0.00 bits/sec                  
[ 25] 485.00-486.00 sec  0.00 Bytes  0.00 bits/sec                  
[ 25] 486.00-487.00 sec  19.8 KBytes   162 Kbits/sec                  
[ 25] 487.00-488.00 sec  0.00 Bytes  0.00 bits/sec                  
[ 25] 488.00-489.00 sec  9.90 KBytes  81.2 Kbits/sec                  
[ 25] 489.00-490.00 sec  0.00 Bytes  0.00 bits/sec                  
[ 25] 490.00-491.00 sec  9.90 KBytes  81.1 Kbits/sec                  
[ 25] 491.00-492.00 sec  0.00 Bytes  0.00 bits/sec                  
[ 25] 492.00-493.00 sec  0.00 Bytes  0.00 bits/sec                  
[ 25] 493.00-494.00 sec  0.00 Bytes  0.00 bits/sec                  
[ 25] 494.00-495.00 sec  25.5 KBytes   209 Kbits/sec                  
[ 25] 495.00-496.00 sec  8.48 KBytes  69.5 Kbits/sec                  
[ 25] 496.00-497.00 sec  4.24 KBytes  34.7 Kbits/sec                  
[ 25] 497.00-498.00 sec  15.6 KBytes   127 Kbits/sec                  
[ 25] 498.00-499.00 sec  0.00 Bytes  0.00 bits/sec                  
[ 25] 499.00-500.00 sec  5.66 KBytes  46.4 Kbits/sec                  
[ 25] 500.00-501.00 sec  0.00 Bytes  0.00 bits/sec                  
[ 25] 501.00-502.00 sec  14.1 KBytes   116 Kbits/sec                  
[ 25] 502.00-503.00 sec  0.00 Bytes  0.00 bits/sec                  
[ 25] 503.00-504.00 sec  0.00 Bytes  0.00 bits/sec                  
[ 25] 504.00-505.00 sec  9.90 KBytes  81.1 Kbits/sec                  
[ 25] 505.00-506.00 sec  0.00 Bytes  0.00 bits/sec                  
[ 25] 506.00-507.00 sec  1.41 KBytes  11.6 Kbits/sec                  
[ 25] 507.00-508.00 sec  14.1 KBytes   116 Kbits/sec                  
[ 25] 508.00-509.00 sec  0.00 Bytes  0.00 bits/sec                  
[ 25] 509.00-510.00 sec  14.1 KBytes   116 Kbits/sec                  
[ 25] 510.00-511.00 sec  9.90 KBytes  81.1 Kbits/sec                  
[ 25] 511.00-512.00 sec  0.00 Bytes  0.00 bits/sec                  
[ 25] 512.00-513.00 sec  15.6 KBytes   127 Kbits/sec                  
[ 25] 513.00-514.00 sec  1.41 KBytes  11.6 Kbits/sec                  
[ 25] 514.00-515.00 sec  1.41 KBytes  11.6 Kbits/sec                  
[ 25] 515.00-516.00 sec  0.00 Bytes  0.00 bits/sec                  
[ 25] 516.00-517.00 sec  26.9 KBytes   220 Kbits/sec                  
[ 25] 517.00-518.00 sec  1.41 KBytes  11.6 Kbits/sec                  
[ 25] 518.00-519.00 sec  17.0 KBytes   139 Kbits/sec                  
[ 25] 519.00-520.00 sec  11.3 KBytes  92.6 Kbits/sec                  
[ 25] 520.00-521.00 sec  5.66 KBytes  46.4 Kbits/sec                  
[ 25] 521.00-522.00 sec  7.07 KBytes  57.9 Kbits/sec                  
[ 25] 522.00-523.00 sec  15.6 KBytes   127 Kbits/sec                  
[ 25] 523.00-524.00 sec  24.0 KBytes   197 Kbits/sec                  
[ 25] 524.00-525.00 sec  15.6 KBytes   127 Kbits/sec                  
[ 25] 525.00-526.00 sec  15.6 KBytes   127 Kbits/sec                  
[ 25] 526.00-527.00 sec  0.00 Bytes  0.00 bits/sec                  
[ 25] 527.00-528.00 sec  0.00 Bytes  0.00 bits/sec                  
[ 25] 528.00-529.00 sec  91.9 KBytes   753 Kbits/sec                  
[ 25] 529.00-530.00 sec  26.9 KBytes   220 Kbits/sec                  
[ 25] 530.00-531.00 sec  42.4 KBytes   347 Kbits/sec                  
[ 25] 531.00-532.00 sec  0.00 Bytes  0.00 bits/sec                  
[ 25] 532.00-533.00 sec  0.00 Bytes  0.00 bits/sec                  
[ 25] 533.00-534.00 sec  24.0 KBytes   198 Kbits/sec                  
[ 25] 534.00-535.00 sec  0.00 Bytes  0.00 bits/sec                  
[ 25] 535.00-536.00 sec  17.0 KBytes   139 Kbits/sec                  
[ 25] 536.00-537.00 sec  0.00 Bytes  0.00 bits/sec                  
[ 25] 537.00-538.00 sec  29.7 KBytes   243 Kbits/sec                  
[ 25] 538.00-539.00 sec  14.1 KBytes   116 Kbits/sec                  
[ 25] 539.00-540.00 sec  15.6 KBytes   127 Kbits/sec                  
[ 25] 540.00-541.00 sec  18.4 KBytes   151 Kbits/sec                  
[ 25] 541.00-542.00 sec  14.1 KBytes   116 Kbits/sec                  
[ 25] 542.00-543.00 sec  11.3 KBytes  92.6 Kbits/sec                  
[ 25] 543.00-544.00 sec  0.00 Bytes  0.00 bits/sec                  
[ 25] 544.00-545.00 sec  38.2 KBytes   313 Kbits/sec                  
[ 25] 545.00-546.00 sec  38.2 KBytes   313 Kbits/sec                  
[ 25] 546.00-547.00 sec  0.00 Bytes  0.00 bits/sec                  
[ 25] 547.00-548.00 sec  36.8 KBytes   301 Kbits/sec                  
[ 25] 548.00-549.00 sec  22.6 KBytes   185 Kbits/sec                  
[ 25] 549.00-550.00 sec  0.00 Bytes  0.00 bits/sec                  
[ 25] 550.00-551.00 sec  17.0 KBytes   139 Kbits/sec                  
[ 25] 551.00-552.00 sec  7.07 KBytes  57.9 Kbits/sec                  
[ 25] 552.00-553.00 sec  14.1 KBytes   116 Kbits/sec                  
[ 25] 553.00-554.00 sec  21.2 KBytes   174 Kbits/sec                  
[ 25] 554.00-555.00 sec  5.66 KBytes  46.3 Kbits/sec                  
[ 25] 555.00-556.00 sec  14.1 KBytes   116 Kbits/sec                  
[ 25] 556.00-557.00 sec  1.41 KBytes  11.6 Kbits/sec                  
[ 25] 557.00-558.00 sec  0.00 Bytes  0.00 bits/sec                  
[ 25] 558.00-559.00 sec  15.6 KBytes   127 Kbits/sec                  
[ 25] 559.00-560.00 sec  17.0 KBytes   139 Kbits/sec                  
[ 25] 560.00-561.00 sec  0.00 Bytes  0.00 bits/sec                  
[ 25] 561.00-562.00 sec  12.7 KBytes   104 Kbits/sec                  
[ 25] 562.00-563.00 sec  15.6 KBytes   128 Kbits/sec                  
[ 25] 563.00-564.00 sec  0.00 Bytes  0.00 bits/sec                  
[ 25] 564.00-565.00 sec  19.8 KBytes   162 Kbits/sec                  
[ 25] 565.00-566.00 sec  9.90 KBytes  81.1 Kbits/sec                  
[ 25] 566.00-567.00 sec  11.3 KBytes  92.6 Kbits/sec                  
[ 25] 567.00-568.00 sec  0.00 Bytes  0.00 bits/sec                  
[ 25] 568.00-569.00 sec  0.00 Bytes  0.00 bits/sec                  
[ 25] 569.00-570.00 sec  39.6 KBytes   325 Kbits/sec                  
[ 25] 570.00-571.00 sec  35.4 KBytes   290 Kbits/sec                  
[ 25] 571.00-572.00 sec  17.0 KBytes   139 Kbits/sec                  
[ 25] 572.00-573.00 sec  35.4 KBytes   290 Kbits/sec                  
[ 25] 573.00-574.00 sec  0.00 Bytes  0.00 bits/sec                  
[ 25] 574.00-575.00 sec  39.6 KBytes   324 Kbits/sec                  
[ 25] 575.00-576.00 sec  17.0 KBytes   139 Kbits/sec                  
[ 25] 576.00-577.00 sec  26.9 KBytes   221 Kbits/sec                  
[ 25] 577.00-578.00 sec  5.66 KBytes  46.3 Kbits/sec                  
[ 25] 578.00-579.00 sec  0.00 Bytes  0.00 bits/sec                  
[ 25] 579.00-580.00 sec  90.5 KBytes   742 Kbits/sec                  
[ 25] 580.00-581.00 sec  15.6 KBytes   127 Kbits/sec                  
[ 25] 581.00-582.00 sec  32.5 KBytes   266 Kbits/sec                  
[ 25] 582.00-583.00 sec  35.4 KBytes   290 Kbits/sec                  
[ 25] 583.00-584.00 sec  7.07 KBytes  57.9 Kbits/sec                  
[ 25] 584.00-585.00 sec  70.7 KBytes   580 Kbits/sec                  
[ 25] 585.00-586.00 sec  0.00 Bytes  0.00 bits/sec                  
[ 25] 586.00-587.00 sec  0.00 Bytes  0.00 bits/sec                  
[ 25] 587.00-588.00 sec  69.3 KBytes   568 Kbits/sec                  
[ 25] 588.00-589.00 sec  2.83 KBytes  23.2 Kbits/sec                  
[ 25] 589.00-590.00 sec  26.9 KBytes   220 Kbits/sec                  
[ 25] 590.00-591.00 sec  0.00 Bytes  0.00 bits/sec                  
[ 25] 591.00-592.00 sec  17.0 KBytes   139 Kbits/sec                  
[ 25] 592.00-593.00 sec  35.4 KBytes   290 Kbits/sec                  
[ 25] 593.00-594.00 sec  9.90 KBytes  81.0 Kbits/sec                  
[ 25] 594.00-595.00 sec  26.9 KBytes   220 Kbits/sec                  
[ 25] 595.00-596.00 sec   146 KBytes  1.19 Mbits/sec                  
[ 25] 596.00-597.00 sec   158 KBytes  1.30 Mbits/sec                  
[ 25] 597.00-598.00 sec   157 KBytes  1.29 Mbits/sec                  
[ 25] 598.00-599.00 sec   127 KBytes  1.04 Mbits/sec                  
[ 25] 599.00-600.00 sec   161 KBytes  1.32 Mbits/sec                  
[ 25] 600.00-601.00 sec   165 KBytes  1.35 Mbits/sec                  
[ 25] 601.00-602.00 sec   136 KBytes  1.11 Mbits/sec                  
[ 25] 602.00-603.00 sec   148 KBytes  1.22 Mbits/sec                  
[ 25] 603.00-604.00 sec   184 KBytes  1.51 Mbits/sec                  
[ 25] 604.00-605.00 sec   232 KBytes  1.90 Mbits/sec                  
[ 25] 605.00-606.00 sec  72.1 KBytes   591 Kbits/sec                  
[ 25] 606.00-607.00 sec  0.00 Bytes  0.00 bits/sec                  
[ 25] 607.00-608.00 sec   290 KBytes  2.38 Mbits/sec                  
[ 25] 608.00-609.00 sec   119 KBytes   973 Kbits/sec                  
[ 25] 609.00-610.00 sec  4.24 KBytes  34.7 Kbits/sec                  
[ 25] 610.00-611.00 sec   469 KBytes  3.85 Mbits/sec                  
[ 25] 611.00-612.00 sec   197 KBytes  1.61 Mbits/sec                  
[ 25] 612.00-613.00 sec   287 KBytes  2.35 Mbits/sec                  
[ 25] 613.00-614.00 sec   205 KBytes  1.68 Mbits/sec                  
[ 25] 614.00-615.00 sec   197 KBytes  1.61 Mbits/sec                  
[ 25] 615.00-616.00 sec   191 KBytes  1.56 Mbits/sec                  
[ 25] 616.00-617.00 sec  83.4 KBytes   684 Kbits/sec                  
[ 25] 617.00-618.00 sec   141 KBytes  1.16 Mbits/sec                  
[ 25] 618.00-619.00 sec  0.00 Bytes  0.00 bits/sec                  
[ 25] 619.00-620.00 sec  4.24 KBytes  34.8 Kbits/sec                  
[ 25] 620.00-621.00 sec   441 KBytes  3.62 Mbits/sec                  
[ 25] 621.00-622.00 sec   147 KBytes  1.21 Mbits/sec                  
[ 25] 622.00-623.00 sec   122 KBytes   996 Kbits/sec                  
[ 25] 623.00-624.00 sec  60.8 KBytes   498 Kbits/sec                  
[ 25] 624.00-625.00 sec  77.8 KBytes   637 Kbits/sec                  
[ 25] 625.00-626.00 sec   134 KBytes  1.10 Mbits/sec                  
[ 25] 626.00-627.00 sec  31.1 KBytes   255 Kbits/sec                  
[ 25] 627.00-628.00 sec  94.7 KBytes   777 Kbits/sec                  
[ 25] 628.00-629.00 sec  0.00 Bytes  0.00 bits/sec                  
[ 25] 629.00-630.00 sec   228 KBytes  1.87 Mbits/sec                  
[ 25] 630.00-631.00 sec   100 KBytes   822 Kbits/sec                  
[ 25] 631.00-632.00 sec  63.6 KBytes   521 Kbits/sec                  
[ 25] 632.00-633.00 sec   117 KBytes   961 Kbits/sec                  
[ 25] 633.00-634.00 sec   140 KBytes  1.15 Mbits/sec                  
[ 25] 634.00-635.00 sec  91.9 KBytes   753 Kbits/sec                  
[ 25] 635.00-636.00 sec  67.9 KBytes   556 Kbits/sec                  
[ 25] 636.00-637.00 sec   139 KBytes  1.13 Mbits/sec                  
[ 25] 637.00-638.00 sec   110 KBytes   904 Kbits/sec                  
[ 25] 638.00-639.00 sec  76.4 KBytes   625 Kbits/sec                  
[ 25] 639.00-640.00 sec   143 KBytes  1.17 Mbits/sec                  
[ 25] 640.00-641.00 sec  73.5 KBytes   603 Kbits/sec                  
[ 25] 641.00-642.00 sec  0.00 Bytes  0.00 bits/sec                  
[ 25] 642.00-643.00 sec   157 KBytes  1.29 Mbits/sec                  
[ 25] 643.00-644.00 sec   287 KBytes  2.35 Mbits/sec                  
[ 25] 644.00-645.00 sec   144 KBytes  1.18 Mbits/sec                  
[ 25] 645.00-645.36 sec  38.2 KBytes   865 Kbits/sec                  
- - - - - - - - - - - - - - - - - - - - - - - - -
[ ID] Interval           Transfer     Bandwidth
[ 25]   0.00-645.36 sec  0.00 Bytes  0.00 bits/sec                  sender
[ 25]   0.00-645.36 sec  76.8 MBytes   998 Kbits/sec                  receiver
