-----------------------------------------------------------
Server listening on 5204
-----------------------------------------------------------
Accepted connection from 10.0.0.1, port 60841
[  5] local 10.0.0.2 port 5204 connected to 10.0.0.1 port 46116
[ ID] Interval           Transfer     Bandwidth
[  5]   0.00-1.00   sec  14.1 KBytes   116 Kbits/sec                  
[  5]   1.00-2.00   sec   116 KBytes   950 Kbits/sec                  
[  5]   2.00-3.00   sec  96.2 KBytes   787 Kbits/sec                  
[  5]   3.00-4.00   sec   106 KBytes   869 Kbits/sec                  
[  5]   4.00-5.00   sec   119 KBytes   973 Kbits/sec                  
[  5]   5.00-6.00   sec   157 KBytes  1.29 Mbits/sec                  
[  5]   6.00-7.00   sec   107 KBytes   880 Kbits/sec                  
[  5]   7.00-8.00   sec   136 KBytes  1.11 Mbits/sec                  
[  5]   8.00-9.00   sec   180 KBytes  1.47 Mbits/sec                  
[  5]   9.00-10.00  sec   243 KBytes  1.99 Mbits/sec                  
[  5]  10.00-11.00  sec   338 KBytes  2.77 Mbits/sec                  
[  5]  11.00-12.00  sec  15.6 KBytes   127 Kbits/sec                  
[  5]  12.00-13.00  sec  0.00 Bytes  0.00 bits/sec                  
[  5]  13.00-14.00  sec   506 KBytes  4.15 Mbits/sec                  
[  5]  14.00-15.00  sec   568 KBytes  4.66 Mbits/sec                  
[  5]  15.00-16.00  sec  21.2 KBytes   174 Kbits/sec                  
[  5]  16.00-17.00  sec   385 KBytes  3.15 Mbits/sec                  
[  5]  17.00-18.00  sec   403 KBytes  3.30 Mbits/sec                  
[  5]  18.00-19.00  sec  32.5 KBytes   266 Kbits/sec                  
[  5]  19.00-20.00  sec   477 KBytes  3.91 Mbits/sec                  
[  5]  20.00-21.00  sec   257 KBytes  2.11 Mbits/sec                  
[  5]  21.00-22.00  sec   242 KBytes  1.98 Mbits/sec                  
[  5]  22.00-23.00  sec   437 KBytes  3.57 Mbits/sec                  
[  5]  23.00-24.00  sec  70.7 KBytes   580 Kbits/sec                  
[  5]  24.00-25.00  sec   508 KBytes  4.16 Mbits/sec                  
[  5]  25.00-26.00  sec  8.48 KBytes  69.5 Kbits/sec                  
[  5]  26.00-27.00  sec   535 KBytes  4.38 Mbits/sec                  
[  5]  27.00-28.00  sec  7.07 KBytes  57.9 Kbits/sec                  
[  5]  28.00-29.00  sec   563 KBytes  4.61 Mbits/sec                  
[  5]  29.00-30.00  sec  42.4 KBytes   347 Kbits/sec                  
[  5]  30.00-31.00  sec   109 KBytes   891 Kbits/sec                  
[  5]  31.00-32.00  sec  0.00 Bytes  0.00 bits/sec                  
[  5]  32.00-33.00  sec  0.00 Bytes  0.00 bits/sec                  
[  5]  33.00-34.00  sec  0.00 Bytes  0.00 bits/sec                  
[  5]  34.00-35.00  sec  0.00 Bytes  0.00 bits/sec                  
[  5]  35.00-36.00  sec   182 KBytes  1.50 Mbits/sec                  
[  5]  36.00-37.00  sec  0.00 Bytes  0.00 bits/sec                  
[  5]  37.00-38.00  sec  1.12 MBytes  9.42 Mbits/sec                  
[  5]  38.00-39.00  sec   283 KBytes  2.32 Mbits/sec                  
[  5]  39.00-40.00  sec   392 KBytes  3.21 Mbits/sec                  
[  5]  40.00-41.00  sec   165 KBytes  1.35 Mbits/sec                  
[  5]  41.00-42.00  sec   246 KBytes  2.02 Mbits/sec                  
[  5]  42.00-43.00  sec   103 KBytes   845 Kbits/sec                  
[  5]  43.00-44.00  sec   277 KBytes  2.27 Mbits/sec                  
[  5]  44.00-45.00  sec  52.3 KBytes   428 Kbits/sec                  
[  5]  45.00-46.00  sec  0.00 Bytes  0.00 bits/sec                  
[  5]  46.00-47.00  sec   185 KBytes  1.52 Mbits/sec                  
[  5]  47.00-48.00  sec   184 KBytes  1.51 Mbits/sec                  
[  5]  48.00-49.00  sec  0.00 Bytes  0.00 bits/sec                  
[  5]  49.00-50.00  sec   537 KBytes  4.40 Mbits/sec                  
[  5]  50.00-51.00  sec   296 KBytes  2.42 Mbits/sec                  
[  5]  51.00-52.00  sec   352 KBytes  2.89 Mbits/sec                  
[  5]  52.00-53.00  sec   612 KBytes  5.02 Mbits/sec                  
[  5]  53.00-54.00  sec   180 KBytes  1.47 Mbits/sec                  
[  5]  54.00-55.00  sec   158 KBytes  1.30 Mbits/sec                  
[  5]  55.00-56.00  sec   173 KBytes  1.41 Mbits/sec                  
[  5]  56.00-57.00  sec   161 KBytes  1.32 Mbits/sec                  
[  5]  57.00-58.00  sec   139 KBytes  1.13 Mbits/sec                  
[  5]  58.00-59.00  sec   163 KBytes  1.33 Mbits/sec                  
[  5]  59.00-60.00  sec   188 KBytes  1.54 Mbits/sec                  
[  5]  60.00-61.00  sec   124 KBytes  1.02 Mbits/sec                  
[  5]  61.00-62.00  sec   181 KBytes  1.48 Mbits/sec                  
[  5]  62.00-63.00  sec   153 KBytes  1.25 Mbits/sec                  
[  5]  63.00-64.01  sec   151 KBytes  1.23 Mbits/sec                  
[  5]  64.01-65.00  sec  0.00 Bytes  0.00 bits/sec                  
[  5]  65.00-66.00  sec  0.00 Bytes  0.00 bits/sec                  
[  5]  66.00-67.00  sec  1.41 KBytes  11.6 Kbits/sec                  
[  5]  67.00-68.00  sec   297 KBytes  2.43 Mbits/sec                  
[  5]  68.00-69.00  sec  1.01 MBytes  8.48 Mbits/sec                  
[  5]  69.00-70.00  sec   477 KBytes  3.90 Mbits/sec                  
[  5]  70.00-71.00  sec   411 KBytes  3.37 Mbits/sec                  
[  5]  71.00-72.00  sec   484 KBytes  3.96 Mbits/sec                  
[  5]  72.00-73.00  sec   501 KBytes  4.10 Mbits/sec                  
[  5]  73.00-74.00  sec   400 KBytes  3.28 Mbits/sec                  
[  5]  74.00-75.00  sec   461 KBytes  3.78 Mbits/sec                  
[  5]  75.00-76.00  sec   499 KBytes  4.09 Mbits/sec                  
[  5]  76.00-77.00  sec   392 KBytes  3.21 Mbits/sec                  
[  5]  77.00-78.00  sec   553 KBytes  4.52 Mbits/sec                  
[  5]  78.00-79.00  sec   407 KBytes  3.34 Mbits/sec                  
[  5]  79.00-80.00  sec   594 KBytes  4.87 Mbits/sec                  
[  5]  80.00-81.00  sec   560 KBytes  4.59 Mbits/sec                  
[  5]  81.00-82.00  sec   544 KBytes  4.46 Mbits/sec                  
[  5]  82.00-83.00  sec   576 KBytes  4.71 Mbits/sec                  
[  5]  83.00-84.00  sec   566 KBytes  4.63 Mbits/sec                  
[  5]  84.00-85.00  sec   413 KBytes  3.39 Mbits/sec                  
[  5]  85.00-86.00  sec   337 KBytes  2.75 Mbits/sec                  
[  5]  86.00-87.00  sec   205 KBytes  1.68 Mbits/sec                  
[  5]  87.00-88.00  sec   769 KBytes  6.30 Mbits/sec                  
[  5]  88.00-89.00  sec  1.03 MBytes  8.62 Mbits/sec                  
[  5]  89.00-90.00  sec   720 KBytes  5.90 Mbits/sec                  
[  5]  90.00-91.00  sec   669 KBytes  5.48 Mbits/sec                  
[  5]  91.00-92.00  sec   215 KBytes  1.76 Mbits/sec                  
[  5]  92.00-93.00  sec  86.3 KBytes   707 Kbits/sec                  
[  5]  93.00-94.00  sec  1.49 MBytes  12.5 Mbits/sec                  
[  5]  94.00-95.00  sec   666 KBytes  5.46 Mbits/sec                  
[  5]  95.00-96.00  sec   597 KBytes  4.89 Mbits/sec                  
[  5]  96.00-97.00  sec   601 KBytes  4.92 Mbits/sec                  
[  5]  97.00-98.00  sec   495 KBytes  4.05 Mbits/sec                  
[  5]  98.00-99.00  sec   670 KBytes  5.49 Mbits/sec                  
[  5]  99.00-100.00 sec   684 KBytes  5.61 Mbits/sec                  
[  5] 100.00-101.00 sec   595 KBytes  4.88 Mbits/sec                  
[  5] 101.00-102.00 sec   474 KBytes  3.88 Mbits/sec                  
[  5] 102.00-103.00 sec   737 KBytes  6.03 Mbits/sec                  
[  5] 103.00-104.00 sec   650 KBytes  5.33 Mbits/sec                  
[  5] 104.00-105.00 sec   537 KBytes  4.40 Mbits/sec                  
[  5] 105.00-106.00 sec   559 KBytes  4.58 Mbits/sec                  
[  5] 106.00-107.00 sec   725 KBytes  5.94 Mbits/sec                  
[  5] 107.00-108.00 sec  0.00 Bytes  0.00 bits/sec                  
[  5] 108.00-109.00 sec   141 KBytes  1.16 Mbits/sec                  
[  5] 109.00-110.00 sec   672 KBytes  5.50 Mbits/sec                  
[  5] 110.00-111.00 sec   897 KBytes  7.34 Mbits/sec                  
[  5] 111.00-112.00 sec  0.00 Bytes  0.00 bits/sec                  
[  5] 112.00-113.00 sec  9.90 KBytes  81.2 Kbits/sec                  
[  5] 113.00-114.00 sec  0.00 Bytes  0.00 bits/sec                  
[  5] 114.00-115.00 sec   252 KBytes  2.06 Mbits/sec                  
[  5] 115.00-116.00 sec  0.00 Bytes  0.00 bits/sec                  
[  5] 116.00-117.00 sec  0.00 Bytes  0.00 bits/sec                  
[  5] 117.00-118.00 sec  1.41 KBytes  11.6 Kbits/sec                  
[  5] 118.00-119.00 sec  8.48 KBytes  69.5 Kbits/sec                  
[  5] 119.00-120.00 sec  0.00 Bytes  0.00 bits/sec                  
[  5] 120.00-121.00 sec  1.41 KBytes  11.6 Kbits/sec                  
[  5] 121.00-122.00 sec  0.00 Bytes  0.00 bits/sec                  
[  5] 122.00-123.00 sec  1.32 MBytes  11.1 Mbits/sec                  
[  5] 123.00-124.00 sec  1.41 KBytes  11.6 Kbits/sec                  
[  5] 124.00-125.00 sec  0.00 Bytes  0.00 bits/sec                  
[  5] 125.00-126.00 sec  1.28 MBytes  10.7 Mbits/sec                  
[  5] 126.00-127.00 sec  14.1 KBytes   116 Kbits/sec                  
[  5] 127.00-128.00 sec   675 KBytes  5.53 Mbits/sec                  
[  5] 128.00-129.00 sec   158 KBytes  1.30 Mbits/sec                  
[  5] 129.00-130.00 sec   160 KBytes  1.31 Mbits/sec                  
[  5] 130.00-131.00 sec   238 KBytes  1.95 Mbits/sec                  
[  5] 131.00-132.00 sec   274 KBytes  2.25 Mbits/sec                  
[  5] 132.00-133.00 sec   250 KBytes  2.05 Mbits/sec                  
[  5] 133.00-134.00 sec  0.00 Bytes  0.00 bits/sec                  
[  5] 134.00-135.00 sec   283 KBytes  2.32 Mbits/sec                  
[  5] 135.00-136.00 sec   327 KBytes  2.68 Mbits/sec                  
[  5] 136.00-137.00 sec   154 KBytes  1.26 Mbits/sec                  
[  5] 137.00-138.00 sec   119 KBytes   972 Kbits/sec                  
[  5] 138.00-139.00 sec   222 KBytes  1.82 Mbits/sec                  
[  5] 139.00-140.00 sec   139 KBytes  1.14 Mbits/sec                  
[  5] 140.00-141.00 sec  7.07 KBytes  58.0 Kbits/sec                  
[  5] 141.00-142.00 sec   134 KBytes  1.10 Mbits/sec                  
[  5] 142.00-143.00 sec  15.6 KBytes   127 Kbits/sec                  
[  5] 143.00-144.00 sec   146 KBytes  1.19 Mbits/sec                  
[  5] 144.00-145.00 sec   270 KBytes  2.21 Mbits/sec                  
[  5] 145.00-146.00 sec   110 KBytes   904 Kbits/sec                  
[  5] 146.00-146.27 sec  2.83 KBytes  87.2 Kbits/sec                  
- - - - - - - - - - - - - - - - - - - - - - - - -
[ ID] Interval           Transfer     Bandwidth
[  5]   0.00-146.27 sec  0.00 Bytes  0.00 bits/sec                  sender
[  5]   0.00-146.27 sec  43.6 MBytes  2.50 Mbits/sec                  receiver
