Connecting to host 10.0.0.2, port 5206
[  4] local 10.0.0.1 port 46120 connected to 10.0.0.2 port 5206
[ ID] Interval           Transfer     Bandwidth       Retr  Cwnd
[  4]   0.00-1.00   sec   305 KBytes  2.50 Mbits/sec    0   42.4 KBytes       
[  4]   1.00-2.00   sec   134 KBytes  1.10 Mbits/sec    0   46.7 KBytes       
[  4]   2.00-3.00   sec   127 KBytes  1.04 Mbits/sec    0   52.3 KBytes       
[  4]   3.00-4.00   sec  63.6 KBytes   520 Kbits/sec    0   56.6 KBytes       
[  4]   4.00-5.00   sec   127 KBytes  1.04 Mbits/sec    0   69.3 KBytes       
[  4]   5.00-6.00   sec   191 KBytes  1.56 Mbits/sec    0   94.7 KBytes       
[  4]   6.00-7.00   sec   255 KBytes  2.09 Mbits/sec    0    123 KBytes       
[  4]   7.00-8.00   sec   318 KBytes  2.61 Mbits/sec    0    171 KBytes       
[  4]   8.00-9.00   sec   191 KBytes  1.56 Mbits/sec    0    250 KBytes       
[  4]   9.00-10.00  sec   127 KBytes  1.04 Mbits/sec    8    216 KBytes       
[  4]  10.00-11.00  sec   255 KBytes  2.09 Mbits/sec   12    226 KBytes       
[  4]  11.00-12.00  sec   318 KBytes  2.61 Mbits/sec    0    250 KBytes       
[  4]  12.00-13.00  sec   318 KBytes  2.61 Mbits/sec    0    280 KBytes       
[  4]  13.00-14.00  sec   700 KBytes  5.74 Mbits/sec    0    307 KBytes       
[  4]  14.00-15.00  sec   445 KBytes  3.65 Mbits/sec    0    313 KBytes       
[  4]  15.00-16.00  sec   255 KBytes  2.09 Mbits/sec    0    314 KBytes       
[  4]  16.00-17.00  sec  1.24 MBytes  10.4 Mbits/sec    0    315 KBytes       
[  4]  17.00-18.00  sec   445 KBytes  3.63 Mbits/sec    0    317 KBytes       
[  4]  18.00-19.00  sec   445 KBytes  3.66 Mbits/sec    0    322 KBytes       
[  4]  19.00-20.00  sec   318 KBytes  2.61 Mbits/sec    0    334 KBytes       
[  4]  20.00-21.00  sec   318 KBytes  2.61 Mbits/sec    0    351 KBytes       
[  4]  21.00-22.00  sec   127 KBytes  1.04 Mbits/sec    7    305 KBytes       
[  4]  22.00-23.00  sec   127 KBytes  1.04 Mbits/sec   16    252 KBytes       
[  4]  23.00-24.00  sec   573 KBytes  4.69 Mbits/sec    0    262 KBytes       
[  4]  24.00-25.00  sec   318 KBytes  2.60 Mbits/sec    0    291 KBytes       
[  4]  25.00-26.00  sec   255 KBytes  2.09 Mbits/sec    0    318 KBytes       
[  4]  26.00-27.00  sec   255 KBytes  2.08 Mbits/sec    0    338 KBytes       
[  4]  27.00-28.00  sec   127 KBytes  1.04 Mbits/sec    4    294 KBytes       
[  4]  28.00-29.00  sec   127 KBytes  1.04 Mbits/sec    8    240 KBytes       
[  4]  29.00-30.00  sec   509 KBytes  4.17 Mbits/sec    0    243 KBytes       
[  4]  30.00-31.00  sec   318 KBytes  2.61 Mbits/sec    0    257 KBytes       
[  4]  31.00-32.00  sec   509 KBytes  4.17 Mbits/sec    0    280 KBytes       
[  4]  32.00-33.00  sec   382 KBytes  3.12 Mbits/sec    0    288 KBytes       
[  4]  33.00-33.00  sec  0.00 Bytes  0.00 bits/sec    0    288 KBytes       
- - - - - - - - - - - - - - - - - - - - - - - - -
[ ID] Interval           Transfer     Bandwidth       Retr
[  4]   0.00-33.00  sec  10.3 MBytes  2.62 Mbits/sec   55             sender
[  4]   0.00-33.00  sec  8.62 MBytes  2.19 Mbits/sec                  receiver

iperf Done.
