Connecting to host 10.0.0.2, port 5202
[  4] local 10.0.0.1 port 46112 connected to 10.0.0.2 port 5202
[ ID] Interval           Transfer     Bandwidth       Retr  Cwnd
[  4]   0.00-1.01   sec   365 KBytes  2.96 Mbits/sec    0   45.2 KBytes       
[  4]   1.01-2.00   sec   318 KBytes  2.62 Mbits/sec    0   56.6 KBytes       
[  4]   2.00-3.00   sec   191 KBytes  1.57 Mbits/sec    0   65.0 KBytes       
[  4]   3.00-4.01   sec   191 KBytes  1.56 Mbits/sec    0   72.1 KBytes       
[  4]   4.01-5.00   sec   255 KBytes  2.10 Mbits/sec    0   84.8 KBytes       
[  4]   5.00-6.00   sec   445 KBytes  3.65 Mbits/sec    0    126 KBytes       
[  4]   6.00-7.01   sec   573 KBytes  4.65 Mbits/sec    0    175 KBytes       
[  4]   7.01-8.02   sec   764 KBytes  6.20 Mbits/sec    0    246 KBytes       
[  4]   8.02-9.00   sec   764 KBytes  6.39 Mbits/sec    0    329 KBytes       
[  4]   9.00-10.00  sec   891 KBytes  7.29 Mbits/sec    0    423 KBytes       
[  4]  10.00-11.01  sec   891 KBytes  7.22 Mbits/sec    0    529 KBytes       
[  4]  11.01-12.00  sec  1018 KBytes  8.42 Mbits/sec    0    649 KBytes       
[  4]  12.00-13.00  sec   891 KBytes  7.31 Mbits/sec    0    769 KBytes       
[  4]  13.00-14.00  sec  1.25 MBytes  10.5 Mbits/sec    0   1.02 MBytes       
[  4]  14.00-15.00  sec   947 KBytes  7.76 Mbits/sec   75    897 KBytes       
[  4]  15.00-16.00  sec  0.00 Bytes  0.00 bits/sec  157    752 KBytes       
[  4]  16.00-17.00  sec   445 KBytes  3.66 Mbits/sec    0    752 KBytes       
[  4]  17.00-18.00  sec   255 KBytes  2.09 Mbits/sec   60    752 KBytes       
[  4]  18.00-19.00  sec   318 KBytes  2.61 Mbits/sec    0    663 KBytes       
[  4]  19.00-20.00  sec  1.25 MBytes  10.5 Mbits/sec    7    526 KBytes       
[  4]  20.00-21.00  sec   820 KBytes  6.72 Mbits/sec    0    535 KBytes       
[  4]  21.00-22.00  sec   445 KBytes  3.65 Mbits/sec    0    560 KBytes       
[  4]  22.00-23.00  sec   445 KBytes  3.65 Mbits/sec    0    585 KBytes       
[  4]  23.00-24.00  sec   509 KBytes  4.17 Mbits/sec    0    612 KBytes       
[  4]  24.00-25.00  sec   191 KBytes  1.57 Mbits/sec    0    619 KBytes       
[  4]  25.00-26.00  sec   445 KBytes  3.65 Mbits/sec    0    629 KBytes       
[  4]  26.00-27.00  sec   382 KBytes  3.13 Mbits/sec    0    754 KBytes       
[  4]  27.00-28.00  sec   191 KBytes  1.57 Mbits/sec    0    754 KBytes       
[  4]  28.00-29.00  sec   127 KBytes  1.04 Mbits/sec    0    754 KBytes       
[  4]  29.00-30.00  sec   191 KBytes  1.56 Mbits/sec   34    624 KBytes       
[  4]  30.00-31.00  sec  63.6 KBytes   521 Kbits/sec   14    581 KBytes       
[  4]  31.00-32.00  sec  63.6 KBytes   519 Kbits/sec   48    527 KBytes       
[  4]  32.00-33.00  sec   127 KBytes  1.05 Mbits/sec   14    527 KBytes       
[  4]  33.00-34.00  sec  0.00 Bytes  0.00 bits/sec   92    527 KBytes       
[  4]  34.00-35.03  sec  0.00 Bytes  0.00 bits/sec    1   1.41 KBytes       
[  4]  35.03-36.00  sec  0.00 Bytes  0.00 bits/sec    0   1.41 KBytes       
[  4]  36.00-37.06  sec  0.00 Bytes  0.00 bits/sec    0   1.41 KBytes       
[  4]  37.06-38.11  sec  0.00 Bytes  0.00 bits/sec   55    379 KBytes       
[  4]  38.11-39.00  sec   318 KBytes  2.91 Mbits/sec    0    527 KBytes       
[  4]  39.00-40.00  sec   891 KBytes  7.30 Mbits/sec   35    537 KBytes       
[  4]  40.00-41.00  sec  0.00 Bytes  0.00 bits/sec    8    527 KBytes       
[  4]  41.00-42.00  sec  0.00 Bytes  0.00 bits/sec   21    527 KBytes       
[  4]  42.00-43.00  sec  0.00 Bytes  0.00 bits/sec  183    523 KBytes       
[  4]  43.00-44.00  sec   318 KBytes  2.60 Mbits/sec   29   5.66 KBytes       
[  4]  44.00-45.00  sec  2.05 MBytes  17.2 Mbits/sec   32    609 KBytes       
[  4]  45.00-46.00  sec   636 KBytes  5.22 Mbits/sec    0    643 KBytes       
[  4]  46.00-47.01  sec   573 KBytes  4.65 Mbits/sec    0    670 KBytes       
[  4]  47.01-48.00  sec   636 KBytes  5.25 Mbits/sec    0    704 KBytes       
[  4]  48.00-49.00  sec   636 KBytes  5.19 Mbits/sec    0    737 KBytes       
[  4]  49.00-50.00  sec   255 KBytes  2.09 Mbits/sec    0    749 KBytes       
[  4]  50.00-51.00  sec   509 KBytes  4.16 Mbits/sec    0    776 KBytes       
[  4]  51.00-52.00  sec  0.00 Bytes  0.00 bits/sec    0    778 KBytes       
[  4]  52.00-53.00  sec  0.00 Bytes  0.00 bits/sec   28    650 KBytes       
[  4]  53.00-54.00  sec   636 KBytes  5.21 Mbits/sec   10    544 KBytes       
[  4]  54.00-55.00  sec  0.00 Bytes  0.00 bits/sec    0    544 KBytes       
[  4]  55.00-56.00  sec  1.24 MBytes  10.4 Mbits/sec    0    564 KBytes       
[  4]  56.00-57.00  sec   636 KBytes  5.21 Mbits/sec    0    629 KBytes       
[  4]  57.00-58.00  sec   573 KBytes  4.69 Mbits/sec    0    693 KBytes       
[  4]  58.00-59.00  sec  0.00 Bytes  0.00 bits/sec    0    697 KBytes       
[  4]  59.00-60.01  sec  0.00 Bytes  0.00 bits/sec   80    488 KBytes       
[  4]  60.01-61.00  sec  1018 KBytes  8.44 Mbits/sec    0    491 KBytes       
[  4]  61.00-62.00  sec  0.00 Bytes  0.00 bits/sec    0    503 KBytes       
[  4]  62.00-63.00  sec   636 KBytes  5.21 Mbits/sec    0    594 KBytes       
[  4]  63.00-64.00  sec   255 KBytes  2.09 Mbits/sec    0    628 KBytes       
[  4]  64.00-65.00  sec   318 KBytes  2.60 Mbits/sec    0    653 KBytes       
[  4]  65.00-66.00  sec   318 KBytes  2.61 Mbits/sec    0    670 KBytes       
[  4]  66.00-67.00  sec   318 KBytes  2.61 Mbits/sec    0    680 KBytes       
[  4]  67.00-68.00  sec  0.00 Bytes  0.00 bits/sec   82    475 KBytes       
[  4]  68.00-69.00  sec  63.6 KBytes   521 Kbits/sec   12    475 KBytes       
[  4]  69.00-70.00  sec  0.00 Bytes  0.00 bits/sec    4    475 KBytes       
[  4]  70.00-71.00  sec  0.00 Bytes  0.00 bits/sec   33   1.41 KBytes       
[  4]  71.00-72.00  sec   318 KBytes  2.61 Mbits/sec    7   9.90 KBytes       
[  4]  72.00-73.00  sec  1.12 MBytes  9.38 Mbits/sec   30    518 KBytes       
[  4]  73.00-74.00  sec   573 KBytes  4.69 Mbits/sec    0    546 KBytes       
[  4]  74.00-75.00  sec   127 KBytes  1.04 Mbits/sec   34    457 KBytes       
[  4]  75.00-76.00  sec  63.6 KBytes   521 Kbits/sec   22    387 KBytes       
[  4]  76.00-77.00  sec  0.00 Bytes  0.00 bits/sec    1    387 KBytes       
[  4]  77.00-78.00  sec   318 KBytes  2.61 Mbits/sec    1   1.41 KBytes       
[  4]  78.00-79.00  sec   700 KBytes  5.73 Mbits/sec    4    410 KBytes       
[  4]  79.00-80.02  sec   509 KBytes  4.11 Mbits/sec    4    404 KBytes       
[  4]  80.02-81.02  sec  0.00 Bytes  0.00 bits/sec   36    327 KBytes       
[  4]  81.02-82.00  sec   191 KBytes  1.60 Mbits/sec   10    305 KBytes       
[  4]  82.00-83.00  sec   509 KBytes  4.15 Mbits/sec    0    329 KBytes       
[  4]  83.00-84.00  sec   127 KBytes  1.05 Mbits/sec    0    344 KBytes       
[  4]  84.00-85.00  sec  0.00 Bytes  0.00 bits/sec   22    240 KBytes       
[  4]  85.00-86.00  sec   445 KBytes  3.65 Mbits/sec    2    225 KBytes       
[  4]  86.00-87.00  sec   382 KBytes  3.13 Mbits/sec    0    175 KBytes       
[  4]  87.00-88.00  sec   191 KBytes  1.56 Mbits/sec    0    188 KBytes       
[  4]  88.00-89.05  sec  63.6 KBytes   500 Kbits/sec    0    194 KBytes       
[  4]  89.05-90.00  sec  0.00 Bytes  0.00 bits/sec   21    144 KBytes       
[  4]  90.00-91.00  sec  0.00 Bytes  0.00 bits/sec   17    136 KBytes       
[  4]  91.00-92.00  sec  0.00 Bytes  0.00 bits/sec   29    126 KBytes       
[  4]  92.00-93.00  sec  0.00 Bytes  0.00 bits/sec    8   1.41 KBytes       
[  4]  93.00-94.00  sec  63.6 KBytes   521 Kbits/sec    0   1.41 KBytes       
[  4]  94.00-95.00  sec  0.00 Bytes  0.00 bits/sec    8   11.3 KBytes       
[  4]  95.00-96.00  sec   127 KBytes  1.04 Mbits/sec   20    130 KBytes       
[  4]  96.00-97.00  sec  0.00 Bytes  0.00 bits/sec    0    130 KBytes       
[  4]  97.00-98.00  sec  0.00 Bytes  0.00 bits/sec    1   1.41 KBytes       
[  4]  98.00-99.00  sec  63.6 KBytes   521 Kbits/sec   39   82.0 KBytes       
[  4]  99.00-100.00 sec   445 KBytes  3.65 Mbits/sec    0    110 KBytes       
[  4] 100.00-101.00 sec  0.00 Bytes  0.00 bits/sec    0    112 KBytes       
[  4] 101.00-102.00 sec  63.6 KBytes   521 Kbits/sec   11   86.3 KBytes       
[  4] 102.00-103.00 sec  63.6 KBytes   521 Kbits/sec    4   79.2 KBytes       
[  4] 103.00-104.00 sec  63.6 KBytes   521 Kbits/sec   17   55.1 KBytes       
[  4] 104.00-105.00 sec  0.00 Bytes  0.00 bits/sec    0   55.1 KBytes       
[  4] 105.00-106.00 sec  0.00 Bytes  0.00 bits/sec    3   55.1 KBytes       
[  4] 106.00-107.00 sec  0.00 Bytes  0.00 bits/sec   27   55.1 KBytes       
[  4] 107.00-108.01 sec   382 KBytes  3.12 Mbits/sec    8   70.7 KBytes       
[  4] 108.01-109.00 sec   127 KBytes  1.05 Mbits/sec    0   77.8 KBytes       
[  4] 109.00-110.00 sec   191 KBytes  1.56 Mbits/sec    0   84.8 KBytes       
[  4] 110.00-111.00 sec   127 KBytes  1.04 Mbits/sec    0   91.9 KBytes       
[  4] 111.00-112.00 sec  63.6 KBytes   522 Kbits/sec    0   96.2 KBytes       
[  4] 112.00-113.01 sec   127 KBytes  1.04 Mbits/sec    0    117 KBytes       
[  4] 113.01-114.00 sec   445 KBytes  3.66 Mbits/sec    0    180 KBytes       
[  4] 114.00-115.00 sec   700 KBytes  5.72 Mbits/sec    0    243 KBytes       
[  4] 115.00-116.00 sec   764 KBytes  6.27 Mbits/sec    0    329 KBytes       
[  4] 116.00-117.09 sec   573 KBytes  4.30 Mbits/sec    0    424 KBytes       
[  4] 117.09-118.00 sec   318 KBytes  2.87 Mbits/sec    0    508 KBytes       
[  4] 118.00-119.00 sec   954 KBytes  7.81 Mbits/sec    0    727 KBytes       
[  4] 119.00-120.00 sec   573 KBytes  4.69 Mbits/sec    0    864 KBytes       
[  4] 120.00-121.00 sec   827 KBytes  6.78 Mbits/sec    0   1.06 MBytes       
[  4] 121.00-122.00 sec  1.25 MBytes  10.5 Mbits/sec    0   1.32 MBytes       
[  4] 122.00-123.00 sec  2.50 MBytes  21.0 Mbits/sec    0   1.60 MBytes       
[  4] 123.00-124.00 sec  2.50 MBytes  21.0 Mbits/sec    0   1.92 MBytes       
[  4] 124.00-125.00 sec  1.25 MBytes  10.5 Mbits/sec    0   2.27 MBytes       
[  4] 125.00-126.01 sec  2.50 MBytes  20.8 Mbits/sec    0   2.58 MBytes       
[  4] 126.01-126.01 sec  0.00 Bytes  0.00 bits/sec    0   2.58 MBytes       
- - - - - - - - - - - - - - - - - - - - - - - - -
[ ID] Interval           Transfer     Bandwidth       Retr
[  4]   0.00-126.01 sec  50.7 MBytes  3.38 Mbits/sec  1500             sender
[  4]   0.00-126.01 sec  42.7 MBytes  2.84 Mbits/sec                  receiver

iperf Done.
