Connecting to host 10.0.0.2, port 5202
[  4] local 10.0.0.1 port 46112 connected to 10.0.0.2 port 5202
[ ID] Interval           Transfer     Bandwidth       Retr  Cwnd
[  4]   0.00-1.00   sec   489 KBytes  4.00 Mbits/sec    0   49.5 KBytes       
[  4]   1.00-2.00   sec   191 KBytes  1.56 Mbits/sec    0   58.0 KBytes       
[  4]   2.00-3.01   sec   255 KBytes  2.06 Mbits/sec    0   67.9 KBytes       
[  4]   3.01-4.00   sec   318 KBytes  2.63 Mbits/sec    0   79.2 KBytes       
[  4]   4.00-5.00   sec   318 KBytes  2.62 Mbits/sec    0   93.3 KBytes       
[  4]   5.00-6.00   sec   382 KBytes  3.12 Mbits/sec    0    126 KBytes       
[  4]   6.00-7.00   sec   445 KBytes  3.66 Mbits/sec    0    174 KBytes       
[  4]   7.00-8.00   sec   764 KBytes  6.26 Mbits/sec    0    256 KBytes       
[  4]   8.00-9.00   sec   700 KBytes  5.72 Mbits/sec    0    337 KBytes       
[  4]   9.00-10.00  sec   445 KBytes  3.65 Mbits/sec    0    395 KBytes       
[  4]  10.00-11.00  sec  1018 KBytes  8.33 Mbits/sec    0    533 KBytes       
[  4]  11.00-12.00  sec   318 KBytes  2.61 Mbits/sec    0    571 KBytes       
[  4]  12.00-13.00  sec  63.6 KBytes   521 Kbits/sec   26    601 KBytes       
[  4]  13.00-14.00  sec  0.00 Bytes  0.00 bits/sec   52    482 KBytes       
[  4]  14.00-15.00  sec  0.00 Bytes  0.00 bits/sec   26    461 KBytes       
[  4]  15.00-16.00  sec  0.00 Bytes  0.00 bits/sec   57    461 KBytes       
[  4]  16.00-17.00  sec  0.00 Bytes  0.00 bits/sec   17    433 KBytes       
[  4]  17.00-18.00  sec   445 KBytes  3.65 Mbits/sec    0    433 KBytes       
[  4]  18.00-19.00  sec   127 KBytes  1.04 Mbits/sec    0    433 KBytes       
[  4]  19.00-20.00  sec  0.00 Bytes  0.00 bits/sec    0    433 KBytes       
[  4]  20.00-21.00  sec  0.00 Bytes  0.00 bits/sec    1   1.41 KBytes       
[  4]  21.00-22.00  sec   127 KBytes  1.04 Mbits/sec    6    134 KBytes       
[  4]  22.00-23.00  sec   636 KBytes  5.21 Mbits/sec    0    479 KBytes       
[  4]  23.00-24.00  sec   382 KBytes  3.12 Mbits/sec    0    503 KBytes       
[  4]  24.00-25.00  sec   509 KBytes  4.17 Mbits/sec    0    527 KBytes       
[  4]  25.00-26.00  sec  0.00 Bytes  0.00 bits/sec    0    527 KBytes       
[  4]  26.00-27.00  sec  0.00 Bytes  0.00 bits/sec    6    411 KBytes       
[  4]  27.00-28.00  sec   382 KBytes  3.13 Mbits/sec   13    369 KBytes       
[  4]  28.00-29.00  sec  1.24 MBytes  10.4 Mbits/sec    0    424 KBytes       
[  4]  29.00-30.00  sec   318 KBytes  2.60 Mbits/sec    0    461 KBytes       
[  4]  30.00-31.00  sec   318 KBytes  2.61 Mbits/sec    0    485 KBytes       
[  4]  31.00-32.00  sec   382 KBytes  3.13 Mbits/sec    0    505 KBytes       
[  4]  32.00-32.00  sec  0.00 Bytes  0.00 bits/sec    0    505 KBytes       
- - - - - - - - - - - - - - - - - - - - - - - - -
[ ID] Interval           Transfer     Bandwidth       Retr
[  4]   0.00-32.00  sec  10.4 MBytes  2.72 Mbits/sec  204             sender
[  4]   0.00-32.00  sec  7.27 MBytes  1.90 Mbits/sec                  receiver

iperf Done.
