-----------------------------------------------------------
Server listening on 5203
-----------------------------------------------------------
Accepted connection from 10.0.0.1, port 55246
[  5] local 10.0.0.2 port 5203 connected to 10.0.0.1 port 46114
[ ID] Interval           Transfer     Bandwidth
[  5]   0.00-1.01   sec  49.5 KBytes   401 Kbits/sec                  
[  5]   1.01-2.00   sec   153 KBytes  1.26 Mbits/sec                  
[  5]   2.00-3.00   sec   143 KBytes  1.17 Mbits/sec                  
[  5]   3.00-4.00   sec   165 KBytes  1.36 Mbits/sec                  
[  5]   4.00-5.00   sec   136 KBytes  1.11 Mbits/sec                  
[  5]   5.00-6.00   sec   144 KBytes  1.18 Mbits/sec                  
[  5]   6.00-7.00   sec   139 KBytes  1.14 Mbits/sec                  
[  5]   7.00-8.00   sec   147 KBytes  1.20 Mbits/sec                  
[  5]   8.00-9.00   sec   136 KBytes  1.11 Mbits/sec                  
[  5]   9.00-10.00  sec  63.6 KBytes   521 Kbits/sec                  
[  5]  10.00-11.00  sec   146 KBytes  1.19 Mbits/sec                  
[  5]  11.00-12.00  sec  89.1 KBytes   729 Kbits/sec                  
[  5]  12.00-13.00  sec  0.00 Bytes  0.00 bits/sec                  
[  5]  13.00-14.00  sec  0.00 Bytes  0.00 bits/sec                  
[  5]  14.00-15.00  sec  7.07 KBytes  58.0 Kbits/sec                  
[  5]  15.00-16.00  sec  0.00 Bytes  0.00 bits/sec                  
[  5]  16.00-17.00  sec   335 KBytes  2.74 Mbits/sec                  
[  5]  17.00-18.00  sec   404 KBytes  3.32 Mbits/sec                  
[  5]  18.00-19.00  sec   202 KBytes  1.66 Mbits/sec                  
[  5]  19.00-20.00  sec   226 KBytes  1.85 Mbits/sec                  
[  5]  20.00-21.00  sec   409 KBytes  3.35 Mbits/sec                  
[  5]  21.00-22.00  sec   293 KBytes  2.40 Mbits/sec                  
[  5]  22.00-23.00  sec   181 KBytes  1.48 Mbits/sec                  
[  5]  23.00-24.00  sec  77.8 KBytes   637 Kbits/sec                  
[  5]  24.00-25.00  sec  5.66 KBytes  46.3 Kbits/sec                  
[  5]  25.00-26.00  sec   246 KBytes  2.02 Mbits/sec                  
[  5]  26.00-27.00  sec   311 KBytes  2.55 Mbits/sec                  
[  5]  27.00-28.00  sec   181 KBytes  1.48 Mbits/sec                  
[  5]  28.00-29.00  sec   204 KBytes  1.67 Mbits/sec                  
[  5]  29.00-30.00  sec   223 KBytes  1.83 Mbits/sec                  
[  5]  30.00-31.00  sec  58.0 KBytes   474 Kbits/sec                  
[  5]  31.00-32.00  sec  87.7 KBytes   717 Kbits/sec                  
[  5]  32.00-33.00  sec   351 KBytes  2.88 Mbits/sec                  
[  5]  33.00-34.00  sec   126 KBytes  1.03 Mbits/sec                  
[  5]  34.00-35.00  sec   291 KBytes  2.39 Mbits/sec                  
[  5]  35.00-36.00  sec   233 KBytes  1.91 Mbits/sec                  
[  5]  36.00-37.00  sec   173 KBytes  1.41 Mbits/sec                  
[  5]  37.00-38.00  sec   226 KBytes  1.85 Mbits/sec                  
[  5]  38.00-39.00  sec   239 KBytes  1.96 Mbits/sec                  
[  5]  39.00-40.00  sec   206 KBytes  1.69 Mbits/sec                  
[  5]  40.00-41.00  sec  0.00 Bytes  0.00 bits/sec                  
[  5]  41.00-42.00  sec  1.41 KBytes  11.6 Kbits/sec                  
[  5]  42.00-43.00  sec  0.00 Bytes  0.00 bits/sec                  
[  5]  43.00-44.00  sec   332 KBytes  2.72 Mbits/sec                  
[  5]  44.00-45.00  sec  0.00 Bytes  0.00 bits/sec                  
[  5]  45.00-46.00  sec   126 KBytes  1.03 Mbits/sec                  
[  5]  46.00-47.00  sec   533 KBytes  4.37 Mbits/sec                  
[  5]  47.00-48.00  sec   294 KBytes  2.41 Mbits/sec                  
[  5]  48.00-49.00  sec   324 KBytes  2.65 Mbits/sec                  
[  5]  49.00-49.53  sec   175 KBytes  2.71 Mbits/sec                  
- - - - - - - - - - - - - - - - - - - - - - - - -
[ ID] Interval           Transfer     Bandwidth
[  5]   0.00-49.53  sec  0.00 Bytes  0.00 bits/sec                  sender
[  5]   0.00-49.53  sec  8.39 MBytes  1.42 Mbits/sec                  receiver
