-----------------------------------------------------------
Server listening on 5201
-----------------------------------------------------------
Accepted connection from 10.0.0.1, port 38944
[ 25] local 10.0.0.2 port 5201 connected to 10.0.0.1 port 46110
[ ID] Interval           Transfer     Bandwidth
[ 25]   0.00-1.00   sec  0.00 Bytes  0.00 bits/sec                  
[ 25]   1.00-2.00   sec  0.00 Bytes  0.00 bits/sec                  
[ 25]   2.00-3.00   sec  14.1 KBytes   116 Kbits/sec                  
[ 25]   3.00-4.00   sec  0.00 Bytes  0.00 bits/sec                  
[ 25]   4.00-5.00   sec  0.00 Bytes  0.00 bits/sec                  
[ 25]   5.00-6.00   sec  28.3 KBytes   232 Kbits/sec                  
[ 25]   6.00-7.00   sec  0.00 Bytes  0.00 bits/sec                  
[ 25]   7.00-8.00   sec  11.3 KBytes  92.7 Kbits/sec                  
[ 25]   8.00-9.00   sec  0.00 Bytes  0.00 bits/sec                  
[ 25]   9.00-10.00  sec  56.6 KBytes   463 Kbits/sec                  
[ 25]  10.00-11.00  sec  0.00 Bytes  0.00 bits/sec                  
[ 25]  11.00-12.00  sec  33.9 KBytes   278 Kbits/sec                  
[ 25]  12.00-13.00  sec  0.00 Bytes  0.00 bits/sec                  
[ 25]  13.00-14.00  sec  43.8 KBytes   359 Kbits/sec                  
[ 25]  14.00-15.00  sec  0.00 Bytes  0.00 bits/sec                  
[ 25]  15.00-16.00  sec  48.1 KBytes   395 Kbits/sec                  
[ 25]  16.00-17.00  sec  0.00 Bytes  0.00 bits/sec                  
[ 25]  17.00-18.00  sec  59.4 KBytes   487 Kbits/sec                  
[ 25]  18.00-19.00  sec  0.00 Bytes  0.00 bits/sec                  
[ 25]  19.00-20.00  sec  89.1 KBytes   730 Kbits/sec                  
[ 25]  20.00-21.00  sec  0.00 Bytes  0.00 bits/sec                  
[ 25]  21.00-22.00  sec   133 KBytes  1.09 Mbits/sec                  
[ 25]  22.00-23.00  sec  0.00 Bytes  0.00 bits/sec                  
[ 25]  23.00-24.00  sec   199 KBytes  1.63 Mbits/sec                  
[ 25]  24.00-25.00  sec  0.00 Bytes  0.00 bits/sec                  
[ 25]  25.00-26.00  sec   298 KBytes  2.44 Mbits/sec                  
[ 25]  26.00-27.00  sec  0.00 Bytes  0.00 bits/sec                  
[ 25]  27.00-28.00  sec   448 KBytes  3.67 Mbits/sec                  
[ 25]  28.00-29.00  sec  0.00 Bytes  0.00 bits/sec                  
[ 25]  29.00-30.00  sec   573 KBytes  4.69 Mbits/sec                  
[ 25]  30.00-31.00  sec  15.6 KBytes   127 Kbits/sec                  
[ 25]  31.00-32.00  sec  0.00 Bytes  0.00 bits/sec                  
[ 25]  32.00-33.00  sec  29.7 KBytes   243 Kbits/sec                  
[ 25]  33.00-34.00  sec  0.00 Bytes  0.00 bits/sec                  
[ 25]  34.00-35.00  sec  0.00 Bytes  0.00 bits/sec                  
[ 25]  35.00-36.00  sec  0.00 Bytes  0.00 bits/sec                  
[ 25]  36.00-37.00  sec  1.77 MBytes  14.8 Mbits/sec                  
[ 25]  37.00-38.00  sec  0.00 Bytes  0.00 bits/sec                  
[ 25]  38.00-39.00  sec   427 KBytes  3.50 Mbits/sec                  
[ 25]  39.00-40.00  sec   276 KBytes  2.26 Mbits/sec                  
[ 25]  40.00-41.00  sec  0.00 Bytes  0.00 bits/sec                  
[ 25]  41.00-42.00  sec  0.00 Bytes  0.00 bits/sec                  
[ 25]  42.00-43.00  sec  0.00 Bytes  0.00 bits/sec                  
[ 25]  43.00-44.00  sec  0.00 Bytes  0.00 bits/sec                  
[ 25]  44.00-45.00  sec  1.39 MBytes  11.7 Mbits/sec                  
[ 25]  45.00-46.00  sec   373 KBytes  3.06 Mbits/sec                  
[ 25]  46.00-47.00  sec   447 KBytes  3.66 Mbits/sec                  
[ 25]  47.00-48.00  sec   195 KBytes  1.60 Mbits/sec                  
[ 25]  48.00-49.00  sec   434 KBytes  3.56 Mbits/sec                  
[ 25]  49.00-50.00  sec  77.8 KBytes   637 Kbits/sec                  
[ 25]  50.00-51.00  sec  0.00 Bytes  0.00 bits/sec                  
[ 25]  51.00-52.00  sec   236 KBytes  1.93 Mbits/sec                  
[ 25]  52.00-53.00  sec   219 KBytes  1.79 Mbits/sec                  
[ 25]  53.00-54.00  sec  0.00 Bytes  0.00 bits/sec                  
[ 25]  54.00-55.00  sec   666 KBytes  5.46 Mbits/sec                  
[ 25]  55.00-56.00  sec   438 KBytes  3.59 Mbits/sec                  
[ 25]  56.00-57.00  sec   233 KBytes  1.91 Mbits/sec                  
[ 25]  57.00-58.00  sec   679 KBytes  5.56 Mbits/sec                  
[ 25]  58.00-59.00  sec  0.00 Bytes  0.00 bits/sec                  
[ 25]  59.00-60.00  sec   532 KBytes  4.35 Mbits/sec                  
[ 25]  60.00-61.00  sec   221 KBytes  1.81 Mbits/sec                  
[ 25]  61.00-62.00  sec   267 KBytes  2.19 Mbits/sec                  
[ 25]  62.00-63.00  sec   123 KBytes  1.01 Mbits/sec                  
[ 25]  63.00-64.00  sec  11.3 KBytes  92.7 Kbits/sec                  
[ 25]  64.00-65.00  sec   143 KBytes  1.17 Mbits/sec                  
[ 25]  65.00-66.00  sec   141 KBytes  1.16 Mbits/sec                  
[ 25]  66.00-67.00  sec   264 KBytes  2.16 Mbits/sec                  
[ 25]  67.00-68.00  sec  0.00 Bytes  0.00 bits/sec                  
[ 25]  68.00-69.01  sec   178 KBytes  1.46 Mbits/sec                  
[ 25]  69.01-70.00  sec  58.0 KBytes   476 Kbits/sec                  
[ 25]  70.00-71.00  sec  48.1 KBytes   394 Kbits/sec                  
[ 25]  71.00-72.00  sec   102 KBytes   835 Kbits/sec                  
[ 25]  72.00-73.00  sec  14.1 KBytes   116 Kbits/sec                  
[ 25]  73.00-74.00  sec  32.5 KBytes   267 Kbits/sec                  
[ 25]  74.00-75.00  sec  0.00 Bytes  0.00 bits/sec                  
[ 25]  75.00-76.00  sec  91.9 KBytes   754 Kbits/sec                  
[ 25]  76.00-77.00  sec  0.00 Bytes  0.00 bits/sec                  
[ 25]  77.00-78.00  sec  0.00 Bytes  0.00 bits/sec                  
[ 25]  78.00-79.00  sec  69.3 KBytes   567 Kbits/sec                  
[ 25]  79.00-80.00  sec  0.00 Bytes  0.00 bits/sec                  
[ 25]  80.00-81.00  sec  0.00 Bytes  0.00 bits/sec                  
[ 25]  81.00-82.00  sec  97.6 KBytes   800 Kbits/sec                  
[ 25]  82.00-83.00  sec  0.00 Bytes  0.00 bits/sec                  
[ 25]  83.00-84.00  sec  0.00 Bytes  0.00 bits/sec                  
[ 25]  84.00-85.00  sec  43.8 KBytes   359 Kbits/sec                  
[ 25]  85.00-86.00  sec  0.00 Bytes  0.00 bits/sec                  
[ 25]  86.00-87.00  sec  0.00 Bytes  0.00 bits/sec                  
[ 25]  87.00-88.00  sec  0.00 Bytes  0.00 bits/sec                  
[ 25]  88.00-89.00  sec  0.00 Bytes  0.00 bits/sec                  
[ 25]  89.00-90.00  sec  0.00 Bytes  0.00 bits/sec                  
[ 25]  90.00-91.00  sec  49.5 KBytes   406 Kbits/sec                  
[ 25]  91.00-92.00  sec  0.00 Bytes  0.00 bits/sec                  
[ 25]  92.00-93.00  sec  0.00 Bytes  0.00 bits/sec                  
[ 25]  93.00-94.00  sec  74.9 KBytes   615 Kbits/sec                  
[ 25]  94.00-95.00  sec  0.00 Bytes  0.00 bits/sec                  
[ 25]  95.00-96.00  sec  0.00 Bytes  0.00 bits/sec                  
[ 25]  96.00-97.00  sec  0.00 Bytes  0.00 bits/sec                  
[ 25]  97.00-98.00  sec  35.4 KBytes   290 Kbits/sec                  
[ 25]  98.00-99.00  sec  0.00 Bytes  0.00 bits/sec                  
[ 25]  99.00-100.00 sec  2.83 KBytes  23.2 Kbits/sec                  
[ 25] 100.00-101.00 sec  0.00 Bytes  0.00 bits/sec                  
[ 25] 101.00-102.00 sec  0.00 Bytes  0.00 bits/sec                  
[ 25] 102.00-103.00 sec  24.0 KBytes   197 Kbits/sec                  
[ 25] 103.00-104.00 sec  0.00 Bytes  0.00 bits/sec                  
[ 25] 104.00-105.00 sec  0.00 Bytes  0.00 bits/sec                  
[ 25] 105.00-106.00 sec  0.00 Bytes  0.00 bits/sec                  
[ 25] 106.00-107.00 sec  0.00 Bytes  0.00 bits/sec                  
[ 25] 107.00-108.00 sec  0.00 Bytes  0.00 bits/sec                  
[ 25] 108.00-109.00 sec  0.00 Bytes  0.00 bits/sec                  
[ 25] 109.00-110.00 sec  25.5 KBytes   208 Kbits/sec                  
[ 25] 110.00-111.00 sec  2.83 KBytes  23.2 Kbits/sec                  
[ 25] 111.00-112.00 sec  7.07 KBytes  58.0 Kbits/sec                  
[ 25] 112.00-113.00 sec  0.00 Bytes  0.00 bits/sec                  
[ 25] 113.00-114.00 sec  2.83 KBytes  23.2 Kbits/sec                  
[ 25] 114.00-115.00 sec  7.07 KBytes  58.0 Kbits/sec                  
[ 25] 115.00-116.00 sec  1.41 KBytes  11.6 Kbits/sec                  
[ 25] 116.00-117.00 sec  0.00 Bytes  0.00 bits/sec                  
[ 25] 117.00-118.00 sec  0.00 Bytes  0.00 bits/sec                  
[ 25] 118.00-119.00 sec  0.00 Bytes  0.00 bits/sec                  
[ 25] 119.00-120.00 sec  1.41 KBytes  11.6 Kbits/sec                  
[ 25] 120.00-121.00 sec  0.00 Bytes  0.00 bits/sec                  
[ 25] 121.00-122.00 sec  0.00 Bytes  0.00 bits/sec                  
[ 25] 122.00-123.00 sec  0.00 Bytes  0.00 bits/sec                  
[ 25] 123.00-124.00 sec  11.3 KBytes  93.0 Kbits/sec                  
[ 25] 124.00-125.00 sec  0.00 Bytes  0.00 bits/sec                  
[ 25] 125.00-126.00 sec  0.00 Bytes  0.00 bits/sec                  
[ 25] 126.00-127.00 sec  0.00 Bytes  0.00 bits/sec                  
[ 25] 127.00-128.00 sec  0.00 Bytes  0.00 bits/sec                  
[ 25] 128.00-129.00 sec  29.7 KBytes   244 Kbits/sec                  
[ 25] 129.00-130.00 sec  0.00 Bytes  0.00 bits/sec                  
[ 25] 130.00-131.00 sec  0.00 Bytes  0.00 bits/sec                  
[ 25] 131.00-132.00 sec  0.00 Bytes  0.00 bits/sec                  
[ 25] 132.00-133.00 sec  0.00 Bytes  0.00 bits/sec                  
[ 25] 133.00-134.00 sec  0.00 Bytes  0.00 bits/sec                  
[ 25] 134.00-135.00 sec  0.00 Bytes  0.00 bits/sec                  
[ 25] 135.00-136.00 sec  0.00 Bytes  0.00 bits/sec                  
[ 25] 136.00-137.00 sec  0.00 Bytes  0.00 bits/sec                  
[ 25] 137.00-138.00 sec  0.00 Bytes  0.00 bits/sec                  
[ 25] 138.00-139.00 sec  0.00 Bytes  0.00 bits/sec                  
[ 25] 139.00-140.00 sec  0.00 Bytes  0.00 bits/sec                  
[ 25] 140.00-141.00 sec  0.00 Bytes  0.00 bits/sec                  
[ 25] 141.00-142.00 sec  0.00 Bytes  0.00 bits/sec                  
[ 25] 142.00-143.00 sec  11.3 KBytes  92.7 Kbits/sec                  
[ 25] 143.00-144.00 sec  0.00 Bytes  0.00 bits/sec                  
[ 25] 144.00-145.00 sec  0.00 Bytes  0.00 bits/sec                  
[ 25] 145.00-146.00 sec  0.00 Bytes  0.00 bits/sec                  
[ 25] 146.00-147.00 sec  0.00 Bytes  0.00 bits/sec                  
[ 25] 147.00-148.00 sec  0.00 Bytes  0.00 bits/sec                  
[ 25] 148.00-149.00 sec  35.4 KBytes   290 Kbits/sec                  
[ 25] 149.00-150.00 sec  0.00 Bytes  0.00 bits/sec                  
[ 25] 150.00-151.00 sec  0.00 Bytes  0.00 bits/sec                  
[ 25] 151.00-152.00 sec  1.41 KBytes  11.6 Kbits/sec                  
[ 25] 152.00-153.00 sec  9.90 KBytes  81.1 Kbits/sec                  
[ 25] 153.00-154.00 sec  0.00 Bytes  0.00 bits/sec                  
[ 25] 154.00-155.00 sec  25.5 KBytes   208 Kbits/sec                  
[ 25] 155.00-156.00 sec  15.6 KBytes   127 Kbits/sec                  
[ 25] 156.00-157.00 sec  14.1 KBytes   116 Kbits/sec                  
[ 25] 157.00-158.00 sec  0.00 Bytes  0.00 bits/sec                  
[ 25] 158.00-159.00 sec  22.6 KBytes   185 Kbits/sec                  
[ 25] 159.00-160.00 sec  35.4 KBytes   290 Kbits/sec                  
[ 25] 160.00-161.00 sec  50.9 KBytes   417 Kbits/sec                  
[ 25] 161.00-162.00 sec  77.8 KBytes   637 Kbits/sec                  
[ 25] 162.00-163.00 sec   226 KBytes  1.85 Mbits/sec                  
[ 25] 163.00-164.00 sec   277 KBytes  2.27 Mbits/sec                  
[ 25] 164.00-165.00 sec   389 KBytes  3.18 Mbits/sec                  
[ 25] 165.00-166.00 sec   479 KBytes  3.93 Mbits/sec                  
[ 25] 166.00-167.00 sec   564 KBytes  4.61 Mbits/sec                  
[ 25] 167.00-168.00 sec   728 KBytes  5.98 Mbits/sec                  
[ 25] 168.00-169.00 sec   800 KBytes  6.55 Mbits/sec                  
[ 25] 169.00-170.00 sec  1.09 MBytes  9.12 Mbits/sec                  
[ 25] 170.00-171.00 sec  1.10 MBytes  9.25 Mbits/sec                  
[ 25] 171.00-172.00 sec  1.11 MBytes  9.28 Mbits/sec                  
[ 25] 172.00-173.00 sec  1.14 MBytes  9.61 Mbits/sec                  
[ 25] 173.00-174.00 sec   882 KBytes  7.22 Mbits/sec                  
[ 25] 174.00-175.00 sec  1.11 MBytes  9.31 Mbits/sec                  
[ 25] 175.00-176.00 sec   419 KBytes  3.43 Mbits/sec                  
[ 25] 176.00-176.17 sec  1.41 KBytes  69.0 Kbits/sec                  
- - - - - - - - - - - - - - - - - - - - - - - - -
[ ID] Interval           Transfer     Bandwidth
[ 25]   0.00-176.17 sec  0.00 Bytes  0.00 bits/sec                  sender
[ 25]   0.00-176.17 sec  22.9 MBytes  1.09 Mbits/sec                  receiver
