Connecting to host 10.0.0.2, port 5203
[ 24] local 10.0.0.1 port 46114 connected to 10.0.0.2 port 5203
[ ID] Interval           Transfer     Bandwidth       Retr  Cwnd
[ 24]   0.00-1.01   sec  82.0 KBytes   666 Kbits/sec    0   14.1 KBytes       
[ 24]   1.01-2.00   sec  70.7 KBytes   583 Kbits/sec    0   28.3 KBytes       
[ 24]   2.00-3.00   sec   122 KBytes   998 Kbits/sec    0   42.4 KBytes       
[ 24]   3.00-4.01   sec  70.7 KBytes   574 Kbits/sec    0   45.2 KBytes       
[ 24]   4.01-5.01   sec  0.00 Bytes  0.00 bits/sec    0   46.7 KBytes       
[ 24]   5.01-6.00   sec  0.00 Bytes  0.00 bits/sec    0   46.7 KBytes       
[ 24]   6.00-7.00   sec   191 KBytes  1.56 Mbits/sec    0   70.7 KBytes       
[ 24]   7.00-8.00   sec  0.00 Bytes  0.00 bits/sec    0   70.7 KBytes       
[ 24]   8.00-9.00   sec  0.00 Bytes  0.00 bits/sec   19   49.5 KBytes       
[ 24]   9.00-10.00  sec  0.00 Bytes  0.00 bits/sec    0   49.5 KBytes       
[ 24]  10.00-11.00  sec  63.6 KBytes   521 Kbits/sec    3   49.5 KBytes       
[ 24]  11.00-12.00  sec  0.00 Bytes  0.00 bits/sec    0   49.5 KBytes       
[ 24]  12.00-13.00  sec  63.6 KBytes   521 Kbits/sec    0   56.6 KBytes       
[ 24]  13.00-14.00  sec  63.6 KBytes   521 Kbits/sec    0   66.5 KBytes       
[ 24]  14.00-15.00  sec  0.00 Bytes  0.00 bits/sec    0   66.5 KBytes       
[ 24]  15.00-16.00  sec  63.6 KBytes   521 Kbits/sec    0   69.3 KBytes       
[ 24]  16.00-17.00  sec  0.00 Bytes  0.00 bits/sec    0   69.3 KBytes       
[ 24]  17.00-18.00  sec   127 KBytes  1.04 Mbits/sec    0   77.8 KBytes       
[ 24]  18.00-19.00  sec  0.00 Bytes  0.00 bits/sec    0   77.8 KBytes       
[ 24]  19.00-20.00  sec   255 KBytes  2.09 Mbits/sec    0    107 KBytes       
[ 24]  20.00-21.00  sec  0.00 Bytes  0.00 bits/sec    0    107 KBytes       
[ 24]  21.00-22.00  sec  63.6 KBytes   521 Kbits/sec   15   83.4 KBytes       
[ 24]  22.00-23.00  sec  0.00 Bytes  0.00 bits/sec    0   83.4 KBytes       
[ 24]  23.00-24.00  sec  0.00 Bytes  0.00 bits/sec    7   83.4 KBytes       
[ 24]  24.00-25.00  sec   191 KBytes  1.56 Mbits/sec    0   90.5 KBytes       
[ 24]  25.00-26.00  sec  0.00 Bytes  0.00 bits/sec    0   90.5 KBytes       
[ 24]  26.00-27.00  sec   127 KBytes  1.04 Mbits/sec    0    107 KBytes       
[ 24]  27.00-28.00  sec  0.00 Bytes  0.00 bits/sec    0    109 KBytes       
[ 24]  28.00-29.00  sec   127 KBytes  1.04 Mbits/sec    0    116 KBytes       
[ 24]  29.00-30.00  sec  63.6 KBytes   522 Kbits/sec    0    120 KBytes       
[ 24]  30.00-31.00  sec  0.00 Bytes  0.00 bits/sec    0    120 KBytes       
[ 24]  31.00-32.00  sec   255 KBytes  2.08 Mbits/sec    0    140 KBytes       
[ 24]  32.00-33.00  sec  0.00 Bytes  0.00 bits/sec    0    141 KBytes       
[ 24]  33.00-34.00  sec   445 KBytes  3.65 Mbits/sec    0    197 KBytes       
[ 24]  34.00-35.00  sec  0.00 Bytes  0.00 bits/sec    0    199 KBytes       
[ 24]  35.00-36.00  sec  0.00 Bytes  0.00 bits/sec   29    141 KBytes       
[ 24]  36.00-37.00  sec  0.00 Bytes  0.00 bits/sec    0    141 KBytes       
[ 24]  37.00-38.00  sec   318 KBytes  2.60 Mbits/sec    0    153 KBytes       
[ 24]  38.00-39.00  sec  0.00 Bytes  0.00 bits/sec    0    153 KBytes       
[ 24]  39.00-40.00  sec   191 KBytes  1.56 Mbits/sec    0    181 KBytes       
[ 24]  40.00-41.00  sec   127 KBytes  1.04 Mbits/sec    0    194 KBytes       
[ 24]  41.00-42.00  sec  63.6 KBytes   521 Kbits/sec    0    195 KBytes       
[ 24]  42.00-43.00  sec   127 KBytes  1.04 Mbits/sec    0    201 KBytes       
[ 24]  43.00-44.00  sec  63.6 KBytes   522 Kbits/sec    0    202 KBytes       
[ 24]  44.00-45.00  sec  63.6 KBytes   521 Kbits/sec    3    175 KBytes       
[ 24]  45.00-46.00  sec  0.00 Bytes  0.00 bits/sec    0    165 KBytes       
[ 24]  46.00-47.00  sec   318 KBytes  2.61 Mbits/sec    0    153 KBytes       
[ 24]  47.00-48.01  sec  0.00 Bytes  0.00 bits/sec    0    153 KBytes       
[ 24]  48.01-49.00  sec   191 KBytes  1.57 Mbits/sec    0    184 KBytes       
[ 24]  49.00-50.00  sec   127 KBytes  1.04 Mbits/sec    0    199 KBytes       
[ 24]  50.00-51.00  sec  63.6 KBytes   522 Kbits/sec    0    199 KBytes       
[ 24]  51.00-52.00  sec   191 KBytes  1.56 Mbits/sec    0    206 KBytes       
[ 24]  52.00-53.00  sec  0.00 Bytes  0.00 bits/sec    0    206 KBytes       
[ 24]  53.00-54.00  sec   191 KBytes  1.56 Mbits/sec    0    218 KBytes       
[ 24]  54.00-55.00  sec  0.00 Bytes  0.00 bits/sec    0    218 KBytes       
[ 24]  55.00-56.00  sec   445 KBytes  3.65 Mbits/sec    0    256 KBytes       
[ 24]  56.00-57.00  sec  0.00 Bytes  0.00 bits/sec    0    256 KBytes       
[ 24]  57.00-58.00  sec  0.00 Bytes  0.00 bits/sec   23    180 KBytes       
[ 24]  58.00-59.00  sec  0.00 Bytes  0.00 bits/sec    0    180 KBytes       
[ 24]  59.00-60.00  sec   382 KBytes  3.12 Mbits/sec    0    188 KBytes       
[ 24]  60.00-61.00  sec   191 KBytes  1.57 Mbits/sec    0    215 KBytes       
[ 24]  61.00-62.00  sec  63.6 KBytes   521 Kbits/sec    0    225 KBytes       
[ 24]  62.00-63.00  sec   191 KBytes  1.56 Mbits/sec    0    243 KBytes       
[ 24]  63.00-64.00  sec  0.00 Bytes  0.00 bits/sec    0    245 KBytes       
[ 24]  64.00-65.00  sec  63.6 KBytes   521 Kbits/sec   11    208 KBytes       
[ 24]  65.00-66.00  sec  0.00 Bytes  0.00 bits/sec    4    194 KBytes       
[ 24]  66.00-67.00  sec   127 KBytes  1.04 Mbits/sec    6    174 KBytes       
[ 24]  67.00-68.00  sec  0.00 Bytes  0.00 bits/sec    0    174 KBytes       
[ 24]  68.00-69.00  sec   445 KBytes  3.66 Mbits/sec    0    146 KBytes       
[ 24]  69.00-70.00  sec   127 KBytes  1.04 Mbits/sec    0    126 KBytes       
[ 24]  70.00-71.00  sec  0.00 Bytes  0.00 bits/sec    0    129 KBytes       
[ 24]  71.00-72.00  sec   127 KBytes  1.04 Mbits/sec    0    140 KBytes       
[ 24]  72.00-73.00  sec  0.00 Bytes  0.00 bits/sec    0    140 KBytes       
[ 24]  73.00-74.00  sec   191 KBytes  1.56 Mbits/sec    0    144 KBytes       
[ 24]  74.00-75.00  sec  63.6 KBytes   521 Kbits/sec    0    148 KBytes       
[ 24]  75.00-76.00  sec  63.6 KBytes   522 Kbits/sec    0    153 KBytes       
[ 24]  76.00-77.00  sec   127 KBytes  1.04 Mbits/sec    0    174 KBytes       
[ 24]  77.00-78.00  sec  0.00 Bytes  0.00 bits/sec    0    180 KBytes       
[ 24]  78.00-79.00  sec  63.6 KBytes   522 Kbits/sec    7    202 KBytes       
[ 24]  79.00-80.00  sec  0.00 Bytes  0.00 bits/sec    1    189 KBytes       
[ 24]  80.00-81.00  sec  0.00 Bytes  0.00 bits/sec   26    154 KBytes       
[ 24]  81.00-82.00  sec  0.00 Bytes  0.00 bits/sec    0    154 KBytes       
[ 24]  82.00-83.00  sec   382 KBytes  3.13 Mbits/sec    0    163 KBytes       
[ 24]  83.00-84.00  sec  0.00 Bytes  0.00 bits/sec    0    164 KBytes       
[ 24]  84.00-85.00  sec   191 KBytes  1.56 Mbits/sec    0    195 KBytes       
[ 24]  85.00-86.00  sec  0.00 Bytes  0.00 bits/sec    0    197 KBytes       
[ 24]  86.00-87.00  sec   191 KBytes  1.56 Mbits/sec    1    208 KBytes       
[ 24]  87.00-88.00  sec  0.00 Bytes  0.00 bits/sec    0    204 KBytes       
[ 24]  88.00-89.00  sec  0.00 Bytes  0.00 bits/sec    2    146 KBytes       
[ 24]  89.00-90.00  sec   255 KBytes  2.09 Mbits/sec    0    154 KBytes       
[ 24]  90.00-91.00  sec   127 KBytes  1.04 Mbits/sec    0    158 KBytes       
[ 24]  91.00-92.00  sec   127 KBytes  1.04 Mbits/sec    0    170 KBytes       
[ 24]  92.00-93.00  sec  0.00 Bytes  0.00 bits/sec    0    170 KBytes       
[ 24]  93.00-94.00  sec   191 KBytes  1.57 Mbits/sec    0    174 KBytes       
[ 24]  94.00-95.00  sec   127 KBytes  1.04 Mbits/sec    0    178 KBytes       
[ 24]  95.00-96.00  sec  0.00 Bytes  0.00 bits/sec    0    180 KBytes       
[ 24]  96.00-97.00  sec   191 KBytes  1.57 Mbits/sec    0    197 KBytes       
[ 24]  97.00-98.00  sec  0.00 Bytes  0.00 bits/sec    0    199 KBytes       
[ 24]  98.00-99.00  sec   191 KBytes  1.56 Mbits/sec    0    247 KBytes       
[ 24]  99.00-100.00 sec  0.00 Bytes  0.00 bits/sec    0    250 KBytes       
[ 24] 100.00-101.00 sec   764 KBytes  6.25 Mbits/sec    0    351 KBytes       
[ 24] 101.00-102.00 sec  0.00 Bytes  0.00 bits/sec    1   1.41 KBytes       
[ 24] 102.00-103.00 sec  0.00 Bytes  0.00 bits/sec   54    247 KBytes       
[ 24] 103.00-104.00 sec  63.6 KBytes   521 Kbits/sec    4    247 KBytes       
[ 24] 104.00-105.00 sec   255 KBytes  2.09 Mbits/sec    0    247 KBytes       
[ 24] 105.00-106.00 sec   382 KBytes  3.13 Mbits/sec    0    287 KBytes       
[ 24] 106.00-107.00 sec   127 KBytes  1.04 Mbits/sec    0    301 KBytes       
[ 24] 107.00-108.00 sec   191 KBytes  1.57 Mbits/sec    0    327 KBytes       
[ 24] 108.00-109.00 sec  63.6 KBytes   521 Kbits/sec    0    334 KBytes       
[ 24] 109.00-110.00 sec  0.00 Bytes  0.00 bits/sec   27    240 KBytes       
[ 24] 110.00-111.00 sec  0.00 Bytes  0.00 bits/sec   10    233 KBytes       
[ 24] 111.00-112.00 sec   191 KBytes  1.56 Mbits/sec    0    233 KBytes       
[ 24] 112.00-113.00 sec   255 KBytes  2.09 Mbits/sec    0    236 KBytes       
[ 24] 113.00-114.00 sec   318 KBytes  2.60 Mbits/sec    0    262 KBytes       
[ 24] 114.00-115.00 sec   127 KBytes  1.04 Mbits/sec    0    272 KBytes       
[ 24] 115.00-116.00 sec   127 KBytes  1.04 Mbits/sec    0    276 KBytes       
[ 24] 116.00-117.00 sec   191 KBytes  1.56 Mbits/sec    0    280 KBytes       
[ 24] 117.00-118.00 sec   127 KBytes  1.04 Mbits/sec    0    281 KBytes       
[ 24] 118.00-119.00 sec   191 KBytes  1.56 Mbits/sec    0    291 KBytes       
[ 24] 119.00-120.00 sec  63.6 KBytes   522 Kbits/sec    0    297 KBytes       
[ 24] 120.00-121.00 sec   191 KBytes  1.57 Mbits/sec    0    327 KBytes       
[ 24] 121.00-122.00 sec  63.6 KBytes   521 Kbits/sec    0    339 KBytes       
[ 24] 122.00-123.00 sec   573 KBytes  4.69 Mbits/sec    0    409 KBytes       
[ 24] 123.00-124.00 sec  63.6 KBytes   519 Kbits/sec    6    399 KBytes       
[ 24] 124.00-125.00 sec  0.00 Bytes  0.00 bits/sec   46    293 KBytes       
[ 24] 125.00-126.00 sec  0.00 Bytes  0.00 bits/sec    0    293 KBytes       
[ 24] 126.00-127.00 sec   636 KBytes  5.22 Mbits/sec    0    317 KBytes       
[ 24] 127.00-128.00 sec   191 KBytes  1.56 Mbits/sec    0    351 KBytes       
[ 24] 128.00-129.00 sec   191 KBytes  1.57 Mbits/sec    0    373 KBytes       
[ 24] 129.00-130.00 sec   255 KBytes  2.09 Mbits/sec    0    393 KBytes       
[ 24] 130.00-131.00 sec   127 KBytes  1.04 Mbits/sec    0    403 KBytes       
[ 24] 131.00-132.00 sec  63.6 KBytes   521 Kbits/sec   10    356 KBytes       
[ 24] 132.00-133.00 sec  0.00 Bytes  0.00 bits/sec   11    291 KBytes       
[ 24] 133.00-134.00 sec   127 KBytes  1.04 Mbits/sec    2    283 KBytes       
[ 24] 134.00-135.00 sec   191 KBytes  1.56 Mbits/sec    0    283 KBytes       
[ 24] 135.00-136.00 sec   573 KBytes  4.70 Mbits/sec    0    214 KBytes       
[ 24] 136.00-137.00 sec   191 KBytes  1.56 Mbits/sec    0    211 KBytes       
[ 24] 137.00-138.00 sec  63.6 KBytes   521 Kbits/sec    0    219 KBytes       
[ 24] 138.00-139.00 sec   191 KBytes  1.56 Mbits/sec    0    232 KBytes       
[ 24] 139.00-140.00 sec   127 KBytes  1.04 Mbits/sec    0    235 KBytes       
[ 24] 140.00-141.00 sec   127 KBytes  1.04 Mbits/sec    0    238 KBytes       
[ 24] 141.00-142.00 sec   127 KBytes  1.04 Mbits/sec    0    242 KBytes       
[ 24] 142.00-143.00 sec   127 KBytes  1.04 Mbits/sec    0    247 KBytes       
[ 24] 143.00-144.00 sec   127 KBytes  1.04 Mbits/sec    0    264 KBytes       
[ 24] 144.00-145.00 sec   127 KBytes  1.04 Mbits/sec    0    274 KBytes       
[ 24] 145.00-146.00 sec   127 KBytes  1.04 Mbits/sec    0    322 KBytes       
[ 24] 146.00-147.00 sec  0.00 Bytes  0.00 bits/sec    6    305 KBytes       
[ 24] 147.00-148.00 sec  0.00 Bytes  0.00 bits/sec   61    233 KBytes       
[ 24] 148.00-149.00 sec   127 KBytes  1.04 Mbits/sec    7    233 KBytes       
[ 24] 149.00-150.00 sec   191 KBytes  1.56 Mbits/sec    0    233 KBytes       
[ 24] 150.00-151.00 sec   191 KBytes  1.56 Mbits/sec    0    255 KBytes       
[ 24] 151.00-152.00 sec   255 KBytes  2.09 Mbits/sec    0    291 KBytes       
[ 24] 152.00-153.00 sec   127 KBytes  1.04 Mbits/sec    0    308 KBytes       
[ 24] 153.00-154.00 sec   191 KBytes  1.56 Mbits/sec    0    318 KBytes       
[ 24] 154.00-155.00 sec   127 KBytes  1.04 Mbits/sec    0    325 KBytes       
[ 24] 155.00-156.00 sec   191 KBytes  1.57 Mbits/sec    0    328 KBytes       
[ 24] 156.00-157.00 sec  0.00 Bytes  0.00 bits/sec    4    277 KBytes       
[ 24] 157.00-158.00 sec  0.00 Bytes  0.00 bits/sec    4    229 KBytes       
[ 24] 158.00-159.00 sec   191 KBytes  1.56 Mbits/sec    0    229 KBytes       
[ 24] 159.00-160.00 sec   318 KBytes  2.61 Mbits/sec    0    238 KBytes       
[ 24] 160.00-161.00 sec   255 KBytes  2.08 Mbits/sec    0    260 KBytes       
[ 24] 161.00-162.00 sec   191 KBytes  1.56 Mbits/sec    0    269 KBytes       
[ 24] 162.00-163.00 sec   127 KBytes  1.04 Mbits/sec    0    273 KBytes       
[ 24] 163.00-164.00 sec   127 KBytes  1.04 Mbits/sec    0    276 KBytes       
[ 24] 164.00-165.00 sec   127 KBytes  1.04 Mbits/sec    0    279 KBytes       
[ 24] 165.00-166.00 sec   191 KBytes  1.56 Mbits/sec    0    290 KBytes       
[ 24] 166.00-167.00 sec   127 KBytes  1.04 Mbits/sec    0    300 KBytes       
[ 24] 167.00-168.00 sec   191 KBytes  1.56 Mbits/sec    0    329 KBytes       
[ 24] 168.00-169.00 sec   127 KBytes  1.04 Mbits/sec    0    368 KBytes       
[ 24] 169.00-170.00 sec   191 KBytes  1.56 Mbits/sec    0    424 KBytes       
[ 24] 170.00-171.00 sec  0.00 Bytes  0.00 bits/sec   19    370 KBytes       
[ 24] 171.00-172.00 sec  0.00 Bytes  0.00 bits/sec   48    298 KBytes       
[ 24] 172.00-173.00 sec   191 KBytes  1.57 Mbits/sec    1    298 KBytes       
[ 24] 173.00-174.00 sec   382 KBytes  3.13 Mbits/sec    0    304 KBytes       
[ 24] 174.00-175.00 sec   191 KBytes  1.56 Mbits/sec    0    341 KBytes       
[ 24] 175.00-176.00 sec   255 KBytes  2.09 Mbits/sec    0    369 KBytes       
[ 24] 176.00-177.00 sec   191 KBytes  1.56 Mbits/sec    0    392 KBytes       
[ 24] 177.00-178.00 sec   127 KBytes  1.04 Mbits/sec    0    404 KBytes       
[ 24] 178.00-179.00 sec  0.00 Bytes  0.00 bits/sec   17    329 KBytes       
[ 24] 179.00-180.00 sec  0.00 Bytes  0.00 bits/sec   10    283 KBytes       
[ 24] 180.00-181.00 sec   255 KBytes  2.08 Mbits/sec    3    283 KBytes       
[ 24] 181.00-182.00 sec   445 KBytes  3.65 Mbits/sec    0    291 KBytes       
[ 24] 182.00-183.00 sec   255 KBytes  2.08 Mbits/sec    0    311 KBytes       
[ 24] 183.00-184.00 sec   191 KBytes  1.57 Mbits/sec    0    325 KBytes       
[ 24] 184.00-185.00 sec   127 KBytes  1.04 Mbits/sec    0    332 KBytes       
[ 24] 185.00-186.00 sec   255 KBytes  2.08 Mbits/sec    0    338 KBytes       
[ 24] 186.00-187.00 sec   127 KBytes  1.04 Mbits/sec    0    339 KBytes       
[ 24] 187.00-188.00 sec   191 KBytes  1.56 Mbits/sec    0    345 KBytes       
[ 24] 188.00-189.00 sec   191 KBytes  1.56 Mbits/sec    0    351 KBytes       
[ 24] 189.00-190.00 sec   191 KBytes  1.56 Mbits/sec    0    366 KBytes       
[ 24] 190.00-191.00 sec   127 KBytes  1.04 Mbits/sec    0    387 KBytes       
[ 24] 191.00-192.00 sec   191 KBytes  1.56 Mbits/sec    0    426 KBytes       
[ 24] 192.00-193.00 sec  0.00 Bytes  0.00 bits/sec   12    372 KBytes       
[ 24] 193.00-194.00 sec  0.00 Bytes  0.00 bits/sec   35    298 KBytes       
[ 24] 194.00-195.00 sec  0.00 Bytes  0.00 bits/sec    6    298 KBytes       
[ 24] 195.00-196.00 sec   636 KBytes  5.21 Mbits/sec    0    291 KBytes       
[ 24] 196.00-197.00 sec   255 KBytes  2.09 Mbits/sec    0    240 KBytes       
[ 24] 197.00-198.00 sec   191 KBytes  1.56 Mbits/sec    0    214 KBytes       
[ 24] 198.00-199.00 sec   127 KBytes  1.04 Mbits/sec    0    232 KBytes       
[ 24] 199.00-200.00 sec  63.6 KBytes   521 Kbits/sec    0    238 KBytes       
[ 24] 200.00-201.00 sec   127 KBytes  1.04 Mbits/sec    0    245 KBytes       
[ 24] 201.00-202.00 sec  63.6 KBytes   521 Kbits/sec    2    240 KBytes       
[ 24] 202.00-203.00 sec  0.00 Bytes  0.00 bits/sec    3    188 KBytes       
[ 24] 203.00-204.00 sec   191 KBytes  1.56 Mbits/sec    3    173 KBytes       
[ 24] 204.00-205.00 sec   255 KBytes  2.08 Mbits/sec    0    181 KBytes       
[ 24] 205.00-206.00 sec   127 KBytes  1.04 Mbits/sec    0    192 KBytes       
[ 24] 206.00-207.00 sec   127 KBytes  1.04 Mbits/sec    0    201 KBytes       
[ 24] 207.00-208.00 sec   127 KBytes  1.04 Mbits/sec    0    205 KBytes       
[ 24] 208.00-209.00 sec   127 KBytes  1.04 Mbits/sec    0    206 KBytes       
[ 24] 209.00-210.00 sec   127 KBytes  1.04 Mbits/sec    0    211 KBytes       
[ 24] 210.00-211.00 sec   127 KBytes  1.04 Mbits/sec    0    218 KBytes       
[ 24] 211.00-212.00 sec   127 KBytes  1.04 Mbits/sec    0    232 KBytes       
[ 24] 212.00-213.00 sec   127 KBytes  1.04 Mbits/sec    0    259 KBytes       
[ 24] 213.00-214.00 sec   127 KBytes  1.04 Mbits/sec    0    294 KBytes       
[ 24] 214.00-215.00 sec   127 KBytes  1.04 Mbits/sec    0    345 KBytes       
[ 24] 215.00-216.00 sec   127 KBytes  1.04 Mbits/sec    0    421 KBytes       
[ 24] 216.00-217.00 sec   318 KBytes  2.60 Mbits/sec   12    443 KBytes       
[ 24] 217.00-218.00 sec  0.00 Bytes  0.00 bits/sec   35    338 KBytes       
[ 24] 218.00-219.00 sec  0.00 Bytes  0.00 bits/sec   28    332 KBytes       
[ 24] 219.00-220.00 sec   318 KBytes  2.61 Mbits/sec    0    332 KBytes       
[ 24] 220.00-221.00 sec   382 KBytes  3.12 Mbits/sec    0    346 KBytes       
[ 24] 221.00-222.00 sec   255 KBytes  2.09 Mbits/sec    0    387 KBytes       
[ 24] 222.00-223.00 sec   255 KBytes  2.09 Mbits/sec    0    416 KBytes       
[ 24] 223.00-224.00 sec   191 KBytes  1.56 Mbits/sec    0    437 KBytes       
[ 24] 224.00-225.00 sec  0.00 Bytes  0.00 bits/sec   17    366 KBytes       
[ 24] 225.00-226.00 sec  0.00 Bytes  0.00 bits/sec   12    307 KBytes       
[ 24] 226.00-227.00 sec   191 KBytes  1.56 Mbits/sec    1    307 KBytes       
[ 24] 227.00-228.00 sec   509 KBytes  4.17 Mbits/sec    0    317 KBytes       
[ 24] 228.00-229.00 sec   255 KBytes  2.09 Mbits/sec    0    337 KBytes       
[ 24] 229.00-230.00 sec   191 KBytes  1.56 Mbits/sec    0    351 KBytes       
[ 24] 230.00-231.00 sec   255 KBytes  2.09 Mbits/sec    0    361 KBytes       
[ 24] 231.00-232.00 sec   191 KBytes  1.56 Mbits/sec    0    365 KBytes       
[ 24] 232.00-233.00 sec   127 KBytes  1.04 Mbits/sec    0    368 KBytes       
[ 24] 233.00-234.00 sec   255 KBytes  2.09 Mbits/sec    0    373 KBytes       
[ 24] 234.00-235.00 sec   191 KBytes  1.56 Mbits/sec    0    380 KBytes       
[ 24] 235.00-236.00 sec   191 KBytes  1.56 Mbits/sec    0    396 KBytes       
[ 24] 236.00-237.00 sec   127 KBytes  1.04 Mbits/sec    0    419 KBytes       
[ 24] 237.00-238.00 sec   191 KBytes  1.56 Mbits/sec    1    443 KBytes       
[ 24] 238.00-239.00 sec  0.00 Bytes  0.00 bits/sec   13    366 KBytes       
[ 24] 239.00-240.00 sec  0.00 Bytes  0.00 bits/sec   19    314 KBytes       
[ 24] 240.00-241.00 sec   255 KBytes  2.09 Mbits/sec    0    314 KBytes       
[ 24] 241.00-242.00 sec   445 KBytes  3.65 Mbits/sec    0    304 KBytes       
[ 24] 242.00-243.00 sec   382 KBytes  3.13 Mbits/sec    0    223 KBytes       
[ 24] 243.00-244.00 sec   127 KBytes  1.04 Mbits/sec    0    236 KBytes       
[ 24] 244.00-245.00 sec   127 KBytes  1.04 Mbits/sec    0    247 KBytes       
[ 24] 245.00-246.00 sec   191 KBytes  1.56 Mbits/sec    0    256 KBytes       
[ 24] 246.00-247.00 sec   127 KBytes  1.04 Mbits/sec    0    260 KBytes       
[ 24] 247.00-248.00 sec   127 KBytes  1.04 Mbits/sec    0    263 KBytes       
[ 24] 248.00-249.00 sec   127 KBytes  1.04 Mbits/sec    0    267 KBytes       
[ 24] 249.00-250.00 sec   127 KBytes  1.04 Mbits/sec    0    276 KBytes       
[ 24] 250.00-251.00 sec   127 KBytes  1.04 Mbits/sec    0    290 KBytes       
[ 24] 251.00-252.00 sec   127 KBytes  1.04 Mbits/sec    0    315 KBytes       
[ 24] 252.00-253.00 sec  0.00 Bytes  0.00 bits/sec    7    274 KBytes       
[ 24] 253.00-254.00 sec  0.00 Bytes  0.00 bits/sec    6    226 KBytes       
[ 24] 254.00-255.00 sec   127 KBytes  1.04 Mbits/sec    0    223 KBytes       
[ 24] 255.00-256.00 sec   445 KBytes  3.65 Mbits/sec    0    245 KBytes       
[ 24] 256.00-257.00 sec   191 KBytes  1.56 Mbits/sec    0    269 KBytes       
[ 24] 257.00-258.00 sec   127 KBytes  1.04 Mbits/sec    0    290 KBytes       
[ 24] 258.00-259.00 sec   191 KBytes  1.56 Mbits/sec    0    304 KBytes       
[ 24] 259.00-260.00 sec   127 KBytes  1.04 Mbits/sec    0    310 KBytes       
[ 24] 260.00-261.00 sec   191 KBytes  1.56 Mbits/sec    0    314 KBytes       
[ 24] 261.00-262.00 sec   127 KBytes  1.04 Mbits/sec    0    318 KBytes       
[ 24] 262.00-263.00 sec   191 KBytes  1.56 Mbits/sec    0    325 KBytes       
[ 24] 263.00-264.00 sec   127 KBytes  1.04 Mbits/sec    0    335 KBytes       
[ 24] 264.00-265.00 sec   127 KBytes  1.04 Mbits/sec    5    332 KBytes       
[ 24] 265.00-266.00 sec  0.00 Bytes  0.00 bits/sec    5    283 KBytes       
[ 24] 266.00-267.00 sec  63.6 KBytes   521 Kbits/sec   11    245 KBytes       
[ 24] 267.00-268.00 sec   127 KBytes  1.04 Mbits/sec    0    245 KBytes       
[ 24] 268.00-269.00 sec   445 KBytes  3.65 Mbits/sec    0    267 KBytes       
[ 24] 269.00-270.00 sec   255 KBytes  2.08 Mbits/sec    0    300 KBytes       
[ 24] 270.00-271.00 sec   127 KBytes  1.04 Mbits/sec    0    318 KBytes       
[ 24] 271.00-272.00 sec   191 KBytes  1.56 Mbits/sec    0    332 KBytes       
[ 24] 272.00-273.00 sec   127 KBytes  1.04 Mbits/sec    0    339 KBytes       
[ 24] 273.00-274.00 sec   191 KBytes  1.56 Mbits/sec    0    344 KBytes       
[ 24] 274.00-275.00 sec  63.6 KBytes   521 Kbits/sec    4    327 KBytes       
[ 24] 275.00-276.00 sec  0.00 Bytes  0.00 bits/sec   10    264 KBytes       
[ 24] 276.00-277.00 sec  63.6 KBytes   521 Kbits/sec    0    242 KBytes       
[ 24] 277.00-278.00 sec   509 KBytes  4.17 Mbits/sec    0    253 KBytes       
[ 24] 278.00-279.00 sec   191 KBytes  1.56 Mbits/sec    0    272 KBytes       
[ 24] 279.00-280.00 sec   191 KBytes  1.57 Mbits/sec    0    281 KBytes       
[ 24] 280.00-281.00 sec   127 KBytes  1.04 Mbits/sec    0    287 KBytes       
[ 24] 281.00-282.00 sec   191 KBytes  1.57 Mbits/sec    0    290 KBytes       
[ 24] 282.00-283.00 sec   127 KBytes  1.04 Mbits/sec    0    293 KBytes       
[ 24] 283.00-284.00 sec   191 KBytes  1.56 Mbits/sec    0    301 KBytes       
[ 24] 284.00-285.00 sec   191 KBytes  1.57 Mbits/sec    0    313 KBytes       
[ 24] 285.00-286.00 sec   127 KBytes  1.04 Mbits/sec    0    329 KBytes       
[ 24] 286.00-287.00 sec   191 KBytes  1.56 Mbits/sec    0    361 KBytes       
[ 24] 287.00-288.00 sec   127 KBytes  1.04 Mbits/sec    0    407 KBytes       
[ 24] 288.00-289.00 sec   191 KBytes  1.56 Mbits/sec    0    465 KBytes       
[ 24] 289.00-290.00 sec  0.00 Bytes  0.00 bits/sec   24    373 KBytes       
[ 24] 290.00-291.00 sec  0.00 Bytes  0.00 bits/sec   45    325 KBytes       
[ 24] 291.00-292.00 sec   191 KBytes  1.57 Mbits/sec    0    325 KBytes       
[ 24] 292.00-293.00 sec   509 KBytes  4.17 Mbits/sec    0    344 KBytes       
[ 24] 293.00-294.00 sec   255 KBytes  2.09 Mbits/sec    0    380 KBytes       
[ 24] 294.00-295.00 sec   191 KBytes  1.56 Mbits/sec    0    409 KBytes       
[ 24] 295.00-296.00 sec   255 KBytes  2.09 Mbits/sec    0    431 KBytes       
[ 24] 296.00-297.00 sec   127 KBytes  1.04 Mbits/sec    0    443 KBytes       
[ 24] 297.00-298.00 sec  0.00 Bytes  0.00 bits/sec   10    376 KBytes       
[ 24] 298.00-299.00 sec  0.00 Bytes  0.00 bits/sec   14    311 KBytes       
[ 24] 299.00-300.00 sec   255 KBytes  2.09 Mbits/sec    2    311 KBytes       
[ 24] 300.00-301.00 sec   573 KBytes  4.69 Mbits/sec    0    320 KBytes       
[ 24] 301.00-302.00 sec   255 KBytes  2.09 Mbits/sec    0    341 KBytes       
[ 24] 302.00-303.00 sec   191 KBytes  1.56 Mbits/sec    0    356 KBytes       
[ 24] 303.00-304.00 sec   191 KBytes  1.56 Mbits/sec    0    365 KBytes       
[ 24] 304.00-305.00 sec   255 KBytes  2.08 Mbits/sec    0    370 KBytes       
[ 24] 305.00-306.00 sec   127 KBytes  1.04 Mbits/sec    0    373 KBytes       
[ 24] 306.00-307.00 sec   255 KBytes  2.08 Mbits/sec    0    378 KBytes       
[ 24] 307.00-308.00 sec   191 KBytes  1.56 Mbits/sec    0    385 KBytes       
[ 24] 308.00-309.00 sec   191 KBytes  1.56 Mbits/sec    0    399 KBytes       
[ 24] 309.00-310.00 sec   255 KBytes  2.08 Mbits/sec    0    423 KBytes       
[ 24] 310.00-311.00 sec   127 KBytes  1.04 Mbits/sec    0    455 KBytes       
[ 24] 311.00-312.00 sec  63.6 KBytes   522 Kbits/sec   16    406 KBytes       
[ 24] 312.00-313.00 sec  0.00 Bytes  0.00 bits/sec   27    328 KBytes       
[ 24] 313.00-314.00 sec   127 KBytes  1.04 Mbits/sec   13    328 KBytes       
[ 24] 314.00-315.00 sec   255 KBytes  2.08 Mbits/sec    0    328 KBytes       
[ 24] 315.00-316.00 sec   509 KBytes  4.17 Mbits/sec    0    369 KBytes       
[ 24] 316.00-317.00 sec   255 KBytes  2.09 Mbits/sec    0    399 KBytes       
[ 24] 317.00-318.00 sec   255 KBytes  2.09 Mbits/sec    0    427 KBytes       
[ 24] 318.00-319.00 sec   191 KBytes  1.56 Mbits/sec    0    443 KBytes       
[ 24] 319.00-320.00 sec   191 KBytes  1.56 Mbits/sec    0    454 KBytes       
[ 24] 320.00-321.00 sec  0.00 Bytes  0.00 bits/sec   12    383 KBytes       
[ 24] 321.00-322.00 sec  0.00 Bytes  0.00 bits/sec    9    317 KBytes       
[ 24] 322.00-323.00 sec   191 KBytes  1.57 Mbits/sec    0    317 KBytes       
[ 24] 323.00-324.00 sec   573 KBytes  4.69 Mbits/sec    0    331 KBytes       
[ 24] 324.00-325.00 sec   318 KBytes  2.60 Mbits/sec    0    354 KBytes       
[ 24] 325.00-326.00 sec   255 KBytes  2.08 Mbits/sec    0    368 KBytes       
[ 24] 326.00-327.00 sec   127 KBytes  1.04 Mbits/sec    0    375 KBytes       
[ 24] 327.00-328.00 sec   255 KBytes  2.09 Mbits/sec    0    379 KBytes       
[ 24] 328.00-329.00 sec   191 KBytes  1.56 Mbits/sec    0    382 KBytes       
[ 24] 329.00-330.00 sec   255 KBytes  2.09 Mbits/sec    0    387 KBytes       
[ 24] 330.00-331.00 sec   127 KBytes  1.04 Mbits/sec    0    395 KBytes       
[ 24] 331.00-332.00 sec   255 KBytes  2.09 Mbits/sec    0    411 KBytes       
[ 24] 332.00-333.00 sec   191 KBytes  1.56 Mbits/sec    0    436 KBytes       
[ 24] 333.00-334.00 sec   191 KBytes  1.56 Mbits/sec    0    477 KBytes       
[ 24] 334.00-335.00 sec  0.00 Bytes  0.00 bits/sec   29    390 KBytes       
[ 24] 335.00-336.00 sec  0.00 Bytes  0.00 bits/sec   30    335 KBytes       
[ 24] 336.00-337.00 sec   255 KBytes  2.09 Mbits/sec    1    335 KBytes       
[ 24] 337.00-338.00 sec   509 KBytes  4.17 Mbits/sec    0    352 KBytes       
[ 24] 338.00-339.00 sec   318 KBytes  2.61 Mbits/sec    0    395 KBytes       
[ 24] 339.00-340.00 sec   255 KBytes  2.08 Mbits/sec    0    426 KBytes       
[ 24] 340.00-341.00 sec   255 KBytes  2.09 Mbits/sec    0    448 KBytes       
[ 24] 341.00-342.00 sec   318 KBytes  2.60 Mbits/sec    0    462 KBytes       
[ 24] 342.00-343.00 sec   127 KBytes  1.04 Mbits/sec    0    468 KBytes       
[ 24] 343.00-344.00 sec   382 KBytes  3.13 Mbits/sec    0    474 KBytes       
[ 24] 344.00-345.00 sec   255 KBytes  2.09 Mbits/sec    0    478 KBytes       
[ 24] 345.00-346.00 sec   318 KBytes  2.61 Mbits/sec    0    484 KBytes       
[ 24] 346.00-347.00 sec   318 KBytes  2.61 Mbits/sec    0    495 KBytes       
[ 24] 347.00-348.00 sec   318 KBytes  2.60 Mbits/sec    0    513 KBytes       
[ 24] 348.00-349.00 sec   445 KBytes  3.65 Mbits/sec    0    544 KBytes       
[ 24] 349.00-350.00 sec   509 KBytes  4.17 Mbits/sec    0    587 KBytes       
[ 24] 350.00-351.00 sec  0.00 Bytes  0.00 bits/sec   27    479 KBytes       
[ 24] 351.00-352.00 sec  0.00 Bytes  0.00 bits/sec   29    411 KBytes       
[ 24] 352.00-353.00 sec   318 KBytes  2.60 Mbits/sec    1    411 KBytes       
[ 24] 353.00-354.00 sec   636 KBytes  5.21 Mbits/sec    0    433 KBytes       
[ 24] 354.00-355.00 sec   382 KBytes  3.13 Mbits/sec    0    477 KBytes       
[ 24] 355.00-356.00 sec   255 KBytes  2.08 Mbits/sec    0    513 KBytes       
[ 24] 356.00-357.00 sec   318 KBytes  2.60 Mbits/sec    0    543 KBytes       
[ 24] 357.00-358.00 sec   255 KBytes  2.09 Mbits/sec    0    561 KBytes       
[ 24] 358.00-359.00 sec   318 KBytes  2.61 Mbits/sec    0    573 KBytes       
[ 24] 359.00-360.00 sec   191 KBytes  1.56 Mbits/sec    3    557 KBytes       
[ 24] 360.00-361.00 sec  0.00 Bytes  0.00 bits/sec    8    452 KBytes       
[ 24] 361.00-362.00 sec  0.00 Bytes  0.00 bits/sec    4    404 KBytes       
[ 24] 362.00-363.00 sec   445 KBytes  3.64 Mbits/sec    0    404 KBytes       
[ 24] 363.00-364.00 sec   700 KBytes  5.76 Mbits/sec    0    431 KBytes       
[ 24] 364.00-365.00 sec   382 KBytes  3.13 Mbits/sec    0    454 KBytes       
[ 24] 365.00-366.00 sec   255 KBytes  2.08 Mbits/sec    0    471 KBytes       
[ 24] 366.00-367.00 sec   255 KBytes  2.08 Mbits/sec    0    478 KBytes       
[ 24] 367.00-368.00 sec   318 KBytes  2.61 Mbits/sec    0    485 KBytes       
[ 24] 368.00-369.00 sec   255 KBytes  2.08 Mbits/sec    0    488 KBytes       
[ 24] 369.00-370.00 sec   255 KBytes  2.09 Mbits/sec    0    492 KBytes       
[ 24] 370.00-371.00 sec   318 KBytes  2.61 Mbits/sec    0    502 KBytes       
[ 24] 371.00-372.00 sec   191 KBytes  1.56 Mbits/sec    0    513 KBytes       
[ 24] 372.00-373.00 sec   318 KBytes  2.60 Mbits/sec    0    544 KBytes       
[ 24] 373.00-374.00 sec   191 KBytes  1.57 Mbits/sec    0    570 KBytes       
[ 24] 374.00-375.00 sec  0.00 Bytes  0.00 bits/sec   32    447 KBytes       
[ 24] 375.00-376.01 sec  0.00 Bytes  0.00 bits/sec   20    402 KBytes       
[ 24] 376.01-377.00 sec   382 KBytes  3.14 Mbits/sec    4    402 KBytes       
[ 24] 377.00-378.00 sec   509 KBytes  4.17 Mbits/sec    0    417 KBytes       
[ 24] 378.00-379.00 sec   382 KBytes  3.13 Mbits/sec    0    461 KBytes       
[ 24] 379.00-380.00 sec   318 KBytes  2.60 Mbits/sec    0    502 KBytes       
[ 24] 380.00-381.00 sec   191 KBytes  1.56 Mbits/sec    0    525 KBytes       
[ 24] 381.00-382.00 sec   318 KBytes  2.61 Mbits/sec    0    546 KBytes       
[ 24] 382.00-383.00 sec   127 KBytes  1.04 Mbits/sec    2    547 KBytes       
[ 24] 383.00-384.00 sec  0.00 Bytes  0.00 bits/sec   25    410 KBytes       
[ 24] 384.00-385.00 sec  0.00 Bytes  0.00 bits/sec    0    387 KBytes       
[ 24] 385.00-386.00 sec   827 KBytes  6.77 Mbits/sec    0    397 KBytes       
[ 24] 386.00-387.00 sec   318 KBytes  2.60 Mbits/sec    0    424 KBytes       
[ 24] 387.00-388.00 sec   255 KBytes  2.09 Mbits/sec    0    443 KBytes       
[ 24] 388.00-389.00 sec   318 KBytes  2.61 Mbits/sec    0    457 KBytes       
[ 24] 389.00-390.00 sec   255 KBytes  2.08 Mbits/sec    0    462 KBytes       
[ 24] 390.00-391.00 sec   382 KBytes  3.13 Mbits/sec    0    467 KBytes       
[ 24] 391.00-392.00 sec   318 KBytes  2.61 Mbits/sec    0    471 KBytes       
[ 24] 392.00-393.00 sec   191 KBytes  1.56 Mbits/sec    0    475 KBytes       
[ 24] 393.00-394.00 sec   318 KBytes  2.60 Mbits/sec    0    488 KBytes       
[ 24] 394.00-395.00 sec   255 KBytes  2.09 Mbits/sec    0    506 KBytes       
[ 24] 395.00-396.00 sec   255 KBytes  2.08 Mbits/sec    0    532 KBytes       
[ 24] 396.00-397.00 sec   255 KBytes  2.09 Mbits/sec    0    580 KBytes       
[ 24] 397.00-398.00 sec   318 KBytes  2.61 Mbits/sec    2    602 KBytes       
[ 24] 398.00-399.00 sec  0.00 Bytes  0.00 bits/sec   15    526 KBytes       
[ 24] 399.00-400.00 sec  0.00 Bytes  0.00 bits/sec   58    433 KBytes       
[ 24] 400.00-401.00 sec  0.00 Bytes  0.00 bits/sec   44    433 KBytes       
[ 24] 401.00-402.00 sec  0.00 Bytes  0.00 bits/sec   38    433 KBytes       
[ 24] 402.00-403.00 sec  0.00 Bytes  0.00 bits/sec   56    433 KBytes       
[ 24] 403.00-404.00 sec  63.6 KBytes   521 Kbits/sec   38    433 KBytes       
[ 24] 404.00-405.00 sec   191 KBytes  1.56 Mbits/sec   79    344 KBytes       
[ 24] 405.00-406.00 sec   318 KBytes  2.61 Mbits/sec   11    433 KBytes       
[ 24] 406.00-407.00 sec  1.06 MBytes  8.86 Mbits/sec    7    378 KBytes       
[ 24] 407.00-408.00 sec  0.00 Bytes  0.00 bits/sec   58    303 KBytes       
[ 24] 408.00-409.00 sec   191 KBytes  1.56 Mbits/sec   45    303 KBytes       
[ 24] 409.00-410.00 sec   509 KBytes  4.17 Mbits/sec   12    247 KBytes       
[ 24] 410.00-411.00 sec  0.00 Bytes  0.00 bits/sec   18    211 KBytes       
[ 24] 411.00-412.00 sec   700 KBytes  5.74 Mbits/sec    0    215 KBytes       
[ 24] 412.00-413.00 sec   191 KBytes  1.56 Mbits/sec    0    232 KBytes       
[ 24] 413.00-414.00 sec   255 KBytes  2.08 Mbits/sec    0    246 KBytes       
[ 24] 414.00-415.00 sec   191 KBytes  1.57 Mbits/sec    0    252 KBytes       
[ 24] 415.00-416.00 sec  0.00 Bytes  0.00 bits/sec   31    175 KBytes       
[ 24] 416.00-417.00 sec  63.6 KBytes   521 Kbits/sec    7    175 KBytes       
[ 24] 417.00-418.00 sec   382 KBytes  3.13 Mbits/sec    0    181 KBytes       
[ 24] 418.00-419.00 sec   191 KBytes  1.56 Mbits/sec    0    195 KBytes       
[ 24] 419.00-420.00 sec  63.6 KBytes   521 Kbits/sec   13    161 KBytes       
[ 24] 420.00-421.00 sec  0.00 Bytes  0.00 bits/sec    0    140 KBytes       
[ 24] 421.00-422.00 sec   382 KBytes  3.13 Mbits/sec    0    154 KBytes       
[ 24] 422.00-423.00 sec   127 KBytes  1.04 Mbits/sec    0    163 KBytes       
[ 24] 423.00-424.00 sec  63.6 KBytes   521 Kbits/sec    1    164 KBytes       
[ 24] 424.00-425.00 sec  0.00 Bytes  0.00 bits/sec    4    120 KBytes       
[ 24] 425.00-426.00 sec  0.00 Bytes  0.00 bits/sec    4    116 KBytes       
[ 24] 426.00-427.00 sec   318 KBytes  2.61 Mbits/sec    0    124 KBytes       
[ 24] 427.00-428.00 sec   127 KBytes  1.04 Mbits/sec    3    123 KBytes       
[ 24] 428.00-429.00 sec  0.00 Bytes  0.00 bits/sec    5   91.9 KBytes       
[ 24] 429.00-430.00 sec  0.00 Bytes  0.00 bits/sec   11   91.9 KBytes       
[ 24] 430.00-431.00 sec  0.00 Bytes  0.00 bits/sec    7   91.9 KBytes       
[ 24] 431.00-432.00 sec   191 KBytes  1.56 Mbits/sec    4   89.1 KBytes       
[ 24] 432.00-433.00 sec  63.6 KBytes   522 Kbits/sec    7   63.6 KBytes       
[ 24] 433.00-434.00 sec  63.6 KBytes   521 Kbits/sec    7   63.6 KBytes       
[ 24] 434.00-435.00 sec  63.6 KBytes   521 Kbits/sec    7   46.7 KBytes       
[ 24] 435.00-436.00 sec   127 KBytes  1.04 Mbits/sec    3   43.8 KBytes       
[ 24] 436.00-437.00 sec  0.00 Bytes  0.00 bits/sec    5   43.8 KBytes       
[ 24] 437.00-438.00 sec  0.00 Bytes  0.00 bits/sec    5   43.8 KBytes       
[ 24] 438.00-439.00 sec  63.6 KBytes   521 Kbits/sec    0   42.4 KBytes       
[ 24] 439.00-440.00 sec  63.6 KBytes   521 Kbits/sec    0   31.1 KBytes       
[ 24] 440.00-441.00 sec  63.6 KBytes   521 Kbits/sec    0   33.9 KBytes       
[ 24] 441.00-442.00 sec  0.00 Bytes  0.00 bits/sec    3   32.5 KBytes       
[ 24] 442.00-443.00 sec  0.00 Bytes  0.00 bits/sec    0   24.0 KBytes       
[ 24] 443.00-444.00 sec  63.6 KBytes   522 Kbits/sec    0   29.7 KBytes       
[ 24] 444.00-445.00 sec  0.00 Bytes  0.00 bits/sec    1   24.0 KBytes       
[ 24] 445.00-446.00 sec  0.00 Bytes  0.00 bits/sec    6   19.8 KBytes       
[ 24] 446.00-447.00 sec  63.6 KBytes   521 Kbits/sec    0   19.8 KBytes       
[ 24] 447.00-448.00 sec  0.00 Bytes  0.00 bits/sec    2   15.6 KBytes       
[ 24] 448.00-449.00 sec  0.00 Bytes  0.00 bits/sec    1   12.7 KBytes       
[ 24] 449.00-450.00 sec  0.00 Bytes  0.00 bits/sec    0   12.7 KBytes       
[ 24] 450.00-451.00 sec  0.00 Bytes  0.00 bits/sec    1   9.90 KBytes       
[ 24] 451.00-452.00 sec  0.00 Bytes  0.00 bits/sec    1   8.48 KBytes       
[ 24] 452.00-453.00 sec  0.00 Bytes  0.00 bits/sec    0   8.48 KBytes       
[ 24] 453.00-454.00 sec  0.00 Bytes  0.00 bits/sec    1   5.66 KBytes       
[ 24] 454.00-455.00 sec  0.00 Bytes  0.00 bits/sec    0   5.66 KBytes       
[ 24] 455.00-456.00 sec  63.6 KBytes   521 Kbits/sec    0   5.66 KBytes       
[ 24] 456.00-457.00 sec  0.00 Bytes  0.00 bits/sec    0   7.07 KBytes       
[ 24] 457.00-458.00 sec  0.00 Bytes  0.00 bits/sec    0   7.07 KBytes       
[ 24] 458.00-459.00 sec  0.00 Bytes  0.00 bits/sec    0   9.90 KBytes       
[ 24] 459.00-460.00 sec  0.00 Bytes  0.00 bits/sec    0   11.3 KBytes       
[ 24] 460.00-461.00 sec  0.00 Bytes  0.00 bits/sec    1   12.7 KBytes       
[ 24] 461.00-462.00 sec  0.00 Bytes  0.00 bits/sec    1   9.90 KBytes       
[ 24] 462.00-463.00 sec  0.00 Bytes  0.00 bits/sec    0   9.90 KBytes       
[ 24] 463.00-464.00 sec  0.00 Bytes  0.00 bits/sec    1   9.90 KBytes       
[ 24] 464.00-465.00 sec  0.00 Bytes  0.00 bits/sec    0   9.90 KBytes       
[ 24] 465.00-466.00 sec  0.00 Bytes  0.00 bits/sec    0   11.3 KBytes       
[ 24] 466.00-467.00 sec  0.00 Bytes  0.00 bits/sec    0   12.7 KBytes       
[ 24] 467.00-468.00 sec  63.6 KBytes   523 Kbits/sec    0   12.7 KBytes       
[ 24] 468.00-469.00 sec  0.00 Bytes  0.00 bits/sec    0   15.6 KBytes       
[ 24] 469.00-470.00 sec  0.00 Bytes  0.00 bits/sec    1   9.90 KBytes       
[ 24] 470.00-471.00 sec  0.00 Bytes  0.00 bits/sec    3   9.90 KBytes       
[ 24] 471.00-472.00 sec  0.00 Bytes  0.00 bits/sec    0   9.90 KBytes       
[ 24] 472.00-473.00 sec  0.00 Bytes  0.00 bits/sec    0   12.7 KBytes       
[ 24] 473.00-474.00 sec  0.00 Bytes  0.00 bits/sec    0   14.1 KBytes       
[ 24] 474.00-475.00 sec  0.00 Bytes  0.00 bits/sec    0   17.0 KBytes       
[ 24] 475.00-476.00 sec  0.00 Bytes  0.00 bits/sec    3   11.3 KBytes       
[ 24] 476.00-477.00 sec  0.00 Bytes  0.00 bits/sec    0   11.3 KBytes       
[ 24] 477.00-478.00 sec  0.00 Bytes  0.00 bits/sec    0   11.3 KBytes       
[ 24] 478.00-479.00 sec  0.00 Bytes  0.00 bits/sec    1   9.90 KBytes       
[ 24] 479.00-480.00 sec  0.00 Bytes  0.00 bits/sec    0   9.90 KBytes       
[ 24] 480.00-481.00 sec  0.00 Bytes  0.00 bits/sec    2   7.07 KBytes       
[ 24] 481.00-482.00 sec  0.00 Bytes  0.00 bits/sec    0   7.07 KBytes       
[ 24] 482.00-483.00 sec  63.6 KBytes   521 Kbits/sec    0   8.48 KBytes       
[ 24] 483.00-484.00 sec  0.00 Bytes  0.00 bits/sec    0   12.7 KBytes       
[ 24] 484.00-485.00 sec  0.00 Bytes  0.00 bits/sec    0   12.7 KBytes       
[ 24] 485.00-486.00 sec  0.00 Bytes  0.00 bits/sec    1   8.48 KBytes       
[ 24] 486.00-487.00 sec  0.00 Bytes  0.00 bits/sec    0   8.48 KBytes       
[ 24] 487.00-488.00 sec  0.00 Bytes  0.00 bits/sec    0   9.90 KBytes       
[ 24] 488.00-489.00 sec  0.00 Bytes  0.00 bits/sec    0   9.90 KBytes       
[ 24] 489.00-490.00 sec  0.00 Bytes  0.00 bits/sec    0   11.3 KBytes       
[ 24] 490.00-491.00 sec  0.00 Bytes  0.00 bits/sec    0   11.3 KBytes       
[ 24] 491.00-492.00 sec  0.00 Bytes  0.00 bits/sec    0   17.0 KBytes       
[ 24] 492.00-493.00 sec  0.00 Bytes  0.00 bits/sec    1   14.1 KBytes       
[ 24] 493.00-494.00 sec  0.00 Bytes  0.00 bits/sec    1   11.3 KBytes       
[ 24] 494.00-495.00 sec  63.6 KBytes   521 Kbits/sec    0   12.7 KBytes       
[ 24] 495.00-496.00 sec  0.00 Bytes  0.00 bits/sec    0   12.7 KBytes       
[ 24] 496.00-497.00 sec  0.00 Bytes  0.00 bits/sec    0   15.6 KBytes       
[ 24] 497.00-498.00 sec  0.00 Bytes  0.00 bits/sec    0   15.6 KBytes       
[ 24] 498.00-499.00 sec  0.00 Bytes  0.00 bits/sec    0   17.0 KBytes       
[ 24] 499.00-500.00 sec  0.00 Bytes  0.00 bits/sec    0   19.8 KBytes       
[ 24] 500.00-501.00 sec  0.00 Bytes  0.00 bits/sec    2   15.6 KBytes       
[ 24] 501.00-502.00 sec  0.00 Bytes  0.00 bits/sec    1   12.7 KBytes       
[ 24] 502.00-503.00 sec  0.00 Bytes  0.00 bits/sec    0   12.7 KBytes       
[ 24] 503.00-504.00 sec  0.00 Bytes  0.00 bits/sec    5   12.7 KBytes       
[ 24] 504.00-505.00 sec  0.00 Bytes  0.00 bits/sec    0   12.7 KBytes       
[ 24] 505.00-506.00 sec  63.6 KBytes   521 Kbits/sec    1   8.48 KBytes       
[ 24] 506.00-507.00 sec  0.00 Bytes  0.00 bits/sec    3   8.48 KBytes       
[ 24] 507.00-508.00 sec  0.00 Bytes  0.00 bits/sec    0   8.48 KBytes       
[ 24] 508.00-509.00 sec  0.00 Bytes  0.00 bits/sec    1   8.48 KBytes       
[ 24] 509.00-510.00 sec  0.00 Bytes  0.00 bits/sec    0   9.90 KBytes       
[ 24] 510.00-511.00 sec  0.00 Bytes  0.00 bits/sec    0   9.90 KBytes       
[ 24] 511.00-512.00 sec  0.00 Bytes  0.00 bits/sec    0   15.6 KBytes       
[ 24] 512.00-513.00 sec  63.6 KBytes   521 Kbits/sec    0   22.6 KBytes       
[ 24] 513.00-514.00 sec  0.00 Bytes  0.00 bits/sec    4   15.6 KBytes       
[ 24] 514.00-515.00 sec  0.00 Bytes  0.00 bits/sec    0   15.6 KBytes       
[ 24] 515.00-516.00 sec  0.00 Bytes  0.00 bits/sec    4   15.6 KBytes       
[ 24] 516.00-517.00 sec  0.00 Bytes  0.00 bits/sec    1   12.7 KBytes       
[ 24] 517.00-518.00 sec  0.00 Bytes  0.00 bits/sec    5   9.90 KBytes       
[ 24] 518.00-519.00 sec  0.00 Bytes  0.00 bits/sec    0   11.3 KBytes       
[ 24] 519.00-520.00 sec  63.6 KBytes   521 Kbits/sec    0   12.7 KBytes       
[ 24] 520.00-521.00 sec  0.00 Bytes  0.00 bits/sec    0   14.1 KBytes       
[ 24] 521.00-522.00 sec  0.00 Bytes  0.00 bits/sec    0   15.6 KBytes       
[ 24] 522.00-523.00 sec  0.00 Bytes  0.00 bits/sec    0   24.0 KBytes       
[ 24] 523.00-524.00 sec  0.00 Bytes  0.00 bits/sec    0   36.8 KBytes       
[ 24] 524.00-525.00 sec  0.00 Bytes  0.00 bits/sec    3   36.8 KBytes       
[ 24] 525.00-526.00 sec  63.6 KBytes   522 Kbits/sec    1   29.7 KBytes       
[ 24] 526.00-527.00 sec  0.00 Bytes  0.00 bits/sec    0   29.7 KBytes       
[ 24] 527.00-528.00 sec  0.00 Bytes  0.00 bits/sec    1   29.7 KBytes       
[ 24] 528.00-529.00 sec  63.6 KBytes   521 Kbits/sec    0   36.8 KBytes       
[ 24] 529.00-530.00 sec  63.6 KBytes   522 Kbits/sec    2   36.8 KBytes       
[ 24] 530.00-531.00 sec  0.00 Bytes  0.00 bits/sec    0   28.3 KBytes       
[ 24] 531.00-532.00 sec  0.00 Bytes  0.00 bits/sec    4   19.8 KBytes       
[ 24] 532.00-533.00 sec  0.00 Bytes  0.00 bits/sec    1   19.8 KBytes       
[ 24] 533.00-534.00 sec  63.6 KBytes   523 Kbits/sec    2   19.8 KBytes       
[ 24] 534.00-535.00 sec  0.00 Bytes  0.00 bits/sec    8   17.0 KBytes       
[ 24] 535.00-536.00 sec  0.00 Bytes  0.00 bits/sec    1   12.7 KBytes       
[ 24] 536.00-537.00 sec  0.00 Bytes  0.00 bits/sec    0   12.7 KBytes       
[ 24] 537.00-538.00 sec  0.00 Bytes  0.00 bits/sec    0   14.1 KBytes       
[ 24] 538.00-539.00 sec  63.6 KBytes   521 Kbits/sec    0   15.6 KBytes       
[ 24] 539.00-540.00 sec  0.00 Bytes  0.00 bits/sec    0   18.4 KBytes       
[ 24] 540.00-541.00 sec  0.00 Bytes  0.00 bits/sec    0   28.3 KBytes       
[ 24] 541.00-542.00 sec  0.00 Bytes  0.00 bits/sec    0   35.4 KBytes       
[ 24] 542.00-543.00 sec  0.00 Bytes  0.00 bits/sec    0   41.0 KBytes       
[ 24] 543.00-544.00 sec  0.00 Bytes  0.00 bits/sec    7   28.3 KBytes       
[ 24] 544.00-545.00 sec  63.6 KBytes   521 Kbits/sec    2   28.3 KBytes       
[ 24] 545.00-546.00 sec  63.6 KBytes   522 Kbits/sec    0   33.9 KBytes       
[ 24] 546.00-547.00 sec  0.00 Bytes  0.00 bits/sec    1   28.3 KBytes       
[ 24] 547.00-548.00 sec  0.00 Bytes  0.00 bits/sec    0   22.6 KBytes       
[ 24] 548.00-549.00 sec  63.6 KBytes   521 Kbits/sec    0   26.9 KBytes       
[ 24] 549.00-550.00 sec  0.00 Bytes  0.00 bits/sec    2   22.6 KBytes       
[ 24] 550.00-551.00 sec  0.00 Bytes  0.00 bits/sec    2   18.4 KBytes       
[ 24] 551.00-552.00 sec  0.00 Bytes  0.00 bits/sec    1   18.4 KBytes       
[ 24] 552.00-553.00 sec  0.00 Bytes  0.00 bits/sec    2   12.7 KBytes       
[ 24] 553.00-554.00 sec  0.00 Bytes  0.00 bits/sec    0   12.7 KBytes       
[ 24] 554.00-555.00 sec  63.6 KBytes   521 Kbits/sec    0   14.1 KBytes       
[ 24] 555.00-556.00 sec  0.00 Bytes  0.00 bits/sec    0   15.6 KBytes       
[ 24] 556.00-557.00 sec  0.00 Bytes  0.00 bits/sec    2   12.7 KBytes       
[ 24] 557.00-558.00 sec  0.00 Bytes  0.00 bits/sec    0   11.3 KBytes       
[ 24] 558.00-559.00 sec  0.00 Bytes  0.00 bits/sec    1   11.3 KBytes       
[ 24] 559.00-560.00 sec  0.00 Bytes  0.00 bits/sec    0   11.3 KBytes       
[ 24] 560.00-561.00 sec  63.6 KBytes   521 Kbits/sec    0   12.7 KBytes       
[ 24] 561.00-562.00 sec  0.00 Bytes  0.00 bits/sec    0   15.6 KBytes       
[ 24] 562.00-563.00 sec  0.00 Bytes  0.00 bits/sec    0   17.0 KBytes       
[ 24] 563.00-564.00 sec  0.00 Bytes  0.00 bits/sec    0   19.8 KBytes       
[ 24] 564.00-565.00 sec  0.00 Bytes  0.00 bits/sec    0   29.7 KBytes       
[ 24] 565.00-566.00 sec  0.00 Bytes  0.00 bits/sec    0   31.1 KBytes       
[ 24] 566.00-567.00 sec  0.00 Bytes  0.00 bits/sec    2   36.8 KBytes       
[ 24] 567.00-568.00 sec  0.00 Bytes  0.00 bits/sec    0   33.9 KBytes       
[ 24] 568.00-569.00 sec  0.00 Bytes  0.00 bits/sec    4   28.3 KBytes       
[ 24] 569.00-570.00 sec  0.00 Bytes  0.00 bits/sec    1   28.3 KBytes       
[ 24] 570.00-571.00 sec  63.6 KBytes   521 Kbits/sec    0   28.3 KBytes       
[ 24] 571.00-572.00 sec  63.6 KBytes   521 Kbits/sec    0   35.4 KBytes       
[ 24] 572.00-573.00 sec  0.00 Bytes  0.00 bits/sec    0   36.8 KBytes       
[ 24] 573.00-574.00 sec  0.00 Bytes  0.00 bits/sec    0   39.6 KBytes       
[ 24] 574.00-575.00 sec  63.6 KBytes   521 Kbits/sec    0   42.4 KBytes       
[ 24] 575.00-576.00 sec  0.00 Bytes  0.00 bits/sec    0   43.8 KBytes       
[ 24] 576.00-577.00 sec  63.6 KBytes   522 Kbits/sec    0   62.2 KBytes       
[ 24] 577.00-578.00 sec  0.00 Bytes  0.00 bits/sec    2   62.2 KBytes       
[ 24] 578.00-579.00 sec  0.00 Bytes  0.00 bits/sec    6   45.2 KBytes       
[ 24] 579.00-580.00 sec  0.00 Bytes  0.00 bits/sec    0   45.2 KBytes       
[ 24] 580.00-581.00 sec  63.6 KBytes   521 Kbits/sec    0   48.1 KBytes       
[ 24] 581.00-582.00 sec  63.6 KBytes   521 Kbits/sec    0   59.4 KBytes       
[ 24] 582.00-583.00 sec  0.00 Bytes  0.00 bits/sec    0   59.4 KBytes       
[ 24] 583.00-584.00 sec  0.00 Bytes  0.00 bits/sec    2   58.0 KBytes       
[ 24] 584.00-585.00 sec  0.00 Bytes  0.00 bits/sec    0   49.5 KBytes       
[ 24] 585.00-586.00 sec   127 KBytes  1.04 Mbits/sec    0   43.8 KBytes       
[ 24] 586.00-587.00 sec  0.00 Bytes  0.00 bits/sec    1   29.7 KBytes       
[ 24] 587.00-588.00 sec  63.6 KBytes   521 Kbits/sec    0   31.1 KBytes       
[ 24] 588.00-589.00 sec  0.00 Bytes  0.00 bits/sec    0   33.9 KBytes       
[ 24] 589.00-590.00 sec  0.00 Bytes  0.00 bits/sec    0   35.4 KBytes       
[ 24] 590.00-591.00 sec  0.00 Bytes  0.00 bits/sec    1   33.9 KBytes       
[ 24] 591.00-592.00 sec  63.6 KBytes   522 Kbits/sec    1   24.0 KBytes       
[ 24] 592.00-593.00 sec  0.00 Bytes  0.00 bits/sec    0   24.0 KBytes       
[ 24] 593.00-594.00 sec  0.00 Bytes  0.00 bits/sec    0   26.9 KBytes       
[ 24] 594.00-595.00 sec  63.6 KBytes   522 Kbits/sec    0   28.3 KBytes       
[ 24] 595.00-596.00 sec   127 KBytes  1.04 Mbits/sec    0   29.7 KBytes       
[ 24] 596.00-597.00 sec   191 KBytes  1.56 Mbits/sec    0   32.5 KBytes       
[ 24] 597.00-598.00 sec   127 KBytes  1.04 Mbits/sec    0   38.2 KBytes       
[ 24] 598.00-599.00 sec   127 KBytes  1.04 Mbits/sec    0   50.9 KBytes       
[ 24] 599.00-600.00 sec   127 KBytes  1.04 Mbits/sec    0   76.4 KBytes       
[ 24] 600.00-601.00 sec   191 KBytes  1.56 Mbits/sec    0    112 KBytes       
[ 24] 601.00-602.00 sec   127 KBytes  1.04 Mbits/sec    0    150 KBytes       
[ 24] 602.00-603.00 sec   127 KBytes  1.04 Mbits/sec    0    198 KBytes       
[ 24] 603.00-604.00 sec   127 KBytes  1.04 Mbits/sec    0    279 KBytes       
[ 24] 604.00-605.00 sec   191 KBytes  1.56 Mbits/sec    0    395 KBytes       
[ 24] 605.00-606.00 sec  63.6 KBytes   521 Kbits/sec    7    403 KBytes       
[ 24] 606.00-607.00 sec  0.00 Bytes  0.00 bits/sec   72    297 KBytes       
[ 24] 607.00-608.00 sec   191 KBytes  1.57 Mbits/sec    9    297 KBytes       
[ 24] 608.00-609.00 sec   127 KBytes  1.04 Mbits/sec    0    297 KBytes       
[ 24] 609.00-610.00 sec  0.00 Bytes  0.00 bits/sec    7    297 KBytes       
[ 24] 610.00-611.00 sec   509 KBytes  4.17 Mbits/sec    4    243 KBytes       
[ 24] 611.00-612.00 sec   255 KBytes  2.09 Mbits/sec    2    208 KBytes       
[ 24] 612.00-613.00 sec   255 KBytes  2.08 Mbits/sec    0    209 KBytes       
[ 24] 613.00-614.00 sec   318 KBytes  2.60 Mbits/sec    0    222 KBytes       
[ 24] 614.00-615.00 sec   191 KBytes  1.57 Mbits/sec    0    236 KBytes       
[ 24] 615.00-616.00 sec   191 KBytes  1.56 Mbits/sec    0    245 KBytes       
[ 24] 616.00-617.00 sec  63.6 KBytes   521 Kbits/sec    0    247 KBytes       
[ 24] 617.00-618.00 sec   127 KBytes  1.04 Mbits/sec   16    215 KBytes       
[ 24] 618.00-619.00 sec  0.00 Bytes  0.00 bits/sec    1    174 KBytes       
[ 24] 619.00-620.00 sec  0.00 Bytes  0.00 bits/sec    3    174 KBytes       
[ 24] 620.00-621.00 sec   445 KBytes  3.65 Mbits/sec    0    161 KBytes       
[ 24] 621.00-622.00 sec   191 KBytes  1.56 Mbits/sec    0    123 KBytes       
[ 24] 622.00-623.00 sec   127 KBytes  1.04 Mbits/sec    0    134 KBytes       
[ 24] 623.00-624.00 sec  63.6 KBytes   521 Kbits/sec    0    139 KBytes       
[ 24] 624.00-625.00 sec  63.6 KBytes   521 Kbits/sec    0    143 KBytes       
[ 24] 625.00-626.00 sec   127 KBytes  1.04 Mbits/sec    0    146 KBytes       
[ 24] 626.00-627.00 sec  63.6 KBytes   521 Kbits/sec    0    147 KBytes       
[ 24] 627.00-628.00 sec  63.6 KBytes   521 Kbits/sec    1    143 KBytes       
[ 24] 628.00-629.00 sec  0.00 Bytes  0.00 bits/sec    2    105 KBytes       
[ 24] 629.00-630.00 sec   255 KBytes  2.08 Mbits/sec    0    109 KBytes       
[ 24] 630.00-631.00 sec   127 KBytes  1.04 Mbits/sec    0    123 KBytes       
[ 24] 631.00-632.00 sec  63.6 KBytes   521 Kbits/sec    0    132 KBytes       
[ 24] 632.00-633.00 sec  63.6 KBytes   521 Kbits/sec    0    141 KBytes       
[ 24] 633.00-634.00 sec   191 KBytes  1.56 Mbits/sec    0    147 KBytes       
[ 24] 634.00-635.00 sec  63.6 KBytes   521 Kbits/sec    0    148 KBytes       
[ 24] 635.00-636.00 sec  63.6 KBytes   521 Kbits/sec    0    150 KBytes       
[ 24] 636.00-637.00 sec   127 KBytes  1.04 Mbits/sec    0    157 KBytes       
[ 24] 637.00-638.00 sec   127 KBytes  1.04 Mbits/sec    0    170 KBytes       
[ 24] 638.00-639.00 sec  63.6 KBytes   521 Kbits/sec    0    184 KBytes       
[ 24] 639.00-640.00 sec   127 KBytes  1.04 Mbits/sec    0    218 KBytes       
[ 24] 640.00-641.00 sec  63.6 KBytes   522 Kbits/sec    4    229 KBytes       
[ 24] 641.00-642.00 sec  0.00 Bytes  0.00 bits/sec    9    194 KBytes       
[ 24] 642.00-643.00 sec  63.6 KBytes   522 Kbits/sec   20    175 KBytes       
[ 24] 643.00-644.00 sec   382 KBytes  3.13 Mbits/sec    0    182 KBytes       
[ 24] 644.00-644.00 sec  0.00 Bytes  0.00 bits/sec    0    182 KBytes       
- - - - - - - - - - - - - - - - - - - - - - - - -
[ ID] Interval           Transfer     Bandwidth       Retr
[ 24]   0.00-644.00 sec  80.1 MBytes  1.04 Mbits/sec  2026             sender
[ 24]   0.00-644.00 sec  76.8 MBytes  1.00 Mbits/sec                  receiver

iperf Done.
