-----------------------------------------------------------
Server listening on 5201
-----------------------------------------------------------
Accepted connection from 10.0.0.1, port 60181
[ 25] local 10.0.0.2 port 5201 connected to 10.0.0.1 port 46110
[ ID] Interval           Transfer     Bandwidth
[ 25]   0.00-1.00   sec  0.00 Bytes  0.00 bits/sec                  
[ 25]   1.00-2.00   sec  0.00 Bytes  0.00 bits/sec                  
[ 25]   2.00-3.00   sec  0.00 Bytes  0.00 bits/sec                  
[ 25]   3.00-4.00   sec  14.1 KBytes   116 Kbits/sec                  
[ 25]   4.00-5.00   sec  0.00 Bytes  0.00 bits/sec                  
[ 25]   5.00-6.00   sec  28.3 KBytes   232 Kbits/sec                  
[ 25]   6.00-7.00   sec  0.00 Bytes  0.00 bits/sec                  
[ 25]   7.00-8.00   sec  42.4 KBytes   348 Kbits/sec                  
[ 25]   8.00-9.00   sec  0.00 Bytes  0.00 bits/sec                  
[ 25]   9.00-10.00  sec  43.8 KBytes   359 Kbits/sec                  
[ 25]  10.00-11.00  sec  0.00 Bytes  0.00 bits/sec                  
[ 25]  11.00-12.00  sec  62.2 KBytes   510 Kbits/sec                  
[ 25]  12.00-13.00  sec  0.00 Bytes  0.00 bits/sec                  
[ 25]  13.00-14.00  sec  86.3 KBytes   707 Kbits/sec                  
[ 25]  14.00-15.00  sec   130 KBytes  1.07 Mbits/sec                  
[ 25]  15.00-16.00  sec  0.00 Bytes  0.00 bits/sec                  
[ 25]  16.00-17.00  sec   195 KBytes  1.60 Mbits/sec                  
[ 25]  17.00-18.01  sec  0.00 Bytes  0.00 bits/sec                  
[ 25]  18.01-19.00  sec   274 KBytes  2.26 Mbits/sec                  
[ 25]  19.00-20.00  sec  0.00 Bytes  0.00 bits/sec                  
[ 25]  20.00-21.00  sec   177 KBytes  1.45 Mbits/sec                  
[ 25]  21.00-22.00  sec  0.00 Bytes  0.00 bits/sec                  
[ 25]  22.00-23.00  sec   455 KBytes  3.73 Mbits/sec                  
[ 25]  23.00-24.00  sec   115 KBytes   938 Kbits/sec                  
[ 25]  24.00-25.00  sec   180 KBytes  1.47 Mbits/sec                  
[ 25]  25.00-26.00  sec   322 KBytes  2.64 Mbits/sec                  
[ 25]  26.00-27.00  sec  21.2 KBytes   174 Kbits/sec                  
[ 25]  27.00-28.00  sec   368 KBytes  3.01 Mbits/sec                  
[ 25]  28.00-29.00  sec  18.4 KBytes   151 Kbits/sec                  
[ 25]  29.00-30.00  sec   370 KBytes  3.04 Mbits/sec                  
[ 25]  30.00-31.00  sec  12.7 KBytes   104 Kbits/sec                  
[ 25]  31.00-32.00  sec  0.00 Bytes  0.00 bits/sec                  
[ 25]  32.00-33.00  sec   414 KBytes  3.39 Mbits/sec                  
[ 25]  33.00-34.00  sec   298 KBytes  2.45 Mbits/sec                  
[ 25]  34.00-35.00  sec  0.00 Bytes  0.00 bits/sec                  
[ 25]  35.00-36.00  sec   291 KBytes  2.39 Mbits/sec                  
[ 25]  36.00-37.00  sec   327 KBytes  2.68 Mbits/sec                  
[ 25]  37.00-38.00  sec  1.41 KBytes  11.6 Kbits/sec                  
[ 25]  38.00-39.00  sec   344 KBytes  2.81 Mbits/sec                  
[ 25]  39.00-40.00  sec  0.00 Bytes  0.00 bits/sec                  
[ 25]  40.00-41.00  sec   349 KBytes  2.86 Mbits/sec                  
[ 25]  41.00-42.00  sec  70.7 KBytes   579 Kbits/sec                  
[ 25]  42.00-43.00  sec   293 KBytes  2.40 Mbits/sec                  
[ 25]  43.00-44.00  sec  65.0 KBytes   533 Kbits/sec                  
[ 25]  44.00-45.00  sec   314 KBytes  2.57 Mbits/sec                  
[ 25]  45.00-46.00  sec  0.00 Bytes  0.00 bits/sec                  
[ 25]  46.00-47.00  sec  5.66 KBytes  46.3 Kbits/sec                  
[ 25]  47.00-48.00  sec  0.00 Bytes  0.00 bits/sec                  
[ 25]  48.00-49.00  sec   765 KBytes  6.27 Mbits/sec                  
[ 25]  49.00-50.00  sec   344 KBytes  2.82 Mbits/sec                  
[ 25]  50.00-51.00  sec  5.66 KBytes  46.3 Kbits/sec                  
[ 25]  51.00-52.00  sec   420 KBytes  3.44 Mbits/sec                  
[ 25]  52.00-53.00  sec  7.07 KBytes  57.9 Kbits/sec                  
[ 25]  53.00-54.00  sec   461 KBytes  3.78 Mbits/sec                  
[ 25]  54.00-55.00  sec  8.48 KBytes  69.5 Kbits/sec                  
[ 25]  55.00-56.00  sec   478 KBytes  3.92 Mbits/sec                  
[ 25]  56.00-57.00  sec  7.07 KBytes  57.9 Kbits/sec                  
[ 25]  57.00-58.00  sec   489 KBytes  4.01 Mbits/sec                  
[ 25]  58.00-59.00  sec  7.07 KBytes  57.9 Kbits/sec                  
[ 25]  59.00-60.00  sec   516 KBytes  4.23 Mbits/sec                  
[ 25]  60.00-61.00  sec  1.41 KBytes  11.6 Kbits/sec                  
[ 25]  61.00-62.00  sec  0.00 Bytes  0.00 bits/sec                  
[ 25]  62.00-63.00  sec  1.41 KBytes  11.6 Kbits/sec                  
[ 25]  63.00-64.00  sec  1005 KBytes  8.23 Mbits/sec                  
[ 25]  64.00-65.00  sec  7.07 KBytes  58.0 Kbits/sec                  
[ 25]  65.00-66.00  sec   484 KBytes  3.96 Mbits/sec                  
[ 25]  66.00-67.00  sec  25.5 KBytes   209 Kbits/sec                  
[ 25]  67.00-68.00  sec   523 KBytes  4.28 Mbits/sec                  
[ 25]  68.00-69.00  sec  86.3 KBytes   707 Kbits/sec                  
[ 25]  69.00-70.00  sec   492 KBytes  4.03 Mbits/sec                  
[ 25]  70.00-71.00  sec  55.1 KBytes   451 Kbits/sec                  
[ 25]  71.00-72.00  sec   535 KBytes  4.39 Mbits/sec                  
[ 25]  72.00-73.00  sec  36.8 KBytes   301 Kbits/sec                  
[ 25]  73.00-74.00  sec   568 KBytes  4.66 Mbits/sec                  
[ 25]  74.00-75.00  sec  52.3 KBytes   428 Kbits/sec                  
[ 25]  75.00-76.00  sec   587 KBytes  4.81 Mbits/sec                  
[ 25]  76.00-77.00  sec  18.4 KBytes   151 Kbits/sec                  
[ 25]  77.00-78.00  sec   717 KBytes  5.87 Mbits/sec                  
[ 25]  78.00-79.00  sec  22.6 KBytes   185 Kbits/sec                  
[ 25]  79.00-80.00  sec   749 KBytes  6.15 Mbits/sec                  
[ 25]  80.00-81.00  sec   139 KBytes  1.13 Mbits/sec                  
[ 25]  81.00-82.00  sec  0.00 Bytes  0.00 bits/sec                  
[ 25]  82.00-83.00  sec   284 KBytes  2.33 Mbits/sec                  
[ 25]  83.00-84.00  sec   585 KBytes  4.80 Mbits/sec                  
[ 25]  84.00-85.00  sec  1.00 MBytes  8.42 Mbits/sec                  
[ 25]  85.00-86.00  sec   665 KBytes  5.44 Mbits/sec                  
[ 25]  86.00-87.00  sec   188 KBytes  1.54 Mbits/sec                  
[ 25]  87.00-88.00  sec   675 KBytes  5.53 Mbits/sec                  
[ 25]  88.00-89.00  sec   315 KBytes  2.58 Mbits/sec                  
[ 25]  89.00-90.01  sec   554 KBytes  4.48 Mbits/sec                  
[ 25]  90.01-91.00  sec   530 KBytes  4.39 Mbits/sec                  
[ 25]  91.00-91.02  sec  0.00 Bytes  0.00 bits/sec                  
- - - - - - - - - - - - - - - - - - - - - - - - -
[ ID] Interval           Transfer     Bandwidth
[ 25]   0.00-91.02  sec  0.00 Bytes  0.00 bits/sec                  sender
[ 25]   0.00-91.02  sec  19.7 MBytes  1.81 Mbits/sec                  receiver
