Connecting to host 10.0.0.2, port 5202
[  4] local 10.0.0.1 port 46112 connected to 10.0.0.2 port 5202
[ ID] Interval           Transfer     Bandwidth       Retr  Cwnd
[  4]   0.00-1.03   sec   614 KBytes  4.86 Mbits/sec    0   55.1 KBytes       
[  4]   1.03-2.00   sec   382 KBytes  3.23 Mbits/sec    0   70.7 KBytes       
[  4]   2.00-3.00   sec   382 KBytes  3.13 Mbits/sec    0   83.4 KBytes       
[  4]   3.00-4.01   sec   191 KBytes  1.56 Mbits/sec    0   93.3 KBytes       
[  4]   4.01-5.00   sec   255 KBytes  2.09 Mbits/sec    0    102 KBytes       
[  4]   5.00-6.00   sec   382 KBytes  3.14 Mbits/sec    0    132 KBytes       
[  4]   6.00-7.00   sec   573 KBytes  4.69 Mbits/sec    0    191 KBytes       
[  4]   7.00-8.00   sec   573 KBytes  4.69 Mbits/sec    0    253 KBytes       
[  4]   8.00-9.00   sec   700 KBytes  5.74 Mbits/sec    0    337 KBytes       
[  4]   9.00-10.01  sec   954 KBytes  7.77 Mbits/sec    0    452 KBytes       
[  4]  10.01-11.00  sec  63.6 KBytes   524 Kbits/sec   15    417 KBytes       
[  4]  11.00-12.00  sec  0.00 Bytes  0.00 bits/sec   65    327 KBytes       
[  4]  12.00-13.00  sec   636 KBytes  5.21 Mbits/sec    0    329 KBytes       
[  4]  13.00-14.00  sec   382 KBytes  3.13 Mbits/sec    0    365 KBytes       
[  4]  14.00-15.00  sec   318 KBytes  2.60 Mbits/sec    0    402 KBytes       
[  4]  15.00-16.00  sec  63.6 KBytes   521 Kbits/sec    9    376 KBytes       
[  4]  16.00-17.00  sec  0.00 Bytes  0.00 bits/sec   21    287 KBytes       
[  4]  17.00-18.00  sec   636 KBytes  5.21 Mbits/sec    0    288 KBytes       
[  4]  18.00-19.00  sec   382 KBytes  3.13 Mbits/sec    0    301 KBytes       
[  4]  19.00-20.00  sec   255 KBytes  2.09 Mbits/sec    0    320 KBytes       
[  4]  20.00-21.00  sec   318 KBytes  2.61 Mbits/sec    0    334 KBytes       
[  4]  21.00-22.00  sec   255 KBytes  2.09 Mbits/sec    0    342 KBytes       
[  4]  22.00-23.00  sec   191 KBytes  1.56 Mbits/sec    0    344 KBytes       
[  4]  23.00-24.00  sec   255 KBytes  2.09 Mbits/sec    0    346 KBytes       
[  4]  24.00-25.00  sec   318 KBytes  2.61 Mbits/sec    0    351 KBytes       
[  4]  25.00-26.00  sec   318 KBytes  2.61 Mbits/sec    0    359 KBytes       
[  4]  26.00-27.00  sec   255 KBytes  2.08 Mbits/sec    0    372 KBytes       
[  4]  27.00-28.00  sec   191 KBytes  1.56 Mbits/sec    2    380 KBytes       
[  4]  28.00-29.00  sec  0.00 Bytes  0.00 bits/sec   24    270 KBytes       
[  4]  29.00-30.00  sec   255 KBytes  2.09 Mbits/sec    1    270 KBytes       
[  4]  30.00-31.00  sec   573 KBytes  4.69 Mbits/sec    2    284 KBytes       
[  4]  31.00-31.00  sec  0.00 Bytes  0.00 bits/sec    0    284 KBytes       
- - - - - - - - - - - - - - - - - - - - - - - - -
[ ID] Interval           Transfer     Bandwidth       Retr
[  4]   0.00-31.00  sec  10.4 MBytes  2.82 Mbits/sec  139             sender
[  4]   0.00-31.00  sec  8.11 MBytes  2.19 Mbits/sec                  receiver

iperf Done.
