-----------------------------------------------------------
Server listening on 5202
-----------------------------------------------------------
Accepted connection from 10.0.0.1, port 54251
[  5] local 10.0.0.2 port 5202 connected to 10.0.0.1 port 46112
[ ID] Interval           Transfer     Bandwidth
[  5]   0.00-1.01   sec   229 KBytes  1.86 Mbits/sec                  
[  5]   1.01-2.00   sec   277 KBytes  2.28 Mbits/sec                  
[  5]   2.00-3.00   sec   204 KBytes  1.67 Mbits/sec                  
[  5]   3.00-4.00   sec   178 KBytes  1.46 Mbits/sec                  
[  5]   4.00-5.01   sec   171 KBytes  1.39 Mbits/sec                  
[  5]   5.01-6.00   sec   199 KBytes  1.65 Mbits/sec                  
[  5]   6.00-7.00   sec   232 KBytes  1.90 Mbits/sec                  
[  5]   7.00-8.00   sec   218 KBytes  1.79 Mbits/sec                  
[  5]   8.00-9.00   sec   247 KBytes  2.03 Mbits/sec                  
[  5]   9.00-10.00  sec   256 KBytes  2.10 Mbits/sec                  
[  5]  10.00-11.00  sec  31.1 KBytes   255 Kbits/sec                  
[  5]  11.00-12.00  sec  7.07 KBytes  57.9 Kbits/sec                  
[  5]  12.00-13.00  sec   761 KBytes  6.24 Mbits/sec                  
[  5]  13.00-14.00  sec   180 KBytes  1.47 Mbits/sec                  
[  5]  14.00-15.00  sec   117 KBytes   962 Kbits/sec                  
[  5]  15.00-16.00  sec   198 KBytes  1.62 Mbits/sec                  
[  5]  16.00-17.00  sec  24.0 KBytes   197 Kbits/sec                  
[  5]  17.00-18.00  sec   173 KBytes  1.41 Mbits/sec                  
[  5]  18.00-19.00  sec   315 KBytes  2.58 Mbits/sec                  
[  5]  19.00-20.00  sec   174 KBytes  1.43 Mbits/sec                  
[  5]  20.00-21.00  sec   257 KBytes  2.11 Mbits/sec                  
[  5]  21.00-22.00  sec   327 KBytes  2.68 Mbits/sec                  
[  5]  22.00-23.00  sec   252 KBytes  2.06 Mbits/sec                  
[  5]  23.00-24.00  sec   290 KBytes  2.38 Mbits/sec                  
[  5]  24.00-25.00  sec   274 KBytes  2.25 Mbits/sec                  
[  5]  25.00-26.00  sec   221 KBytes  1.81 Mbits/sec                  
[  5]  26.00-27.00  sec   223 KBytes  1.83 Mbits/sec                  
[  5]  27.00-28.00  sec   233 KBytes  1.91 Mbits/sec                  
[  5]  28.00-29.00  sec  73.5 KBytes   602 Kbits/sec                  
[  5]  29.00-30.00  sec  91.9 KBytes   753 Kbits/sec                  
[  5]  30.00-31.00  sec   355 KBytes  2.91 Mbits/sec                  
[  5]  31.00-32.00  sec   177 KBytes  1.45 Mbits/sec                  
[  5]  32.00-33.00  sec   144 KBytes  1.18 Mbits/sec                  
[  5]  33.00-34.00  sec  32.5 KBytes   266 Kbits/sec                  
[  5]  34.00-35.00  sec   201 KBytes  1.65 Mbits/sec                  
[  5]  35.00-36.00  sec   321 KBytes  2.63 Mbits/sec                  
[  5]  36.00-37.00  sec   165 KBytes  1.35 Mbits/sec                  
[  5]  37.00-38.00  sec   170 KBytes  1.39 Mbits/sec                  
[  5]  38.00-38.14  sec  25.5 KBytes  1.54 Mbits/sec                  
- - - - - - - - - - - - - - - - - - - - - - - - -
[ ID] Interval           Transfer     Bandwidth
[  5]   0.00-38.14  sec  0.00 Bytes  0.00 bits/sec                  sender
[  5]   0.00-38.14  sec  7.84 MBytes  1.72 Mbits/sec                  receiver
