-----------------------------------------------------------
Server listening on 5201
-----------------------------------------------------------
Accepted connection from 10.0.0.1, port 47880
[  5] local 10.0.0.2 port 5201 connected to 10.0.0.1 port 46110
[ ID] Interval           Transfer     Bandwidth
[  5]   0.00-1.01   sec   789 KBytes  6.39 Mbits/sec                  
[  5]   1.01-2.01   sec   576 KBytes  4.74 Mbits/sec                  
[  5]   2.01-3.00   sec   481 KBytes  3.96 Mbits/sec                  
[  5]   3.00-4.00   sec   515 KBytes  4.22 Mbits/sec                  
[  5]   4.00-5.01   sec   355 KBytes  2.88 Mbits/sec                  
[  5]   5.01-6.00   sec   356 KBytes  2.95 Mbits/sec                  
[  5]   6.00-7.00   sec   395 KBytes  3.23 Mbits/sec                  
[  5]   7.00-8.00   sec   366 KBytes  3.00 Mbits/sec                  
[  5]   8.00-9.00   sec   351 KBytes  2.87 Mbits/sec                  
[  5]   9.00-10.00  sec   351 KBytes  2.87 Mbits/sec                  
[  5]  10.00-11.00  sec   286 KBytes  2.34 Mbits/sec                  
[  5]  11.00-12.00  sec  21.2 KBytes   174 Kbits/sec                  
[  5]  12.00-13.00  sec  28.3 KBytes   232 Kbits/sec                  
[  5]  13.00-14.00  sec  0.00 Bytes  0.00 bits/sec                  
[  5]  14.00-15.00  sec  0.00 Bytes  0.00 bits/sec                  
[  5]  15.00-16.00  sec  12.7 KBytes   104 Kbits/sec                  
[  5]  16.00-17.00  sec  1.10 MBytes  9.22 Mbits/sec                  
[  5]  17.00-18.00  sec   180 KBytes  1.47 Mbits/sec                  
[  5]  18.00-19.00  sec  5.66 KBytes  46.4 Kbits/sec                  
[  5]  19.00-20.00  sec  0.00 Bytes  0.00 bits/sec                  
[  5]  20.00-21.00  sec  0.00 Bytes  0.00 bits/sec                  
[  5]  21.00-22.00  sec   884 KBytes  7.23 Mbits/sec                  
[  5]  22.00-23.00  sec   195 KBytes  1.60 Mbits/sec                  
[  5]  23.00-24.00  sec   113 KBytes   927 Kbits/sec                  
[  5]  24.00-25.00  sec  15.6 KBytes   127 Kbits/sec                  
[  5]  25.00-26.00  sec   494 KBytes  4.04 Mbits/sec                  
[  5]  26.00-27.00  sec   230 KBytes  1.89 Mbits/sec                  
[  5]  27.00-27.17  sec  0.00 Bytes  0.00 bits/sec                  
- - - - - - - - - - - - - - - - - - - - - - - - -
[ ID] Interval           Transfer     Bandwidth
[  5]   0.00-27.17  sec  0.00 Bytes  0.00 bits/sec                  sender
[  5]   0.00-27.17  sec  7.93 MBytes  2.45 Mbits/sec                  receiver
