-----------------------------------------------------------
Server listening on 5202
-----------------------------------------------------------
Accepted connection from 10.0.0.1, port 54472
[  5] local 10.0.0.2 port 5202 connected to 10.0.0.1 port 46112
[ ID] Interval           Transfer     Bandwidth
[  5]   0.00-1.00   sec   260 KBytes  2.13 Mbits/sec                  
[  5]   1.00-2.02   sec   417 KBytes  3.34 Mbits/sec                  
[  5]   2.02-3.00   sec   437 KBytes  3.66 Mbits/sec                  
[  5]   3.00-4.00   sec   399 KBytes  3.26 Mbits/sec                  
[  5]   4.00-5.00   sec   411 KBytes  3.37 Mbits/sec                  
[  5]   5.00-6.00   sec   464 KBytes  3.79 Mbits/sec                  
[  5]   6.00-7.00   sec   221 KBytes  1.81 Mbits/sec                  
[  5]   7.00-8.01   sec   225 KBytes  1.82 Mbits/sec                  
[  5]   8.01-9.00   sec   329 KBytes  2.73 Mbits/sec                  
[  5]   9.00-10.02  sec   403 KBytes  3.26 Mbits/sec                  
[  5]  10.02-11.00  sec   447 KBytes  3.72 Mbits/sec                  
[  5]  11.00-12.00  sec   457 KBytes  3.74 Mbits/sec                  
[  5]  12.00-13.00  sec   518 KBytes  4.22 Mbits/sec                  
[  5]  13.00-14.00  sec   332 KBytes  2.73 Mbits/sec                  
[  5]  14.00-15.00  sec  1.20 MBytes  10.0 Mbits/sec                  
[  5]  15.00-15.54  sec   632 KBytes  9.56 Mbits/sec                  
- - - - - - - - - - - - - - - - - - - - - - - - -
[ ID] Interval           Transfer     Bandwidth
[  5]   0.00-15.54  sec  0.00 Bytes  0.00 bits/sec                  sender
[  5]   0.00-15.54  sec  7.01 MBytes  3.78 Mbits/sec                  receiver
