Connecting to host 10.0.0.2, port 5201
[  4] local 10.0.0.1 port 46110 connected to 10.0.0.2 port 5201
[ ID] Interval           Transfer     Bandwidth       Retr  Cwnd
[  4]   0.00-1.00   sec   939 KBytes  7.68 Mbits/sec    0   67.9 KBytes       
[  4]   1.00-2.00   sec   636 KBytes  5.22 Mbits/sec    0   93.3 KBytes       
[  4]   2.00-3.01   sec   509 KBytes  4.15 Mbits/sec    0    112 KBytes       
[  4]   3.01-4.00   sec   318 KBytes  2.62 Mbits/sec    0    126 KBytes       
[  4]   4.00-5.00   sec   318 KBytes  2.60 Mbits/sec    0    137 KBytes       
[  4]   5.00-6.00   sec   191 KBytes  1.56 Mbits/sec    0    147 KBytes       
[  4]   6.00-7.00   sec   318 KBytes  2.61 Mbits/sec    0    182 KBytes       
[  4]   7.00-8.00   sec   445 KBytes  3.65 Mbits/sec    0    238 KBytes       
[  4]   8.00-9.00   sec   509 KBytes  4.17 Mbits/sec   14    259 KBytes       
[  4]   9.00-10.00  sec  0.00 Bytes  0.00 bits/sec   37    208 KBytes       
[  4]  10.00-11.00  sec  0.00 Bytes  0.00 bits/sec    1    208 KBytes       
[  4]  11.00-12.00  sec   509 KBytes  4.17 Mbits/sec    7    208 KBytes       
[  4]  12.00-13.00  sec  0.00 Bytes  0.00 bits/sec    1   1.41 KBytes       
[  4]  13.00-14.00  sec   700 KBytes  5.73 Mbits/sec    6    308 KBytes       
[  4]  14.00-15.00  sec   318 KBytes  2.61 Mbits/sec    0    327 KBytes       
[  4]  15.00-16.00  sec   700 KBytes  5.73 Mbits/sec    0    361 KBytes       
[  4]  16.00-17.00  sec   827 KBytes  6.79 Mbits/sec    0    395 KBytes       
[  4]  17.00-18.00  sec   445 KBytes  3.65 Mbits/sec    0    414 KBytes       
[  4]  18.00-19.00  sec   509 KBytes  4.17 Mbits/sec    0    434 KBytes       
[  4]  19.00-20.00  sec   318 KBytes  2.61 Mbits/sec    0    448 KBytes       
[  4]  20.00-21.00  sec  0.00 Bytes  0.00 bits/sec   71    313 KBytes       
[  4]  21.00-22.00  sec   255 KBytes  2.09 Mbits/sec   91    313 KBytes       
[  4]  22.00-23.00  sec  0.00 Bytes  0.00 bits/sec   11    313 KBytes       
[  4]  23.00-24.00  sec  0.00 Bytes  0.00 bits/sec    1   1.41 KBytes       
[  4]  24.00-25.00  sec  0.00 Bytes  0.00 bits/sec   24    313 KBytes       
[  4]  25.00-26.00  sec   191 KBytes  1.56 Mbits/sec   51    311 KBytes       
[  4]  26.00-27.00  sec  1.43 MBytes  12.0 Mbits/sec   30    448 KBytes       
[  4]  27.00-27.00  sec  0.00 Bytes  0.00 bits/sec    0    448 KBytes       
- - - - - - - - - - - - - - - - - - - - - - - - -
[ ID] Interval           Transfer     Bandwidth       Retr
[  4]   0.00-27.00  sec  10.2 MBytes  3.16 Mbits/sec  345             sender
[  4]   0.00-27.00  sec  8.20 MBytes  2.55 Mbits/sec                  receiver

iperf Done.
