-----------------------------------------------------------
Server listening on 5204
-----------------------------------------------------------
Accepted connection from 10.0.0.1, port 40214
[  5] local 10.0.0.2 port 5204 connected to 10.0.0.1 port 46116
[ ID] Interval           Transfer     Bandwidth
[  5]   0.00-1.00   sec  84.8 KBytes   695 Kbits/sec                  
[  5]   1.00-2.00   sec   141 KBytes  1.16 Mbits/sec                  
[  5]   2.00-3.00   sec   106 KBytes   868 Kbits/sec                  
[  5]   3.00-4.16   sec   116 KBytes   820 Kbits/sec                  
[  5]   4.16-5.00   sec   134 KBytes  1.31 Mbits/sec                  
[  5]   5.00-6.00   sec  84.8 KBytes   695 Kbits/sec                  
[  5]   6.00-7.00   sec   107 KBytes   881 Kbits/sec                  
[  5]   7.00-8.00   sec   117 KBytes   962 Kbits/sec                  
[  5]   8.00-9.00   sec  29.7 KBytes   243 Kbits/sec                  
[  5]   9.00-10.00  sec  1.41 KBytes  11.6 Kbits/sec                  
[  5]  10.00-11.00  sec  0.00 Bytes  0.00 bits/sec                  
[  5]  11.00-12.00  sec  0.00 Bytes  0.00 bits/sec                  
[  5]  12.00-13.00  sec  2.83 KBytes  23.2 Kbits/sec                  
[  5]  13.00-14.00  sec   349 KBytes  2.87 Mbits/sec                  
[  5]  14.00-15.00  sec  0.00 Bytes  0.00 bits/sec                  
[  5]  15.00-16.00  sec   199 KBytes  1.63 Mbits/sec                  
[  5]  16.00-17.00  sec  17.0 KBytes   139 Kbits/sec                  
[  5]  17.00-18.00  sec  5.66 KBytes  46.3 Kbits/sec                  
[  5]  18.00-19.00  sec  0.00 Bytes  0.00 bits/sec                  
[  5]  19.00-20.00  sec   198 KBytes  1.62 Mbits/sec                  
[  5]  20.00-21.00  sec  0.00 Bytes  0.00 bits/sec                  
[  5]  21.00-22.00  sec   239 KBytes  1.96 Mbits/sec                  
[  5]  22.00-23.00  sec   250 KBytes  2.05 Mbits/sec                  
[  5]  23.00-24.00  sec   233 KBytes  1.91 Mbits/sec                  
[  5]  24.00-25.00  sec   157 KBytes  1.29 Mbits/sec                  
[  5]  25.00-26.00  sec   260 KBytes  2.13 Mbits/sec                  
[  5]  26.00-27.00  sec   235 KBytes  1.92 Mbits/sec                  
[  5]  27.00-28.00  sec   520 KBytes  4.26 Mbits/sec                  
[  5]  28.00-29.00  sec   526 KBytes  4.30 Mbits/sec                  
[  5]  29.00-30.00  sec   602 KBytes  4.94 Mbits/sec                  
[  5]  30.00-31.00  sec   584 KBytes  4.79 Mbits/sec                  
[  5]  31.00-32.00  sec   648 KBytes  5.31 Mbits/sec                  
[  5]  32.00-33.00  sec   592 KBytes  4.85 Mbits/sec                  
[  5]  33.00-34.00  sec   578 KBytes  4.74 Mbits/sec                  
[  5]  34.00-35.00  sec   570 KBytes  4.67 Mbits/sec                  
[  5]  35.00-35.84  sec   648 KBytes  6.32 Mbits/sec                  
- - - - - - - - - - - - - - - - - - - - - - - - -
[ ID] Interval           Transfer     Bandwidth
[  5]   0.00-35.84  sec  0.00 Bytes  0.00 bits/sec                  sender
[  5]   0.00-35.84  sec  8.14 MBytes  1.91 Mbits/sec                  receiver
