-----------------------------------------------------------
Server listening on 5201
-----------------------------------------------------------
Accepted connection from 10.0.0.1, port 48161
[  5] local 10.0.0.2 port 5201 connected to 10.0.0.1 port 46110
[ ID] Interval           Transfer     Bandwidth
[  5]   0.00-1.00   sec   656 KBytes  5.37 Mbits/sec                  
[  5]   1.00-2.00   sec   675 KBytes  5.51 Mbits/sec                  
[  5]   2.00-3.00   sec   737 KBytes  6.04 Mbits/sec                  
[  5]   3.00-4.00   sec   827 KBytes  6.78 Mbits/sec                  
[  5]   4.00-5.00   sec   665 KBytes  5.45 Mbits/sec                  
[  5]   5.00-6.00   sec   618 KBytes  5.06 Mbits/sec                  
[  5]   6.00-7.00   sec   689 KBytes  5.64 Mbits/sec                  
[  5]   7.00-8.00   sec   649 KBytes  5.32 Mbits/sec                  
[  5]   8.00-9.00   sec   550 KBytes  4.51 Mbits/sec                  
[  5]   9.00-10.00  sec   628 KBytes  5.14 Mbits/sec                  
[  5]  10.00-11.00  sec   540 KBytes  4.43 Mbits/sec                  
[  5]  11.00-12.00  sec   502 KBytes  4.11 Mbits/sec                  
[  5]  12.00-12.40  sec   122 KBytes  2.51 Mbits/sec                  
- - - - - - - - - - - - - - - - - - - - - - - - -
[ ID] Interval           Transfer     Bandwidth
[  5]   0.00-12.40  sec  0.00 Bytes  0.00 bits/sec                  sender
[  5]   0.00-12.40  sec  7.67 MBytes  5.19 Mbits/sec                  receiver
