-----------------------------------------------------------
Server listening on 5201
-----------------------------------------------------------
Accepted connection from 10.0.0.1, port 38873
[  5] local 10.0.0.2 port 5201 connected to 10.0.0.1 port 46110
[ ID] Interval           Transfer     Bandwidth
[  5]   0.00-1.00   sec  1.06 MBytes  8.90 Mbits/sec                  
[  5]   1.00-2.00   sec  1.14 MBytes  9.55 Mbits/sec                  
[  5]   2.00-3.00   sec  1.12 MBytes  9.38 Mbits/sec                  
[  5]   3.00-4.00   sec  1.13 MBytes  9.44 Mbits/sec                  
[  5]   4.00-5.00   sec  1.04 MBytes  8.75 Mbits/sec                  
[  5]   5.00-6.00   sec  1.03 MBytes  8.63 Mbits/sec                  
[  5]   6.00-7.01   sec   863 KBytes  7.02 Mbits/sec                  
[  5]   7.01-8.00   sec  1.11 MBytes  9.35 Mbits/sec                  
[  5]   8.00-9.00   sec  1.03 MBytes  8.61 Mbits/sec                  
[  5]   9.00-10.00  sec  1.04 MBytes  8.71 Mbits/sec                  
[  5]  10.00-11.00  sec  1.06 MBytes  8.86 Mbits/sec                  
[  5]  11.00-12.00  sec  1014 KBytes  8.31 Mbits/sec                  
[  5]  12.00-13.00  sec  1.06 MBytes  8.81 Mbits/sec                  
[  5]  13.00-14.00  sec  1.01 MBytes  8.48 Mbits/sec                  
[  5]  14.00-15.00  sec   990 KBytes  8.10 Mbits/sec                  
[  5]  15.00-16.00  sec  1008 KBytes  8.23 Mbits/sec                  
[  5]  16.00-17.00  sec  50.9 KBytes   419 Kbits/sec                  
[  5]  17.00-18.01  sec  0.00 Bytes  0.00 bits/sec                  
[  5]  18.01-19.00  sec  2.51 MBytes  21.2 Mbits/sec                  
[  5]  19.00-20.01  sec   898 KBytes  7.32 Mbits/sec                  
[  5]  20.01-21.00  sec   812 KBytes  6.68 Mbits/sec                  
[  5]  21.00-22.00  sec   943 KBytes  7.72 Mbits/sec                  
[  5]  22.00-23.00  sec   933 KBytes  7.65 Mbits/sec                  
[  5]  23.00-24.00  sec   913 KBytes  7.49 Mbits/sec                  
[  5]  24.00-25.00  sec   929 KBytes  7.61 Mbits/sec                  
[  5]  25.00-26.00  sec   882 KBytes  7.23 Mbits/sec                  
[  5]  26.00-27.01  sec   817 KBytes  6.65 Mbits/sec                  
[  5]  27.01-28.00  sec   462 KBytes  3.81 Mbits/sec                  
[  5]  28.00-29.00  sec   574 KBytes  4.70 Mbits/sec                  
[  5]  29.00-30.00  sec   642 KBytes  5.25 Mbits/sec                  
[  5]  30.00-31.00  sec   662 KBytes  5.44 Mbits/sec                  
[  5]  31.00-32.00  sec   591 KBytes  4.84 Mbits/sec                  
[  5]  32.00-33.00  sec   559 KBytes  4.57 Mbits/sec                  
[  5]  33.00-34.00  sec   416 KBytes  3.40 Mbits/sec                  
[  5]  34.00-35.00  sec   527 KBytes  4.33 Mbits/sec                  
[  5]  35.00-36.00  sec   141 KBytes  1.16 Mbits/sec                  
[  5]  36.00-37.00  sec  0.00 Bytes  0.00 bits/sec                  
[  5]  37.00-38.00  sec  4.24 KBytes  34.7 Kbits/sec                  
[  5]  38.00-39.00  sec  0.00 Bytes  0.00 bits/sec                  
[  5]  39.00-40.00  sec  0.00 Bytes  0.00 bits/sec                  
[  5]  40.00-41.00  sec  7.07 KBytes  58.0 Kbits/sec                  
[  5]  41.00-42.00  sec  0.00 Bytes  0.00 bits/sec                  
[  5]  42.00-43.00  sec  2.25 MBytes  18.9 Mbits/sec                  
[  5]  43.00-44.00  sec  1.30 MBytes  10.8 Mbits/sec                  
[  5]  44.00-45.00  sec   486 KBytes  3.99 Mbits/sec                  
[  5]  45.00-46.01  sec   294 KBytes  2.41 Mbits/sec                  
[  5]  46.01-47.01  sec  84.8 KBytes   694 Kbits/sec                  
[  5]  47.01-48.00  sec   468 KBytes  3.85 Mbits/sec                  
[  5]  48.00-49.00  sec   276 KBytes  2.26 Mbits/sec                  
[  5]  49.00-50.00  sec   404 KBytes  3.31 Mbits/sec                  
[  5]  50.00-51.00  sec   197 KBytes  1.61 Mbits/sec                  
[  5]  51.00-52.00  sec   527 KBytes  4.32 Mbits/sec                  
[  5]  52.00-53.01  sec  90.5 KBytes   735 Kbits/sec                  
[  5]  53.01-54.01  sec  0.00 Bytes  0.00 bits/sec                  
[  5]  54.01-55.01  sec  58.0 KBytes   479 Kbits/sec                  
[  5]  55.01-56.00  sec   645 KBytes  5.30 Mbits/sec                  
[  5]  56.00-57.00  sec   648 KBytes  5.31 Mbits/sec                  
[  5]  57.00-58.00  sec   407 KBytes  3.34 Mbits/sec                  
[  5]  58.00-59.00  sec   174 KBytes  1.42 Mbits/sec                  
[  5]  59.00-60.00  sec   397 KBytes  3.25 Mbits/sec                  
[  5]  60.00-61.00  sec   168 KBytes  1.38 Mbits/sec                  
[  5]  61.00-62.00  sec   430 KBytes  3.52 Mbits/sec                  
[  5]  62.00-63.00  sec   129 KBytes  1.05 Mbits/sec                  
[  5]  63.00-64.00  sec   187 KBytes  1.53 Mbits/sec                  
[  5]  64.00-64.26  sec  0.00 Bytes  0.00 bits/sec                  
- - - - - - - - - - - - - - - - - - - - - - - - -
[ ID] Interval           Transfer     Bandwidth
[  5]   0.00-64.26  sec  0.00 Bytes  0.00 bits/sec                  sender
[  5]   0.00-64.26  sec  40.1 MBytes  5.23 Mbits/sec                  receiver
