-----------------------------------------------------------
Server listening on 5201
-----------------------------------------------------------
Accepted connection from 10.0.0.1, port 58093
[  5] local 10.0.0.2 port 5201 connected to 10.0.0.1 port 46110
[ ID] Interval           Transfer     Bandwidth
[  5]   0.00-1.00   sec   766 KBytes  6.28 Mbits/sec                  
[  5]   1.00-2.00   sec   561 KBytes  4.60 Mbits/sec                  
[  5]   2.00-3.00   sec   520 KBytes  4.26 Mbits/sec                  
[  5]   3.00-4.00   sec   595 KBytes  4.87 Mbits/sec                  
[  5]   4.00-5.00   sec   501 KBytes  4.10 Mbits/sec                  
[  5]   5.00-6.00   sec   550 KBytes  4.51 Mbits/sec                  
[  5]   6.00-7.00   sec   573 KBytes  4.69 Mbits/sec                  
[  5]   7.00-8.00   sec   537 KBytes  4.40 Mbits/sec                  
[  5]   8.00-9.00   sec   578 KBytes  4.74 Mbits/sec                  
[  5]   9.00-10.00  sec   642 KBytes  5.26 Mbits/sec                  
[  5]  10.00-11.00  sec   567 KBytes  4.64 Mbits/sec                  
[  5]  11.00-12.00  sec   617 KBytes  5.05 Mbits/sec                  
[  5]  12.00-13.00  sec   628 KBytes  5.14 Mbits/sec                  
[  5]  13.00-14.00  sec   697 KBytes  5.71 Mbits/sec                  
[  5]  14.00-15.00  sec   477 KBytes  3.90 Mbits/sec                  
[  5]  15.00-16.00  sec   802 KBytes  6.57 Mbits/sec                  
[  5]  16.00-17.00  sec   335 KBytes  2.74 Mbits/sec                  
[  5]  17.00-18.00  sec   286 KBytes  2.34 Mbits/sec                  
[  5]  18.00-19.00  sec  0.00 Bytes  0.00 bits/sec                  
[  5]  19.00-20.00  sec  4.24 KBytes  34.8 Kbits/sec                  
[  5]  20.00-21.00  sec  0.00 Bytes  0.00 bits/sec                  
[  5]  21.00-22.00  sec  22.6 KBytes   185 Kbits/sec                  
[  5]  22.00-23.00  sec  1.65 MBytes  13.9 Mbits/sec                  
[  5]  23.00-24.00  sec  2.49 MBytes  20.9 Mbits/sec                  
[  5]  24.00-25.00  sec   969 KBytes  7.94 Mbits/sec                  
[  5]  25.00-26.00  sec   621 KBytes  5.08 Mbits/sec                  
[  5]  26.00-27.00  sec   731 KBytes  5.99 Mbits/sec                  
[  5]  27.00-28.00  sec   626 KBytes  5.13 Mbits/sec                  
[  5]  28.00-29.00  sec   452 KBytes  3.70 Mbits/sec                  
[  5]  29.00-30.00  sec   829 KBytes  6.79 Mbits/sec                  
[  5]  30.00-31.00  sec   311 KBytes  2.55 Mbits/sec                  
[  5]  31.00-32.00  sec   912 KBytes  7.47 Mbits/sec                  
[  5]  32.00-33.00  sec   266 KBytes  2.18 Mbits/sec                  
[  5]  33.00-34.00  sec   918 KBytes  7.52 Mbits/sec                  
[  5]  34.00-35.00  sec   274 KBytes  2.25 Mbits/sec                  
[  5]  35.00-36.00  sec   894 KBytes  7.32 Mbits/sec                  
[  5]  36.00-37.00  sec   310 KBytes  2.54 Mbits/sec                  
[  5]  37.00-38.00  sec   844 KBytes  6.91 Mbits/sec                  
[  5]  38.00-39.00  sec   385 KBytes  3.15 Mbits/sec                  
[  5]  39.00-40.00  sec   741 KBytes  6.07 Mbits/sec                  
[  5]  40.00-41.00  sec   556 KBytes  4.55 Mbits/sec                  
[  5]  41.00-42.00  sec   498 KBytes  4.08 Mbits/sec                  
[  5]  42.00-43.00  sec   847 KBytes  6.94 Mbits/sec                  
[  5]  43.00-44.00  sec  5.66 KBytes  46.3 Kbits/sec                  
[  5]  44.00-45.00  sec  0.00 Bytes  0.00 bits/sec                  
[  5]  45.00-46.00  sec   107 KBytes   881 Kbits/sec                  
[  5]  46.00-47.00  sec  2.83 KBytes  23.2 Kbits/sec                  
[  5]  47.00-48.00  sec  2.00 MBytes  16.8 Mbits/sec                  
[  5]  48.00-49.00  sec   130 KBytes  1.07 Mbits/sec                  
[  5]  49.00-50.00  sec   428 KBytes  3.51 Mbits/sec                  
[  5]  50.00-51.00  sec   881 KBytes  7.21 Mbits/sec                  
[  5]  51.00-52.00  sec  14.1 KBytes   116 Kbits/sec                  
[  5]  52.00-53.00  sec   878 KBytes  7.20 Mbits/sec                  
[  5]  53.00-54.00  sec  33.9 KBytes   278 Kbits/sec                  
[  5]  54.00-55.00  sec  2.46 MBytes  20.7 Mbits/sec                  
[  5]  55.00-56.00  sec   567 KBytes  4.65 Mbits/sec                  
[  5]  56.00-57.00  sec   424 KBytes  3.48 Mbits/sec                  
[  5]  57.00-58.00  sec   611 KBytes  5.00 Mbits/sec                  
[  5]  58.00-59.00  sec   584 KBytes  4.78 Mbits/sec                  
[  5]  59.00-60.00  sec   553 KBytes  4.53 Mbits/sec                  
[  5]  60.00-61.00  sec   495 KBytes  4.05 Mbits/sec                  
[  5]  61.00-62.00  sec   496 KBytes  4.06 Mbits/sec                  
[  5]  62.00-63.00  sec   498 KBytes  4.08 Mbits/sec                  
[  5]  63.00-64.00  sec   503 KBytes  4.12 Mbits/sec                  
[  5]  64.00-65.00  sec   501 KBytes  4.10 Mbits/sec                  
[  5]  65.00-66.00  sec   515 KBytes  4.22 Mbits/sec                  
[  5]  66.00-67.00  sec   529 KBytes  4.33 Mbits/sec                  
[  5]  67.00-68.00  sec   553 KBytes  4.53 Mbits/sec                  
[  5]  68.00-68.16  sec  15.6 KBytes   822 Kbits/sec                  
- - - - - - - - - - - - - - - - - - - - - - - - -
[ ID] Interval           Transfer     Bandwidth
[  5]   0.00-68.16  sec  0.00 Bytes  0.00 bits/sec                  sender
[  5]   0.00-68.16  sec  39.4 MBytes  4.85 Mbits/sec                  receiver
