-----------------------------------------------------------
Server listening on 5202
-----------------------------------------------------------
Accepted connection from 10.0.0.1, port 33867
[  5] local 10.0.0.2 port 5202 connected to 10.0.0.1 port 46112
[ ID] Interval           Transfer     Bandwidth
[  5]   0.00-1.00   sec   560 KBytes  4.59 Mbits/sec                  
[  5]   1.00-2.00   sec   601 KBytes  4.92 Mbits/sec                  
[  5]   2.00-3.00   sec   608 KBytes  4.98 Mbits/sec                  
[  5]   3.00-4.00   sec   622 KBytes  5.10 Mbits/sec                  
[  5]   4.00-5.00   sec   604 KBytes  4.95 Mbits/sec                  
[  5]   5.00-6.00   sec   631 KBytes  5.16 Mbits/sec                  
[  5]   6.00-7.00   sec   607 KBytes  4.97 Mbits/sec                  
[  5]   7.00-8.00   sec   631 KBytes  5.16 Mbits/sec                  
[  5]   8.00-9.00   sec   561 KBytes  4.60 Mbits/sec                  
[  5]   9.00-10.00  sec   561 KBytes  4.60 Mbits/sec                  
[  5]  10.00-11.00  sec   506 KBytes  4.15 Mbits/sec                  
[  5]  11.00-12.00  sec   611 KBytes  5.00 Mbits/sec                  
[  5]  12.00-13.00  sec   626 KBytes  5.13 Mbits/sec                  
[  5]  13.00-14.00  sec   365 KBytes  2.99 Mbits/sec                  
[  5]  14.00-15.00  sec   844 KBytes  6.92 Mbits/sec                  
[  5]  15.00-16.00  sec   180 KBytes  1.47 Mbits/sec                  
[  5]  16.00-17.00  sec   846 KBytes  6.93 Mbits/sec                  
[  5]  17.00-18.00  sec  31.1 KBytes   255 Kbits/sec                  
[  5]  18.00-19.00  sec  0.00 Bytes  0.00 bits/sec                  
[  5]  19.00-20.00  sec   164 KBytes  1.34 Mbits/sec                  
[  5]  20.00-21.00  sec   378 KBytes  3.09 Mbits/sec                  
[  5]  21.00-22.00  sec  17.0 KBytes   139 Kbits/sec                  
[  5]  22.00-23.00  sec   938 KBytes  7.68 Mbits/sec                  
[  5]  23.00-24.00  sec  1.14 MBytes  9.52 Mbits/sec                  
[  5]  24.00-25.00  sec  1.09 MBytes  9.16 Mbits/sec                  
[  5]  25.00-26.00  sec   376 KBytes  3.08 Mbits/sec                  
[  5]  26.00-27.00  sec   891 KBytes  7.30 Mbits/sec                  
[  5]  27.00-28.00  sec   192 KBytes  1.58 Mbits/sec                  
[  5]  28.00-29.00  sec   940 KBytes  7.70 Mbits/sec                  
[  5]  29.00-30.00  sec   230 KBytes  1.89 Mbits/sec                  
[  5]  30.00-31.00  sec   881 KBytes  7.22 Mbits/sec                  
[  5]  31.00-32.00  sec   273 KBytes  2.24 Mbits/sec                  
[  5]  32.00-33.00  sec   880 KBytes  7.20 Mbits/sec                  
[  5]  33.00-34.00  sec   266 KBytes  2.18 Mbits/sec                  
[  5]  34.00-35.00  sec   901 KBytes  7.38 Mbits/sec                  
[  5]  35.00-36.00  sec   242 KBytes  1.98 Mbits/sec                  
[  5]  36.00-37.00  sec   936 KBytes  7.67 Mbits/sec                  
[  5]  37.00-38.00  sec   188 KBytes  1.54 Mbits/sec                  
[  5]  38.00-39.00  sec  1018 KBytes  8.34 Mbits/sec                  
[  5]  39.00-40.00  sec  41.0 KBytes   336 Kbits/sec                  
[  5]  40.00-41.00  sec  1021 KBytes  8.36 Mbits/sec                  
[  5]  41.00-42.00  sec   223 KBytes  1.83 Mbits/sec                  
[  5]  42.00-43.00  sec   318 KBytes  2.61 Mbits/sec                  
[  5]  43.00-44.00  sec  0.00 Bytes  0.00 bits/sec                  
[  5]  44.00-45.00  sec  0.00 Bytes  0.00 bits/sec                  
[  5]  45.00-46.00  sec   434 KBytes  3.56 Mbits/sec                  
[  5]  46.00-47.00  sec   680 KBytes  5.57 Mbits/sec                  
[  5]  47.00-48.00  sec   211 KBytes  1.73 Mbits/sec                  
[  5]  48.00-49.00  sec   853 KBytes  6.98 Mbits/sec                  
[  5]  49.00-50.00  sec  60.8 KBytes   498 Kbits/sec                  
[  5]  50.00-51.00  sec  14.1 KBytes   116 Kbits/sec                  
[  5]  51.00-52.00  sec  11.3 KBytes  92.7 Kbits/sec                  
[  5]  52.00-53.00  sec  0.00 Bytes  0.00 bits/sec                  
[  5]  53.00-54.00  sec  2.83 KBytes  23.2 Kbits/sec                  
[  5]  54.00-55.00  sec  4.79 MBytes  40.2 Mbits/sec                  
[  5]  55.00-56.00  sec   594 KBytes  4.86 Mbits/sec                  
[  5]  56.00-57.00  sec   614 KBytes  5.03 Mbits/sec                  
[  5]  57.00-58.00  sec   706 KBytes  5.78 Mbits/sec                  
[  5]  58.00-59.00  sec   666 KBytes  5.46 Mbits/sec                  
[  5]  59.00-60.00  sec   683 KBytes  5.60 Mbits/sec                  
[  5]  60.00-61.00  sec   673 KBytes  5.52 Mbits/sec                  
[  5]  61.00-62.00  sec   672 KBytes  5.50 Mbits/sec                  
[  5]  62.00-63.00  sec   673 KBytes  5.51 Mbits/sec                  
[  5]  63.00-64.00  sec   672 KBytes  5.50 Mbits/sec                  
[  5]  64.00-65.00  sec   665 KBytes  5.45 Mbits/sec                  
[  5]  65.00-66.00  sec   652 KBytes  5.34 Mbits/sec                  
[  5]  66.00-67.00  sec   631 KBytes  5.17 Mbits/sec                  
[  5]  67.00-68.00  sec   549 KBytes  4.49 Mbits/sec                  
[  5]  68.00-69.00  sec   611 KBytes  4.98 Mbits/sec                  
[  5]  69.00-69.70  sec   812 KBytes  9.56 Mbits/sec                  
- - - - - - - - - - - - - - - - - - - - - - - - -
[ ID] Interval           Transfer     Bandwidth
[  5]   0.00-69.70  sec  0.00 Bytes  0.00 bits/sec                  sender
[  5]   0.00-69.70  sec  39.7 MBytes  4.78 Mbits/sec                  receiver
