-----------------------------------------------------------
Server listening on 5202
-----------------------------------------------------------
Accepted connection from 10.0.0.1, port 48812
[  5] local 10.0.0.2 port 5202 connected to 10.0.0.1 port 46112
[ ID] Interval           Transfer     Bandwidth
[  5]   0.00-1.00   sec   519 KBytes  4.25 Mbits/sec                  
[  5]   1.00-2.00   sec   581 KBytes  4.76 Mbits/sec                  
[  5]   2.00-3.00   sec   591 KBytes  4.84 Mbits/sec                  
[  5]   3.00-4.00   sec   587 KBytes  4.81 Mbits/sec                  
[  5]   4.00-5.00   sec   532 KBytes  4.35 Mbits/sec                  
[  5]   5.00-6.00   sec   605 KBytes  4.96 Mbits/sec                  
[  5]   6.00-7.00   sec   624 KBytes  5.11 Mbits/sec                  
[  5]   7.00-8.00   sec   591 KBytes  4.84 Mbits/sec                  
[  5]   8.00-9.00   sec   584 KBytes  4.78 Mbits/sec                  
[  5]   9.00-10.00  sec   471 KBytes  3.86 Mbits/sec                  
[  5]  10.00-11.00  sec   510 KBytes  4.18 Mbits/sec                  
[  5]  11.00-12.00  sec   577 KBytes  4.73 Mbits/sec                  
[  5]  12.00-13.00  sec   738 KBytes  6.04 Mbits/sec                  
[  5]  13.00-14.00  sec   402 KBytes  3.29 Mbits/sec                  
[  5]  14.00-15.00  sec   597 KBytes  4.89 Mbits/sec                  
[  5]  15.00-16.00  sec   445 KBytes  3.65 Mbits/sec                  
[  5]  16.00-17.00  sec   939 KBytes  7.70 Mbits/sec                  
[  5]  17.00-18.00  sec  7.07 KBytes  57.9 Kbits/sec                  
[  5]  18.00-19.00  sec  0.00 Bytes  0.00 bits/sec                  
[  5]  19.00-20.00  sec  72.1 KBytes   591 Kbits/sec                  
[  5]  20.00-21.00  sec  0.00 Bytes  0.00 bits/sec                  
[  5]  21.00-22.00  sec   129 KBytes  1.05 Mbits/sec                  
[  5]  22.00-23.00  sec  1.36 MBytes  11.4 Mbits/sec                  
[  5]  23.00-24.00  sec  0.00 Bytes  0.00 bits/sec                  
[  5]  24.00-25.00  sec  2.09 MBytes  17.6 Mbits/sec                  
[  5]  25.00-26.00  sec   392 KBytes  3.21 Mbits/sec                  
[  5]  26.00-27.00  sec   184 KBytes  1.51 Mbits/sec                  
[  5]  27.00-28.00  sec   971 KBytes  7.96 Mbits/sec                  
[  5]  28.00-29.00  sec   259 KBytes  2.12 Mbits/sec                  
[  5]  29.00-30.00  sec   841 KBytes  6.89 Mbits/sec                  
[  5]  30.00-31.00  sec   359 KBytes  2.94 Mbits/sec                  
[  5]  31.00-32.00  sec   809 KBytes  6.63 Mbits/sec                  
[  5]  32.00-33.00  sec   370 KBytes  3.04 Mbits/sec                  
[  5]  33.00-34.00  sec   836 KBytes  6.84 Mbits/sec                  
[  5]  34.00-35.00  sec   341 KBytes  2.79 Mbits/sec                  
[  5]  35.00-36.00  sec   880 KBytes  7.20 Mbits/sec                  
[  5]  36.00-37.00  sec   272 KBytes  2.22 Mbits/sec                  
[  5]  37.00-38.00  sec   962 KBytes  7.88 Mbits/sec                  
[  5]  38.00-39.00  sec   136 KBytes  1.11 Mbits/sec                  
[  5]  39.00-40.00  sec  1.02 MBytes  8.53 Mbits/sec                  
[  5]  40.00-41.00  sec  91.9 KBytes   753 Kbits/sec                  
[  5]  41.00-42.00  sec   952 KBytes  7.80 Mbits/sec                  
[  5]  42.00-43.00  sec   402 KBytes  3.29 Mbits/sec                  
[  5]  43.00-44.00  sec  11.3 KBytes  92.7 Kbits/sec                  
[  5]  44.00-45.00  sec  0.00 Bytes  0.00 bits/sec                  
[  5]  45.00-46.00  sec   816 KBytes  6.69 Mbits/sec                  
[  5]  46.00-47.00  sec   710 KBytes  5.81 Mbits/sec                  
[  5]  47.00-48.00  sec   673 KBytes  5.51 Mbits/sec                  
[  5]  48.00-49.00  sec  0.00 Bytes  0.00 bits/sec                  
[  5]  49.00-50.00  sec   124 KBytes  1.02 Mbits/sec                  
[  5]  50.00-51.00  sec  90.5 KBytes   742 Kbits/sec                  
[  5]  51.00-52.00  sec  0.00 Bytes  0.00 bits/sec                  
[  5]  52.00-53.00  sec  1.41 KBytes  11.6 Kbits/sec                  
[  5]  53.00-54.00  sec   960 KBytes  7.87 Mbits/sec                  
[  5]  54.00-55.00  sec  0.00 Bytes  0.00 bits/sec                  
[  5]  55.00-56.00  sec  4.01 MBytes  33.7 Mbits/sec                  
[  5]  56.00-57.00  sec   532 KBytes  4.35 Mbits/sec                  
[  5]  57.00-58.00  sec   542 KBytes  4.44 Mbits/sec                  
[  5]  58.00-59.00  sec   571 KBytes  4.68 Mbits/sec                  
[  5]  59.00-60.00  sec   594 KBytes  4.86 Mbits/sec                  
[  5]  60.00-61.00  sec   526 KBytes  4.31 Mbits/sec                  
[  5]  61.00-62.00  sec   520 KBytes  4.26 Mbits/sec                  
[  5]  62.00-63.00  sec   539 KBytes  4.41 Mbits/sec                  
[  5]  63.00-64.00  sec   471 KBytes  3.86 Mbits/sec                  
[  5]  64.00-65.00  sec   484 KBytes  3.96 Mbits/sec                  
[  5]  65.00-66.00  sec   645 KBytes  5.28 Mbits/sec                  
[  5]  66.00-67.00  sec   645 KBytes  5.28 Mbits/sec                  
[  5]  67.00-68.00  sec   529 KBytes  4.33 Mbits/sec                  
[  5]  68.00-69.00  sec  1.12 MBytes  9.40 Mbits/sec                  
[  5]  69.00-70.00  sec  1.14 MBytes  9.53 Mbits/sec                  
[  5]  70.00-70.74  sec   857 KBytes  9.57 Mbits/sec                  
- - - - - - - - - - - - - - - - - - - - - - - - -
[ ID] Interval           Transfer     Bandwidth
[  5]   0.00-70.74  sec  0.00 Bytes  0.00 bits/sec                  sender
[  5]   0.00-70.74  sec  40.0 MBytes  4.75 Mbits/sec                  receiver
