Connecting to host 10.0.0.2, port 5207
[  4] local 10.0.0.1 port 46122 connected to 10.0.0.2 port 5207
[ ID] Interval           Transfer     Bandwidth       Retr  Cwnd
[  4]   0.00-1.00   sec  82.0 KBytes   671 Kbits/sec    0   14.1 KBytes       
[  4]   1.00-2.00   sec  87.7 KBytes   718 Kbits/sec    0   28.3 KBytes       
[  4]   2.00-3.00   sec  0.00 Bytes  0.00 bits/sec    0   28.3 KBytes       
[  4]   3.00-4.00   sec   119 KBytes   974 Kbits/sec    0   42.4 KBytes       
[  4]   4.00-5.07   sec  0.00 Bytes  0.00 bits/sec    0   42.4 KBytes       
[  4]   5.07-6.00   sec  70.7 KBytes   620 Kbits/sec    0   43.8 KBytes       
[  4]   6.00-7.00   sec  0.00 Bytes  0.00 bits/sec    0   43.8 KBytes       
[  4]   7.00-8.00   sec  0.00 Bytes  0.00 bits/sec   15   31.1 KBytes       
[  4]   8.00-9.00   sec  0.00 Bytes  0.00 bits/sec    0   31.1 KBytes       
[  4]   9.00-10.00  sec  0.00 Bytes  0.00 bits/sec    0   31.1 KBytes       
[  4]  10.00-11.00  sec  0.00 Bytes  0.00 bits/sec    3   31.1 KBytes       
[  4]  11.00-12.01  sec  63.6 KBytes   515 Kbits/sec    0   28.3 KBytes       
[  4]  12.01-13.00  sec  0.00 Bytes  0.00 bits/sec    0   28.3 KBytes       
[  4]  13.00-14.00  sec  63.6 KBytes   522 Kbits/sec    0   22.6 KBytes       
[  4]  14.00-15.00  sec  0.00 Bytes  0.00 bits/sec    0   24.0 KBytes       
[  4]  15.00-16.00  sec  63.6 KBytes   520 Kbits/sec    0   25.5 KBytes       
[  4]  16.00-17.00  sec  0.00 Bytes  0.00 bits/sec    0   29.7 KBytes       
[  4]  17.00-18.00  sec  0.00 Bytes  0.00 bits/sec    0   29.7 KBytes       
[  4]  18.00-19.00  sec  0.00 Bytes  0.00 bits/sec    0   45.2 KBytes       
[  4]  19.00-20.00  sec  0.00 Bytes  0.00 bits/sec    0   45.2 KBytes       
[  4]  20.00-21.00  sec  0.00 Bytes  0.00 bits/sec    5   31.1 KBytes       
[  4]  21.00-22.00  sec  0.00 Bytes  0.00 bits/sec    0   31.1 KBytes       
[  4]  22.00-23.00  sec  63.6 KBytes   521 Kbits/sec    5   31.1 KBytes       
[  4]  23.00-24.01  sec  0.00 Bytes  0.00 bits/sec    0   31.1 KBytes       
[  4]  24.01-25.00  sec  0.00 Bytes  0.00 bits/sec    2   26.9 KBytes       
[  4]  25.00-26.02  sec  63.6 KBytes   514 Kbits/sec    0   22.6 KBytes       
[  4]  26.02-27.01  sec  0.00 Bytes  0.00 bits/sec    0   24.0 KBytes       
[  4]  27.01-28.01  sec  63.6 KBytes   521 Kbits/sec    0   25.5 KBytes       
[  4]  28.01-29.01  sec  0.00 Bytes  0.00 bits/sec    0   25.5 KBytes       
[  4]  29.01-30.02  sec  0.00 Bytes  0.00 bits/sec    0   31.1 KBytes       
[  4]  30.02-31.01  sec  0.00 Bytes  0.00 bits/sec    0   31.1 KBytes       
[  4]  31.01-32.01  sec  63.6 KBytes   522 Kbits/sec    0   48.1 KBytes       
[  4]  32.01-33.01  sec  0.00 Bytes  0.00 bits/sec    0   48.1 KBytes       
[  4]  33.01-34.01  sec  63.6 KBytes   519 Kbits/sec    0   56.6 KBytes       
[  4]  34.01-35.01  sec  63.6 KBytes   523 Kbits/sec    0   72.1 KBytes       
[  4]  35.01-36.01  sec  0.00 Bytes  0.00 bits/sec    0   72.1 KBytes       
[  4]  36.01-37.02  sec   318 KBytes  2.58 Mbits/sec    0    106 KBytes       
[  4]  37.02-38.01  sec  0.00 Bytes  0.00 bits/sec    0    106 KBytes       
[  4]  38.01-39.01  sec  0.00 Bytes  0.00 bits/sec   12   74.9 KBytes       
[  4]  39.01-40.01  sec  0.00 Bytes  0.00 bits/sec    7   74.9 KBytes       
[  4]  40.01-41.01  sec  0.00 Bytes  0.00 bits/sec   10   74.9 KBytes       
[  4]  41.01-42.01  sec  0.00 Bytes  0.00 bits/sec    4   74.9 KBytes       
[  4]  42.01-43.02  sec  0.00 Bytes  0.00 bits/sec    0   74.9 KBytes       
[  4]  43.02-44.02  sec  0.00 Bytes  0.00 bits/sec   14   41.0 KBytes       
[  4]  44.02-45.02  sec  0.00 Bytes  0.00 bits/sec    0   41.0 KBytes       
[  4]  45.02-46.02  sec   191 KBytes  1.57 Mbits/sec    0   52.3 KBytes       
[  4]  46.02-47.09  sec  0.00 Bytes  0.00 bits/sec    0   52.3 KBytes       
[  4]  47.09-48.02  sec  0.00 Bytes  0.00 bits/sec    0   52.3 KBytes       
[  4]  48.02-49.02  sec  63.6 KBytes   521 Kbits/sec    1   53.7 KBytes       
[  4]  49.02-50.02  sec  0.00 Bytes  0.00 bits/sec    0   53.7 KBytes       
[  4]  50.02-51.02  sec  0.00 Bytes  0.00 bits/sec    2   39.6 KBytes       
[  4]  51.02-52.02  sec  0.00 Bytes  0.00 bits/sec    0   39.6 KBytes       
[  4]  52.02-53.02  sec  0.00 Bytes  0.00 bits/sec    0   39.6 KBytes       
[  4]  53.02-54.02  sec  63.6 KBytes   521 Kbits/sec    5   29.7 KBytes       
[  4]  54.02-55.04  sec  0.00 Bytes  0.00 bits/sec    0   29.7 KBytes       
[  4]  55.04-56.02  sec  0.00 Bytes  0.00 bits/sec    0   29.7 KBytes       
[  4]  56.02-57.02  sec  0.00 Bytes  0.00 bits/sec    4   29.7 KBytes       
[  4]  57.02-58.02  sec  0.00 Bytes  0.00 bits/sec    0   29.7 KBytes       
[  4]  58.02-59.02  sec  63.6 KBytes   522 Kbits/sec    2   29.7 KBytes       
[  4]  59.02-60.02  sec  0.00 Bytes  0.00 bits/sec    0   29.7 KBytes       
[  4]  60.02-61.02  sec  63.6 KBytes   521 Kbits/sec    0   32.5 KBytes       
[  4]  61.02-62.02  sec  0.00 Bytes  0.00 bits/sec    0   32.5 KBytes       
[  4]  62.02-63.02  sec  0.00 Bytes  0.00 bits/sec    0   32.5 KBytes       
[  4]  63.02-64.02  sec  0.00 Bytes  0.00 bits/sec    6   22.6 KBytes       
[  4]  64.02-65.02  sec  0.00 Bytes  0.00 bits/sec    0   22.6 KBytes       
[  4]  65.02-66.02  sec  0.00 Bytes  0.00 bits/sec    2   22.6 KBytes       
[  4]  66.02-67.01  sec  0.00 Bytes  0.00 bits/sec    0   22.6 KBytes       
[  4]  67.01-68.01  sec  0.00 Bytes  0.00 bits/sec    2   22.6 KBytes       
[  4]  68.01-69.06  sec  0.00 Bytes  0.00 bits/sec    1   22.6 KBytes       
[  4]  69.06-70.02  sec  0.00 Bytes  0.00 bits/sec    0   22.6 KBytes       
[  4]  70.02-71.01  sec  0.00 Bytes  0.00 bits/sec    3   22.6 KBytes       
[  4]  71.01-72.01  sec  0.00 Bytes  0.00 bits/sec    0   22.6 KBytes       
[  4]  72.01-73.02  sec  63.6 KBytes   520 Kbits/sec    0   18.4 KBytes       
[  4]  73.02-74.04  sec  0.00 Bytes  0.00 bits/sec    0   18.4 KBytes       
[  4]  74.04-75.04  sec  0.00 Bytes  0.00 bits/sec    0   18.4 KBytes       
[  4]  75.04-76.01  sec  63.6 KBytes   539 Kbits/sec    0   17.0 KBytes       
[  4]  76.01-77.01  sec  0.00 Bytes  0.00 bits/sec    0   17.0 KBytes       
[  4]  77.01-78.01  sec  0.00 Bytes  0.00 bits/sec    0   18.4 KBytes       
[  4]  78.01-79.01  sec  0.00 Bytes  0.00 bits/sec    0   18.4 KBytes       
[  4]  79.01-80.01  sec  0.00 Bytes  0.00 bits/sec    6   12.7 KBytes       
[  4]  80.01-81.01  sec  0.00 Bytes  0.00 bits/sec    0   12.7 KBytes       
[  4]  81.01-82.01  sec  0.00 Bytes  0.00 bits/sec    0   14.1 KBytes       
[  4]  82.01-83.01  sec  63.6 KBytes   522 Kbits/sec    0   17.0 KBytes       
[  4]  83.01-84.01  sec  0.00 Bytes  0.00 bits/sec    0   17.0 KBytes       
[  4]  84.01-85.01  sec  0.00 Bytes  0.00 bits/sec    1   11.3 KBytes       
[  4]  85.01-86.01  sec  0.00 Bytes  0.00 bits/sec    1   11.3 KBytes       
[  4]  86.01-87.01  sec  0.00 Bytes  0.00 bits/sec    0   11.3 KBytes       
[  4]  87.01-88.06  sec  0.00 Bytes  0.00 bits/sec    1   7.07 KBytes       
[  4]  88.06-89.01  sec  0.00 Bytes  0.00 bits/sec    0   7.07 KBytes       
[  4]  89.01-90.01  sec  0.00 Bytes  0.00 bits/sec    2   7.07 KBytes       
[  4]  90.01-91.01  sec  0.00 Bytes  0.00 bits/sec    0   7.07 KBytes       
[  4]  91.01-92.00  sec  0.00 Bytes  0.00 bits/sec    0   7.07 KBytes       
[  4]  92.00-93.01  sec  0.00 Bytes  0.00 bits/sec    1   1.41 KBytes       
[  4]  93.01-94.01  sec  0.00 Bytes  0.00 bits/sec    3   4.24 KBytes       
[  4]  94.01-95.01  sec  0.00 Bytes  0.00 bits/sec    0   4.24 KBytes       
[  4]  95.01-96.00  sec  0.00 Bytes  0.00 bits/sec    1   8.48 KBytes       
[  4]  96.00-97.00  sec  0.00 Bytes  0.00 bits/sec    0   8.48 KBytes       
[  4]  97.00-98.00  sec  0.00 Bytes  0.00 bits/sec    0   9.90 KBytes       
[  4]  98.00-99.01  sec  0.00 Bytes  0.00 bits/sec    1   1.41 KBytes       
[  4]  99.01-100.00 sec  0.00 Bytes  0.00 bits/sec    2   5.66 KBytes       
[  4] 100.00-101.00 sec  0.00 Bytes  0.00 bits/sec    1   5.66 KBytes       
[  4] 101.00-102.01 sec  0.00 Bytes  0.00 bits/sec    0   5.66 KBytes       
[  4] 102.01-103.00 sec  0.00 Bytes  0.00 bits/sec    2   4.24 KBytes       
[  4] 103.00-104.00 sec  0.00 Bytes  0.00 bits/sec    0   4.24 KBytes       
[  4] 104.00-105.01 sec  0.00 Bytes  0.00 bits/sec    0   5.66 KBytes       
[  4] 105.01-106.00 sec  0.00 Bytes  0.00 bits/sec    1   5.66 KBytes       
[  4] 106.00-107.00 sec  63.6 KBytes   521 Kbits/sec    0   8.48 KBytes       
[  4] 107.00-108.04 sec  0.00 Bytes  0.00 bits/sec    0   8.48 KBytes       
[  4] 108.04-109.00 sec  0.00 Bytes  0.00 bits/sec    0   9.90 KBytes       
[  4] 109.00-110.00 sec  0.00 Bytes  0.00 bits/sec    0   9.90 KBytes       
[  4] 110.00-111.00 sec  0.00 Bytes  0.00 bits/sec    0   12.7 KBytes       
[  4] 111.00-112.00 sec  0.00 Bytes  0.00 bits/sec    0   19.8 KBytes       
[  4] 112.00-113.00 sec  0.00 Bytes  0.00 bits/sec    0   19.8 KBytes       
[  4] 113.00-114.00 sec  0.00 Bytes  0.00 bits/sec    0   29.7 KBytes       
[  4] 114.00-115.00 sec  63.6 KBytes   522 Kbits/sec    0   45.2 KBytes       
[  4] 115.00-116.01 sec  0.00 Bytes  0.00 bits/sec    1   48.1 KBytes       
[  4] 116.01-117.00 sec  0.00 Bytes  0.00 bits/sec    1   39.6 KBytes       
[  4] 117.00-118.00 sec  63.6 KBytes   521 Kbits/sec    0   36.8 KBytes       
[  4] 118.00-119.00 sec  63.6 KBytes   521 Kbits/sec    0   42.4 KBytes       
[  4] 119.00-120.01 sec  0.00 Bytes  0.00 bits/sec    0   45.2 KBytes       
[  4] 120.01-121.00 sec  0.00 Bytes  0.00 bits/sec    0   48.1 KBytes       
[  4] 121.00-122.03 sec  0.00 Bytes  0.00 bits/sec    6   32.5 KBytes       
[  4] 122.03-123.00 sec  0.00 Bytes  0.00 bits/sec    1   32.5 KBytes       
[  4] 123.00-124.00 sec  0.00 Bytes  0.00 bits/sec    6   32.5 KBytes       
[  4] 124.00-125.00 sec  63.6 KBytes   521 Kbits/sec    5   32.5 KBytes       
[  4] 125.00-126.01 sec  0.00 Bytes  0.00 bits/sec    2   29.7 KBytes       
[  4] 126.01-127.01 sec  0.00 Bytes  0.00 bits/sec    2   25.5 KBytes       
[  4] 127.01-128.00 sec  63.6 KBytes   525 Kbits/sec    0   24.0 KBytes       
[  4] 128.00-129.00 sec  63.6 KBytes   521 Kbits/sec    0   25.5 KBytes       
[  4] 129.00-130.00 sec  0.00 Bytes  0.00 bits/sec    0   25.5 KBytes       
[  4] 130.00-131.00 sec  0.00 Bytes  0.00 bits/sec    0   26.9 KBytes       
[  4] 131.00-132.00 sec  63.6 KBytes   521 Kbits/sec    0   28.3 KBytes       
[  4] 132.00-133.00 sec  0.00 Bytes  0.00 bits/sec    3   22.6 KBytes       
[  4] 133.00-134.00 sec  0.00 Bytes  0.00 bits/sec    0   22.6 KBytes       
[  4] 134.00-135.00 sec  0.00 Bytes  0.00 bits/sec    2   22.6 KBytes       
[  4] 135.00-136.00 sec  63.6 KBytes   522 Kbits/sec    3   15.6 KBytes       
[  4] 136.00-137.00 sec  0.00 Bytes  0.00 bits/sec    1   15.6 KBytes       
[  4] 137.00-138.00 sec  0.00 Bytes  0.00 bits/sec    2   15.6 KBytes       
[  4] 138.00-139.00 sec  63.6 KBytes   521 Kbits/sec    4   18.4 KBytes       
[  4] 139.00-140.00 sec  0.00 Bytes  0.00 bits/sec    0   18.4 KBytes       
[  4] 140.00-141.00 sec  63.6 KBytes   521 Kbits/sec    0   21.2 KBytes       
[  4] 141.00-142.00 sec  63.6 KBytes   521 Kbits/sec    0   22.6 KBytes       
[  4] 142.00-143.00 sec  0.00 Bytes  0.00 bits/sec    0   31.1 KBytes       
[  4] 143.00-144.07 sec  63.6 KBytes   490 Kbits/sec    0   43.8 KBytes       
[  4] 144.07-145.00 sec  63.6 KBytes   557 Kbits/sec    0   72.1 KBytes       
[  4] 145.00-146.00 sec  63.6 KBytes   521 Kbits/sec    0    106 KBytes       
[  4] 146.00-147.02 sec   255 KBytes  2.05 Mbits/sec    0    143 KBytes       
[  4] 147.02-148.00 sec   382 KBytes  3.19 Mbits/sec    0    191 KBytes       
[  4] 148.00-149.00 sec   255 KBytes  2.09 Mbits/sec    0    226 KBytes       
[  4] 149.00-150.00 sec   191 KBytes  1.56 Mbits/sec    8    230 KBytes       
[  4] 150.00-151.01 sec  0.00 Bytes  0.00 bits/sec   18    185 KBytes       
[  4] 151.01-152.00 sec  63.6 KBytes   522 Kbits/sec    6    181 KBytes       
[  4] 152.00-153.00 sec   382 KBytes  3.13 Mbits/sec    2    182 KBytes       
[  4] 153.00-154.00 sec  0.00 Bytes  0.00 bits/sec    0    163 KBytes       
[  4] 154.00-155.00 sec  63.6 KBytes   521 Kbits/sec    3    130 KBytes       
[  4] 155.00-156.00 sec   255 KBytes  2.09 Mbits/sec    0    122 KBytes       
[  4] 156.00-157.01 sec   255 KBytes  2.08 Mbits/sec    0   99.0 KBytes       
[  4] 157.01-158.00 sec  63.6 KBytes   523 Kbits/sec    0    105 KBytes       
[  4] 158.00-159.00 sec  63.6 KBytes   522 Kbits/sec    0    106 KBytes       
[  4] 159.00-160.00 sec  63.6 KBytes   521 Kbits/sec    0    109 KBytes       
[  4] 160.00-161.00 sec  0.00 Bytes  0.00 bits/sec    1   82.0 KBytes       
[  4] 161.00-162.00 sec  0.00 Bytes  0.00 bits/sec    0   74.9 KBytes       
[  4] 162.00-163.01 sec   191 KBytes  1.56 Mbits/sec    0   79.2 KBytes       
[  4] 163.01-164.00 sec   127 KBytes  1.05 Mbits/sec    0   87.7 KBytes       
[  4] 164.00-165.00 sec  0.00 Bytes  0.00 bits/sec    0   87.7 KBytes       
[  4] 165.00-166.01 sec  63.6 KBytes   516 Kbits/sec    4   83.4 KBytes       
[  4] 166.01-167.01 sec  63.6 KBytes   523 Kbits/sec    0   63.6 KBytes       
[  4] 167.01-168.01 sec  63.6 KBytes   524 Kbits/sec    0   67.9 KBytes       
[  4] 168.01-169.00 sec  63.6 KBytes   522 Kbits/sec    0   73.5 KBytes       
[  4] 169.00-170.00 sec  0.00 Bytes  0.00 bits/sec    0   73.5 KBytes       
[  4] 170.00-171.00 sec   127 KBytes  1.04 Mbits/sec    0   74.9 KBytes       
[  4] 171.00-172.01 sec  0.00 Bytes  0.00 bits/sec    2   58.0 KBytes       
[  4] 172.01-173.01 sec  0.00 Bytes  0.00 bits/sec    1   52.3 KBytes       
[  4] 173.01-174.00 sec  0.00 Bytes  0.00 bits/sec    0   52.3 KBytes       
[  4] 174.00-175.01 sec  63.6 KBytes   520 Kbits/sec    0   53.7 KBytes       
[  4] 175.01-176.00 sec  63.6 KBytes   523 Kbits/sec    0   65.0 KBytes       
[  4] 176.00-177.00 sec  63.6 KBytes   521 Kbits/sec    0   67.9 KBytes       
[  4] 177.00-178.00 sec  0.00 Bytes  0.00 bits/sec    0   72.1 KBytes       
[  4] 178.00-179.00 sec  63.6 KBytes   521 Kbits/sec    1   73.5 KBytes       
[  4] 179.00-180.01 sec  0.00 Bytes  0.00 bits/sec    2   66.5 KBytes       
[  4] 180.01-181.00 sec  0.00 Bytes  0.00 bits/sec    2   52.3 KBytes       
[  4] 181.00-182.01 sec   127 KBytes  1.04 Mbits/sec    0   55.1 KBytes       
[  4] 182.01-183.01 sec  0.00 Bytes  0.00 bits/sec    0   56.6 KBytes       
[  4] 183.01-184.02 sec  63.6 KBytes   516 Kbits/sec    0   60.8 KBytes       
[  4] 184.02-185.01 sec  0.00 Bytes  0.00 bits/sec    0   60.8 KBytes       
[  4] 185.01-186.01 sec  63.6 KBytes   520 Kbits/sec    0   63.6 KBytes       
[  4] 186.01-187.01 sec  0.00 Bytes  0.00 bits/sec    0   63.6 KBytes       
[  4] 187.01-188.01 sec  63.6 KBytes   520 Kbits/sec    0   76.4 KBytes       
[  4] 188.01-189.00 sec  0.00 Bytes  0.00 bits/sec    0   86.3 KBytes       
[  4] 189.00-190.01 sec  0.00 Bytes  0.00 bits/sec    6   77.8 KBytes       
[  4] 190.01-191.01 sec  0.00 Bytes  0.00 bits/sec    2   67.9 KBytes       
[  4] 191.01-192.01 sec  0.00 Bytes  0.00 bits/sec    4   65.0 KBytes       
[  4] 192.01-193.01 sec  0.00 Bytes  0.00 bits/sec    1   65.0 KBytes       
[  4] 193.01-194.01 sec   127 KBytes  1.04 Mbits/sec    5   56.6 KBytes       
[  4] 194.01-195.01 sec  63.6 KBytes   521 Kbits/sec    1   45.2 KBytes       
[  4] 195.01-196.01 sec  63.6 KBytes   519 Kbits/sec    0   45.2 KBytes       
[  4] 196.01-197.01 sec  0.00 Bytes  0.00 bits/sec    4   45.2 KBytes       
[  4] 197.01-198.01 sec  63.6 KBytes   522 Kbits/sec    0   36.8 KBytes       
[  4] 198.01-199.01 sec  63.6 KBytes   521 Kbits/sec    0   32.5 KBytes       
[  4] 199.01-200.01 sec  0.00 Bytes  0.00 bits/sec    2   28.3 KBytes       
[  4] 200.01-201.01 sec  0.00 Bytes  0.00 bits/sec    2   22.6 KBytes       
[  4] 201.01-202.01 sec  0.00 Bytes  0.00 bits/sec    1   22.6 KBytes       
[  4] 202.01-203.01 sec  0.00 Bytes  0.00 bits/sec    0   22.6 KBytes       
[  4] 203.01-204.03 sec  63.6 KBytes   508 Kbits/sec    0   24.0 KBytes       
[  4] 204.03-205.01 sec  0.00 Bytes  0.00 bits/sec    0   25.5 KBytes       
[  4] 205.01-206.01 sec  63.6 KBytes   524 Kbits/sec    0   26.9 KBytes       
[  4] 206.01-207.01 sec  0.00 Bytes  0.00 bits/sec    0   28.3 KBytes       
[  4] 207.01-208.01 sec  0.00 Bytes  0.00 bits/sec    1   26.9 KBytes       
[  4] 208.01-209.01 sec  0.00 Bytes  0.00 bits/sec    2   19.8 KBytes       
[  4] 209.01-210.01 sec  0.00 Bytes  0.00 bits/sec    1   19.8 KBytes       
[  4] 210.01-211.01 sec  63.6 KBytes   522 Kbits/sec    1   18.4 KBytes       
[  4] 211.01-212.01 sec  0.00 Bytes  0.00 bits/sec    2   12.7 KBytes       
[  4] 212.01-213.01 sec  0.00 Bytes  0.00 bits/sec    0   12.7 KBytes       
[  4] 213.01-214.01 sec  0.00 Bytes  0.00 bits/sec    0   14.1 KBytes       
[  4] 214.01-215.01 sec  0.00 Bytes  0.00 bits/sec    1   11.3 KBytes       
[  4] 215.01-216.01 sec  0.00 Bytes  0.00 bits/sec    0   9.90 KBytes       
[  4] 216.01-217.01 sec  0.00 Bytes  0.00 bits/sec    3   9.90 KBytes       
[  4] 217.01-218.02 sec  0.00 Bytes  0.00 bits/sec    0   9.90 KBytes       
[  4] 218.02-219.01 sec  0.00 Bytes  0.00 bits/sec    1   9.90 KBytes       
[  4] 219.01-220.01 sec  63.6 KBytes   521 Kbits/sec    0   11.3 KBytes       
[  4] 220.01-221.01 sec  0.00 Bytes  0.00 bits/sec    0   11.3 KBytes       
[  4] 221.01-222.02 sec  0.00 Bytes  0.00 bits/sec    0   12.7 KBytes       
[  4] 222.02-223.01 sec  0.00 Bytes  0.00 bits/sec    0   19.8 KBytes       
[  4] 223.01-224.01 sec  0.00 Bytes  0.00 bits/sec    0   19.8 KBytes       
[  4] 224.01-225.05 sec  0.00 Bytes  0.00 bits/sec    1   25.5 KBytes       
[  4] 225.05-226.01 sec  0.00 Bytes  0.00 bits/sec    0   25.5 KBytes       
[  4] 226.01-227.01 sec  63.6 KBytes   521 Kbits/sec    2   18.4 KBytes       
[  4] 227.01-228.01 sec  0.00 Bytes  0.00 bits/sec    0   18.4 KBytes       
[  4] 228.01-229.01 sec  0.00 Bytes  0.00 bits/sec    0   19.8 KBytes       
[  4] 229.01-230.01 sec  0.00 Bytes  0.00 bits/sec    1   12.7 KBytes       
[  4] 230.01-231.00 sec  0.00 Bytes  0.00 bits/sec    0   12.7 KBytes       
[  4] 231.00-232.00 sec  0.00 Bytes  0.00 bits/sec    1   9.90 KBytes       
[  4] 232.00-233.00 sec  0.00 Bytes  0.00 bits/sec    4   8.48 KBytes       
[  4] 233.00-234.01 sec  0.00 Bytes  0.00 bits/sec    0   8.48 KBytes       
[  4] 234.01-235.01 sec  63.6 KBytes   521 Kbits/sec    0   9.90 KBytes       
[  4] 235.01-236.01 sec  0.00 Bytes  0.00 bits/sec    0   11.3 KBytes       
[  4] 236.01-237.01 sec  0.00 Bytes  0.00 bits/sec    0   17.0 KBytes       
[  4] 237.01-238.01 sec  0.00 Bytes  0.00 bits/sec    0   17.0 KBytes       
[  4] 238.01-239.00 sec  0.00 Bytes  0.00 bits/sec    0   25.5 KBytes       
[  4] 239.00-240.01 sec  0.00 Bytes  0.00 bits/sec    2   29.7 KBytes       
[  4] 240.01-241.01 sec  0.00 Bytes  0.00 bits/sec    0   28.3 KBytes       
[  4] 241.01-242.01 sec  0.00 Bytes  0.00 bits/sec    2   22.6 KBytes       
[  4] 242.01-243.00 sec  0.00 Bytes  0.00 bits/sec    0   22.6 KBytes       
[  4] 243.00-244.00 sec  63.6 KBytes   522 Kbits/sec    0   24.0 KBytes       
[  4] 244.00-245.00 sec  63.6 KBytes   521 Kbits/sec    0   25.5 KBytes       
[  4] 245.00-246.00 sec  0.00 Bytes  0.00 bits/sec    0   26.9 KBytes       
[  4] 246.00-247.00 sec  0.00 Bytes  0.00 bits/sec    0   31.1 KBytes       
[  4] 247.00-248.01 sec  0.00 Bytes  0.00 bits/sec    1   28.3 KBytes       
[  4] 248.01-249.00 sec  0.00 Bytes  0.00 bits/sec    5   21.2 KBytes       
[  4] 249.00-250.00 sec  0.00 Bytes  0.00 bits/sec    5   19.8 KBytes       
[  4] 250.00-251.01 sec  63.6 KBytes   515 Kbits/sec    0   22.6 KBytes       
[  4] 251.01-252.02 sec  0.00 Bytes  0.00 bits/sec    0   22.6 KBytes       
[  4] 252.02-253.00 sec  0.00 Bytes  0.00 bits/sec    0   24.0 KBytes       
[  4] 253.00-254.00 sec  63.6 KBytes   522 Kbits/sec    0   25.5 KBytes       
[  4] 254.00-255.00 sec  0.00 Bytes  0.00 bits/sec    0   25.5 KBytes       
[  4] 255.00-256.00 sec  0.00 Bytes  0.00 bits/sec    6   18.4 KBytes       
[  4] 256.00-257.01 sec  0.00 Bytes  0.00 bits/sec    0   18.4 KBytes       
[  4] 257.01-258.00 sec  0.00 Bytes  0.00 bits/sec    0   19.8 KBytes       
[  4] 258.00-259.05 sec  63.6 KBytes   498 Kbits/sec    0   24.0 KBytes       
[  4] 259.05-260.00 sec  0.00 Bytes  0.00 bits/sec    0   24.0 KBytes       
[  4] 260.00-261.00 sec  0.00 Bytes  0.00 bits/sec    5   15.6 KBytes       
[  4] 261.00-262.02 sec  0.00 Bytes  0.00 bits/sec    0   15.6 KBytes       
[  4] 262.02-263.00 sec  0.00 Bytes  0.00 bits/sec    2   15.6 KBytes       
[  4] 263.00-264.00 sec  0.00 Bytes  0.00 bits/sec    0   15.6 KBytes       
[  4] 264.00-265.00 sec  0.00 Bytes  0.00 bits/sec    0   17.0 KBytes       
[  4] 265.00-266.00 sec  63.6 KBytes   521 Kbits/sec    0   18.4 KBytes       
[  4] 266.00-267.00 sec  0.00 Bytes  0.00 bits/sec    0   19.8 KBytes       
[  4] 267.00-268.00 sec  0.00 Bytes  0.00 bits/sec    0   24.0 KBytes       
[  4] 268.00-269.00 sec  0.00 Bytes  0.00 bits/sec    0   33.9 KBytes       
[  4] 269.00-270.00 sec  0.00 Bytes  0.00 bits/sec    0   33.9 KBytes       
[  4] 270.00-271.02 sec  63.6 KBytes   513 Kbits/sec    0   52.3 KBytes       
[  4] 271.02-272.00 sec  0.00 Bytes  0.00 bits/sec   16   36.8 KBytes       
[  4] 272.00-273.00 sec  0.00 Bytes  0.00 bits/sec    0   36.8 KBytes       
[  4] 273.00-274.00 sec  0.00 Bytes  0.00 bits/sec    6   29.7 KBytes       
[  4] 274.00-275.00 sec  0.00 Bytes  0.00 bits/sec    4   36.8 KBytes       
[  4] 275.00-276.00 sec  0.00 Bytes  0.00 bits/sec    0   36.8 KBytes       
[  4] 276.00-277.00 sec  0.00 Bytes  0.00 bits/sec    3   36.8 KBytes       
[  4] 277.00-278.02 sec   127 KBytes  1.03 Mbits/sec    0   25.5 KBytes       
[  4] 278.02-279.00 sec  0.00 Bytes  0.00 bits/sec    0   25.5 KBytes       
[  4] 279.00-280.00 sec  63.6 KBytes   522 Kbits/sec    0   28.3 KBytes       
[  4] 280.00-281.00 sec  0.00 Bytes  0.00 bits/sec    0   29.7 KBytes       
[  4] 281.00-282.00 sec  0.00 Bytes  0.00 bits/sec    0   29.7 KBytes       
[  4] 282.00-283.00 sec  63.6 KBytes   521 Kbits/sec    0   31.1 KBytes       
[  4] 283.00-284.04 sec  0.00 Bytes  0.00 bits/sec    0   31.1 KBytes       
[  4] 284.04-285.07 sec  0.00 Bytes  0.00 bits/sec   10   21.2 KBytes       
[  4] 285.07-286.00 sec  0.00 Bytes  0.00 bits/sec    0   21.2 KBytes       
[  4] 286.00-287.00 sec  63.6 KBytes   522 Kbits/sec    1   25.5 KBytes       
[  4] 287.00-288.00 sec  0.00 Bytes  0.00 bits/sec    0   31.1 KBytes       
[  4] 288.00-289.00 sec  63.6 KBytes   522 Kbits/sec    0   32.5 KBytes       
[  4] 289.00-290.00 sec  0.00 Bytes  0.00 bits/sec    0   32.5 KBytes       
[  4] 290.00-291.00 sec  63.6 KBytes   521 Kbits/sec    0   33.9 KBytes       
[  4] 291.00-292.00 sec  0.00 Bytes  0.00 bits/sec    0   38.2 KBytes       
[  4] 292.00-293.00 sec  63.6 KBytes   520 Kbits/sec    0   50.9 KBytes       
[  4] 293.00-294.00 sec  0.00 Bytes  0.00 bits/sec    0   50.9 KBytes       
[  4] 294.00-295.01 sec  0.00 Bytes  0.00 bits/sec    0   74.9 KBytes       
[  4] 295.01-296.01 sec  63.6 KBytes   522 Kbits/sec    0   77.8 KBytes       
[  4] 296.01-297.00 sec  0.00 Bytes  0.00 bits/sec   15   53.7 KBytes       
[  4] 297.00-298.00 sec  0.00 Bytes  0.00 bits/sec    2   53.7 KBytes       
[  4] 298.00-299.00 sec  0.00 Bytes  0.00 bits/sec    8   53.7 KBytes       
[  4] 299.00-300.00 sec  0.00 Bytes  0.00 bits/sec    1   52.3 KBytes       
[  4] 300.00-301.00 sec  63.6 KBytes   522 Kbits/sec    4   43.8 KBytes       
[  4] 301.00-302.00 sec  0.00 Bytes  0.00 bits/sec    5   36.8 KBytes       
[  4] 302.00-303.00 sec  0.00 Bytes  0.00 bits/sec    0   36.8 KBytes       
[  4] 303.00-304.00 sec   127 KBytes  1.04 Mbits/sec    0   29.7 KBytes       
[  4] 304.00-305.01 sec  63.6 KBytes   515 Kbits/sec    0   28.3 KBytes       
[  4] 305.01-306.00 sec  0.00 Bytes  0.00 bits/sec    0   28.3 KBytes       
[  4] 306.00-307.00 sec  0.00 Bytes  0.00 bits/sec    0   29.7 KBytes       
[  4] 307.00-308.00 sec  0.00 Bytes  0.00 bits/sec    1   24.0 KBytes       
[  4] 308.00-309.00 sec  0.00 Bytes  0.00 bits/sec    0   19.8 KBytes       
[  4] 309.00-310.00 sec  0.00 Bytes  0.00 bits/sec    0   19.8 KBytes       
[  4] 310.00-311.00 sec  63.6 KBytes   522 Kbits/sec    1   12.7 KBytes       
[  4] 311.00-312.01 sec  0.00 Bytes  0.00 bits/sec    2   12.7 KBytes       
[  4] 312.01-313.00 sec  0.00 Bytes  0.00 bits/sec    3   12.7 KBytes       
[  4] 313.00-314.00 sec  0.00 Bytes  0.00 bits/sec    5   11.3 KBytes       
[  4] 314.00-315.00 sec  0.00 Bytes  0.00 bits/sec    0   11.3 KBytes       
[  4] 315.00-316.00 sec  0.00 Bytes  0.00 bits/sec    0   14.1 KBytes       
[  4] 316.00-317.00 sec  63.6 KBytes   521 Kbits/sec    0   15.6 KBytes       
[  4] 317.00-318.00 sec  0.00 Bytes  0.00 bits/sec    0   17.0 KBytes       
[  4] 318.00-319.00 sec  0.00 Bytes  0.00 bits/sec    0   19.8 KBytes       
[  4] 319.00-320.00 sec  63.6 KBytes   521 Kbits/sec    0   35.4 KBytes       
[  4] 320.00-321.00 sec  0.00 Bytes  0.00 bits/sec    0   53.7 KBytes       
[  4] 321.00-322.02 sec  0.00 Bytes  0.00 bits/sec    0   53.7 KBytes       
[  4] 322.02-323.00 sec  63.6 KBytes   528 Kbits/sec    0   77.8 KBytes       
[  4] 323.00-324.00 sec  63.6 KBytes   521 Kbits/sec    0    117 KBytes       
[  4] 324.00-325.00 sec  0.00 Bytes  0.00 bits/sec    0    117 KBytes       
[  4] 325.00-326.00 sec  63.6 KBytes   520 Kbits/sec    0    175 KBytes       
[  4] 326.00-327.00 sec  0.00 Bytes  0.00 bits/sec   30    124 KBytes       
[  4] 327.00-328.00 sec  0.00 Bytes  0.00 bits/sec   10    124 KBytes       
[  4] 328.00-329.00 sec  0.00 Bytes  0.00 bits/sec    2    124 KBytes       
[  4] 329.00-330.00 sec  0.00 Bytes  0.00 bits/sec    0    124 KBytes       
[  4] 330.00-331.00 sec   255 KBytes  2.09 Mbits/sec    6   97.6 KBytes       
[  4] 331.00-332.00 sec  0.00 Bytes  0.00 bits/sec    0   87.7 KBytes       
[  4] 332.00-333.00 sec   191 KBytes  1.56 Mbits/sec    0   91.9 KBytes       
[  4] 333.00-334.00 sec   127 KBytes  1.04 Mbits/sec    0   99.0 KBytes       
[  4] 334.00-335.00 sec  0.00 Bytes  0.00 bits/sec    0    100 KBytes       
[  4] 335.00-336.00 sec   127 KBytes  1.04 Mbits/sec    0    103 KBytes       
[  4] 336.00-337.00 sec  63.6 KBytes   521 Kbits/sec    0    106 KBytes       
[  4] 337.00-338.00 sec  0.00 Bytes  0.00 bits/sec    0    106 KBytes       
[  4] 338.00-339.00 sec   127 KBytes  1.04 Mbits/sec    0    115 KBytes       
[  4] 339.00-340.00 sec  0.00 Bytes  0.00 bits/sec    0    115 KBytes       
[  4] 340.00-341.00 sec  63.6 KBytes   523 Kbits/sec    0    156 KBytes       
[  4] 341.00-342.00 sec  0.00 Bytes  0.00 bits/sec    0    157 KBytes       
[  4] 342.00-343.02 sec  0.00 Bytes  0.00 bits/sec   38    109 KBytes       
[  4] 343.02-344.00 sec  0.00 Bytes  0.00 bits/sec    0    109 KBytes       
[  4] 344.00-345.00 sec   255 KBytes  2.08 Mbits/sec    0    115 KBytes       
[  4] 345.00-346.00 sec  0.00 Bytes  0.00 bits/sec    0    123 KBytes       
[  4] 346.00-347.00 sec   127 KBytes  1.04 Mbits/sec    0    137 KBytes       
[  4] 347.00-348.00 sec   127 KBytes  1.04 Mbits/sec    0    150 KBytes       
[  4] 348.00-349.00 sec  63.6 KBytes   521 Kbits/sec    0    153 KBytes       
[  4] 349.00-350.03 sec  63.6 KBytes   509 Kbits/sec    0    154 KBytes       
[  4] 350.03-351.00 sec  63.6 KBytes   534 Kbits/sec    0    158 KBytes       
[  4] 351.00-352.03 sec  63.6 KBytes   508 Kbits/sec    0    163 KBytes       
[  4] 352.03-353.00 sec   127 KBytes  1.07 Mbits/sec    0    181 KBytes       
[  4] 353.00-354.00 sec  63.6 KBytes   522 Kbits/sec    0    194 KBytes       
[  4] 354.00-355.00 sec  63.6 KBytes   521 Kbits/sec   13    218 KBytes       
[  4] 355.00-356.00 sec  0.00 Bytes  0.00 bits/sec    0    212 KBytes       
[  4] 356.00-357.00 sec  0.00 Bytes  0.00 bits/sec   40    171 KBytes       
[  4] 357.00-358.00 sec  0.00 Bytes  0.00 bits/sec    0    171 KBytes       
[  4] 358.00-359.00 sec   382 KBytes  3.14 Mbits/sec    0    173 KBytes       
[  4] 359.00-360.00 sec   127 KBytes  1.04 Mbits/sec    0    195 KBytes       
[  4] 360.00-361.01 sec  63.6 KBytes   515 Kbits/sec    0    204 KBytes       
[  4] 361.01-362.00 sec   191 KBytes  1.58 Mbits/sec    0    228 KBytes       
[  4] 362.00-363.00 sec  0.00 Bytes  0.00 bits/sec    0    228 KBytes       
[  4] 363.00-364.00 sec  0.00 Bytes  0.00 bits/sec   23    158 KBytes       
[  4] 364.00-365.00 sec  0.00 Bytes  0.00 bits/sec    0    158 KBytes       
[  4] 365.00-366.00 sec   255 KBytes  2.09 Mbits/sec    0    160 KBytes       
[  4] 366.00-367.00 sec   255 KBytes  2.08 Mbits/sec    0    175 KBytes       
[  4] 367.00-368.00 sec  63.6 KBytes   523 Kbits/sec    0    181 KBytes       
[  4] 368.00-369.00 sec   127 KBytes  1.04 Mbits/sec    0    187 KBytes       
[  4] 369.00-370.00 sec  63.6 KBytes   521 Kbits/sec    0    188 KBytes       
[  4] 370.00-371.00 sec   127 KBytes  1.04 Mbits/sec    0    191 KBytes       
[  4] 371.00-372.00 sec   127 KBytes  1.04 Mbits/sec    0    195 KBytes       
[  4] 372.00-373.00 sec  63.6 KBytes   521 Kbits/sec    6    184 KBytes       
[  4] 373.00-374.00 sec  0.00 Bytes  0.00 bits/sec    0    150 KBytes       
[  4] 374.00-375.00 sec  0.00 Bytes  0.00 bits/sec    9    139 KBytes       
[  4] 375.00-376.00 sec   191 KBytes  1.56 Mbits/sec    0    139 KBytes       
[  4] 376.00-377.00 sec   191 KBytes  1.56 Mbits/sec    0    115 KBytes       
[  4] 377.00-378.00 sec   127 KBytes  1.04 Mbits/sec    0   97.6 KBytes       
[  4] 378.00-379.00 sec  0.00 Bytes  0.00 bits/sec    0    103 KBytes       
[  4] 379.00-380.00 sec  63.6 KBytes   521 Kbits/sec    0    107 KBytes       
[  4] 380.00-381.00 sec  63.6 KBytes   521 Kbits/sec    2    107 KBytes       
[  4] 381.00-382.00 sec  0.00 Bytes  0.00 bits/sec   12   82.0 KBytes       
[  4] 382.00-383.00 sec  63.6 KBytes   520 Kbits/sec    2   77.8 KBytes       
[  4] 383.00-384.00 sec   127 KBytes  1.05 Mbits/sec    0   82.0 KBytes       
[  4] 384.00-385.00 sec  0.00 Bytes  0.00 bits/sec    0   84.8 KBytes       
[  4] 385.00-386.00 sec   127 KBytes  1.04 Mbits/sec    0   90.5 KBytes       
[  4] 386.00-387.00 sec  63.6 KBytes   521 Kbits/sec    0   93.3 KBytes       
[  4] 387.00-388.00 sec  0.00 Bytes  0.00 bits/sec    0   93.3 KBytes       
[  4] 388.00-389.00 sec  63.6 KBytes   523 Kbits/sec    0   97.6 KBytes       
[  4] 389.00-390.00 sec  0.00 Bytes  0.00 bits/sec    0   97.6 KBytes       
[  4] 390.00-391.00 sec  63.6 KBytes   521 Kbits/sec    0    120 KBytes       
[  4] 391.00-392.00 sec  63.6 KBytes   522 Kbits/sec    0    144 KBytes       
[  4] 392.00-393.00 sec  0.00 Bytes  0.00 bits/sec   11    113 KBytes       
[  4] 393.00-394.00 sec  0.00 Bytes  0.00 bits/sec    0    100 KBytes       
[  4] 394.00-395.00 sec   127 KBytes  1.04 Mbits/sec    2    100 KBytes       
[  4] 395.00-396.00 sec   127 KBytes  1.04 Mbits/sec    0    103 KBytes       
[  4] 396.00-397.00 sec  0.00 Bytes  0.00 bits/sec    0    103 KBytes       
[  4] 397.00-398.00 sec   127 KBytes  1.04 Mbits/sec    0    124 KBytes       
[  4] 398.00-399.00 sec  63.6 KBytes   521 Kbits/sec    0    132 KBytes       
[  4] 399.00-400.00 sec  0.00 Bytes  0.00 bits/sec    6    119 KBytes       
[  4] 400.00-401.00 sec  0.00 Bytes  0.00 bits/sec    0    119 KBytes       
[  4] 401.00-402.00 sec   127 KBytes  1.04 Mbits/sec    0   94.7 KBytes       
[  4] 402.00-403.00 sec  0.00 Bytes  0.00 bits/sec    0   94.7 KBytes       
[  4] 403.00-404.00 sec   127 KBytes  1.05 Mbits/sec    0    106 KBytes       
[  4] 404.00-405.00 sec  63.6 KBytes   521 Kbits/sec    0    109 KBytes       
[  4] 405.00-406.01 sec  63.6 KBytes   519 Kbits/sec    0    110 KBytes       
[  4] 406.01-407.00 sec  0.00 Bytes  0.00 bits/sec    0    110 KBytes       
[  4] 407.00-408.01 sec  63.6 KBytes   519 Kbits/sec    0    120 KBytes       
[  4] 408.01-409.00 sec  0.00 Bytes  0.00 bits/sec    0    120 KBytes       
[  4] 409.00-410.00 sec   127 KBytes  1.04 Mbits/sec    0    160 KBytes       
[  4] 410.00-411.00 sec  0.00 Bytes  0.00 bits/sec    0    160 KBytes       
[  4] 411.00-412.00 sec  0.00 Bytes  0.00 bits/sec    6    122 KBytes       
[  4] 412.00-413.00 sec  0.00 Bytes  0.00 bits/sec    0    122 KBytes       
[  4] 413.00-414.00 sec   127 KBytes  1.04 Mbits/sec    9    116 KBytes       
[  4] 414.00-415.00 sec   127 KBytes  1.04 Mbits/sec    0    120 KBytes       
[  4] 415.00-416.00 sec   127 KBytes  1.04 Mbits/sec    0    126 KBytes       
[  4] 416.00-417.00 sec  63.6 KBytes   519 Kbits/sec    0    141 KBytes       
[  4] 417.00-418.00 sec  63.6 KBytes   523 Kbits/sec    0    150 KBytes       
[  4] 418.00-419.00 sec  63.6 KBytes   520 Kbits/sec    0    156 KBytes       
[  4] 419.00-420.00 sec  0.00 Bytes  0.00 bits/sec    6    124 KBytes       
[  4] 420.00-421.00 sec  0.00 Bytes  0.00 bits/sec    9    109 KBytes       
[  4] 421.00-422.00 sec  0.00 Bytes  0.00 bits/sec    0    109 KBytes       
[  4] 422.00-423.00 sec   318 KBytes  2.61 Mbits/sec    0    116 KBytes       
[  4] 423.00-424.00 sec  0.00 Bytes  0.00 bits/sec    0    120 KBytes       
[  4] 424.00-425.00 sec  63.6 KBytes   522 Kbits/sec    0    126 KBytes       
[  4] 425.00-426.00 sec   127 KBytes  1.04 Mbits/sec    0    130 KBytes       
[  4] 426.00-427.04 sec  0.00 Bytes  0.00 bits/sec    0    130 KBytes       
[  4] 427.04-428.00 sec   127 KBytes  1.08 Mbits/sec    0    134 KBytes       
[  4] 428.00-429.00 sec   127 KBytes  1.04 Mbits/sec    0    144 KBytes       
[  4] 429.00-430.00 sec  0.00 Bytes  0.00 bits/sec    0    150 KBytes       
[  4] 430.00-431.00 sec  0.00 Bytes  0.00 bits/sec   11    106 KBytes       
[  4] 431.00-432.00 sec  0.00 Bytes  0.00 bits/sec    2    106 KBytes       
[  4] 432.00-433.00 sec  0.00 Bytes  0.00 bits/sec    0    106 KBytes       
[  4] 433.00-434.00 sec   255 KBytes  2.08 Mbits/sec    0    107 KBytes       
[  4] 434.00-435.00 sec  63.6 KBytes   522 Kbits/sec    0    115 KBytes       
[  4] 435.00-436.00 sec   127 KBytes  1.04 Mbits/sec    0    129 KBytes       
[  4] 436.00-437.00 sec  63.6 KBytes   520 Kbits/sec    0    136 KBytes       
[  4] 437.00-438.00 sec  63.6 KBytes   520 Kbits/sec    0    143 KBytes       
[  4] 438.00-439.00 sec   127 KBytes  1.05 Mbits/sec    0    148 KBytes       
[  4] 439.00-440.00 sec  63.6 KBytes   522 Kbits/sec    0    150 KBytes       
[  4] 440.00-441.00 sec   127 KBytes  1.04 Mbits/sec    0    156 KBytes       
[  4] 441.00-442.00 sec  63.6 KBytes   521 Kbits/sec    0    156 KBytes       
[  4] 442.00-443.06 sec  63.6 KBytes   494 Kbits/sec    0    171 KBytes       
[  4] 443.06-444.00 sec  63.6 KBytes   552 Kbits/sec    0    181 KBytes       
[  4] 444.00-445.00 sec  63.6 KBytes   521 Kbits/sec    0    229 KBytes       
[  4] 445.00-446.00 sec   127 KBytes  1.04 Mbits/sec    0    269 KBytes       
[  4] 446.00-447.00 sec   318 KBytes  2.61 Mbits/sec    0    311 KBytes       
[  4] 447.00-448.00 sec   127 KBytes  1.04 Mbits/sec   34    235 KBytes       
[  4] 448.00-449.00 sec  0.00 Bytes  0.00 bits/sec   10    228 KBytes       
[  4] 449.00-450.00 sec  0.00 Bytes  0.00 bits/sec   22    228 KBytes       
[  4] 450.00-451.00 sec   382 KBytes  3.12 Mbits/sec    8    214 KBytes       
[  4] 451.00-452.00 sec  63.6 KBytes   522 Kbits/sec    1    206 KBytes       
[  4] 452.00-453.00 sec  63.6 KBytes   521 Kbits/sec    2    158 KBytes       
[  4] 453.00-454.00 sec  0.00 Bytes  0.00 bits/sec    2    158 KBytes       
[  4] 454.00-455.00 sec   382 KBytes  3.13 Mbits/sec    0    154 KBytes       
[  4] 455.00-456.00 sec   191 KBytes  1.56 Mbits/sec    0    112 KBytes       
[  4] 456.00-457.00 sec   127 KBytes  1.04 Mbits/sec    0    122 KBytes       
[  4] 457.00-458.00 sec   127 KBytes  1.04 Mbits/sec    0    129 KBytes       
[  4] 458.00-459.00 sec  0.00 Bytes  0.00 bits/sec    0    130 KBytes       
[  4] 459.00-460.00 sec   127 KBytes  1.04 Mbits/sec    0    133 KBytes       
[  4] 460.00-461.00 sec   127 KBytes  1.04 Mbits/sec    0    137 KBytes       
[  4] 461.00-462.01 sec  0.00 Bytes  0.00 bits/sec    0    137 KBytes       
[  4] 462.01-463.00 sec   127 KBytes  1.05 Mbits/sec    0    156 KBytes       
[  4] 463.00-464.00 sec  0.00 Bytes  0.00 bits/sec    0    161 KBytes       
[  4] 464.00-465.00 sec  0.00 Bytes  0.00 bits/sec    1    150 KBytes       
[  4] 465.00-466.00 sec  0.00 Bytes  0.00 bits/sec   22    112 KBytes       
[  4] 466.00-467.00 sec   191 KBytes  1.56 Mbits/sec    0    113 KBytes       
[  4] 467.00-468.02 sec  0.00 Bytes  0.00 bits/sec    0    117 KBytes       
[  4] 468.02-469.01 sec  0.00 Bytes  0.00 bits/sec    0    117 KBytes       
[  4] 469.01-470.00 sec   191 KBytes  1.57 Mbits/sec    0    144 KBytes       
[  4] 470.00-471.00 sec  63.6 KBytes   521 Kbits/sec    0    153 KBytes       
[  4] 471.00-472.01 sec  63.6 KBytes   520 Kbits/sec    2    150 KBytes       
[  4] 472.01-473.00 sec  0.00 Bytes  0.00 bits/sec    2    107 KBytes       
[  4] 473.00-474.00 sec  0.00 Bytes  0.00 bits/sec    0    107 KBytes       
[  4] 474.00-475.00 sec   255 KBytes  2.08 Mbits/sec    0    115 KBytes       
[  4] 475.00-476.00 sec   127 KBytes  1.04 Mbits/sec    0    123 KBytes       
[  4] 476.00-477.00 sec  0.00 Bytes  0.00 bits/sec    0    123 KBytes       
[  4] 477.00-478.00 sec   127 KBytes  1.04 Mbits/sec    0    127 KBytes       
[  4] 478.00-479.05 sec  63.6 KBytes   499 Kbits/sec    0    130 KBytes       
[  4] 479.05-480.00 sec  63.6 KBytes   545 Kbits/sec    0    133 KBytes       
[  4] 480.00-481.00 sec  63.6 KBytes   522 Kbits/sec    0    144 KBytes       
[  4] 481.00-482.00 sec  63.6 KBytes   521 Kbits/sec    0    150 KBytes       
[  4] 482.00-483.00 sec   127 KBytes  1.04 Mbits/sec    0    191 KBytes       
[  4] 483.00-484.00 sec  0.00 Bytes  0.00 bits/sec    0    192 KBytes       
[  4] 484.00-485.00 sec   127 KBytes  1.04 Mbits/sec    0    280 KBytes       
[  4] 485.00-486.00 sec  63.6 KBytes   521 Kbits/sec    1    269 KBytes       
[  4] 486.00-487.00 sec  0.00 Bytes  0.00 bits/sec   98    199 KBytes       
[  4] 487.00-488.03 sec  0.00 Bytes  0.00 bits/sec    0    201 KBytes       
[  4] 488.03-489.00 sec  0.00 Bytes  0.00 bits/sec    0    201 KBytes       
[  4] 489.00-490.09 sec  0.00 Bytes  0.00 bits/sec    7    201 KBytes       
[  4] 490.09-491.00 sec  0.00 Bytes  0.00 bits/sec    9    201 KBytes       
[  4] 491.00-492.00 sec   255 KBytes  2.08 Mbits/sec    0    201 KBytes       
[  4] 492.00-493.00 sec   445 KBytes  3.65 Mbits/sec    0    141 KBytes       
[  4] 493.00-494.00 sec  63.6 KBytes   521 Kbits/sec    0    151 KBytes       
[  4] 494.00-495.00 sec   127 KBytes  1.04 Mbits/sec    0    160 KBytes       
[  4] 495.00-496.00 sec  63.6 KBytes   522 Kbits/sec    0    164 KBytes       
[  4] 496.00-497.00 sec   127 KBytes  1.04 Mbits/sec    0    167 KBytes       
[  4] 497.00-498.01 sec  63.6 KBytes   518 Kbits/sec    0    168 KBytes       
[  4] 498.01-499.00 sec   127 KBytes  1.05 Mbits/sec    1    173 KBytes       
[  4] 499.00-500.00 sec  0.00 Bytes  0.00 bits/sec    0    167 KBytes       
[  4] 500.00-501.00 sec   191 KBytes  1.56 Mbits/sec    0    124 KBytes       
[  4] 501.00-502.00 sec   127 KBytes  1.04 Mbits/sec    0    137 KBytes       
[  4] 502.00-503.00 sec  63.6 KBytes   521 Kbits/sec    0    147 KBytes       
[  4] 503.00-504.00 sec   127 KBytes  1.04 Mbits/sec    0    163 KBytes       
[  4] 504.00-505.00 sec   127 KBytes  1.05 Mbits/sec    0    170 KBytes       
[  4] 505.00-506.01 sec  0.00 Bytes  0.00 bits/sec    0    170 KBytes       
[  4] 506.01-507.00 sec   191 KBytes  1.57 Mbits/sec    0    174 KBytes       
[  4] 507.00-508.00 sec  63.6 KBytes   521 Kbits/sec    0    177 KBytes       
[  4] 508.00-509.03 sec   127 KBytes  1.01 Mbits/sec    0    184 KBytes       
[  4] 509.03-510.00 sec  0.00 Bytes  0.00 bits/sec    0    191 KBytes       
[  4] 510.00-511.00 sec   127 KBytes  1.04 Mbits/sec    0    226 KBytes       
[  4] 511.00-512.00 sec   127 KBytes  1.04 Mbits/sec    0    277 KBytes       
[  4] 512.00-513.03 sec  63.6 KBytes   509 Kbits/sec    0    313 KBytes       
[  4] 513.03-514.00 sec   255 KBytes  2.14 Mbits/sec    0    351 KBytes       
[  4] 514.00-515.01 sec   127 KBytes  1.03 Mbits/sec   33    297 KBytes       
[  4] 515.01-516.00 sec  0.00 Bytes  0.00 bits/sec    3    273 KBytes       
[  4] 516.00-517.00 sec  0.00 Bytes  0.00 bits/sec   38    264 KBytes       
[  4] 517.00-518.00 sec  0.00 Bytes  0.00 bits/sec    0    264 KBytes       
[  4] 518.00-519.00 sec   700 KBytes  5.74 Mbits/sec    0    279 KBytes       
[  4] 519.00-520.00 sec   318 KBytes  2.61 Mbits/sec    0    310 KBytes       
[  4] 520.00-521.00 sec   255 KBytes  2.09 Mbits/sec    0    337 KBytes       
[  4] 521.00-522.00 sec   382 KBytes  3.13 Mbits/sec    0    362 KBytes       
[  4] 522.00-523.00 sec   445 KBytes  3.65 Mbits/sec    0    373 KBytes       
[  4] 523.00-524.00 sec   318 KBytes  2.61 Mbits/sec    0    376 KBytes       
[  4] 524.00-525.00 sec   127 KBytes  1.04 Mbits/sec    0    378 KBytes       
[  4] 525.00-526.00 sec   382 KBytes  3.13 Mbits/sec    0    380 KBytes       
[  4] 526.00-527.00 sec   382 KBytes  3.13 Mbits/sec    0    386 KBytes       
[  4] 527.00-528.00 sec   255 KBytes  2.08 Mbits/sec    0    395 KBytes       
[  4] 528.00-529.00 sec   318 KBytes  2.61 Mbits/sec    0    409 KBytes       
[  4] 529.00-530.00 sec   509 KBytes  4.17 Mbits/sec    0    452 KBytes       
[  4] 530.00-531.00 sec   318 KBytes  2.60 Mbits/sec    0    477 KBytes       
[  4] 531.00-532.00 sec   827 KBytes  6.79 Mbits/sec    0    566 KBytes       
[  4] 532.00-533.00 sec   255 KBytes  2.09 Mbits/sec    0    594 KBytes       
[  4] 533.00-534.00 sec  0.00 Bytes  0.00 bits/sec   56    416 KBytes       
[  4] 534.00-535.00 sec   255 KBytes  2.08 Mbits/sec    0    416 KBytes       
[  4] 535.00-536.00 sec   636 KBytes  5.22 Mbits/sec    0    426 KBytes       
[  4] 536.00-537.00 sec   445 KBytes  3.64 Mbits/sec    0    468 KBytes       
[  4] 537.00-538.03 sec  63.6 KBytes   505 Kbits/sec    0    485 KBytes       
[  4] 538.03-539.00 sec  0.00 Bytes  0.00 bits/sec    0    485 KBytes       
[  4] 539.00-540.00 sec   318 KBytes  2.61 Mbits/sec    5    505 KBytes       
[  4] 540.00-541.01 sec  0.00 Bytes  0.00 bits/sec    2    472 KBytes       
[  4] 541.01-542.00 sec  0.00 Bytes  0.00 bits/sec   19    372 KBytes       
[  4] 542.00-543.00 sec   382 KBytes  3.13 Mbits/sec    0    372 KBytes       
[  4] 543.00-544.00 sec   573 KBytes  4.68 Mbits/sec    0    337 KBytes       
[  4] 544.00-545.00 sec   382 KBytes  3.13 Mbits/sec    0    263 KBytes       
[  4] 545.00-546.00 sec   318 KBytes  2.61 Mbits/sec    0    284 KBytes       
[  4] 546.00-547.00 sec   318 KBytes  2.60 Mbits/sec    0    300 KBytes       
[  4] 547.00-548.00 sec   255 KBytes  2.09 Mbits/sec    0    310 KBytes       
[  4] 548.00-549.00 sec   318 KBytes  2.61 Mbits/sec    0    313 KBytes       
[  4] 549.00-550.04 sec   318 KBytes  2.50 Mbits/sec    0    314 KBytes       
[  4] 550.04-551.00 sec   318 KBytes  2.72 Mbits/sec    0    317 KBytes       
[  4] 551.00-552.00 sec   318 KBytes  2.61 Mbits/sec    0    324 KBytes       
[  4] 552.00-553.00 sec   318 KBytes  2.61 Mbits/sec    0    337 KBytes       
[  4] 553.00-554.00 sec   191 KBytes  1.56 Mbits/sec    0    354 KBytes       
[  4] 554.00-555.01 sec   127 KBytes  1.03 Mbits/sec    0    363 KBytes       
[  4] 555.01-556.00 sec   318 KBytes  2.63 Mbits/sec    0    431 KBytes       
[  4] 556.00-557.00 sec  0.00 Bytes  0.00 bits/sec    0    434 KBytes       
[  4] 557.00-558.00 sec   127 KBytes  1.04 Mbits/sec    0    486 KBytes       
[  4] 558.00-559.00 sec   445 KBytes  3.65 Mbits/sec    0    608 KBytes       
[  4] 559.00-560.00 sec  2.05 MBytes  17.2 Mbits/sec    0    840 KBytes       
[  4] 560.00-561.00 sec  1.25 MBytes  10.5 Mbits/sec    0   1.03 MBytes       
[  4] 561.00-562.00 sec  2.50 MBytes  21.0 Mbits/sec    0   1.23 MBytes       
[  4] 562.00-563.00 sec  1.25 MBytes  10.5 Mbits/sec    0   1.44 MBytes       
[  4] 563.00-564.00 sec  1.25 MBytes  10.5 Mbits/sec    0   1.62 MBytes       
[  4] 564.00-565.00 sec  1.25 MBytes  10.5 Mbits/sec   33   1.71 MBytes       
[  4] 565.00-566.00 sec  1.25 MBytes  10.5 Mbits/sec  144   1.30 MBytes       
[  4] 566.00-567.00 sec  1.25 MBytes  10.5 Mbits/sec   95   1.30 MBytes       
[  4] 567.00-568.00 sec  1.25 MBytes  10.5 Mbits/sec    0   1.30 MBytes       
[  4] 568.00-569.00 sec  1.25 MBytes  10.5 Mbits/sec    0   1.38 MBytes       
[  4] 569.00-569.00 sec  0.00 Bytes  0.00 bits/sec    0   1.38 MBytes       
- - - - - - - - - - - - - - - - - - - - - - - - -
[ ID] Interval           Transfer     Bandwidth       Retr
[  4]   0.00-569.00 sec  50.4 MBytes   744 Kbits/sec  1286             sender
[  4]   0.00-569.00 sec  42.4 MBytes   625 Kbits/sec                  receiver

iperf Done.
