Connecting to host 10.0.0.2, port 5201
[  4] local 10.0.0.1 port 46110 connected to 10.0.0.2 port 5201
[ ID] Interval           Transfer     Bandwidth       Retr  Cwnd
[  4]   0.00-1.01   sec   947 KBytes  7.72 Mbits/sec    0   66.5 KBytes       
[  4]   1.01-2.00   sec   700 KBytes  5.76 Mbits/sec    0   93.3 KBytes       
[  4]   2.00-3.01   sec   636 KBytes  5.18 Mbits/sec    0    117 KBytes       
[  4]   3.01-4.01   sec   445 KBytes  3.66 Mbits/sec    0    134 KBytes       
[  4]   4.01-5.00   sec   445 KBytes  3.66 Mbits/sec    0    153 KBytes       
[  4]   5.00-6.00   sec   573 KBytes  4.70 Mbits/sec    0    175 KBytes       
[  4]   6.00-7.01   sec   573 KBytes  4.67 Mbits/sec    0    202 KBytes       
[  4]   7.01-8.00   sec   700 KBytes  5.76 Mbits/sec    0    269 KBytes       
[  4]   8.00-9.00   sec   891 KBytes  7.29 Mbits/sec    0    368 KBytes       
[  4]   9.00-10.00  sec  1.06 MBytes  8.86 Mbits/sec    0    477 KBytes       
[  4]  10.00-11.00  sec  1.06 MBytes  8.87 Mbits/sec    0    602 KBytes       
[  4]  11.00-12.00  sec  1.18 MBytes  9.90 Mbits/sec    0    742 KBytes       
[  4]  12.00-13.00  sec   700 KBytes  5.73 Mbits/sec   62    672 KBytes       
[  4]  13.00-14.00  sec  0.00 Bytes  0.00 bits/sec  105    587 KBytes       
[  4]  14.00-15.00  sec   191 KBytes  1.57 Mbits/sec    0    587 KBytes       
[  4]  15.00-16.00  sec  1.25 MBytes  10.5 Mbits/sec    0    288 KBytes       
[  4]  16.00-16.00  sec  0.00 Bytes  0.00 bits/sec    0    288 KBytes       
- - - - - - - - - - - - - - - - - - - - - - - - -
[ ID] Interval           Transfer     Bandwidth       Retr
[  4]   0.00-16.00  sec  11.2 MBytes  5.86 Mbits/sec  167             sender
[  4]   0.00-16.00  sec  6.85 MBytes  3.59 Mbits/sec                  receiver

iperf Done.
