-----------------------------------------------------------
Server listening on 5201
-----------------------------------------------------------
Accepted connection from 10.0.0.1, port 35112
[  5] local 10.0.0.2 port 5201 connected to 10.0.0.1 port 46110
[ ID] Interval           Transfer     Bandwidth
[  5]   0.00-1.00   sec   576 KBytes  4.71 Mbits/sec                  
[  5]   1.00-2.00   sec   591 KBytes  4.84 Mbits/sec                  
[  5]   2.00-3.00   sec   310 KBytes  2.54 Mbits/sec                  
[  5]   3.00-4.01   sec   358 KBytes  2.91 Mbits/sec                  
[  5]   4.01-5.00   sec   378 KBytes  3.12 Mbits/sec                  
[  5]   5.00-6.00   sec   304 KBytes  2.49 Mbits/sec                  
[  5]   6.00-7.00   sec   294 KBytes  2.41 Mbits/sec                  
[  5]   7.00-8.01   sec   281 KBytes  2.29 Mbits/sec                  
[  5]   8.01-9.00   sec   300 KBytes  2.47 Mbits/sec                  
[  5]   9.00-10.00  sec   264 KBytes  2.17 Mbits/sec                  
[  5]  10.00-11.00  sec   188 KBytes  1.54 Mbits/sec                  
[  5]  11.00-12.00  sec   197 KBytes  1.61 Mbits/sec                  
[  5]  12.00-13.00  sec   192 KBytes  1.57 Mbits/sec                  
[  5]  13.00-14.00  sec  99.0 KBytes   811 Kbits/sec                  
[  5]  14.00-15.00  sec   157 KBytes  1.29 Mbits/sec                  
[  5]  15.00-16.00  sec  0.00 Bytes  0.00 bits/sec                  
[  5]  16.00-17.00  sec  1.41 KBytes  11.6 Kbits/sec                  
[  5]  17.00-18.00  sec  0.00 Bytes  0.00 bits/sec                  
[  5]  18.00-19.00  sec  0.00 Bytes  0.00 bits/sec                  
[  5]  19.00-20.00  sec  0.00 Bytes  0.00 bits/sec                  
[  5]  20.00-21.00  sec  49.5 KBytes   406 Kbits/sec                  
[  5]  21.00-22.00  sec   916 KBytes  7.51 Mbits/sec                  
[  5]  22.00-23.00  sec   341 KBytes  2.79 Mbits/sec                  
[  5]  23.00-24.00  sec  41.0 KBytes   336 Kbits/sec                  
[  5]  24.00-25.00  sec  0.00 Bytes  0.00 bits/sec                  
[  5]  25.00-26.00  sec  0.00 Bytes  0.00 bits/sec                  
[  5]  26.00-27.00  sec  0.00 Bytes  0.00 bits/sec                  
[  5]  27.00-28.00  sec   250 KBytes  2.05 Mbits/sec                  
[  5]  28.00-29.00  sec  7.07 KBytes  57.9 Kbits/sec                  
[  5]  29.00-30.00  sec  0.00 Bytes  0.00 bits/sec                  
[  5]  30.00-31.00  sec  0.00 Bytes  0.00 bits/sec                  
[  5]  31.00-32.00  sec  0.00 Bytes  0.00 bits/sec                  
[  5]  32.00-33.00  sec  0.00 Bytes  0.00 bits/sec                  
[  5]  33.00-34.00  sec  0.00 Bytes  0.00 bits/sec                  
[  5]  34.00-35.00  sec  0.00 Bytes  0.00 bits/sec                  
[  5]  35.00-36.00  sec  8.48 KBytes  69.5 Kbits/sec                  
[  5]  36.00-37.00  sec   165 KBytes  1.36 Mbits/sec                  
[  5]  37.00-38.00  sec  0.00 Bytes  0.00 bits/sec                  
[  5]  38.00-39.00  sec  0.00 Bytes  0.00 bits/sec                  
[  5]  39.00-40.00  sec  7.07 KBytes  58.0 Kbits/sec                  
[  5]  40.00-41.00  sec   980 KBytes  8.03 Mbits/sec                  
[  5]  41.00-41.54  sec   361 KBytes  5.49 Mbits/sec                  
- - - - - - - - - - - - - - - - - - - - - - - - -
[ ID] Interval           Transfer     Bandwidth
[  5]   0.00-41.54  sec  0.00 Bytes  0.00 bits/sec                  sender
[  5]   0.00-41.54  sec  7.44 MBytes  1.50 Mbits/sec                  receiver
