-----------------------------------------------------------
Server listening on 5207
-----------------------------------------------------------
Accepted connection from 10.0.0.1, port 42550
[  5] local 10.0.0.2 port 5207 connected to 10.0.0.1 port 46122
[ ID] Interval           Transfer     Bandwidth
[  5]   0.00-1.00   sec  8.48 KBytes  69.3 Kbits/sec                  
[  5]   1.00-2.00   sec  33.9 KBytes   279 Kbits/sec                  
[  5]   2.00-3.00   sec  42.4 KBytes   347 Kbits/sec                  
[  5]   3.00-4.00   sec  45.2 KBytes   371 Kbits/sec                  
[  5]   4.00-5.00   sec  0.00 Bytes  0.00 bits/sec                  
[  5]   5.00-6.00   sec  48.1 KBytes   395 Kbits/sec                  
[  5]   6.00-7.00   sec  0.00 Bytes  0.00 bits/sec                  
[  5]   7.00-8.00   sec  14.1 KBytes   116 Kbits/sec                  
[  5]   8.00-9.00   sec  0.00 Bytes  0.00 bits/sec                  
[  5]   9.00-10.00  sec  12.7 KBytes   104 Kbits/sec                  
[  5]  10.00-11.00  sec  42.4 KBytes   348 Kbits/sec                  
[  5]  11.00-12.00  sec  36.8 KBytes   301 Kbits/sec                  
[  5]  12.00-13.00  sec  89.1 KBytes   730 Kbits/sec                  
[  5]  13.00-14.00  sec  42.4 KBytes   348 Kbits/sec                  
[  5]  14.00-15.00  sec  45.2 KBytes   370 Kbits/sec                  
[  5]  15.00-16.00  sec  77.8 KBytes   637 Kbits/sec                  
[  5]  16.00-17.00  sec  63.6 KBytes   522 Kbits/sec                  
[  5]  17.00-18.00  sec  28.3 KBytes   231 Kbits/sec                  
[  5]  18.00-19.00  sec  24.0 KBytes   197 Kbits/sec                  
[  5]  19.00-20.00  sec  65.0 KBytes   533 Kbits/sec                  
[  5]  20.00-21.01  sec  7.07 KBytes  57.7 Kbits/sec                  
[  5]  21.01-22.00  sec   136 KBytes  1.12 Mbits/sec                  
[  5]  22.00-23.00  sec  69.3 KBytes   568 Kbits/sec                  
[  5]  23.00-24.00  sec  82.0 KBytes   672 Kbits/sec                  
[  5]  24.00-25.00  sec  90.5 KBytes   741 Kbits/sec                  
[  5]  25.00-26.00  sec  12.7 KBytes   104 Kbits/sec                  
[  5]  26.00-27.00  sec  55.1 KBytes   452 Kbits/sec                  
[  5]  27.00-28.00  sec   117 KBytes   961 Kbits/sec                  
[  5]  28.00-29.00  sec  94.7 KBytes   776 Kbits/sec                  
[  5]  29.00-30.00  sec  99.0 KBytes   811 Kbits/sec                  
[  5]  30.00-31.00  sec   116 KBytes   947 Kbits/sec                  
[  5]  31.00-32.00  sec  82.0 KBytes   673 Kbits/sec                  
[  5]  32.00-33.00  sec  42.4 KBytes   348 Kbits/sec                  
[  5]  33.00-34.00  sec  79.2 KBytes   650 Kbits/sec                  
[  5]  34.00-35.00  sec  94.7 KBytes   775 Kbits/sec                  
[  5]  35.00-36.00  sec  5.66 KBytes  46.3 Kbits/sec                  
[  5]  36.00-37.00  sec  2.83 KBytes  23.2 Kbits/sec                  
[  5]  37.00-38.00  sec   124 KBytes  1.02 Mbits/sec                  
[  5]  38.00-39.00  sec  0.00 Bytes  0.00 bits/sec                  
[  5]  39.00-40.00  sec   274 KBytes  2.25 Mbits/sec                  
[  5]  40.00-41.00  sec   158 KBytes  1.30 Mbits/sec                  
[  5]  41.00-42.00  sec   187 KBytes  1.53 Mbits/sec                  
[  5]  42.00-43.00  sec   173 KBytes  1.41 Mbits/sec                  
[  5]  43.00-44.00  sec   143 KBytes  1.17 Mbits/sec                  
[  5]  44.00-45.00  sec   139 KBytes  1.14 Mbits/sec                  
[  5]  45.00-46.00  sec   189 KBytes  1.55 Mbits/sec                  
[  5]  46.00-47.00  sec   112 KBytes   915 Kbits/sec                  
[  5]  47.00-48.00  sec   110 KBytes   903 Kbits/sec                  
[  5]  48.00-49.00  sec   112 KBytes   915 Kbits/sec                  
[  5]  49.00-50.00  sec  94.7 KBytes   776 Kbits/sec                  
[  5]  50.00-51.00  sec  36.8 KBytes   301 Kbits/sec                  
[  5]  51.00-52.00  sec  49.5 KBytes   405 Kbits/sec                  
[  5]  52.00-53.00  sec  0.00 Bytes  0.00 bits/sec                  
[  5]  53.00-54.00  sec   202 KBytes  1.65 Mbits/sec                  
[  5]  54.00-55.00  sec  39.6 KBytes   325 Kbits/sec                  
[  5]  55.00-56.00  sec  0.00 Bytes  0.00 bits/sec                  
[  5]  56.00-57.00  sec   214 KBytes  1.75 Mbits/sec                  
[  5]  57.00-58.00  sec  89.1 KBytes   732 Kbits/sec                  
[  5]  58.00-59.00  sec  0.00 Bytes  0.00 bits/sec                  
[  5]  59.00-60.00  sec  69.3 KBytes   567 Kbits/sec                  
[  5]  60.00-61.00  sec  67.9 KBytes   556 Kbits/sec                  
[  5]  61.00-62.00  sec   215 KBytes  1.76 Mbits/sec                  
[  5]  62.00-63.00  sec   198 KBytes  1.62 Mbits/sec                  
[  5]  63.00-64.00  sec   286 KBytes  2.34 Mbits/sec                  
[  5]  64.00-65.00  sec   358 KBytes  2.93 Mbits/sec                  
[  5]  65.00-66.00  sec   383 KBytes  3.14 Mbits/sec                  
[  5]  66.00-67.00  sec   382 KBytes  3.13 Mbits/sec                  
[  5]  67.00-68.00  sec   387 KBytes  3.17 Mbits/sec                  
[  5]  68.00-69.00  sec   392 KBytes  3.21 Mbits/sec                  
[  5]  69.00-70.00  sec   826 KBytes  6.76 Mbits/sec                  
[  5]  70.00-71.00  sec  1.13 MBytes  9.51 Mbits/sec                  
[  5]  71.00-71.20  sec   140 KBytes  5.79 Mbits/sec                  
- - - - - - - - - - - - - - - - - - - - - - - - -
[ ID] Interval           Transfer     Bandwidth
[  5]   0.00-71.20  sec  0.00 Bytes  0.00 bits/sec                  sender
[  5]   0.00-71.20  sec  9.00 MBytes  1.06 Mbits/sec                  receiver
