-----------------------------------------------------------
Server listening on 5203
-----------------------------------------------------------
Accepted connection from 10.0.0.1, port 48156
[  5] local 10.0.0.2 port 5203 connected to 10.0.0.1 port 46114
[ ID] Interval           Transfer     Bandwidth
[  5]   0.00-1.01   sec   171 KBytes  1.39 Mbits/sec                  
[  5]   1.01-2.00   sec   236 KBytes  1.95 Mbits/sec                  
[  5]   2.00-3.01   sec   240 KBytes  1.96 Mbits/sec                  
[  5]   3.01-4.00   sec   233 KBytes  1.92 Mbits/sec                  
[  5]   4.00-5.00   sec   228 KBytes  1.87 Mbits/sec                  
[  5]   5.00-6.00   sec   226 KBytes  1.85 Mbits/sec                  
[  5]   6.00-7.00   sec   180 KBytes  1.47 Mbits/sec                  
[  5]   7.00-8.00   sec   180 KBytes  1.47 Mbits/sec                  
[  5]   8.00-9.00   sec   228 KBytes  1.87 Mbits/sec                  
[  5]   9.00-10.00  sec   284 KBytes  2.33 Mbits/sec                  
[  5]  10.00-11.00  sec  14.1 KBytes   116 Kbits/sec                  
[  5]  11.00-12.00  sec   105 KBytes   857 Kbits/sec                  
[  5]  12.00-13.00  sec   516 KBytes  4.23 Mbits/sec                  
[  5]  13.00-14.00  sec  0.00 Bytes  0.00 bits/sec                  
[  5]  14.00-15.00  sec   481 KBytes  3.94 Mbits/sec                  
[  5]  15.00-16.00  sec   153 KBytes  1.25 Mbits/sec                  
[  5]  16.00-17.00  sec   163 KBytes  1.33 Mbits/sec                  
[  5]  17.00-18.00  sec   198 KBytes  1.62 Mbits/sec                  
[  5]  18.00-19.00  sec   219 KBytes  1.80 Mbits/sec                  
[  5]  19.00-20.00  sec  0.00 Bytes  0.00 bits/sec                  
[  5]  20.00-21.00  sec   341 KBytes  2.79 Mbits/sec                  
[  5]  21.00-22.00  sec   157 KBytes  1.29 Mbits/sec                  
[  5]  22.00-23.00  sec   182 KBytes  1.49 Mbits/sec                  
[  5]  23.00-24.00  sec   199 KBytes  1.63 Mbits/sec                  
[  5]  24.00-25.00  sec   167 KBytes  1.37 Mbits/sec                  
[  5]  25.00-26.00  sec   194 KBytes  1.59 Mbits/sec                  
[  5]  26.00-27.01  sec   130 KBytes  1.06 Mbits/sec                  
[  5]  27.01-28.00  sec  42.4 KBytes   350 Kbits/sec                  
[  5]  28.00-29.00  sec   253 KBytes  2.07 Mbits/sec                  
[  5]  29.00-30.00  sec   165 KBytes  1.36 Mbits/sec                  
[  5]  30.00-31.00  sec   175 KBytes  1.44 Mbits/sec                  
[  5]  31.00-32.00  sec   180 KBytes  1.47 Mbits/sec                  
[  5]  32.00-33.00  sec   205 KBytes  1.68 Mbits/sec                  
[  5]  33.00-34.00  sec   204 KBytes  1.67 Mbits/sec                  
[  5]  34.00-35.00  sec   212 KBytes  1.74 Mbits/sec                  
[  5]  35.00-36.00  sec   130 KBytes  1.07 Mbits/sec                  
[  5]  36.00-37.00  sec   211 KBytes  1.73 Mbits/sec                  
[  5]  37.00-38.00  sec   195 KBytes  1.60 Mbits/sec                  
[  5]  38.00-39.00  sec   194 KBytes  1.59 Mbits/sec                  
[  5]  39.00-40.00  sec   250 KBytes  2.05 Mbits/sec                  
[  5]  40.00-41.01  sec   225 KBytes  1.83 Mbits/sec                  
[  5]  41.01-41.83  sec  56.6 KBytes   562 Kbits/sec                  
- - - - - - - - - - - - - - - - - - - - - - - - -
[ ID] Interval           Transfer     Bandwidth
[  5]   0.00-41.83  sec  0.00 Bytes  0.00 bits/sec                  sender
[  5]   0.00-41.83  sec  7.93 MBytes  1.59 Mbits/sec                  receiver
