-----------------------------------------------------------
Server listening on 5203
-----------------------------------------------------------
Accepted connection from 10.0.0.1, port 46723
[  5] local 10.0.0.2 port 5203 connected to 10.0.0.1 port 46114
[ ID] Interval           Transfer     Bandwidth
[  5]   0.00-1.00   sec   150 KBytes  1.23 Mbits/sec                  
[  5]   1.00-2.00   sec   221 KBytes  1.81 Mbits/sec                  
[  5]   2.00-3.00   sec   205 KBytes  1.68 Mbits/sec                  
[  5]   3.00-4.00   sec   208 KBytes  1.70 Mbits/sec                  
[  5]   4.00-5.00   sec   189 KBytes  1.55 Mbits/sec                  
[  5]   5.00-6.00   sec   242 KBytes  1.98 Mbits/sec                  
[  5]   6.00-7.00   sec   177 KBytes  1.45 Mbits/sec                  
[  5]   7.00-8.00   sec   287 KBytes  2.35 Mbits/sec                  
[  5]   8.00-9.00   sec   242 KBytes  1.98 Mbits/sec                  
[  5]   9.00-10.00  sec   171 KBytes  1.40 Mbits/sec                  
[  5]  10.00-11.00  sec   252 KBytes  2.06 Mbits/sec                  
[  5]  11.00-12.00  sec  0.00 Bytes  0.00 bits/sec                  
[  5]  12.00-13.00  sec   339 KBytes  2.78 Mbits/sec                  
[  5]  13.00-14.00  sec   129 KBytes  1.05 Mbits/sec                  
[  5]  14.00-15.00  sec   578 KBytes  4.74 Mbits/sec                  
[  5]  15.00-16.00  sec   308 KBytes  2.52 Mbits/sec                  
[  5]  16.00-17.00  sec   269 KBytes  2.21 Mbits/sec                  
[  5]  17.00-18.00  sec   399 KBytes  3.26 Mbits/sec                  
[  5]  18.00-19.00  sec   397 KBytes  3.26 Mbits/sec                  
[  5]  19.00-20.00  sec   542 KBytes  4.44 Mbits/sec                  
[  5]  20.00-21.00  sec   600 KBytes  4.91 Mbits/sec                  
[  5]  21.00-22.00  sec   590 KBytes  4.83 Mbits/sec                  
[  5]  22.00-23.00  sec   598 KBytes  4.90 Mbits/sec                  
[  5]  23.00-24.00  sec   605 KBytes  4.96 Mbits/sec                  
[  5]  24.00-24.53  sec   324 KBytes  4.96 Mbits/sec                  
- - - - - - - - - - - - - - - - - - - - - - - - -
[ ID] Interval           Transfer     Bandwidth
[  5]   0.00-24.53  sec  0.00 Bytes  0.00 bits/sec                  sender
[  5]   0.00-24.53  sec  7.83 MBytes  2.68 Mbits/sec                  receiver
