-----------------------------------------------------------
Server listening on 5204
-----------------------------------------------------------
Accepted connection from 10.0.0.1, port 34120
[  5] local 10.0.0.2 port 5204 connected to 10.0.0.1 port 46116
[ ID] Interval           Transfer     Bandwidth
[  5]   0.00-1.00   sec  0.00 Bytes  0.00 bits/sec                  
[  5]   1.00-2.00   sec  14.1 KBytes   116 Kbits/sec                  
[  5]   2.00-3.00   sec  28.3 KBytes   232 Kbits/sec                  
[  5]   3.00-4.00   sec  42.4 KBytes   347 Kbits/sec                  
[  5]   4.00-5.00   sec  45.2 KBytes   370 Kbits/sec                  
[  5]   5.00-6.00   sec  0.00 Bytes  0.00 bits/sec                  
[  5]   6.00-7.00   sec  11.3 KBytes  92.7 Kbits/sec                  
[  5]   7.00-8.00   sec  82.0 KBytes   674 Kbits/sec                  
[  5]   8.00-9.00   sec  0.00 Bytes  0.00 bits/sec                  
[  5]   9.00-10.00  sec  48.1 KBytes   393 Kbits/sec                  
[  5]  10.00-11.00  sec  58.0 KBytes   476 Kbits/sec                  
[  5]  11.00-12.00  sec  60.8 KBytes   498 Kbits/sec                  
[  5]  12.00-13.00  sec  0.00 Bytes  0.00 bits/sec                  
[  5]  13.00-14.00  sec  38.2 KBytes   313 Kbits/sec                  
[  5]  14.00-15.00  sec  19.8 KBytes   162 Kbits/sec                  
[  5]  15.00-16.00  sec   107 KBytes   881 Kbits/sec                  
[  5]  16.00-17.00  sec  55.1 KBytes   452 Kbits/sec                  
[  5]  17.00-18.00  sec  63.6 KBytes   521 Kbits/sec                  
[  5]  18.00-19.00  sec  66.5 KBytes   545 Kbits/sec                  
[  5]  19.00-20.00  sec  67.9 KBytes   556 Kbits/sec                  
[  5]  20.00-21.00  sec  69.3 KBytes   567 Kbits/sec                  
[  5]  21.00-22.00  sec  1.41 KBytes  11.6 Kbits/sec                  
[  5]  22.00-23.00  sec  79.2 KBytes   650 Kbits/sec                  
[  5]  23.00-24.00  sec   105 KBytes   858 Kbits/sec                  
[  5]  24.00-25.00  sec   134 KBytes  1.10 Mbits/sec                  
[  5]  25.00-26.00  sec  8.48 KBytes  69.5 Kbits/sec                  
[  5]  26.00-27.00  sec   206 KBytes  1.69 Mbits/sec                  
[  5]  27.00-28.01  sec  1.41 KBytes  11.5 Kbits/sec                  
[  5]  28.01-29.00  sec   291 KBytes  2.40 Mbits/sec                  
[  5]  29.00-30.00  sec   325 KBytes  2.67 Mbits/sec                  
[  5]  30.00-31.00  sec   110 KBytes   903 Kbits/sec                  
[  5]  31.00-32.00  sec   165 KBytes  1.36 Mbits/sec                  
[  5]  32.00-33.00  sec   266 KBytes  2.18 Mbits/sec                  
[  5]  33.00-34.00  sec   286 KBytes  2.34 Mbits/sec                  
[  5]  34.00-35.00  sec   211 KBytes  1.73 Mbits/sec                  
[  5]  35.00-36.00  sec  91.9 KBytes   752 Kbits/sec                  
[  5]  36.00-37.00  sec   304 KBytes  2.49 Mbits/sec                  
[  5]  37.00-38.00  sec  31.1 KBytes   255 Kbits/sec                  
[  5]  38.00-39.00  sec   249 KBytes  2.04 Mbits/sec                  
[  5]  39.00-40.00  sec   436 KBytes  3.57 Mbits/sec                  
[  5]  40.00-41.00  sec   204 KBytes  1.67 Mbits/sec                  
[  5]  41.00-42.00  sec  99.0 KBytes   811 Kbits/sec                  
[  5]  42.00-43.00  sec   255 KBytes  2.08 Mbits/sec                  
[  5]  43.00-44.00  sec   296 KBytes  2.42 Mbits/sec                  
[  5]  44.00-45.00  sec   277 KBytes  2.27 Mbits/sec                  
[  5]  45.00-46.00  sec   124 KBytes  1.02 Mbits/sec                  
[  5]  46.00-47.00  sec   215 KBytes  1.76 Mbits/sec                  
[  5]  47.00-48.00  sec   311 KBytes  2.56 Mbits/sec                  
[  5]  48.00-49.00  sec   130 KBytes  1.07 Mbits/sec                  
[  5]  49.00-50.00  sec  0.00 Bytes  0.00 bits/sec                  
[  5]  50.00-51.00  sec   530 KBytes  4.34 Mbits/sec                  
[  5]  51.00-52.00  sec   199 KBytes  1.63 Mbits/sec                  
[  5]  52.00-53.00  sec   293 KBytes  2.40 Mbits/sec                  
[  5]  53.00-54.00  sec   318 KBytes  2.61 Mbits/sec                  
[  5]  54.00-55.00  sec   286 KBytes  2.34 Mbits/sec                  
[  5]  55.00-56.00  sec  56.6 KBytes   464 Kbits/sec                  
[  5]  56.00-57.00  sec  91.9 KBytes   752 Kbits/sec                  
[  5]  57.00-58.00  sec   499 KBytes  4.08 Mbits/sec                  
[  5]  58.00-59.00  sec   240 KBytes  1.97 Mbits/sec                  
[  5]  59.00-60.00  sec   264 KBytes  2.17 Mbits/sec                  
[  5]  60.00-61.00  sec   263 KBytes  2.15 Mbits/sec                  
[  5]  61.00-62.00  sec   253 KBytes  2.08 Mbits/sec                  
[  5]  62.00-63.00  sec   204 KBytes  1.67 Mbits/sec                  
[  5]  63.00-64.00  sec   153 KBytes  1.25 Mbits/sec                  
[  5]  64.00-65.00  sec   291 KBytes  2.39 Mbits/sec                  
[  5]  65.00-66.02  sec   252 KBytes  2.03 Mbits/sec                  
[  5]  66.02-67.00  sec   198 KBytes  1.65 Mbits/sec                  
[  5]  67.00-68.22  sec   126 KBytes   842 Kbits/sec                  
[  5]  68.22-69.01  sec  0.00 Bytes  0.00 bits/sec                  
[  5]  69.01-70.00  sec  0.00 Bytes  0.00 bits/sec                  
[  5]  70.00-71.00  sec  0.00 Bytes  0.00 bits/sec                  
[  5]  71.00-72.01  sec   563 KBytes  4.58 Mbits/sec                  
[  5]  72.01-73.04  sec   259 KBytes  2.05 Mbits/sec                  
[  5]  73.04-74.01  sec   137 KBytes  1.17 Mbits/sec                  
[  5]  74.01-75.00  sec   255 KBytes  2.10 Mbits/sec                  
[  5]  75.00-76.00  sec   321 KBytes  2.63 Mbits/sec                  
[  5]  76.00-77.00  sec   315 KBytes  2.58 Mbits/sec                  
[  5]  77.00-78.00  sec  58.0 KBytes   475 Kbits/sec                  
[  5]  78.00-79.00  sec   341 KBytes  2.79 Mbits/sec                  
[  5]  79.00-80.00  sec   346 KBytes  2.84 Mbits/sec                  
[  5]  80.00-81.00  sec   195 KBytes  1.60 Mbits/sec                  
[  5]  81.00-82.00  sec   222 KBytes  1.82 Mbits/sec                  
[  5]  82.00-83.00  sec   370 KBytes  3.03 Mbits/sec                  
[  5]  83.00-84.00  sec  87.7 KBytes   717 Kbits/sec                  
[  5]  84.00-85.00  sec  0.00 Bytes  0.00 bits/sec                  
[  5]  85.00-86.00  sec   379 KBytes  3.10 Mbits/sec                  
[  5]  86.00-87.00  sec   626 KBytes  5.14 Mbits/sec                  
[  5]  87.00-88.00  sec   243 KBytes  1.99 Mbits/sec                  
[  5]  88.00-89.00  sec   143 KBytes  1.17 Mbits/sec                  
[  5]  89.00-90.00  sec   148 KBytes  1.21 Mbits/sec                  
[  5]  90.00-91.00  sec   249 KBytes  2.03 Mbits/sec                  
[  5]  91.00-92.00  sec   263 KBytes  2.16 Mbits/sec                  
[  5]  92.00-93.00  sec  45.2 KBytes   371 Kbits/sec                  
[  5]  93.00-94.00  sec   260 KBytes  2.13 Mbits/sec                  
[  5]  94.00-95.00  sec  48.1 KBytes   393 Kbits/sec                  
[  5]  95.00-96.00  sec  0.00 Bytes  0.00 bits/sec                  
[  5]  96.00-97.00  sec   448 KBytes  3.68 Mbits/sec                  
[  5]  97.00-98.00  sec   212 KBytes  1.74 Mbits/sec                  
[  5]  98.00-99.00  sec   239 KBytes  1.96 Mbits/sec                  
[  5]  99.00-100.00 sec   230 KBytes  1.89 Mbits/sec                  
[  5] 100.00-101.00 sec  99.0 KBytes   811 Kbits/sec                  
[  5] 101.00-102.00 sec   233 KBytes  1.91 Mbits/sec                  
[  5] 102.00-103.00 sec   197 KBytes  1.61 Mbits/sec                  
[  5] 103.00-104.00 sec   194 KBytes  1.59 Mbits/sec                  
[  5] 104.00-105.00 sec   199 KBytes  1.63 Mbits/sec                  
[  5] 105.00-106.00 sec   216 KBytes  1.78 Mbits/sec                  
[  5] 106.00-107.00 sec  0.00 Bytes  0.00 bits/sec                  
[  5] 107.00-108.00 sec   168 KBytes  1.38 Mbits/sec                  
[  5] 108.00-109.00 sec   440 KBytes  3.61 Mbits/sec                  
[  5] 109.00-110.00 sec   228 KBytes  1.86 Mbits/sec                  
[  5] 110.00-111.00 sec   269 KBytes  2.20 Mbits/sec                  
[  5] 111.00-112.00 sec   192 KBytes  1.58 Mbits/sec                  
[  5] 112.00-113.00 sec   144 KBytes  1.18 Mbits/sec                  
[  5] 113.00-114.00 sec   283 KBytes  2.32 Mbits/sec                  
[  5] 114.00-115.00 sec   181 KBytes  1.48 Mbits/sec                  
[  5] 115.00-116.00 sec  0.00 Bytes  0.00 bits/sec                  
[  5] 116.00-117.00 sec   444 KBytes  3.64 Mbits/sec                  
[  5] 117.00-118.00 sec   219 KBytes  1.80 Mbits/sec                  
[  5] 118.00-119.00 sec   235 KBytes  1.92 Mbits/sec                  
[  5] 119.00-120.00 sec   240 KBytes  1.97 Mbits/sec                  
[  5] 120.00-121.00 sec   259 KBytes  2.12 Mbits/sec                  
[  5] 121.00-122.00 sec   187 KBytes  1.53 Mbits/sec                  
[  5] 122.00-123.00 sec   199 KBytes  1.63 Mbits/sec                  
[  5] 123.00-124.00 sec   199 KBytes  1.64 Mbits/sec                  
[  5] 124.00-125.00 sec   252 KBytes  2.06 Mbits/sec                  
[  5] 125.00-126.00 sec   197 KBytes  1.61 Mbits/sec                  
[  5] 126.00-127.00 sec   201 KBytes  1.65 Mbits/sec                  
[  5] 127.00-128.00 sec   252 KBytes  2.06 Mbits/sec                  
[  5] 128.00-129.00 sec  2.83 KBytes  23.2 Kbits/sec                  
[  5] 129.00-130.00 sec   329 KBytes  2.70 Mbits/sec                  
[  5] 130.00-131.00 sec   479 KBytes  3.92 Mbits/sec                  
[  5] 131.00-132.00 sec   249 KBytes  2.04 Mbits/sec                  
[  5] 132.00-133.00 sec   259 KBytes  2.12 Mbits/sec                  
[  5] 133.00-134.00 sec   247 KBytes  2.03 Mbits/sec                  
[  5] 134.00-135.00 sec  22.6 KBytes   185 Kbits/sec                  
[  5] 135.00-136.00 sec   301 KBytes  2.47 Mbits/sec                  
[  5] 136.00-137.00 sec   455 KBytes  3.73 Mbits/sec                  
[  5] 137.00-138.00 sec   124 KBytes  1.02 Mbits/sec                  
[  5] 138.00-139.02 sec   259 KBytes  2.08 Mbits/sec                  
[  5] 139.02-140.00 sec   297 KBytes  2.48 Mbits/sec                  
[  5] 140.00-141.00 sec   206 KBytes  1.69 Mbits/sec                  
[  5] 141.00-142.00 sec   202 KBytes  1.65 Mbits/sec                  
[  5] 142.00-143.00 sec   286 KBytes  2.34 Mbits/sec                  
[  5] 143.00-144.00 sec   273 KBytes  2.23 Mbits/sec                  
[  5] 144.00-145.00 sec   247 KBytes  2.03 Mbits/sec                  
[  5] 145.00-146.01 sec   242 KBytes  1.97 Mbits/sec                  
[  5] 146.01-147.00 sec  0.00 Bytes  0.00 bits/sec                  
[  5] 147.00-148.00 sec   813 KBytes  6.66 Mbits/sec                  
[  5] 148.00-149.01 sec   399 KBytes  3.24 Mbits/sec                  
[  5] 149.01-150.00 sec   653 KBytes  5.39 Mbits/sec                  
[  5] 150.00-151.00 sec   568 KBytes  4.67 Mbits/sec                  
[  5] 151.00-152.00 sec   581 KBytes  4.75 Mbits/sec                  
[  5] 152.00-153.00 sec   577 KBytes  4.74 Mbits/sec                  
[  5] 153.00-154.00 sec   428 KBytes  3.50 Mbits/sec                  
[  5] 154.00-155.00 sec   520 KBytes  4.27 Mbits/sec                  
[  5] 155.00-156.00 sec   515 KBytes  4.21 Mbits/sec                  
[  5] 156.00-157.00 sec   574 KBytes  4.69 Mbits/sec                  
[  5] 157.00-158.00 sec   523 KBytes  4.30 Mbits/sec                  
[  5] 158.00-159.00 sec   658 KBytes  5.38 Mbits/sec                  
[  5] 159.00-160.00 sec  1.03 MBytes  8.62 Mbits/sec                  
[  5] 160.00-161.00 sec  1.05 MBytes  8.81 Mbits/sec                  
[  5] 161.00-162.00 sec  1.08 MBytes  9.02 Mbits/sec                  
[  5] 162.00-163.00 sec  1.07 MBytes  8.96 Mbits/sec                  
[  5] 163.00-164.00 sec  1020 KBytes  8.35 Mbits/sec                  
[  5] 164.00-165.00 sec  1.06 MBytes  8.90 Mbits/sec                  
[  5] 165.00-166.00 sec  1.07 MBytes  8.95 Mbits/sec                  
[  5] 166.00-167.00 sec  1.07 MBytes  8.98 Mbits/sec                  
[  5] 167.00-168.03 sec  1.06 MBytes  8.62 Mbits/sec                  
[  5] 168.03-168.52 sec   447 KBytes  7.59 Mbits/sec                  
- - - - - - - - - - - - - - - - - - - - - - - - -
[ ID] Interval           Transfer     Bandwidth
[  5]   0.00-168.52 sec  0.00 Bytes  0.00 bits/sec                  sender
[  5]   0.00-168.52 sec  43.9 MBytes  2.19 Mbits/sec                  receiver
