Connecting to host 10.0.0.2, port 5201
[  4] local 10.0.0.1 port 46110 connected to 10.0.0.2 port 5201
[ ID] Interval           Transfer     Bandwidth       Retr  Cwnd
[  4]   0.00-1.00   sec  1.35 MBytes  11.4 Mbits/sec    0   84.8 KBytes       
[  4]   1.00-2.00   sec   891 KBytes  7.29 Mbits/sec    0    120 KBytes       
[  4]   2.00-3.00   sec   954 KBytes  7.83 Mbits/sec    0    157 KBytes       
[  4]   3.00-4.00   sec   891 KBytes  7.30 Mbits/sec    0    194 KBytes       
[  4]   4.00-5.00   sec   891 KBytes  7.30 Mbits/sec   10    218 KBytes       
[  4]   5.00-6.00   sec   764 KBytes  6.26 Mbits/sec    0    221 KBytes       
[  4]   6.00-7.00   sec   573 KBytes  4.69 Mbits/sec    0    223 KBytes       
[  4]   7.00-8.00   sec   764 KBytes  6.25 Mbits/sec    0    232 KBytes       
[  4]   8.00-9.00   sec   573 KBytes  4.69 Mbits/sec    0    249 KBytes       
[  4]   9.00-10.00  sec   636 KBytes  5.21 Mbits/sec    0    279 KBytes       
[  4]  10.00-11.00  sec   700 KBytes  5.73 Mbits/sec    0    322 KBytes       
[  4]  11.00-12.00  sec   827 KBytes  6.78 Mbits/sec    0    387 KBytes       
[  4]  12.00-13.00  sec   764 KBytes  6.24 Mbits/sec    0    462 KBytes       
[  4]  13.00-13.00  sec  0.00 Bytes  0.00 bits/sec    0    462 KBytes       
- - - - - - - - - - - - - - - - - - - - - - - - -
[ ID] Interval           Transfer     Bandwidth       Retr
[  4]   0.00-13.00  sec  10.4 MBytes  6.69 Mbits/sec   10             sender
[  4]   0.00-13.00  sec  8.33 MBytes  5.37 Mbits/sec                  receiver

iperf Done.
