-----------------------------------------------------------
Server listening on 5205
-----------------------------------------------------------
Accepted connection from 10.0.0.1, port 50679
[  5] local 10.0.0.2 port 5205 connected to 10.0.0.1 port 46118
[ ID] Interval           Transfer     Bandwidth
[  5]   0.00-1.00   sec  42.4 KBytes   347 Kbits/sec                  
[  5]   1.00-2.00   sec   113 KBytes   924 Kbits/sec                  
[  5]   2.00-3.00   sec   124 KBytes  1.02 Mbits/sec                  
[  5]   3.00-4.00   sec   136 KBytes  1.11 Mbits/sec                  
[  5]   4.00-5.00   sec   151 KBytes  1.24 Mbits/sec                  
[  5]   5.00-6.00   sec  87.7 KBytes   718 Kbits/sec                  
[  5]   6.00-7.00   sec   151 KBytes  1.24 Mbits/sec                  
[  5]   7.00-8.00   sec  89.1 KBytes   729 Kbits/sec                  
[  5]   8.00-9.00   sec   177 KBytes  1.45 Mbits/sec                  
[  5]   9.00-10.00  sec   225 KBytes  1.84 Mbits/sec                  
[  5]  10.00-11.00  sec  31.1 KBytes   255 Kbits/sec                  
[  5]  11.00-12.00  sec  15.6 KBytes   127 Kbits/sec                  
[  5]  12.00-13.00  sec   310 KBytes  2.54 Mbits/sec                  
[  5]  13.00-14.00  sec  0.00 Bytes  0.00 bits/sec                  
[  5]  14.00-15.00  sec  36.8 KBytes   301 Kbits/sec                  
[  5]  15.00-16.00  sec   450 KBytes  3.68 Mbits/sec                  
[  5]  16.00-17.00  sec   335 KBytes  2.75 Mbits/sec                  
[  5]  17.00-18.00  sec  2.83 KBytes  23.2 Kbits/sec                  
[  5]  18.00-19.00  sec   300 KBytes  2.45 Mbits/sec                  
[  5]  19.00-20.00  sec   320 KBytes  2.62 Mbits/sec                  
[  5]  20.00-21.00  sec   221 KBytes  1.81 Mbits/sec                  
[  5]  21.00-22.00  sec   283 KBytes  2.32 Mbits/sec                  
[  5]  22.00-23.00  sec   301 KBytes  2.47 Mbits/sec                  
[  5]  23.00-24.00  sec   305 KBytes  2.50 Mbits/sec                  
[  5]  24.00-25.00  sec   307 KBytes  2.51 Mbits/sec                  
[  5]  25.00-26.00  sec   272 KBytes  2.22 Mbits/sec                  
[  5]  26.00-27.00  sec   266 KBytes  2.18 Mbits/sec                  
[  5]  27.00-28.00  sec   240 KBytes  1.97 Mbits/sec                  
[  5]  28.00-29.02  sec   269 KBytes  2.15 Mbits/sec                  
[  5]  29.02-30.00  sec   356 KBytes  2.99 Mbits/sec                  
[  5]  30.00-31.00  sec   365 KBytes  2.99 Mbits/sec                  
[  5]  31.00-32.00  sec   208 KBytes  1.70 Mbits/sec                  
[  5]  32.00-33.00  sec   296 KBytes  2.42 Mbits/sec                  
[  5]  33.00-34.00  sec   454 KBytes  3.72 Mbits/sec                  
[  5]  34.00-35.00  sec   133 KBytes  1.09 Mbits/sec                  
[  5]  35.00-36.00  sec   211 KBytes  1.73 Mbits/sec                  
[  5]  36.00-36.40  sec   411 KBytes  8.35 Mbits/sec                  
- - - - - - - - - - - - - - - - - - - - - - - - -
[ ID] Interval           Transfer     Bandwidth
[  5]   0.00-36.40  sec  0.00 Bytes  0.00 bits/sec                  sender
[  5]   0.00-36.40  sec  7.81 MBytes  1.80 Mbits/sec                  receiver
