Connecting to host 10.0.0.2, port 5202
[  4] local 10.0.0.1 port 46112 connected to 10.0.0.2 port 5202
[ ID] Interval           Transfer     Bandwidth       Retr  Cwnd
[  4]   0.00-1.00   sec   300 KBytes  2.45 Mbits/sec    0   42.4 KBytes       
[  4]   1.00-2.03   sec   198 KBytes  1.58 Mbits/sec    0   49.5 KBytes       
[  4]   2.03-3.01   sec   191 KBytes  1.60 Mbits/sec    0   56.6 KBytes       
[  4]   3.01-4.03   sec  63.6 KBytes   510 Kbits/sec    0   60.8 KBytes       
[  4]   4.03-5.00   sec   191 KBytes  1.61 Mbits/sec    0   74.9 KBytes       
[  4]   5.00-6.00   sec   445 KBytes  3.65 Mbits/sec    0    110 KBytes       
[  4]   6.00-7.01   sec   509 KBytes  4.14 Mbits/sec    0    156 KBytes       
[  4]   7.01-8.00   sec   573 KBytes  4.72 Mbits/sec    0    216 KBytes       
[  4]   8.00-9.00   sec   764 KBytes  6.25 Mbits/sec    0    294 KBytes       
[  4]   9.00-10.00  sec   764 KBytes  6.26 Mbits/sec    0    380 KBytes       
[  4]  10.00-11.00  sec   954 KBytes  7.81 Mbits/sec    0    489 KBytes       
[  4]  11.00-12.00  sec  1.37 MBytes  11.4 Mbits/sec    0    658 KBytes       
[  4]  12.00-13.00  sec   127 KBytes  1.04 Mbits/sec    0    672 KBytes       
[  4]  13.00-14.00  sec  63.6 KBytes   520 Kbits/sec   44    584 KBytes       
[  4]  14.00-15.08  sec  0.00 Bytes  0.00 bits/sec   72    478 KBytes       
[  4]  15.08-16.00  sec   509 KBytes  4.51 Mbits/sec    0    478 KBytes       
[  4]  16.00-17.00  sec   445 KBytes  3.66 Mbits/sec    0    486 KBytes       
[  4]  17.00-18.00  sec   573 KBytes  4.70 Mbits/sec    0    551 KBytes       
[  4]  18.00-19.00  sec   127 KBytes  1.04 Mbits/sec    0    571 KBytes       
[  4]  19.00-20.00  sec   382 KBytes  3.13 Mbits/sec    0    618 KBytes       
[  4]  20.00-21.00  sec  63.6 KBytes   521 Kbits/sec   18    556 KBytes       
[  4]  21.00-22.04  sec  0.00 Bytes  0.00 bits/sec   19    436 KBytes       
[  4]  22.04-23.00  sec  63.6 KBytes   540 Kbits/sec   14    436 KBytes       
[  4]  23.00-24.00  sec   764 KBytes  6.26 Mbits/sec    0    437 KBytes       
[  4]  24.00-25.00  sec   509 KBytes  4.17 Mbits/sec    0    462 KBytes       
[  4]  25.00-26.00  sec   127 KBytes  1.04 Mbits/sec    0    468 KBytes       
[  4]  26.00-27.00  sec   382 KBytes  3.13 Mbits/sec    0    496 KBytes       
[  4]  27.00-27.00  sec  0.00 Bytes  0.00 bits/sec    0    496 KBytes       
- - - - - - - - - - - - - - - - - - - - - - - - -
[ ID] Interval           Transfer     Bandwidth       Retr
[  4]   0.00-27.00  sec  10.2 MBytes  3.18 Mbits/sec  167             sender
[  4]   0.00-27.00  sec  6.84 MBytes  2.12 Mbits/sec                  receiver

iperf Done.
