-----------------------------------------------------------
Server listening on 5201
-----------------------------------------------------------
Accepted connection from 10.0.0.1, port 53712
[  5] local 10.0.0.2 port 5201 connected to 10.0.0.1 port 46110
[ ID] Interval           Transfer     Bandwidth
[  5]   0.00-1.01   sec   741 KBytes  6.01 Mbits/sec                  
[  5]   1.01-2.00   sec   495 KBytes  4.09 Mbits/sec                  
[  5]   2.00-3.00   sec   252 KBytes  2.06 Mbits/sec                  
[  5]   3.00-4.01   sec   397 KBytes  3.25 Mbits/sec                  
[  5]   4.01-5.00   sec   206 KBytes  1.70 Mbits/sec                  
[  5]   5.00-6.00   sec  1.03 MBytes  8.64 Mbits/sec                  
[  5]   6.00-7.00   sec   998 KBytes  8.18 Mbits/sec                  
[  5]   7.00-8.00   sec   846 KBytes  6.93 Mbits/sec                  
[  5]   8.00-9.00   sec   930 KBytes  7.62 Mbits/sec                  
[  5]   9.00-10.01  sec   913 KBytes  7.45 Mbits/sec                  
[  5]  10.01-11.00  sec   915 KBytes  7.52 Mbits/sec                  
[  5]  11.00-12.00  sec   922 KBytes  7.57 Mbits/sec                  
[  5]  12.00-13.00  sec   935 KBytes  7.66 Mbits/sec                  
[  5]  13.00-14.00  sec  1.01 MBytes  8.47 Mbits/sec                  
[  5]  14.00-15.00  sec   840 KBytes  6.88 Mbits/sec                  
[  5]  15.00-16.00  sec   877 KBytes  7.18 Mbits/sec                  
[  5]  16.00-17.00  sec  1.05 MBytes  8.79 Mbits/sec                  
[  5]  17.00-18.00  sec  1.06 MBytes  8.93 Mbits/sec                  
[  5]  18.00-19.00  sec  1.08 MBytes  9.07 Mbits/sec                  
[  5]  19.00-20.00  sec  1007 KBytes  8.21 Mbits/sec                  
[  5]  20.00-21.00  sec   882 KBytes  7.26 Mbits/sec                  
[  5]  21.00-22.01  sec   858 KBytes  6.99 Mbits/sec                  
[  5]  22.01-23.00  sec  1.09 MBytes  9.18 Mbits/sec                  
[  5]  23.00-24.00  sec  1.06 MBytes  8.88 Mbits/sec                  
[  5]  24.00-25.00  sec  1.12 MBytes  9.40 Mbits/sec                  
[  5]  25.00-26.00  sec   837 KBytes  6.86 Mbits/sec                  
[  5]  26.00-27.00  sec  1.03 MBytes  8.64 Mbits/sec                  
[  5]  27.00-28.00  sec   962 KBytes  7.87 Mbits/sec                  
[  5]  28.00-29.01  sec  1.23 MBytes  10.3 Mbits/sec                  
[  5]  29.01-30.00  sec   933 KBytes  7.70 Mbits/sec                  
[  5]  30.00-31.00  sec  1.01 MBytes  8.49 Mbits/sec                  
[  5]  31.00-32.00  sec  1.26 MBytes  10.6 Mbits/sec                  
[  5]  32.00-33.00  sec  1004 KBytes  8.22 Mbits/sec                  
[  5]  33.00-34.00  sec   604 KBytes  4.94 Mbits/sec                  
[  5]  34.00-35.00  sec  1.37 MBytes  11.5 Mbits/sec                  
[  5]  35.00-36.00  sec  1.12 MBytes  9.43 Mbits/sec                  
[  5]  36.00-37.00  sec  1.12 MBytes  9.38 Mbits/sec                  
[  5]  37.00-38.01  sec   158 KBytes  1.28 Mbits/sec                  
[  5]  38.01-39.00  sec  1.65 MBytes  14.0 Mbits/sec                  
[  5]  39.00-40.00  sec  1.16 MBytes  9.70 Mbits/sec                  
[  5]  40.00-41.00  sec  1.13 MBytes  9.45 Mbits/sec                  
[  5]  41.00-42.00  sec   987 KBytes  8.09 Mbits/sec                  
[  5]  42.00-42.07  sec   110 KBytes  12.6 Mbits/sec                  
- - - - - - - - - - - - - - - - - - - - - - - - -
[ ID] Interval           Transfer     Bandwidth
[  5]   0.00-42.07  sec  0.00 Bytes  0.00 bits/sec                  sender
[  5]   0.00-42.07  sec  38.8 MBytes  7.73 Mbits/sec                  receiver
