-----------------------------------------------------------
Server listening on 5201
-----------------------------------------------------------
Accepted connection from 10.0.0.1, port 57751
[  5] local 10.0.0.2 port 5201 connected to 10.0.0.1 port 46110
[ ID] Interval           Transfer     Bandwidth
[  5]   0.00-1.00   sec   501 KBytes  4.10 Mbits/sec                  
[  5]   1.00-2.00   sec   650 KBytes  5.33 Mbits/sec                  
[  5]   2.00-3.00   sec   557 KBytes  4.56 Mbits/sec                  
[  5]   3.00-4.00   sec   622 KBytes  5.09 Mbits/sec                  
[  5]   4.00-5.00   sec   550 KBytes  4.51 Mbits/sec                  
[  5]   5.00-6.00   sec   561 KBytes  4.59 Mbits/sec                  
[  5]   6.00-7.00   sec   539 KBytes  4.42 Mbits/sec                  
[  5]   7.00-8.00   sec   529 KBytes  4.33 Mbits/sec                  
[  5]   8.00-9.00   sec   488 KBytes  4.00 Mbits/sec                  
[  5]   9.00-10.00  sec   484 KBytes  3.96 Mbits/sec                  
[  5]  10.00-11.01  sec   346 KBytes  2.82 Mbits/sec                  
[  5]  11.01-12.00  sec   455 KBytes  3.75 Mbits/sec                  
[  5]  12.00-13.00  sec   368 KBytes  3.01 Mbits/sec                  
[  5]  13.00-14.00  sec   284 KBytes  2.33 Mbits/sec                  
[  5]  14.00-15.00  sec   288 KBytes  2.37 Mbits/sec                  
[  5]  15.00-16.00  sec   385 KBytes  3.15 Mbits/sec                  
[  5]  16.00-17.00  sec  0.00 Bytes  0.00 bits/sec                  
[  5]  17.00-18.00  sec   519 KBytes  4.25 Mbits/sec                  
[  5]  18.00-19.00  sec   956 KBytes  7.83 Mbits/sec                  
[  5]  19.00-20.00  sec   465 KBytes  3.81 Mbits/sec                  
[  5]  20.00-21.00  sec   369 KBytes  3.02 Mbits/sec                  
[  5]  21.00-22.00  sec   296 KBytes  2.42 Mbits/sec                  
[  5]  22.00-23.00  sec  0.00 Bytes  0.00 bits/sec                  
[  5]  23.00-24.00  sec   494 KBytes  4.03 Mbits/sec                  
[  5]  24.00-25.00  sec   723 KBytes  5.94 Mbits/sec                  
[  5]  25.00-26.00  sec   560 KBytes  4.59 Mbits/sec                  
[  5]  26.00-27.01  sec   393 KBytes  3.20 Mbits/sec                  
[  5]  27.01-28.00  sec   351 KBytes  2.89 Mbits/sec                  
[  5]  28.00-29.00  sec   390 KBytes  3.19 Mbits/sec                  
[  5]  29.00-30.00  sec   380 KBytes  3.11 Mbits/sec                  
[  5]  30.00-31.00  sec   496 KBytes  4.08 Mbits/sec                  
[  5]  31.00-32.00  sec   376 KBytes  3.08 Mbits/sec                  
[  5]  32.00-33.00  sec   352 KBytes  2.88 Mbits/sec                  
[  5]  33.00-34.00  sec   396 KBytes  3.24 Mbits/sec                  
[  5]  34.00-35.00  sec   448 KBytes  3.67 Mbits/sec                  
[  5]  35.00-36.00  sec   426 KBytes  3.49 Mbits/sec                  
[  5]  36.00-37.00  sec   375 KBytes  3.07 Mbits/sec                  
[  5]  37.00-38.00  sec  62.2 KBytes   510 Kbits/sec                  
[  5]  38.00-39.00  sec   257 KBytes  2.10 Mbits/sec                  
[  5]  39.00-40.00  sec  1001 KBytes  8.23 Mbits/sec                  
[  5]  40.00-41.00  sec   438 KBytes  3.58 Mbits/sec                  
[  5]  41.00-42.00  sec   409 KBytes  3.36 Mbits/sec                  
[  5]  42.00-43.00  sec   423 KBytes  3.45 Mbits/sec                  
[  5]  43.00-44.00  sec   413 KBytes  3.40 Mbits/sec                  
[  5]  44.00-45.00  sec   443 KBytes  3.63 Mbits/sec                  
[  5]  45.00-46.00  sec   520 KBytes  4.26 Mbits/sec                  
[  5]  46.00-47.00  sec  18.4 KBytes   151 Kbits/sec                  
[  5]  47.00-48.00  sec   255 KBytes  2.09 Mbits/sec                  
[  5]  48.00-49.00  sec  1021 KBytes  8.36 Mbits/sec                  
[  5]  49.00-50.00  sec   443 KBytes  3.62 Mbits/sec                  
[  5]  50.00-51.00  sec   440 KBytes  3.61 Mbits/sec                  
[  5]  51.00-52.00  sec   436 KBytes  3.57 Mbits/sec                  
[  5]  52.00-53.00  sec   437 KBytes  3.58 Mbits/sec                  
[  5]  53.00-54.00  sec   414 KBytes  3.39 Mbits/sec                  
[  5]  54.00-55.00  sec   509 KBytes  4.17 Mbits/sec                  
[  5]  55.00-56.00  sec   436 KBytes  3.57 Mbits/sec                  
[  5]  56.00-57.00  sec   434 KBytes  3.55 Mbits/sec                  
[  5]  57.00-58.00  sec   431 KBytes  3.53 Mbits/sec                  
[  5]  58.00-59.00  sec   454 KBytes  3.72 Mbits/sec                  
[  5]  59.00-60.00  sec   431 KBytes  3.53 Mbits/sec                  
[  5]  60.00-61.00  sec   554 KBytes  4.54 Mbits/sec                  
[  5]  61.00-62.00  sec   419 KBytes  3.43 Mbits/sec                  
[  5]  62.00-63.00  sec   240 KBytes  1.97 Mbits/sec                  
[  5]  63.00-64.00  sec  0.00 Bytes  0.00 bits/sec                  
[  5]  64.00-65.00  sec   713 KBytes  5.85 Mbits/sec                  
[  5]  65.00-66.00  sec  1010 KBytes  8.26 Mbits/sec                  
[  5]  66.00-67.00  sec   484 KBytes  3.96 Mbits/sec                  
[  5]  67.00-68.00  sec   479 KBytes  3.93 Mbits/sec                  
[  5]  68.00-69.00  sec   460 KBytes  3.76 Mbits/sec                  
[  5]  69.00-70.00  sec   461 KBytes  3.78 Mbits/sec                  
[  5]  70.00-71.00  sec   174 KBytes  1.42 Mbits/sec                  
[  5]  71.00-72.00  sec   134 KBytes  1.10 Mbits/sec                  
[  5]  72.00-73.00  sec  1.27 MBytes  10.6 Mbits/sec                  
[  5]  73.00-74.00  sec  1.06 MBytes  8.86 Mbits/sec                  
[  5]  74.00-75.00  sec  1.08 MBytes  9.07 Mbits/sec                  
[  5]  75.00-76.00  sec  1.11 MBytes  9.29 Mbits/sec                  
[  5]  76.00-77.00  sec  1.09 MBytes  9.13 Mbits/sec                  
[  5]  77.00-78.00  sec  1.06 MBytes  8.92 Mbits/sec                  
[  5]  78.00-79.00  sec  1.08 MBytes  9.06 Mbits/sec                  
[  5]  79.00-80.00  sec  1.03 MBytes  8.66 Mbits/sec                  
[  5]  80.00-81.01  sec   921 KBytes  7.48 Mbits/sec                  
[  5]  81.01-82.00  sec  1.07 MBytes  9.08 Mbits/sec                  
[  5]  82.00-83.00  sec  1.05 MBytes  8.81 Mbits/sec                  
[  5]  83.00-84.00  sec  1.03 MBytes  8.67 Mbits/sec                  
[  5]  84.00-85.00  sec  1.00 MBytes  8.42 Mbits/sec                  
[  5]  85.00-86.00  sec  1.05 MBytes  8.84 Mbits/sec                  
[  5]  86.00-86.77  sec   672 KBytes  7.11 Mbits/sec                  
- - - - - - - - - - - - - - - - - - - - - - - - -
[ ID] Interval           Transfer     Bandwidth
[  5]   0.00-86.77  sec  0.00 Bytes  0.00 bits/sec                  sender
[  5]   0.00-86.77  sec  46.4 MBytes  4.49 Mbits/sec                  receiver
