-----------------------------------------------------------
Server listening on 5201
-----------------------------------------------------------
Accepted connection from 10.0.0.1, port 44984
[  5] local 10.0.0.2 port 5201 connected to 10.0.0.1 port 46110
[ ID] Interval           Transfer     Bandwidth
[  5]   0.00-1.00   sec   792 KBytes  6.47 Mbits/sec                  
[  5]   1.00-2.00   sec   670 KBytes  5.49 Mbits/sec                  
[  5]   2.00-3.00   sec   539 KBytes  4.42 Mbits/sec                  
[  5]   3.00-4.00   sec   472 KBytes  3.87 Mbits/sec                  
[  5]   4.00-5.00   sec   526 KBytes  4.31 Mbits/sec                  
[  5]   5.00-6.00   sec   455 KBytes  3.73 Mbits/sec                  
[  5]   6.00-7.00   sec   475 KBytes  3.89 Mbits/sec                  
[  5]   7.00-8.00   sec   461 KBytes  3.78 Mbits/sec                  
[  5]   8.00-9.00   sec   468 KBytes  3.83 Mbits/sec                  
[  5]   9.00-10.00  sec   451 KBytes  3.70 Mbits/sec                  
[  5]  10.00-11.00  sec   395 KBytes  3.23 Mbits/sec                  
[  5]  11.00-12.00  sec   322 KBytes  2.64 Mbits/sec                  
[  5]  12.00-13.00  sec   127 KBytes  1.04 Mbits/sec                  
[  5]  13.00-14.00  sec   338 KBytes  2.77 Mbits/sec                  
[  5]  14.00-14.32  sec  97.6 KBytes  2.48 Mbits/sec                  
- - - - - - - - - - - - - - - - - - - - - - - - -
[ ID] Interval           Transfer     Bandwidth
[  5]   0.00-14.32  sec  0.00 Bytes  0.00 bits/sec                  sender
[  5]   0.00-14.32  sec  6.44 MBytes  3.77 Mbits/sec                  receiver
