-----------------------------------------------------------
Server listening on 5203
-----------------------------------------------------------
Accepted connection from 10.0.0.1, port 41466
[  5] local 10.0.0.2 port 5203 connected to 10.0.0.1 port 46114
[ ID] Interval           Transfer     Bandwidth
[  5]   0.00-1.00   sec   130 KBytes  1.07 Mbits/sec                  
[  5]   1.00-2.00   sec   134 KBytes  1.10 Mbits/sec                  
[  5]   2.00-3.00   sec   140 KBytes  1.15 Mbits/sec                  
[  5]   3.00-4.00   sec   140 KBytes  1.15 Mbits/sec                  
[  5]   4.00-5.00   sec   147 KBytes  1.20 Mbits/sec                  
[  5]   5.00-6.00   sec   219 KBytes  1.80 Mbits/sec                  
[  5]   6.00-7.00   sec   168 KBytes  1.38 Mbits/sec                  
[  5]   7.00-8.00   sec   272 KBytes  2.22 Mbits/sec                  
[  5]   8.00-9.00   sec   233 KBytes  1.91 Mbits/sec                  
[  5]   9.00-10.00  sec   294 KBytes  2.41 Mbits/sec                  
[  5]  10.00-11.00  sec   164 KBytes  1.34 Mbits/sec                  
[  5]  11.00-12.00  sec   290 KBytes  2.37 Mbits/sec                  
[  5]  12.00-13.00  sec   112 KBytes   916 Kbits/sec                  
[  5]  13.00-14.00  sec   486 KBytes  3.99 Mbits/sec                  
[  5]  14.00-15.00  sec  2.83 KBytes  23.2 Kbits/sec                  
[  5]  15.00-16.00  sec  0.00 Bytes  0.00 bits/sec                  
[  5]  16.00-17.00  sec   202 KBytes  1.66 Mbits/sec                  
[  5]  17.00-18.00  sec   649 KBytes  5.32 Mbits/sec                  
[  5]  18.00-19.00  sec  0.00 Bytes  0.00 bits/sec                  
[  5]  19.00-20.00  sec  69.3 KBytes   568 Kbits/sec                  
[  5]  20.00-21.00  sec  1.55 MBytes  13.0 Mbits/sec                  
[  5]  21.00-22.00  sec   634 KBytes  5.19 Mbits/sec                  
[  5]  22.00-22.04  sec  22.6 KBytes  4.34 Mbits/sec                  
- - - - - - - - - - - - - - - - - - - - - - - - -
[ ID] Interval           Transfer     Bandwidth
[  5]   0.00-22.04  sec  0.00 Bytes  0.00 bits/sec                  sender
[  5]   0.00-22.04  sec  5.95 MBytes  2.27 Mbits/sec                  receiver
