Connecting to host 10.0.0.2, port 5202
[  4] local 10.0.0.1 port 46112 connected to 10.0.0.2 port 5202
[ ID] Interval           Transfer     Bandwidth       Retr  Cwnd
[  4]   0.00-1.01   sec   580 KBytes  4.72 Mbits/sec    0   53.7 KBytes       
[  4]   1.01-2.01   sec   318 KBytes  2.61 Mbits/sec    0   65.0 KBytes       
[  4]   2.01-3.01   sec   318 KBytes  2.61 Mbits/sec    0   77.8 KBytes       
[  4]   3.01-4.00   sec   255 KBytes  2.09 Mbits/sec    0   87.7 KBytes       
[  4]   4.00-5.00   sec   255 KBytes  2.09 Mbits/sec    0   97.6 KBytes       
[  4]   5.00-6.00   sec   318 KBytes  2.61 Mbits/sec    0    129 KBytes       
[  4]   6.00-7.00   sec   573 KBytes  4.69 Mbits/sec    0    180 KBytes       
[  4]   7.00-8.00   sec   636 KBytes  5.21 Mbits/sec    0    249 KBytes       
[  4]   8.00-9.00   sec   827 KBytes  6.78 Mbits/sec    0    341 KBytes       
[  4]   9.00-10.00  sec   764 KBytes  6.24 Mbits/sec    0    431 KBytes       
[  4]  10.00-11.00  sec   827 KBytes  6.79 Mbits/sec    3    526 KBytes       
[  4]  11.00-12.00  sec  0.00 Bytes  0.00 bits/sec  104    373 KBytes       
[  4]  12.00-13.00  sec  0.00 Bytes  0.00 bits/sec   13    366 KBytes       
[  4]  13.00-14.00  sec   954 KBytes  7.82 Mbits/sec    0    383 KBytes       
[  4]  14.00-15.00  sec   255 KBytes  2.08 Mbits/sec    0    420 KBytes       
[  4]  15.00-16.00  sec  0.00 Bytes  0.00 bits/sec   24    301 KBytes       
[  4]  16.00-17.00  sec   255 KBytes  2.08 Mbits/sec    6    293 KBytes       
[  4]  17.00-18.00  sec   573 KBytes  4.69 Mbits/sec    0    301 KBytes       
[  4]  18.00-19.00  sec   318 KBytes  2.61 Mbits/sec    0    320 KBytes       
[  4]  19.00-20.00  sec   255 KBytes  2.08 Mbits/sec    0    334 KBytes       
[  4]  20.00-21.00  sec   318 KBytes  2.61 Mbits/sec    0    348 KBytes       
[  4]  21.00-22.00  sec   318 KBytes  2.61 Mbits/sec    0    352 KBytes       
[  4]  22.00-23.00  sec   318 KBytes  2.60 Mbits/sec    0    355 KBytes       
[  4]  23.00-24.00  sec   191 KBytes  1.56 Mbits/sec    0    356 KBytes       
[  4]  24.00-25.00  sec   255 KBytes  2.08 Mbits/sec    0    361 KBytes       
[  4]  25.00-26.00  sec   255 KBytes  2.09 Mbits/sec    4    349 KBytes       
[  4]  26.00-27.00  sec  0.00 Bytes  0.00 bits/sec    7    257 KBytes       
[  4]  27.00-28.00  sec   318 KBytes  2.61 Mbits/sec    1    257 KBytes       
[  4]  28.00-28.00  sec  0.00 Bytes  0.00 bits/sec    0    257 KBytes       
- - - - - - - - - - - - - - - - - - - - - - - - -
[ ID] Interval           Transfer     Bandwidth       Retr
[  4]   0.00-28.00  sec  10.0 MBytes  3.00 Mbits/sec  162             sender
[  4]   0.00-28.00  sec  7.56 MBytes  2.26 Mbits/sec                  receiver

iperf Done.
