Connecting to host 10.0.0.2, port 5204
[  4] local 10.0.0.1 port 46116 connected to 10.0.0.2 port 5204
[ ID] Interval           Transfer     Bandwidth       Retr  Cwnd
[  4]   0.00-1.00   sec   202 KBytes  1.66 Mbits/sec    0   18.4 KBytes       
[  4]   1.00-2.00   sec   141 KBytes  1.16 Mbits/sec    0   22.6 KBytes       
[  4]   2.00-3.00   sec   382 KBytes  3.13 Mbits/sec    0   36.8 KBytes       
[  4]   3.00-4.00   sec   318 KBytes  2.61 Mbits/sec    0   50.9 KBytes       
[  4]   4.00-5.00   sec   382 KBytes  3.13 Mbits/sec    0   69.3 KBytes       
[  4]   5.00-6.00   sec   509 KBytes  4.17 Mbits/sec    0    110 KBytes       
[  4]   6.00-7.00   sec   573 KBytes  4.70 Mbits/sec    0    167 KBytes       
[  4]   7.00-8.00   sec   636 KBytes  5.21 Mbits/sec    0    232 KBytes       
[  4]   8.00-9.00   sec   891 KBytes  7.30 Mbits/sec    0    329 KBytes       
[  4]   9.00-10.00  sec   891 KBytes  7.30 Mbits/sec    0    433 KBytes       
[  4]  10.00-11.00  sec   891 KBytes  7.29 Mbits/sec   13    510 KBytes       
[  4]  11.00-12.00  sec  0.00 Bytes  0.00 bits/sec   74    376 KBytes       
[  4]  12.00-13.00  sec   318 KBytes  2.61 Mbits/sec   14    376 KBytes       
[  4]  13.00-14.00  sec   700 KBytes  5.73 Mbits/sec    0    396 KBytes       
[  4]  14.00-15.01  sec   255 KBytes  2.07 Mbits/sec    0    427 KBytes       
[  4]  15.01-16.00  sec   445 KBytes  3.66 Mbits/sec    0    467 KBytes       
[  4]  16.00-17.00  sec   636 KBytes  5.22 Mbits/sec    0    508 KBytes       
[  4]  17.00-18.00  sec   636 KBytes  5.21 Mbits/sec    0    526 KBytes       
[  4]  18.00-19.00  sec   700 KBytes  5.73 Mbits/sec    0    535 KBytes       
[  4]  19.00-20.00  sec   700 KBytes  5.74 Mbits/sec    0    537 KBytes       
[  4]  20.00-21.00  sec   573 KBytes  4.69 Mbits/sec    0    539 KBytes       
[  4]  21.00-21.00  sec  0.00 Bytes  0.00 bits/sec    0    539 KBytes       
- - - - - - - - - - - - - - - - - - - - - - - - -
[ ID] Interval           Transfer     Bandwidth       Retr
[  4]   0.00-21.00  sec  10.5 MBytes  4.20 Mbits/sec  101             sender
[  4]   0.00-21.00  sec  8.11 MBytes  3.24 Mbits/sec                  receiver

iperf Done.
