-----------------------------------------------------------
Server listening on 5201
-----------------------------------------------------------
Accepted connection from 10.0.0.1, port 38017
[  5] local 10.0.0.2 port 5201 connected to 10.0.0.1 port 46110
[ ID] Interval           Transfer     Bandwidth
[  5]   0.00-1.00   sec   450 KBytes  3.68 Mbits/sec                  
[  5]   1.00-2.00   sec   382 KBytes  3.11 Mbits/sec                  
[  5]   2.00-3.00   sec   164 KBytes  1.35 Mbits/sec                  
[  5]   3.00-4.01   sec   187 KBytes  1.51 Mbits/sec                  
[  5]   4.01-5.00   sec   266 KBytes  2.20 Mbits/sec                  
[  5]   5.00-6.00   sec   328 KBytes  2.68 Mbits/sec                  
[  5]   6.00-7.00   sec   313 KBytes  2.57 Mbits/sec                  
[  5]   7.00-8.00   sec   362 KBytes  2.96 Mbits/sec                  
[  5]   8.00-9.00   sec   392 KBytes  3.20 Mbits/sec                  
[  5]   9.00-10.01  sec   448 KBytes  3.66 Mbits/sec                  
[  5]  10.01-11.00  sec   413 KBytes  3.40 Mbits/sec                  
[  5]  11.00-12.00  sec   438 KBytes  3.59 Mbits/sec                  
[  5]  12.00-13.00  sec   380 KBytes  3.12 Mbits/sec                  
[  5]  13.00-14.00  sec  0.00 Bytes  0.00 bits/sec                  
[  5]  14.00-15.00  sec  0.00 Bytes  0.00 bits/sec                  
[  5]  15.00-16.00  sec  0.00 Bytes  0.00 bits/sec                  
[  5]  16.00-17.00  sec   359 KBytes  2.94 Mbits/sec                  
[  5]  17.00-18.00  sec  0.00 Bytes  0.00 bits/sec                  
[  5]  18.00-18.93  sec   188 KBytes  1.66 Mbits/sec                  
- - - - - - - - - - - - - - - - - - - - - - - - -
[ ID] Interval           Transfer     Bandwidth
[  5]   0.00-18.93  sec  0.00 Bytes  0.00 bits/sec                  sender
[  5]   0.00-18.93  sec  4.95 MBytes  2.19 Mbits/sec                  receiver
