-----------------------------------------------------------
Server listening on 5202
-----------------------------------------------------------
Accepted connection from 10.0.0.1, port 48277
[  5] local 10.0.0.2 port 5202 connected to 10.0.0.1 port 46112
[ ID] Interval           Transfer     Bandwidth
[  5]   0.00-1.00   sec   672 KBytes  5.50 Mbits/sec                  
[  5]   1.00-2.00   sec   543 KBytes  4.45 Mbits/sec                  
[  5]   2.00-3.00   sec   536 KBytes  4.39 Mbits/sec                  
[  5]   3.00-4.00   sec   502 KBytes  4.11 Mbits/sec                  
[  5]   4.00-5.00   sec   597 KBytes  4.89 Mbits/sec                  
[  5]   5.00-6.00   sec   539 KBytes  4.41 Mbits/sec                  
[  5]   6.00-7.00   sec   520 KBytes  4.26 Mbits/sec                  
[  5]   7.00-8.00   sec   576 KBytes  4.71 Mbits/sec                  
[  5]   8.00-9.00   sec   604 KBytes  4.95 Mbits/sec                  
[  5]   9.00-10.00  sec   467 KBytes  3.82 Mbits/sec                  
[  5]  10.00-11.00  sec   687 KBytes  5.63 Mbits/sec                  
[  5]  11.00-12.00  sec   578 KBytes  4.74 Mbits/sec                  
[  5]  12.00-13.00  sec   400 KBytes  3.28 Mbits/sec                  
[  5]  13.00-13.39  sec   431 KBytes  9.11 Mbits/sec                  
- - - - - - - - - - - - - - - - - - - - - - - - -
[ ID] Interval           Transfer     Bandwidth
[  5]   0.00-13.39  sec  0.00 Bytes  0.00 bits/sec                  sender
[  5]   0.00-13.39  sec  7.47 MBytes  4.68 Mbits/sec                  receiver
