-----------------------------------------------------------
Server listening on 5202
-----------------------------------------------------------
Accepted connection from 10.0.0.1, port 39645
[  5] local 10.0.0.2 port 5202 connected to 10.0.0.1 port 46112
[ ID] Interval           Transfer     Bandwidth
[  5]   0.00-1.00   sec  42.4 KBytes   347 Kbits/sec                  
[  5]   1.00-2.00   sec   174 KBytes  1.42 Mbits/sec                  
[  5]   2.00-3.00   sec   199 KBytes  1.63 Mbits/sec                  
[  5]   3.00-4.00   sec   150 KBytes  1.23 Mbits/sec                  
[  5]   4.00-5.00   sec   164 KBytes  1.34 Mbits/sec                  
[  5]   5.00-6.00   sec   185 KBytes  1.52 Mbits/sec                  
[  5]   6.00-7.00   sec   240 KBytes  1.96 Mbits/sec                  
[  5]   7.00-8.00   sec   390 KBytes  3.20 Mbits/sec                  
[  5]   8.00-9.00   sec  1.12 MBytes  9.41 Mbits/sec                  
[  5]   9.00-10.00  sec  1.14 MBytes  9.53 Mbits/sec                  
[  5]  10.00-11.00  sec  1.12 MBytes  9.43 Mbits/sec                  
[  5]  11.00-12.00  sec  1.14 MBytes  9.57 Mbits/sec                  
[  5]  12.00-12.65  sec   762 KBytes  9.57 Mbits/sec                  
- - - - - - - - - - - - - - - - - - - - - - - - -
[ ID] Interval           Transfer     Bandwidth
[  5]   0.00-12.65  sec  0.00 Bytes  0.00 bits/sec                  sender
[  5]   0.00-12.65  sec  6.78 MBytes  4.49 Mbits/sec                  receiver
