Connecting to host 10.0.0.2, port 5202
[  4] local 10.0.0.1 port 46112 connected to 10.0.0.2 port 5202
[ ID] Interval           Transfer     Bandwidth       Retr  Cwnd
[  4]   0.00-1.01   sec   677 KBytes  5.48 Mbits/sec    0   77.8 KBytes       
[  4]   1.01-2.01   sec   318 KBytes  2.62 Mbits/sec    0   89.1 KBytes       
[  4]   2.01-3.01   sec   255 KBytes  2.08 Mbits/sec    0    100 KBytes       
[  4]   3.01-4.01   sec   255 KBytes  2.09 Mbits/sec    0    110 KBytes       
[  4]   4.01-5.00   sec   255 KBytes  2.09 Mbits/sec    0    122 KBytes       
[  4]   5.00-6.02   sec   445 KBytes  3.58 Mbits/sec    0    148 KBytes       
[  4]   6.02-7.00   sec   445 KBytes  3.73 Mbits/sec    0    195 KBytes       
[  4]   7.00-8.00   sec   573 KBytes  4.70 Mbits/sec    0    250 KBytes       
[  4]   8.00-9.00   sec   509 KBytes  4.17 Mbits/sec    0    315 KBytes       
[  4]   9.00-10.00  sec   827 KBytes  6.77 Mbits/sec    0    402 KBytes       
[  4]  10.00-11.00  sec  1018 KBytes  8.34 Mbits/sec    0    540 KBytes       
[  4]  11.00-12.00  sec   573 KBytes  4.69 Mbits/sec    0    617 KBytes       
[  4]  12.00-13.02  sec  1018 KBytes  8.20 Mbits/sec    0    749 KBytes       
[  4]  13.02-14.00  sec   891 KBytes  7.44 Mbits/sec    0    861 KBytes       
[  4]  14.00-15.00  sec   509 KBytes  4.17 Mbits/sec   11    895 KBytes       
[  4]  15.00-16.01  sec  0.00 Bytes  0.00 bits/sec   71    672 KBytes       
[  4]  16.01-17.11  sec  0.00 Bytes  0.00 bits/sec   84    652 KBytes       
[  4]  17.11-18.00  sec  0.00 Bytes  0.00 bits/sec   43    652 KBytes       
[  4]  18.00-19.00  sec  0.00 Bytes  0.00 bits/sec    0    652 KBytes       
[  4]  19.00-20.01  sec  0.00 Bytes  0.00 bits/sec    0    652 KBytes       
[  4]  20.01-21.00  sec  0.00 Bytes  0.00 bits/sec    9    652 KBytes       
[  4]  21.00-22.02  sec  1.06 MBytes  8.69 Mbits/sec    0    591 KBytes       
[  4]  22.02-23.00  sec  63.6 KBytes   533 Kbits/sec    0    523 KBytes       
[  4]  23.00-24.00  sec   764 KBytes  6.24 Mbits/sec    0    469 KBytes       
[  4]  24.00-25.00  sec   382 KBytes  3.13 Mbits/sec    0    467 KBytes       
[  4]  25.00-26.00  sec   382 KBytes  3.14 Mbits/sec    0    491 KBytes       
[  4]  26.00-27.00  sec   255 KBytes  2.08 Mbits/sec    0    510 KBytes       
[  4]  27.00-28.00  sec   255 KBytes  2.09 Mbits/sec    0    527 KBytes       
[  4]  28.00-29.00  sec   255 KBytes  2.09 Mbits/sec    0    537 KBytes       
[  4]  29.00-30.00  sec   318 KBytes  2.60 Mbits/sec    0    544 KBytes       
[  4]  30.00-31.00  sec   255 KBytes  2.09 Mbits/sec    0    547 KBytes       
[  4]  31.00-32.00  sec   318 KBytes  2.61 Mbits/sec    0    551 KBytes       
[  4]  32.00-33.00  sec   191 KBytes  1.56 Mbits/sec    0    557 KBytes       
[  4]  33.00-34.00  sec   318 KBytes  2.61 Mbits/sec    0    568 KBytes       
[  4]  34.00-35.00  sec   127 KBytes  1.04 Mbits/sec    3    559 KBytes       
[  4]  35.00-36.00  sec  0.00 Bytes  0.00 bits/sec   33    433 KBytes       
[  4]  36.00-37.00  sec  63.6 KBytes   522 Kbits/sec   23    406 KBytes       
[  4]  37.00-38.00  sec   318 KBytes  2.61 Mbits/sec    0    406 KBytes       
[  4]  38.00-39.00  sec   573 KBytes  4.69 Mbits/sec    0    387 KBytes       
[  4]  39.00-40.00  sec   318 KBytes  2.61 Mbits/sec    0    327 KBytes       
[  4]  40.00-41.00  sec   255 KBytes  2.08 Mbits/sec    0    287 KBytes       
[  4]  41.00-42.00  sec   191 KBytes  1.56 Mbits/sec    0    298 KBytes       
[  4]  42.00-43.00  sec   127 KBytes  1.04 Mbits/sec    0    313 KBytes       
[  4]  43.00-44.00  sec   127 KBytes  1.04 Mbits/sec    0    321 KBytes       
[  4]  44.00-45.00  sec   127 KBytes  1.04 Mbits/sec    0    329 KBytes       
[  4]  45.00-46.00  sec  0.00 Bytes  0.00 bits/sec    3    281 KBytes       
[  4]  46.00-47.00  sec  0.00 Bytes  0.00 bits/sec   16    230 KBytes       
[  4]  47.00-48.00  sec   127 KBytes  1.04 Mbits/sec    0    230 KBytes       
[  4]  48.00-49.00  sec   445 KBytes  3.65 Mbits/sec    0    233 KBytes       
[  4]  49.00-50.00  sec   191 KBytes  1.56 Mbits/sec    0    245 KBytes       
[  4]  50.00-51.00  sec   127 KBytes  1.04 Mbits/sec    0    259 KBytes       
[  4]  51.00-52.00  sec   127 KBytes  1.04 Mbits/sec    0    266 KBytes       
[  4]  52.00-53.00  sec   191 KBytes  1.56 Mbits/sec    0    273 KBytes       
[  4]  53.00-54.00  sec   127 KBytes  1.04 Mbits/sec    0    276 KBytes       
[  4]  54.00-55.00  sec   127 KBytes  1.04 Mbits/sec    0    279 KBytes       
[  4]  55.00-56.00  sec   127 KBytes  1.04 Mbits/sec    0    281 KBytes       
[  4]  56.00-57.01  sec   127 KBytes  1.04 Mbits/sec    0    293 KBytes       
[  4]  57.01-58.00  sec   191 KBytes  1.57 Mbits/sec    0    313 KBytes       
[  4]  58.00-59.00  sec   127 KBytes  1.04 Mbits/sec    0    338 KBytes       
[  4]  59.00-60.00  sec   255 KBytes  2.09 Mbits/sec    0    393 KBytes       
[  4]  60.00-61.00  sec   127 KBytes  1.04 Mbits/sec    0    443 KBytes       
[  4]  61.00-62.00  sec   255 KBytes  2.09 Mbits/sec    0    526 KBytes       
[  4]  62.00-63.00  sec   127 KBytes  1.04 Mbits/sec    0    614 KBytes       
[  4]  63.00-64.00  sec   255 KBytes  2.08 Mbits/sec    0    751 KBytes       
[  4]  64.00-65.00  sec   191 KBytes  1.56 Mbits/sec    0    856 KBytes       
[  4]  65.00-66.00  sec  1.12 MBytes  9.38 Mbits/sec    0   1.05 MBytes       
[  4]  66.00-67.00  sec   573 KBytes  4.68 Mbits/sec    0   1.11 MBytes       
[  4]  67.00-68.00  sec  1.06 MBytes  8.87 Mbits/sec    0   1.25 MBytes       
[  4]  68.00-69.00  sec  1.25 MBytes  10.5 Mbits/sec    0   1.50 MBytes       
[  4]  69.00-70.01  sec  1011 KBytes  8.24 Mbits/sec   35   1.47 MBytes       
[  4]  70.01-71.00  sec  0.00 Bytes  0.00 bits/sec   66   1.29 MBytes       
[  4]  71.00-72.00  sec  0.00 Bytes  0.00 bits/sec  194   1.08 MBytes       
[  4]  72.00-73.00  sec  0.00 Bytes  0.00 bits/sec  104   1.08 MBytes       
[  4]  73.00-74.00  sec  0.00 Bytes  0.00 bits/sec    6   1.08 MBytes       
[  4]  74.00-75.00  sec  0.00 Bytes  0.00 bits/sec    0   1.08 MBytes       
[  4]  75.00-76.00  sec  0.00 Bytes  0.00 bits/sec    1   1.08 MBytes       
[  4]  76.00-77.00  sec   127 KBytes  1.04 Mbits/sec    4   1.07 MBytes       
[  4]  77.00-78.00  sec  63.6 KBytes   521 Kbits/sec    7   1.08 MBytes       
[  4]  78.00-79.00  sec  0.00 Bytes  0.00 bits/sec    0   1.08 MBytes       
[  4]  79.00-80.00  sec  2.50 MBytes  21.0 Mbits/sec    0    858 KBytes       
[  4]  80.00-81.00  sec  1.25 MBytes  10.5 Mbits/sec    0    788 KBytes       
[  4]  81.00-82.00  sec  1.25 MBytes  10.5 Mbits/sec    0    820 KBytes       
[  4]  82.00-83.00  sec   607 KBytes  4.97 Mbits/sec    0    843 KBytes       
[  4]  83.00-84.03  sec   191 KBytes  1.53 Mbits/sec    0    858 KBytes       
[  4]  84.03-85.00  sec   445 KBytes  3.73 Mbits/sec    0    888 KBytes       
[  4]  85.00-86.00  sec   255 KBytes  2.09 Mbits/sec    0    902 KBytes       
[  4]  86.00-87.00  sec   318 KBytes  2.60 Mbits/sec    0    913 KBytes       
[  4]  87.00-88.00  sec  63.6 KBytes   522 Kbits/sec    0    922 KBytes       
[  4]  88.00-89.00  sec  0.00 Bytes  0.00 bits/sec    0    926 KBytes       
[  4]  89.00-90.00  sec  0.00 Bytes  0.00 bits/sec   19    871 KBytes       
[  4]  90.00-91.00  sec  0.00 Bytes  0.00 bits/sec    0    764 KBytes       
[  4]  91.00-92.00  sec  0.00 Bytes  0.00 bits/sec    8    652 KBytes       
[  4]  92.00-93.00  sec  0.00 Bytes  0.00 bits/sec   31    652 KBytes       
[  4]  93.00-94.00  sec  0.00 Bytes  0.00 bits/sec   48    652 KBytes       
[  4]  94.00-95.00  sec  0.00 Bytes  0.00 bits/sec    0    652 KBytes       
[  4]  95.00-96.00  sec  0.00 Bytes  0.00 bits/sec    0    652 KBytes       
[  4]  96.00-97.00  sec  0.00 Bytes  0.00 bits/sec    0    652 KBytes       
[  4]  97.00-98.00  sec  0.00 Bytes  0.00 bits/sec    0    652 KBytes       
[  4]  98.00-99.00  sec  0.00 Bytes  0.00 bits/sec    0    652 KBytes       
[  4]  99.00-100.00 sec  0.00 Bytes  0.00 bits/sec    0    652 KBytes       
[  4] 100.00-101.00 sec  0.00 Bytes  0.00 bits/sec    0    652 KBytes       
[  4] 101.00-102.00 sec  0.00 Bytes  0.00 bits/sec    0    652 KBytes       
[  4] 102.00-103.00 sec  0.00 Bytes  0.00 bits/sec    0    652 KBytes       
[  4] 103.00-104.00 sec  0.00 Bytes  0.00 bits/sec    0    652 KBytes       
[  4] 104.00-105.00 sec  0.00 Bytes  0.00 bits/sec    0    652 KBytes       
[  4] 105.00-106.00 sec  0.00 Bytes  0.00 bits/sec    0    652 KBytes       
[  4] 106.00-107.00 sec  0.00 Bytes  0.00 bits/sec    0    652 KBytes       
[  4] 107.00-108.00 sec  0.00 Bytes  0.00 bits/sec    0    652 KBytes       
[  4] 108.00-109.00 sec  0.00 Bytes  0.00 bits/sec    0    652 KBytes       
[  4] 109.00-110.00 sec  0.00 Bytes  0.00 bits/sec    0    652 KBytes       
[  4] 110.00-111.00 sec  0.00 Bytes  0.00 bits/sec    0    652 KBytes       
[  4] 111.00-112.00 sec  0.00 Bytes  0.00 bits/sec    1   1.41 KBytes       
[  4] 112.00-113.05 sec  0.00 Bytes  0.00 bits/sec    2   2.83 KBytes       
[  4] 113.05-114.00 sec  0.00 Bytes  0.00 bits/sec    4   5.66 KBytes       
[  4] 114.00-115.00 sec  0.00 Bytes  0.00 bits/sec    8   11.3 KBytes       
[  4] 115.00-116.00 sec  0.00 Bytes  0.00 bits/sec    0   11.3 KBytes       
[  4] 116.00-117.00 sec  0.00 Bytes  0.00 bits/sec   16   22.6 KBytes       
[  4] 117.00-118.00 sec  0.00 Bytes  0.00 bits/sec    0   22.6 KBytes       
[  4] 118.00-119.00 sec  0.00 Bytes  0.00 bits/sec    7   24.0 KBytes       
[  4] 119.00-120.00 sec  0.00 Bytes  0.00 bits/sec    0   24.0 KBytes       
[  4] 120.00-121.00 sec  0.00 Bytes  0.00 bits/sec    4   24.0 KBytes       
[  4] 121.00-122.00 sec  0.00 Bytes  0.00 bits/sec    4   24.0 KBytes       
[  4] 122.00-123.00 sec  0.00 Bytes  0.00 bits/sec    4   24.0 KBytes       
[  4] 123.00-124.00 sec  0.00 Bytes  0.00 bits/sec   17   24.0 KBytes       
[  4] 124.00-125.00 sec  0.00 Bytes  0.00 bits/sec   11   24.0 KBytes       
[  4] 125.00-126.00 sec  0.00 Bytes  0.00 bits/sec    8   24.0 KBytes       
[  4] 126.00-127.00 sec  0.00 Bytes  0.00 bits/sec    4   24.0 KBytes       
[  4] 127.00-128.00 sec  0.00 Bytes  0.00 bits/sec    4   24.0 KBytes       
[  4] 128.00-129.00 sec  0.00 Bytes  0.00 bits/sec    2   24.0 KBytes       
[  4] 129.00-130.00 sec  0.00 Bytes  0.00 bits/sec    2   24.0 KBytes       
[  4] 130.00-131.00 sec  0.00 Bytes  0.00 bits/sec    1   1.41 KBytes       
[  4] 131.00-132.00 sec  0.00 Bytes  0.00 bits/sec    0   1.41 KBytes       
[  4] 132.00-133.00 sec  0.00 Bytes  0.00 bits/sec    3   4.24 KBytes       
[  4] 133.00-134.00 sec  0.00 Bytes  0.00 bits/sec    3   5.66 KBytes       
[  4] 134.00-135.00 sec  0.00 Bytes  0.00 bits/sec    0   5.66 KBytes       
[  4] 135.00-136.00 sec  0.00 Bytes  0.00 bits/sec    3   5.66 KBytes       
[  4] 136.00-137.00 sec  0.00 Bytes  0.00 bits/sec    3   5.66 KBytes       
[  4] 137.00-138.00 sec  0.00 Bytes  0.00 bits/sec   28   5.66 KBytes       
[  4] 138.00-139.00 sec  0.00 Bytes  0.00 bits/sec    6   5.66 KBytes       
[  4] 139.00-140.00 sec  0.00 Bytes  0.00 bits/sec    3   5.66 KBytes       
[  4] 140.00-141.00 sec  0.00 Bytes  0.00 bits/sec    1   5.66 KBytes       
[  4] 141.00-142.00 sec  0.00 Bytes  0.00 bits/sec    3   5.66 KBytes       
[  4] 142.00-143.00 sec  0.00 Bytes  0.00 bits/sec    2   5.66 KBytes       
[  4] 143.00-144.00 sec  0.00 Bytes  0.00 bits/sec    2   5.66 KBytes       
[  4] 144.00-145.00 sec  0.00 Bytes  0.00 bits/sec    2   5.66 KBytes       
[  4] 145.00-146.00 sec  0.00 Bytes  0.00 bits/sec    3   1.41 KBytes       
[  4] 146.00-147.00 sec  0.00 Bytes  0.00 bits/sec    0   1.41 KBytes       
[  4] 147.00-148.00 sec  0.00 Bytes  0.00 bits/sec   66   93.3 KBytes       
[  4] 148.00-149.00 sec  0.00 Bytes  0.00 bits/sec    0   93.3 KBytes       
[  4] 149.00-150.00 sec  0.00 Bytes  0.00 bits/sec   69   97.6 KBytes       
[  4] 150.00-151.00 sec  0.00 Bytes  0.00 bits/sec    0   97.6 KBytes       
[  4] 151.00-152.00 sec  0.00 Bytes  0.00 bits/sec   64    100 KBytes       
[  4] 152.00-153.00 sec  0.00 Bytes  0.00 bits/sec    0    100 KBytes       
[  4] 153.00-154.00 sec  0.00 Bytes  0.00 bits/sec   17    100 KBytes       
[  4] 154.00-155.00 sec  0.00 Bytes  0.00 bits/sec   28    100 KBytes       
[  4] 155.00-156.00 sec  0.00 Bytes  0.00 bits/sec   42    100 KBytes       
[  4] 156.00-157.00 sec  0.00 Bytes  0.00 bits/sec    0    100 KBytes       
[  4] 157.00-158.00 sec  0.00 Bytes  0.00 bits/sec   41    100 KBytes       
[  4] 158.00-159.00 sec  0.00 Bytes  0.00 bits/sec  123    100 KBytes       
[  4] 159.00-160.00 sec  0.00 Bytes  0.00 bits/sec   40    100 KBytes       
[  4] 160.00-161.00 sec  0.00 Bytes  0.00 bits/sec    1    100 KBytes       
[  4] 161.00-162.00 sec  0.00 Bytes  0.00 bits/sec    1    100 KBytes       
[  4] 162.00-163.00 sec  0.00 Bytes  0.00 bits/sec   40    100 KBytes       
[  4] 163.00-164.00 sec  0.00 Bytes  0.00 bits/sec    0    100 KBytes       
[  4] 164.00-165.00 sec  0.00 Bytes  0.00 bits/sec   38   1.41 KBytes       
[  4] 165.00-166.00 sec  0.00 Bytes  0.00 bits/sec    0   1.41 KBytes       
[  4] 166.00-167.00 sec  0.00 Bytes  0.00 bits/sec    0   1.41 KBytes       
[  4] 167.00-168.00 sec  0.00 Bytes  0.00 bits/sec    0   1.41 KBytes       
[  4] 168.00-169.00 sec  0.00 Bytes  0.00 bits/sec    0   1.41 KBytes       
[  4] 169.00-170.00 sec  0.00 Bytes  0.00 bits/sec    0   1.41 KBytes       
[  4] 170.00-171.00 sec  0.00 Bytes  0.00 bits/sec    0   1.41 KBytes       
[  4] 171.00-172.00 sec  0.00 Bytes  0.00 bits/sec    0   1.41 KBytes       
[  4] 172.00-173.00 sec  0.00 Bytes  0.00 bits/sec    0   1.41 KBytes       
[  4] 173.00-174.00 sec  0.00 Bytes  0.00 bits/sec    0   1.41 KBytes       
[  4] 174.00-175.00 sec  0.00 Bytes  0.00 bits/sec    0   1.41 KBytes       
[  4] 175.00-176.00 sec  0.00 Bytes  0.00 bits/sec    0   1.41 KBytes       
[  4] 176.00-177.00 sec  0.00 Bytes  0.00 bits/sec    0   1.41 KBytes       
[  4] 177.00-178.00 sec  0.00 Bytes  0.00 bits/sec    0   1.41 KBytes       
[  4] 178.00-179.00 sec  0.00 Bytes  0.00 bits/sec    0   1.41 KBytes       
[  4] 179.00-180.00 sec  0.00 Bytes  0.00 bits/sec    0   1.41 KBytes       
[  4] 180.00-181.00 sec  0.00 Bytes  0.00 bits/sec    0   1.41 KBytes       
[  4] 181.00-182.00 sec  0.00 Bytes  0.00 bits/sec    0   1.41 KBytes       
[  4] 182.00-183.00 sec  0.00 Bytes  0.00 bits/sec    0   1.41 KBytes       
[  4] 183.00-184.00 sec  0.00 Bytes  0.00 bits/sec    0   1.41 KBytes       
[  4] 184.00-185.00 sec  0.00 Bytes  0.00 bits/sec    0   1.41 KBytes       
[  4] 185.00-186.00 sec  0.00 Bytes  0.00 bits/sec    0   1.41 KBytes       
[  4] 186.00-187.00 sec  0.00 Bytes  0.00 bits/sec    0   1.41 KBytes       
[  4] 187.00-188.00 sec  0.00 Bytes  0.00 bits/sec    0   1.41 KBytes       
[  4] 188.00-189.00 sec  0.00 Bytes  0.00 bits/sec    0   1.41 KBytes       
[  4] 189.00-190.00 sec  0.00 Bytes  0.00 bits/sec    0   1.41 KBytes       
[  4] 190.00-191.00 sec  0.00 Bytes  0.00 bits/sec    1   1.41 KBytes       
[  4] 191.00-192.03 sec  0.00 Bytes  0.00 bits/sec    0   2.83 KBytes       
[  4] 192.03-193.00 sec  0.00 Bytes  0.00 bits/sec    0   2.83 KBytes       
[  4] 193.00-194.00 sec  0.00 Bytes  0.00 bits/sec    2   2.83 KBytes       
[  4] 194.00-195.00 sec  0.00 Bytes  0.00 bits/sec    0   2.83 KBytes       
[  4] 195.00-196.00 sec  0.00 Bytes  0.00 bits/sec    3   5.66 KBytes       
[  4] 196.00-197.00 sec  0.00 Bytes  0.00 bits/sec    2   5.66 KBytes       
[  4] 197.00-198.00 sec  0.00 Bytes  0.00 bits/sec    0   5.66 KBytes       
[  4] 198.00-199.00 sec  0.00 Bytes  0.00 bits/sec    2   5.66 KBytes       
[  4] 199.00-200.00 sec  0.00 Bytes  0.00 bits/sec    8   5.66 KBytes       
[  4] 200.00-201.00 sec  0.00 Bytes  0.00 bits/sec    2   5.66 KBytes       
[  4] 201.00-202.00 sec  0.00 Bytes  0.00 bits/sec    2   5.66 KBytes       
[  4] 202.00-203.00 sec  0.00 Bytes  0.00 bits/sec    0   5.66 KBytes       
[  4] 203.00-204.01 sec  0.00 Bytes  0.00 bits/sec    2   5.66 KBytes       
[  4] 204.01-205.00 sec  0.00 Bytes  0.00 bits/sec    0   5.66 KBytes       
[  4] 205.00-206.01 sec  0.00 Bytes  0.00 bits/sec    2   5.66 KBytes       
[  4] 206.01-207.00 sec  0.00 Bytes  0.00 bits/sec    0   5.66 KBytes       
[  4] 207.00-208.00 sec  0.00 Bytes  0.00 bits/sec    2   5.66 KBytes       
[  4] 208.00-209.00 sec  0.00 Bytes  0.00 bits/sec  342    328 KBytes       
[  4] 209.00-210.00 sec  0.00 Bytes  0.00 bits/sec  488    361 KBytes       
[  4] 210.00-211.00 sec  0.00 Bytes  0.00 bits/sec  426    389 KBytes       
[  4] 211.00-212.00 sec  0.00 Bytes  0.00 bits/sec  451    420 KBytes       
[  4] 212.00-213.00 sec  0.00 Bytes  0.00 bits/sec  502    454 KBytes       
[  4] 213.00-214.00 sec  0.00 Bytes  0.00 bits/sec   98    469 KBytes       
[  4] 214.00-215.00 sec  4.30 MBytes  36.1 Mbits/sec    0    679 KBytes       
[  4] 215.00-216.00 sec  0.00 Bytes  0.00 bits/sec    0    682 KBytes       
[  4] 216.00-217.00 sec   509 KBytes  4.16 Mbits/sec    0    713 KBytes       
[  4] 217.00-218.00 sec  0.00 Bytes  0.00 bits/sec   14    607 KBytes       
[  4] 218.00-219.00 sec  0.00 Bytes  0.00 bits/sec    0    499 KBytes       
[  4] 219.00-220.00 sec   700 KBytes  5.73 Mbits/sec    1    385 KBytes       
[  4] 220.00-221.01 sec  63.6 KBytes   519 Kbits/sec    0    361 KBytes       
[  4] 221.01-222.00 sec   954 KBytes  7.85 Mbits/sec    0    376 KBytes       
[  4] 222.00-223.00 sec   255 KBytes  2.09 Mbits/sec    0    399 KBytes       
[  4] 223.00-224.00 sec   127 KBytes  1.04 Mbits/sec    0    402 KBytes       
[  4] 224.00-225.00 sec   382 KBytes  3.13 Mbits/sec    0    416 KBytes       
[  4] 225.00-226.00 sec   318 KBytes  2.61 Mbits/sec    0    420 KBytes       
[  4] 226.00-227.00 sec  63.6 KBytes   521 Kbits/sec    0    421 KBytes       
[  4] 227.00-228.00 sec   445 KBytes  3.64 Mbits/sec    0    427 KBytes       
[  4] 228.00-229.00 sec   191 KBytes  1.57 Mbits/sec    0    436 KBytes       
[  4] 229.00-230.00 sec   255 KBytes  2.09 Mbits/sec    0    443 KBytes       
[  4] 230.00-231.00 sec   382 KBytes  3.13 Mbits/sec    0    484 KBytes       
[  4] 231.00-232.00 sec  0.00 Bytes  0.00 bits/sec    0    484 KBytes       
[  4] 232.00-233.00 sec   445 KBytes  3.65 Mbits/sec    0    568 KBytes       
[  4] 233.00-234.00 sec  63.6 KBytes   522 Kbits/sec    0    598 KBytes       
[  4] 234.00-235.00 sec   445 KBytes  3.65 Mbits/sec    0    730 KBytes       
[  4] 235.00-236.00 sec  0.00 Bytes  0.00 bits/sec    0    730 KBytes       
[  4] 236.00-237.00 sec  2.05 MBytes  17.2 Mbits/sec    0   1017 KBytes       
[  4] 237.00-238.00 sec  63.6 KBytes   521 Kbits/sec    0   1022 KBytes       
[  4] 238.00-239.00 sec  1.12 MBytes  9.38 Mbits/sec    0   1.15 MBytes       
[  4] 239.00-240.00 sec  1.25 MBytes  10.5 Mbits/sec    0   1.49 MBytes       
[  4] 240.00-241.00 sec  1.25 MBytes  10.5 Mbits/sec    0   1.50 MBytes       
[  4] 241.00-242.00 sec   113 KBytes   922 Kbits/sec    0   1.50 MBytes       
[  4] 242.00-243.00 sec  0.00 Bytes  0.00 bits/sec  293   1.05 MBytes       
[  4] 243.00-244.00 sec  0.00 Bytes  0.00 bits/sec   56   1.05 MBytes       
[  4] 244.00-245.00 sec  0.00 Bytes  0.00 bits/sec    0   1.05 MBytes       
[  4] 245.00-246.00 sec  0.00 Bytes  0.00 bits/sec  344    922 KBytes       
[  4] 246.00-247.00 sec  0.00 Bytes  0.00 bits/sec   38    913 KBytes       
[  4] 247.00-248.00 sec  0.00 Bytes  0.00 bits/sec   92   1.05 MBytes       
[  4] 248.00-249.00 sec  0.00 Bytes  0.00 bits/sec  118   1.00 MBytes       
[  4] 249.00-250.00 sec  0.00 Bytes  0.00 bits/sec    9   1.01 MBytes       
[  4] 250.00-251.00 sec  0.00 Bytes  0.00 bits/sec  180   1.05 MBytes       
[  4] 251.00-252.00 sec  2.50 MBytes  21.0 Mbits/sec    0   1012 KBytes       
[  4] 252.00-253.00 sec  1.25 MBytes  10.5 Mbits/sec    0    761 KBytes       
[  4] 253.00-254.00 sec  1.25 MBytes  10.5 Mbits/sec    0    806 KBytes       
[  4] 254.00-255.00 sec  1.25 MBytes  10.5 Mbits/sec    0    853 KBytes       
[  4] 255.00-256.00 sec   472 KBytes  3.87 Mbits/sec    0    853 KBytes       
[  4] 256.00-257.00 sec   127 KBytes  1.04 Mbits/sec    0    858 KBytes       
[  4] 257.00-258.00 sec   318 KBytes  2.60 Mbits/sec    0    875 KBytes       
[  4] 258.00-259.00 sec   382 KBytes  3.13 Mbits/sec    0    889 KBytes       
[  4] 259.00-260.00 sec  0.00 Bytes  0.00 bits/sec   34    792 KBytes       
[  4] 260.00-261.00 sec  0.00 Bytes  0.00 bits/sec   82    622 KBytes       
[  4] 261.00-262.00 sec  0.00 Bytes  0.00 bits/sec   12    622 KBytes       
[  4] 262.00-263.00 sec  0.00 Bytes  0.00 bits/sec  146    614 KBytes       
[  4] 263.00-264.00 sec  0.00 Bytes  0.00 bits/sec   99    622 KBytes       
[  4] 264.00-265.00 sec  0.00 Bytes  0.00 bits/sec   67    618 KBytes       
[  4] 265.00-266.00 sec  0.00 Bytes  0.00 bits/sec   53    622 KBytes       
[  4] 266.00-267.00 sec  2.50 MBytes  21.0 Mbits/sec   43    438 KBytes       
[  4] 267.00-268.00 sec  1.25 MBytes  10.5 Mbits/sec    0    482 KBytes       
[  4] 268.00-269.00 sec  1.25 MBytes  10.5 Mbits/sec    0    506 KBytes       
[  4] 269.00-270.00 sec  1.25 MBytes  10.5 Mbits/sec    0    520 KBytes       
[  4] 270.00-271.00 sec   854 KBytes  7.00 Mbits/sec    0    525 KBytes       
[  4] 271.00-272.00 sec   191 KBytes  1.56 Mbits/sec  110    368 KBytes       
[  4] 272.00-273.00 sec  0.00 Bytes  0.00 bits/sec    4    368 KBytes       
[  4] 273.00-274.00 sec  0.00 Bytes  0.00 bits/sec    0    368 KBytes       
[  4] 274.00-275.00 sec   127 KBytes  1.04 Mbits/sec    0    368 KBytes       
[  4] 275.00-276.00 sec   382 KBytes  3.13 Mbits/sec    0    369 KBytes       
[  4] 276.00-277.00 sec   127 KBytes  1.04 Mbits/sec   39    260 KBytes       
[  4] 277.00-278.00 sec   255 KBytes  2.08 Mbits/sec    3    260 KBytes       
[  4] 278.00-279.00 sec  63.6 KBytes   522 Kbits/sec    0    260 KBytes       
[  4] 279.00-280.00 sec  0.00 Bytes  0.00 bits/sec   17    260 KBytes       
[  4] 280.00-281.00 sec   255 KBytes  2.08 Mbits/sec   18    181 KBytes       
[  4] 281.00-282.00 sec  1.06 MBytes  8.86 Mbits/sec    0    201 KBytes       
[  4] 282.00-283.00 sec  63.6 KBytes   522 Kbits/sec    0    204 KBytes       
[  4] 283.00-284.00 sec   127 KBytes  1.04 Mbits/sec    0    212 KBytes       
[  4] 284.00-285.00 sec  63.6 KBytes   522 Kbits/sec    0    212 KBytes       
[  4] 285.00-286.00 sec   191 KBytes  1.56 Mbits/sec    0    218 KBytes       
[  4] 286.00-287.00 sec  0.00 Bytes  0.00 bits/sec    0    218 KBytes       
[  4] 287.00-288.00 sec   191 KBytes  1.56 Mbits/sec    0    225 KBytes       
[  4] 288.00-289.00 sec  0.00 Bytes  0.00 bits/sec    0    225 KBytes       
[  4] 289.00-290.00 sec   191 KBytes  1.56 Mbits/sec    0    263 KBytes       
[  4] 290.00-291.00 sec  0.00 Bytes  0.00 bits/sec    0    263 KBytes       
[  4] 291.00-292.00 sec   764 KBytes  6.26 Mbits/sec    0    375 KBytes       
[  4] 292.00-293.00 sec  1.12 MBytes  9.38 Mbits/sec    0    455 KBytes       
[  4] 293.00-294.00 sec  1.06 MBytes  8.85 Mbits/sec    0    556 KBytes       
[  4] 294.00-295.00 sec  1.12 MBytes  9.40 Mbits/sec    0    680 KBytes       
[  4] 295.00-296.00 sec  1.06 MBytes  8.85 Mbits/sec    0    830 KBytes       
[  4] 296.00-297.00 sec  1.06 MBytes  8.86 Mbits/sec    0   1007 KBytes       
[  4] 297.00-298.00 sec  1.06 MBytes  8.86 Mbits/sec    0   1.18 MBytes       
[  4] 298.00-299.00 sec  1.06 MBytes  8.86 Mbits/sec    0   1.41 MBytes       
[  4] 299.00-300.00 sec  1.25 MBytes  10.5 Mbits/sec    0   1.66 MBytes       
[  4] 300.00-301.00 sec  1.25 MBytes  10.5 Mbits/sec    0   1.94 MBytes       
[  4] 301.00-302.00 sec  2.50 MBytes  21.0 Mbits/sec    0   2.27 MBytes       
[  4] 302.00-303.00 sec  2.50 MBytes  21.0 Mbits/sec    0   2.65 MBytes       
[  4] 303.00-304.00 sec  1.25 MBytes  10.5 Mbits/sec    0   3.03 MBytes       
[  4] 304.00-305.00 sec  1.25 MBytes  10.5 Mbits/sec    0   3.41 MBytes       
[  4] 305.00-306.00 sec  1.25 MBytes  10.5 Mbits/sec   39   3.71 MBytes       
[  4] 306.00-307.01 sec  1.25 MBytes  10.4 Mbits/sec  265   3.01 MBytes       
[  4] 307.01-308.00 sec   563 KBytes  4.63 Mbits/sec  276   2.67 MBytes       
[  4] 308.00-309.00 sec  0.00 Bytes  0.00 bits/sec  325   2.67 MBytes       
[  4] 309.00-310.00 sec  0.00 Bytes  0.00 bits/sec  699   2.57 MBytes       
[  4] 310.00-311.00 sec   127 KBytes  1.04 Mbits/sec  285   2.29 MBytes       
[  4] 311.00-312.00 sec  1.25 MBytes  10.5 Mbits/sec  380   1.15 MBytes       
[  4] 312.00-313.00 sec  3.75 MBytes  31.5 Mbits/sec   59   41.0 KBytes       
[  4] 313.00-314.00 sec  2.50 MBytes  21.0 Mbits/sec    0   1.89 MBytes       
[  4] 314.00-315.00 sec  1.25 MBytes  10.5 Mbits/sec    0   1.91 MBytes       
[  4] 315.00-316.00 sec  1.25 MBytes  10.5 Mbits/sec    0   1.91 MBytes       
[  4] 316.00-317.00 sec  1.19 MBytes  9.95 Mbits/sec    0   1.91 MBytes       
[  4] 317.00-318.00 sec  0.00 Bytes  0.00 bits/sec    0   1.91 MBytes       
[  4] 318.00-319.00 sec  0.00 Bytes  0.00 bits/sec    1   1.41 KBytes       
[  4] 319.00-320.00 sec  0.00 Bytes  0.00 bits/sec    0   1.41 KBytes       
[  4] 320.00-321.00 sec  0.00 Bytes  0.00 bits/sec    0   1.41 KBytes       
[  4] 321.00-322.00 sec  0.00 Bytes  0.00 bits/sec    1   1.41 KBytes       
[  4] 322.00-323.00 sec  0.00 Bytes  0.00 bits/sec    0   1.41 KBytes       
[  4] 323.00-324.00 sec  0.00 Bytes  0.00 bits/sec    0   1.41 KBytes       
[  4] 324.00-325.00 sec  0.00 Bytes  0.00 bits/sec    0   1.41 KBytes       
[  4] 325.00-326.00 sec  0.00 Bytes  0.00 bits/sec    0   1.41 KBytes       
[  4] 326.00-327.00 sec  0.00 Bytes  0.00 bits/sec    0   1.41 KBytes       
[  4] 327.00-328.00 sec  0.00 Bytes  0.00 bits/sec    0   1.41 KBytes       
[  4] 328.00-329.00 sec  0.00 Bytes  0.00 bits/sec    0   1.41 KBytes       
[  4] 329.00-330.00 sec  0.00 Bytes  0.00 bits/sec    1   1.41 KBytes       
[  4] 330.00-331.00 sec  0.00 Bytes  0.00 bits/sec    0   1.41 KBytes       
[  4] 331.00-332.00 sec  0.00 Bytes  0.00 bits/sec    0   1.41 KBytes       
[  4] 332.00-333.02 sec  0.00 Bytes  0.00 bits/sec    0   1.41 KBytes       
[  4] 333.02-334.00 sec  0.00 Bytes  0.00 bits/sec    0   1.41 KBytes       
[  4] 334.00-335.00 sec  0.00 Bytes  0.00 bits/sec    0   1.41 KBytes       
[  4] 335.00-336.00 sec  0.00 Bytes  0.00 bits/sec    0   1.41 KBytes       
[  4] 336.00-337.00 sec  0.00 Bytes  0.00 bits/sec    0   1.41 KBytes       
[  4] 337.00-338.00 sec  0.00 Bytes  0.00 bits/sec    0   1.41 KBytes       
[  4] 338.00-339.00 sec  0.00 Bytes  0.00 bits/sec    0   1.41 KBytes       
[  4] 339.00-340.00 sec  0.00 Bytes  0.00 bits/sec    0   1.41 KBytes       
[  4] 340.00-341.00 sec  0.00 Bytes  0.00 bits/sec    0   1.41 KBytes       
[  4] 341.00-342.00 sec  0.00 Bytes  0.00 bits/sec    0   1.41 KBytes       
[  4] 342.00-343.00 sec  0.00 Bytes  0.00 bits/sec    0   1.41 KBytes       
[  4] 343.00-344.00 sec  0.00 Bytes  0.00 bits/sec    1   1.41 KBytes       
[  4] 344.00-345.00 sec  0.00 Bytes  0.00 bits/sec    0   1.41 KBytes       
[  4] 345.00-346.00 sec  0.00 Bytes  0.00 bits/sec    0   1.41 KBytes       
[  4] 346.00-347.00 sec  0.00 Bytes  0.00 bits/sec    0   1.41 KBytes       
[  4] 347.00-348.00 sec  0.00 Bytes  0.00 bits/sec    0   1.41 KBytes       
[  4] 348.00-349.00 sec  0.00 Bytes  0.00 bits/sec    0   1.41 KBytes       
[  4] 349.00-350.00 sec  0.00 Bytes  0.00 bits/sec    0   1.41 KBytes       
[  4] 350.00-351.00 sec  0.00 Bytes  0.00 bits/sec    0   1.41 KBytes       
[  4] 351.00-352.00 sec  0.00 Bytes  0.00 bits/sec    0   1.41 KBytes       
[  4] 352.00-353.02 sec  0.00 Bytes  0.00 bits/sec    0   1.41 KBytes       
[  4] 353.02-354.00 sec  0.00 Bytes  0.00 bits/sec    0   1.41 KBytes       
[  4] 354.00-355.00 sec  0.00 Bytes  0.00 bits/sec    0   1.41 KBytes       
[  4] 355.00-356.00 sec  0.00 Bytes  0.00 bits/sec    0   1.41 KBytes       
[  4] 356.00-357.00 sec  0.00 Bytes  0.00 bits/sec    0   1.41 KBytes       
[  4] 357.00-358.03 sec  0.00 Bytes  0.00 bits/sec    0   1.41 KBytes       
[  4] 358.03-359.00 sec  0.00 Bytes  0.00 bits/sec    0   1.41 KBytes       
[  4] 359.00-360.01 sec  0.00 Bytes  0.00 bits/sec    0   1.41 KBytes       
[  4] 360.01-361.00 sec  0.00 Bytes  0.00 bits/sec    0   1.41 KBytes       
[  4] 361.00-362.00 sec  0.00 Bytes  0.00 bits/sec    0   1.41 KBytes       
[  4] 362.00-363.01 sec  0.00 Bytes  0.00 bits/sec    0   1.41 KBytes       
[  4] 363.01-364.00 sec  0.00 Bytes  0.00 bits/sec    0   1.41 KBytes       
[  4] 364.00-365.00 sec  0.00 Bytes  0.00 bits/sec    0   1.41 KBytes       
[  4] 365.00-366.00 sec  0.00 Bytes  0.00 bits/sec    0   1.41 KBytes       
[  4] 366.00-367.00 sec  0.00 Bytes  0.00 bits/sec    0   1.41 KBytes       
[  4] 367.00-368.00 sec  0.00 Bytes  0.00 bits/sec    0   1.41 KBytes       
[  4] 368.00-369.00 sec  0.00 Bytes  0.00 bits/sec    0   1.41 KBytes       
[  4] 369.00-370.00 sec  0.00 Bytes  0.00 bits/sec    0   1.41 KBytes       
[  4] 370.00-371.00 sec  0.00 Bytes  0.00 bits/sec    0   1.41 KBytes       
[  4] 371.00-372.00 sec  0.00 Bytes  0.00 bits/sec    0   1.41 KBytes       
[  4] 372.00-373.00 sec  0.00 Bytes  0.00 bits/sec    1   1.41 KBytes       
[  4] 373.00-374.00 sec  0.00 Bytes  0.00 bits/sec    0   1.41 KBytes       
[  4] 374.00-375.00 sec  0.00 Bytes  0.00 bits/sec    0   1.41 KBytes       
[  4] 375.00-376.00 sec  0.00 Bytes  0.00 bits/sec    0   1.41 KBytes       
[  4] 376.00-377.00 sec  0.00 Bytes  0.00 bits/sec    0   1.41 KBytes       
[  4] 377.00-378.00 sec  0.00 Bytes  0.00 bits/sec    0   1.41 KBytes       
[  4] 378.00-379.00 sec  0.00 Bytes  0.00 bits/sec    0   1.41 KBytes       
[  4] 379.00-380.00 sec  0.00 Bytes  0.00 bits/sec    0   1.41 KBytes       
[  4] 380.00-381.00 sec  0.00 Bytes  0.00 bits/sec    0   1.41 KBytes       
[  4] 381.00-382.00 sec  0.00 Bytes  0.00 bits/sec    0   1.41 KBytes       
[  4] 382.00-383.00 sec  0.00 Bytes  0.00 bits/sec    0   1.41 KBytes       
[  4] 383.00-384.00 sec  0.00 Bytes  0.00 bits/sec    0   1.41 KBytes       
[  4] 384.00-385.00 sec  0.00 Bytes  0.00 bits/sec    0   1.41 KBytes       
[  4] 385.00-386.00 sec  0.00 Bytes  0.00 bits/sec    0   1.41 KBytes       
[  4] 386.00-387.00 sec  0.00 Bytes  0.00 bits/sec    0   1.41 KBytes       
[  4] 387.00-388.00 sec  0.00 Bytes  0.00 bits/sec    0   1.41 KBytes       
[  4] 388.00-389.00 sec  0.00 Bytes  0.00 bits/sec    0   1.41 KBytes       
[  4] 389.00-390.00 sec  0.00 Bytes  0.00 bits/sec    0   1.41 KBytes       
[  4] 390.00-391.00 sec  0.00 Bytes  0.00 bits/sec    0   1.41 KBytes       
[  4] 391.00-392.00 sec  0.00 Bytes  0.00 bits/sec    0   1.41 KBytes       
[  4] 392.00-393.00 sec  0.00 Bytes  0.00 bits/sec    0   1.41 KBytes       
[  4] 393.00-394.00 sec  0.00 Bytes  0.00 bits/sec    0   1.41 KBytes       
[  4] 394.00-395.00 sec  0.00 Bytes  0.00 bits/sec    0   1.41 KBytes       
[  4] 395.00-396.00 sec  0.00 Bytes  0.00 bits/sec    0   1.41 KBytes       
[  4] 396.00-397.00 sec  0.00 Bytes  0.00 bits/sec    0   1.41 KBytes       
[  4] 397.00-398.00 sec  0.00 Bytes  0.00 bits/sec    0   1.41 KBytes       
[  4] 398.00-399.00 sec  0.00 Bytes  0.00 bits/sec    0   1.41 KBytes       
[  4] 399.00-400.00 sec  0.00 Bytes  0.00 bits/sec    0   1.41 KBytes       
[  4] 400.00-401.00 sec  0.00 Bytes  0.00 bits/sec    0   1.41 KBytes       
[  4] 401.00-402.00 sec  0.00 Bytes  0.00 bits/sec    0   1.41 KBytes       
[  4] 402.00-403.00 sec  0.00 Bytes  0.00 bits/sec    0   1.41 KBytes       
[  4] 403.00-404.00 sec  0.00 Bytes  0.00 bits/sec    0   1.41 KBytes       
[  4] 404.00-405.00 sec  0.00 Bytes  0.00 bits/sec    0   1.41 KBytes       
[  4] 405.00-406.00 sec  0.00 Bytes  0.00 bits/sec    0   1.41 KBytes       
[  4] 406.00-407.00 sec  0.00 Bytes  0.00 bits/sec    0   1.41 KBytes       
[  4] 407.00-408.00 sec  0.00 Bytes  0.00 bits/sec    0   1.41 KBytes       
[  4] 408.00-409.00 sec  0.00 Bytes  0.00 bits/sec    0   1.41 KBytes       
[  4] 409.00-410.00 sec  0.00 Bytes  0.00 bits/sec    0   1.41 KBytes       
[  4] 410.00-411.00 sec  0.00 Bytes  0.00 bits/sec    0   1.41 KBytes       
[  4] 411.00-412.00 sec  0.00 Bytes  0.00 bits/sec    0   1.41 KBytes       
[  4] 412.00-413.00 sec  0.00 Bytes  0.00 bits/sec    0   1.41 KBytes       
[  4] 413.00-414.00 sec  0.00 Bytes  0.00 bits/sec    0   1.41 KBytes       
[  4] 414.00-415.00 sec  0.00 Bytes  0.00 bits/sec    0   1.41 KBytes       
[  4] 415.00-416.00 sec  0.00 Bytes  0.00 bits/sec    0   1.41 KBytes       
[  4] 416.00-417.00 sec  0.00 Bytes  0.00 bits/sec    0   1.41 KBytes       
[  4] 417.00-418.00 sec  0.00 Bytes  0.00 bits/sec    0   1.41 KBytes       
[  4] 418.00-419.00 sec  0.00 Bytes  0.00 bits/sec    0   1.41 KBytes       
[  4] 419.00-420.00 sec  0.00 Bytes  0.00 bits/sec    0   1.41 KBytes       
[  4] 420.00-421.00 sec  0.00 Bytes  0.00 bits/sec    0   1.41 KBytes       
[  4] 421.00-422.00 sec  0.00 Bytes  0.00 bits/sec    0   1.41 KBytes       
[  4] 422.00-423.00 sec  0.00 Bytes  0.00 bits/sec    0   1.41 KBytes       
[  4] 423.00-424.00 sec  0.00 Bytes  0.00 bits/sec    0   1.41 KBytes       
[  4] 424.00-425.00 sec  0.00 Bytes  0.00 bits/sec    0   1.41 KBytes       
[  4] 425.00-426.00 sec  0.00 Bytes  0.00 bits/sec    0   1.41 KBytes       
[  4] 426.00-427.00 sec  0.00 Bytes  0.00 bits/sec    0   1.41 KBytes       
[  4] 427.00-428.00 sec  0.00 Bytes  0.00 bits/sec    0   1.41 KBytes       
[  4] 428.00-429.00 sec  0.00 Bytes  0.00 bits/sec    0   1.41 KBytes       
[  4] 429.00-430.00 sec  0.00 Bytes  0.00 bits/sec    0   1.41 KBytes       
[  4] 430.00-431.00 sec  0.00 Bytes  0.00 bits/sec    0   1.41 KBytes       
[  4] 431.00-432.00 sec  1.25 MBytes  10.5 Mbits/sec    1   1.93 MBytes       
[  4] 432.00-433.00 sec  1.25 MBytes  10.5 Mbits/sec    0   1.98 MBytes       
[  4] 433.00-434.00 sec  1.25 MBytes  10.5 Mbits/sec    0   2.04 MBytes       
[  4] 434.00-434.00 sec  0.00 Bytes  0.00 bits/sec    0   2.04 MBytes       
- - - - - - - - - - - - - - - - - - - - - - - - -
[ ID] Interval           Transfer     Bandwidth       Retr
[  4]   0.00-434.00 sec   100 MBytes  1.94 Mbits/sec  8091             sender
[  4]   0.00-434.00 sec  88.0 MBytes  1.70 Mbits/sec                  receiver

iperf Done.
