Connecting to host 10.0.0.2, port 5202
[  4] local 10.0.0.1 port 46112 connected to 10.0.0.2 port 5202
[ ID] Interval           Transfer     Bandwidth       Retr  Cwnd
[  4]   0.00-1.01   sec  1.44 MBytes  12.0 Mbits/sec    0    173 KBytes       
[  4]   1.01-2.00   sec   827 KBytes  6.79 Mbits/sec    0    205 KBytes       
[  4]   2.00-3.00   sec   764 KBytes  6.28 Mbits/sec    0    235 KBytes       
[  4]   3.00-4.00   sec   764 KBytes  6.26 Mbits/sec    0    266 KBytes       
[  4]   4.00-5.00   sec   573 KBytes  4.69 Mbits/sec   50   67.9 KBytes       
[  4]   5.00-6.00   sec   891 KBytes  7.30 Mbits/sec  127    286 KBytes       
[  4]   6.00-7.00   sec  1.06 MBytes  8.85 Mbits/sec    0    288 KBytes       
[  4]   7.00-8.00   sec  1.12 MBytes  9.39 Mbits/sec    0    291 KBytes       
[  4]   8.00-9.00   sec   954 KBytes  7.82 Mbits/sec    0    303 KBytes       
[  4]   9.00-10.00  sec  1.12 MBytes  9.39 Mbits/sec    0    324 KBytes       
[  4]  10.00-11.00  sec  1.30 MBytes  10.9 Mbits/sec    0    358 KBytes       
[  4]  11.00-12.00  sec  1.30 MBytes  11.0 Mbits/sec    0    406 KBytes       
[  4]  12.00-13.00  sec  1.30 MBytes  11.0 Mbits/sec    0    465 KBytes       
[  4]  13.00-14.00  sec  1.49 MBytes  12.5 Mbits/sec    0    564 KBytes       
[  4]  14.00-15.00  sec  1.12 MBytes  9.37 Mbits/sec    0    652 KBytes       
[  4]  15.00-16.00  sec  1.80 MBytes  15.1 Mbits/sec    0    800 KBytes       
[  4]  16.00-17.00  sec  1.93 MBytes  16.2 Mbits/sec    0    963 KBytes       
[  4]  17.00-18.00  sec  1.25 MBytes  10.5 Mbits/sec    0   1.12 MBytes       
[  4]  18.00-19.00  sec  2.50 MBytes  21.0 Mbits/sec    0   1.33 MBytes       
[  4]  19.00-20.00  sec  1.25 MBytes  10.5 Mbits/sec    0   1.57 MBytes       
[  4]  20.00-21.00  sec  2.50 MBytes  21.0 Mbits/sec    0   1.80 MBytes       
[  4]  21.00-22.00  sec  2.50 MBytes  21.0 Mbits/sec    0   2.15 MBytes       
[  4]  22.00-23.00  sec  1.25 MBytes  10.5 Mbits/sec    0   2.50 MBytes       
[  4]  23.00-24.00  sec  2.50 MBytes  21.0 Mbits/sec    0   2.85 MBytes       
[  4]  24.00-25.00  sec  1.25 MBytes  10.5 Mbits/sec    0   3.22 MBytes       
[  4]  25.00-26.00  sec  1.25 MBytes  10.5 Mbits/sec    0   3.69 MBytes       
[  4]  26.00-27.00  sec  1.25 MBytes  10.5 Mbits/sec    0   4.04 MBytes       
[  4]  27.00-28.00  sec  1.25 MBytes  10.5 Mbits/sec    0   4.39 MBytes       
[  4]  28.00-29.00  sec  1.25 MBytes  10.5 Mbits/sec    0   4.82 MBytes       
[  4]  29.00-30.00  sec  1.25 MBytes  10.5 Mbits/sec    0   5.26 MBytes       
[  4]  30.00-31.00  sec   702 KBytes  5.76 Mbits/sec  225   4.66 MBytes       
[  4]  31.00-32.00  sec  0.00 Bytes  0.00 bits/sec   81   4.11 MBytes       
[  4]  32.00-33.00  sec  0.00 Bytes  0.00 bits/sec  267   3.68 MBytes       
[  4]  33.00-34.00  sec  0.00 Bytes  0.00 bits/sec  400   3.68 MBytes       
[  4]  34.00-35.00  sec   891 KBytes  7.30 Mbits/sec   46   3.68 MBytes       
[  4]  35.00-36.00  sec   509 KBytes  4.17 Mbits/sec   37   3.68 MBytes       
[  4]  36.00-37.00  sec  63.6 KBytes   521 Kbits/sec    0   3.68 MBytes       
[  4]  37.00-38.00  sec  0.00 Bytes  0.00 bits/sec  221   2.62 MBytes       
[  4]  38.00-39.00  sec  6.25 MBytes  52.4 Mbits/sec    0   3.75 MBytes       
[  4]  39.00-40.00  sec  1.25 MBytes  10.5 Mbits/sec    0   3.76 MBytes       
[  4]  40.00-41.00  sec  1.25 MBytes  10.5 Mbits/sec    0   3.81 MBytes       
[  4]  41.00-42.00  sec  1.25 MBytes  10.5 Mbits/sec    0   3.87 MBytes       
[  4]  42.00-43.00  sec  1.25 MBytes  10.5 Mbits/sec    0   5.28 MBytes       
[  4]  43.00-44.00  sec  1.25 MBytes  10.5 Mbits/sec    0   5.34 MBytes       
[  4]  44.00-45.00  sec  1.25 MBytes  10.5 Mbits/sec    0   5.40 MBytes       
[  4]  45.00-46.00  sec  46.5 KBytes   381 Kbits/sec  1305   3.63 MBytes       
[  4]  46.00-47.00  sec  0.00 Bytes  0.00 bits/sec  826   3.64 MBytes       
[  4]  47.00-48.00  sec  0.00 Bytes  0.00 bits/sec  114   3.64 MBytes       
[  4]  48.00-49.00  sec  0.00 Bytes  0.00 bits/sec  264   3.47 MBytes       
[  4]  49.00-50.00  sec  0.00 Bytes  0.00 bits/sec   39   1.41 KBytes       
[  4]  50.00-51.00  sec  0.00 Bytes  0.00 bits/sec    0   1.41 KBytes       
[  4]  51.00-52.00  sec  0.00 Bytes  0.00 bits/sec    0   1.41 KBytes       
[  4]  52.00-53.00  sec  0.00 Bytes  0.00 bits/sec    0   1.41 KBytes       
[  4]  53.00-54.00  sec  0.00 Bytes  0.00 bits/sec    1   1.41 KBytes       
[  4]  54.00-55.00  sec  0.00 Bytes  0.00 bits/sec    1   2.83 KBytes       
[  4]  55.00-56.00  sec  0.00 Bytes  0.00 bits/sec    8   11.3 KBytes       
[  4]  56.00-57.00  sec  0.00 Bytes  0.00 bits/sec   38   53.7 KBytes       
[  4]  57.00-58.00  sec  0.00 Bytes  0.00 bits/sec  124    175 KBytes       
[  4]  58.00-59.00  sec  0.00 Bytes  0.00 bits/sec  155    317 KBytes       
[  4]  59.00-60.00  sec  0.00 Bytes  0.00 bits/sec  200    502 KBytes       
[  4]  60.00-61.00  sec  0.00 Bytes  0.00 bits/sec  171    518 KBytes       
[  4]  61.00-62.00  sec   191 KBytes  1.56 Mbits/sec  153   1.41 KBytes       
[  4]  62.00-63.00  sec  0.00 Bytes  0.00 bits/sec    0   1.41 KBytes       
[  4]  63.00-64.00  sec  63.6 KBytes   521 Kbits/sec    4   5.66 KBytes       
[  4]  64.00-65.00  sec  63.6 KBytes   521 Kbits/sec   18   25.5 KBytes       
[  4]  65.00-66.00  sec  63.6 KBytes   522 Kbits/sec   47   66.5 KBytes       
[  4]  66.00-67.00  sec   255 KBytes  2.08 Mbits/sec  158    223 KBytes       
[  4]  67.00-68.00  sec   127 KBytes  1.04 Mbits/sec   70    229 KBytes       
[  4]  68.00-69.00  sec  0.00 Bytes  0.00 bits/sec    5    229 KBytes       
[  4]  69.00-70.00  sec  0.00 Bytes  0.00 bits/sec   39   1.41 KBytes       
[  4]  70.00-71.00  sec  63.6 KBytes   521 Kbits/sec   12   17.0 KBytes       
[  4]  71.00-72.00  sec  63.6 KBytes   521 Kbits/sec   43   60.8 KBytes       
[  4]  72.00-73.00  sec  0.00 Bytes  0.00 bits/sec    0   60.8 KBytes       
[  4]  73.00-74.00  sec  63.6 KBytes   521 Kbits/sec   28   67.9 KBytes       
[  4]  74.00-75.00  sec  63.6 KBytes   522 Kbits/sec   22   1.41 KBytes       
[  4]  75.00-76.00  sec  0.00 Bytes  0.00 bits/sec    0   1.41 KBytes       
[  4]  76.00-77.00  sec  0.00 Bytes  0.00 bits/sec    2   2.83 KBytes       
[  4]  77.00-78.00  sec  0.00 Bytes  0.00 bits/sec    9   12.7 KBytes       
[  4]  78.00-79.00  sec  0.00 Bytes  0.00 bits/sec    0   12.7 KBytes       
[  4]  79.00-80.00  sec  63.6 KBytes   521 Kbits/sec    8   17.0 KBytes       
[  4]  80.00-81.00  sec  0.00 Bytes  0.00 bits/sec    8   17.0 KBytes       
[  4]  81.00-82.00  sec  0.00 Bytes  0.00 bits/sec    1   1.41 KBytes       
[  4]  82.00-83.00  sec   127 KBytes  1.04 Mbits/sec   26   36.8 KBytes       
[  4]  83.00-84.00  sec  1.25 MBytes  10.5 Mbits/sec  465    658 KBytes       
[  4]  84.00-85.00  sec   820 KBytes  6.72 Mbits/sec  148    676 KBytes       
[  4]  85.00-86.00  sec  1.25 MBytes  10.5 Mbits/sec   38    833 KBytes       
[  4]  86.00-87.00  sec  2.50 MBytes  21.0 Mbits/sec    0    964 KBytes       
[  4]  87.00-88.00  sec  1.25 MBytes  10.5 Mbits/sec    1   1.41 KBytes       
[  4]  88.00-89.00  sec  1.25 MBytes  10.5 Mbits/sec  164    675 KBytes       
[  4]  89.00-90.00  sec   791 KBytes  6.48 Mbits/sec   31    675 KBytes       
[  4]  90.00-91.00  sec  1.24 MBytes  10.4 Mbits/sec    0    675 KBytes       
[  4]  91.00-92.00  sec   445 KBytes  3.65 Mbits/sec    0    964 KBytes       
[  4]  92.00-93.00  sec   700 KBytes  5.74 Mbits/sec    0    964 KBytes       
[  4]  93.00-94.00  sec   318 KBytes  2.61 Mbits/sec    0    964 KBytes       
[  4]  94.00-95.00  sec   509 KBytes  4.17 Mbits/sec    0    964 KBytes       
[  4]  95.00-96.00  sec   382 KBytes  3.13 Mbits/sec    0    964 KBytes       
[  4]  96.00-97.00  sec   382 KBytes  3.13 Mbits/sec    0    964 KBytes       
[  4]  97.00-98.00  sec   191 KBytes  1.56 Mbits/sec   10    904 KBytes       
[  4]  98.00-99.00  sec  0.00 Bytes  0.00 bits/sec   55    738 KBytes       
[  4]  99.00-100.00 sec   255 KBytes  2.09 Mbits/sec    4    675 KBytes       
[  4] 100.00-101.00 sec   382 KBytes  3.13 Mbits/sec    0    684 KBytes       
[  4] 101.00-102.00 sec  1018 KBytes  8.33 Mbits/sec    0    964 KBytes       
[  4] 102.00-103.00 sec   255 KBytes  2.09 Mbits/sec    0    967 KBytes       
[  4] 103.00-104.00 sec   636 KBytes  5.21 Mbits/sec    6    956 KBytes       
[  4] 104.00-105.00 sec  0.00 Bytes  0.00 bits/sec   13    875 KBytes       
[  4] 105.00-106.00 sec  0.00 Bytes  0.00 bits/sec   37    684 KBytes       
[  4] 106.00-107.00 sec  63.6 KBytes   521 Kbits/sec    4    684 KBytes       
[  4] 107.00-108.00 sec  0.00 Bytes  0.00 bits/sec    0    684 KBytes       
[  4] 108.00-109.00 sec  0.00 Bytes  0.00 bits/sec    0    684 KBytes       
[  4] 109.00-110.00 sec  0.00 Bytes  0.00 bits/sec    2   1.41 KBytes       
[  4] 110.00-111.00 sec  0.00 Bytes  0.00 bits/sec    0   2.83 KBytes       
[  4] 111.00-112.00 sec  0.00 Bytes  0.00 bits/sec    0   2.83 KBytes       
[  4] 112.00-113.00 sec  0.00 Bytes  0.00 bits/sec    0   2.83 KBytes       
[  4] 113.00-114.00 sec  0.00 Bytes  0.00 bits/sec    0   2.83 KBytes       
[  4] 114.00-115.00 sec  0.00 Bytes  0.00 bits/sec    0   2.83 KBytes       
[  4] 115.00-116.00 sec  0.00 Bytes  0.00 bits/sec    0   2.83 KBytes       
[  4] 116.00-117.00 sec  0.00 Bytes  0.00 bits/sec    0   2.83 KBytes       
[  4] 117.00-118.00 sec  0.00 Bytes  0.00 bits/sec    0   2.83 KBytes       
[  4] 118.00-119.00 sec  0.00 Bytes  0.00 bits/sec    0   2.83 KBytes       
[  4] 119.00-120.00 sec  0.00 Bytes  0.00 bits/sec    0   2.83 KBytes       
[  4] 120.00-121.00 sec  0.00 Bytes  0.00 bits/sec    0   2.83 KBytes       
[  4] 121.00-122.00 sec  0.00 Bytes  0.00 bits/sec    0   2.83 KBytes       
[  4] 122.00-123.00 sec  0.00 Bytes  0.00 bits/sec    0   2.83 KBytes       
[  4] 123.00-124.00 sec  0.00 Bytes  0.00 bits/sec    0   2.83 KBytes       
[  4] 124.00-125.00 sec  0.00 Bytes  0.00 bits/sec    0   2.83 KBytes       
[  4] 125.00-126.00 sec  0.00 Bytes  0.00 bits/sec    0   2.83 KBytes       
[  4] 126.00-127.00 sec  0.00 Bytes  0.00 bits/sec    0   2.83 KBytes       
[  4] 127.00-128.00 sec  0.00 Bytes  0.00 bits/sec    0   2.83 KBytes       
[  4] 128.00-129.00 sec  0.00 Bytes  0.00 bits/sec    1   1.41 KBytes       
[  4] 129.00-130.00 sec  0.00 Bytes  0.00 bits/sec    0   1.41 KBytes       
[  4] 130.00-131.00 sec  0.00 Bytes  0.00 bits/sec    2   2.83 KBytes       
[  4] 131.00-132.00 sec  0.00 Bytes  0.00 bits/sec    0   2.83 KBytes       
[  4] 132.00-133.00 sec  0.00 Bytes  0.00 bits/sec    3   4.24 KBytes       
[  4] 133.00-134.01 sec  0.00 Bytes  0.00 bits/sec    0   4.24 KBytes       
[  4] 134.01-135.00 sec  0.00 Bytes  0.00 bits/sec    0   4.24 KBytes       
[  4] 135.00-136.00 sec  0.00 Bytes  0.00 bits/sec    5   7.07 KBytes       
[  4] 136.00-137.00 sec  0.00 Bytes  0.00 bits/sec    7   9.90 KBytes       
[  4] 137.00-138.00 sec  0.00 Bytes  0.00 bits/sec    0   9.90 KBytes       
[  4] 138.00-139.00 sec  0.00 Bytes  0.00 bits/sec   11   15.6 KBytes       
[  4] 139.00-140.00 sec  0.00 Bytes  0.00 bits/sec   40   33.9 KBytes       
[  4] 140.00-141.00 sec  0.00 Bytes  0.00 bits/sec   36   50.9 KBytes       
[  4] 141.00-142.00 sec  0.00 Bytes  0.00 bits/sec   54   76.4 KBytes       
[  4] 142.00-143.00 sec  0.00 Bytes  0.00 bits/sec   92    120 KBytes       
[  4] 143.00-144.00 sec  0.00 Bytes  0.00 bits/sec  294    259 KBytes       
[  4] 144.00-145.00 sec  0.00 Bytes  0.00 bits/sec  274    387 KBytes       
[  4] 145.00-146.00 sec  0.00 Bytes  0.00 bits/sec   57    414 KBytes       
[  4] 146.00-147.01 sec  0.00 Bytes  0.00 bits/sec  354    581 KBytes       
[  4] 147.01-148.00 sec  0.00 Bytes  0.00 bits/sec  262    706 KBytes       
[  4] 148.00-149.00 sec  0.00 Bytes  0.00 bits/sec  356    874 KBytes       
[  4] 149.00-150.00 sec  0.00 Bytes  0.00 bits/sec  169    976 KBytes       
[  4] 150.00-151.00 sec  0.00 Bytes  0.00 bits/sec    0   1.42 MBytes       
[  4] 151.00-152.00 sec  0.00 Bytes  0.00 bits/sec    0   1.42 MBytes       
[  4] 152.00-153.00 sec  0.00 Bytes  0.00 bits/sec    0   1.42 MBytes       
[  4] 153.00-154.00 sec  0.00 Bytes  0.00 bits/sec    0   1.76 MBytes       
[  4] 154.00-155.00 sec  0.00 Bytes  0.00 bits/sec   87   1.37 MBytes       
[  4] 155.00-156.00 sec  0.00 Bytes  0.00 bits/sec  248   1.23 MBytes       
[  4] 156.00-157.00 sec  0.00 Bytes  0.00 bits/sec   33   1.23 MBytes       
[  4] 157.00-158.00 sec  0.00 Bytes  0.00 bits/sec  180   1.23 MBytes       
[  4] 158.00-159.00 sec  0.00 Bytes  0.00 bits/sec    0   1.23 MBytes       
[  4] 159.00-160.00 sec  0.00 Bytes  0.00 bits/sec    0   1.26 MBytes       
[  4] 160.00-161.00 sec  0.00 Bytes  0.00 bits/sec    0   1.41 MBytes       
[  4] 161.00-162.00 sec   191 KBytes  1.56 Mbits/sec    0   1.46 MBytes       
[  4] 162.00-163.00 sec   700 KBytes  5.74 Mbits/sec    0   1.54 MBytes       
[  4] 163.00-164.00 sec   764 KBytes  6.24 Mbits/sec    0   1.61 MBytes       
[  4] 164.00-165.00 sec   700 KBytes  5.74 Mbits/sec    0   1.66 MBytes       
[  4] 165.00-166.00 sec   891 KBytes  7.30 Mbits/sec    0   1.70 MBytes       
[  4] 166.00-167.00 sec   636 KBytes  5.21 Mbits/sec    0   1.72 MBytes       
[  4] 167.00-168.00 sec   891 KBytes  7.31 Mbits/sec    0   1.74 MBytes       
[  4] 168.00-169.00 sec   636 KBytes  5.22 Mbits/sec    0   1.75 MBytes       
[  4] 169.00-170.00 sec   827 KBytes  6.77 Mbits/sec    0   1.75 MBytes       
[  4] 170.00-171.00 sec   954 KBytes  7.81 Mbits/sec    0   1.76 MBytes       
[  4] 171.00-172.00 sec   954 KBytes  7.83 Mbits/sec    0   1.77 MBytes       
[  4] 172.00-173.00 sec   509 KBytes  4.17 Mbits/sec    0   1.79 MBytes       
[  4] 173.00-174.00 sec   954 KBytes  7.82 Mbits/sec    0   1.82 MBytes       
[  4] 174.00-175.00 sec   127 KBytes  1.04 Mbits/sec    0   1.83 MBytes       
[  4] 175.00-176.00 sec  0.00 Bytes  0.00 bits/sec   73   1.50 MBytes       
[  4] 176.00-177.00 sec  0.00 Bytes  0.00 bits/sec    0   1.32 MBytes       
[  4] 177.00-178.00 sec  0.00 Bytes  0.00 bits/sec  100   1.28 MBytes       
[  4] 178.00-179.00 sec  0.00 Bytes  0.00 bits/sec   29   1.28 MBytes       
[  4] 179.00-180.00 sec  0.00 Bytes  0.00 bits/sec   40   1.28 MBytes       
[  4] 180.00-181.00 sec  0.00 Bytes  0.00 bits/sec   17   1.28 MBytes       
[  4] 181.00-182.00 sec  0.00 Bytes  0.00 bits/sec  119   1.28 MBytes       
[  4] 182.00-183.00 sec  0.00 Bytes  0.00 bits/sec   79   1.26 MBytes       
[  4] 183.00-184.00 sec  0.00 Bytes  0.00 bits/sec  116   1.41 KBytes       
[  4] 184.00-185.00 sec  0.00 Bytes  0.00 bits/sec    3   1.41 KBytes       
[  4] 185.00-186.01 sec  0.00 Bytes  0.00 bits/sec   13   5.66 KBytes       
[  4] 186.01-187.00 sec  0.00 Bytes  0.00 bits/sec   14   7.07 KBytes       
[  4] 187.00-188.00 sec  0.00 Bytes  0.00 bits/sec   15   12.7 KBytes       
[  4] 188.00-189.00 sec  0.00 Bytes  0.00 bits/sec   14   19.8 KBytes       
[  4] 189.00-190.00 sec  0.00 Bytes  0.00 bits/sec   21   29.7 KBytes       
[  4] 190.00-191.00 sec  63.6 KBytes   521 Kbits/sec   32   45.2 KBytes       
[  4] 191.00-192.00 sec  0.00 Bytes  0.00 bits/sec   48   67.9 KBytes       
[  4] 192.00-193.00 sec  63.6 KBytes   521 Kbits/sec   55   93.3 KBytes       
[  4] 193.00-194.00 sec  0.00 Bytes  0.00 bits/sec   17    102 KBytes       
[  4] 194.00-195.00 sec  63.6 KBytes   521 Kbits/sec  108    153 KBytes       
[  4] 195.00-196.00 sec  63.6 KBytes   521 Kbits/sec  162    229 KBytes       
[  4] 196.00-197.00 sec  0.00 Bytes  0.00 bits/sec    0    229 KBytes       
[  4] 197.00-198.00 sec  0.00 Bytes  0.00 bits/sec  110    232 KBytes       
[  4] 198.00-199.00 sec  0.00 Bytes  0.00 bits/sec  109    232 KBytes       
[  4] 199.00-200.00 sec  0.00 Bytes  0.00 bits/sec   78    232 KBytes       
[  4] 200.00-201.00 sec  0.00 Bytes  0.00 bits/sec   31    232 KBytes       
[  4] 201.00-202.00 sec  0.00 Bytes  0.00 bits/sec  114    232 KBytes       
[  4] 202.00-203.00 sec  63.6 KBytes   521 Kbits/sec  109   5.66 KBytes       
[  4] 203.00-204.00 sec  0.00 Bytes  0.00 bits/sec    0   5.66 KBytes       
[  4] 204.00-205.00 sec  63.6 KBytes   521 Kbits/sec   16   22.6 KBytes       
[  4] 205.00-206.00 sec  63.6 KBytes   521 Kbits/sec   58   82.0 KBytes       
[  4] 206.00-207.00 sec   891 KBytes  7.30 Mbits/sec  145    205 KBytes       
[  4] 207.00-208.00 sec  0.00 Bytes  0.00 bits/sec    5    205 KBytes       
[  4] 208.00-209.00 sec   191 KBytes  1.56 Mbits/sec  147    215 KBytes       
[  4] 209.00-210.00 sec   255 KBytes  2.09 Mbits/sec  160    226 KBytes       
[  4] 210.00-211.00 sec  0.00 Bytes  0.00 bits/sec    0    226 KBytes       
[  4] 211.00-212.00 sec   127 KBytes  1.04 Mbits/sec  156    229 KBytes       
[  4] 212.00-213.00 sec  63.6 KBytes   521 Kbits/sec  156    229 KBytes       
[  4] 213.00-214.00 sec  0.00 Bytes  0.00 bits/sec  129    229 KBytes       
[  4] 214.00-215.00 sec  0.00 Bytes  0.00 bits/sec   27    229 KBytes       
[  4] 215.00-216.00 sec   127 KBytes  1.04 Mbits/sec  312    229 KBytes       
[  4] 216.00-217.00 sec   127 KBytes  1.04 Mbits/sec    1   1.41 KBytes       
[  4] 217.00-218.00 sec  63.6 KBytes   521 Kbits/sec   14   19.8 KBytes       
[  4] 218.00-219.00 sec  1.18 MBytes  9.90 Mbits/sec  154    218 KBytes       
[  4] 219.00-220.00 sec   191 KBytes  1.56 Mbits/sec  161    228 KBytes       
[  4] 220.00-221.00 sec  63.6 KBytes   521 Kbits/sec   37    230 KBytes       
[  4] 221.00-222.00 sec   191 KBytes  1.56 Mbits/sec  134    240 KBytes       
[  4] 222.00-223.00 sec   445 KBytes  3.65 Mbits/sec  178    252 KBytes       
[  4] 223.00-224.00 sec  63.6 KBytes   521 Kbits/sec   31    255 KBytes       
[  4] 224.00-225.00 sec   255 KBytes  2.09 Mbits/sec  156    264 KBytes       
[  4] 225.00-226.00 sec  63.6 KBytes   521 Kbits/sec  175    266 KBytes       
[  4] 226.00-227.00 sec  0.00 Bytes  0.00 bits/sec    0    266 KBytes       
[  4] 227.00-228.00 sec  63.6 KBytes   521 Kbits/sec  175    266 KBytes       
[  4] 228.00-229.00 sec  0.00 Bytes  0.00 bits/sec  111    266 KBytes       
[  4] 229.00-230.00 sec  0.00 Bytes  0.00 bits/sec    1   1.41 KBytes       
[  4] 230.00-231.00 sec  0.00 Bytes  0.00 bits/sec    2   2.83 KBytes       
[  4] 231.00-232.00 sec  1.24 MBytes  10.4 Mbits/sec   11    230 KBytes       
[  4] 232.00-233.00 sec  0.00 Bytes  0.00 bits/sec    0    230 KBytes       
[  4] 233.00-234.00 sec   191 KBytes  1.57 Mbits/sec    0    242 KBytes       
[  4] 234.00-235.00 sec   255 KBytes  2.08 Mbits/sec    0    255 KBytes       
[  4] 235.00-236.00 sec  0.00 Bytes  0.00 bits/sec    0    255 KBytes       
[  4] 236.00-237.00 sec   255 KBytes  2.08 Mbits/sec    0    277 KBytes       
[  4] 237.00-238.00 sec   191 KBytes  1.56 Mbits/sec    0    352 KBytes       
[  4] 238.00-239.00 sec  63.6 KBytes   521 Kbits/sec    0    355 KBytes       
[  4] 239.00-240.00 sec   191 KBytes  1.56 Mbits/sec    0    491 KBytes       
[  4] 240.00-241.00 sec  0.00 Bytes  0.00 bits/sec    0    491 KBytes       
[  4] 241.00-242.00 sec  0.00 Bytes  0.00 bits/sec    0    491 KBytes       
[  4] 242.00-243.00 sec  0.00 Bytes  0.00 bits/sec   98    342 KBytes       
[  4] 243.00-244.00 sec  0.00 Bytes  0.00 bits/sec    0    342 KBytes       
[  4] 244.00-245.00 sec  0.00 Bytes  0.00 bits/sec    9    342 KBytes       
[  4] 245.00-246.00 sec  0.00 Bytes  0.00 bits/sec    7    342 KBytes       
[  4] 246.00-247.00 sec   127 KBytes  1.04 Mbits/sec    1   1.41 KBytes       
[  4] 247.00-248.00 sec  63.6 KBytes   521 Kbits/sec   16   22.6 KBytes       
[  4] 248.00-249.00 sec   191 KBytes  1.56 Mbits/sec   22    256 KBytes       
[  4] 249.00-250.00 sec  1.25 MBytes  10.5 Mbits/sec    0    430 KBytes       
[  4] 250.00-251.00 sec   947 KBytes  7.76 Mbits/sec    0    452 KBytes       
[  4] 251.00-252.00 sec   445 KBytes  3.65 Mbits/sec    0    475 KBytes       
[  4] 252.00-253.00 sec   509 KBytes  4.17 Mbits/sec    0    498 KBytes       
[  4] 253.00-254.00 sec   445 KBytes  3.65 Mbits/sec    0    523 KBytes       
[  4] 254.00-255.00 sec   382 KBytes  3.13 Mbits/sec    0    540 KBytes       
[  4] 255.00-256.00 sec   127 KBytes  1.04 Mbits/sec    0    550 KBytes       
[  4] 256.00-257.00 sec   573 KBytes  4.69 Mbits/sec    0    588 KBytes       
[  4] 257.00-258.00 sec  0.00 Bytes  0.00 bits/sec    0    588 KBytes       
[  4] 258.00-259.00 sec  0.00 Bytes  0.00 bits/sec    4    411 KBytes       
[  4] 259.00-260.00 sec  0.00 Bytes  0.00 bits/sec    2    411 KBytes       
[  4] 260.00-261.00 sec  0.00 Bytes  0.00 bits/sec    0    411 KBytes       
[  4] 261.00-262.00 sec   127 KBytes  1.04 Mbits/sec    1   1.41 KBytes       
[  4] 262.00-263.00 sec  63.6 KBytes   521 Kbits/sec    0   1.41 KBytes       
[  4] 263.00-264.00 sec  63.6 KBytes   521 Kbits/sec    1   2.83 KBytes       
[  4] 264.00-265.00 sec  1.25 MBytes  10.5 Mbits/sec    0    464 KBytes       
[  4] 265.00-266.00 sec  56.3 KBytes   462 Kbits/sec    0    464 KBytes       
[  4] 266.00-267.00 sec   255 KBytes  2.09 Mbits/sec    0    481 KBytes       
[  4] 267.00-268.00 sec   127 KBytes  1.04 Mbits/sec    0    488 KBytes       
[  4] 268.00-269.00 sec   445 KBytes  3.65 Mbits/sec    0    512 KBytes       
[  4] 269.00-270.00 sec  63.6 KBytes   522 Kbits/sec    0    518 KBytes       
[  4] 270.00-271.00 sec   318 KBytes  2.60 Mbits/sec    0    556 KBytes       
[  4] 271.00-272.00 sec   255 KBytes  2.09 Mbits/sec    0    598 KBytes       
[  4] 272.00-273.00 sec   382 KBytes  3.13 Mbits/sec    0    697 KBytes       
[  4] 273.00-274.00 sec   127 KBytes  1.04 Mbits/sec    0    744 KBytes       
[  4] 274.00-275.00 sec   509 KBytes  4.17 Mbits/sec    0    969 KBytes       
[  4] 275.00-276.00 sec  0.00 Bytes  0.00 bits/sec    8    768 KBytes       
[  4] 276.00-277.00 sec  0.00 Bytes  0.00 bits/sec   46    679 KBytes       
[  4] 277.00-278.00 sec  63.6 KBytes   521 Kbits/sec    0    679 KBytes       
[  4] 278.00-279.00 sec  0.00 Bytes  0.00 bits/sec   23    679 KBytes       
[  4] 279.00-280.00 sec  0.00 Bytes  0.00 bits/sec   49   1.41 KBytes       
[  4] 280.00-281.00 sec  0.00 Bytes  0.00 bits/sec    0   2.83 KBytes       
[  4] 281.00-282.00 sec  0.00 Bytes  0.00 bits/sec    0   2.83 KBytes       
[  4] 282.00-283.00 sec  0.00 Bytes  0.00 bits/sec    3   2.83 KBytes       
[  4] 283.00-284.00 sec  0.00 Bytes  0.00 bits/sec    3   4.24 KBytes       
[  4] 284.00-285.00 sec  0.00 Bytes  0.00 bits/sec    8   7.07 KBytes       
[  4] 285.00-286.00 sec  0.00 Bytes  0.00 bits/sec    7   9.90 KBytes       
[  4] 286.00-287.00 sec  0.00 Bytes  0.00 bits/sec   28   24.0 KBytes       
[  4] 287.00-288.00 sec  0.00 Bytes  0.00 bits/sec   25   35.4 KBytes       
[  4] 288.00-289.00 sec  0.00 Bytes  0.00 bits/sec   38   53.7 KBytes       
[  4] 289.00-290.00 sec  0.00 Bytes  0.00 bits/sec   57   80.6 KBytes       
[  4] 290.00-291.00 sec  0.00 Bytes  0.00 bits/sec   85    120 KBytes       
[  4] 291.00-292.00 sec  0.00 Bytes  0.00 bits/sec  128    181 KBytes       
[  4] 292.00-293.00 sec  0.00 Bytes  0.00 bits/sec    0    181 KBytes       
[  4] 293.00-294.00 sec  0.00 Bytes  0.00 bits/sec  192    272 KBytes       
[  4] 294.00-295.00 sec  0.00 Bytes  0.00 bits/sec    0    272 KBytes       
[  4] 295.00-296.00 sec  0.00 Bytes  0.00 bits/sec  104    272 KBytes       
[  4] 296.00-297.00 sec  0.00 Bytes  0.00 bits/sec  104    272 KBytes       
[  4] 297.00-298.00 sec  0.00 Bytes  0.00 bits/sec    0    272 KBytes       
[  4] 298.00-299.00 sec  0.00 Bytes  0.00 bits/sec    1   1.41 KBytes       
[  4] 299.00-300.00 sec  0.00 Bytes  0.00 bits/sec    6   5.66 KBytes       
[  4] 300.00-301.00 sec  0.00 Bytes  0.00 bits/sec    8   11.3 KBytes       
[  4] 301.00-302.00 sec  0.00 Bytes  0.00 bits/sec   19   26.9 KBytes       
[  4] 302.00-303.00 sec  0.00 Bytes  0.00 bits/sec   35   60.8 KBytes       
[  4] 303.00-304.00 sec  0.00 Bytes  0.00 bits/sec  135    191 KBytes       
[  4] 304.00-305.00 sec  0.00 Bytes  0.00 bits/sec   91    214 KBytes       
[  4] 305.00-306.00 sec  0.00 Bytes  0.00 bits/sec  118    221 KBytes       
[  4] 306.00-307.00 sec  0.00 Bytes  0.00 bits/sec   98    228 KBytes       
[  4] 307.00-308.00 sec  0.00 Bytes  0.00 bits/sec  169    239 KBytes       
[  4] 308.00-309.00 sec  0.00 Bytes  0.00 bits/sec  180    255 KBytes       
[  4] 309.00-310.00 sec  0.00 Bytes  0.00 bits/sec   61    274 KBytes       
[  4] 310.00-311.00 sec  0.00 Bytes  0.00 bits/sec  155    307 KBytes       
[  4] 311.00-312.00 sec  0.00 Bytes  0.00 bits/sec   80    409 KBytes       
[  4] 312.00-313.00 sec  0.00 Bytes  0.00 bits/sec    0    617 KBytes       
[  4] 313.00-314.00 sec  0.00 Bytes  0.00 bits/sec    0    755 KBytes       
[  4] 314.00-315.00 sec  0.00 Bytes  0.00 bits/sec   13    820 KBytes       
[  4] 315.00-316.00 sec   318 KBytes  2.61 Mbits/sec   63    604 KBytes       
[  4] 316.00-317.00 sec  63.6 KBytes   521 Kbits/sec    0    592 KBytes       
[  4] 317.00-318.00 sec  1.18 MBytes  9.90 Mbits/sec    0    614 KBytes       
[  4] 318.00-319.00 sec   255 KBytes  2.08 Mbits/sec    0    650 KBytes       
[  4] 319.00-320.00 sec   573 KBytes  4.70 Mbits/sec    0    723 KBytes       
[  4] 320.00-321.00 sec   318 KBytes  2.61 Mbits/sec    0    757 KBytes       
[  4] 321.00-322.00 sec   636 KBytes  5.21 Mbits/sec    0    790 KBytes       
[  4] 322.00-323.00 sec   382 KBytes  3.13 Mbits/sec    0    809 KBytes       
[  4] 323.00-324.00 sec   573 KBytes  4.69 Mbits/sec    0    826 KBytes       
[  4] 324.00-325.00 sec   191 KBytes  1.56 Mbits/sec    0    830 KBytes       
[  4] 325.00-326.00 sec   573 KBytes  4.69 Mbits/sec    0    839 KBytes       
[  4] 326.00-327.00 sec   191 KBytes  1.56 Mbits/sec    0    840 KBytes       
[  4] 327.00-328.00 sec   509 KBytes  4.17 Mbits/sec   12    817 KBytes       
[  4] 328.00-329.00 sec  0.00 Bytes  0.00 bits/sec    0    737 KBytes       
[  4] 329.00-330.00 sec   891 KBytes  7.30 Mbits/sec    0    597 KBytes       
[  4] 330.00-331.00 sec   191 KBytes  1.56 Mbits/sec    0    621 KBytes       
[  4] 331.00-332.00 sec  63.6 KBytes   522 Kbits/sec    6    452 KBytes       
[  4] 332.00-333.00 sec   891 KBytes  7.29 Mbits/sec    0    454 KBytes       
[  4] 333.00-334.00 sec   191 KBytes  1.57 Mbits/sec    0    469 KBytes       
[  4] 334.00-335.00 sec   509 KBytes  4.17 Mbits/sec    0    501 KBytes       
[  4] 335.00-336.00 sec   445 KBytes  3.65 Mbits/sec    0    518 KBytes       
[  4] 336.00-337.00 sec   509 KBytes  4.17 Mbits/sec    0    525 KBytes       
[  4] 337.00-338.00 sec   127 KBytes  1.04 Mbits/sec    0    526 KBytes       
[  4] 338.00-339.00 sec   445 KBytes  3.65 Mbits/sec    0    527 KBytes       
[  4] 339.00-340.00 sec   255 KBytes  2.09 Mbits/sec    0    532 KBytes       
[  4] 340.00-341.00 sec   255 KBytes  2.08 Mbits/sec    0    537 KBytes       
[  4] 341.00-342.00 sec   382 KBytes  3.13 Mbits/sec    0    561 KBytes       
[  4] 342.00-343.00 sec   255 KBytes  2.08 Mbits/sec    0    581 KBytes       
[  4] 343.00-344.00 sec   445 KBytes  3.65 Mbits/sec    0    628 KBytes       
[  4] 344.00-345.00 sec   318 KBytes  2.61 Mbits/sec    0    699 KBytes       
[  4] 345.00-346.00 sec   255 KBytes  2.08 Mbits/sec    0    745 KBytes       
[  4] 346.00-347.00 sec   382 KBytes  3.12 Mbits/sec    0    870 KBytes       
[  4] 347.00-348.00 sec   255 KBytes  2.09 Mbits/sec    0    939 KBytes       
[  4] 348.00-349.00 sec   382 KBytes  3.13 Mbits/sec    0   1.11 MBytes       
[  4] 349.00-350.00 sec   382 KBytes  3.13 Mbits/sec    0   1.27 MBytes       
[  4] 350.00-351.00 sec  0.00 Bytes  0.00 bits/sec    8   1.26 MBytes       
[  4] 351.00-352.00 sec  0.00 Bytes  0.00 bits/sec  145    918 KBytes       
[  4] 352.00-353.00 sec  0.00 Bytes  0.00 bits/sec    2    918 KBytes       
[  4] 353.00-354.00 sec   700 KBytes  5.73 Mbits/sec    2    918 KBytes       
[  4] 354.00-355.00 sec  0.00 Bytes  0.00 bits/sec   51    918 KBytes       
[  4] 355.00-356.00 sec  0.00 Bytes  0.00 bits/sec   60    918 KBytes       
[  4] 356.00-357.00 sec  0.00 Bytes  0.00 bits/sec    7    918 KBytes       
[  4] 357.00-358.00 sec  63.6 KBytes   521 Kbits/sec    1   1.41 KBytes       
[  4] 358.00-359.00 sec   318 KBytes  2.61 Mbits/sec    0   2.83 KBytes       
[  4] 359.00-360.00 sec  0.00 Bytes  0.00 bits/sec    1   1.41 KBytes       
[  4] 360.00-361.00 sec  0.00 Bytes  0.00 bits/sec    2   2.83 KBytes       
[  4] 361.00-362.00 sec  0.00 Bytes  0.00 bits/sec   11   7.07 KBytes       
[  4] 362.00-363.00 sec  0.00 Bytes  0.00 bits/sec   13   9.90 KBytes       
[  4] 363.00-364.00 sec  0.00 Bytes  0.00 bits/sec   27   22.6 KBytes       
[  4] 364.00-365.00 sec  63.6 KBytes   522 Kbits/sec   58   49.5 KBytes       
[  4] 365.00-366.00 sec  63.6 KBytes   522 Kbits/sec   52   73.5 KBytes       
[  4] 366.00-367.00 sec  0.00 Bytes  0.00 bits/sec   26   86.3 KBytes       
[  4] 367.00-368.00 sec  63.6 KBytes   522 Kbits/sec   58    113 KBytes       
[  4] 368.00-369.00 sec  0.00 Bytes  0.00 bits/sec   90    148 KBytes       
[  4] 369.00-370.00 sec  0.00 Bytes  0.00 bits/sec   96    148 KBytes       
[  4] 370.00-371.00 sec  0.00 Bytes  0.00 bits/sec  165    148 KBytes       
[  4] 371.00-372.00 sec  0.00 Bytes  0.00 bits/sec  123    148 KBytes       
[  4] 372.00-373.00 sec  0.00 Bytes  0.00 bits/sec  174   1.41 KBytes       
[  4] 373.00-374.00 sec  63.6 KBytes   521 Kbits/sec    2   2.83 KBytes       
[  4] 374.00-375.00 sec  0.00 Bytes  0.00 bits/sec   29   33.9 KBytes       
[  4] 375.00-376.00 sec  1.06 MBytes  8.87 Mbits/sec  171    157 KBytes       
[  4] 376.00-377.00 sec   255 KBytes  2.08 Mbits/sec  185    170 KBytes       
[  4] 377.00-378.00 sec  0.00 Bytes  0.00 bits/sec    0    170 KBytes       
[  4] 378.00-379.00 sec  63.6 KBytes   521 Kbits/sec  138    195 KBytes       
[  4] 379.00-380.00 sec  0.00 Bytes  0.00 bits/sec  124    205 KBytes       
[  4] 380.00-381.00 sec  0.00 Bytes  0.00 bits/sec    0    232 KBytes       
[  4] 381.00-382.00 sec  0.00 Bytes  0.00 bits/sec    0    232 KBytes       
[  4] 382.00-383.00 sec  0.00 Bytes  0.00 bits/sec    0    264 KBytes       
[  4] 383.00-384.00 sec  0.00 Bytes  0.00 bits/sec    0    315 KBytes       
[  4] 384.00-385.00 sec  0.00 Bytes  0.00 bits/sec    0    382 KBytes       
[  4] 385.00-386.00 sec  0.00 Bytes  0.00 bits/sec    0    571 KBytes       
[  4] 386.00-387.00 sec  0.00 Bytes  0.00 bits/sec    0    571 KBytes       
[  4] 387.00-388.00 sec  0.00 Bytes  0.00 bits/sec    0    839 KBytes       
[  4] 388.00-389.00 sec  0.00 Bytes  0.00 bits/sec    0    868 KBytes       
[  4] 389.00-390.00 sec  0.00 Bytes  0.00 bits/sec    0    868 KBytes       
[  4] 390.00-391.00 sec  0.00 Bytes  0.00 bits/sec   82    691 KBytes       
[  4] 391.00-392.00 sec  0.00 Bytes  0.00 bits/sec  171    577 KBytes       
[  4] 392.00-393.00 sec   318 KBytes  2.61 Mbits/sec    0    607 KBytes       
[  4] 393.00-394.00 sec  0.00 Bytes  0.00 bits/sec    0    607 KBytes       
[  4] 394.00-395.00 sec  66.5 KBytes   544 Kbits/sec   20    484 KBytes       
[  4] 395.00-396.00 sec  0.00 Bytes  0.00 bits/sec    1   1.41 KBytes       
[  4] 396.00-397.00 sec   255 KBytes  2.09 Mbits/sec    0   1.41 KBytes       
[  4] 397.00-398.00 sec  0.00 Bytes  0.00 bits/sec    9   9.90 KBytes       
[  4] 398.00-399.00 sec  63.6 KBytes   522 Kbits/sec   25   35.4 KBytes       
[  4] 399.00-400.00 sec   382 KBytes  3.12 Mbits/sec   14    153 KBytes       
[  4] 400.00-401.00 sec  3.04 MBytes  25.5 Mbits/sec    0    670 KBytes       
[  4] 401.00-402.00 sec   445 KBytes  3.65 Mbits/sec    0    689 KBytes       
[  4] 402.00-403.00 sec   382 KBytes  3.13 Mbits/sec    0    703 KBytes       
[  4] 403.00-404.01 sec   382 KBytes  3.12 Mbits/sec    0    718 KBytes       
[  4] 404.01-405.00 sec   509 KBytes  4.18 Mbits/sec    0    738 KBytes       
[  4] 405.00-406.00 sec   255 KBytes  2.09 Mbits/sec    0    749 KBytes       
[  4] 406.00-407.00 sec   827 KBytes  6.77 Mbits/sec    0    806 KBytes       
[  4] 407.00-408.00 sec   255 KBytes  2.09 Mbits/sec    0    831 KBytes       
[  4] 408.00-409.00 sec  1018 KBytes  8.34 Mbits/sec    0    940 KBytes       
[  4] 409.00-410.00 sec   700 KBytes  5.74 Mbits/sec    0   1018 KBytes       
[  4] 410.00-411.00 sec  1.25 MBytes  10.5 Mbits/sec    0   1.16 MBytes       
[  4] 411.00-412.00 sec   502 KBytes  4.11 Mbits/sec    0   1.36 MBytes       
[  4] 412.00-413.00 sec  63.6 KBytes   520 Kbits/sec    0   1.41 MBytes       
[  4] 413.00-414.00 sec  0.00 Bytes  0.00 bits/sec   28   1.31 MBytes       
[  4] 414.00-415.00 sec  0.00 Bytes  0.00 bits/sec   97   1.01 MBytes       
[  4] 415.00-416.00 sec  0.00 Bytes  0.00 bits/sec   74   1010 KBytes       
[  4] 416.00-417.00 sec  0.00 Bytes  0.00 bits/sec   34   1010 KBytes       
[  4] 417.00-418.00 sec  63.6 KBytes   521 Kbits/sec    7   1010 KBytes       
[  4] 418.00-419.00 sec  0.00 Bytes  0.00 bits/sec    1   1.41 KBytes       
[  4] 419.00-420.00 sec   191 KBytes  1.56 Mbits/sec    0   1.41 KBytes       
[  4] 420.00-421.00 sec   318 KBytes  2.61 Mbits/sec    0   2.83 KBytes       
[  4] 421.00-422.00 sec  0.00 Bytes  0.00 bits/sec    0   2.83 KBytes       
[  4] 422.00-423.00 sec  0.00 Bytes  0.00 bits/sec    1   1.41 KBytes       
[  4] 423.00-424.00 sec  0.00 Bytes  0.00 bits/sec    2   2.83 KBytes       
[  4] 424.00-425.00 sec  0.00 Bytes  0.00 bits/sec    7   5.66 KBytes       
[  4] 425.00-426.00 sec  0.00 Bytes  0.00 bits/sec   13   11.3 KBytes       
[  4] 426.00-427.00 sec  0.00 Bytes  0.00 bits/sec   12   17.0 KBytes       
[  4] 427.00-428.00 sec  0.00 Bytes  0.00 bits/sec   18   25.5 KBytes       
[  4] 428.00-429.00 sec  0.00 Bytes  0.00 bits/sec   49   48.1 KBytes       
[  4] 429.00-430.00 sec  63.6 KBytes   521 Kbits/sec   78   84.8 KBytes       
[  4] 430.00-431.00 sec  63.6 KBytes   521 Kbits/sec   90    127 KBytes       
[  4] 431.00-432.00 sec  63.6 KBytes   521 Kbits/sec  135    191 KBytes       
[  4] 432.00-433.00 sec   127 KBytes  1.04 Mbits/sec  203    287 KBytes       
[  4] 433.00-434.00 sec  63.6 KBytes   521 Kbits/sec  174    369 KBytes       
[  4] 434.00-435.00 sec  63.6 KBytes   522 Kbits/sec  130    430 KBytes       
[  4] 435.00-436.00 sec   318 KBytes  2.60 Mbits/sec  456    645 KBytes       
[  4] 436.00-437.00 sec  0.00 Bytes  0.00 bits/sec    0    645 KBytes       
[  4] 437.00-438.00 sec  0.00 Bytes  0.00 bits/sec  401    706 KBytes       
[  4] 438.00-439.00 sec  0.00 Bytes  0.00 bits/sec   14    706 KBytes       
[  4] 439.00-440.00 sec  0.00 Bytes  0.00 bits/sec  341    706 KBytes       
[  4] 440.00-441.00 sec  63.6 KBytes   522 Kbits/sec   85    706 KBytes       
[  4] 441.00-442.00 sec  63.6 KBytes   521 Kbits/sec   60    706 KBytes       
[  4] 442.00-443.00 sec  0.00 Bytes  0.00 bits/sec    0    706 KBytes       
[  4] 443.00-444.00 sec  63.6 KBytes   522 Kbits/sec    1   1.41 KBytes       
[  4] 444.00-445.00 sec   255 KBytes  2.08 Mbits/sec    0   1.41 KBytes       
[  4] 445.00-446.00 sec  63.6 KBytes   522 Kbits/sec    7   9.90 KBytes       
[  4] 446.00-447.00 sec  63.6 KBytes   521 Kbits/sec   45   63.6 KBytes       
[  4] 447.00-448.00 sec   382 KBytes  3.13 Mbits/sec   66    407 KBytes       
[  4] 448.00-449.00 sec  2.50 MBytes  21.0 Mbits/sec    0    655 KBytes       
[  4] 449.00-450.00 sec  1.04 MBytes  8.74 Mbits/sec    0    675 KBytes       
[  4] 450.00-451.00 sec   255 KBytes  2.08 Mbits/sec    0    687 KBytes       
[  4] 451.00-452.00 sec   191 KBytes  1.56 Mbits/sec    0    697 KBytes       
[  4] 452.00-453.00 sec   509 KBytes  4.18 Mbits/sec    0    721 KBytes       
[  4] 453.00-454.00 sec  0.00 Bytes  0.00 bits/sec    0    723 KBytes       
[  4] 454.00-455.00 sec   700 KBytes  5.75 Mbits/sec    0    758 KBytes       
[  4] 455.00-456.00 sec   255 KBytes  2.09 Mbits/sec    0    776 KBytes       
[  4] 456.00-457.00 sec  0.00 Bytes  0.00 bits/sec    0    783 KBytes       
[  4] 457.00-458.00 sec  0.00 Bytes  0.00 bits/sec  105    547 KBytes       
[  4] 458.00-459.00 sec  0.00 Bytes  0.00 bits/sec    0    547 KBytes       
[  4] 459.00-460.00 sec  0.00 Bytes  0.00 bits/sec    0    547 KBytes       
[  4] 460.00-461.00 sec  0.00 Bytes  0.00 bits/sec    7    547 KBytes       
[  4] 461.00-462.00 sec  0.00 Bytes  0.00 bits/sec    1   1.41 KBytes       
[  4] 462.00-463.00 sec   318 KBytes  2.60 Mbits/sec   18   25.5 KBytes       
[  4] 463.00-464.00 sec   318 KBytes  2.61 Mbits/sec    5    409 KBytes       
[  4] 464.00-465.00 sec  2.49 MBytes  20.9 Mbits/sec    0    670 KBytes       
[  4] 465.00-466.00 sec   191 KBytes  1.56 Mbits/sec    0    683 KBytes       
[  4] 466.00-467.00 sec  0.00 Bytes  0.00 bits/sec   47    566 KBytes       
[  4] 467.00-468.00 sec   445 KBytes  3.65 Mbits/sec   39    478 KBytes       
[  4] 468.00-469.00 sec  1018 KBytes  8.34 Mbits/sec    0    489 KBytes       
[  4] 469.00-470.00 sec   127 KBytes  1.04 Mbits/sec    0    505 KBytes       
[  4] 470.00-471.00 sec  0.00 Bytes  0.00 bits/sec   19    468 KBytes       
[  4] 471.00-472.00 sec  63.6 KBytes   522 Kbits/sec    7    355 KBytes       
[  4] 472.00-473.00 sec   255 KBytes  2.08 Mbits/sec    0    355 KBytes       
[  4] 473.00-474.00 sec  1018 KBytes  8.33 Mbits/sec    0    372 KBytes       
[  4] 474.00-475.00 sec   445 KBytes  3.65 Mbits/sec    0    402 KBytes       
[  4] 475.00-476.00 sec   382 KBytes  3.13 Mbits/sec    0    417 KBytes       
[  4] 476.00-477.00 sec   445 KBytes  3.65 Mbits/sec    0    426 KBytes       
[  4] 477.00-478.00 sec   318 KBytes  2.60 Mbits/sec    0    430 KBytes       
[  4] 478.00-479.00 sec  63.6 KBytes   522 Kbits/sec    0    430 KBytes       
[  4] 479.00-480.00 sec   382 KBytes  3.13 Mbits/sec    0    434 KBytes       
[  4] 480.00-481.00 sec  0.00 Bytes  0.00 bits/sec   18    310 KBytes       
[  4] 481.00-482.00 sec  0.00 Bytes  0.00 bits/sec    0    303 KBytes       
[  4] 482.00-483.00 sec   764 KBytes  6.25 Mbits/sec    0    345 KBytes       
[  4] 483.00-484.00 sec   382 KBytes  3.13 Mbits/sec    0    386 KBytes       
[  4] 484.00-485.00 sec   255 KBytes  2.09 Mbits/sec    0    410 KBytes       
[  4] 485.00-486.00 sec   127 KBytes  1.04 Mbits/sec    0    414 KBytes       
[  4] 486.00-487.00 sec   382 KBytes  3.13 Mbits/sec    0    427 KBytes       
[  4] 487.00-488.00 sec  63.6 KBytes   521 Kbits/sec    0    428 KBytes       
[  4] 488.00-489.00 sec   382 KBytes  3.13 Mbits/sec    0    433 KBytes       
[  4] 489.00-490.00 sec   318 KBytes  2.61 Mbits/sec    0    440 KBytes       
[  4] 490.00-491.00 sec  63.6 KBytes   521 Kbits/sec    0    443 KBytes       
[  4] 491.00-492.00 sec   445 KBytes  3.65 Mbits/sec    0    472 KBytes       
[  4] 492.00-493.00 sec  0.00 Bytes  0.00 bits/sec    0    475 KBytes       
[  4] 493.00-494.00 sec   445 KBytes  3.65 Mbits/sec    0    547 KBytes       
[  4] 494.00-495.00 sec  0.00 Bytes  0.00 bits/sec    0    549 KBytes       
[  4] 495.00-496.00 sec   445 KBytes  3.65 Mbits/sec    6    670 KBytes       
[  4] 496.00-497.00 sec  0.00 Bytes  0.00 bits/sec    3    658 KBytes       
[  4] 497.00-498.00 sec  0.00 Bytes  0.00 bits/sec  114    478 KBytes       
[  4] 498.00-499.00 sec  0.00 Bytes  0.00 bits/sec   16    478 KBytes       
[  4] 499.00-500.00 sec  0.00 Bytes  0.00 bits/sec   48    450 KBytes       
[  4] 500.00-501.00 sec  0.00 Bytes  0.00 bits/sec   46   1.41 KBytes       
[  4] 501.00-502.00 sec  63.6 KBytes   521 Kbits/sec    6   8.48 KBytes       
[  4] 502.00-503.00 sec  1.25 MBytes  10.5 Mbits/sec  123    536 KBytes       
[  4] 503.00-504.00 sec   502 KBytes  4.11 Mbits/sec    0    544 KBytes       
[  4] 504.00-505.00 sec   382 KBytes  3.13 Mbits/sec    0    563 KBytes       
[  4] 505.00-506.00 sec   255 KBytes  2.09 Mbits/sec    0    576 KBytes       
[  4] 506.00-507.00 sec   191 KBytes  1.56 Mbits/sec   12    553 KBytes       
[  4] 507.00-508.00 sec  0.00 Bytes  0.00 bits/sec    0    455 KBytes       
[  4] 508.00-509.00 sec   445 KBytes  3.65 Mbits/sec   17    410 KBytes       
[  4] 509.00-510.00 sec   573 KBytes  4.69 Mbits/sec    0    424 KBytes       
[  4] 510.00-511.00 sec   127 KBytes  1.04 Mbits/sec    0    454 KBytes       
[  4] 511.00-512.00 sec   318 KBytes  2.61 Mbits/sec    0    505 KBytes       
[  4] 512.00-513.00 sec   191 KBytes  1.56 Mbits/sec    0    529 KBytes       
[  4] 513.00-514.00 sec   318 KBytes  2.60 Mbits/sec    0    553 KBytes       
[  4] 514.00-515.00 sec  63.6 KBytes   522 Kbits/sec    6    544 KBytes       
[  4] 515.00-516.00 sec  0.00 Bytes  0.00 bits/sec   39    390 KBytes       
[  4] 516.00-517.00 sec  0.00 Bytes  0.00 bits/sec    0    390 KBytes       
[  4] 517.00-518.00 sec  0.00 Bytes  0.00 bits/sec   39    390 KBytes       
[  4] 518.00-519.00 sec  0.00 Bytes  0.00 bits/sec   57    385 KBytes       
[  4] 519.00-520.00 sec  0.00 Bytes  0.00 bits/sec   14    383 KBytes       
[  4] 520.00-521.00 sec  0.00 Bytes  0.00 bits/sec   53   1.41 KBytes       
[  4] 521.00-522.00 sec  0.00 Bytes  0.00 bits/sec   16   19.8 KBytes       
[  4] 522.00-523.00 sec   191 KBytes  1.56 Mbits/sec  123    174 KBytes       
[  4] 523.00-524.00 sec   700 KBytes  5.74 Mbits/sec  135    286 KBytes       
[  4] 524.00-525.00 sec   509 KBytes  4.17 Mbits/sec    0    585 KBytes       
[  4] 525.00-526.00 sec  0.00 Bytes  0.00 bits/sec    0    585 KBytes       
[  4] 526.00-527.00 sec  63.6 KBytes   521 Kbits/sec  144    370 KBytes       
[  4] 527.00-528.00 sec  0.00 Bytes  0.00 bits/sec    0    370 KBytes       
[  4] 528.00-529.00 sec   382 KBytes  3.13 Mbits/sec   35    413 KBytes       
[  4] 529.00-530.00 sec  0.00 Bytes  0.00 bits/sec   36    413 KBytes       
[  4] 530.00-531.00 sec  0.00 Bytes  0.00 bits/sec   58    413 KBytes       
[  4] 531.00-532.00 sec  0.00 Bytes  0.00 bits/sec   12    375 KBytes       
[  4] 532.00-533.00 sec  0.00 Bytes  0.00 bits/sec    1   1.41 KBytes       
[  4] 533.00-534.00 sec   191 KBytes  1.56 Mbits/sec    2   2.83 KBytes       
[  4] 534.00-535.00 sec  0.00 Bytes  0.00 bits/sec    0   2.83 KBytes       
[  4] 535.00-536.00 sec  0.00 Bytes  0.00 bits/sec    7   9.90 KBytes       
[  4] 536.00-537.00 sec  0.00 Bytes  0.00 bits/sec   17   24.0 KBytes       
[  4] 537.00-538.00 sec  0.00 Bytes  0.00 bits/sec    0   24.0 KBytes       
[  4] 538.00-539.00 sec   127 KBytes  1.04 Mbits/sec   52   73.5 KBytes       
[  4] 539.00-540.00 sec  0.00 Bytes  0.00 bits/sec    0   73.5 KBytes       
[  4] 540.00-541.00 sec   509 KBytes  4.17 Mbits/sec    7    427 KBytes       
[  4] 541.00-542.00 sec  1.24 MBytes  10.4 Mbits/sec    0    491 KBytes       
[  4] 542.00-543.00 sec   191 KBytes  1.56 Mbits/sec    0    502 KBytes       
[  4] 543.00-544.00 sec  0.00 Bytes  0.00 bits/sec    0    502 KBytes       
[  4] 544.00-545.00 sec  63.6 KBytes   521 Kbits/sec   52    352 KBytes       
[  4] 545.00-546.00 sec  0.00 Bytes  0.00 bits/sec    0    352 KBytes       
[  4] 546.00-547.00 sec  0.00 Bytes  0.00 bits/sec   37    352 KBytes       
[  4] 547.00-548.00 sec  0.00 Bytes  0.00 bits/sec   53    352 KBytes       
[  4] 548.00-549.00 sec  0.00 Bytes  0.00 bits/sec   44    346 KBytes       
[  4] 549.00-550.00 sec  0.00 Bytes  0.00 bits/sec    1   1.41 KBytes       
[  4] 550.00-551.00 sec  0.00 Bytes  0.00 bits/sec    2   2.83 KBytes       
[  4] 551.00-552.00 sec  63.6 KBytes   521 Kbits/sec    7   9.90 KBytes       
[  4] 552.00-553.00 sec  0.00 Bytes  0.00 bits/sec    0   9.90 KBytes       
[  4] 553.00-554.00 sec  0.00 Bytes  0.00 bits/sec   14   19.8 KBytes       
[  4] 554.00-555.00 sec  0.00 Bytes  0.00 bits/sec    0   19.8 KBytes       
[  4] 555.00-556.00 sec  63.6 KBytes   521 Kbits/sec   41   58.0 KBytes       
[  4] 556.00-557.00 sec  0.00 Bytes  0.00 bits/sec    0   58.0 KBytes       
[  4] 557.00-558.00 sec   636 KBytes  5.21 Mbits/sec   28    375 KBytes       
[  4] 558.00-559.00 sec  0.00 Bytes  0.00 bits/sec    0    375 KBytes       
[  4] 559.00-560.00 sec  0.00 Bytes  0.00 bits/sec    0    375 KBytes       
[  4] 560.00-561.00 sec  0.00 Bytes  0.00 bits/sec    0    375 KBytes       
[  4] 561.00-562.00 sec  0.00 Bytes  0.00 bits/sec    0    375 KBytes       
[  4] 562.00-563.00 sec  0.00 Bytes  0.00 bits/sec    0    375 KBytes       
[  4] 563.00-564.00 sec  0.00 Bytes  0.00 bits/sec    0    375 KBytes       
[  4] 564.00-565.00 sec  0.00 Bytes  0.00 bits/sec    0    375 KBytes       
[  4] 565.00-566.00 sec  0.00 Bytes  0.00 bits/sec    9   8.48 KBytes       
[  4] 566.00-567.00 sec  0.00 Bytes  0.00 bits/sec    0   8.48 KBytes       
[  4] 567.00-568.00 sec  0.00 Bytes  0.00 bits/sec   27   38.2 KBytes       
[  4] 568.00-569.00 sec  0.00 Bytes  0.00 bits/sec    0   38.2 KBytes       
[  4] 569.00-570.00 sec   700 KBytes  5.73 Mbits/sec  205    290 KBytes       
[  4] 570.00-571.00 sec  0.00 Bytes  0.00 bits/sec    0    290 KBytes       
[  4] 571.00-572.00 sec   509 KBytes  4.17 Mbits/sec   18    313 KBytes       
[  4] 572.00-573.00 sec  0.00 Bytes  0.00 bits/sec    0    313 KBytes       
[  4] 573.00-574.00 sec  0.00 Bytes  0.00 bits/sec    0    313 KBytes       
[  4] 574.00-575.00 sec  0.00 Bytes  0.00 bits/sec    0    313 KBytes       
[  4] 575.00-576.00 sec  0.00 Bytes  0.00 bits/sec    0    313 KBytes       
[  4] 576.00-577.00 sec  0.00 Bytes  0.00 bits/sec    1   1.41 KBytes       
[  4] 577.00-578.00 sec   191 KBytes  1.56 Mbits/sec   16   14.1 KBytes       
[  4] 578.00-579.00 sec   127 KBytes  1.04 Mbits/sec   73    212 KBytes       
[  4] 579.00-580.00 sec  1018 KBytes  8.34 Mbits/sec    0    269 KBytes       
[  4] 580.00-581.00 sec  0.00 Bytes  0.00 bits/sec    0    269 KBytes       
[  4] 581.00-582.00 sec   318 KBytes  2.61 Mbits/sec    0    281 KBytes       
[  4] 582.00-583.00 sec  63.6 KBytes   521 Kbits/sec    0    286 KBytes       
[  4] 583.00-584.00 sec   191 KBytes  1.56 Mbits/sec    0    296 KBytes       
[  4] 584.00-585.00 sec  63.6 KBytes   521 Kbits/sec    0    313 KBytes       
[  4] 585.00-586.00 sec   191 KBytes  1.56 Mbits/sec    0    362 KBytes       
[  4] 586.00-587.00 sec  0.00 Bytes  0.00 bits/sec    0    373 KBytes       
[  4] 587.00-588.00 sec   318 KBytes  2.60 Mbits/sec    0    530 KBytes       
[  4] 588.00-589.00 sec  0.00 Bytes  0.00 bits/sec    0    532 KBytes       
[  4] 589.00-590.00 sec   255 KBytes  2.08 Mbits/sec    0    711 KBytes       
[  4] 590.00-591.00 sec   127 KBytes  1.04 Mbits/sec    0    798 KBytes       
[  4] 591.00-592.00 sec  63.6 KBytes   522 Kbits/sec    0    814 KBytes       
[  4] 592.00-593.00 sec   191 KBytes  1.56 Mbits/sec   52    831 KBytes       
[  4] 593.00-594.00 sec  0.00 Bytes  0.00 bits/sec   44    738 KBytes       
[  4] 594.00-595.00 sec  0.00 Bytes  0.00 bits/sec   11    701 KBytes       
[  4] 595.00-596.00 sec  0.00 Bytes  0.00 bits/sec  131    677 KBytes       
[  4] 596.00-597.00 sec  0.00 Bytes  0.00 bits/sec    0    677 KBytes       
[  4] 597.00-598.00 sec  0.00 Bytes  0.00 bits/sec   64    677 KBytes       
[  4] 598.00-599.00 sec  0.00 Bytes  0.00 bits/sec    3   1.41 KBytes       
[  4] 599.00-600.00 sec  63.6 KBytes   521 Kbits/sec    0   1.41 KBytes       
[  4] 600.00-601.00 sec  0.00 Bytes  0.00 bits/sec    0   2.83 KBytes       
[  4] 601.00-602.00 sec  0.00 Bytes  0.00 bits/sec    1   1.41 KBytes       
[  4] 602.00-603.00 sec  0.00 Bytes  0.00 bits/sec   27   7.07 KBytes       
[  4] 603.00-604.00 sec  0.00 Bytes  0.00 bits/sec  435   38.2 KBytes       
[  4] 604.00-605.00 sec  0.00 Bytes  0.00 bits/sec  375   63.6 KBytes       
[  4] 605.00-606.00 sec  0.00 Bytes  0.00 bits/sec  372    109 KBytes       
[  4] 606.00-607.00 sec  0.00 Bytes  0.00 bits/sec    0    137 KBytes       
[  4] 607.00-608.00 sec  0.00 Bytes  0.00 bits/sec    0    165 KBytes       
[  4] 608.00-609.00 sec   318 KBytes  2.61 Mbits/sec    0    189 KBytes       
[  4] 609.00-610.00 sec   445 KBytes  3.65 Mbits/sec    0    212 KBytes       
[  4] 610.00-611.00 sec   255 KBytes  2.08 Mbits/sec    0    246 KBytes       
[  4] 611.00-612.00 sec   382 KBytes  3.13 Mbits/sec    0    355 KBytes       
[  4] 612.00-613.00 sec   255 KBytes  2.09 Mbits/sec    0    455 KBytes       
[  4] 613.00-614.00 sec   318 KBytes  2.61 Mbits/sec    0    584 KBytes       
[  4] 614.00-615.00 sec  1.06 MBytes  8.86 Mbits/sec    0    717 KBytes       
[  4] 615.00-616.00 sec  1.25 MBytes  10.5 Mbits/sec    0    957 KBytes       
[  4] 616.00-617.00 sec  1.25 MBytes  10.5 Mbits/sec    0   1.05 MBytes       
[  4] 617.00-618.00 sec  48.9 KBytes   401 Kbits/sec   45    967 KBytes       
[  4] 618.00-619.00 sec  0.00 Bytes  0.00 bits/sec   98    751 KBytes       
[  4] 619.00-620.00 sec   255 KBytes  2.09 Mbits/sec   90    751 KBytes       
[  4] 620.00-621.00 sec   509 KBytes  4.17 Mbits/sec    7    751 KBytes       
[  4] 621.00-622.00 sec   445 KBytes  3.65 Mbits/sec    9    751 KBytes       
[  4] 622.00-623.00 sec  1.25 MBytes  10.5 Mbits/sec    0    758 KBytes       
[  4] 623.00-624.00 sec  1.05 MBytes  8.80 Mbits/sec    0    814 KBytes       
[  4] 624.00-625.00 sec   891 KBytes  7.30 Mbits/sec    0    889 KBytes       
[  4] 625.00-626.00 sec   700 KBytes  5.73 Mbits/sec    0    940 KBytes       
[  4] 626.00-627.00 sec   764 KBytes  6.26 Mbits/sec    0    991 KBytes       
[  4] 627.00-628.00 sec   573 KBytes  4.69 Mbits/sec    0   1018 KBytes       
[  4] 628.00-629.00 sec   573 KBytes  4.69 Mbits/sec    0   1.01 MBytes       
[  4] 629.00-630.00 sec   827 KBytes  6.78 Mbits/sec    0   1.03 MBytes       
[  4] 630.00-631.00 sec   509 KBytes  4.17 Mbits/sec    0   1.04 MBytes       
[  4] 631.00-632.00 sec   636 KBytes  5.22 Mbits/sec    0   1.04 MBytes       
[  4] 632.00-633.00 sec   764 KBytes  6.26 Mbits/sec    0   1.05 MBytes       
[  4] 633.00-634.00 sec   445 KBytes  3.65 Mbits/sec    0   1.05 MBytes       
[  4] 634.00-635.00 sec   891 KBytes  7.30 Mbits/sec    0   1.06 MBytes       
[  4] 635.00-636.00 sec   255 KBytes  2.08 Mbits/sec    0   1.07 MBytes       
[  4] 636.00-637.00 sec   764 KBytes  6.26 Mbits/sec    0   1.11 MBytes       
[  4] 637.00-638.00 sec   255 KBytes  2.09 Mbits/sec    0   1.13 MBytes       
[  4] 638.00-639.00 sec  1.25 MBytes  10.5 Mbits/sec    0   1.21 MBytes       
[  4] 639.00-640.00 sec   693 KBytes  5.67 Mbits/sec    0   1.23 MBytes       
[  4] 640.00-641.00 sec   382 KBytes  3.12 Mbits/sec    0   1.34 MBytes       
[  4] 641.00-642.00 sec  0.00 Bytes  0.00 bits/sec    0   1.37 MBytes       
[  4] 642.00-643.00 sec  0.00 Bytes  0.00 bits/sec   25   1.32 MBytes       
[  4] 643.00-644.00 sec  0.00 Bytes  0.00 bits/sec  128   1.04 MBytes       
[  4] 644.00-645.00 sec  0.00 Bytes  0.00 bits/sec    9    984 KBytes       
[  4] 645.00-646.02 sec  0.00 Bytes  0.00 bits/sec    0    984 KBytes       
[  4] 646.02-647.00 sec  0.00 Bytes  0.00 bits/sec  122    984 KBytes       
[  4] 647.00-648.00 sec  0.00 Bytes  0.00 bits/sec   26    984 KBytes       
[  4] 648.00-649.00 sec  0.00 Bytes  0.00 bits/sec   15    984 KBytes       
[  4] 649.00-650.00 sec   127 KBytes  1.04 Mbits/sec    1   1.41 KBytes       
[  4] 650.00-651.00 sec   445 KBytes  3.65 Mbits/sec    0   1.41 KBytes       
[  4] 651.00-652.00 sec  63.6 KBytes   521 Kbits/sec    0   5.66 KBytes       
[  4] 652.00-653.00 sec  0.00 Bytes  0.00 bits/sec    0   5.66 KBytes       
[  4] 653.00-654.00 sec  0.00 Bytes  0.00 bits/sec    3   2.83 KBytes       
[  4] 654.00-655.00 sec  0.00 Bytes  0.00 bits/sec   37   8.48 KBytes       
[  4] 655.00-656.00 sec  63.6 KBytes   522 Kbits/sec   11   9.90 KBytes       
[  4] 656.00-657.00 sec  0.00 Bytes  0.00 bits/sec   16   14.1 KBytes       
[  4] 657.00-658.00 sec  0.00 Bytes  0.00 bits/sec   16   22.6 KBytes       
[  4] 658.00-659.00 sec  63.6 KBytes   521 Kbits/sec   24   33.9 KBytes       
[  4] 659.00-660.00 sec  0.00 Bytes  0.00 bits/sec   37   50.9 KBytes       
[  4] 660.00-661.00 sec  63.6 KBytes   521 Kbits/sec   54   76.4 KBytes       
[  4] 661.00-662.00 sec  63.6 KBytes   522 Kbits/sec   81    115 KBytes       
[  4] 662.00-663.00 sec  63.6 KBytes   521 Kbits/sec  122    173 KBytes       
[  4] 663.00-664.00 sec   127 KBytes  1.04 Mbits/sec  183    259 KBytes       
[  4] 664.00-665.00 sec  0.00 Bytes  0.00 bits/sec    0    259 KBytes       
[  4] 665.00-666.00 sec   127 KBytes  1.04 Mbits/sec  274    387 KBytes       
[  4] 666.00-667.00 sec  0.00 Bytes  0.00 bits/sec   18    396 KBytes       
[  4] 667.00-668.00 sec  1.12 MBytes  9.38 Mbits/sec  715   1.17 MBytes       
[  4] 668.00-669.00 sec  0.00 Bytes  0.00 bits/sec    0   1.17 MBytes       
[  4] 669.00-670.00 sec  0.00 Bytes  0.00 bits/sec    0   1.17 MBytes       
[  4] 670.00-671.00 sec  0.00 Bytes  0.00 bits/sec    0   1.17 MBytes       
[  4] 671.00-672.00 sec  0.00 Bytes  0.00 bits/sec    0   1.17 MBytes       
[  4] 672.00-673.00 sec  0.00 Bytes  0.00 bits/sec    0   1.17 MBytes       
[  4] 673.00-674.00 sec  0.00 Bytes  0.00 bits/sec    0   1.17 MBytes       
[  4] 674.00-675.00 sec  0.00 Bytes  0.00 bits/sec    1   1.41 KBytes       
[  4] 675.00-676.00 sec  63.6 KBytes   521 Kbits/sec    0   1.41 KBytes       
[  4] 676.00-677.00 sec  63.6 KBytes   521 Kbits/sec  308    858 KBytes       
[  4] 677.00-678.00 sec  1.25 MBytes  10.5 Mbits/sec    0    858 KBytes       
[  4] 678.00-679.00 sec   374 KBytes  3.07 Mbits/sec    0    872 KBytes       
[  4] 679.00-680.00 sec   382 KBytes  3.13 Mbits/sec    0    891 KBytes       
[  4] 680.00-681.00 sec   382 KBytes  3.13 Mbits/sec    0    911 KBytes       
[  4] 681.00-682.00 sec   382 KBytes  3.13 Mbits/sec    0    930 KBytes       
[  4] 682.00-683.00 sec   509 KBytes  4.17 Mbits/sec    0    957 KBytes       
[  4] 683.00-684.00 sec   255 KBytes  2.09 Mbits/sec    0    993 KBytes       
[  4] 684.00-685.00 sec   509 KBytes  4.17 Mbits/sec    0   1.06 MBytes       
[  4] 685.00-686.00 sec   255 KBytes  2.08 Mbits/sec    0   1.12 MBytes       
[  4] 686.00-687.00 sec   382 KBytes  3.13 Mbits/sec    0   1.23 MBytes       
[  4] 687.00-688.00 sec   445 KBytes  3.65 Mbits/sec    0   1.38 MBytes       
[  4] 688.00-689.00 sec   318 KBytes  2.60 Mbits/sec    0   1.52 MBytes       
[  4] 689.00-690.00 sec   445 KBytes  3.65 Mbits/sec    0   1.76 MBytes       
[  4] 690.00-691.00 sec   445 KBytes  3.65 Mbits/sec    0   1.96 MBytes       
[  4] 691.00-692.00 sec  0.00 Bytes  0.00 bits/sec    0   1.97 MBytes       
[  4] 692.00-693.00 sec  0.00 Bytes  0.00 bits/sec  127   1.59 MBytes       
[  4] 693.00-694.00 sec  0.00 Bytes  0.00 bits/sec   76   1.38 MBytes       
[  4] 694.00-695.00 sec  0.00 Bytes  0.00 bits/sec   57   1.38 MBytes       
[  4] 695.00-696.00 sec  0.00 Bytes  0.00 bits/sec    0   1.38 MBytes       
[  4] 696.00-697.00 sec  0.00 Bytes  0.00 bits/sec    0   1.38 MBytes       
[  4] 697.00-698.00 sec  0.00 Bytes  0.00 bits/sec    0   1.38 MBytes       
[  4] 698.00-699.00 sec  74.9 KBytes   614 Kbits/sec    0   1.38 MBytes       
[  4] 699.00-700.00 sec  0.00 Bytes  0.00 bits/sec  1157    819 KBytes       
[  4] 700.00-701.00 sec  0.00 Bytes  0.00 bits/sec  1165   1.38 MBytes       
[  4] 701.00-702.00 sec   266 KBytes  2.18 Mbits/sec  423   1.38 MBytes       
[  4] 702.00-703.00 sec  1.70 MBytes  14.2 Mbits/sec    0   1.38 MBytes       
[  4] 703.00-704.00 sec   966 KBytes  7.93 Mbits/sec    0   1.43 MBytes       
[  4] 704.00-705.00 sec  1.01 MBytes  8.43 Mbits/sec    0   1.48 MBytes       
[  4] 705.00-706.00 sec  1.03 MBytes  8.65 Mbits/sec    0   1.53 MBytes       
[  4] 706.00-707.00 sec  1.01 MBytes  8.49 Mbits/sec    0   1.53 MBytes       
[  4] 707.00-708.00 sec   913 KBytes  7.49 Mbits/sec    0   1.53 MBytes       
[  4] 708.00-709.00 sec   393 KBytes  3.22 Mbits/sec    0   1.53 MBytes       
[  4] 709.00-709.16 sec  5.00 MBytes   266 Mbits/sec    0   1.53 MBytes       
- - - - - - - - - - - - - - - - - - - - - - - - -
[ ID] Interval           Transfer     Bandwidth       Retr
[  4]   0.00-709.16 sec   200 MBytes  2.37 Mbits/sec  29398             sender
[  4]   0.00-709.16 sec   196 MBytes  2.31 Mbits/sec                  receiver

iperf Done.
