Connecting to host 10.0.0.2, port 5202
[  4] local 10.0.0.1 port 46112 connected to 10.0.0.2 port 5202
[ ID] Interval           Transfer     Bandwidth       Retr  Cwnd
[  4]   0.00-1.00   sec   510 KBytes  4.18 Mbits/sec    0   49.5 KBytes       
[  4]   1.00-2.00   sec   445 KBytes  3.65 Mbits/sec    0   67.9 KBytes       
[  4]   2.00-3.00   sec   509 KBytes  4.17 Mbits/sec    0   87.7 KBytes       
[  4]   3.00-4.00   sec   636 KBytes  5.21 Mbits/sec    0    112 KBytes       
[  4]   4.00-5.00   sec   700 KBytes  5.73 Mbits/sec    0    140 KBytes       
[  4]   5.00-6.00   sec   636 KBytes  5.21 Mbits/sec    0    165 KBytes       
[  4]   6.00-7.00   sec   700 KBytes  5.73 Mbits/sec    0    197 KBytes       
[  4]   7.00-8.00   sec   891 KBytes  7.30 Mbits/sec    0    262 KBytes       
[  4]   8.00-9.00   sec  1.06 MBytes  8.86 Mbits/sec    0    359 KBytes       
[  4]   9.00-10.00  sec   764 KBytes  6.25 Mbits/sec    0    428 KBytes       
[  4]  10.00-11.00  sec  1.49 MBytes  12.5 Mbits/sec    0    595 KBytes       
[  4]  11.00-12.00  sec  1.25 MBytes  10.5 Mbits/sec    0    754 KBytes       
[  4]  12.00-12.65  sec  1.25 MBytes  16.1 Mbits/sec    0    933 KBytes       
- - - - - - - - - - - - - - - - - - - - - - - - -
[ ID] Interval           Transfer     Bandwidth       Retr
[  4]   0.00-12.65  sec  10.7 MBytes  7.10 Mbits/sec    0             sender
[  4]   0.00-12.65  sec  7.06 MBytes  4.68 Mbits/sec                  receiver

iperf Done.
