-----------------------------------------------------------
Server listening on 5201
-----------------------------------------------------------
Accepted connection from 10.0.0.1, port 57891
[  5] local 10.0.0.2 port 5201 connected to 10.0.0.1 port 46110
[ ID] Interval           Transfer     Bandwidth
[  5]   0.00-1.00   sec   819 KBytes  6.70 Mbits/sec                  
[  5]   1.00-2.00   sec   594 KBytes  4.86 Mbits/sec                  
[  5]   2.00-3.00   sec   737 KBytes  6.04 Mbits/sec                  
[  5]   3.00-4.00   sec   735 KBytes  6.02 Mbits/sec                  
[  5]   4.00-5.00   sec   725 KBytes  5.94 Mbits/sec                  
[  5]   5.00-6.00   sec   701 KBytes  5.74 Mbits/sec                  
[  5]   6.00-7.00   sec   749 KBytes  6.14 Mbits/sec                  
[  5]   7.00-8.00   sec   592 KBytes  4.85 Mbits/sec                  
[  5]   8.00-9.00   sec   752 KBytes  6.16 Mbits/sec                  
[  5]   9.00-10.00  sec   648 KBytes  5.31 Mbits/sec                  
[  5]  10.00-11.00  sec   700 KBytes  5.73 Mbits/sec                  
[  5]  11.00-11.85  sec   363 KBytes  3.51 Mbits/sec                  
- - - - - - - - - - - - - - - - - - - - - - - - -
[ ID] Interval           Transfer     Bandwidth
[  5]   0.00-11.85  sec  0.00 Bytes  0.00 bits/sec                  sender
[  5]   0.00-11.85  sec  7.93 MBytes  5.61 Mbits/sec                  receiver
