-----------------------------------------------------------
Server listening on 5201
-----------------------------------------------------------
Accepted connection from 10.0.0.1, port 40296
[  5] local 10.0.0.2 port 5201 connected to 10.0.0.1 port 46110
[ ID] Interval           Transfer     Bandwidth
[  5]   0.00-1.00   sec   744 KBytes  6.09 Mbits/sec                  
[  5]   1.00-2.00   sec   773 KBytes  6.34 Mbits/sec                  
[  5]   2.00-3.00   sec   829 KBytes  6.78 Mbits/sec                  
[  5]   3.00-4.00   sec   839 KBytes  6.87 Mbits/sec                  
[  5]   4.00-5.00   sec   851 KBytes  6.97 Mbits/sec                  
[  5]   5.00-6.00   sec   860 KBytes  7.04 Mbits/sec                  
[  5]   6.00-7.00   sec   826 KBytes  6.77 Mbits/sec                  
[  5]   7.00-8.00   sec   898 KBytes  7.36 Mbits/sec                  
[  5]   8.00-9.00   sec   817 KBytes  6.69 Mbits/sec                  
[  5]   9.00-10.00  sec   720 KBytes  5.90 Mbits/sec                  
[  5]  10.00-10.59  sec   262 KBytes  3.66 Mbits/sec                  
- - - - - - - - - - - - - - - - - - - - - - - - -
[ ID] Interval           Transfer     Bandwidth
[  5]   0.00-10.59  sec  0.00 Bytes  0.00 bits/sec                  sender
[  5]   0.00-10.59  sec  8.22 MBytes  6.51 Mbits/sec                  receiver
