-----------------------------------------------------------
Server listening on 5206
-----------------------------------------------------------
Accepted connection from 10.0.0.1, port 33930
[  5] local 10.0.0.2 port 5206 connected to 10.0.0.1 port 46120
[ ID] Interval           Transfer     Bandwidth
[  5]   0.00-1.01   sec  0.00 Bytes  0.00 bits/sec                  
[  5]   1.01-2.00   sec  0.00 Bytes  0.00 bits/sec                  
[  5]   2.00-3.01   sec  14.1 KBytes   114 Kbits/sec                  
[  5]   3.01-4.00   sec  14.1 KBytes   117 Kbits/sec                  
[  5]   4.00-5.00   sec  22.6 KBytes   186 Kbits/sec                  
[  5]   5.00-6.00   sec  33.9 KBytes   278 Kbits/sec                  
[  5]   6.00-7.00   sec  0.00 Bytes  0.00 bits/sec                  
[  5]   7.00-8.00   sec  50.9 KBytes   417 Kbits/sec                  
[  5]   8.00-9.00   sec  0.00 Bytes  0.00 bits/sec                  
[  5]   9.00-10.00  sec  18.4 KBytes   151 Kbits/sec                  
[  5]  10.00-11.00  sec  0.00 Bytes  0.00 bits/sec                  
[  5]  11.00-12.00  sec   122 KBytes   998 Kbits/sec                  
[  5]  12.00-13.00  sec  62.2 KBytes   510 Kbits/sec                  
[  5]  13.00-14.00  sec  72.1 KBytes   591 Kbits/sec                  
[  5]  14.00-15.00  sec  79.2 KBytes   648 Kbits/sec                  
[  5]  15.00-16.00  sec  2.83 KBytes  23.2 Kbits/sec                  
[  5]  16.00-17.02  sec  79.2 KBytes   636 Kbits/sec                  
[  5]  17.02-18.02  sec  18.4 KBytes   150 Kbits/sec                  
[  5]  18.02-19.00  sec  65.0 KBytes   544 Kbits/sec                  
[  5]  19.00-20.01  sec  0.00 Bytes  0.00 bits/sec                  
[  5]  20.01-21.00  sec  99.0 KBytes   814 Kbits/sec                  
[  5]  21.00-22.08  sec   119 KBytes   902 Kbits/sec                  
[  5]  22.08-23.00  sec   181 KBytes  1.61 Mbits/sec                  
[  5]  23.00-24.00  sec   205 KBytes  1.68 Mbits/sec                  
[  5]  24.00-25.01  sec   136 KBytes  1.11 Mbits/sec                  
[  5]  25.01-26.01  sec   420 KBytes  3.43 Mbits/sec                  
[  5]  26.01-27.00  sec  73.5 KBytes   607 Kbits/sec                  
[  5]  27.00-28.11  sec   325 KBytes  2.41 Mbits/sec                  
[  5]  28.11-29.00  sec  63.6 KBytes   582 Kbits/sec                  
[  5]  29.00-30.00  sec  0.00 Bytes  0.00 bits/sec                  
[  5]  30.00-31.00  sec  48.1 KBytes   395 Kbits/sec                  
[  5]  31.00-32.00  sec  0.00 Bytes  0.00 bits/sec                  
[  5]  32.00-33.00  sec   812 KBytes  6.67 Mbits/sec                  
[  5]  33.00-34.00  sec   714 KBytes  5.85 Mbits/sec                  
[  5]  34.00-35.01  sec   216 KBytes  1.77 Mbits/sec                  
[  5]  35.01-36.00  sec   352 KBytes  2.90 Mbits/sec                  
[  5]  36.00-37.04  sec  50.9 KBytes   401 Kbits/sec                  
[  5]  37.04-38.00  sec   283 KBytes  2.41 Mbits/sec                  
[  5]  38.00-39.00  sec   167 KBytes  1.37 Mbits/sec                  
[  5]  39.00-40.00  sec   216 KBytes  1.77 Mbits/sec                  
[  5]  40.00-41.02  sec   257 KBytes  2.07 Mbits/sec                  
[  5]  41.02-42.01  sec   189 KBytes  1.58 Mbits/sec                  
[  5]  42.01-43.01  sec   266 KBytes  2.17 Mbits/sec                  
[  5]  43.01-44.02  sec  45.2 KBytes   367 Kbits/sec                  
- - - - - - - - - - - - - - - - - - - - - - - - -
[ ID] Interval           Transfer     Bandwidth
[  5]   0.00-44.02  sec  0.00 Bytes  0.00 bits/sec                  sender
[  5]   0.00-44.02  sec  5.76 MBytes  1.10 Mbits/sec                  receiver
