-----------------------------------------------------------
Server listening on 5202
-----------------------------------------------------------
Accepted connection from 10.0.0.1, port 55831
[  5] local 10.0.0.2 port 5202 connected to 10.0.0.1 port 46112
[ ID] Interval           Transfer     Bandwidth
[  5]   0.00-1.00   sec   139 KBytes  1.14 Mbits/sec                  
[  5]   1.00-2.00   sec  91.9 KBytes   753 Kbits/sec                  
[  5]   2.00-3.00   sec   115 KBytes   935 Kbits/sec                  
[  5]   3.00-4.00   sec   102 KBytes   835 Kbits/sec                  
[  5]   4.00-5.01   sec   191 KBytes  1.56 Mbits/sec                  
[  5]   5.01-6.00   sec   154 KBytes  1.27 Mbits/sec                  
[  5]   6.00-7.03   sec  63.6 KBytes   504 Kbits/sec                  
[  5]   7.03-8.01   sec  29.7 KBytes   249 Kbits/sec                  
[  5]   8.01-9.00   sec   161 KBytes  1.33 Mbits/sec                  
[  5]   9.00-10.00  sec   170 KBytes  1.39 Mbits/sec                  
[  5]  10.00-11.01  sec   221 KBytes  1.80 Mbits/sec                  
[  5]  11.01-12.00  sec   204 KBytes  1.68 Mbits/sec                  
[  5]  12.00-13.00  sec   245 KBytes  2.00 Mbits/sec                  
[  5]  13.00-14.01  sec   229 KBytes  1.88 Mbits/sec                  
[  5]  14.01-15.00  sec   214 KBytes  1.76 Mbits/sec                  
[  5]  15.00-16.01  sec   123 KBytes   997 Kbits/sec                  
[  5]  16.01-17.01  sec  0.00 Bytes  0.00 bits/sec                  
[  5]  17.01-18.00  sec   194 KBytes  1.60 Mbits/sec                  
[  5]  18.00-19.00  sec  1018 KBytes  8.37 Mbits/sec                  
[  5]  19.00-20.00  sec   417 KBytes  3.42 Mbits/sec                  
[  5]  20.00-21.00  sec   482 KBytes  3.95 Mbits/sec                  
[  5]  21.00-22.00  sec   444 KBytes  3.62 Mbits/sec                  
[  5]  22.00-23.00  sec   346 KBytes  2.85 Mbits/sec                  
[  5]  23.00-24.00  sec   433 KBytes  3.54 Mbits/sec                  
[  5]  24.00-25.00  sec   404 KBytes  3.32 Mbits/sec                  
[  5]  25.00-25.74  sec   255 KBytes  2.81 Mbits/sec                  
- - - - - - - - - - - - - - - - - - - - - - - - -
[ ID] Interval           Transfer     Bandwidth
[  5]   0.00-25.74  sec  0.00 Bytes  0.00 bits/sec                  sender
[  5]   0.00-25.74  sec  6.29 MBytes  2.05 Mbits/sec                  receiver
