-----------------------------------------------------------
Server listening on 5205
-----------------------------------------------------------
Accepted connection from 10.0.0.1, port 57456
[  5] local 10.0.0.2 port 5205 connected to 10.0.0.1 port 46118
[ ID] Interval           Transfer     Bandwidth
[  5]   0.00-1.05   sec  0.00 Bytes  0.00 bits/sec                  
[  5]   1.05-2.00   sec  14.1 KBytes   121 Kbits/sec                  
[  5]   2.00-3.02   sec  0.00 Bytes  0.00 bits/sec                  
[  5]   3.02-4.00   sec  14.1 KBytes   118 Kbits/sec                  
[  5]   4.00-5.01   sec  19.8 KBytes   161 Kbits/sec                  
[  5]   5.01-6.00   sec  0.00 Bytes  0.00 bits/sec                  
[  5]   6.00-7.60   sec  0.00 Bytes  0.00 bits/sec                  
[  5]   7.60-8.00   sec  0.00 Bytes  0.00 bits/sec                  
[  5]   8.00-9.75   sec  0.00 Bytes  0.00 bits/sec                  
[  5]   9.75-10.37  sec  0.00 Bytes  0.00 bits/sec                  
[  5]  10.37-11.00  sec  0.00 Bytes  0.00 bits/sec                  
[  5]  11.00-12.01  sec  0.00 Bytes  0.00 bits/sec                  
[  5]  12.01-13.01  sec  31.1 KBytes   256 Kbits/sec                  
[  5]  13.01-14.01  sec  0.00 Bytes  0.00 bits/sec                  
[  5]  14.01-15.22  sec  1.41 KBytes  9.57 Kbits/sec                  
[  5]  15.22-16.79  sec  0.00 Bytes  0.00 bits/sec                  
[  5]  16.79-17.00  sec  0.00 Bytes  0.00 bits/sec                  
[  5]  17.00-18.02  sec  45.2 KBytes   364 Kbits/sec                  
[  5]  18.02-19.01  sec  66.5 KBytes   552 Kbits/sec                  
[  5]  19.01-20.00  sec  80.6 KBytes   663 Kbits/sec                  
[  5]  20.00-21.00  sec  45.2 KBytes   372 Kbits/sec                  
[  5]  21.00-22.00  sec   130 KBytes  1.06 Mbits/sec                  
[  5]  22.00-23.00  sec   215 KBytes  1.76 Mbits/sec                  
[  5]  23.00-24.00  sec   211 KBytes  1.72 Mbits/sec                  
[  5]  24.00-25.00  sec   139 KBytes  1.14 Mbits/sec                  
[  5]  25.00-26.00  sec   436 KBytes  3.56 Mbits/sec                  
[  5]  26.00-27.00  sec  29.7 KBytes   244 Kbits/sec                  
[  5]  27.00-28.00  sec   416 KBytes  3.40 Mbits/sec                  
[  5]  28.00-29.00  sec  19.8 KBytes   163 Kbits/sec                  
[  5]  29.00-30.03  sec  0.00 Bytes  0.00 bits/sec                  
[  5]  30.03-31.01  sec  0.00 Bytes  0.00 bits/sec                  
[  5]  31.01-32.00  sec  14.1 KBytes   116 Kbits/sec                  
[  5]  32.00-33.00  sec  0.00 Bytes  0.00 bits/sec                  
[  5]  33.00-34.00  sec  0.00 Bytes  0.00 bits/sec                  
[  5]  34.00-35.00  sec  0.00 Bytes  0.00 bits/sec                  
[  5]  35.00-36.00  sec  1.39 MBytes  11.6 Mbits/sec                  
[  5]  36.00-37.03  sec   157 KBytes  1.25 Mbits/sec                  
[  5]  37.03-38.00  sec   175 KBytes  1.47 Mbits/sec                  
[  5]  38.00-39.00  sec   225 KBytes  1.84 Mbits/sec                  
[  5]  39.00-40.00  sec   506 KBytes  4.14 Mbits/sec                  
[  5]  40.00-41.01  sec   165 KBytes  1.35 Mbits/sec                  
[  5]  41.01-42.00  sec   178 KBytes  1.47 Mbits/sec                  
[  5]  42.00-43.03  sec   564 KBytes  4.48 Mbits/sec                  
[  5]  43.03-44.02  sec  1.41 KBytes  11.8 Kbits/sec                  
[  5]  44.02-45.02  sec   546 KBytes  4.46 Mbits/sec                  
[  5]  45.02-46.01  sec   230 KBytes  1.91 Mbits/sec                  
[  5]  46.01-47.00  sec  0.00 Bytes  0.00 bits/sec                  
[  5]  47.00-47.37  sec   116 KBytes  2.59 Mbits/sec                  
- - - - - - - - - - - - - - - - - - - - - - - - -
[ ID] Interval           Transfer     Bandwidth
[  5]   0.00-47.37  sec  0.00 Bytes  0.00 bits/sec                  sender
[  5]   0.00-47.37  sec  6.07 MBytes  1.07 Mbits/sec                  receiver
