Connecting to host 10.0.0.2, port 5202
[  4] local 10.0.0.1 port 46112 connected to 10.0.0.2 port 5202
[ ID] Interval           Transfer     Bandwidth       Retr  Cwnd
[  4]   0.00-1.00   sec   257 KBytes  2.10 Mbits/sec    0   19.8 KBytes       
[  4]   1.00-2.01   sec   139 KBytes  1.13 Mbits/sec    0   25.5 KBytes       
[  4]   2.01-3.00   sec   127 KBytes  1.05 Mbits/sec    0   31.1 KBytes       
[  4]   3.00-4.00   sec   191 KBytes  1.57 Mbits/sec    0   42.4 KBytes       
[  4]   4.00-5.00   sec   318 KBytes  2.60 Mbits/sec    0   72.1 KBytes       
[  4]   5.00-6.00   sec   382 KBytes  3.13 Mbits/sec    0    110 KBytes       
[  4]   6.00-7.03   sec   255 KBytes  2.02 Mbits/sec    0    139 KBytes       
[  4]   7.03-8.01   sec  63.6 KBytes   534 Kbits/sec    0    153 KBytes       
[  4]   8.01-9.00   sec   509 KBytes  4.20 Mbits/sec    0    212 KBytes       
[  4]   9.00-10.00  sec   636 KBytes  5.22 Mbits/sec    0    293 KBytes       
[  4]  10.00-11.00  sec   764 KBytes  6.24 Mbits/sec    0    395 KBytes       
[  4]  11.00-12.01  sec   573 KBytes  4.69 Mbits/sec    0    462 KBytes       
[  4]  12.01-13.00  sec   827 KBytes  6.79 Mbits/sec    0    570 KBytes       
[  4]  13.00-14.00  sec   827 KBytes  6.77 Mbits/sec    0    680 KBytes       
[  4]  14.00-15.01  sec   764 KBytes  6.24 Mbits/sec    0    783 KBytes       
[  4]  15.01-16.01  sec   382 KBytes  3.12 Mbits/sec   21    738 KBytes       
[  4]  16.01-17.01  sec  0.00 Bytes  0.00 bits/sec   80    581 KBytes       
[  4]  17.01-18.00  sec  63.6 KBytes   525 Kbits/sec    0    581 KBytes       
[  4]  18.00-19.00  sec  1.12 MBytes  9.39 Mbits/sec    0    594 KBytes       
[  4]  19.00-20.00  sec   509 KBytes  4.18 Mbits/sec    0    634 KBytes       
[  4]  20.00-21.00  sec   509 KBytes  4.17 Mbits/sec    0    687 KBytes       
[  4]  21.00-22.00  sec   382 KBytes  3.12 Mbits/sec    0    734 KBytes       
[  4]  22.00-23.00  sec   318 KBytes  2.61 Mbits/sec    0    762 KBytes       
[  4]  23.00-24.00  sec   445 KBytes  3.66 Mbits/sec    0    788 KBytes       
[  4]  24.00-24.00  sec  0.00 Bytes  0.00 bits/sec    0    788 KBytes       
- - - - - - - - - - - - - - - - - - - - - - - - -
[ ID] Interval           Transfer     Bandwidth       Retr
[  4]   0.00-24.00  sec  10.1 MBytes  3.55 Mbits/sec  101             sender
[  4]   0.00-24.00  sec  6.29 MBytes  2.20 Mbits/sec                  receiver

iperf Done.
