-----------------------------------------------------------
Server listening on 5206
-----------------------------------------------------------
Accepted connection from 10.0.0.1, port 42580
[  5] local 10.0.0.2 port 5206 connected to 10.0.0.1 port 46120
[ ID] Interval           Transfer     Bandwidth
[  5]   0.00-1.01   sec  14.1 KBytes   114 Kbits/sec                  
[  5]   1.01-2.00   sec  14.1 KBytes   117 Kbits/sec                  
[  5]   2.00-3.00   sec  8.48 KBytes  69.6 Kbits/sec                  
[  5]   3.00-4.01   sec  7.07 KBytes  57.7 Kbits/sec                  
[  5]   4.01-5.00   sec  22.6 KBytes   185 Kbits/sec                  
[  5]   5.00-6.01   sec  0.00 Bytes  0.00 bits/sec                  
[  5]   6.01-7.01   sec  33.9 KBytes   280 Kbits/sec                  
[  5]   7.01-8.00   sec  0.00 Bytes  0.00 bits/sec                  
[  5]   8.00-9.00   sec  21.2 KBytes   173 Kbits/sec                  
[  5]   9.00-10.00  sec  29.7 KBytes   244 Kbits/sec                  
[  5]  10.00-11.00  sec  0.00 Bytes  0.00 bits/sec                  
[  5]  11.00-12.00  sec  76.4 KBytes   625 Kbits/sec                  
[  5]  12.00-13.00  sec  43.8 KBytes   360 Kbits/sec                  
[  5]  13.00-14.04  sec  70.7 KBytes   560 Kbits/sec                  
[  5]  14.04-15.00  sec   171 KBytes  1.45 Mbits/sec                  
[  5]  15.00-16.00  sec  0.00 Bytes  0.00 bits/sec                  
[  5]  16.00-17.00  sec   257 KBytes  2.11 Mbits/sec                  
[  5]  17.00-18.00  sec  0.00 Bytes  0.00 bits/sec                  
[  5]  18.00-19.00  sec   310 KBytes  2.54 Mbits/sec                  
[  5]  19.00-20.01  sec  48.1 KBytes   390 Kbits/sec                  
[  5]  20.01-21.00  sec   137 KBytes  1.13 Mbits/sec                  
[  5]  21.00-22.00  sec   315 KBytes  2.58 Mbits/sec                  
[  5]  22.00-23.00  sec  0.00 Bytes  0.00 bits/sec                  
[  5]  23.00-24.00  sec   212 KBytes  1.74 Mbits/sec                  
[  5]  24.00-25.02  sec  0.00 Bytes  0.00 bits/sec                  
[  5]  25.02-26.00  sec  0.00 Bytes  0.00 bits/sec                  
[  5]  26.00-27.00  sec   373 KBytes  3.06 Mbits/sec                  
[  5]  27.00-28.00  sec   167 KBytes  1.37 Mbits/sec                  
[  5]  28.00-29.00  sec   758 KBytes  6.20 Mbits/sec                  
[  5]  29.00-30.00  sec  1.41 KBytes  11.6 Kbits/sec                  
[  5]  30.00-31.00  sec   509 KBytes  4.18 Mbits/sec                  
[  5]  31.00-32.00  sec  53.7 KBytes   440 Kbits/sec                  
[  5]  32.00-33.02  sec   485 KBytes  3.90 Mbits/sec                  
[  5]  33.02-34.00  sec   168 KBytes  1.40 Mbits/sec                  
[  5]  34.00-35.00  sec   303 KBytes  2.48 Mbits/sec                  
[  5]  35.00-36.00  sec   416 KBytes  3.40 Mbits/sec                  
[  5]  36.00-37.00  sec   297 KBytes  2.43 Mbits/sec                  
[  5]  37.00-38.00  sec   450 KBytes  3.69 Mbits/sec                  
[  5]  38.00-39.00  sec  0.00 Bytes  0.00 bits/sec                  
[  5]  39.00-40.00  sec   556 KBytes  4.54 Mbits/sec                  
[  5]  40.00-41.00  sec   205 KBytes  1.69 Mbits/sec                  
[  5]  41.00-42.01  sec  0.00 Bytes  0.00 bits/sec                  
[  5]  42.01-42.50  sec  11.3 KBytes   188 Kbits/sec                  
- - - - - - - - - - - - - - - - - - - - - - - - -
[ ID] Interval           Transfer     Bandwidth
[  5]   0.00-42.50  sec  0.00 Bytes  0.00 bits/sec                  sender
[  5]   0.00-42.50  sec  6.39 MBytes  1.26 Mbits/sec                  receiver
