Connecting to host 10.0.0.2, port 5205
[  4] local 10.0.0.1 port 46118 connected to 10.0.0.2 port 5205
[ ID] Interval           Transfer     Bandwidth       Retr  Cwnd
[  4]   0.00-1.01   sec  82.0 KBytes   667 Kbits/sec    1   14.1 KBytes       
[  4]   1.01-2.01   sec  14.1 KBytes   116 Kbits/sec    0   14.1 KBytes       
[  4]   2.01-3.00   sec  0.00 Bytes  0.00 bits/sec    0   14.1 KBytes       
[  4]   3.00-4.01   sec  56.6 KBytes   462 Kbits/sec    0   19.8 KBytes       
[  4]   4.01-5.01   sec  0.00 Bytes  0.00 bits/sec    0   19.8 KBytes       
[  4]   5.01-6.00   sec   212 KBytes  1.75 Mbits/sec    0   46.7 KBytes       
[  4]   6.00-7.00   sec   191 KBytes  1.56 Mbits/sec    0   69.3 KBytes       
[  4]   7.00-8.01   sec  0.00 Bytes  0.00 bits/sec    0   69.3 KBytes       
[  4]   8.01-9.00   sec   255 KBytes  2.10 Mbits/sec    0    105 KBytes       
[  4]   9.00-10.00  sec  0.00 Bytes  0.00 bits/sec    0    105 KBytes       
[  4]  10.00-11.01  sec  0.00 Bytes  0.00 bits/sec   35   66.5 KBytes       
[  4]  11.01-12.00  sec  0.00 Bytes  0.00 bits/sec    0   66.5 KBytes       
[  4]  12.00-13.10  sec   191 KBytes  1.43 Mbits/sec    0   86.3 KBytes       
[  4]  13.10-14.00  sec  63.6 KBytes   577 Kbits/sec    0   96.2 KBytes       
[  4]  14.00-15.00  sec   127 KBytes  1.04 Mbits/sec    0    103 KBytes       
[  4]  15.00-16.00  sec  63.6 KBytes   520 Kbits/sec    0    105 KBytes       
[  4]  16.00-17.01  sec  0.00 Bytes  0.00 bits/sec    0    105 KBytes       
[  4]  17.01-18.02  sec   127 KBytes  1.03 Mbits/sec    0    107 KBytes       
[  4]  18.02-19.01  sec  0.00 Bytes  0.00 bits/sec    0    107 KBytes       
[  4]  19.01-20.00  sec   255 KBytes  2.09 Mbits/sec    0    126 KBytes       
[  4]  20.00-21.00  sec  0.00 Bytes  0.00 bits/sec    0    126 KBytes       
[  4]  21.00-22.00  sec   382 KBytes  3.12 Mbits/sec    0    180 KBytes       
[  4]  22.00-23.05  sec   255 KBytes  2.00 Mbits/sec    0    209 KBytes       
[  4]  23.05-24.00  sec   636 KBytes  5.46 Mbits/sec    0    297 KBytes       
[  4]  24.00-25.01  sec   827 KBytes  6.73 Mbits/sec    0    406 KBytes       
[  4]  25.01-26.00  sec  1.06 MBytes  8.92 Mbits/sec    0    530 KBytes       
[  4]  26.00-27.01  sec   700 KBytes  5.70 Mbits/sec    0    622 KBytes       
[  4]  27.01-28.01  sec  1018 KBytes  8.34 Mbits/sec    0    751 KBytes       
[  4]  28.01-29.07  sec   382 KBytes  2.93 Mbits/sec    0    798 KBytes       
[  4]  29.07-30.00  sec   127 KBytes  1.13 Mbits/sec   46    607 KBytes       
[  4]  30.00-31.00  sec  0.00 Bytes  0.00 bits/sec   32    574 KBytes       
[  4]  31.00-32.01  sec  0.00 Bytes  0.00 bits/sec   61    574 KBytes       
[  4]  32.01-33.00  sec  0.00 Bytes  0.00 bits/sec    0    574 KBytes       
[  4]  33.00-34.01  sec  1.25 MBytes  10.4 Mbits/sec    0    400 KBytes       
[  4]  34.01-35.00  sec   502 KBytes  4.12 Mbits/sec    0    402 KBytes       
[  4]  35.00-36.00  sec   382 KBytes  3.13 Mbits/sec    0    426 KBytes       
[  4]  36.00-37.03  sec  0.00 Bytes  0.00 bits/sec    0    430 KBytes       
[  4]  37.03-38.01  sec   382 KBytes  3.20 Mbits/sec    0    460 KBytes       
[  4]  38.01-39.01  sec  63.6 KBytes   522 Kbits/sec    0    462 KBytes       
[  4]  39.01-40.01  sec   382 KBytes  3.12 Mbits/sec    0    478 KBytes       
[  4]  40.01-41.01  sec  0.00 Bytes  0.00 bits/sec    0    478 KBytes       
[  4]  41.01-42.00  sec   318 KBytes  2.62 Mbits/sec    0    485 KBytes       
[  4]  42.00-42.00  sec  0.00 Bytes  0.00 bits/sec    0    485 KBytes       
- - - - - - - - - - - - - - - - - - - - - - - - -
[ ID] Interval           Transfer     Bandwidth       Retr
[  4]   0.00-42.00  sec  10.1 MBytes  2.02 Mbits/sec  175             sender
[  4]   0.00-42.00  sec  5.75 MBytes  1.15 Mbits/sec                  receiver

iperf Done.
