Connecting to host 10.0.0.2, port 5206
[  4] local 10.0.0.1 port 46120 connected to 10.0.0.2 port 5206
[ ID] Interval           Transfer     Bandwidth       Retr  Cwnd
[  4]   0.00-1.26   sec  96.2 KBytes   627 Kbits/sec    0   14.1 KBytes       
[  4]   1.26-2.05   sec  0.00 Bytes  0.00 bits/sec    0   14.1 KBytes       
[  4]   2.05-3.00   sec  56.6 KBytes   488 Kbits/sec    1   17.0 KBytes       
[  4]   3.00-4.04   sec  17.0 KBytes   133 Kbits/sec    0   21.2 KBytes       
[  4]   4.04-5.00   sec  67.9 KBytes   581 Kbits/sec    0   29.7 KBytes       
[  4]   5.00-6.01   sec  0.00 Bytes  0.00 bits/sec    0   31.1 KBytes       
[  4]   6.01-7.00   sec   127 KBytes  1.05 Mbits/sec    0   42.4 KBytes       
[  4]   7.00-8.00   sec   127 KBytes  1.04 Mbits/sec    0   63.6 KBytes       
[  4]   8.00-9.00   sec  0.00 Bytes  0.00 bits/sec    0   63.6 KBytes       
[  4]   9.00-10.01  sec  0.00 Bytes  0.00 bits/sec    0   65.0 KBytes       
[  4]  10.01-11.00  sec  0.00 Bytes  0.00 bits/sec   16   45.2 KBytes       
[  4]  11.00-12.00  sec  0.00 Bytes  0.00 bits/sec    0   45.2 KBytes       
[  4]  12.00-13.00  sec   127 KBytes  1.04 Mbits/sec    0   50.9 KBytes       
[  4]  13.00-14.00  sec  63.6 KBytes   521 Kbits/sec    0   59.4 KBytes       
[  4]  14.00-15.00  sec  0.00 Bytes  0.00 bits/sec    0   60.8 KBytes       
[  4]  15.00-16.03  sec  63.6 KBytes   508 Kbits/sec    0   63.6 KBytes       
[  4]  16.03-17.00  sec  63.6 KBytes   536 Kbits/sec    0   66.5 KBytes       
[  4]  17.00-18.00  sec  0.00 Bytes  0.00 bits/sec    0   67.9 KBytes       
[  4]  18.00-19.00  sec   127 KBytes  1.04 Mbits/sec    0   83.4 KBytes       
[  4]  19.00-20.00  sec  63.6 KBytes   520 Kbits/sec    0   87.7 KBytes       
[  4]  20.00-21.00  sec   255 KBytes  2.09 Mbits/sec    0    124 KBytes       
[  4]  21.00-22.00  sec  63.6 KBytes   520 Kbits/sec    0    133 KBytes       
[  4]  22.00-23.01  sec   318 KBytes  2.60 Mbits/sec    0    171 KBytes       
[  4]  23.01-24.00  sec   573 KBytes  4.71 Mbits/sec    0    242 KBytes       
[  4]  24.00-25.04  sec   127 KBytes  1.00 Mbits/sec    0    260 KBytes       
[  4]  25.04-26.02  sec   509 KBytes  4.24 Mbits/sec    0    321 KBytes       
[  4]  26.02-27.03  sec   191 KBytes  1.56 Mbits/sec    0    341 KBytes       
[  4]  27.03-28.00  sec   891 KBytes  7.48 Mbits/sec    0    451 KBytes       
[  4]  28.00-29.00  sec   191 KBytes  1.56 Mbits/sec    0    477 KBytes       
[  4]  29.00-30.00  sec  63.6 KBytes   521 Kbits/sec    0    491 KBytes       
[  4]  30.00-31.00  sec  0.00 Bytes  0.00 bits/sec    0    491 KBytes       
[  4]  31.00-32.01  sec   573 KBytes  4.65 Mbits/sec   81    317 KBytes       
[  4]  32.01-33.00  sec  0.00 Bytes  0.00 bits/sec   20    365 KBytes       
[  4]  33.00-34.01  sec  0.00 Bytes  0.00 bits/sec    0    369 KBytes       
[  4]  34.01-35.00  sec   127 KBytes  1.05 Mbits/sec    0    392 KBytes       
[  4]  35.00-36.03  sec   382 KBytes  3.04 Mbits/sec    0    414 KBytes       
[  4]  36.03-37.00  sec  0.00 Bytes  0.00 bits/sec    0    417 KBytes       
[  4]  37.00-38.11  sec  0.00 Bytes  0.00 bits/sec    0    417 KBytes       
[  4]  38.11-39.00  sec   382 KBytes  3.51 Mbits/sec    0    474 KBytes       
[  4]  39.00-40.00  sec   127 KBytes  1.04 Mbits/sec    0    492 KBytes       
[  4]  40.00-41.00  sec   191 KBytes  1.56 Mbits/sec    0    520 KBytes       
[  4]  41.00-42.00  sec   255 KBytes  2.09 Mbits/sec    0    536 KBytes       
[  4]  42.00-43.00  sec   191 KBytes  1.57 Mbits/sec    0    546 KBytes       
[  4]  43.00-44.00  sec   127 KBytes  1.04 Mbits/sec    0    549 KBytes       
[  4]  44.00-45.00  sec   191 KBytes  1.56 Mbits/sec    0    561 KBytes       
[  4]  45.00-46.05  sec   382 KBytes  2.98 Mbits/sec    0    581 KBytes       
[  4]  46.05-47.01  sec   445 KBytes  3.82 Mbits/sec    0    611 KBytes       
[  4]  47.01-48.01  sec  63.6 KBytes   519 Kbits/sec    0    619 KBytes       
[  4]  48.01-49.00  sec   700 KBytes  5.79 Mbits/sec    0    690 KBytes       
[  4]  49.00-50.01  sec   764 KBytes  6.22 Mbits/sec    0    769 KBytes       
[  4]  50.01-51.00  sec   573 KBytes  4.72 Mbits/sec    0    843 KBytes       
[  4]  51.00-52.01  sec   764 KBytes  6.18 Mbits/sec    0    938 KBytes       
[  4]  52.01-52.01  sec  0.00 Bytes  0.00 bits/sec    0    938 KBytes       
- - - - - - - - - - - - - - - - - - - - - - - - -
[ ID] Interval           Transfer     Bandwidth       Retr
[  4]   0.00-52.01  sec  10.2 MBytes  1.64 Mbits/sec  118             sender
[  4]   0.00-52.01  sec  5.61 MBytes   904 Kbits/sec                  receiver

iperf Done.
