Connecting to host 10.0.0.2, port 5208
[  4] local 10.0.0.1 port 46124 connected to 10.0.0.2 port 5208
[ ID] Interval           Transfer     Bandwidth       Retr  Cwnd
[  4]   0.00-1.22   sec  82.0 KBytes   552 Kbits/sec    1   14.1 KBytes       
[  4]   1.22-2.02   sec  0.00 Bytes  0.00 bits/sec    0   14.1 KBytes       
[  4]   2.02-3.00   sec  42.4 KBytes   353 Kbits/sec    0   17.0 KBytes       
[  4]   3.00-4.00   sec  0.00 Bytes  0.00 bits/sec    0   17.0 KBytes       
[  4]   4.00-5.00   sec  0.00 Bytes  0.00 bits/sec    0   17.0 KBytes       
[  4]   5.00-6.00   sec  62.2 KBytes   508 Kbits/sec    0   26.9 KBytes       
[  4]   6.00-7.01   sec  82.0 KBytes   670 Kbits/sec    0   39.6 KBytes       
[  4]   7.01-8.00   sec  0.00 Bytes  0.00 bits/sec    0   39.6 KBytes       
[  4]   8.00-9.00   sec   127 KBytes  1.04 Mbits/sec    0   55.1 KBytes       
[  4]   9.00-10.02  sec  63.6 KBytes   510 Kbits/sec    0   59.4 KBytes       
[  4]  10.02-11.00  sec  0.00 Bytes  0.00 bits/sec    0   59.4 KBytes       
[  4]  11.00-12.00  sec  0.00 Bytes  0.00 bits/sec    5   41.0 KBytes       
[  4]  12.00-13.11  sec  0.00 Bytes  0.00 bits/sec    0   41.0 KBytes       
[  4]  13.11-14.01  sec  0.00 Bytes  0.00 bits/sec    0   41.0 KBytes       
[  4]  14.01-15.00  sec  0.00 Bytes  0.00 bits/sec   12   19.8 KBytes       
[  4]  15.00-16.00  sec  0.00 Bytes  0.00 bits/sec    0   19.8 KBytes       
[  4]  16.00-17.00  sec  0.00 Bytes  0.00 bits/sec   17   31.1 KBytes       
[  4]  17.00-18.06  sec  63.6 KBytes   490 Kbits/sec    2   39.6 KBytes       
[  4]  18.06-19.01  sec  0.00 Bytes  0.00 bits/sec    0   39.6 KBytes       
[  4]  19.01-20.02  sec  0.00 Bytes  0.00 bits/sec    0   42.4 KBytes       
[  4]  20.02-21.00  sec  0.00 Bytes  0.00 bits/sec    0   42.4 KBytes       
[  4]  21.00-22.01  sec  63.6 KBytes   516 Kbits/sec    0   52.3 KBytes       
[  4]  22.01-23.09  sec  63.6 KBytes   484 Kbits/sec    0   58.0 KBytes       
[  4]  23.09-24.04  sec  0.00 Bytes  0.00 bits/sec    0   58.0 KBytes       
[  4]  24.04-25.01  sec   191 KBytes  1.62 Mbits/sec    0   83.4 KBytes       
[  4]  25.01-26.08  sec  0.00 Bytes  0.00 bits/sec    0   84.8 KBytes       
[  4]  26.08-27.01  sec  0.00 Bytes  0.00 bits/sec    0   84.8 KBytes       
[  4]  27.01-28.01  sec   255 KBytes  2.07 Mbits/sec    0    119 KBytes       
[  4]  28.01-29.02  sec  63.6 KBytes   518 Kbits/sec    0    126 KBytes       
[  4]  29.02-30.01  sec  0.00 Bytes  0.00 bits/sec    0    126 KBytes       
[  4]  30.01-31.00  sec   445 KBytes  3.67 Mbits/sec    0    185 KBytes       
[  4]  31.00-32.00  sec  0.00 Bytes  0.00 bits/sec    0    188 KBytes       
[  4]  32.00-33.01  sec  0.00 Bytes  0.00 bits/sec    0    188 KBytes       
[  4]  33.01-34.00  sec  63.6 KBytes   525 Kbits/sec   23    134 KBytes       
[  4]  34.00-35.00  sec  0.00 Bytes  0.00 bits/sec    0    134 KBytes       
[  4]  35.00-36.01  sec  0.00 Bytes  0.00 bits/sec    0    134 KBytes       
[  4]  36.01-37.00  sec   255 KBytes  2.10 Mbits/sec    0    153 KBytes       
[  4]  37.00-38.00  sec  0.00 Bytes  0.00 bits/sec    0    153 KBytes       
[  4]  38.00-39.00  sec   191 KBytes  1.56 Mbits/sec    0    177 KBytes       
[  4]  39.00-40.06  sec  0.00 Bytes  0.00 bits/sec    0    178 KBytes       
[  4]  40.06-41.00  sec  0.00 Bytes  0.00 bits/sec    0    178 KBytes       
[  4]  41.00-42.02  sec   127 KBytes  1.03 Mbits/sec    0    188 KBytes       
[  4]  42.02-43.00  sec  0.00 Bytes  0.00 bits/sec    0    189 KBytes       
[  4]  43.00-44.01  sec  0.00 Bytes  0.00 bits/sec    0    189 KBytes       
[  4]  44.01-45.00  sec   191 KBytes  1.58 Mbits/sec    0    209 KBytes       
[  4]  45.00-46.00  sec   255 KBytes  2.09 Mbits/sec    0    238 KBytes       
[  4]  46.00-47.00  sec  63.6 KBytes   521 Kbits/sec    0    243 KBytes       
[  4]  47.00-48.00  sec  0.00 Bytes  0.00 bits/sec    0    243 KBytes       
[  4]  48.00-49.00  sec   827 KBytes  6.81 Mbits/sec    0    349 KBytes       
[  4]  49.00-50.00  sec  63.6 KBytes   521 Kbits/sec    0    361 KBytes       
[  4]  50.00-51.00  sec   573 KBytes  4.69 Mbits/sec    0    421 KBytes       
[  4]  51.00-52.01  sec   255 KBytes  2.08 Mbits/sec    0    457 KBytes       
[  4]  52.01-53.00  sec   255 KBytes  2.09 Mbits/sec    0    489 KBytes       
[  4]  53.00-54.00  sec   891 KBytes  7.30 Mbits/sec    0    587 KBytes       
[  4]  54.00-55.00  sec   318 KBytes  2.61 Mbits/sec    0    628 KBytes       
[  4]  55.00-56.01  sec   827 KBytes  6.73 Mbits/sec    0    724 KBytes       
[  4]  56.01-57.01  sec   636 KBytes  5.20 Mbits/sec    0    814 KBytes       
[  4]  57.01-58.00  sec   509 KBytes  4.22 Mbits/sec    0    878 KBytes       
[  4]  58.00-59.00  sec  1018 KBytes  8.31 Mbits/sec    0   1020 KBytes       
[  4]  59.00-60.00  sec  1.25 MBytes  10.5 Mbits/sec    0   1.20 MBytes       
[  4]  60.00-61.00  sec   374 KBytes  3.08 Mbits/sec    0   1.20 MBytes       
[  4]  61.00-61.00  sec  0.00 Bytes  0.00 bits/sec    0   1.20 MBytes       
- - - - - - - - - - - - - - - - - - - - - - - - -
[ ID] Interval           Transfer     Bandwidth       Retr
[  4]   0.00-61.00  sec  10.3 MBytes  1.42 Mbits/sec   60             sender
[  4]   0.00-61.00  sec  4.61 MBytes   634 Kbits/sec                  receiver

iperf Done.
