Connecting to host 10.0.0.2, port 5201
[  4] local 10.0.0.1 port 46110 connected to 10.0.0.2 port 5201
[ ID] Interval           Transfer     Bandwidth       Retr  Cwnd
[  4]   0.00-1.00   sec  1.42 MBytes  11.9 Mbits/sec    0   80.6 KBytes       
[  4]   1.00-2.00   sec   954 KBytes  7.82 Mbits/sec    0    119 KBytes       
[  4]   2.00-3.00   sec  1018 KBytes  8.34 Mbits/sec    0    158 KBytes       
[  4]   3.00-4.00   sec   827 KBytes  6.78 Mbits/sec    2    173 KBytes       
[  4]   4.00-5.00   sec   700 KBytes  5.73 Mbits/sec    0    175 KBytes       
[  4]   5.00-6.00   sec   700 KBytes  5.73 Mbits/sec    0    180 KBytes       
[  4]   6.00-7.00   sec   700 KBytes  5.74 Mbits/sec    0    192 KBytes       
[  4]   7.00-8.00   sec   764 KBytes  6.25 Mbits/sec    0    216 KBytes       
[  4]   8.00-9.00   sec   700 KBytes  5.74 Mbits/sec    0    250 KBytes       
[  4]   9.00-10.00  sec   764 KBytes  6.25 Mbits/sec    0    298 KBytes       
[  4]  10.00-11.00  sec   827 KBytes  6.78 Mbits/sec    0    365 KBytes       
[  4]  11.00-11.88  sec   891 KBytes  8.31 Mbits/sec    0    450 KBytes       
- - - - - - - - - - - - - - - - - - - - - - - - -
[ ID] Interval           Transfer     Bandwidth       Retr
[  4]   0.00-11.88  sec  10.1 MBytes  7.10 Mbits/sec    2             sender
[  4]   0.00-11.88  sec  8.08 MBytes  5.70 Mbits/sec                  receiver

iperf Done.
