-----------------------------------------------------------
Server listening on 5206
-----------------------------------------------------------
Accepted connection from 10.0.0.1, port 44625
[  5] local 10.0.0.2 port 5206 connected to 10.0.0.1 port 46120
[ ID] Interval           Transfer     Bandwidth
[  5]   0.00-1.00   sec  14.1 KBytes   115 Kbits/sec                  
[  5]   1.00-2.00   sec  70.7 KBytes   580 Kbits/sec                  
[  5]   2.00-3.00   sec  91.9 KBytes   752 Kbits/sec                  
[  5]   3.00-4.00   sec   102 KBytes   835 Kbits/sec                  
[  5]   4.00-5.00   sec  55.1 KBytes   452 Kbits/sec                  
[  5]   5.00-6.00   sec  63.6 KBytes   522 Kbits/sec                  
[  5]   6.00-7.00   sec  82.0 KBytes   672 Kbits/sec                  
[  5]   7.00-8.00   sec  2.83 KBytes  23.2 Kbits/sec                  
[  5]   8.00-9.00   sec   106 KBytes   869 Kbits/sec                  
[  5]   9.00-10.00  sec   124 KBytes  1.02 Mbits/sec                  
[  5]  10.00-11.00  sec  19.8 KBytes   162 Kbits/sec                  
[  5]  11.00-12.00  sec  35.4 KBytes   290 Kbits/sec                  
[  5]  12.00-13.00  sec  50.9 KBytes   417 Kbits/sec                  
[  5]  13.00-14.00  sec   133 KBytes  1.09 Mbits/sec                  
[  5]  14.00-15.00  sec  72.1 KBytes   590 Kbits/sec                  
[  5]  15.00-16.00  sec  73.5 KBytes   603 Kbits/sec                  
[  5]  16.00-17.00  sec  77.8 KBytes   637 Kbits/sec                  
[  5]  17.00-18.00  sec  59.4 KBytes   486 Kbits/sec                  
[  5]  18.00-19.00  sec  29.7 KBytes   243 Kbits/sec                  
[  5]  19.00-20.00  sec  84.8 KBytes   698 Kbits/sec                  
[  5]  20.00-21.00  sec  96.2 KBytes   787 Kbits/sec                  
[  5]  21.00-22.00  sec   113 KBytes   927 Kbits/sec                  
[  5]  22.00-23.00  sec   144 KBytes  1.18 Mbits/sec                  
[  5]  23.00-24.00  sec   188 KBytes  1.54 Mbits/sec                  
[  5]  24.00-25.00  sec  5.66 KBytes  46.3 Kbits/sec                  
[  5]  25.00-26.00  sec  15.6 KBytes   127 Kbits/sec                  
[  5]  26.00-27.00  sec   399 KBytes  3.27 Mbits/sec                  
[  5]  27.00-28.00  sec   195 KBytes  1.60 Mbits/sec                  
[  5]  28.00-29.00  sec   212 KBytes  1.74 Mbits/sec                  
[  5]  29.00-30.01  sec  21.2 KBytes   173 Kbits/sec                  
[  5]  30.01-31.00  sec  0.00 Bytes  0.00 bits/sec                  
[  5]  31.00-32.00  sec   399 KBytes  3.27 Mbits/sec                  
[  5]  32.00-33.00  sec   185 KBytes  1.52 Mbits/sec                  
[  5]  33.00-34.00  sec   194 KBytes  1.59 Mbits/sec                  
[  5]  34.00-35.00  sec   204 KBytes  1.67 Mbits/sec                  
[  5]  35.00-36.00  sec   211 KBytes  1.73 Mbits/sec                  
[  5]  36.00-37.00  sec   214 KBytes  1.75 Mbits/sec                  
[  5]  37.00-38.00  sec   214 KBytes  1.75 Mbits/sec                  
[  5]  38.00-39.00  sec   215 KBytes  1.76 Mbits/sec                  
[  5]  39.00-40.00  sec   226 KBytes  1.85 Mbits/sec                  
[  5]  40.00-41.00  sec   223 KBytes  1.83 Mbits/sec                  
[  5]  41.00-42.00  sec   256 KBytes  2.10 Mbits/sec                  
[  5]  42.00-43.00  sec  55.1 KBytes   452 Kbits/sec                  
[  5]  43.00-44.00  sec  0.00 Bytes  0.00 bits/sec                  
[  5]  44.00-45.00  sec   322 KBytes  2.64 Mbits/sec                  
[  5]  45.00-46.00  sec   416 KBytes  3.41 Mbits/sec                  
[  5]  46.00-47.00  sec   245 KBytes  2.00 Mbits/sec                  
[  5]  47.00-48.00  sec   296 KBytes  2.42 Mbits/sec                  
[  5]  48.00-49.00  sec   180 KBytes  1.47 Mbits/sec                  
[  5]  49.00-50.00  sec   246 KBytes  2.02 Mbits/sec                  
[  5]  50.00-51.00  sec   308 KBytes  2.53 Mbits/sec                  
[  5]  51.00-52.00  sec   293 KBytes  2.40 Mbits/sec                  
[  5]  52.00-53.00  sec   329 KBytes  2.69 Mbits/sec                  
[  5]  53.00-54.00  sec   160 KBytes  1.31 Mbits/sec                  
[  5]  54.00-55.00  sec   257 KBytes  2.10 Mbits/sec                  
[  5]  55.00-56.00  sec   109 KBytes   893 Kbits/sec                  
[  5]  56.00-56.26  sec  0.00 Bytes  0.00 bits/sec                  
- - - - - - - - - - - - - - - - - - - - - - - - -
[ ID] Interval           Transfer     Bandwidth
[  5]   0.00-56.26  sec  0.00 Bytes  0.00 bits/sec                  sender
[  5]   0.00-56.26  sec  8.30 MBytes  1.24 Mbits/sec                  receiver
