-----------------------------------------------------------
Server listening on 5201
-----------------------------------------------------------
Accepted connection from 10.0.0.1, port 34947
[  5] local 10.0.0.2 port 5201 connected to 10.0.0.1 port 46110
[ ID] Interval           Transfer     Bandwidth
[  5]   0.00-1.01   sec   433 KBytes  3.50 Mbits/sec                  
[  5]   1.01-2.00   sec   686 KBytes  5.68 Mbits/sec                  
[  5]   2.00-3.00   sec   716 KBytes  5.84 Mbits/sec                  
[  5]   3.00-4.00   sec   591 KBytes  4.86 Mbits/sec                  
[  5]   4.00-5.00   sec   361 KBytes  2.95 Mbits/sec                  
[  5]   5.00-6.00   sec   553 KBytes  4.53 Mbits/sec                  
[  5]   6.00-7.00   sec   489 KBytes  4.01 Mbits/sec                  
[  5]   7.00-8.00   sec   563 KBytes  4.61 Mbits/sec                  
[  5]   8.00-9.00   sec   325 KBytes  2.66 Mbits/sec                  
[  5]   9.00-10.01  sec   252 KBytes  2.05 Mbits/sec                  
[  5]  10.01-11.00  sec   238 KBytes  1.96 Mbits/sec                  
[  5]  11.00-12.00  sec   300 KBytes  2.46 Mbits/sec                  
[  5]  12.00-13.00  sec   182 KBytes  1.49 Mbits/sec                  
[  5]  13.00-14.06  sec   228 KBytes  1.76 Mbits/sec                  
[  5]  14.06-15.00  sec  52.3 KBytes   456 Kbits/sec                  
[  5]  15.00-16.00  sec  0.00 Bytes  0.00 bits/sec                  
[  5]  16.00-17.00  sec   315 KBytes  2.58 Mbits/sec                  
[  5]  17.00-18.00  sec   334 KBytes  2.73 Mbits/sec                  
[  5]  18.00-19.01  sec  26.9 KBytes   218 Kbits/sec                  
[  5]  19.01-20.00  sec   331 KBytes  2.73 Mbits/sec                  
[  5]  20.00-21.00  sec   161 KBytes  1.32 Mbits/sec                  
[  5]  21.00-22.00  sec   116 KBytes   950 Kbits/sec                  
[  5]  22.00-23.00  sec  49.5 KBytes   405 Kbits/sec                  
[  5]  23.00-24.00  sec   281 KBytes  2.31 Mbits/sec                  
[  5]  24.00-25.00  sec   150 KBytes  1.23 Mbits/sec                  
[  5]  25.00-26.00  sec   158 KBytes  1.30 Mbits/sec                  
[  5]  26.00-27.00  sec   171 KBytes  1.40 Mbits/sec                  
[  5]  27.00-28.00  sec   177 KBytes  1.45 Mbits/sec                  
[  5]  28.00-28.98  sec   180 KBytes  1.50 Mbits/sec                  
- - - - - - - - - - - - - - - - - - - - - - - - -
[ ID] Interval           Transfer     Bandwidth
[  5]   0.00-28.98  sec  0.00 Bytes  0.00 bits/sec                  sender
[  5]   0.00-28.98  sec  8.22 MBytes  2.38 Mbits/sec                  receiver
