-----------------------------------------------------------
Server listening on 5204
-----------------------------------------------------------
Accepted connection from 10.0.0.1, port 37623
[  5] local 10.0.0.2 port 5204 connected to 10.0.0.1 port 46116
[ ID] Interval           Transfer     Bandwidth
[  5]   0.00-1.00   sec  84.8 KBytes   695 Kbits/sec                  
[  5]   1.00-2.00   sec   194 KBytes  1.59 Mbits/sec                  
[  5]   2.00-3.00   sec   287 KBytes  2.35 Mbits/sec                  
[  5]   3.00-4.00   sec   293 KBytes  2.40 Mbits/sec                  
[  5]   4.00-5.00   sec   276 KBytes  2.26 Mbits/sec                  
[  5]   5.00-6.00   sec   297 KBytes  2.43 Mbits/sec                  
[  5]   6.00-7.00   sec   259 KBytes  2.12 Mbits/sec                  
[  5]   7.00-8.00   sec   317 KBytes  2.60 Mbits/sec                  
[  5]   8.00-9.00   sec   178 KBytes  1.45 Mbits/sec                  
[  5]   9.00-10.00  sec   317 KBytes  2.60 Mbits/sec                  
[  5]  10.00-11.00  sec   188 KBytes  1.54 Mbits/sec                  
[  5]  11.00-12.00  sec   379 KBytes  3.10 Mbits/sec                  
[  5]  12.00-13.01  sec  5.66 KBytes  46.0 Kbits/sec                  
[  5]  13.01-14.00  sec  69.3 KBytes   571 Kbits/sec                  
[  5]  14.00-15.00  sec   851 KBytes  6.98 Mbits/sec                  
[  5]  15.00-16.00  sec   503 KBytes  4.12 Mbits/sec                  
[  5]  16.00-17.00  sec   527 KBytes  4.33 Mbits/sec                  
[  5]  17.00-18.00  sec   518 KBytes  4.24 Mbits/sec                  
[  5]  18.00-19.00  sec   530 KBytes  4.35 Mbits/sec                  
[  5]  19.00-20.00  sec   734 KBytes  6.01 Mbits/sec                  
[  5]  20.00-20.55  sec   636 KBytes  9.43 Mbits/sec                  
- - - - - - - - - - - - - - - - - - - - - - - - -
[ ID] Interval           Transfer     Bandwidth
[  5]   0.00-20.55  sec  0.00 Bytes  0.00 bits/sec                  sender
[  5]   0.00-20.55  sec  7.27 MBytes  2.97 Mbits/sec                  receiver
