-----------------------------------------------------------
Server listening on 5201
-----------------------------------------------------------
Accepted connection from 10.0.0.1, port 46745
[  5] local 10.0.0.2 port 5201 connected to 10.0.0.1 port 46110
[ ID] Interval           Transfer     Bandwidth
[  5]   0.00-1.02   sec   472 KBytes  3.78 Mbits/sec                  
[  5]   1.02-2.00   sec   693 KBytes  5.81 Mbits/sec                  
[  5]   2.00-3.00   sec   727 KBytes  5.96 Mbits/sec                  
[  5]   3.00-4.00   sec   691 KBytes  5.66 Mbits/sec                  
[  5]   4.00-5.00   sec   740 KBytes  6.07 Mbits/sec                  
[  5]   5.00-6.00   sec   718 KBytes  5.87 Mbits/sec                  
[  5]   6.00-7.00   sec   727 KBytes  5.96 Mbits/sec                  
[  5]   7.00-8.00   sec   759 KBytes  6.22 Mbits/sec                  
[  5]   8.00-9.00   sec   687 KBytes  5.62 Mbits/sec                  
[  5]   9.00-10.00  sec   735 KBytes  6.03 Mbits/sec                  
[  5]  10.00-11.00  sec   583 KBytes  4.77 Mbits/sec                  
[  5]  11.00-12.00  sec   675 KBytes  5.53 Mbits/sec                  
[  5]  12.00-13.00  sec   711 KBytes  5.83 Mbits/sec                  
[  5]  13.00-14.00  sec   597 KBytes  4.89 Mbits/sec                  
[  5]  14.00-15.00  sec  0.00 Bytes  0.00 bits/sec                  
[  5]  15.00-16.00  sec   781 KBytes  6.39 Mbits/sec                  
[  5]  16.00-17.00  sec  1.27 MBytes  10.7 Mbits/sec                  
[  5]  17.00-18.00  sec   716 KBytes  5.86 Mbits/sec                  
[  5]  18.00-19.00  sec   591 KBytes  4.84 Mbits/sec                  
[  5]  19.00-20.00  sec   240 KBytes  1.97 Mbits/sec                  
[  5]  20.00-21.00  sec   313 KBytes  2.56 Mbits/sec                  
[  5]  21.00-22.00  sec  1.43 MBytes  12.0 Mbits/sec                  
[  5]  22.00-23.00  sec   666 KBytes  5.45 Mbits/sec                  
[  5]  23.00-24.00  sec   672 KBytes  5.51 Mbits/sec                  
[  5]  24.00-25.00  sec   704 KBytes  5.77 Mbits/sec                  
[  5]  25.00-26.00  sec   667 KBytes  5.47 Mbits/sec                  
[  5]  26.00-27.00  sec   570 KBytes  4.67 Mbits/sec                  
[  5]  27.00-28.00  sec   462 KBytes  3.77 Mbits/sec                  
[  5]  28.00-29.00  sec   834 KBytes  6.87 Mbits/sec                  
[  5]  29.00-30.00  sec   687 KBytes  5.63 Mbits/sec                  
[  5]  30.00-31.00  sec   699 KBytes  5.73 Mbits/sec                  
[  5]  31.00-32.00  sec   576 KBytes  4.71 Mbits/sec                  
[  5]  32.00-33.00  sec   759 KBytes  6.22 Mbits/sec                  
[  5]  33.00-34.00  sec   649 KBytes  5.32 Mbits/sec                  
[  5]  34.00-35.00  sec   723 KBytes  5.92 Mbits/sec                  
[  5]  35.00-36.00  sec   765 KBytes  6.27 Mbits/sec                  
[  5]  36.00-37.00  sec   696 KBytes  5.70 Mbits/sec                  
[  5]  37.00-38.00  sec   704 KBytes  5.77 Mbits/sec                  
[  5]  38.00-39.00  sec  5.66 KBytes  46.3 Kbits/sec                  
[  5]  39.00-40.00  sec  0.00 Bytes  0.00 bits/sec                  
[  5]  40.00-41.00  sec   187 KBytes  1.53 Mbits/sec                  
[  5]  41.00-42.00  sec  0.00 Bytes  0.00 bits/sec                  
[  5]  42.00-43.00  sec  0.00 Bytes  0.00 bits/sec                  
[  5]  43.00-44.00  sec  3.76 MBytes  31.5 Mbits/sec                  
[  5]  44.00-45.00  sec   563 KBytes  4.61 Mbits/sec                  
[  5]  45.00-46.00  sec   830 KBytes  6.80 Mbits/sec                  
[  5]  46.00-47.00  sec   543 KBytes  4.45 Mbits/sec                  
[  5]  47.00-48.00  sec  0.00 Bytes  0.00 bits/sec                  
[  5]  48.00-49.00  sec  1.41 KBytes  11.6 Kbits/sec                  
[  5]  49.00-50.00  sec  0.00 Bytes  0.00 bits/sec                  
[  5]  50.00-51.00  sec  0.00 Bytes  0.00 bits/sec                  
[  5]  51.00-52.00  sec  0.00 Bytes  0.00 bits/sec                  
[  5]  52.00-53.00  sec  60.8 KBytes   498 Kbits/sec                  
[  5]  53.00-54.00  sec  3.47 MBytes  29.1 Mbits/sec                  
[  5]  54.00-55.00  sec   691 KBytes  5.67 Mbits/sec                  
[  5]  55.00-56.00  sec   590 KBytes  4.83 Mbits/sec                  
[  5]  56.00-57.00  sec   933 KBytes  7.64 Mbits/sec                  
[  5]  57.00-58.00  sec   812 KBytes  6.65 Mbits/sec                  
[  5]  58.00-59.00  sec   570 KBytes  4.67 Mbits/sec                  
[  5]  59.00-60.00  sec  1.03 MBytes  8.67 Mbits/sec                  
[  5]  60.00-61.00  sec   669 KBytes  5.48 Mbits/sec                  
[  5]  61.00-62.00  sec   645 KBytes  5.28 Mbits/sec                  
[  5]  62.00-63.00  sec  1.05 MBytes  8.80 Mbits/sec                  
[  5]  63.00-64.00  sec   540 KBytes  4.42 Mbits/sec                  
[  5]  64.00-65.00  sec  1.11 MBytes  9.30 Mbits/sec                  
[  5]  65.00-66.00  sec   116 KBytes   949 Kbits/sec                  
[  5]  66.00-67.00  sec  0.00 Bytes  0.00 bits/sec                  
[  5]  67.00-68.00  sec   205 KBytes  1.68 Mbits/sec                  
[  5]  68.00-69.00  sec  0.00 Bytes  0.00 bits/sec                  
[  5]  69.00-70.00  sec  0.00 Bytes  0.00 bits/sec                  
[  5]  70.00-71.00  sec  45.2 KBytes   371 Kbits/sec                  
[  5]  71.00-72.00  sec  4.72 MBytes  39.6 Mbits/sec                  
[  5]  72.00-73.00  sec   795 KBytes  6.51 Mbits/sec                  
[  5]  73.00-74.00  sec   841 KBytes  6.89 Mbits/sec                  
[  5]  74.00-75.00  sec   778 KBytes  6.37 Mbits/sec                  
[  5]  75.00-76.00  sec   836 KBytes  6.85 Mbits/sec                  
[  5]  76.00-77.00  sec  72.1 KBytes   591 Kbits/sec                  
[  5]  77.00-78.00  sec  0.00 Bytes  0.00 bits/sec                  
[  5]  78.00-79.00  sec  66.5 KBytes   544 Kbits/sec                  
[  5]  79.00-80.00  sec  0.00 Bytes  0.00 bits/sec                  
[  5]  80.00-81.00  sec  0.00 Bytes  0.00 bits/sec                  
[  5]  81.00-82.00  sec  2.59 MBytes  21.7 Mbits/sec                  
[  5]  82.00-83.00  sec  2.29 MBytes  19.2 Mbits/sec                  
[  5]  83.00-84.00  sec   908 KBytes  7.44 Mbits/sec                  
[  5]  84.00-85.00  sec   885 KBytes  7.25 Mbits/sec                  
[  5]  85.00-86.00  sec   905 KBytes  7.41 Mbits/sec                  
[  5]  86.00-87.00  sec   918 KBytes  7.52 Mbits/sec                  
[  5]  87.00-88.00  sec   919 KBytes  7.53 Mbits/sec                  
[  5]  88.00-89.00  sec   894 KBytes  7.32 Mbits/sec                  
[  5]  89.00-90.00  sec   935 KBytes  7.66 Mbits/sec                  
[  5]  90.00-91.00  sec   908 KBytes  7.44 Mbits/sec                  
[  5]  91.00-92.00  sec   940 KBytes  7.70 Mbits/sec                  
[  5]  92.00-93.00  sec   929 KBytes  7.61 Mbits/sec                  
[  5]  93.00-94.00  sec   690 KBytes  5.64 Mbits/sec                  
[  5]  94.00-95.00  sec   788 KBytes  6.46 Mbits/sec                  
[  5]  95.00-96.00  sec  0.00 Bytes  0.00 bits/sec                  
[  5]  96.00-97.00  sec  1.41 KBytes  11.6 Kbits/sec                  
[  5]  97.00-98.00  sec  0.00 Bytes  0.00 bits/sec                  
[  5]  98.00-99.00  sec  0.00 Bytes  0.00 bits/sec                  
[  5]  99.00-100.00 sec  0.00 Bytes  0.00 bits/sec                  
[  5] 100.00-101.00 sec  3.66 MBytes  30.7 Mbits/sec                  
[  5] 101.00-102.00 sec  2.70 MBytes  22.6 Mbits/sec                  
[  5] 102.00-103.00 sec  1.11 MBytes  9.34 Mbits/sec                  
[  5] 103.00-104.00 sec  1.11 MBytes  9.30 Mbits/sec                  
[  5] 104.00-105.00 sec   670 KBytes  5.50 Mbits/sec                  
[  5] 105.00-106.00 sec   836 KBytes  6.84 Mbits/sec                  
[  5] 106.00-107.00 sec  0.00 Bytes  0.00 bits/sec                  
[  5] 107.00-108.00 sec   301 KBytes  2.47 Mbits/sec                  
[  5] 108.00-109.00 sec   642 KBytes  5.26 Mbits/sec                  
[  5] 109.00-110.00 sec  0.00 Bytes  0.00 bits/sec                  
[  5] 110.00-111.00 sec  0.00 Bytes  0.00 bits/sec                  
[  5] 111.00-112.00 sec   358 KBytes  2.93 Mbits/sec                  
[  5] 112.00-113.00 sec  4.56 MBytes  38.2 Mbits/sec                  
[  5] 113.00-114.00 sec  1.03 MBytes  8.63 Mbits/sec                  
[  5] 114.00-115.00 sec   950 KBytes  7.79 Mbits/sec                  
[  5] 115.00-116.00 sec   826 KBytes  6.77 Mbits/sec                  
[  5] 116.00-117.00 sec  1.10 MBytes  9.23 Mbits/sec                  
[  5] 117.00-118.00 sec   843 KBytes  6.90 Mbits/sec                  
[  5] 118.00-119.00 sec  1.05 MBytes  8.83 Mbits/sec                  
[  5] 119.00-120.00 sec   851 KBytes  6.97 Mbits/sec                  
[  5] 120.00-121.00 sec  1.12 MBytes  9.43 Mbits/sec                  
[  5] 121.00-122.00 sec  1.13 MBytes  9.50 Mbits/sec                  
[  5] 122.00-123.00 sec  1.12 MBytes  9.42 Mbits/sec                  
[  5] 123.00-124.00 sec  1.12 MBytes  9.44 Mbits/sec                  
[  5] 124.00-125.00 sec  1.07 MBytes  8.94 Mbits/sec                  
[  5] 125.00-126.00 sec  1.17 MBytes  9.78 Mbits/sec                  
[  5] 126.00-127.00 sec  1.12 MBytes  9.37 Mbits/sec                  
[  5] 127.00-128.00 sec  1.13 MBytes  9.49 Mbits/sec                  
[  5] 128.00-129.00 sec  1.12 MBytes  9.43 Mbits/sec                  
[  5] 129.00-130.00 sec  1.10 MBytes  9.20 Mbits/sec                  
[  5] 130.00-131.00 sec   329 KBytes  2.69 Mbits/sec                  
[  5] 131.00-132.01 sec  0.00 Bytes  0.00 bits/sec                  
[  5] 132.01-133.00 sec  0.00 Bytes  0.00 bits/sec                  
[  5] 133.00-134.00 sec  11.3 KBytes  92.6 Kbits/sec                  
[  5] 134.00-135.00 sec  0.00 Bytes  0.00 bits/sec                  
[  5] 135.00-136.00 sec  0.00 Bytes  0.00 bits/sec                  
[  5] 136.00-137.00 sec  0.00 Bytes  0.00 bits/sec                  
[  5] 137.00-138.00 sec   313 KBytes  2.56 Mbits/sec                  
[  5] 138.00-139.00 sec  7.70 MBytes  64.6 Mbits/sec                  
[  5] 139.00-140.00 sec  1.05 MBytes  8.83 Mbits/sec                  
[  5] 140.00-141.00 sec  1.14 MBytes  9.52 Mbits/sec                  
[  5] 141.00-142.00 sec  1.14 MBytes  9.54 Mbits/sec                  
[  5] 142.00-143.00 sec  1.14 MBytes  9.58 Mbits/sec                  
[  5] 143.00-144.00 sec  1.14 MBytes  9.53 Mbits/sec                  
[  5] 144.00-145.00 sec  1.14 MBytes  9.54 Mbits/sec                  
[  5] 145.00-146.00 sec  1.14 MBytes  9.52 Mbits/sec                  
[  5] 146.00-147.00 sec  1.13 MBytes  9.46 Mbits/sec                  
[  5] 147.00-148.00 sec   641 KBytes  5.25 Mbits/sec                  
[  5] 148.00-149.00 sec  0.00 Bytes  0.00 bits/sec                  
[  5] 149.00-150.00 sec  0.00 Bytes  0.00 bits/sec                  
[  5] 150.00-151.00 sec  70.7 KBytes   580 Kbits/sec                  
[  5] 151.00-152.00 sec  0.00 Bytes  0.00 bits/sec                  
[  5] 152.00-153.00 sec  0.00 Bytes  0.00 bits/sec                  
[  5] 153.00-154.00 sec  0.00 Bytes  0.00 bits/sec                  
[  5] 154.00-155.00 sec  1.41 KBytes  11.6 Kbits/sec                  
[  5] 155.00-156.00 sec  39.6 KBytes   324 Kbits/sec                  
[  5] 156.00-157.00 sec   252 KBytes  2.06 Mbits/sec                  
[  5] 157.00-158.00 sec   317 KBytes  2.60 Mbits/sec                  
[  5] 158.00-159.00 sec   431 KBytes  3.53 Mbits/sec                  
[  5] 159.00-160.00 sec   592 KBytes  4.85 Mbits/sec                  
[  5] 160.00-161.00 sec   608 KBytes  4.98 Mbits/sec                  
[  5] 161.00-162.00 sec   452 KBytes  3.71 Mbits/sec                  
[  5] 162.00-163.00 sec   600 KBytes  4.91 Mbits/sec                  
[  5] 163.00-164.00 sec   499 KBytes  4.09 Mbits/sec                  
[  5] 164.00-165.00 sec   611 KBytes  5.00 Mbits/sec                  
[  5] 165.00-166.00 sec   727 KBytes  5.95 Mbits/sec                  
[  5] 166.00-167.00 sec   655 KBytes  5.37 Mbits/sec                  
[  5] 167.00-168.00 sec  2.48 MBytes  20.8 Mbits/sec                  
[  5] 168.00-169.00 sec  0.00 Bytes  0.00 bits/sec                  
[  5] 169.00-170.00 sec  0.00 Bytes  0.00 bits/sec                  
[  5] 170.00-171.00 sec   888 KBytes  7.27 Mbits/sec                  
[  5] 171.00-172.00 sec   417 KBytes  3.42 Mbits/sec                  
[  5] 172.00-173.00 sec  0.00 Bytes  0.00 bits/sec                  
[  5] 173.00-174.00 sec  0.00 Bytes  0.00 bits/sec                  
[  5] 174.00-175.00 sec  0.00 Bytes  0.00 bits/sec                  
[  5] 175.00-176.00 sec  1.41 KBytes  11.6 Kbits/sec                  
[  5] 176.00-177.00 sec  17.0 KBytes   139 Kbits/sec                  
[  5] 177.00-178.00 sec  43.8 KBytes   359 Kbits/sec                  
[  5] 178.00-179.00 sec   115 KBytes   938 Kbits/sec                  
[  5] 179.00-180.00 sec  5.68 MBytes  47.7 Mbits/sec                  
[  5] 180.00-181.00 sec   759 KBytes  6.22 Mbits/sec                  
[  5] 181.00-182.00 sec   860 KBytes  7.04 Mbits/sec                  
[  5] 182.00-183.00 sec   399 KBytes  3.27 Mbits/sec                  
[  5] 183.00-184.00 sec   105 KBytes   857 Kbits/sec                  
[  5] 184.00-185.00 sec  0.00 Bytes  0.00 bits/sec                  
[  5] 185.00-186.00 sec  1.41 KBytes  11.6 Kbits/sec                  
[  5] 186.00-187.00 sec  0.00 Bytes  0.00 bits/sec                  
[  5] 187.00-188.00 sec  0.00 Bytes  0.00 bits/sec                  
[  5] 188.00-189.00 sec  0.00 Bytes  0.00 bits/sec                  
[  5] 189.00-190.00 sec  0.00 Bytes  0.00 bits/sec                  
[  5] 190.00-191.00 sec  5.94 MBytes  49.9 Mbits/sec                  
[  5] 191.00-192.00 sec  1.13 MBytes  9.51 Mbits/sec                  
[  5] 192.00-193.00 sec  1.13 MBytes  9.45 Mbits/sec                  
[  5] 193.00-194.00 sec  1.14 MBytes  9.55 Mbits/sec                  
[  5] 194.00-195.00 sec  1.14 MBytes  9.55 Mbits/sec                  
[  5] 195.00-196.00 sec  1.05 MBytes  8.82 Mbits/sec                  
[  5] 196.00-197.00 sec  1.14 MBytes  9.55 Mbits/sec                  
[  5] 197.00-198.00 sec  1.05 MBytes  8.82 Mbits/sec                  
[  5] 198.00-199.00 sec   810 KBytes  6.64 Mbits/sec                  
[  5] 199.00-200.00 sec   124 KBytes  1.02 Mbits/sec                  
[  5] 200.00-201.00 sec  0.00 Bytes  0.00 bits/sec                  
[  5] 201.00-202.00 sec  0.00 Bytes  0.00 bits/sec                  
[  5] 202.00-203.00 sec  1.41 KBytes  11.6 Kbits/sec                  
[  5] 203.00-204.00 sec  0.00 Bytes  0.00 bits/sec                  
[  5] 204.00-205.00 sec  0.00 Bytes  0.00 bits/sec                  
[  5] 205.00-206.00 sec  0.00 Bytes  0.00 bits/sec                  
[  5] 206.00-207.00 sec  6.24 MBytes  52.4 Mbits/sec                  
[  5] 207.00-208.00 sec  1.14 MBytes  9.56 Mbits/sec                  
[  5] 208.00-209.00 sec  1.12 MBytes  9.42 Mbits/sec                  
[  5] 209.00-210.00 sec  1.14 MBytes  9.55 Mbits/sec                  
[  5] 210.00-211.00 sec  1.12 MBytes  9.40 Mbits/sec                  
[  5] 211.00-212.00 sec  2.27 MBytes  19.0 Mbits/sec                  
[  5] 212.00-213.00 sec   420 KBytes  3.44 Mbits/sec                  
[  5] 213.00-214.00 sec  1.13 MBytes  9.50 Mbits/sec                  
[  5] 214.00-215.00 sec  1.14 MBytes  9.56 Mbits/sec                  
[  5] 215.00-216.00 sec  1.14 MBytes  9.55 Mbits/sec                  
[  5] 216.00-217.00 sec  1.14 MBytes  9.56 Mbits/sec                  
[  5] 217.00-218.00 sec  1.10 MBytes  9.23 Mbits/sec                  
[  5] 218.00-219.00 sec  1.13 MBytes  9.49 Mbits/sec                  
[  5] 219.00-220.00 sec  1.14 MBytes  9.55 Mbits/sec                  
[  5] 220.00-221.00 sec  1.13 MBytes  9.51 Mbits/sec                  
[  5] 221.00-222.00 sec  1.13 MBytes  9.48 Mbits/sec                  
[  5] 222.00-223.00 sec  1.14 MBytes  9.52 Mbits/sec                  
[  5] 223.00-224.00 sec  1.13 MBytes  9.51 Mbits/sec                  
[  5] 224.00-225.00 sec  1.13 MBytes  9.49 Mbits/sec                  
[  5] 225.00-226.00 sec  1.14 MBytes  9.56 Mbits/sec                  
[  5] 226.00-227.00 sec  1.13 MBytes  9.49 Mbits/sec                  
[  5] 227.00-228.00 sec  1.14 MBytes  9.54 Mbits/sec                  
[  5] 228.00-229.00 sec  1.13 MBytes  9.47 Mbits/sec                  
[  5] 229.00-230.00 sec  1.13 MBytes  9.50 Mbits/sec                  
[  5] 230.00-231.00 sec  1.12 MBytes  9.42 Mbits/sec                  
[  5] 231.00-232.00 sec   618 KBytes  5.05 Mbits/sec                  
[  5] 232.00-233.00 sec  0.00 Bytes  0.00 bits/sec                  
[  5] 233.00-234.00 sec  0.00 Bytes  0.00 bits/sec                  
[  5] 234.00-235.00 sec  1.41 KBytes  11.6 Kbits/sec                  
[  5] 235.00-236.00 sec  0.00 Bytes  0.00 bits/sec                  
[  5] 236.00-237.00 sec  0.00 Bytes  0.00 bits/sec                  
[  5] 237.00-238.00 sec  0.00 Bytes  0.00 bits/sec                  
[  5] 238.00-239.00 sec  1.41 KBytes  11.6 Kbits/sec                  
[  5] 239.00-240.00 sec   475 KBytes  3.89 Mbits/sec                  
[  5] 240.00-240.05 sec  38.2 KBytes  6.25 Mbits/sec                  
- - - - - - - - - - - - - - - - - - - - - - - - -
[ ID] Interval           Transfer     Bandwidth
[  5]   0.00-240.05 sec  0.00 Bytes  0.00 bits/sec                  sender
[  5]   0.00-240.05 sec   185 MBytes  6.47 Mbits/sec                  receiver
