Connecting to host 10.0.0.2, port 5201
[  4] local 10.0.0.1 port 46110 connected to 10.0.0.2 port 5201
[ ID] Interval           Transfer     Bandwidth       Retr  Cwnd
[  4]   0.00-1.00   sec   643 KBytes  5.26 Mbits/sec    0   53.7 KBytes       
[  4]   1.00-2.04   sec   382 KBytes  3.00 Mbits/sec    0   66.5 KBytes       
[  4]   2.04-3.01   sec   764 KBytes  6.49 Mbits/sec    0   96.2 KBytes       
[  4]   3.01-4.02   sec   764 KBytes  6.18 Mbits/sec    0    129 KBytes       
[  4]   4.02-5.00   sec   573 KBytes  4.78 Mbits/sec    0    150 KBytes       
[  4]   5.00-6.00   sec  1.12 MBytes  9.38 Mbits/sec    0    195 KBytes       
[  4]   6.00-7.00   sec  1.43 MBytes  12.0 Mbits/sec    0    252 KBytes       
[  4]   7.00-8.00   sec  1.24 MBytes  10.5 Mbits/sec    0    303 KBytes       
[  4]   8.00-9.00   sec  1.37 MBytes  11.5 Mbits/sec    0    382 KBytes       
[  4]   9.00-10.00  sec  1.68 MBytes  14.1 Mbits/sec    0    506 KBytes       
[  4]  10.00-11.00  sec  1.74 MBytes  14.6 Mbits/sec    0    653 KBytes       
[  4]  11.00-12.00  sec  1.93 MBytes  16.2 Mbits/sec    0    826 KBytes       
[  4]  12.00-13.00  sec  2.17 MBytes  18.3 Mbits/sec    0   1.01 MBytes       
[  4]  13.00-14.00  sec  1.25 MBytes  10.4 Mbits/sec    0   1.23 MBytes       
[  4]  14.00-15.00  sec  2.50 MBytes  21.0 Mbits/sec    0   1.44 MBytes       
[  4]  15.00-16.00  sec  1.25 MBytes  10.5 Mbits/sec    0   1.73 MBytes       
[  4]  16.00-17.00  sec  2.50 MBytes  21.0 Mbits/sec  119   1.75 MBytes       
[  4]  17.00-18.00  sec  1.14 MBytes  9.54 Mbits/sec  198   1.39 MBytes       
[  4]  18.00-19.00  sec   700 KBytes  5.73 Mbits/sec   96   1.39 MBytes       
[  4]  19.00-20.00  sec  1.25 MBytes  10.5 Mbits/sec    0   1.39 MBytes       
[  4]  20.00-21.00  sec  1.25 MBytes  10.5 Mbits/sec    0   1.44 MBytes       
[  4]  21.00-22.01  sec  1.25 MBytes  10.4 Mbits/sec   88   1.22 MBytes       
[  4]  22.01-23.00  sec  41.6 KBytes   342 Kbits/sec   49   1.03 MBytes       
[  4]  23.00-24.01  sec  63.6 KBytes   517 Kbits/sec    1   1.03 MBytes       
[  4]  24.01-25.00  sec  1.25 MBytes  10.6 Mbits/sec  153    930 KBytes       
[  4]  25.00-26.01  sec  1.25 MBytes  10.4 Mbits/sec    0   1.04 MBytes       
[  4]  26.01-27.00  sec  1.25 MBytes  10.6 Mbits/sec    0   1.04 MBytes       
[  4]  27.00-28.00  sec  1.25 MBytes  10.5 Mbits/sec    0   1.04 MBytes       
[  4]  28.00-29.00  sec  1.25 MBytes  10.5 Mbits/sec    0   1.05 MBytes       
[  4]  29.00-30.00  sec  1.21 MBytes  10.1 Mbits/sec    0   1.06 MBytes       
[  4]  30.00-31.00  sec   827 KBytes  6.78 Mbits/sec    0   1.08 MBytes       
[  4]  31.00-32.00  sec   827 KBytes  6.77 Mbits/sec    0   1.12 MBytes       
[  4]  32.00-33.00  sec   636 KBytes  5.20 Mbits/sec    0   1.17 MBytes       
[  4]  33.00-34.00  sec   764 KBytes  6.27 Mbits/sec    0   1.24 MBytes       
[  4]  34.00-35.00  sec   318 KBytes  2.61 Mbits/sec   15   1.19 MBytes       
[  4]  35.00-36.00  sec  0.00 Bytes  0.00 bits/sec   31    971 KBytes       
[  4]  36.00-37.04  sec  0.00 Bytes  0.00 bits/sec   53    929 KBytes       
[  4]  37.04-38.00  sec  1.25 MBytes  10.8 Mbits/sec    0    868 KBytes       
[  4]  38.00-39.00  sec  1.25 MBytes  10.5 Mbits/sec    0    724 KBytes       
[  4]  39.00-40.00  sec  1.17 MBytes  9.82 Mbits/sec    0    660 KBytes       
[  4]  40.00-41.00  sec   509 KBytes  4.17 Mbits/sec    0    691 KBytes       
[  4]  41.00-42.00  sec   509 KBytes  4.17 Mbits/sec    0    723 KBytes       
[  4]  42.00-43.00  sec   445 KBytes  3.65 Mbits/sec    0    745 KBytes       
[  4]  43.00-44.00  sec   509 KBytes  4.16 Mbits/sec    0    765 KBytes       
[  4]  44.00-45.01  sec   382 KBytes  3.12 Mbits/sec    0    775 KBytes       
[  4]  45.01-46.00  sec   509 KBytes  4.19 Mbits/sec    0    782 KBytes       
[  4]  46.00-47.00  sec   191 KBytes  1.56 Mbits/sec   23    672 KBytes       
[  4]  47.00-48.00  sec  0.00 Bytes  0.00 bits/sec   23    547 KBytes       
[  4]  48.00-49.00  sec   509 KBytes  4.17 Mbits/sec    6    547 KBytes       
[  4]  49.00-50.00  sec  1018 KBytes  8.34 Mbits/sec    0    554 KBytes       
[  4]  50.00-51.00  sec   445 KBytes  3.65 Mbits/sec    0    576 KBytes       
[  4]  51.00-52.00  sec   318 KBytes  2.61 Mbits/sec    0    601 KBytes       
[  4]  52.00-53.00  sec  63.6 KBytes   521 Kbits/sec   17    495 KBytes       
[  4]  53.00-54.00  sec  0.00 Bytes  0.00 bits/sec   16    426 KBytes       
[  4]  54.00-55.00  sec   509 KBytes  4.17 Mbits/sec    0    426 KBytes       
[  4]  55.00-56.00  sec   764 KBytes  6.26 Mbits/sec    0    437 KBytes       
[  4]  56.00-57.00  sec   445 KBytes  3.65 Mbits/sec    0    464 KBytes       
[  4]  57.00-57.00  sec  0.00 Bytes  0.00 bits/sec    0    464 KBytes       
- - - - - - - - - - - - - - - - - - - - - - - - -
[ ID] Interval           Transfer     Bandwidth       Retr
[  4]   0.00-57.00  sec  50.3 MBytes  7.40 Mbits/sec  888             sender
[  4]   0.00-57.00  sec  39.1 MBytes  5.76 Mbits/sec                  receiver

iperf Done.
