Connecting to host 10.0.0.2, port 5202
[  4] local 10.0.0.1 port 46112 connected to 10.0.0.2 port 5202
[ ID] Interval           Transfer     Bandwidth       Retr  Cwnd
[  4]   0.00-1.00   sec   591 KBytes  4.84 Mbits/sec    0   53.7 KBytes       
[  4]   1.00-2.03   sec   191 KBytes  1.52 Mbits/sec    0   62.2 KBytes       
[  4]   2.03-3.05   sec  63.6 KBytes   511 Kbits/sec    0   62.2 KBytes       
[  4]   3.05-4.22   sec  63.6 KBytes   445 Kbits/sec    0   66.5 KBytes       
[  4]   4.22-5.00   sec  0.00 Bytes  0.00 bits/sec    0   69.3 KBytes       
[  4]   5.00-6.49   sec   318 KBytes  1.76 Mbits/sec    0    120 KBytes       
[  4]   6.49-7.00   sec   127 KBytes  2.02 Mbits/sec    0    124 KBytes       
[  4]   7.00-8.00   sec   636 KBytes  5.20 Mbits/sec    0    208 KBytes       
[  4]   8.00-9.00   sec   891 KBytes  7.30 Mbits/sec    0    320 KBytes       
[  4]   9.00-10.04  sec   827 KBytes  6.55 Mbits/sec    0    417 KBytes       
[  4]  10.04-11.00  sec   255 KBytes  2.16 Mbits/sec    1    424 KBytes       
[  4]  11.00-12.20  sec  63.6 KBytes   435 Kbits/sec    0    424 KBytes       
[  4]  12.20-13.00  sec   127 KBytes  1.30 Mbits/sec    0    427 KBytes       
[  4]  13.00-14.00  sec  63.6 KBytes   522 Kbits/sec   20    322 KBytes       
[  4]  14.00-15.02  sec   191 KBytes  1.53 Mbits/sec    6    298 KBytes       
[  4]  15.02-16.00  sec   700 KBytes  5.85 Mbits/sec    0    320 KBytes       
[  4]  16.00-17.00  sec   382 KBytes  3.12 Mbits/sec    0    356 KBytes       
[  4]  17.00-18.00  sec   255 KBytes  2.09 Mbits/sec    0    383 KBytes       
[  4]  18.00-19.02  sec   382 KBytes  3.06 Mbits/sec    0    403 KBytes       
[  4]  19.02-20.00  sec   382 KBytes  3.20 Mbits/sec    0    419 KBytes       
[  4]  20.00-21.00  sec  1018 KBytes  8.33 Mbits/sec    0    426 KBytes       
[  4]  21.00-22.19  sec   382 KBytes  2.62 Mbits/sec    0    427 KBytes       
[  4]  22.19-23.17  sec  0.00 Bytes  0.00 bits/sec    0    427 KBytes       
[  4]  23.17-24.14  sec   318 KBytes  2.68 Mbits/sec    0    433 KBytes       
[  4]  24.14-25.00  sec   445 KBytes  4.23 Mbits/sec    0    444 KBytes       
[  4]  25.00-26.00  sec   827 KBytes  6.78 Mbits/sec    0    465 KBytes       
[  4]  26.00-27.00  sec   764 KBytes  6.26 Mbits/sec    0    505 KBytes       
[  4]  27.00-27.00  sec  0.00 Bytes  0.00 bits/sec    0    505 KBytes       
- - - - - - - - - - - - - - - - - - - - - - - - -
[ ID] Interval           Transfer     Bandwidth       Retr
[  4]   0.00-27.00  sec  10.0 MBytes  3.11 Mbits/sec   27             sender
[  4]   0.00-27.00  sec  7.54 MBytes  2.34 Mbits/sec                  receiver

iperf Done.
