-----------------------------------------------------------
Server listening on 5201
-----------------------------------------------------------
Accepted connection from 10.0.0.1, port 45789
[  5] local 10.0.0.2 port 5201 connected to 10.0.0.1 port 46110
[ ID] Interval           Transfer     Bandwidth
[  5]   0.00-1.02   sec  17.0 KBytes   137 Kbits/sec                  
[  5]   1.02-2.30   sec  43.8 KBytes   279 Kbits/sec                  
[  5]   2.30-3.00   sec  35.4 KBytes   415 Kbits/sec                  
[  5]   3.00-4.12   sec   189 KBytes  1.39 Mbits/sec                  
[  5]   4.12-5.00   sec   188 KBytes  1.75 Mbits/sec                  
[  5]   5.00-6.00   sec   420 KBytes  3.44 Mbits/sec                  
[  5]   6.00-7.01   sec   253 KBytes  2.06 Mbits/sec                  
[  5]   7.01-8.00   sec   452 KBytes  3.74 Mbits/sec                  
[  5]   8.00-9.00   sec   625 KBytes  5.12 Mbits/sec                  
[  5]   9.00-10.00  sec   477 KBytes  3.90 Mbits/sec                  
[  5]  10.00-11.00  sec   563 KBytes  4.60 Mbits/sec                  
[  5]  11.00-12.08  sec   355 KBytes  2.71 Mbits/sec                  
[  5]  12.08-13.00  sec   395 KBytes  3.48 Mbits/sec                  
[  5]  13.00-14.00  sec   520 KBytes  4.27 Mbits/sec                  
[  5]  14.00-15.00  sec   387 KBytes  3.17 Mbits/sec                  
[  5]  15.00-16.02  sec   281 KBytes  2.26 Mbits/sec                  
[  5]  16.02-17.00  sec   232 KBytes  1.94 Mbits/sec                  
[  5]  17.00-18.01  sec   188 KBytes  1.53 Mbits/sec                  
[  5]  18.01-19.00  sec   423 KBytes  3.50 Mbits/sec                  
[  5]  19.00-20.00  sec   706 KBytes  5.77 Mbits/sec                  
[  5]  20.00-20.91  sec   629 KBytes  5.68 Mbits/sec                  
- - - - - - - - - - - - - - - - - - - - - - - - -
[ ID] Interval           Transfer     Bandwidth
[  5]   0.00-20.91  sec  0.00 Bytes  0.00 bits/sec                  sender
[  5]   0.00-20.91  sec  7.21 MBytes  2.89 Mbits/sec                  receiver
