-----------------------------------------------------------
Server listening on 5202
-----------------------------------------------------------
Accepted connection from 10.0.0.1, port 40915
[  5] local 10.0.0.2 port 5202 connected to 10.0.0.1 port 46112
[ ID] Interval           Transfer     Bandwidth
[  5]   0.00-1.00   sec   158 KBytes  1.29 Mbits/sec                  
[  5]   1.00-2.00   sec   192 KBytes  1.58 Mbits/sec                  
[  5]   2.00-3.02   sec   232 KBytes  1.86 Mbits/sec                  
[  5]   3.02-4.00   sec   365 KBytes  3.05 Mbits/sec                  
[  5]   4.00-5.00   sec   324 KBytes  2.64 Mbits/sec                  
[  5]   5.00-6.00   sec   366 KBytes  3.00 Mbits/sec                  
[  5]   6.00-7.12   sec   267 KBytes  1.96 Mbits/sec                  
[  5]   7.12-8.00   sec   222 KBytes  2.06 Mbits/sec                  
[  5]   8.00-9.00   sec   533 KBytes  4.38 Mbits/sec                  
[  5]   9.00-10.01  sec   570 KBytes  4.65 Mbits/sec                  
[  5]  10.01-11.07  sec   386 KBytes  2.98 Mbits/sec                  
[  5]  11.07-12.02  sec   226 KBytes  1.93 Mbits/sec                  
[  5]  12.02-13.01  sec   266 KBytes  2.21 Mbits/sec                  
[  5]  13.01-14.02  sec   443 KBytes  3.61 Mbits/sec                  
[  5]  14.02-15.05  sec   605 KBytes  4.81 Mbits/sec                  
[  5]  15.05-16.06  sec   858 KBytes  6.97 Mbits/sec                  
[  5]  16.06-16.12  sec  1.41 KBytes   178 Kbits/sec                  
- - - - - - - - - - - - - - - - - - - - - - - - -
[ ID] Interval           Transfer     Bandwidth
[  5]   0.00-16.12  sec  0.00 Bytes  0.00 bits/sec                  sender
[  5]   0.00-16.12  sec  5.87 MBytes  3.06 Mbits/sec                  receiver
