Connecting to host 10.0.0.2, port 5202
[  4] local 10.0.0.1 port 46112 connected to 10.0.0.2 port 5202
[ ID] Interval           Transfer     Bandwidth       Retr  Cwnd
[  4]   0.00-1.00   sec   960 KBytes  7.86 Mbits/sec    0   67.9 KBytes       
[  4]   1.00-2.00   sec   764 KBytes  6.25 Mbits/sec    0   97.6 KBytes       
[  4]   2.00-3.00   sec   700 KBytes  5.73 Mbits/sec    4    122 KBytes       
[  4]   3.00-4.00   sec   573 KBytes  4.69 Mbits/sec    0    124 KBytes       
[  4]   4.00-5.00   sec   509 KBytes  4.17 Mbits/sec    0    127 KBytes       
[  4]   5.00-6.00   sec   509 KBytes  4.17 Mbits/sec    0    136 KBytes       
[  4]   6.00-7.00   sec   382 KBytes  3.13 Mbits/sec    0    153 KBytes       
[  4]   7.00-8.00   sec   636 KBytes  5.21 Mbits/sec    0    184 KBytes       
[  4]   8.00-9.00   sec   636 KBytes  5.21 Mbits/sec    0    226 KBytes       
[  4]   9.00-10.00  sec   764 KBytes  6.26 Mbits/sec    0    286 KBytes       
[  4]  10.00-11.00  sec   700 KBytes  5.73 Mbits/sec    0    351 KBytes       
[  4]  11.00-12.00  sec   891 KBytes  7.30 Mbits/sec    0    440 KBytes       
[  4]  12.00-13.00  sec  1.68 MBytes  14.1 Mbits/sec    0    611 KBytes       
[  4]  13.00-13.70  sec  1.25 MBytes  15.1 Mbits/sec    0    732 KBytes       
- - - - - - - - - - - - - - - - - - - - - - - - -
[ ID] Interval           Transfer     Bandwidth       Retr
[  4]   0.00-13.70  sec  10.8 MBytes  6.59 Mbits/sec    4             sender
[  4]   0.00-13.70  sec  7.71 MBytes  4.72 Mbits/sec                  receiver

iperf Done.
