Connecting to host 10.0.0.2, port 5202
[  4] local 10.0.0.1 port 46112 connected to 10.0.0.2 port 5202
[ ID] Interval           Transfer     Bandwidth       Retr  Cwnd
[  4]   0.00-1.00   sec   370 KBytes  3.03 Mbits/sec    0   45.2 KBytes       
[  4]   1.00-2.01   sec   127 KBytes  1.03 Mbits/sec    0   49.5 KBytes       
[  4]   2.01-3.04   sec  0.00 Bytes  0.00 bits/sec    0   49.5 KBytes       
[  4]   3.04-4.00   sec  0.00 Bytes  0.00 bits/sec    0   49.5 KBytes       
[  4]   4.00-5.00   sec   382 KBytes  3.12 Mbits/sec    0   91.9 KBytes       
[  4]   5.00-6.00   sec   636 KBytes  5.21 Mbits/sec    0    136 KBytes       
[  4]   6.00-7.00   sec   636 KBytes  5.22 Mbits/sec    0    185 KBytes       
[  4]   7.00-8.00   sec   827 KBytes  6.77 Mbits/sec    0    259 KBytes       
[  4]   8.00-9.01   sec  1018 KBytes  8.28 Mbits/sec    0    359 KBytes       
[  4]   9.01-10.00  sec   891 KBytes  7.33 Mbits/sec    0    443 KBytes       
[  4]  10.00-11.00  sec  1018 KBytes  8.36 Mbits/sec    0    551 KBytes       
[  4]  11.00-12.00  sec  1.55 MBytes  13.0 Mbits/sec    0    744 KBytes       
[  4]  12.00-13.00  sec   827 KBytes  6.78 Mbits/sec    0    861 KBytes       
[  4]  13.00-14.00  sec  1.25 MBytes  10.5 Mbits/sec    0   1.06 MBytes       
[  4]  14.00-15.00  sec   247 KBytes  2.03 Mbits/sec   92    826 KBytes       
[  4]  15.00-16.00  sec  0.00 Bytes  0.00 bits/sec  220    755 KBytes       
[  4]  16.00-17.00  sec  0.00 Bytes  0.00 bits/sec    0    755 KBytes       
[  4]  17.00-18.00  sec  0.00 Bytes  0.00 bits/sec  121    744 KBytes       
[  4]  18.00-19.00  sec  0.00 Bytes  0.00 bits/sec   67    574 KBytes       
[  4]  19.00-20.00  sec  0.00 Bytes  0.00 bits/sec    1   1.41 KBytes       
[  4]  20.00-21.00  sec  63.6 KBytes   521 Kbits/sec   49   69.3 KBytes       
[  4]  21.00-22.00  sec   509 KBytes  4.17 Mbits/sec  114    387 KBytes       
[  4]  22.00-23.00  sec  1.25 MBytes  10.5 Mbits/sec    0   1.06 MBytes       
[  4]  23.00-24.00  sec  56.3 KBytes   462 Kbits/sec    0   1.06 MBytes       
[  4]  24.00-25.00  sec  0.00 Bytes  0.00 bits/sec   91    795 KBytes       
[  4]  25.00-26.00  sec  0.00 Bytes  0.00 bits/sec    4    755 KBytes       
[  4]  26.00-27.00  sec  0.00 Bytes  0.00 bits/sec  107    755 KBytes       
[  4]  27.00-28.00  sec   191 KBytes  1.56 Mbits/sec  227    325 KBytes       
[  4]  28.00-29.00  sec  2.50 MBytes  21.0 Mbits/sec    0    870 KBytes       
[  4]  29.00-30.00  sec  1.25 MBytes  10.5 Mbits/sec    0    919 KBytes       
[  4]  30.00-31.00  sec  1.22 MBytes  10.3 Mbits/sec    0    969 KBytes       
[  4]  31.00-32.00  sec   891 KBytes  7.30 Mbits/sec    0   1015 KBytes       
[  4]  32.00-33.00  sec   700 KBytes  5.71 Mbits/sec    0   1.03 MBytes       
[  4]  33.00-34.00  sec  1.12 MBytes  9.41 Mbits/sec    0   1.07 MBytes       
[  4]  34.00-35.00  sec  1018 KBytes  8.35 Mbits/sec    0   1.11 MBytes       
[  4]  35.00-36.00  sec  0.00 Bytes  0.00 bits/sec   51    870 KBytes       
[  4]  36.00-37.00  sec   700 KBytes  5.74 Mbits/sec   43    799 KBytes       
[  4]  37.00-38.00  sec  1.24 MBytes  10.4 Mbits/sec    0    817 KBytes       
[  4]  38.00-39.00  sec  1018 KBytes  8.34 Mbits/sec    0    905 KBytes       
[  4]  39.00-40.00  sec   573 KBytes  4.69 Mbits/sec    0    964 KBytes       
[  4]  40.00-41.00  sec   636 KBytes  5.22 Mbits/sec   18    942 KBytes       
[  4]  41.00-42.00  sec  0.00 Bytes  0.00 bits/sec   15    823 KBytes       
[  4]  42.00-43.00  sec  63.6 KBytes   520 Kbits/sec    0    716 KBytes       
[  4]  43.00-44.00  sec  1.25 MBytes  10.5 Mbits/sec    0    734 KBytes       
[  4]  44.00-45.00  sec   693 KBytes  5.68 Mbits/sec    0    762 KBytes       
[  4]  45.00-46.00  sec   636 KBytes  5.21 Mbits/sec    0    807 KBytes       
[  4]  46.00-47.00  sec  0.00 Bytes  0.00 bits/sec   55    564 KBytes       
[  4]  47.00-48.00  sec   445 KBytes  3.65 Mbits/sec    6    564 KBytes       
[  4]  48.00-49.00  sec   827 KBytes  6.77 Mbits/sec    3    529 KBytes       
[  4]  49.00-50.00  sec  63.6 KBytes   522 Kbits/sec   11    400 KBytes       
[  4]  50.00-51.00  sec   509 KBytes  4.17 Mbits/sec    2    400 KBytes       
[  4]  51.00-52.00  sec   573 KBytes  4.69 Mbits/sec   16    280 KBytes       
[  4]  52.00-53.00  sec   382 KBytes  3.13 Mbits/sec    8    280 KBytes       
[  4]  53.00-54.00  sec  0.00 Bytes  0.00 bits/sec   16    280 KBytes       
[  4]  54.00-55.00  sec  0.00 Bytes  0.00 bits/sec    7    280 KBytes       
[  4]  55.00-56.00  sec  63.6 KBytes   520 Kbits/sec    7   1.41 KBytes       
[  4]  56.00-57.00  sec   127 KBytes  1.04 Mbits/sec    8   11.3 KBytes       
[  4]  57.00-58.00  sec   700 KBytes  5.75 Mbits/sec   10    307 KBytes       
[  4]  58.00-59.00  sec   255 KBytes  2.08 Mbits/sec    3    305 KBytes       
[  4]  59.00-60.00  sec  0.00 Bytes  0.00 bits/sec   18    247 KBytes       
[  4]  60.00-61.00  sec   127 KBytes  1.04 Mbits/sec    8    222 KBytes       
[  4]  61.00-62.00  sec   445 KBytes  3.65 Mbits/sec    0    165 KBytes       
[  4]  62.00-63.00  sec  63.6 KBytes   521 Kbits/sec    2    115 KBytes       
[  4]  63.00-64.00  sec   318 KBytes  2.61 Mbits/sec    0    116 KBytes       
[  4]  64.00-65.00  sec   127 KBytes  1.04 Mbits/sec    0    124 KBytes       
[  4]  65.00-66.00  sec   127 KBytes  1.04 Mbits/sec    0    129 KBytes       
[  4]  66.00-67.00  sec   127 KBytes  1.04 Mbits/sec    0    130 KBytes       
[  4]  67.00-68.00  sec  0.00 Bytes  0.00 bits/sec    4   97.6 KBytes       
[  4]  68.00-69.00  sec  0.00 Bytes  0.00 bits/sec    3   90.5 KBytes       
[  4]  69.00-70.00  sec   255 KBytes  2.08 Mbits/sec    0    102 KBytes       
[  4]  70.00-71.00  sec   255 KBytes  2.09 Mbits/sec    0    120 KBytes       
[  4]  71.00-72.00  sec   318 KBytes  2.61 Mbits/sec    0    127 KBytes       
[  4]  72.00-73.00  sec   318 KBytes  2.61 Mbits/sec    0    130 KBytes       
[  4]  73.00-74.00  sec   255 KBytes  2.08 Mbits/sec    0    130 KBytes       
[  4]  74.00-75.01  sec   255 KBytes  2.07 Mbits/sec    0    130 KBytes       
[  4]  75.01-76.00  sec   255 KBytes  2.10 Mbits/sec    0    134 KBytes       
[  4]  76.00-77.00  sec   127 KBytes  1.04 Mbits/sec    0    139 KBytes       
[  4]  77.00-78.00  sec   255 KBytes  2.09 Mbits/sec    0    161 KBytes       
[  4]  78.00-79.00  sec   127 KBytes  1.04 Mbits/sec    0    187 KBytes       
[  4]  79.00-80.00  sec  63.6 KBytes   522 Kbits/sec    0    198 KBytes       
[  4]  80.00-81.00  sec   127 KBytes  1.04 Mbits/sec    0    267 KBytes       
[  4]  81.00-82.00  sec  0.00 Bytes  0.00 bits/sec    0    272 KBytes       
[  4]  82.00-83.00  sec  0.00 Bytes  0.00 bits/sec   15    189 KBytes       
[  4]  83.00-84.00  sec  0.00 Bytes  0.00 bits/sec    2    189 KBytes       
[  4]  84.00-85.00  sec   191 KBytes  1.56 Mbits/sec    9    189 KBytes       
[  4]  85.00-86.00  sec   191 KBytes  1.57 Mbits/sec    6    132 KBytes       
[  4]  86.00-87.00  sec  0.00 Bytes  0.00 bits/sec    6    132 KBytes       
[  4]  87.00-88.00  sec  0.00 Bytes  0.00 bits/sec    0    132 KBytes       
[  4]  88.00-89.00  sec  63.6 KBytes   522 Kbits/sec    1   1.41 KBytes       
[  4]  89.00-90.00  sec  63.6 KBytes   521 Kbits/sec    1   33.9 KBytes       
[  4]  90.00-91.00  sec   445 KBytes  3.65 Mbits/sec    7    137 KBytes       
[  4]  91.00-92.00  sec  0.00 Bytes  0.00 bits/sec    8    105 KBytes       
[  4]  92.00-93.00  sec  0.00 Bytes  0.00 bits/sec    0    105 KBytes       
[  4]  93.00-94.00  sec   255 KBytes  2.09 Mbits/sec    0    113 KBytes       
[  4]  94.00-95.00  sec   127 KBytes  1.04 Mbits/sec    0    134 KBytes       
[  4]  95.00-96.00  sec   127 KBytes  1.04 Mbits/sec    0    146 KBytes       
[  4]  96.00-97.00  sec  0.00 Bytes  0.00 bits/sec   15    102 KBytes       
[  4]  97.00-98.00  sec  63.6 KBytes   521 Kbits/sec    7    102 KBytes       
[  4]  98.00-99.00  sec  0.00 Bytes  0.00 bits/sec    0    102 KBytes       
[  4]  99.00-100.00 sec  63.6 KBytes   520 Kbits/sec    1   1.41 KBytes       
[  4] 100.00-101.00 sec   318 KBytes  2.61 Mbits/sec    0    115 KBytes       
[  4] 101.00-102.00 sec  63.6 KBytes   522 Kbits/sec    0    120 KBytes       
[  4] 102.00-103.00 sec  0.00 Bytes  0.00 bits/sec    0    120 KBytes       
[  4] 103.00-104.00 sec   127 KBytes  1.04 Mbits/sec    0    126 KBytes       
[  4] 104.00-105.00 sec  63.6 KBytes   521 Kbits/sec    3    119 KBytes       
[  4] 105.00-106.02 sec   127 KBytes  1.03 Mbits/sec    5   91.9 KBytes       
[  4] 106.02-107.00 sec  0.00 Bytes  0.00 bits/sec    0   91.9 KBytes       
[  4] 107.00-108.00 sec  63.6 KBytes   522 Kbits/sec    2   86.3 KBytes       
[  4] 108.00-109.00 sec   127 KBytes  1.04 Mbits/sec    2   63.6 KBytes       
[  4] 109.00-110.00 sec   127 KBytes  1.04 Mbits/sec    0   66.5 KBytes       
[  4] 110.00-111.00 sec  0.00 Bytes  0.00 bits/sec    4   49.5 KBytes       
[  4] 111.00-112.00 sec  0.00 Bytes  0.00 bits/sec    2   48.1 KBytes       
[  4] 112.00-113.00 sec  63.6 KBytes   521 Kbits/sec    0   48.1 KBytes       
[  4] 113.00-114.00 sec  63.6 KBytes   521 Kbits/sec    0   53.7 KBytes       
[  4] 114.00-115.00 sec  63.6 KBytes   521 Kbits/sec    0   56.6 KBytes       
[  4] 115.00-116.00 sec  63.6 KBytes   521 Kbits/sec    0   58.0 KBytes       
[  4] 116.00-117.00 sec  0.00 Bytes  0.00 bits/sec    6   39.6 KBytes       
[  4] 117.00-118.00 sec  63.6 KBytes   521 Kbits/sec    7   39.6 KBytes       
[  4] 118.00-119.00 sec  0.00 Bytes  0.00 bits/sec    1   39.6 KBytes       
[  4] 119.00-120.00 sec  0.00 Bytes  0.00 bits/sec    1   39.6 KBytes       
[  4] 120.00-121.00 sec  63.6 KBytes   521 Kbits/sec    2   7.07 KBytes       
[  4] 121.00-122.00 sec   191 KBytes  1.56 Mbits/sec    0   49.5 KBytes       
[  4] 122.00-123.00 sec  63.6 KBytes   522 Kbits/sec    0   53.7 KBytes       
[  4] 123.00-124.00 sec   127 KBytes  1.04 Mbits/sec    0   59.4 KBytes       
[  4] 124.00-125.00 sec  63.6 KBytes   522 Kbits/sec    0   63.6 KBytes       
[  4] 125.00-126.00 sec   127 KBytes  1.05 Mbits/sec    0   93.3 KBytes       
[  4] 126.00-127.00 sec  63.6 KBytes   522 Kbits/sec    0    127 KBytes       
[  4] 127.00-128.00 sec  63.6 KBytes   521 Kbits/sec    0    167 KBytes       
[  4] 128.00-129.00 sec  63.6 KBytes   522 Kbits/sec    0    192 KBytes       
[  4] 129.00-130.00 sec   127 KBytes  1.04 Mbits/sec    0    279 KBytes       
[  4] 130.00-131.00 sec  0.00 Bytes  0.00 bits/sec    0    288 KBytes       
[  4] 131.00-132.00 sec  0.00 Bytes  0.00 bits/sec    2    294 KBytes       
[  4] 132.00-133.00 sec  0.00 Bytes  0.00 bits/sec   23    208 KBytes       
[  4] 133.00-134.00 sec  0.00 Bytes  0.00 bits/sec    0    208 KBytes       
[  4] 134.00-135.00 sec  0.00 Bytes  0.00 bits/sec   20    208 KBytes       
[  4] 135.00-136.00 sec  0.00 Bytes  0.00 bits/sec    0    208 KBytes       
[  4] 136.00-137.00 sec  0.00 Bytes  0.00 bits/sec    7    208 KBytes       
[  4] 137.00-138.00 sec  0.00 Bytes  0.00 bits/sec    0    208 KBytes       
[  4] 138.00-139.00 sec  63.6 KBytes   521 Kbits/sec    1   1.41 KBytes       
[  4] 139.00-140.00 sec  63.6 KBytes   521 Kbits/sec    6   8.48 KBytes       
[  4] 140.00-141.00 sec   573 KBytes  4.68 Mbits/sec   14    230 KBytes       
[  4] 141.00-142.00 sec   191 KBytes  1.57 Mbits/sec    0    240 KBytes       
[  4] 142.00-143.01 sec   127 KBytes  1.04 Mbits/sec    0    247 KBytes       
[  4] 143.01-144.00 sec  63.6 KBytes   523 Kbits/sec    0    249 KBytes       
[  4] 144.00-145.00 sec  0.00 Bytes  0.00 bits/sec   22    174 KBytes       
[  4] 145.00-146.00 sec  0.00 Bytes  0.00 bits/sec    3    174 KBytes       
[  4] 146.00-147.00 sec   127 KBytes  1.04 Mbits/sec    6    174 KBytes       
[  4] 147.00-148.00 sec  0.00 Bytes  0.00 bits/sec    5    174 KBytes       
[  4] 148.00-149.00 sec  0.00 Bytes  0.00 bits/sec    0    174 KBytes       
[  4] 149.00-150.00 sec  63.6 KBytes   521 Kbits/sec    1   1.41 KBytes       
[  4] 150.00-151.00 sec   636 KBytes  5.21 Mbits/sec    0    197 KBytes       
[  4] 151.00-152.00 sec   191 KBytes  1.56 Mbits/sec    0    206 KBytes       
[  4] 152.00-153.00 sec   191 KBytes  1.57 Mbits/sec    0    216 KBytes       
[  4] 153.00-154.00 sec  0.00 Bytes  0.00 bits/sec    0    216 KBytes       
[  4] 154.00-155.00 sec   191 KBytes  1.56 Mbits/sec    0    226 KBytes       
[  4] 155.00-156.00 sec   191 KBytes  1.56 Mbits/sec    0    253 KBytes       
[  4] 156.00-157.00 sec  63.6 KBytes   521 Kbits/sec    0    260 KBytes       
[  4] 157.00-158.00 sec  0.00 Bytes  0.00 bits/sec   18    184 KBytes       
[  4] 158.00-159.00 sec  0.00 Bytes  0.00 bits/sec    5    184 KBytes       
[  4] 159.00-160.00 sec   191 KBytes  1.56 Mbits/sec    2    184 KBytes       
[  4] 160.00-161.00 sec  0.00 Bytes  0.00 bits/sec    0    184 KBytes       
[  4] 161.00-162.00 sec   382 KBytes  3.13 Mbits/sec    0    208 KBytes       
[  4] 162.00-163.00 sec   127 KBytes  1.04 Mbits/sec    0    232 KBytes       
[  4] 163.00-164.00 sec  63.6 KBytes   521 Kbits/sec    0    239 KBytes       
[  4] 164.00-165.00 sec  0.00 Bytes  0.00 bits/sec   26    168 KBytes       
[  4] 165.00-166.00 sec  0.00 Bytes  0.00 bits/sec    4    168 KBytes       
[  4] 166.00-167.00 sec   318 KBytes  2.62 Mbits/sec    0    170 KBytes       
[  4] 167.00-168.00 sec   191 KBytes  1.56 Mbits/sec    0    185 KBytes       
[  4] 168.00-169.00 sec  63.6 KBytes   521 Kbits/sec    0    191 KBytes       
[  4] 169.00-170.00 sec   191 KBytes  1.56 Mbits/sec    0    199 KBytes       
[  4] 170.00-171.00 sec  0.00 Bytes  0.00 bits/sec    0    199 KBytes       
[  4] 171.00-172.00 sec   191 KBytes  1.56 Mbits/sec    0    205 KBytes       
[  4] 172.00-173.00 sec   127 KBytes  1.04 Mbits/sec    0    215 KBytes       
[  4] 173.00-174.00 sec  63.6 KBytes   522 Kbits/sec    0    222 KBytes       
[  4] 174.00-175.00 sec   191 KBytes  1.56 Mbits/sec    0    262 KBytes       
[  4] 175.00-176.00 sec  0.00 Bytes  0.00 bits/sec    2    252 KBytes       
[  4] 176.00-177.00 sec  0.00 Bytes  0.00 bits/sec   25    184 KBytes       
[  4] 177.00-178.00 sec  0.00 Bytes  0.00 bits/sec    0    184 KBytes       
[  4] 178.00-179.00 sec   382 KBytes  3.13 Mbits/sec    0    199 KBytes       
[  4] 179.00-180.00 sec   255 KBytes  2.08 Mbits/sec    0    233 KBytes       
[  4] 180.00-181.00 sec  0.00 Bytes  0.00 bits/sec    0    235 KBytes       
[  4] 181.00-182.00 sec   191 KBytes  1.56 Mbits/sec    0    253 KBytes       
[  4] 182.00-183.00 sec  0.00 Bytes  0.00 bits/sec    0    253 KBytes       
[  4] 183.00-184.00 sec   255 KBytes  2.09 Mbits/sec    1    253 KBytes       
[  4] 184.00-185.00 sec  0.00 Bytes  0.00 bits/sec    2    214 KBytes       
[  4] 185.00-186.00 sec  0.00 Bytes  0.00 bits/sec    4    181 KBytes       
[  4] 186.00-187.00 sec   382 KBytes  3.13 Mbits/sec    0    187 KBytes       
[  4] 187.00-188.00 sec   191 KBytes  1.56 Mbits/sec    0    202 KBytes       
[  4] 188.00-189.00 sec  63.6 KBytes   522 Kbits/sec    0    206 KBytes       
[  4] 189.00-190.00 sec   191 KBytes  1.56 Mbits/sec    0    215 KBytes       
[  4] 190.00-191.00 sec  63.6 KBytes   522 Kbits/sec    0    216 KBytes       
[  4] 191.00-192.00 sec   191 KBytes  1.56 Mbits/sec    0    219 KBytes       
[  4] 192.00-193.00 sec   127 KBytes  1.04 Mbits/sec    0    230 KBytes       
[  4] 193.00-194.00 sec  63.6 KBytes   521 Kbits/sec    0    235 KBytes       
[  4] 194.00-195.00 sec   191 KBytes  1.56 Mbits/sec    0    267 KBytes       
[  4] 195.00-196.00 sec  63.6 KBytes   521 Kbits/sec    0    276 KBytes       
[  4] 196.00-197.00 sec  0.00 Bytes  0.00 bits/sec   22    198 KBytes       
[  4] 197.00-198.00 sec  0.00 Bytes  0.00 bits/sec    4    198 KBytes       
[  4] 198.00-199.00 sec   191 KBytes  1.56 Mbits/sec    0    198 KBytes       
[  4] 199.00-200.00 sec   382 KBytes  3.12 Mbits/sec    0    229 KBytes       
[  4] 200.00-201.00 sec  63.6 KBytes   522 Kbits/sec    0    236 KBytes       
[  4] 201.00-202.00 sec   191 KBytes  1.56 Mbits/sec    0    262 KBytes       
[  4] 202.00-203.00 sec  0.00 Bytes  0.00 bits/sec   13    211 KBytes       
[  4] 203.00-204.00 sec  0.00 Bytes  0.00 bits/sec    8    182 KBytes       
[  4] 204.00-205.00 sec   191 KBytes  1.56 Mbits/sec    0    182 KBytes       
[  4] 205.00-206.00 sec   318 KBytes  2.60 Mbits/sec    0    194 KBytes       
[  4] 206.00-207.00 sec   127 KBytes  1.04 Mbits/sec    0    204 KBytes       
[  4] 207.00-208.00 sec   127 KBytes  1.04 Mbits/sec    0    214 KBytes       
[  4] 208.00-209.00 sec   127 KBytes  1.04 Mbits/sec    0    216 KBytes       
[  4] 209.00-210.00 sec   127 KBytes  1.04 Mbits/sec    0    219 KBytes       
[  4] 210.00-211.00 sec   191 KBytes  1.56 Mbits/sec    0    223 KBytes       
[  4] 211.00-212.00 sec  63.6 KBytes   521 Kbits/sec    0    228 KBytes       
[  4] 212.00-213.00 sec   127 KBytes  1.04 Mbits/sec    0    243 KBytes       
[  4] 213.00-214.00 sec  63.6 KBytes   521 Kbits/sec    0    252 KBytes       
[  4] 214.00-215.00 sec   191 KBytes  1.56 Mbits/sec    0    297 KBytes       
[  4] 215.00-216.00 sec  0.00 Bytes  0.00 bits/sec    1    262 KBytes       
[  4] 216.00-217.00 sec   127 KBytes  1.04 Mbits/sec   15    209 KBytes       
[  4] 217.00-218.00 sec   127 KBytes  1.04 Mbits/sec    0    209 KBytes       
[  4] 218.00-219.00 sec   255 KBytes  2.09 Mbits/sec    0    218 KBytes       
[  4] 219.00-220.00 sec   255 KBytes  2.08 Mbits/sec    0    256 KBytes       
[  4] 220.00-221.00 sec   127 KBytes  1.04 Mbits/sec    0    277 KBytes       
[  4] 221.00-222.00 sec   127 KBytes  1.04 Mbits/sec    0    283 KBytes       
[  4] 222.00-223.00 sec  0.00 Bytes  0.00 bits/sec   11    222 KBytes       
[  4] 223.00-224.00 sec  0.00 Bytes  0.00 bits/sec    1    198 KBytes       
[  4] 224.00-225.00 sec   382 KBytes  3.13 Mbits/sec    0    199 KBytes       
[  4] 225.00-226.00 sec   191 KBytes  1.56 Mbits/sec    0    219 KBytes       
[  4] 226.00-227.00 sec   127 KBytes  1.04 Mbits/sec    0    229 KBytes       
[  4] 227.00-228.00 sec   127 KBytes  1.04 Mbits/sec    0    233 KBytes       
[  4] 228.00-228.00 sec  0.00 Bytes  0.00 bits/sec    0    233 KBytes       
- - - - - - - - - - - - - - - - - - - - - - - - -
[ ID] Interval           Transfer     Bandwidth       Retr
[  4]   0.00-228.00 sec  50.0 MBytes  1.84 Mbits/sec  1794             sender
[  4]   0.00-228.00 sec  43.7 MBytes  1.61 Mbits/sec                  receiver

iperf Done.
