Connecting to host 10.0.0.2, port 5201
[  4] local 10.0.0.1 port 46110 connected to 10.0.0.2 port 5201
[ ID] Interval           Transfer     Bandwidth       Retr  Cwnd
[  4]   0.00-1.00   sec   848 KBytes  6.93 Mbits/sec    0   65.0 KBytes       
[  4]   1.00-2.00   sec   636 KBytes  5.22 Mbits/sec    0   90.5 KBytes       
[  4]   2.00-3.00   sec   636 KBytes  5.21 Mbits/sec    0    115 KBytes       
[  4]   3.00-4.00   sec   445 KBytes  3.64 Mbits/sec    0    133 KBytes       
[  4]   4.00-5.00   sec   445 KBytes  3.65 Mbits/sec    0    151 KBytes       
[  4]   5.00-6.00   sec   700 KBytes  5.75 Mbits/sec    0    175 KBytes       
[  4]   6.00-7.00   sec   700 KBytes  5.73 Mbits/sec    0    209 KBytes       
[  4]   7.00-8.00   sec  1018 KBytes  8.33 Mbits/sec    0    286 KBytes       
[  4]   8.00-9.00   sec  1018 KBytes  8.35 Mbits/sec    0    375 KBytes       
[  4]   9.00-10.00  sec  1.12 MBytes  9.39 Mbits/sec    0    488 KBytes       
[  4]  10.00-11.00  sec   636 KBytes  5.21 Mbits/sec    0    570 KBytes       
[  4]  11.00-12.00  sec  1.24 MBytes  10.4 Mbits/sec    0    732 KBytes       
[  4]  12.00-13.00  sec  1.18 MBytes  9.90 Mbits/sec   31    822 KBytes       
[  4]  13.00-13.00  sec  0.00 Bytes  0.00 bits/sec    0    822 KBytes       
- - - - - - - - - - - - - - - - - - - - - - - - -
[ ID] Interval           Transfer     Bandwidth       Retr
[  4]   0.00-13.00  sec  10.5 MBytes  6.75 Mbits/sec   31             sender
[  4]   0.00-13.00  sec  5.68 MBytes  3.67 Mbits/sec                  receiver

iperf Done.
