-----------------------------------------------------------
Server listening on 5201
-----------------------------------------------------------
Accepted connection from 10.0.0.1, port 49086
[  5] local 10.0.0.2 port 5201 connected to 10.0.0.1 port 46110
[ ID] Interval           Transfer     Bandwidth
[  5]   0.00-1.00   sec   566 KBytes  4.63 Mbits/sec                  
[  5]   1.00-2.00   sec   590 KBytes  4.83 Mbits/sec                  
[  5]   2.00-3.00   sec   638 KBytes  5.22 Mbits/sec                  
[  5]   3.00-4.00   sec   440 KBytes  3.61 Mbits/sec                  
[  5]   4.00-5.00   sec   659 KBytes  5.39 Mbits/sec                  
[  5]   5.00-6.00   sec   591 KBytes  4.84 Mbits/sec                  
[  5]   6.00-7.00   sec   665 KBytes  5.45 Mbits/sec                  
[  5]   7.00-8.00   sec   571 KBytes  4.68 Mbits/sec                  
[  5]   8.00-9.00   sec   568 KBytes  4.66 Mbits/sec                  
[  5]   9.00-10.00  sec   711 KBytes  5.83 Mbits/sec                  
[  5]  10.00-11.00  sec   520 KBytes  4.26 Mbits/sec                  
[  5]  11.00-12.00  sec   626 KBytes  5.13 Mbits/sec                  
[  5]  12.00-13.00  sec   561 KBytes  4.60 Mbits/sec                  
[  5]  13.00-13.35  sec   163 KBytes  3.81 Mbits/sec                  
- - - - - - - - - - - - - - - - - - - - - - - - -
[ ID] Interval           Transfer     Bandwidth
[  5]   0.00-13.35  sec  0.00 Bytes  0.00 bits/sec                  sender
[  5]   0.00-13.35  sec  7.68 MBytes  4.83 Mbits/sec                  receiver
