-----------------------------------------------------------
Server listening on 5201
-----------------------------------------------------------
Accepted connection from 10.0.0.1, port 42374
[  5] local 10.0.0.2 port 5201 connected to 10.0.0.1 port 46110
[ ID] Interval           Transfer     Bandwidth
[  5]   0.00-1.00   sec   532 KBytes  4.35 Mbits/sec                  
[  5]   1.00-2.00   sec   600 KBytes  4.91 Mbits/sec                  
[  5]   2.00-3.00   sec   689 KBytes  5.64 Mbits/sec                  
[  5]   3.00-4.00   sec   748 KBytes  6.12 Mbits/sec                  
[  5]   4.00-5.00   sec   776 KBytes  6.36 Mbits/sec                  
[  5]   5.00-6.00   sec   775 KBytes  6.35 Mbits/sec                  
[  5]   6.00-7.00   sec   758 KBytes  6.21 Mbits/sec                  
[  5]   7.00-8.00   sec   759 KBytes  6.22 Mbits/sec                  
[  5]   8.00-9.00   sec   614 KBytes  5.03 Mbits/sec                  
[  5]   9.00-10.00  sec   503 KBytes  4.12 Mbits/sec                  
[  5]  10.00-11.00  sec   573 KBytes  4.70 Mbits/sec                  
[  5]  11.00-12.00  sec   650 KBytes  5.32 Mbits/sec                  
[  5]  12.00-13.00  sec   625 KBytes  5.12 Mbits/sec                  
[  5]  13.00-14.00  sec   744 KBytes  6.09 Mbits/sec                  
[  5]  14.00-15.00  sec   267 KBytes  2.19 Mbits/sec                  
[  5]  15.00-16.00  sec  0.00 Bytes  0.00 bits/sec                  
[  5]  16.00-17.00  sec  1.02 MBytes  8.57 Mbits/sec                  
[  5]  17.00-18.00  sec  1.15 MBytes  9.67 Mbits/sec                  
[  5]  18.00-19.00  sec   559 KBytes  4.58 Mbits/sec                  
[  5]  19.00-20.00  sec   645 KBytes  5.28 Mbits/sec                  
[  5]  20.00-21.00  sec   481 KBytes  3.94 Mbits/sec                  
[  5]  21.00-22.00  sec   363 KBytes  2.98 Mbits/sec                  
[  5]  22.00-23.00  sec   525 KBytes  4.30 Mbits/sec                  
[  5]  23.00-24.00  sec   546 KBytes  4.47 Mbits/sec                  
[  5]  24.00-25.00  sec   132 KBytes  1.08 Mbits/sec                  
[  5]  25.00-26.00  sec   139 KBytes  1.13 Mbits/sec                  
[  5]  26.00-27.00  sec  1.12 MBytes  9.38 Mbits/sec                  
[  5]  27.00-28.00  sec   492 KBytes  4.04 Mbits/sec                  
[  5]  28.00-29.00  sec   469 KBytes  3.85 Mbits/sec                  
[  5]  29.00-30.00  sec   477 KBytes  3.90 Mbits/sec                  
[  5]  30.00-31.00  sec   537 KBytes  4.40 Mbits/sec                  
[  5]  31.00-32.00  sec   419 KBytes  3.43 Mbits/sec                  
[  5]  32.00-33.00  sec   584 KBytes  4.78 Mbits/sec                  
[  5]  33.00-34.00  sec   452 KBytes  3.70 Mbits/sec                  
[  5]  34.00-35.00  sec   543 KBytes  4.45 Mbits/sec                  
[  5]  35.00-36.00  sec   587 KBytes  4.81 Mbits/sec                  
[  5]  36.00-37.00  sec   467 KBytes  3.82 Mbits/sec                  
[  5]  37.00-38.00  sec   554 KBytes  4.54 Mbits/sec                  
[  5]  38.00-39.00  sec   472 KBytes  3.87 Mbits/sec                  
[  5]  39.00-40.00  sec   510 KBytes  4.18 Mbits/sec                  
[  5]  40.00-41.00  sec   358 KBytes  2.93 Mbits/sec                  
[  5]  41.00-42.00  sec  0.00 Bytes  0.00 bits/sec                  
[  5]  42.00-43.00  sec  0.00 Bytes  0.00 bits/sec                  
[  5]  43.00-44.00  sec  0.00 Bytes  0.00 bits/sec                  
[  5]  44.00-45.00  sec  0.00 Bytes  0.00 bits/sec                  
[  5]  45.00-46.00  sec  2.33 MBytes  19.5 Mbits/sec                  
[  5]  46.00-47.00  sec   646 KBytes  5.29 Mbits/sec                  
[  5]  47.00-48.00  sec   379 KBytes  3.11 Mbits/sec                  
[  5]  48.00-49.00  sec   486 KBytes  3.99 Mbits/sec                  
[  5]  49.00-50.00  sec   635 KBytes  5.20 Mbits/sec                  
[  5]  50.00-51.00  sec   305 KBytes  2.50 Mbits/sec                  
[  5]  51.00-52.00  sec  0.00 Bytes  0.00 bits/sec                  
[  5]  52.00-53.00  sec   513 KBytes  4.21 Mbits/sec                  
[  5]  53.00-54.00  sec  1.12 MBytes  9.40 Mbits/sec                  
[  5]  54.00-55.00  sec   571 KBytes  4.68 Mbits/sec                  
[  5]  55.00-56.00  sec   416 KBytes  3.41 Mbits/sec                  
[  5]  56.00-57.00  sec   578 KBytes  4.74 Mbits/sec                  
[  5]  57.00-58.00  sec   472 KBytes  3.87 Mbits/sec                  
[  5]  58.00-59.00  sec   730 KBytes  5.98 Mbits/sec                  
[  5]  59.00-60.00  sec   436 KBytes  3.57 Mbits/sec                  
[  5]  60.00-61.00  sec   513 KBytes  4.21 Mbits/sec                  
[  5]  61.00-62.00  sec   675 KBytes  5.52 Mbits/sec                  
[  5]  62.00-63.00  sec   423 KBytes  3.46 Mbits/sec                  
[  5]  63.00-64.00  sec   553 KBytes  4.53 Mbits/sec                  
[  5]  64.00-65.00  sec   634 KBytes  5.18 Mbits/sec                  
[  5]  65.00-66.00  sec   462 KBytes  3.79 Mbits/sec                  
[  5]  66.00-67.00  sec   505 KBytes  4.13 Mbits/sec                  
[  5]  67.00-68.00  sec  0.00 Bytes  0.00 bits/sec                  
[  5]  68.00-69.00  sec   536 KBytes  4.39 Mbits/sec                  
[  5]  69.00-70.00  sec  1.14 MBytes  9.53 Mbits/sec                  
[  5]  70.00-71.00  sec   594 KBytes  4.86 Mbits/sec                  
[  5]  71.00-72.00  sec   519 KBytes  4.25 Mbits/sec                  
[  5]  72.00-73.00  sec   677 KBytes  5.55 Mbits/sec                  
[  5]  73.00-74.00  sec   498 KBytes  4.08 Mbits/sec                  
[  5]  74.00-75.00  sec   539 KBytes  4.42 Mbits/sec                  
[  5]  75.00-76.00  sec   339 KBytes  2.78 Mbits/sec                  
[  5]  76.00-77.00  sec  0.00 Bytes  0.00 bits/sec                  
[  5]  77.00-78.00  sec  1.51 MBytes  12.7 Mbits/sec                  
[  5]  78.00-79.00  sec  1.14 MBytes  9.54 Mbits/sec                  
[  5]  79.00-79.63  sec   732 KBytes  9.53 Mbits/sec                  
- - - - - - - - - - - - - - - - - - - - - - - - -
[ ID] Interval           Transfer     Bandwidth
[  5]   0.00-79.63  sec  0.00 Bytes  0.00 bits/sec                  sender
[  5]   0.00-79.63  sec  44.0 MBytes  4.64 Mbits/sec                  receiver
