-----------------------------------------------------------
Server listening on 5202
-----------------------------------------------------------
Accepted connection from 10.0.0.1, port 46038
[  5] local 10.0.0.2 port 5202 connected to 10.0.0.1 port 46112
[ ID] Interval           Transfer     Bandwidth
[  5]   0.00-1.01   sec   230 KBytes  1.86 Mbits/sec                  
[  5]   1.01-2.01   sec   266 KBytes  2.19 Mbits/sec                  
[  5]   2.01-3.00   sec   209 KBytes  1.72 Mbits/sec                  
[  5]   3.00-4.00   sec   249 KBytes  2.04 Mbits/sec                  
[  5]   4.00-5.00   sec   327 KBytes  2.67 Mbits/sec                  
[  5]   5.00-6.00   sec   291 KBytes  2.39 Mbits/sec                  
[  5]   6.00-7.00   sec   257 KBytes  2.10 Mbits/sec                  
[  5]   7.00-8.00   sec   293 KBytes  2.41 Mbits/sec                  
[  5]   8.00-9.00   sec   272 KBytes  2.23 Mbits/sec                  
[  5]   9.00-10.00  sec   284 KBytes  2.33 Mbits/sec                  
[  5]  10.00-11.00  sec  73.5 KBytes   602 Kbits/sec                  
[  5]  11.00-12.00  sec  1.41 KBytes  11.6 Kbits/sec                  
[  5]  12.00-13.00  sec   694 KBytes  5.69 Mbits/sec                  
[  5]  13.00-14.00  sec   263 KBytes  2.15 Mbits/sec                  
[  5]  14.00-15.00  sec   346 KBytes  2.84 Mbits/sec                  
[  5]  15.00-16.00  sec   174 KBytes  1.42 Mbits/sec                  
[  5]  16.00-17.00  sec  0.00 Bytes  0.00 bits/sec                  
[  5]  17.00-18.00  sec   400 KBytes  3.28 Mbits/sec                  
[  5]  18.00-19.00  sec   313 KBytes  2.56 Mbits/sec                  
[  5]  19.00-20.00  sec   205 KBytes  1.68 Mbits/sec                  
[  5]  20.00-21.00  sec   204 KBytes  1.67 Mbits/sec                  
[  5]  21.00-22.00  sec  73.5 KBytes   602 Kbits/sec                  
[  5]  22.00-23.00  sec  5.66 KBytes  46.3 Kbits/sec                  
[  5]  23.00-24.00  sec   242 KBytes  1.98 Mbits/sec                  
[  5]  24.00-25.00  sec  9.90 KBytes  81.2 Kbits/sec                  
[  5]  25.00-26.00  sec  0.00 Bytes  0.00 bits/sec                  
[  5]  26.00-27.00  sec  28.3 KBytes   232 Kbits/sec                  
[  5]  27.00-28.00  sec  0.00 Bytes  0.00 bits/sec                  
[  5]  28.00-29.00  sec   182 KBytes  1.49 Mbits/sec                  
[  5]  29.00-30.00  sec  0.00 Bytes  0.00 bits/sec                  
[  5]  30.00-31.00  sec  9.90 KBytes  81.1 Kbits/sec                  
[  5]  31.00-32.00  sec   351 KBytes  2.87 Mbits/sec                  
[  5]  32.00-33.00  sec   243 KBytes  1.99 Mbits/sec                  
[  5]  33.00-34.00  sec   962 KBytes  7.88 Mbits/sec                  
[  5]  34.00-35.00  sec   503 KBytes  4.11 Mbits/sec                  
[  5]  35.00-35.43  sec   215 KBytes  4.19 Mbits/sec                  
- - - - - - - - - - - - - - - - - - - - - - - - -
[ ID] Interval           Transfer     Bandwidth
[  5]   0.00-35.43  sec  0.00 Bytes  0.00 bits/sec                  sender
[  5]   0.00-35.43  sec  7.99 MBytes  1.89 Mbits/sec                  receiver
