-----------------------------------------------------------
Server listening on 5201
-----------------------------------------------------------
Accepted connection from 10.0.0.1, port 54831
[  5] local 10.0.0.2 port 5201 connected to 10.0.0.1 port 46110
[ ID] Interval           Transfer     Bandwidth
[  5]   0.00-1.00   sec   522 KBytes  4.27 Mbits/sec                  
[  5]   1.00-2.00   sec   612 KBytes  5.02 Mbits/sec                  
[  5]   2.00-3.00   sec   658 KBytes  5.38 Mbits/sec                  
[  5]   3.00-4.00   sec   573 KBytes  4.69 Mbits/sec                  
[  5]   4.00-5.00   sec   783 KBytes  6.42 Mbits/sec                  
[  5]   5.00-6.00   sec   744 KBytes  6.09 Mbits/sec                  
[  5]   6.00-7.00   sec   742 KBytes  6.09 Mbits/sec                  
[  5]   7.00-8.00   sec   782 KBytes  6.41 Mbits/sec                  
[  5]   8.00-9.00   sec   656 KBytes  5.37 Mbits/sec                  
[  5]   9.00-10.00  sec   568 KBytes  4.66 Mbits/sec                  
[  5]  10.00-11.00  sec   417 KBytes  3.42 Mbits/sec                  
[  5]  11.00-12.00  sec   510 KBytes  4.18 Mbits/sec                  
[  5]  12.00-13.00  sec   433 KBytes  3.55 Mbits/sec                  
[  5]  13.00-14.00  sec   359 KBytes  2.94 Mbits/sec                  
[  5]  14.00-15.00  sec   246 KBytes  2.02 Mbits/sec                  
[  5]  15.00-16.00  sec   205 KBytes  1.68 Mbits/sec                  
[  5]  16.00-17.00  sec  17.0 KBytes   139 Kbits/sec                  
[  5]  17.00-18.00  sec   379 KBytes  3.11 Mbits/sec                  
[  5]  18.00-19.00  sec   600 KBytes  4.91 Mbits/sec                  
[  5]  19.00-20.00  sec   399 KBytes  3.27 Mbits/sec                  
[  5]  20.00-21.00  sec   100 KBytes   823 Kbits/sec                  
[  5]  21.00-22.00  sec  0.00 Bytes  0.00 bits/sec                  
[  5]  22.00-23.00  sec   805 KBytes  6.59 Mbits/sec                  
[  5]  23.00-24.00  sec   469 KBytes  3.85 Mbits/sec                  
[  5]  24.00-25.00  sec   436 KBytes  3.57 Mbits/sec                  
[  5]  25.00-26.00  sec   373 KBytes  3.05 Mbits/sec                  
[  5]  26.00-27.00  sec   433 KBytes  3.54 Mbits/sec                  
[  5]  27.00-28.00  sec   380 KBytes  3.12 Mbits/sec                  
[  5]  28.00-29.00  sec   329 KBytes  2.70 Mbits/sec                  
[  5]  29.00-30.00  sec   495 KBytes  4.05 Mbits/sec                  
[  5]  30.00-31.00  sec  48.1 KBytes   394 Kbits/sec                  
[  5]  31.00-32.00  sec   369 KBytes  3.03 Mbits/sec                  
[  5]  32.00-33.00  sec   930 KBytes  7.62 Mbits/sec                  
[  5]  33.00-34.00  sec   568 KBytes  4.66 Mbits/sec                  
[  5]  34.00-35.00  sec   474 KBytes  3.88 Mbits/sec                  
[  5]  35.00-36.00  sec   416 KBytes  3.41 Mbits/sec                  
[  5]  36.00-37.00  sec   600 KBytes  4.91 Mbits/sec                  
[  5]  37.00-38.00  sec   519 KBytes  4.25 Mbits/sec                  
[  5]  38.00-39.00  sec   588 KBytes  4.82 Mbits/sec                  
[  5]  39.00-40.00  sec   342 KBytes  2.80 Mbits/sec                  
[  5]  40.00-41.00  sec   612 KBytes  5.02 Mbits/sec                  
[  5]  41.00-42.00  sec   652 KBytes  5.33 Mbits/sec                  
[  5]  42.00-43.00  sec  66.5 KBytes   545 Kbits/sec                  
[  5]  43.00-44.00  sec  1.39 MBytes  11.7 Mbits/sec                  
[  5]  44.00-45.00  sec   724 KBytes  5.93 Mbits/sec                  
[  5]  45.00-46.00  sec   738 KBytes  6.05 Mbits/sec                  
[  5]  46.00-47.00  sec   744 KBytes  6.09 Mbits/sec                  
[  5]  47.00-48.00  sec   716 KBytes  5.86 Mbits/sec                  
[  5]  48.00-49.00  sec   689 KBytes  5.64 Mbits/sec                  
[  5]  49.00-50.00  sec   714 KBytes  5.85 Mbits/sec                  
[  5]  50.00-51.00  sec   858 KBytes  7.03 Mbits/sec                  
[  5]  51.00-52.00  sec   747 KBytes  6.12 Mbits/sec                  
[  5]  52.00-53.00  sec   833 KBytes  6.82 Mbits/sec                  
[  5]  53.00-54.00  sec   684 KBytes  5.61 Mbits/sec                  
[  5]  54.00-55.00  sec   650 KBytes  5.33 Mbits/sec                  
[  5]  55.00-56.00  sec   660 KBytes  5.41 Mbits/sec                  
[  5]  56.00-57.00  sec  0.00 Bytes  0.00 bits/sec                  
[  5]  57.00-58.00  sec  1.61 MBytes  13.5 Mbits/sec                  
[  5]  58.00-59.00  sec   732 KBytes  6.00 Mbits/sec                  
[  5]  59.00-60.00  sec   667 KBytes  5.46 Mbits/sec                  
[  5]  60.00-61.00  sec   752 KBytes  6.16 Mbits/sec                  
[  5]  61.00-62.00  sec   759 KBytes  6.22 Mbits/sec                  
[  5]  62.00-63.00  sec   649 KBytes  5.32 Mbits/sec                  
[  5]  63.00-64.00  sec   628 KBytes  5.14 Mbits/sec                  
[  5]  64.00-65.00  sec   420 KBytes  3.44 Mbits/sec                  
[  5]  65.00-66.00  sec   260 KBytes  2.13 Mbits/sec                  
[  5]  66.00-67.00  sec  1.53 MBytes  12.8 Mbits/sec                  
[  5]  67.00-68.00  sec   731 KBytes  5.99 Mbits/sec                  
[  5]  68.00-69.00  sec   708 KBytes  5.80 Mbits/sec                  
[  5]  69.00-70.00  sec   716 KBytes  5.86 Mbits/sec                  
[  5]  70.00-71.00  sec   713 KBytes  5.84 Mbits/sec                  
[  5]  71.00-72.00  sec   717 KBytes  5.87 Mbits/sec                  
[  5]  72.00-73.00  sec   765 KBytes  6.27 Mbits/sec                  
[  5]  73.00-74.00  sec   724 KBytes  5.93 Mbits/sec                  
[  5]  74.00-75.00  sec   662 KBytes  5.42 Mbits/sec                  
[  5]  75.00-76.00  sec   687 KBytes  5.63 Mbits/sec                  
[  5]  76.00-77.00  sec   669 KBytes  5.48 Mbits/sec                  
[  5]  77.00-78.00  sec   751 KBytes  6.15 Mbits/sec                  
[  5]  78.00-79.00  sec   725 KBytes  5.93 Mbits/sec                  
[  5]  79.00-79.27  sec   105 KBytes  3.25 Mbits/sec                  
- - - - - - - - - - - - - - - - - - - - - - - - -
[ ID] Interval           Transfer     Bandwidth
[  5]   0.00-79.27  sec  0.00 Bytes  0.00 bits/sec                  sender
[  5]   0.00-79.27  sec  46.0 MBytes  4.87 Mbits/sec                  receiver
