-----------------------------------------------------------
Server listening on 5202
-----------------------------------------------------------
Accepted connection from 10.0.0.1, port 52213
[  5] local 10.0.0.2 port 5202 connected to 10.0.0.1 port 46112
[ ID] Interval           Transfer     Bandwidth
[  5]   0.00-1.00   sec  65.0 KBytes   532 Kbits/sec                  
[  5]   1.00-2.00   sec  89.1 KBytes   730 Kbits/sec                  
[  5]   2.00-3.00   sec  48.1 KBytes   394 Kbits/sec                  
[  5]   3.00-4.00   sec   106 KBytes   870 Kbits/sec                  
[  5]   4.00-5.00   sec  59.4 KBytes   486 Kbits/sec                  
[  5]   5.00-6.00   sec   106 KBytes   869 Kbits/sec                  
[  5]   6.00-7.00   sec   141 KBytes  1.16 Mbits/sec                  
[  5]   7.00-8.00   sec  32.5 KBytes   266 Kbits/sec                  
[  5]   8.00-9.00   sec   122 KBytes   998 Kbits/sec                  
[  5]   9.00-10.00  sec   100 KBytes   823 Kbits/sec                  
[  5]  10.00-11.00  sec   120 KBytes   984 Kbits/sec                  
[  5]  11.00-12.00  sec   137 KBytes  1.12 Mbits/sec                  
[  5]  12.00-13.00  sec   181 KBytes  1.48 Mbits/sec                  
[  5]  13.00-14.00  sec  80.6 KBytes   661 Kbits/sec                  
[  5]  14.00-15.00  sec   124 KBytes  1.02 Mbits/sec                  
[  5]  15.00-16.00  sec   270 KBytes  2.21 Mbits/sec                  
[  5]  16.00-17.00  sec   134 KBytes  1.10 Mbits/sec                  
[  5]  17.00-18.00  sec   175 KBytes  1.44 Mbits/sec                  
[  5]  18.00-19.01  sec   250 KBytes  2.03 Mbits/sec                  
[  5]  19.01-20.00  sec   536 KBytes  4.44 Mbits/sec                  
[  5]  20.00-21.00  sec   533 KBytes  4.37 Mbits/sec                  
[  5]  21.00-21.56  sec   680 KBytes  9.95 Mbits/sec                  
- - - - - - - - - - - - - - - - - - - - - - - - -
[ ID] Interval           Transfer     Bandwidth
[  5]   0.00-21.56  sec  0.00 Bytes  0.00 bits/sec                  sender
[  5]   0.00-21.56  sec  4.00 MBytes  1.55 Mbits/sec                  receiver
