Connecting to host 10.0.0.2, port 5202
[  4] local 10.0.0.1 port 46112 connected to 10.0.0.2 port 5202
[ ID] Interval           Transfer     Bandwidth       Retr  Cwnd
[  4]   0.00-1.00   sec   634 KBytes  5.17 Mbits/sec    0   53.7 KBytes       
[  4]   1.00-2.01   sec   318 KBytes  2.58 Mbits/sec    0   69.3 KBytes       
[  4]   2.01-3.01   sec   318 KBytes  2.62 Mbits/sec    0   80.6 KBytes       
[  4]   3.01-4.01   sec   318 KBytes  2.61 Mbits/sec    0   91.9 KBytes       
[  4]   4.01-5.00   sec   255 KBytes  2.09 Mbits/sec    0    102 KBytes       
[  4]   5.00-6.00   sec   318 KBytes  2.61 Mbits/sec    0    129 KBytes       
[  4]   6.00-7.00   sec   573 KBytes  4.70 Mbits/sec    0    182 KBytes       
[  4]   7.00-8.00   sec   509 KBytes  4.17 Mbits/sec    0    242 KBytes       
[  4]   8.00-9.00   sec   700 KBytes  5.73 Mbits/sec    0    320 KBytes       
[  4]   9.00-10.00  sec   891 KBytes  7.30 Mbits/sec    0    431 KBytes       
[  4]  10.00-11.00  sec  0.00 Bytes  0.00 bits/sec   65    313 KBytes       
[  4]  11.00-12.00  sec   318 KBytes  2.61 Mbits/sec   19    313 KBytes       
[  4]  12.00-13.00  sec   445 KBytes  3.65 Mbits/sec    0    318 KBytes       
[  4]  13.00-14.00  sec   318 KBytes  2.60 Mbits/sec    0    341 KBytes       
[  4]  14.00-15.00  sec  63.6 KBytes   521 Kbits/sec   11    281 KBytes       
[  4]  15.00-16.00  sec   127 KBytes  1.04 Mbits/sec    9    247 KBytes       
[  4]  16.00-17.00  sec   573 KBytes  4.69 Mbits/sec    0    253 KBytes       
[  4]  17.00-18.00  sec   318 KBytes  2.61 Mbits/sec    0    269 KBytes       
[  4]  18.00-19.00  sec   255 KBytes  2.08 Mbits/sec    0    284 KBytes       
[  4]  19.00-20.00  sec   191 KBytes  1.56 Mbits/sec    0    293 KBytes       
[  4]  20.00-21.00  sec   255 KBytes  2.09 Mbits/sec    0    297 KBytes       
[  4]  21.00-22.00  sec   191 KBytes  1.57 Mbits/sec    0    298 KBytes       
[  4]  22.00-23.00  sec   255 KBytes  2.08 Mbits/sec    0    301 KBytes       
[  4]  23.00-24.00  sec   318 KBytes  2.61 Mbits/sec    0    307 KBytes       
[  4]  24.00-25.00  sec   318 KBytes  2.60 Mbits/sec    0    318 KBytes       
[  4]  25.00-26.00  sec   255 KBytes  2.09 Mbits/sec    0    339 KBytes       
[  4]  26.00-27.00  sec   191 KBytes  1.56 Mbits/sec    0    370 KBytes       
[  4]  27.00-28.00  sec  0.00 Bytes  0.00 bits/sec   25    277 KBytes       
[  4]  28.00-29.00  sec   127 KBytes  1.04 Mbits/sec   26    259 KBytes       
[  4]  29.00-30.00  sec   509 KBytes  4.17 Mbits/sec    0    264 KBytes       
[  4]  30.00-31.00  sec   318 KBytes  2.61 Mbits/sec    0    291 KBytes       
[  4]  31.00-32.00  sec   191 KBytes  1.56 Mbits/sec    0    320 KBytes       
[  4]  32.00-32.00  sec  0.00 Bytes  0.00 bits/sec    0    320 KBytes       
- - - - - - - - - - - - - - - - - - - - - - - - -
[ ID] Interval           Transfer     Bandwidth       Retr
[  4]   0.00-32.00  sec  10.1 MBytes  2.65 Mbits/sec  155             sender
[  4]   0.00-32.00  sec  7.81 MBytes  2.05 Mbits/sec                  receiver

iperf Done.
