Connecting to host 10.0.0.2, port 5207
[  4] local 10.0.0.1 port 46122 connected to 10.0.0.2 port 5207
[ ID] Interval           Transfer     Bandwidth       Retr  Cwnd
[  4]   0.00-1.00   sec  82.0 KBytes   671 Kbits/sec    0   14.1 KBytes       
[  4]   1.00-2.00   sec  14.1 KBytes   116 Kbits/sec    0   28.3 KBytes       
[  4]   2.00-3.00   sec   215 KBytes  1.76 Mbits/sec    0   42.4 KBytes       
[  4]   3.00-4.00   sec  70.7 KBytes   579 Kbits/sec    0   45.2 KBytes       
[  4]   4.00-5.00   sec  0.00 Bytes  0.00 bits/sec    2   36.8 KBytes       
[  4]   5.00-6.00   sec  0.00 Bytes  0.00 bits/sec    4   32.5 KBytes       
[  4]   6.00-7.00   sec  63.6 KBytes   521 Kbits/sec    4   25.5 KBytes       
[  4]   7.00-8.00   sec  0.00 Bytes  0.00 bits/sec    0   25.5 KBytes       
[  4]   8.00-9.00   sec   127 KBytes  1.04 Mbits/sec    0   26.9 KBytes       
[  4]   9.00-10.00  sec  63.6 KBytes   521 Kbits/sec    0   26.9 KBytes       
[  4]  10.00-11.00  sec  0.00 Bytes  0.00 bits/sec    0   28.3 KBytes       
[  4]  11.00-12.00  sec  63.6 KBytes   521 Kbits/sec    0   33.9 KBytes       
[  4]  12.00-13.00  sec  63.6 KBytes   521 Kbits/sec    0   41.0 KBytes       
[  4]  13.00-14.00  sec   191 KBytes  1.56 Mbits/sec    0   66.5 KBytes       
[  4]  14.00-15.00  sec   191 KBytes  1.56 Mbits/sec    0   96.2 KBytes       
[  4]  15.00-16.00  sec   318 KBytes  2.61 Mbits/sec    0    134 KBytes       
[  4]  16.00-17.00  sec   445 KBytes  3.65 Mbits/sec    0    192 KBytes       
[  4]  17.00-18.00  sec   636 KBytes  5.21 Mbits/sec    0    277 KBytes       
[  4]  18.00-19.01  sec   255 KBytes  2.07 Mbits/sec   26    252 KBytes       
[  4]  19.01-20.00  sec  0.00 Bytes  0.00 bits/sec   28    215 KBytes       
[  4]  20.00-21.00  sec  0.00 Bytes  0.00 bits/sec   19    215 KBytes       
[  4]  21.00-22.00  sec   573 KBytes  4.70 Mbits/sec    0    226 KBytes       
[  4]  22.00-23.00  sec  63.6 KBytes   521 Kbits/sec    0    239 KBytes       
[  4]  23.00-24.00  sec   191 KBytes  1.57 Mbits/sec    0    264 KBytes       
[  4]  24.00-25.00  sec  0.00 Bytes  0.00 bits/sec   24    184 KBytes       
[  4]  25.00-26.00  sec   318 KBytes  2.61 Mbits/sec    0    185 KBytes       
[  4]  26.00-27.00  sec   191 KBytes  1.56 Mbits/sec    0    219 KBytes       
[  4]  27.00-28.00  sec   127 KBytes  1.04 Mbits/sec    0    233 KBytes       
[  4]  28.00-29.00  sec   191 KBytes  1.56 Mbits/sec    0    250 KBytes       
[  4]  29.00-30.00  sec   191 KBytes  1.56 Mbits/sec    0    259 KBytes       
[  4]  30.00-31.00  sec   255 KBytes  2.09 Mbits/sec    0    262 KBytes       
[  4]  31.00-32.00  sec  63.6 KBytes   521 Kbits/sec    0    263 KBytes       
[  4]  32.00-33.00  sec   255 KBytes  2.09 Mbits/sec    0    269 KBytes       
[  4]  33.00-34.00  sec   191 KBytes  1.56 Mbits/sec    0    283 KBytes       
[  4]  34.00-35.00  sec  63.6 KBytes   521 Kbits/sec    1    273 KBytes       
[  4]  35.00-36.00  sec  0.00 Bytes  0.00 bits/sec    7    201 KBytes       
[  4]  36.00-37.00  sec   445 KBytes  3.65 Mbits/sec    0    218 KBytes       
[  4]  37.00-38.00  sec   255 KBytes  2.08 Mbits/sec    0    252 KBytes       
[  4]  38.00-39.00  sec   191 KBytes  1.56 Mbits/sec    0    269 KBytes       
[  4]  39.00-40.00  sec   255 KBytes  2.09 Mbits/sec    0    279 KBytes       
[  4]  40.00-41.00  sec  63.6 KBytes   521 Kbits/sec    0    281 KBytes       
[  4]  41.00-42.00  sec   318 KBytes  2.61 Mbits/sec    0    286 KBytes       
[  4]  42.00-43.00  sec  0.00 Bytes  0.00 bits/sec    5    219 KBytes       
[  4]  43.00-44.00  sec  63.6 KBytes   521 Kbits/sec    1    199 KBytes       
[  4]  44.00-45.00  sec   382 KBytes  3.13 Mbits/sec    0    205 KBytes       
[  4]  45.00-46.00  sec   255 KBytes  2.08 Mbits/sec    0    222 KBytes       
[  4]  46.00-47.00  sec   191 KBytes  1.56 Mbits/sec    0    233 KBytes       
[  4]  47.00-48.00  sec   191 KBytes  1.56 Mbits/sec    0    239 KBytes       
[  4]  48.00-49.00  sec  63.6 KBytes   522 Kbits/sec    1    225 KBytes       
[  4]  49.00-50.00  sec  0.00 Bytes  0.00 bits/sec   13    167 KBytes       
[  4]  50.00-51.00  sec   191 KBytes  1.56 Mbits/sec    0    167 KBytes       
[  4]  51.00-52.00  sec   318 KBytes  2.61 Mbits/sec    0    184 KBytes       
[  4]  52.00-53.00  sec   191 KBytes  1.56 Mbits/sec    0    195 KBytes       
[  4]  53.00-54.00  sec   127 KBytes  1.04 Mbits/sec    0    199 KBytes       
[  4]  54.00-55.00  sec   127 KBytes  1.04 Mbits/sec    0    201 KBytes       
[  4]  55.00-56.00  sec   127 KBytes  1.04 Mbits/sec    0    202 KBytes       
[  4]  56.00-57.00  sec  0.00 Bytes  0.00 bits/sec    3    151 KBytes       
[  4]  57.00-58.00  sec   255 KBytes  2.09 Mbits/sec    0    154 KBytes       
[  4]  58.00-59.00  sec   191 KBytes  1.56 Mbits/sec    0    171 KBytes       
[  4]  59.00-60.00  sec   127 KBytes  1.04 Mbits/sec    0    185 KBytes       
[  4]  60.00-61.00  sec   127 KBytes  1.04 Mbits/sec    0    195 KBytes       
[  4]  61.00-62.00  sec   191 KBytes  1.56 Mbits/sec    0    199 KBytes       
[  4]  62.00-63.00  sec   127 KBytes  1.04 Mbits/sec    0    201 KBytes       
[  4]  63.00-64.00  sec  0.00 Bytes  0.00 bits/sec    2    188 KBytes       
[  4]  64.00-65.00  sec  0.00 Bytes  0.00 bits/sec    2    141 KBytes       
[  4]  65.00-66.00  sec  0.00 Bytes  0.00 bits/sec    4    141 KBytes       
[  4]  66.00-67.00  sec   509 KBytes  4.17 Mbits/sec    0    110 KBytes       
[  4]  67.00-68.00  sec  63.6 KBytes   522 Kbits/sec    0    105 KBytes       
[  4]  68.00-69.00  sec   127 KBytes  1.04 Mbits/sec    0    115 KBytes       
[  4]  69.00-70.00  sec  63.6 KBytes   522 Kbits/sec    0    117 KBytes       
[  4]  70.00-71.00  sec   127 KBytes  1.04 Mbits/sec    0    120 KBytes       
[  4]  71.00-72.00  sec  0.00 Bytes  0.00 bits/sec    0    122 KBytes       
[  4]  72.00-73.00  sec  63.6 KBytes   521 Kbits/sec    1    107 KBytes       
[  4]  73.00-74.00  sec  63.6 KBytes   521 Kbits/sec    1   86.3 KBytes       
[  4]  74.00-75.00  sec   191 KBytes  1.56 Mbits/sec    0   96.2 KBytes       
[  4]  75.00-76.00  sec  63.6 KBytes   521 Kbits/sec    0    110 KBytes       
[  4]  76.00-77.00  sec   127 KBytes  1.04 Mbits/sec    0    119 KBytes       
[  4]  77.00-78.00  sec  63.6 KBytes   521 Kbits/sec    0    122 KBytes       
[  4]  78.00-79.00  sec  63.6 KBytes   521 Kbits/sec    0    123 KBytes       
[  4]  79.00-80.00  sec   127 KBytes  1.04 Mbits/sec    0    126 KBytes       
[  4]  80.00-81.00  sec  63.6 KBytes   522 Kbits/sec    0    133 KBytes       
[  4]  81.00-82.00  sec  63.6 KBytes   521 Kbits/sec    0    146 KBytes       
[  4]  82.00-83.00  sec   127 KBytes  1.04 Mbits/sec    0    171 KBytes       
[  4]  83.00-84.00  sec   127 KBytes  1.04 Mbits/sec    0    211 KBytes       
[  4]  84.00-85.00  sec   127 KBytes  1.04 Mbits/sec    0    266 KBytes       
[  4]  85.00-86.00  sec   191 KBytes  1.56 Mbits/sec    0    321 KBytes       
[  4]  86.00-87.00  sec  0.00 Bytes  0.00 bits/sec   38    223 KBytes       
[  4]  87.00-88.00  sec   191 KBytes  1.56 Mbits/sec    2    223 KBytes       
[  4]  88.00-89.00  sec   445 KBytes  3.65 Mbits/sec    0    255 KBytes       
[  4]  89.00-90.00  sec   191 KBytes  1.56 Mbits/sec    0    283 KBytes       
[  4]  90.00-91.00  sec   191 KBytes  1.56 Mbits/sec    0    300 KBytes       
[  4]  91.00-92.00  sec   191 KBytes  1.56 Mbits/sec    1    294 KBytes       
[  4]  92.00-93.00  sec  0.00 Bytes  0.00 bits/sec   12    215 KBytes       
[  4]  93.00-94.00  sec   255 KBytes  2.09 Mbits/sec    1    214 KBytes       
[  4]  94.00-95.00  sec   445 KBytes  3.65 Mbits/sec    0    151 KBytes       
[  4]  95.00-96.00  sec   191 KBytes  1.56 Mbits/sec    0    167 KBytes       
[  4]  96.00-97.00  sec   127 KBytes  1.04 Mbits/sec    0    177 KBytes       
[  4]  97.00-98.00  sec   191 KBytes  1.56 Mbits/sec    0    180 KBytes       
[  4]  98.00-99.00  sec   127 KBytes  1.04 Mbits/sec    0    181 KBytes       
[  4]  99.00-100.00 sec   127 KBytes  1.04 Mbits/sec    0    184 KBytes       
[  4] 100.00-101.00 sec   191 KBytes  1.56 Mbits/sec    0    191 KBytes       
[  4] 101.00-102.00 sec   127 KBytes  1.04 Mbits/sec    0    202 KBytes       
[  4] 102.00-103.00 sec   127 KBytes  1.04 Mbits/sec    0    226 KBytes       
[  4] 103.00-104.00 sec  0.00 Bytes  0.00 bits/sec   18    180 KBytes       
[  4] 104.00-105.00 sec  63.6 KBytes   521 Kbits/sec    9    163 KBytes       
[  4] 105.00-106.00 sec   318 KBytes  2.61 Mbits/sec    0    171 KBytes       
[  4] 106.00-107.00 sec   191 KBytes  1.56 Mbits/sec    0    197 KBytes       
[  4] 107.00-108.00 sec   191 KBytes  1.56 Mbits/sec    0    214 KBytes       
[  4] 108.00-109.00 sec  0.00 Bytes  0.00 bits/sec   14    177 KBytes       
[  4] 109.00-110.00 sec  0.00 Bytes  0.00 bits/sec   11    151 KBytes       
[  4] 110.00-111.00 sec   318 KBytes  2.61 Mbits/sec    0    153 KBytes       
[  4] 111.00-112.00 sec   255 KBytes  2.08 Mbits/sec    0    170 KBytes       
[  4] 112.00-113.00 sec   127 KBytes  1.04 Mbits/sec    0    178 KBytes       
[  4] 113.00-114.00 sec   127 KBytes  1.04 Mbits/sec    0    181 KBytes       
[  4] 114.00-115.00 sec   191 KBytes  1.56 Mbits/sec    0    182 KBytes       
[  4] 115.00-116.00 sec   127 KBytes  1.04 Mbits/sec    0    185 KBytes       
[  4] 116.00-117.00 sec   127 KBytes  1.04 Mbits/sec    0    192 KBytes       
[  4] 117.00-118.00 sec   127 KBytes  1.04 Mbits/sec    0    208 KBytes       
[  4] 118.00-119.00 sec  63.6 KBytes   522 Kbits/sec    4    189 KBytes       
[  4] 119.00-120.00 sec  0.00 Bytes  0.00 bits/sec   13    151 KBytes       
[  4] 120.00-121.00 sec   318 KBytes  2.61 Mbits/sec    0    161 KBytes       
[  4] 121.00-122.00 sec   191 KBytes  1.56 Mbits/sec    0    185 KBytes       
[  4] 122.00-123.00 sec   127 KBytes  1.04 Mbits/sec    0    199 KBytes       
[  4] 123.00-124.00 sec   191 KBytes  1.56 Mbits/sec    0    209 KBytes       
[  4] 124.00-125.00 sec   127 KBytes  1.04 Mbits/sec    0    212 KBytes       
[  4] 125.00-126.00 sec   127 KBytes  1.04 Mbits/sec    6    181 KBytes       
[  4] 126.00-127.00 sec  0.00 Bytes  0.00 bits/sec    3    148 KBytes       
[  4] 127.00-128.00 sec   318 KBytes  2.60 Mbits/sec    0    156 KBytes       
[  4] 128.00-129.00 sec   255 KBytes  2.09 Mbits/sec    0    170 KBytes       
[  4] 129.00-130.00 sec   127 KBytes  1.04 Mbits/sec    0    177 KBytes       
[  4] 130.00-131.00 sec   127 KBytes  1.04 Mbits/sec    0    180 KBytes       
[  4] 131.00-132.00 sec   191 KBytes  1.56 Mbits/sec    0    181 KBytes       
[  4] 132.00-133.00 sec   127 KBytes  1.04 Mbits/sec    0    184 KBytes       
[  4] 133.00-134.00 sec   127 KBytes  1.04 Mbits/sec    0    191 KBytes       
[  4] 134.00-135.00 sec   191 KBytes  1.56 Mbits/sec    0    206 KBytes       
[  4] 135.00-136.00 sec   127 KBytes  1.04 Mbits/sec    0    232 KBytes       
[  4] 136.00-137.00 sec  63.6 KBytes   522 Kbits/sec    7    214 KBytes       
[  4] 137.00-138.00 sec  0.00 Bytes  0.00 bits/sec   17    171 KBytes       
[  4] 138.00-139.00 sec   382 KBytes  3.13 Mbits/sec    0    177 KBytes       
[  4] 139.00-140.00 sec   191 KBytes  1.56 Mbits/sec    0    202 KBytes       
[  4] 140.00-141.00 sec   191 KBytes  1.56 Mbits/sec    0    223 KBytes       
[  4] 141.00-142.00 sec  63.6 KBytes   521 Kbits/sec    4    215 KBytes       
[  4] 142.00-143.00 sec  0.00 Bytes  0.00 bits/sec   10    161 KBytes       
[  4] 143.00-144.00 sec   318 KBytes  2.61 Mbits/sec    0    164 KBytes       
[  4] 144.00-145.00 sec   255 KBytes  2.08 Mbits/sec    0    180 KBytes       
[  4] 145.00-146.00 sec   127 KBytes  1.04 Mbits/sec    0    188 KBytes       
[  4] 146.00-147.00 sec   127 KBytes  1.04 Mbits/sec    0    192 KBytes       
[  4] 147.00-148.00 sec   191 KBytes  1.56 Mbits/sec    0    194 KBytes       
[  4] 148.00-149.00 sec   191 KBytes  1.56 Mbits/sec    0    197 KBytes       
[  4] 149.00-150.00 sec   127 KBytes  1.04 Mbits/sec    0    202 KBytes       
[  4] 150.00-151.00 sec   127 KBytes  1.04 Mbits/sec    0    215 KBytes       
[  4] 151.00-152.00 sec   191 KBytes  1.56 Mbits/sec    0    235 KBytes       
[  4] 152.00-153.00 sec  0.00 Bytes  0.00 bits/sec   10    184 KBytes       
[  4] 153.00-154.00 sec  63.6 KBytes   521 Kbits/sec    7    170 KBytes       
[  4] 154.00-155.00 sec   382 KBytes  3.13 Mbits/sec    0    188 KBytes       
[  4] 155.00-156.00 sec   191 KBytes  1.56 Mbits/sec    0    212 KBytes       
[  4] 156.00-157.00 sec   191 KBytes  1.56 Mbits/sec    0    226 KBytes       
[  4] 157.00-158.00 sec   191 KBytes  1.56 Mbits/sec    0    235 KBytes       
[  4] 158.00-159.00 sec  63.6 KBytes   521 Kbits/sec    3    221 KBytes       
[  4] 159.00-160.00 sec  0.00 Bytes  0.00 bits/sec    6    167 KBytes       
[  4] 160.00-161.00 sec   382 KBytes  3.12 Mbits/sec    0    170 KBytes       
[  4] 161.00-162.00 sec   255 KBytes  2.09 Mbits/sec    0    187 KBytes       
[  4] 162.00-163.00 sec   191 KBytes  1.56 Mbits/sec    0    197 KBytes       
[  4] 163.00-164.00 sec   127 KBytes  1.04 Mbits/sec    0    199 KBytes       
[  4] 164.00-165.00 sec   127 KBytes  1.04 Mbits/sec    0    201 KBytes       
[  4] 165.00-166.00 sec   191 KBytes  1.57 Mbits/sec    0    204 KBytes       
[  4] 166.00-167.00 sec   191 KBytes  1.56 Mbits/sec    0    209 KBytes       
[  4] 167.00-168.00 sec   191 KBytes  1.56 Mbits/sec    0    223 KBytes       
[  4] 168.00-169.00 sec   127 KBytes  1.04 Mbits/sec    0    247 KBytes       
[  4] 169.00-170.00 sec   127 KBytes  1.04 Mbits/sec    1    267 KBytes       
[  4] 170.00-171.00 sec  0.00 Bytes  0.00 bits/sec   21    189 KBytes       
[  4] 171.00-172.00 sec   127 KBytes  1.04 Mbits/sec    7    189 KBytes       
[  4] 172.00-173.00 sec   382 KBytes  3.13 Mbits/sec    0    208 KBytes       
[  4] 173.00-174.00 sec   191 KBytes  1.56 Mbits/sec    0    236 KBytes       
[  4] 174.00-175.00 sec   191 KBytes  1.56 Mbits/sec    0    250 KBytes       
[  4] 175.00-176.00 sec  63.6 KBytes   521 Kbits/sec    5    235 KBytes       
[  4] 176.00-177.00 sec  0.00 Bytes  0.00 bits/sec    8    181 KBytes       
[  4] 177.00-178.00 sec   255 KBytes  2.08 Mbits/sec    1    181 KBytes       
[  4] 178.00-179.00 sec   382 KBytes  3.13 Mbits/sec    0    199 KBytes       
[  4] 179.00-180.00 sec   191 KBytes  1.56 Mbits/sec    0    211 KBytes       
[  4] 180.00-181.00 sec   191 KBytes  1.56 Mbits/sec    0    216 KBytes       
[  4] 181.00-182.00 sec   191 KBytes  1.56 Mbits/sec    0    218 KBytes       
[  4] 182.00-183.00 sec   127 KBytes  1.04 Mbits/sec    0    219 KBytes       
[  4] 183.00-184.00 sec   191 KBytes  1.56 Mbits/sec    0    225 KBytes       
[  4] 184.00-185.00 sec   191 KBytes  1.56 Mbits/sec    0    235 KBytes       
[  4] 185.00-186.00 sec   191 KBytes  1.56 Mbits/sec    0    255 KBytes       
[  4] 186.00-187.00 sec   127 KBytes  1.04 Mbits/sec    3    273 KBytes       
[  4] 187.00-188.00 sec  0.00 Bytes  0.00 bits/sec   17    195 KBytes       
[  4] 188.00-189.00 sec   191 KBytes  1.56 Mbits/sec    7    195 KBytes       
[  4] 189.00-190.00 sec   318 KBytes  2.60 Mbits/sec    0    219 KBytes       
[  4] 190.00-191.00 sec   255 KBytes  2.09 Mbits/sec    0    246 KBytes       
[  4] 191.00-192.00 sec   127 KBytes  1.04 Mbits/sec    0    260 KBytes       
[  4] 192.00-193.00 sec  63.6 KBytes   521 Kbits/sec    4    216 KBytes       
[  4] 193.00-194.00 sec   127 KBytes  1.04 Mbits/sec    7    184 KBytes       
[  4] 194.00-195.00 sec   382 KBytes  3.13 Mbits/sec    0    194 KBytes       
[  4] 195.00-196.00 sec   191 KBytes  1.56 Mbits/sec    0    209 KBytes       
[  4] 196.00-197.00 sec   191 KBytes  1.56 Mbits/sec    0    218 KBytes       
[  4] 197.00-198.00 sec   191 KBytes  1.56 Mbits/sec    0    221 KBytes       
[  4] 198.00-199.00 sec   191 KBytes  1.56 Mbits/sec    0    223 KBytes       
[  4] 199.00-200.00 sec   191 KBytes  1.56 Mbits/sec    0    226 KBytes       
[  4] 200.00-201.00 sec   127 KBytes  1.04 Mbits/sec    0    233 KBytes       
[  4] 201.00-202.00 sec   191 KBytes  1.56 Mbits/sec    0    247 KBytes       
[  4] 202.00-203.00 sec   191 KBytes  1.56 Mbits/sec    0    273 KBytes       
[  4] 203.00-204.00 sec  0.00 Bytes  0.00 bits/sec   22    191 KBytes       
[  4] 204.00-205.00 sec   191 KBytes  1.56 Mbits/sec   13    191 KBytes       
[  4] 205.00-206.00 sec   318 KBytes  2.60 Mbits/sec    0    160 KBytes       
[  4] 206.00-207.00 sec   191 KBytes  1.56 Mbits/sec    0    139 KBytes       
[  4] 207.00-208.00 sec   127 KBytes  1.04 Mbits/sec    0    151 KBytes       
[  4] 208.00-209.00 sec   127 KBytes  1.04 Mbits/sec    0    157 KBytes       
[  4] 209.00-210.00 sec   127 KBytes  1.04 Mbits/sec    0    160 KBytes       
[  4] 210.00-211.00 sec   127 KBytes  1.04 Mbits/sec    0    161 KBytes       
[  4] 211.00-212.00 sec   127 KBytes  1.04 Mbits/sec    0    165 KBytes       
[  4] 212.00-213.00 sec   127 KBytes  1.04 Mbits/sec    0    175 KBytes       
[  4] 213.00-214.00 sec   127 KBytes  1.04 Mbits/sec    0    192 KBytes       
[  4] 214.00-215.00 sec  63.6 KBytes   521 Kbits/sec    1    189 KBytes       
[  4] 215.00-216.00 sec  0.00 Bytes  0.00 bits/sec   11    144 KBytes       
[  4] 216.00-217.00 sec   318 KBytes  2.61 Mbits/sec    0    147 KBytes       
[  4] 217.00-218.00 sec   127 KBytes  1.04 Mbits/sec    0    168 KBytes       
[  4] 218.00-219.00 sec   191 KBytes  1.57 Mbits/sec    0    187 KBytes       
[  4] 219.00-220.00 sec   127 KBytes  1.04 Mbits/sec    0    198 KBytes       
[  4] 220.00-221.00 sec  0.00 Bytes  0.00 bits/sec    8    164 KBytes       
[  4] 221.00-222.00 sec  63.6 KBytes   521 Kbits/sec    4    139 KBytes       
[  4] 222.00-223.00 sec   318 KBytes  2.61 Mbits/sec    0    147 KBytes       
[  4] 223.00-224.00 sec   191 KBytes  1.56 Mbits/sec    0    158 KBytes       
[  4] 224.00-225.00 sec   127 KBytes  1.04 Mbits/sec    0    164 KBytes       
[  4] 225.00-226.00 sec   127 KBytes  1.04 Mbits/sec    0    167 KBytes       
[  4] 226.00-227.00 sec   127 KBytes  1.04 Mbits/sec    0    168 KBytes       
[  4] 227.00-228.00 sec   127 KBytes  1.04 Mbits/sec    0    173 KBytes       
[  4] 228.00-229.00 sec   127 KBytes  1.04 Mbits/sec    0    182 KBytes       
[  4] 229.00-230.00 sec   127 KBytes  1.04 Mbits/sec    0    198 KBytes       
[  4] 230.00-231.00 sec   127 KBytes  1.04 Mbits/sec    0    225 KBytes       
[  4] 231.00-232.00 sec  0.00 Bytes  0.00 bits/sec   11    181 KBytes       
[  4] 232.00-233.00 sec  63.6 KBytes   521 Kbits/sec    8    163 KBytes       
[  4] 233.00-234.00 sec   382 KBytes  3.13 Mbits/sec    0    173 KBytes       
[  4] 234.00-235.00 sec   191 KBytes  1.56 Mbits/sec    0    195 KBytes       
[  4] 235.00-236.00 sec   127 KBytes  1.04 Mbits/sec    0    214 KBytes       
[  4] 236.00-237.00 sec   127 KBytes  1.04 Mbits/sec    1    222 KBytes       
[  4] 237.00-238.00 sec  0.00 Bytes  0.00 bits/sec   10    160 KBytes       
[  4] 238.00-239.00 sec   318 KBytes  2.60 Mbits/sec    0    160 KBytes       
[  4] 239.00-240.00 sec   191 KBytes  1.56 Mbits/sec    0    175 KBytes       
[  4] 240.00-241.00 sec   127 KBytes  1.04 Mbits/sec    0    182 KBytes       
[  4] 241.00-242.00 sec   191 KBytes  1.57 Mbits/sec    0    187 KBytes       
[  4] 242.00-243.00 sec   127 KBytes  1.04 Mbits/sec    0    188 KBytes       
[  4] 243.00-244.00 sec   127 KBytes  1.04 Mbits/sec    0    191 KBytes       
[  4] 244.00-245.00 sec   191 KBytes  1.56 Mbits/sec    0    198 KBytes       
[  4] 245.00-246.00 sec   127 KBytes  1.04 Mbits/sec    0    211 KBytes       
[  4] 246.00-247.00 sec   127 KBytes  1.04 Mbits/sec    0    232 KBytes       
[  4] 247.00-248.00 sec  63.6 KBytes   521 Kbits/sec    8    223 KBytes       
[  4] 248.00-249.00 sec  63.6 KBytes   522 Kbits/sec    8    177 KBytes       
[  4] 249.00-250.00 sec   382 KBytes  3.13 Mbits/sec    0    191 KBytes       
[  4] 250.00-251.00 sec   191 KBytes  1.56 Mbits/sec    0    215 KBytes       
[  4] 251.00-252.00 sec   127 KBytes  1.04 Mbits/sec    0    232 KBytes       
[  4] 252.00-253.00 sec   191 KBytes  1.56 Mbits/sec    0    245 KBytes       
[  4] 253.00-254.00 sec   191 KBytes  1.56 Mbits/sec    0    249 KBytes       
[  4] 254.00-255.00 sec   191 KBytes  1.56 Mbits/sec    0    252 KBytes       
[  4] 255.00-256.00 sec   191 KBytes  1.56 Mbits/sec    0    253 KBytes       
[  4] 256.00-257.00 sec   191 KBytes  1.56 Mbits/sec    0    260 KBytes       
[  4] 257.00-258.00 sec   255 KBytes  2.08 Mbits/sec    0    274 KBytes       
[  4] 258.00-259.00 sec   191 KBytes  1.57 Mbits/sec    0    297 KBytes       
[  4] 259.00-260.00 sec   318 KBytes  2.60 Mbits/sec    0    332 KBytes       
[  4] 260.00-261.00 sec   191 KBytes  1.56 Mbits/sec    5    320 KBytes       
[  4] 261.00-262.00 sec  0.00 Bytes  0.00 bits/sec   22    247 KBytes       
[  4] 262.00-263.00 sec   318 KBytes  2.61 Mbits/sec    0    247 KBytes       
[  4] 263.00-264.00 sec   509 KBytes  4.17 Mbits/sec    0    287 KBytes       
[  4] 264.00-265.00 sec   255 KBytes  2.09 Mbits/sec    0    315 KBytes       
[  4] 265.00-266.00 sec   255 KBytes  2.08 Mbits/sec    0    334 KBytes       
[  4] 266.00-267.00 sec   255 KBytes  2.09 Mbits/sec    0    345 KBytes       
[  4] 267.00-268.00 sec  63.6 KBytes   521 Kbits/sec    3    308 KBytes       
[  4] 268.00-269.00 sec   127 KBytes  1.04 Mbits/sec    6    243 KBytes       
[  4] 269.00-270.00 sec   509 KBytes  4.17 Mbits/sec    0    252 KBytes       
[  4] 270.00-271.00 sec   318 KBytes  2.61 Mbits/sec    0    273 KBytes       
[  4] 271.00-272.00 sec   191 KBytes  1.56 Mbits/sec    0    284 KBytes       
[  4] 272.00-273.00 sec   255 KBytes  2.09 Mbits/sec    0    291 KBytes       
[  4] 273.00-274.00 sec   255 KBytes  2.08 Mbits/sec    0    294 KBytes       
[  4] 274.00-275.00 sec   255 KBytes  2.09 Mbits/sec    0    296 KBytes       
[  4] 275.00-276.00 sec   191 KBytes  1.56 Mbits/sec    0    300 KBytes       
[  4] 276.00-277.00 sec   255 KBytes  2.08 Mbits/sec    0    308 KBytes       
[  4] 277.00-278.00 sec   191 KBytes  1.56 Mbits/sec    0    327 KBytes       
[  4] 278.00-279.00 sec   127 KBytes  1.04 Mbits/sec    8    298 KBytes       
[  4] 279.00-280.00 sec  0.00 Bytes  0.00 bits/sec   28    238 KBytes       
[  4] 280.00-281.00 sec   509 KBytes  4.17 Mbits/sec    0    239 KBytes       
[  4] 281.00-282.00 sec   255 KBytes  2.08 Mbits/sec    0    276 KBytes       
[  4] 282.00-283.00 sec   255 KBytes  2.09 Mbits/sec    0    301 KBytes       
[  4] 283.00-284.00 sec   191 KBytes  1.56 Mbits/sec    0    320 KBytes       
[  4] 284.00-285.00 sec  0.00 Bytes  0.00 bits/sec   16    240 KBytes       
[  4] 285.00-286.00 sec   127 KBytes  1.04 Mbits/sec    6    223 KBytes       
[  4] 286.00-287.00 sec   509 KBytes  4.17 Mbits/sec    0    239 KBytes       
[  4] 287.00-288.00 sec   255 KBytes  2.09 Mbits/sec    0    256 KBytes       
[  4] 288.00-289.00 sec   255 KBytes  2.08 Mbits/sec    0    266 KBytes       
[  4] 289.00-290.00 sec   191 KBytes  1.57 Mbits/sec    0    269 KBytes       
[  4] 290.00-291.00 sec   191 KBytes  1.56 Mbits/sec    0    270 KBytes       
[  4] 291.00-292.00 sec   255 KBytes  2.09 Mbits/sec    0    274 KBytes       
[  4] 292.00-293.00 sec   127 KBytes  1.04 Mbits/sec    0    279 KBytes       
[  4] 293.00-294.00 sec   255 KBytes  2.09 Mbits/sec    0    294 KBytes       
[  4] 294.00-295.00 sec   191 KBytes  1.56 Mbits/sec    0    317 KBytes       
[  4] 295.00-296.00 sec   127 KBytes  1.04 Mbits/sec    7    303 KBytes       
[  4] 296.00-297.00 sec  0.00 Bytes  0.00 bits/sec   22    233 KBytes       
[  4] 297.00-298.00 sec   255 KBytes  2.09 Mbits/sec    0    233 KBytes       
[  4] 298.00-299.00 sec   445 KBytes  3.65 Mbits/sec    0    267 KBytes       
[  4] 299.00-300.00 sec   191 KBytes  1.56 Mbits/sec    0    293 KBytes       
[  4] 300.00-301.00 sec   191 KBytes  1.56 Mbits/sec    0    310 KBytes       
[  4] 301.00-302.00 sec  0.00 Bytes  0.00 bits/sec   24    218 KBytes       
[  4] 302.00-303.00 sec   191 KBytes  1.56 Mbits/sec    2    218 KBytes       
[  4] 303.00-304.01 sec   445 KBytes  3.63 Mbits/sec    0    236 KBytes       
[  4] 304.01-305.00 sec   191 KBytes  1.57 Mbits/sec    0    250 KBytes       
[  4] 305.00-306.00 sec   191 KBytes  1.56 Mbits/sec    0    257 KBytes       
[  4] 306.00-307.00 sec   191 KBytes  1.56 Mbits/sec    0    262 KBytes       
[  4] 307.00-308.00 sec   191 KBytes  1.56 Mbits/sec    0    263 KBytes       
[  4] 308.00-309.00 sec   255 KBytes  2.09 Mbits/sec    0    267 KBytes       
[  4] 309.00-310.00 sec   191 KBytes  1.56 Mbits/sec    0    274 KBytes       
[  4] 310.00-311.00 sec   127 KBytes  1.04 Mbits/sec    0    287 KBytes       
[  4] 311.00-312.00 sec  0.00 Bytes  0.00 bits/sec   17    206 KBytes       
[  4] 312.00-313.00 sec   191 KBytes  1.57 Mbits/sec    1    201 KBytes       
[  4] 313.00-314.00 sec   382 KBytes  3.12 Mbits/sec    0    228 KBytes       
[  4] 314.00-315.00 sec   255 KBytes  2.09 Mbits/sec    0    255 KBytes       
[  4] 315.00-316.00 sec   191 KBytes  1.56 Mbits/sec    0    270 KBytes       
[  4] 316.00-317.00 sec   127 KBytes  1.04 Mbits/sec    0    279 KBytes       
[  4] 317.00-318.00 sec  0.00 Bytes  0.00 bits/sec   12    205 KBytes       
[  4] 318.00-319.00 sec   191 KBytes  1.56 Mbits/sec    2    194 KBytes       
[  4] 319.00-320.00 sec   382 KBytes  3.13 Mbits/sec    0    206 KBytes       
[  4] 320.00-321.00 sec   191 KBytes  1.56 Mbits/sec    0    222 KBytes       
[  4] 321.00-322.00 sec   255 KBytes  2.08 Mbits/sec    0    230 KBytes       
[  4] 322.00-323.00 sec   127 KBytes  1.04 Mbits/sec    0    233 KBytes       
[  4] 323.00-324.00 sec   191 KBytes  1.56 Mbits/sec    0    235 KBytes       
[  4] 324.00-325.00 sec   191 KBytes  1.56 Mbits/sec    0    238 KBytes       
[  4] 325.00-326.00 sec   191 KBytes  1.56 Mbits/sec    0    245 KBytes       
[  4] 326.00-327.00 sec   191 KBytes  1.56 Mbits/sec    0    259 KBytes       
[  4] 327.00-328.00 sec   127 KBytes  1.04 Mbits/sec    1    264 KBytes       
[  4] 328.00-329.00 sec  0.00 Bytes  0.00 bits/sec   17    191 KBytes       
[  4] 329.00-330.00 sec   191 KBytes  1.56 Mbits/sec    6    191 KBytes       
[  4] 330.00-331.00 sec   382 KBytes  3.13 Mbits/sec    0    218 KBytes       
[  4] 331.00-332.00 sec   191 KBytes  1.56 Mbits/sec    0    242 KBytes       
[  4] 332.00-333.00 sec   191 KBytes  1.56 Mbits/sec    0    259 KBytes       
[  4] 333.00-334.00 sec  63.6 KBytes   521 Kbits/sec    9    219 KBytes       
[  4] 334.00-335.00 sec  0.00 Bytes  0.00 bits/sec    6    182 KBytes       
[  4] 335.00-336.00 sec   445 KBytes  3.65 Mbits/sec    0    187 KBytes       
[  4] 336.00-337.00 sec   191 KBytes  1.56 Mbits/sec    0    202 KBytes       
[  4] 337.00-338.00 sec   191 KBytes  1.56 Mbits/sec    0    214 KBytes       
[  4] 338.00-339.00 sec   191 KBytes  1.56 Mbits/sec    0    218 KBytes       
[  4] 339.00-340.00 sec   191 KBytes  1.56 Mbits/sec    0    221 KBytes       
[  4] 340.00-341.00 sec   127 KBytes  1.04 Mbits/sec    0    223 KBytes       
[  4] 341.00-342.00 sec   191 KBytes  1.56 Mbits/sec    0    228 KBytes       
[  4] 342.00-343.00 sec   191 KBytes  1.56 Mbits/sec    0    238 KBytes       
[  4] 343.00-344.00 sec   127 KBytes  1.04 Mbits/sec    0    259 KBytes       
[  4] 344.00-345.00 sec  0.00 Bytes  0.00 bits/sec   18    181 KBytes       
[  4] 345.00-346.00 sec   127 KBytes  1.04 Mbits/sec    3    181 KBytes       
[  4] 346.00-347.00 sec   382 KBytes  3.13 Mbits/sec    0    205 KBytes       
[  4] 347.00-348.00 sec   191 KBytes  1.56 Mbits/sec    0    228 KBytes       
[  4] 348.00-349.00 sec   255 KBytes  2.09 Mbits/sec    0    245 KBytes       
[  4] 349.00-350.00 sec   127 KBytes  1.04 Mbits/sec    4    245 KBytes       
[  4] 350.00-351.00 sec  0.00 Bytes  0.00 bits/sec    5    177 KBytes       
[  4] 351.00-352.00 sec   382 KBytes  3.13 Mbits/sec    0    184 KBytes       
[  4] 352.00-353.00 sec   191 KBytes  1.56 Mbits/sec    0    199 KBytes       
[  4] 353.00-354.00 sec   191 KBytes  1.56 Mbits/sec    0    206 KBytes       
[  4] 354.00-355.00 sec   127 KBytes  1.04 Mbits/sec    0    211 KBytes       
[  4] 355.00-356.00 sec   191 KBytes  1.56 Mbits/sec    0    212 KBytes       
[  4] 356.00-357.00 sec   191 KBytes  1.56 Mbits/sec    0    215 KBytes       
[  4] 357.00-358.00 sec   191 KBytes  1.56 Mbits/sec    0    222 KBytes       
[  4] 358.00-359.00 sec   127 KBytes  1.04 Mbits/sec    0    235 KBytes       
[  4] 359.00-360.00 sec   191 KBytes  1.56 Mbits/sec    0    252 KBytes       
[  4] 360.00-361.00 sec   191 KBytes  1.56 Mbits/sec    0    290 KBytes       
[  4] 361.00-362.00 sec  0.00 Bytes  0.00 bits/sec   19    216 KBytes       
[  4] 362.00-363.00 sec  63.6 KBytes   521 Kbits/sec   13    204 KBytes       
[  4] 363.00-364.00 sec   382 KBytes  3.13 Mbits/sec    0    212 KBytes       
[  4] 364.00-365.00 sec   255 KBytes  2.09 Mbits/sec    0    240 KBytes       
[  4] 365.00-366.00 sec   191 KBytes  1.56 Mbits/sec    0    264 KBytes       
[  4] 366.00-367.00 sec  0.00 Bytes  0.00 bits/sec    9    216 KBytes       
[  4] 367.00-368.00 sec  63.6 KBytes   522 Kbits/sec    6    187 KBytes       
[  4] 368.00-369.00 sec   382 KBytes  3.13 Mbits/sec    0    168 KBytes       
[  4] 369.00-370.00 sec   255 KBytes  2.08 Mbits/sec    0    136 KBytes       
[  4] 370.00-371.00 sec   127 KBytes  1.04 Mbits/sec    0    147 KBytes       
[  4] 371.00-372.00 sec   127 KBytes  1.04 Mbits/sec    0    153 KBytes       
[  4] 372.00-373.00 sec   127 KBytes  1.04 Mbits/sec    0    157 KBytes       
[  4] 373.00-374.00 sec   127 KBytes  1.04 Mbits/sec    0    158 KBytes       
[  4] 374.00-375.00 sec   127 KBytes  1.04 Mbits/sec    0    163 KBytes       
[  4] 375.00-376.00 sec   127 KBytes  1.04 Mbits/sec    0    170 KBytes       
[  4] 376.00-377.00 sec  63.6 KBytes   521 Kbits/sec    0    182 KBytes       
[  4] 377.00-378.00 sec  63.6 KBytes   521 Kbits/sec    9    163 KBytes       
[  4] 378.00-379.00 sec  0.00 Bytes  0.00 bits/sec   10    137 KBytes       
[  4] 379.00-380.00 sec   318 KBytes  2.61 Mbits/sec    0    141 KBytes       
[  4] 380.00-381.00 sec   127 KBytes  1.04 Mbits/sec    0    163 KBytes       
[  4] 381.00-382.00 sec   127 KBytes  1.04 Mbits/sec    0    180 KBytes       
[  4] 382.00-383.00 sec   191 KBytes  1.56 Mbits/sec    0    188 KBytes       
[  4] 383.00-384.00 sec  63.6 KBytes   522 Kbits/sec    4    175 KBytes       
[  4] 384.00-385.00 sec  0.00 Bytes  0.00 bits/sec    7    134 KBytes       
[  4] 385.00-386.00 sec   255 KBytes  2.08 Mbits/sec    0    137 KBytes       
[  4] 386.00-387.00 sec   191 KBytes  1.56 Mbits/sec    0    150 KBytes       
[  4] 387.00-388.00 sec   127 KBytes  1.04 Mbits/sec    0    157 KBytes       
[  4] 388.00-389.00 sec   127 KBytes  1.04 Mbits/sec    0    160 KBytes       
[  4] 389.00-390.00 sec   127 KBytes  1.04 Mbits/sec    0    161 KBytes       
[  4] 390.00-391.00 sec   191 KBytes  1.56 Mbits/sec    0    165 KBytes       
[  4] 391.00-392.00 sec   127 KBytes  1.04 Mbits/sec    0    173 KBytes       
[  4] 392.00-393.00 sec   127 KBytes  1.04 Mbits/sec    0    188 KBytes       
[  4] 393.00-394.00 sec  63.6 KBytes   521 Kbits/sec    0    206 KBytes       
[  4] 394.00-395.00 sec   127 KBytes  1.04 Mbits/sec    3    209 KBytes       
[  4] 395.00-396.00 sec  0.00 Bytes  0.00 bits/sec   20    160 KBytes       
[  4] 396.00-397.00 sec   318 KBytes  2.61 Mbits/sec    0    163 KBytes       
[  4] 397.00-398.00 sec   191 KBytes  1.56 Mbits/sec    0    191 KBytes       
[  4] 398.00-399.00 sec   127 KBytes  1.04 Mbits/sec    0    208 KBytes       
[  4] 399.00-400.00 sec   127 KBytes  1.04 Mbits/sec    0    216 KBytes       
[  4] 400.00-401.00 sec  0.00 Bytes  0.00 bits/sec   13    151 KBytes       
[  4] 401.00-402.00 sec   127 KBytes  1.04 Mbits/sec    0    151 KBytes       
[  4] 402.00-403.00 sec   382 KBytes  3.13 Mbits/sec    0    168 KBytes       
[  4] 403.00-404.00 sec   127 KBytes  1.04 Mbits/sec    0    177 KBytes       
[  4] 404.00-405.00 sec   191 KBytes  1.56 Mbits/sec    0    181 KBytes       
[  4] 405.00-406.00 sec   127 KBytes  1.04 Mbits/sec    0    182 KBytes       
[  4] 406.00-407.00 sec   127 KBytes  1.04 Mbits/sec    0    185 KBytes       
[  4] 407.00-408.00 sec   127 KBytes  1.04 Mbits/sec    0    189 KBytes       
[  4] 408.00-409.00 sec   191 KBytes  1.56 Mbits/sec    0    202 KBytes       
[  4] 409.00-410.00 sec   191 KBytes  1.56 Mbits/sec    0    226 KBytes       
[  4] 410.00-411.00 sec   127 KBytes  1.04 Mbits/sec    0    263 KBytes       
[  4] 411.00-412.00 sec  0.00 Bytes  0.00 bits/sec   10    236 KBytes       
[  4] 412.00-413.00 sec  63.6 KBytes   521 Kbits/sec   15    191 KBytes       
[  4] 413.00-414.00 sec   445 KBytes  3.65 Mbits/sec    0    211 KBytes       
[  4] 414.00-415.00 sec   191 KBytes  1.57 Mbits/sec    0    239 KBytes       
[  4] 415.00-416.00 sec   191 KBytes  1.56 Mbits/sec    0    256 KBytes       
[  4] 416.00-417.00 sec   127 KBytes  1.04 Mbits/sec    5    243 KBytes       
[  4] 417.00-418.00 sec  0.00 Bytes  0.00 bits/sec   20    184 KBytes       
[  4] 418.00-419.00 sec   191 KBytes  1.56 Mbits/sec    0    184 KBytes       
[  4] 419.00-420.00 sec   382 KBytes  3.13 Mbits/sec    0    204 KBytes       
[  4] 420.00-421.00 sec   191 KBytes  1.56 Mbits/sec    0    215 KBytes       
[  4] 421.00-422.00 sec   191 KBytes  1.56 Mbits/sec    0    219 KBytes       
[  4] 422.00-423.00 sec   191 KBytes  1.56 Mbits/sec    0    222 KBytes       
[  4] 423.00-424.00 sec   191 KBytes  1.56 Mbits/sec    0    223 KBytes       
[  4] 424.00-425.00 sec   191 KBytes  1.56 Mbits/sec    0    229 KBytes       
[  4] 425.00-426.00 sec   127 KBytes  1.04 Mbits/sec    0    239 KBytes       
[  4] 426.00-427.00 sec   191 KBytes  1.56 Mbits/sec    0    255 KBytes       
[  4] 427.00-428.00 sec   127 KBytes  1.04 Mbits/sec   13    236 KBytes       
[  4] 428.00-429.00 sec  0.00 Bytes  0.00 bits/sec   22    191 KBytes       
[  4] 429.00-430.00 sec   191 KBytes  1.56 Mbits/sec    2    191 KBytes       
[  4] 430.00-431.00 sec   382 KBytes  3.13 Mbits/sec    0    221 KBytes       
[  4] 431.00-432.00 sec   127 KBytes  1.04 Mbits/sec    0    242 KBytes       
[  4] 432.00-433.00 sec   191 KBytes  1.56 Mbits/sec    0    257 KBytes       
[  4] 433.00-434.00 sec   127 KBytes  1.04 Mbits/sec    5    236 KBytes       
[  4] 434.00-435.00 sec  0.00 Bytes  0.00 bits/sec    5    184 KBytes       
[  4] 435.00-436.00 sec   445 KBytes  3.65 Mbits/sec    0    189 KBytes       
[  4] 436.00-437.00 sec   191 KBytes  1.56 Mbits/sec    0    206 KBytes       
[  4] 437.00-438.00 sec   191 KBytes  1.56 Mbits/sec    0    216 KBytes       
[  4] 438.00-439.00 sec   191 KBytes  1.56 Mbits/sec    0    221 KBytes       
[  4] 439.00-440.00 sec   191 KBytes  1.56 Mbits/sec    0    222 KBytes       
[  4] 440.00-441.00 sec   191 KBytes  1.56 Mbits/sec    0    225 KBytes       
[  4] 441.00-442.00 sec   191 KBytes  1.56 Mbits/sec    0    230 KBytes       
[  4] 442.00-443.00 sec   127 KBytes  1.04 Mbits/sec    0    243 KBytes       
[  4] 443.00-444.01 sec   191 KBytes  1.56 Mbits/sec    0    260 KBytes       
[  4] 444.01-445.00 sec  63.6 KBytes   524 Kbits/sec    9    242 KBytes       
[  4] 445.00-446.00 sec  0.00 Bytes  0.00 bits/sec   16    194 KBytes       
[  4] 446.00-447.00 sec   445 KBytes  3.65 Mbits/sec    0    204 KBytes       
[  4] 447.00-448.00 sec   191 KBytes  1.56 Mbits/sec    0    235 KBytes       
[  4] 448.00-449.00 sec   191 KBytes  1.57 Mbits/sec    0    252 KBytes       
[  4] 449.00-450.00 sec   127 KBytes  1.04 Mbits/sec    4    250 KBytes       
[  4] 450.00-451.00 sec  0.00 Bytes  0.00 bits/sec   10    184 KBytes       
[  4] 451.00-452.00 sec   191 KBytes  1.56 Mbits/sec    1    184 KBytes       
[  4] 452.00-453.00 sec   445 KBytes  3.65 Mbits/sec    0    201 KBytes       
[  4] 453.00-454.00 sec   191 KBytes  1.56 Mbits/sec    0    212 KBytes       
[  4] 454.00-455.00 sec   127 KBytes  1.04 Mbits/sec    0    219 KBytes       
[  4] 455.00-456.00 sec   191 KBytes  1.56 Mbits/sec    0    222 KBytes       
[  4] 456.00-457.00 sec   191 KBytes  1.56 Mbits/sec    0    223 KBytes       
[  4] 457.00-458.00 sec   191 KBytes  1.56 Mbits/sec    0    228 KBytes       
[  4] 458.00-459.00 sec   191 KBytes  1.56 Mbits/sec    0    238 KBytes       
[  4] 459.00-460.00 sec   127 KBytes  1.04 Mbits/sec    0    255 KBytes       
[  4] 460.00-461.00 sec   127 KBytes  1.04 Mbits/sec    9    236 KBytes       
[  4] 461.00-462.00 sec  0.00 Bytes  0.00 bits/sec   16    187 KBytes       
[  4] 462.00-463.00 sec   382 KBytes  3.13 Mbits/sec    0    197 KBytes       
[  4] 463.00-464.00 sec   255 KBytes  2.08 Mbits/sec    0    228 KBytes       
[  4] 464.00-465.00 sec   127 KBytes  1.04 Mbits/sec    0    245 KBytes       
[  4] 465.00-466.00 sec   191 KBytes  1.56 Mbits/sec    0    256 KBytes       
[  4] 466.00-467.00 sec   191 KBytes  1.56 Mbits/sec    0    262 KBytes       
[  4] 467.00-468.00 sec   191 KBytes  1.56 Mbits/sec    0    264 KBytes       
[  4] 468.00-469.00 sec  0.00 Bytes  0.00 bits/sec    6    214 KBytes       
[  4] 469.00-470.00 sec   127 KBytes  1.04 Mbits/sec    1    185 KBytes       
[  4] 470.00-471.00 sec   445 KBytes  3.65 Mbits/sec    0    199 KBytes       
[  4] 471.00-472.00 sec   191 KBytes  1.56 Mbits/sec    0    214 KBytes       
[  4] 472.00-473.00 sec   191 KBytes  1.57 Mbits/sec    0    221 KBytes       
[  4] 473.00-474.00 sec   191 KBytes  1.56 Mbits/sec    0    222 KBytes       
[  4] 474.00-475.01 sec   191 KBytes  1.55 Mbits/sec    0    225 KBytes       
[  4] 475.01-476.00 sec   127 KBytes  1.05 Mbits/sec    0    228 KBytes       
[  4] 476.00-477.00 sec   191 KBytes  1.56 Mbits/sec    0    236 KBytes       
[  4] 477.00-478.00 sec   191 KBytes  1.56 Mbits/sec    0    252 KBytes       
[  4] 478.00-479.00 sec   191 KBytes  1.56 Mbits/sec    0    276 KBytes       
[  4] 479.00-480.00 sec  0.00 Bytes  0.00 bits/sec   17    222 KBytes       
[  4] 480.00-481.00 sec  63.6 KBytes   521 Kbits/sec    9    198 KBytes       
[  4] 481.00-482.00 sec   445 KBytes  3.65 Mbits/sec    0    214 KBytes       
[  4] 482.00-483.00 sec   191 KBytes  1.56 Mbits/sec    0    242 KBytes       
[  4] 483.00-484.00 sec   191 KBytes  1.56 Mbits/sec    0    260 KBytes       
[  4] 484.00-485.00 sec   127 KBytes  1.04 Mbits/sec    4    247 KBytes       
[  4] 485.00-486.00 sec  0.00 Bytes  0.00 bits/sec   11    188 KBytes       
[  4] 486.00-487.00 sec   191 KBytes  1.56 Mbits/sec    3    188 KBytes       
[  4] 487.00-488.00 sec   382 KBytes  3.13 Mbits/sec    0    205 KBytes       
[  4] 488.00-489.00 sec   191 KBytes  1.56 Mbits/sec    0    218 KBytes       
[  4] 489.00-490.00 sec   191 KBytes  1.56 Mbits/sec    0    223 KBytes       
[  4] 490.00-491.00 sec   191 KBytes  1.56 Mbits/sec    0    226 KBytes       
[  4] 491.00-492.00 sec   191 KBytes  1.57 Mbits/sec    0    228 KBytes       
[  4] 492.00-493.00 sec   191 KBytes  1.56 Mbits/sec    0    232 KBytes       
[  4] 493.00-494.00 sec   191 KBytes  1.56 Mbits/sec    0    242 KBytes       
[  4] 494.00-495.00 sec   191 KBytes  1.56 Mbits/sec    0    259 KBytes       
[  4] 495.00-496.00 sec   191 KBytes  1.57 Mbits/sec    0    287 KBytes       
[  4] 496.00-497.00 sec  0.00 Bytes  0.00 bits/sec   22    222 KBytes       
[  4] 497.00-498.00 sec  63.6 KBytes   521 Kbits/sec   18    204 KBytes       
[  4] 498.00-499.00 sec   382 KBytes  3.13 Mbits/sec    0    215 KBytes       
[  4] 499.00-500.00 sec   255 KBytes  2.08 Mbits/sec    0    247 KBytes       
[  4] 500.00-501.00 sec   191 KBytes  1.56 Mbits/sec    0    267 KBytes       
[  4] 501.00-502.00 sec   191 KBytes  1.57 Mbits/sec    0    279 KBytes       
[  4] 502.00-503.00 sec  63.6 KBytes   521 Kbits/sec    8    233 KBytes       
[  4] 503.00-504.00 sec  63.6 KBytes   521 Kbits/sec    7    197 KBytes       
[  4] 504.00-505.00 sec   445 KBytes  3.65 Mbits/sec    0    208 KBytes       
[  4] 505.00-506.00 sec   255 KBytes  2.09 Mbits/sec    0    223 KBytes       
[  4] 506.00-507.00 sec   191 KBytes  1.57 Mbits/sec    0    233 KBytes       
[  4] 507.00-508.00 sec   191 KBytes  1.56 Mbits/sec    0    236 KBytes       
[  4] 508.00-509.00 sec   191 KBytes  1.56 Mbits/sec    0    238 KBytes       
[  4] 509.00-510.00 sec   191 KBytes  1.56 Mbits/sec    0    240 KBytes       
[  4] 510.00-511.00 sec   191 KBytes  1.56 Mbits/sec    0    247 KBytes       
[  4] 511.00-512.00 sec   191 KBytes  1.56 Mbits/sec    0    260 KBytes       
[  4] 512.00-513.00 sec  63.6 KBytes   522 Kbits/sec    6    236 KBytes       
[  4] 513.00-514.00 sec  0.00 Bytes  0.00 bits/sec   16    189 KBytes       
[  4] 514.00-515.00 sec   255 KBytes  2.09 Mbits/sec    1    189 KBytes       
[  4] 515.00-516.00 sec   382 KBytes  3.13 Mbits/sec    0    137 KBytes       
[  4] 516.00-517.00 sec   191 KBytes  1.56 Mbits/sec    0    144 KBytes       
[  4] 517.00-518.01 sec  63.6 KBytes   518 Kbits/sec    0    153 KBytes       
[  4] 518.01-519.00 sec   127 KBytes  1.05 Mbits/sec    0    157 KBytes       
[  4] 519.00-520.00 sec  0.00 Bytes  0.00 bits/sec    2    129 KBytes       
[  4] 520.00-521.00 sec   255 KBytes  2.08 Mbits/sec    0    112 KBytes       
[  4] 521.00-522.00 sec   127 KBytes  1.04 Mbits/sec    0    123 KBytes       
[  4] 522.00-523.00 sec   127 KBytes  1.04 Mbits/sec    0    129 KBytes       
[  4] 523.00-524.00 sec  63.6 KBytes   521 Kbits/sec    0    132 KBytes       
[  4] 524.00-525.00 sec   127 KBytes  1.04 Mbits/sec    0    133 KBytes       
[  4] 525.00-526.00 sec   127 KBytes  1.04 Mbits/sec    0    136 KBytes       
[  4] 526.00-527.00 sec   127 KBytes  1.04 Mbits/sec    0    144 KBytes       
[  4] 527.00-528.00 sec   127 KBytes  1.04 Mbits/sec    0    161 KBytes       
[  4] 528.00-529.00 sec  63.6 KBytes   522 Kbits/sec    0    188 KBytes       
[  4] 529.00-530.00 sec   127 KBytes  1.04 Mbits/sec    2    209 KBytes       
[  4] 530.00-531.00 sec  0.00 Bytes  0.00 bits/sec   17    151 KBytes       
[  4] 531.00-532.00 sec   127 KBytes  1.04 Mbits/sec    5    151 KBytes       
[  4] 532.00-533.00 sec   318 KBytes  2.61 Mbits/sec    0    174 KBytes       
[  4] 533.00-534.00 sec   127 KBytes  1.04 Mbits/sec    0    195 KBytes       
[  4] 534.00-535.00 sec   191 KBytes  1.56 Mbits/sec    0    206 KBytes       
[  4] 535.00-536.00 sec   127 KBytes  1.04 Mbits/sec    0    212 KBytes       
[  4] 536.00-537.00 sec  63.6 KBytes   521 Kbits/sec    2    197 KBytes       
[  4] 537.00-538.00 sec  0.00 Bytes  0.00 bits/sec    6    150 KBytes       
[  4] 538.00-539.00 sec   382 KBytes  3.13 Mbits/sec    0    154 KBytes       
[  4] 539.00-540.00 sec   191 KBytes  1.56 Mbits/sec    0    170 KBytes       
[  4] 540.00-541.00 sec   127 KBytes  1.04 Mbits/sec    0    177 KBytes       
[  4] 541.00-542.00 sec   191 KBytes  1.56 Mbits/sec    0    180 KBytes       
[  4] 542.00-543.00 sec   127 KBytes  1.04 Mbits/sec    0    181 KBytes       
[  4] 543.00-544.00 sec   127 KBytes  1.04 Mbits/sec    0    184 KBytes       
[  4] 544.00-545.00 sec   191 KBytes  1.56 Mbits/sec    0    191 KBytes       
[  4] 545.00-546.00 sec   127 KBytes  1.04 Mbits/sec    0    204 KBytes       
[  4] 546.00-547.00 sec   127 KBytes  1.04 Mbits/sec    0    229 KBytes       
[  4] 547.00-548.00 sec  63.6 KBytes   522 Kbits/sec   10    192 KBytes       
[  4] 548.00-549.00 sec  0.00 Bytes  0.00 bits/sec   13    165 KBytes       
[  4] 549.00-550.00 sec   382 KBytes  3.13 Mbits/sec    0    174 KBytes       
[  4] 550.00-551.00 sec   191 KBytes  1.56 Mbits/sec    0    201 KBytes       
[  4] 551.00-552.00 sec   127 KBytes  1.04 Mbits/sec    0    218 KBytes       
[  4] 552.00-553.00 sec   127 KBytes  1.04 Mbits/sec    1    223 KBytes       
[  4] 553.00-554.00 sec  0.00 Bytes  0.00 bits/sec   11    158 KBytes       
[  4] 554.00-555.00 sec   191 KBytes  1.56 Mbits/sec    1    158 KBytes       
[  4] 555.00-556.00 sec   318 KBytes  2.60 Mbits/sec    0    173 KBytes       
[  4] 556.00-557.00 sec   191 KBytes  1.56 Mbits/sec    0    184 KBytes       
[  4] 557.00-558.00 sec   191 KBytes  1.56 Mbits/sec    0    189 KBytes       
[  4] 558.00-559.00 sec   191 KBytes  1.56 Mbits/sec    0    191 KBytes       
[  4] 559.00-560.00 sec   127 KBytes  1.04 Mbits/sec    0    192 KBytes       
[  4] 560.00-561.00 sec   191 KBytes  1.56 Mbits/sec    0    198 KBytes       
[  4] 561.00-562.00 sec   191 KBytes  1.56 Mbits/sec    0    208 KBytes       
[  4] 562.00-563.00 sec   191 KBytes  1.56 Mbits/sec    0    226 KBytes       
[  4] 563.00-564.00 sec   127 KBytes  1.04 Mbits/sec    0    257 KBytes       
[  4] 564.00-565.00 sec   191 KBytes  1.56 Mbits/sec    0    296 KBytes       
[  4] 565.00-566.00 sec  0.00 Bytes  0.00 bits/sec   30    209 KBytes       
[  4] 566.00-567.00 sec   127 KBytes  1.04 Mbits/sec   14    209 KBytes       
[  4] 567.00-568.00 sec   382 KBytes  3.13 Mbits/sec    4    221 KBytes       
[  4] 568.00-569.00 sec   255 KBytes  2.09 Mbits/sec    0    223 KBytes       
[  4] 569.00-570.00 sec   127 KBytes  1.04 Mbits/sec    0    229 KBytes       
[  4] 570.00-571.00 sec  0.00 Bytes  0.00 bits/sec   12    180 KBytes       
[  4] 571.00-572.00 sec   127 KBytes  1.04 Mbits/sec   10    161 KBytes       
[  4] 572.00-573.00 sec   318 KBytes  2.61 Mbits/sec    0    171 KBytes       
[  4] 573.00-574.00 sec   191 KBytes  1.56 Mbits/sec    0    198 KBytes       
[  4] 574.00-575.00 sec   127 KBytes  1.04 Mbits/sec    0    215 KBytes       
[  4] 575.00-576.00 sec   191 KBytes  1.56 Mbits/sec    0    223 KBytes       
[  4] 576.00-577.00 sec   191 KBytes  1.56 Mbits/sec    0    228 KBytes       
[  4] 577.00-578.00 sec   191 KBytes  1.56 Mbits/sec    0    229 KBytes       
[  4] 578.00-579.00 sec   127 KBytes  1.04 Mbits/sec    0    232 KBytes       
[  4] 579.00-580.00 sec   191 KBytes  1.56 Mbits/sec    0    240 KBytes       
[  4] 580.00-581.00 sec   191 KBytes  1.56 Mbits/sec    0    256 KBytes       
[  4] 581.00-582.00 sec  0.00 Bytes  0.00 bits/sec   16    197 KBytes       
[  4] 582.00-583.00 sec   127 KBytes  1.04 Mbits/sec   10    180 KBytes       
[  4] 583.00-584.00 sec   382 KBytes  3.13 Mbits/sec    0    197 KBytes       
[  4] 584.00-585.00 sec   191 KBytes  1.56 Mbits/sec    0    222 KBytes       
[  4] 585.00-586.00 sec   191 KBytes  1.56 Mbits/sec    0    240 KBytes       
[  4] 586.00-587.00 sec   127 KBytes  1.04 Mbits/sec    1    242 KBytes       
[  4] 587.00-588.00 sec  0.00 Bytes  0.00 bits/sec    9    182 KBytes       
[  4] 588.00-589.00 sec   191 KBytes  1.56 Mbits/sec    3    174 KBytes       
[  4] 589.00-590.00 sec   382 KBytes  3.13 Mbits/sec    0    188 KBytes       
[  4] 590.00-591.00 sec   191 KBytes  1.56 Mbits/sec    0    201 KBytes       
[  4] 591.00-592.00 sec   191 KBytes  1.56 Mbits/sec    0    206 KBytes       
[  4] 592.00-593.00 sec   191 KBytes  1.56 Mbits/sec    0    209 KBytes       
[  4] 593.00-594.00 sec   191 KBytes  1.56 Mbits/sec    0    211 KBytes       
[  4] 594.00-595.00 sec   191 KBytes  1.56 Mbits/sec    0    215 KBytes       
[  4] 595.00-596.00 sec   127 KBytes  1.04 Mbits/sec    0    223 KBytes       
[  4] 596.00-597.00 sec   191 KBytes  1.56 Mbits/sec    0    242 KBytes       
[  4] 597.00-598.00 sec   127 KBytes  1.04 Mbits/sec    0    267 KBytes       
[  4] 598.00-599.00 sec   127 KBytes  1.04 Mbits/sec    4    280 KBytes       
[  4] 599.00-600.00 sec  0.00 Bytes  0.00 bits/sec   29    206 KBytes       
[  4] 600.00-601.00 sec  0.00 Bytes  0.00 bits/sec    5    206 KBytes       
[  4] 601.00-602.00 sec  63.6 KBytes   521 Kbits/sec    1   1.41 KBytes       
[  4] 602.00-603.00 sec   827 KBytes  6.78 Mbits/sec    0    235 KBytes       
[  4] 603.00-604.00 sec  0.00 Bytes  0.00 bits/sec    0    236 KBytes       
[  4] 604.00-605.00 sec   127 KBytes  1.04 Mbits/sec    0    246 KBytes       
[  4] 605.00-606.00 sec  0.00 Bytes  0.00 bits/sec   14    171 KBytes       
[  4] 606.00-607.00 sec   382 KBytes  3.13 Mbits/sec    0    177 KBytes       
[  4] 607.00-608.00 sec   191 KBytes  1.56 Mbits/sec    0    209 KBytes       
[  4] 608.00-609.00 sec   255 KBytes  2.08 Mbits/sec    0    230 KBytes       
[  4] 609.00-609.00 sec  0.00 Bytes  0.00 bits/sec    0    230 KBytes       
- - - - - - - - - - - - - - - - - - - - - - - - -
[ ID] Interval           Transfer     Bandwidth       Retr
[  4]   0.00-609.00 sec   100 MBytes  1.38 Mbits/sec  1416             sender
[  4]   0.00-609.00 sec  98.4 MBytes  1.36 Mbits/sec                  receiver

iperf Done.
