Connecting to host 10.0.0.2, port 5202
[  4] local 10.0.0.1 port 46112 connected to 10.0.0.2 port 5202
[ ID] Interval           Transfer     Bandwidth       Retr  Cwnd
[  4]   0.00-1.00   sec  1.27 MBytes  10.7 Mbits/sec    0    154 KBytes       
[  4]   1.00-2.00   sec   954 KBytes  7.82 Mbits/sec    0    192 KBytes       
[  4]   2.00-3.00   sec   891 KBytes  7.27 Mbits/sec    0    228 KBytes       
[  4]   3.00-4.00   sec   700 KBytes  5.75 Mbits/sec    0    253 KBytes       
[  4]   4.00-5.00   sec   891 KBytes  7.29 Mbits/sec    0    290 KBytes       
[  4]   5.00-6.00   sec   954 KBytes  7.82 Mbits/sec    0    327 KBytes       
[  4]   6.00-7.00   sec   954 KBytes  7.82 Mbits/sec    0    363 KBytes       
[  4]   7.00-8.00   sec   636 KBytes  5.21 Mbits/sec   10    368 KBytes       
[  4]   8.00-9.00   sec   700 KBytes  5.73 Mbits/sec    0    370 KBytes       
[  4]   9.00-10.00  sec   509 KBytes  4.17 Mbits/sec    0    375 KBytes       
[  4]  10.00-11.00  sec   445 KBytes  3.65 Mbits/sec    0    386 KBytes       
[  4]  11.00-12.00  sec   573 KBytes  4.69 Mbits/sec    0    409 KBytes       
[  4]  12.00-13.05  sec   127 KBytes   999 Kbits/sec    0    417 KBytes       
[  4]  13.05-14.00  sec   445 KBytes  3.82 Mbits/sec    0    461 KBytes       
[  4]  14.00-15.04  sec  1018 KBytes  8.06 Mbits/sec    0    559 KBytes       
[  4]  15.04-15.04  sec  0.00 Bytes  0.00 bits/sec    0    559 KBytes       
- - - - - - - - - - - - - - - - - - - - - - - - -
[ ID] Interval           Transfer     Bandwidth       Retr
[  4]   0.00-15.04  sec  10.8 MBytes  6.05 Mbits/sec   10             sender
[  4]   0.00-15.04  sec  8.35 MBytes  4.66 Mbits/sec                  receiver

iperf Done.
