Connecting to host 10.0.0.2, port 5202
[  4] local 10.0.0.1 port 46112 connected to 10.0.0.2 port 5202
[ ID] Interval           Transfer     Bandwidth       Retr  Cwnd
[  4]   0.00-1.00   sec   827 KBytes  6.77 Mbits/sec    0   62.2 KBytes       
[  4]   1.00-2.00   sec   636 KBytes  5.22 Mbits/sec    0   87.7 KBytes       
[  4]   2.00-3.00   sec   636 KBytes  5.21 Mbits/sec    0    112 KBytes       
[  4]   3.00-4.00   sec   573 KBytes  4.69 Mbits/sec    0    136 KBytes       
[  4]   4.00-5.00   sec   509 KBytes  4.17 Mbits/sec    0    156 KBytes       
[  4]   5.00-6.00   sec   636 KBytes  5.21 Mbits/sec    0    181 KBytes       
[  4]   6.00-7.00   sec   573 KBytes  4.69 Mbits/sec    0    204 KBytes       
[  4]   7.00-8.00   sec  1018 KBytes  8.34 Mbits/sec    0    284 KBytes       
[  4]   8.00-9.00   sec   954 KBytes  7.82 Mbits/sec    0    370 KBytes       
[  4]   9.00-10.00  sec  1.18 MBytes  9.90 Mbits/sec    0    491 KBytes       
[  4]  10.00-11.00  sec  1.24 MBytes  10.4 Mbits/sec    0    625 KBytes       
[  4]  11.00-12.00  sec  1.25 MBytes  10.5 Mbits/sec    0    796 KBytes       
[  4]  12.00-13.00  sec  2.17 MBytes  18.2 Mbits/sec    0   1011 KBytes       
[  4]  13.00-14.00  sec  1.25 MBytes  10.5 Mbits/sec    0   1.21 MBytes       
[  4]  14.00-15.00  sec   884 KBytes  7.24 Mbits/sec   86    997 KBytes       
[  4]  15.00-16.00  sec  0.00 Bytes  0.00 bits/sec  102    898 KBytes       
[  4]  16.00-17.00  sec  1.25 MBytes  10.5 Mbits/sec    0    908 KBytes       
[  4]  17.00-18.00  sec  1.25 MBytes  10.5 Mbits/sec    4    908 KBytes       
[  4]  18.00-19.00  sec  1.25 MBytes  10.5 Mbits/sec    0    909 KBytes       
[  4]  19.00-20.00  sec  1.03 MBytes  8.69 Mbits/sec    0    915 KBytes       
[  4]  20.00-21.00  sec   636 KBytes  5.21 Mbits/sec    0    925 KBytes       
[  4]  21.00-22.00  sec   700 KBytes  5.73 Mbits/sec    0    943 KBytes       
[  4]  22.00-23.00  sec   764 KBytes  6.26 Mbits/sec    0    973 KBytes       
[  4]  23.00-24.00  sec   573 KBytes  4.69 Mbits/sec    5    950 KBytes       
[  4]  24.00-25.00  sec  0.00 Bytes  0.00 bits/sec   25    707 KBytes       
[  4]  25.00-26.00  sec   764 KBytes  6.26 Mbits/sec    0    707 KBytes       
[  4]  26.00-27.00  sec  1.25 MBytes  10.5 Mbits/sec    0    747 KBytes       
[  4]  27.00-28.00  sec  1.17 MBytes  9.84 Mbits/sec    0    814 KBytes       
[  4]  28.00-29.00  sec   700 KBytes  5.74 Mbits/sec    0    874 KBytes       
[  4]  29.00-30.00  sec   700 KBytes  5.73 Mbits/sec    0    921 KBytes       
[  4]  30.00-31.00  sec   764 KBytes  6.26 Mbits/sec    0    954 KBytes       
[  4]  31.00-32.00  sec   764 KBytes  6.26 Mbits/sec    0    981 KBytes       
[  4]  32.00-33.00  sec   827 KBytes  6.77 Mbits/sec    0    997 KBytes       
[  4]  33.00-34.00  sec   827 KBytes  6.79 Mbits/sec    0   1005 KBytes       
[  4]  34.00-35.00  sec   700 KBytes  5.73 Mbits/sec    0   1008 KBytes       
[  4]  35.00-36.00  sec   764 KBytes  6.25 Mbits/sec    0   1011 KBytes       
[  4]  36.00-37.00  sec   827 KBytes  6.77 Mbits/sec    0   1015 KBytes       
[  4]  37.00-38.00  sec   827 KBytes  6.78 Mbits/sec    0   1.00 MBytes       
[  4]  38.00-39.00  sec   636 KBytes  5.21 Mbits/sec    2   1.01 MBytes       
[  4]  39.00-40.00  sec  0.00 Bytes  0.00 bits/sec   16    809 KBytes       
[  4]  40.00-41.00  sec   509 KBytes  4.17 Mbits/sec   12    730 KBytes       
[  4]  41.00-42.00  sec  1.25 MBytes  10.5 Mbits/sec    0    749 KBytes       
[  4]  42.00-43.00  sec  1.17 MBytes  9.84 Mbits/sec    0    812 KBytes       
[  4]  43.00-44.00  sec   764 KBytes  6.25 Mbits/sec    0    878 KBytes       
[  4]  44.00-45.00  sec   764 KBytes  6.26 Mbits/sec    0    935 KBytes       
[  4]  45.00-46.00  sec   700 KBytes  5.74 Mbits/sec    0    977 KBytes       
[  4]  46.00-47.00  sec   636 KBytes  5.21 Mbits/sec    0   1003 KBytes       
[  4]  47.00-48.00  sec   573 KBytes  4.69 Mbits/sec    6    983 KBytes       
[  4]  48.00-49.00  sec  0.00 Bytes  0.00 bits/sec   19    711 KBytes       
[  4]  49.00-50.00  sec   700 KBytes  5.73 Mbits/sec    1    711 KBytes       
[  4]  50.00-51.00  sec  1.25 MBytes  10.5 Mbits/sec    0    734 KBytes       
[  4]  51.00-52.00  sec  1.17 MBytes  9.85 Mbits/sec    0    772 KBytes       
[  4]  52.00-53.00  sec   700 KBytes  5.73 Mbits/sec    0    807 KBytes       
[  4]  53.00-54.00  sec   636 KBytes  5.21 Mbits/sec    0    831 KBytes       
[  4]  54.00-55.00  sec   700 KBytes  5.74 Mbits/sec    0    848 KBytes       
[  4]  55.00-56.00  sec   764 KBytes  6.25 Mbits/sec    0    857 KBytes       
[  4]  56.00-57.00  sec   636 KBytes  5.21 Mbits/sec    0    861 KBytes       
[  4]  57.00-58.00  sec   764 KBytes  6.26 Mbits/sec    0    863 KBytes       
[  4]  58.00-59.00  sec   764 KBytes  6.25 Mbits/sec    0    867 KBytes       
[  4]  59.00-60.00  sec   764 KBytes  6.26 Mbits/sec    0    874 KBytes       
[  4]  60.00-61.00  sec   636 KBytes  5.21 Mbits/sec    0    889 KBytes       
[  4]  61.00-62.00  sec   700 KBytes  5.74 Mbits/sec    0    915 KBytes       
[  4]  62.00-63.00  sec   636 KBytes  5.21 Mbits/sec    0    949 KBytes       
[  4]  63.00-64.00  sec   764 KBytes  6.26 Mbits/sec    0   1007 KBytes       
[  4]  64.00-64.00  sec  0.00 Bytes  0.00 bits/sec    0   1007 KBytes       
- - - - - - - - - - - - - - - - - - - - - - - - -
[ ID] Interval           Transfer     Bandwidth       Retr
[  4]   0.00-64.00  sec  50.5 MBytes  6.62 Mbits/sec  278             sender
[  4]   0.00-64.00  sec  43.5 MBytes  5.70 Mbits/sec                  receiver

iperf Done.
