Connecting to host 10.0.0.2, port 5202
[  4] local 10.0.0.1 port 46112 connected to 10.0.0.2 port 5202
[ ID] Interval           Transfer     Bandwidth       Retr  Cwnd
[  4]   0.00-1.00   sec   566 KBytes  4.63 Mbits/sec    0   53.7 KBytes       
[  4]   1.00-2.00   sec   509 KBytes  4.16 Mbits/sec    0   72.1 KBytes       
[  4]   2.00-3.00   sec   382 KBytes  3.13 Mbits/sec    0   87.7 KBytes       
[  4]   3.00-4.00   sec   445 KBytes  3.65 Mbits/sec    0    105 KBytes       
[  4]   4.00-5.00   sec   318 KBytes  2.61 Mbits/sec    0    117 KBytes       
[  4]   5.00-6.00   sec   445 KBytes  3.65 Mbits/sec    0    137 KBytes       
[  4]   6.00-7.00   sec   573 KBytes  4.69 Mbits/sec    0    182 KBytes       
[  4]   7.00-8.00   sec   764 KBytes  6.26 Mbits/sec    0    253 KBytes       
[  4]   8.00-9.00   sec  1.06 MBytes  8.86 Mbits/sec    0    355 KBytes       
[  4]   9.00-10.01  sec   891 KBytes  7.27 Mbits/sec    0    450 KBytes       
[  4]  10.01-11.00  sec  1.74 MBytes  14.7 Mbits/sec    0    636 KBytes       
[  4]  11.00-12.00  sec  2.17 MBytes  18.2 Mbits/sec    0    831 KBytes       
[  4]  12.00-12.88  sec  1.25 MBytes  11.9 Mbits/sec    0   1022 KBytes       
- - - - - - - - - - - - - - - - - - - - - - - - -
[ ID] Interval           Transfer     Bandwidth       Retr
[  4]   0.00-12.88  sec  11.0 MBytes  7.16 Mbits/sec    0             sender
[  4]   0.00-12.88  sec  7.23 MBytes  4.71 Mbits/sec                  receiver

iperf Done.
