-----------------------------------------------------------
Server listening on 5204
-----------------------------------------------------------
Accepted connection from 10.0.0.1, port 33070
[  5] local 10.0.0.2 port 5204 connected to 10.0.0.1 port 46116
[ ID] Interval           Transfer     Bandwidth
[  5]   0.00-1.00   sec  84.8 KBytes   695 Kbits/sec                  
[  5]   1.00-2.00   sec   141 KBytes  1.16 Mbits/sec                  
[  5]   2.00-3.00   sec   161 KBytes  1.32 Mbits/sec                  
[  5]   3.00-4.00   sec   123 KBytes  1.01 Mbits/sec                  
[  5]   4.00-5.00   sec   194 KBytes  1.59 Mbits/sec                  
[  5]   5.00-6.00   sec   109 KBytes   892 Kbits/sec                  
[  5]   6.00-7.00   sec   218 KBytes  1.78 Mbits/sec                  
[  5]   7.00-8.00   sec   161 KBytes  1.32 Mbits/sec                  
[  5]   8.00-9.00   sec   215 KBytes  1.76 Mbits/sec                  
[  5]   9.00-10.00  sec  18.4 KBytes   151 Kbits/sec                  
[  5]  10.00-11.00  sec  32.5 KBytes   266 Kbits/sec                  
[  5]  11.00-12.00  sec   263 KBytes  2.15 Mbits/sec                  
[  5]  12.00-13.00  sec   349 KBytes  2.86 Mbits/sec                  
[  5]  13.00-14.00  sec   204 KBytes  1.66 Mbits/sec                  
[  5]  14.00-15.00  sec  15.6 KBytes   128 Kbits/sec                  
[  5]  15.00-16.00  sec   239 KBytes  1.96 Mbits/sec                  
[  5]  16.00-17.00  sec   437 KBytes  3.58 Mbits/sec                  
[  5]  17.00-18.00  sec   260 KBytes  2.13 Mbits/sec                  
[  5]  18.00-19.00  sec   242 KBytes  1.98 Mbits/sec                  
[  5]  19.00-20.00  sec   259 KBytes  2.12 Mbits/sec                  
[  5]  20.00-21.00  sec   564 KBytes  4.62 Mbits/sec                  
[  5]  21.00-22.00  sec   474 KBytes  3.88 Mbits/sec                  
[  5]  22.00-23.00  sec   482 KBytes  3.95 Mbits/sec                  
[  5]  23.00-24.00  sec   549 KBytes  4.49 Mbits/sec                  
[  5]  24.00-25.00  sec   542 KBytes  4.44 Mbits/sec                  
[  5]  25.00-26.00  sec   503 KBytes  4.12 Mbits/sec                  
[  5]  26.00-27.00  sec   786 KBytes  6.44 Mbits/sec                  
[  5]  27.00-27.94  sec  1.06 MBytes  9.42 Mbits/sec                  
- - - - - - - - - - - - - - - - - - - - - - - - -
[ ID] Interval           Transfer     Bandwidth
[  5]   0.00-27.94  sec  0.00 Bytes  0.00 bits/sec                  sender
[  5]   0.00-27.94  sec  8.50 MBytes  2.55 Mbits/sec                  receiver
