-----------------------------------------------------------
Server listening on 5201
-----------------------------------------------------------
Accepted connection from 10.0.0.1, port 57292
[  5] local 10.0.0.2 port 5201 connected to 10.0.0.1 port 46110
[ ID] Interval           Transfer     Bandwidth
[  5]   0.00-1.00   sec   979 KBytes  8.01 Mbits/sec                  
[  5]   1.00-2.00   sec   829 KBytes  6.79 Mbits/sec                  
[  5]   2.00-3.00   sec   812 KBytes  6.65 Mbits/sec                  
[  5]   3.00-4.00   sec   759 KBytes  6.22 Mbits/sec                  
[  5]   4.00-5.00   sec   854 KBytes  7.00 Mbits/sec                  
[  5]   5.00-6.00   sec   789 KBytes  6.46 Mbits/sec                  
[  5]   6.00-7.00   sec   803 KBytes  6.59 Mbits/sec                  
[  5]   7.00-8.00   sec   641 KBytes  5.25 Mbits/sec                  
[  5]   8.00-9.00   sec   738 KBytes  6.05 Mbits/sec                  
[  5]   9.00-10.00  sec   632 KBytes  5.18 Mbits/sec                  
[  5]  10.00-10.58  sec   423 KBytes  5.97 Mbits/sec                  
- - - - - - - - - - - - - - - - - - - - - - - - -
[ ID] Interval           Transfer     Bandwidth
[  5]   0.00-10.58  sec  0.00 Bytes  0.00 bits/sec                  sender
[  5]   0.00-10.58  sec  8.06 MBytes  6.39 Mbits/sec                  receiver
