-----------------------------------------------------------
Server listening on 5204
-----------------------------------------------------------
Accepted connection from 10.0.0.1, port 52923
[  5] local 10.0.0.2 port 5204 connected to 10.0.0.1 port 46116
[ ID] Interval           Transfer     Bandwidth
[  5]   0.00-1.00   sec  84.8 KBytes   695 Kbits/sec                  
[  5]   1.00-2.00   sec   141 KBytes  1.16 Mbits/sec                  
[  5]   2.00-3.00   sec   163 KBytes  1.33 Mbits/sec                  
[  5]   3.00-4.00   sec   122 KBytes   996 Kbits/sec                  
[  5]   4.00-5.00   sec   194 KBytes  1.59 Mbits/sec                  
[  5]   5.00-6.00   sec   122 KBytes   996 Kbits/sec                  
[  5]   6.00-7.00   sec   214 KBytes  1.75 Mbits/sec                  
[  5]   7.00-8.00   sec   163 KBytes  1.33 Mbits/sec                  
[  5]   8.00-9.00   sec   197 KBytes  1.61 Mbits/sec                  
[  5]   9.00-10.00  sec   154 KBytes  1.26 Mbits/sec                  
[  5]  10.00-11.00  sec   147 KBytes  1.21 Mbits/sec                  
[  5]  11.00-12.00  sec  0.00 Bytes  0.00 bits/sec                  
[  5]  12.00-13.00  sec   184 KBytes  1.51 Mbits/sec                  
[  5]  13.00-14.00  sec   195 KBytes  1.60 Mbits/sec                  
[  5]  14.00-15.00  sec   814 KBytes  6.68 Mbits/sec                  
[  5]  15.00-16.00  sec   216 KBytes  1.77 Mbits/sec                  
[  5]  16.00-17.00  sec   372 KBytes  3.05 Mbits/sec                  
[  5]  17.00-18.00  sec   355 KBytes  2.91 Mbits/sec                  
[  5]  18.00-19.00  sec   492 KBytes  4.02 Mbits/sec                  
[  5]  19.00-20.00  sec   549 KBytes  4.50 Mbits/sec                  
[  5]  20.00-21.00  sec   523 KBytes  4.29 Mbits/sec                  
[  5]  21.00-22.00  sec   535 KBytes  4.38 Mbits/sec                  
[  5]  22.00-23.00  sec   551 KBytes  4.52 Mbits/sec                  
[  5]  23.00-24.00  sec   576 KBytes  4.71 Mbits/sec                  
[  5]  24.00-25.00  sec   495 KBytes  4.05 Mbits/sec                  
[  5]  25.00-26.00  sec   848 KBytes  6.95 Mbits/sec                  
[  5]  26.00-26.37  sec   423 KBytes  9.37 Mbits/sec                  
- - - - - - - - - - - - - - - - - - - - - - - - -
[ ID] Interval           Transfer     Bandwidth
[  5]   0.00-26.37  sec  0.00 Bytes  0.00 bits/sec                  sender
[  5]   0.00-26.37  sec  8.62 MBytes  2.74 Mbits/sec                  receiver
