-----------------------------------------------------------
Server listening on 5208
-----------------------------------------------------------
Accepted connection from 10.0.0.1, port 48445
[  5] local 10.0.0.2 port 5208 connected to 10.0.0.1 port 46124
[ ID] Interval           Transfer     Bandwidth
[  5]   0.00-1.00   sec  14.1 KBytes   115 Kbits/sec                  
[  5]   1.00-2.00   sec  28.3 KBytes   233 Kbits/sec                  
[  5]   2.00-3.00   sec  87.7 KBytes   718 Kbits/sec                  
[  5]   3.00-4.00   sec  46.7 KBytes   382 Kbits/sec                  
[  5]   4.00-5.00   sec  49.5 KBytes   406 Kbits/sec                  
[  5]   5.00-6.00   sec  4.24 KBytes  34.7 Kbits/sec                  
[  5]   6.00-7.00   sec  0.00 Bytes  0.00 bits/sec                  
[  5]   7.00-8.00   sec  90.5 KBytes   742 Kbits/sec                  
[  5]   8.00-9.00   sec  45.2 KBytes   371 Kbits/sec                  
[  5]   9.00-10.00  sec  56.6 KBytes   463 Kbits/sec                  
[  5]  10.00-11.00  sec  60.8 KBytes   498 Kbits/sec                  
[  5]  11.00-12.00  sec  62.2 KBytes   510 Kbits/sec                  
[  5]  12.00-13.00  sec  50.9 KBytes   417 Kbits/sec                  
[  5]  13.00-14.00  sec  14.1 KBytes   116 Kbits/sec                  
[  5]  14.00-15.00  sec  74.9 KBytes   614 Kbits/sec                  
[  5]  15.00-16.00  sec  93.3 KBytes   764 Kbits/sec                  
[  5]  16.00-17.00  sec   129 KBytes  1.05 Mbits/sec                  
[  5]  17.00-18.00  sec  80.6 KBytes   660 Kbits/sec                  
[  5]  18.00-19.00  sec  2.83 KBytes  23.2 Kbits/sec                  
[  5]  19.00-20.00  sec   105 KBytes   857 Kbits/sec                  
[  5]  20.00-21.00  sec   301 KBytes  2.47 Mbits/sec                  
[  5]  21.00-22.00  sec   167 KBytes  1.37 Mbits/sec                  
[  5]  22.00-23.00  sec   191 KBytes  1.56 Mbits/sec                  
[  5]  23.00-24.00  sec   201 KBytes  1.64 Mbits/sec                  
[  5]  24.00-25.00  sec   109 KBytes   892 Kbits/sec                  
[  5]  25.00-26.00  sec   132 KBytes  1.08 Mbits/sec                  
[  5]  26.00-27.00  sec   228 KBytes  1.87 Mbits/sec                  
[  5]  27.00-28.00  sec   222 KBytes  1.82 Mbits/sec                  
[  5]  28.00-29.00  sec  8.48 KBytes  69.5 Kbits/sec                  
[  5]  29.00-30.00  sec   216 KBytes  1.77 Mbits/sec                  
[  5]  30.00-31.00  sec   274 KBytes  2.25 Mbits/sec                  
[  5]  31.00-32.00  sec   126 KBytes  1.03 Mbits/sec                  
[  5]  32.00-33.00  sec  59.4 KBytes   486 Kbits/sec                  
[  5]  33.00-34.00  sec   195 KBytes  1.60 Mbits/sec                  
[  5]  34.00-35.00  sec  0.00 Bytes  0.00 bits/sec                  
[  5]  35.00-36.00  sec  19.8 KBytes   162 Kbits/sec                  
[  5]  36.00-37.00  sec   397 KBytes  3.25 Mbits/sec                  
[  5]  37.00-38.00  sec   177 KBytes  1.45 Mbits/sec                  
[  5]  38.00-39.00  sec   188 KBytes  1.54 Mbits/sec                  
[  5]  39.00-40.00  sec  5.66 KBytes  46.3 Kbits/sec                  
[  5]  40.00-41.00  sec   199 KBytes  1.63 Mbits/sec                  
[  5]  41.00-42.00  sec   201 KBytes  1.65 Mbits/sec                  
[  5]  42.00-43.00  sec   204 KBytes  1.67 Mbits/sec                  
[  5]  43.00-44.00  sec   212 KBytes  1.74 Mbits/sec                  
[  5]  44.00-45.00  sec   226 KBytes  1.85 Mbits/sec                  
[  5]  45.00-46.00  sec   233 KBytes  1.91 Mbits/sec                  
[  5]  46.00-47.00  sec  76.4 KBytes   626 Kbits/sec                  
[  5]  47.00-48.00  sec   256 KBytes  2.09 Mbits/sec                  
[  5]  48.00-49.00  sec  9.90 KBytes  81.2 Kbits/sec                  
[  5]  49.00-50.00  sec   358 KBytes  2.93 Mbits/sec                  
[  5]  50.00-51.00  sec   431 KBytes  3.52 Mbits/sec                  
[  5]  51.00-52.00  sec   136 KBytes  1.12 Mbits/sec                  
[  5]  52.00-53.00  sec   291 KBytes  2.39 Mbits/sec                  
[  5]  53.00-54.00  sec   522 KBytes  4.28 Mbits/sec                  
[  5]  54.00-55.00  sec   512 KBytes  4.19 Mbits/sec                  
[  5]  55.00-55.37  sec   392 KBytes  8.58 Mbits/sec                  
- - - - - - - - - - - - - - - - - - - - - - - - -
[ ID] Interval           Transfer     Bandwidth
[  5]   0.00-55.37  sec  0.00 Bytes  0.00 bits/sec                  sender
[  5]   0.00-55.37  sec  8.37 MBytes  1.27 Mbits/sec                  receiver
