-----------------------------------------------------------
Server listening on 5208
-----------------------------------------------------------
Accepted connection from 10.0.0.1, port 49071
[  5] local 10.0.0.2 port 5208 connected to 10.0.0.1 port 46124
[ ID] Interval           Transfer     Bandwidth
[  5]   0.00-1.00   sec  0.00 Bytes  0.00 bits/sec                  
[  5]   1.00-2.00   sec  42.4 KBytes   348 Kbits/sec                  
[  5]   2.00-3.00   sec  65.0 KBytes   533 Kbits/sec                  
[  5]   3.00-4.00   sec  69.3 KBytes   568 Kbits/sec                  
[  5]   4.00-5.00   sec  0.00 Bytes  0.00 bits/sec                  
[  5]   5.00-6.00   sec  52.3 KBytes   429 Kbits/sec                  
[  5]   6.00-7.00   sec  0.00 Bytes  0.00 bits/sec                  
[  5]   7.00-8.00   sec  63.6 KBytes   521 Kbits/sec                  
[  5]   8.00-9.00   sec  77.8 KBytes   638 Kbits/sec                  
[  5]   9.00-10.00  sec  53.7 KBytes   440 Kbits/sec                  
[  5]  10.00-11.00  sec  62.2 KBytes   510 Kbits/sec                  
[  5]  11.00-12.00  sec  0.00 Bytes  0.00 bits/sec                  
[  5]  12.00-13.00  sec  18.4 KBytes   151 Kbits/sec                  
[  5]  13.00-14.00  sec  93.3 KBytes   764 Kbits/sec                  
[  5]  14.00-15.00  sec  48.1 KBytes   394 Kbits/sec                  
[  5]  15.00-16.00  sec   106 KBytes   869 Kbits/sec                  
[  5]  16.00-17.00  sec  55.1 KBytes   452 Kbits/sec                  
[  5]  17.00-18.00  sec  62.2 KBytes   510 Kbits/sec                  
[  5]  18.00-19.00  sec   119 KBytes   972 Kbits/sec                  
[  5]  19.00-20.00  sec  74.9 KBytes   614 Kbits/sec                  
[  5]  20.00-21.00  sec  91.9 KBytes   753 Kbits/sec                  
[  5]  21.00-22.00  sec   119 KBytes   971 Kbits/sec                  
[  5]  22.00-23.00  sec   157 KBytes  1.29 Mbits/sec                  
[  5]  23.00-24.00  sec   215 KBytes  1.76 Mbits/sec                  
[  5]  24.00-25.00  sec  17.0 KBytes   139 Kbits/sec                  
[  5]  25.00-26.00  sec   287 KBytes  2.35 Mbits/sec                  
[  5]  26.00-27.00  sec   318 KBytes  2.61 Mbits/sec                  
[  5]  27.00-28.00  sec   120 KBytes   985 Kbits/sec                  
[  5]  28.00-29.00  sec   113 KBytes   925 Kbits/sec                  
[  5]  29.00-30.00  sec  53.7 KBytes   441 Kbits/sec                  
[  5]  30.00-31.00  sec   403 KBytes  3.30 Mbits/sec                  
[  5]  31.00-32.00  sec   191 KBytes  1.56 Mbits/sec                  
[  5]  32.00-33.00  sec   208 KBytes  1.71 Mbits/sec                  
[  5]  33.00-34.00  sec   214 KBytes  1.75 Mbits/sec                  
[  5]  34.00-35.00  sec   209 KBytes  1.71 Mbits/sec                  
[  5]  35.00-36.00  sec   222 KBytes  1.82 Mbits/sec                  
[  5]  36.00-37.00  sec   222 KBytes  1.82 Mbits/sec                  
[  5]  37.00-38.00  sec   221 KBytes  1.81 Mbits/sec                  
[  5]  38.00-39.00  sec   212 KBytes  1.74 Mbits/sec                  
[  5]  39.00-40.00  sec   106 KBytes   869 Kbits/sec                  
[  5]  40.00-41.00  sec   202 KBytes  1.65 Mbits/sec                  
[  5]  41.00-42.00  sec  66.5 KBytes   546 Kbits/sec                  
[  5]  42.00-43.00  sec   454 KBytes  3.72 Mbits/sec                  
[  5]  43.00-44.00  sec   230 KBytes  1.89 Mbits/sec                  
[  5]  44.00-45.00  sec   259 KBytes  2.12 Mbits/sec                  
[  5]  45.00-46.00  sec   255 KBytes  2.09 Mbits/sec                  
[  5]  46.00-47.00  sec  32.5 KBytes   266 Kbits/sec                  
[  5]  47.00-48.00  sec   127 KBytes  1.04 Mbits/sec                  
[  5]  48.00-49.00  sec   488 KBytes  4.00 Mbits/sec                  
[  5]  49.00-50.00  sec   246 KBytes  2.02 Mbits/sec                  
[  5]  50.00-51.00  sec   194 KBytes  1.59 Mbits/sec                  
[  5]  51.00-52.00  sec   310 KBytes  2.54 Mbits/sec                  
[  5]  52.00-53.00  sec   283 KBytes  2.31 Mbits/sec                  
[  5]  53.00-54.00  sec   345 KBytes  2.83 Mbits/sec                  
[  5]  54.00-55.00  sec   291 KBytes  2.39 Mbits/sec                  
[  5]  55.00-56.01  sec   272 KBytes  2.21 Mbits/sec                  
[  5]  56.01-56.12  sec  2.83 KBytes   214 Kbits/sec                  
- - - - - - - - - - - - - - - - - - - - - - - - -
[ ID] Interval           Transfer     Bandwidth
[  5]   0.00-56.12  sec  0.00 Bytes  0.00 bits/sec                  sender
[  5]   0.00-56.12  sec  8.61 MBytes  1.29 Mbits/sec                  receiver
