-----------------------------------------------------------
Server listening on 5204
-----------------------------------------------------------
Accepted connection from 10.0.0.1, port 34886
[  5] local 10.0.0.2 port 5204 connected to 10.0.0.1 port 46116
[ ID] Interval           Transfer     Bandwidth
[  5]   0.00-1.00   sec  42.4 KBytes   347 Kbits/sec                  
[  5]   1.00-2.01   sec   134 KBytes  1.09 Mbits/sec                  
[  5]   2.01-3.01   sec   102 KBytes   833 Kbits/sec                  
[  5]   3.01-4.00   sec   110 KBytes   911 Kbits/sec                  
[  5]   4.00-5.00   sec   117 KBytes   962 Kbits/sec                  
[  5]   5.00-6.00   sec  93.3 KBytes   763 Kbits/sec                  
[  5]   6.00-7.00   sec   103 KBytes   847 Kbits/sec                  
[  5]   7.00-8.00   sec   137 KBytes  1.12 Mbits/sec                  
[  5]   8.00-9.00   sec  5.66 KBytes  46.3 Kbits/sec                  
[  5]   9.00-10.00  sec   147 KBytes  1.20 Mbits/sec                  
[  5]  10.00-11.00  sec   177 KBytes  1.45 Mbits/sec                  
[  5]  11.00-12.00  sec   151 KBytes  1.24 Mbits/sec                  
[  5]  12.00-13.00  sec  82.0 KBytes   672 Kbits/sec                  
[  5]  13.00-14.00  sec   164 KBytes  1.34 Mbits/sec                  
[  5]  14.00-15.00  sec  86.3 KBytes   707 Kbits/sec                  
[  5]  15.00-16.00  sec  80.6 KBytes   660 Kbits/sec                  
[  5]  16.00-17.00  sec   270 KBytes  2.21 Mbits/sec                  
[  5]  17.00-18.00  sec   110 KBytes   905 Kbits/sec                  
[  5]  18.00-19.00  sec  96.2 KBytes   787 Kbits/sec                  
[  5]  19.00-20.00  sec   158 KBytes  1.30 Mbits/sec                  
[  5]  20.00-21.00  sec   161 KBytes  1.32 Mbits/sec                  
[  5]  21.00-22.00  sec   116 KBytes   950 Kbits/sec                  
[  5]  22.00-23.00  sec   174 KBytes  1.42 Mbits/sec                  
[  5]  23.00-24.00  sec   147 KBytes  1.20 Mbits/sec                  
[  5]  24.00-25.00  sec   133 KBytes  1.09 Mbits/sec                  
[  5]  25.00-26.00  sec   127 KBytes  1.04 Mbits/sec                  
[  5]  26.00-27.00  sec   100 KBytes   822 Kbits/sec                  
[  5]  27.00-28.00  sec  0.00 Bytes  0.00 bits/sec                  
[  5]  28.00-29.00  sec   110 KBytes   904 Kbits/sec                  
[  5]  29.00-30.00  sec   253 KBytes  2.07 Mbits/sec                  
[  5]  30.00-31.00  sec   139 KBytes  1.13 Mbits/sec                  
[  5]  31.00-32.00  sec  24.0 KBytes   197 Kbits/sec                  
[  5]  32.00-33.00  sec   102 KBytes   835 Kbits/sec                  
[  5]  33.00-34.00  sec   219 KBytes  1.80 Mbits/sec                  
[  5]  34.00-35.00  sec   123 KBytes  1.01 Mbits/sec                  
[  5]  35.00-36.00  sec   105 KBytes   859 Kbits/sec                  
[  5]  36.00-37.00  sec  77.8 KBytes   634 Kbits/sec                  
[  5]  37.00-38.00  sec   140 KBytes  1.15 Mbits/sec                  
[  5]  38.00-39.00  sec   143 KBytes  1.17 Mbits/sec                  
[  5]  39.00-40.00  sec   146 KBytes  1.19 Mbits/sec                  
[  5]  40.00-41.00  sec   150 KBytes  1.23 Mbits/sec                  
[  5]  41.00-42.00  sec   160 KBytes  1.31 Mbits/sec                  
[  5]  42.00-43.00  sec   164 KBytes  1.35 Mbits/sec                  
[  5]  43.00-44.00  sec  60.8 KBytes   498 Kbits/sec                  
[  5]  44.00-45.00  sec  97.6 KBytes   799 Kbits/sec                  
[  5]  45.00-46.00  sec   338 KBytes  2.77 Mbits/sec                  
[  5]  46.00-47.00  sec   171 KBytes  1.40 Mbits/sec                  
[  5]  47.00-48.00  sec   143 KBytes  1.17 Mbits/sec                  
[  5]  48.00-49.00  sec   208 KBytes  1.70 Mbits/sec                  
[  5]  49.00-50.00  sec  9.90 KBytes  81.0 Kbits/sec                  
[  5]  50.00-51.00  sec   187 KBytes  1.53 Mbits/sec                  
[  5]  51.00-52.00  sec   331 KBytes  2.71 Mbits/sec                  
[  5]  52.00-53.00  sec   187 KBytes  1.53 Mbits/sec                  
[  5]  53.00-54.00  sec   180 KBytes  1.47 Mbits/sec                  
[  5]  54.00-55.00  sec   206 KBytes  1.69 Mbits/sec                  
[  5]  55.00-56.00  sec   206 KBytes  1.69 Mbits/sec                  
[  5]  56.00-57.00  sec   236 KBytes  1.93 Mbits/sec                  
[  5]  57.00-58.00  sec   300 KBytes  2.46 Mbits/sec                  
[  5]  58.00-59.00  sec   185 KBytes  1.52 Mbits/sec                  
[  5]  59.00-60.00  sec   277 KBytes  2.27 Mbits/sec                  
[  5]  60.00-61.00  sec   652 KBytes  5.34 Mbits/sec                  
[  5]  61.00-61.21  sec  25.5 KBytes   986 Kbits/sec                  
- - - - - - - - - - - - - - - - - - - - - - - - -
[ ID] Interval           Transfer     Bandwidth
[  5]   0.00-61.21  sec  0.00 Bytes  0.00 bits/sec                  sender
[  5]   0.00-61.21  sec  9.16 MBytes  1.26 Mbits/sec                  receiver
