Connecting to host 10.0.0.2, port 5202
[  4] local 10.0.0.1 port 46112 connected to 10.0.0.2 port 5202
[ ID] Interval           Transfer     Bandwidth       Retr  Cwnd
[  4]   0.00-1.00   sec   556 KBytes  4.55 Mbits/sec    0   52.3 KBytes       
[  4]   1.00-2.00   sec   382 KBytes  3.13 Mbits/sec    0   66.5 KBytes       
[  4]   2.00-3.00   sec   445 KBytes  3.65 Mbits/sec    0   83.4 KBytes       
[  4]   3.00-4.01   sec   318 KBytes  2.59 Mbits/sec    0   99.0 KBytes       
[  4]   4.01-5.00   sec   382 KBytes  3.14 Mbits/sec    0    112 KBytes       
[  4]   5.00-6.00   sec   318 KBytes  2.60 Mbits/sec    0    130 KBytes       
[  4]   6.00-7.00   sec   509 KBytes  4.18 Mbits/sec    0    174 KBytes       
[  4]   7.00-8.00   sec   764 KBytes  6.25 Mbits/sec    0    253 KBytes       
[  4]   8.00-9.00   sec   700 KBytes  5.73 Mbits/sec    0    328 KBytes       
[  4]   9.00-10.00  sec  1018 KBytes  8.32 Mbits/sec    0    437 KBytes       
[  4]  10.00-11.03  sec  1.06 MBytes  8.67 Mbits/sec    0    563 KBytes       
[  4]  11.03-12.00  sec  2.11 MBytes  18.2 Mbits/sec    0    817 KBytes       
[  4]  12.00-13.00  sec  2.30 MBytes  19.3 Mbits/sec    0   1.02 MBytes       
[  4]  13.00-13.00  sec  0.00 Bytes  0.00 bits/sec    0   1.02 MBytes       
- - - - - - - - - - - - - - - - - - - - - - - - -
[ ID] Interval           Transfer     Bandwidth       Retr
[  4]   0.00-13.00  sec  10.7 MBytes  6.93 Mbits/sec    0             sender
[  4]   0.00-13.00  sec  6.12 MBytes  3.95 Mbits/sec                  receiver

iperf Done.
