Connecting to host 10.0.0.2, port 5202
[  4] local 10.0.0.1 port 46112 connected to 10.0.0.2 port 5202
[ ID] Interval           Transfer     Bandwidth       Retr  Cwnd
[  4]   0.00-1.00   sec   693 KBytes  5.67 Mbits/sec    0   56.6 KBytes       
[  4]   1.00-2.00   sec   445 KBytes  3.65 Mbits/sec    0   74.9 KBytes       
[  4]   2.00-3.00   sec   445 KBytes  3.65 Mbits/sec    0   91.9 KBytes       
[  4]   3.00-4.00   sec   382 KBytes  3.13 Mbits/sec    0    107 KBytes       
[  4]   4.00-5.00   sec   509 KBytes  4.16 Mbits/sec    0    127 KBytes       
[  4]   5.00-6.00   sec   318 KBytes  2.61 Mbits/sec    0    140 KBytes       
[  4]   6.00-7.00   sec   636 KBytes  5.21 Mbits/sec    0    192 KBytes       
[  4]   7.00-8.00   sec   827 KBytes  6.78 Mbits/sec    0    270 KBytes       
[  4]   8.00-9.00   sec  1.06 MBytes  8.86 Mbits/sec    0    368 KBytes       
[  4]   9.00-10.00  sec   954 KBytes  7.82 Mbits/sec    0    461 KBytes       
[  4]  10.00-11.00  sec  1018 KBytes  8.32 Mbits/sec    0    573 KBytes       
[  4]  11.00-12.00  sec  1.25 MBytes  10.5 Mbits/sec    0    730 KBytes       
[  4]  12.00-13.00  sec  1.25 MBytes  10.5 Mbits/sec    0    952 KBytes       
[  4]  13.00-13.83  sec  1.25 MBytes  12.6 Mbits/sec    0   1.12 MBytes       
- - - - - - - - - - - - - - - - - - - - - - - - -
[ ID] Interval           Transfer     Bandwidth       Retr
[  4]   0.00-13.83  sec  10.9 MBytes  6.60 Mbits/sec    0             sender
[  4]   0.00-13.83  sec  6.18 MBytes  3.75 Mbits/sec                  receiver

iperf Done.
