-----------------------------------------------------------
Server listening on 5202
-----------------------------------------------------------
Accepted connection from 10.0.0.1, port 59768
[  5] local 10.0.0.2 port 5202 connected to 10.0.0.1 port 46112
[ ID] Interval           Transfer     Bandwidth
[  5]   0.00-1.00   sec   177 KBytes  1.45 Mbits/sec                  
[  5]   1.00-2.00   sec   201 KBytes  1.65 Mbits/sec                  
[  5]   2.00-3.00   sec   182 KBytes  1.49 Mbits/sec                  
[  5]   3.00-4.00   sec   148 KBytes  1.22 Mbits/sec                  
[  5]   4.00-5.00   sec   154 KBytes  1.26 Mbits/sec                  
[  5]   5.00-6.01   sec   199 KBytes  1.62 Mbits/sec                  
[  5]   6.01-7.01   sec   263 KBytes  2.14 Mbits/sec                  
[  5]   7.01-8.00   sec   221 KBytes  1.82 Mbits/sec                  
[  5]   8.00-9.02   sec   236 KBytes  1.89 Mbits/sec                  
[  5]   9.02-10.04  sec   328 KBytes  2.64 Mbits/sec                  
[  5]  10.04-11.00  sec   344 KBytes  2.94 Mbits/sec                  
[  5]  11.00-12.00  sec   346 KBytes  2.84 Mbits/sec                  
[  5]  12.00-13.03  sec   284 KBytes  2.26 Mbits/sec                  
[  5]  13.03-14.01  sec   457 KBytes  3.82 Mbits/sec                  
[  5]  14.01-15.01  sec   219 KBytes  1.79 Mbits/sec                  
[  5]  15.01-16.00  sec   359 KBytes  2.97 Mbits/sec                  
[  5]  16.00-17.00  sec  0.00 Bytes  0.00 bits/sec                  
[  5]  17.00-18.00  sec  8.48 KBytes  69.5 Kbits/sec                  
[  5]  18.00-19.00  sec  0.00 Bytes  0.00 bits/sec                  
[  5]  19.00-20.00  sec  72.1 KBytes   592 Kbits/sec                  
[  5]  20.00-21.00  sec  0.00 Bytes  0.00 bits/sec                  
[  5]  21.00-22.00  sec  2.26 MBytes  18.9 Mbits/sec                  
[  5]  22.00-23.00  sec   427 KBytes  3.50 Mbits/sec                  
[  5]  23.00-24.00  sec   171 KBytes  1.40 Mbits/sec                  
[  5]  24.00-25.00  sec   530 KBytes  4.34 Mbits/sec                  
[  5]  25.00-26.00  sec  83.4 KBytes   685 Kbits/sec                  
[  5]  26.00-27.07  sec   663 KBytes  5.08 Mbits/sec                  
[  5]  27.07-28.01  sec  0.00 Bytes  0.00 bits/sec                  
[  5]  28.01-29.02  sec   298 KBytes  2.43 Mbits/sec                  
[  5]  29.02-30.07  sec   402 KBytes  3.13 Mbits/sec                  
[  5]  30.07-31.00  sec   420 KBytes  3.69 Mbits/sec                  
[  5]  31.00-32.00  sec   297 KBytes  2.43 Mbits/sec                  
[  5]  32.00-33.00  sec   655 KBytes  5.35 Mbits/sec                  
[  5]  33.00-34.00  sec   294 KBytes  2.42 Mbits/sec                  
[  5]  34.00-35.00  sec   529 KBytes  4.33 Mbits/sec                  
[  5]  35.00-36.00  sec   690 KBytes  5.65 Mbits/sec                  
[  5]  36.00-37.00  sec   250 KBytes  2.05 Mbits/sec                  
[  5]  37.00-38.00  sec   740 KBytes  6.06 Mbits/sec                  
[  5]  38.00-39.00  sec   438 KBytes  3.59 Mbits/sec                  
[  5]  39.00-40.00  sec   588 KBytes  4.82 Mbits/sec                  
[  5]  40.00-41.00  sec   426 KBytes  3.49 Mbits/sec                  
[  5]  41.00-42.02  sec   296 KBytes  2.38 Mbits/sec                  
[  5]  42.02-43.00  sec  0.00 Bytes  0.00 bits/sec                  
[  5]  43.00-44.00  sec  0.00 Bytes  0.00 bits/sec                  
[  5]  44.00-45.00  sec  0.00 Bytes  0.00 bits/sec                  
[  5]  45.00-46.00  sec   390 KBytes  3.20 Mbits/sec                  
[  5]  46.00-47.00  sec  1.16 MBytes  9.74 Mbits/sec                  
[  5]  47.00-48.00  sec  0.00 Bytes  0.00 bits/sec                  
[  5]  48.00-49.00  sec  3.34 MBytes  28.0 Mbits/sec                  
[  5]  49.00-50.00  sec   954 KBytes  7.83 Mbits/sec                  
[  5]  50.00-51.00  sec   126 KBytes  1.03 Mbits/sec                  
[  5]  51.00-52.00  sec   800 KBytes  6.56 Mbits/sec                  
[  5]  52.00-53.00  sec  69.3 KBytes   568 Kbits/sec                  
[  5]  53.00-54.00  sec   789 KBytes  6.46 Mbits/sec                  
[  5]  54.00-55.00  sec   147 KBytes  1.21 Mbits/sec                  
[  5]  55.00-56.00  sec   735 KBytes  6.02 Mbits/sec                  
[  5]  56.00-57.00  sec   198 KBytes  1.62 Mbits/sec                  
[  5]  57.00-58.00  sec   694 KBytes  5.69 Mbits/sec                  
[  5]  58.00-59.00  sec  77.8 KBytes   637 Kbits/sec                  
[  5]  59.00-60.00  sec   824 KBytes  6.75 Mbits/sec                  
[  5]  60.00-61.00  sec  52.3 KBytes   429 Kbits/sec                  
[  5]  61.00-62.00  sec   751 KBytes  6.15 Mbits/sec                  
[  5]  62.00-63.00  sec  0.00 Bytes  0.00 bits/sec                  
[  5]  63.00-64.00  sec  83.4 KBytes   684 Kbits/sec                  
[  5]  64.00-65.00  sec  1.50 MBytes  12.5 Mbits/sec                  
[  5]  65.00-66.00  sec  50.9 KBytes   418 Kbits/sec                  
[  5]  66.00-67.00  sec  1.08 MBytes  9.02 Mbits/sec                  
[  5]  67.00-68.00  sec   953 KBytes  7.81 Mbits/sec                  
[  5]  68.00-69.00  sec   481 KBytes  3.94 Mbits/sec                  
[  5]  69.00-70.00  sec   523 KBytes  4.29 Mbits/sec                  
[  5]  70.00-71.00  sec   400 KBytes  3.28 Mbits/sec                  
[  5]  71.00-72.00  sec   529 KBytes  4.33 Mbits/sec                  
[  5]  72.00-73.00  sec   395 KBytes  3.23 Mbits/sec                  
[  5]  73.00-74.00  sec  0.00 Bytes  0.00 bits/sec                  
[  5]  74.00-75.00  sec   898 KBytes  7.36 Mbits/sec                  
[  5]  75.00-76.00  sec   105 KBytes   857 Kbits/sec                  
[  5]  76.00-77.00  sec   993 KBytes  8.13 Mbits/sec                  
[  5]  77.00-78.00  sec   383 KBytes  3.14 Mbits/sec                  
[  5]  78.00-79.00  sec   885 KBytes  7.25 Mbits/sec                  
[  5]  79.00-80.00  sec   653 KBytes  5.35 Mbits/sec                  
[  5]  80.00-81.00  sec   451 KBytes  3.69 Mbits/sec                  
[  5]  81.00-82.00  sec  1.14 MBytes  9.56 Mbits/sec                  
[  5]  82.00-83.01  sec   994 KBytes  8.05 Mbits/sec                  
[  5]  83.01-84.00  sec   976 KBytes  8.09 Mbits/sec                  
[  5]  84.00-85.00  sec  1.13 MBytes  9.50 Mbits/sec                  
[  5]  85.00-86.00  sec  1.14 MBytes  9.56 Mbits/sec                  
[  5]  86.00-87.00  sec  1.03 MBytes  8.68 Mbits/sec                  
[  5]  87.00-87.87  sec  1005 KBytes  9.45 Mbits/sec                  
- - - - - - - - - - - - - - - - - - - - - - - - -
[ ID] Interval           Transfer     Bandwidth
[  5]   0.00-87.87  sec  0.00 Bytes  0.00 bits/sec                  sender
[  5]   0.00-87.87  sec  42.8 MBytes  4.09 Mbits/sec                  receiver
