Connecting to host 10.0.0.2, port 5203
[  4] local 10.0.0.1 port 46114 connected to 10.0.0.2 port 5203
[ ID] Interval           Transfer     Bandwidth       Retr  Cwnd
[  4]   0.00-1.02   sec  2.47 MBytes  20.3 Mbits/sec    0   19.8 KBytes       
[  4]   1.02-2.00   sec   191 KBytes  1.59 Mbits/sec    0   26.9 KBytes       
[  4]   2.00-3.00   sec   127 KBytes  1.04 Mbits/sec    0   33.9 KBytes       
[  4]   3.00-4.00   sec   127 KBytes  1.04 Mbits/sec    0   43.8 KBytes       
[  4]   4.00-5.00   sec   191 KBytes  1.56 Mbits/sec    0   70.7 KBytes       
[  4]   5.00-6.00   sec   127 KBytes  1.04 Mbits/sec    0    107 KBytes       
[  4]   6.00-7.01   sec   191 KBytes  1.55 Mbits/sec    0    170 KBytes       
[  4]   7.01-8.00   sec   191 KBytes  1.57 Mbits/sec    0    242 KBytes       
[  4]   8.00-9.00   sec   127 KBytes  1.04 Mbits/sec    0    303 KBytes       
[  4]   9.00-10.00  sec   127 KBytes  1.04 Mbits/sec    0    362 KBytes       
[  4]  10.00-11.00  sec  0.00 Bytes  0.00 bits/sec    0    362 KBytes       
[  4]  11.00-12.00  sec  0.00 Bytes  0.00 bits/sec   79    253 KBytes       
[  4]  12.00-13.00  sec   764 KBytes  6.25 Mbits/sec    0    274 KBytes       
[  4]  13.00-14.00  sec   255 KBytes  2.08 Mbits/sec    0    313 KBytes       
[  4]  14.00-15.00  sec   318 KBytes  2.61 Mbits/sec    0    337 KBytes       
[  4]  15.00-16.00  sec   318 KBytes  2.60 Mbits/sec    0    351 KBytes       
[  4]  16.00-17.00  sec   127 KBytes  1.04 Mbits/sec    0    355 KBytes       
[  4]  17.00-18.00  sec   191 KBytes  1.56 Mbits/sec    0    358 KBytes       
[  4]  18.00-19.00  sec  0.00 Bytes  0.00 bits/sec    9    250 KBytes       
[  4]  19.00-20.00  sec   573 KBytes  4.70 Mbits/sec    0    260 KBytes       
[  4]  20.00-21.00  sec   318 KBytes  2.60 Mbits/sec    0    281 KBytes       
[  4]  21.00-22.00  sec   318 KBytes  2.61 Mbits/sec    0    296 KBytes       
[  4]  22.00-23.00  sec   191 KBytes  1.56 Mbits/sec    0    300 KBytes       
[  4]  23.00-24.00  sec  63.6 KBytes   521 Kbits/sec    0    301 KBytes       
[  4]  24.00-25.00  sec   318 KBytes  2.61 Mbits/sec    0    303 KBytes       
[  4]  25.00-26.00  sec   318 KBytes  2.61 Mbits/sec    0    308 KBytes       
[  4]  26.00-27.00  sec   255 KBytes  2.08 Mbits/sec    0    321 KBytes       
[  4]  27.00-28.00  sec  0.00 Bytes  0.00 bits/sec    0    322 KBytes       
[  4]  28.00-29.00  sec   255 KBytes  2.09 Mbits/sec    3    324 KBytes       
[  4]  29.00-30.00  sec  0.00 Bytes  0.00 bits/sec   18    243 KBytes       
[  4]  30.00-31.00  sec  0.00 Bytes  0.00 bits/sec    0    243 KBytes       
[  4]  31.00-32.00  sec   127 KBytes  1.04 Mbits/sec    1   1.41 KBytes       
[  4]  32.00-33.00  sec   891 KBytes  7.30 Mbits/sec    0    274 KBytes       
[  4]  33.00-34.00  sec   127 KBytes  1.04 Mbits/sec   17    274 KBytes       
[  4]  34.00-35.00  sec  0.00 Bytes  0.00 bits/sec    0    276 KBytes       
[  4]  35.00-36.00  sec   318 KBytes  2.61 Mbits/sec    0    280 KBytes       
[  4]  36.00-37.00  sec   255 KBytes  2.08 Mbits/sec    0    294 KBytes       
[  4]  37.00-38.00  sec   255 KBytes  2.08 Mbits/sec    0    322 KBytes       
[  4]  38.00-39.00  sec   255 KBytes  2.08 Mbits/sec    0    370 KBytes       
[  4]  39.00-40.00  sec  63.6 KBytes   521 Kbits/sec    0    376 KBytes       
[  4]  40.00-41.00  sec   573 KBytes  4.69 Mbits/sec    0    468 KBytes       
[  4]  41.00-42.00  sec  1.12 MBytes  9.38 Mbits/sec    0    600 KBytes       
[  4]  42.00-43.00  sec   191 KBytes  1.56 Mbits/sec    0    621 KBytes       
[  4]  43.00-44.00  sec  1.93 MBytes  16.2 Mbits/sec    0    867 KBytes       
[  4]  44.00-45.00  sec  0.00 Bytes  0.00 bits/sec    0    871 KBytes       
[  4]  45.00-46.00  sec  1.25 MBytes  10.5 Mbits/sec    0   1.06 MBytes       
[  4]  46.00-47.00  sec  1.25 MBytes  10.5 Mbits/sec    0   1.26 MBytes       
[  4]  47.00-48.00  sec   622 KBytes  5.10 Mbits/sec    0   1.26 MBytes       
[  4]  48.00-49.00  sec  0.00 Bytes  0.00 bits/sec  266    905 KBytes       
[  4]  49.00-50.00  sec  0.00 Bytes  0.00 bits/sec   10    905 KBytes       
[  4]  50.00-51.00  sec  0.00 Bytes  0.00 bits/sec   67    901 KBytes       
[  4]  51.00-52.00  sec  0.00 Bytes  0.00 bits/sec   72    905 KBytes       
[  4]  52.00-53.00  sec  0.00 Bytes  0.00 bits/sec   26   1.41 KBytes       
[  4]  53.00-54.00  sec   255 KBytes  2.09 Mbits/sec    0   1.41 KBytes       
[  4]  54.00-55.00  sec   764 KBytes  6.26 Mbits/sec  136    648 KBytes       
[  4]  55.00-56.00  sec  1.25 MBytes  10.5 Mbits/sec    0   1007 KBytes       
[  4]  56.00-57.00  sec   820 KBytes  6.72 Mbits/sec    0   1007 KBytes       
[  4]  57.00-58.00  sec   891 KBytes  7.30 Mbits/sec    0   1.03 MBytes       
[  4]  58.00-59.00  sec   127 KBytes  1.04 Mbits/sec    0   1.03 MBytes       
[  4]  59.00-60.00  sec  0.00 Bytes  0.00 bits/sec   27    918 KBytes       
[  4]  60.00-61.00  sec  0.00 Bytes  0.00 bits/sec   30    740 KBytes       
[  4]  61.00-62.00  sec  0.00 Bytes  0.00 bits/sec    9    740 KBytes       
[  4]  62.00-63.00  sec  0.00 Bytes  0.00 bits/sec    2    740 KBytes       
[  4]  63.00-64.00  sec  0.00 Bytes  0.00 bits/sec    4    740 KBytes       
[  4]  64.00-65.00  sec  0.00 Bytes  0.00 bits/sec    7    740 KBytes       
[  4]  65.00-66.00  sec  0.00 Bytes  0.00 bits/sec    0    740 KBytes       
[  4]  66.00-67.00  sec   127 KBytes  1.04 Mbits/sec    1   1.41 KBytes       
[  4]  67.00-68.00  sec  2.50 MBytes  21.0 Mbits/sec    7    860 KBytes       
[  4]  68.00-69.00  sec  1.25 MBytes  10.5 Mbits/sec    0    899 KBytes       
[  4]  69.00-70.00  sec   805 KBytes  6.60 Mbits/sec    0    938 KBytes       
[  4]  70.00-71.00  sec   127 KBytes  1.04 Mbits/sec    0    946 KBytes       
[  4]  71.00-72.00  sec   764 KBytes  6.26 Mbits/sec    0    984 KBytes       
[  4]  72.00-73.00  sec  0.00 Bytes  0.00 bits/sec    0    984 KBytes       
[  4]  73.00-74.00  sec  0.00 Bytes  0.00 bits/sec   17    799 KBytes       
[  4]  74.00-75.00  sec  0.00 Bytes  0.00 bits/sec   14    701 KBytes       
[  4]  75.00-76.00  sec   191 KBytes  1.56 Mbits/sec    0    690 KBytes       
[  4]  76.00-77.00  sec  0.00 Bytes  0.00 bits/sec    4    690 KBytes       
[  4]  77.00-78.00  sec  0.00 Bytes  0.00 bits/sec    0    690 KBytes       
[  4]  78.00-79.00  sec  0.00 Bytes  0.00 bits/sec    1    690 KBytes       
[  4]  79.00-80.00  sec   127 KBytes  1.04 Mbits/sec    7   1.41 KBytes       
[  4]  80.00-81.00  sec   191 KBytes  1.56 Mbits/sec    0   1.41 KBytes       
[  4]  81.00-82.00  sec   191 KBytes  1.56 Mbits/sec    2   91.9 KBytes       
[  4]  82.00-83.00  sec  2.50 MBytes  21.0 Mbits/sec    0    819 KBytes       
[  4]  83.00-84.00  sec  1.17 MBytes  9.79 Mbits/sec    0    860 KBytes       
[  4]  84.00-85.00  sec  0.00 Bytes  0.00 bits/sec    0    860 KBytes       
[  4]  85.00-86.00  sec   827 KBytes  6.77 Mbits/sec    0    904 KBytes       
[  4]  86.00-87.00  sec  0.00 Bytes  0.00 bits/sec    0    904 KBytes       
[  4]  87.00-88.00  sec   827 KBytes  6.78 Mbits/sec    0    947 KBytes       
[  4]  88.00-89.00  sec  63.6 KBytes   522 Kbits/sec    0    949 KBytes       
[  4]  89.00-90.00  sec   636 KBytes  5.21 Mbits/sec    0    990 KBytes       
[  4]  90.00-91.00  sec   255 KBytes  2.08 Mbits/sec    0   1018 KBytes       
[  4]  91.00-92.00  sec  0.00 Bytes  0.00 bits/sec    2   1010 KBytes       
[  4]  92.00-93.00  sec  0.00 Bytes  0.00 bits/sec   46    714 KBytes       
[  4]  93.00-94.00  sec  0.00 Bytes  0.00 bits/sec    0    714 KBytes       
[  4]  94.00-95.00  sec   127 KBytes  1.04 Mbits/sec   29    714 KBytes       
[  4]  95.00-96.00  sec  0.00 Bytes  0.00 bits/sec    1    714 KBytes       
[  4]  96.00-97.00  sec  0.00 Bytes  0.00 bits/sec    8    714 KBytes       
[  4]  97.00-98.00  sec  63.6 KBytes   521 Kbits/sec  125   1.41 KBytes       
[  4]  98.00-99.00  sec   191 KBytes  1.56 Mbits/sec    0   1.41 KBytes       
[  4]  99.00-100.00 sec  2.50 MBytes  21.0 Mbits/sec  139    826 KBytes       
[  4] 100.00-101.00 sec   558 KBytes  4.57 Mbits/sec    0    834 KBytes       
[  4] 101.00-102.00 sec  0.00 Bytes  0.00 bits/sec  172    501 KBytes       
[  4] 102.00-103.00 sec  0.00 Bytes  0.00 bits/sec  135    584 KBytes       
[  4] 103.00-104.00 sec  0.00 Bytes  0.00 bits/sec    6    581 KBytes       
[  4] 104.00-105.00 sec  0.00 Bytes  0.00 bits/sec   12   1.41 KBytes       
[  4] 105.00-106.00 sec   318 KBytes  2.61 Mbits/sec    0   1.41 KBytes       
[  4] 106.00-107.00 sec  63.6 KBytes   521 Kbits/sec   28   33.9 KBytes       
[  4] 107.00-108.00 sec   318 KBytes  2.60 Mbits/sec   79    277 KBytes       
[  4] 108.00-109.00 sec  1.25 MBytes  10.5 Mbits/sec    0    638 KBytes       
[  4] 109.00-110.00 sec  56.3 KBytes   461 Kbits/sec   34    454 KBytes       
[  4] 110.00-111.00 sec  0.00 Bytes  0.00 bits/sec  232    447 KBytes       
[  4] 111.00-112.00 sec   445 KBytes  3.65 Mbits/sec    0    447 KBytes       
[  4] 112.00-113.00 sec   318 KBytes  2.60 Mbits/sec    0    447 KBytes       
[  4] 113.00-114.00 sec   127 KBytes  1.04 Mbits/sec   10    318 KBytes       
[  4] 114.00-115.00 sec   509 KBytes  4.17 Mbits/sec    1    313 KBytes       
[  4] 115.00-116.00 sec   700 KBytes  5.73 Mbits/sec    0    334 KBytes       
[  4] 116.00-117.00 sec   318 KBytes  2.61 Mbits/sec    0    355 KBytes       
[  4] 117.00-118.00 sec   191 KBytes  1.56 Mbits/sec    0    363 KBytes       
[  4] 118.00-119.00 sec   191 KBytes  1.56 Mbits/sec    0    370 KBytes       
[  4] 119.00-120.00 sec   382 KBytes  3.13 Mbits/sec    0    376 KBytes       
[  4] 120.00-121.00 sec   382 KBytes  3.12 Mbits/sec    0    379 KBytes       
[  4] 121.00-122.00 sec  63.6 KBytes   521 Kbits/sec    0    382 KBytes       
[  4] 122.00-123.00 sec  0.00 Bytes  0.00 bits/sec    4    334 KBytes       
[  4] 123.00-124.00 sec   127 KBytes  1.04 Mbits/sec    3    267 KBytes       
[  4] 124.00-125.00 sec   827 KBytes  6.78 Mbits/sec    0    303 KBytes       
[  4] 125.00-126.00 sec   255 KBytes  2.09 Mbits/sec    0    337 KBytes       
[  4] 126.00-127.00 sec   318 KBytes  2.60 Mbits/sec    0    361 KBytes       
[  4] 127.00-128.00 sec  0.00 Bytes  0.00 bits/sec    1    361 KBytes       
[  4] 128.00-129.00 sec  0.00 Bytes  0.00 bits/sec   10    283 KBytes       
[  4] 129.00-130.00 sec   255 KBytes  2.08 Mbits/sec    2    253 KBytes       
[  4] 130.00-131.00 sec   700 KBytes  5.74 Mbits/sec    0    273 KBytes       
[  4] 131.00-132.00 sec   255 KBytes  2.08 Mbits/sec    0    290 KBytes       
[  4] 132.00-133.00 sec   255 KBytes  2.08 Mbits/sec    0    301 KBytes       
[  4] 133.00-134.00 sec   318 KBytes  2.61 Mbits/sec    0    304 KBytes       
[  4] 134.00-135.00 sec   127 KBytes  1.04 Mbits/sec    0    305 KBytes       
[  4] 135.00-136.00 sec   191 KBytes  1.56 Mbits/sec    0    307 KBytes       
[  4] 136.00-137.00 sec   318 KBytes  2.61 Mbits/sec    0    314 KBytes       
[  4] 137.00-138.00 sec   255 KBytes  2.08 Mbits/sec    0    331 KBytes       
[  4] 138.00-139.00 sec  0.00 Bytes  0.00 bits/sec    6    313 KBytes       
[  4] 139.00-140.00 sec  0.00 Bytes  0.00 bits/sec    5    262 KBytes       
[  4] 140.00-141.00 sec   191 KBytes  1.56 Mbits/sec   10    232 KBytes       
[  4] 141.00-142.00 sec   636 KBytes  5.21 Mbits/sec    0    256 KBytes       
[  4] 142.00-143.00 sec   255 KBytes  2.08 Mbits/sec    0    291 KBytes       
[  4] 143.00-144.00 sec  0.00 Bytes  0.00 bits/sec    0    297 KBytes       
[  4] 144.00-145.00 sec  0.00 Bytes  0.00 bits/sec    5    259 KBytes       
[  4] 145.00-146.00 sec  63.6 KBytes   521 Kbits/sec   19    208 KBytes       
[  4] 146.00-147.00 sec   636 KBytes  5.22 Mbits/sec    0    216 KBytes       
[  4] 147.00-148.00 sec   255 KBytes  2.09 Mbits/sec    0    236 KBytes       
[  4] 148.00-149.00 sec   191 KBytes  1.56 Mbits/sec    0    246 KBytes       
[  4] 149.00-150.00 sec   127 KBytes  1.04 Mbits/sec    0    247 KBytes       
[  4] 150.00-151.00 sec   127 KBytes  1.04 Mbits/sec    0    250 KBytes       
[  4] 151.00-152.00 sec   255 KBytes  2.08 Mbits/sec    0    253 KBytes       
[  4] 152.00-153.00 sec   255 KBytes  2.09 Mbits/sec    0    262 KBytes       
[  4] 153.00-154.00 sec   127 KBytes  1.04 Mbits/sec    0    273 KBytes       
[  4] 154.00-155.00 sec  0.00 Bytes  0.00 bits/sec    2    260 KBytes       
[  4] 155.00-156.00 sec  63.6 KBytes   522 Kbits/sec   10    191 KBytes       
[  4] 156.00-157.00 sec   255 KBytes  2.08 Mbits/sec    2    191 KBytes       
[  4] 157.00-158.00 sec   445 KBytes  3.65 Mbits/sec    0    209 KBytes       
[  4] 158.00-159.00 sec   127 KBytes  1.04 Mbits/sec    0    229 KBytes       
[  4] 159.00-160.00 sec  63.6 KBytes   521 Kbits/sec    0    242 KBytes       
[  4] 160.00-161.00 sec  0.00 Bytes  0.00 bits/sec   11    202 KBytes       
[  4] 161.00-162.00 sec  63.6 KBytes   521 Kbits/sec    7    171 KBytes       
[  4] 162.00-163.00 sec   509 KBytes  4.17 Mbits/sec    0    181 KBytes       
[  4] 163.00-164.00 sec   255 KBytes  2.09 Mbits/sec    0    195 KBytes       
[  4] 164.00-165.00 sec  63.6 KBytes   521 Kbits/sec    0    202 KBytes       
[  4] 165.00-166.00 sec   127 KBytes  1.04 Mbits/sec    0    204 KBytes       
[  4] 166.00-167.00 sec   191 KBytes  1.56 Mbits/sec    0    206 KBytes       
[  4] 167.00-168.00 sec   191 KBytes  1.56 Mbits/sec    0    209 KBytes       
[  4] 168.00-169.00 sec   191 KBytes  1.56 Mbits/sec    0    219 KBytes       
[  4] 169.00-170.00 sec   127 KBytes  1.04 Mbits/sec    0    230 KBytes       
[  4] 170.00-171.00 sec   127 KBytes  1.04 Mbits/sec    0    243 KBytes       
[  4] 171.00-172.00 sec  0.00 Bytes  0.00 bits/sec   10    198 KBytes       
[  4] 172.00-173.00 sec  63.6 KBytes   521 Kbits/sec    2    171 KBytes       
[  4] 173.00-174.01 sec   382 KBytes  3.11 Mbits/sec    0    177 KBytes       
[  4] 174.01-175.00 sec   127 KBytes  1.05 Mbits/sec    0    201 KBytes       
[  4] 175.00-176.00 sec   191 KBytes  1.56 Mbits/sec    0    221 KBytes       
[  4] 176.00-177.00 sec  63.6 KBytes   522 Kbits/sec    3    222 KBytes       
[  4] 177.00-178.00 sec  0.00 Bytes  0.00 bits/sec   11    158 KBytes       
[  4] 178.00-179.00 sec   191 KBytes  1.56 Mbits/sec    4    158 KBytes       
[  4] 179.00-180.00 sec   318 KBytes  2.61 Mbits/sec    0    160 KBytes       
[  4] 180.00-181.00 sec   191 KBytes  1.56 Mbits/sec    0    174 KBytes       
[  4] 181.00-182.00 sec   127 KBytes  1.04 Mbits/sec    0    184 KBytes       
[  4] 182.00-183.00 sec   191 KBytes  1.56 Mbits/sec    0    189 KBytes       
[  4] 183.00-184.00 sec   191 KBytes  1.56 Mbits/sec    0    191 KBytes       
[  4] 184.00-185.00 sec  63.6 KBytes   521 Kbits/sec    0    194 KBytes       
[  4] 185.00-186.00 sec   127 KBytes  1.04 Mbits/sec    0    197 KBytes       
[  4] 186.00-187.00 sec   191 KBytes  1.56 Mbits/sec    0    211 KBytes       
[  4] 187.00-188.00 sec  0.00 Bytes  0.00 bits/sec    4    195 KBytes       
[  4] 188.00-189.00 sec  0.00 Bytes  0.00 bits/sec    6    163 KBytes       
[  4] 189.00-190.00 sec  63.6 KBytes   521 Kbits/sec    6    150 KBytes       
[  4] 190.00-191.00 sec   445 KBytes  3.65 Mbits/sec    0    167 KBytes       
[  4] 191.00-192.00 sec   191 KBytes  1.56 Mbits/sec    0    191 KBytes       
[  4] 192.00-193.00 sec  0.00 Bytes  0.00 bits/sec    0    199 KBytes       
[  4] 193.00-194.00 sec  0.00 Bytes  0.00 bits/sec    3    191 KBytes       
[  4] 194.00-195.00 sec  0.00 Bytes  0.00 bits/sec   12    139 KBytes       
[  4] 195.00-196.00 sec   445 KBytes  3.65 Mbits/sec    0    140 KBytes       
[  4] 196.00-197.00 sec   191 KBytes  1.56 Mbits/sec    0    157 KBytes       
[  4] 197.00-198.00 sec   127 KBytes  1.04 Mbits/sec    0    164 KBytes       
[  4] 198.00-199.00 sec  63.6 KBytes   522 Kbits/sec    0    165 KBytes       
[  4] 199.00-200.00 sec   127 KBytes  1.04 Mbits/sec    0    167 KBytes       
[  4] 200.00-201.00 sec   191 KBytes  1.57 Mbits/sec    0    171 KBytes       
[  4] 201.00-202.00 sec   127 KBytes  1.04 Mbits/sec    0    181 KBytes       
[  4] 202.00-203.00 sec   127 KBytes  1.04 Mbits/sec    0    199 KBytes       
[  4] 203.00-204.00 sec  63.6 KBytes   522 Kbits/sec    0    212 KBytes       
[  4] 204.00-205.00 sec  0.00 Bytes  0.00 bits/sec    3    226 KBytes       
[  4] 205.00-206.00 sec  0.00 Bytes  0.00 bits/sec   22    163 KBytes       
[  4] 206.00-207.01 sec   127 KBytes  1.04 Mbits/sec    0    163 KBytes       
[  4] 207.01-208.00 sec   255 KBytes  2.10 Mbits/sec    3    163 KBytes       
[  4] 208.00-209.00 sec   127 KBytes  1.04 Mbits/sec    0    163 KBytes       
[  4] 209.00-210.00 sec  63.6 KBytes   523 Kbits/sec    3    113 KBytes       
[  4] 210.00-211.00 sec   382 KBytes  3.12 Mbits/sec    0    119 KBytes       
[  4] 211.00-212.00 sec  63.6 KBytes   523 Kbits/sec    0    123 KBytes       
[  4] 212.00-213.00 sec  0.00 Bytes  0.00 bits/sec    4    115 KBytes       
[  4] 213.00-214.00 sec   255 KBytes  2.09 Mbits/sec    0   90.5 KBytes       
[  4] 214.00-215.00 sec  63.6 KBytes   521 Kbits/sec    0    107 KBytes       
[  4] 215.00-216.00 sec   127 KBytes  1.04 Mbits/sec    0    116 KBytes       
[  4] 216.00-217.00 sec   127 KBytes  1.04 Mbits/sec    0    120 KBytes       
[  4] 217.00-218.00 sec  63.6 KBytes   521 Kbits/sec    0    122 KBytes       
[  4] 218.00-219.00 sec   127 KBytes  1.04 Mbits/sec    0    124 KBytes       
[  4] 219.00-220.00 sec   127 KBytes  1.04 Mbits/sec    0    129 KBytes       
[  4] 220.00-221.00 sec   127 KBytes  1.04 Mbits/sec    0    143 KBytes       
[  4] 221.00-222.00 sec  0.00 Bytes  0.00 bits/sec    1    143 KBytes       
[  4] 222.00-223.00 sec  63.6 KBytes   521 Kbits/sec    1    109 KBytes       
[  4] 223.00-224.00 sec   255 KBytes  2.09 Mbits/sec    0    124 KBytes       
[  4] 224.00-225.00 sec   127 KBytes  1.04 Mbits/sec    0    140 KBytes       
[  4] 225.00-226.00 sec  63.6 KBytes   521 Kbits/sec    0    147 KBytes       
[  4] 226.00-227.00 sec   127 KBytes  1.04 Mbits/sec    0    153 KBytes       
[  4] 227.00-228.00 sec  0.00 Bytes  0.00 bits/sec    3    107 KBytes       
[  4] 228.00-229.00 sec   255 KBytes  2.09 Mbits/sec    0    115 KBytes       
[  4] 229.00-230.00 sec   127 KBytes  1.04 Mbits/sec    0    123 KBytes       
[  4] 230.00-231.00 sec   127 KBytes  1.04 Mbits/sec    0    126 KBytes       
[  4] 231.00-232.00 sec   127 KBytes  1.04 Mbits/sec    0    127 KBytes       
[  4] 232.00-233.00 sec  63.6 KBytes   521 Kbits/sec    0    130 KBytes       
[  4] 233.00-234.00 sec   127 KBytes  1.04 Mbits/sec    0    137 KBytes       
[  4] 234.00-235.00 sec  63.6 KBytes   522 Kbits/sec    0    146 KBytes       
[  4] 235.00-236.00 sec   127 KBytes  1.04 Mbits/sec    0    165 KBytes       
[  4] 236.00-237.00 sec  63.6 KBytes   521 Kbits/sec    8    153 KBytes       
[  4] 237.00-238.00 sec   127 KBytes  1.04 Mbits/sec    0    130 KBytes       
[  4] 238.00-239.00 sec   191 KBytes  1.56 Mbits/sec    0    154 KBytes       
[  4] 239.00-240.00 sec   127 KBytes  1.04 Mbits/sec    0    167 KBytes       
[  4] 240.00-241.00 sec  63.6 KBytes   521 Kbits/sec    2    164 KBytes       
[  4] 241.00-242.00 sec  0.00 Bytes  0.00 bits/sec    5    122 KBytes       
[  4] 242.00-243.00 sec   255 KBytes  2.09 Mbits/sec    0    126 KBytes       
[  4] 243.00-244.00 sec   191 KBytes  1.56 Mbits/sec    0    139 KBytes       
[  4] 244.00-245.00 sec   127 KBytes  1.04 Mbits/sec    0    144 KBytes       
[  4] 245.00-246.00 sec   127 KBytes  1.04 Mbits/sec    0    146 KBytes       
[  4] 246.00-247.00 sec   127 KBytes  1.04 Mbits/sec    0    147 KBytes       
[  4] 247.00-248.00 sec   127 KBytes  1.04 Mbits/sec    0    151 KBytes       
[  4] 248.00-249.00 sec   127 KBytes  1.04 Mbits/sec    0    163 KBytes       
[  4] 249.00-250.00 sec   127 KBytes  1.04 Mbits/sec    0    178 KBytes       
[  4] 250.00-251.00 sec   127 KBytes  1.04 Mbits/sec    0    205 KBytes       
[  4] 251.00-252.00 sec  0.00 Bytes  0.00 bits/sec    8    151 KBytes       
[  4] 252.00-253.00 sec  0.00 Bytes  0.00 bits/sec    6    144 KBytes       
[  4] 253.00-254.00 sec  0.00 Bytes  0.00 bits/sec    1   1.41 KBytes       
[  4] 254.00-255.00 sec  63.6 KBytes   521 Kbits/sec    0   1.41 KBytes       
[  4] 255.00-256.00 sec   509 KBytes  4.17 Mbits/sec    0    164 KBytes       
[  4] 256.00-257.00 sec  0.00 Bytes  0.00 bits/sec   22    117 KBytes       
[  4] 257.00-258.00 sec  0.00 Bytes  0.00 bits/sec   21    117 KBytes       
[  4] 258.00-259.00 sec  0.00 Bytes  0.00 bits/sec    1    117 KBytes       
[  4] 259.00-260.00 sec   127 KBytes  1.04 Mbits/sec    1   1.41 KBytes       
[  4] 260.00-261.00 sec  0.00 Bytes  0.00 bits/sec    6   33.9 KBytes       
[  4] 261.00-262.00 sec   318 KBytes  2.61 Mbits/sec    0    130 KBytes       
[  4] 262.00-263.00 sec   127 KBytes  1.04 Mbits/sec    0    136 KBytes       
[  4] 263.00-264.00 sec   127 KBytes  1.04 Mbits/sec    0    143 KBytes       
[  4] 264.00-265.00 sec   127 KBytes  1.04 Mbits/sec    0    158 KBytes       
[  4] 265.00-266.00 sec   127 KBytes  1.04 Mbits/sec    0    199 KBytes       
[  4] 266.00-267.00 sec  0.00 Bytes  0.00 bits/sec    0    201 KBytes       
[  4] 267.00-268.00 sec  0.00 Bytes  0.00 bits/sec   26    143 KBytes       
[  4] 268.00-269.00 sec   127 KBytes  1.04 Mbits/sec   19    143 KBytes       
[  4] 269.00-270.00 sec  0.00 Bytes  0.00 bits/sec    0    143 KBytes       
[  4] 270.00-271.00 sec  0.00 Bytes  0.00 bits/sec    1   1.41 KBytes       
[  4] 271.00-272.00 sec   127 KBytes  1.04 Mbits/sec    2   2.83 KBytes       
[  4] 272.00-273.00 sec   318 KBytes  2.61 Mbits/sec    0    157 KBytes       
[  4] 273.00-274.00 sec   191 KBytes  1.56 Mbits/sec    0    164 KBytes       
[  4] 274.00-275.00 sec   127 KBytes  1.04 Mbits/sec    0    173 KBytes       
[  4] 275.00-276.00 sec  63.6 KBytes   521 Kbits/sec    0    182 KBytes       
[  4] 276.00-277.00 sec   127 KBytes  1.04 Mbits/sec    0    197 KBytes       
[  4] 277.00-278.00 sec   191 KBytes  1.56 Mbits/sec    0    245 KBytes       
[  4] 278.00-279.00 sec   191 KBytes  1.56 Mbits/sec    0    332 KBytes       
[  4] 279.00-280.00 sec  0.00 Bytes  0.00 bits/sec    0    341 KBytes       
[  4] 280.00-281.00 sec   255 KBytes  2.09 Mbits/sec    0    484 KBytes       
[  4] 281.00-282.00 sec  0.00 Bytes  0.00 bits/sec    4    450 KBytes       
[  4] 282.00-283.00 sec  0.00 Bytes  0.00 bits/sec    0    338 KBytes       
[  4] 283.00-284.00 sec   382 KBytes  3.13 Mbits/sec    1    338 KBytes       
[  4] 284.00-285.00 sec  0.00 Bytes  0.00 bits/sec    0    338 KBytes       
[  4] 285.00-286.00 sec   509 KBytes  4.17 Mbits/sec    0    359 KBytes       
[  4] 286.00-287.00 sec   318 KBytes  2.61 Mbits/sec    0    387 KBytes       
[  4] 287.00-288.00 sec   255 KBytes  2.08 Mbits/sec    0    428 KBytes       
[  4] 288.00-289.00 sec   127 KBytes  1.04 Mbits/sec    0    438 KBytes       
[  4] 289.00-290.00 sec   382 KBytes  3.13 Mbits/sec    0    465 KBytes       
[  4] 290.00-291.00 sec  0.00 Bytes  0.00 bits/sec    0    467 KBytes       
[  4] 291.00-292.00 sec   445 KBytes  3.65 Mbits/sec    0    477 KBytes       
[  4] 292.00-293.00 sec  0.00 Bytes  0.00 bits/sec    0    478 KBytes       
[  4] 293.00-294.00 sec  0.00 Bytes  0.00 bits/sec    2    362 KBytes       
[  4] 294.00-295.00 sec  0.00 Bytes  0.00 bits/sec    0    339 KBytes       
[  4] 295.00-296.00 sec   827 KBytes  6.77 Mbits/sec    0    358 KBytes       
[  4] 296.00-297.00 sec  63.6 KBytes   522 Kbits/sec    0    362 KBytes       
[  4] 297.00-298.00 sec   255 KBytes  2.08 Mbits/sec    0    386 KBytes       
[  4] 298.00-299.00 sec   127 KBytes  1.04 Mbits/sec    0    389 KBytes       
[  4] 299.00-300.00 sec   318 KBytes  2.60 Mbits/sec    0    399 KBytes       
[  4] 300.00-301.00 sec   127 KBytes  1.04 Mbits/sec    0    402 KBytes       
[  4] 301.00-302.00 sec   255 KBytes  2.08 Mbits/sec    0    406 KBytes       
[  4] 302.00-303.00 sec   191 KBytes  1.56 Mbits/sec    0    413 KBytes       
[  4] 303.00-304.00 sec   255 KBytes  2.09 Mbits/sec    0    424 KBytes       
[  4] 304.00-305.00 sec   382 KBytes  3.13 Mbits/sec    0    467 KBytes       
[  4] 305.00-306.00 sec  0.00 Bytes  0.00 bits/sec    0    469 KBytes       
[  4] 306.00-307.00 sec  0.00 Bytes  0.00 bits/sec   66    329 KBytes       
[  4] 307.00-308.00 sec   255 KBytes  2.09 Mbits/sec    2    329 KBytes       
[  4] 308.00-309.00 sec  63.6 KBytes   521 Kbits/sec    8    329 KBytes       
[  4] 309.00-310.00 sec  0.00 Bytes  0.00 bits/sec    0    329 KBytes       
[  4] 310.00-311.00 sec   191 KBytes  1.56 Mbits/sec    2   1.41 KBytes       
[  4] 311.00-312.00 sec   127 KBytes  1.04 Mbits/sec    7   28.3 KBytes       
[  4] 312.00-313.00 sec   764 KBytes  6.24 Mbits/sec    0    359 KBytes       
[  4] 313.00-314.00 sec  0.00 Bytes  0.00 bits/sec    0    359 KBytes       
[  4] 314.00-315.00 sec   382 KBytes  3.13 Mbits/sec    0    378 KBytes       
[  4] 315.00-316.00 sec  63.6 KBytes   521 Kbits/sec    0    382 KBytes       
[  4] 316.00-317.01 sec   255 KBytes  2.08 Mbits/sec    0    396 KBytes       
[  4] 317.01-318.00 sec   318 KBytes  2.62 Mbits/sec    0    437 KBytes       
[  4] 318.00-319.00 sec  63.6 KBytes   521 Kbits/sec    0    441 KBytes       
[  4] 319.00-320.00 sec   318 KBytes  2.61 Mbits/sec    0    557 KBytes       
[  4] 320.00-321.00 sec  63.6 KBytes   521 Kbits/sec    0    568 KBytes       
[  4] 321.00-322.00 sec  0.00 Bytes  0.00 bits/sec    0    571 KBytes       
[  4] 322.00-323.00 sec  0.00 Bytes  0.00 bits/sec    0    571 KBytes       
[  4] 323.00-324.00 sec   827 KBytes  6.77 Mbits/sec    3    277 KBytes       
[  4] 324.00-325.00 sec  0.00 Bytes  0.00 bits/sec    0    598 KBytes       
[  4] 325.00-326.00 sec  0.00 Bytes  0.00 bits/sec    0    608 KBytes       
[  4] 326.00-327.00 sec   191 KBytes  1.56 Mbits/sec    0    642 KBytes       
[  4] 327.00-328.01 sec   191 KBytes  1.56 Mbits/sec   21    624 KBytes       
[  4] 328.01-329.00 sec  0.00 Bytes  0.00 bits/sec    0    546 KBytes       
[  4] 329.00-330.00 sec  0.00 Bytes  0.00 bits/sec    0    468 KBytes       
[  4] 330.00-331.00 sec   954 KBytes  7.82 Mbits/sec    0    479 KBytes       
[  4] 331.00-332.00 sec   255 KBytes  2.09 Mbits/sec    0    501 KBytes       
[  4] 332.00-333.00 sec   445 KBytes  3.65 Mbits/sec    0    529 KBytes       
[  4] 333.00-334.00 sec   255 KBytes  2.08 Mbits/sec   21    447 KBytes       
[  4] 334.00-335.00 sec  0.00 Bytes  0.00 bits/sec   37    379 KBytes       
[  4] 335.00-336.00 sec  0.00 Bytes  0.00 bits/sec    7    379 KBytes       
[  4] 336.00-337.00 sec  0.00 Bytes  0.00 bits/sec    5    379 KBytes       
[  4] 337.00-338.00 sec  0.00 Bytes  0.00 bits/sec    7    379 KBytes       
[  4] 338.00-339.00 sec  0.00 Bytes  0.00 bits/sec    1   1.41 KBytes       
[  4] 339.00-340.00 sec  1.25 MBytes  10.5 Mbits/sec    0    451 KBytes       
[  4] 340.00-341.00 sec   947 KBytes  7.76 Mbits/sec    0    469 KBytes       
[  4] 341.00-342.00 sec  63.6 KBytes   521 Kbits/sec    0    474 KBytes       
[  4] 342.00-343.00 sec  0.00 Bytes  0.00 bits/sec   10    331 KBytes       
[  4] 343.00-344.00 sec  0.00 Bytes  0.00 bits/sec   45    331 KBytes       
[  4] 344.00-345.00 sec  0.00 Bytes  0.00 bits/sec    4    331 KBytes       
[  4] 345.00-346.00 sec  0.00 Bytes  0.00 bits/sec   36    331 KBytes       
[  4] 346.00-347.00 sec  0.00 Bytes  0.00 bits/sec   27   1.41 KBytes       
[  4] 347.00-348.00 sec   382 KBytes  3.13 Mbits/sec   18    122 KBytes       
[  4] 348.00-349.00 sec  1.25 MBytes  10.5 Mbits/sec    0    392 KBytes       
[  4] 349.00-350.00 sec   374 KBytes  3.07 Mbits/sec    0    410 KBytes       
[  4] 350.00-351.00 sec   127 KBytes  1.04 Mbits/sec    0    413 KBytes       
[  4] 351.00-352.00 sec  0.00 Bytes  0.00 bits/sec   28    293 KBytes       
[  4] 352.00-353.00 sec   509 KBytes  4.17 Mbits/sec    0    293 KBytes       
[  4] 353.00-354.00 sec   127 KBytes  1.04 Mbits/sec   13    214 KBytes       
[  4] 354.00-355.00 sec   509 KBytes  4.17 Mbits/sec    0    223 KBytes       
[  4] 355.00-356.00 sec   382 KBytes  3.13 Mbits/sec    0    243 KBytes       
[  4] 356.00-357.00 sec   318 KBytes  2.61 Mbits/sec    0    252 KBytes       
[  4] 357.00-358.00 sec   255 KBytes  2.08 Mbits/sec    0    255 KBytes       
[  4] 358.00-359.00 sec   191 KBytes  1.57 Mbits/sec    0    256 KBytes       
[  4] 359.00-360.00 sec   255 KBytes  2.08 Mbits/sec    0    257 KBytes       
[  4] 360.00-361.00 sec  63.6 KBytes   522 Kbits/sec    0    259 KBytes       
[  4] 361.00-362.00 sec   255 KBytes  2.08 Mbits/sec    0    269 KBytes       
[  4] 362.00-363.00 sec   127 KBytes  1.04 Mbits/sec    0    286 KBytes       
[  4] 363.00-364.00 sec   127 KBytes  1.04 Mbits/sec    0    304 KBytes       
[  4] 364.00-365.00 sec  0.00 Bytes  0.00 bits/sec   16    229 KBytes       
[  4] 365.00-366.00 sec   127 KBytes  1.04 Mbits/sec    0    216 KBytes       
[  4] 366.00-367.00 sec   318 KBytes  2.61 Mbits/sec    1    189 KBytes       
[  4] 367.00-368.00 sec   255 KBytes  2.09 Mbits/sec    0    156 KBytes       
[  4] 368.00-369.00 sec   191 KBytes  1.56 Mbits/sec    0    170 KBytes       
[  4] 369.00-370.00 sec  63.6 KBytes   521 Kbits/sec    1    148 KBytes       
[  4] 370.00-371.00 sec   255 KBytes  2.08 Mbits/sec    0    126 KBytes       
[  4] 371.00-372.00 sec   191 KBytes  1.56 Mbits/sec    0    139 KBytes       
[  4] 372.00-373.00 sec   127 KBytes  1.04 Mbits/sec    0    144 KBytes       
[  4] 373.00-374.00 sec   127 KBytes  1.04 Mbits/sec    0    146 KBytes       
[  4] 374.00-375.00 sec   127 KBytes  1.04 Mbits/sec    0    147 KBytes       
[  4] 375.00-376.00 sec   127 KBytes  1.04 Mbits/sec    0    150 KBytes       
[  4] 376.00-377.00 sec  63.6 KBytes   521 Kbits/sec    0    153 KBytes       
[  4] 377.00-378.00 sec   127 KBytes  1.04 Mbits/sec    0    168 KBytes       
[  4] 378.00-379.00 sec   127 KBytes  1.04 Mbits/sec    0    199 KBytes       
[  4] 379.00-380.00 sec  0.00 Bytes  0.00 bits/sec    0    206 KBytes       
[  4] 380.00-381.00 sec  63.6 KBytes   521 Kbits/sec    7    194 KBytes       
[  4] 381.00-382.00 sec  0.00 Bytes  0.00 bits/sec   14    165 KBytes       
[  4] 382.00-383.00 sec  0.00 Bytes  0.00 bits/sec    2    165 KBytes       
[  4] 383.00-384.00 sec  0.00 Bytes  0.00 bits/sec   10   1.41 KBytes       
[  4] 384.00-385.00 sec   127 KBytes  1.04 Mbits/sec    0   1.41 KBytes       
[  4] 385.00-386.00 sec   700 KBytes  5.73 Mbits/sec    1    198 KBytes       
[  4] 386.00-387.00 sec   191 KBytes  1.56 Mbits/sec    0    208 KBytes       
[  4] 387.00-388.00 sec  63.6 KBytes   521 Kbits/sec    0    211 KBytes       
[  4] 388.00-389.00 sec   127 KBytes  1.04 Mbits/sec    0    218 KBytes       
[  4] 389.00-390.00 sec  63.6 KBytes   521 Kbits/sec   10    168 KBytes       
[  4] 390.00-391.00 sec   255 KBytes  2.09 Mbits/sec    0    156 KBytes       
[  4] 391.00-392.00 sec   255 KBytes  2.08 Mbits/sec    0    188 KBytes       
[  4] 392.00-393.00 sec   127 KBytes  1.04 Mbits/sec    0    206 KBytes       
[  4] 393.00-394.00 sec  63.6 KBytes   522 Kbits/sec    0    209 KBytes       
[  4] 394.00-395.00 sec   191 KBytes  1.56 Mbits/sec    0    215 KBytes       
[  4] 395.00-396.00 sec   191 KBytes  1.57 Mbits/sec    0    219 KBytes       
[  4] 396.00-397.00 sec   191 KBytes  1.56 Mbits/sec    0    223 KBytes       
[  4] 397.00-398.00 sec  0.00 Bytes  0.00 bits/sec    0    223 KBytes       
[  4] 398.00-399.00 sec   255 KBytes  2.08 Mbits/sec    0    239 KBytes       
[  4] 399.00-400.00 sec  63.6 KBytes   522 Kbits/sec    0    257 KBytes       
[  4] 400.00-401.00 sec   127 KBytes  1.04 Mbits/sec    0    284 KBytes       
[  4] 401.00-402.00 sec  63.6 KBytes   521 Kbits/sec    0    321 KBytes       
[  4] 402.00-403.00 sec  0.00 Bytes  0.00 bits/sec   10    253 KBytes       
[  4] 403.00-404.00 sec  0.00 Bytes  0.00 bits/sec   17    225 KBytes       
[  4] 404.00-405.00 sec  0.00 Bytes  0.00 bits/sec    7    225 KBytes       
[  4] 405.00-406.00 sec  0.00 Bytes  0.00 bits/sec    5    225 KBytes       
[  4] 406.00-407.00 sec  63.6 KBytes   521 Kbits/sec    2   1.41 KBytes       
[  4] 407.00-408.00 sec   191 KBytes  1.56 Mbits/sec    8    198 KBytes       
[  4] 408.00-409.00 sec   891 KBytes  7.29 Mbits/sec    0    269 KBytes       
[  4] 409.00-410.00 sec   127 KBytes  1.04 Mbits/sec    0    277 KBytes       
[  4] 410.00-411.00 sec   127 KBytes  1.04 Mbits/sec    0    281 KBytes       
[  4] 411.00-412.00 sec  0.00 Bytes  0.00 bits/sec   42    198 KBytes       
[  4] 412.00-413.00 sec   191 KBytes  1.56 Mbits/sec   19    198 KBytes       
[  4] 413.00-414.00 sec  0.00 Bytes  0.00 bits/sec    6    198 KBytes       
[  4] 414.00-415.00 sec  0.00 Bytes  0.00 bits/sec   24   1.41 KBytes       
[  4] 415.00-416.00 sec   127 KBytes  1.04 Mbits/sec    0   1.41 KBytes       
[  4] 416.00-417.00 sec  0.00 Bytes  0.00 bits/sec    0   1.41 KBytes       
[  4] 417.00-418.00 sec  0.00 Bytes  0.00 bits/sec    1   1.41 KBytes       
[  4] 418.00-419.00 sec  0.00 Bytes  0.00 bits/sec    0   1.41 KBytes       
[  4] 419.00-420.00 sec  0.00 Bytes  0.00 bits/sec    0   1.41 KBytes       
[  4] 420.00-421.00 sec   573 KBytes  4.69 Mbits/sec    7    219 KBytes       
[  4] 421.00-422.00 sec   700 KBytes  5.73 Mbits/sec    0    256 KBytes       
[  4] 422.00-423.00 sec   445 KBytes  3.65 Mbits/sec    0    280 KBytes       
[  4] 423.00-424.00 sec   445 KBytes  3.65 Mbits/sec    0    301 KBytes       
[  4] 424.00-425.00 sec   445 KBytes  3.65 Mbits/sec    0    325 KBytes       
[  4] 425.00-426.00 sec   509 KBytes  4.17 Mbits/sec    0    349 KBytes       
[  4] 426.00-427.00 sec   509 KBytes  4.17 Mbits/sec    0    378 KBytes       
[  4] 427.00-428.00 sec   573 KBytes  4.69 Mbits/sec    0    406 KBytes       
[  4] 428.00-429.00 sec   636 KBytes  5.21 Mbits/sec    0    460 KBytes       
[  4] 429.00-430.00 sec   764 KBytes  6.25 Mbits/sec    0    564 KBytes       
[  4] 430.00-431.00 sec   827 KBytes  6.77 Mbits/sec    0    701 KBytes       
[  4] 431.00-432.00 sec   954 KBytes  7.82 Mbits/sec    0    865 KBytes       
[  4] 432.00-433.00 sec   954 KBytes  7.82 Mbits/sec    0   1.01 MBytes       
[  4] 433.00-434.00 sec  1018 KBytes  8.34 Mbits/sec    0   1.24 MBytes       
[  4] 434.00-434.00 sec  0.00 Bytes  0.00 bits/sec    0   1.24 MBytes       
- - - - - - - - - - - - - - - - - - - - - - - - -
[ ID] Interval           Transfer     Bandwidth       Retr
[  4]   0.00-434.00 sec   100 MBytes  1.94 Mbits/sec  2807             sender
[  4]   0.00-434.00 sec  95.4 MBytes  1.84 Mbits/sec                  receiver

iperf Done.
