-----------------------------------------------------------
Server listening on 5206
-----------------------------------------------------------
Accepted connection from 10.0.0.1, port 37808
[  5] local 10.0.0.2 port 5206 connected to 10.0.0.1 port 46120
[ ID] Interval           Transfer     Bandwidth
[  5]   0.00-1.00   sec  14.1 KBytes   116 Kbits/sec                  
[  5]   1.00-2.00   sec  83.4 KBytes   685 Kbits/sec                  
[  5]   2.00-3.00   sec   119 KBytes   973 Kbits/sec                  
[  5]   3.00-4.00   sec  63.6 KBytes   521 Kbits/sec                  
[  5]   4.00-5.00   sec   136 KBytes  1.11 Mbits/sec                  
[  5]   5.00-6.00   sec  82.0 KBytes   672 Kbits/sec                  
[  5]   6.00-7.00   sec   100 KBytes   822 Kbits/sec                  
[  5]   7.00-8.00   sec  0.00 Bytes  0.00 bits/sec                  
[  5]   8.00-9.00   sec   137 KBytes  1.12 Mbits/sec                  
[  5]   9.00-10.00  sec  70.7 KBytes   580 Kbits/sec                  
[  5]  10.00-11.00  sec   134 KBytes  1.10 Mbits/sec                  
[  5]  11.00-12.00  sec  0.00 Bytes  0.00 bits/sec                  
[  5]  12.00-13.00  sec  5.66 KBytes  46.4 Kbits/sec                  
[  5]  13.00-14.00  sec  0.00 Bytes  0.00 bits/sec                  
[  5]  14.00-15.00  sec   124 KBytes  1.02 Mbits/sec                  
[  5]  15.00-16.00  sec   174 KBytes  1.43 Mbits/sec                  
[  5]  16.00-17.00  sec  0.00 Bytes  0.00 bits/sec                  
[  5]  17.00-18.00  sec  11.3 KBytes  92.7 Kbits/sec                  
[  5]  18.00-19.00  sec   486 KBytes  3.97 Mbits/sec                  
[  5]  19.00-20.00  sec   151 KBytes  1.24 Mbits/sec                  
[  5]  20.00-21.00  sec  2.83 KBytes  23.2 Kbits/sec                  
[  5]  21.00-22.00  sec   170 KBytes  1.39 Mbits/sec                  
[  5]  22.00-23.00  sec   168 KBytes  1.38 Mbits/sec                  
[  5]  23.00-24.00  sec  12.7 KBytes   104 Kbits/sec                  
[  5]  24.00-25.00  sec   181 KBytes  1.48 Mbits/sec                  
[  5]  25.00-26.00  sec  96.2 KBytes   788 Kbits/sec                  
[  5]  26.00-27.00  sec  97.6 KBytes   799 Kbits/sec                  
[  5]  27.00-28.00  sec   204 KBytes  1.67 Mbits/sec                  
[  5]  28.00-29.00  sec  11.3 KBytes  92.7 Kbits/sec                  
[  5]  29.00-30.00  sec   136 KBytes  1.11 Mbits/sec                  
[  5]  30.00-31.00  sec   143 KBytes  1.17 Mbits/sec                  
[  5]  31.00-32.00  sec   225 KBytes  1.84 Mbits/sec                  
[  5]  32.00-33.00  sec   188 KBytes  1.54 Mbits/sec                  
[  5]  33.00-34.00  sec  9.90 KBytes  81.0 Kbits/sec                  
[  5]  34.00-35.00  sec  5.66 KBytes  46.3 Kbits/sec                  
[  5]  35.00-36.00  sec  0.00 Bytes  0.00 bits/sec                  
[  5]  36.00-37.00  sec  0.00 Bytes  0.00 bits/sec                  
[  5]  37.00-38.00  sec  66.5 KBytes   546 Kbits/sec                  
[  5]  38.00-39.00  sec  0.00 Bytes  0.00 bits/sec                  
[  5]  39.00-40.00  sec  17.0 KBytes   139 Kbits/sec                  
[  5]  40.00-41.00  sec   522 KBytes  4.27 Mbits/sec                  
[  5]  41.00-42.00  sec  0.00 Bytes  0.00 bits/sec                  
[  5]  42.00-43.00  sec  22.6 KBytes   185 Kbits/sec                  
[  5]  43.00-44.00  sec  18.4 KBytes   151 Kbits/sec                  
[  5]  44.00-45.00  sec  79.2 KBytes   649 Kbits/sec                  
[  5]  45.00-46.00  sec  8.48 KBytes  69.5 Kbits/sec                  
[  5]  46.00-47.00  sec  1.58 MBytes  13.3 Mbits/sec                  
[  5]  47.00-48.00  sec  41.0 KBytes   336 Kbits/sec                  
[  5]  48.00-49.00  sec   465 KBytes  3.81 Mbits/sec                  
[  5]  49.00-50.00  sec   636 KBytes  5.21 Mbits/sec                  
[  5]  50.00-50.46  sec   264 KBytes  4.76 Mbits/sec                  
- - - - - - - - - - - - - - - - - - - - - - - - -
[ ID] Interval           Transfer     Bandwidth
[  5]   0.00-50.46  sec  0.00 Bytes  0.00 bits/sec                  sender
[  5]   0.00-50.46  sec  7.13 MBytes  1.19 Mbits/sec                  receiver
