Connecting to host 10.0.0.2, port 5203
[  4] local 10.0.0.1 port 46114 connected to 10.0.0.2 port 5203
[ ID] Interval           Transfer     Bandwidth       Retr  Cwnd
[  4]   0.00-1.00   sec   609 KBytes  4.99 Mbits/sec    0   63.6 KBytes       
[  4]   1.00-2.00   sec   318 KBytes  2.61 Mbits/sec    0   76.4 KBytes       
[  4]   2.00-3.00   sec   445 KBytes  3.65 Mbits/sec    0   93.3 KBytes       
[  4]   3.00-4.00   sec   318 KBytes  2.61 Mbits/sec    0    107 KBytes       
[  4]   4.00-5.00   sec   445 KBytes  3.65 Mbits/sec    0    124 KBytes       
[  4]   5.00-6.00   sec   382 KBytes  3.13 Mbits/sec    0    141 KBytes       
[  4]   6.00-7.00   sec   700 KBytes  5.73 Mbits/sec    0    195 KBytes       
[  4]   7.00-8.00   sec   573 KBytes  4.69 Mbits/sec    0    249 KBytes       
[  4]   8.00-9.00   sec   700 KBytes  5.74 Mbits/sec    0    324 KBytes       
[  4]   9.00-10.00  sec   700 KBytes  5.73 Mbits/sec    0    404 KBytes       
[  4]  10.00-11.00  sec  1.06 MBytes  8.86 Mbits/sec    0    530 KBytes       
[  4]  11.00-12.00  sec  1.49 MBytes  12.5 Mbits/sec    0    721 KBytes       
[  4]  12.00-13.00  sec   318 KBytes  2.61 Mbits/sec    0    759 KBytes       
[  4]  13.00-14.00  sec  2.30 MBytes  19.3 Mbits/sec    0   1.05 MBytes       
[  4]  14.00-14.00  sec  0.00 Bytes  0.00 bits/sec    0   1.05 MBytes       
- - - - - - - - - - - - - - - - - - - - - - - - -
[ ID] Interval           Transfer     Bandwidth       Retr
[  4]   0.00-14.00  sec  10.2 MBytes  6.13 Mbits/sec    0             sender
[  4]   0.00-14.00  sec  4.46 MBytes  2.67 Mbits/sec                  receiver

iperf Done.
