-----------------------------------------------------------
Server listening on 5205
-----------------------------------------------------------
Accepted connection from 10.0.0.1, port 38792
[  5] local 10.0.0.2 port 5205 connected to 10.0.0.1 port 46118
[ ID] Interval           Transfer     Bandwidth
[  5]   0.00-1.00   sec  42.4 KBytes   347 Kbits/sec                  
[  5]   1.00-2.01   sec   113 KBytes   921 Kbits/sec                  
[  5]   2.01-3.00   sec   187 KBytes  1.54 Mbits/sec                  
[  5]   3.00-4.00   sec   102 KBytes   834 Kbits/sec                  
[  5]   4.00-5.00   sec   122 KBytes   996 Kbits/sec                  
[  5]   5.00-6.00   sec   177 KBytes  1.45 Mbits/sec                  
[  5]   6.00-7.00   sec   126 KBytes  1.03 Mbits/sec                  
[  5]   7.00-8.00   sec   160 KBytes  1.31 Mbits/sec                  
[  5]   8.00-9.00   sec  80.6 KBytes   660 Kbits/sec                  
[  5]   9.00-10.00  sec   168 KBytes  1.38 Mbits/sec                  
[  5]  10.00-11.00  sec   223 KBytes  1.83 Mbits/sec                  
[  5]  11.00-12.00  sec  80.6 KBytes   660 Kbits/sec                  
[  5]  12.00-13.00  sec  33.9 KBytes   278 Kbits/sec                  
[  5]  13.00-14.00  sec  5.66 KBytes  46.3 Kbits/sec                  
[  5]  14.00-15.00  sec  0.00 Bytes  0.00 bits/sec                  
[  5]  15.00-16.00  sec  0.00 Bytes  0.00 bits/sec                  
[  5]  16.00-17.00  sec  24.0 KBytes   197 Kbits/sec                  
[  5]  17.00-18.00  sec  0.00 Bytes  0.00 bits/sec                  
[  5]  18.00-19.00  sec   303 KBytes  2.48 Mbits/sec                  
[  5]  19.00-20.00  sec   713 KBytes  5.83 Mbits/sec                  
[  5]  20.00-21.00  sec   249 KBytes  2.03 Mbits/sec                  
[  5]  21.00-22.00  sec  0.00 Bytes  0.00 bits/sec                  
[  5]  22.00-23.00  sec   259 KBytes  2.12 Mbits/sec                  
[  5]  23.00-24.00  sec   206 KBytes  1.69 Mbits/sec                  
[  5]  24.00-25.00  sec  76.4 KBytes   625 Kbits/sec                  
[  5]  25.00-26.00  sec   296 KBytes  2.42 Mbits/sec                  
[  5]  26.00-27.00  sec  36.8 KBytes   301 Kbits/sec                  
[  5]  27.00-28.00  sec   263 KBytes  2.15 Mbits/sec                  
[  5]  28.00-29.00  sec   247 KBytes  2.03 Mbits/sec                  
[  5]  29.00-30.00  sec  62.2 KBytes   510 Kbits/sec                  
[  5]  30.00-31.00  sec   199 KBytes  1.63 Mbits/sec                  
[  5]  31.00-32.00  sec   139 KBytes  1.13 Mbits/sec                  
[  5]  32.00-33.00  sec   112 KBytes   916 Kbits/sec                  
[  5]  33.00-34.00  sec   303 KBytes  2.48 Mbits/sec                  
[  5]  34.00-35.00  sec  0.00 Bytes  0.00 bits/sec                  
[  5]  35.00-36.00  sec   502 KBytes  4.10 Mbits/sec                  
[  5]  36.00-37.00  sec  0.00 Bytes  0.00 bits/sec                  
[  5]  37.00-38.00  sec  0.00 Bytes  0.00 bits/sec                  
[  5]  38.00-38.90  sec  32.5 KBytes   298 Kbits/sec                  
- - - - - - - - - - - - - - - - - - - - - - - - -
[ ID] Interval           Transfer     Bandwidth
[  5]   0.00-38.90  sec  0.00 Bytes  0.00 bits/sec                  sender
[  5]   0.00-38.90  sec  5.51 MBytes  1.19 Mbits/sec                  receiver
