Connecting to host 10.0.0.2, port 5201
[  4] local 10.0.0.1 port 46110 connected to 10.0.0.2 port 5201
[ ID] Interval           Transfer     Bandwidth       Retr  Cwnd
[  4]   0.00-1.00   sec   817 KBytes  6.69 Mbits/sec    0   63.6 KBytes       
[  4]   1.00-2.00   sec   445 KBytes  3.64 Mbits/sec    0   80.6 KBytes       
[  4]   2.00-3.03   sec   382 KBytes  3.05 Mbits/sec    0   93.3 KBytes       
[  4]   3.03-4.06   sec   318 KBytes  2.52 Mbits/sec    0    107 KBytes       
[  4]   4.06-5.01   sec   382 KBytes  3.31 Mbits/sec    0    123 KBytes       
[  4]   5.01-6.01   sec   382 KBytes  3.13 Mbits/sec    0    144 KBytes       
[  4]   6.01-7.06   sec   636 KBytes  4.95 Mbits/sec    0    202 KBytes       
[  4]   7.06-8.00   sec   509 KBytes  4.42 Mbits/sec    0    257 KBytes       
[  4]   8.00-9.00   sec   827 KBytes  6.77 Mbits/sec    0    338 KBytes       
[  4]   9.00-10.03  sec  1.12 MBytes  9.14 Mbits/sec    0    472 KBytes       
[  4]  10.03-11.00  sec  1.06 MBytes  9.09 Mbits/sec    0    588 KBytes       
[  4]  11.00-12.04  sec  1.18 MBytes  9.59 Mbits/sec    0    738 KBytes       
[  4]  12.04-13.05  sec  1.24 MBytes  10.3 Mbits/sec    0    899 KBytes       
[  4]  13.05-14.00  sec  1.18 MBytes  10.4 Mbits/sec    0   1.03 MBytes       
[  4]  14.00-15.00  sec   764 KBytes  6.24 Mbits/sec    4   1.06 MBytes       
[  4]  15.00-16.02  sec  0.00 Bytes  0.00 bits/sec   33    902 KBytes       
[  4]  16.02-17.00  sec  0.00 Bytes  0.00 bits/sec   85    806 KBytes       
[  4]  17.00-18.00  sec   191 KBytes  1.56 Mbits/sec    0    806 KBytes       
[  4]  18.00-19.00  sec   509 KBytes  4.16 Mbits/sec    0    806 KBytes       
[  4]  19.00-20.02  sec  1018 KBytes  8.17 Mbits/sec    0    822 KBytes       
[  4]  20.02-21.02  sec   573 KBytes  4.73 Mbits/sec    0    884 KBytes       
[  4]  21.02-22.00  sec   382 KBytes  3.17 Mbits/sec    0    935 KBytes       
[  4]  22.00-23.00  sec   382 KBytes  3.13 Mbits/sec    0    988 KBytes       
[  4]  23.00-24.00  sec   382 KBytes  3.12 Mbits/sec    0   1.01 MBytes       
[  4]  24.00-25.00  sec   382 KBytes  3.13 Mbits/sec    0   1.04 MBytes       
[  4]  25.00-26.00  sec  63.6 KBytes   521 Kbits/sec   18    932 KBytes       
[  4]  26.00-27.00  sec  0.00 Bytes  0.00 bits/sec   67    752 KBytes       
[  4]  27.00-28.00  sec   636 KBytes  5.21 Mbits/sec    0    752 KBytes       
[  4]  28.00-29.00  sec  1.25 MBytes  10.5 Mbits/sec    0    761 KBytes       
[  4]  29.00-30.00  sec   756 KBytes  6.19 Mbits/sec    0    795 KBytes       
[  4]  30.00-31.00  sec   445 KBytes  3.65 Mbits/sec    0    826 KBytes       
[  4]  31.00-32.00  sec   509 KBytes  4.17 Mbits/sec    0    856 KBytes       
[  4]  32.00-33.00  sec   445 KBytes  3.64 Mbits/sec    0    877 KBytes       
[  4]  33.00-34.00  sec   573 KBytes  4.69 Mbits/sec    0    895 KBytes       
[  4]  34.00-35.00  sec   509 KBytes  4.17 Mbits/sec    0    902 KBytes       
[  4]  35.00-36.00  sec   509 KBytes  4.17 Mbits/sec    0    908 KBytes       
[  4]  36.00-37.00  sec   573 KBytes  4.69 Mbits/sec    0    911 KBytes       
[  4]  37.00-38.00  sec   445 KBytes  3.65 Mbits/sec    0    916 KBytes       
[  4]  38.00-39.00  sec   509 KBytes  4.17 Mbits/sec    0    928 KBytes       
[  4]  39.00-40.00  sec   127 KBytes  1.04 Mbits/sec   13    848 KBytes       
[  4]  40.00-41.00  sec  0.00 Bytes  0.00 bits/sec   20    659 KBytes       
[  4]  41.00-42.00  sec   509 KBytes  4.17 Mbits/sec    0    653 KBytes       
[  4]  42.00-43.00  sec  1.18 MBytes  9.90 Mbits/sec    0    667 KBytes       
[  4]  43.00-44.00  sec   636 KBytes  5.22 Mbits/sec    0    721 KBytes       
[  4]  44.00-45.00  sec   445 KBytes  3.65 Mbits/sec    0    778 KBytes       
[  4]  45.00-46.00  sec   382 KBytes  3.13 Mbits/sec    0    817 KBytes       
[  4]  46.00-47.00  sec   509 KBytes  4.17 Mbits/sec    0    858 KBytes       
[  4]  47.00-48.00  sec   445 KBytes  3.65 Mbits/sec    0    887 KBytes       
[  4]  48.00-49.00  sec   127 KBytes  1.04 Mbits/sec   13    786 KBytes       
[  4]  49.00-50.00  sec  0.00 Bytes  0.00 bits/sec   14    626 KBytes       
[  4]  50.00-51.00  sec   509 KBytes  4.17 Mbits/sec    0    626 KBytes       
[  4]  51.00-52.00  sec  1.25 MBytes  10.5 Mbits/sec    0    639 KBytes       
[  4]  52.00-53.00  sec   565 KBytes  4.63 Mbits/sec    0    666 KBytes       
[  4]  53.00-54.00  sec   445 KBytes  3.65 Mbits/sec    0    696 KBytes       
[  4]  54.00-55.00  sec   445 KBytes  3.65 Mbits/sec    2    696 KBytes       
[  4]  55.00-56.00  sec   445 KBytes  3.65 Mbits/sec    0    697 KBytes       
[  4]  56.00-57.00  sec   509 KBytes  4.17 Mbits/sec    0    701 KBytes       
[  4]  57.00-58.00  sec   445 KBytes  3.65 Mbits/sec    0    711 KBytes       
[  4]  58.00-59.00  sec   445 KBytes  3.65 Mbits/sec    0    727 KBytes       
[  4]  59.00-60.00  sec   445 KBytes  3.65 Mbits/sec    0    757 KBytes       
[  4]  60.00-61.00  sec   509 KBytes  4.17 Mbits/sec    0    805 KBytes       
[  4]  61.00-62.01  sec   382 KBytes  3.11 Mbits/sec    0    885 KBytes       
[  4]  62.01-63.00  sec   191 KBytes  1.57 Mbits/sec    3    901 KBytes       
[  4]  63.00-64.00  sec  0.00 Bytes  0.00 bits/sec  148    641 KBytes       
[  4]  64.00-65.00  sec   509 KBytes  4.17 Mbits/sec   94    641 KBytes       
[  4]  65.00-66.00  sec  63.6 KBytes   521 Kbits/sec   50    641 KBytes       
[  4]  66.00-67.00  sec  0.00 Bytes  0.00 bits/sec   41    641 KBytes       
[  4]  67.00-68.00  sec   255 KBytes  2.09 Mbits/sec    5   1.41 KBytes       
[  4]  68.00-69.00  sec   191 KBytes  1.56 Mbits/sec    7   9.90 KBytes       
[  4]  69.00-70.00  sec  1.25 MBytes  10.5 Mbits/sec   56    714 KBytes       
[  4]  70.00-71.00  sec  1.17 MBytes  9.84 Mbits/sec    0    738 KBytes       
[  4]  71.00-72.00  sec   445 KBytes  3.65 Mbits/sec    0    761 KBytes       
[  4]  72.00-73.00  sec   509 KBytes  4.17 Mbits/sec    0    788 KBytes       
[  4]  73.00-74.00  sec   764 KBytes  6.26 Mbits/sec    0    827 KBytes       
[  4]  74.00-75.00  sec   573 KBytes  4.69 Mbits/sec    0    854 KBytes       
[  4]  75.00-76.00  sec   318 KBytes  2.60 Mbits/sec    0    872 KBytes       
[  4]  76.00-77.00  sec   764 KBytes  6.25 Mbits/sec    0    912 KBytes       
[  4]  77.00-78.00  sec   636 KBytes  5.22 Mbits/sec    0    977 KBytes       
[  4]  78.00-79.00  sec   382 KBytes  3.13 Mbits/sec    0   1.01 MBytes       
[  4]  79.00-80.00  sec  1.06 MBytes  8.86 Mbits/sec    0   1.17 MBytes       
[  4]  80.00-81.00  sec  0.00 Bytes  0.00 bits/sec   46    994 KBytes       
[  4]  81.00-82.00  sec  0.00 Bytes  0.00 bits/sec   63    841 KBytes       
[  4]  82.00-83.00  sec   636 KBytes  5.20 Mbits/sec   70    841 KBytes       
[  4]  83.00-84.00  sec  0.00 Bytes  0.00 bits/sec    2    841 KBytes       
[  4]  84.00-85.00  sec   318 KBytes  2.61 Mbits/sec   36   1.41 KBytes       
[  4]  85.00-86.00  sec  1.24 MBytes  10.4 Mbits/sec   30    846 KBytes       
[  4]  86.00-87.00  sec  1.25 MBytes  10.5 Mbits/sec    0    943 KBytes       
[  4]  87.00-88.00  sec  1.11 MBytes  9.33 Mbits/sec    0    980 KBytes       
[  4]  88.00-89.00  sec   636 KBytes  5.22 Mbits/sec    0   1014 KBytes       
[  4]  89.00-90.00  sec   764 KBytes  6.25 Mbits/sec    0   1.03 MBytes       
[  4]  90.00-91.00  sec   764 KBytes  6.26 Mbits/sec    0   1.06 MBytes       
[  4]  91.00-92.00  sec   573 KBytes  4.69 Mbits/sec    0   1.10 MBytes       
[  4]  92.00-93.00  sec   764 KBytes  6.25 Mbits/sec    0   1.13 MBytes       
[  4]  93.00-94.00  sec   764 KBytes  6.26 Mbits/sec    0   1.17 MBytes       
[  4]  94.00-94.00  sec  0.00 Bytes  0.00 bits/sec    0   1.17 MBytes       
- - - - - - - - - - - - - - - - - - - - - - - - -
[ ID] Interval           Transfer     Bandwidth       Retr
[  4]   0.00-94.00  sec  50.1 MBytes  4.47 Mbits/sec  920             sender
[  4]   0.00-94.00  sec  44.8 MBytes  4.00 Mbits/sec                  receiver

iperf Done.
