-----------------------------------------------------------
Server listening on 5201
-----------------------------------------------------------
Accepted connection from 10.0.0.1, port 53117
[  5] local 10.0.0.2 port 5201 connected to 10.0.0.1 port 46110
[ ID] Interval           Transfer     Bandwidth
[  5]   0.00-1.00   sec   505 KBytes  4.12 Mbits/sec                  
[  5]   1.00-2.00   sec   406 KBytes  3.33 Mbits/sec                  
[  5]   2.00-3.02   sec   311 KBytes  2.51 Mbits/sec                  
[  5]   3.02-4.00   sec   280 KBytes  2.33 Mbits/sec                  
[  5]   4.00-5.00   sec   279 KBytes  2.29 Mbits/sec                  
[  5]   5.00-6.00   sec   260 KBytes  2.13 Mbits/sec                  
[  5]   6.00-7.00   sec   313 KBytes  2.56 Mbits/sec                  
[  5]   7.00-8.00   sec   368 KBytes  3.02 Mbits/sec                  
[  5]   8.00-9.05   sec   338 KBytes  2.64 Mbits/sec                  
[  5]   9.05-10.01  sec   378 KBytes  3.22 Mbits/sec                  
[  5]  10.01-11.00  sec   406 KBytes  3.35 Mbits/sec                  
[  5]  11.00-12.00  sec   273 KBytes  2.24 Mbits/sec                  
[  5]  12.00-13.01  sec   392 KBytes  3.19 Mbits/sec                  
[  5]  13.01-14.00  sec   481 KBytes  3.95 Mbits/sec                  
[  5]  14.00-15.00  sec   311 KBytes  2.55 Mbits/sec                  
[  5]  15.00-16.03  sec  72.1 KBytes   574 Kbits/sec                  
[  5]  16.03-17.00  sec  0.00 Bytes  0.00 bits/sec                  
[  5]  17.00-18.00  sec  0.00 Bytes  0.00 bits/sec                  
[  5]  18.00-19.01  sec  0.00 Bytes  0.00 bits/sec                  
[  5]  19.01-20.01  sec  12.7 KBytes   104 Kbits/sec                  
[  5]  20.01-21.02  sec  1.88 MBytes  15.8 Mbits/sec                  
[  5]  21.02-22.01  sec  0.00 Bytes  0.00 bits/sec                  
[  5]  22.01-23.00  sec   206 KBytes  1.69 Mbits/sec                  
[  5]  23.00-24.00  sec   659 KBytes  5.42 Mbits/sec                  
[  5]  24.00-25.00  sec   494 KBytes  4.03 Mbits/sec                  
[  5]  25.00-26.00  sec   532 KBytes  4.37 Mbits/sec                  
[  5]  26.00-27.00  sec   230 KBytes  1.89 Mbits/sec                  
[  5]  27.00-28.01  sec   553 KBytes  4.51 Mbits/sec                  
[  5]  28.01-29.00  sec   417 KBytes  3.43 Mbits/sec                  
[  5]  29.00-30.00  sec  0.00 Bytes  0.00 bits/sec                  
[  5]  30.00-31.00  sec   923 KBytes  7.57 Mbits/sec                  
[  5]  31.00-32.00  sec   499 KBytes  4.09 Mbits/sec                  
[  5]  32.00-33.00  sec   395 KBytes  3.23 Mbits/sec                  
[  5]  33.00-34.00  sec   255 KBytes  2.09 Mbits/sec                  
[  5]  34.00-35.00  sec   474 KBytes  3.88 Mbits/sec                  
[  5]  35.00-36.00  sec   539 KBytes  4.41 Mbits/sec                  
[  5]  36.00-37.00  sec  49.5 KBytes   405 Kbits/sec                  
[  5]  37.00-38.00  sec  11.3 KBytes  92.7 Kbits/sec                  
[  5]  38.00-39.00  sec   994 KBytes  8.14 Mbits/sec                  
[  5]  39.00-40.00  sec   420 KBytes  3.44 Mbits/sec                  
[  5]  40.00-41.00  sec   276 KBytes  2.26 Mbits/sec                  
[  5]  41.00-42.00  sec   260 KBytes  2.13 Mbits/sec                  
[  5]  42.00-43.00  sec   411 KBytes  3.37 Mbits/sec                  
[  5]  43.00-44.00  sec   445 KBytes  3.65 Mbits/sec                  
[  5]  44.00-45.00  sec   137 KBytes  1.12 Mbits/sec                  
[  5]  45.00-46.00  sec   427 KBytes  3.50 Mbits/sec                  
[  5]  46.00-47.00  sec  0.00 Bytes  0.00 bits/sec                  
[  5]  47.00-48.00  sec  99.0 KBytes   810 Kbits/sec                  
[  5]  48.00-49.00  sec   765 KBytes  6.28 Mbits/sec                  
[  5]  49.00-50.00  sec  12.7 KBytes   104 Kbits/sec                  
[  5]  50.00-51.00  sec  9.90 KBytes  81.1 Kbits/sec                  
[  5]  51.00-52.00  sec  11.3 KBytes  92.5 Kbits/sec                  
[  5]  52.00-53.00  sec  73.5 KBytes   603 Kbits/sec                  
[  5]  53.00-54.00  sec   454 KBytes  3.72 Mbits/sec                  
[  5]  54.00-55.00  sec  1.24 MBytes  10.4 Mbits/sec                  
[  5]  55.00-56.00  sec  1.11 MBytes  9.32 Mbits/sec                  
[  5]  56.00-57.00  sec  1.01 MBytes  8.47 Mbits/sec                  
[  5]  57.00-58.00  sec  1.05 MBytes  8.80 Mbits/sec                  
[  5]  58.00-59.00  sec  1.01 MBytes  8.48 Mbits/sec                  
[  5]  59.00-60.00  sec  1.03 MBytes  8.65 Mbits/sec                  
[  5]  60.00-61.01  sec  1007 KBytes  8.13 Mbits/sec                  
[  5]  61.01-62.00  sec  1024 KBytes  8.51 Mbits/sec                  
[  5]  62.00-63.00  sec  1.10 MBytes  9.21 Mbits/sec                  
[  5]  63.00-64.00  sec  1.04 MBytes  8.70 Mbits/sec                  
[  5]  64.00-65.00  sec  1.11 MBytes  9.35 Mbits/sec                  
[  5]  65.00-66.00  sec  1.09 MBytes  9.17 Mbits/sec                  
[  5]  66.00-67.00  sec  1.11 MBytes  9.33 Mbits/sec                  
[  5]  67.00-68.00  sec  1.12 MBytes  9.43 Mbits/sec                  
[  5]  68.00-69.00  sec   853 KBytes  6.98 Mbits/sec                  
[  5]  69.00-70.00  sec   785 KBytes  6.43 Mbits/sec                  
[  5]  70.00-71.00  sec  1.11 MBytes  9.32 Mbits/sec                  
[  5]  71.00-72.00  sec  1.10 MBytes  9.20 Mbits/sec                  
[  5]  72.00-73.00  sec  1.10 MBytes  9.20 Mbits/sec                  
[  5]  73.00-74.00  sec  1.10 MBytes  9.23 Mbits/sec                  
[  5]  74.00-75.00  sec  1.09 MBytes  9.13 Mbits/sec                  
[  5]  75.00-76.00  sec  1012 KBytes  8.31 Mbits/sec                  
[  5]  76.00-77.00  sec  1.12 MBytes  9.38 Mbits/sec                  
[  5]  77.00-77.25  sec   255 KBytes  8.30 Mbits/sec                  
- - - - - - - - - - - - - - - - - - - - - - - - -
[ ID] Interval           Transfer     Bandwidth
[  5]   0.00-77.25  sec  0.00 Bytes  0.00 bits/sec                  sender
[  5]   0.00-77.25  sec  42.4 MBytes  4.60 Mbits/sec                  receiver
