-----------------------------------------------------------
Server listening on 5205
-----------------------------------------------------------
Accepted connection from 10.0.0.1, port 33177
[  5] local 10.0.0.2 port 5205 connected to 10.0.0.1 port 46118
[ ID] Interval           Transfer     Bandwidth
[  5]   0.00-1.00   sec  42.4 KBytes   346 Kbits/sec                  
[  5]   1.00-2.00   sec   113 KBytes   928 Kbits/sec                  
[  5]   2.00-3.00   sec   124 KBytes  1.02 Mbits/sec                  
[  5]   3.00-4.00   sec   136 KBytes  1.11 Mbits/sec                  
[  5]   4.00-5.00   sec   136 KBytes  1.11 Mbits/sec                  
[  5]   5.00-6.00   sec   109 KBytes   892 Kbits/sec                  
[  5]   6.00-7.00   sec   119 KBytes   973 Kbits/sec                  
[  5]   7.00-8.00   sec   144 KBytes  1.18 Mbits/sec                  
[  5]   8.00-9.00   sec   194 KBytes  1.59 Mbits/sec                  
[  5]   9.00-10.00  sec  21.2 KBytes   174 Kbits/sec                  
[  5]  10.00-11.00  sec   279 KBytes  2.28 Mbits/sec                  
[  5]  11.00-12.00  sec  25.5 KBytes   208 Kbits/sec                  
[  5]  12.00-13.00  sec  5.66 KBytes  46.4 Kbits/sec                  
[  5]  13.00-14.00  sec  0.00 Bytes  0.00 bits/sec                  
[  5]  14.00-15.00  sec  0.00 Bytes  0.00 bits/sec                  
[  5]  15.00-16.00  sec  56.6 KBytes   464 Kbits/sec                  
[  5]  16.00-17.00  sec   250 KBytes  2.05 Mbits/sec                  
[  5]  17.00-18.00  sec  0.00 Bytes  0.00 bits/sec                  
[  5]  18.00-19.00  sec   772 KBytes  6.33 Mbits/sec                  
[  5]  19.00-20.00  sec  58.0 KBytes   474 Kbits/sec                  
[  5]  20.00-21.00  sec   173 KBytes  1.42 Mbits/sec                  
[  5]  21.00-22.00  sec   120 KBytes   985 Kbits/sec                  
[  5]  22.00-23.00  sec   178 KBytes  1.46 Mbits/sec                  
[  5]  23.00-24.00  sec   191 KBytes  1.56 Mbits/sec                  
[  5]  24.00-25.00  sec   102 KBytes   834 Kbits/sec                  
[  5]  25.00-26.00  sec   235 KBytes  1.92 Mbits/sec                  
[  5]  26.00-27.00  sec   198 KBytes  1.62 Mbits/sec                  
[  5]  27.00-28.00  sec  73.5 KBytes   602 Kbits/sec                  
[  5]  28.00-29.01  sec   208 KBytes  1.69 Mbits/sec                  
[  5]  29.01-30.00  sec  77.8 KBytes   640 Kbits/sec                  
[  5]  30.00-31.00  sec   235 KBytes  1.92 Mbits/sec                  
[  5]  31.00-32.00  sec  89.1 KBytes   729 Kbits/sec                  
[  5]  32.00-33.00  sec   313 KBytes  2.56 Mbits/sec                  
[  5]  33.00-34.00  sec   122 KBytes   996 Kbits/sec                  
[  5]  34.00-35.00  sec   130 KBytes  1.07 Mbits/sec                  
[  5]  35.00-36.00  sec  0.00 Bytes  0.00 bits/sec                  
[  5]  36.00-37.00  sec  0.00 Bytes  0.00 bits/sec                  
[  5]  37.00-38.00  sec  0.00 Bytes  0.00 bits/sec                  
[  5]  38.00-39.00  sec   229 KBytes  1.88 Mbits/sec                  
[  5]  39.00-40.00  sec   194 KBytes  1.59 Mbits/sec                  
[  5]  40.00-41.00  sec   189 KBytes  1.55 Mbits/sec                  
[  5]  41.00-42.00  sec  56.6 KBytes   463 Kbits/sec                  
[  5]  42.00-43.00  sec  28.3 KBytes   232 Kbits/sec                  
[  5]  43.00-44.00  sec  0.00 Bytes  0.00 bits/sec                  
[  5]  44.00-45.00  sec  1.05 MBytes  8.77 Mbits/sec                  
[  5]  45.00-46.01  sec  0.00 Bytes  0.00 bits/sec                  
[  5]  46.01-46.41  sec   206 KBytes  4.23 Mbits/sec                  
- - - - - - - - - - - - - - - - - - - - - - - - -
[ ID] Interval           Transfer     Bandwidth
[  5]   0.00-46.41  sec  0.00 Bytes  0.00 bits/sec                  sender
[  5]   0.00-46.41  sec  6.84 MBytes  1.24 Mbits/sec                  receiver
