-----------------------------------------------------------
Server listening on 5202
-----------------------------------------------------------
Accepted connection from 10.0.0.1, port 40046
[  5] local 10.0.0.2 port 5202 connected to 10.0.0.1 port 46112
[ ID] Interval           Transfer     Bandwidth
[  5]   0.00-1.00   sec   334 KBytes  2.73 Mbits/sec                  
[  5]   1.00-2.00   sec   349 KBytes  2.86 Mbits/sec                  
[  5]   2.00-3.00   sec   386 KBytes  3.16 Mbits/sec                  
[  5]   3.00-4.00   sec   390 KBytes  3.20 Mbits/sec                  
[  5]   4.00-5.00   sec   437 KBytes  3.58 Mbits/sec                  
[  5]   5.00-6.00   sec   393 KBytes  3.22 Mbits/sec                  
[  5]   6.00-7.00   sec   404 KBytes  3.31 Mbits/sec                  
[  5]   7.00-8.00   sec   385 KBytes  3.15 Mbits/sec                  
[  5]   8.00-9.00   sec   390 KBytes  3.20 Mbits/sec                  
[  5]   9.00-10.00  sec   375 KBytes  3.07 Mbits/sec                  
[  5]  10.00-11.00  sec   337 KBytes  2.76 Mbits/sec                  
[  5]  11.00-12.00  sec   380 KBytes  3.12 Mbits/sec                  
[  5]  12.00-13.00  sec   402 KBytes  3.29 Mbits/sec                  
[  5]  13.00-14.00  sec   335 KBytes  2.74 Mbits/sec                  
[  5]  14.00-15.00  sec   379 KBytes  3.10 Mbits/sec                  
[  5]  15.00-16.01  sec  80.6 KBytes   656 Kbits/sec                  
[  5]  16.01-17.00  sec  0.00 Bytes  0.00 bits/sec                  
[  5]  17.00-17.90  sec  0.00 Bytes  0.00 bits/sec                  
- - - - - - - - - - - - - - - - - - - - - - - - -
[ ID] Interval           Transfer     Bandwidth
[  5]   0.00-17.90  sec  0.00 Bytes  0.00 bits/sec                  sender
[  5]   0.00-17.90  sec  5.62 MBytes  2.63 Mbits/sec                  receiver
