Connecting to host 10.0.0.2, port 5201
[  4] local 10.0.0.1 port 46110 connected to 10.0.0.2 port 5201
[ ID] Interval           Transfer     Bandwidth       Retr  Cwnd
[  4]   0.00-1.01   sec   684 KBytes  5.58 Mbits/sec    0   59.4 KBytes       
[  4]   1.01-2.01   sec   509 KBytes  4.17 Mbits/sec    0   79.2 KBytes       
[  4]   2.01-3.01   sec   509 KBytes  4.18 Mbits/sec    0   97.6 KBytes       
[  4]   3.01-4.00   sec   445 KBytes  3.67 Mbits/sec    0    117 KBytes       
[  4]   4.00-5.00   sec   382 KBytes  3.12 Mbits/sec    0    130 KBytes       
[  4]   5.00-6.00   sec   255 KBytes  2.09 Mbits/sec    3    134 KBytes       
[  4]   6.00-7.00   sec   255 KBytes  2.09 Mbits/sec    0    136 KBytes       
[  4]   7.00-8.00   sec   318 KBytes  2.61 Mbits/sec    0    140 KBytes       
[  4]   8.00-9.00   sec   318 KBytes  2.61 Mbits/sec    0    153 KBytes       
[  4]   9.00-10.00  sec   318 KBytes  2.61 Mbits/sec    0    170 KBytes       
[  4]  10.00-11.00  sec   445 KBytes  3.65 Mbits/sec    0    208 KBytes       
[  4]  11.00-12.00  sec   445 KBytes  3.65 Mbits/sec    0    253 KBytes       
[  4]  12.00-13.00  sec   382 KBytes  3.13 Mbits/sec    0    291 KBytes       
[  4]  13.00-14.00  sec   573 KBytes  4.69 Mbits/sec    0    362 KBytes       
[  4]  14.00-15.00  sec   827 KBytes  6.77 Mbits/sec    0    474 KBytes       
[  4]  15.00-16.00  sec   509 KBytes  4.17 Mbits/sec    0    537 KBytes       
[  4]  16.00-17.00  sec   318 KBytes  2.61 Mbits/sec    0    584 KBytes       
[  4]  17.00-18.00  sec   191 KBytes  1.56 Mbits/sec   78    433 KBytes       
[  4]  18.00-19.00  sec  0.00 Bytes  0.00 bits/sec   24    427 KBytes       
[  4]  19.00-20.00  sec  0.00 Bytes  0.00 bits/sec   43    427 KBytes       
[  4]  20.00-21.00  sec  0.00 Bytes  0.00 bits/sec   33    413 KBytes       
[  4]  21.00-22.00  sec  0.00 Bytes  0.00 bits/sec   38    307 KBytes       
[  4]  22.00-23.00  sec   127 KBytes  1.04 Mbits/sec   11   1.41 KBytes       
[  4]  23.00-24.00  sec   509 KBytes  4.17 Mbits/sec   52    431 KBytes       
[  4]  24.00-25.00  sec   636 KBytes  5.21 Mbits/sec    0    464 KBytes       
[  4]  25.00-26.00  sec   445 KBytes  3.65 Mbits/sec    0    486 KBytes       
[  4]  26.00-27.00  sec   255 KBytes  2.09 Mbits/sec    0    499 KBytes       
[  4]  27.00-28.00  sec   255 KBytes  2.08 Mbits/sec    0    512 KBytes       
[  4]  28.00-29.00  sec  63.6 KBytes   522 Kbits/sec    0    525 KBytes       
[  4]  29.00-30.00  sec   382 KBytes  3.13 Mbits/sec    0    571 KBytes       
[  4]  30.00-30.00  sec  0.00 Bytes  0.00 bits/sec    0    571 KBytes       
- - - - - - - - - - - - - - - - - - - - - - - - -
[ ID] Interval           Transfer     Bandwidth       Retr
[  4]   0.00-30.00  sec  10.1 MBytes  2.83 Mbits/sec  282             sender
[  4]   0.00-30.00  sec  6.82 MBytes  1.91 Mbits/sec                  receiver

iperf Done.
