Connecting to host 10.0.0.2, port 5203
[  4] local 10.0.0.1 port 46114 connected to 10.0.0.2 port 5203
[ ID] Interval           Transfer     Bandwidth       Retr  Cwnd
[  4]   0.00-1.00   sec   609 KBytes  4.99 Mbits/sec    0   84.8 KBytes       
[  4]   1.00-2.00   sec   445 KBytes  3.65 Mbits/sec    0    102 KBytes       
[  4]   2.00-3.00   sec   382 KBytes  3.13 Mbits/sec    0    119 KBytes       
[  4]   3.00-4.00   sec   318 KBytes  2.61 Mbits/sec    0    130 KBytes       
[  4]   4.00-5.00   sec   382 KBytes  3.13 Mbits/sec    0    144 KBytes       
[  4]   5.00-6.00   sec   318 KBytes  2.61 Mbits/sec    0    158 KBytes       
[  4]   6.00-7.00   sec   573 KBytes  4.69 Mbits/sec    0    201 KBytes       
[  4]   7.00-8.00   sec   509 KBytes  4.17 Mbits/sec    0    246 KBytes       
[  4]   8.00-9.00   sec   573 KBytes  4.69 Mbits/sec    0    315 KBytes       
[  4]   9.00-10.00  sec   891 KBytes  7.30 Mbits/sec    0    423 KBytes       
[  4]  10.00-11.00  sec   764 KBytes  6.25 Mbits/sec    0    520 KBytes       
[  4]  11.00-12.00  sec   764 KBytes  6.26 Mbits/sec    0    612 KBytes       
[  4]  12.00-13.00  sec   891 KBytes  7.30 Mbits/sec    0    731 KBytes       
[  4]  13.00-14.00  sec  1.25 MBytes  10.5 Mbits/sec    0    911 KBytes       
[  4]  14.00-15.00  sec  56.3 KBytes   460 Kbits/sec    4    904 KBytes       
[  4]  15.00-16.00  sec  0.00 Bytes  0.00 bits/sec   62    762 KBytes       
[  4]  16.00-17.00  sec  0.00 Bytes  0.00 bits/sec  145    638 KBytes       
[  4]  17.00-18.00  sec  0.00 Bytes  0.00 bits/sec    2    639 KBytes       
[  4]  18.00-19.00  sec  63.6 KBytes   521 Kbits/sec  186    376 KBytes       
[  4]  19.00-20.00  sec  1.25 MBytes  10.5 Mbits/sec   23    505 KBytes       
[  4]  20.00-21.00  sec  1011 KBytes  8.28 Mbits/sec    0    467 KBytes       
[  4]  21.00-21.00  sec  0.00 Bytes  0.00 bits/sec    0    467 KBytes       
- - - - - - - - - - - - - - - - - - - - - - - - -
[ ID] Interval           Transfer     Bandwidth       Retr
[  4]   0.00-21.00  sec  10.8 MBytes  4.33 Mbits/sec  422             sender
[  4]   0.00-21.00  sec  6.24 MBytes  2.49 Mbits/sec                  receiver

iperf Done.
