-----------------------------------------------------------
Server listening on 5202
-----------------------------------------------------------
Accepted connection from 10.0.0.1, port 57102
[  5] local 10.0.0.2 port 5202 connected to 10.0.0.1 port 46112
[ ID] Interval           Transfer     Bandwidth
[  5]   0.00-1.00   sec   400 KBytes  3.27 Mbits/sec                  
[  5]   1.00-2.00   sec   310 KBytes  2.54 Mbits/sec                  
[  5]   2.00-3.00   sec   243 KBytes  1.99 Mbits/sec                  
[  5]   3.00-4.00   sec   222 KBytes  1.82 Mbits/sec                  
[  5]   4.00-5.00   sec   226 KBytes  1.85 Mbits/sec                  
[  5]   5.00-6.00   sec   232 KBytes  1.90 Mbits/sec                  
[  5]   6.00-7.00   sec   222 KBytes  1.82 Mbits/sec                  
[  5]   7.00-8.00   sec   290 KBytes  2.37 Mbits/sec                  
[  5]   8.00-9.00   sec   277 KBytes  2.27 Mbits/sec                  
[  5]   9.00-10.00  sec   171 KBytes  1.40 Mbits/sec                  
[  5]  10.00-11.00  sec   280 KBytes  2.29 Mbits/sec                  
[  5]  11.00-12.00  sec   338 KBytes  2.77 Mbits/sec                  
[  5]  12.00-13.00  sec   168 KBytes  1.38 Mbits/sec                  
[  5]  13.00-14.00  sec   240 KBytes  1.97 Mbits/sec                  
[  5]  14.00-15.00  sec  8.48 KBytes  69.5 Kbits/sec                  
[  5]  15.00-16.00  sec  0.00 Bytes  0.00 bits/sec                  
[  5]  16.00-17.00  sec  9.90 KBytes  81.1 Kbits/sec                  
[  5]  17.00-18.00  sec  0.00 Bytes  0.00 bits/sec                  
[  5]  18.00-19.00  sec  0.00 Bytes  0.00 bits/sec                  
[  5]  19.00-20.00  sec   485 KBytes  3.97 Mbits/sec                  
[  5]  20.00-21.00  sec  1.14 MBytes  9.55 Mbits/sec                  
[  5]  21.00-22.00  sec   129 KBytes  1.05 Mbits/sec                  
[  5]  22.00-22.51  sec   201 KBytes  3.24 Mbits/sec                  
- - - - - - - - - - - - - - - - - - - - - - - - -
[ ID] Interval           Transfer     Bandwidth
[  5]   0.00-22.51  sec  0.00 Bytes  0.00 bits/sec                  sender
[  5]   0.00-22.51  sec  5.49 MBytes  2.04 Mbits/sec                  receiver
