-----------------------------------------------------------
Server listening on 5202
-----------------------------------------------------------
Accepted connection from 10.0.0.1, port 53757
[  5] local 10.0.0.2 port 5202 connected to 10.0.0.1 port 46112
[ ID] Interval           Transfer     Bandwidth
[  5]   0.00-1.00   sec   402 KBytes  3.28 Mbits/sec                  
[  5]   1.00-2.04   sec   272 KBytes  2.15 Mbits/sec                  
[  5]   2.04-3.11   sec   303 KBytes  2.30 Mbits/sec                  
[  5]   3.11-4.00   sec   259 KBytes  2.38 Mbits/sec                  
[  5]   4.00-5.00   sec   222 KBytes  1.82 Mbits/sec                  
[  5]   5.00-6.01   sec   325 KBytes  2.65 Mbits/sec                  
[  5]   6.01-7.00   sec   257 KBytes  2.12 Mbits/sec                  
[  5]   7.00-8.01   sec   321 KBytes  2.62 Mbits/sec                  
[  5]   8.01-9.00   sec   296 KBytes  2.43 Mbits/sec                  
[  5]   9.00-10.00  sec   281 KBytes  2.31 Mbits/sec                  
[  5]  10.00-11.00  sec   407 KBytes  3.33 Mbits/sec                  
[  5]  11.00-12.00  sec   376 KBytes  3.08 Mbits/sec                  
[  5]  12.00-13.00  sec   187 KBytes  1.53 Mbits/sec                  
[  5]  13.00-14.00  sec   272 KBytes  2.23 Mbits/sec                  
[  5]  14.00-15.01  sec   520 KBytes  4.23 Mbits/sec                  
[  5]  15.01-16.04  sec   338 KBytes  2.69 Mbits/sec                  
[  5]  16.04-17.02  sec   373 KBytes  3.10 Mbits/sec                  
[  5]  17.02-18.00  sec   283 KBytes  2.37 Mbits/sec                  
[  5]  18.00-19.00  sec  0.00 Bytes  0.00 bits/sec                  
[  5]  19.00-20.00  sec  0.00 Bytes  0.00 bits/sec                  
[  5]  20.00-21.00  sec  1.41 KBytes  11.6 Kbits/sec                  
[  5]  21.00-22.00  sec  0.00 Bytes  0.00 bits/sec                  
[  5]  22.00-23.00  sec  0.00 Bytes  0.00 bits/sec                  
[  5]  23.00-24.00  sec  14.1 KBytes   116 Kbits/sec                  
[  5]  24.00-25.00  sec  0.00 Bytes  0.00 bits/sec                  
[  5]  25.00-26.00  sec  0.00 Bytes  0.00 bits/sec                  
[  5]  26.00-27.00  sec  0.00 Bytes  0.00 bits/sec                  
[  5]  27.00-28.00  sec  0.00 Bytes  0.00 bits/sec                  
[  5]  28.00-29.00  sec  9.90 KBytes  81.1 Kbits/sec                  
[  5]  29.00-30.00  sec  0.00 Bytes  0.00 bits/sec                  
[  5]  30.00-31.00  sec  0.00 Bytes  0.00 bits/sec                  
[  5]  31.00-32.02  sec  0.00 Bytes  0.00 bits/sec                  
[  5]  32.02-33.00  sec  0.00 Bytes  0.00 bits/sec                  
[  5]  33.00-34.00  sec  0.00 Bytes  0.00 bits/sec                  
[  5]  34.00-35.00  sec  0.00 Bytes  0.00 bits/sec                  
[  5]  35.00-36.00  sec  0.00 Bytes  0.00 bits/sec                  
[  5]  36.00-37.00  sec  0.00 Bytes  0.00 bits/sec                  
[  5]  37.00-38.00  sec  0.00 Bytes  0.00 bits/sec                  
[  5]  38.00-39.00  sec  59.4 KBytes   486 Kbits/sec                  
[  5]  39.00-40.00  sec  0.00 Bytes  0.00 bits/sec                  
[  5]  40.00-41.00  sec  0.00 Bytes  0.00 bits/sec                  
[  5]  41.00-42.00  sec  1.20 MBytes  10.1 Mbits/sec                  
[  5]  42.00-43.00  sec   748 KBytes  6.13 Mbits/sec                  
[  5]  43.00-44.00  sec  0.00 Bytes  0.00 bits/sec                  
[  5]  44.00-45.00  sec   375 KBytes  3.07 Mbits/sec                  
[  5]  45.00-46.00  sec  31.1 KBytes   255 Kbits/sec                  
[  5]  46.00-47.00  sec   123 KBytes  1.01 Mbits/sec                  
[  5]  47.00-48.00  sec   156 KBytes  1.27 Mbits/sec                  
[  5]  48.00-49.00  sec  76.4 KBytes   626 Kbits/sec                  
[  5]  49.00-50.00  sec   307 KBytes  2.51 Mbits/sec                  
[  5]  50.00-51.00  sec  41.0 KBytes   336 Kbits/sec                  
[  5]  51.00-52.00  sec   583 KBytes  4.77 Mbits/sec                  
[  5]  52.00-53.00  sec  1.13 MBytes  9.45 Mbits/sec                  
[  5]  53.00-54.00  sec  1.03 MBytes  8.68 Mbits/sec                  
[  5]  54.00-55.00  sec  1.13 MBytes  9.44 Mbits/sec                  
[  5]  55.00-56.00  sec  1.12 MBytes  9.42 Mbits/sec                  
[  5]  56.00-57.00  sec  1.14 MBytes  9.53 Mbits/sec                  
[  5]  57.00-58.00  sec   426 KBytes  3.48 Mbits/sec                  
[  5]  58.00-59.00  sec  0.00 Bytes  0.00 bits/sec                  
[  5]  59.00-60.00  sec  1.68 MBytes  14.1 Mbits/sec                  
[  5]  60.00-61.01  sec  2.21 MBytes  18.3 Mbits/sec                  
[  5]  61.01-62.00  sec  1.20 MBytes  10.2 Mbits/sec                  
[  5]  62.00-63.00  sec  1.12 MBytes  9.38 Mbits/sec                  
[  5]  63.00-64.00  sec   351 KBytes  2.86 Mbits/sec                  
[  5]  64.00-65.00  sec   177 KBytes  1.45 Mbits/sec                  
[  5]  65.00-66.00  sec  1.67 MBytes  14.0 Mbits/sec                  
[  5]  66.00-67.00  sec  2.29 MBytes  19.2 Mbits/sec                  
[  5]  67.00-68.00  sec  1.13 MBytes  9.44 Mbits/sec                  
[  5]  68.00-69.00  sec  1.18 MBytes  9.87 Mbits/sec                  
[  5]  69.00-70.00  sec   930 KBytes  7.62 Mbits/sec                  
[  5]  70.00-71.00  sec  0.00 Bytes  0.00 bits/sec                  
[  5]  71.00-72.00  sec  1.05 MBytes  8.81 Mbits/sec                  
[  5]  72.00-73.00  sec  2.04 MBytes  17.1 Mbits/sec                  
[  5]  73.00-74.00  sec   930 KBytes  7.63 Mbits/sec                  
[  5]  74.00-75.00  sec   969 KBytes  7.92 Mbits/sec                  
[  5]  75.00-76.00  sec  1.06 MBytes  8.93 Mbits/sec                  
[  5]  76.00-77.00  sec  1.12 MBytes  9.36 Mbits/sec                  
[  5]  77.00-77.90  sec   954 KBytes  8.71 Mbits/sec                  
- - - - - - - - - - - - - - - - - - - - - - - - -
[ ID] Interval           Transfer     Bandwidth
[  5]   0.00-77.90  sec  0.00 Bytes  0.00 bits/sec                  sender
[  5]   0.00-77.90  sec  37.1 MBytes  4.00 Mbits/sec                  receiver
