-----------------------------------------------------------
Server listening on 5201
-----------------------------------------------------------
Accepted connection from 10.0.0.1, port 33959
[  5] local 10.0.0.2 port 5201 connected to 10.0.0.1 port 46110
[ ID] Interval           Transfer     Bandwidth
[  5]   0.00-1.00   sec   806 KBytes  6.60 Mbits/sec                  
[  5]   1.00-2.00   sec   757 KBytes  6.20 Mbits/sec                  
[  5]   2.00-3.00   sec   591 KBytes  4.84 Mbits/sec                  
[  5]   3.00-4.00   sec   462 KBytes  3.79 Mbits/sec                  
[  5]   4.00-5.00   sec   420 KBytes  3.44 Mbits/sec                  
[  5]   5.00-6.00   sec   335 KBytes  2.75 Mbits/sec                  
[  5]   6.00-7.00   sec   346 KBytes  2.84 Mbits/sec                  
[  5]   7.00-8.00   sec   270 KBytes  2.21 Mbits/sec                  
[  5]   8.00-9.00   sec   294 KBytes  2.41 Mbits/sec                  
[  5]   9.00-10.00  sec   284 KBytes  2.33 Mbits/sec                  
[  5]  10.00-11.00  sec   332 KBytes  2.72 Mbits/sec                  
[  5]  11.00-12.00  sec   346 KBytes  2.84 Mbits/sec                  
[  5]  12.00-13.00  sec   411 KBytes  3.37 Mbits/sec                  
[  5]  13.00-14.00  sec   355 KBytes  2.91 Mbits/sec                  
[  5]  14.00-15.00  sec   249 KBytes  2.04 Mbits/sec                  
[  5]  15.00-16.00  sec   478 KBytes  3.91 Mbits/sec                  
[  5]  16.00-17.00  sec   315 KBytes  2.58 Mbits/sec                  
[  5]  17.00-18.00  sec   495 KBytes  4.05 Mbits/sec                  
[  5]  18.00-19.00  sec   236 KBytes  1.93 Mbits/sec                  
[  5]  19.00-20.00  sec   188 KBytes  1.54 Mbits/sec                  
[  5]  20.00-21.00  sec  0.00 Bytes  0.00 bits/sec                  
[  5]  21.00-22.00  sec  21.2 KBytes   174 Kbits/sec                  
[  5]  22.00-23.00  sec  0.00 Bytes  0.00 bits/sec                  
[  5]  23.00-24.00  sec   588 KBytes  4.82 Mbits/sec                  
[  5]  24.00-25.00  sec   617 KBytes  5.05 Mbits/sec                  
[  5]  25.00-26.00  sec  2.15 MBytes  18.0 Mbits/sec                  
[  5]  26.00-27.00  sec   897 KBytes  7.34 Mbits/sec                  
[  5]  27.00-28.00  sec   236 KBytes  1.93 Mbits/sec                  
[  5]  28.00-29.00  sec   761 KBytes  6.23 Mbits/sec                  
[  5]  29.00-30.00  sec  0.00 Bytes  0.00 bits/sec                  
[  5]  30.00-31.00  sec   803 KBytes  6.58 Mbits/sec                  
[  5]  31.00-32.00  sec  9.90 KBytes  81.1 Kbits/sec                  
[  5]  32.00-33.00  sec   819 KBytes  6.71 Mbits/sec                  
[  5]  33.00-34.00  sec  0.00 Bytes  0.00 bits/sec                  
[  5]  34.00-35.00  sec   839 KBytes  6.86 Mbits/sec                  
[  5]  35.00-36.00  sec  0.00 Bytes  0.00 bits/sec                  
[  5]  36.00-37.00  sec   778 KBytes  6.38 Mbits/sec                  
[  5]  37.00-38.00  sec  73.5 KBytes   602 Kbits/sec                  
[  5]  38.00-39.00  sec   646 KBytes  5.30 Mbits/sec                  
[  5]  39.00-40.00  sec   245 KBytes  2.00 Mbits/sec                  
[  5]  40.00-41.00  sec   458 KBytes  3.76 Mbits/sec                  
[  5]  41.00-42.00  sec   530 KBytes  4.34 Mbits/sec                  
[  5]  42.00-43.00  sec   117 KBytes   962 Kbits/sec                  
[  5]  43.00-44.00  sec   547 KBytes  4.48 Mbits/sec                  
[  5]  44.00-45.00  sec  0.00 Bytes  0.00 bits/sec                  
[  5]  45.00-46.00  sec   165 KBytes  1.36 Mbits/sec                  
[  5]  46.00-47.00  sec  0.00 Bytes  0.00 bits/sec                  
[  5]  47.00-48.00  sec   288 KBytes  2.36 Mbits/sec                  
[  5]  48.00-49.00  sec  0.00 Bytes  0.00 bits/sec                  
[  5]  49.00-50.00  sec   533 KBytes  4.36 Mbits/sec                  
[  5]  50.00-51.00  sec   642 KBytes  5.27 Mbits/sec                  
[  5]  51.00-52.00  sec  0.00 Bytes  0.00 bits/sec                  
[  5]  52.00-53.00  sec  2.73 MBytes  22.9 Mbits/sec                  
[  5]  53.00-54.00  sec   649 KBytes  5.32 Mbits/sec                  
[  5]  54.00-55.00  sec   665 KBytes  5.44 Mbits/sec                  
[  5]  55.00-56.00  sec   749 KBytes  6.14 Mbits/sec                  
[  5]  56.00-57.00  sec  1.08 MBytes  9.05 Mbits/sec                  
[  5]  57.00-58.00  sec  1.14 MBytes  9.54 Mbits/sec                  
[  5]  58.00-59.00  sec  1.14 MBytes  9.57 Mbits/sec                  
[  5]  59.00-60.00  sec  1.14 MBytes  9.57 Mbits/sec                  
[  5]  60.00-61.00  sec  1.11 MBytes  9.29 Mbits/sec                  
[  5]  61.00-62.00  sec   690 KBytes  5.64 Mbits/sec                  
[  5]  62.00-63.00  sec  1.13 MBytes  9.47 Mbits/sec                  
[  5]  63.00-64.00  sec  1.13 MBytes  9.50 Mbits/sec                  
[  5]  64.00-65.00  sec  1.12 MBytes  9.36 Mbits/sec                  
[  5]  65.00-66.00  sec  1.15 MBytes  9.64 Mbits/sec                  
[  5]  66.00-67.00  sec  1.13 MBytes  9.46 Mbits/sec                  
[  5]  67.00-68.00  sec  1.13 MBytes  9.46 Mbits/sec                  
[  5]  68.00-69.00  sec  1.13 MBytes  9.47 Mbits/sec                  
[  5]  69.00-70.00  sec  1.07 MBytes  8.98 Mbits/sec                  
[  5]  70.00-71.00  sec  1.13 MBytes  9.46 Mbits/sec                  
[  5]  71.00-72.00  sec  1.13 MBytes  9.45 Mbits/sec                  
[  5]  72.00-73.00  sec  1.13 MBytes  9.45 Mbits/sec                  
[  5]  73.00-73.64  sec   614 KBytes  7.81 Mbits/sec                  
- - - - - - - - - - - - - - - - - - - - - - - - -
[ ID] Interval           Transfer     Bandwidth
[  5]   0.00-73.64  sec  0.00 Bytes  0.00 bits/sec                  sender
[  5]   0.00-73.64  sec  44.3 MBytes  5.04 Mbits/sec                  receiver
