Connecting to host 10.0.0.2, port 5201
[  4] local 10.0.0.1 port 46110 connected to 10.0.0.2 port 5201
[ ID] Interval           Transfer     Bandwidth       Retr  Cwnd
[  4]   0.00-1.00   sec   947 KBytes  7.76 Mbits/sec    0   67.9 KBytes       
[  4]   1.00-2.05   sec   382 KBytes  2.99 Mbits/sec    0   83.4 KBytes       
[  4]   2.05-3.00   sec   318 KBytes  2.73 Mbits/sec    0   94.7 KBytes       
[  4]   3.00-4.00   sec   382 KBytes  3.14 Mbits/sec    0    112 KBytes       
[  4]   4.00-5.00   sec   318 KBytes  2.61 Mbits/sec    0    123 KBytes       
[  4]   5.00-6.02   sec   382 KBytes  3.08 Mbits/sec    0    143 KBytes       
[  4]   6.02-7.00   sec   636 KBytes  5.29 Mbits/sec    0    198 KBytes       
[  4]   7.00-8.00   sec   827 KBytes  6.79 Mbits/sec    0    266 KBytes       
[  4]   8.00-9.00   sec  1.06 MBytes  8.87 Mbits/sec    0    376 KBytes       
[  4]   9.00-10.00  sec  1.06 MBytes  8.86 Mbits/sec    0    489 KBytes       
[  4]  10.00-11.04  sec  1.12 MBytes  9.02 Mbits/sec    0    612 KBytes       
[  4]  11.04-12.11  sec  1.25 MBytes  9.82 Mbits/sec    0    782 KBytes       
[  4]  12.11-13.00  sec   947 KBytes  8.68 Mbits/sec    0    885 KBytes       
[  4]  13.00-14.18  sec  1.25 MBytes  8.90 Mbits/sec    0   1.04 MBytes       
[  4]  14.18-15.00  sec   947 KBytes  9.43 Mbits/sec    0   1.11 MBytes       
[  4]  15.00-16.00  sec  1.06 MBytes  8.87 Mbits/sec    0   1.23 MBytes       
[  4]  16.00-17.00  sec  1.12 MBytes  9.37 Mbits/sec   30   1.28 MBytes       
[  4]  17.00-18.00  sec  0.00 Bytes  0.00 bits/sec   48   1.12 MBytes       
[  4]  18.00-19.00  sec  0.00 Bytes  0.00 bits/sec  135    973 KBytes       
[  4]  19.00-20.00  sec   127 KBytes  1.04 Mbits/sec   23    973 KBytes       
[  4]  20.00-21.01  sec   700 KBytes  5.71 Mbits/sec    0    973 KBytes       
[  4]  21.01-22.00  sec  1018 KBytes  8.40 Mbits/sec    2    974 KBytes       
[  4]  22.00-23.00  sec   509 KBytes  4.16 Mbits/sec    0    974 KBytes       
[  4]  23.00-24.00  sec   827 KBytes  6.79 Mbits/sec   15    974 KBytes       
[  4]  24.00-25.00  sec   445 KBytes  3.65 Mbits/sec    0    976 KBytes       
[  4]  25.00-26.00  sec   700 KBytes  5.71 Mbits/sec    0    977 KBytes       
[  4]  26.00-27.00  sec  0.00 Bytes  0.00 bits/sec    0    979 KBytes       
[  4]  27.00-28.00  sec  0.00 Bytes  0.00 bits/sec   11    790 KBytes       
[  4]  28.00-29.00  sec   700 KBytes  5.73 Mbits/sec   14    684 KBytes       
[  4]  29.00-30.00  sec  0.00 Bytes  0.00 bits/sec    0    684 KBytes       
[  4]  30.00-31.00  sec  1.25 MBytes  10.5 Mbits/sec    0    703 KBytes       
[  4]  31.00-32.00  sec  1.11 MBytes  9.33 Mbits/sec    0    768 KBytes       
[  4]  32.00-33.00  sec   318 KBytes  2.60 Mbits/sec    0    814 KBytes       
[  4]  33.00-34.00  sec   509 KBytes  4.17 Mbits/sec    0    863 KBytes       
[  4]  34.00-35.00  sec   636 KBytes  5.21 Mbits/sec    0    912 KBytes       
[  4]  35.00-36.00  sec   318 KBytes  2.61 Mbits/sec    0    928 KBytes       
[  4]  36.00-37.00  sec   700 KBytes  5.73 Mbits/sec    0    953 KBytes       
[  4]  37.00-38.00  sec   382 KBytes  3.13 Mbits/sec    0    963 KBytes       
[  4]  38.00-39.00  sec   636 KBytes  5.21 Mbits/sec    0    970 KBytes       
[  4]  39.00-40.00  sec   636 KBytes  5.21 Mbits/sec    0    974 KBytes       
[  4]  40.00-41.00  sec   127 KBytes  1.04 Mbits/sec    0    977 KBytes       
[  4]  41.00-42.00  sec  0.00 Bytes  0.00 bits/sec   12    790 KBytes       
[  4]  42.00-43.00  sec  0.00 Bytes  0.00 bits/sec   11    683 KBytes       
[  4]  43.00-44.00  sec   636 KBytes  5.21 Mbits/sec    0    683 KBytes       
[  4]  44.00-45.00  sec  1.25 MBytes  10.5 Mbits/sec    0    700 KBytes       
[  4]  45.00-46.00  sec  1011 KBytes  8.28 Mbits/sec    0    727 KBytes       
[  4]  46.00-47.00  sec   509 KBytes  4.17 Mbits/sec    0    758 KBytes       
[  4]  47.00-48.00  sec   509 KBytes  4.17 Mbits/sec    0    788 KBytes       
[  4]  48.00-49.00  sec   318 KBytes  2.61 Mbits/sec    0    800 KBytes       
[  4]  49.00-50.00  sec   573 KBytes  4.69 Mbits/sec    0    816 KBytes       
[  4]  50.00-51.00  sec   382 KBytes  3.13 Mbits/sec    0    822 KBytes       
[  4]  51.00-52.00  sec   445 KBytes  3.65 Mbits/sec    0    826 KBytes       
[  4]  52.00-53.00  sec   509 KBytes  4.17 Mbits/sec    0    830 KBytes       
[  4]  53.00-54.00  sec  63.6 KBytes   522 Kbits/sec    0    833 KBytes       
[  4]  54.00-55.00  sec  0.00 Bytes  0.00 bits/sec   14    663 KBytes       
[  4]  55.00-56.00  sec  0.00 Bytes  0.00 bits/sec    2    583 KBytes       
[  4]  56.00-57.00  sec   700 KBytes  5.72 Mbits/sec    0    583 KBytes       
[  4]  57.00-58.00  sec  1.25 MBytes  10.5 Mbits/sec    0    611 KBytes       
[  4]  58.00-59.00  sec   693 KBytes  5.67 Mbits/sec    0    658 KBytes       
[  4]  59.00-60.00  sec   382 KBytes  3.13 Mbits/sec    0    700 KBytes       
[  4]  60.00-61.00  sec   445 KBytes  3.65 Mbits/sec    0    749 KBytes       
[  4]  61.00-62.00  sec   318 KBytes  2.61 Mbits/sec    0    771 KBytes       
[  4]  62.00-63.00  sec   509 KBytes  4.17 Mbits/sec    0    799 KBytes       
[  4]  63.00-64.00  sec   318 KBytes  2.61 Mbits/sec    0    812 KBytes       
[  4]  64.00-65.00  sec  0.00 Bytes  0.00 bits/sec   18    713 KBytes       
[  4]  65.00-66.00  sec  0.00 Bytes  0.00 bits/sec   10    567 KBytes       
[  4]  66.00-67.00  sec   636 KBytes  5.22 Mbits/sec    0    567 KBytes       
[  4]  67.00-68.00  sec  1.06 MBytes  8.85 Mbits/sec    0    626 KBytes       
[  4]  68.00-69.00  sec   636 KBytes  5.21 Mbits/sec    0    696 KBytes       
[  4]  69.00-70.00  sec   318 KBytes  2.61 Mbits/sec    0    730 KBytes       
[  4]  70.00-71.00  sec   445 KBytes  3.65 Mbits/sec    0    759 KBytes       
[  4]  71.00-72.00  sec   573 KBytes  4.69 Mbits/sec    0    786 KBytes       
[  4]  72.00-73.01  sec   318 KBytes  2.60 Mbits/sec   24    468 KBytes       
[  4]  73.01-74.00  sec   573 KBytes  4.71 Mbits/sec  217    795 KBytes       
[  4]  74.00-75.00  sec  0.00 Bytes  0.00 bits/sec    0    796 KBytes       
[  4]  75.00-76.00  sec  63.6 KBytes   522 Kbits/sec  137    557 KBytes       
[  4]  76.00-77.00  sec   255 KBytes  2.08 Mbits/sec   85    557 KBytes       
[  4]  77.00-78.00  sec  1.24 MBytes  10.4 Mbits/sec    0    566 KBytes       
[  4]  78.00-79.00  sec  63.6 KBytes   521 Kbits/sec    3    544 KBytes       
[  4]  79.00-80.00  sec  63.6 KBytes   521 Kbits/sec    5    399 KBytes       
[  4]  80.00-81.00  sec   509 KBytes  4.17 Mbits/sec    0    399 KBytes       
[  4]  81.00-82.00  sec  1.25 MBytes  10.5 Mbits/sec   36    400 KBytes       
[  4]  82.00-83.00  sec  1.25 MBytes  10.5 Mbits/sec    0    403 KBytes       
[  4]  83.00-84.00  sec  1.25 MBytes  10.5 Mbits/sec    0    407 KBytes       
[  4]  84.00-85.00  sec  1.25 MBytes  10.5 Mbits/sec    0    420 KBytes       
[  4]  85.00-86.00  sec   989 KBytes  8.10 Mbits/sec    0    443 KBytes       
[  4]  86.00-87.00  sec  1018 KBytes  8.34 Mbits/sec    0    482 KBytes       
[  4]  87.00-88.00  sec  1018 KBytes  8.34 Mbits/sec    0    527 KBytes       
[  4]  88.00-88.00  sec  0.00 Bytes  0.00 bits/sec    0    527 KBytes       
- - - - - - - - - - - - - - - - - - - - - - - - -
[ ID] Interval           Transfer     Bandwidth       Retr
[  4]   0.00-88.00  sec  50.5 MBytes  4.82 Mbits/sec  852             sender
[  4]   0.00-88.00  sec  43.4 MBytes  4.14 Mbits/sec                  receiver

iperf Done.
