Connecting to host 10.0.0.2, port 5202
[  4] local 10.0.0.1 port 46112 connected to 10.0.0.2 port 5202
[ ID] Interval           Transfer     Bandwidth       Retr  Cwnd
[  4]   0.00-1.00   sec   773 KBytes  6.33 Mbits/sec    0   39.6 KBytes       
[  4]   1.00-2.00   sec   827 KBytes  6.78 Mbits/sec    0   72.1 KBytes       
[  4]   2.00-3.00   sec   954 KBytes  7.82 Mbits/sec    0    110 KBytes       
[  4]   3.00-4.00   sec  1.06 MBytes  8.86 Mbits/sec    0    153 KBytes       
[  4]   4.00-5.00   sec  1.06 MBytes  8.86 Mbits/sec    0    195 KBytes       
[  4]   5.00-6.00   sec  1.12 MBytes  9.38 Mbits/sec    0    239 KBytes       
[  4]   6.00-7.00   sec  1.18 MBytes  9.91 Mbits/sec    0    287 KBytes       
[  4]   7.00-8.00   sec  1.12 MBytes  9.38 Mbits/sec    0    332 KBytes       
[  4]   8.00-9.00   sec  1.06 MBytes  8.86 Mbits/sec    0    382 KBytes       
[  4]   9.00-10.00  sec  1.30 MBytes  10.9 Mbits/sec    0    491 KBytes       
[  4]  10.00-11.00  sec  1.74 MBytes  14.6 Mbits/sec    0    658 KBytes       
[  4]  11.00-12.00  sec  1.25 MBytes  10.5 Mbits/sec    0    814 KBytes       
[  4]  12.00-13.00  sec  2.23 MBytes  18.7 Mbits/sec    0   1.01 MBytes       
[  4]  13.00-14.00  sec  1.25 MBytes  10.5 Mbits/sec    0   1.20 MBytes       
[  4]  14.00-15.00  sec  1.25 MBytes  10.5 Mbits/sec    0   1.38 MBytes       
[  4]  15.00-16.00  sec  2.50 MBytes  21.0 Mbits/sec    0   1.74 MBytes       
[  4]  16.00-17.00  sec  1.25 MBytes  10.5 Mbits/sec    0   1.92 MBytes       
[  4]  17.00-18.00  sec  1.25 MBytes  10.5 Mbits/sec    0   2.31 MBytes       
[  4]  18.00-19.00  sec  1.25 MBytes  10.5 Mbits/sec  188   1.89 MBytes       
[  4]  19.00-20.00  sec  1.25 MBytes  10.5 Mbits/sec  171   1.65 MBytes       
[  4]  20.00-21.00  sec   578 KBytes  4.73 Mbits/sec  235   1.65 MBytes       
[  4]  21.00-22.00  sec   573 KBytes  4.69 Mbits/sec  500   1.48 MBytes       
[  4]  22.00-23.00  sec   318 KBytes  2.61 Mbits/sec  138    952 KBytes       
[  4]  23.00-24.00  sec  1.25 MBytes  10.5 Mbits/sec  193    625 KBytes       
[  4]  24.00-25.00  sec  1.25 MBytes  10.5 Mbits/sec    3   1.02 MBytes       
[  4]  25.00-26.00  sec  1.25 MBytes  10.5 Mbits/sec    0   1.16 MBytes       
[  4]  26.00-27.00  sec  1.25 MBytes  10.5 Mbits/sec    0   1.19 MBytes       
[  4]  27.00-28.00  sec  1.25 MBytes  10.5 Mbits/sec    0   1.25 MBytes       
[  4]  28.00-29.00  sec   918 KBytes  7.52 Mbits/sec    0   1.28 MBytes       
[  4]  29.00-30.00  sec   954 KBytes  7.82 Mbits/sec    0   1.33 MBytes       
[  4]  30.00-31.00  sec   382 KBytes  3.13 Mbits/sec    0   1.34 MBytes       
[  4]  31.00-32.00  sec   954 KBytes  7.82 Mbits/sec    0   1.37 MBytes       
[  4]  32.00-33.00  sec   382 KBytes  3.13 Mbits/sec    0   1.38 MBytes       
[  4]  33.00-34.00  sec  1018 KBytes  8.33 Mbits/sec    0   1.39 MBytes       
[  4]  34.00-35.00  sec   382 KBytes  3.13 Mbits/sec    0   1.40 MBytes       
[  4]  35.00-36.00  sec   954 KBytes  7.81 Mbits/sec    0   1.40 MBytes       
[  4]  36.00-37.00  sec   445 KBytes  3.65 Mbits/sec    0   1.41 MBytes       
[  4]  37.00-38.00  sec   891 KBytes  7.29 Mbits/sec    0   1.43 MBytes       
[  4]  38.00-39.00  sec   573 KBytes  4.69 Mbits/sec    0   1.44 MBytes       
[  4]  39.00-40.00  sec   700 KBytes  5.73 Mbits/sec    0   1.49 MBytes       
[  4]  40.00-41.00  sec   700 KBytes  5.73 Mbits/sec    0   1.53 MBytes       
[  4]  41.00-42.00  sec   445 KBytes  3.65 Mbits/sec    0   1.59 MBytes       
[  4]  42.00-43.00  sec  1018 KBytes  8.34 Mbits/sec    0   1.72 MBytes       
[  4]  43.00-44.00  sec  63.6 KBytes   522 Kbits/sec   18   1.64 MBytes       
[  4]  44.00-45.00  sec  0.00 Bytes  0.00 bits/sec   81   1.23 MBytes       
[  4]  45.00-46.00  sec  0.00 Bytes  0.00 bits/sec   30   1.20 MBytes       
[  4]  46.00-47.00  sec   764 KBytes  6.25 Mbits/sec   65   1.20 MBytes       
[  4]  47.00-48.00  sec  0.00 Bytes  0.00 bits/sec   43   1.20 MBytes       
[  4]  48.00-49.00  sec   891 KBytes  7.30 Mbits/sec  105   1.16 MBytes       
[  4]  49.00-50.00  sec   827 KBytes  6.77 Mbits/sec  131    861 KBytes       
[  4]  50.00-51.00  sec  0.00 Bytes  0.00 bits/sec   27    861 KBytes       
[  4]  51.00-52.00  sec   255 KBytes  2.08 Mbits/sec   18    861 KBytes       
[  4]  52.00-53.00  sec  1.25 MBytes  10.5 Mbits/sec    0    844 KBytes       
[  4]  53.00-54.00  sec  1.25 MBytes  10.5 Mbits/sec    0    619 KBytes       
[  4]  54.00-55.00  sec  1.25 MBytes  10.5 Mbits/sec    0    625 KBytes       
[  4]  55.00-55.00  sec  0.00 Bytes  0.00 bits/sec    0    625 KBytes       
- - - - - - - - - - - - - - - - - - - - - - - - -
[ ID] Interval           Transfer     Bandwidth       Retr
[  4]   0.00-55.00  sec  50.2 MBytes  7.66 Mbits/sec  1946             sender
[  4]   0.00-55.00  sec  38.6 MBytes  5.88 Mbits/sec                  receiver

iperf Done.
