-----------------------------------------------------------
Server listening on 5206
-----------------------------------------------------------
Accepted connection from 10.0.0.1, port 39252
[  5] local 10.0.0.2 port 5206 connected to 10.0.0.1 port 46120
[ ID] Interval           Transfer     Bandwidth
[  5]   0.00-1.00   sec  14.1 KBytes   116 Kbits/sec                  
[  5]   1.00-2.01   sec  83.4 KBytes   681 Kbits/sec                  
[  5]   2.01-3.00   sec   180 KBytes  1.48 Mbits/sec                  
[  5]   3.00-4.00   sec  69.3 KBytes   567 Kbits/sec                  
[  5]   4.00-5.00   sec   143 KBytes  1.17 Mbits/sec                  
[  5]   5.00-6.00   sec  82.0 KBytes   672 Kbits/sec                  
[  5]   6.00-7.00   sec  99.0 KBytes   811 Kbits/sec                  
[  5]   7.00-8.00   sec   129 KBytes  1.05 Mbits/sec                  
[  5]   8.00-9.00   sec   163 KBytes  1.33 Mbits/sec                  
[  5]   9.00-10.00  sec  17.0 KBytes   139 Kbits/sec                  
[  5]  10.00-11.00  sec   243 KBytes  1.99 Mbits/sec                  
[  5]  11.00-12.00  sec  26.9 KBytes   220 Kbits/sec                  
[  5]  12.00-13.00  sec  0.00 Bytes  0.00 bits/sec                  
[  5]  13.00-14.00  sec  5.66 KBytes  46.3 Kbits/sec                  
[  5]  14.00-15.00  sec  46.7 KBytes   383 Kbits/sec                  
[  5]  15.00-16.00  sec  0.00 Bytes  0.00 bits/sec                  
[  5]  16.00-17.00  sec   307 KBytes  2.51 Mbits/sec                  
[  5]  17.00-18.00  sec   537 KBytes  4.40 Mbits/sec                  
[  5]  18.00-19.00  sec   194 KBytes  1.59 Mbits/sec                  
[  5]  19.00-20.00  sec  18.4 KBytes   151 Kbits/sec                  
[  5]  20.00-21.00  sec   195 KBytes  1.60 Mbits/sec                  
[  5]  21.00-22.00  sec   223 KBytes  1.83 Mbits/sec                  
[  5]  22.00-23.00  sec  0.00 Bytes  0.00 bits/sec                  
[  5]  23.00-24.00  sec  0.00 Bytes  0.00 bits/sec                  
[  5]  24.00-25.00  sec   233 KBytes  1.91 Mbits/sec                  
[  5]  25.00-26.00  sec   192 KBytes  1.58 Mbits/sec                  
[  5]  26.00-27.00  sec  74.9 KBytes   614 Kbits/sec                  
[  5]  27.00-28.00  sec   223 KBytes  1.83 Mbits/sec                  
[  5]  28.00-29.00  sec   276 KBytes  2.26 Mbits/sec                  
[  5]  29.00-30.00  sec   317 KBytes  2.60 Mbits/sec                  
[  5]  30.00-31.00  sec  1.41 KBytes  11.6 Kbits/sec                  
[  5]  31.00-32.00  sec   395 KBytes  3.23 Mbits/sec                  
[  5]  32.00-33.00  sec  1.41 KBytes  11.6 Kbits/sec                  
[  5]  33.00-34.00  sec   533 KBytes  4.37 Mbits/sec                  
[  5]  34.00-35.00  sec  5.66 KBytes  46.3 Kbits/sec                  
[  5]  35.00-36.00  sec  2.83 KBytes  23.2 Kbits/sec                  
[  5]  36.00-37.00  sec  0.00 Bytes  0.00 bits/sec                  
[  5]  37.00-38.00  sec  39.6 KBytes   325 Kbits/sec                  
[  5]  38.00-39.00  sec  0.00 Bytes  0.00 bits/sec                  
[  5]  39.00-40.00  sec  25.5 KBytes   209 Kbits/sec                  
[  5]  40.00-41.00  sec   578 KBytes  4.74 Mbits/sec                  
[  5]  41.00-42.00  sec  0.00 Bytes  0.00 bits/sec                  
[  5]  42.00-43.00  sec  1.41 KBytes  11.6 Kbits/sec                  
[  5]  43.00-44.00  sec  0.00 Bytes  0.00 bits/sec                  
[  5]  44.00-45.00  sec   163 KBytes  1.33 Mbits/sec                  
[  5]  45.00-46.00  sec  1.91 MBytes  16.0 Mbits/sec                  
[  5]  46.00-46.40  sec   177 KBytes  3.59 Mbits/sec                  
- - - - - - - - - - - - - - - - - - - - - - - - -
[ ID] Interval           Transfer     Bandwidth
[  5]   0.00-46.40  sec  0.00 Bytes  0.00 bits/sec                  sender
[  5]   0.00-46.40  sec  7.78 MBytes  1.41 Mbits/sec                  receiver
