-----------------------------------------------------------
Server listening on 5204
-----------------------------------------------------------
Accepted connection from 10.0.0.1, port 49968
[  5] local 10.0.0.2 port 5204 connected to 10.0.0.1 port 46116
[ ID] Interval           Transfer     Bandwidth
[  5]   0.00-1.01   sec  42.4 KBytes   343 Kbits/sec                  
[  5]   1.01-2.00   sec  86.3 KBytes   717 Kbits/sec                  
[  5]   2.00-3.02   sec  46.7 KBytes   374 Kbits/sec                  
[  5]   3.02-4.01   sec   100 KBytes   830 Kbits/sec                  
[  5]   4.01-5.00   sec  58.0 KBytes   481 Kbits/sec                  
[  5]   5.00-6.00   sec  70.7 KBytes   577 Kbits/sec                  
[  5]   6.00-7.00   sec  90.5 KBytes   743 Kbits/sec                  
[  5]   7.00-8.00   sec  4.24 KBytes  34.7 Kbits/sec                  
[  5]   8.00-9.00   sec   119 KBytes   976 Kbits/sec                  
[  5]   9.00-10.00  sec  0.00 Bytes  0.00 bits/sec                  
[  5]  10.00-11.00  sec   134 KBytes  1.10 Mbits/sec                  
[  5]  11.00-12.04  sec  8.48 KBytes  66.7 Kbits/sec                  
[  5]  12.04-13.02  sec  0.00 Bytes  0.00 bits/sec                  
[  5]  13.02-14.00  sec   157 KBytes  1.31 Mbits/sec                  
[  5]  14.00-15.00  sec  0.00 Bytes  0.00 bits/sec                  
[  5]  15.00-16.04  sec  0.00 Bytes  0.00 bits/sec                  
[  5]  16.04-17.01  sec  0.00 Bytes  0.00 bits/sec                  
[  5]  17.01-18.00  sec  0.00 Bytes  0.00 bits/sec                  
[  5]  18.00-19.04  sec   230 KBytes  1.83 Mbits/sec                  
[  5]  19.04-20.04  sec   185 KBytes  1.51 Mbits/sec                  
[  5]  20.04-21.00  sec   161 KBytes  1.38 Mbits/sec                  
[  5]  21.00-22.00  sec   245 KBytes  2.00 Mbits/sec                  
[  5]  22.00-23.07  sec   262 KBytes  2.01 Mbits/sec                  
[  5]  23.07-24.01  sec   253 KBytes  2.20 Mbits/sec                  
[  5]  24.01-25.00  sec   276 KBytes  2.27 Mbits/sec                  
[  5]  25.00-26.00  sec   266 KBytes  2.18 Mbits/sec                  
[  5]  26.00-27.00  sec   269 KBytes  2.20 Mbits/sec                  
[  5]  27.00-28.00  sec   255 KBytes  2.08 Mbits/sec                  
[  5]  28.00-29.03  sec   267 KBytes  2.13 Mbits/sec                  
[  5]  29.03-30.00  sec   252 KBytes  2.12 Mbits/sec                  
[  5]  30.00-31.02  sec   498 KBytes  3.99 Mbits/sec                  
[  5]  31.02-32.00  sec   550 KBytes  4.60 Mbits/sec                  
[  5]  32.00-33.00  sec   597 KBytes  4.89 Mbits/sec                  
[  5]  33.00-34.00  sec   551 KBytes  4.51 Mbits/sec                  
[  5]  34.00-35.02  sec   771 KBytes  6.19 Mbits/sec                  
[  5]  35.02-36.00  sec   629 KBytes  5.26 Mbits/sec                  
[  5]  36.00-36.05  sec  0.00 Bytes  0.00 bits/sec                  
- - - - - - - - - - - - - - - - - - - - - - - - -
[ ID] Interval           Transfer     Bandwidth
[  5]   0.00-36.05  sec  0.00 Bytes  0.00 bits/sec                  sender
[  5]   0.00-36.05  sec  7.26 MBytes  1.69 Mbits/sec                  receiver
