-----------------------------------------------------------
Server listening on 5205
-----------------------------------------------------------
Accepted connection from 10.0.0.1, port 46831
[  5] local 10.0.0.2 port 5205 connected to 10.0.0.1 port 46118
[ ID] Interval           Transfer     Bandwidth
[  5]   0.00-1.00   sec  42.4 KBytes   347 Kbits/sec                  
[  5]   1.00-2.00   sec   113 KBytes   928 Kbits/sec                  
[  5]   2.00-3.00   sec   124 KBytes  1.02 Mbits/sec                  
[  5]   3.00-4.00   sec   136 KBytes  1.11 Mbits/sec                  
[  5]   4.00-5.00   sec   151 KBytes  1.24 Mbits/sec                  
[  5]   5.00-6.00   sec  89.1 KBytes   730 Kbits/sec                  
[  5]   6.00-7.00   sec   109 KBytes   892 Kbits/sec                  
[  5]   7.00-8.00   sec   140 KBytes  1.15 Mbits/sec                  
[  5]   8.00-9.00   sec   185 KBytes  1.52 Mbits/sec                  
[  5]   9.00-10.00  sec  7.07 KBytes  57.9 Kbits/sec                  
[  5]  10.00-11.00  sec   270 KBytes  2.21 Mbits/sec                  
[  5]  11.00-12.00  sec  11.3 KBytes  92.6 Kbits/sec                  
[  5]  12.00-13.00  sec  5.66 KBytes  46.4 Kbits/sec                  
[  5]  13.00-14.00  sec  0.00 Bytes  0.00 bits/sec                  
[  5]  14.00-15.00  sec  21.2 KBytes   174 Kbits/sec                  
[  5]  15.00-16.00  sec  0.00 Bytes  0.00 bits/sec                  
[  5]  16.00-17.00  sec   472 KBytes  3.87 Mbits/sec                  
[  5]  17.00-18.00  sec  0.00 Bytes  0.00 bits/sec                  
[  5]  18.00-19.00  sec   638 KBytes  5.23 Mbits/sec                  
[  5]  19.00-20.00  sec   209 KBytes  1.71 Mbits/sec                  
[  5]  20.00-21.00  sec  21.2 KBytes   174 Kbits/sec                  
[  5]  21.00-22.00  sec   215 KBytes  1.76 Mbits/sec                  
[  5]  22.00-23.00  sec  8.48 KBytes  69.3 Kbits/sec                  
[  5]  23.00-24.00  sec   221 KBytes  1.81 Mbits/sec                  
[  5]  24.00-25.00  sec  22.6 KBytes   186 Kbits/sec                  
[  5]  25.00-26.00  sec   232 KBytes  1.90 Mbits/sec                  
[  5]  26.00-27.00  sec   191 KBytes  1.56 Mbits/sec                  
[  5]  27.00-28.00  sec   100 KBytes   822 Kbits/sec                  
[  5]  28.00-29.00  sec   279 KBytes  2.28 Mbits/sec                  
[  5]  29.00-30.00  sec   314 KBytes  2.57 Mbits/sec                  
[  5]  30.00-31.00  sec  90.5 KBytes   741 Kbits/sec                  
[  5]  31.00-32.00  sec   329 KBytes  2.70 Mbits/sec                  
[  5]  32.00-33.00  sec  96.2 KBytes   788 Kbits/sec                  
[  5]  33.00-34.00  sec   410 KBytes  3.36 Mbits/sec                  
[  5]  34.00-35.00  sec  31.1 KBytes   255 Kbits/sec                  
[  5]  35.00-36.00  sec  5.66 KBytes  46.3 Kbits/sec                  
[  5]  36.00-37.00  sec  0.00 Bytes  0.00 bits/sec                  
[  5]  37.00-38.00  sec   132 KBytes  1.08 Mbits/sec                  
[  5]  38.00-39.00  sec   110 KBytes   904 Kbits/sec                  
[  5]  39.00-40.00  sec  0.00 Bytes  0.00 bits/sec                  
[  5]  40.00-41.00  sec   526 KBytes  4.31 Mbits/sec                  
[  5]  41.00-42.00  sec  0.00 Bytes  0.00 bits/sec                  
[  5]  42.00-43.00  sec  1.41 KBytes  11.6 Kbits/sec                  
[  5]  43.00-43.77  sec  0.00 Bytes  0.00 bits/sec                  
- - - - - - - - - - - - - - - - - - - - - - - - -
[ ID] Interval           Transfer     Bandwidth
[  5]   0.00-43.77  sec  0.00 Bytes  0.00 bits/sec                  sender
[  5]   0.00-43.77  sec  5.92 MBytes  1.13 Mbits/sec                  receiver
