-----------------------------------------------------------
Server listening on 5204
-----------------------------------------------------------
Accepted connection from 10.0.0.1, port 48943
[  5] local 10.0.0.2 port 5204 connected to 10.0.0.1 port 46116
[ ID] Interval           Transfer     Bandwidth
[  5]   0.00-1.00   sec   156 KBytes  1.27 Mbits/sec                  
[  5]   1.00-2.00   sec   260 KBytes  2.13 Mbits/sec                  
[  5]   2.00-3.00   sec   253 KBytes  2.07 Mbits/sec                  
[  5]   3.00-4.00   sec   287 KBytes  2.35 Mbits/sec                  
[  5]   4.00-5.00   sec   260 KBytes  2.13 Mbits/sec                  
[  5]   5.00-6.00   sec   327 KBytes  2.68 Mbits/sec                  
[  5]   6.00-7.00   sec   272 KBytes  2.22 Mbits/sec                  
[  5]   7.00-8.00   sec   267 KBytes  2.19 Mbits/sec                  
[  5]   8.00-9.00   sec   245 KBytes  2.00 Mbits/sec                  
[  5]   9.00-10.00  sec   310 KBytes  2.54 Mbits/sec                  
[  5]  10.00-11.00  sec   400 KBytes  3.28 Mbits/sec                  
[  5]  11.00-12.00  sec  74.9 KBytes   614 Kbits/sec                  
[  5]  12.00-13.00  sec   498 KBytes  4.08 Mbits/sec                  
[  5]  13.00-14.00  sec  14.1 KBytes   116 Kbits/sec                  
[  5]  14.00-15.01  sec   474 KBytes  3.86 Mbits/sec                  
[  5]  15.01-16.01  sec  0.00 Bytes  0.00 bits/sec                  
[  5]  16.01-17.00  sec  0.00 Bytes  0.00 bits/sec                  
[  5]  17.00-18.00  sec  0.00 Bytes  0.00 bits/sec                  
[  5]  18.00-19.00  sec  8.48 KBytes  69.5 Kbits/sec                  
[  5]  19.00-20.00  sec   947 KBytes  7.77 Mbits/sec                  
[  5]  20.00-20.84  sec  1.22 MBytes  12.2 Mbits/sec                  
- - - - - - - - - - - - - - - - - - - - - - - - -
[ ID] Interval           Transfer     Bandwidth
[  5]   0.00-20.84  sec  0.00 Bytes  0.00 bits/sec                  sender
[  5]   0.00-20.84  sec  6.16 MBytes  2.48 Mbits/sec                  receiver
