-----------------------------------------------------------
Server listening on 5201
-----------------------------------------------------------
Accepted connection from 10.0.0.1, port 54780
[  5] local 10.0.0.2 port 5201 connected to 10.0.0.1 port 46110
[ ID] Interval           Transfer     Bandwidth
[  5]   0.00-1.00   sec   648 KBytes  5.30 Mbits/sec                  
[  5]   1.00-2.00   sec   542 KBytes  4.44 Mbits/sec                  
[  5]   2.00-3.00   sec   444 KBytes  3.64 Mbits/sec                  
[  5]   3.00-4.00   sec   359 KBytes  2.94 Mbits/sec                  
[  5]   4.00-5.00   sec   335 KBytes  2.75 Mbits/sec                  
[  5]   5.00-6.00   sec   249 KBytes  2.04 Mbits/sec                  
[  5]   6.00-7.00   sec   243 KBytes  1.99 Mbits/sec                  
[  5]   7.00-8.00   sec   255 KBytes  2.09 Mbits/sec                  
[  5]   8.00-9.00   sec   344 KBytes  2.82 Mbits/sec                  
[  5]   9.00-10.00  sec   362 KBytes  2.96 Mbits/sec                  
[  5]  10.00-11.00  sec   501 KBytes  4.10 Mbits/sec                  
[  5]  11.00-12.00  sec   373 KBytes  3.06 Mbits/sec                  
[  5]  12.00-13.00  sec   443 KBytes  3.63 Mbits/sec                  
[  5]  13.00-14.00  sec   535 KBytes  4.38 Mbits/sec                  
[  5]  14.00-15.00  sec   263 KBytes  2.15 Mbits/sec                  
[  5]  15.00-16.00  sec   559 KBytes  4.58 Mbits/sec                  
[  5]  16.00-17.00  sec   329 KBytes  2.70 Mbits/sec                  
[  5]  17.00-18.00  sec   686 KBytes  5.62 Mbits/sec                  
[  5]  18.00-19.00  sec  89.1 KBytes   729 Kbits/sec                  
[  5]  19.00-20.00  sec  0.00 Bytes  0.00 bits/sec                  
[  5]  20.00-21.00  sec  0.00 Bytes  0.00 bits/sec                  
[  5]  21.00-22.00  sec  21.2 KBytes   174 Kbits/sec                  
[  5]  22.00-23.00  sec   252 KBytes  2.06 Mbits/sec                  
[  5]  23.00-24.00  sec   938 KBytes  7.68 Mbits/sec                  
[  5]  24.00-25.00  sec  1.84 MBytes  15.4 Mbits/sec                  
[  5]  25.00-26.00  sec   598 KBytes  4.90 Mbits/sec                  
[  5]  26.00-27.00  sec   120 KBytes   984 Kbits/sec                  
[  5]  27.00-28.00  sec   758 KBytes  6.21 Mbits/sec                  
[  5]  28.00-29.00  sec   305 KBytes  2.50 Mbits/sec                  
[  5]  29.00-30.00  sec   650 KBytes  5.33 Mbits/sec                  
[  5]  30.00-31.00  sec   379 KBytes  3.10 Mbits/sec                  
[  5]  31.00-32.00  sec   560 KBytes  4.59 Mbits/sec                  
[  5]  32.00-33.00  sec   399 KBytes  3.27 Mbits/sec                  
[  5]  33.00-34.00  sec   567 KBytes  4.65 Mbits/sec                  
[  5]  34.00-35.00  sec   354 KBytes  2.90 Mbits/sec                  
[  5]  35.00-36.00  sec   622 KBytes  5.10 Mbits/sec                  
[  5]  36.00-37.00  sec   283 KBytes  2.32 Mbits/sec                  
[  5]  37.00-38.00  sec   706 KBytes  5.78 Mbits/sec                  
[  5]  38.00-39.00  sec   197 KBytes  1.61 Mbits/sec                  
[  5]  39.00-40.00  sec   714 KBytes  5.85 Mbits/sec                  
[  5]  40.00-41.00  sec   146 KBytes  1.19 Mbits/sec                  
[  5]  41.00-42.00  sec   939 KBytes  7.69 Mbits/sec                  
[  5]  42.00-43.00  sec   177 KBytes  1.45 Mbits/sec                  
[  5]  43.00-44.00  sec   411 KBytes  3.37 Mbits/sec                  
[  5]  44.00-45.00  sec  0.00 Bytes  0.00 bits/sec                  
[  5]  45.00-46.00  sec  0.00 Bytes  0.00 bits/sec                  
[  5]  46.00-47.00  sec   561 KBytes  4.60 Mbits/sec                  
[  5]  47.00-48.00  sec   259 KBytes  2.12 Mbits/sec                  
[  5]  48.00-49.00  sec   253 KBytes  2.07 Mbits/sec                  
[  5]  49.00-50.00  sec   255 KBytes  2.09 Mbits/sec                  
[  5]  50.00-51.00  sec   635 KBytes  5.20 Mbits/sec                  
[  5]  51.00-52.00  sec  53.7 KBytes   440 Kbits/sec                  
[  5]  52.00-53.00  sec  0.00 Bytes  0.00 bits/sec                  
[  5]  53.00-54.00  sec  48.1 KBytes   394 Kbits/sec                  
[  5]  54.00-55.00  sec  2.30 MBytes  19.3 Mbits/sec                  
[  5]  55.00-56.00  sec  2.10 MBytes  17.6 Mbits/sec                  
[  5]  56.00-57.00  sec   433 KBytes  3.55 Mbits/sec                  
[  5]  57.00-58.00  sec   730 KBytes  5.98 Mbits/sec                  
[  5]  58.00-59.00  sec  1.14 MBytes  9.55 Mbits/sec                  
[  5]  59.00-60.00  sec  1.14 MBytes  9.56 Mbits/sec                  
[  5]  60.00-61.00  sec   782 KBytes  6.39 Mbits/sec                  
[  5]  61.00-62.00  sec  1.03 MBytes  8.70 Mbits/sec                  
[  5]  62.00-63.01  sec  1.12 MBytes  9.35 Mbits/sec                  
[  5]  63.01-64.00  sec  1.14 MBytes  9.62 Mbits/sec                  
[  5]  64.00-65.00  sec  1.13 MBytes  9.50 Mbits/sec                  
[  5]  65.00-66.00  sec  1.12 MBytes  9.41 Mbits/sec                  
[  5]  66.00-67.00  sec  1.07 MBytes  8.99 Mbits/sec                  
[  5]  67.00-68.00  sec  1.12 MBytes  9.42 Mbits/sec                  
[  5]  68.00-69.00  sec  1.12 MBytes  9.37 Mbits/sec                  
[  5]  69.00-70.00  sec  1.12 MBytes  9.42 Mbits/sec                  
[  5]  70.00-71.00  sec  1.14 MBytes  9.55 Mbits/sec                  
[  5]  71.00-71.75  sec   857 KBytes  9.41 Mbits/sec                  
- - - - - - - - - - - - - - - - - - - - - - - - -
[ ID] Interval           Transfer     Bandwidth
[  5]   0.00-71.75  sec  0.00 Bytes  0.00 bits/sec                  sender
[  5]   0.00-71.75  sec  41.6 MBytes  4.87 Mbits/sec                  receiver
