Connecting to host 10.0.0.2, port 5202
[  4] local 10.0.0.1 port 46112 connected to 10.0.0.2 port 5202
[ ID] Interval           Transfer     Bandwidth       Retr  Cwnd
[  4]   0.00-1.00   sec   693 KBytes  5.67 Mbits/sec    0   56.6 KBytes       
[  4]   1.00-2.00   sec   445 KBytes  3.65 Mbits/sec    0   76.4 KBytes       
[  4]   2.00-3.00   sec   509 KBytes  4.17 Mbits/sec    0   96.2 KBytes       
[  4]   3.00-4.00   sec   509 KBytes  4.17 Mbits/sec    0    116 KBytes       
[  4]   4.00-5.00   sec   509 KBytes  4.17 Mbits/sec    0    134 KBytes       
[  4]   5.00-6.00   sec   509 KBytes  4.17 Mbits/sec    0    154 KBytes       
[  4]   6.00-7.00   sec   509 KBytes  4.17 Mbits/sec    0    191 KBytes       
[  4]   7.00-8.00   sec   891 KBytes  7.30 Mbits/sec    0    263 KBytes       
[  4]   8.00-9.00   sec  1018 KBytes  8.34 Mbits/sec    0    359 KBytes       
[  4]   9.00-10.00  sec   954 KBytes  7.82 Mbits/sec    0    455 KBytes       
[  4]  10.00-11.00  sec  1.49 MBytes  12.5 Mbits/sec    0    628 KBytes       
[  4]  11.00-12.00  sec  2.30 MBytes  19.3 Mbits/sec    0    843 KBytes       
[  4]  12.00-12.00  sec  0.00 Bytes  0.00 bits/sec    0    843 KBytes       
- - - - - - - - - - - - - - - - - - - - - - - - -
[ ID] Interval           Transfer     Bandwidth       Retr
[  4]   0.00-12.00  sec  10.2 MBytes  7.12 Mbits/sec    0             sender
[  4]   0.00-12.00  sec  6.28 MBytes  4.39 Mbits/sec                  receiver

iperf Done.
