Connecting to host 10.0.0.2, port 5203
[  4] local 10.0.0.1 port 46114 connected to 10.0.0.2 port 5203
[ ID] Interval           Transfer     Bandwidth       Retr  Cwnd
[  4]   0.00-1.01   sec   814 KBytes  6.62 Mbits/sec    0    123 KBytes       
[  4]   1.01-2.00   sec   827 KBytes  6.82 Mbits/sec    0    189 KBytes       
[  4]   2.00-3.00   sec   509 KBytes  4.16 Mbits/sec    0    209 KBytes       
[  4]   3.00-4.01   sec   255 KBytes  2.06 Mbits/sec    0    219 KBytes       
[  4]   4.01-5.00   sec   573 KBytes  4.75 Mbits/sec    0    242 KBytes       
[  4]   5.00-6.00   sec   318 KBytes  2.60 Mbits/sec    0    255 KBytes       
[  4]   6.00-7.00   sec   573 KBytes  4.69 Mbits/sec    0    280 KBytes       
[  4]   7.00-8.00   sec   636 KBytes  5.21 Mbits/sec    0    332 KBytes       
[  4]   8.00-9.00   sec   445 KBytes  3.65 Mbits/sec    0    385 KBytes       
[  4]   9.00-10.00  sec   445 KBytes  3.65 Mbits/sec    0    431 KBytes       
[  4]  10.00-11.00  sec   827 KBytes  6.78 Mbits/sec   21    510 KBytes       
[  4]  11.00-12.00  sec  0.00 Bytes  0.00 bits/sec    0    510 KBytes       
[  4]  12.00-13.00  sec  0.00 Bytes  0.00 bits/sec   92    356 KBytes       
[  4]  13.00-14.00  sec   445 KBytes  3.65 Mbits/sec    0    356 KBytes       
[  4]  14.00-15.00  sec   318 KBytes  2.61 Mbits/sec    0    356 KBytes       
[  4]  15.00-16.00  sec   318 KBytes  2.61 Mbits/sec    0    379 KBytes       
[  4]  16.00-17.00  sec  0.00 Bytes  0.00 bits/sec    5    358 KBytes       
[  4]  17.00-18.00  sec  0.00 Bytes  0.00 bits/sec    9    286 KBytes       
[  4]  18.00-19.00  sec   255 KBytes  2.08 Mbits/sec    5    264 KBytes       
[  4]  19.00-20.00  sec   636 KBytes  5.21 Mbits/sec    0    269 KBytes       
[  4]  20.00-21.00  sec  63.6 KBytes   521 Kbits/sec    0    270 KBytes       
[  4]  21.00-22.00  sec   318 KBytes  2.61 Mbits/sec    0    293 KBytes       
[  4]  22.00-23.00  sec   255 KBytes  2.08 Mbits/sec    0    308 KBytes       
[  4]  23.00-24.00  sec  63.6 KBytes   521 Kbits/sec    0    311 KBytes       
[  4]  24.00-25.00  sec   255 KBytes  2.09 Mbits/sec    0    317 KBytes       
[  4]  25.00-26.00  sec   318 KBytes  2.61 Mbits/sec    0    320 KBytes       
[  4]  26.00-27.00  sec  0.00 Bytes  0.00 bits/sec    0    321 KBytes       
[  4]  27.00-28.00  sec   318 KBytes  2.61 Mbits/sec    0    329 KBytes       
[  4]  28.00-29.00  sec   318 KBytes  2.61 Mbits/sec    0    356 KBytes       
[  4]  29.00-30.00  sec  0.00 Bytes  0.00 bits/sec    0    356 KBytes       
[  4]  30.00-31.00  sec  0.00 Bytes  0.00 bits/sec   14    291 KBytes       
[  4]  31.00-32.00  sec   127 KBytes  1.04 Mbits/sec    5    256 KBytes       
[  4]  32.00-33.00  sec  63.6 KBytes   521 Kbits/sec    0    256 KBytes       
[  4]  33.00-34.00  sec   700 KBytes  5.74 Mbits/sec    0    267 KBytes       
[  4]  34.00-35.00  sec   255 KBytes  2.09 Mbits/sec    0    307 KBytes       
[  4]  35.00-36.00  sec  0.00 Bytes  0.00 bits/sec    0    308 KBytes       
[  4]  36.00-37.00  sec   318 KBytes  2.61 Mbits/sec    0    341 KBytes       
[  4]  37.00-38.00  sec  0.00 Bytes  0.00 bits/sec    0    341 KBytes       
[  4]  38.00-39.00  sec  0.00 Bytes  0.00 bits/sec   10    294 KBytes       
[  4]  39.00-40.00  sec  63.6 KBytes   521 Kbits/sec   39    240 KBytes       
[  4]  40.00-41.00  sec   636 KBytes  5.21 Mbits/sec    0    246 KBytes       
[  4]  41.00-42.00  sec   318 KBytes  2.61 Mbits/sec    0    264 KBytes       
[  4]  42.00-43.00  sec   127 KBytes  1.04 Mbits/sec    0    274 KBytes       
[  4]  43.00-44.00  sec   127 KBytes  1.04 Mbits/sec    0    280 KBytes       
[  4]  44.00-45.00  sec   255 KBytes  2.09 Mbits/sec    0    288 KBytes       
[  4]  45.00-46.00  sec   318 KBytes  2.60 Mbits/sec    0    291 KBytes       
[  4]  46.00-47.00  sec   127 KBytes  1.04 Mbits/sec    0    294 KBytes       
[  4]  47.00-48.00  sec   127 KBytes  1.04 Mbits/sec    0    296 KBytes       
[  4]  48.00-49.00  sec  0.00 Bytes  0.00 bits/sec   23    246 KBytes       
[  4]  49.00-50.00  sec  63.6 KBytes   521 Kbits/sec   20    209 KBytes       
[  4]  50.00-51.00  sec   255 KBytes  2.08 Mbits/sec    4    209 KBytes       
[  4]  51.00-52.00  sec   127 KBytes  1.04 Mbits/sec    0    209 KBytes       
[  4]  52.00-53.00  sec   445 KBytes  3.65 Mbits/sec    0    216 KBytes       
[  4]  53.00-54.00  sec   255 KBytes  2.09 Mbits/sec    0    246 KBytes       
[  4]  54.00-55.00  sec   191 KBytes  1.56 Mbits/sec    0    273 KBytes       
[  4]  55.00-56.00  sec   191 KBytes  1.56 Mbits/sec    0    286 KBytes       
[  4]  56.00-57.00  sec  63.6 KBytes   521 Kbits/sec    1    290 KBytes       
[  4]  57.00-58.00  sec  0.00 Bytes  0.00 bits/sec    3    230 KBytes       
[  4]  58.00-59.00  sec   127 KBytes  1.04 Mbits/sec    2    202 KBytes       
[  4]  59.00-60.00  sec   636 KBytes  5.22 Mbits/sec    0    226 KBytes       
[  4]  60.00-61.00  sec   191 KBytes  1.56 Mbits/sec    0    255 KBytes       
[  4]  61.00-62.00  sec   255 KBytes  2.08 Mbits/sec    0    270 KBytes       
[  4]  62.00-63.00  sec   255 KBytes  2.08 Mbits/sec    0    281 KBytes       
[  4]  63.00-64.00  sec   318 KBytes  2.61 Mbits/sec    0    287 KBytes       
[  4]  64.00-65.00  sec   255 KBytes  2.09 Mbits/sec    0    288 KBytes       
[  4]  65.00-66.00  sec   318 KBytes  2.61 Mbits/sec    0    291 KBytes       
[  4]  66.00-67.00  sec   127 KBytes  1.04 Mbits/sec    0    297 KBytes       
[  4]  67.00-68.00  sec   127 KBytes  1.04 Mbits/sec    0    301 KBytes       
[  4]  68.00-69.00  sec   318 KBytes  2.60 Mbits/sec    0    324 KBytes       
[  4]  69.00-70.00  sec  0.00 Bytes  0.00 bits/sec   10    263 KBytes       
[  4]  70.00-71.00  sec  63.6 KBytes   521 Kbits/sec   11    228 KBytes       
[  4]  71.00-72.00  sec   509 KBytes  4.17 Mbits/sec    0    229 KBytes       
[  4]  72.00-73.00  sec   191 KBytes  1.56 Mbits/sec    0    246 KBytes       
[  4]  73.00-74.00  sec   255 KBytes  2.08 Mbits/sec    0    280 KBytes       
[  4]  74.00-75.00  sec   255 KBytes  2.09 Mbits/sec    0    305 KBytes       
[  4]  75.00-76.00  sec  0.00 Bytes  0.00 bits/sec   14    245 KBytes       
[  4]  76.00-77.00  sec  63.6 KBytes   521 Kbits/sec    7    214 KBytes       
[  4]  77.00-78.00  sec   509 KBytes  4.17 Mbits/sec    0    219 KBytes       
[  4]  78.00-79.00  sec   191 KBytes  1.56 Mbits/sec    0    240 KBytes       
[  4]  79.00-80.00  sec   191 KBytes  1.56 Mbits/sec    0    269 KBytes       
[  4]  80.00-81.00  sec   318 KBytes  2.61 Mbits/sec    0    290 KBytes       
[  4]  81.00-82.00  sec   255 KBytes  2.09 Mbits/sec    0    300 KBytes       
[  4]  82.00-83.00  sec   255 KBytes  2.09 Mbits/sec    0    303 KBytes       
[  4]  83.00-84.00  sec  63.6 KBytes   521 Kbits/sec    0    304 KBytes       
[  4]  84.00-85.00  sec   255 KBytes  2.09 Mbits/sec    0    307 KBytes       
[  4]  85.00-86.00  sec  63.6 KBytes   521 Kbits/sec    2    283 KBytes       
[  4]  86.00-87.00  sec   191 KBytes  1.56 Mbits/sec    5    218 KBytes       
[  4]  87.00-88.00  sec   191 KBytes  1.56 Mbits/sec    1    218 KBytes       
[  4]  88.00-89.00  sec   573 KBytes  4.69 Mbits/sec    0    245 KBytes       
[  4]  89.00-90.00  sec   255 KBytes  2.08 Mbits/sec    0    272 KBytes       
[  4]  90.00-91.00  sec   255 KBytes  2.09 Mbits/sec    0    293 KBytes       
[  4]  91.00-92.00  sec   318 KBytes  2.61 Mbits/sec    0    303 KBytes       
[  4]  92.00-93.00  sec   255 KBytes  2.09 Mbits/sec    0    308 KBytes       
[  4]  93.00-94.00  sec   255 KBytes  2.09 Mbits/sec    0    310 KBytes       
[  4]  94.00-95.00  sec   255 KBytes  2.08 Mbits/sec    0    311 KBytes       
[  4]  95.00-96.00  sec   255 KBytes  2.09 Mbits/sec    0    314 KBytes       
[  4]  96.00-97.00  sec   255 KBytes  2.08 Mbits/sec    0    322 KBytes       
[  4]  97.00-98.00  sec   255 KBytes  2.08 Mbits/sec    0    335 KBytes       
[  4]  98.00-99.00  sec   318 KBytes  2.61 Mbits/sec    0    368 KBytes       
[  4]  99.00-100.00 sec   191 KBytes  1.56 Mbits/sec    0    406 KBytes       
[  4] 100.00-101.00 sec   191 KBytes  1.56 Mbits/sec    0    436 KBytes       
[  4] 101.00-102.00 sec   509 KBytes  4.17 Mbits/sec    0    544 KBytes       
[  4] 102.00-103.00 sec   127 KBytes  1.04 Mbits/sec    0    561 KBytes       
[  4] 103.00-104.00 sec  0.00 Bytes  0.00 bits/sec   19    462 KBytes       
[  4] 104.00-105.00 sec  0.00 Bytes  0.00 bits/sec   23    392 KBytes       
[  4] 105.00-106.00 sec   318 KBytes  2.61 Mbits/sec   25    392 KBytes       
[  4] 106.00-107.00 sec   127 KBytes  1.04 Mbits/sec    0    392 KBytes       
[  4] 107.00-108.00 sec   764 KBytes  6.25 Mbits/sec    0    427 KBytes       
[  4] 108.00-109.00 sec   191 KBytes  1.56 Mbits/sec    0    455 KBytes       
[  4] 109.00-110.00 sec   255 KBytes  2.08 Mbits/sec    0    494 KBytes       
[  4] 110.00-111.00 sec   127 KBytes  1.04 Mbits/sec    0    505 KBytes       
[  4] 111.00-112.00 sec   318 KBytes  2.61 Mbits/sec    0    533 KBytes       
[  4] 112.00-113.00 sec  63.6 KBytes   521 Kbits/sec    0    535 KBytes       
[  4] 113.00-114.00 sec  0.00 Bytes  0.00 bits/sec   12    409 KBytes       
[  4] 114.00-115.00 sec  0.00 Bytes  0.00 bits/sec    0    382 KBytes       
[  4] 115.00-116.00 sec   445 KBytes  3.65 Mbits/sec    2    373 KBytes       
[  4] 116.00-117.00 sec   573 KBytes  4.69 Mbits/sec    0    379 KBytes       
[  4] 117.00-118.00 sec   255 KBytes  2.08 Mbits/sec    0    396 KBytes       
[  4] 118.00-119.00 sec   255 KBytes  2.08 Mbits/sec    0    419 KBytes       
[  4] 119.00-120.00 sec   191 KBytes  1.57 Mbits/sec    0    430 KBytes       
[  4] 120.00-121.00 sec   382 KBytes  3.13 Mbits/sec    0    444 KBytes       
[  4] 121.00-122.00 sec   127 KBytes  1.04 Mbits/sec    0    447 KBytes       
[  4] 122.00-123.00 sec   445 KBytes  3.65 Mbits/sec    0    451 KBytes       
[  4] 123.00-124.00 sec   318 KBytes  2.61 Mbits/sec    0    455 KBytes       
[  4] 124.00-125.00 sec  0.00 Bytes  0.00 bits/sec   10    413 KBytes       
[  4] 125.00-126.00 sec  0.00 Bytes  0.00 bits/sec    9    335 KBytes       
[  4] 126.00-127.00 sec   191 KBytes  1.56 Mbits/sec    0    320 KBytes       
[  4] 127.00-128.00 sec   636 KBytes  5.22 Mbits/sec    0    346 KBytes       
[  4] 128.00-129.00 sec   318 KBytes  2.61 Mbits/sec    0    385 KBytes       
[  4] 129.00-130.00 sec   255 KBytes  2.09 Mbits/sec    0    414 KBytes       
[  4] 130.00-131.00 sec   127 KBytes  1.04 Mbits/sec    0    424 KBytes       
[  4] 131.00-132.00 sec   318 KBytes  2.61 Mbits/sec    0    443 KBytes       
[  4] 132.00-133.00 sec   127 KBytes  1.04 Mbits/sec    0    447 KBytes       
[  4] 133.00-134.00 sec   318 KBytes  2.61 Mbits/sec    0    452 KBytes       
[  4] 134.00-135.00 sec   255 KBytes  2.09 Mbits/sec    0    457 KBytes       
[  4] 135.00-136.00 sec   255 KBytes  2.09 Mbits/sec    0    464 KBytes       
[  4] 136.00-137.00 sec   255 KBytes  2.08 Mbits/sec    0    479 KBytes       
[  4] 137.00-138.00 sec   255 KBytes  2.08 Mbits/sec    0    498 KBytes       
[  4] 138.00-139.00 sec   318 KBytes  2.60 Mbits/sec    0    535 KBytes       
[  4] 139.00-140.00 sec  0.00 Bytes  0.00 bits/sec    0    540 KBytes       
[  4] 140.00-141.00 sec  0.00 Bytes  0.00 bits/sec   35    426 KBytes       
[  4] 141.00-142.00 sec  0.00 Bytes  0.00 bits/sec   81    297 KBytes       
[  4] 142.00-143.00 sec  0.00 Bytes  0.00 bits/sec   74    349 KBytes       
[  4] 143.00-144.00 sec  0.00 Bytes  0.00 bits/sec    7   1.41 KBytes       
[  4] 144.00-145.00 sec  0.00 Bytes  0.00 bits/sec    0   1.41 KBytes       
[  4] 145.00-146.00 sec  63.6 KBytes   521 Kbits/sec   68   96.2 KBytes       
[  4] 146.00-147.00 sec   318 KBytes  2.61 Mbits/sec  122    378 KBytes       
[  4] 147.00-148.00 sec   318 KBytes  2.61 Mbits/sec    0    393 KBytes       
[  4] 148.00-149.00 sec   127 KBytes  1.04 Mbits/sec   77    280 KBytes       
[  4] 149.00-150.00 sec   636 KBytes  5.21 Mbits/sec    0    296 KBytes       
[  4] 150.00-151.00 sec   382 KBytes  3.13 Mbits/sec    0    338 KBytes       
[  4] 151.00-152.00 sec  0.00 Bytes  0.00 bits/sec    0    339 KBytes       
[  4] 152.00-153.00 sec   255 KBytes  2.08 Mbits/sec    4    250 KBytes       
[  4] 153.00-154.00 sec  1.86 MBytes  15.6 Mbits/sec    0    274 KBytes       
[  4] 154.00-155.00 sec  1018 KBytes  8.33 Mbits/sec    0    293 KBytes       
[  4] 155.00-156.00 sec  1.12 MBytes  9.39 Mbits/sec    0    301 KBytes       
[  4] 156.00-157.00 sec  1.06 MBytes  8.86 Mbits/sec    0    304 KBytes       
[  4] 157.00-158.00 sec  1.06 MBytes  8.87 Mbits/sec    0    304 KBytes       
[  4] 158.00-159.00 sec  1.06 MBytes  8.86 Mbits/sec    0    305 KBytes       
[  4] 159.00-160.00 sec  1018 KBytes  8.33 Mbits/sec    0    310 KBytes       
[  4] 160.00-161.00 sec   700 KBytes  5.74 Mbits/sec    0    321 KBytes       
[  4] 161.00-162.00 sec   891 KBytes  7.30 Mbits/sec    0    342 KBytes       
[  4] 162.00-163.00 sec   700 KBytes  5.73 Mbits/sec    0    376 KBytes       
[  4] 163.00-164.00 sec   700 KBytes  5.74 Mbits/sec    0    421 KBytes       
[  4] 164.00-165.00 sec   445 KBytes  3.65 Mbits/sec    0    475 KBytes       
[  4] 165.00-166.00 sec   636 KBytes  5.21 Mbits/sec    0    568 KBytes       
[  4] 166.00-167.00 sec  1.24 MBytes  10.4 Mbits/sec    0    672 KBytes       
[  4] 167.00-168.00 sec  1.68 MBytes  14.1 Mbits/sec    0    824 KBytes       
[  4] 168.00-169.00 sec  1.25 MBytes  10.5 Mbits/sec    0    969 KBytes       
[  4] 169.00-170.00 sec  1.05 MBytes  8.80 Mbits/sec    0   1.13 MBytes       
[  4] 170.00-171.00 sec   827 KBytes  6.77 Mbits/sec    0   1.35 MBytes       
[  4] 171.00-172.00 sec   827 KBytes  6.77 Mbits/sec    0   1.57 MBytes       
[  4] 172.00-173.00 sec   827 KBytes  6.78 Mbits/sec    0   1.87 MBytes       
[  4] 173.00-174.00 sec  5.00 MBytes  41.9 Mbits/sec    0   2.17 MBytes       
[  4] 174.00-175.00 sec  1.25 MBytes  10.5 Mbits/sec    0   2.51 MBytes       
[  4] 175.00-176.00 sec  1.25 MBytes  10.5 Mbits/sec    0   2.86 MBytes       
[  4] 176.00-177.00 sec  1.25 MBytes  10.5 Mbits/sec    0   3.28 MBytes       
[  4] 177.00-178.00 sec  1.25 MBytes  10.5 Mbits/sec    0   3.77 MBytes       
[  4] 178.00-179.00 sec  1.25 MBytes  10.5 Mbits/sec    0   4.32 MBytes       
[  4] 179.00-180.00 sec  1.25 MBytes  10.5 Mbits/sec    0   4.88 MBytes       
[  4] 180.00-181.00 sec   945 KBytes  7.74 Mbits/sec    0   5.40 MBytes       
[  4] 181.00-182.00 sec   891 KBytes  7.30 Mbits/sec    0   5.94 MBytes       
[  4] 182.00-183.00 sec   891 KBytes  7.30 Mbits/sec    0   6.50 MBytes       
[  4] 183.00-184.00 sec   700 KBytes  5.73 Mbits/sec    0   6.95 MBytes       
[  4] 184.00-185.00 sec  0.00 Bytes  0.00 bits/sec  324   6.17 MBytes       
[  4] 185.00-186.00 sec  0.00 Bytes  0.00 bits/sec  335   5.37 MBytes       
[  4] 186.00-187.00 sec  0.00 Bytes  0.00 bits/sec  508   4.87 MBytes       
[  4] 187.00-188.00 sec  0.00 Bytes  0.00 bits/sec  349   4.87 MBytes       
[  4] 188.00-189.00 sec  63.6 KBytes   521 Kbits/sec  219   4.69 MBytes       
[  4] 189.00-190.00 sec  2.50 MBytes  21.0 Mbits/sec   25   4.63 MBytes       
[  4] 190.00-191.00 sec  1.25 MBytes  10.5 Mbits/sec    0   4.63 MBytes       
[  4] 191.00-192.00 sec  1.25 MBytes  10.5 Mbits/sec    0   4.63 MBytes       
[  4] 192.00-193.01 sec  1.25 MBytes  10.4 Mbits/sec    1   2.83 KBytes       
[  4] 193.01-194.00 sec   218 KBytes  1.80 Mbits/sec  267    127 KBytes       
[  4] 194.00-195.00 sec  63.6 KBytes   521 Kbits/sec  834    358 KBytes       
[  4] 195.00-196.00 sec  0.00 Bytes  0.00 bits/sec  828    492 KBytes       
[  4] 196.00-197.00 sec  0.00 Bytes  0.00 bits/sec  848    646 KBytes       
[  4] 197.00-198.00 sec  0.00 Bytes  0.00 bits/sec  860    822 KBytes       
[  4] 198.00-199.00 sec  0.00 Bytes  0.00 bits/sec  944   1.02 MBytes       
[  4] 199.00-200.00 sec  0.00 Bytes  0.00 bits/sec  971   1.24 MBytes       
[  4] 200.00-201.00 sec  0.00 Bytes  0.00 bits/sec  236   1.52 MBytes       
[  4] 201.00-202.00 sec  0.00 Bytes  0.00 bits/sec    0   1.67 MBytes       
[  4] 202.00-203.00 sec  1.06 MBytes  8.86 Mbits/sec    0   1.72 MBytes       
[  4] 203.00-204.00 sec  1.12 MBytes  9.38 Mbits/sec    0   1.78 MBytes       
[  4] 204.00-205.00 sec  1.06 MBytes  8.86 Mbits/sec    0   1.83 MBytes       
[  4] 205.00-206.00 sec  1.06 MBytes  8.86 Mbits/sec    0   1.89 MBytes       
[  4] 206.00-207.00 sec  1.18 MBytes  9.90 Mbits/sec    0   1.95 MBytes       
[  4] 207.00-208.00 sec  1.06 MBytes  8.87 Mbits/sec    0   2.00 MBytes       
[  4] 208.00-209.01 sec  1.06 MBytes  8.79 Mbits/sec    0   2.11 MBytes       
[  4] 209.01-210.00 sec   700 KBytes  5.78 Mbits/sec    0   2.33 MBytes       
[  4] 210.00-211.00 sec   954 KBytes  7.82 Mbits/sec    0   2.69 MBytes       
[  4] 211.00-212.00 sec   954 KBytes  7.82 Mbits/sec    0   3.04 MBytes       
[  4] 212.00-213.00 sec   954 KBytes  7.81 Mbits/sec    0   3.50 MBytes       
[  4] 213.00-214.00 sec   891 KBytes  7.31 Mbits/sec    0   4.06 MBytes       
[  4] 214.00-215.00 sec   956 KBytes  7.83 Mbits/sec    0   4.61 MBytes       
[  4] 215.00-216.00 sec  1.19 MBytes  10.0 Mbits/sec    0   4.61 MBytes       
[  4] 216.00-217.00 sec  1.07 MBytes  8.95 Mbits/sec    0   4.61 MBytes       
[  4] 217.00-218.00 sec  0.00 Bytes  0.00 bits/sec  270   4.00 MBytes       
[  4] 218.00-219.00 sec  39.6 KBytes   324 Kbits/sec  296   3.26 MBytes       
[  4] 219.00-220.00 sec  74.9 KBytes   614 Kbits/sec   34   3.23 MBytes       
[  4] 220.00-221.00 sec   648 KBytes  5.30 Mbits/sec   98   3.23 MBytes       
[  4] 221.00-222.00 sec  5.00 MBytes  42.0 Mbits/sec   55   3.23 MBytes       
[  4] 222.00-223.00 sec  1.25 MBytes  10.5 Mbits/sec    0   3.23 MBytes       
[  4] 223.00-224.00 sec  1.25 MBytes  10.5 Mbits/sec    0   3.23 MBytes       
[  4] 224.00-225.00 sec  1.25 MBytes  10.5 Mbits/sec    3   4.24 KBytes       
[  4] 225.00-226.00 sec   920 KBytes  7.54 Mbits/sec  306   4.24 KBytes       
[  4] 226.00-227.00 sec  1.06 MBytes  8.86 Mbits/sec  674   4.24 KBytes       
[  4] 227.00-228.00 sec  1.06 MBytes  8.87 Mbits/sec  648   4.24 KBytes       
[  4] 228.00-229.00 sec   891 KBytes  7.29 Mbits/sec  647   4.24 KBytes       
[  4] 229.00-230.00 sec   954 KBytes  7.82 Mbits/sec  654   4.24 KBytes       
[  4] 230.00-231.00 sec   891 KBytes  7.30 Mbits/sec  607   4.24 KBytes       
[  4] 231.00-232.00 sec   827 KBytes  6.77 Mbits/sec  581   4.24 KBytes       
[  4] 232.00-233.00 sec  1.25 MBytes  10.5 Mbits/sec  312   24.0 KBytes       
[  4] 233.00-234.00 sec  1.25 MBytes  10.5 Mbits/sec    0   67.9 KBytes       
[  4] 234.00-235.00 sec  1.25 MBytes  10.5 Mbits/sec    0    112 KBytes       
[  4] 235.00-236.00 sec  1.25 MBytes  10.5 Mbits/sec    0    165 KBytes       
[  4] 236.00-237.00 sec   989 KBytes  8.11 Mbits/sec    1    197 KBytes       
[  4] 237.00-238.00 sec   954 KBytes  7.82 Mbits/sec    0    246 KBytes       
[  4] 238.00-239.00 sec   700 KBytes  5.73 Mbits/sec    0    284 KBytes       
[  4] 239.00-240.00 sec   636 KBytes  5.20 Mbits/sec    0    314 KBytes       
[  4] 240.00-241.00 sec   573 KBytes  4.70 Mbits/sec    0    344 KBytes       
[  4] 241.00-242.00 sec   636 KBytes  5.21 Mbits/sec    0    379 KBytes       
[  4] 242.00-243.00 sec   636 KBytes  5.21 Mbits/sec    0    409 KBytes       
[  4] 243.00-244.00 sec   636 KBytes  5.22 Mbits/sec    0    443 KBytes       
[  4] 244.00-245.00 sec   573 KBytes  4.69 Mbits/sec    0    484 KBytes       
[  4] 245.00-246.00 sec   636 KBytes  5.21 Mbits/sec    0    581 KBytes       
[  4] 246.00-247.00 sec   573 KBytes  4.69 Mbits/sec    0    713 KBytes       
[  4] 247.00-248.00 sec   827 KBytes  6.77 Mbits/sec    0    895 KBytes       
[  4] 248.00-249.00 sec   954 KBytes  7.83 Mbits/sec    0   1.07 MBytes       
[  4] 249.00-250.00 sec  1018 KBytes  8.34 Mbits/sec    0   1.29 MBytes       
[  4] 250.00-251.00 sec  1018 KBytes  8.34 Mbits/sec    0   1.56 MBytes       
[  4] 251.00-252.00 sec   954 KBytes  7.81 Mbits/sec    0   1.83 MBytes       
[  4] 252.00-253.00 sec  1018 KBytes  8.35 Mbits/sec    0   2.15 MBytes       
[  4] 253.00-254.00 sec   954 KBytes  7.83 Mbits/sec    0   2.49 MBytes       
[  4] 254.00-255.00 sec  1018 KBytes  8.34 Mbits/sec    0   2.84 MBytes       
[  4] 255.00-256.00 sec   954 KBytes  7.82 Mbits/sec    0   3.20 MBytes       
[  4] 256.00-257.00 sec  1018 KBytes  8.34 Mbits/sec    0   3.74 MBytes       
[  4] 257.00-258.00 sec   891 KBytes  7.29 Mbits/sec    0   4.28 MBytes       
[  4] 258.00-259.00 sec   891 KBytes  7.30 Mbits/sec    0   4.77 MBytes       
[  4] 259.00-260.00 sec  1018 KBytes  8.35 Mbits/sec    0   5.32 MBytes       
[  4] 260.00-261.00 sec  0.00 Bytes  0.00 bits/sec  250   4.83 MBytes       
[  4] 261.00-262.00 sec  0.00 Bytes  0.00 bits/sec  378   3.98 MBytes       
[  4] 262.00-263.00 sec  0.00 Bytes  0.00 bits/sec  383   3.78 MBytes       
[  4] 263.00-264.00 sec  0.00 Bytes  0.00 bits/sec  290   3.65 MBytes       
[  4] 264.00-265.00 sec  0.00 Bytes  0.00 bits/sec  401   3.31 MBytes       
[  4] 265.00-266.00 sec   382 KBytes  3.13 Mbits/sec  112   2.91 MBytes       
[  4] 266.00-267.00 sec  1.06 MBytes  8.86 Mbits/sec    1   2.83 KBytes       
[  4] 267.00-268.00 sec   127 KBytes  1.04 Mbits/sec   93   12.7 KBytes       
[  4] 268.00-269.00 sec  1018 KBytes  8.36 Mbits/sec  734   63.6 KBytes       
[  4] 269.00-270.00 sec  1.18 MBytes  9.90 Mbits/sec  781    116 KBytes       
[  4] 270.00-271.00 sec  1.18 MBytes  9.90 Mbits/sec  794    170 KBytes       
[  4] 271.00-272.00 sec  1.25 MBytes  10.5 Mbits/sec  793    222 KBytes       
[  4] 272.00-273.00 sec  1.24 MBytes  10.4 Mbits/sec  784    276 KBytes       
[  4] 273.00-274.00 sec  1018 KBytes  8.34 Mbits/sec  786    328 KBytes       
[  4] 274.00-275.00 sec  1.06 MBytes  8.87 Mbits/sec  796    382 KBytes       
[  4] 275.00-276.00 sec  1.18 MBytes  9.90 Mbits/sec  225    437 KBytes       
[  4] 276.00-277.00 sec  1.06 MBytes  8.86 Mbits/sec    0    492 KBytes       
[  4] 277.00-278.00 sec  1.06 MBytes  8.86 Mbits/sec    0    587 KBytes       
[  4] 278.00-279.00 sec  1018 KBytes  8.35 Mbits/sec    0    751 KBytes       
[  4] 279.00-280.00 sec   954 KBytes  7.82 Mbits/sec    0    947 KBytes       
[  4] 280.00-281.00 sec  1.06 MBytes  8.86 Mbits/sec    0   1.14 MBytes       
[  4] 281.00-282.00 sec  1018 KBytes  8.34 Mbits/sec    0   1.40 MBytes       
[  4] 282.00-283.00 sec   954 KBytes  7.82 Mbits/sec    0   1.67 MBytes       
[  4] 283.00-284.00 sec  1018 KBytes  8.34 Mbits/sec    0   1.99 MBytes       
[  4] 284.00-285.00 sec   954 KBytes  7.81 Mbits/sec    0   2.35 MBytes       
[  4] 285.00-286.00 sec  1018 KBytes  8.34 Mbits/sec    0   2.68 MBytes       
[  4] 286.00-287.00 sec   954 KBytes  7.83 Mbits/sec    0   3.08 MBytes       
[  4] 287.00-288.00 sec   954 KBytes  7.82 Mbits/sec    0   3.58 MBytes       
[  4] 288.00-289.00 sec   891 KBytes  7.29 Mbits/sec    0   4.12 MBytes       
[  4] 289.00-290.00 sec   954 KBytes  7.83 Mbits/sec    0   4.65 MBytes       
[  4] 290.00-291.00 sec   891 KBytes  7.30 Mbits/sec    0   5.21 MBytes       
[  4] 291.00-292.00 sec  0.00 Bytes  0.00 bits/sec  422   4.32 MBytes       
[  4] 292.00-293.00 sec  0.00 Bytes  0.00 bits/sec  382   3.65 MBytes       
[  4] 293.00-294.00 sec  0.00 Bytes  0.00 bits/sec  460   3.65 MBytes       
[  4] 294.00-295.00 sec  0.00 Bytes  0.00 bits/sec  225   3.32 MBytes       
[  4] 295.00-296.00 sec  0.00 Bytes  0.00 bits/sec  329   2.71 MBytes       
[  4] 296.00-297.00 sec   700 KBytes  5.73 Mbits/sec   16   2.69 MBytes       
[  4] 297.00-298.00 sec   445 KBytes  3.65 Mbits/sec    1   2.83 KBytes       
[  4] 298.00-299.00 sec   827 KBytes  6.76 Mbits/sec  518   42.4 KBytes       
[  4] 299.00-300.00 sec  1.18 MBytes  9.90 Mbits/sec  784   94.7 KBytes       
[  4] 300.00-301.00 sec  1.12 MBytes  9.40 Mbits/sec  765    146 KBytes       
[  4] 301.00-302.00 sec  1.18 MBytes  9.91 Mbits/sec  739    197 KBytes       
[  4] 302.00-303.00 sec  1.24 MBytes  10.4 Mbits/sec  768    247 KBytes       
[  4] 303.00-304.00 sec  1.06 MBytes  8.86 Mbits/sec  783    300 KBytes       
[  4] 304.00-305.00 sec  1018 KBytes  8.34 Mbits/sec  778    352 KBytes       
[  4] 305.00-306.00 sec  1.06 MBytes  8.87 Mbits/sec  651    406 KBytes       
[  4] 306.00-307.00 sec  1.18 MBytes  9.90 Mbits/sec    0    461 KBytes       
[  4] 307.00-308.00 sec  1.06 MBytes  8.86 Mbits/sec    0    526 KBytes       
[  4] 308.00-309.00 sec  1018 KBytes  8.34 Mbits/sec    0    667 KBytes       
[  4] 309.00-310.00 sec  1.06 MBytes  8.85 Mbits/sec    0    853 KBytes       
[  4] 310.00-311.00 sec  1018 KBytes  8.36 Mbits/sec    0   1.04 MBytes       
[  4] 311.00-312.00 sec  1018 KBytes  8.32 Mbits/sec    0   1.28 MBytes       
[  4] 312.00-313.00 sec   954 KBytes  7.84 Mbits/sec    0   1.55 MBytes       
[  4] 313.00-314.00 sec  1.06 MBytes  8.86 Mbits/sec    0   1.84 MBytes       
[  4] 314.00-315.00 sec   954 KBytes  7.82 Mbits/sec    0   2.18 MBytes       
[  4] 315.00-316.00 sec   954 KBytes  7.82 Mbits/sec    0   2.54 MBytes       
[  4] 316.00-317.00 sec   954 KBytes  7.82 Mbits/sec    0   2.89 MBytes       
[  4] 317.00-318.00 sec   954 KBytes  7.82 Mbits/sec    0   3.34 MBytes       
[  4] 318.00-319.00 sec  1018 KBytes  8.34 Mbits/sec    0   3.86 MBytes       
[  4] 319.00-320.00 sec   891 KBytes  7.30 Mbits/sec    0   4.41 MBytes       
[  4] 320.00-321.00 sec   827 KBytes  6.78 Mbits/sec    0   4.88 MBytes       
[  4] 321.00-322.00 sec   509 KBytes  4.16 Mbits/sec  132   4.83 MBytes       
[  4] 322.00-323.00 sec  0.00 Bytes  0.00 bits/sec  414   3.93 MBytes       
[  4] 323.00-324.00 sec  0.00 Bytes  0.00 bits/sec  340   3.61 MBytes       
[  4] 324.00-325.00 sec  0.00 Bytes  0.00 bits/sec  267   3.61 MBytes       
[  4] 325.00-326.00 sec  0.00 Bytes  0.00 bits/sec  146   3.36 MBytes       
[  4] 326.00-327.00 sec  0.00 Bytes  0.00 bits/sec  245   3.02 MBytes       
[  4] 327.00-328.00 sec  63.6 KBytes   521 Kbits/sec   22   2.99 MBytes       
[  4] 328.00-329.00 sec  1.25 MBytes  10.5 Mbits/sec    6   2.83 KBytes       
[  4] 329.00-330.00 sec  56.3 KBytes   461 Kbits/sec    0   2.83 KBytes       
[  4] 330.00-331.00 sec   827 KBytes  6.78 Mbits/sec  611   90.5 KBytes       
[  4] 331.00-332.00 sec  1.18 MBytes  9.90 Mbits/sec  788    144 KBytes       
[  4] 332.00-333.00 sec  1.12 MBytes  9.36 Mbits/sec  802    216 KBytes       
[  4] 333.00-334.00 sec  1.24 MBytes  10.4 Mbits/sec  822    310 KBytes       
[  4] 334.00-335.00 sec  1.06 MBytes  8.87 Mbits/sec  839    426 KBytes       
[  4] 335.00-336.00 sec   954 KBytes  7.82 Mbits/sec  857    567 KBytes       
[  4] 336.00-337.00 sec   891 KBytes  7.30 Mbits/sec  837    724 KBytes       
[  4] 337.00-338.00 sec  1.06 MBytes  8.87 Mbits/sec  232    929 KBytes       
[  4] 338.00-339.00 sec  1.24 MBytes  10.4 Mbits/sec    0    983 KBytes       
[  4] 339.00-340.00 sec  1.06 MBytes  8.85 Mbits/sec    0   1.01 MBytes       
[  4] 340.00-341.00 sec  1.06 MBytes  8.87 Mbits/sec    0   1.07 MBytes       
[  4] 341.00-342.00 sec  1.06 MBytes  8.86 Mbits/sec    0   1.12 MBytes       
[  4] 342.00-343.00 sec  1.06 MBytes  8.86 Mbits/sec    0   1.23 MBytes       
[  4] 343.00-344.00 sec  1.06 MBytes  8.86 Mbits/sec    0   1.46 MBytes       
[  4] 344.00-345.00 sec   891 KBytes  7.30 Mbits/sec    0   1.71 MBytes       
[  4] 345.00-346.00 sec  1.12 MBytes  9.39 Mbits/sec    0   2.05 MBytes       
[  4] 346.00-347.00 sec   954 KBytes  7.82 Mbits/sec    0   2.42 MBytes       
[  4] 347.00-348.00 sec  1018 KBytes  8.34 Mbits/sec    0   2.74 MBytes       
[  4] 348.00-349.00 sec   764 KBytes  6.26 Mbits/sec    0   3.06 MBytes       
[  4] 349.00-350.00 sec   827 KBytes  6.78 Mbits/sec    0   3.52 MBytes       
[  4] 350.00-351.00 sec   891 KBytes  7.30 Mbits/sec    0   4.05 MBytes       
[  4] 351.00-352.00 sec   891 KBytes  7.30 Mbits/sec    0   4.59 MBytes       
[  4] 352.00-353.00 sec   891 KBytes  7.30 Mbits/sec    0   5.13 MBytes       
[  4] 353.00-354.00 sec   891 KBytes  7.29 Mbits/sec    0   5.67 MBytes       
[  4] 354.00-355.00 sec   127 KBytes  1.04 Mbits/sec  258   5.15 MBytes       
[  4] 355.00-356.00 sec  0.00 Bytes  0.00 bits/sec  384   4.32 MBytes       
[  4] 356.00-357.00 sec  0.00 Bytes  0.00 bits/sec  357   4.06 MBytes       
[  4] 357.00-358.00 sec  0.00 Bytes  0.00 bits/sec  367   3.91 MBytes       
[  4] 358.00-359.00 sec  0.00 Bytes  0.00 bits/sec  155   3.70 MBytes       
[  4] 359.00-360.00 sec   573 KBytes  4.69 Mbits/sec  171   3.46 MBytes       
[  4] 360.00-361.00 sec  1.06 MBytes  8.86 Mbits/sec   63   3.38 MBytes       
[  4] 361.00-362.00 sec  0.00 Bytes  0.00 bits/sec    1   2.83 KBytes       
[  4] 362.00-363.00 sec  0.00 Bytes  0.00 bits/sec    0   2.83 KBytes       
[  4] 363.00-364.00 sec  1018 KBytes  8.34 Mbits/sec  711   55.1 KBytes       
[  4] 364.00-365.00 sec  1.12 MBytes  9.39 Mbits/sec  754    106 KBytes       
[  4] 365.00-366.00 sec  1.06 MBytes  8.86 Mbits/sec  725    154 KBytes       
[  4] 366.00-367.00 sec  1.24 MBytes  10.4 Mbits/sec  778    206 KBytes       
[  4] 367.00-368.00 sec  1.12 MBytes  9.38 Mbits/sec  758    257 KBytes       
[  4] 368.00-369.00 sec  1.12 MBytes  9.39 Mbits/sec  796    311 KBytes       
[  4] 369.00-370.00 sec   764 KBytes  6.25 Mbits/sec  589    351 KBytes       
[  4] 370.00-371.00 sec  1.25 MBytes  10.5 Mbits/sec  183    440 KBytes       
[  4] 371.00-372.00 sec  1.25 MBytes  10.5 Mbits/sec    0    495 KBytes       
[  4] 372.00-373.00 sec  1.25 MBytes  10.5 Mbits/sec    0    563 KBytes       
[  4] 373.00-374.00 sec  1.22 MBytes  10.2 Mbits/sec    0    718 KBytes       
[  4] 374.00-375.00 sec   954 KBytes  7.82 Mbits/sec    0    908 KBytes       
[  4] 375.00-376.00 sec  1018 KBytes  8.34 Mbits/sec    0   1.10 MBytes       
[  4] 376.00-377.00 sec   954 KBytes  7.82 Mbits/sec    0   1.34 MBytes       
[  4] 377.00-378.00 sec   954 KBytes  7.81 Mbits/sec    0   1.61 MBytes       
[  4] 378.00-379.00 sec  1018 KBytes  8.34 Mbits/sec    0   1.89 MBytes       
[  4] 379.00-380.00 sec   891 KBytes  7.31 Mbits/sec    0   2.16 MBytes       
[  4] 380.00-381.00 sec   891 KBytes  7.30 Mbits/sec    0   2.55 MBytes       
[  4] 381.00-382.00 sec   827 KBytes  6.76 Mbits/sec    0   2.99 MBytes       
[  4] 382.00-383.00 sec   827 KBytes  6.79 Mbits/sec    0   3.48 MBytes       
[  4] 383.00-384.00 sec   827 KBytes  6.77 Mbits/sec    0   3.97 MBytes       
[  4] 384.00-385.00 sec  0.00 Bytes  0.00 bits/sec   95   3.56 MBytes       
[  4] 385.00-386.00 sec  0.00 Bytes  0.00 bits/sec   30   3.21 MBytes       
[  4] 386.00-387.00 sec  0.00 Bytes  0.00 bits/sec   86   2.79 MBytes       
[  4] 387.00-388.00 sec  0.00 Bytes  0.00 bits/sec   55   2.78 MBytes       
[  4] 388.00-389.00 sec  0.00 Bytes  0.00 bits/sec  194   2.78 MBytes       
[  4] 389.00-390.00 sec  63.6 KBytes   521 Kbits/sec   14   2.78 MBytes       
[  4] 390.00-391.00 sec  1.12 MBytes  9.38 Mbits/sec   68   2.78 MBytes       
[  4] 391.00-392.00 sec   764 KBytes  6.26 Mbits/sec   17   2.83 KBytes       
[  4] 392.00-393.00 sec  0.00 Bytes  0.00 bits/sec    0   2.83 KBytes       
[  4] 393.00-394.00 sec   764 KBytes  6.24 Mbits/sec  571   45.2 KBytes       
[  4] 394.00-395.00 sec   891 KBytes  7.32 Mbits/sec  712   93.3 KBytes       
[  4] 395.00-396.00 sec  1018 KBytes  8.34 Mbits/sec  764    144 KBytes       
[  4] 396.00-397.00 sec  1018 KBytes  8.32 Mbits/sec  789    198 KBytes       
[  4] 397.00-398.00 sec  1.06 MBytes  8.89 Mbits/sec  788    250 KBytes       
[  4] 398.00-399.00 sec  1018 KBytes  8.34 Mbits/sec  793    304 KBytes       
[  4] 399.00-400.00 sec  1.25 MBytes  10.5 Mbits/sec  399    407 KBytes       
[  4] 400.00-401.00 sec  1.25 MBytes  10.5 Mbits/sec    0    462 KBytes       
[  4] 401.00-402.00 sec  1.25 MBytes  10.5 Mbits/sec    0    516 KBytes       
[  4] 402.00-403.00 sec  1.25 MBytes  10.5 Mbits/sec    0    571 KBytes       
[  4] 403.00-404.00 sec  1.25 MBytes  10.5 Mbits/sec    0    648 KBytes       
[  4] 404.00-405.00 sec  1.08 MBytes  9.09 Mbits/sec    0    813 KBytes       
[  4] 405.00-406.00 sec  1018 KBytes  8.34 Mbits/sec    0   1021 KBytes       
[  4] 406.00-407.00 sec  1018 KBytes  8.34 Mbits/sec    0   1.22 MBytes       
[  4] 407.00-408.00 sec   954 KBytes  7.82 Mbits/sec    0   1.49 MBytes       
[  4] 408.00-409.00 sec   954 KBytes  7.82 Mbits/sec    0   1.75 MBytes       
[  4] 409.00-410.00 sec   954 KBytes  7.82 Mbits/sec    0   2.10 MBytes       
[  4] 410.00-411.00 sec   954 KBytes  7.82 Mbits/sec    0   2.46 MBytes       
[  4] 411.00-412.00 sec   954 KBytes  7.82 Mbits/sec    0   2.81 MBytes       
[  4] 412.00-413.00 sec   891 KBytes  7.30 Mbits/sec    0   3.23 MBytes       
[  4] 413.00-414.00 sec   827 KBytes  6.77 Mbits/sec    0   3.74 MBytes       
[  4] 414.00-415.00 sec   891 KBytes  7.30 Mbits/sec    0   4.27 MBytes       
[  4] 415.00-416.00 sec   764 KBytes  6.26 Mbits/sec    0   4.75 MBytes       
[  4] 416.00-417.00 sec   891 KBytes  7.30 Mbits/sec    0   5.28 MBytes       
[  4] 417.00-418.01 sec   573 KBytes  4.67 Mbits/sec    0   5.67 MBytes       
[  4] 418.01-419.00 sec  0.00 Bytes  0.00 bits/sec  170   5.19 MBytes       
[  4] 419.00-420.00 sec  0.00 Bytes  0.00 bits/sec  329   4.42 MBytes       
[  4] 420.00-421.00 sec  0.00 Bytes  0.00 bits/sec  405   3.97 MBytes       
[  4] 421.00-422.00 sec  0.00 Bytes  0.00 bits/sec  481   3.97 MBytes       
[  4] 422.00-423.00 sec  0.00 Bytes  0.00 bits/sec   82   3.76 MBytes       
[  4] 423.00-424.00 sec   636 KBytes  5.21 Mbits/sec   81   3.65 MBytes       
[  4] 424.00-425.00 sec  1.12 MBytes  9.38 Mbits/sec   72   3.54 MBytes       
[  4] 425.00-426.00 sec  63.6 KBytes   521 Kbits/sec    1   2.83 KBytes       
[  4] 426.00-427.00 sec  0.00 Bytes  0.00 bits/sec    0   2.83 KBytes       
[  4] 427.00-428.00 sec  1018 KBytes  8.33 Mbits/sec  741   56.6 KBytes       
[  4] 428.00-429.00 sec  1.18 MBytes  9.91 Mbits/sec  788    109 KBytes       
[  4] 429.00-430.00 sec   764 KBytes  6.26 Mbits/sec  599    150 KBytes       
[  4] 430.00-431.00 sec  1.06 MBytes  8.86 Mbits/sec  773    202 KBytes       
[  4] 431.00-432.00 sec  1.18 MBytes  9.91 Mbits/sec  774    253 KBytes       
[  4] 432.00-433.00 sec  1018 KBytes  8.34 Mbits/sec  773    305 KBytes       
[  4] 433.00-434.00 sec  1018 KBytes  8.34 Mbits/sec  772    358 KBytes       
[  4] 434.00-435.00 sec  1.18 MBytes  9.90 Mbits/sec  566    410 KBytes       
[  4] 435.00-436.00 sec  1.18 MBytes  9.91 Mbits/sec    0    464 KBytes       
[  4] 436.00-437.00 sec  1018 KBytes  8.33 Mbits/sec    0    553 KBytes       
[  4] 437.00-438.00 sec  1018 KBytes  8.35 Mbits/sec    0    718 KBytes       
[  4] 438.00-439.00 sec  1.06 MBytes  8.86 Mbits/sec    0    906 KBytes       
[  4] 439.00-440.00 sec   891 KBytes  7.30 Mbits/sec    0   1.09 MBytes       
[  4] 440.00-441.00 sec  1018 KBytes  8.34 Mbits/sec    0   1.35 MBytes       
[  4] 441.00-442.00 sec   954 KBytes  7.81 Mbits/sec    0   1.60 MBytes       
[  4] 442.00-443.00 sec   891 KBytes  7.30 Mbits/sec    0   1.92 MBytes       
[  4] 443.00-444.00 sec   954 KBytes  7.82 Mbits/sec    0   2.27 MBytes       
[  4] 444.00-445.00 sec   891 KBytes  7.30 Mbits/sec    0   2.61 MBytes       
[  4] 445.00-446.00 sec   827 KBytes  6.78 Mbits/sec    0   2.99 MBytes       
[  4] 446.00-447.00 sec   891 KBytes  7.30 Mbits/sec    0   3.48 MBytes       
[  4] 447.00-448.00 sec  63.6 KBytes   521 Kbits/sec   89   3.37 MBytes       
[  4] 448.00-449.00 sec  0.00 Bytes  0.00 bits/sec   80   2.97 MBytes       
[  4] 449.00-450.00 sec  0.00 Bytes  0.00 bits/sec   25   2.63 MBytes       
[  4] 450.00-451.00 sec  0.00 Bytes  0.00 bits/sec   52   2.54 MBytes       
[  4] 451.00-452.00 sec  0.00 Bytes  0.00 bits/sec   78   2.54 MBytes       
[  4] 452.00-453.00 sec  0.00 Bytes  0.00 bits/sec   56   2.54 MBytes       
[  4] 453.00-454.00 sec   127 KBytes  1.04 Mbits/sec   91   2.54 MBytes       
[  4] 454.00-455.00 sec   954 KBytes  7.82 Mbits/sec   13   1.41 KBytes       
[  4] 455.00-456.00 sec   700 KBytes  5.74 Mbits/sec    0   2.83 KBytes       
[  4] 456.00-457.00 sec  0.00 Bytes  0.00 bits/sec   10   4.24 KBytes       
[  4] 457.00-458.00 sec   318 KBytes  2.60 Mbits/sec  232   24.0 KBytes       
[  4] 458.00-459.00 sec   573 KBytes  4.69 Mbits/sec  444   53.7 KBytes       
[  4] 459.00-460.00 sec   573 KBytes  4.69 Mbits/sec  422   82.0 KBytes       
[  4] 460.00-461.00 sec   509 KBytes  4.17 Mbits/sec  389    109 KBytes       
[  4] 461.00-462.00 sec   573 KBytes  4.69 Mbits/sec  476    140 KBytes       
[  4] 462.00-463.00 sec   573 KBytes  4.69 Mbits/sec  422    168 KBytes       
[  4] 463.00-464.00 sec   573 KBytes  4.69 Mbits/sec  426    198 KBytes       
[  4] 464.00-465.00 sec   573 KBytes  4.69 Mbits/sec  465    263 KBytes       
[  4] 465.00-466.00 sec  1.24 MBytes  10.4 Mbits/sec  748    568 KBytes       
[  4] 466.00-467.00 sec  1.18 MBytes  9.90 Mbits/sec  445    629 KBytes       
[  4] 467.00-468.00 sec   318 KBytes  2.61 Mbits/sec  224    646 KBytes       
[  4] 468.00-469.00 sec   573 KBytes  4.69 Mbits/sec    0    700 KBytes       
[  4] 469.00-470.00 sec  0.00 Bytes  0.00 bits/sec    0    701 KBytes       
[  4] 470.00-471.00 sec  0.00 Bytes  0.00 bits/sec    0    701 KBytes       
[  4] 471.00-472.00 sec  0.00 Bytes  0.00 bits/sec    0    701 KBytes       
[  4] 472.00-473.00 sec  0.00 Bytes  0.00 bits/sec    0    701 KBytes       
[  4] 473.00-474.00 sec  0.00 Bytes  0.00 bits/sec    1   1.41 KBytes       
[  4] 474.00-475.00 sec  63.6 KBytes   521 Kbits/sec    0   1.41 KBytes       
[  4] 475.00-476.00 sec  0.00 Bytes  0.00 bits/sec    0   1.41 KBytes       
[  4] 476.00-477.00 sec  0.00 Bytes  0.00 bits/sec    0   1.41 KBytes       
[  4] 477.00-478.00 sec  0.00 Bytes  0.00 bits/sec    0   1.41 KBytes       
[  4] 478.00-479.00 sec  0.00 Bytes  0.00 bits/sec    1   1.41 KBytes       
[  4] 479.00-480.00 sec   573 KBytes  4.69 Mbits/sec  107    106 KBytes       
[  4] 480.00-481.00 sec  1.25 MBytes  10.5 Mbits/sec    0    495 KBytes       
[  4] 481.00-482.00 sec   884 KBytes  7.24 Mbits/sec    0    559 KBytes       
[  4] 482.00-483.00 sec   382 KBytes  3.13 Mbits/sec    0    600 KBytes       
[  4] 483.00-484.00 sec   382 KBytes  3.13 Mbits/sec    0    636 KBytes       
[  4] 484.00-485.00 sec   318 KBytes  2.61 Mbits/sec    0    658 KBytes       
[  4] 485.00-486.00 sec  63.6 KBytes   521 Kbits/sec    0    669 KBytes       
[  4] 486.00-487.00 sec  0.00 Bytes  0.00 bits/sec    0    669 KBytes       
[  4] 487.00-488.00 sec  0.00 Bytes  0.00 bits/sec   56    510 KBytes       
[  4] 488.00-489.00 sec   191 KBytes  1.56 Mbits/sec   51    468 KBytes       
[  4] 489.00-490.00 sec   382 KBytes  3.13 Mbits/sec    0    468 KBytes       
[  4] 490.00-491.00 sec  1.06 MBytes  8.85 Mbits/sec    0    482 KBytes       
[  4] 491.00-492.00 sec   445 KBytes  3.65 Mbits/sec    0    510 KBytes       
[  4] 492.00-493.00 sec   445 KBytes  3.64 Mbits/sec    0    540 KBytes       
[  4] 493.00-494.00 sec   382 KBytes  3.13 Mbits/sec    0    553 KBytes       
[  4] 494.00-495.00 sec   255 KBytes  2.09 Mbits/sec    0    559 KBytes       
[  4] 495.00-496.00 sec   509 KBytes  4.17 Mbits/sec    0    566 KBytes       
[  4] 496.00-497.00 sec   509 KBytes  4.17 Mbits/sec    0    568 KBytes       
[  4] 497.00-498.00 sec   445 KBytes  3.65 Mbits/sec    0    573 KBytes       
[  4] 498.00-499.00 sec   509 KBytes  4.17 Mbits/sec    0    583 KBytes       
[  4] 499.00-500.00 sec   445 KBytes  3.65 Mbits/sec    0    600 KBytes       
[  4] 500.00-501.00 sec   445 KBytes  3.65 Mbits/sec    0    631 KBytes       
[  4] 501.00-502.00 sec   573 KBytes  4.69 Mbits/sec    0    676 KBytes       
[  4] 502.00-503.00 sec   509 KBytes  4.17 Mbits/sec    0    744 KBytes       
[  4] 503.00-504.00 sec   509 KBytes  4.17 Mbits/sec    0    823 KBytes       
[  4] 504.00-505.00 sec   573 KBytes  4.69 Mbits/sec    0    929 KBytes       
[  4] 505.00-506.00 sec   636 KBytes  5.21 Mbits/sec    0   1.04 MBytes       
[  4] 506.00-507.00 sec   573 KBytes  4.69 Mbits/sec    0   1.18 MBytes       
[  4] 507.00-508.00 sec   636 KBytes  5.20 Mbits/sec    0   1.36 MBytes       
[  4] 508.00-509.00 sec   636 KBytes  5.22 Mbits/sec    0   1.57 MBytes       
[  4] 509.00-510.00 sec   573 KBytes  4.70 Mbits/sec    0   1.80 MBytes       
[  4] 510.00-511.00 sec   891 KBytes  7.30 Mbits/sec    0   2.13 MBytes       
[  4] 511.00-512.00 sec   954 KBytes  7.82 Mbits/sec    0   2.50 MBytes       
[  4] 512.00-513.00 sec   954 KBytes  7.81 Mbits/sec    0   2.84 MBytes       
[  4] 513.00-514.00 sec   954 KBytes  7.82 Mbits/sec    0   3.20 MBytes       
[  4] 514.00-515.00 sec   764 KBytes  6.25 Mbits/sec    0   3.53 MBytes       
[  4] 515.00-516.00 sec   954 KBytes  7.82 Mbits/sec    0   3.78 MBytes       
[  4] 516.00-517.00 sec   827 KBytes  6.78 Mbits/sec    0   4.25 MBytes       
[  4] 517.00-518.00 sec   764 KBytes  6.25 Mbits/sec    0   4.71 MBytes       
[  4] 518.00-519.00 sec   191 KBytes  1.56 Mbits/sec    0   4.99 MBytes       
[  4] 519.00-520.00 sec  0.00 Bytes  0.00 bits/sec  335   4.27 MBytes       
[  4] 520.00-521.00 sec  0.00 Bytes  0.00 bits/sec  252   3.67 MBytes       
[  4] 521.00-522.00 sec  0.00 Bytes  0.00 bits/sec   81   3.49 MBytes       
[  4] 522.00-523.00 sec  0.00 Bytes  0.00 bits/sec  194   3.49 MBytes       
[  4] 523.00-524.00 sec  0.00 Bytes  0.00 bits/sec  195   3.49 MBytes       
[  4] 524.00-525.00 sec  0.00 Bytes  0.00 bits/sec  202   3.49 MBytes       
[  4] 525.00-526.00 sec   636 KBytes  5.21 Mbits/sec  146   3.20 MBytes       
[  4] 526.00-527.00 sec   827 KBytes  6.78 Mbits/sec   78   3.03 MBytes       
[  4] 527.00-528.00 sec   636 KBytes  5.21 Mbits/sec    1   1.41 KBytes       
[  4] 528.00-529.00 sec  0.00 Bytes  0.00 bits/sec    0   2.83 KBytes       
[  4] 529.00-530.00 sec  0.00 Bytes  0.00 bits/sec   26   7.07 KBytes       
[  4] 530.00-531.00 sec   318 KBytes  2.61 Mbits/sec  217   24.0 KBytes       
[  4] 531.00-532.00 sec   191 KBytes  1.56 Mbits/sec  121   32.5 KBytes       
[  4] 532.00-533.00 sec  63.6 KBytes   522 Kbits/sec   56   35.4 KBytes       
[  4] 533.00-534.00 sec  63.6 KBytes   521 Kbits/sec   51   42.4 KBytes       
[  4] 534.00-535.00 sec  63.6 KBytes   522 Kbits/sec   66   67.9 KBytes       
[  4] 535.00-536.00 sec   127 KBytes  1.04 Mbits/sec  122    112 KBytes       
[  4] 536.00-537.00 sec   127 KBytes  1.04 Mbits/sec  192    181 KBytes       
[  4] 537.00-538.00 sec   318 KBytes  2.60 Mbits/sec  270    263 KBytes       
[  4] 538.00-539.00 sec   318 KBytes  2.61 Mbits/sec  352    368 KBytes       
[  4] 539.00-540.00 sec   191 KBytes  1.56 Mbits/sec  305    475 KBytes       
[  4] 540.00-541.00 sec   255 KBytes  2.09 Mbits/sec  353    618 KBytes       
[  4] 541.00-542.00 sec   318 KBytes  2.60 Mbits/sec  381    789 KBytes       
[  4] 542.00-543.00 sec   255 KBytes  2.09 Mbits/sec  425    984 KBytes       
[  4] 543.00-544.00 sec   318 KBytes  2.61 Mbits/sec  490   1.19 MBytes       
[  4] 544.00-545.00 sec   318 KBytes  2.61 Mbits/sec  485   1.41 MBytes       
[  4] 545.00-546.00 sec   573 KBytes  4.69 Mbits/sec  987   1.82 MBytes       
[  4] 546.00-547.00 sec   827 KBytes  6.78 Mbits/sec  839   2.15 MBytes       
[  4] 547.00-548.00 sec  1.06 MBytes  8.86 Mbits/sec    0   2.56 MBytes       
[  4] 548.00-549.00 sec  1.25 MBytes  10.5 Mbits/sec    0   2.93 MBytes       
[  4] 549.00-550.00 sec   756 KBytes  6.19 Mbits/sec    0   3.29 MBytes       
[  4] 550.00-551.00 sec   764 KBytes  6.26 Mbits/sec    0   3.68 MBytes       
[  4] 551.00-552.00 sec   636 KBytes  5.19 Mbits/sec    0   4.06 MBytes       
[  4] 552.00-553.00 sec  0.00 Bytes  0.00 bits/sec  145   3.70 MBytes       
[  4] 553.00-554.00 sec  0.00 Bytes  0.00 bits/sec  194   3.06 MBytes       
[  4] 554.00-555.00 sec  0.00 Bytes  0.00 bits/sec  385   2.84 MBytes       
[  4] 555.00-556.00 sec  0.00 Bytes  0.00 bits/sec  121   2.84 MBytes       
[  4] 556.00-557.00 sec  0.00 Bytes  0.00 bits/sec  155   2.84 MBytes       
[  4] 557.00-558.00 sec  0.00 Bytes  0.00 bits/sec  180   2.79 MBytes       
[  4] 558.00-559.00 sec   318 KBytes  2.61 Mbits/sec   48   2.37 MBytes       
[  4] 559.00-560.00 sec   764 KBytes  6.25 Mbits/sec   53   2.32 MBytes       
[  4] 560.00-561.00 sec   509 KBytes  4.17 Mbits/sec   15   2.83 KBytes       
[  4] 561.00-562.00 sec  0.00 Bytes  0.00 bits/sec    6   4.24 KBytes       
[  4] 562.00-563.00 sec  0.00 Bytes  0.00 bits/sec    6   4.24 KBytes       
[  4] 563.00-564.00 sec  63.6 KBytes   522 Kbits/sec    8   5.66 KBytes       
[  4] 564.00-565.00 sec  0.00 Bytes  0.00 bits/sec   15   12.7 KBytes       
[  4] 565.00-566.00 sec   127 KBytes  1.04 Mbits/sec  153   36.8 KBytes       
[  4] 566.00-567.00 sec   382 KBytes  3.13 Mbits/sec  249   69.3 KBytes       
[  4] 567.00-568.00 sec   636 KBytes  5.21 Mbits/sec  519    117 KBytes       
[  4] 568.00-569.00 sec   573 KBytes  4.70 Mbits/sec  488    175 KBytes       
[  4] 569.00-570.00 sec   445 KBytes  3.65 Mbits/sec  432    255 KBytes       
[  4] 570.00-571.00 sec   509 KBytes  4.17 Mbits/sec  435    354 KBytes       
[  4] 571.00-572.00 sec   509 KBytes  4.17 Mbits/sec  540    481 KBytes       
[  4] 572.00-573.00 sec   636 KBytes  5.21 Mbits/sec  629    632 KBytes       
[  4] 573.00-574.00 sec   445 KBytes  3.65 Mbits/sec  517    783 KBytes       
[  4] 574.00-575.00 sec   445 KBytes  3.64 Mbits/sec  509    963 KBytes       
[  4] 575.00-576.00 sec   382 KBytes  3.13 Mbits/sec  537   1.14 MBytes       
[  4] 576.00-577.00 sec  1.25 MBytes  10.5 Mbits/sec  325   2.21 MBytes       
[  4] 577.00-578.00 sec  1011 KBytes  8.29 Mbits/sec    0   2.21 MBytes       
[  4] 578.00-579.00 sec   191 KBytes  1.56 Mbits/sec    0   2.35 MBytes       
[  4] 579.00-580.00 sec  0.00 Bytes  0.00 bits/sec   64   2.15 MBytes       
[  4] 580.00-581.00 sec  0.00 Bytes  0.00 bits/sec  175   1.64 MBytes       
[  4] 581.00-582.00 sec   764 KBytes  6.26 Mbits/sec   24   1.64 MBytes       
[  4] 582.00-583.00 sec  1.25 MBytes  10.5 Mbits/sec    0   1.71 MBytes       
[  4] 583.00-584.00 sec  1.25 MBytes  10.5 Mbits/sec    0   1.83 MBytes       
[  4] 584.00-585.00 sec  1.25 MBytes  10.5 Mbits/sec    0   1.96 MBytes       
[  4] 585.00-586.00 sec  1.25 MBytes  10.5 Mbits/sec    0   2.06 MBytes       
[  4] 586.00-587.00 sec  1.25 MBytes  10.5 Mbits/sec    0   2.14 MBytes       
[  4] 587.00-588.00 sec  1.25 MBytes  10.5 Mbits/sec    0   2.20 MBytes       
[  4] 588.00-589.00 sec  1.25 MBytes  10.5 Mbits/sec    0   2.25 MBytes       
[  4] 589.00-590.00 sec  1.25 MBytes  10.5 Mbits/sec    0   2.28 MBytes       
[  4] 590.00-591.00 sec  1.25 MBytes  10.5 Mbits/sec    0   2.31 MBytes       
[  4] 591.00-592.00 sec  1.25 MBytes  10.5 Mbits/sec    0   2.32 MBytes       
[  4] 592.00-593.00 sec  53.8 KBytes   441 Kbits/sec    0   2.33 MBytes       
[  4] 593.00-594.00 sec  0.00 Bytes  0.00 bits/sec    0   2.34 MBytes       
[  4] 594.00-595.00 sec  0.00 Bytes  0.00 bits/sec    0   2.34 MBytes       
[  4] 595.00-596.00 sec  1.25 MBytes  10.5 Mbits/sec    0   2.35 MBytes       
[  4] 596.00-597.00 sec  1.25 MBytes  10.5 Mbits/sec    0   2.37 MBytes       
[  4] 597.00-598.00 sec  1.25 MBytes  10.5 Mbits/sec    0   2.39 MBytes       
[  4] 598.00-599.00 sec  1.25 MBytes  10.5 Mbits/sec    0   2.43 MBytes       
[  4] 599.00-600.00 sec  1.25 MBytes  10.5 Mbits/sec    0   2.49 MBytes       
[  4] 600.00-601.00 sec  1.25 MBytes  10.5 Mbits/sec    0   2.55 MBytes       
[  4] 601.00-602.00 sec  1.25 MBytes  10.5 Mbits/sec    0   2.64 MBytes       
[  4] 602.00-603.00 sec  1.25 MBytes  10.5 Mbits/sec    0   2.75 MBytes       
[  4] 603.00-604.00 sec  1.25 MBytes  10.5 Mbits/sec    0   2.89 MBytes       
[  4] 604.00-605.00 sec  1.25 MBytes  10.5 Mbits/sec    0   3.06 MBytes       
[  4] 605.00-606.00 sec  1.25 MBytes  10.5 Mbits/sec    0   3.26 MBytes       
[  4] 606.00-607.00 sec  1.25 MBytes  10.5 Mbits/sec    0   3.48 MBytes       
[  4] 607.00-608.00 sec  1.25 MBytes  10.5 Mbits/sec    0   3.75 MBytes       
[  4] 608.00-609.00 sec  1.09 MBytes  9.14 Mbits/sec    0   4.04 MBytes       
[  4] 609.00-610.00 sec   954 KBytes  7.81 Mbits/sec    0   4.37 MBytes       
[  4] 610.00-611.00 sec  1018 KBytes  8.34 Mbits/sec    0   4.75 MBytes       
[  4] 611.00-612.00 sec  1018 KBytes  8.34 Mbits/sec    0   5.13 MBytes       
[  4] 612.00-613.00 sec  1018 KBytes  8.34 Mbits/sec    0   5.52 MBytes       
[  4] 613.00-614.00 sec   891 KBytes  7.28 Mbits/sec    0   6.08 MBytes       
[  4] 614.00-615.00 sec   509 KBytes  4.18 Mbits/sec    6   6.44 MBytes       
[  4] 615.00-616.00 sec  0.00 Bytes  0.00 bits/sec  304   5.61 MBytes       
[  4] 616.00-617.00 sec  0.00 Bytes  0.00 bits/sec  285   4.88 MBytes       
[  4] 617.00-618.00 sec  0.00 Bytes  0.00 bits/sec  532   4.52 MBytes       
[  4] 618.00-619.00 sec  0.00 Bytes  0.00 bits/sec  419   4.52 MBytes       
[  4] 619.00-620.00 sec   700 KBytes  5.72 Mbits/sec  116   4.27 MBytes       
[  4] 620.00-621.00 sec  1.25 MBytes  10.5 Mbits/sec    0   4.25 MBytes       
[  4] 621.00-622.00 sec  1.25 MBytes  10.5 Mbits/sec    0   4.25 MBytes       
[  4] 622.00-623.00 sec   813 KBytes  6.66 Mbits/sec    3   4.24 KBytes       
[  4] 623.00-624.00 sec   127 KBytes  1.04 Mbits/sec  199   96.2 KBytes       
[  4] 624.00-625.00 sec   954 KBytes  7.83 Mbits/sec  720    222 KBytes       
[  4] 625.00-626.00 sec   573 KBytes  4.69 Mbits/sec  474    310 KBytes       
[  4] 626.00-627.00 sec  63.6 KBytes   521 Kbits/sec  554    417 KBytes       
[  4] 627.00-628.00 sec  0.00 Bytes  0.00 bits/sec  472    544 KBytes       
[  4] 628.00-629.00 sec  0.00 Bytes  0.00 bits/sec  523    693 KBytes       
[  4] 629.00-630.00 sec  0.00 Bytes  0.00 bits/sec  570    891 KBytes       
[  4] 630.00-631.00 sec  0.00 Bytes  0.00 bits/sec  775   1.11 MBytes       
[  4] 631.00-632.00 sec  0.00 Bytes  0.00 bits/sec  961   1.37 MBytes       
[  4] 632.00-633.00 sec  0.00 Bytes  0.00 bits/sec  539   1.66 MBytes       
[  4] 633.00-634.00 sec  0.00 Bytes  0.00 bits/sec    0   1.97 MBytes       
[  4] 634.00-635.00 sec  0.00 Bytes  0.00 bits/sec    0   2.02 MBytes       
[  4] 635.00-636.00 sec   191 KBytes  1.57 Mbits/sec    0   2.08 MBytes       
[  4] 636.00-637.00 sec  1.12 MBytes  9.38 Mbits/sec    0   2.13 MBytes       
[  4] 637.00-638.00 sec  1.06 MBytes  8.86 Mbits/sec    0   2.19 MBytes       
[  4] 638.00-639.00 sec  1.06 MBytes  8.85 Mbits/sec    0   2.29 MBytes       
[  4] 639.00-640.00 sec  1018 KBytes  8.35 Mbits/sec    0   2.53 MBytes       
[  4] 640.00-641.00 sec  1018 KBytes  8.34 Mbits/sec    0   2.88 MBytes       
[  4] 641.00-642.00 sec   954 KBytes  7.81 Mbits/sec    0   3.25 MBytes       
[  4] 642.00-643.00 sec   954 KBytes  7.82 Mbits/sec    0   3.73 MBytes       
[  4] 643.00-644.00 sec   891 KBytes  7.30 Mbits/sec    0   4.22 MBytes       
[  4] 644.00-645.00 sec   966 KBytes  7.92 Mbits/sec    0   4.71 MBytes       
[  4] 645.00-646.00 sec  1.13 MBytes  9.47 Mbits/sec    0   5.23 MBytes       
[  4] 646.00-647.00 sec  1.01 MBytes  8.43 Mbits/sec    0   5.36 MBytes       
[  4] 647.00-648.00 sec  0.00 Bytes  0.00 bits/sec  282   4.64 MBytes       
[  4] 648.00-649.00 sec   139 KBytes  1.14 Mbits/sec  257   3.75 MBytes       
[  4] 649.00-650.00 sec  74.9 KBytes   614 Kbits/sec  312   3.75 MBytes       
[  4] 650.00-651.00 sec   202 KBytes  1.66 Mbits/sec  159   3.65 MBytes       
[  4] 651.00-652.00 sec  2.50 MBytes  21.0 Mbits/sec    0   3.65 MBytes       
[  4] 652.00-653.00 sec  3.75 MBytes  31.5 Mbits/sec    0   3.76 MBytes       
[  4] 653.00-654.00 sec   562 KBytes  4.60 Mbits/sec    0   3.83 MBytes       
[  4] 654.00-655.00 sec  1.12 MBytes  9.38 Mbits/sec    0   4.03 MBytes       
[  4] 655.00-656.00 sec   954 KBytes  7.82 Mbits/sec    0   4.19 MBytes       
[  4] 656.00-657.00 sec   573 KBytes  4.69 Mbits/sec    0   4.32 MBytes       
[  4] 657.00-658.00 sec  1.16 MBytes  9.75 Mbits/sec    0   4.51 MBytes       
[  4] 658.00-659.00 sec   573 KBytes  4.69 Mbits/sec    0   4.60 MBytes       
[  4] 659.00-660.00 sec  0.00 Bytes  0.00 bits/sec  287   3.98 MBytes       
[  4] 660.00-661.00 sec  0.00 Bytes  0.00 bits/sec   75   3.59 MBytes       
[  4] 661.00-662.00 sec   202 KBytes  1.66 Mbits/sec    0   3.22 MBytes       
[  4] 662.00-663.00 sec   266 KBytes  2.18 Mbits/sec   20   3.22 MBytes       
[  4] 663.00-664.00 sec  5.00 MBytes  42.0 Mbits/sec  114   3.22 MBytes       
[  4] 664.00-665.00 sec  1.25 MBytes  10.5 Mbits/sec   18   3.22 MBytes       
[  4] 665.00-666.00 sec  1.25 MBytes  10.5 Mbits/sec    0   3.22 MBytes       
[  4] 666.00-667.01 sec  1.25 MBytes  10.4 Mbits/sec    0   3.22 MBytes       
[  4] 667.01-668.00 sec   851 KBytes  7.06 Mbits/sec    0   3.22 MBytes       
[  4] 668.00-669.00 sec  0.00 Bytes  0.00 bits/sec    5   5.66 KBytes       
[  4] 669.00-670.00 sec   891 KBytes  7.29 Mbits/sec  539   4.24 KBytes       
[  4] 670.00-671.00 sec   954 KBytes  7.82 Mbits/sec  677   4.24 KBytes       
[  4] 671.00-672.00 sec   891 KBytes  7.28 Mbits/sec  625   4.24 KBytes       
[  4] 672.00-673.00 sec  1018 KBytes  8.35 Mbits/sec  702   4.24 KBytes       
[  4] 673.00-674.00 sec  1018 KBytes  8.34 Mbits/sec  744   4.24 KBytes       
[  4] 674.00-675.00 sec  1018 KBytes  8.35 Mbits/sec  682   4.24 KBytes       
[  4] 675.00-676.00 sec  1.25 MBytes  10.5 Mbits/sec  226    160 KBytes       
[  4] 676.00-677.00 sec  1.25 MBytes  10.5 Mbits/sec    0    239 KBytes       
[  4] 677.00-678.00 sec  48.9 KBytes   400 Kbits/sec    0    337 KBytes       
[  4] 678.00-679.00 sec  0.00 Bytes  0.00 bits/sec    0    460 KBytes       
[  4] 679.00-680.00 sec  0.00 Bytes  0.00 bits/sec    0    594 KBytes       
[  4] 680.00-681.00 sec  0.00 Bytes  0.00 bits/sec    0    778 KBytes       
[  4] 681.00-682.00 sec  0.00 Bytes  0.00 bits/sec    0    962 KBytes       
[  4] 682.00-683.00 sec  0.00 Bytes  0.00 bits/sec    0   1.17 MBytes       
[  4] 683.00-684.00 sec  0.00 Bytes  0.00 bits/sec    0   1.43 MBytes       
[  4] 684.00-685.00 sec  0.00 Bytes  0.00 bits/sec    0   1.70 MBytes       
[  4] 685.00-686.00 sec  63.6 KBytes   521 Kbits/sec    0   2.04 MBytes       
[  4] 686.00-687.00 sec  6.25 MBytes  52.5 Mbits/sec    0   2.42 MBytes       
[  4] 687.00-688.00 sec  1.25 MBytes  10.5 Mbits/sec    0   2.79 MBytes       
[  4] 688.00-689.00 sec  1.25 MBytes  10.5 Mbits/sec    0   3.14 MBytes       
[  4] 689.00-690.00 sec  1.25 MBytes  10.5 Mbits/sec    0   3.57 MBytes       
[  4] 690.00-691.00 sec  1.25 MBytes  10.5 Mbits/sec    0   4.00 MBytes       
[  4] 691.00-692.00 sec  1.25 MBytes  10.5 Mbits/sec    0   4.38 MBytes       
[  4] 692.00-693.00 sec  1.25 MBytes  10.5 Mbits/sec    0   4.93 MBytes       
[  4] 693.00-694.00 sec  1.16 MBytes  9.76 Mbits/sec    0   5.36 MBytes       
[  4] 694.00-695.00 sec   827 KBytes  6.78 Mbits/sec    0   5.85 MBytes       
[  4] 695.00-696.00 sec   827 KBytes  6.77 Mbits/sec    0   6.39 MBytes       
[  4] 696.00-697.00 sec   700 KBytes  5.73 Mbits/sec    0   6.83 MBytes       
[  4] 697.00-698.00 sec   636 KBytes  5.21 Mbits/sec    0   7.22 MBytes       
[  4] 698.00-699.00 sec  0.00 Bytes  0.00 bits/sec  228   6.61 MBytes       
[  4] 699.00-700.00 sec  0.00 Bytes  0.00 bits/sec  399   5.77 MBytes       
[  4] 700.00-701.00 sec  63.6 KBytes   521 Kbits/sec  337   5.05 MBytes       
[  4] 701.00-702.00 sec  1.25 MBytes  10.5 Mbits/sec  402   5.05 MBytes       
[  4] 702.00-703.00 sec   693 KBytes  5.68 Mbits/sec  233   5.05 MBytes       
[  4] 703.00-704.00 sec  1.24 MBytes  10.4 Mbits/sec    0   5.05 MBytes       
[  4] 704.00-705.00 sec   891 KBytes  7.30 Mbits/sec    0   5.05 MBytes       
[  4] 705.00-706.00 sec  0.00 Bytes  0.00 bits/sec    0   5.05 MBytes       
[  4] 706.00-707.00 sec  0.00 Bytes  0.00 bits/sec    0   5.05 MBytes       
[  4] 707.00-708.00 sec  0.00 Bytes  0.00 bits/sec    5   5.66 KBytes       
[  4] 708.00-709.00 sec  63.6 KBytes   521 Kbits/sec    9   4.24 KBytes       
[  4] 709.00-710.00 sec  63.6 KBytes   521 Kbits/sec   80   14.1 KBytes       
[  4] 710.00-711.00 sec  0.00 Bytes  0.00 bits/sec  115   21.2 KBytes       
[  4] 711.00-712.00 sec  0.00 Bytes  0.00 bits/sec  212   41.0 KBytes       
[  4] 712.00-713.00 sec  0.00 Bytes  0.00 bits/sec  219   74.9 KBytes       
[  4] 713.00-714.00 sec  0.00 Bytes  0.00 bits/sec  236    117 KBytes       
[  4] 714.00-715.00 sec  0.00 Bytes  0.00 bits/sec  254    178 KBytes       
[  4] 715.00-716.00 sec  0.00 Bytes  0.00 bits/sec  333    263 KBytes       
[  4] 716.00-717.00 sec  0.00 Bytes  0.00 bits/sec  654    393 KBytes       
[  4] 717.00-718.00 sec  0.00 Bytes  0.00 bits/sec  760    526 KBytes       
[  4] 718.00-719.00 sec  0.00 Bytes  0.00 bits/sec  828    687 KBytes       
[  4] 719.00-720.00 sec  0.00 Bytes  0.00 bits/sec  797    871 KBytes       
[  4] 720.00-721.00 sec  0.00 Bytes  0.00 bits/sec  795   1.05 MBytes       
[  4] 721.00-722.00 sec  0.00 Bytes  0.00 bits/sec  479   1.25 MBytes       
[  4] 722.00-723.00 sec  0.00 Bytes  0.00 bits/sec    0   1.45 MBytes       
[  4] 723.00-724.00 sec  63.6 KBytes   522 Kbits/sec    0   1.78 MBytes       
[  4] 724.00-725.00 sec  2.50 MBytes  21.0 Mbits/sec    0   2.02 MBytes       
[  4] 725.00-726.00 sec  1.25 MBytes  10.5 Mbits/sec    0   2.28 MBytes       
[  4] 726.00-727.00 sec  1.16 MBytes  9.72 Mbits/sec  135   1.94 MBytes       
[  4] 727.00-728.00 sec  0.00 Bytes  0.00 bits/sec  241   1.60 MBytes       
[  4] 728.00-729.00 sec  0.00 Bytes  0.00 bits/sec  170   1.60 MBytes       
[  4] 729.00-730.00 sec  63.6 KBytes   522 Kbits/sec    0   1.60 MBytes       
[  4] 730.00-731.00 sec  63.6 KBytes   521 Kbits/sec   74   1.60 MBytes       
[  4] 731.00-732.00 sec  0.00 Bytes  0.00 bits/sec    0   1.60 MBytes       
[  4] 732.00-733.00 sec  63.6 KBytes   521 Kbits/sec    1   1.41 KBytes       
[  4] 733.00-734.00 sec   573 KBytes  4.69 Mbits/sec    0   1.41 KBytes       
[  4] 734.00-735.00 sec   509 KBytes  4.17 Mbits/sec    0   1.41 KBytes       
[  4] 735.00-736.00 sec  0.00 Bytes  0.00 bits/sec    0   1.41 KBytes       
[  4] 736.00-737.00 sec  0.00 Bytes  0.00 bits/sec    0   1.41 KBytes       
[  4] 737.00-738.00 sec  0.00 Bytes  0.00 bits/sec    0   1.41 KBytes       
[  4] 738.00-739.00 sec  0.00 Bytes  0.00 bits/sec    1   2.83 KBytes       
[  4] 739.00-740.00 sec  63.6 KBytes   521 Kbits/sec  240   22.6 KBytes       
[  4] 740.00-741.00 sec  0.00 Bytes  0.00 bits/sec  767   74.9 KBytes       
[  4] 741.00-742.00 sec  0.00 Bytes  0.00 bits/sec  779    127 KBytes       
[  4] 742.00-743.00 sec  0.00 Bytes  0.00 bits/sec  804    181 KBytes       
[  4] 743.00-744.00 sec  0.00 Bytes  0.00 bits/sec  795    235 KBytes       
[  4] 744.00-745.00 sec  2.24 MBytes  18.8 Mbits/sec  114    447 KBytes       
[  4] 745.00-746.00 sec  1.06 MBytes  8.85 Mbits/sec    0    501 KBytes       
[  4] 746.00-747.00 sec  1018 KBytes  8.34 Mbits/sec    0    556 KBytes       
[  4] 747.00-748.00 sec  1.06 MBytes  8.86 Mbits/sec    0    609 KBytes       
[  4] 748.00-749.00 sec  1018 KBytes  8.34 Mbits/sec    0    662 KBytes       
[  4] 749.00-750.00 sec  1018 KBytes  8.34 Mbits/sec    0    714 KBytes       
[  4] 750.00-751.00 sec  1018 KBytes  8.34 Mbits/sec    0    771 KBytes       
[  4] 751.00-752.00 sec   954 KBytes  7.82 Mbits/sec    0    922 KBytes       
[  4] 752.00-753.00 sec   891 KBytes  7.30 Mbits/sec    0   1.11 MBytes       
[  4] 753.00-754.00 sec   954 KBytes  7.82 Mbits/sec    0   1.35 MBytes       
[  4] 754.00-755.00 sec   954 KBytes  7.82 Mbits/sec    0   1.61 MBytes       
[  4] 755.00-756.00 sec   891 KBytes  7.30 Mbits/sec    0   1.92 MBytes       
[  4] 756.00-757.00 sec   827 KBytes  6.78 Mbits/sec    0   2.24 MBytes       
[  4] 757.00-758.00 sec   954 KBytes  7.82 Mbits/sec    0   2.59 MBytes       
[  4] 758.00-759.00 sec   827 KBytes  6.78 Mbits/sec    0   3.02 MBytes       
[  4] 759.00-760.00 sec   764 KBytes  6.26 Mbits/sec    0   3.50 MBytes       
[  4] 760.00-761.00 sec  1.07 MBytes  8.95 Mbits/sec    0   3.81 MBytes       
[  4] 761.00-762.00 sec  1.13 MBytes  9.47 Mbits/sec    0   3.81 MBytes       
[  4] 762.00-763.01 sec  0.00 Bytes  0.00 bits/sec  114   3.49 MBytes       
[  4] 763.01-764.00 sec   202 KBytes  1.67 Mbits/sec   61   2.67 MBytes       
[  4] 764.00-765.00 sec   329 KBytes  2.70 Mbits/sec   23   2.67 MBytes       
[  4] 765.00-766.00 sec   393 KBytes  3.22 Mbits/sec  103   2.67 MBytes       
[  4] 766.00-767.00 sec   612 KBytes  5.02 Mbits/sec   13   2.67 MBytes       
[  4] 767.00-768.00 sec   126 KBytes  1.03 Mbits/sec    0   2.67 MBytes       
[  4] 768.00-769.00 sec  0.00 Bytes  0.00 bits/sec    0   2.67 MBytes       
[  4] 769.00-770.00 sec  6.25 MBytes  52.4 Mbits/sec   24   2.83 MBytes       
[  4] 770.00-771.00 sec   981 KBytes  8.03 Mbits/sec    0   2.87 MBytes       
[  4] 771.00-772.00 sec   636 KBytes  5.22 Mbits/sec    0   2.92 MBytes       
[  4] 772.00-773.00 sec   573 KBytes  4.69 Mbits/sec    0   2.96 MBytes       
[  4] 773.00-774.00 sec   827 KBytes  6.77 Mbits/sec    0   3.01 MBytes       
[  4] 774.00-775.00 sec   764 KBytes  6.26 Mbits/sec    0   3.05 MBytes       
[  4] 775.00-776.00 sec  1018 KBytes  8.34 Mbits/sec    0   3.10 MBytes       
[  4] 776.00-777.00 sec   954 KBytes  7.82 Mbits/sec    0   3.15 MBytes       
[  4] 777.00-778.00 sec   827 KBytes  6.77 Mbits/sec    0   3.19 MBytes       
[  4] 778.00-779.00 sec  6.25 MBytes  52.4 Mbits/sec   62   2.95 MBytes       
[  4] 779.00-780.00 sec  1.25 MBytes  10.5 Mbits/sec    0   2.64 MBytes       
[  4] 780.00-781.00 sec  1.25 MBytes  10.5 Mbits/sec  191   2.25 MBytes       
[  4] 781.00-782.00 sec   967 KBytes  7.92 Mbits/sec   48   2.25 MBytes       
[  4] 782.00-783.00 sec  63.6 KBytes   521 Kbits/sec   45   2.25 MBytes       
[  4] 783.00-784.00 sec  0.00 Bytes  0.00 bits/sec  137   2.25 MBytes       
[  4] 784.00-785.00 sec  63.6 KBytes   521 Kbits/sec    1   1.41 KBytes       
[  4] 785.00-786.00 sec  0.00 Bytes  0.00 bits/sec    0   1.41 KBytes       
[  4] 786.00-787.00 sec  0.00 Bytes  0.00 bits/sec    0   2.83 KBytes       
[  4] 787.00-788.00 sec  0.00 Bytes  0.00 bits/sec  106   29.7 KBytes       
[  4] 788.00-789.00 sec  0.00 Bytes  0.00 bits/sec  241   56.6 KBytes       
[  4] 789.00-790.00 sec  0.00 Bytes  0.00 bits/sec  374    102 KBytes       
[  4] 790.00-791.00 sec  0.00 Bytes  0.00 bits/sec  457    160 KBytes       
[  4] 791.00-792.00 sec  0.00 Bytes  0.00 bits/sec  561    238 KBytes       
[  4] 792.00-793.00 sec  0.00 Bytes  0.00 bits/sec  639    338 KBytes       
[  4] 793.00-794.00 sec  0.00 Bytes  0.00 bits/sec  711    461 KBytes       
[  4] 794.00-795.00 sec  0.00 Bytes  0.00 bits/sec  740    607 KBytes       
[  4] 795.00-796.00 sec  0.00 Bytes  0.00 bits/sec  788    778 KBytes       
[  4] 796.00-797.00 sec  0.00 Bytes  0.00 bits/sec  899    988 KBytes       
[  4] 797.00-798.00 sec   636 KBytes  5.21 Mbits/sec  210   1.19 MBytes       
[  4] 798.00-799.00 sec  1.18 MBytes  9.90 Mbits/sec    0   1.29 MBytes       
[  4] 799.00-800.00 sec  1.06 MBytes  8.86 Mbits/sec    0   1.35 MBytes       
[  4] 800.00-801.00 sec   954 KBytes  7.82 Mbits/sec    0   1.51 MBytes       
[  4] 801.00-802.00 sec  1018 KBytes  8.34 Mbits/sec    0   1.77 MBytes       
[  4] 802.00-803.00 sec   954 KBytes  7.82 Mbits/sec    0   2.09 MBytes       
[  4] 803.00-804.00 sec   954 KBytes  7.82 Mbits/sec    0   2.45 MBytes       
[  4] 804.00-805.00 sec   954 KBytes  7.82 Mbits/sec    0   2.82 MBytes       
[  4] 805.00-806.00 sec   954 KBytes  7.82 Mbits/sec    0   3.21 MBytes       
[  4] 806.00-807.00 sec   891 KBytes  7.30 Mbits/sec    0   3.73 MBytes       
[  4] 807.00-808.00 sec   891 KBytes  7.30 Mbits/sec    0   4.26 MBytes       
[  4] 808.00-809.00 sec   902 KBytes  7.39 Mbits/sec    0   4.78 MBytes       
[  4] 809.00-810.00 sec  1.25 MBytes  10.5 Mbits/sec    0   5.01 MBytes       
[  4] 810.00-811.00 sec  1.01 MBytes  8.44 Mbits/sec    0   5.18 MBytes       
[  4] 811.00-812.00 sec  1.00 MBytes  8.41 Mbits/sec   46   4.53 MBytes       
[  4] 812.00-813.00 sec  0.00 Bytes  0.00 bits/sec  297   3.77 MBytes       
[  4] 813.00-814.00 sec  0.00 Bytes  0.00 bits/sec  148   3.68 MBytes       
[  4] 814.00-815.00 sec   139 KBytes  1.14 Mbits/sec  103   3.68 MBytes       
[  4] 815.00-815.92 sec  1.25 MBytes  11.4 Mbits/sec   43   3.68 MBytes       
- - - - - - - - - - - - - - - - - - - - - - - - -
[ ID] Interval           Transfer     Bandwidth       Retr
[  4]   0.00-815.92 sec   501 MBytes  5.15 Mbits/sec  107429             sender
[  4]   0.00-815.92 sec   496 MBytes  5.10 Mbits/sec                  receiver

iperf Done.
