-----------------------------------------------------------
Server listening on 5201
-----------------------------------------------------------
Accepted connection from 10.0.0.1, port 52603
[  5] local 10.0.0.2 port 5201 connected to 10.0.0.1 port 46110
[ ID] Interval           Transfer     Bandwidth
[  5]   0.00-1.00   sec   243 KBytes  1.99 Mbits/sec                  
[  5]   1.00-2.00   sec   262 KBytes  2.15 Mbits/sec                  
[  5]   2.00-3.00   sec   342 KBytes  2.80 Mbits/sec                  
[  5]   3.00-4.00   sec   482 KBytes  3.95 Mbits/sec                  
[  5]   4.00-5.01   sec   331 KBytes  2.70 Mbits/sec                  
[  5]   5.01-6.00   sec   351 KBytes  2.88 Mbits/sec                  
[  5]   6.00-7.00   sec   414 KBytes  3.40 Mbits/sec                  
[  5]   7.00-8.00   sec   583 KBytes  4.76 Mbits/sec                  
[  5]   8.00-9.00   sec   518 KBytes  4.24 Mbits/sec                  
[  5]   9.00-10.00  sec   795 KBytes  6.51 Mbits/sec                  
[  5]  10.00-11.00  sec   776 KBytes  6.36 Mbits/sec                  
[  5]  11.00-12.00  sec  1022 KBytes  8.38 Mbits/sec                  
[  5]  12.00-13.00  sec  1000 KBytes  8.18 Mbits/sec                  
[  5]  13.00-14.00  sec   993 KBytes  8.14 Mbits/sec                  
[  5]  14.00-15.01  sec   802 KBytes  6.52 Mbits/sec                  
[  5]  15.01-16.00  sec   696 KBytes  5.74 Mbits/sec                  
[  5]  16.00-17.00  sec  1.03 MBytes  8.62 Mbits/sec                  
[  5]  17.00-18.00  sec   590 KBytes  4.82 Mbits/sec                  
[  5]  18.00-19.00  sec   646 KBytes  5.29 Mbits/sec                  
[  5]  19.00-20.00  sec   675 KBytes  5.53 Mbits/sec                  
[  5]  20.00-21.00  sec  59.4 KBytes   486 Kbits/sec                  
[  5]  21.00-22.00  sec  0.00 Bytes  0.00 bits/sec                  
[  5]  22.00-23.00  sec  0.00 Bytes  0.00 bits/sec                  
[  5]  23.00-24.00  sec  1.41 KBytes  11.6 Kbits/sec                  
[  5]  24.00-25.01  sec  2.83 KBytes  23.0 Kbits/sec                  
[  5]  25.01-26.01  sec  17.0 KBytes   140 Kbits/sec                  
[  5]  26.01-27.00  sec  2.14 MBytes  18.0 Mbits/sec                  
[  5]  27.00-28.00  sec   621 KBytes  5.08 Mbits/sec                  
[  5]  28.00-29.00  sec  0.00 Bytes  0.00 bits/sec                  
[  5]  29.00-30.00  sec   857 KBytes  7.03 Mbits/sec                  
[  5]  30.00-31.00  sec  1.09 MBytes  9.11 Mbits/sec                  
[  5]  31.00-32.00  sec   590 KBytes  4.83 Mbits/sec                  
[  5]  32.00-33.00  sec   390 KBytes  3.20 Mbits/sec                  
[  5]  33.00-34.00  sec  0.00 Bytes  0.00 bits/sec                  
[  5]  34.00-35.00  sec   478 KBytes  3.92 Mbits/sec                  
[  5]  35.00-36.00  sec  1.05 MBytes  8.81 Mbits/sec                  
[  5]  36.00-37.00  sec   566 KBytes  4.64 Mbits/sec                  
[  5]  37.00-38.00  sec   560 KBytes  4.58 Mbits/sec                  
[  5]  38.00-39.00  sec   457 KBytes  3.74 Mbits/sec                  
[  5]  39.00-40.00  sec  0.00 Bytes  0.00 bits/sec                  
[  5]  40.00-41.00  sec   581 KBytes  4.77 Mbits/sec                  
[  5]  41.00-42.00  sec   887 KBytes  7.23 Mbits/sec                  
[  5]  42.00-43.01  sec   488 KBytes  3.99 Mbits/sec                  
[  5]  43.01-44.00  sec   454 KBytes  3.74 Mbits/sec                  
[  5]  44.00-45.00  sec   436 KBytes  3.57 Mbits/sec                  
[  5]  45.00-46.00  sec   475 KBytes  3.89 Mbits/sec                  
[  5]  46.00-47.00  sec   465 KBytes  3.81 Mbits/sec                  
[  5]  47.00-48.00  sec   485 KBytes  3.97 Mbits/sec                  
[  5]  48.00-49.00  sec  8.48 KBytes  69.5 Kbits/sec                  
[  5]  49.00-50.00  sec   448 KBytes  3.67 Mbits/sec                  
[  5]  50.00-51.00  sec   814 KBytes  6.67 Mbits/sec                  
[  5]  51.00-52.00  sec   416 KBytes  3.41 Mbits/sec                  
[  5]  52.00-53.00  sec   382 KBytes  3.13 Mbits/sec                  
[  5]  53.00-54.00  sec   332 KBytes  2.72 Mbits/sec                  
[  5]  54.00-55.00  sec   137 KBytes  1.12 Mbits/sec                  
[  5]  55.00-56.00  sec   263 KBytes  2.15 Mbits/sec                  
[  5]  56.00-57.00  sec   807 KBytes  6.61 Mbits/sec                  
[  5]  57.00-58.00  sec   392 KBytes  3.21 Mbits/sec                  
[  5]  58.00-59.00  sec   400 KBytes  3.28 Mbits/sec                  
[  5]  59.00-60.00  sec   402 KBytes  3.29 Mbits/sec                  
[  5]  60.00-61.00  sec   399 KBytes  3.27 Mbits/sec                  
[  5]  61.00-62.00  sec   373 KBytes  3.06 Mbits/sec                  
[  5]  62.00-63.00  sec   419 KBytes  3.43 Mbits/sec                  
[  5]  63.00-64.00  sec   378 KBytes  3.09 Mbits/sec                  
[  5]  64.00-65.00  sec  69.3 KBytes   568 Kbits/sec                  
[  5]  65.00-66.00  sec   170 KBytes  1.39 Mbits/sec                  
[  5]  66.00-67.00  sec   707 KBytes  5.79 Mbits/sec                  
[  5]  67.00-68.00  sec   317 KBytes  2.59 Mbits/sec                  
[  5]  68.00-69.00  sec   341 KBytes  2.79 Mbits/sec                  
[  5]  69.00-70.00  sec   270 KBytes  2.21 Mbits/sec                  
[  5]  70.00-71.00  sec  0.00 Bytes  0.00 bits/sec                  
[  5]  71.00-72.00  sec   723 KBytes  5.92 Mbits/sec                  
[  5]  72.00-73.00  sec   314 KBytes  2.57 Mbits/sec                  
[  5]  73.00-74.00  sec   320 KBytes  2.62 Mbits/sec                  
[  5]  74.00-75.00  sec   315 KBytes  2.58 Mbits/sec                  
[  5]  75.00-76.00  sec   321 KBytes  2.63 Mbits/sec                  
[  5]  76.00-77.00  sec   335 KBytes  2.75 Mbits/sec                  
[  5]  77.00-78.00  sec   298 KBytes  2.44 Mbits/sec                  
[  5]  78.00-79.00  sec   257 KBytes  2.11 Mbits/sec                  
[  5]  79.00-80.00  sec   178 KBytes  1.46 Mbits/sec                  
[  5]  80.00-81.00  sec   103 KBytes   846 Kbits/sec                  
[  5]  81.00-82.00  sec   605 KBytes  4.96 Mbits/sec                  
[  5]  82.00-83.00  sec   270 KBytes  2.21 Mbits/sec                  
[  5]  83.00-84.00  sec   262 KBytes  2.14 Mbits/sec                  
[  5]  84.00-85.00  sec   260 KBytes  2.13 Mbits/sec                  
[  5]  85.00-86.00  sec  24.0 KBytes   197 Kbits/sec                  
[  5]  86.00-87.00  sec   559 KBytes  4.58 Mbits/sec                  
[  5]  87.00-88.00  sec   263 KBytes  2.15 Mbits/sec                  
[  5]  88.00-89.00  sec   297 KBytes  2.43 Mbits/sec                  
[  5]  89.00-90.00  sec   280 KBytes  2.29 Mbits/sec                  
[  5]  90.00-91.00  sec   283 KBytes  2.32 Mbits/sec                  
[  5]  91.00-92.00  sec   215 KBytes  1.76 Mbits/sec                  
[  5]  92.00-93.00  sec   255 KBytes  2.09 Mbits/sec                  
[  5]  93.00-94.00  sec   276 KBytes  2.26 Mbits/sec                  
[  5]  94.00-95.00  sec   222 KBytes  1.82 Mbits/sec                  
[  5]  95.00-96.00  sec  0.00 Bytes  0.00 bits/sec                  
[  5]  96.00-97.00  sec   556 KBytes  4.55 Mbits/sec                  
[  5]  97.00-98.00  sec   232 KBytes  1.90 Mbits/sec                  
[  5]  98.00-99.00  sec   215 KBytes  1.76 Mbits/sec                  
[  5]  99.00-100.00 sec   269 KBytes  2.20 Mbits/sec                  
[  5] 100.00-101.00 sec   124 KBytes  1.02 Mbits/sec                  
[  5] 101.00-102.00 sec   129 KBytes  1.05 Mbits/sec                  
[  5] 102.00-103.00 sec   457 KBytes  3.74 Mbits/sec                  
[  5] 103.00-104.00 sec   246 KBytes  2.02 Mbits/sec                  
[  5] 104.00-105.00 sec   253 KBytes  2.07 Mbits/sec                  
[  5] 105.00-106.00 sec   249 KBytes  2.04 Mbits/sec                  
[  5] 106.00-107.00 sec   259 KBytes  2.12 Mbits/sec                  
[  5] 107.00-108.00 sec   313 KBytes  2.56 Mbits/sec                  
[  5] 108.00-109.00 sec   253 KBytes  2.07 Mbits/sec                  
[  5] 109.00-110.00 sec   255 KBytes  2.09 Mbits/sec                  
[  5] 110.00-110.24 sec  45.2 KBytes  1.56 Mbits/sec                  
- - - - - - - - - - - - - - - - - - - - - - - - -
[ ID] Interval           Transfer     Bandwidth
[  5]   0.00-110.24 sec  0.00 Bytes  0.00 bits/sec                  sender
[  5]   0.00-110.24 sec  44.1 MBytes  3.36 Mbits/sec                  receiver
