-----------------------------------------------------------
Server listening on 5204
-----------------------------------------------------------
Accepted connection from 10.0.0.1, port 33728
[  5] local 10.0.0.2 port 5204 connected to 10.0.0.1 port 46116
[ ID] Interval           Transfer     Bandwidth
[  5]   0.00-1.00   sec  0.00 Bytes  0.00 bits/sec                  
[  5]   1.00-2.00   sec  14.1 KBytes   116 Kbits/sec                  
[  5]   2.00-3.00   sec  0.00 Bytes  0.00 bits/sec                  
[  5]   3.00-4.00   sec  28.3 KBytes   232 Kbits/sec                  
[  5]   4.00-5.00   sec  0.00 Bytes  0.00 bits/sec                  
[  5]   5.00-6.00   sec  0.00 Bytes  0.00 bits/sec                  
[  5]   6.00-7.00   sec  67.9 KBytes   555 Kbits/sec                  
[  5]   7.00-8.00   sec  0.00 Bytes  0.00 bits/sec                  
[  5]   8.00-9.00   sec  35.4 KBytes   290 Kbits/sec                  
[  5]   9.00-10.00  sec  39.6 KBytes   324 Kbits/sec                  
[  5]  10.00-11.00  sec  41.0 KBytes   336 Kbits/sec                  
[  5]  11.00-12.01  sec  0.00 Bytes  0.00 bits/sec                  
[  5]  12.01-13.01  sec  42.4 KBytes   346 Kbits/sec                  
[  5]  13.01-14.01  sec  52.3 KBytes   430 Kbits/sec                  
[  5]  14.01-15.00  sec  0.00 Bytes  0.00 bits/sec                  
[  5]  15.00-16.00  sec  79.2 KBytes   649 Kbits/sec                  
[  5]  16.00-17.00  sec   119 KBytes   974 Kbits/sec                  
[  5]  17.00-18.00  sec  53.7 KBytes   440 Kbits/sec                  
[  5]  18.00-19.00  sec   124 KBytes  1.02 Mbits/sec                  
[  5]  19.00-20.00  sec   263 KBytes  2.15 Mbits/sec                  
[  5]  20.00-21.00  sec  0.00 Bytes  0.00 bits/sec                  
[  5]  21.00-22.00  sec   395 KBytes  3.24 Mbits/sec                  
[  5]  22.00-23.00  sec  0.00 Bytes  0.00 bits/sec                  
[  5]  23.00-24.00  sec   591 KBytes  4.84 Mbits/sec                  
[  5]  24.00-25.00  sec  42.4 KBytes   347 Kbits/sec                  
[  5]  25.00-26.00  sec   844 KBytes  6.91 Mbits/sec                  
[  5]  26.00-27.00  sec  49.5 KBytes   406 Kbits/sec                  
[  5]  27.00-28.00  sec  87.7 KBytes   718 Kbits/sec                  
[  5]  28.00-29.00  sec  0.00 Bytes  0.00 bits/sec                  
[  5]  29.00-30.00  sec  1.18 MBytes  9.93 Mbits/sec                  
[  5]  30.00-31.00  sec   755 KBytes  6.19 Mbits/sec                  
[  5]  31.00-32.01  sec   742 KBytes  6.01 Mbits/sec                  
[  5]  32.01-33.00  sec   399 KBytes  3.31 Mbits/sec                  
[  5]  33.00-34.01  sec   649 KBytes  5.29 Mbits/sec                  
[  5]  34.01-35.00  sec   417 KBytes  3.43 Mbits/sec                  
[  5]  35.00-36.00  sec   765 KBytes  6.27 Mbits/sec                  
[  5]  36.00-37.00  sec   294 KBytes  2.41 Mbits/sec                  
[  5]  37.00-38.00  sec   109 KBytes   891 Kbits/sec                  
[  5]  38.00-39.00  sec  0.00 Bytes  0.00 bits/sec                  
[  5]  39.00-40.00  sec   887 KBytes  7.27 Mbits/sec                  
[  5]  40.00-41.00  sec  1.31 MBytes  11.0 Mbits/sec                  
[  5]  41.00-42.01  sec   297 KBytes  2.43 Mbits/sec                  
[  5]  42.01-43.00  sec   936 KBytes  7.71 Mbits/sec                  
[  5]  43.00-44.00  sec   150 KBytes  1.23 Mbits/sec                  
[  5]  44.00-45.00  sec   918 KBytes  7.52 Mbits/sec                  
[  5]  45.00-46.00  sec   180 KBytes  1.47 Mbits/sec                  
[  5]  46.00-47.00  sec   906 KBytes  7.44 Mbits/sec                  
[  5]  47.00-48.00  sec   144 KBytes  1.18 Mbits/sec                  
[  5]  48.00-49.00  sec   522 KBytes  4.28 Mbits/sec                  
[  5]  49.00-50.00  sec  0.00 Bytes  0.00 bits/sec                  
[  5]  50.00-51.00  sec   496 KBytes  4.06 Mbits/sec                  
[  5]  51.00-52.00  sec   546 KBytes  4.47 Mbits/sec                  
[  5]  52.00-53.00  sec  1.11 MBytes  9.29 Mbits/sec                  
[  5]  53.00-54.00  sec   677 KBytes  5.55 Mbits/sec                  
[  5]  54.00-55.00  sec   206 KBytes  1.69 Mbits/sec                  
[  5]  55.00-56.00  sec   759 KBytes  6.21 Mbits/sec                  
[  5]  56.00-57.00  sec   246 KBytes  2.02 Mbits/sec                  
[  5]  57.00-58.00  sec   662 KBytes  5.41 Mbits/sec                  
[  5]  58.00-59.00  sec   259 KBytes  2.12 Mbits/sec                  
[  5]  59.00-60.00  sec   667 KBytes  5.46 Mbits/sec                  
[  5]  60.00-61.00  sec  29.7 KBytes   244 Kbits/sec                  
[  5]  61.00-62.00  sec  0.00 Bytes  0.00 bits/sec                  
[  5]  62.00-63.00  sec   397 KBytes  3.26 Mbits/sec                  
[  5]  63.00-64.00  sec  1.12 MBytes  9.36 Mbits/sec                  
[  5]  64.00-65.00  sec   583 KBytes  4.77 Mbits/sec                  
[  5]  65.00-66.00  sec   223 KBytes  1.83 Mbits/sec                  
[  5]  66.00-67.00  sec   566 KBytes  4.63 Mbits/sec                  
[  5]  67.00-68.00  sec   406 KBytes  3.32 Mbits/sec                  
[  5]  68.00-69.00  sec   359 KBytes  2.94 Mbits/sec                  
[  5]  69.00-70.00  sec   499 KBytes  4.09 Mbits/sec                  
[  5]  70.00-71.00  sec   286 KBytes  2.34 Mbits/sec                  
[  5]  71.00-72.00  sec   601 KBytes  4.92 Mbits/sec                  
[  5]  72.00-73.00  sec   194 KBytes  1.59 Mbits/sec                  
[  5]  73.00-74.00  sec   691 KBytes  5.66 Mbits/sec                  
[  5]  74.00-75.00  sec  0.00 Bytes  0.00 bits/sec                  
[  5]  75.00-76.00  sec  0.00 Bytes  0.00 bits/sec                  
[  5]  76.00-77.00  sec  0.00 Bytes  0.00 bits/sec                  
[  5]  77.00-78.00  sec  0.00 Bytes  0.00 bits/sec                  
[  5]  78.00-79.00  sec  0.00 Bytes  0.00 bits/sec                  
[  5]  79.00-80.00  sec  0.00 Bytes  0.00 bits/sec                  
[  5]  80.00-81.00  sec  46.7 KBytes   383 Kbits/sec                  
[  5]  81.00-82.00  sec  1.53 MBytes  12.9 Mbits/sec                  
[  5]  82.00-83.00  sec  1.33 MBytes  11.2 Mbits/sec                  
[  5]  83.00-84.00  sec  0.00 Bytes  0.00 bits/sec                  
[  5]  84.00-85.00  sec  0.00 Bytes  0.00 bits/sec                  
[  5]  85.00-86.00  sec   434 KBytes  3.56 Mbits/sec                  
[  5]  86.00-87.00  sec  1.05 MBytes  8.82 Mbits/sec                  
[  5]  87.00-88.00  sec   495 KBytes  4.05 Mbits/sec                  
[  5]  88.00-89.00  sec   369 KBytes  3.02 Mbits/sec                  
[  5]  89.00-90.00  sec   215 KBytes  1.76 Mbits/sec                  
[  5]  90.00-91.00  sec  0.00 Bytes  0.00 bits/sec                  
[  5]  91.00-92.00  sec   226 KBytes  1.86 Mbits/sec                  
[  5]  92.00-93.00  sec  1.35 MBytes  11.3 Mbits/sec                  
[  5]  93.00-94.00  sec   447 KBytes  3.66 Mbits/sec                  
[  5]  94.00-95.00  sec   481 KBytes  3.94 Mbits/sec                  
[  5]  95.00-96.00  sec   513 KBytes  4.21 Mbits/sec                  
[  5]  96.00-97.00  sec   508 KBytes  4.15 Mbits/sec                  
[  5]  97.00-98.00  sec   315 KBytes  2.58 Mbits/sec                  
[  5]  98.00-99.00  sec   399 KBytes  3.27 Mbits/sec                  
[  5]  99.00-100.00 sec   389 KBytes  3.19 Mbits/sec                  
[  5] 100.00-101.00 sec  0.00 Bytes  0.00 bits/sec                  
[  5] 101.00-102.00 sec   165 KBytes  1.36 Mbits/sec                  
[  5] 102.00-103.00 sec  1.20 MBytes  10.0 Mbits/sec                  
[  5] 103.00-104.00 sec   396 KBytes  3.24 Mbits/sec                  
[  5] 104.00-105.00 sec   406 KBytes  3.32 Mbits/sec                  
[  5] 105.00-106.00 sec  53.7 KBytes   440 Kbits/sec                  
[  5] 106.00-107.01 sec  0.00 Bytes  0.00 bits/sec                  
[  5] 107.01-108.00 sec   273 KBytes  2.25 Mbits/sec                  
[  5] 108.00-109.05 sec  1.04 MBytes  8.28 Mbits/sec                  
[  5] 109.05-110.00 sec   358 KBytes  3.09 Mbits/sec                  
[  5] 110.00-111.00 sec   365 KBytes  2.99 Mbits/sec                  
[  5] 111.00-112.00 sec   427 KBytes  3.50 Mbits/sec                  
[  5] 112.00-113.00 sec   451 KBytes  3.69 Mbits/sec                  
[  5] 113.00-114.00 sec   440 KBytes  3.60 Mbits/sec                  
[  5] 114.00-115.00 sec   392 KBytes  3.21 Mbits/sec                  
[  5] 115.00-116.00 sec   368 KBytes  3.01 Mbits/sec                  
[  5] 116.00-117.00 sec   376 KBytes  3.09 Mbits/sec                  
[  5] 117.00-118.00 sec  0.00 Bytes  0.00 bits/sec                  
[  5] 118.00-119.00 sec   437 KBytes  3.58 Mbits/sec                  
[  5] 119.00-120.00 sec   559 KBytes  4.57 Mbits/sec                  
[  5] 120.00-121.00 sec   325 KBytes  2.66 Mbits/sec                  
[  5] 121.00-122.00 sec  49.5 KBytes   406 Kbits/sec                  
[  5] 122.00-123.00 sec   116 KBytes   950 Kbits/sec                  
[  5] 123.00-124.00 sec   626 KBytes  5.13 Mbits/sec                  
[  5] 124.00-125.00 sec   290 KBytes  2.37 Mbits/sec                  
[  5] 125.00-126.00 sec   294 KBytes  2.41 Mbits/sec                  
[  5] 126.00-127.00 sec   279 KBytes  2.28 Mbits/sec                  
[  5] 127.00-128.00 sec   301 KBytes  2.47 Mbits/sec                  
[  5] 128.00-129.00 sec   314 KBytes  2.57 Mbits/sec                  
[  5] 129.00-130.00 sec   322 KBytes  2.64 Mbits/sec                  
[  5] 130.00-131.00 sec   329 KBytes  2.70 Mbits/sec                  
[  5] 131.00-132.00 sec   154 KBytes  1.26 Mbits/sec                  
[  5] 132.00-133.00 sec  0.00 Bytes  0.00 bits/sec                  
[  5] 133.00-134.00 sec   592 KBytes  4.86 Mbits/sec                  
[  5] 134.00-135.00 sec   267 KBytes  2.19 Mbits/sec                  
[  5] 135.00-136.00 sec   264 KBytes  2.17 Mbits/sec                  
[  5] 136.00-137.00 sec   266 KBytes  2.18 Mbits/sec                  
[  5] 137.00-138.00 sec  83.4 KBytes   683 Kbits/sec                  
[  5] 138.00-139.00 sec   260 KBytes  2.13 Mbits/sec                  
[  5] 139.00-140.00 sec   451 KBytes  3.70 Mbits/sec                  
[  5] 140.00-141.00 sec   264 KBytes  2.17 Mbits/sec                  
[  5] 141.00-142.00 sec   269 KBytes  2.20 Mbits/sec                  
[  5] 142.00-143.00 sec   280 KBytes  2.29 Mbits/sec                  
[  5] 143.00-144.00 sec   287 KBytes  2.35 Mbits/sec                  
[  5] 144.00-145.00 sec   276 KBytes  2.26 Mbits/sec                  
[  5] 145.00-146.00 sec   228 KBytes  1.86 Mbits/sec                  
[  5] 146.00-147.00 sec   223 KBytes  1.83 Mbits/sec                  
[  5] 147.00-148.00 sec   233 KBytes  1.91 Mbits/sec                  
[  5] 148.00-149.00 sec  1.41 KBytes  11.6 Kbits/sec                  
[  5] 149.00-150.00 sec   508 KBytes  4.16 Mbits/sec                  
[  5] 150.00-151.00 sec   236 KBytes  1.94 Mbits/sec                  
[  5] 151.00-152.00 sec   256 KBytes  2.10 Mbits/sec                  
[  5] 152.00-153.00 sec   266 KBytes  2.18 Mbits/sec                  
[  5] 153.00-154.00 sec  65.0 KBytes   533 Kbits/sec                  
[  5] 154.00-155.00 sec   246 KBytes  2.02 Mbits/sec                  
[  5] 155.00-156.00 sec   361 KBytes  2.95 Mbits/sec                  
[  5] 156.00-157.00 sec   236 KBytes  1.94 Mbits/sec                  
[  5] 157.00-158.00 sec   225 KBytes  1.84 Mbits/sec                  
[  5] 158.00-159.00 sec   205 KBytes  1.68 Mbits/sec                  
[  5] 159.00-160.00 sec   256 KBytes  2.10 Mbits/sec                  
[  5] 160.00-161.00 sec   257 KBytes  2.10 Mbits/sec                  
[  5] 161.00-162.00 sec   252 KBytes  2.07 Mbits/sec                  
[  5] 162.00-163.00 sec   257 KBytes  2.11 Mbits/sec                  
[  5] 163.00-164.00 sec  79.2 KBytes   649 Kbits/sec                  
[  5] 164.00-165.00 sec  32.5 KBytes   266 Kbits/sec                  
[  5] 165.00-166.00 sec   510 KBytes  4.18 Mbits/sec                  
[  5] 166.00-167.00 sec   199 KBytes  1.63 Mbits/sec                  
[  5] 167.00-168.00 sec   211 KBytes  1.73 Mbits/sec                  
[  5] 168.00-169.00 sec   245 KBytes  2.00 Mbits/sec                  
[  5] 169.00-170.00 sec  41.0 KBytes   336 Kbits/sec                  
[  5] 170.00-171.00 sec   182 KBytes  1.49 Mbits/sec                  
[  5] 171.00-172.00 sec   451 KBytes  3.70 Mbits/sec                  
[  5] 172.00-173.00 sec   223 KBytes  1.83 Mbits/sec                  
[  5] 173.00-174.00 sec   222 KBytes  1.82 Mbits/sec                  
[  5] 174.00-175.00 sec   222 KBytes  1.82 Mbits/sec                  
[  5] 175.00-176.00 sec   201 KBytes  1.65 Mbits/sec                  
[  5] 176.00-177.00 sec   204 KBytes  1.67 Mbits/sec                  
[  5] 177.00-178.00 sec   212 KBytes  1.74 Mbits/sec                  
[  5] 178.00-179.00 sec   218 KBytes  1.78 Mbits/sec                  
[  5] 179.00-180.00 sec   243 KBytes  1.99 Mbits/sec                  
[  5] 180.00-181.00 sec  15.6 KBytes   127 Kbits/sec                  
[  5] 181.00-182.00 sec   454 KBytes  3.72 Mbits/sec                  
[  5] 182.00-183.00 sec   216 KBytes  1.77 Mbits/sec                  
[  5] 183.00-184.00 sec   240 KBytes  1.97 Mbits/sec                  
[  5] 184.00-185.00 sec   157 KBytes  1.29 Mbits/sec                  
[  5] 185.00-186.00 sec  0.00 Bytes  0.00 bits/sec                  
[  5] 186.00-187.00 sec   287 KBytes  2.35 Mbits/sec                  
[  5] 187.00-188.00 sec   436 KBytes  3.56 Mbits/sec                  
[  5] 188.00-189.00 sec   253 KBytes  2.07 Mbits/sec                  
[  5] 189.00-190.00 sec   255 KBytes  2.09 Mbits/sec                  
[  5] 190.00-191.00 sec   240 KBytes  1.97 Mbits/sec                  
[  5] 191.00-192.00 sec   243 KBytes  1.99 Mbits/sec                  
[  5] 192.00-193.00 sec   245 KBytes  2.01 Mbits/sec                  
[  5] 193.00-194.00 sec   246 KBytes  2.02 Mbits/sec                  
[  5] 194.00-195.00 sec   245 KBytes  2.00 Mbits/sec                  
[  5] 195.00-196.00 sec   225 KBytes  1.84 Mbits/sec                  
[  5] 196.00-197.00 sec   168 KBytes  1.38 Mbits/sec                  
[  5] 197.00-198.00 sec  0.00 Bytes  0.00 bits/sec                  
[  5] 198.00-199.00 sec   328 KBytes  2.69 Mbits/sec                  
[  5] 199.00-200.00 sec   437 KBytes  3.58 Mbits/sec                  
[  5] 200.00-201.00 sec   229 KBytes  1.88 Mbits/sec                  
[  5] 201.00-202.02 sec   195 KBytes  1.57 Mbits/sec                  
[  5] 202.02-203.00 sec  43.8 KBytes   365 Kbits/sec                  
[  5] 203.00-204.00 sec   505 KBytes  4.14 Mbits/sec                  
[  5] 204.00-205.00 sec   226 KBytes  1.85 Mbits/sec                  
[  5] 205.00-206.00 sec   239 KBytes  1.96 Mbits/sec                  
[  5] 206.00-207.00 sec   246 KBytes  2.02 Mbits/sec                  
[  5] 207.00-208.00 sec   249 KBytes  2.04 Mbits/sec                  
[  5] 208.00-209.00 sec   240 KBytes  1.97 Mbits/sec                  
[  5] 209.00-210.00 sec   219 KBytes  1.80 Mbits/sec                  
[  5] 210.00-211.00 sec   229 KBytes  1.88 Mbits/sec                  
[  5] 211.00-212.00 sec   215 KBytes  1.76 Mbits/sec                  
[  5] 212.00-213.00 sec   250 KBytes  2.05 Mbits/sec                  
[  5] 213.00-214.00 sec   222 KBytes  1.82 Mbits/sec                  
[  5] 214.00-215.00 sec  0.00 Bytes  0.00 bits/sec                  
[  5] 215.00-216.00 sec   246 KBytes  2.02 Mbits/sec                  
[  5] 216.00-217.00 sec   452 KBytes  3.71 Mbits/sec                  
[  5] 217.00-218.00 sec   222 KBytes  1.82 Mbits/sec                  
[  5] 218.00-219.00 sec   274 KBytes  2.25 Mbits/sec                  
[  5] 219.00-220.00 sec   270 KBytes  2.21 Mbits/sec                  
[  5] 220.00-221.00 sec   117 KBytes   962 Kbits/sec                  
[  5] 221.00-222.00 sec  77.8 KBytes   637 Kbits/sec                  
[  5] 222.00-223.00 sec   567 KBytes  4.64 Mbits/sec                  
[  5] 223.00-224.00 sec   242 KBytes  1.98 Mbits/sec                  
[  5] 224.00-225.00 sec   266 KBytes  2.18 Mbits/sec                  
[  5] 225.00-226.00 sec   242 KBytes  1.98 Mbits/sec                  
[  5] 226.00-227.00 sec   247 KBytes  2.03 Mbits/sec                  
[  5] 227.00-228.00 sec   276 KBytes  2.26 Mbits/sec                  
[  5] 228.00-229.00 sec   262 KBytes  2.14 Mbits/sec                  
[  5] 229.00-230.00 sec   263 KBytes  2.16 Mbits/sec                  
[  5] 230.00-231.00 sec   247 KBytes  2.03 Mbits/sec                  
[  5] 231.00-232.00 sec   194 KBytes  1.59 Mbits/sec                  
[  5] 232.00-233.00 sec  0.00 Bytes  0.00 bits/sec                  
[  5] 233.00-234.00 sec   257 KBytes  2.11 Mbits/sec                  
[  5] 234.00-235.00 sec   461 KBytes  3.78 Mbits/sec                  
[  5] 235.00-236.00 sec   255 KBytes  2.09 Mbits/sec                  
[  5] 236.00-237.00 sec   260 KBytes  2.13 Mbits/sec                  
[  5] 237.00-238.00 sec   212 KBytes  1.74 Mbits/sec                  
[  5] 238.00-239.00 sec  76.4 KBytes   625 Kbits/sec                  
[  5] 239.00-240.00 sec  0.00 Bytes  0.00 bits/sec                  
[  5] 240.00-241.00 sec  0.00 Bytes  0.00 bits/sec                  
[  5] 241.00-242.00 sec  0.00 Bytes  0.00 bits/sec                  
[  5] 242.00-243.00 sec   950 KBytes  7.79 Mbits/sec                  
[  5] 243.00-244.00 sec   228 KBytes  1.87 Mbits/sec                  
[  5] 244.00-245.00 sec   284 KBytes  2.33 Mbits/sec                  
[  5] 245.00-246.00 sec   298 KBytes  2.44 Mbits/sec                  
[  5] 246.00-247.00 sec   313 KBytes  2.56 Mbits/sec                  
[  5] 247.00-248.00 sec   286 KBytes  2.34 Mbits/sec                  
[  5] 248.00-249.00 sec  62.2 KBytes   509 Kbits/sec                  
[  5] 249.00-250.00 sec   325 KBytes  2.67 Mbits/sec                  
[  5] 250.00-251.00 sec   147 KBytes  1.20 Mbits/sec                  
[  5] 251.00-252.00 sec   252 KBytes  2.06 Mbits/sec                  
[  5] 252.00-253.00 sec   621 KBytes  5.09 Mbits/sec                  
[  5] 253.00-254.00 sec   184 KBytes  1.51 Mbits/sec                  
[  5] 254.00-255.00 sec   194 KBytes  1.59 Mbits/sec                  
[  5] 255.00-256.00 sec  0.00 Bytes  0.00 bits/sec                  
[  5] 256.00-257.00 sec  0.00 Bytes  0.00 bits/sec                  
[  5] 257.00-258.00 sec  0.00 Bytes  0.00 bits/sec                  
[  5] 258.00-259.00 sec  1.15 MBytes  9.64 Mbits/sec                  
[  5] 259.00-260.00 sec   270 KBytes  2.22 Mbits/sec                  
[  5] 260.00-261.00 sec   202 KBytes  1.66 Mbits/sec                  
[  5] 261.00-262.00 sec   233 KBytes  1.91 Mbits/sec                  
[  5] 262.00-263.00 sec   321 KBytes  2.63 Mbits/sec                  
[  5] 263.00-264.00 sec   378 KBytes  3.09 Mbits/sec                  
[  5] 264.00-265.00 sec   393 KBytes  3.22 Mbits/sec                  
[  5] 265.00-266.00 sec   119 KBytes   972 Kbits/sec                  
[  5] 266.00-267.00 sec  0.00 Bytes  0.00 bits/sec                  
[  5] 267.00-268.00 sec   396 KBytes  3.24 Mbits/sec                  
[  5] 268.00-269.00 sec   544 KBytes  4.45 Mbits/sec                  
[  5] 269.00-270.00 sec   313 KBytes  2.57 Mbits/sec                  
[  5] 270.00-271.00 sec   349 KBytes  2.86 Mbits/sec                  
[  5] 271.00-272.00 sec   126 KBytes  1.03 Mbits/sec                  
[  5] 272.00-273.00 sec   182 KBytes  1.50 Mbits/sec                  
[  5] 273.00-274.00 sec   551 KBytes  4.51 Mbits/sec                  
[  5] 274.00-275.00 sec   338 KBytes  2.77 Mbits/sec                  
[  5] 275.00-276.00 sec   252 KBytes  2.06 Mbits/sec                  
[  5] 276.00-277.00 sec   260 KBytes  2.13 Mbits/sec                  
[  5] 277.00-278.00 sec   274 KBytes  2.25 Mbits/sec                  
[  5] 278.00-279.00 sec   304 KBytes  2.49 Mbits/sec                  
[  5] 279.00-279.16 sec  28.3 KBytes  1.41 Mbits/sec                  
- - - - - - - - - - - - - - - - - - - - - - - - -
[ ID] Interval           Transfer     Bandwidth
[  5]   0.00-279.16 sec  0.00 Bytes  0.00 bits/sec                  sender
[  5]   0.00-279.16 sec  82.3 MBytes  2.47 Mbits/sec                  receiver
