-----------------------------------------------------------
Server listening on 5201
-----------------------------------------------------------
Accepted connection from 10.0.0.1, port 48906
[  5] local 10.0.0.2 port 5201 connected to 10.0.0.1 port 46110
[ ID] Interval           Transfer     Bandwidth
[  5]   0.00-1.00   sec   349 KBytes  2.86 Mbits/sec                  
[  5]   1.00-2.04   sec   257 KBytes  2.03 Mbits/sec                  
[  5]   2.04-3.01   sec   601 KBytes  5.10 Mbits/sec                  
[  5]   3.01-4.02   sec   631 KBytes  5.09 Mbits/sec                  
[  5]   4.02-5.00   sec   424 KBytes  3.55 Mbits/sec                  
[  5]   5.00-6.00   sec   904 KBytes  7.40 Mbits/sec                  
[  5]   6.00-7.00   sec  1.10 MBytes  9.25 Mbits/sec                  
[  5]   7.00-8.00   sec  1017 KBytes  8.35 Mbits/sec                  
[  5]   8.00-9.00   sec  1005 KBytes  8.24 Mbits/sec                  
[  5]   9.00-10.00  sec   970 KBytes  7.94 Mbits/sec                  
[  5]  10.00-11.00  sec  1022 KBytes  8.37 Mbits/sec                  
[  5]  11.00-12.00  sec  1.01 MBytes  8.49 Mbits/sec                  
[  5]  12.00-13.00  sec  1.05 MBytes  8.85 Mbits/sec                  
[  5]  13.00-14.00  sec  1008 KBytes  8.22 Mbits/sec                  
[  5]  14.00-15.00  sec   897 KBytes  7.37 Mbits/sec                  
[  5]  15.00-16.00  sec   991 KBytes  8.12 Mbits/sec                  
[  5]  16.00-17.00  sec   802 KBytes  6.57 Mbits/sec                  
[  5]  17.00-18.00  sec  0.00 Bytes  0.00 bits/sec                  
[  5]  18.00-19.00  sec  0.00 Bytes  0.00 bits/sec                  
[  5]  19.00-20.00  sec  2.92 MBytes  24.5 Mbits/sec                  
[  5]  20.00-21.00  sec   918 KBytes  7.53 Mbits/sec                  
[  5]  21.00-22.01  sec   421 KBytes  3.42 Mbits/sec                  
[  5]  22.01-23.00  sec  1.41 KBytes  11.6 Kbits/sec                  
[  5]  23.00-24.01  sec  0.00 Bytes  0.00 bits/sec                  
[  5]  24.01-25.00  sec  2.90 MBytes  24.5 Mbits/sec                  
[  5]  25.00-26.01  sec   700 KBytes  5.71 Mbits/sec                  
[  5]  26.01-27.00  sec   906 KBytes  7.48 Mbits/sec                  
[  5]  27.00-28.00  sec   915 KBytes  7.50 Mbits/sec                  
[  5]  28.00-29.00  sec   870 KBytes  7.12 Mbits/sec                  
[  5]  29.00-30.00  sec   816 KBytes  6.68 Mbits/sec                  
[  5]  30.00-31.00  sec   841 KBytes  6.89 Mbits/sec                  
[  5]  31.00-32.00  sec   841 KBytes  6.88 Mbits/sec                  
[  5]  32.00-33.00  sec   663 KBytes  5.42 Mbits/sec                  
[  5]  33.00-34.00  sec   766 KBytes  6.29 Mbits/sec                  
[  5]  34.00-35.00  sec   437 KBytes  3.58 Mbits/sec                  
[  5]  35.00-36.00  sec  0.00 Bytes  0.00 bits/sec                  
[  5]  36.00-37.04  sec  0.00 Bytes  0.00 bits/sec                  
[  5]  37.04-38.00  sec  2.28 MBytes  19.8 Mbits/sec                  
[  5]  38.00-39.00  sec   481 KBytes  3.92 Mbits/sec                  
[  5]  39.00-40.00  sec   584 KBytes  4.81 Mbits/sec                  
[  5]  40.00-41.00  sec   530 KBytes  4.34 Mbits/sec                  
[  5]  41.00-42.00  sec   506 KBytes  4.14 Mbits/sec                  
[  5]  42.00-43.00  sec   451 KBytes  3.69 Mbits/sec                  
[  5]  43.00-44.01  sec   526 KBytes  4.30 Mbits/sec                  
[  5]  44.01-45.01  sec   378 KBytes  3.09 Mbits/sec                  
[  5]  45.01-46.00  sec   513 KBytes  4.23 Mbits/sec                  
[  5]  46.00-47.00  sec   256 KBytes  2.10 Mbits/sec                  
[  5]  47.00-48.00  sec  0.00 Bytes  0.00 bits/sec                  
[  5]  48.00-49.00  sec   550 KBytes  4.51 Mbits/sec                  
[  5]  49.00-50.00  sec   946 KBytes  7.74 Mbits/sec                  
[  5]  50.00-51.00  sec   313 KBytes  2.56 Mbits/sec                  
[  5]  51.00-52.00  sec   351 KBytes  2.87 Mbits/sec                  
[  5]  52.00-53.00  sec   134 KBytes  1.10 Mbits/sec                  
[  5]  53.00-54.00  sec  72.1 KBytes   591 Kbits/sec                  
[  5]  54.00-55.00  sec   440 KBytes  3.60 Mbits/sec                  
[  5]  55.00-56.00  sec   711 KBytes  5.83 Mbits/sec                  
[  5]  56.00-57.00  sec   368 KBytes  3.01 Mbits/sec                  
[  5]  57.00-58.00  sec   279 KBytes  2.28 Mbits/sec                  
[  5]  58.00-58.62  sec   178 KBytes  2.36 Mbits/sec                  
- - - - - - - - - - - - - - - - - - - - - - - - -
[ ID] Interval           Transfer     Bandwidth
[  5]   0.00-58.62  sec  0.00 Bytes  0.00 bits/sec                  sender
[  5]   0.00-58.62  sec  39.1 MBytes  5.60 Mbits/sec                  receiver
