-----------------------------------------------------------
Server listening on 5201
-----------------------------------------------------------
Accepted connection from 10.0.0.1, port 53080
[  5] local 10.0.0.2 port 5201 connected to 10.0.0.1 port 46110
[ ID] Interval           Transfer     Bandwidth
[  5]   0.00-1.00   sec  1.08 MBytes  9.04 Mbits/sec                  
[  5]   1.00-2.00   sec  1.13 MBytes  9.48 Mbits/sec                  
[  5]   2.00-3.00   sec  1.10 MBytes  9.21 Mbits/sec                  
[  5]   3.00-4.00   sec  1.14 MBytes  9.56 Mbits/sec                  
[  5]   4.00-5.00   sec  1.12 MBytes  9.43 Mbits/sec                  
[  5]   5.00-6.00   sec  1.12 MBytes  9.42 Mbits/sec                  
[  5]   6.00-7.00   sec  1.13 MBytes  9.48 Mbits/sec                  
[  5]   7.00-8.00   sec  1.14 MBytes  9.54 Mbits/sec                  
[  5]   8.00-9.00   sec  1.14 MBytes  9.55 Mbits/sec                  
[  5]   9.00-10.00  sec  1.09 MBytes  9.11 Mbits/sec                  
[  5]  10.00-11.00  sec  1.03 MBytes  8.61 Mbits/sec                  
[  5]  11.00-12.00  sec  1.21 MBytes  10.1 Mbits/sec                  
[  5]  12.00-13.00  sec  1.12 MBytes  9.40 Mbits/sec                  
[  5]  13.00-14.00  sec  1.13 MBytes  9.51 Mbits/sec                  
[  5]  14.00-15.00  sec  1.05 MBytes  8.81 Mbits/sec                  
[  5]  15.00-16.00  sec   945 KBytes  7.74 Mbits/sec                  
[  5]  16.00-17.00  sec  1.09 MBytes  9.15 Mbits/sec                  
[  5]  17.00-18.00  sec  1.14 MBytes  9.52 Mbits/sec                  
[  5]  18.00-19.00  sec   322 KBytes  2.64 Mbits/sec                  
[  5]  19.00-20.00  sec  1.41 KBytes  11.6 Kbits/sec                  
[  5]  20.00-21.00  sec  0.00 Bytes  0.00 bits/sec                  
[  5]  21.00-22.00  sec  3.58 MBytes  30.0 Mbits/sec                  
[  5]  22.00-23.00  sec  1.14 MBytes  9.53 Mbits/sec                  
[  5]  23.00-24.00  sec   407 KBytes  3.33 Mbits/sec                  
[  5]  24.00-25.00  sec  0.00 Bytes  0.00 bits/sec                  
[  5]  25.00-26.00  sec  1.69 MBytes  14.1 Mbits/sec                  
[  5]  26.00-27.01  sec  2.30 MBytes  19.3 Mbits/sec                  
[  5]  27.01-28.00  sec   973 KBytes  8.01 Mbits/sec                  
[  5]  28.00-29.00  sec  1.10 MBytes  9.26 Mbits/sec                  
[  5]  29.00-30.00  sec  1.11 MBytes  9.29 Mbits/sec                  
[  5]  30.00-31.00  sec  1.06 MBytes  8.84 Mbits/sec                  
[  5]  31.00-32.00  sec  1.06 MBytes  8.85 Mbits/sec                  
[  5]  32.00-33.00  sec  1.12 MBytes  9.42 Mbits/sec                  
[  5]  33.00-34.00  sec  1.04 MBytes  8.71 Mbits/sec                  
[  5]  34.00-35.00  sec  1.06 MBytes  8.85 Mbits/sec                  
[  5]  35.00-35.64  sec   642 KBytes  8.28 Mbits/sec                  
- - - - - - - - - - - - - - - - - - - - - - - - -
[ ID] Interval           Transfer     Bandwidth
[  5]   0.00-35.64  sec  0.00 Bytes  0.00 bits/sec                  sender
[  5]   0.00-35.64  sec  38.4 MBytes  9.04 Mbits/sec                  receiver
