Connecting to host 10.0.0.2, port 5203
[  4] local 10.0.0.1 port 46114 connected to 10.0.0.2 port 5203
[ ID] Interval           Transfer     Bandwidth       Retr  Cwnd
[  4]   0.00-1.00   sec   618 KBytes  5.06 Mbits/sec    0   76.4 KBytes       
[  4]   1.00-2.00   sec   382 KBytes  3.13 Mbits/sec    0   90.5 KBytes       
[  4]   2.00-3.00   sec   255 KBytes  2.09 Mbits/sec    0    102 KBytes       
[  4]   3.00-4.00   sec   382 KBytes  3.13 Mbits/sec    0    117 KBytes       
[  4]   4.00-5.00   sec   318 KBytes  2.61 Mbits/sec    0    129 KBytes       
[  4]   5.00-6.00   sec   382 KBytes  3.13 Mbits/sec    0    153 KBytes       
[  4]   6.00-7.00   sec   382 KBytes  3.13 Mbits/sec    0    188 KBytes       
[  4]   7.00-8.00   sec   509 KBytes  4.17 Mbits/sec    0    240 KBytes       
[  4]   8.00-9.00   sec   636 KBytes  5.21 Mbits/sec    0    314 KBytes       
[  4]   9.00-10.00  sec   827 KBytes  6.78 Mbits/sec    0    426 KBytes       
[  4]  10.00-11.00  sec   509 KBytes  4.17 Mbits/sec   33    402 KBytes       
[  4]  11.00-12.00  sec  0.00 Bytes  0.00 bits/sec   27    344 KBytes       
[  4]  12.00-13.00  sec   255 KBytes  2.09 Mbits/sec   25    344 KBytes       
[  4]  13.00-14.00  sec   573 KBytes  4.69 Mbits/sec    0    354 KBytes       
[  4]  14.00-15.00  sec   445 KBytes  3.65 Mbits/sec    0    393 KBytes       
[  4]  15.00-16.00  sec   382 KBytes  3.13 Mbits/sec    0    428 KBytes       
[  4]  16.00-17.00  sec   445 KBytes  3.65 Mbits/sec    0    458 KBytes       
[  4]  17.00-18.00  sec   382 KBytes  3.13 Mbits/sec    0    477 KBytes       
[  4]  18.00-19.00  sec   509 KBytes  4.17 Mbits/sec    0    486 KBytes       
[  4]  19.00-20.00  sec   445 KBytes  3.65 Mbits/sec    0    489 KBytes       
[  4]  20.00-21.00  sec   445 KBytes  3.65 Mbits/sec    0    492 KBytes       
[  4]  21.00-22.00  sec   700 KBytes  5.74 Mbits/sec    0    496 KBytes       
[  4]  22.00-23.00  sec   891 KBytes  7.30 Mbits/sec    0    506 KBytes       
[  4]  23.00-23.00  sec  0.00 Bytes  0.00 bits/sec    0    506 KBytes       
- - - - - - - - - - - - - - - - - - - - - - - - -
[ ID] Interval           Transfer     Bandwidth       Retr
[  4]   0.00-23.00  sec  10.4 MBytes  3.80 Mbits/sec   85             sender
[  4]   0.00-23.00  sec  8.15 MBytes  2.97 Mbits/sec                  receiver

iperf Done.
