Connecting to host 10.0.0.2, port 5201
[  4] local 10.0.0.1 port 46110 connected to 10.0.0.2 port 5201
[ ID] Interval           Transfer     Bandwidth       Retr  Cwnd
[  4]   0.00-1.00   sec   559 KBytes  4.57 Mbits/sec    0   32.5 KBytes       
[  4]   1.00-2.00   sec   509 KBytes  4.17 Mbits/sec    0   52.3 KBytes       
[  4]   2.00-3.01   sec   700 KBytes  5.68 Mbits/sec    0   77.8 KBytes       
[  4]   3.01-4.00   sec   509 KBytes  4.22 Mbits/sec    0   99.0 KBytes       
[  4]   4.00-5.00   sec   255 KBytes  2.09 Mbits/sec    0    110 KBytes       
[  4]   5.00-6.00   sec   191 KBytes  1.56 Mbits/sec    0    120 KBytes       
[  4]   6.00-7.00   sec   382 KBytes  3.13 Mbits/sec    0    151 KBytes       
[  4]   7.00-8.00   sec   445 KBytes  3.65 Mbits/sec    0    209 KBytes       
[  4]   8.00-9.00   sec   573 KBytes  4.70 Mbits/sec    0    297 KBytes       
[  4]   9.00-10.00  sec   191 KBytes  1.56 Mbits/sec   42    221 KBytes       
[  4]  10.00-11.00  sec   127 KBytes  1.04 Mbits/sec   23    221 KBytes       
[  4]  11.00-12.00  sec  63.6 KBytes   522 Kbits/sec   37    192 KBytes       
[  4]  12.00-13.00  sec   382 KBytes  3.13 Mbits/sec   20    154 KBytes       
[  4]  13.00-14.00  sec   318 KBytes  2.61 Mbits/sec    1   1.41 KBytes       
[  4]  14.00-15.00  sec  63.6 KBytes   520 Kbits/sec    0    317 KBytes       
[  4]  15.00-16.00  sec  0.00 Bytes  0.00 bits/sec    0    317 KBytes       
[  4]  16.00-17.00  sec  0.00 Bytes  0.00 bits/sec    1   1.41 KBytes       
[  4]  17.00-18.00  sec  0.00 Bytes  0.00 bits/sec    2   2.83 KBytes       
[  4]  18.00-19.00  sec   191 KBytes  1.56 Mbits/sec   13    218 KBytes       
[  4]  19.00-20.00  sec   827 KBytes  6.77 Mbits/sec    0    318 KBytes       
[  4]  20.00-21.00  sec   891 KBytes  7.31 Mbits/sec    0    321 KBytes       
[  4]  21.00-22.00  sec   636 KBytes  5.21 Mbits/sec    0    325 KBytes       
[  4]  22.00-23.00  sec   700 KBytes  5.74 Mbits/sec    0    338 KBytes       
[  4]  23.00-24.00  sec   700 KBytes  5.74 Mbits/sec    0    362 KBytes       
[  4]  24.00-25.00  sec   700 KBytes  5.73 Mbits/sec    0    397 KBytes       
[  4]  25.00-26.00  sec  1.06 MBytes  8.86 Mbits/sec    0    448 KBytes       
[  4]  26.00-27.00  sec  1.12 MBytes  9.38 Mbits/sec    0    522 KBytes       
[  4]  27.00-28.00  sec  1.06 MBytes  8.86 Mbits/sec    0    604 KBytes       
[  4]  28.00-29.00  sec  1.18 MBytes  9.91 Mbits/sec    0    707 KBytes       
[  4]  29.00-30.00  sec  1.25 MBytes  10.5 Mbits/sec    0    853 KBytes       
[  4]  30.00-31.00  sec   247 KBytes  2.03 Mbits/sec   20    827 KBytes       
[  4]  31.00-32.00  sec  0.00 Bytes  0.00 bits/sec   95    617 KBytes       
[  4]  32.00-33.00  sec   573 KBytes  4.69 Mbits/sec   27    617 KBytes       
[  4]  33.00-34.00  sec  1.25 MBytes  10.5 Mbits/sec    0    628 KBytes       
[  4]  34.00-35.00  sec   311 KBytes  2.55 Mbits/sec    0    650 KBytes       
[  4]  35.00-36.00  sec   509 KBytes  4.16 Mbits/sec    0    713 KBytes       
[  4]  36.00-37.00  sec   191 KBytes  1.57 Mbits/sec    0    747 KBytes       
[  4]  37.00-38.00  sec  0.00 Bytes  0.00 bits/sec   15    660 KBytes       
[  4]  38.00-39.00  sec  0.00 Bytes  0.00 bits/sec   50    525 KBytes       
[  4]  39.00-40.01  sec  0.00 Bytes  0.00 bits/sec   36    525 KBytes       
[  4]  40.01-41.00  sec  0.00 Bytes  0.00 bits/sec   22   1.41 KBytes       
[  4]  41.00-42.00  sec   382 KBytes  3.13 Mbits/sec   30   42.4 KBytes       
[  4]  42.00-43.00  sec  0.00 Bytes  0.00 bits/sec    0   42.4 KBytes       
[  4]  43.00-44.00  sec  1.80 MBytes  15.1 Mbits/sec    4    600 KBytes       
[  4]  44.00-45.00  sec   382 KBytes  3.13 Mbits/sec    0    621 KBytes       
[  4]  45.00-46.00  sec  0.00 Bytes  0.00 bits/sec   79    434 KBytes       
[  4]  46.00-47.00  sec  0.00 Bytes  0.00 bits/sec   44    434 KBytes       
[  4]  47.00-48.00  sec  0.00 Bytes  0.00 bits/sec   24    434 KBytes       
[  4]  48.00-49.00  sec  0.00 Bytes  0.00 bits/sec    0    434 KBytes       
[  4]  49.00-50.00  sec  0.00 Bytes  0.00 bits/sec    0    434 KBytes       
[  4]  50.00-51.00  sec  3.75 MBytes  31.4 Mbits/sec    1    604 KBytes       
[  4]  51.00-52.00  sec   551 KBytes  4.51 Mbits/sec    0    634 KBytes       
[  4]  52.00-53.00  sec  1018 KBytes  8.34 Mbits/sec    0    683 KBytes       
[  4]  53.00-54.00  sec   827 KBytes  6.78 Mbits/sec    0    727 KBytes       
[  4]  54.00-55.00  sec   891 KBytes  7.29 Mbits/sec    0    772 KBytes       
[  4]  55.00-56.00  sec   827 KBytes  6.78 Mbits/sec    0    813 KBytes       
[  4]  56.00-57.00  sec   891 KBytes  7.30 Mbits/sec    0    858 KBytes       
[  4]  57.00-58.00  sec  1.12 MBytes  9.38 Mbits/sec    0    908 KBytes       
[  4]  58.00-59.00  sec  1.25 MBytes  10.5 Mbits/sec    0    960 KBytes       
[  4]  59.00-60.00  sec  1.25 MBytes  10.5 Mbits/sec    0   1015 KBytes       
[  4]  60.00-61.00  sec  1.25 MBytes  10.5 Mbits/sec    0   1.05 MBytes       
[  4]  61.00-62.00  sec  1.25 MBytes  10.5 Mbits/sec    0   1.09 MBytes       
[  4]  62.00-63.00  sec  1.25 MBytes  10.5 Mbits/sec    0   1.20 MBytes       
[  4]  63.00-64.00  sec  1.25 MBytes  10.5 Mbits/sec    0   1.35 MBytes       
[  4]  64.00-65.00  sec  2.50 MBytes  21.0 Mbits/sec    0   1.61 MBytes       
[  4]  65.00-66.00  sec  1.25 MBytes  10.5 Mbits/sec    0   1.61 MBytes       
[  4]  66.00-67.00  sec  2.50 MBytes  20.9 Mbits/sec    0   2.06 MBytes       
[  4]  67.00-68.00  sec  1.25 MBytes  10.5 Mbits/sec    0   2.21 MBytes       
[  4]  68.00-69.00  sec  2.50 MBytes  21.0 Mbits/sec    0   2.50 MBytes       
[  4]  69.00-70.00  sec  1.25 MBytes  10.5 Mbits/sec    0   2.78 MBytes       
[  4]  70.00-71.00  sec  1.25 MBytes  10.5 Mbits/sec    0   3.18 MBytes       
[  4]  71.00-71.00  sec  0.00 Bytes  0.00 bits/sec    0   3.18 MBytes       
- - - - - - - - - - - - - - - - - - - - - - - - -
[ ID] Interval           Transfer     Bandwidth       Retr
[  4]   0.00-71.00  sec  50.7 MBytes  5.99 Mbits/sec  586             sender
[  4]   0.00-71.00  sec  42.2 MBytes  4.99 Mbits/sec                  receiver

iperf Done.
