Connecting to host 10.0.0.2, port 5203
[  4] local 10.0.0.1 port 46114 connected to 10.0.0.2 port 5203
[ ID] Interval           Transfer     Bandwidth       Retr  Cwnd
[  4]   0.00-1.00   sec   368 KBytes  3.01 Mbits/sec    0   45.2 KBytes       
[  4]   1.00-2.00   sec   255 KBytes  2.08 Mbits/sec    0   53.7 KBytes       
[  4]   2.00-3.00   sec   191 KBytes  1.57 Mbits/sec    0   62.2 KBytes       
[  4]   3.00-4.00   sec   255 KBytes  2.08 Mbits/sec    0   72.1 KBytes       
[  4]   4.00-5.00   sec   318 KBytes  2.61 Mbits/sec    0   89.1 KBytes       
[  4]   5.00-6.00   sec   509 KBytes  4.17 Mbits/sec    0    130 KBytes       
[  4]   6.00-7.00   sec   445 KBytes  3.64 Mbits/sec    0    175 KBytes       
[  4]   7.00-8.00   sec   636 KBytes  5.23 Mbits/sec    0    236 KBytes       
[  4]   8.00-9.00   sec   764 KBytes  6.26 Mbits/sec    0    321 KBytes       
[  4]   9.00-10.00  sec   764 KBytes  6.25 Mbits/sec    0    407 KBytes       
[  4]  10.00-11.00  sec  1018 KBytes  8.34 Mbits/sec    0    530 KBytes       
[  4]  11.00-12.00  sec   127 KBytes  1.04 Mbits/sec   65    389 KBytes       
[  4]  12.00-13.00  sec   382 KBytes  3.13 Mbits/sec   18    389 KBytes       
[  4]  13.00-14.00  sec   636 KBytes  5.21 Mbits/sec    0    396 KBytes       
[  4]  14.00-15.00  sec   382 KBytes  3.13 Mbits/sec    0    423 KBytes       
[  4]  15.00-16.00  sec   318 KBytes  2.60 Mbits/sec    0    464 KBytes       
[  4]  16.00-17.00  sec  0.00 Bytes  0.00 bits/sec   17    365 KBytes       
[  4]  17.00-18.00  sec   255 KBytes  2.09 Mbits/sec   10    327 KBytes       
[  4]  18.00-19.00  sec   700 KBytes  5.72 Mbits/sec    0    334 KBytes       
[  4]  19.00-20.00  sec   382 KBytes  3.14 Mbits/sec    0    355 KBytes       
[  4]  20.00-21.00  sec   318 KBytes  2.60 Mbits/sec    0    372 KBytes       
[  4]  21.00-22.00  sec   255 KBytes  2.09 Mbits/sec    0    385 KBytes       
[  4]  22.00-23.00  sec   318 KBytes  2.61 Mbits/sec    0    390 KBytes       
[  4]  23.00-24.00  sec   318 KBytes  2.61 Mbits/sec    0    393 KBytes       
[  4]  24.00-25.00  sec   318 KBytes  2.61 Mbits/sec    0    396 KBytes       
[  4]  25.00-26.00  sec   382 KBytes  3.13 Mbits/sec    0    402 KBytes       
[  4]  26.00-27.00  sec   445 KBytes  3.64 Mbits/sec    0    410 KBytes       
[  4]  27.00-28.00  sec   382 KBytes  3.13 Mbits/sec    0    428 KBytes       
[  4]  28.00-29.00  sec   445 KBytes  3.65 Mbits/sec    0    457 KBytes       
[  4]  29.00-30.00  sec   382 KBytes  3.12 Mbits/sec    0    503 KBytes       
[  4]  30.00-31.00  sec   636 KBytes  5.22 Mbits/sec    0    577 KBytes       
[  4]  31.00-32.00  sec   255 KBytes  2.08 Mbits/sec    0    602 KBytes       
[  4]  32.00-33.00  sec   954 KBytes  7.83 Mbits/sec    0    689 KBytes       
[  4]  33.00-34.00  sec   827 KBytes  6.77 Mbits/sec    0    800 KBytes       
[  4]  34.00-35.00  sec  1.25 MBytes  10.5 Mbits/sec    0    967 KBytes       
[  4]  35.00-36.01  sec  1.25 MBytes  10.4 Mbits/sec    0   1.12 MBytes       
[  4]  36.01-37.00  sec  1003 KBytes  8.27 Mbits/sec   90    874 KBytes       
[  4]  37.00-38.00  sec  0.00 Bytes  0.00 bits/sec   54    863 KBytes       
[  4]  38.00-39.00  sec  63.6 KBytes   522 Kbits/sec   90    710 KBytes       
[  4]  39.00-40.00  sec  63.6 KBytes   523 Kbits/sec    0    697 KBytes       
[  4]  40.00-41.00  sec  1.25 MBytes  10.5 Mbits/sec    0    723 KBytes       
[  4]  41.00-42.00  sec   884 KBytes  7.24 Mbits/sec    0    612 KBytes       
[  4]  42.00-43.00  sec   255 KBytes  2.08 Mbits/sec    0    617 KBytes       
[  4]  43.00-44.00  sec   509 KBytes  4.17 Mbits/sec    0    655 KBytes       
[  4]  44.00-45.00  sec  63.6 KBytes   520 Kbits/sec    0    662 KBytes       
[  4]  45.00-46.00  sec   573 KBytes  4.70 Mbits/sec    0    701 KBytes       
[  4]  46.00-47.00  sec  63.6 KBytes   521 Kbits/sec    0    707 KBytes       
[  4]  47.00-48.00  sec   255 KBytes  2.08 Mbits/sec    0    718 KBytes       
[  4]  48.00-49.00  sec   382 KBytes  3.12 Mbits/sec    0    728 KBytes       
[  4]  49.00-50.00  sec  63.6 KBytes   523 Kbits/sec   10    707 KBytes       
[  4]  50.00-51.00  sec  0.00 Bytes  0.00 bits/sec  198    502 KBytes       
[  4]  51.00-52.00  sec  0.00 Bytes  0.00 bits/sec   71    481 KBytes       
[  4]  52.00-53.00  sec  0.00 Bytes  0.00 bits/sec   17    474 KBytes       
[  4]  53.00-54.00  sec  0.00 Bytes  0.00 bits/sec   64    242 KBytes       
[  4]  54.00-55.00  sec  0.00 Bytes  0.00 bits/sec   34    255 KBytes       
[  4]  55.00-56.00  sec  0.00 Bytes  0.00 bits/sec    0    255 KBytes       
[  4]  56.00-57.00  sec  0.00 Bytes  0.00 bits/sec  102    247 KBytes       
[  4]  57.00-58.00  sec  0.00 Bytes  0.00 bits/sec   36    284 KBytes       
[  4]  58.00-59.00  sec  0.00 Bytes  0.00 bits/sec    0    284 KBytes       
[  4]  59.00-60.00  sec  0.00 Bytes  0.00 bits/sec    0    362 KBytes       
[  4]  60.00-61.00  sec  0.00 Bytes  0.00 bits/sec   10    225 KBytes       
[  4]  61.00-62.00  sec  0.00 Bytes  0.00 bits/sec    4    221 KBytes       
[  4]  62.00-63.00  sec  0.00 Bytes  0.00 bits/sec  130    352 KBytes       
[  4]  63.00-64.00  sec  0.00 Bytes  0.00 bits/sec    1    359 KBytes       
[  4]  64.00-65.00  sec  0.00 Bytes  0.00 bits/sec    0    359 KBytes       
[  4]  65.00-66.00  sec  0.00 Bytes  0.00 bits/sec    0    359 KBytes       
[  4]  66.00-67.00  sec  0.00 Bytes  0.00 bits/sec    0    359 KBytes       
[  4]  67.00-68.00  sec  0.00 Bytes  0.00 bits/sec    0    359 KBytes       
[  4]  68.00-69.00  sec  0.00 Bytes  0.00 bits/sec    0    359 KBytes       
[  4]  69.00-70.00  sec  0.00 Bytes  0.00 bits/sec    0    359 KBytes       
[  4]  70.00-71.00  sec  0.00 Bytes  0.00 bits/sec    0    359 KBytes       
[  4]  71.00-72.00  sec  0.00 Bytes  0.00 bits/sec    0    359 KBytes       
[  4]  72.00-73.00  sec  63.6 KBytes   522 Kbits/sec   31   22.6 KBytes       
[  4]  73.00-74.00  sec  0.00 Bytes  0.00 bits/sec  544    407 KBytes       
[  4]  74.00-75.00  sec  0.00 Bytes  0.00 bits/sec  450    532 KBytes       
[  4]  75.00-76.00  sec  0.00 Bytes  0.00 bits/sec  332    554 KBytes       
[  4]  76.00-77.00  sec  0.00 Bytes  0.00 bits/sec  321    576 KBytes       
[  4]  77.00-78.00  sec  0.00 Bytes  0.00 bits/sec  423    604 KBytes       
[  4]  78.00-79.00  sec  0.00 Bytes  0.00 bits/sec  424    625 KBytes       
[  4]  79.00-80.00  sec  0.00 Bytes  0.00 bits/sec  174    625 KBytes       
[  4]  80.00-81.00  sec  0.00 Bytes  0.00 bits/sec  251    625 KBytes       
[  4]  81.00-82.00  sec  0.00 Bytes  0.00 bits/sec  409   1.41 KBytes       
[  4]  82.00-83.00  sec  0.00 Bytes  0.00 bits/sec    0   1.41 KBytes       
[  4]  83.00-84.00  sec  1018 KBytes  8.33 Mbits/sec   25    515 KBytes       
[  4]  84.00-85.00  sec   191 KBytes  1.57 Mbits/sec    1   1.41 KBytes       
[  4]  85.00-86.00  sec  0.00 Bytes  0.00 bits/sec    2   2.83 KBytes       
[  4]  86.00-87.00  sec  0.00 Bytes  0.00 bits/sec    4   5.66 KBytes       
[  4]  87.00-88.00  sec  0.00 Bytes  0.00 bits/sec   24   22.6 KBytes       
[  4]  88.00-89.00  sec  0.00 Bytes  0.00 bits/sec   32   45.2 KBytes       
[  4]  89.00-90.00  sec  0.00 Bytes  0.00 bits/sec   64   90.5 KBytes       
[  4]  90.00-91.00  sec  0.00 Bytes  0.00 bits/sec  108    167 KBytes       
[  4]  91.00-92.00  sec  0.00 Bytes  0.00 bits/sec   20    181 KBytes       
[  4]  92.00-93.00  sec  0.00 Bytes  0.00 bits/sec  255    361 KBytes       
[  4]  93.00-94.00  sec  63.6 KBytes   521 Kbits/sec  129    363 KBytes       
[  4]  94.00-95.00  sec  0.00 Bytes  0.00 bits/sec   63    363 KBytes       
[  4]  95.00-96.00  sec  0.00 Bytes  0.00 bits/sec    0    363 KBytes       
[  4]  96.00-97.00  sec  0.00 Bytes  0.00 bits/sec   32    365 KBytes       
[  4]  97.00-98.00  sec  0.00 Bytes  0.00 bits/sec    0    365 KBytes       
[  4]  98.00-99.00  sec  0.00 Bytes  0.00 bits/sec    0    365 KBytes       
[  4]  99.00-100.00 sec  0.00 Bytes  0.00 bits/sec    0    365 KBytes       
[  4] 100.00-101.00 sec  0.00 Bytes  0.00 bits/sec    0    365 KBytes       
[  4] 101.00-102.00 sec  0.00 Bytes  0.00 bits/sec    0    365 KBytes       
[  4] 102.00-103.00 sec  0.00 Bytes  0.00 bits/sec    0    365 KBytes       
[  4] 103.00-104.00 sec  0.00 Bytes  0.00 bits/sec    0    365 KBytes       
[  4] 104.00-105.00 sec  0.00 Bytes  0.00 bits/sec    0    365 KBytes       
[  4] 105.00-106.00 sec  0.00 Bytes  0.00 bits/sec    0    365 KBytes       
[  4] 106.00-107.00 sec  0.00 Bytes  0.00 bits/sec    1   1.41 KBytes       
[  4] 107.00-108.00 sec  0.00 Bytes  0.00 bits/sec    2   2.83 KBytes       
[  4] 108.00-109.00 sec  0.00 Bytes  0.00 bits/sec    5   7.07 KBytes       
[  4] 109.00-110.00 sec  0.00 Bytes  0.00 bits/sec    0   7.07 KBytes       
[  4] 110.00-111.00 sec  0.00 Bytes  0.00 bits/sec    7   11.3 KBytes       
[  4] 111.00-112.00 sec  0.00 Bytes  0.00 bits/sec    6   11.3 KBytes       
[  4] 112.00-113.00 sec  0.00 Bytes  0.00 bits/sec    6   11.3 KBytes       
[  4] 113.00-114.00 sec  0.00 Bytes  0.00 bits/sec    6   11.3 KBytes       
[  4] 114.00-115.00 sec  0.00 Bytes  0.00 bits/sec    4   11.3 KBytes       
[  4] 115.00-116.00 sec  0.00 Bytes  0.00 bits/sec    2   11.3 KBytes       
[  4] 116.00-117.00 sec  0.00 Bytes  0.00 bits/sec    6   11.3 KBytes       
[  4] 117.00-118.00 sec  0.00 Bytes  0.00 bits/sec    6   11.3 KBytes       
[  4] 118.00-119.00 sec  0.00 Bytes  0.00 bits/sec    6   11.3 KBytes       
[  4] 119.00-120.00 sec  0.00 Bytes  0.00 bits/sec   12   11.3 KBytes       
[  4] 120.00-121.00 sec  0.00 Bytes  0.00 bits/sec    6   11.3 KBytes       
[  4] 121.00-122.00 sec  0.00 Bytes  0.00 bits/sec    6   11.3 KBytes       
[  4] 122.00-123.00 sec  0.00 Bytes  0.00 bits/sec    6   11.3 KBytes       
[  4] 123.00-124.00 sec  0.00 Bytes  0.00 bits/sec    1   1.41 KBytes       
[  4] 124.00-125.00 sec  0.00 Bytes  0.00 bits/sec    0   26.9 KBytes       
[  4] 125.00-126.00 sec  0.00 Bytes  0.00 bits/sec    0   26.9 KBytes       
[  4] 126.00-127.00 sec  0.00 Bytes  0.00 bits/sec    1   26.9 KBytes       
[  4] 127.00-128.00 sec  0.00 Bytes  0.00 bits/sec    0   26.9 KBytes       
[  4] 128.00-129.00 sec   191 KBytes  1.56 Mbits/sec    1   26.9 KBytes       
[  4] 129.00-130.00 sec  0.00 Bytes  0.00 bits/sec    0   26.9 KBytes       
[  4] 130.00-131.00 sec  0.00 Bytes  0.00 bits/sec    0   26.9 KBytes       
[  4] 131.00-132.00 sec  0.00 Bytes  0.00 bits/sec    0   26.9 KBytes       
[  4] 132.00-133.00 sec  0.00 Bytes  0.00 bits/sec    0   26.9 KBytes       
[  4] 133.00-134.00 sec  0.00 Bytes  0.00 bits/sec    0   26.9 KBytes       
[  4] 134.00-135.00 sec  0.00 Bytes  0.00 bits/sec    0   26.9 KBytes       
[  4] 135.00-136.00 sec  0.00 Bytes  0.00 bits/sec    0   26.9 KBytes       
[  4] 136.00-137.00 sec  0.00 Bytes  0.00 bits/sec    0   26.9 KBytes       
[  4] 137.00-138.00 sec  0.00 Bytes  0.00 bits/sec    0   26.9 KBytes       
[  4] 138.00-139.00 sec  0.00 Bytes  0.00 bits/sec    0   26.9 KBytes       
[  4] 139.00-140.00 sec  0.00 Bytes  0.00 bits/sec    0   26.9 KBytes       
[  4] 140.00-141.00 sec  0.00 Bytes  0.00 bits/sec    0   26.9 KBytes       
[  4] 141.00-142.00 sec  0.00 Bytes  0.00 bits/sec    1   1.41 KBytes       
[  4] 142.00-143.00 sec  0.00 Bytes  0.00 bits/sec    2   2.83 KBytes       
[  4] 143.00-144.00 sec  0.00 Bytes  0.00 bits/sec    6   8.48 KBytes       
[  4] 144.00-145.00 sec  0.00 Bytes  0.00 bits/sec    0   8.48 KBytes       
[  4] 145.00-146.00 sec  63.6 KBytes   521 Kbits/sec   13   18.4 KBytes       
[  4] 146.00-147.00 sec  63.6 KBytes   521 Kbits/sec   14   19.8 KBytes       
[  4] 147.00-148.00 sec  0.00 Bytes  0.00 bits/sec    9   39.6 KBytes       
[  4] 148.00-149.00 sec  63.6 KBytes   522 Kbits/sec    7   35.4 KBytes       
[  4] 149.00-150.00 sec  63.6 KBytes   520 Kbits/sec    4   31.1 KBytes       
[  4] 150.00-151.00 sec  0.00 Bytes  0.00 bits/sec    3   33.9 KBytes       
[  4] 151.00-152.00 sec  0.00 Bytes  0.00 bits/sec    5   35.4 KBytes       
[  4] 152.00-153.00 sec  0.00 Bytes  0.00 bits/sec    2   32.5 KBytes       
[  4] 153.00-154.00 sec  63.6 KBytes   520 Kbits/sec    3   29.7 KBytes       
[  4] 154.00-155.00 sec  0.00 Bytes  0.00 bits/sec    2   29.7 KBytes       
[  4] 155.00-156.00 sec  0.00 Bytes  0.00 bits/sec    1   28.3 KBytes       
[  4] 156.00-157.00 sec  0.00 Bytes  0.00 bits/sec    0   28.3 KBytes       
[  4] 157.00-158.00 sec  0.00 Bytes  0.00 bits/sec    1   26.9 KBytes       
[  4] 158.00-159.00 sec  0.00 Bytes  0.00 bits/sec    2   36.8 KBytes       
[  4] 159.00-160.00 sec  0.00 Bytes  0.00 bits/sec    4   32.5 KBytes       
[  4] 160.00-161.00 sec  0.00 Bytes  0.00 bits/sec    3   31.1 KBytes       
[  4] 161.00-162.00 sec  0.00 Bytes  0.00 bits/sec    4   36.8 KBytes       
[  4] 162.00-163.00 sec  0.00 Bytes  0.00 bits/sec    6   35.4 KBytes       
[  4] 163.00-164.00 sec  0.00 Bytes  0.00 bits/sec    6   36.8 KBytes       
[  4] 164.00-165.00 sec  0.00 Bytes  0.00 bits/sec    3   39.6 KBytes       
[  4] 165.00-166.00 sec  0.00 Bytes  0.00 bits/sec    8   42.4 KBytes       
[  4] 166.00-167.00 sec  0.00 Bytes  0.00 bits/sec   10   43.8 KBytes       
[  4] 167.00-168.00 sec  0.00 Bytes  0.00 bits/sec    4   42.4 KBytes       
[  4] 168.00-169.01 sec  63.6 KBytes   518 Kbits/sec    1   1.41 KBytes       
[  4] 169.01-170.00 sec   764 KBytes  6.29 Mbits/sec    0    468 KBytes       
[  4] 170.00-171.00 sec  0.00 Bytes  0.00 bits/sec   14    380 KBytes       
[  4] 171.00-172.00 sec  0.00 Bytes  0.00 bits/sec    4    327 KBytes       
[  4] 172.00-173.00 sec   382 KBytes  3.13 Mbits/sec    0    327 KBytes       
[  4] 173.00-174.00 sec   764 KBytes  6.26 Mbits/sec    0    468 KBytes       
[  4] 174.00-175.00 sec  63.6 KBytes   521 Kbits/sec    0    468 KBytes       
[  4] 175.00-176.00 sec   382 KBytes  3.13 Mbits/sec    0    468 KBytes       
[  4] 176.00-177.00 sec  0.00 Bytes  0.00 bits/sec    0    468 KBytes       
[  4] 177.00-178.00 sec  0.00 Bytes  0.00 bits/sec    0    468 KBytes       
[  4] 178.00-179.00 sec  0.00 Bytes  0.00 bits/sec    6    420 KBytes       
[  4] 179.00-180.00 sec  0.00 Bytes  0.00 bits/sec    0    396 KBytes       
[  4] 180.00-181.00 sec   445 KBytes  3.65 Mbits/sec    0    468 KBytes       
[  4] 181.00-182.00 sec  0.00 Bytes  0.00 bits/sec    0    468 KBytes       
[  4] 182.00-183.00 sec  63.6 KBytes   522 Kbits/sec   10    387 KBytes       
[  4] 183.00-184.00 sec  0.00 Bytes  0.00 bits/sec    6    327 KBytes       
[  4] 184.00-185.00 sec  0.00 Bytes  0.00 bits/sec    1    327 KBytes       
[  4] 185.00-186.00 sec  0.00 Bytes  0.00 bits/sec    6    327 KBytes       
[  4] 186.00-187.00 sec  0.00 Bytes  0.00 bits/sec    3    327 KBytes       
[  4] 187.00-188.00 sec  0.00 Bytes  0.00 bits/sec   13    327 KBytes       
[  4] 188.00-189.00 sec  0.00 Bytes  0.00 bits/sec    0    327 KBytes       
[  4] 189.00-190.00 sec  0.00 Bytes  0.00 bits/sec    4    327 KBytes       
[  4] 190.00-191.00 sec  0.00 Bytes  0.00 bits/sec    7    327 KBytes       
[  4] 191.00-192.00 sec  0.00 Bytes  0.00 bits/sec    5    327 KBytes       
[  4] 192.00-193.00 sec  0.00 Bytes  0.00 bits/sec    2   1.41 KBytes       
[  4] 193.00-194.00 sec  0.00 Bytes  0.00 bits/sec    0   1.41 KBytes       
[  4] 194.00-195.00 sec  0.00 Bytes  0.00 bits/sec    0   2.83 KBytes       
[  4] 195.00-196.01 sec  0.00 Bytes  0.00 bits/sec    0   2.83 KBytes       
[  4] 196.01-197.00 sec  0.00 Bytes  0.00 bits/sec    0   2.83 KBytes       
[  4] 197.00-198.00 sec  0.00 Bytes  0.00 bits/sec    0   2.83 KBytes       
[  4] 198.00-199.00 sec  0.00 Bytes  0.00 bits/sec    0   2.83 KBytes       
[  4] 199.00-200.00 sec  0.00 Bytes  0.00 bits/sec    0   2.83 KBytes       
[  4] 200.00-201.00 sec  0.00 Bytes  0.00 bits/sec    0   2.83 KBytes       
[  4] 201.00-202.00 sec  0.00 Bytes  0.00 bits/sec    0   2.83 KBytes       
[  4] 202.00-203.00 sec  0.00 Bytes  0.00 bits/sec    0   2.83 KBytes       
[  4] 203.00-204.00 sec  0.00 Bytes  0.00 bits/sec    0   2.83 KBytes       
[  4] 204.00-205.00 sec  0.00 Bytes  0.00 bits/sec    0   2.83 KBytes       
[  4] 205.00-206.01 sec  0.00 Bytes  0.00 bits/sec    0   2.83 KBytes       
[  4] 206.01-207.00 sec  0.00 Bytes  0.00 bits/sec    0   2.83 KBytes       
[  4] 207.00-208.00 sec  0.00 Bytes  0.00 bits/sec    0   2.83 KBytes       
[  4] 208.00-209.00 sec  0.00 Bytes  0.00 bits/sec    0   2.83 KBytes       
[  4] 209.00-210.00 sec  0.00 Bytes  0.00 bits/sec    0   2.83 KBytes       
[  4] 210.00-211.00 sec  0.00 Bytes  0.00 bits/sec    0   2.83 KBytes       
[  4] 211.00-212.00 sec  0.00 Bytes  0.00 bits/sec    0   2.83 KBytes       
[  4] 212.00-213.00 sec  0.00 Bytes  0.00 bits/sec    0   2.83 KBytes       
[  4] 213.00-214.00 sec  0.00 Bytes  0.00 bits/sec    0   2.83 KBytes       
[  4] 214.00-215.00 sec  0.00 Bytes  0.00 bits/sec    0   2.83 KBytes       
[  4] 215.00-216.00 sec  0.00 Bytes  0.00 bits/sec    0   2.83 KBytes       
[  4] 216.00-217.00 sec  0.00 Bytes  0.00 bits/sec    0   2.83 KBytes       
[  4] 217.00-218.00 sec  0.00 Bytes  0.00 bits/sec    0   2.83 KBytes       
[  4] 218.00-219.00 sec  0.00 Bytes  0.00 bits/sec    0   2.83 KBytes       
[  4] 219.00-220.00 sec  0.00 Bytes  0.00 bits/sec    0   2.83 KBytes       
[  4] 220.00-221.00 sec  0.00 Bytes  0.00 bits/sec    6   4.24 KBytes       
[  4] 221.00-222.00 sec  0.00 Bytes  0.00 bits/sec    3   4.24 KBytes       
[  4] 222.00-223.00 sec  0.00 Bytes  0.00 bits/sec    4   5.66 KBytes       
[  4] 223.00-224.00 sec  0.00 Bytes  0.00 bits/sec    7   9.90 KBytes       
[  4] 224.00-225.00 sec  0.00 Bytes  0.00 bits/sec   10   14.1 KBytes       
[  4] 225.00-226.00 sec  0.00 Bytes  0.00 bits/sec    0   14.1 KBytes       
[  4] 226.00-227.00 sec  0.00 Bytes  0.00 bits/sec   15   21.2 KBytes       
[  4] 227.00-228.00 sec  0.00 Bytes  0.00 bits/sec    0   21.2 KBytes       
[  4] 228.00-229.00 sec  0.00 Bytes  0.00 bits/sec   23   32.5 KBytes       
[  4] 229.00-230.00 sec  0.00 Bytes  0.00 bits/sec   34   48.1 KBytes       
[  4] 230.00-231.00 sec  0.00 Bytes  0.00 bits/sec    0   48.1 KBytes       
[  4] 231.00-232.00 sec  0.00 Bytes  0.00 bits/sec   51   72.1 KBytes       
[  4] 232.00-233.00 sec  0.00 Bytes  0.00 bits/sec    0   72.1 KBytes       
[  4] 233.00-234.00 sec  0.00 Bytes  0.00 bits/sec   39   82.0 KBytes       
[  4] 234.00-235.00 sec  0.00 Bytes  0.00 bits/sec    2   82.0 KBytes       
[  4] 235.00-236.00 sec  0.00 Bytes  0.00 bits/sec   34   82.0 KBytes       
[  4] 236.00-237.00 sec  0.00 Bytes  0.00 bits/sec    0   82.0 KBytes       
[  4] 237.00-238.00 sec  0.00 Bytes  0.00 bits/sec   34   82.0 KBytes       
[  4] 238.00-239.00 sec  0.00 Bytes  0.00 bits/sec   24   82.0 KBytes       
[  4] 239.00-240.00 sec  0.00 Bytes  0.00 bits/sec    9   82.0 KBytes       
[  4] 240.00-241.00 sec  0.00 Bytes  0.00 bits/sec   66   82.0 KBytes       
[  4] 241.00-242.00 sec  0.00 Bytes  0.00 bits/sec   56   82.0 KBytes       
[  4] 242.00-243.00 sec  0.00 Bytes  0.00 bits/sec   43   82.0 KBytes       
[  4] 243.00-244.00 sec  0.00 Bytes  0.00 bits/sec   33   82.0 KBytes       
[  4] 244.00-245.00 sec  0.00 Bytes  0.00 bits/sec   33   82.0 KBytes       
[  4] 245.00-246.00 sec  0.00 Bytes  0.00 bits/sec   33   82.0 KBytes       
[  4] 246.00-247.00 sec  0.00 Bytes  0.00 bits/sec   33   82.0 KBytes       
[  4] 247.00-248.00 sec  0.00 Bytes  0.00 bits/sec    0   82.0 KBytes       
[  4] 248.00-249.00 sec  0.00 Bytes  0.00 bits/sec   33   82.0 KBytes       
[  4] 249.00-250.00 sec  0.00 Bytes  0.00 bits/sec    0   82.0 KBytes       
[  4] 250.00-251.00 sec  0.00 Bytes  0.00 bits/sec   11   82.0 KBytes       
[  4] 251.00-252.00 sec  0.00 Bytes  0.00 bits/sec   14   82.0 KBytes       
[  4] 252.00-253.00 sec  0.00 Bytes  0.00 bits/sec    0   82.0 KBytes       
[  4] 253.00-254.00 sec  0.00 Bytes  0.00 bits/sec   23   82.0 KBytes       
[  4] 254.00-255.00 sec  0.00 Bytes  0.00 bits/sec    0   82.0 KBytes       
[  4] 255.00-256.00 sec  63.6 KBytes   521 Kbits/sec   22   82.0 KBytes       
[  4] 256.00-257.00 sec  0.00 Bytes  0.00 bits/sec   10   82.0 KBytes       
[  4] 257.00-258.00 sec  0.00 Bytes  0.00 bits/sec   11   82.0 KBytes       
[  4] 258.00-259.00 sec  0.00 Bytes  0.00 bits/sec   21   82.0 KBytes       
[  4] 259.00-260.00 sec  0.00 Bytes  0.00 bits/sec   51   82.0 KBytes       
[  4] 260.00-261.00 sec  0.00 Bytes  0.00 bits/sec   12   82.0 KBytes       
[  4] 261.00-262.00 sec  0.00 Bytes  0.00 bits/sec    9   82.0 KBytes       
[  4] 262.00-263.00 sec  0.00 Bytes  0.00 bits/sec   12   82.0 KBytes       
[  4] 263.00-264.00 sec  0.00 Bytes  0.00 bits/sec   14   82.0 KBytes       
[  4] 264.00-265.00 sec  0.00 Bytes  0.00 bits/sec    8   1.41 KBytes       
[  4] 265.00-266.00 sec  0.00 Bytes  0.00 bits/sec    0   1.41 KBytes       
[  4] 266.00-267.00 sec  63.6 KBytes   521 Kbits/sec    0   1.41 KBytes       
[  4] 267.00-268.00 sec  0.00 Bytes  0.00 bits/sec    2   2.83 KBytes       
[  4] 268.00-269.00 sec  0.00 Bytes  0.00 bits/sec    0   2.83 KBytes       
[  4] 269.00-270.00 sec  0.00 Bytes  0.00 bits/sec    3   5.66 KBytes       
[  4] 270.00-271.00 sec  0.00 Bytes  0.00 bits/sec    3   5.66 KBytes       
[  4] 271.00-272.00 sec  0.00 Bytes  0.00 bits/sec    0   5.66 KBytes       
[  4] 272.00-273.00 sec  0.00 Bytes  0.00 bits/sec    3   5.66 KBytes       
[  4] 273.00-274.00 sec  0.00 Bytes  0.00 bits/sec    3   5.66 KBytes       
[  4] 274.00-275.00 sec  0.00 Bytes  0.00 bits/sec    3   5.66 KBytes       
[  4] 275.00-276.00 sec  0.00 Bytes  0.00 bits/sec    3   5.66 KBytes       
[  4] 276.00-277.00 sec  0.00 Bytes  0.00 bits/sec    3   5.66 KBytes       
[  4] 277.00-278.00 sec  0.00 Bytes  0.00 bits/sec    3   5.66 KBytes       
[  4] 278.00-279.00 sec  0.00 Bytes  0.00 bits/sec    3   5.66 KBytes       
[  4] 279.00-280.00 sec  63.6 KBytes   521 Kbits/sec    3   5.66 KBytes       
[  4] 280.00-281.00 sec  0.00 Bytes  0.00 bits/sec    3   5.66 KBytes       
[  4] 281.00-282.00 sec  0.00 Bytes  0.00 bits/sec    3   5.66 KBytes       
[  4] 282.00-283.00 sec  0.00 Bytes  0.00 bits/sec    0   5.66 KBytes       
[  4] 283.00-284.00 sec  0.00 Bytes  0.00 bits/sec    3   5.66 KBytes       
[  4] 284.00-285.00 sec  0.00 Bytes  0.00 bits/sec    3   5.66 KBytes       
[  4] 285.00-286.00 sec  0.00 Bytes  0.00 bits/sec    3   5.66 KBytes       
[  4] 286.00-287.00 sec  0.00 Bytes  0.00 bits/sec    0   5.66 KBytes       
[  4] 287.00-288.00 sec  0.00 Bytes  0.00 bits/sec    3   5.66 KBytes       
[  4] 288.00-289.00 sec  0.00 Bytes  0.00 bits/sec    0   5.66 KBytes       
[  4] 289.00-290.00 sec  0.00 Bytes  0.00 bits/sec    3   5.66 KBytes       
[  4] 290.00-291.00 sec  0.00 Bytes  0.00 bits/sec    0   5.66 KBytes       
[  4] 291.00-292.00 sec  0.00 Bytes  0.00 bits/sec    0   5.66 KBytes       
[  4] 292.00-293.00 sec  0.00 Bytes  0.00 bits/sec    2   5.66 KBytes       
[  4] 293.00-294.00 sec  0.00 Bytes  0.00 bits/sec    0   5.66 KBytes       
[  4] 294.00-295.00 sec  0.00 Bytes  0.00 bits/sec    2   5.66 KBytes       
[  4] 295.00-296.00 sec  0.00 Bytes  0.00 bits/sec    2   5.66 KBytes       
[  4] 296.00-297.00 sec  0.00 Bytes  0.00 bits/sec    0   5.66 KBytes       
[  4] 297.00-298.00 sec  0.00 Bytes  0.00 bits/sec    8   5.66 KBytes       
[  4] 298.00-299.00 sec  0.00 Bytes  0.00 bits/sec    0   5.66 KBytes       
[  4] 299.00-300.00 sec  0.00 Bytes  0.00 bits/sec    1   1.41 KBytes       
[  4] 300.00-301.00 sec  0.00 Bytes  0.00 bits/sec    0   1.41 KBytes       
[  4] 301.00-302.00 sec  0.00 Bytes  0.00 bits/sec    0   1.41 KBytes       
[  4] 302.00-303.00 sec   764 KBytes  6.26 Mbits/sec  371    525 KBytes       
[  4] 303.00-304.00 sec  0.00 Bytes  0.00 bits/sec    0    525 KBytes       
[  4] 304.00-305.00 sec  0.00 Bytes  0.00 bits/sec   51    536 KBytes       
[  4] 305.00-306.00 sec  0.00 Bytes  0.00 bits/sec    0    536 KBytes       
[  4] 306.00-307.00 sec  0.00 Bytes  0.00 bits/sec   42    536 KBytes       
[  4] 307.00-308.00 sec  0.00 Bytes  0.00 bits/sec    0    536 KBytes       
[  4] 308.00-309.00 sec  0.00 Bytes  0.00 bits/sec   42    536 KBytes       
[  4] 309.00-310.00 sec  0.00 Bytes  0.00 bits/sec   40    536 KBytes       
[  4] 310.00-311.00 sec  0.00 Bytes  0.00 bits/sec    0    536 KBytes       
[  4] 311.00-312.00 sec  0.00 Bytes  0.00 bits/sec    0    536 KBytes       
[  4] 312.00-313.00 sec  0.00 Bytes  0.00 bits/sec    0    536 KBytes       
[  4] 313.00-314.00 sec  0.00 Bytes  0.00 bits/sec    0    536 KBytes       
[  4] 314.00-315.00 sec  0.00 Bytes  0.00 bits/sec    0    536 KBytes       
[  4] 315.00-316.00 sec  0.00 Bytes  0.00 bits/sec    0    536 KBytes       
[  4] 316.00-317.00 sec  0.00 Bytes  0.00 bits/sec    0    536 KBytes       
[  4] 317.00-318.00 sec  0.00 Bytes  0.00 bits/sec    0    536 KBytes       
[  4] 318.00-319.00 sec  0.00 Bytes  0.00 bits/sec    0    536 KBytes       
[  4] 319.00-320.00 sec  0.00 Bytes  0.00 bits/sec    0    536 KBytes       
[  4] 320.00-321.00 sec  0.00 Bytes  0.00 bits/sec    0    536 KBytes       
[  4] 321.00-322.00 sec  0.00 Bytes  0.00 bits/sec    0    536 KBytes       
[  4] 322.00-323.00 sec  0.00 Bytes  0.00 bits/sec    0    536 KBytes       
[  4] 323.00-324.00 sec  0.00 Bytes  0.00 bits/sec    0    536 KBytes       
[  4] 324.00-325.00 sec  0.00 Bytes  0.00 bits/sec    0    536 KBytes       
[  4] 325.00-326.00 sec  0.00 Bytes  0.00 bits/sec    0    536 KBytes       
[  4] 326.00-327.00 sec  0.00 Bytes  0.00 bits/sec    0    536 KBytes       
[  4] 327.00-328.00 sec  0.00 Bytes  0.00 bits/sec    0    536 KBytes       
[  4] 328.00-329.00 sec  0.00 Bytes  0.00 bits/sec    0    536 KBytes       
[  4] 329.00-330.00 sec  0.00 Bytes  0.00 bits/sec    0    536 KBytes       
[  4] 330.00-331.00 sec  0.00 Bytes  0.00 bits/sec    0    536 KBytes       
[  4] 331.00-332.00 sec  0.00 Bytes  0.00 bits/sec    0    536 KBytes       
[  4] 332.00-333.00 sec  0.00 Bytes  0.00 bits/sec    0    536 KBytes       
[  4] 333.00-334.00 sec  0.00 Bytes  0.00 bits/sec    0    536 KBytes       
[  4] 334.00-335.00 sec  0.00 Bytes  0.00 bits/sec    0    536 KBytes       
[  4] 335.00-336.00 sec  0.00 Bytes  0.00 bits/sec    1   1.41 KBytes       
[  4] 336.00-337.00 sec  0.00 Bytes  0.00 bits/sec    0   1.41 KBytes       
[  4] 337.00-338.00 sec  0.00 Bytes  0.00 bits/sec    2   2.83 KBytes       
[  4] 338.00-339.00 sec  63.6 KBytes   521 Kbits/sec    0   2.83 KBytes       
[  4] 339.00-340.00 sec  0.00 Bytes  0.00 bits/sec    4   5.66 KBytes       
[  4] 340.00-341.00 sec  0.00 Bytes  0.00 bits/sec    8   11.3 KBytes       
[  4] 341.00-342.00 sec  0.00 Bytes  0.00 bits/sec    0   11.3 KBytes       
[  4] 342.00-343.00 sec  2.67 MBytes  22.4 Mbits/sec  322    482 KBytes       
[  4] 343.00-344.00 sec  1.18 MBytes  9.90 Mbits/sec    0    540 KBytes       
[  4] 344.00-345.00 sec  1.12 MBytes  9.38 Mbits/sec    0    600 KBytes       
[  4] 345.00-346.00 sec  1.30 MBytes  11.0 Mbits/sec    0    655 KBytes       
[  4] 346.00-347.00 sec  1.43 MBytes  12.0 Mbits/sec    0    713 KBytes       
[  4] 347.00-348.00 sec  1.25 MBytes  10.5 Mbits/sec    0    771 KBytes       
[  4] 348.00-349.00 sec  1.67 MBytes  14.0 Mbits/sec    0    829 KBytes       
[  4] 349.00-350.00 sec  1.25 MBytes  10.5 Mbits/sec    0    887 KBytes       
[  4] 350.00-351.00 sec  1.25 MBytes  10.5 Mbits/sec    0    945 KBytes       
[  4] 351.00-352.00 sec  1.25 MBytes  10.5 Mbits/sec    0   1004 KBytes       
[  4] 352.00-353.00 sec  1.25 MBytes  10.5 Mbits/sec    0   1.04 MBytes       
[  4] 353.00-354.00 sec  2.39 MBytes  20.1 Mbits/sec    0   1.12 MBytes       
[  4] 354.00-355.00 sec  1.25 MBytes  10.5 Mbits/sec    0   1.29 MBytes       
[  4] 355.00-356.00 sec  2.50 MBytes  21.0 Mbits/sec    0   1.51 MBytes       
[  4] 356.00-357.00 sec  1.25 MBytes  10.5 Mbits/sec    0   1.76 MBytes       
[  4] 357.00-358.00 sec  2.50 MBytes  21.0 Mbits/sec    0   2.05 MBytes       
[  4] 358.00-359.00 sec  2.50 MBytes  21.0 Mbits/sec    0   2.35 MBytes       
[  4] 359.00-360.00 sec  1.25 MBytes  10.5 Mbits/sec    0   2.72 MBytes       
[  4] 360.00-361.00 sec  1.25 MBytes  10.5 Mbits/sec    0   3.10 MBytes       
[  4] 361.00-362.00 sec  1.25 MBytes  10.5 Mbits/sec    0   3.48 MBytes       
[  4] 362.00-363.00 sec  1.25 MBytes  10.5 Mbits/sec    0   3.81 MBytes       
[  4] 363.00-364.00 sec  1.25 MBytes  10.5 Mbits/sec  245   3.16 MBytes       
[  4] 364.00-365.00 sec   923 KBytes  7.56 Mbits/sec  263   2.67 MBytes       
[  4] 365.00-366.00 sec  0.00 Bytes  0.00 bits/sec  324   2.67 MBytes       
[  4] 366.00-367.00 sec  0.00 Bytes  0.00 bits/sec  371   2.66 MBytes       
[  4] 367.00-368.00 sec  0.00 Bytes  0.00 bits/sec  258   1.41 KBytes       
[  4] 368.00-369.00 sec  1018 KBytes  8.35 Mbits/sec    0   1.41 KBytes       
[  4] 369.00-370.00 sec  6.25 MBytes  52.4 Mbits/sec  602   2.94 MBytes       
[  4] 370.00-371.00 sec  1.25 MBytes  10.5 Mbits/sec    0   3.00 MBytes       
[  4] 371.00-372.00 sec  1.25 MBytes  10.5 Mbits/sec    0   3.05 MBytes       
[  4] 372.00-373.00 sec  1.25 MBytes  10.5 Mbits/sec    0   3.11 MBytes       
[  4] 373.00-374.00 sec  1.25 MBytes  10.5 Mbits/sec    0   3.15 MBytes       
[  4] 374.00-375.00 sec  1.18 MBytes  9.88 Mbits/sec    0   3.15 MBytes       
[  4] 375.00-376.00 sec  0.00 Bytes  0.00 bits/sec    0   3.15 MBytes       
[  4] 376.00-377.00 sec  0.00 Bytes  0.00 bits/sec    0   3.15 MBytes       
[  4] 377.00-378.00 sec  0.00 Bytes  0.00 bits/sec    0   3.15 MBytes       
[  4] 378.00-379.00 sec  0.00 Bytes  0.00 bits/sec    0   3.15 MBytes       
[  4] 379.00-380.00 sec  0.00 Bytes  0.00 bits/sec    0   3.15 MBytes       
[  4] 380.00-381.00 sec  0.00 Bytes  0.00 bits/sec    1   1.41 KBytes       
[  4] 381.00-382.00 sec  0.00 Bytes  0.00 bits/sec    0   1.41 KBytes       
[  4] 382.00-383.00 sec  0.00 Bytes  0.00 bits/sec    0   1.41 KBytes       
[  4] 383.00-384.00 sec  0.00 Bytes  0.00 bits/sec    0   1.41 KBytes       
[  4] 384.00-385.00 sec  0.00 Bytes  0.00 bits/sec    0   1.41 KBytes       
[  4] 385.00-386.00 sec  0.00 Bytes  0.00 bits/sec    0   1.41 KBytes       
[  4] 386.00-387.00 sec  0.00 Bytes  0.00 bits/sec    1   1.41 KBytes       
[  4] 387.00-388.00 sec  0.00 Bytes  0.00 bits/sec    0   1.41 KBytes       
[  4] 388.00-389.00 sec  0.00 Bytes  0.00 bits/sec    0   1.41 KBytes       
[  4] 389.00-390.00 sec  0.00 Bytes  0.00 bits/sec    0   1.41 KBytes       
[  4] 390.00-391.00 sec  0.00 Bytes  0.00 bits/sec    0   1.41 KBytes       
[  4] 391.00-392.00 sec  0.00 Bytes  0.00 bits/sec    0   1.41 KBytes       
[  4] 392.00-393.00 sec  0.00 Bytes  0.00 bits/sec    0   1.41 KBytes       
[  4] 393.00-394.00 sec  0.00 Bytes  0.00 bits/sec    0   1.41 KBytes       
[  4] 394.00-395.00 sec  0.00 Bytes  0.00 bits/sec    0   1.41 KBytes       
[  4] 395.00-396.00 sec  0.00 Bytes  0.00 bits/sec    0   1.41 KBytes       
[  4] 396.00-397.00 sec  0.00 Bytes  0.00 bits/sec    0   1.41 KBytes       
[  4] 397.00-398.00 sec  0.00 Bytes  0.00 bits/sec    0   1.41 KBytes       
[  4] 398.00-399.00 sec  0.00 Bytes  0.00 bits/sec    0   1.41 KBytes       
[  4] 399.00-400.00 sec  0.00 Bytes  0.00 bits/sec    1   1.41 KBytes       
[  4] 400.00-401.00 sec  0.00 Bytes  0.00 bits/sec    0   1.41 KBytes       
[  4] 401.00-402.00 sec  0.00 Bytes  0.00 bits/sec    0   1.41 KBytes       
[  4] 402.00-403.00 sec  0.00 Bytes  0.00 bits/sec    0   1.41 KBytes       
[  4] 403.00-404.00 sec  0.00 Bytes  0.00 bits/sec    0   1.41 KBytes       
[  4] 404.00-405.00 sec  0.00 Bytes  0.00 bits/sec    0   1.41 KBytes       
[  4] 405.00-406.00 sec  0.00 Bytes  0.00 bits/sec    0   1.41 KBytes       
[  4] 406.00-407.00 sec  0.00 Bytes  0.00 bits/sec    0   1.41 KBytes       
[  4] 407.00-408.00 sec  0.00 Bytes  0.00 bits/sec    0   1.41 KBytes       
[  4] 408.00-409.00 sec  0.00 Bytes  0.00 bits/sec    0   1.41 KBytes       
[  4] 409.00-410.00 sec  0.00 Bytes  0.00 bits/sec    0   1.41 KBytes       
[  4] 410.00-411.00 sec  0.00 Bytes  0.00 bits/sec    0   1.41 KBytes       
[  4] 411.00-412.00 sec  0.00 Bytes  0.00 bits/sec    0   1.41 KBytes       
[  4] 412.00-413.00 sec  0.00 Bytes  0.00 bits/sec    0   1.41 KBytes       
[  4] 413.00-414.00 sec  0.00 Bytes  0.00 bits/sec    0   1.41 KBytes       
[  4] 414.00-415.00 sec  0.00 Bytes  0.00 bits/sec    0   1.41 KBytes       
[  4] 415.00-416.00 sec  0.00 Bytes  0.00 bits/sec    0   1.41 KBytes       
[  4] 416.00-417.00 sec  0.00 Bytes  0.00 bits/sec    0   1.41 KBytes       
[  4] 417.00-418.00 sec  0.00 Bytes  0.00 bits/sec    0   1.41 KBytes       
[  4] 418.00-419.00 sec  0.00 Bytes  0.00 bits/sec    0   1.41 KBytes       
[  4] 419.00-420.00 sec  0.00 Bytes  0.00 bits/sec    0   1.41 KBytes       
[  4] 420.00-421.00 sec  0.00 Bytes  0.00 bits/sec    0   1.41 KBytes       
[  4] 421.00-422.00 sec  0.00 Bytes  0.00 bits/sec    0   1.41 KBytes       
[  4] 422.00-423.00 sec  0.00 Bytes  0.00 bits/sec    0   1.41 KBytes       
[  4] 423.00-424.00 sec  0.00 Bytes  0.00 bits/sec    0   1.41 KBytes       
[  4] 424.00-425.00 sec  0.00 Bytes  0.00 bits/sec    0   1.41 KBytes       
[  4] 425.00-426.00 sec  0.00 Bytes  0.00 bits/sec    0   1.41 KBytes       
[  4] 426.00-427.00 sec  0.00 Bytes  0.00 bits/sec    1   1.41 KBytes       
[  4] 427.00-428.00 sec  0.00 Bytes  0.00 bits/sec    0   1.41 KBytes       
[  4] 428.00-429.00 sec  0.00 Bytes  0.00 bits/sec    0   1.41 KBytes       
[  4] 429.00-430.00 sec  0.00 Bytes  0.00 bits/sec    0   1.41 KBytes       
[  4] 430.00-431.00 sec  0.00 Bytes  0.00 bits/sec    0   1.41 KBytes       
[  4] 431.00-432.00 sec  0.00 Bytes  0.00 bits/sec    0   1.41 KBytes       
[  4] 432.00-433.00 sec  0.00 Bytes  0.00 bits/sec    0   1.41 KBytes       
[  4] 433.00-434.00 sec  0.00 Bytes  0.00 bits/sec    0   1.41 KBytes       
[  4] 434.00-435.00 sec  0.00 Bytes  0.00 bits/sec    0   1.41 KBytes       
[  4] 435.00-436.00 sec  0.00 Bytes  0.00 bits/sec    0   1.41 KBytes       
[  4] 436.00-437.00 sec  0.00 Bytes  0.00 bits/sec    0   1.41 KBytes       
[  4] 437.00-438.00 sec  0.00 Bytes  0.00 bits/sec    0   1.41 KBytes       
[  4] 438.00-439.00 sec  0.00 Bytes  0.00 bits/sec    0   1.41 KBytes       
[  4] 439.00-440.00 sec  0.00 Bytes  0.00 bits/sec    0   1.41 KBytes       
[  4] 440.00-441.00 sec  0.00 Bytes  0.00 bits/sec    0   1.41 KBytes       
[  4] 441.00-442.00 sec  0.00 Bytes  0.00 bits/sec    0   1.41 KBytes       
[  4] 442.00-443.00 sec  0.00 Bytes  0.00 bits/sec    0   1.41 KBytes       
[  4] 443.00-444.00 sec  0.00 Bytes  0.00 bits/sec    0   1.41 KBytes       
[  4] 444.00-445.00 sec  0.00 Bytes  0.00 bits/sec    0   1.41 KBytes       
[  4] 445.00-446.00 sec  0.00 Bytes  0.00 bits/sec    0   1.41 KBytes       
[  4] 446.00-447.00 sec  0.00 Bytes  0.00 bits/sec    0   1.41 KBytes       
[  4] 447.00-448.00 sec  0.00 Bytes  0.00 bits/sec    0   1.41 KBytes       
[  4] 448.00-449.00 sec  0.00 Bytes  0.00 bits/sec    0   1.41 KBytes       
[  4] 449.00-450.00 sec  0.00 Bytes  0.00 bits/sec    0   1.41 KBytes       
[  4] 450.00-451.06 sec  0.00 Bytes  0.00 bits/sec    0   1.41 KBytes       
[  4] 451.06-452.00 sec  0.00 Bytes  0.00 bits/sec    0   1.41 KBytes       
[  4] 452.00-453.00 sec  0.00 Bytes  0.00 bits/sec    0   1.41 KBytes       
[  4] 453.00-454.00 sec  0.00 Bytes  0.00 bits/sec    0   1.41 KBytes       
[  4] 454.00-455.00 sec  0.00 Bytes  0.00 bits/sec    0   1.41 KBytes       
[  4] 455.00-456.00 sec  0.00 Bytes  0.00 bits/sec    0   1.41 KBytes       
[  4] 456.00-457.00 sec  0.00 Bytes  0.00 bits/sec    0   1.41 KBytes       
[  4] 457.00-458.00 sec  0.00 Bytes  0.00 bits/sec    0   1.41 KBytes       
[  4] 458.00-459.00 sec  0.00 Bytes  0.00 bits/sec    0   1.41 KBytes       
[  4] 459.00-460.00 sec  0.00 Bytes  0.00 bits/sec    0   1.41 KBytes       
[  4] 460.00-461.00 sec  0.00 Bytes  0.00 bits/sec    0   1.41 KBytes       
[  4] 461.00-462.00 sec  0.00 Bytes  0.00 bits/sec    0   1.41 KBytes       
[  4] 462.00-463.00 sec  0.00 Bytes  0.00 bits/sec    0   1.41 KBytes       
[  4] 463.00-464.00 sec  0.00 Bytes  0.00 bits/sec    0   1.41 KBytes       
[  4] 464.00-465.00 sec  0.00 Bytes  0.00 bits/sec    0   1.41 KBytes       
[  4] 465.00-466.00 sec  0.00 Bytes  0.00 bits/sec    0   1.41 KBytes       
[  4] 466.00-467.00 sec  0.00 Bytes  0.00 bits/sec    0   1.41 KBytes       
[  4] 467.00-468.00 sec  0.00 Bytes  0.00 bits/sec    0   1.41 KBytes       
[  4] 468.00-469.00 sec  0.00 Bytes  0.00 bits/sec    0   1.41 KBytes       
[  4] 469.00-470.00 sec  0.00 Bytes  0.00 bits/sec    0   1.41 KBytes       
[  4] 470.00-471.00 sec  0.00 Bytes  0.00 bits/sec    0   1.41 KBytes       
[  4] 471.00-472.00 sec  0.00 Bytes  0.00 bits/sec    0   1.41 KBytes       
[  4] 472.00-473.00 sec  0.00 Bytes  0.00 bits/sec    0   1.41 KBytes       
[  4] 473.00-474.00 sec  0.00 Bytes  0.00 bits/sec    0   1.41 KBytes       
[  4] 474.00-475.00 sec  0.00 Bytes  0.00 bits/sec    0   1.41 KBytes       
[  4] 475.00-476.00 sec  0.00 Bytes  0.00 bits/sec    0   1.41 KBytes       
[  4] 476.00-477.00 sec  0.00 Bytes  0.00 bits/sec    0   1.41 KBytes       
[  4] 477.00-478.00 sec  0.00 Bytes  0.00 bits/sec    0   1.41 KBytes       
[  4] 478.00-479.00 sec  1.25 MBytes  10.5 Mbits/sec  333   1.34 MBytes       
[  4] 479.00-480.00 sec  1.25 MBytes  10.5 Mbits/sec  435   1.34 MBytes       
[  4] 480.00-481.00 sec  1.25 MBytes  10.5 Mbits/sec    0   1.35 MBytes       
[  4] 481.00-482.00 sec  1.25 MBytes  10.5 Mbits/sec    0   1.51 MBytes       
[  4] 482.00-483.00 sec  1.25 MBytes  10.5 Mbits/sec    0   1.74 MBytes       
[  4] 483.00-484.00 sec  1.25 MBytes  10.5 Mbits/sec    0   1.96 MBytes       
[  4] 484.00-485.00 sec  1.25 MBytes  10.5 Mbits/sec    0   2.15 MBytes       
[  4] 485.00-486.00 sec  1.25 MBytes  10.5 Mbits/sec    0   2.34 MBytes       
[  4] 486.00-487.00 sec  1.25 MBytes  10.5 Mbits/sec    0   2.49 MBytes       
[  4] 487.00-488.00 sec  1.25 MBytes  10.5 Mbits/sec    0   2.63 MBytes       
[  4] 488.00-489.00 sec  1.25 MBytes  10.5 Mbits/sec    0   2.75 MBytes       
[  4] 489.00-490.00 sec  1.25 MBytes  10.5 Mbits/sec    0   2.84 MBytes       
[  4] 490.00-491.00 sec  1.25 MBytes  10.5 Mbits/sec    0   2.92 MBytes       
[  4] 491.00-492.00 sec   223 KBytes  1.83 Mbits/sec   51   2.62 MBytes       
[  4] 492.00-493.00 sec  0.00 Bytes  0.00 bits/sec   69   2.18 MBytes       
[  4] 493.00-494.00 sec  63.6 KBytes   522 Kbits/sec   38   2.04 MBytes       
[  4] 494.00-495.00 sec  0.00 Bytes  0.00 bits/sec   42   2.04 MBytes       
[  4] 495.00-496.00 sec  0.00 Bytes  0.00 bits/sec   59   2.04 MBytes       
[  4] 496.00-497.00 sec   445 KBytes  3.65 Mbits/sec  108   2.04 MBytes       
[  4] 497.00-498.00 sec   827 KBytes  6.78 Mbits/sec   45   2.04 MBytes       
[  4] 498.00-499.00 sec  0.00 Bytes  0.00 bits/sec    0   2.04 MBytes       
[  4] 499.00-500.00 sec  0.00 Bytes  0.00 bits/sec    0   2.04 MBytes       
[  4] 500.00-501.00 sec  0.00 Bytes  0.00 bits/sec    0   2.04 MBytes       
[  4] 501.00-502.00 sec  0.00 Bytes  0.00 bits/sec    0   2.04 MBytes       
[  4] 502.00-503.00 sec  0.00 Bytes  0.00 bits/sec    0   2.04 MBytes       
[  4] 503.00-504.00 sec  0.00 Bytes  0.00 bits/sec    0   2.04 MBytes       
[  4] 504.00-505.00 sec  0.00 Bytes  0.00 bits/sec    0   2.04 MBytes       
[  4] 505.00-506.00 sec  0.00 Bytes  0.00 bits/sec    0   2.04 MBytes       
[  4] 506.00-507.00 sec  0.00 Bytes  0.00 bits/sec    0   2.04 MBytes       
[  4] 507.00-508.00 sec  0.00 Bytes  0.00 bits/sec    0   2.04 MBytes       
[  4] 508.00-509.00 sec  0.00 Bytes  0.00 bits/sec    0   2.04 MBytes       
[  4] 509.00-510.00 sec  0.00 Bytes  0.00 bits/sec    0   2.04 MBytes       
[  4] 510.00-511.00 sec  0.00 Bytes  0.00 bits/sec    0   2.04 MBytes       
[  4] 511.00-512.00 sec  0.00 Bytes  0.00 bits/sec    0   2.04 MBytes       
[  4] 512.00-513.00 sec  0.00 Bytes  0.00 bits/sec    0   2.04 MBytes       
[  4] 513.00-514.00 sec  0.00 Bytes  0.00 bits/sec    0   2.04 MBytes       
[  4] 514.00-515.00 sec  0.00 Bytes  0.00 bits/sec    0   2.04 MBytes       
[  4] 515.00-516.00 sec  0.00 Bytes  0.00 bits/sec    0   2.04 MBytes       
[  4] 516.00-517.00 sec  0.00 Bytes  0.00 bits/sec    0   2.04 MBytes       
[  4] 517.00-518.00 sec  0.00 Bytes  0.00 bits/sec    0   2.04 MBytes       
[  4] 518.00-519.00 sec  0.00 Bytes  0.00 bits/sec    0   2.04 MBytes       
[  4] 519.00-520.00 sec  0.00 Bytes  0.00 bits/sec    0   2.04 MBytes       
[  4] 520.00-521.00 sec  0.00 Bytes  0.00 bits/sec    0   2.04 MBytes       
[  4] 521.00-522.00 sec  0.00 Bytes  0.00 bits/sec    0   2.04 MBytes       
[  4] 522.00-523.00 sec  0.00 Bytes  0.00 bits/sec    0   2.04 MBytes       
[  4] 523.00-524.00 sec  0.00 Bytes  0.00 bits/sec    0   2.04 MBytes       
[  4] 524.00-525.00 sec  0.00 Bytes  0.00 bits/sec    0   2.04 MBytes       
[  4] 525.00-526.00 sec  0.00 Bytes  0.00 bits/sec    0   2.04 MBytes       
[  4] 526.00-527.00 sec  0.00 Bytes  0.00 bits/sec    0   2.04 MBytes       
[  4] 527.00-528.00 sec  0.00 Bytes  0.00 bits/sec    0   2.04 MBytes       
[  4] 528.00-529.00 sec  0.00 Bytes  0.00 bits/sec    0   2.04 MBytes       
[  4] 529.00-530.00 sec  0.00 Bytes  0.00 bits/sec    0   2.04 MBytes       
[  4] 530.00-531.00 sec  0.00 Bytes  0.00 bits/sec    0   2.04 MBytes       
[  4] 531.00-532.00 sec  0.00 Bytes  0.00 bits/sec    0   2.04 MBytes       
[  4] 532.00-533.00 sec  0.00 Bytes  0.00 bits/sec    0   2.04 MBytes       
[  4] 533.00-534.00 sec  0.00 Bytes  0.00 bits/sec    0   2.04 MBytes       
[  4] 534.00-535.00 sec  0.00 Bytes  0.00 bits/sec    0   2.04 MBytes       
[  4] 535.00-536.00 sec  5.00 MBytes  42.0 Mbits/sec   47   2.33 MBytes       
[  4] 536.00-537.00 sec  1.25 MBytes  10.5 Mbits/sec    0   2.38 MBytes       
[  4] 537.00-537.00 sec  0.00 Bytes  0.00 bits/sec    0   2.38 MBytes       
- - - - - - - - - - - - - - - - - - - - - - - - -
[ ID] Interval           Transfer     Bandwidth       Retr
[  4]   0.00-537.00 sec   101 MBytes  1.57 Mbits/sec  10522             sender
[  4]   0.00-537.00 sec  90.4 MBytes  1.41 Mbits/sec                  receiver

iperf Done.
