Connecting to host 10.0.0.2, port 5202
[  4] local 10.0.0.1 port 46112 connected to 10.0.0.2 port 5202
[ ID] Interval           Transfer     Bandwidth       Retr  Cwnd
[  4]   0.00-1.01   sec   423 KBytes  3.43 Mbits/sec    0   48.1 KBytes       
[  4]   1.01-2.00   sec   255 KBytes  2.10 Mbits/sec    0   56.6 KBytes       
[  4]   2.00-3.00   sec   191 KBytes  1.57 Mbits/sec    0   65.0 KBytes       
[  4]   3.00-4.01   sec   191 KBytes  1.56 Mbits/sec    0   72.1 KBytes       
[  4]   4.01-5.00   sec   318 KBytes  2.62 Mbits/sec    0   90.5 KBytes       
[  4]   5.00-6.00   sec   509 KBytes  4.17 Mbits/sec    0    133 KBytes       
[  4]   6.00-7.00   sec   636 KBytes  5.21 Mbits/sec    0    189 KBytes       
[  4]   7.00-8.00   sec   509 KBytes  4.17 Mbits/sec    0    243 KBytes       
[  4]   8.00-9.00   sec  1.06 MBytes  8.85 Mbits/sec    0    358 KBytes       
[  4]   9.00-10.00  sec   954 KBytes  7.82 Mbits/sec    0    462 KBytes       
[  4]  10.00-11.00  sec   700 KBytes  5.73 Mbits/sec    0    556 KBytes       
[  4]  11.00-12.00  sec  1018 KBytes  8.34 Mbits/sec    0    679 KBytes       
[  4]  12.00-13.00  sec   827 KBytes  6.78 Mbits/sec    0    785 KBytes       
[  4]  13.00-14.00  sec  1.25 MBytes  10.5 Mbits/sec    0   1001 KBytes       
[  4]  14.00-15.00  sec   565 KBytes  4.63 Mbits/sec    0   1.00 MBytes       
[  4]  15.00-16.00  sec  0.00 Bytes  0.00 bits/sec  245    723 KBytes       
[  4]  16.00-17.00  sec  0.00 Bytes  0.00 bits/sec   49    723 KBytes       
[  4]  17.00-18.00  sec  0.00 Bytes  0.00 bits/sec   79    626 KBytes       
[  4]  18.00-19.00  sec  63.6 KBytes   521 Kbits/sec   32    462 KBytes       
[  4]  19.00-20.00  sec   700 KBytes  5.73 Mbits/sec   37    410 KBytes       
[  4]  20.00-21.00  sec  1.25 MBytes  10.5 Mbits/sec    0    134 KBytes       
[  4]  21.00-22.00  sec  56.3 KBytes   462 Kbits/sec    0    506 KBytes       
[  4]  22.00-23.00  sec   255 KBytes  2.09 Mbits/sec    0    526 KBytes       
[  4]  23.00-24.00  sec   255 KBytes  2.08 Mbits/sec    0    543 KBytes       
[  4]  24.00-25.00  sec  0.00 Bytes  0.00 bits/sec   12    485 KBytes       
[  4]  25.00-26.00  sec  0.00 Bytes  0.00 bits/sec   56    379 KBytes       
[  4]  26.00-27.00  sec  0.00 Bytes  0.00 bits/sec   18    379 KBytes       
[  4]  27.00-28.00  sec  0.00 Bytes  0.00 bits/sec   19    379 KBytes       
[  4]  28.00-29.00  sec   191 KBytes  1.56 Mbits/sec    1   1.41 KBytes       
[  4]  29.00-30.00  sec  0.00 Bytes  0.00 bits/sec    0   1.41 KBytes       
[  4]  30.00-31.00  sec  0.00 Bytes  0.00 bits/sec    0   1.41 KBytes       
[  4]  31.00-32.00  sec  0.00 Bytes  0.00 bits/sec    1   1.41 KBytes       
[  4]  32.00-33.00  sec  0.00 Bytes  0.00 bits/sec    0   4.24 KBytes       
[  4]  33.00-34.00  sec  0.00 Bytes  0.00 bits/sec    3   4.24 KBytes       
[  4]  34.00-35.00  sec   509 KBytes  4.17 Mbits/sec   32    393 KBytes       
[  4]  35.00-36.00  sec   827 KBytes  6.77 Mbits/sec    0    434 KBytes       
[  4]  36.00-37.00  sec  0.00 Bytes  0.00 bits/sec    7    393 KBytes       
[  4]  37.00-38.00  sec  0.00 Bytes  0.00 bits/sec   41    303 KBytes       
[  4]  38.00-39.00  sec   191 KBytes  1.56 Mbits/sec   27    303 KBytes       
[  4]  39.00-40.00  sec  0.00 Bytes  0.00 bits/sec   19    303 KBytes       
[  4]  40.00-41.00  sec   127 KBytes  1.04 Mbits/sec    1   1.41 KBytes       
[  4]  41.00-42.00  sec  63.6 KBytes   521 Kbits/sec   10   14.1 KBytes       
[  4]  42.00-43.00  sec   191 KBytes  1.56 Mbits/sec   52    249 KBytes       
[  4]  43.00-44.00  sec   318 KBytes  2.61 Mbits/sec    0    317 KBytes       
[  4]  44.00-45.00  sec  0.00 Bytes  0.00 bits/sec    0    317 KBytes       
[  4]  45.00-46.00  sec  0.00 Bytes  0.00 bits/sec    1   1.41 KBytes       
[  4]  46.00-47.00  sec  0.00 Bytes  0.00 bits/sec    0   1.41 KBytes       
[  4]  47.00-48.00  sec  0.00 Bytes  0.00 bits/sec    0   1.41 KBytes       
[  4]  48.00-49.00  sec  0.00 Bytes  0.00 bits/sec    1   33.9 KBytes       
[  4]  49.00-50.00  sec   445 KBytes  3.65 Mbits/sec  128    236 KBytes       
[  4]  50.00-51.00  sec  1.06 MBytes  8.86 Mbits/sec    0    281 KBytes       
[  4]  51.00-52.00  sec   255 KBytes  2.09 Mbits/sec    0    297 KBytes       
[  4]  52.00-53.00  sec   318 KBytes  2.60 Mbits/sec    0    311 KBytes       
[  4]  53.00-54.00  sec   318 KBytes  2.61 Mbits/sec    0    327 KBytes       
[  4]  54.00-55.00  sec   318 KBytes  2.60 Mbits/sec    0    344 KBytes       
[  4]  55.00-56.00  sec   318 KBytes  2.61 Mbits/sec    0    361 KBytes       
[  4]  56.00-57.00  sec   318 KBytes  2.61 Mbits/sec    0    424 KBytes       
[  4]  57.00-58.00  sec  0.00 Bytes  0.00 bits/sec    0    431 KBytes       
[  4]  58.00-59.00  sec   318 KBytes  2.61 Mbits/sec    0    556 KBytes       
[  4]  59.00-60.00  sec  0.00 Bytes  0.00 bits/sec   12    485 KBytes       
[  4]  60.00-61.00  sec  0.00 Bytes  0.00 bits/sec    9    440 KBytes       
[  4]  61.00-62.00  sec   191 KBytes  1.57 Mbits/sec   63    389 KBytes       
[  4]  62.00-63.00  sec   255 KBytes  2.09 Mbits/sec    0    389 KBytes       
[  4]  63.00-64.00  sec  0.00 Bytes  0.00 bits/sec   19    389 KBytes       
[  4]  64.00-65.00  sec   127 KBytes  1.04 Mbits/sec    1   1.41 KBytes       
[  4]  65.00-66.00  sec   191 KBytes  1.56 Mbits/sec    2   2.83 KBytes       
[  4]  66.00-67.00  sec  63.6 KBytes   522 Kbits/sec    8   11.3 KBytes       
[  4]  67.00-68.00  sec  1.24 MBytes  10.4 Mbits/sec    0    438 KBytes       
[  4]  68.00-69.00  sec  0.00 Bytes  0.00 bits/sec    0    438 KBytes       
[  4]  69.00-70.00  sec   318 KBytes  2.61 Mbits/sec    0    460 KBytes       
[  4]  70.00-71.00  sec   191 KBytes  1.56 Mbits/sec    0    469 KBytes       
[  4]  71.00-72.00  sec   255 KBytes  2.08 Mbits/sec    0    482 KBytes       
[  4]  72.00-73.00  sec   445 KBytes  3.65 Mbits/sec    0    506 KBytes       
[  4]  73.00-74.00  sec   509 KBytes  4.17 Mbits/sec    0    549 KBytes       
[  4]  74.00-75.00  sec  0.00 Bytes  0.00 bits/sec    0    554 KBytes       
[  4]  75.00-76.00  sec  0.00 Bytes  0.00 bits/sec   34    420 KBytes       
[  4]  76.00-77.00  sec   191 KBytes  1.56 Mbits/sec   14    389 KBytes       
[  4]  77.00-78.00  sec   827 KBytes  6.78 Mbits/sec    0    402 KBytes       
[  4]  78.00-79.00  sec   255 KBytes  2.08 Mbits/sec    0    427 KBytes       
[  4]  79.00-80.00  sec   318 KBytes  2.61 Mbits/sec    0    482 KBytes       
[  4]  80.00-81.00  sec   127 KBytes  1.04 Mbits/sec    0    495 KBytes       
[  4]  81.00-82.00  sec  0.00 Bytes  0.00 bits/sec   16    451 KBytes       
[  4]  82.00-83.00  sec  0.00 Bytes  0.00 bits/sec    6    419 KBytes       
[  4]  83.00-84.00  sec  63.6 KBytes   522 Kbits/sec   26    352 KBytes       
[  4]  84.00-85.00  sec  0.00 Bytes  0.00 bits/sec    3    352 KBytes       
[  4]  85.00-86.00  sec  0.00 Bytes  0.00 bits/sec    0    406 KBytes       
[  4]  86.00-87.00  sec  0.00 Bytes  0.00 bits/sec    0    501 KBytes       
[  4]  87.00-88.00  sec  0.00 Bytes  0.00 bits/sec    0    503 KBytes       
[  4]  88.00-89.00  sec  0.00 Bytes  0.00 bits/sec    1   1.41 KBytes       
[  4]  89.00-90.00  sec  0.00 Bytes  0.00 bits/sec    0   1.41 KBytes       
[  4]  90.00-91.00  sec   127 KBytes  1.04 Mbits/sec    0   1.41 KBytes       
[  4]  91.00-92.00  sec  0.00 Bytes  0.00 bits/sec    0   1.41 KBytes       
[  4]  92.00-93.00  sec  0.00 Bytes  0.00 bits/sec    0   1.41 KBytes       
[  4]  93.00-94.00  sec  0.00 Bytes  0.00 bits/sec    0   1.41 KBytes       
[  4]  94.00-95.00  sec  0.00 Bytes  0.00 bits/sec    0   1.41 KBytes       
[  4]  95.00-96.00  sec  0.00 Bytes  0.00 bits/sec    0   1.41 KBytes       
[  4]  96.00-97.00  sec  0.00 Bytes  0.00 bits/sec    1   1.41 KBytes       
[  4]  97.00-98.00  sec  2.50 MBytes  20.9 Mbits/sec   81    352 KBytes       
[  4]  98.00-99.00  sec  2.04 MBytes  17.1 Mbits/sec    0    404 KBytes       
[  4]  99.00-100.00 sec  1.06 MBytes  8.85 Mbits/sec    0    447 KBytes       
[  4] 100.00-101.00 sec  1018 KBytes  8.34 Mbits/sec    0    475 KBytes       
[  4] 101.00-102.00 sec  1.06 MBytes  8.86 Mbits/sec    0    492 KBytes       
[  4] 102.00-103.00 sec  1.06 MBytes  8.86 Mbits/sec    0    501 KBytes       
[  4] 103.00-104.00 sec   827 KBytes  6.78 Mbits/sec    0    503 KBytes       
[  4] 104.00-105.00 sec   636 KBytes  5.21 Mbits/sec    0    503 KBytes       
[  4] 105.00-106.00 sec   764 KBytes  6.26 Mbits/sec    0    505 KBytes       
[  4] 106.00-107.00 sec   636 KBytes  5.21 Mbits/sec    0    510 KBytes       
[  4] 107.00-108.00 sec   764 KBytes  6.26 Mbits/sec    0    523 KBytes       
[  4] 108.00-109.00 sec   764 KBytes  6.25 Mbits/sec    0    546 KBytes       
[  4] 109.00-110.00 sec   700 KBytes  5.73 Mbits/sec    0    580 KBytes       
[  4] 110.00-111.00 sec   764 KBytes  6.25 Mbits/sec    0    634 KBytes       
[  4] 111.00-112.00 sec   764 KBytes  6.26 Mbits/sec    0    703 KBytes       
[  4] 112.00-113.00 sec   764 KBytes  6.26 Mbits/sec    0    796 KBytes       
[  4] 113.00-114.00 sec   827 KBytes  6.78 Mbits/sec    0    913 KBytes       
[  4] 114.00-115.00 sec   891 KBytes  7.29 Mbits/sec    0   1.02 MBytes       
[  4] 115.00-116.00 sec  1.25 MBytes  10.5 Mbits/sec    0   1.18 MBytes       
[  4] 116.00-117.00 sec  1.25 MBytes  10.5 Mbits/sec    0   1.34 MBytes       
[  4] 117.00-118.00 sec  2.50 MBytes  21.0 Mbits/sec    0   1.58 MBytes       
[  4] 118.00-119.00 sec  1.25 MBytes  10.5 Mbits/sec    0   1.81 MBytes       
[  4] 119.00-120.00 sec  1.25 MBytes  10.5 Mbits/sec    0   2.07 MBytes       
[  4] 120.00-121.00 sec  2.50 MBytes  21.0 Mbits/sec    0   2.33 MBytes       
[  4] 121.00-121.00 sec  0.00 Bytes  0.00 bits/sec    0   2.33 MBytes       
- - - - - - - - - - - - - - - - - - - - - - - - -
[ ID] Interval           Transfer     Bandwidth       Retr
[  4]   0.00-121.00 sec  50.9 MBytes  3.53 Mbits/sec  1167             sender
[  4]   0.00-121.00 sec  41.5 MBytes  2.88 Mbits/sec                  receiver

iperf Done.
