Connecting to host 10.0.0.2, port 5202
[  4] local 10.0.0.1 port 46112 connected to 10.0.0.2 port 5202
[ ID] Interval           Transfer     Bandwidth       Retr  Cwnd
[  4]   0.00-1.00   sec   683 KBytes  5.59 Mbits/sec    0   56.6 KBytes       
[  4]   1.00-2.00   sec   382 KBytes  3.13 Mbits/sec    0   72.1 KBytes       
[  4]   2.00-3.00   sec   382 KBytes  3.13 Mbits/sec    0   87.7 KBytes       
[  4]   3.00-4.00   sec   318 KBytes  2.61 Mbits/sec    0    100 KBytes       
[  4]   4.00-5.00   sec   382 KBytes  3.13 Mbits/sec    0    116 KBytes       
[  4]   5.00-6.00   sec   382 KBytes  3.13 Mbits/sec    0    137 KBytes       
[  4]   6.00-7.00   sec   573 KBytes  4.69 Mbits/sec    0    188 KBytes       
[  4]   7.00-8.00   sec   827 KBytes  6.78 Mbits/sec    0    272 KBytes       
[  4]   8.00-9.00   sec   764 KBytes  6.25 Mbits/sec    0    354 KBytes       
[  4]   9.00-10.00  sec   891 KBytes  7.29 Mbits/sec    0    458 KBytes       
[  4]  10.00-11.00  sec   191 KBytes  1.56 Mbits/sec    0    485 KBytes       
[  4]  11.00-12.00  sec  1.37 MBytes  11.5 Mbits/sec    0    665 KBytes       
[  4]  12.00-13.00  sec   318 KBytes  2.60 Mbits/sec    2    691 KBytes       
[  4]  13.00-14.00  sec  0.00 Bytes  0.00 bits/sec   64    549 KBytes       
[  4]  14.00-15.00  sec  0.00 Bytes  0.00 bits/sec  170    368 KBytes       
[  4]  15.00-16.00  sec  0.00 Bytes  0.00 bits/sec    8    351 KBytes       
[  4]  16.00-17.00  sec  63.6 KBytes   521 Kbits/sec    0    351 KBytes       
[  4]  17.00-18.00  sec  0.00 Bytes  0.00 bits/sec    0    351 KBytes       
[  4]  18.00-19.00  sec  0.00 Bytes  0.00 bits/sec    1   1.41 KBytes       
[  4]  19.00-20.00  sec  63.6 KBytes   522 Kbits/sec   17   24.0 KBytes       
[  4]  20.00-21.00  sec   191 KBytes  1.56 Mbits/sec   90    192 KBytes       
[  4]  21.00-22.00  sec  0.00 Bytes  0.00 bits/sec    0    192 KBytes       
[  4]  22.00-23.00  sec   445 KBytes  3.65 Mbits/sec    6    474 KBytes       
[  4]  23.00-24.00  sec  0.00 Bytes  0.00 bits/sec  164    307 KBytes       
[  4]  24.00-25.00  sec  0.00 Bytes  0.00 bits/sec    6    349 KBytes       
[  4]  25.00-26.00  sec   954 KBytes  7.84 Mbits/sec    0    387 KBytes       
[  4]  26.00-27.00  sec   191 KBytes  1.56 Mbits/sec   14    365 KBytes       
[  4]  27.00-28.00  sec  0.00 Bytes  0.00 bits/sec   25    287 KBytes       
[  4]  28.00-29.00  sec   191 KBytes  1.56 Mbits/sec    3    287 KBytes       
[  4]  29.00-30.00  sec   573 KBytes  4.69 Mbits/sec    0    305 KBytes       
[  4]  30.00-31.00  sec   318 KBytes  2.60 Mbits/sec    0    328 KBytes       
[  4]  31.00-31.00  sec  0.00 Bytes  0.00 bits/sec    0    328 KBytes       
- - - - - - - - - - - - - - - - - - - - - - - - -
[ ID] Interval           Transfer     Bandwidth       Retr
[  4]   0.00-31.00  sec  10.2 MBytes  2.77 Mbits/sec  570             sender
[  4]   0.00-31.00  sec  6.47 MBytes  1.75 Mbits/sec                  receiver

iperf Done.
