Connecting to host 10.0.0.2, port 5201
[  4] local 10.0.0.1 port 46110 connected to 10.0.0.2 port 5201
[ ID] Interval           Transfer     Bandwidth       Retr  Cwnd
[  4]   0.00-1.00   sec   820 KBytes  6.71 Mbits/sec    0   62.2 KBytes       
[  4]   1.00-2.00   sec   445 KBytes  3.64 Mbits/sec    0   80.6 KBytes       
[  4]   2.00-3.00   sec   764 KBytes  6.27 Mbits/sec    0    109 KBytes       
[  4]   3.00-4.01   sec   382 KBytes  3.11 Mbits/sec    0    124 KBytes       
[  4]   4.01-5.00   sec   318 KBytes  2.62 Mbits/sec    0    139 KBytes       
[  4]   5.00-6.00   sec   318 KBytes  2.60 Mbits/sec    0    151 KBytes       
[  4]   6.00-7.00   sec   318 KBytes  2.61 Mbits/sec    0    180 KBytes       
[  4]   7.00-8.00   sec   509 KBytes  4.17 Mbits/sec    0    239 KBytes       
[  4]   8.00-9.00   sec   573 KBytes  4.70 Mbits/sec    0    328 KBytes       
[  4]   9.00-10.00  sec   127 KBytes  1.04 Mbits/sec   47    233 KBytes       
[  4]  10.00-11.00  sec  63.6 KBytes   521 Kbits/sec   23    233 KBytes       
[  4]  11.00-12.00  sec  63.6 KBytes   521 Kbits/sec   18    214 KBytes       
[  4]  12.00-13.00  sec  63.6 KBytes   521 Kbits/sec    0    214 KBytes       
[  4]  13.00-14.00  sec   509 KBytes  4.17 Mbits/sec    9    255 KBytes       
[  4]  14.00-15.00  sec   636 KBytes  5.21 Mbits/sec    0    284 KBytes       
[  4]  15.00-16.00  sec   636 KBytes  5.22 Mbits/sec    0    317 KBytes       
[  4]  16.00-17.00  sec   764 KBytes  6.26 Mbits/sec    0    351 KBytes       
[  4]  17.00-18.00  sec   764 KBytes  6.25 Mbits/sec    0    382 KBytes       
[  4]  18.00-19.00  sec   636 KBytes  5.21 Mbits/sec    0    406 KBytes       
[  4]  19.00-20.00  sec  1018 KBytes  8.35 Mbits/sec    0    445 KBytes       
[  4]  20.00-21.00  sec   891 KBytes  7.30 Mbits/sec    0    482 KBytes       
[  4]  21.00-22.00  sec   954 KBytes  7.81 Mbits/sec    0    554 KBytes       
[  4]  22.00-23.00  sec  1.12 MBytes  9.38 Mbits/sec    0    666 KBytes       
[  4]  23.00-24.00  sec  1.12 MBytes  9.38 Mbits/sec    0    786 KBytes       
[  4]  24.00-25.00  sec   827 KBytes  6.78 Mbits/sec    0    878 KBytes       
[  4]  25.00-26.00  sec   509 KBytes  4.17 Mbits/sec  596    615 KBytes       
[  4]  26.00-27.00  sec   954 KBytes  7.81 Mbits/sec    0    636 KBytes       
[  4]  27.00-28.00  sec  1.25 MBytes  10.5 Mbits/sec    0    713 KBytes       
[  4]  28.00-29.00  sec   884 KBytes  7.23 Mbits/sec    0    764 KBytes       
[  4]  29.00-30.00  sec  1018 KBytes  8.33 Mbits/sec    0    810 KBytes       
[  4]  30.00-31.00  sec  1.06 MBytes  8.88 Mbits/sec    0    843 KBytes       
[  4]  31.00-32.00  sec  1.06 MBytes  8.87 Mbits/sec    0    863 KBytes       
[  4]  32.00-33.00  sec  1.06 MBytes  8.84 Mbits/sec    0    874 KBytes       
[  4]  33.00-34.00  sec  1.06 MBytes  8.85 Mbits/sec    0    878 KBytes       
[  4]  34.00-35.00  sec  1.06 MBytes  8.89 Mbits/sec    0    880 KBytes       
[  4]  35.00-36.00  sec  1.06 MBytes  8.85 Mbits/sec    0    881 KBytes       
[  4]  36.00-37.00  sec  1.12 MBytes  9.39 Mbits/sec    0    887 KBytes       
[  4]  37.00-38.00  sec  1.12 MBytes  9.38 Mbits/sec    0    898 KBytes       
[  4]  38.00-39.00  sec  1.12 MBytes  9.38 Mbits/sec    0    919 KBytes       
[  4]  39.00-40.00  sec  1.24 MBytes  10.4 Mbits/sec    0    954 KBytes       
[  4]  40.00-41.00  sec  1.25 MBytes  10.5 Mbits/sec    0   1005 KBytes       
[  4]  41.00-42.00  sec  1.25 MBytes  10.5 Mbits/sec    0   1.05 MBytes       
[  4]  42.00-43.00  sec  1.25 MBytes  10.5 Mbits/sec    0   1.13 MBytes       
[  4]  43.00-44.00  sec  1.25 MBytes  10.5 Mbits/sec    0   1.24 MBytes       
[  4]  44.00-45.00  sec  1.25 MBytes  10.5 Mbits/sec    0   1.37 MBytes       
[  4]  45.00-46.00  sec  2.50 MBytes  21.1 Mbits/sec    0   1.54 MBytes       
[  4]  46.00-47.16  sec  1.25 MBytes  9.02 Mbits/sec    0   1.74 MBytes       
[  4]  47.16-48.00  sec  2.50 MBytes  25.0 Mbits/sec    0   1.93 MBytes       
[  4]  48.00-49.00  sec  1.25 MBytes  10.5 Mbits/sec   34   1.76 MBytes       
[  4]  49.00-50.00  sec  1.04 MBytes  8.70 Mbits/sec   20   1.42 MBytes       
[  4]  50.00-51.00  sec  1.25 MBytes  10.5 Mbits/sec    0   1.43 MBytes       
[  4]  51.00-52.00  sec  1.25 MBytes  10.5 Mbits/sec    0   1.45 MBytes       
[  4]  52.00-53.00  sec  1.25 MBytes  10.5 Mbits/sec    0   1.55 MBytes       
[  4]  53.00-54.00  sec  1.25 MBytes  10.5 Mbits/sec    0   1.67 MBytes       
[  4]  54.00-55.00  sec  1.25 MBytes  10.5 Mbits/sec    0   1.77 MBytes       
[  4]  55.00-55.00  sec  0.00 Bytes  0.00 bits/sec    0   1.77 MBytes       
- - - - - - - - - - - - - - - - - - - - - - - - -
[ ID] Interval           Transfer     Bandwidth       Retr
[  4]   0.00-55.00  sec  50.9 MBytes  7.76 Mbits/sec  747             sender
[  4]   0.00-55.00  sec  42.5 MBytes  6.48 Mbits/sec                  receiver

iperf Done.
