Connecting to host 10.0.0.2, port 5203
[  4] local 10.0.0.1 port 46114 connected to 10.0.0.2 port 5203
[ ID] Interval           Transfer     Bandwidth       Retr  Cwnd
[  4]   0.00-1.00   sec   447 KBytes  3.66 Mbits/sec    0   46.7 KBytes       
[  4]   1.00-2.00   sec   318 KBytes  2.61 Mbits/sec    0   59.4 KBytes       
[  4]   2.00-3.00   sec   255 KBytes  2.08 Mbits/sec    0   70.7 KBytes       
[  4]   3.00-4.00   sec   191 KBytes  1.56 Mbits/sec    0   79.2 KBytes       
[  4]   4.00-5.00   sec   318 KBytes  2.61 Mbits/sec    0   93.3 KBytes       
[  4]   5.00-6.00   sec   382 KBytes  3.13 Mbits/sec    0    126 KBytes       
[  4]   6.00-7.00   sec   636 KBytes  5.21 Mbits/sec    0    181 KBytes       
[  4]   7.00-8.00   sec   445 KBytes  3.65 Mbits/sec    0    235 KBytes       
[  4]   8.00-9.00   sec   764 KBytes  6.24 Mbits/sec    0    318 KBytes       
[  4]   9.00-10.00  sec   764 KBytes  6.26 Mbits/sec    0    409 KBytes       
[  4]  10.00-11.00  sec  1.06 MBytes  8.86 Mbits/sec    0    542 KBytes       
[  4]  11.00-12.00  sec  0.00 Bytes  0.00 bits/sec   93    382 KBytes       
[  4]  12.00-13.00  sec   382 KBytes  3.13 Mbits/sec   13    382 KBytes       
[  4]  13.00-14.00  sec   445 KBytes  3.65 Mbits/sec    0    390 KBytes       
[  4]  14.00-15.00  sec   382 KBytes  3.13 Mbits/sec    0    417 KBytes       
[  4]  15.00-16.00  sec   318 KBytes  2.61 Mbits/sec    2    443 KBytes       
[  4]  16.00-17.00  sec  0.00 Bytes  0.00 bits/sec   28    318 KBytes       
[  4]  17.00-18.00  sec   636 KBytes  5.22 Mbits/sec    0    320 KBytes       
[  4]  18.00-19.00  sec   445 KBytes  3.65 Mbits/sec    0    341 KBytes       
[  4]  19.00-20.00  sec   255 KBytes  2.08 Mbits/sec    0    356 KBytes       
[  4]  20.00-21.00  sec   255 KBytes  2.09 Mbits/sec    0    369 KBytes       
[  4]  21.00-22.00  sec   445 KBytes  3.64 Mbits/sec    0    382 KBytes       
[  4]  22.00-23.00  sec   573 KBytes  4.69 Mbits/sec    0    385 KBytes       
[  4]  23.00-24.00  sec   700 KBytes  5.73 Mbits/sec    0    386 KBytes       
[  4]  24.00-24.00  sec  0.00 Bytes  0.00 bits/sec    0    386 KBytes       
- - - - - - - - - - - - - - - - - - - - - - - - -
[ ID] Interval           Transfer     Bandwidth       Retr
[  4]   0.00-24.00  sec  10.2 MBytes  3.56 Mbits/sec  136             sender
[  4]   0.00-24.00  sec  7.52 MBytes  2.63 Mbits/sec                  receiver

iperf Done.
