Connecting to host 10.0.0.2, port 5204
[  4] local 10.0.0.1 port 46116 connected to 10.0.0.2 port 5204
[ ID] Interval           Transfer     Bandwidth       Retr  Cwnd
[  4]   0.00-1.00   sec   277 KBytes  2.27 Mbits/sec    0   42.4 KBytes       
[  4]   1.00-2.00   sec  70.7 KBytes   578 Kbits/sec    0   45.2 KBytes       
[  4]   2.00-3.00   sec   127 KBytes  1.04 Mbits/sec    0   49.5 KBytes       
[  4]   3.00-4.00   sec  63.6 KBytes   520 Kbits/sec    0   53.7 KBytes       
[  4]   4.00-5.00   sec   127 KBytes  1.04 Mbits/sec    0   69.3 KBytes       
[  4]   5.00-6.00   sec  0.00 Bytes  0.00 bits/sec    7   48.1 KBytes       
[  4]   6.00-7.00   sec  0.00 Bytes  0.00 bits/sec    1   48.1 KBytes       
[  4]   7.00-8.00   sec  63.6 KBytes   522 Kbits/sec    0   48.1 KBytes       
[  4]   8.00-9.00   sec   127 KBytes  1.04 Mbits/sec    0   53.7 KBytes       
[  4]   9.00-10.00  sec  0.00 Bytes  0.00 bits/sec   13   36.8 KBytes       
[  4]  10.00-11.00  sec  0.00 Bytes  0.00 bits/sec    1   36.8 KBytes       
[  4]  11.00-12.00  sec  63.6 KBytes   522 Kbits/sec    2   31.1 KBytes       
[  4]  12.00-13.00  sec  0.00 Bytes  0.00 bits/sec    0   25.5 KBytes       
[  4]  13.00-14.00  sec  63.6 KBytes   522 Kbits/sec    0   26.9 KBytes       
[  4]  14.00-15.00  sec  0.00 Bytes  0.00 bits/sec    2   18.4 KBytes       
[  4]  15.00-16.00  sec  0.00 Bytes  0.00 bits/sec    2   18.4 KBytes       
[  4]  16.00-17.00  sec  0.00 Bytes  0.00 bits/sec    3   18.4 KBytes       
[  4]  17.00-18.00  sec  63.6 KBytes   521 Kbits/sec    7   12.7 KBytes       
[  4]  18.00-19.00  sec  0.00 Bytes  0.00 bits/sec    0   12.7 KBytes       
[  4]  19.00-20.00  sec  0.00 Bytes  0.00 bits/sec    2   9.90 KBytes       
[  4]  20.00-21.00  sec  0.00 Bytes  0.00 bits/sec    2   11.3 KBytes       
[  4]  21.00-22.00  sec  0.00 Bytes  0.00 bits/sec    3   12.7 KBytes       
[  4]  22.00-23.00  sec  0.00 Bytes  0.00 bits/sec    1   11.3 KBytes       
[  4]  23.00-24.00  sec  0.00 Bytes  0.00 bits/sec    0   11.3 KBytes       
[  4]  24.00-25.00  sec  0.00 Bytes  0.00 bits/sec    0   9.90 KBytes       
[  4]  25.00-26.00  sec  63.6 KBytes   521 Kbits/sec    0   11.3 KBytes       
[  4]  26.00-27.00  sec  0.00 Bytes  0.00 bits/sec    0   11.3 KBytes       
[  4]  27.00-28.01  sec  0.00 Bytes  0.00 bits/sec    0   18.4 KBytes       
[  4]  28.01-29.00  sec  0.00 Bytes  0.00 bits/sec    0   26.9 KBytes       
[  4]  29.00-30.00  sec  0.00 Bytes  0.00 bits/sec    3   18.4 KBytes       
[  4]  30.00-31.00  sec  0.00 Bytes  0.00 bits/sec    0   18.4 KBytes       
[  4]  31.00-32.00  sec  0.00 Bytes  0.00 bits/sec    7   17.0 KBytes       
[  4]  32.00-33.00  sec  63.6 KBytes   521 Kbits/sec    1   12.7 KBytes       
[  4]  33.00-34.00  sec  0.00 Bytes  0.00 bits/sec    0   12.7 KBytes       
[  4]  34.00-35.00  sec  0.00 Bytes  0.00 bits/sec    0   14.1 KBytes       
[  4]  35.00-36.00  sec  0.00 Bytes  0.00 bits/sec    0   15.6 KBytes       
[  4]  36.00-37.00  sec  63.6 KBytes   521 Kbits/sec    0   15.6 KBytes       
[  4]  37.00-38.00  sec  0.00 Bytes  0.00 bits/sec    0   17.0 KBytes       
[  4]  38.00-39.05  sec  0.00 Bytes  0.00 bits/sec    0   21.2 KBytes       
[  4]  39.05-40.00  sec  0.00 Bytes  0.00 bits/sec    0   32.5 KBytes       
[  4]  40.00-41.00  sec  63.6 KBytes   520 Kbits/sec    0   49.5 KBytes       
[  4]  41.00-42.00  sec  63.6 KBytes   522 Kbits/sec    0   73.5 KBytes       
[  4]  42.00-43.00  sec   255 KBytes  2.09 Mbits/sec    0    110 KBytes       
[  4]  43.00-44.00  sec  63.6 KBytes   521 Kbits/sec   25   84.8 KBytes       
[  4]  44.00-45.00  sec  0.00 Bytes  0.00 bits/sec   12   84.8 KBytes       
[  4]  45.00-46.00  sec  0.00 Bytes  0.00 bits/sec    0   84.8 KBytes       
[  4]  46.00-47.00  sec   191 KBytes  1.56 Mbits/sec    0   87.7 KBytes       
[  4]  47.00-48.00  sec   127 KBytes  1.04 Mbits/sec    0    103 KBytes       
[  4]  48.00-49.00  sec  63.6 KBytes   521 Kbits/sec    0    115 KBytes       
[  4]  49.00-50.00  sec   127 KBytes  1.04 Mbits/sec    0    119 KBytes       
[  4]  50.00-51.00  sec   127 KBytes  1.05 Mbits/sec    0    120 KBytes       
[  4]  51.00-52.00  sec  0.00 Bytes  0.00 bits/sec    6   84.8 KBytes       
[  4]  52.00-53.00  sec  63.6 KBytes   521 Kbits/sec    1   84.8 KBytes       
[  4]  53.00-54.00  sec   191 KBytes  1.57 Mbits/sec    0   87.7 KBytes       
[  4]  54.00-55.00  sec  63.6 KBytes   521 Kbits/sec    0   93.3 KBytes       
[  4]  55.00-56.00  sec  63.6 KBytes   522 Kbits/sec    0    106 KBytes       
[  4]  56.00-57.00  sec   127 KBytes  1.04 Mbits/sec    0    116 KBytes       
[  4]  57.00-58.00  sec   127 KBytes  1.04 Mbits/sec    0    119 KBytes       
[  4]  58.00-59.00  sec  0.00 Bytes  0.00 bits/sec   23   83.4 KBytes       
[  4]  59.00-60.00  sec  0.00 Bytes  0.00 bits/sec    8   74.9 KBytes       
[  4]  60.00-61.00  sec  0.00 Bytes  0.00 bits/sec   14   83.4 KBytes       
[  4]  61.00-62.00  sec  0.00 Bytes  0.00 bits/sec    6   82.0 KBytes       
[  4]  62.00-63.00  sec  0.00 Bytes  0.00 bits/sec   21   83.4 KBytes       
[  4]  63.00-64.01  sec  0.00 Bytes  0.00 bits/sec   25   80.6 KBytes       
[  4]  64.01-65.00  sec   127 KBytes  1.05 Mbits/sec   15   58.0 KBytes       
[  4]  65.00-66.00  sec  0.00 Bytes  0.00 bits/sec    6   58.0 KBytes       
[  4]  66.00-67.00  sec   191 KBytes  1.56 Mbits/sec   10   58.0 KBytes       
[  4]  67.00-68.00  sec   191 KBytes  1.56 Mbits/sec    0   42.4 KBytes       
[  4]  68.00-69.00  sec  0.00 Bytes  0.00 bits/sec    0   42.4 KBytes       
[  4]  69.00-70.00  sec  63.6 KBytes   521 Kbits/sec    0   46.7 KBytes       
[  4]  70.00-71.00  sec  63.6 KBytes   522 Kbits/sec    0   48.1 KBytes       
[  4]  71.00-72.00  sec  63.6 KBytes   521 Kbits/sec    0   48.1 KBytes       
[  4]  72.00-73.00  sec  63.6 KBytes   521 Kbits/sec    0   50.9 KBytes       
[  4]  73.00-74.00  sec  63.6 KBytes   521 Kbits/sec    0   58.0 KBytes       
[  4]  74.00-75.00  sec  63.6 KBytes   521 Kbits/sec    0   67.9 KBytes       
[  4]  75.00-76.00  sec   127 KBytes  1.04 Mbits/sec    0    102 KBytes       
[  4]  76.00-77.00  sec   191 KBytes  1.56 Mbits/sec    0    144 KBytes       
[  4]  77.00-78.00  sec   445 KBytes  3.65 Mbits/sec    0    199 KBytes       
[  4]  78.00-79.00  sec   636 KBytes  5.21 Mbits/sec    0    279 KBytes       
[  4]  79.00-80.00  sec   700 KBytes  5.73 Mbits/sec    0    366 KBytes       
[  4]  80.00-81.00  sec   127 KBytes  1.04 Mbits/sec   17    332 KBytes       
[  4]  81.00-82.00  sec  0.00 Bytes  0.00 bits/sec   45    269 KBytes       
[  4]  82.00-83.00  sec   573 KBytes  4.69 Mbits/sec    0    260 KBytes       
[  4]  83.00-84.00  sec   382 KBytes  3.13 Mbits/sec    0    191 KBytes       
[  4]  84.00-85.00  sec   191 KBytes  1.56 Mbits/sec    0    206 KBytes       
[  4]  85.00-86.00  sec   127 KBytes  1.04 Mbits/sec    0    218 KBytes       
[  4]  86.00-87.00  sec   255 KBytes  2.09 Mbits/sec    0    225 KBytes       
[  4]  87.00-88.00  sec   318 KBytes  2.60 Mbits/sec    0    228 KBytes       
[  4]  88.00-89.00  sec   954 KBytes  7.83 Mbits/sec    0    229 KBytes       
[  4]  89.00-90.00  sec  1.06 MBytes  8.86 Mbits/sec    0    235 KBytes       
[  4]  90.00-90.69  sec   764 KBytes  9.13 Mbits/sec    0    242 KBytes       
- - - - - - - - - - - - - - - - - - - - - - - - -
[ ID] Interval           Transfer     Bandwidth       Retr
[  4]   0.00-90.69  sec  10.5 MBytes   968 Kbits/sec  291             sender
[  4]   0.00-90.69  sec  8.57 MBytes   793 Kbits/sec                  receiver

iperf Done.
