Connecting to host 10.0.0.2, port 5204
[  4] local 10.0.0.1 port 46116 connected to 10.0.0.2 port 5204
[ ID] Interval           Transfer     Bandwidth       Retr  Cwnd
[  4]   0.00-1.00   sec   304 KBytes  2.49 Mbits/sec    0   42.4 KBytes       
[  4]   1.00-2.00   sec   198 KBytes  1.62 Mbits/sec    0   49.5 KBytes       
[  4]   2.00-3.00   sec   127 KBytes  1.04 Mbits/sec    0   53.7 KBytes       
[  4]   3.00-4.00   sec   127 KBytes  1.04 Mbits/sec    0   59.4 KBytes       
[  4]   4.00-5.00   sec   191 KBytes  1.56 Mbits/sec    0   74.9 KBytes       
[  4]   5.00-6.00   sec   382 KBytes  3.13 Mbits/sec    0    112 KBytes       
[  4]   6.00-7.00   sec   318 KBytes  2.60 Mbits/sec    0    147 KBytes       
[  4]   7.00-8.00   sec   445 KBytes  3.65 Mbits/sec    0    202 KBytes       
[  4]   8.00-9.00   sec   636 KBytes  5.22 Mbits/sec    0    287 KBytes       
[  4]   9.00-10.00  sec  0.00 Bytes  0.00 bits/sec    9    262 KBytes       
[  4]  10.00-11.00  sec  0.00 Bytes  0.00 bits/sec   55    202 KBytes       
[  4]  11.00-12.00  sec   382 KBytes  3.13 Mbits/sec    0    205 KBytes       
[  4]  12.00-13.00  sec   445 KBytes  3.65 Mbits/sec    0    243 KBytes       
[  4]  13.00-14.00  sec   255 KBytes  2.08 Mbits/sec    0    264 KBytes       
[  4]  14.00-15.00  sec   255 KBytes  2.09 Mbits/sec    0    277 KBytes       
[  4]  15.00-16.00  sec   318 KBytes  2.61 Mbits/sec    0    286 KBytes       
[  4]  16.00-17.00  sec   318 KBytes  2.61 Mbits/sec    0    288 KBytes       
[  4]  17.00-18.00  sec   318 KBytes  2.61 Mbits/sec    0    290 KBytes       
[  4]  18.00-19.00  sec   382 KBytes  3.13 Mbits/sec    0    293 KBytes       
[  4]  19.00-20.00  sec   382 KBytes  3.13 Mbits/sec    0    301 KBytes       
[  4]  20.00-21.00  sec   445 KBytes  3.65 Mbits/sec    0    318 KBytes       
[  4]  21.00-22.00  sec   509 KBytes  4.17 Mbits/sec    0    346 KBytes       
[  4]  22.00-23.00  sec   191 KBytes  1.56 Mbits/sec    0    362 KBytes       
[  4]  23.00-24.00  sec   891 KBytes  7.29 Mbits/sec    0    441 KBytes       
[  4]  24.00-25.00  sec  1.30 MBytes  11.0 Mbits/sec    0    544 KBytes       
[  4]  25.00-26.00  sec  1.18 MBytes  9.90 Mbits/sec    0    642 KBytes       
[  4]  26.00-26.00  sec  0.00 Bytes  0.00 bits/sec    0    642 KBytes       
- - - - - - - - - - - - - - - - - - - - - - - - -
[ ID] Interval           Transfer     Bandwidth       Retr
[  4]   0.00-26.00  sec  10.1 MBytes  3.27 Mbits/sec   64             sender
[  4]   0.00-26.00  sec  7.26 MBytes  2.34 Mbits/sec                  receiver

iperf Done.
