Connecting to host 10.0.0.2, port 5203
[  4] local 10.0.0.1 port 46114 connected to 10.0.0.2 port 5203
[ ID] Interval           Transfer     Bandwidth       Retr  Cwnd
[  4]   0.00-1.01   sec   383 KBytes  3.09 Mbits/sec    0   45.2 KBytes       
[  4]   1.01-2.00   sec   127 KBytes  1.06 Mbits/sec    0   49.5 KBytes       
[  4]   2.00-3.01   sec   191 KBytes  1.56 Mbits/sec    0   56.6 KBytes       
[  4]   3.01-4.00   sec   191 KBytes  1.57 Mbits/sec    0   66.5 KBytes       
[  4]   4.00-5.00   sec   318 KBytes  2.61 Mbits/sec    0   83.4 KBytes       
[  4]   5.00-6.00   sec   318 KBytes  2.61 Mbits/sec    0    116 KBytes       
[  4]   6.00-7.00   sec   382 KBytes  3.12 Mbits/sec    0    158 KBytes       
[  4]   7.00-8.00   sec   509 KBytes  4.19 Mbits/sec    0    216 KBytes       
[  4]   8.00-9.00   sec   636 KBytes  5.21 Mbits/sec    0    300 KBytes       
[  4]   9.00-10.00  sec   191 KBytes  1.56 Mbits/sec    0    324 KBytes       
[  4]  10.00-11.00  sec  1018 KBytes  8.35 Mbits/sec    0    461 KBytes       
[  4]  11.00-12.00  sec  0.00 Bytes  0.00 bits/sec   24    385 KBytes       
[  4]  12.00-13.00  sec  0.00 Bytes  0.00 bits/sec   47    324 KBytes       
[  4]  13.00-14.00  sec  0.00 Bytes  0.00 bits/sec   17    324 KBytes       
[  4]  14.00-15.00  sec  0.00 Bytes  0.00 bits/sec   13    324 KBytes       
[  4]  15.00-16.00  sec  63.6 KBytes   522 Kbits/sec   43    263 KBytes       
[  4]  16.00-17.00  sec   764 KBytes  6.25 Mbits/sec    3   97.6 KBytes       
[  4]  17.00-18.00  sec   382 KBytes  3.13 Mbits/sec    0    233 KBytes       
[  4]  18.00-19.00  sec   127 KBytes  1.04 Mbits/sec    0    246 KBytes       
[  4]  19.00-20.00  sec  63.6 KBytes   521 Kbits/sec   19    201 KBytes       
[  4]  20.00-21.00  sec  0.00 Bytes  0.00 bits/sec    5    175 KBytes       
[  4]  21.00-22.00  sec  0.00 Bytes  0.00 bits/sec   38    175 KBytes       
[  4]  22.00-23.00  sec   382 KBytes  3.13 Mbits/sec    4    151 KBytes       
[  4]  23.00-24.00  sec  0.00 Bytes  0.00 bits/sec   13    122 KBytes       
[  4]  24.00-25.00  sec  0.00 Bytes  0.00 bits/sec    3    122 KBytes       
[  4]  25.00-26.00  sec   382 KBytes  3.12 Mbits/sec    0    123 KBytes       
[  4]  26.00-27.00  sec   127 KBytes  1.04 Mbits/sec    0    129 KBytes       
[  4]  27.00-28.00  sec   127 KBytes  1.04 Mbits/sec    0    140 KBytes       
[  4]  28.00-29.00  sec   127 KBytes  1.04 Mbits/sec    0    144 KBytes       
[  4]  29.00-30.00  sec   127 KBytes  1.04 Mbits/sec    0    147 KBytes       
[  4]  30.00-31.00  sec  63.6 KBytes   521 Kbits/sec    0    148 KBytes       
[  4]  31.00-32.00  sec   127 KBytes  1.04 Mbits/sec    0    151 KBytes       
[  4]  32.00-33.00  sec   127 KBytes  1.04 Mbits/sec    0    158 KBytes       
[  4]  33.00-34.00  sec  0.00 Bytes  0.00 bits/sec   11    141 KBytes       
[  4]  34.00-35.00  sec  0.00 Bytes  0.00 bits/sec    6    115 KBytes       
[  4]  35.00-36.00  sec   127 KBytes  1.04 Mbits/sec   12    115 KBytes       
[  4]  36.00-37.00  sec  63.6 KBytes   521 Kbits/sec    0    115 KBytes       
[  4]  37.00-38.00  sec   127 KBytes  1.04 Mbits/sec    0    122 KBytes       
[  4]  38.00-39.00  sec  63.6 KBytes   522 Kbits/sec    0    133 KBytes       
[  4]  39.00-40.00  sec  63.6 KBytes   521 Kbits/sec    0    144 KBytes       
[  4]  40.00-41.00  sec  63.6 KBytes   520 Kbits/sec    0    151 KBytes       
[  4]  41.00-42.00  sec  0.00 Bytes  0.00 bits/sec    4    133 KBytes       
[  4]  42.00-43.00  sec  0.00 Bytes  0.00 bits/sec    0    112 KBytes       
[  4]  43.00-44.00  sec   191 KBytes  1.56 Mbits/sec    6    106 KBytes       
[  4]  44.00-45.00  sec  0.00 Bytes  0.00 bits/sec    0    106 KBytes       
[  4]  45.00-46.00  sec   127 KBytes  1.04 Mbits/sec    0    109 KBytes       
[  4]  46.00-47.00  sec  63.6 KBytes   522 Kbits/sec    0    113 KBytes       
[  4]  47.00-48.00  sec   127 KBytes  1.04 Mbits/sec    0    123 KBytes       
[  4]  48.00-49.00  sec  63.6 KBytes   522 Kbits/sec    0    126 KBytes       
[  4]  49.00-50.00  sec  63.6 KBytes   522 Kbits/sec    0    126 KBytes       
[  4]  50.00-51.00  sec  0.00 Bytes  0.00 bits/sec    0    127 KBytes       
[  4]  51.00-52.00  sec   127 KBytes  1.04 Mbits/sec    0    133 KBytes       
[  4]  52.00-53.01  sec  63.6 KBytes   519 Kbits/sec    0    148 KBytes       
[  4]  53.01-54.00  sec  63.6 KBytes   523 Kbits/sec    0    156 KBytes       
[  4]  54.00-55.00  sec  63.6 KBytes   522 Kbits/sec    0    195 KBytes       
[  4]  55.00-56.00  sec  63.6 KBytes   523 Kbits/sec    0    221 KBytes       
[  4]  56.00-57.00  sec   127 KBytes  1.04 Mbits/sec    0    249 KBytes       
[  4]  57.00-58.00  sec  63.6 KBytes   522 Kbits/sec    0    279 KBytes       
[  4]  58.00-59.00  sec  0.00 Bytes  0.00 bits/sec    0    287 KBytes       
[  4]  59.00-60.00  sec   255 KBytes  2.08 Mbits/sec    0    420 KBytes       
[  4]  60.00-61.00  sec  0.00 Bytes  0.00 bits/sec    0    424 KBytes       
[  4]  61.00-62.00  sec  63.6 KBytes   521 Kbits/sec    0    484 KBytes       
[  4]  62.00-63.00  sec  63.6 KBytes   521 Kbits/sec   53    373 KBytes       
[  4]  63.00-64.01  sec  0.00 Bytes  0.00 bits/sec   10    362 KBytes       
[  4]  64.01-65.01  sec  0.00 Bytes  0.00 bits/sec   95    342 KBytes       
[  4]  65.01-66.00  sec  0.00 Bytes  0.00 bits/sec   31    329 KBytes       
[  4]  66.00-67.00  sec  0.00 Bytes  0.00 bits/sec    0    329 KBytes       
[  4]  67.00-68.02  sec  0.00 Bytes  0.00 bits/sec    0    329 KBytes       
[  4]  68.02-69.00  sec  0.00 Bytes  0.00 bits/sec    0    329 KBytes       
[  4]  69.00-70.00  sec  63.6 KBytes   521 Kbits/sec    1   1.41 KBytes       
[  4]  70.00-71.00  sec  0.00 Bytes  0.00 bits/sec    0   1.41 KBytes       
[  4]  71.00-72.00  sec  0.00 Bytes  0.00 bits/sec    2   2.83 KBytes       
[  4]  72.00-73.00  sec  0.00 Bytes  0.00 bits/sec   15   21.2 KBytes       
[  4]  73.00-74.00  sec  0.00 Bytes  0.00 bits/sec    0   21.2 KBytes       
[  4]  74.00-75.00  sec  0.00 Bytes  0.00 bits/sec   66    283 KBytes       
[  4]  75.00-76.00  sec   255 KBytes  2.08 Mbits/sec    1    376 KBytes       
[  4]  76.00-77.00  sec  0.00 Bytes  0.00 bits/sec    0    366 KBytes       
[  4]  77.00-78.00  sec   445 KBytes  3.65 Mbits/sec    0    279 KBytes       
[  4]  78.00-79.00  sec   700 KBytes  5.74 Mbits/sec    0    348 KBytes       
[  4]  79.00-80.00  sec   636 KBytes  5.21 Mbits/sec    0    356 KBytes       
[  4]  80.00-81.00  sec   636 KBytes  5.21 Mbits/sec    0    372 KBytes       
[  4]  81.00-82.00  sec   445 KBytes  3.65 Mbits/sec    0    379 KBytes       
[  4]  82.00-83.00  sec   445 KBytes  3.65 Mbits/sec    0    382 KBytes       
[  4]  83.00-84.00  sec   318 KBytes  2.61 Mbits/sec    0    383 KBytes       
[  4]  84.00-85.00  sec   255 KBytes  2.08 Mbits/sec    0    383 KBytes       
[  4]  85.00-86.00  sec   191 KBytes  1.56 Mbits/sec   15    332 KBytes       
[  4]  86.00-87.00  sec  0.00 Bytes  0.00 bits/sec   29    270 KBytes       
[  4]  87.00-88.00  sec  0.00 Bytes  0.00 bits/sec   28    270 KBytes       
[  4]  88.00-89.00  sec  0.00 Bytes  0.00 bits/sec    0    270 KBytes       
[  4]  89.00-90.00  sec   827 KBytes  6.78 Mbits/sec    0    211 KBytes       
[  4]  90.00-91.00  sec   127 KBytes  1.04 Mbits/sec    1    191 KBytes       
[  4]  91.00-92.00  sec  63.6 KBytes   521 Kbits/sec    0    272 KBytes       
[  4]  92.00-93.00  sec  63.6 KBytes   522 Kbits/sec    0    272 KBytes       
[  4]  93.00-94.00  sec   191 KBytes  1.56 Mbits/sec    0    272 KBytes       
[  4]  94.00-95.00  sec  0.00 Bytes  0.00 bits/sec    0    272 KBytes       
[  4]  95.00-96.00  sec   191 KBytes  1.56 Mbits/sec    0    272 KBytes       
[  4]  96.00-97.00  sec  63.6 KBytes   521 Kbits/sec    0    272 KBytes       
[  4]  97.00-98.00  sec  63.6 KBytes   521 Kbits/sec    4    225 KBytes       
[  4]  98.00-99.00  sec  0.00 Bytes  0.00 bits/sec    0    199 KBytes       
[  4]  99.00-100.00 sec   255 KBytes  2.09 Mbits/sec    1    189 KBytes       
[  4] 100.00-101.00 sec  0.00 Bytes  0.00 bits/sec    0    189 KBytes       
[  4] 101.00-102.00 sec  0.00 Bytes  0.00 bits/sec    0    189 KBytes       
[  4] 102.00-103.00 sec   318 KBytes  2.61 Mbits/sec   13    264 KBytes       
[  4] 103.00-104.00 sec  0.00 Bytes  0.00 bits/sec    0    262 KBytes       
[  4] 104.00-105.00 sec  63.6 KBytes   520 Kbits/sec    8    189 KBytes       
[  4] 105.00-106.00 sec   127 KBytes  1.04 Mbits/sec    2    189 KBytes       
[  4] 106.00-107.00 sec  0.00 Bytes  0.00 bits/sec    0    218 KBytes       
[  4] 107.00-108.00 sec  0.00 Bytes  0.00 bits/sec   35    189 KBytes       
[  4] 108.00-109.00 sec  0.00 Bytes  0.00 bits/sec    2    189 KBytes       
[  4] 109.00-110.00 sec  0.00 Bytes  0.00 bits/sec    0    189 KBytes       
[  4] 110.00-111.00 sec  63.6 KBytes   521 Kbits/sec    1   1.41 KBytes       
[  4] 111.00-112.00 sec  0.00 Bytes  0.00 bits/sec    0   1.41 KBytes       
[  4] 112.00-113.00 sec   255 KBytes  2.09 Mbits/sec    0    272 KBytes       
[  4] 113.00-114.00 sec  0.00 Bytes  0.00 bits/sec    0    272 KBytes       
[  4] 114.00-115.00 sec  0.00 Bytes  0.00 bits/sec    2    239 KBytes       
[  4] 115.00-116.00 sec  0.00 Bytes  0.00 bits/sec    0    239 KBytes       
[  4] 116.00-117.00 sec  0.00 Bytes  0.00 bits/sec    6    205 KBytes       
[  4] 117.00-118.00 sec  0.00 Bytes  0.00 bits/sec    0    204 KBytes       
[  4] 118.00-119.00 sec  0.00 Bytes  0.00 bits/sec    0    189 KBytes       
[  4] 119.00-120.00 sec  0.00 Bytes  0.00 bits/sec    1   1.41 KBytes       
[  4] 120.00-121.00 sec  0.00 Bytes  0.00 bits/sec    0   1.41 KBytes       
[  4] 121.00-122.00 sec  63.6 KBytes   522 Kbits/sec   20    170 KBytes       
[  4] 122.00-123.00 sec  0.00 Bytes  0.00 bits/sec    0    189 KBytes       
[  4] 123.00-124.00 sec   127 KBytes  1.04 Mbits/sec    0    189 KBytes       
[  4] 124.00-125.00 sec  0.00 Bytes  0.00 bits/sec    2    189 KBytes       
[  4] 125.00-126.00 sec  0.00 Bytes  0.00 bits/sec    5    189 KBytes       
[  4] 126.00-127.00 sec  0.00 Bytes  0.00 bits/sec    0    189 KBytes       
[  4] 127.00-128.00 sec  0.00 Bytes  0.00 bits/sec    1   1.41 KBytes       
[  4] 128.00-129.00 sec  0.00 Bytes  0.00 bits/sec    0   1.41 KBytes       
[  4] 129.00-130.00 sec  63.6 KBytes   521 Kbits/sec   62   87.7 KBytes       
[  4] 130.00-131.00 sec  0.00 Bytes  0.00 bits/sec    0   87.7 KBytes       
[  4] 131.00-132.00 sec   127 KBytes  1.04 Mbits/sec   38    136 KBytes       
[  4] 132.00-133.00 sec  0.00 Bytes  0.00 bits/sec    0    136 KBytes       
[  4] 133.00-134.00 sec  0.00 Bytes  0.00 bits/sec    0    136 KBytes       
[  4] 134.00-135.00 sec  0.00 Bytes  0.00 bits/sec    1   1.41 KBytes       
[  4] 135.00-136.00 sec  0.00 Bytes  0.00 bits/sec    0   1.41 KBytes       
[  4] 136.00-137.00 sec  0.00 Bytes  0.00 bits/sec    0   1.41 KBytes       
[  4] 137.00-138.00 sec  0.00 Bytes  0.00 bits/sec    0   1.41 KBytes       
[  4] 138.00-139.00 sec  0.00 Bytes  0.00 bits/sec    1   1.41 KBytes       
[  4] 139.00-140.00 sec  0.00 Bytes  0.00 bits/sec    2   42.4 KBytes       
[  4] 140.00-141.00 sec  0.00 Bytes  0.00 bits/sec    9   94.7 KBytes       
[  4] 141.00-142.00 sec   509 KBytes  4.17 Mbits/sec    1   94.7 KBytes       
[  4] 142.00-143.00 sec  0.00 Bytes  0.00 bits/sec    0   94.7 KBytes       
[  4] 143.00-144.00 sec  0.00 Bytes  0.00 bits/sec    3   94.7 KBytes       
[  4] 144.00-145.00 sec  0.00 Bytes  0.00 bits/sec    1   94.7 KBytes       
[  4] 145.00-146.00 sec  0.00 Bytes  0.00 bits/sec    2   1.41 KBytes       
[  4] 146.00-147.00 sec  0.00 Bytes  0.00 bits/sec    0   1.41 KBytes       
[  4] 147.00-148.00 sec  0.00 Bytes  0.00 bits/sec   39   55.1 KBytes       
[  4] 148.00-149.00 sec   255 KBytes  2.09 Mbits/sec    1   99.0 KBytes       
[  4] 149.00-150.00 sec  0.00 Bytes  0.00 bits/sec    0   99.0 KBytes       
[  4] 150.00-151.00 sec  0.00 Bytes  0.00 bits/sec    1   1.41 KBytes       
[  4] 151.00-152.00 sec  0.00 Bytes  0.00 bits/sec    0   1.41 KBytes       
[  4] 152.00-153.00 sec  0.00 Bytes  0.00 bits/sec    4   5.66 KBytes       
[  4] 153.00-154.00 sec   255 KBytes  2.08 Mbits/sec   54   76.4 KBytes       
[  4] 154.00-155.00 sec   191 KBytes  1.56 Mbits/sec    6   76.4 KBytes       
[  4] 155.00-156.00 sec  0.00 Bytes  0.00 bits/sec    0   76.4 KBytes       
[  4] 156.00-157.00 sec  0.00 Bytes  0.00 bits/sec    0   76.4 KBytes       
[  4] 157.00-158.00 sec  0.00 Bytes  0.00 bits/sec    1   1.41 KBytes       
[  4] 158.00-159.00 sec  63.6 KBytes   521 Kbits/sec    1   76.4 KBytes       
[  4] 159.00-160.00 sec  0.00 Bytes  0.00 bits/sec    0   52.3 KBytes       
[  4] 160.00-161.00 sec  0.00 Bytes  0.00 bits/sec    3   62.2 KBytes       
[  4] 161.00-162.00 sec  0.00 Bytes  0.00 bits/sec    0   55.1 KBytes       
[  4] 162.00-163.00 sec   509 KBytes  4.17 Mbits/sec    0   76.4 KBytes       
[  4] 163.00-164.00 sec  0.00 Bytes  0.00 bits/sec    1   67.9 KBytes       
[  4] 164.00-165.00 sec  0.00 Bytes  0.00 bits/sec    0   52.3 KBytes       
[  4] 165.00-166.00 sec  0.00 Bytes  0.00 bits/sec    1   70.7 KBytes       
[  4] 166.00-167.00 sec  0.00 Bytes  0.00 bits/sec    0   66.5 KBytes       
[  4] 167.00-168.00 sec  0.00 Bytes  0.00 bits/sec    1   70.7 KBytes       
[  4] 168.00-169.00 sec  63.6 KBytes   521 Kbits/sec    1   74.9 KBytes       
[  4] 169.00-170.00 sec  0.00 Bytes  0.00 bits/sec    0   56.6 KBytes       
[  4] 170.00-171.00 sec  0.00 Bytes  0.00 bits/sec    0   52.3 KBytes       
[  4] 171.00-172.00 sec  0.00 Bytes  0.00 bits/sec    1   72.1 KBytes       
[  4] 172.00-173.00 sec  0.00 Bytes  0.00 bits/sec    0   58.0 KBytes       
[  4] 173.00-174.00 sec  0.00 Bytes  0.00 bits/sec    0   76.4 KBytes       
[  4] 174.00-175.00 sec  0.00 Bytes  0.00 bits/sec    6   60.8 KBytes       
[  4] 175.00-176.00 sec  63.6 KBytes   521 Kbits/sec    1   52.3 KBytes       
[  4] 176.00-177.00 sec  63.6 KBytes   522 Kbits/sec    0   76.4 KBytes       
[  4] 177.00-178.00 sec  0.00 Bytes  0.00 bits/sec    4   56.6 KBytes       
[  4] 178.00-179.00 sec  63.6 KBytes   521 Kbits/sec    1   73.5 KBytes       
[  4] 179.00-180.00 sec   127 KBytes  1.04 Mbits/sec    1   73.5 KBytes       
[  4] 180.00-181.00 sec  0.00 Bytes  0.00 bits/sec    0   62.2 KBytes       
[  4] 181.00-182.00 sec   127 KBytes  1.04 Mbits/sec    1   69.3 KBytes       
[  4] 182.00-183.00 sec  63.6 KBytes   521 Kbits/sec    1   74.9 KBytes       
[  4] 183.00-184.00 sec  0.00 Bytes  0.00 bits/sec    0   62.2 KBytes       
[  4] 184.00-185.00 sec  0.00 Bytes  0.00 bits/sec    1   73.5 KBytes       
[  4] 185.00-186.00 sec  0.00 Bytes  0.00 bits/sec    0   60.8 KBytes       
[  4] 186.00-187.00 sec  0.00 Bytes  0.00 bits/sec    1   76.4 KBytes       
[  4] 187.00-188.00 sec  0.00 Bytes  0.00 bits/sec    0   63.6 KBytes       
[  4] 188.00-189.00 sec   127 KBytes  1.04 Mbits/sec    1   72.1 KBytes       
[  4] 189.00-190.00 sec  0.00 Bytes  0.00 bits/sec    0   62.2 KBytes       
[  4] 190.00-191.00 sec   827 KBytes  6.78 Mbits/sec   35   38.2 KBytes       
[  4] 191.00-192.00 sec   954 KBytes  7.82 Mbits/sec    0   50.9 KBytes       
[  4] 192.00-193.00 sec   700 KBytes  5.72 Mbits/sec    0   60.8 KBytes       
[  4] 193.00-194.00 sec   891 KBytes  7.30 Mbits/sec    0   70.7 KBytes       
[  4] 194.00-195.00 sec   700 KBytes  5.73 Mbits/sec    0   77.8 KBytes       
[  4] 195.00-196.00 sec   827 KBytes  6.77 Mbits/sec    0   86.3 KBytes       
[  4] 196.00-197.00 sec   764 KBytes  6.26 Mbits/sec    0   91.9 KBytes       
[  4] 197.00-198.00 sec   318 KBytes  2.61 Mbits/sec    0   97.6 KBytes       
[  4] 198.00-199.00 sec   255 KBytes  2.09 Mbits/sec    0    126 KBytes       
[  4] 199.00-200.00 sec   191 KBytes  1.56 Mbits/sec    0    174 KBytes       
[  4] 200.00-201.00 sec   255 KBytes  2.09 Mbits/sec    0    245 KBytes       
[  4] 201.00-202.00 sec   318 KBytes  2.61 Mbits/sec    0    338 KBytes       
[  4] 202.00-203.00 sec   700 KBytes  5.73 Mbits/sec    0    460 KBytes       
[  4] 203.00-204.00 sec  1.55 MBytes  13.0 Mbits/sec    0    615 KBytes       
[  4] 204.00-205.00 sec  1.93 MBytes  16.2 Mbits/sec    0    802 KBytes       
[  4] 205.00-206.00 sec  1.99 MBytes  16.7 Mbits/sec    0    997 KBytes       
[  4] 206.00-207.00 sec  1.25 MBytes  10.5 Mbits/sec    0   1.21 MBytes       
[  4] 207.00-208.00 sec  2.50 MBytes  21.0 Mbits/sec    0   1.45 MBytes       
[  4] 208.00-209.00 sec  2.50 MBytes  21.0 Mbits/sec    0   1.74 MBytes       
[  4] 209.00-210.00 sec  1.25 MBytes  10.5 Mbits/sec    0   2.02 MBytes       
[  4] 210.00-211.00 sec  2.50 MBytes  21.0 Mbits/sec    0   2.38 MBytes       
[  4] 211.00-212.00 sec  2.50 MBytes  20.9 Mbits/sec    0   2.74 MBytes       
[  4] 212.00-213.00 sec  1.25 MBytes  10.5 Mbits/sec    0   3.14 MBytes       
[  4] 213.00-214.00 sec  1.25 MBytes  10.5 Mbits/sec    0   3.68 MBytes       
[  4] 214.00-215.00 sec  1.25 MBytes  10.5 Mbits/sec    0   4.10 MBytes       
[  4] 215.00-216.00 sec  1.25 MBytes  10.5 Mbits/sec    0   4.62 MBytes       
[  4] 216.00-217.00 sec  1.25 MBytes  10.5 Mbits/sec    0   5.16 MBytes       
[  4] 217.00-217.00 sec  0.00 Bytes  0.00 bits/sec    0   5.16 MBytes       
- - - - - - - - - - - - - - - - - - - - - - - - -
[ ID] Interval           Transfer     Bandwidth       Retr
[  4]   0.00-217.00 sec  50.6 MBytes  1.95 Mbits/sec  1006             sender
[  4]   0.00-217.00 sec  40.2 MBytes  1.55 Mbits/sec                  receiver

iperf Done.
