-----------------------------------------------------------
Server listening on 5206
-----------------------------------------------------------
Accepted connection from 10.0.0.1, port 41664
[  5] local 10.0.0.2 port 5206 connected to 10.0.0.1 port 46120
[ ID] Interval           Transfer     Bandwidth
[  5]   0.00-1.02   sec  14.1 KBytes   113 Kbits/sec                  
[  5]   1.02-2.00   sec  70.7 KBytes   594 Kbits/sec                  
[  5]   2.00-3.00   sec  45.2 KBytes   370 Kbits/sec                  
[  5]   3.00-4.00   sec  55.1 KBytes   453 Kbits/sec                  
[  5]   4.00-5.00   sec  41.0 KBytes   335 Kbits/sec                  
[  5]   5.00-6.00   sec  56.6 KBytes   464 Kbits/sec                  
[  5]   6.00-7.00   sec  82.0 KBytes   672 Kbits/sec                  
[  5]   7.00-8.00   sec  0.00 Bytes  0.00 bits/sec                  
[  5]   8.00-9.00   sec  5.66 KBytes  46.3 Kbits/sec                  
[  5]   9.00-10.00  sec  0.00 Bytes  0.00 bits/sec                  
[  5]  10.00-11.00  sec   115 KBytes   939 Kbits/sec                  
[  5]  11.00-12.00  sec  0.00 Bytes  0.00 bits/sec                  
[  5]  12.00-13.00  sec   123 KBytes  1.01 Mbits/sec                  
[  5]  13.00-14.00  sec   223 KBytes  1.83 Mbits/sec                  
[  5]  14.00-15.00  sec  36.8 KBytes   301 Kbits/sec                  
[  5]  15.00-16.00  sec  65.0 KBytes   533 Kbits/sec                  
[  5]  16.00-17.00  sec  0.00 Bytes  0.00 bits/sec                  
[  5]  17.00-18.00  sec  83.4 KBytes   684 Kbits/sec                  
[  5]  18.00-19.00  sec  79.2 KBytes   649 Kbits/sec                  
[  5]  19.00-20.00  sec   233 KBytes  1.91 Mbits/sec                  
[  5]  20.00-21.00  sec   609 KBytes  4.99 Mbits/sec                  
[  5]  21.00-22.00  sec   612 KBytes  5.02 Mbits/sec                  
[  5]  22.00-23.00  sec   648 KBytes  5.29 Mbits/sec                  
[  5]  23.00-24.00  sec   570 KBytes  4.68 Mbits/sec                  
[  5]  24.00-25.00  sec   556 KBytes  4.55 Mbits/sec                  
[  5]  25.00-26.00  sec   561 KBytes  4.60 Mbits/sec                  
[  5]  26.00-27.00  sec   725 KBytes  5.95 Mbits/sec                  
[  5]  27.00-28.00  sec   727 KBytes  5.95 Mbits/sec                  
[  5]  28.00-29.00  sec   597 KBytes  4.89 Mbits/sec                  
[  5]  29.00-30.00  sec   788 KBytes  6.45 Mbits/sec                  
[  5]  30.00-31.00  sec   865 KBytes  7.09 Mbits/sec                  
[  5]  31.00-32.00  sec   805 KBytes  6.59 Mbits/sec                  
[  5]  32.00-33.00  sec  1005 KBytes  8.24 Mbits/sec                  
[  5]  33.00-34.00  sec  1.09 MBytes  9.14 Mbits/sec                  
[  5]  34.00-35.00  sec  1.05 MBytes  8.76 Mbits/sec                  
[  5]  35.00-36.00  sec  1.12 MBytes  9.38 Mbits/sec                  
[  5]  36.00-37.00  sec  1.11 MBytes  9.35 Mbits/sec                  
[  5]  37.00-38.00  sec  1.11 MBytes  9.30 Mbits/sec                  
[  5]  38.00-39.00  sec  1.09 MBytes  9.17 Mbits/sec                  
[  5]  39.00-40.00  sec  1.13 MBytes  9.51 Mbits/sec                  
[  5]  40.00-41.00  sec  1.12 MBytes  9.38 Mbits/sec                  
[  5]  41.00-42.00  sec  1.11 MBytes  9.30 Mbits/sec                  
[  5]  42.00-43.00  sec  1.08 MBytes  9.02 Mbits/sec                  
[  5]  43.00-44.00  sec  1.14 MBytes  9.58 Mbits/sec                  
[  5]  44.00-45.00  sec  1.09 MBytes  9.12 Mbits/sec                  
[  5]  45.00-46.00  sec   740 KBytes  6.07 Mbits/sec                  
[  5]  46.00-47.00  sec  1.12 MBytes  9.41 Mbits/sec                  
[  5]  47.00-48.00  sec   909 KBytes  7.45 Mbits/sec                  
[  5]  48.00-49.01  sec  0.00 Bytes  0.00 bits/sec                  
[  5]  49.01-50.00  sec  0.00 Bytes  0.00 bits/sec                  
[  5]  50.00-51.00  sec  0.00 Bytes  0.00 bits/sec                  
[  5]  51.00-52.00  sec   359 KBytes  2.94 Mbits/sec                  
[  5]  52.00-53.00  sec  0.00 Bytes  0.00 bits/sec                  
[  5]  53.00-54.00  sec  0.00 Bytes  0.00 bits/sec                  
[  5]  54.00-55.00  sec  1.11 MBytes  9.31 Mbits/sec                  
[  5]  55.00-56.00  sec  6.57 MBytes  55.1 Mbits/sec                  
[  5]  56.00-57.00  sec   836 KBytes  6.85 Mbits/sec                  
[  5]  57.00-58.00  sec  1.12 MBytes  9.35 Mbits/sec                  
[  5]  58.00-59.00  sec  1.10 MBytes  9.30 Mbits/sec                  
[  5]  59.00-60.00  sec  1.03 MBytes  8.64 Mbits/sec                  
[  5]  60.00-61.00  sec  1.14 MBytes  9.56 Mbits/sec                  
[  5]  61.00-61.85  sec   686 KBytes  6.60 Mbits/sec                  
- - - - - - - - - - - - - - - - - - - - - - - - -
[ ID] Interval           Transfer     Bandwidth
[  5]   0.00-61.85  sec  0.00 Bytes  0.00 bits/sec                  sender
[  5]   0.00-61.85  sec  40.0 MBytes  5.43 Mbits/sec                  receiver
