-----------------------------------------------------------
Server listening on 5203
-----------------------------------------------------------
Accepted connection from 10.0.0.1, port 50499
[  5] local 10.0.0.2 port 5203 connected to 10.0.0.1 port 46114
[ ID] Interval           Transfer     Bandwidth
[  5]   0.00-1.00   sec  97.6 KBytes   798 Kbits/sec                  
[  5]   1.00-2.00   sec   127 KBytes  1.04 Mbits/sec                  
[  5]   2.00-3.00   sec  53.7 KBytes   441 Kbits/sec                  
[  5]   3.00-4.00   sec  83.4 KBytes   684 Kbits/sec                  
[  5]   4.00-5.00   sec  63.6 KBytes   521 Kbits/sec                  
[  5]   5.00-6.00   sec  29.7 KBytes   243 Kbits/sec                  
[  5]   6.00-7.00   sec  58.0 KBytes   475 Kbits/sec                  
[  5]   7.00-8.00   sec  32.5 KBytes   267 Kbits/sec                  
[  5]   8.00-9.00   sec  89.1 KBytes   730 Kbits/sec                  
[  5]   9.00-10.00  sec   116 KBytes   949 Kbits/sec                  
[  5]  10.00-11.00  sec  0.00 Bytes  0.00 bits/sec                  
[  5]  11.00-12.00  sec  0.00 Bytes  0.00 bits/sec                  
[  5]  12.00-13.00  sec  0.00 Bytes  0.00 bits/sec                  
[  5]  13.00-14.00  sec  91.9 KBytes   753 Kbits/sec                  
[  5]  14.00-15.00  sec  46.7 KBytes   382 Kbits/sec                  
[  5]  15.00-16.00  sec  29.7 KBytes   243 Kbits/sec                  
[  5]  16.00-17.00  sec  58.0 KBytes   475 Kbits/sec                  
[  5]  17.00-18.00  sec  58.0 KBytes   475 Kbits/sec                  
[  5]  18.00-19.00  sec  56.6 KBytes   464 Kbits/sec                  
[  5]  19.00-20.00  sec  62.2 KBytes   510 Kbits/sec                  
[  5]  20.00-21.00  sec  60.8 KBytes   498 Kbits/sec                  
[  5]  21.00-22.00  sec  89.1 KBytes   730 Kbits/sec                  
[  5]  22.00-23.00  sec   267 KBytes  2.19 Mbits/sec                  
[  5]  23.00-24.00  sec   378 KBytes  3.09 Mbits/sec                  
[  5]  24.00-25.00  sec   426 KBytes  3.49 Mbits/sec                  
[  5]  25.00-26.00  sec   420 KBytes  3.44 Mbits/sec                  
[  5]  26.00-27.00  sec   404 KBytes  3.31 Mbits/sec                  
[  5]  27.00-28.00  sec   452 KBytes  3.71 Mbits/sec                  
[  5]  28.00-29.00  sec   375 KBytes  3.07 Mbits/sec                  
[  5]  29.00-30.00  sec   420 KBytes  3.44 Mbits/sec                  
[  5]  30.00-31.00  sec  36.8 KBytes   301 Kbits/sec                  
[  5]  31.00-32.00  sec   499 KBytes  4.09 Mbits/sec                  
[  5]  32.00-33.00  sec   765 KBytes  6.27 Mbits/sec                  
[  5]  33.00-34.00  sec   373 KBytes  3.06 Mbits/sec                  
[  5]  34.00-35.00  sec   348 KBytes  2.85 Mbits/sec                  
[  5]  35.00-35.21  sec  2.83 KBytes   112 Kbits/sec                  
- - - - - - - - - - - - - - - - - - - - - - - - -
[ ID] Interval           Transfer     Bandwidth
[  5]   0.00-35.21  sec  0.00 Bytes  0.00 bits/sec                  sender
[  5]   0.00-35.21  sec  6.32 MBytes  1.51 Mbits/sec                  receiver
