-----------------------------------------------------------
Server listening on 5204
-----------------------------------------------------------
Accepted connection from 10.0.0.1, port 44624
[  5] local 10.0.0.2 port 5204 connected to 10.0.0.1 port 46116
[ ID] Interval           Transfer     Bandwidth
[  5]   0.00-1.00   sec  84.8 KBytes   695 Kbits/sec                  
[  5]   1.00-2.00   sec   194 KBytes  1.59 Mbits/sec                  
[  5]   2.00-3.00   sec   168 KBytes  1.38 Mbits/sec                  
[  5]   3.00-4.00   sec   185 KBytes  1.52 Mbits/sec                  
[  5]   4.00-5.00   sec   156 KBytes  1.27 Mbits/sec                  
[  5]   5.00-6.00   sec   182 KBytes  1.49 Mbits/sec                  
[  5]   6.00-7.00   sec   214 KBytes  1.75 Mbits/sec                  
[  5]   7.00-8.00   sec   192 KBytes  1.58 Mbits/sec                  
[  5]   8.00-9.00   sec   173 KBytes  1.41 Mbits/sec                  
[  5]   9.00-10.00  sec  91.9 KBytes   753 Kbits/sec                  
[  5]  10.00-11.00  sec  55.1 KBytes   451 Kbits/sec                  
[  5]  11.00-12.00  sec   222 KBytes  1.82 Mbits/sec                  
[  5]  12.00-13.00  sec  0.00 Bytes  0.00 bits/sec                  
[  5]  13.00-14.00  sec  0.00 Bytes  0.00 bits/sec                  
[  5]  14.00-15.00  sec  2.83 KBytes  23.2 Kbits/sec                  
[  5]  15.00-16.00  sec  66.5 KBytes   545 Kbits/sec                  
[  5]  16.00-17.00  sec   683 KBytes  5.60 Mbits/sec                  
[  5]  17.00-18.00  sec   277 KBytes  2.27 Mbits/sec                  
[  5]  18.00-19.00  sec   197 KBytes  1.61 Mbits/sec                  
[  5]  19.00-20.00  sec   252 KBytes  2.06 Mbits/sec                  
[  5]  20.00-21.00  sec   270 KBytes  2.21 Mbits/sec                  
[  5]  21.00-22.00  sec  1.41 KBytes  11.6 Kbits/sec                  
[  5]  22.00-23.00  sec   450 KBytes  3.69 Mbits/sec                  
[  5]  23.00-24.00  sec   126 KBytes  1.03 Mbits/sec                  
[  5]  24.00-25.00  sec  77.8 KBytes   638 Kbits/sec                  
[  5]  25.00-26.00  sec  65.0 KBytes   532 Kbits/sec                  
[  5]  26.00-27.00  sec  0.00 Bytes  0.00 bits/sec                  
[  5]  27.00-28.00  sec   465 KBytes  3.81 Mbits/sec                  
[  5]  28.00-29.00  sec   158 KBytes  1.30 Mbits/sec                  
[  5]  29.00-30.00  sec   170 KBytes  1.39 Mbits/sec                  
[  5]  30.00-31.00  sec  67.9 KBytes   555 Kbits/sec                  
[  5]  31.00-32.00  sec   301 KBytes  2.47 Mbits/sec                  
[  5]  32.00-33.00  sec   467 KBytes  3.82 Mbits/sec                  
[  5]  33.00-34.00  sec   465 KBytes  3.81 Mbits/sec                  
[  5]  34.00-35.00  sec   689 KBytes  5.64 Mbits/sec                  
[  5]  35.00-36.01  sec  1.14 MBytes  9.48 Mbits/sec                  
[  5]  36.01-36.06  sec  33.9 KBytes  6.11 Mbits/sec                  
- - - - - - - - - - - - - - - - - - - - - - - - -
[ ID] Interval           Transfer     Bandwidth
[  5]   0.00-36.06  sec  0.00 Bytes  0.00 bits/sec                  sender
[  5]   0.00-36.06  sec  8.18 MBytes  1.90 Mbits/sec                  receiver
