-----------------------------------------------------------
Server listening on 5208
-----------------------------------------------------------
Accepted connection from 10.0.0.1, port 60996
[  5] local 10.0.0.2 port 5208 connected to 10.0.0.1 port 46124
[ ID] Interval           Transfer     Bandwidth
[  5]   0.00-1.00   sec  14.1 KBytes   116 Kbits/sec                  
[  5]   1.00-2.00   sec  52.3 KBytes   429 Kbits/sec                  
[  5]   2.00-3.00   sec  63.6 KBytes   521 Kbits/sec                  
[  5]   3.00-4.00   sec  46.7 KBytes   382 Kbits/sec                  
[  5]   4.00-5.00   sec  49.5 KBytes   406 Kbits/sec                  
[  5]   5.00-6.00   sec  56.6 KBytes   463 Kbits/sec                  
[  5]   6.00-7.00   sec  1.41 KBytes  11.6 Kbits/sec                  
[  5]   7.00-8.00   sec  0.00 Bytes  0.00 bits/sec                  
[  5]   8.00-9.00   sec  0.00 Bytes  0.00 bits/sec                  
[  5]   9.00-10.00  sec  74.9 KBytes   615 Kbits/sec                  
[  5]  10.00-11.00  sec  35.4 KBytes   290 Kbits/sec                  
[  5]  11.00-12.00  sec  0.00 Bytes  0.00 bits/sec                  
[  5]  12.00-13.00  sec  0.00 Bytes  0.00 bits/sec                  
[  5]  13.00-14.00  sec  0.00 Bytes  0.00 bits/sec                  
[  5]  14.00-15.00  sec  87.7 KBytes   717 Kbits/sec                  
[  5]  15.00-16.01  sec  39.6 KBytes   323 Kbits/sec                  
[  5]  16.01-17.00  sec  0.00 Bytes  0.00 bits/sec                  
[  5]  17.00-18.00  sec  43.8 KBytes   359 Kbits/sec                  
[  5]  18.00-19.00  sec  0.00 Bytes  0.00 bits/sec                  
[  5]  19.00-20.00  sec  45.2 KBytes   371 Kbits/sec                  
[  5]  20.00-21.00  sec  0.00 Bytes  0.00 bits/sec                  
[  5]  21.00-22.00  sec  5.66 KBytes  46.4 Kbits/sec                  
[  5]  22.00-23.00  sec  0.00 Bytes  0.00 bits/sec                  
[  5]  23.00-24.00  sec  0.00 Bytes  0.00 bits/sec                  
[  5]  24.00-25.00  sec  55.1 KBytes   452 Kbits/sec                  
[  5]  25.00-26.00  sec  0.00 Bytes  0.00 bits/sec                  
[  5]  26.00-27.00  sec  1.41 KBytes  11.6 Kbits/sec                  
[  5]  27.00-28.00  sec  0.00 Bytes  0.00 bits/sec                  
[  5]  28.00-29.00  sec  73.5 KBytes   603 Kbits/sec                  
[  5]  29.00-30.00  sec  25.5 KBytes   208 Kbits/sec                  
[  5]  30.00-31.00  sec   110 KBytes   904 Kbits/sec                  
[  5]  31.00-32.00  sec  70.7 KBytes   580 Kbits/sec                  
[  5]  32.00-33.00  sec  70.7 KBytes   579 Kbits/sec                  
[  5]  33.00-34.00  sec  35.4 KBytes   290 Kbits/sec                  
[  5]  34.00-35.00  sec  36.8 KBytes   301 Kbits/sec                  
[  5]  35.00-36.01  sec  41.0 KBytes   333 Kbits/sec                  
[  5]  36.01-37.00  sec  49.5 KBytes   409 Kbits/sec                  
[  5]  37.00-38.00  sec  70.7 KBytes   579 Kbits/sec                  
[  5]  38.00-39.00  sec   106 KBytes   869 Kbits/sec                  
[  5]  39.00-40.00  sec   153 KBytes  1.25 Mbits/sec                  
[  5]  40.00-41.00  sec   216 KBytes  1.77 Mbits/sec                  
[  5]  41.00-42.00  sec  5.66 KBytes  46.3 Kbits/sec                  
[  5]  42.00-43.00  sec   211 KBytes  1.73 Mbits/sec                  
[  5]  43.00-44.00  sec   238 KBytes  1.94 Mbits/sec                  
[  5]  44.00-45.00  sec   225 KBytes  1.84 Mbits/sec                  
[  5]  45.00-46.00  sec   165 KBytes  1.36 Mbits/sec                  
[  5]  46.00-47.00  sec  0.00 Bytes  0.00 bits/sec                  
[  5]  47.00-48.00  sec   252 KBytes  2.06 Mbits/sec                  
[  5]  48.00-49.00  sec   300 KBytes  2.45 Mbits/sec                  
[  5]  49.00-50.00  sec   143 KBytes  1.17 Mbits/sec                  
[  5]  50.00-51.00  sec   214 KBytes  1.75 Mbits/sec                  
[  5]  51.00-52.00  sec   226 KBytes  1.85 Mbits/sec                  
[  5]  52.00-53.00  sec   194 KBytes  1.59 Mbits/sec                  
[  5]  53.00-54.00  sec   168 KBytes  1.38 Mbits/sec                  
[  5]  54.00-55.00  sec   109 KBytes   890 Kbits/sec                  
[  5]  55.00-56.00  sec   235 KBytes  1.93 Mbits/sec                  
[  5]  56.00-57.00  sec   223 KBytes  1.83 Mbits/sec                  
[  5]  57.00-58.00  sec   256 KBytes  2.10 Mbits/sec                  
[  5]  58.00-59.00  sec   262 KBytes  2.14 Mbits/sec                  
[  5]  59.00-60.00  sec   143 KBytes  1.17 Mbits/sec                  
[  5]  60.00-61.01  sec   113 KBytes   919 Kbits/sec                  
[  5]  61.01-62.00  sec   529 KBytes  4.37 Mbits/sec                  
[  5]  62.00-63.00  sec   344 KBytes  2.81 Mbits/sec                  
[  5]  63.00-64.00  sec   543 KBytes  4.45 Mbits/sec                  
[  5]  64.00-65.00  sec   539 KBytes  4.41 Mbits/sec                  
[  5]  65.00-66.00  sec   701 KBytes  5.75 Mbits/sec                  
[  5]  66.00-66.73  sec   455 KBytes  5.10 Mbits/sec                  
- - - - - - - - - - - - - - - - - - - - - - - - -
[ ID] Interval           Transfer     Bandwidth
[  5]   0.00-66.73  sec  0.00 Bytes  0.00 bits/sec                  sender
[  5]   0.00-66.73  sec  8.32 MBytes  1.05 Mbits/sec                  receiver
