-----------------------------------------------------------
Server listening on 5202
-----------------------------------------------------------
Accepted connection from 10.0.0.1, port 46851
[  5] local 10.0.0.2 port 5202 connected to 10.0.0.1 port 46112
[ ID] Interval           Transfer     Bandwidth
[  5]   0.00-1.00   sec   358 KBytes  2.93 Mbits/sec                  
[  5]   1.00-2.00   sec   342 KBytes  2.80 Mbits/sec                  
[  5]   2.00-3.00   sec   324 KBytes  2.65 Mbits/sec                  
[  5]   3.00-4.00   sec   313 KBytes  2.56 Mbits/sec                  
[  5]   4.00-5.00   sec   358 KBytes  2.93 Mbits/sec                  
[  5]   5.00-6.00   sec   334 KBytes  2.73 Mbits/sec                  
[  5]   6.00-7.00   sec   407 KBytes  3.34 Mbits/sec                  
[  5]   7.00-8.00   sec   387 KBytes  3.17 Mbits/sec                  
[  5]   8.00-9.00   sec   387 KBytes  3.17 Mbits/sec                  
[  5]   9.00-10.00  sec   358 KBytes  2.93 Mbits/sec                  
[  5]  10.00-11.00  sec   409 KBytes  3.35 Mbits/sec                  
[  5]  11.00-12.00  sec   134 KBytes  1.10 Mbits/sec                  
[  5]  12.00-13.00  sec   351 KBytes  2.87 Mbits/sec                  
[  5]  13.00-14.00  sec   730 KBytes  5.98 Mbits/sec                  
[  5]  14.00-15.00  sec   305 KBytes  2.50 Mbits/sec                  
[  5]  15.00-16.00  sec   322 KBytes  2.64 Mbits/sec                  
[  5]  16.00-17.00  sec  0.00 Bytes  0.00 bits/sec                  
[  5]  17.00-18.00  sec   802 KBytes  6.57 Mbits/sec                  
[  5]  18.00-19.00  sec   362 KBytes  2.97 Mbits/sec                  
[  5]  19.00-19.96  sec   379 KBytes  3.23 Mbits/sec                  
- - - - - - - - - - - - - - - - - - - - - - - - -
[ ID] Interval           Transfer     Bandwidth
[  5]   0.00-19.96  sec  0.00 Bytes  0.00 bits/sec                  sender
[  5]   0.00-19.96  sec  7.19 MBytes  3.02 Mbits/sec                  receiver
