-----------------------------------------------------------
Server listening on 5207
-----------------------------------------------------------
Accepted connection from 10.0.0.1, port 53548
[  5] local 10.0.0.2 port 5207 connected to 10.0.0.1 port 46122
[ ID] Interval           Transfer     Bandwidth
[  5]   0.00-1.00   sec  0.00 Bytes  0.00 bits/sec                  
[  5]   1.00-2.00   sec  0.00 Bytes  0.00 bits/sec                  
[  5]   2.00-3.00   sec  14.1 KBytes   116 Kbits/sec                  
[  5]   3.00-4.00   sec  4.24 KBytes  34.8 Kbits/sec                  
[  5]   4.00-5.00   sec  0.00 Bytes  0.00 bits/sec                  
[  5]   5.00-6.00   sec  8.48 KBytes  69.5 Kbits/sec                  
[  5]   6.00-7.00   sec  12.7 KBytes   104 Kbits/sec                  
[  5]   7.00-8.00   sec  0.00 Bytes  0.00 bits/sec                  
[  5]   8.00-9.00   sec  46.7 KBytes   382 Kbits/sec                  
[  5]   9.00-10.00  sec  52.3 KBytes   429 Kbits/sec                  
[  5]  10.00-11.00  sec  35.4 KBytes   290 Kbits/sec                  
[  5]  11.00-12.00  sec  19.8 KBytes   162 Kbits/sec                  
[  5]  12.00-13.00  sec  19.8 KBytes   162 Kbits/sec                  
[  5]  13.00-14.00  sec  25.5 KBytes   209 Kbits/sec                  
[  5]  14.00-15.00  sec  38.2 KBytes   313 Kbits/sec                  
[  5]  15.00-16.00  sec  60.8 KBytes   498 Kbits/sec                  
[  5]  16.00-17.00  sec  87.7 KBytes   718 Kbits/sec                  
[  5]  17.00-18.00  sec   115 KBytes   939 Kbits/sec                  
[  5]  18.00-19.00  sec  17.0 KBytes   139 Kbits/sec                  
[  5]  19.00-20.00  sec  17.0 KBytes   139 Kbits/sec                  
[  5]  20.00-21.00  sec   148 KBytes  1.22 Mbits/sec                  
[  5]  21.00-22.00  sec  33.9 KBytes   278 Kbits/sec                  
[  5]  22.00-23.00  sec  87.7 KBytes   719 Kbits/sec                  
[  5]  23.00-24.00  sec  0.00 Bytes  0.00 bits/sec                  
[  5]  24.00-25.00  sec  0.00 Bytes  0.00 bits/sec                  
[  5]  25.00-26.00  sec   137 KBytes  1.12 Mbits/sec                  
[  5]  26.00-27.00  sec  2.83 KBytes  23.1 Kbits/sec                  
[  5]  27.00-28.00  sec  90.5 KBytes   742 Kbits/sec                  
[  5]  28.00-29.00  sec   256 KBytes  2.09 Mbits/sec                  
[  5]  29.00-30.00  sec  42.4 KBytes   348 Kbits/sec                  
[  5]  30.00-31.00  sec  0.00 Bytes  0.00 bits/sec                  
[  5]  31.00-32.00  sec  4.24 KBytes  34.8 Kbits/sec                  
[  5]  32.00-33.00  sec  0.00 Bytes  0.00 bits/sec                  
[  5]  33.00-34.00  sec  0.00 Bytes  0.00 bits/sec                  
[  5]  34.00-35.00  sec  53.7 KBytes   441 Kbits/sec                  
[  5]  35.00-36.00  sec  0.00 Bytes  0.00 bits/sec                  
[  5]  36.00-37.00  sec  33.9 KBytes   278 Kbits/sec                  
[  5]  37.00-38.00  sec   143 KBytes  1.17 Mbits/sec                  
[  5]  38.00-39.00  sec  87.7 KBytes   719 Kbits/sec                  
[  5]  39.00-40.00  sec  67.9 KBytes   556 Kbits/sec                  
[  5]  40.00-41.00  sec   122 KBytes   997 Kbits/sec                  
[  5]  41.00-42.00  sec  82.0 KBytes   672 Kbits/sec                  
[  5]  42.00-43.00  sec  46.7 KBytes   382 Kbits/sec                  
[  5]  43.00-44.00  sec   100 KBytes   823 Kbits/sec                  
[  5]  44.00-45.00  sec  67.9 KBytes   556 Kbits/sec                  
[  5]  45.00-46.00  sec  87.7 KBytes   718 Kbits/sec                  
[  5]  46.00-47.00  sec   119 KBytes   973 Kbits/sec                  
[  5]  47.00-48.00  sec   148 KBytes  1.22 Mbits/sec                  
[  5]  48.00-49.00  sec  0.00 Bytes  0.00 bits/sec                  
[  5]  49.00-50.01  sec  24.0 KBytes   196 Kbits/sec                  
[  5]  50.01-51.00  sec   355 KBytes  2.93 Mbits/sec                  
[  5]  51.00-52.00  sec  99.0 KBytes   811 Kbits/sec                  
[  5]  52.00-53.00  sec   109 KBytes   892 Kbits/sec                  
[  5]  53.00-54.00  sec   191 KBytes  1.56 Mbits/sec                  
[  5]  54.00-55.00  sec   147 KBytes  1.20 Mbits/sec                  
[  5]  55.00-56.00  sec  0.00 Bytes  0.00 bits/sec                  
[  5]  56.00-57.00  sec   246 KBytes  2.02 Mbits/sec                  
[  5]  57.00-58.00  sec   267 KBytes  2.19 Mbits/sec                  
[  5]  58.00-59.00  sec   137 KBytes  1.12 Mbits/sec                  
[  5]  59.00-60.00  sec   132 KBytes  1.07 Mbits/sec                  
[  5]  60.00-61.00  sec   126 KBytes  1.03 Mbits/sec                  
[  5]  61.00-62.00  sec  33.9 KBytes   278 Kbits/sec                  
[  5]  62.00-63.00  sec  0.00 Bytes  0.00 bits/sec                  
[  5]  63.00-64.00  sec  1.41 KBytes  11.6 Kbits/sec                  
[  5]  64.00-65.00  sec   216 KBytes  1.77 Mbits/sec                  
[  5]  65.00-66.00  sec  93.3 KBytes   765 Kbits/sec                  
[  5]  66.00-67.00  sec  33.9 KBytes   278 Kbits/sec                  
[  5]  67.00-68.00  sec  18.4 KBytes   151 Kbits/sec                  
[  5]  68.00-69.00  sec  53.7 KBytes   440 Kbits/sec                  
[  5]  69.00-70.00  sec  41.0 KBytes   336 Kbits/sec                  
[  5]  70.00-71.00  sec  50.9 KBytes   417 Kbits/sec                  
[  5]  71.00-72.00  sec  14.1 KBytes   116 Kbits/sec                  
[  5]  72.00-73.00  sec  0.00 Bytes  0.00 bits/sec                  
[  5]  73.00-74.00  sec  49.5 KBytes   406 Kbits/sec                  
[  5]  74.00-75.00  sec  17.0 KBytes   139 Kbits/sec                  
[  5]  75.00-76.00  sec  12.7 KBytes   104 Kbits/sec                  
[  5]  76.00-77.00  sec  24.0 KBytes   197 Kbits/sec                  
[  5]  77.00-78.00  sec  4.24 KBytes  34.8 Kbits/sec                  
[  5]  78.00-79.00  sec  28.3 KBytes   232 Kbits/sec                  
[  5]  79.00-80.00  sec  14.1 KBytes   116 Kbits/sec                  
[  5]  80.00-81.00  sec  28.3 KBytes   232 Kbits/sec                  
[  5]  81.00-82.00  sec  50.9 KBytes   417 Kbits/sec                  
[  5]  82.00-83.00  sec  14.1 KBytes   116 Kbits/sec                  
[  5]  83.00-84.00  sec  0.00 Bytes  0.00 bits/sec                  
[  5]  84.00-85.00  sec  0.00 Bytes  0.00 bits/sec                  
[  5]  85.00-86.00  sec   160 KBytes  1.31 Mbits/sec                  
[  5]  86.00-87.00  sec  9.90 KBytes  81.1 Kbits/sec                  
[  5]  87.00-88.00  sec  12.7 KBytes   104 Kbits/sec                  
[  5]  88.00-89.00  sec  35.4 KBytes   290 Kbits/sec                  
[  5]  89.00-90.00  sec  46.7 KBytes   382 Kbits/sec                  
[  5]  90.00-91.00  sec  83.4 KBytes   683 Kbits/sec                  
[  5]  91.00-92.00  sec  38.2 KBytes   313 Kbits/sec                  
[  5]  92.00-93.00  sec  33.9 KBytes   278 Kbits/sec                  
[  5]  93.00-94.00  sec  31.1 KBytes   255 Kbits/sec                  
[  5]  94.00-95.00  sec  38.2 KBytes   312 Kbits/sec                  
[  5]  95.00-96.00  sec  43.8 KBytes   360 Kbits/sec                  
[  5]  96.00-97.00  sec  43.8 KBytes   359 Kbits/sec                  
[  5]  97.00-98.00  sec  66.5 KBytes   545 Kbits/sec                  
[  5]  98.00-99.00  sec  83.4 KBytes   683 Kbits/sec                  
[  5]  99.00-100.00 sec  42.4 KBytes   347 Kbits/sec                  
[  5] 100.00-101.00 sec  0.00 Bytes  0.00 bits/sec                  
[  5] 101.00-102.00 sec   556 KBytes  4.56 Mbits/sec                  
[  5] 102.00-103.00 sec   701 KBytes  5.74 Mbits/sec                  
[  5] 103.00-104.00 sec   751 KBytes  6.16 Mbits/sec                  
[  5] 104.00-105.00 sec   747 KBytes  6.11 Mbits/sec                  
[  5] 105.00-105.56 sec   639 KBytes  9.34 Mbits/sec                  
- - - - - - - - - - - - - - - - - - - - - - - - -
[ ID] Interval           Transfer     Bandwidth
[  5]   0.00-105.56 sec  0.00 Bytes  0.00 bits/sec                  sender
[  5]   0.00-105.56 sec  9.11 MBytes   724 Kbits/sec                  receiver
