-----------------------------------------------------------
Server listening on 5201
-----------------------------------------------------------
Accepted connection from 10.0.0.1, port 53276
[  5] local 10.0.0.2 port 5201 connected to 10.0.0.1 port 46110
[ ID] Interval           Transfer     Bandwidth
[  5]   0.00-1.00   sec   844 KBytes  6.91 Mbits/sec                  
[  5]   1.00-2.00   sec   636 KBytes  5.21 Mbits/sec                  
[  5]   2.00-3.00   sec   508 KBytes  4.16 Mbits/sec                  
[  5]   3.00-4.00   sec   947 KBytes  7.76 Mbits/sec                  
[  5]   4.00-5.00   sec  1.13 MBytes  9.48 Mbits/sec                  
[  5]   5.00-6.00   sec  1.11 MBytes  9.33 Mbits/sec                  
[  5]   6.00-7.00   sec  1.08 MBytes  9.02 Mbits/sec                  
[  5]   7.00-8.00   sec  1.08 MBytes  9.05 Mbits/sec                  
[  5]   8.00-9.00   sec  1.07 MBytes  8.94 Mbits/sec                  
[  5]   9.00-10.00  sec  1.09 MBytes  9.13 Mbits/sec                  
[  5]  10.00-11.00  sec   755 KBytes  6.19 Mbits/sec                  
[  5]  11.00-12.00  sec  1.12 MBytes  9.41 Mbits/sec                  
[  5]  12.00-13.00  sec  1.12 MBytes  9.41 Mbits/sec                  
[  5]  13.00-14.00  sec  1.11 MBytes  9.30 Mbits/sec                  
[  5]  14.00-15.00  sec  1.14 MBytes  9.52 Mbits/sec                  
[  5]  15.00-16.00  sec  1.13 MBytes  9.48 Mbits/sec                  
[  5]  16.00-17.00  sec  1.12 MBytes  9.38 Mbits/sec                  
[  5]  17.00-18.00  sec  1.11 MBytes  9.31 Mbits/sec                  
[  5]  18.00-19.00  sec  1.12 MBytes  9.42 Mbits/sec                  
[  5]  19.00-20.00  sec  1.13 MBytes  9.49 Mbits/sec                  
[  5]  20.00-21.00  sec  1.13 MBytes  9.48 Mbits/sec                  
[  5]  21.00-22.00  sec  1.12 MBytes  9.36 Mbits/sec                  
[  5]  22.00-23.00  sec  1.13 MBytes  9.43 Mbits/sec                  
[  5]  23.00-24.00  sec  1.13 MBytes  9.47 Mbits/sec                  
[  5]  24.00-25.00  sec  1.11 MBytes  9.35 Mbits/sec                  
[  5]  25.00-26.00  sec  1.13 MBytes  9.44 Mbits/sec                  
[  5]  26.00-27.00  sec  1.12 MBytes  9.36 Mbits/sec                  
[  5]  27.00-28.00  sec   860 KBytes  7.01 Mbits/sec                  
[  5]  28.00-29.00  sec  1.22 MBytes  10.3 Mbits/sec                  
[  5]  29.00-30.00  sec  1.14 MBytes  9.54 Mbits/sec                  
[  5]  30.00-31.00  sec   158 KBytes  1.30 Mbits/sec                  
[  5]  31.00-32.00  sec  0.00 Bytes  0.00 bits/sec                  
[  5]  32.00-33.00  sec  0.00 Bytes  0.00 bits/sec                  
[  5]  33.00-34.00  sec  1.41 KBytes  11.6 Kbits/sec                  
[  5]  34.00-35.00  sec  0.00 Bytes  0.00 bits/sec                  
[  5]  35.00-36.00  sec  0.00 Bytes  0.00 bits/sec                  
[  5]  36.00-37.00  sec  0.00 Bytes  0.00 bits/sec                  
[  5]  37.00-38.00  sec  2.82 MBytes  23.7 Mbits/sec                  
[  5]  38.00-39.00  sec  6.10 MBytes  51.2 Mbits/sec                  
[  5]  39.00-39.76  sec   665 KBytes  7.20 Mbits/sec                  
- - - - - - - - - - - - - - - - - - - - - - - - -
[ ID] Interval           Transfer     Bandwidth
[  5]   0.00-39.76  sec  0.00 Bytes  0.00 bits/sec                  sender
[  5]   0.00-39.76  sec  41.0 MBytes  8.66 Mbits/sec                  receiver
