-----------------------------------------------------------
Server listening on 5202
-----------------------------------------------------------
Accepted connection from 10.0.0.1, port 38225
[  5] local 10.0.0.2 port 5202 connected to 10.0.0.1 port 46112
[ ID] Interval           Transfer     Bandwidth
[  5]   0.00-1.00   sec   279 KBytes  2.28 Mbits/sec                  
[  5]   1.00-2.01   sec   262 KBytes  2.13 Mbits/sec                  
[  5]   2.01-3.00   sec   236 KBytes  1.95 Mbits/sec                  
[  5]   3.00-4.00   sec   216 KBytes  1.77 Mbits/sec                  
[  5]   4.00-5.00   sec   202 KBytes  1.66 Mbits/sec                  
[  5]   5.00-6.00   sec   218 KBytes  1.78 Mbits/sec                  
[  5]   6.00-7.00   sec   276 KBytes  2.26 Mbits/sec                  
[  5]   7.00-8.00   sec   338 KBytes  2.77 Mbits/sec                  
[  5]   8.00-9.00   sec   308 KBytes  2.53 Mbits/sec                  
[  5]   9.00-10.00  sec   324 KBytes  2.65 Mbits/sec                  
[  5]  10.00-11.00  sec   242 KBytes  1.98 Mbits/sec                  
[  5]  11.00-12.00  sec  0.00 Bytes  0.00 bits/sec                  
[  5]  12.00-13.00  sec   358 KBytes  2.93 Mbits/sec                  
[  5]  13.00-14.00  sec   691 KBytes  5.66 Mbits/sec                  
[  5]  14.00-15.00  sec   406 KBytes  3.32 Mbits/sec                  
[  5]  15.00-16.00  sec   358 KBytes  2.93 Mbits/sec                  
[  5]  16.00-17.00  sec   346 KBytes  2.84 Mbits/sec                  
[  5]  17.00-18.00  sec   379 KBytes  3.10 Mbits/sec                  
[  5]  18.00-19.00  sec   356 KBytes  2.92 Mbits/sec                  
[  5]  19.00-20.00  sec   332 KBytes  2.72 Mbits/sec                  
[  5]  20.00-21.00  sec   356 KBytes  2.92 Mbits/sec                  
[  5]  21.00-22.00  sec   378 KBytes  3.09 Mbits/sec                  
[  5]  22.00-23.00  sec   378 KBytes  3.09 Mbits/sec                  
[  5]  23.00-23.97  sec   355 KBytes  3.01 Mbits/sec                  
- - - - - - - - - - - - - - - - - - - - - - - - -
[ ID] Interval           Transfer     Bandwidth
[  5]   0.00-23.97  sec  0.00 Bytes  0.00 bits/sec                  sender
[  5]   0.00-23.97  sec  7.42 MBytes  2.60 Mbits/sec                  receiver
