-----------------------------------------------------------
Server listening on 5202
-----------------------------------------------------------
Accepted connection from 10.0.0.1, port 51841
[  5] local 10.0.0.2 port 5202 connected to 10.0.0.1 port 46112
[ ID] Interval           Transfer     Bandwidth
[  5]   0.00-1.00   sec   173 KBytes  1.41 Mbits/sec                  
[  5]   1.00-2.01   sec   171 KBytes  1.40 Mbits/sec                  
[  5]   2.01-3.01   sec   160 KBytes  1.31 Mbits/sec                  
[  5]   3.01-4.00   sec   204 KBytes  1.68 Mbits/sec                  
[  5]   4.00-5.00   sec   239 KBytes  1.96 Mbits/sec                  
[  5]   5.00-6.00   sec   256 KBytes  2.10 Mbits/sec                  
[  5]   6.00-7.00   sec   260 KBytes  2.13 Mbits/sec                  
[  5]   7.00-8.00   sec   291 KBytes  2.38 Mbits/sec                  
[  5]   8.00-9.00   sec   297 KBytes  2.44 Mbits/sec                  
[  5]   9.00-10.00  sec   276 KBytes  2.26 Mbits/sec                  
[  5]  10.00-11.00  sec   354 KBytes  2.90 Mbits/sec                  
[  5]  11.00-12.00  sec   320 KBytes  2.62 Mbits/sec                  
[  5]  12.00-13.00  sec   303 KBytes  2.47 Mbits/sec                  
[  5]  13.00-14.00  sec   413 KBytes  3.39 Mbits/sec                  
[  5]  14.00-15.00  sec  0.00 Bytes  0.00 bits/sec                  
[  5]  15.00-16.00  sec  32.5 KBytes   267 Kbits/sec                  
[  5]  16.00-17.00  sec   628 KBytes  5.14 Mbits/sec                  
[  5]  17.00-18.00  sec  97.6 KBytes   800 Kbits/sec                  
[  5]  18.00-19.00  sec  0.00 Bytes  0.00 bits/sec                  
[  5]  19.00-20.00  sec  0.00 Bytes  0.00 bits/sec                  
[  5]  20.00-21.00  sec   256 KBytes  2.10 Mbits/sec                  
[  5]  21.00-22.00  sec  1.75 MBytes  14.7 Mbits/sec                  
[  5]  22.00-23.00  sec   433 KBytes  3.54 Mbits/sec                  
[  5]  23.00-24.00  sec   344 KBytes  2.82 Mbits/sec                  
[  5]  24.00-25.00  sec   389 KBytes  3.19 Mbits/sec                  
[  5]  25.00-26.00  sec  82.0 KBytes   671 Kbits/sec                  
[  5]  26.00-27.00  sec   519 KBytes  4.25 Mbits/sec                  
[  5]  27.00-28.00  sec   489 KBytes  4.01 Mbits/sec                  
[  5]  28.00-29.00  sec   191 KBytes  1.56 Mbits/sec                  
[  5]  29.00-30.00  sec  70.7 KBytes   579 Kbits/sec                  
[  5]  30.00-31.00  sec  35.4 KBytes   290 Kbits/sec                  
[  5]  31.00-32.00  sec  1.59 MBytes  13.4 Mbits/sec                  
[  5]  32.00-33.00  sec  1.13 MBytes  9.47 Mbits/sec                  
[  5]  33.00-34.00  sec  1.11 MBytes  9.30 Mbits/sec                  
[  5]  34.00-35.00  sec  1.08 MBytes  9.09 Mbits/sec                  
[  5]  35.00-36.00  sec  1.08 MBytes  9.07 Mbits/sec                  
[  5]  36.00-37.00  sec  1.02 MBytes  8.59 Mbits/sec                  
[  5]  37.00-38.00  sec  1.09 MBytes  9.14 Mbits/sec                  
[  5]  38.00-39.00  sec  1001 KBytes  8.21 Mbits/sec                  
[  5]  39.00-40.00  sec  1.05 MBytes  8.84 Mbits/sec                  
[  5]  40.00-41.00  sec  1.07 MBytes  9.00 Mbits/sec                  
[  5]  41.00-42.00  sec  1.06 MBytes  8.93 Mbits/sec                  
[  5]  42.00-43.00  sec  1.11 MBytes  9.26 Mbits/sec                  
[  5]  43.00-44.00  sec  1.07 MBytes  9.04 Mbits/sec                  
[  5]  44.00-45.00  sec  1.10 MBytes  9.25 Mbits/sec                  
[  5]  45.00-46.00  sec  1.08 MBytes  9.07 Mbits/sec                  
[  5]  46.00-47.00  sec  1.06 MBytes  8.86 Mbits/sec                  
[  5]  47.00-48.00  sec  1.11 MBytes  9.27 Mbits/sec                  
[  5]  48.00-49.00  sec  1.09 MBytes  9.10 Mbits/sec                  
[  5]  49.00-50.00  sec  1.08 MBytes  9.05 Mbits/sec                  
[  5]  50.00-51.00  sec  1.13 MBytes  9.50 Mbits/sec                  
[  5]  51.00-52.00  sec  1.08 MBytes  9.06 Mbits/sec                  
[  5]  52.00-53.00  sec  1.09 MBytes  9.14 Mbits/sec                  
[  5]  53.00-54.00  sec  1.09 MBytes  9.14 Mbits/sec                  
[  5]  54.00-55.00  sec   901 KBytes  7.37 Mbits/sec                  
[  5]  55.00-56.00  sec   741 KBytes  6.07 Mbits/sec                  
[  5]  56.00-57.00  sec  1.21 MBytes  10.1 Mbits/sec                  
[  5]  57.00-58.00  sec  1.07 MBytes  9.03 Mbits/sec                  
[  5]  58.00-59.00  sec  1.14 MBytes  9.57 Mbits/sec                  
[  5]  59.00-60.00  sec  1.10 MBytes  9.23 Mbits/sec                  
[  5]  60.00-60.68  sec   684 KBytes  8.30 Mbits/sec                  
- - - - - - - - - - - - - - - - - - - - - - - - -
[ ID] Interval           Transfer     Bandwidth
[  5]   0.00-60.68  sec  0.00 Bytes  0.00 bits/sec                  sender
[  5]   0.00-60.68  sec  41.0 MBytes  5.67 Mbits/sec                  receiver
