Connecting to host 10.0.0.2, port 5201
[  4] local 10.0.0.1 port 46110 connected to 10.0.0.2 port 5201
[ ID] Interval           Transfer     Bandwidth       Retr  Cwnd
[  4]   0.00-1.01   sec  1.27 MBytes  10.5 Mbits/sec    0   82.0 KBytes       
[  4]   1.01-2.00   sec   827 KBytes  6.87 Mbits/sec    0    115 KBytes       
[  4]   2.00-3.00   sec   636 KBytes  5.22 Mbits/sec    0    140 KBytes       
[  4]   3.00-4.00   sec   573 KBytes  4.69 Mbits/sec    0    161 KBytes       
[  4]   4.00-5.00   sec  0.00 Bytes  0.00 bits/sec    1   1.41 KBytes       
[  4]   5.00-6.00   sec  0.00 Bytes  0.00 bits/sec    1   1.41 KBytes       
[  4]   6.00-7.00   sec  0.00 Bytes  0.00 bits/sec    0   1.41 KBytes       
[  4]   7.00-8.00   sec  0.00 Bytes  0.00 bits/sec    1   1.41 KBytes       
[  4]   8.00-9.00   sec  0.00 Bytes  0.00 bits/sec    0   1.41 KBytes       
[  4]   9.00-10.00  sec  0.00 Bytes  0.00 bits/sec    0   1.41 KBytes       
[  4]  10.00-11.00  sec  0.00 Bytes  0.00 bits/sec    0   1.41 KBytes       
[  4]  11.00-12.00  sec  0.00 Bytes  0.00 bits/sec    1   1.41 KBytes       
[  4]  12.00-13.00  sec  0.00 Bytes  0.00 bits/sec    0   1.41 KBytes       
[  4]  13.00-14.00  sec  0.00 Bytes  0.00 bits/sec    0   1.41 KBytes       
[  4]  14.00-15.00  sec  0.00 Bytes  0.00 bits/sec    0   1.41 KBytes       
[  4]  15.00-16.00  sec  0.00 Bytes  0.00 bits/sec    0   1.41 KBytes       
[  4]  16.00-17.00  sec  0.00 Bytes  0.00 bits/sec    0   1.41 KBytes       
[  4]  17.00-18.00  sec  0.00 Bytes  0.00 bits/sec    0   1.41 KBytes       
[  4]  18.00-19.00  sec  0.00 Bytes  0.00 bits/sec    0   1.41 KBytes       
[  4]  19.00-20.00  sec  0.00 Bytes  0.00 bits/sec    0   1.41 KBytes       
[  4]  20.00-21.00  sec  0.00 Bytes  0.00 bits/sec    1   1.41 KBytes       
[  4]  21.00-22.00  sec  0.00 Bytes  0.00 bits/sec    0   1.41 KBytes       
[  4]  22.00-23.00  sec  0.00 Bytes  0.00 bits/sec    0   1.41 KBytes       
[  4]  23.00-24.00  sec  0.00 Bytes  0.00 bits/sec    0   1.41 KBytes       
[  4]  24.00-25.00  sec  0.00 Bytes  0.00 bits/sec    0   1.41 KBytes       
[  4]  25.00-26.00  sec  0.00 Bytes  0.00 bits/sec    0   1.41 KBytes       
[  4]  26.00-27.00  sec  0.00 Bytes  0.00 bits/sec    0   1.41 KBytes       
[  4]  27.00-28.00  sec  0.00 Bytes  0.00 bits/sec    0   1.41 KBytes       
[  4]  28.00-29.00  sec  0.00 Bytes  0.00 bits/sec    0   1.41 KBytes       
[  4]  29.00-30.00  sec  0.00 Bytes  0.00 bits/sec    0   1.41 KBytes       
[  4]  30.00-31.00  sec  0.00 Bytes  0.00 bits/sec    0   1.41 KBytes       
[  4]  31.00-32.00  sec  0.00 Bytes  0.00 bits/sec    0   1.41 KBytes       
[  4]  32.00-33.00  sec  0.00 Bytes  0.00 bits/sec    0   1.41 KBytes       
[  4]  33.00-34.00  sec  0.00 Bytes  0.00 bits/sec    0   1.41 KBytes       
[  4]  34.00-35.00  sec  0.00 Bytes  0.00 bits/sec    0   1.41 KBytes       
[  4]  35.00-36.00  sec  0.00 Bytes  0.00 bits/sec    0   1.41 KBytes       
[  4]  36.00-37.00  sec  0.00 Bytes  0.00 bits/sec    1   1.41 KBytes       
[  4]  37.00-38.00  sec  0.00 Bytes  0.00 bits/sec    0   1.41 KBytes       
[  4]  38.00-39.00  sec  0.00 Bytes  0.00 bits/sec    0   1.41 KBytes       
[  4]  39.00-40.00  sec  0.00 Bytes  0.00 bits/sec    0   1.41 KBytes       
[  4]  40.00-41.00  sec  0.00 Bytes  0.00 bits/sec    0   1.41 KBytes       
[  4]  41.00-42.00  sec  0.00 Bytes  0.00 bits/sec    0   1.41 KBytes       
[  4]  42.00-43.00  sec  0.00 Bytes  0.00 bits/sec    0   1.41 KBytes       
[  4]  43.00-44.00  sec  0.00 Bytes  0.00 bits/sec    0   1.41 KBytes       
[  4]  44.00-45.00  sec  0.00 Bytes  0.00 bits/sec    0   1.41 KBytes       
[  4]  45.00-46.00  sec  0.00 Bytes  0.00 bits/sec    0   1.41 KBytes       
[  4]  46.00-47.00  sec  0.00 Bytes  0.00 bits/sec    0   1.41 KBytes       
[  4]  47.00-48.00  sec  0.00 Bytes  0.00 bits/sec    0   1.41 KBytes       
[  4]  48.00-49.00  sec  0.00 Bytes  0.00 bits/sec    0   1.41 KBytes       
[  4]  49.00-50.00  sec  0.00 Bytes  0.00 bits/sec    0   1.41 KBytes       
[  4]  50.00-51.00  sec  0.00 Bytes  0.00 bits/sec    0   1.41 KBytes       
[  4]  51.00-52.00  sec  0.00 Bytes  0.00 bits/sec    0   1.41 KBytes       
[  4]  52.00-53.00  sec  0.00 Bytes  0.00 bits/sec    0   1.41 KBytes       
[  4]  53.00-54.00  sec  0.00 Bytes  0.00 bits/sec    0   1.41 KBytes       
[  4]  54.00-55.00  sec  0.00 Bytes  0.00 bits/sec    0   1.41 KBytes       
[  4]  55.00-56.00  sec  0.00 Bytes  0.00 bits/sec    0   1.41 KBytes       
[  4]  56.00-57.00  sec  0.00 Bytes  0.00 bits/sec    0   1.41 KBytes       
[  4]  57.00-58.00  sec  0.00 Bytes  0.00 bits/sec    0   1.41 KBytes       
[  4]  58.00-59.00  sec  0.00 Bytes  0.00 bits/sec    0   1.41 KBytes       
[  4]  59.00-60.00  sec  0.00 Bytes  0.00 bits/sec    0   1.41 KBytes       
[  4]  60.00-61.00  sec  0.00 Bytes  0.00 bits/sec    0   1.41 KBytes       
[  4]  61.00-62.00  sec  0.00 Bytes  0.00 bits/sec    0   1.41 KBytes       
[  4]  62.00-63.00  sec  0.00 Bytes  0.00 bits/sec    0   1.41 KBytes       
[  4]  63.00-64.00  sec  0.00 Bytes  0.00 bits/sec    0   1.41 KBytes       
[  4]  64.00-65.00  sec  0.00 Bytes  0.00 bits/sec    0   1.41 KBytes       
[  4]  65.00-66.00  sec  0.00 Bytes  0.00 bits/sec    0   1.41 KBytes       
[  4]  66.00-67.00  sec  0.00 Bytes  0.00 bits/sec    0   1.41 KBytes       
[  4]  67.00-68.00  sec  0.00 Bytes  0.00 bits/sec    0   1.41 KBytes       
[  4]  68.00-69.00  sec  0.00 Bytes  0.00 bits/sec    1   1.41 KBytes       
[  4]  69.00-70.00  sec  0.00 Bytes  0.00 bits/sec    6   5.66 KBytes       
[  4]  70.00-71.00  sec  0.00 Bytes  0.00 bits/sec   24   22.6 KBytes       
[  4]  71.00-72.00  sec  63.6 KBytes   521 Kbits/sec   84   90.5 KBytes       
[  4]  72.00-73.00  sec   255 KBytes  2.09 Mbits/sec    0    122 KBytes       
[  4]  73.00-74.00  sec   127 KBytes  1.04 Mbits/sec    0    127 KBytes       
[  4]  74.00-75.00  sec   255 KBytes  2.08 Mbits/sec    0    141 KBytes       
[  4]  75.00-76.00  sec   127 KBytes  1.04 Mbits/sec    0    148 KBytes       
[  4]  76.00-77.00  sec   255 KBytes  2.08 Mbits/sec    0    177 KBytes       
[  4]  77.00-78.00  sec  0.00 Bytes  0.00 bits/sec    0    177 KBytes       
[  4]  78.00-79.00  sec   445 KBytes  3.65 Mbits/sec    0    235 KBytes       
[  4]  79.00-80.00  sec   827 KBytes  6.78 Mbits/sec    0    337 KBytes       
[  4]  80.00-81.00  sec  0.00 Bytes  0.00 bits/sec    0    338 KBytes       
[  4]  81.00-82.00  sec  1.24 MBytes  10.4 Mbits/sec    0    505 KBytes       
[  4]  82.00-83.00  sec  0.00 Bytes  0.00 bits/sec    0    508 KBytes       
[  4]  83.00-84.00  sec  0.00 Bytes  0.00 bits/sec    0    508 KBytes       
[  4]  84.00-85.00  sec  0.00 Bytes  0.00 bits/sec  115    356 KBytes       
[  4]  85.00-86.00  sec  0.00 Bytes  0.00 bits/sec    0    356 KBytes       
[  4]  86.00-87.00  sec  0.00 Bytes  0.00 bits/sec  115    314 KBytes       
[  4]  87.00-88.00  sec  0.00 Bytes  0.00 bits/sec   63    233 KBytes       
[  4]  88.00-89.00  sec   127 KBytes  1.04 Mbits/sec    3    157 KBytes       
[  4]  89.00-90.00  sec  1.12 MBytes  9.38 Mbits/sec    0    252 KBytes       
[  4]  90.00-91.00  sec   191 KBytes  1.56 Mbits/sec    0    273 KBytes       
[  4]  91.00-92.00  sec  0.00 Bytes  0.00 bits/sec    0    274 KBytes       
[  4]  92.00-93.00  sec   255 KBytes  2.09 Mbits/sec    0    293 KBytes       
[  4]  93.00-94.00  sec  0.00 Bytes  0.00 bits/sec    0    293 KBytes       
[  4]  94.00-95.00  sec   318 KBytes  2.61 Mbits/sec    0    298 KBytes       
[  4]  95.00-96.00  sec  0.00 Bytes  0.00 bits/sec    0    298 KBytes       
[  4]  96.00-97.00  sec   318 KBytes  2.61 Mbits/sec    0    307 KBytes       
[  4]  97.00-98.00  sec  0.00 Bytes  0.00 bits/sec    0    307 KBytes       
[  4]  98.00-99.00  sec   255 KBytes  2.08 Mbits/sec    0    334 KBytes       
[  4]  99.00-100.00 sec  0.00 Bytes  0.00 bits/sec    0    334 KBytes       
[  4] 100.00-101.00 sec   318 KBytes  2.61 Mbits/sec    0    409 KBytes       
[  4] 101.00-102.00 sec  0.00 Bytes  0.00 bits/sec    0    409 KBytes       
[  4] 102.00-103.00 sec   700 KBytes  5.73 Mbits/sec    0    561 KBytes       
[  4] 103.00-104.00 sec  0.00 Bytes  0.00 bits/sec    0    561 KBytes       
[  4] 104.00-105.00 sec  1.93 MBytes  16.2 Mbits/sec    0    820 KBytes       
[  4] 105.00-106.00 sec  0.00 Bytes  0.00 bits/sec    0    820 KBytes       
[  4] 106.00-107.00 sec  0.00 Bytes  0.00 bits/sec  172    574 KBytes       
[  4] 107.00-108.00 sec  0.00 Bytes  0.00 bits/sec   39    574 KBytes       
[  4] 108.00-109.00 sec  0.00 Bytes  0.00 bits/sec  212    406 KBytes       
[  4] 109.00-110.00 sec  0.00 Bytes  0.00 bits/sec   13    428 KBytes       
[  4] 110.00-111.00 sec  0.00 Bytes  0.00 bits/sec    0    574 KBytes       
[  4] 111.00-112.00 sec  0.00 Bytes  0.00 bits/sec  120    574 KBytes       
[  4] 112.00-113.00 sec  0.00 Bytes  0.00 bits/sec  145    566 KBytes       
[  4] 113.00-114.00 sec  0.00 Bytes  0.00 bits/sec    8    574 KBytes       
[  4] 114.00-115.00 sec  63.6 KBytes   521 Kbits/sec   75    574 KBytes       
[  4] 115.00-116.00 sec  0.00 Bytes  0.00 bits/sec  103    574 KBytes       
[  4] 116.00-117.00 sec  63.6 KBytes   521 Kbits/sec   44    574 KBytes       
[  4] 117.00-118.00 sec  0.00 Bytes  0.00 bits/sec   43    574 KBytes       
[  4] 118.00-119.00 sec   255 KBytes  2.09 Mbits/sec  116    407 KBytes       
[  4] 119.00-120.00 sec   509 KBytes  4.17 Mbits/sec   67    230 KBytes       
[  4] 120.00-121.00 sec   127 KBytes  1.04 Mbits/sec    2    228 KBytes       
[  4] 121.00-122.00 sec  3.11 MBytes  26.1 Mbits/sec    1    228 KBytes       
[  4] 122.00-123.00 sec   127 KBytes  1.04 Mbits/sec    0    410 KBytes       
[  4] 123.00-124.00 sec  0.00 Bytes  0.00 bits/sec  144    287 KBytes       
[  4] 124.00-125.00 sec  0.00 Bytes  0.00 bits/sec    0    287 KBytes       
[  4] 125.00-126.00 sec  0.00 Bytes  0.00 bits/sec   85    236 KBytes       
[  4] 126.00-127.00 sec  0.00 Bytes  0.00 bits/sec   32    246 KBytes       
[  4] 127.00-128.00 sec  0.00 Bytes  0.00 bits/sec   16    287 KBytes       
[  4] 128.00-129.00 sec  63.6 KBytes   521 Kbits/sec    0    287 KBytes       
[  4] 129.00-130.00 sec  0.00 Bytes  0.00 bits/sec    3    287 KBytes       
[  4] 130.00-131.00 sec  0.00 Bytes  0.00 bits/sec    0    287 KBytes       
[  4] 131.00-132.00 sec  1.24 MBytes  10.4 Mbits/sec    2    296 KBytes       
[  4] 132.00-133.00 sec  0.00 Bytes  0.00 bits/sec    0    296 KBytes       
[  4] 133.00-134.00 sec  0.00 Bytes  0.00 bits/sec    0    273 KBytes       
[  4] 134.00-135.00 sec  63.6 KBytes   522 Kbits/sec    0    209 KBytes       
[  4] 135.00-136.00 sec   318 KBytes  2.60 Mbits/sec    0    211 KBytes       
[  4] 136.00-137.00 sec   127 KBytes  1.04 Mbits/sec    0    222 KBytes       
[  4] 137.00-138.00 sec  0.00 Bytes  0.00 bits/sec    9    199 KBytes       
[  4] 138.00-139.00 sec  63.6 KBytes   520 Kbits/sec    0    156 KBytes       
[  4] 139.00-140.00 sec   191 KBytes  1.57 Mbits/sec    0    157 KBytes       
[  4] 140.00-141.00 sec  63.6 KBytes   521 Kbits/sec    0    164 KBytes       
[  4] 141.00-142.00 sec  63.6 KBytes   521 Kbits/sec    6    153 KBytes       
[  4] 142.00-143.00 sec  0.00 Bytes  0.00 bits/sec    6    134 KBytes       
[  4] 143.00-144.00 sec  0.00 Bytes  0.00 bits/sec   46   87.7 KBytes       
[  4] 144.00-145.01 sec  0.00 Bytes  0.00 bits/sec    5   86.3 KBytes       
[  4] 145.01-146.00 sec  0.00 Bytes  0.00 bits/sec    3   90.5 KBytes       
[  4] 146.00-147.00 sec  0.00 Bytes  0.00 bits/sec    0   99.0 KBytes       
[  4] 147.00-148.00 sec  0.00 Bytes  0.00 bits/sec    0   99.0 KBytes       
[  4] 148.00-149.00 sec  0.00 Bytes  0.00 bits/sec    1   1.41 KBytes       
[  4] 149.00-150.00 sec  0.00 Bytes  0.00 bits/sec    0   1.41 KBytes       
[  4] 150.00-151.00 sec  0.00 Bytes  0.00 bits/sec    0   1.41 KBytes       
[  4] 151.00-152.00 sec  0.00 Bytes  0.00 bits/sec    0   1.41 KBytes       
[  4] 152.00-153.00 sec  0.00 Bytes  0.00 bits/sec    0   1.41 KBytes       
[  4] 153.00-154.00 sec  0.00 Bytes  0.00 bits/sec    1   1.41 KBytes       
[  4] 154.00-155.00 sec  0.00 Bytes  0.00 bits/sec    0   1.41 KBytes       
[  4] 155.00-156.00 sec  0.00 Bytes  0.00 bits/sec    0   1.41 KBytes       
[  4] 156.00-157.00 sec  0.00 Bytes  0.00 bits/sec    0   1.41 KBytes       
[  4] 157.00-158.00 sec  0.00 Bytes  0.00 bits/sec    0   1.41 KBytes       
[  4] 158.00-159.00 sec  0.00 Bytes  0.00 bits/sec    0   1.41 KBytes       
[  4] 159.00-160.00 sec  0.00 Bytes  0.00 bits/sec    0   1.41 KBytes       
[  4] 160.00-161.00 sec  0.00 Bytes  0.00 bits/sec    0   1.41 KBytes       
[  4] 161.00-162.00 sec  0.00 Bytes  0.00 bits/sec    0   1.41 KBytes       
[  4] 162.00-163.00 sec  0.00 Bytes  0.00 bits/sec    1   1.41 KBytes       
[  4] 163.00-164.00 sec  0.00 Bytes  0.00 bits/sec    0   1.41 KBytes       
[  4] 164.00-165.00 sec  0.00 Bytes  0.00 bits/sec    0   1.41 KBytes       
[  4] 165.00-166.00 sec  0.00 Bytes  0.00 bits/sec    0   1.41 KBytes       
[  4] 166.00-167.00 sec  0.00 Bytes  0.00 bits/sec    0   1.41 KBytes       
[  4] 167.00-168.00 sec  0.00 Bytes  0.00 bits/sec    0   1.41 KBytes       
[  4] 168.00-169.00 sec  0.00 Bytes  0.00 bits/sec    0   1.41 KBytes       
[  4] 169.00-170.00 sec  0.00 Bytes  0.00 bits/sec    0   1.41 KBytes       
[  4] 170.00-171.00 sec  0.00 Bytes  0.00 bits/sec    0   1.41 KBytes       
[  4] 171.00-172.00 sec  0.00 Bytes  0.00 bits/sec    0   1.41 KBytes       
[  4] 172.00-173.00 sec  0.00 Bytes  0.00 bits/sec    0   1.41 KBytes       
[  4] 173.00-174.00 sec  0.00 Bytes  0.00 bits/sec    0   1.41 KBytes       
[  4] 174.00-175.00 sec  0.00 Bytes  0.00 bits/sec    0   1.41 KBytes       
[  4] 175.00-176.00 sec  0.00 Bytes  0.00 bits/sec    0   1.41 KBytes       
[  4] 176.00-177.00 sec  0.00 Bytes  0.00 bits/sec    0   1.41 KBytes       
[  4] 177.00-178.00 sec  0.00 Bytes  0.00 bits/sec    0   1.41 KBytes       
[  4] 178.00-179.00 sec  0.00 Bytes  0.00 bits/sec    0   1.41 KBytes       
[  4] 179.00-180.00 sec  0.00 Bytes  0.00 bits/sec    1   1.41 KBytes       
[  4] 180.00-181.00 sec  0.00 Bytes  0.00 bits/sec    0   1.41 KBytes       
[  4] 181.00-182.00 sec  0.00 Bytes  0.00 bits/sec    0   12.7 KBytes       
[  4] 182.00-183.00 sec  0.00 Bytes  0.00 bits/sec    0   12.7 KBytes       
[  4] 183.00-184.00 sec  0.00 Bytes  0.00 bits/sec    1   12.7 KBytes       
[  4] 184.00-185.00 sec  0.00 Bytes  0.00 bits/sec    0   12.7 KBytes       
[  4] 185.00-186.00 sec  0.00 Bytes  0.00 bits/sec    0   12.7 KBytes       
[  4] 186.00-187.00 sec  0.00 Bytes  0.00 bits/sec    0   12.7 KBytes       
[  4] 187.00-188.00 sec  0.00 Bytes  0.00 bits/sec    0   12.7 KBytes       
[  4] 188.00-189.00 sec  0.00 Bytes  0.00 bits/sec    0   12.7 KBytes       
[  4] 189.00-190.00 sec  0.00 Bytes  0.00 bits/sec    0   12.7 KBytes       
[  4] 190.00-191.00 sec  0.00 Bytes  0.00 bits/sec    0   12.7 KBytes       
[  4] 191.00-192.00 sec  0.00 Bytes  0.00 bits/sec    0   12.7 KBytes       
[  4] 192.00-193.00 sec  0.00 Bytes  0.00 bits/sec    0   12.7 KBytes       
[  4] 193.00-194.00 sec  0.00 Bytes  0.00 bits/sec    0   12.7 KBytes       
[  4] 194.00-195.00 sec  0.00 Bytes  0.00 bits/sec    0   12.7 KBytes       
[  4] 195.00-196.00 sec  0.00 Bytes  0.00 bits/sec    0   12.7 KBytes       
[  4] 196.00-197.00 sec  0.00 Bytes  0.00 bits/sec    0   12.7 KBytes       
[  4] 197.00-198.00 sec  0.00 Bytes  0.00 bits/sec    0   12.7 KBytes       
[  4] 198.00-199.00 sec  0.00 Bytes  0.00 bits/sec    0   12.7 KBytes       
[  4] 199.00-200.00 sec  0.00 Bytes  0.00 bits/sec    0   12.7 KBytes       
[  4] 200.00-201.00 sec  0.00 Bytes  0.00 bits/sec    0   12.7 KBytes       
[  4] 201.00-202.00 sec  0.00 Bytes  0.00 bits/sec    0   12.7 KBytes       
[  4] 202.00-203.00 sec  0.00 Bytes  0.00 bits/sec    0   12.7 KBytes       
[  4] 203.00-204.00 sec  0.00 Bytes  0.00 bits/sec    0   12.7 KBytes       
[  4] 204.00-205.00 sec  0.00 Bytes  0.00 bits/sec    0   12.7 KBytes       
[  4] 205.00-206.00 sec  0.00 Bytes  0.00 bits/sec    0   12.7 KBytes       
[  4] 206.00-207.00 sec  0.00 Bytes  0.00 bits/sec    0   12.7 KBytes       
[  4] 207.00-208.00 sec  0.00 Bytes  0.00 bits/sec    0   12.7 KBytes       
[  4] 208.00-209.00 sec  0.00 Bytes  0.00 bits/sec    0   12.7 KBytes       
[  4] 209.00-210.00 sec  0.00 Bytes  0.00 bits/sec    0   12.7 KBytes       
[  4] 210.00-211.00 sec  0.00 Bytes  0.00 bits/sec    0   12.7 KBytes       
[  4] 211.00-212.00 sec  0.00 Bytes  0.00 bits/sec    0   12.7 KBytes       
[  4] 212.00-213.00 sec  0.00 Bytes  0.00 bits/sec    0   12.7 KBytes       
[  4] 213.00-214.00 sec  0.00 Bytes  0.00 bits/sec    0   12.7 KBytes       
[  4] 214.00-215.00 sec  0.00 Bytes  0.00 bits/sec    0   12.7 KBytes       
[  4] 215.00-216.00 sec  0.00 Bytes  0.00 bits/sec    0   12.7 KBytes       
[  4] 216.00-217.00 sec  0.00 Bytes  0.00 bits/sec    0   12.7 KBytes       
[  4] 217.00-218.00 sec  0.00 Bytes  0.00 bits/sec    0   12.7 KBytes       
[  4] 218.00-219.00 sec  0.00 Bytes  0.00 bits/sec    0   12.7 KBytes       
[  4] 219.00-220.00 sec  0.00 Bytes  0.00 bits/sec    0   12.7 KBytes       
[  4] 220.00-221.00 sec  0.00 Bytes  0.00 bits/sec    0   12.7 KBytes       
[  4] 221.00-222.00 sec  1.06 MBytes  8.86 Mbits/sec   54    632 KBytes       
[  4] 222.00-223.00 sec  1.12 MBytes  9.38 Mbits/sec    0    708 KBytes       
[  4] 223.00-224.00 sec  1.12 MBytes  9.38 Mbits/sec    0    766 KBytes       
[  4] 224.00-225.00 sec  1.12 MBytes  9.38 Mbits/sec    0    826 KBytes       
[  4] 225.00-226.00 sec  1.25 MBytes  10.5 Mbits/sec    0    884 KBytes       
[  4] 226.00-227.00 sec  1.25 MBytes  10.5 Mbits/sec    0    942 KBytes       
[  4] 227.00-228.00 sec  1.25 MBytes  10.5 Mbits/sec    0   1000 KBytes       
[  4] 228.00-229.00 sec  2.09 MBytes  17.6 Mbits/sec    0   1.03 MBytes       
[  4] 229.00-230.00 sec  1.25 MBytes  10.5 Mbits/sec    0   1.09 MBytes       
[  4] 230.00-231.00 sec  1.25 MBytes  10.5 Mbits/sec    0   1.15 MBytes       
[  4] 231.00-232.00 sec  1.25 MBytes  10.5 Mbits/sec    0   1.20 MBytes       
[  4] 232.00-233.00 sec  1.25 MBytes  10.5 Mbits/sec    0   1.26 MBytes       
[  4] 233.00-234.00 sec  1.25 MBytes  10.5 Mbits/sec    0   1.32 MBytes       
[  4] 234.00-235.00 sec  1.25 MBytes  10.5 Mbits/sec    0   1.43 MBytes       
[  4] 235.00-236.00 sec  2.50 MBytes  21.0 Mbits/sec    0   1.66 MBytes       
[  4] 236.00-237.00 sec  2.50 MBytes  21.0 Mbits/sec    0   1.95 MBytes       
[  4] 237.00-238.00 sec  2.50 MBytes  21.0 Mbits/sec    0   2.31 MBytes       
[  4] 238.00-239.00 sec  2.50 MBytes  21.0 Mbits/sec    0   2.69 MBytes       
[  4] 239.00-240.00 sec  1.25 MBytes  10.5 Mbits/sec    0   3.07 MBytes       
[  4] 240.00-241.00 sec  1.25 MBytes  10.5 Mbits/sec    0   3.50 MBytes       
[  4] 241.00-242.00 sec  1.25 MBytes  10.5 Mbits/sec  160   3.29 MBytes       
[  4] 242.00-243.00 sec  1.06 MBytes  8.88 Mbits/sec  266   2.60 MBytes       
[  4] 243.00-244.00 sec  0.00 Bytes  0.00 bits/sec  356   2.60 MBytes       
[  4] 244.00-245.00 sec  0.00 Bytes  0.00 bits/sec  788   2.22 MBytes       
[  4] 245.00-246.00 sec  0.00 Bytes  0.00 bits/sec  312   2.60 MBytes       
[  4] 246.00-247.00 sec  1.25 MBytes  10.5 Mbits/sec  401   1.66 MBytes       
[  4] 247.00-248.00 sec  1.25 MBytes  10.5 Mbits/sec  216    536 KBytes       
[  4] 248.00-249.00 sec  5.00 MBytes  42.0 Mbits/sec   23   1.82 MBytes       
[  4] 249.00-250.00 sec  1.25 MBytes  10.5 Mbits/sec    0   1.88 MBytes       
[  4] 250.00-251.00 sec  1.25 MBytes  10.5 Mbits/sec    0   1.94 MBytes       
[  4] 251.00-252.00 sec  1.25 MBytes  10.5 Mbits/sec    0   2.01 MBytes       
[  4] 252.00-253.00 sec  1.25 MBytes  10.5 Mbits/sec    0   2.07 MBytes       
[  4] 253.00-254.00 sec  1.25 MBytes  10.5 Mbits/sec    0   2.11 MBytes       
[  4] 254.00-255.00 sec  1.25 MBytes  10.5 Mbits/sec    0   2.15 MBytes       
[  4] 255.00-256.00 sec  1.25 MBytes  10.5 Mbits/sec    0   2.17 MBytes       
[  4] 256.00-257.00 sec  1.25 MBytes  10.5 Mbits/sec    0   2.19 MBytes       
[  4] 257.00-258.00 sec  1.25 MBytes  10.5 Mbits/sec    0   2.20 MBytes       
[  4] 258.00-259.00 sec  1.25 MBytes  10.5 Mbits/sec    0   2.20 MBytes       
[  4] 259.00-260.00 sec  1.25 MBytes  10.5 Mbits/sec    0   2.21 MBytes       
[  4] 260.00-261.00 sec  1.25 MBytes  10.5 Mbits/sec    0   2.21 MBytes       
[  4] 261.00-262.00 sec  1.25 MBytes  10.5 Mbits/sec    0   2.23 MBytes       
[  4] 262.00-263.00 sec  1.25 MBytes  10.5 Mbits/sec    0   2.25 MBytes       
[  4] 263.00-264.00 sec  1.25 MBytes  10.5 Mbits/sec    0   2.28 MBytes       
[  4] 264.00-265.00 sec  1.25 MBytes  10.5 Mbits/sec    0   2.33 MBytes       
[  4] 265.00-266.00 sec  1.25 MBytes  10.5 Mbits/sec    0   2.40 MBytes       
[  4] 266.00-267.00 sec  1.20 MBytes  10.1 Mbits/sec    0   2.48 MBytes       
[  4] 267.00-268.00 sec  1.06 MBytes  8.86 Mbits/sec    0   2.59 MBytes       
[  4] 268.00-269.00 sec  1.06 MBytes  8.87 Mbits/sec    0   2.73 MBytes       
[  4] 269.00-270.00 sec  1.12 MBytes  9.38 Mbits/sec    0   2.88 MBytes       
[  4] 270.00-271.00 sec   509 KBytes  4.17 Mbits/sec   39   2.81 MBytes       
[  4] 271.00-272.00 sec  0.00 Bytes  0.00 bits/sec  112   2.31 MBytes       
[  4] 272.00-273.00 sec  0.00 Bytes  0.00 bits/sec  122   2.10 MBytes       
[  4] 273.00-274.00 sec  0.00 Bytes  0.00 bits/sec  382   2.10 MBytes       
[  4] 274.00-275.00 sec   573 KBytes  4.69 Mbits/sec  393   2.10 MBytes       
[  4] 275.00-276.00 sec   255 KBytes  2.08 Mbits/sec  389   1.99 MBytes       
[  4] 276.00-277.00 sec  1.25 MBytes  10.5 Mbits/sec  317   1.47 MBytes       
[  4] 277.00-278.00 sec  1.25 MBytes  10.5 Mbits/sec   70   1.47 MBytes       
[  4] 278.00-279.00 sec  2.50 MBytes  21.0 Mbits/sec    0   1.48 MBytes       
[  4] 279.00-280.00 sec  1.25 MBytes  10.5 Mbits/sec   66   1.05 MBytes       
[  4] 280.00-281.00 sec  1.25 MBytes  10.5 Mbits/sec    0   1.04 MBytes       
[  4] 281.00-282.00 sec  2.50 MBytes  21.0 Mbits/sec    0   1.08 MBytes       
[  4] 282.00-283.00 sec  1.25 MBytes  10.5 Mbits/sec    0   1.13 MBytes       
[  4] 283.00-284.00 sec  1.25 MBytes  10.5 Mbits/sec    0   1.18 MBytes       
[  4] 284.00-285.00 sec  1.25 MBytes  10.5 Mbits/sec    0   1.21 MBytes       
[  4] 285.00-286.00 sec  1.25 MBytes  10.5 Mbits/sec    0   1.23 MBytes       
[  4] 286.00-286.00 sec  0.00 Bytes  0.00 bits/sec    0   1.23 MBytes       
- - - - - - - - - - - - - - - - - - - - - - - - -
[ ID] Interval           Transfer     Bandwidth       Retr
[  4]   0.00-286.00 sec   101 MBytes  2.95 Mbits/sec  6405             sender
[  4]   0.00-286.00 sec  88.8 MBytes  2.60 Mbits/sec                  receiver

iperf Done.
