Connecting to host 10.0.0.2, port 5201
[  4] local 10.0.0.1 port 46110 connected to 10.0.0.2 port 5201
[ ID] Interval           Transfer     Bandwidth       Retr  Cwnd
[  4]   0.00-1.00   sec  1.29 MBytes  10.8 Mbits/sec    0   62.2 KBytes       
[  4]   1.00-2.00   sec  1.12 MBytes  9.39 Mbits/sec    0    106 KBytes       
[  4]   2.00-3.00   sec  1.12 MBytes  9.38 Mbits/sec    0    151 KBytes       
[  4]   3.00-4.00   sec  1.18 MBytes  9.91 Mbits/sec    0    198 KBytes       
[  4]   4.00-5.00   sec  1018 KBytes  8.34 Mbits/sec    0    239 KBytes       
[  4]   5.00-6.00   sec  1.18 MBytes  9.90 Mbits/sec    0    286 KBytes       
[  4]   6.00-7.00   sec  1.06 MBytes  8.86 Mbits/sec    0    328 KBytes       
[  4]   7.00-8.00   sec  1018 KBytes  8.34 Mbits/sec    0    369 KBytes       
[  4]   8.00-9.00   sec   954 KBytes  7.82 Mbits/sec    0    406 KBytes       
[  4]   9.00-10.00  sec  1.06 MBytes  8.86 Mbits/sec    0    491 KBytes       
[  4]  10.00-11.00  sec  1.55 MBytes  13.0 Mbits/sec    0    646 KBytes       
[  4]  11.00-12.00  sec  1.25 MBytes  10.5 Mbits/sec    0    814 KBytes       
[  4]  12.00-13.00  sec  1.25 MBytes  10.5 Mbits/sec    0    983 KBytes       
[  4]  13.00-14.00  sec  1003 KBytes  8.22 Mbits/sec   79    840 KBytes       
[  4]  14.00-15.00  sec   191 KBytes  1.57 Mbits/sec  109    740 KBytes       
[  4]  15.00-16.00  sec  1.25 MBytes  10.5 Mbits/sec    0    747 KBytes       
[  4]  16.00-17.00  sec  1.05 MBytes  8.80 Mbits/sec    0    800 KBytes       
[  4]  17.00-18.00  sec   700 KBytes  5.73 Mbits/sec    2    847 KBytes       
[  4]  18.00-19.00  sec  63.6 KBytes   521 Kbits/sec   25    687 KBytes       
[  4]  19.00-20.00  sec   382 KBytes  3.13 Mbits/sec   15    592 KBytes       
[  4]  20.00-21.00  sec  1.25 MBytes  10.5 Mbits/sec    0    609 KBytes       
[  4]  21.00-22.00  sec   884 KBytes  7.24 Mbits/sec    0    665 KBytes       
[  4]  22.00-23.00  sec   573 KBytes  4.69 Mbits/sec    0    718 KBytes       
[  4]  23.00-24.00  sec   445 KBytes  3.65 Mbits/sec    0    752 KBytes       
[  4]  24.00-25.00  sec   636 KBytes  5.21 Mbits/sec    0    792 KBytes       
[  4]  25.00-26.00  sec   764 KBytes  6.25 Mbits/sec    0    820 KBytes       
[  4]  26.00-27.00  sec   700 KBytes  5.73 Mbits/sec    0    836 KBytes       
[  4]  27.00-28.00  sec   700 KBytes  5.74 Mbits/sec    0    841 KBytes       
[  4]  28.00-29.00  sec   573 KBytes  4.69 Mbits/sec    0    844 KBytes       
[  4]  29.00-30.00  sec   636 KBytes  5.21 Mbits/sec    0    847 KBytes       
[  4]  30.00-31.00  sec   700 KBytes  5.73 Mbits/sec    0    851 KBytes       
[  4]  31.00-32.00  sec   764 KBytes  6.25 Mbits/sec    0    864 KBytes       
[  4]  32.00-33.00  sec   764 KBytes  6.26 Mbits/sec    0    885 KBytes       
[  4]  33.00-34.00  sec  63.6 KBytes   521 Kbits/sec   37    710 KBytes       
[  4]  34.00-35.00  sec   445 KBytes  3.65 Mbits/sec    9    624 KBytes       
[  4]  35.00-36.00  sec  1.25 MBytes  10.5 Mbits/sec    0    632 KBytes       
[  4]  36.00-37.00  sec   947 KBytes  7.75 Mbits/sec    0    684 KBytes       
[  4]  37.00-38.00  sec   764 KBytes  6.26 Mbits/sec    0    748 KBytes       
[  4]  38.00-39.00  sec   700 KBytes  5.71 Mbits/sec    0    798 KBytes       
[  4]  39.00-40.00  sec   764 KBytes  6.28 Mbits/sec    0    836 KBytes       
[  4]  40.00-41.00  sec   764 KBytes  6.26 Mbits/sec    0    861 KBytes       
[  4]  41.00-42.00  sec   700 KBytes  5.73 Mbits/sec    0    877 KBytes       
[  4]  42.00-43.00  sec   764 KBytes  6.26 Mbits/sec    0    885 KBytes       
[  4]  43.00-44.01  sec   700 KBytes  5.71 Mbits/sec    0    888 KBytes       
[  4]  44.01-45.00  sec   764 KBytes  6.28 Mbits/sec    0    891 KBytes       
[  4]  45.00-46.00  sec   827 KBytes  6.78 Mbits/sec    0    894 KBytes       
[  4]  46.00-47.00  sec   827 KBytes  6.77 Mbits/sec    0    902 KBytes       
[  4]  47.00-48.00  sec   700 KBytes  5.72 Mbits/sec    0    919 KBytes       
[  4]  48.00-49.00  sec   509 KBytes  4.19 Mbits/sec    1    885 KBytes       
[  4]  49.00-50.00  sec  0.00 Bytes  0.00 bits/sec   14    656 KBytes       
[  4]  50.00-51.00  sec  1.25 MBytes  10.5 Mbits/sec    0    660 KBytes       
[  4]  51.00-52.00  sec  1.17 MBytes  9.85 Mbits/sec    0    708 KBytes       
[  4]  52.00-53.00  sec   700 KBytes  5.73 Mbits/sec    0    771 KBytes       
[  4]  53.00-54.00  sec   636 KBytes  5.22 Mbits/sec    0    823 KBytes       
[  4]  54.00-55.00  sec   700 KBytes  5.74 Mbits/sec    0    863 KBytes       
[  4]  55.00-56.00  sec   636 KBytes  5.21 Mbits/sec    0    894 KBytes       
[  4]  56.00-57.00  sec  63.6 KBytes   522 Kbits/sec   12    683 KBytes       
[  4]  57.00-58.00  sec  1.25 MBytes  10.5 Mbits/sec    1    629 KBytes       
[  4]  58.00-59.00  sec   947 KBytes  7.76 Mbits/sec    0    650 KBytes       
[  4]  59.00-60.00  sec   700 KBytes  5.73 Mbits/sec    0    687 KBytes       
[  4]  60.00-61.00  sec   700 KBytes  5.74 Mbits/sec    0    718 KBytes       
[  4]  61.00-62.00  sec   700 KBytes  5.73 Mbits/sec    0    740 KBytes       
[  4]  62.00-63.00  sec   700 KBytes  5.73 Mbits/sec    0    752 KBytes       
[  4]  63.00-64.00  sec   700 KBytes  5.74 Mbits/sec    0    758 KBytes       
[  4]  64.00-65.00  sec   700 KBytes  5.73 Mbits/sec    0    761 KBytes       
[  4]  65.00-66.00  sec   764 KBytes  6.25 Mbits/sec    0    762 KBytes       
[  4]  66.00-67.00  sec   700 KBytes  5.74 Mbits/sec    0    768 KBytes       
[  4]  67.00-68.00  sec   318 KBytes  2.60 Mbits/sec    0    776 KBytes       
[  4]  68.00-69.00  sec   445 KBytes  3.65 Mbits/sec  297    543 KBytes       
[  4]  69.00-70.00  sec  1.25 MBytes  10.5 Mbits/sec    0    776 KBytes       
[  4]  70.00-71.00  sec  1.25 MBytes  10.5 Mbits/sec    0    778 KBytes       
[  4]  71.00-72.00  sec  1.25 MBytes  10.5 Mbits/sec    0    783 KBytes       
[  4]  72.00-73.00  sec  1.25 MBytes  10.5 Mbits/sec    0    796 KBytes       
[  4]  73.00-74.00  sec  1.15 MBytes  9.68 Mbits/sec    0    820 KBytes       
[  4]  74.00-75.00  sec  1.06 MBytes  8.86 Mbits/sec    0    857 KBytes       
[  4]  75.00-76.00  sec  1.06 MBytes  8.87 Mbits/sec    0    909 KBytes       
[  4]  76.00-77.00  sec  1.06 MBytes  8.86 Mbits/sec    0    981 KBytes       
[  4]  77.00-78.00  sec  1.12 MBytes  9.37 Mbits/sec    0   1.05 MBytes       
[  4]  78.00-79.00  sec  1.25 MBytes  10.5 Mbits/sec    0   1.16 MBytes       
[  4]  79.00-80.00  sec  1.25 MBytes  10.5 Mbits/sec    0   1.30 MBytes       
[  4]  80.00-81.00  sec  2.50 MBytes  21.0 Mbits/sec    0   1.47 MBytes       
[  4]  81.00-82.00  sec  1.25 MBytes  10.5 Mbits/sec    0   1.67 MBytes       
[  4]  82.00-83.00  sec  2.50 MBytes  21.0 Mbits/sec    0   1.89 MBytes       
[  4]  83.00-84.00  sec  1.25 MBytes  10.5 Mbits/sec    0   2.15 MBytes       
[  4]  84.00-85.00  sec  2.50 MBytes  21.0 Mbits/sec    0   2.42 MBytes       
[  4]  85.00-86.00  sec  2.50 MBytes  21.0 Mbits/sec    0   2.73 MBytes       
[  4]  86.00-87.00  sec  1.25 MBytes  10.5 Mbits/sec    0   3.02 MBytes       
[  4]  87.00-88.00  sec  1.25 MBytes  10.5 Mbits/sec    0   3.37 MBytes       
[  4]  88.00-89.00  sec  1.25 MBytes  10.5 Mbits/sec    0   3.83 MBytes       
[  4]  89.00-90.00  sec  1.25 MBytes  10.5 Mbits/sec    0   4.34 MBytes       
[  4]  90.00-91.00  sec  1.25 MBytes  10.5 Mbits/sec    0   4.89 MBytes       
[  4]  91.00-92.00  sec  1.25 MBytes  10.5 Mbits/sec    0   5.49 MBytes       
[  4]  92.00-93.00  sec   886 KBytes  7.25 Mbits/sec  226   5.09 MBytes       
[  4]  93.00-94.00  sec  0.00 Bytes  0.00 bits/sec  448   4.26 MBytes       
[  4]  94.00-95.00  sec  0.00 Bytes  0.00 bits/sec  467   3.95 MBytes       
[  4]  95.00-96.00  sec  0.00 Bytes  0.00 bits/sec  393   3.81 MBytes       
[  4]  96.00-97.00  sec  0.00 Bytes  0.00 bits/sec  219   3.24 MBytes       
[  4]  97.00-98.00  sec   636 KBytes  5.21 Mbits/sec  168   3.00 MBytes       
[  4]  98.00-99.00  sec   954 KBytes  7.81 Mbits/sec   27   2.96 MBytes       
[  4]  99.00-100.00 sec  5.00 MBytes  42.0 Mbits/sec  461   4.15 MBytes       
[  4] 100.00-101.00 sec  1.25 MBytes  10.5 Mbits/sec    0   4.17 MBytes       
[  4] 101.00-102.00 sec  1.25 MBytes  10.5 Mbits/sec    0   4.22 MBytes       
[  4] 102.00-103.00 sec  1.25 MBytes  10.5 Mbits/sec    0   4.27 MBytes       
[  4] 103.00-104.00 sec  1.25 MBytes  10.5 Mbits/sec    0   4.33 MBytes       
[  4] 104.00-105.00 sec  1.25 MBytes  10.5 Mbits/sec    0   4.39 MBytes       
[  4] 105.00-105.00 sec  0.00 Bytes  0.00 bits/sec    0   4.39 MBytes       
- - - - - - - - - - - - - - - - - - - - - - - - -
[ ID] Interval           Transfer     Bandwidth       Retr
[  4]   0.00-105.00 sec   100 MBytes  8.00 Mbits/sec  3010             sender
[  4]   0.00-105.00 sec  88.9 MBytes  7.10 Mbits/sec                  receiver

iperf Done.
