Connecting to host 10.0.0.2, port 5202
[  4] local 10.0.0.1 port 46112 connected to 10.0.0.2 port 5202
[ ID] Interval           Transfer     Bandwidth       Retr  Cwnd
[  4]   0.00-1.00   sec   888 KBytes  7.24 Mbits/sec    0   87.7 KBytes       
[  4]   1.00-2.00   sec   636 KBytes  5.24 Mbits/sec    0    112 KBytes       
[  4]   2.00-3.00   sec   573 KBytes  4.69 Mbits/sec    0    134 KBytes       
[  4]   3.00-4.00   sec   509 KBytes  4.17 Mbits/sec    0    156 KBytes       
[  4]   4.00-5.00   sec   509 KBytes  4.17 Mbits/sec    0    174 KBytes       
[  4]   5.00-6.00   sec   573 KBytes  4.69 Mbits/sec    0    197 KBytes       
[  4]   6.00-7.00   sec   573 KBytes  4.69 Mbits/sec    0    223 KBytes       
[  4]   7.00-8.00   sec   573 KBytes  4.69 Mbits/sec    0    276 KBytes       
[  4]   8.00-9.00   sec   891 KBytes  7.30 Mbits/sec    0    365 KBytes       
[  4]   9.00-10.00  sec   891 KBytes  7.29 Mbits/sec    0    462 KBytes       
[  4]  10.00-11.00  sec   700 KBytes  5.73 Mbits/sec    1    547 KBytes       
[  4]  11.00-12.00  sec  0.00 Bytes  0.00 bits/sec   89    383 KBytes       
[  4]  12.00-13.00  sec   573 KBytes  4.69 Mbits/sec   12    383 KBytes       
[  4]  13.00-14.00  sec   509 KBytes  4.17 Mbits/sec    0    397 KBytes       
[  4]  14.00-15.00  sec   127 KBytes  1.04 Mbits/sec    0    417 KBytes       
[  4]  15.00-16.00  sec   382 KBytes  3.12 Mbits/sec    0    457 KBytes       
[  4]  16.00-17.00  sec   127 KBytes  1.04 Mbits/sec   12    407 KBytes       
[  4]  17.00-18.00  sec   127 KBytes  1.04 Mbits/sec   20    332 KBytes       
[  4]  18.00-19.00  sec   764 KBytes  6.26 Mbits/sec    0    335 KBytes       
[  4]  19.00-20.00  sec   382 KBytes  3.13 Mbits/sec    0    355 KBytes       
[  4]  20.00-21.00  sec   255 KBytes  2.09 Mbits/sec    0    372 KBytes       
[  4]  21.00-22.00  sec   255 KBytes  2.09 Mbits/sec    0    385 KBytes       
[  4]  22.00-23.00  sec   318 KBytes  2.60 Mbits/sec    0    396 KBytes       
[  4]  23.00-24.00  sec   382 KBytes  3.13 Mbits/sec    0    400 KBytes       
[  4]  24.00-25.00  sec   318 KBytes  2.61 Mbits/sec    0    403 KBytes       
[  4]  25.00-26.00  sec   318 KBytes  2.61 Mbits/sec    0    406 KBytes       
[  4]  26.00-27.00  sec   191 KBytes  1.56 Mbits/sec    0    410 KBytes       
[  4]  27.00-28.00  sec   382 KBytes  3.13 Mbits/sec    0    423 KBytes       
[  4]  28.00-29.00  sec   382 KBytes  3.12 Mbits/sec    0    447 KBytes       
[  4]  29.00-30.00  sec  0.00 Bytes  0.00 bits/sec   17    356 KBytes       
[  4]  30.00-31.00  sec  63.6 KBytes   521 Kbits/sec    3    320 KBytes       
[  4]  31.00-32.00  sec   700 KBytes  5.73 Mbits/sec    0    324 KBytes       
[  4]  32.00-33.00  sec   382 KBytes  3.13 Mbits/sec    0    349 KBytes       
[  4]  33.00-34.00  sec   318 KBytes  2.60 Mbits/sec    0    386 KBytes       
[  4]  34.00-35.00  sec   318 KBytes  2.61 Mbits/sec    0    416 KBytes       
[  4]  35.00-36.00  sec   382 KBytes  3.13 Mbits/sec    0    438 KBytes       
[  4]  36.00-37.00  sec  63.6 KBytes   521 Kbits/sec    7    395 KBytes       
[  4]  37.00-38.00  sec  0.00 Bytes  0.00 bits/sec   10    308 KBytes       
[  4]  38.00-39.00  sec   700 KBytes  5.73 Mbits/sec    0    310 KBytes       
[  4]  39.00-40.00  sec   382 KBytes  3.13 Mbits/sec    0    325 KBytes       
[  4]  40.00-41.00  sec   318 KBytes  2.61 Mbits/sec    0    346 KBytes       
[  4]  41.00-42.00  sec   318 KBytes  2.61 Mbits/sec    0    361 KBytes       
[  4]  42.00-43.00  sec   318 KBytes  2.61 Mbits/sec    0    369 KBytes       
[  4]  43.00-44.00  sec   382 KBytes  3.12 Mbits/sec    0    372 KBytes       
[  4]  44.00-45.00  sec   255 KBytes  2.09 Mbits/sec    0    375 KBytes       
[  4]  45.00-46.00  sec   255 KBytes  2.09 Mbits/sec    0    376 KBytes       
[  4]  46.00-47.00  sec   318 KBytes  2.61 Mbits/sec    0    383 KBytes       
[  4]  47.00-48.00  sec   318 KBytes  2.61 Mbits/sec    0    399 KBytes       
[  4]  48.00-49.00  sec   318 KBytes  2.61 Mbits/sec    0    426 KBytes       
[  4]  49.00-50.00  sec  63.6 KBytes   522 Kbits/sec   13    382 KBytes       
[  4]  50.00-51.00  sec  0.00 Bytes  0.00 bits/sec   15    307 KBytes       
[  4]  51.00-52.00  sec   382 KBytes  3.13 Mbits/sec    1    307 KBytes       
[  4]  52.00-53.00  sec   700 KBytes  5.73 Mbits/sec    0    327 KBytes       
[  4]  53.00-54.00  sec   318 KBytes  2.61 Mbits/sec    0    361 KBytes       
[  4]  54.00-55.00  sec   255 KBytes  2.09 Mbits/sec    0    390 KBytes       
[  4]  55.00-56.00  sec   318 KBytes  2.60 Mbits/sec    0    414 KBytes       
[  4]  56.00-57.00  sec  63.6 KBytes   522 Kbits/sec    8    376 KBytes       
[  4]  57.00-58.00  sec  0.00 Bytes  0.00 bits/sec    7    293 KBytes       
[  4]  58.00-59.00  sec   764 KBytes  6.25 Mbits/sec    0    298 KBytes       
[  4]  59.00-60.00  sec   318 KBytes  2.61 Mbits/sec    0    317 KBytes       
[  4]  60.00-61.00  sec   318 KBytes  2.60 Mbits/sec    0    335 KBytes       
[  4]  61.00-62.00  sec   318 KBytes  2.61 Mbits/sec    0    346 KBytes       
[  4]  62.00-63.00  sec   255 KBytes  2.09 Mbits/sec    0    351 KBytes       
[  4]  63.00-64.00  sec   318 KBytes  2.61 Mbits/sec    0    354 KBytes       
[  4]  64.00-65.00  sec   255 KBytes  2.09 Mbits/sec    0    355 KBytes       
[  4]  65.00-66.00  sec   255 KBytes  2.09 Mbits/sec    0    359 KBytes       
[  4]  66.00-67.00  sec   318 KBytes  2.61 Mbits/sec    0    370 KBytes       
[  4]  67.00-68.00  sec   318 KBytes  2.61 Mbits/sec    0    387 KBytes       
[  4]  68.00-69.00  sec   318 KBytes  2.61 Mbits/sec    0    424 KBytes       
[  4]  69.00-70.00  sec  0.00 Bytes  0.00 bits/sec   10    380 KBytes       
[  4]  70.00-71.00  sec  63.6 KBytes   521 Kbits/sec   17    303 KBytes       
[  4]  71.00-72.00  sec   700 KBytes  5.74 Mbits/sec    0    305 KBytes       
[  4]  72.00-73.00  sec   382 KBytes  3.13 Mbits/sec    0    332 KBytes       
[  4]  73.00-74.00  sec   191 KBytes  1.56 Mbits/sec    0    361 KBytes       
[  4]  74.00-75.00  sec   318 KBytes  2.61 Mbits/sec    0    393 KBytes       
[  4]  75.00-76.00  sec   255 KBytes  2.09 Mbits/sec    0    410 KBytes       
[  4]  76.00-77.00  sec  63.6 KBytes   521 Kbits/sec   11    349 KBytes       
[  4]  77.00-78.00  sec  0.00 Bytes  0.00 bits/sec   12    290 KBytes       
[  4]  78.00-79.00  sec   827 KBytes  6.78 Mbits/sec    0    296 KBytes       
[  4]  79.00-80.00  sec   382 KBytes  3.13 Mbits/sec    0    314 KBytes       
[  4]  80.00-81.00  sec   255 KBytes  2.08 Mbits/sec    0    331 KBytes       
[  4]  81.00-82.00  sec   255 KBytes  2.09 Mbits/sec    0    342 KBytes       
[  4]  82.00-83.00  sec   318 KBytes  2.61 Mbits/sec    0    348 KBytes       
[  4]  83.00-84.00  sec   318 KBytes  2.61 Mbits/sec    0    351 KBytes       
[  4]  84.00-85.00  sec   255 KBytes  2.09 Mbits/sec    0    352 KBytes       
[  4]  85.00-86.00  sec   255 KBytes  2.08 Mbits/sec    0    356 KBytes       
[  4]  86.00-87.00  sec   318 KBytes  2.61 Mbits/sec    0    366 KBytes       
[  4]  87.00-88.00  sec   255 KBytes  2.08 Mbits/sec    0    383 KBytes       
[  4]  88.00-89.00  sec   318 KBytes  2.61 Mbits/sec    0    421 KBytes       
[  4]  89.00-90.00  sec  0.00 Bytes  0.00 bits/sec   13    346 KBytes       
[  4]  90.00-91.00  sec  0.00 Bytes  0.00 bits/sec   16    294 KBytes       
[  4]  91.00-92.00  sec   827 KBytes  6.78 Mbits/sec    0    304 KBytes       
[  4]  92.00-93.00  sec   318 KBytes  2.61 Mbits/sec    0    337 KBytes       
[  4]  93.00-94.00  sec   318 KBytes  2.60 Mbits/sec    0    368 KBytes       
[  4]  94.00-95.00  sec   255 KBytes  2.09 Mbits/sec    0    390 KBytes       
[  4]  95.00-96.00  sec   255 KBytes  2.09 Mbits/sec    4    379 KBytes       
[  4]  96.00-97.00  sec  0.00 Bytes  0.00 bits/sec    5    315 KBytes       
[  4]  97.00-98.00  sec   191 KBytes  1.57 Mbits/sec    5    283 KBytes       
[  4]  98.00-99.00  sec   636 KBytes  5.21 Mbits/sec    0    291 KBytes       
[  4]  99.00-100.00 sec   318 KBytes  2.61 Mbits/sec    0    310 KBytes       
[  4] 100.00-101.00 sec   318 KBytes  2.61 Mbits/sec    0    327 KBytes       
[  4] 101.00-102.00 sec   318 KBytes  2.61 Mbits/sec    0    337 KBytes       
[  4] 102.00-103.00 sec   255 KBytes  2.08 Mbits/sec    0    341 KBytes       
[  4] 103.00-104.00 sec   318 KBytes  2.61 Mbits/sec    0    342 KBytes       
[  4] 104.00-105.00 sec   318 KBytes  2.61 Mbits/sec    0    345 KBytes       
[  4] 105.00-106.00 sec   255 KBytes  2.09 Mbits/sec    0    351 KBytes       
[  4] 106.00-107.00 sec   255 KBytes  2.09 Mbits/sec    0    362 KBytes       
[  4] 107.00-108.00 sec   318 KBytes  2.61 Mbits/sec    0    383 KBytes       
[  4] 108.00-109.00 sec   255 KBytes  2.09 Mbits/sec    0    414 KBytes       
[  4] 109.00-110.00 sec   127 KBytes  1.04 Mbits/sec   14    385 KBytes       
[  4] 110.00-111.00 sec  0.00 Bytes  0.00 bits/sec   20    313 KBytes       
[  4] 111.00-112.00 sec   573 KBytes  4.70 Mbits/sec    0    314 KBytes       
[  4] 112.00-113.00 sec   445 KBytes  3.65 Mbits/sec    0    337 KBytes       
[  4] 113.00-114.00 sec   318 KBytes  2.61 Mbits/sec    0    372 KBytes       
[  4] 114.00-115.00 sec   255 KBytes  2.08 Mbits/sec    0    402 KBytes       
[  4] 115.00-116.00 sec   255 KBytes  2.09 Mbits/sec    0    420 KBytes       
[  4] 116.00-117.00 sec   255 KBytes  2.08 Mbits/sec    0    433 KBytes       
[  4] 117.00-118.00 sec   318 KBytes  2.61 Mbits/sec    0    441 KBytes       
[  4] 118.00-119.00 sec   127 KBytes  1.04 Mbits/sec    4    402 KBytes       
[  4] 119.00-120.00 sec  0.00 Bytes  0.00 bits/sec    2    314 KBytes       
[  4] 120.00-121.00 sec   573 KBytes  4.69 Mbits/sec    0    311 KBytes       
[  4] 121.00-122.00 sec   445 KBytes  3.65 Mbits/sec    0    327 KBytes       
[  4] 122.00-123.00 sec   318 KBytes  2.61 Mbits/sec    0    348 KBytes       
[  4] 123.00-124.00 sec   191 KBytes  1.56 Mbits/sec    0    359 KBytes       
[  4] 124.00-125.00 sec   318 KBytes  2.61 Mbits/sec    0    369 KBytes       
[  4] 125.00-126.00 sec   255 KBytes  2.08 Mbits/sec    0    372 KBytes       
[  4] 126.00-127.00 sec   318 KBytes  2.61 Mbits/sec    0    375 KBytes       
[  4] 127.00-128.00 sec   318 KBytes  2.61 Mbits/sec    0    378 KBytes       
[  4] 128.00-129.00 sec   191 KBytes  1.56 Mbits/sec    0    383 KBytes       
[  4] 129.00-130.00 sec   318 KBytes  2.61 Mbits/sec    0    397 KBytes       
[  4] 130.00-131.00 sec   255 KBytes  2.09 Mbits/sec    0    420 KBytes       
[  4] 131.00-132.00 sec   191 KBytes  1.56 Mbits/sec    0    441 KBytes       
[  4] 132.00-133.00 sec   191 KBytes  1.56 Mbits/sec    0    494 KBytes       
[  4] 133.00-134.00 sec   127 KBytes  1.04 Mbits/sec    0    539 KBytes       
[  4] 134.00-135.00 sec   191 KBytes  1.56 Mbits/sec   59    448 KBytes       
[  4] 135.00-136.00 sec  0.00 Bytes  0.00 bits/sec   38    399 KBytes       
[  4] 136.00-137.00 sec  0.00 Bytes  0.00 bits/sec   34    387 KBytes       
[  4] 137.00-138.00 sec  0.00 Bytes  0.00 bits/sec   59    399 KBytes       
[  4] 138.00-139.00 sec  0.00 Bytes  0.00 bits/sec   54    399 KBytes       
[  4] 139.00-140.00 sec   127 KBytes  1.04 Mbits/sec   83    397 KBytes       
[  4] 140.00-141.00 sec   191 KBytes  1.56 Mbits/sec   40    399 KBytes       
[  4] 141.00-142.00 sec   827 KBytes  6.77 Mbits/sec   12    311 KBytes       
[  4] 142.00-143.00 sec   382 KBytes  3.13 Mbits/sec   10    279 KBytes       
[  4] 143.00-144.00 sec   891 KBytes  7.29 Mbits/sec    0    293 KBytes       
[  4] 144.00-145.00 sec   191 KBytes  1.56 Mbits/sec    0    301 KBytes       
[  4] 145.00-146.00 sec  0.00 Bytes  0.00 bits/sec   71    211 KBytes       
[  4] 146.00-147.00 sec  0.00 Bytes  0.00 bits/sec   15    211 KBytes       
[  4] 147.00-148.00 sec  0.00 Bytes  0.00 bits/sec   15    211 KBytes       
[  4] 148.00-149.00 sec   191 KBytes  1.56 Mbits/sec   10    211 KBytes       
[  4] 149.00-150.00 sec  0.00 Bytes  0.00 bits/sec    2    211 KBytes       
[  4] 150.00-151.00 sec   764 KBytes  6.26 Mbits/sec    0    178 KBytes       
[  4] 151.00-152.00 sec   255 KBytes  2.09 Mbits/sec    0    153 KBytes       
[  4] 152.00-153.00 sec   127 KBytes  1.04 Mbits/sec    0    164 KBytes       
[  4] 153.00-154.00 sec   127 KBytes  1.04 Mbits/sec    0    171 KBytes       
[  4] 154.00-155.00 sec  0.00 Bytes  0.00 bits/sec    4    133 KBytes       
[  4] 155.00-156.00 sec   127 KBytes  1.04 Mbits/sec    3    120 KBytes       
[  4] 156.00-157.00 sec   191 KBytes  1.56 Mbits/sec    0    123 KBytes       
[  4] 157.00-158.00 sec   127 KBytes  1.04 Mbits/sec    0    132 KBytes       
[  4] 158.00-159.00 sec   127 KBytes  1.04 Mbits/sec    0    140 KBytes       
[  4] 159.00-160.00 sec   127 KBytes  1.04 Mbits/sec    0    144 KBytes       
[  4] 160.00-161.00 sec   127 KBytes  1.04 Mbits/sec    0    144 KBytes       
[  4] 161.00-162.00 sec   127 KBytes  1.04 Mbits/sec    1    141 KBytes       
[  4] 162.00-163.00 sec  0.00 Bytes  0.00 bits/sec    0    123 KBytes       
[  4] 163.00-164.00 sec   127 KBytes  1.04 Mbits/sec    1    102 KBytes       
[  4] 164.00-165.00 sec   127 KBytes  1.04 Mbits/sec    0    107 KBytes       
[  4] 165.00-166.00 sec   127 KBytes  1.04 Mbits/sec    1    112 KBytes       
[  4] 166.00-167.00 sec  0.00 Bytes  0.00 bits/sec    8   83.4 KBytes       
[  4] 167.00-168.00 sec  63.6 KBytes   521 Kbits/sec    2   83.4 KBytes       
[  4] 168.00-169.00 sec   127 KBytes  1.04 Mbits/sec    1   76.4 KBytes       
[  4] 169.00-170.00 sec  63.6 KBytes   521 Kbits/sec    0   59.4 KBytes       
[  4] 170.00-171.00 sec  63.6 KBytes   521 Kbits/sec    0   66.5 KBytes       
[  4] 171.00-172.00 sec  63.6 KBytes   521 Kbits/sec    0   69.3 KBytes       
[  4] 172.00-173.00 sec  0.00 Bytes  0.00 bits/sec    1   56.6 KBytes       
[  4] 173.00-174.00 sec  63.6 KBytes   521 Kbits/sec    0   48.1 KBytes       
[  4] 174.00-175.00 sec  0.00 Bytes  0.00 bits/sec    1   48.1 KBytes       
[  4] 175.00-176.00 sec   127 KBytes  1.04 Mbits/sec    0   59.4 KBytes       
[  4] 176.00-177.00 sec  63.6 KBytes   521 Kbits/sec    2   58.0 KBytes       
[  4] 177.00-178.00 sec  63.6 KBytes   521 Kbits/sec    0   43.8 KBytes       
[  4] 178.00-179.00 sec  0.00 Bytes  0.00 bits/sec    1   41.0 KBytes       
[  4] 179.00-180.00 sec  63.6 KBytes   522 Kbits/sec    0   31.1 KBytes       
[  4] 180.00-181.00 sec  0.00 Bytes  0.00 bits/sec    0   33.9 KBytes       
[  4] 181.00-182.00 sec  63.6 KBytes   521 Kbits/sec    0   35.4 KBytes       
[  4] 182.00-183.00 sec  0.00 Bytes  0.00 bits/sec    0   39.6 KBytes       
[  4] 183.00-184.00 sec  63.6 KBytes   521 Kbits/sec    0   50.9 KBytes       
[  4] 184.00-185.00 sec  0.00 Bytes  0.00 bits/sec    0   55.1 KBytes       
[  4] 185.00-186.00 sec  0.00 Bytes  0.00 bits/sec    0   79.2 KBytes       
[  4] 186.00-187.00 sec  63.6 KBytes   521 Kbits/sec    6   86.3 KBytes       
[  4] 187.00-188.00 sec  0.00 Bytes  0.00 bits/sec    4   70.7 KBytes       
[  4] 188.00-189.00 sec  0.00 Bytes  0.00 bits/sec    4   70.7 KBytes       
[  4] 189.00-190.00 sec  0.00 Bytes  0.00 bits/sec    1   70.7 KBytes       
[  4] 190.00-191.00 sec   191 KBytes  1.56 Mbits/sec    0   72.1 KBytes       
[  4] 191.00-192.00 sec   127 KBytes  1.04 Mbits/sec    1   82.0 KBytes       
[  4] 192.00-193.00 sec   127 KBytes  1.04 Mbits/sec   15   59.4 KBytes       
[  4] 193.00-194.00 sec   445 KBytes  3.65 Mbits/sec    0   69.3 KBytes       
[  4] 194.00-195.00 sec   382 KBytes  3.13 Mbits/sec    0   70.7 KBytes       
[  4] 195.00-196.00 sec   318 KBytes  2.61 Mbits/sec    0   70.7 KBytes       
[  4] 196.00-196.00 sec  0.00 Bytes  0.00 bits/sec    0   70.7 KBytes       
- - - - - - - - - - - - - - - - - - - - - - - - -
[ ID] Interval           Transfer     Bandwidth       Retr
[  4]   0.00-196.00 sec  50.1 MBytes  2.15 Mbits/sec  907             sender
[  4]   0.00-196.00 sec  46.9 MBytes  2.01 Mbits/sec                  receiver

iperf Done.
