Connecting to host 10.0.0.2, port 5201
[  4] local 10.0.0.1 port 46110 connected to 10.0.0.2 port 5201
[ ID] Interval           Transfer     Bandwidth       Retr  Cwnd
[  4]   0.00-1.01   sec  1.01 MBytes  8.41 Mbits/sec    2   48.1 KBytes       
[  4]   1.01-2.01   sec   636 KBytes  5.22 Mbits/sec    0   55.1 KBytes       
[  4]   2.01-3.01   sec   382 KBytes  3.13 Mbits/sec    0   60.8 KBytes       
[  4]   3.01-4.00   sec   255 KBytes  2.10 Mbits/sec    0   63.6 KBytes       
[  4]   4.00-5.00   sec   318 KBytes  2.60 Mbits/sec    0   86.3 KBytes       
[  4]   5.00-6.00   sec   573 KBytes  4.71 Mbits/sec    0    129 KBytes       
[  4]   6.00-7.00   sec   573 KBytes  4.69 Mbits/sec    0    180 KBytes       
[  4]   7.00-8.00   sec   764 KBytes  6.26 Mbits/sec    0    253 KBytes       
[  4]   8.00-9.00   sec   891 KBytes  7.30 Mbits/sec    0    342 KBytes       
[  4]   9.00-10.00  sec  1.12 MBytes  9.38 Mbits/sec    0    464 KBytes       
[  4]  10.00-11.00  sec  1.06 MBytes  8.86 Mbits/sec    0    592 KBytes       
[  4]  11.00-12.00  sec  1.12 MBytes  9.37 Mbits/sec    0    720 KBytes       
[  4]  12.00-13.00  sec  0.00 Bytes  0.00 bits/sec   90    512 KBytes       
[  4]  13.00-14.00  sec   382 KBytes  3.13 Mbits/sec   52    512 KBytes       
[  4]  14.00-15.00  sec   827 KBytes  6.77 Mbits/sec    0    523 KBytes       
[  4]  15.00-16.00  sec   445 KBytes  3.65 Mbits/sec    0    564 KBytes       
[  4]  16.00-16.00  sec  0.00 Bytes  0.00 bits/sec    0    564 KBytes       
- - - - - - - - - - - - - - - - - - - - - - - - -
[ ID] Interval           Transfer     Bandwidth       Retr
[  4]   0.00-16.00  sec  10.2 MBytes  5.35 Mbits/sec  144             sender
[  4]   0.00-16.00  sec  6.76 MBytes  3.54 Mbits/sec                  receiver

iperf Done.
