Connecting to host 10.0.0.2, port 5202
[  4] local 10.0.0.1 port 46112 connected to 10.0.0.2 port 5202
[ ID] Interval           Transfer     Bandwidth       Retr  Cwnd
[  4]   0.00-1.00   sec   672 KBytes  5.50 Mbits/sec    0   56.6 KBytes       
[  4]   1.00-2.00   sec   318 KBytes  2.60 Mbits/sec    0   69.3 KBytes       
[  4]   2.00-3.00   sec   318 KBytes  2.62 Mbits/sec    0   82.0 KBytes       
[  4]   3.00-4.00   sec   255 KBytes  2.08 Mbits/sec    0   91.9 KBytes       
[  4]   4.00-5.00   sec   255 KBytes  2.09 Mbits/sec    0    102 KBytes       
[  4]   5.00-6.00   sec   382 KBytes  3.13 Mbits/sec    0    129 KBytes       
[  4]   6.00-7.00   sec   573 KBytes  4.69 Mbits/sec    0    189 KBytes       
[  4]   7.00-8.00   sec   509 KBytes  4.17 Mbits/sec    0    249 KBytes       
[  4]   8.00-9.00   sec   700 KBytes  5.74 Mbits/sec    0    329 KBytes       
[  4]   9.00-10.00  sec   954 KBytes  7.82 Mbits/sec    0    445 KBytes       
[  4]  10.00-11.00  sec   127 KBytes  1.04 Mbits/sec   62    329 KBytes       
[  4]  11.00-12.00  sec  0.00 Bytes  0.00 bits/sec   26    329 KBytes       
[  4]  12.00-13.00  sec   445 KBytes  3.65 Mbits/sec    0    329 KBytes       
[  4]  13.00-14.00  sec   573 KBytes  4.70 Mbits/sec    0    351 KBytes       
[  4]  14.00-15.00  sec   318 KBytes  2.61 Mbits/sec    0    386 KBytes       
[  4]  15.00-16.00  sec   255 KBytes  2.09 Mbits/sec    0    419 KBytes       
[  4]  16.00-17.00  sec  0.00 Bytes  0.00 bits/sec   16    345 KBytes       
[  4]  17.00-18.00  sec   191 KBytes  1.56 Mbits/sec   15    293 KBytes       
[  4]  18.00-19.00  sec   636 KBytes  5.21 Mbits/sec    0    300 KBytes       
[  4]  19.00-20.00  sec   382 KBytes  3.13 Mbits/sec    0    318 KBytes       
[  4]  20.00-21.00  sec   255 KBytes  2.08 Mbits/sec    0    335 KBytes       
[  4]  21.00-22.00  sec   445 KBytes  3.65 Mbits/sec    0    349 KBytes       
[  4]  22.00-23.00  sec   509 KBytes  4.17 Mbits/sec    0    354 KBytes       
[  4]  23.00-24.00  sec   382 KBytes  3.13 Mbits/sec    0    355 KBytes       
[  4]  24.00-25.00  sec   382 KBytes  3.13 Mbits/sec    0    358 KBytes       
[  4]  25.00-26.00  sec   382 KBytes  3.12 Mbits/sec    0    362 KBytes       
[  4]  26.00-27.00  sec   318 KBytes  2.61 Mbits/sec    0    375 KBytes       
[  4]  27.00-27.00  sec  0.00 Bytes  0.00 bits/sec    0    375 KBytes       
- - - - - - - - - - - - - - - - - - - - - - - - -
[ ID] Interval           Transfer     Bandwidth       Retr
[  4]   0.00-27.00  sec  10.3 MBytes  3.20 Mbits/sec  119             sender
[  4]   0.00-27.00  sec  8.07 MBytes  2.51 Mbits/sec                  receiver

iperf Done.
