-----------------------------------------------------------
Server listening on 5201
-----------------------------------------------------------
Accepted connection from 10.0.0.1, port 53774
[  5] local 10.0.0.2 port 5201 connected to 10.0.0.1 port 46110
[ ID] Interval           Transfer     Bandwidth
[  5]   0.00-1.01   sec   829 KBytes  6.75 Mbits/sec                  
[  5]   1.01-2.01   sec   648 KBytes  5.28 Mbits/sec                  
[  5]   2.01-3.01   sec   501 KBytes  4.12 Mbits/sec                  
[  5]   3.01-4.01   sec   409 KBytes  3.34 Mbits/sec                  
[  5]   4.01-5.01   sec   358 KBytes  2.94 Mbits/sec                  
[  5]   5.01-6.00   sec   298 KBytes  2.46 Mbits/sec                  
[  5]   6.00-7.00   sec   308 KBytes  2.53 Mbits/sec                  
[  5]   7.00-8.00   sec   195 KBytes  1.60 Mbits/sec                  
[  5]   8.00-9.00   sec   192 KBytes  1.58 Mbits/sec                  
[  5]   9.00-10.00  sec   170 KBytes  1.39 Mbits/sec                  
[  5]  10.00-11.00  sec   206 KBytes  1.69 Mbits/sec                  
[  5]  11.00-12.00  sec  8.48 KBytes  69.6 Kbits/sec                  
[  5]  12.00-13.00  sec  0.00 Bytes  0.00 bits/sec                  
[  5]  13.00-14.00  sec   223 KBytes  1.83 Mbits/sec                  
[  5]  14.00-15.00  sec   232 KBytes  1.90 Mbits/sec                  
[  5]  15.00-16.00  sec   242 KBytes  1.98 Mbits/sec                  
[  5]  16.00-17.00  sec  87.7 KBytes   718 Kbits/sec                  
[  5]  17.00-18.00  sec  0.00 Bytes  0.00 bits/sec                  
[  5]  18.00-19.00  sec  59.4 KBytes   487 Kbits/sec                  
[  5]  19.00-20.00  sec   230 KBytes  1.89 Mbits/sec                  
[  5]  20.00-21.00  sec  94.7 KBytes   776 Kbits/sec                  
[  5]  21.00-22.00  sec  33.9 KBytes   278 Kbits/sec                  
[  5]  22.00-23.00  sec  0.00 Bytes  0.00 bits/sec                  
[  5]  23.00-24.00  sec   197 KBytes  1.61 Mbits/sec                  
[  5]  24.00-25.00  sec  0.00 Bytes  0.00 bits/sec                  
[  5]  25.00-26.00  sec  74.9 KBytes   614 Kbits/sec                  
[  5]  26.00-27.00  sec  0.00 Bytes  0.00 bits/sec                  
[  5]  27.00-28.00  sec   154 KBytes  1.26 Mbits/sec                  
[  5]  28.00-29.00  sec  0.00 Bytes  0.00 bits/sec                  
[  5]  29.00-30.00  sec  0.00 Bytes  0.00 bits/sec                  
[  5]  30.00-31.00  sec  24.0 KBytes   197 Kbits/sec                  
[  5]  31.00-32.00  sec  41.0 KBytes   336 Kbits/sec                  
[  5]  32.00-33.00  sec  25.5 KBytes   209 Kbits/sec                  
[  5]  33.00-34.00  sec  0.00 Bytes  0.00 bits/sec                  
[  5]  34.00-35.00  sec  0.00 Bytes  0.00 bits/sec                  
[  5]  35.00-36.00  sec  0.00 Bytes  0.00 bits/sec                  
[  5]  36.00-37.00  sec  0.00 Bytes  0.00 bits/sec                  
[  5]  37.00-38.00  sec  0.00 Bytes  0.00 bits/sec                  
[  5]  38.00-39.00  sec  0.00 Bytes  0.00 bits/sec                  
[  5]  39.00-40.00  sec  0.00 Bytes  0.00 bits/sec                  
[  5]  40.00-41.00  sec  0.00 Bytes  0.00 bits/sec                  
[  5]  41.00-42.00  sec  0.00 Bytes  0.00 bits/sec                  
[  5]  42.00-43.00  sec  0.00 Bytes  0.00 bits/sec                  
[  5]  43.00-44.00  sec  0.00 Bytes  0.00 bits/sec                  
[  5]  44.00-45.00  sec  0.00 Bytes  0.00 bits/sec                  
[  5]  45.00-46.00  sec  0.00 Bytes  0.00 bits/sec                  
[  5]  46.00-47.00  sec  0.00 Bytes  0.00 bits/sec                  
[  5]  47.00-48.00  sec  2.83 KBytes  23.2 Kbits/sec                  
[  5]  48.00-49.00  sec  0.00 Bytes  0.00 bits/sec                  
[  5]  49.00-50.00  sec  0.00 Bytes  0.00 bits/sec                  
[  5]  50.00-51.00  sec  0.00 Bytes  0.00 bits/sec                  
[  5]  51.00-52.00  sec  0.00 Bytes  0.00 bits/sec                  
[  5]  52.00-53.00  sec  0.00 Bytes  0.00 bits/sec                  
[  5]  53.00-54.00  sec  0.00 Bytes  0.00 bits/sec                  
[  5]  54.00-55.00  sec  0.00 Bytes  0.00 bits/sec                  
[  5]  55.00-56.00  sec  0.00 Bytes  0.00 bits/sec                  
[  5]  56.00-57.00  sec   141 KBytes  1.16 Mbits/sec                  
[  5]  57.00-58.00  sec  0.00 Bytes  0.00 bits/sec                  
[  5]  58.00-59.00  sec   551 KBytes  4.52 Mbits/sec                  
[  5]  59.00-60.00  sec   467 KBytes  3.82 Mbits/sec                  
[  5]  60.00-61.00  sec   469 KBytes  3.85 Mbits/sec                  
[  5]  61.00-62.00  sec   461 KBytes  3.78 Mbits/sec                  
[  5]  62.00-63.00  sec   420 KBytes  3.44 Mbits/sec                  
[  5]  63.00-64.00  sec   324 KBytes  2.65 Mbits/sec                  
[  5]  64.00-64.39  sec   115 KBytes  2.42 Mbits/sec                  
- - - - - - - - - - - - - - - - - - - - - - - - -
[ ID] Interval           Transfer     Bandwidth
[  5]   0.00-64.39  sec  0.00 Bytes  0.00 bits/sec                  sender
[  5]   0.00-64.39  sec  8.59 MBytes  1.12 Mbits/sec                  receiver
