-----------------------------------------------------------
Server listening on 5201
-----------------------------------------------------------
Accepted connection from 10.0.0.1, port 50019
[  5] local 10.0.0.2 port 5201 connected to 10.0.0.1 port 46110
[ ID] Interval           Transfer     Bandwidth
[  5]   0.00-1.00   sec   740 KBytes  6.04 Mbits/sec                  
[  5]   1.00-2.00   sec   573 KBytes  4.70 Mbits/sec                  
[  5]   2.00-3.00   sec   355 KBytes  2.90 Mbits/sec                  
[  5]   3.00-4.00   sec   259 KBytes  2.13 Mbits/sec                  
[  5]   4.00-5.00   sec   239 KBytes  1.96 Mbits/sec                  
[  5]   5.00-6.00   sec   281 KBytes  2.30 Mbits/sec                  
[  5]   6.00-7.00   sec   286 KBytes  2.34 Mbits/sec                  
[  5]   7.00-8.00   sec   385 KBytes  3.15 Mbits/sec                  
[  5]   8.00-9.00   sec   382 KBytes  3.13 Mbits/sec                  
[  5]   9.00-10.00  sec   484 KBytes  3.96 Mbits/sec                  
[  5]  10.00-11.00  sec   393 KBytes  3.22 Mbits/sec                  
[  5]  11.00-12.00  sec   409 KBytes  3.34 Mbits/sec                  
[  5]  12.00-13.00  sec  28.3 KBytes   232 Kbits/sec                  
[  5]  13.00-14.00  sec   346 KBytes  2.84 Mbits/sec                  
[  5]  14.00-15.00  sec   830 KBytes  6.78 Mbits/sec                  
[  5]  15.00-16.00  sec   354 KBytes  2.90 Mbits/sec                  
[  5]  16.00-17.00  sec   378 KBytes  3.09 Mbits/sec                  
[  5]  17.00-17.31  sec   199 KBytes  5.21 Mbits/sec                  
- - - - - - - - - - - - - - - - - - - - - - - - -
[ ID] Interval           Transfer     Bandwidth
[  5]   0.00-17.31  sec  0.00 Bytes  0.00 bits/sec                  sender
[  5]   0.00-17.31  sec  6.76 MBytes  3.27 Mbits/sec                  receiver
