-----------------------------------------------------------
Server listening on 5202
-----------------------------------------------------------
Accepted connection from 10.0.0.1, port 58804
[  5] local 10.0.0.2 port 5202 connected to 10.0.0.1 port 46112
[ ID] Interval           Transfer     Bandwidth
[  5]   0.00-1.00   sec   331 KBytes  2.71 Mbits/sec                  
[  5]   1.00-2.00   sec   400 KBytes  3.28 Mbits/sec                  
[  5]   2.00-3.00   sec   393 KBytes  3.22 Mbits/sec                  
[  5]   3.00-4.00   sec   407 KBytes  3.34 Mbits/sec                  
[  5]   4.00-5.00   sec   370 KBytes  3.03 Mbits/sec                  
[  5]   5.00-6.00   sec   420 KBytes  3.44 Mbits/sec                  
[  5]   6.00-7.00   sec   455 KBytes  3.73 Mbits/sec                  
[  5]   7.00-8.00   sec   436 KBytes  3.57 Mbits/sec                  
[  5]   8.00-9.00   sec   467 KBytes  3.82 Mbits/sec                  
[  5]   9.00-10.00  sec   563 KBytes  4.61 Mbits/sec                  
[  5]  10.00-11.01  sec   506 KBytes  4.09 Mbits/sec                  
[  5]  11.01-12.00  sec   530 KBytes  4.41 Mbits/sec                  
[  5]  12.00-13.00  sec   182 KBytes  1.49 Mbits/sec                  
[  5]  13.00-14.00  sec  72.1 KBytes   591 Kbits/sec                  
[  5]  14.00-15.00  sec  1.13 MBytes  9.46 Mbits/sec                  
[  5]  15.00-16.00  sec   395 KBytes  3.22 Mbits/sec                  
[  5]  16.00-17.00  sec   607 KBytes  4.98 Mbits/sec                  
[  5]  17.00-18.00  sec   670 KBytes  5.49 Mbits/sec                  
[  5]  18.00-19.00  sec  24.0 KBytes   197 Kbits/sec                  
[  5]  19.00-20.00  sec  26.9 KBytes   220 Kbits/sec                  
[  5]  20.00-21.00  sec  1.17 MBytes  9.84 Mbits/sec                  
[  5]  21.00-22.00  sec   523 KBytes  4.28 Mbits/sec                  
[  5]  22.00-23.00  sec   540 KBytes  4.43 Mbits/sec                  
[  5]  23.00-24.00  sec   581 KBytes  4.76 Mbits/sec                  
[  5]  24.00-25.00  sec   588 KBytes  4.82 Mbits/sec                  
[  5]  25.00-26.00  sec   554 KBytes  4.54 Mbits/sec                  
[  5]  26.00-27.00  sec   378 KBytes  3.09 Mbits/sec                  
[  5]  27.00-28.00  sec   390 KBytes  3.20 Mbits/sec                  
[  5]  28.00-29.00  sec   602 KBytes  4.93 Mbits/sec                  
[  5]  29.00-30.00  sec   626 KBytes  5.13 Mbits/sec                  
[  5]  30.00-31.00  sec   604 KBytes  4.95 Mbits/sec                  
[  5]  31.00-32.00  sec   354 KBytes  2.90 Mbits/sec                  
[  5]  32.00-33.00  sec   409 KBytes  3.35 Mbits/sec                  
[  5]  33.00-34.00  sec  72.1 KBytes   591 Kbits/sec                  
[  5]  34.00-35.00  sec  0.00 Bytes  0.00 bits/sec                  
[  5]  35.00-36.00  sec  1.55 MBytes  13.0 Mbits/sec                  
[  5]  36.00-37.00  sec   503 KBytes  4.12 Mbits/sec                  
[  5]  37.00-38.00  sec   570 KBytes  4.67 Mbits/sec                  
[  5]  38.00-39.00  sec   491 KBytes  4.01 Mbits/sec                  
[  5]  39.00-40.00  sec   372 KBytes  3.05 Mbits/sec                  
[  5]  40.00-41.00  sec   481 KBytes  3.94 Mbits/sec                  
[  5]  41.00-42.00  sec   366 KBytes  3.00 Mbits/sec                  
[  5]  42.00-43.00  sec   297 KBytes  2.43 Mbits/sec                  
[  5]  43.00-44.00  sec  1.06 MBytes  8.89 Mbits/sec                  
[  5]  44.00-45.00  sec   508 KBytes  4.15 Mbits/sec                  
[  5]  45.00-46.00  sec   535 KBytes  4.38 Mbits/sec                  
[  5]  46.00-47.00  sec   539 KBytes  4.40 Mbits/sec                  
[  5]  47.00-48.00  sec   431 KBytes  3.55 Mbits/sec                  
[  5]  48.00-49.00  sec   443 KBytes  3.62 Mbits/sec                  
[  5]  49.00-50.00  sec   465 KBytes  3.82 Mbits/sec                  
[  5]  50.00-51.00  sec   527 KBytes  4.32 Mbits/sec                  
[  5]  51.00-52.00  sec   585 KBytes  4.80 Mbits/sec                  
[  5]  52.00-53.00  sec   594 KBytes  4.87 Mbits/sec                  
[  5]  53.00-54.00  sec   598 KBytes  4.90 Mbits/sec                  
[  5]  54.00-55.00  sec   437 KBytes  3.57 Mbits/sec                  
[  5]  55.00-56.00  sec   553 KBytes  4.54 Mbits/sec                  
[  5]  56.00-57.00  sec  1.13 MBytes  9.51 Mbits/sec                  
[  5]  57.00-58.00  sec  1.13 MBytes  9.47 Mbits/sec                  
[  5]  58.00-59.00  sec  1.13 MBytes  9.48 Mbits/sec                  
[  5]  59.00-60.00  sec  1.12 MBytes  9.39 Mbits/sec                  
[  5]  60.00-61.00  sec  1.11 MBytes  9.29 Mbits/sec                  
[  5]  61.00-62.00  sec  1.12 MBytes  9.35 Mbits/sec                  
[  5]  62.00-63.00  sec  1.14 MBytes  9.56 Mbits/sec                  
[  5]  63.00-64.00  sec   491 KBytes  4.02 Mbits/sec                  
[  5]  64.00-65.00  sec   529 KBytes  4.34 Mbits/sec                  
[  5]  65.00-66.00  sec  2.40 MBytes  20.1 Mbits/sec                  
[  5]  66.00-67.00  sec  1.13 MBytes  9.47 Mbits/sec                  
[  5]  67.00-68.00  sec  1.13 MBytes  9.49 Mbits/sec                  
[  5]  68.00-69.00  sec  1.12 MBytes  9.38 Mbits/sec                  
[  5]  69.00-70.00  sec  1.13 MBytes  9.49 Mbits/sec                  
[  5]  70.00-71.00  sec  1.12 MBytes  9.39 Mbits/sec                  
[  5]  71.00-72.00  sec  1.13 MBytes  9.50 Mbits/sec                  
[  5]  72.00-73.00  sec  1.13 MBytes  9.50 Mbits/sec                  
[  5]  73.00-74.00  sec  1.03 MBytes  8.65 Mbits/sec                  
[  5]  74.00-75.00  sec  1.14 MBytes  9.52 Mbits/sec                  
[  5]  75.00-76.00  sec  1.12 MBytes  9.37 Mbits/sec                  
[  5]  76.00-77.00  sec  1.13 MBytes  9.47 Mbits/sec                  
[  5]  77.00-78.00  sec  1.13 MBytes  9.49 Mbits/sec                  
[  5]  78.00-79.00  sec  1.13 MBytes  9.47 Mbits/sec                  
[  5]  79.00-80.00  sec  1.13 MBytes  9.52 Mbits/sec                  
[  5]  80.00-81.00  sec  1.13 MBytes  9.44 Mbits/sec                  
[  5]  81.00-82.00  sec  1.14 MBytes  9.53 Mbits/sec                  
[  5]  82.00-83.01  sec  1.08 MBytes  9.00 Mbits/sec                  
[  5]  83.01-84.00  sec  1.10 MBytes  9.26 Mbits/sec                  
[  5]  84.00-85.00  sec  1.14 MBytes  9.57 Mbits/sec                  
[  5]  85.00-86.00  sec   404 KBytes  3.31 Mbits/sec                  
[  5]  86.00-87.00  sec   629 KBytes  5.16 Mbits/sec                  
[  5]  87.00-88.00  sec  2.38 MBytes  19.9 Mbits/sec                  
[  5]  88.00-89.00  sec  1.14 MBytes  9.52 Mbits/sec                  
[  5]  89.00-90.00  sec  1.12 MBytes  9.42 Mbits/sec                  
[  5]  90.00-91.00  sec  1.09 MBytes  9.13 Mbits/sec                  
[  5]  91.00-92.01  sec   949 KBytes  7.73 Mbits/sec                  
[  5]  92.01-93.00  sec  1.21 MBytes  10.2 Mbits/sec                  
[  5]  93.00-94.00  sec  0.00 Bytes  0.00 bits/sec                  
[  5]  94.00-95.00  sec  1.21 MBytes  10.2 Mbits/sec                  
[  5]  95.00-96.00  sec  2.20 MBytes  18.5 Mbits/sec                  
[  5]  96.00-97.00  sec  1.13 MBytes  9.47 Mbits/sec                  
[  5]  97.00-98.00  sec  1.10 MBytes  9.19 Mbits/sec                  
[  5]  98.00-99.00  sec  1.14 MBytes  9.54 Mbits/sec                  
[  5]  99.00-100.00 sec  1.14 MBytes  9.56 Mbits/sec                  
[  5] 100.00-101.00 sec  1.14 MBytes  9.54 Mbits/sec                  
[  5] 101.00-102.00 sec  1.14 MBytes  9.56 Mbits/sec                  
[  5] 102.00-103.00 sec  1.13 MBytes  9.51 Mbits/sec                  
[  5] 103.00-104.00 sec  1.14 MBytes  9.56 Mbits/sec                  
[  5] 104.00-105.00 sec  1.13 MBytes  9.50 Mbits/sec                  
[  5] 105.00-106.00 sec  1.14 MBytes  9.57 Mbits/sec                  
[  5] 106.00-107.00 sec  1.13 MBytes  9.45 Mbits/sec                  
[  5] 107.00-108.00 sec  1.11 MBytes  9.33 Mbits/sec                  
[  5] 108.00-109.00 sec  1.14 MBytes  9.56 Mbits/sec                  
[  5] 109.00-110.00 sec  1.14 MBytes  9.57 Mbits/sec                  
[  5] 110.00-111.00 sec  1.14 MBytes  9.55 Mbits/sec                  
[  5] 111.00-112.00 sec  1.14 MBytes  9.56 Mbits/sec                  
[  5] 112.00-113.00 sec  1.14 MBytes  9.55 Mbits/sec                  
[  5] 113.00-114.00 sec  1.10 MBytes  9.20 Mbits/sec                  
[  5] 114.00-114.70 sec   662 KBytes  7.79 Mbits/sec                  
- - - - - - - - - - - - - - - - - - - - - - - - -
[ ID] Interval           Transfer     Bandwidth
[  5]   0.00-114.70 sec  0.00 Bytes  0.00 bits/sec                  sender
[  5]   0.00-114.70 sec  93.0 MBytes  6.80 Mbits/sec                  receiver
