-----------------------------------------------------------
Server listening on 5201
-----------------------------------------------------------
Accepted connection from 10.0.0.1, port 44291
[  5] local 10.0.0.2 port 5201 connected to 10.0.0.1 port 46110
[ ID] Interval           Transfer     Bandwidth
[  5]   0.00-1.00   sec   867 KBytes  7.09 Mbits/sec                  
[  5]   1.00-2.00   sec   851 KBytes  6.98 Mbits/sec                  
[  5]   2.00-3.00   sec   856 KBytes  7.01 Mbits/sec                  
[  5]   3.00-4.00   sec   829 KBytes  6.79 Mbits/sec                  
[  5]   4.00-5.00   sec   806 KBytes  6.60 Mbits/sec                  
[  5]   5.00-6.00   sec   754 KBytes  6.17 Mbits/sec                  
[  5]   6.00-7.00   sec   672 KBytes  5.50 Mbits/sec                  
[  5]   7.00-8.00   sec   580 KBytes  4.75 Mbits/sec                  
[  5]   8.00-9.00   sec   537 KBytes  4.41 Mbits/sec                  
[  5]   9.00-10.00  sec   491 KBytes  4.02 Mbits/sec                  
[  5]  10.00-11.00  sec   414 KBytes  3.40 Mbits/sec                  
[  5]  11.00-12.00  sec   491 KBytes  4.02 Mbits/sec                  
[  5]  12.00-13.00  sec   440 KBytes  3.60 Mbits/sec                  
[  5]  13.00-14.00  sec   296 KBytes  2.42 Mbits/sec                  
[  5]  14.00-15.00  sec   209 KBytes  1.71 Mbits/sec                  
[  5]  15.00-16.00  sec  94.7 KBytes   777 Kbits/sec                  
[  5]  16.00-17.00  sec   929 KBytes  7.61 Mbits/sec                  
[  5]  17.00-18.00  sec   483 KBytes  3.95 Mbits/sec                  
[  5]  18.00-19.00  sec   397 KBytes  3.26 Mbits/sec                  
[  5]  19.00-20.00  sec   334 KBytes  2.74 Mbits/sec                  
[  5]  20.00-21.00  sec   406 KBytes  3.32 Mbits/sec                  
[  5]  21.00-22.00  sec  0.00 Bytes  0.00 bits/sec                  
[  5]  22.00-23.00  sec   624 KBytes  5.11 Mbits/sec                  
[  5]  23.00-24.00  sec   863 KBytes  7.06 Mbits/sec                  
[  5]  24.00-25.00  sec   488 KBytes  4.00 Mbits/sec                  
[  5]  25.00-26.00  sec   520 KBytes  4.26 Mbits/sec                  
[  5]  26.00-27.00  sec   535 KBytes  4.38 Mbits/sec                  
[  5]  27.00-28.00  sec   551 KBytes  4.52 Mbits/sec                  
[  5]  28.00-29.00  sec   542 KBytes  4.44 Mbits/sec                  
[  5]  29.00-30.00  sec   535 KBytes  4.38 Mbits/sec                  
[  5]  30.00-31.00  sec   540 KBytes  4.42 Mbits/sec                  
[  5]  31.00-32.00  sec   533 KBytes  4.37 Mbits/sec                  
[  5]  32.00-33.00  sec   550 KBytes  4.51 Mbits/sec                  
[  5]  33.00-34.00  sec   551 KBytes  4.52 Mbits/sec                  
[  5]  34.00-35.00  sec   577 KBytes  4.73 Mbits/sec                  
[  5]  35.00-36.00  sec   608 KBytes  4.98 Mbits/sec                  
[  5]  36.00-37.00  sec   557 KBytes  4.56 Mbits/sec                  
[  5]  37.00-38.00  sec   540 KBytes  4.43 Mbits/sec                  
[  5]  38.00-39.00  sec   436 KBytes  3.57 Mbits/sec                  
[  5]  39.00-40.00  sec  0.00 Bytes  0.00 bits/sec                  
[  5]  40.00-41.00  sec   816 KBytes  6.69 Mbits/sec                  
[  5]  41.00-42.00  sec  1.11 MBytes  9.31 Mbits/sec                  
[  5]  42.00-43.00  sec   557 KBytes  4.56 Mbits/sec                  
[  5]  43.00-44.00  sec   542 KBytes  4.44 Mbits/sec                  
[  5]  44.00-45.00  sec   592 KBytes  4.85 Mbits/sec                  
[  5]  45.00-46.00  sec  87.7 KBytes   717 Kbits/sec                  
[  5]  46.00-47.00  sec   587 KBytes  4.81 Mbits/sec                  
[  5]  47.00-48.00  sec  1.16 MBytes  9.73 Mbits/sec                  
[  5]  48.00-49.00  sec   584 KBytes  4.78 Mbits/sec                  
[  5]  49.00-50.00  sec   595 KBytes  4.88 Mbits/sec                  
[  5]  50.00-51.00  sec   570 KBytes  4.66 Mbits/sec                  
[  5]  51.00-52.00  sec   561 KBytes  4.60 Mbits/sec                  
[  5]  52.00-53.00  sec   631 KBytes  5.17 Mbits/sec                  
[  5]  53.00-54.00  sec   634 KBytes  5.19 Mbits/sec                  
[  5]  54.00-55.00  sec   625 KBytes  5.12 Mbits/sec                  
[  5]  55.00-56.00  sec   561 KBytes  4.60 Mbits/sec                  
[  5]  56.00-57.00  sec   518 KBytes  4.22 Mbits/sec                  
[  5]  57.00-58.00  sec   561 KBytes  4.61 Mbits/sec                  
[  5]  58.00-59.00  sec   706 KBytes  5.78 Mbits/sec                  
[  5]  59.00-60.00  sec   564 KBytes  4.62 Mbits/sec                  
[  5]  60.00-61.00  sec   263 KBytes  2.15 Mbits/sec                  
[  5]  61.00-62.00  sec  0.00 Bytes  0.00 bits/sec                  
[  5]  62.00-63.00  sec  42.4 KBytes   348 Kbits/sec                  
[  5]  63.00-64.00  sec  0.00 Bytes  0.00 bits/sec                  
[  5]  64.00-65.00  sec  0.00 Bytes  0.00 bits/sec                  
[  5]  65.00-66.00  sec  0.00 Bytes  0.00 bits/sec                  
[  5]  66.00-67.00  sec  25.5 KBytes   209 Kbits/sec                  
[  5]  67.00-68.00  sec   601 KBytes  4.92 Mbits/sec                  
[  5]  68.00-69.00  sec  1.81 MBytes  15.2 Mbits/sec                  
[  5]  69.00-70.00  sec   122 KBytes   996 Kbits/sec                  
[  5]  70.00-71.00  sec  82.0 KBytes   672 Kbits/sec                  
[  5]  71.00-72.00  sec   397 KBytes  3.25 Mbits/sec                  
[  5]  72.00-73.00  sec  0.00 Bytes  0.00 bits/sec                  
[  5]  73.00-74.00  sec  0.00 Bytes  0.00 bits/sec                  
[  5]  74.00-75.00  sec  0.00 Bytes  0.00 bits/sec                  
[  5]  75.00-76.00  sec  0.00 Bytes  0.00 bits/sec                  
[  5]  76.00-77.00  sec  5.66 KBytes  46.4 Kbits/sec                  
[  5]  77.00-78.00  sec  0.00 Bytes  0.00 bits/sec                  
[  5]  78.00-79.00  sec  73.5 KBytes   602 Kbits/sec                  
[  5]  79.00-80.00  sec  1.36 MBytes  11.4 Mbits/sec                  
[  5]  80.00-81.00  sec   365 KBytes  2.99 Mbits/sec                  
[  5]  81.00-82.00  sec  87.7 KBytes   718 Kbits/sec                  
[  5]  82.00-83.00  sec   441 KBytes  3.61 Mbits/sec                  
[  5]  83.00-84.00  sec   505 KBytes  4.14 Mbits/sec                  
[  5]  84.00-85.00  sec   413 KBytes  3.38 Mbits/sec                  
[  5]  85.00-86.00  sec   479 KBytes  3.93 Mbits/sec                  
[  5]  86.00-87.00  sec   112 KBytes   915 Kbits/sec                  
[  5]  87.00-88.00  sec  0.00 Bytes  0.00 bits/sec                  
[  5]  88.00-89.00  sec  0.00 Bytes  0.00 bits/sec                  
[  5]  89.00-90.00  sec  0.00 Bytes  0.00 bits/sec                  
[  5]  90.00-91.00  sec  4.24 KBytes  34.8 Kbits/sec                  
[  5]  91.00-92.00  sec  1.43 MBytes  12.0 Mbits/sec                  
[  5]  92.00-93.00  sec   428 KBytes  3.51 Mbits/sec                  
[  5]  93.00-94.00  sec  48.1 KBytes   394 Kbits/sec                  
[  5]  94.00-95.00  sec  4.24 KBytes  34.8 Kbits/sec                  
[  5]  95.00-96.00  sec  0.00 Bytes  0.00 bits/sec                  
[  5]  96.00-97.00  sec  0.00 Bytes  0.00 bits/sec                  
[  5]  97.00-98.00  sec  0.00 Bytes  0.00 bits/sec                  
[  5]  98.00-99.00  sec  0.00 Bytes  0.00 bits/sec                  
[  5]  99.00-100.00 sec  26.9 KBytes   220 Kbits/sec                  
[  5] 100.00-101.00 sec  0.00 Bytes  0.00 bits/sec                  
[  5] 101.00-102.00 sec  0.00 Bytes  0.00 bits/sec                  
[  5] 102.00-103.00 sec  25.5 KBytes   209 Kbits/sec                  
[  5] 103.00-104.00 sec  0.00 Bytes  0.00 bits/sec                  
[  5] 104.00-105.00 sec  0.00 Bytes  0.00 bits/sec                  
[  5] 105.00-106.00 sec  0.00 Bytes  0.00 bits/sec                  
[  5] 106.00-107.00 sec   362 KBytes  2.96 Mbits/sec                  
[  5] 107.00-108.00 sec  0.00 Bytes  0.00 bits/sec                  
[  5] 108.00-109.00 sec  39.6 KBytes   324 Kbits/sec                  
[  5] 109.00-110.00 sec  0.00 Bytes  0.00 bits/sec                  
[  5] 110.00-111.00 sec  0.00 Bytes  0.00 bits/sec                  
[  5] 111.00-112.00 sec  0.00 Bytes  0.00 bits/sec                  
[  5] 112.00-113.00 sec   568 KBytes  4.66 Mbits/sec                  
[  5] 113.00-114.00 sec  0.00 Bytes  0.00 bits/sec                  
[  5] 114.00-115.00 sec   139 KBytes  1.14 Mbits/sec                  
[  5] 115.00-116.00 sec  0.00 Bytes  0.00 bits/sec                  
[  5] 116.00-117.00 sec  0.00 Bytes  0.00 bits/sec                  
[  5] 117.00-118.00 sec  0.00 Bytes  0.00 bits/sec                  
[  5] 118.00-119.00 sec  7.07 KBytes  57.9 Kbits/sec                  
[  5] 119.00-120.00 sec  0.00 Bytes  0.00 bits/sec                  
[  5] 120.00-121.00 sec  46.7 KBytes   382 Kbits/sec                  
[  5] 121.00-122.00 sec   328 KBytes  2.69 Mbits/sec                  
[  5] 122.00-123.00 sec  1.12 MBytes  9.36 Mbits/sec                  
[  5] 123.00-123.17 sec   195 KBytes  9.51 Mbits/sec                  
- - - - - - - - - - - - - - - - - - - - - - - - -
[ ID] Interval           Transfer     Bandwidth
[  5]   0.00-123.17 sec  0.00 Bytes  0.00 bits/sec                  sender
[  5]   0.00-123.17 sec  44.9 MBytes  3.06 Mbits/sec                  receiver
