-----------------------------------------------------------
Server listening on 5206
-----------------------------------------------------------
Accepted connection from 10.0.0.1, port 60901
[  5] local 10.0.0.2 port 5206 connected to 10.0.0.1 port 46120
[ ID] Interval           Transfer     Bandwidth
[  5]   0.00-1.00   sec  14.1 KBytes   115 Kbits/sec                  
[  5]   1.00-2.00   sec  70.7 KBytes   581 Kbits/sec                  
[  5]   2.00-3.00   sec  45.2 KBytes   371 Kbits/sec                  
[  5]   3.00-4.00   sec  46.7 KBytes   382 Kbits/sec                  
[  5]   4.00-5.00   sec  49.5 KBytes   405 Kbits/sec                  
[  5]   5.00-6.00   sec  55.1 KBytes   452 Kbits/sec                  
[  5]   6.00-7.00   sec  7.07 KBytes  57.9 Kbits/sec                  
[  5]   7.00-8.00   sec  94.7 KBytes   776 Kbits/sec                  
[  5]   8.00-9.00   sec  12.7 KBytes   104 Kbits/sec                  
[  5]   9.00-10.00  sec  0.00 Bytes  0.00 bits/sec                  
[  5]  10.00-11.00  sec  52.3 KBytes   429 Kbits/sec                  
[  5]  11.00-12.00  sec   103 KBytes   846 Kbits/sec                  
[  5]  12.00-13.00  sec  76.4 KBytes   625 Kbits/sec                  
[  5]  13.00-14.00  sec  56.6 KBytes   464 Kbits/sec                  
[  5]  14.00-15.00  sec  0.00 Bytes  0.00 bits/sec                  
[  5]  15.00-16.00  sec  9.90 KBytes  81.1 Kbits/sec                  
[  5]  16.00-17.00  sec  0.00 Bytes  0.00 bits/sec                  
[  5]  17.00-18.00  sec   174 KBytes  1.43 Mbits/sec                  
[  5]  18.00-19.00  sec  42.4 KBytes   347 Kbits/sec                  
[  5]  19.00-20.00  sec  0.00 Bytes  0.00 bits/sec                  
[  5]  20.00-21.00  sec  31.1 KBytes   255 Kbits/sec                  
[  5]  21.00-22.00  sec  96.2 KBytes   788 Kbits/sec                  
[  5]  22.00-23.00  sec  77.8 KBytes   637 Kbits/sec                  
[  5]  23.00-24.00  sec  77.8 KBytes   637 Kbits/sec                  
[  5]  24.00-25.00  sec  5.66 KBytes  46.3 Kbits/sec                  
[  5]  25.00-26.00  sec  0.00 Bytes  0.00 bits/sec                  
[  5]  26.00-27.00  sec   119 KBytes   973 Kbits/sec                  
[  5]  27.00-28.00  sec  70.7 KBytes   579 Kbits/sec                  
[  5]  28.00-29.00  sec  41.0 KBytes   336 Kbits/sec                  
[  5]  29.00-30.00  sec  0.00 Bytes  0.00 bits/sec                  
[  5]  30.00-31.00  sec  0.00 Bytes  0.00 bits/sec                  
[  5]  31.00-32.00  sec  0.00 Bytes  0.00 bits/sec                  
[  5]  32.00-33.00  sec  0.00 Bytes  0.00 bits/sec                  
[  5]  33.00-34.00  sec  0.00 Bytes  0.00 bits/sec                  
[  5]  34.00-35.00  sec  0.00 Bytes  0.00 bits/sec                  
[  5]  35.00-36.00  sec  0.00 Bytes  0.00 bits/sec                  
[  5]  36.00-37.00  sec  0.00 Bytes  0.00 bits/sec                  
[  5]  37.00-38.00  sec  0.00 Bytes  0.00 bits/sec                  
[  5]  38.00-39.00  sec  0.00 Bytes  0.00 bits/sec                  
[  5]  39.00-40.01  sec  0.00 Bytes  0.00 bits/sec                  
[  5]  40.01-41.00  sec  0.00 Bytes  0.00 bits/sec                  
[  5]  41.00-42.00  sec  0.00 Bytes  0.00 bits/sec                  
[  5]  42.00-43.00  sec  0.00 Bytes  0.00 bits/sec                  
[  5]  43.00-44.00  sec  0.00 Bytes  0.00 bits/sec                  
[  5]  44.00-45.00  sec  0.00 Bytes  0.00 bits/sec                  
[  5]  45.00-46.02  sec  0.00 Bytes  0.00 bits/sec                  
[  5]  46.02-47.00  sec  0.00 Bytes  0.00 bits/sec                  
[  5]  47.00-48.00  sec  0.00 Bytes  0.00 bits/sec                  
[  5]  48.00-49.00  sec  0.00 Bytes  0.00 bits/sec                  
[  5]  49.00-50.00  sec  0.00 Bytes  0.00 bits/sec                  
[  5]  50.00-51.00  sec  0.00 Bytes  0.00 bits/sec                  
[  5]  51.00-52.00  sec  0.00 Bytes  0.00 bits/sec                  
[  5]  52.00-53.00  sec  0.00 Bytes  0.00 bits/sec                  
[  5]  53.00-54.00  sec  0.00 Bytes  0.00 bits/sec                  
[  5]  54.00-55.00  sec  0.00 Bytes  0.00 bits/sec                  
[  5]  55.00-56.00  sec  0.00 Bytes  0.00 bits/sec                  
[  5]  56.00-57.00  sec  0.00 Bytes  0.00 bits/sec                  
[  5]  57.00-58.01  sec  0.00 Bytes  0.00 bits/sec                  
[  5]  58.01-59.00  sec  0.00 Bytes  0.00 bits/sec                  
[  5]  59.00-60.00  sec  0.00 Bytes  0.00 bits/sec                  
[  5]  60.00-61.00  sec  0.00 Bytes  0.00 bits/sec                  
[  5]  61.00-62.00  sec  0.00 Bytes  0.00 bits/sec                  
[  5]  62.00-63.01  sec  0.00 Bytes  0.00 bits/sec                  
[  5]  63.01-64.00  sec  0.00 Bytes  0.00 bits/sec                  
[  5]  64.00-65.00  sec  0.00 Bytes  0.00 bits/sec                  
[  5]  65.00-66.00  sec  0.00 Bytes  0.00 bits/sec                  
[  5]  66.00-67.00  sec  0.00 Bytes  0.00 bits/sec                  
[  5]  67.00-68.00  sec  0.00 Bytes  0.00 bits/sec                  
[  5]  68.00-69.00  sec  0.00 Bytes  0.00 bits/sec                  
[  5]  69.00-70.00  sec  0.00 Bytes  0.00 bits/sec                  
[  5]  70.00-71.00  sec  0.00 Bytes  0.00 bits/sec                  
[  5]  71.00-72.00  sec  0.00 Bytes  0.00 bits/sec                  
[  5]  72.00-73.00  sec  0.00 Bytes  0.00 bits/sec                  
[  5]  73.00-74.00  sec  0.00 Bytes  0.00 bits/sec                  
[  5]  74.00-75.00  sec  0.00 Bytes  0.00 bits/sec                  
[  5]  75.00-76.00  sec  0.00 Bytes  0.00 bits/sec                  
[  5]  76.00-77.00  sec  0.00 Bytes  0.00 bits/sec                  
[  5]  77.00-78.00  sec  0.00 Bytes  0.00 bits/sec                  
[  5]  78.00-79.00  sec  0.00 Bytes  0.00 bits/sec                  
[  5]  79.00-80.00  sec  0.00 Bytes  0.00 bits/sec                  
[  5]  80.00-81.00  sec  0.00 Bytes  0.00 bits/sec                  
[  5]  81.00-82.00  sec  0.00 Bytes  0.00 bits/sec                  
[  5]  82.00-83.00  sec  0.00 Bytes  0.00 bits/sec                  
[  5]  83.00-84.00  sec  0.00 Bytes  0.00 bits/sec                  
[  5]  84.00-85.00  sec  0.00 Bytes  0.00 bits/sec                  
[  5]  85.00-86.00  sec  0.00 Bytes  0.00 bits/sec                  
[  5]  86.00-87.00  sec  0.00 Bytes  0.00 bits/sec                  
[  5]  87.00-88.00  sec  0.00 Bytes  0.00 bits/sec                  
[  5]  88.00-89.00  sec  0.00 Bytes  0.00 bits/sec                  
[  5]  89.00-90.00  sec  0.00 Bytes  0.00 bits/sec                  
[  5]  90.00-91.00  sec  0.00 Bytes  0.00 bits/sec                  
[  5]  91.00-92.00  sec  0.00 Bytes  0.00 bits/sec                  
[  5]  92.00-93.00  sec  0.00 Bytes  0.00 bits/sec                  
[  5]  93.00-94.00  sec  0.00 Bytes  0.00 bits/sec                  
[  5]  94.00-95.00  sec  0.00 Bytes  0.00 bits/sec                  
[  5]  95.00-96.00  sec  0.00 Bytes  0.00 bits/sec                  
[  5]  96.00-97.00  sec  0.00 Bytes  0.00 bits/sec                  
[  5]  97.00-98.00  sec  0.00 Bytes  0.00 bits/sec                  
[  5]  98.00-99.00  sec  0.00 Bytes  0.00 bits/sec                  
[  5]  99.00-100.00 sec  0.00 Bytes  0.00 bits/sec                  
[  5] 100.00-101.00 sec  0.00 Bytes  0.00 bits/sec                  
[  5] 101.00-102.00 sec  0.00 Bytes  0.00 bits/sec                  
[  5] 102.00-103.00 sec  0.00 Bytes  0.00 bits/sec                  
[  5] 103.00-104.00 sec  0.00 Bytes  0.00 bits/sec                  
[  5] 104.00-105.00 sec  0.00 Bytes  0.00 bits/sec                  
[  5] 105.00-106.00 sec  0.00 Bytes  0.00 bits/sec                  
[  5] 106.00-107.00 sec  0.00 Bytes  0.00 bits/sec                  
[  5] 107.00-108.00 sec  0.00 Bytes  0.00 bits/sec                  
[  5] 108.00-109.00 sec  0.00 Bytes  0.00 bits/sec                  
[  5] 109.00-110.00 sec  0.00 Bytes  0.00 bits/sec                  
[  5] 110.00-111.00 sec  0.00 Bytes  0.00 bits/sec                  
[  5] 111.00-112.00 sec  0.00 Bytes  0.00 bits/sec                  
[  5] 112.00-113.00 sec  0.00 Bytes  0.00 bits/sec                  
[  5] 113.00-114.00 sec  0.00 Bytes  0.00 bits/sec                  
[  5] 114.00-115.00 sec  0.00 Bytes  0.00 bits/sec                  
[  5] 115.00-116.00 sec  0.00 Bytes  0.00 bits/sec                  
[  5] 116.00-117.00 sec  0.00 Bytes  0.00 bits/sec                  
[  5] 117.00-118.00 sec  0.00 Bytes  0.00 bits/sec                  
[  5] 118.00-119.00 sec  0.00 Bytes  0.00 bits/sec                  
[  5] 119.00-120.00 sec  0.00 Bytes  0.00 bits/sec                  
[  5] 120.00-121.00 sec  0.00 Bytes  0.00 bits/sec                  
[  5] 121.00-122.00 sec  0.00 Bytes  0.00 bits/sec                  
[  5] 122.00-123.00 sec  0.00 Bytes  0.00 bits/sec                  
[  5] 123.00-124.00 sec  0.00 Bytes  0.00 bits/sec                  
[  5] 124.00-125.00 sec  0.00 Bytes  0.00 bits/sec                  
[  5] 125.00-126.00 sec  0.00 Bytes  0.00 bits/sec                  
[  5] 126.00-127.00 sec  0.00 Bytes  0.00 bits/sec                  
[  5] 127.00-128.00 sec   382 KBytes  3.13 Mbits/sec                  
[  5] 128.00-129.00 sec  1.14 MBytes  9.54 Mbits/sec                  
[  5] 129.00-130.00 sec  1.14 MBytes  9.55 Mbits/sec                  
[  5] 130.00-131.00 sec  1.14 MBytes  9.58 Mbits/sec                  
[  5] 131.00-132.00 sec  1.14 MBytes  9.57 Mbits/sec                  
[  5] 132.00-133.00 sec  1.14 MBytes  9.53 Mbits/sec                  
[  5] 133.00-133.89 sec  1.02 MBytes  9.57 Mbits/sec                  
- - - - - - - - - - - - - - - - - - - - - - - - -
[ ID] Interval           Transfer     Bandwidth
[  5]   0.00-133.89 sec  0.00 Bytes  0.00 bits/sec                  sender
[  5]   0.00-133.89 sec  8.48 MBytes   531 Kbits/sec                  receiver
