-----------------------------------------------------------
Server listening on 5203
-----------------------------------------------------------
Accepted connection from 10.0.0.1, port 38276
[  5] local 10.0.0.2 port 5203 connected to 10.0.0.1 port 46114
[ ID] Interval           Transfer     Bandwidth
[  5]   0.00-1.00   sec  84.8 KBytes   694 Kbits/sec                  
[  5]   1.00-2.00   sec   141 KBytes  1.16 Mbits/sec                  
[  5]   2.00-3.01   sec   107 KBytes   877 Kbits/sec                  
[  5]   3.01-4.00   sec   116 KBytes   955 Kbits/sec                  
[  5]   4.00-5.00   sec   187 KBytes  1.53 Mbits/sec                  
[  5]   5.00-6.00   sec   109 KBytes   893 Kbits/sec                  
[  5]   6.00-7.00   sec   222 KBytes  1.82 Mbits/sec                  
[  5]   7.00-8.00   sec   167 KBytes  1.37 Mbits/sec                  
[  5]   8.00-9.00   sec   216 KBytes  1.77 Mbits/sec                  
[  5]   9.00-10.00  sec  45.2 KBytes   371 Kbits/sec                  
[  5]  10.00-11.00  sec   136 KBytes  1.11 Mbits/sec                  
[  5]  11.00-12.00  sec   170 KBytes  1.39 Mbits/sec                  
[  5]  12.00-13.00  sec   318 KBytes  2.61 Mbits/sec                  
[  5]  13.00-14.00  sec   233 KBytes  1.91 Mbits/sec                  
[  5]  14.00-15.00  sec   253 KBytes  2.07 Mbits/sec                  
[  5]  15.00-16.00  sec  4.24 KBytes  34.7 Kbits/sec                  
[  5]  16.00-17.00  sec   462 KBytes  3.79 Mbits/sec                  
[  5]  17.00-18.00  sec   209 KBytes  1.72 Mbits/sec                  
[  5]  18.00-19.00  sec   216 KBytes  1.77 Mbits/sec                  
[  5]  19.00-20.00  sec   225 KBytes  1.84 Mbits/sec                  
[  5]  20.00-21.00  sec   199 KBytes  1.64 Mbits/sec                  
[  5]  21.00-22.00  sec   189 KBytes  1.55 Mbits/sec                  
[  5]  22.00-23.00  sec   137 KBytes  1.12 Mbits/sec                  
[  5]  23.00-24.00  sec   235 KBytes  1.92 Mbits/sec                  
[  5]  24.00-25.00  sec   240 KBytes  1.97 Mbits/sec                  
[  5]  25.00-26.00  sec   262 KBytes  2.14 Mbits/sec                  
[  5]  26.00-27.00  sec   105 KBytes   857 Kbits/sec                  
[  5]  27.00-28.00  sec  0.00 Bytes  0.00 bits/sec                  
[  5]  28.00-29.00  sec  0.00 Bytes  0.00 bits/sec                  
[  5]  29.00-30.00  sec   607 KBytes  4.97 Mbits/sec                  
[  5]  30.00-31.00  sec   197 KBytes  1.61 Mbits/sec                  
[  5]  31.00-32.00  sec   163 KBytes  1.33 Mbits/sec                  
[  5]  32.00-33.00  sec  84.8 KBytes   696 Kbits/sec                  
[  5]  33.00-34.00  sec   402 KBytes  3.29 Mbits/sec                  
[  5]  34.00-35.00  sec   192 KBytes  1.58 Mbits/sec                  
[  5]  35.00-36.00  sec   205 KBytes  1.68 Mbits/sec                  
[  5]  36.00-37.00  sec   211 KBytes  1.72 Mbits/sec                  
[  5]  37.00-38.00  sec   204 KBytes  1.67 Mbits/sec                  
[  5]  38.00-39.00  sec   154 KBytes  1.26 Mbits/sec                  
[  5]  39.00-40.00  sec   228 KBytes  1.86 Mbits/sec                  
[  5]  40.00-41.00  sec   218 KBytes  1.78 Mbits/sec                  
[  5]  41.00-42.00  sec   174 KBytes  1.42 Mbits/sec                  
[  5]  42.00-43.00  sec   222 KBytes  1.82 Mbits/sec                  
[  5]  43.00-44.00  sec   215 KBytes  1.76 Mbits/sec                  
[  5]  44.00-45.00  sec  41.0 KBytes   336 Kbits/sec                  
[  5]  45.00-45.11  sec  60.8 KBytes  4.37 Mbits/sec                  
- - - - - - - - - - - - - - - - - - - - - - - - -
[ ID] Interval           Transfer     Bandwidth
[  5]   0.00-45.11  sec  0.00 Bytes  0.00 bits/sec                  sender
[  5]   0.00-45.11  sec  8.37 MBytes  1.56 Mbits/sec                  receiver
