-----------------------------------------------------------
Server listening on 5204
-----------------------------------------------------------
Accepted connection from 10.0.0.1, port 39058
[  5] local 10.0.0.2 port 5204 connected to 10.0.0.1 port 46116
[ ID] Interval           Transfer     Bandwidth
[  5]   0.00-1.00   sec  99.0 KBytes   809 Kbits/sec                  
[  5]   1.00-2.00   sec   228 KBytes  1.86 Mbits/sec                  
[  5]   2.00-3.00   sec   262 KBytes  2.15 Mbits/sec                  
[  5]   3.00-4.00   sec   197 KBytes  1.61 Mbits/sec                  
[  5]   4.00-5.00   sec   218 KBytes  1.78 Mbits/sec                  
[  5]   5.00-6.00   sec   219 KBytes  1.80 Mbits/sec                  
[  5]   6.00-7.00   sec   146 KBytes  1.19 Mbits/sec                  
[  5]   7.00-8.00   sec   171 KBytes  1.40 Mbits/sec                  
[  5]   8.00-9.00   sec  94.7 KBytes   775 Kbits/sec                  
[  5]   9.00-10.00  sec  99.0 KBytes   812 Kbits/sec                  
[  5]  10.00-11.00  sec  70.7 KBytes   579 Kbits/sec                  
[  5]  11.00-12.00  sec   393 KBytes  3.22 Mbits/sec                  
[  5]  12.00-13.00  sec   129 KBytes  1.05 Mbits/sec                  
[  5]  13.00-14.00  sec   168 KBytes  1.37 Mbits/sec                  
[  5]  14.00-15.00  sec   215 KBytes  1.77 Mbits/sec                  
[  5]  15.00-16.00  sec  35.4 KBytes   289 Kbits/sec                  
[  5]  16.00-17.00  sec   648 KBytes  5.31 Mbits/sec                  
[  5]  17.00-18.00  sec   249 KBytes  2.04 Mbits/sec                  
[  5]  18.00-19.00  sec   382 KBytes  3.13 Mbits/sec                  
[  5]  19.00-20.00  sec   328 KBytes  2.69 Mbits/sec                  
[  5]  20.00-21.00  sec   284 KBytes  2.33 Mbits/sec                  
[  5]  21.00-22.00  sec   403 KBytes  3.30 Mbits/sec                  
[  5]  22.00-23.00  sec   317 KBytes  2.59 Mbits/sec                  
[  5]  23.00-24.00  sec  1.07 MBytes  8.96 Mbits/sec                  
[  5]  24.00-25.00  sec  1.12 MBytes  9.41 Mbits/sec                  
[  5]  25.00-26.00  sec  1010 KBytes  8.27 Mbits/sec                  
[  5]  26.00-26.29  sec   372 KBytes  10.3 Mbits/sec                  
- - - - - - - - - - - - - - - - - - - - - - - - -
[ ID] Interval           Transfer     Bandwidth
[  5]   0.00-26.29  sec  0.00 Bytes  0.00 bits/sec                  sender
[  5]   0.00-26.29  sec  8.77 MBytes  2.80 Mbits/sec                  receiver
