Connecting to host 10.0.0.2, port 5204
[  4] local 10.0.0.1 port 46116 connected to 10.0.0.2 port 5204
[ ID] Interval           Transfer     Bandwidth       Retr  Cwnd
[  4]   0.00-1.39   sec  82.0 KBytes   482 Kbits/sec    1   14.1 KBytes       
[  4]   1.39-2.00   sec  0.00 Bytes  0.00 bits/sec    0   14.1 KBytes       
[  4]   2.00-3.00   sec  14.1 KBytes   116 Kbits/sec    0   28.3 KBytes       
[  4]   3.00-4.00   sec  0.00 Bytes  0.00 bits/sec    0   28.3 KBytes       
[  4]   4.00-5.00   sec   215 KBytes  1.76 Mbits/sec    0   42.4 KBytes       
[  4]   5.00-6.00   sec  7.07 KBytes  57.9 Kbits/sec    9   29.7 KBytes       
[  4]   6.00-7.00   sec  63.6 KBytes   521 Kbits/sec    0   33.9 KBytes       
[  4]   7.00-8.00   sec  0.00 Bytes  0.00 bits/sec    0   39.6 KBytes       
[  4]   8.00-9.00   sec  63.6 KBytes   522 Kbits/sec    0   42.4 KBytes       
[  4]   9.00-10.00  sec  0.00 Bytes  0.00 bits/sec    0   43.8 KBytes       
[  4]  10.00-11.00  sec  63.6 KBytes   522 Kbits/sec    0   45.2 KBytes       
[  4]  11.00-12.00  sec  63.6 KBytes   521 Kbits/sec    0   53.7 KBytes       
[  4]  12.00-13.00  sec   191 KBytes  1.56 Mbits/sec    0   74.9 KBytes       
[  4]  13.00-14.00  sec   255 KBytes  2.08 Mbits/sec    0    109 KBytes       
[  4]  14.00-15.00  sec  0.00 Bytes  0.00 bits/sec    0    109 KBytes       
[  4]  15.00-16.00  sec   382 KBytes  3.13 Mbits/sec    0    164 KBytes       
[  4]  16.00-17.00  sec   636 KBytes  5.21 Mbits/sec    0    246 KBytes       
[  4]  17.00-18.00  sec  0.00 Bytes  0.00 bits/sec    0    246 KBytes       
[  4]  18.00-19.00  sec   891 KBytes  7.30 Mbits/sec    0    369 KBytes       
[  4]  19.00-20.00  sec  0.00 Bytes  0.00 bits/sec    0    369 KBytes       
[  4]  20.00-21.00  sec  1018 KBytes  8.34 Mbits/sec   26    443 KBytes       
[  4]  21.00-22.00  sec  0.00 Bytes  0.00 bits/sec    7    433 KBytes       
[  4]  22.00-23.01  sec  0.00 Bytes  0.00 bits/sec   83    346 KBytes       
[  4]  23.01-24.00  sec  0.00 Bytes  0.00 bits/sec    7    331 KBytes       
[  4]  24.00-25.00  sec   127 KBytes  1.04 Mbits/sec   15    308 KBytes       
[  4]  25.00-26.00  sec  63.6 KBytes   521 Kbits/sec    1    308 KBytes       
[  4]  26.00-27.00  sec  1.18 MBytes  9.91 Mbits/sec    0    260 KBytes       
[  4]  27.00-28.00  sec  63.6 KBytes   522 Kbits/sec    0    270 KBytes       
[  4]  28.00-29.00  sec   191 KBytes  1.56 Mbits/sec    0    280 KBytes       
[  4]  29.00-30.00  sec   255 KBytes  2.08 Mbits/sec    0    291 KBytes       
[  4]  30.00-31.00  sec  63.6 KBytes   521 Kbits/sec    0    293 KBytes       
[  4]  31.00-32.00  sec   191 KBytes  1.56 Mbits/sec    0    296 KBytes       
[  4]  32.00-33.00  sec   127 KBytes  1.04 Mbits/sec    0    298 KBytes       
[  4]  33.00-34.00  sec   255 KBytes  2.08 Mbits/sec    0    305 KBytes       
[  4]  34.00-35.00  sec   127 KBytes  1.04 Mbits/sec    1    314 KBytes       
[  4]  35.00-36.00  sec  0.00 Bytes  0.00 bits/sec    0    264 KBytes       
[  4]  36.00-37.00  sec  0.00 Bytes  0.00 bits/sec   11    221 KBytes       
[  4]  37.00-38.00  sec  0.00 Bytes  0.00 bits/sec    0    221 KBytes       
[  4]  38.00-39.00  sec   191 KBytes  1.56 Mbits/sec    9    221 KBytes       
[  4]  39.00-40.00  sec   509 KBytes  4.17 Mbits/sec    1    194 KBytes       
[  4]  40.00-41.00  sec  0.00 Bytes  0.00 bits/sec    0    154 KBytes       
[  4]  41.00-42.00  sec   573 KBytes  4.69 Mbits/sec    0    171 KBytes       
[  4]  42.00-43.00  sec   127 KBytes  1.04 Mbits/sec    0    177 KBytes       
[  4]  43.00-44.00  sec   191 KBytes  1.56 Mbits/sec    0    182 KBytes       
[  4]  44.00-45.00  sec   127 KBytes  1.05 Mbits/sec    0    185 KBytes       
[  4]  45.00-46.00  sec  0.00 Bytes  0.00 bits/sec    0    185 KBytes       
[  4]  46.00-47.00  sec   191 KBytes  1.56 Mbits/sec    0    189 KBytes       
[  4]  47.00-48.00  sec  0.00 Bytes  0.00 bits/sec    0    191 KBytes       
[  4]  48.00-49.01  sec   191 KBytes  1.56 Mbits/sec    0    206 KBytes       
[  4]  49.01-50.00  sec   191 KBytes  1.57 Mbits/sec    0    243 KBytes       
[  4]  50.00-51.00  sec  0.00 Bytes  0.00 bits/sec    0    246 KBytes       
[  4]  51.00-52.00  sec   191 KBytes  1.56 Mbits/sec    0    321 KBytes       
[  4]  52.00-53.00  sec   191 KBytes  1.56 Mbits/sec    0    413 KBytes       
[  4]  53.00-54.00  sec   127 KBytes  1.04 Mbits/sec    0    454 KBytes       
[  4]  54.00-55.00  sec   573 KBytes  4.71 Mbits/sec    0    568 KBytes       
[  4]  55.00-56.00  sec   827 KBytes  6.78 Mbits/sec    0    680 KBytes       
[  4]  56.00-56.00  sec  0.00 Bytes  0.00 bits/sec    0    680 KBytes       
- - - - - - - - - - - - - - - - - - - - - - - - -
[ ID] Interval           Transfer     Bandwidth       Retr
[  4]   0.00-56.00  sec  10.6 MBytes  1.58 Mbits/sec  171             sender
[  4]   0.00-56.00  sec  8.65 MBytes  1.30 Mbits/sec                  receiver

iperf Done.
