-----------------------------------------------------------
Server listening on 5203
-----------------------------------------------------------
Accepted connection from 10.0.0.1, port 56661
[  5] local 10.0.0.2 port 5203 connected to 10.0.0.1 port 46114
[ ID] Interval           Transfer     Bandwidth
[  5]   0.00-1.01   sec  42.4 KBytes   344 Kbits/sec                  
[  5]   1.01-2.00   sec  86.3 KBytes   713 Kbits/sec                  
[  5]   2.00-3.02   sec   130 KBytes  1.04 Mbits/sec                  
[  5]   3.02-4.01   sec   124 KBytes  1.03 Mbits/sec                  
[  5]   4.01-5.01   sec   126 KBytes  1.03 Mbits/sec                  
[  5]   5.01-6.00   sec  82.0 KBytes   677 Kbits/sec                  
[  5]   6.00-7.00   sec   189 KBytes  1.56 Mbits/sec                  
[  5]   7.00-8.00   sec   122 KBytes   996 Kbits/sec                  
[  5]   8.00-9.00   sec   153 KBytes  1.25 Mbits/sec                  
[  5]   9.00-10.00  sec   147 KBytes  1.20 Mbits/sec                  
[  5]  10.00-11.00  sec  26.9 KBytes   220 Kbits/sec                  
[  5]  11.00-12.00  sec  74.9 KBytes   613 Kbits/sec                  
[  5]  12.00-13.00  sec   238 KBytes  1.95 Mbits/sec                  
[  5]  13.00-14.00  sec  48.1 KBytes   393 Kbits/sec                  
[  5]  14.00-15.00  sec   370 KBytes  3.04 Mbits/sec                  
[  5]  15.00-16.00  sec   133 KBytes  1.09 Mbits/sec                  
[  5]  16.00-17.00  sec  24.0 KBytes   197 Kbits/sec                  
[  5]  17.00-18.00  sec  0.00 Bytes  0.00 bits/sec                  
[  5]  18.00-19.01  sec  26.9 KBytes   219 Kbits/sec                  
[  5]  19.01-20.00  sec   438 KBytes  3.61 Mbits/sec                  
[  5]  20.00-21.00  sec  0.00 Bytes  0.00 bits/sec                  
[  5]  21.00-22.00  sec  0.00 Bytes  0.00 bits/sec                  
[  5]  22.00-23.00  sec   510 KBytes  4.17 Mbits/sec                  
[  5]  23.00-24.00  sec   734 KBytes  6.03 Mbits/sec                  
[  5]  24.00-25.01  sec   259 KBytes  2.10 Mbits/sec                  
[  5]  25.01-26.00  sec   211 KBytes  1.74 Mbits/sec                  
[  5]  26.00-27.00  sec   151 KBytes  1.24 Mbits/sec                  
[  5]  27.00-28.00  sec   195 KBytes  1.60 Mbits/sec                  
[  5]  28.00-29.00  sec   197 KBytes  1.61 Mbits/sec                  
[  5]  29.00-30.00  sec   158 KBytes  1.30 Mbits/sec                  
[  5]  30.00-31.10  sec   284 KBytes  2.11 Mbits/sec                  
[  5]  31.10-32.02  sec  63.6 KBytes   566 Kbits/sec                  
[  5]  32.02-33.00  sec   249 KBytes  2.09 Mbits/sec                  
[  5]  33.00-34.00  sec   175 KBytes  1.44 Mbits/sec                  
[  5]  34.00-35.00  sec   164 KBytes  1.34 Mbits/sec                  
[  5]  35.00-36.00  sec   283 KBytes  2.31 Mbits/sec                  
[  5]  36.00-37.00  sec  1.41 KBytes  11.6 Kbits/sec                  
[  5]  37.00-37.30  sec  1.41 KBytes  39.2 Kbits/sec                  
- - - - - - - - - - - - - - - - - - - - - - - - -
[ ID] Interval           Transfer     Bandwidth
[  5]   0.00-37.30  sec  0.00 Bytes  0.00 bits/sec                  sender
[  5]   0.00-37.30  sec  6.07 MBytes  1.37 Mbits/sec                  receiver
