-----------------------------------------------------------
Server listening on 5205
-----------------------------------------------------------
Accepted connection from 10.0.0.1, port 41222
[  5] local 10.0.0.2 port 5205 connected to 10.0.0.1 port 46118
[ ID] Interval           Transfer     Bandwidth
[  5]   0.00-1.00   sec   337 KBytes  2.76 Mbits/sec                  
[  5]   1.00-2.00   sec   399 KBytes  3.27 Mbits/sec                  
[  5]   2.00-3.00   sec   436 KBytes  3.57 Mbits/sec                  
[  5]   3.00-4.00   sec   451 KBytes  3.68 Mbits/sec                  
[  5]   4.00-5.00   sec   420 KBytes  3.46 Mbits/sec                  
[  5]   5.00-6.00   sec   393 KBytes  3.22 Mbits/sec                  
[  5]   6.00-7.00   sec   390 KBytes  3.20 Mbits/sec                  
[  5]   7.00-8.00   sec   390 KBytes  3.20 Mbits/sec                  
[  5]   8.00-9.00   sec   399 KBytes  3.27 Mbits/sec                  
[  5]   9.00-10.00  sec   370 KBytes  3.03 Mbits/sec                  
[  5]  10.00-11.00  sec   403 KBytes  3.29 Mbits/sec                  
[  5]  11.00-12.00  sec   407 KBytes  3.34 Mbits/sec                  
[  5]  12.00-13.00  sec   327 KBytes  2.68 Mbits/sec                  
[  5]  13.00-14.00  sec   437 KBytes  3.58 Mbits/sec                  
[  5]  14.00-15.00  sec   277 KBytes  2.27 Mbits/sec                  
[  5]  15.00-16.00  sec   440 KBytes  3.60 Mbits/sec                  
[  5]  16.00-17.05  sec   400 KBytes  3.13 Mbits/sec                  
[  5]  17.05-18.00  sec   272 KBytes  2.33 Mbits/sec                  
[  5]  18.00-19.00  sec   421 KBytes  3.45 Mbits/sec                  
[  5]  19.00-20.01  sec   395 KBytes  3.20 Mbits/sec                  
[  5]  20.01-21.00  sec   361 KBytes  2.98 Mbits/sec                  
[  5]  21.00-22.00  sec   332 KBytes  2.72 Mbits/sec                  
[  5]  22.00-23.00  sec   209 KBytes  1.71 Mbits/sec                  
[  5]  23.00-24.00  sec   424 KBytes  3.48 Mbits/sec                  
[  5]  24.00-25.00  sec   440 KBytes  3.60 Mbits/sec                  
[  5]  25.00-26.00  sec   423 KBytes  3.46 Mbits/sec                  
[  5]  26.00-27.00  sec   404 KBytes  3.31 Mbits/sec                  
[  5]  27.00-28.00  sec   313 KBytes  2.56 Mbits/sec                  
[  5]  28.00-29.05  sec  0.00 Bytes  0.00 bits/sec                  
[  5]  29.05-30.00  sec  0.00 Bytes  0.00 bits/sec                  
[  5]  30.00-31.00  sec  0.00 Bytes  0.00 bits/sec                  
[  5]  31.00-32.00  sec  0.00 Bytes  0.00 bits/sec                  
[  5]  32.00-33.00  sec  0.00 Bytes  0.00 bits/sec                  
[  5]  33.00-34.00  sec  0.00 Bytes  0.00 bits/sec                  
[  5]  34.00-35.00  sec  1.41 KBytes  11.6 Kbits/sec                  
[  5]  35.00-36.00  sec  0.00 Bytes  0.00 bits/sec                  
[  5]  36.00-37.00  sec  0.00 Bytes  0.00 bits/sec                  
[  5]  37.00-38.00  sec  0.00 Bytes  0.00 bits/sec                  
[  5]  38.00-39.00  sec  0.00 Bytes  0.00 bits/sec                  
[  5]  39.00-40.00  sec  0.00 Bytes  0.00 bits/sec                  
[  5]  40.00-41.00  sec  0.00 Bytes  0.00 bits/sec                  
[  5]  41.00-42.00  sec  0.00 Bytes  0.00 bits/sec                  
[  5]  42.00-43.00  sec  0.00 Bytes  0.00 bits/sec                  
[  5]  43.00-44.00  sec  0.00 Bytes  0.00 bits/sec                  
[  5]  44.00-45.00  sec  0.00 Bytes  0.00 bits/sec                  
[  5]  45.00-46.01  sec   391 KBytes  3.18 Mbits/sec                  
[  5]  46.01-47.00  sec  3.53 MBytes  29.8 Mbits/sec                  
[  5]  47.00-48.01  sec  3.31 MBytes  27.6 Mbits/sec                  
[  5]  48.01-49.00  sec   255 KBytes  2.10 Mbits/sec                  
[  5]  49.00-50.00  sec   455 KBytes  3.71 Mbits/sec                  
[  5]  50.00-51.00  sec   386 KBytes  3.16 Mbits/sec                  
[  5]  51.00-52.00  sec   424 KBytes  3.49 Mbits/sec                  
[  5]  52.00-53.00  sec   465 KBytes  3.81 Mbits/sec                  
[  5]  53.00-54.00  sec   431 KBytes  3.53 Mbits/sec                  
[  5]  54.00-55.06  sec   359 KBytes  2.78 Mbits/sec                  
[  5]  55.06-56.01  sec   269 KBytes  2.31 Mbits/sec                  
[  5]  56.01-57.00  sec   345 KBytes  2.86 Mbits/sec                  
[  5]  57.00-58.00  sec   304 KBytes  2.49 Mbits/sec                  
[  5]  58.00-59.00  sec   191 KBytes  1.56 Mbits/sec                  
[  5]  59.00-60.00  sec  0.00 Bytes  0.00 bits/sec                  
[  5]  60.00-61.00  sec  0.00 Bytes  0.00 bits/sec                  
[  5]  61.00-62.00  sec  0.00 Bytes  0.00 bits/sec                  
[  5]  62.00-63.00  sec  0.00 Bytes  0.00 bits/sec                  
[  5]  63.00-64.00  sec  0.00 Bytes  0.00 bits/sec                  
[  5]  64.00-65.00  sec  1.41 KBytes  11.6 Kbits/sec                  
[  5]  65.00-66.00  sec  0.00 Bytes  0.00 bits/sec                  
[  5]  66.00-67.00  sec  0.00 Bytes  0.00 bits/sec                  
[  5]  67.00-68.00  sec  0.00 Bytes  0.00 bits/sec                  
[  5]  68.00-69.00  sec  0.00 Bytes  0.00 bits/sec                  
[  5]  69.00-70.00  sec  0.00 Bytes  0.00 bits/sec                  
[  5]  70.00-71.00  sec  0.00 Bytes  0.00 bits/sec                  
[  5]  71.00-72.00  sec  0.00 Bytes  0.00 bits/sec                  
[  5]  72.00-73.00  sec  0.00 Bytes  0.00 bits/sec                  
[  5]  73.00-74.00  sec  0.00 Bytes  0.00 bits/sec                  
[  5]  74.00-75.00  sec  0.00 Bytes  0.00 bits/sec                  
[  5]  75.00-76.00  sec  0.00 Bytes  0.00 bits/sec                  
[  5]  76.00-77.00  sec  0.00 Bytes  0.00 bits/sec                  
[  5]  77.00-78.00  sec  15.6 KBytes   128 Kbits/sec                  
[  5]  78.00-79.00  sec   103 KBytes   846 Kbits/sec                  
[  5]  79.00-80.01  sec   809 KBytes  6.53 Mbits/sec                  
[  5]  80.01-81.01  sec  11.3 KBytes  92.7 Kbits/sec                  
[  5]  81.01-82.06  sec  1.17 MBytes  9.37 Mbits/sec                  
[  5]  82.06-83.00  sec  2.07 MBytes  18.4 Mbits/sec                  
[  5]  83.00-84.00  sec  2.50 MBytes  21.0 Mbits/sec                  
[  5]  84.00-85.00  sec  1.54 MBytes  12.9 Mbits/sec                  
[  5]  85.00-86.00  sec   438 KBytes  3.59 Mbits/sec                  
[  5]  86.00-87.00  sec   438 KBytes  3.59 Mbits/sec                  
[  5]  87.00-88.00  sec   436 KBytes  3.57 Mbits/sec                  
[  5]  88.00-89.00  sec   436 KBytes  3.57 Mbits/sec                  
[  5]  89.00-90.00  sec   410 KBytes  3.35 Mbits/sec                  
[  5]  90.00-91.00  sec  41.0 KBytes   337 Kbits/sec                  
[  5]  91.00-92.00  sec   102 KBytes   834 Kbits/sec                  
[  5]  92.00-93.00  sec  0.00 Bytes  0.00 bits/sec                  
[  5]  93.00-94.00  sec  0.00 Bytes  0.00 bits/sec                  
[  5]  94.00-95.00  sec  0.00 Bytes  0.00 bits/sec                  
[  5]  95.00-96.00  sec  0.00 Bytes  0.00 bits/sec                  
[  5]  96.00-97.10  sec  0.00 Bytes  0.00 bits/sec                  
[  5]  97.10-98.01  sec  0.00 Bytes  0.00 bits/sec                  
[  5]  98.01-99.26  sec   214 KBytes  1.40 Mbits/sec                  
[  5]  99.26-100.00 sec  35.4 KBytes   390 Kbits/sec                  
[  5] 100.00-101.01 sec  0.00 Bytes  0.00 bits/sec                  
[  5] 101.01-102.10 sec  0.00 Bytes  0.00 bits/sec                  
[  5] 102.10-103.00 sec  0.00 Bytes  0.00 bits/sec                  
[  5] 103.00-104.01 sec  0.00 Bytes  0.00 bits/sec                  
[  5] 104.01-105.01 sec  0.00 Bytes  0.00 bits/sec                  
[  5] 105.01-106.00 sec  0.00 Bytes  0.00 bits/sec                  
[  5] 106.00-107.00 sec  0.00 Bytes  0.00 bits/sec                  
[  5] 107.00-108.00 sec  0.00 Bytes  0.00 bits/sec                  
[  5] 108.00-109.00 sec  0.00 Bytes  0.00 bits/sec                  
[  5] 109.00-110.00 sec  0.00 Bytes  0.00 bits/sec                  
[  5] 110.00-111.00 sec  0.00 Bytes  0.00 bits/sec                  
[  5] 111.00-112.00 sec  0.00 Bytes  0.00 bits/sec                  
[  5] 112.00-113.00 sec  0.00 Bytes  0.00 bits/sec                  
[  5] 113.00-114.00 sec  55.1 KBytes   452 Kbits/sec                  
[  5] 114.00-114.68 sec  7.80 MBytes  96.8 Mbits/sec                  
- - - - - - - - - - - - - - - - - - - - - - - - -
[ ID] Interval           Transfer     Bandwidth
[  5]   0.00-114.68 sec  0.00 Bytes  0.00 bits/sec                  sender
[  5]   0.00-114.68 sec  40.0 MBytes  2.92 Mbits/sec                  receiver
