-----------------------------------------------------------
Server listening on 5204
-----------------------------------------------------------
Accepted connection from 10.0.0.1, port 49013
[  5] local 10.0.0.2 port 5204 connected to 10.0.0.1 port 46116
[ ID] Interval           Transfer     Bandwidth
[  5]   0.00-1.00   sec  49.5 KBytes   405 Kbits/sec                  
[  5]   1.00-2.00   sec   198 KBytes  1.62 Mbits/sec                  
[  5]   2.00-3.00   sec   250 KBytes  2.05 Mbits/sec                  
[  5]   3.00-4.00   sec   188 KBytes  1.54 Mbits/sec                  
[  5]   4.00-5.00   sec   140 KBytes  1.15 Mbits/sec                  
[  5]   5.00-6.01   sec   141 KBytes  1.15 Mbits/sec                  
[  5]   6.01-7.00   sec   170 KBytes  1.40 Mbits/sec                  
[  5]   7.00-8.00   sec   144 KBytes  1.18 Mbits/sec                  
[  5]   8.00-9.01   sec  32.5 KBytes   265 Kbits/sec                  
[  5]   9.01-10.00  sec   226 KBytes  1.86 Mbits/sec                  
[  5]  10.00-11.00  sec  63.6 KBytes   522 Kbits/sec                  
[  5]  11.00-12.01  sec  31.1 KBytes   251 Kbits/sec                  
[  5]  12.01-13.00  sec  7.07 KBytes  58.7 Kbits/sec                  
[  5]  13.00-14.01  sec   413 KBytes  3.36 Mbits/sec                  
[  5]  14.01-15.00  sec  18.4 KBytes   152 Kbits/sec                  
[  5]  15.00-16.00  sec   375 KBytes  3.07 Mbits/sec                  
[  5]  16.00-17.00  sec   113 KBytes   926 Kbits/sec                  
[  5]  17.00-18.00  sec   164 KBytes  1.34 Mbits/sec                  
[  5]  18.00-19.00  sec   175 KBytes  1.44 Mbits/sec                  
[  5]  19.00-20.01  sec  97.6 KBytes   795 Kbits/sec                  
[  5]  20.01-21.00  sec   178 KBytes  1.46 Mbits/sec                  
[  5]  21.00-22.00  sec  76.4 KBytes   626 Kbits/sec                  
[  5]  22.00-23.00  sec   170 KBytes  1.39 Mbits/sec                  
[  5]  23.00-24.00  sec   168 KBytes  1.38 Mbits/sec                  
[  5]  24.00-25.00  sec   117 KBytes   962 Kbits/sec                  
[  5]  25.00-26.00  sec   228 KBytes  1.86 Mbits/sec                  
[  5]  26.00-27.00  sec   181 KBytes  1.48 Mbits/sec                  
[  5]  27.00-28.00  sec   141 KBytes  1.16 Mbits/sec                  
[  5]  28.00-29.00  sec   259 KBytes  2.12 Mbits/sec                  
[  5]  29.00-30.00  sec  0.00 Bytes  0.00 bits/sec                  
[  5]  30.00-31.00  sec   147 KBytes  1.21 Mbits/sec                  
[  5]  31.00-32.00  sec   297 KBytes  2.43 Mbits/sec                  
[  5]  32.00-33.00  sec   462 KBytes  3.79 Mbits/sec                  
[  5]  33.00-34.00  sec   329 KBytes  2.70 Mbits/sec                  
[  5]  34.00-35.00  sec   150 KBytes  1.23 Mbits/sec                  
[  5]  35.00-36.00  sec   262 KBytes  2.14 Mbits/sec                  
[  5]  36.00-37.00  sec   366 KBytes  3.00 Mbits/sec                  
[  5]  37.00-38.00  sec   130 KBytes  1.07 Mbits/sec                  
[  5]  38.00-39.00  sec   235 KBytes  1.92 Mbits/sec                  
[  5]  39.00-40.00  sec  0.00 Bytes  0.00 bits/sec                  
[  5]  40.00-41.00  sec   611 KBytes  5.00 Mbits/sec                  
[  5]  41.00-42.00  sec   356 KBytes  2.92 Mbits/sec                  
[  5]  42.00-43.00  sec   369 KBytes  3.02 Mbits/sec                  
[  5]  43.00-44.00  sec   304 KBytes  2.49 Mbits/sec                  
[  5]  44.00-45.00  sec   161 KBytes  1.32 Mbits/sec                  
[  5]  45.00-46.01  sec   387 KBytes  3.15 Mbits/sec                  
[  5]  46.01-47.00  sec   150 KBytes  1.24 Mbits/sec                  
[  5]  47.00-48.00  sec   286 KBytes  2.34 Mbits/sec                  
[  5]  48.00-49.00  sec   223 KBytes  1.83 Mbits/sec                  
[  5]  49.00-50.00  sec   216 KBytes  1.78 Mbits/sec                  
[  5]  50.00-51.00  sec   177 KBytes  1.45 Mbits/sec                  
[  5]  51.00-52.00  sec   277 KBytes  2.27 Mbits/sec                  
[  5]  52.00-53.00  sec  17.0 KBytes   139 Kbits/sec                  
[  5]  53.00-54.00  sec   154 KBytes  1.26 Mbits/sec                  
[  5]  54.00-55.02  sec  0.00 Bytes  0.00 bits/sec                  
[  5]  55.02-56.00  sec  0.00 Bytes  0.00 bits/sec                  
[  5]  56.00-57.01  sec  0.00 Bytes  0.00 bits/sec                  
[  5]  57.01-58.01  sec   467 KBytes  3.82 Mbits/sec                  
[  5]  58.01-59.01  sec  0.00 Bytes  0.00 bits/sec                  
[  5]  59.01-60.01  sec   494 KBytes  4.04 Mbits/sec                  
[  5]  60.01-61.01  sec   260 KBytes  2.12 Mbits/sec                  
[  5]  61.01-62.01  sec  5.66 KBytes  46.4 Kbits/sec                  
[  5]  62.01-63.01  sec   103 KBytes   845 Kbits/sec                  
[  5]  63.01-64.01  sec   222 KBytes  1.82 Mbits/sec                  
[  5]  64.01-65.01  sec   123 KBytes  1.01 Mbits/sec                  
[  5]  65.01-66.02  sec  7.07 KBytes  57.8 Kbits/sec                  
[  5]  66.02-67.02  sec   123 KBytes  1.01 Mbits/sec                  
[  5]  67.02-68.02  sec   180 KBytes  1.47 Mbits/sec                  
[  5]  68.02-69.02  sec   226 KBytes  1.86 Mbits/sec                  
[  5]  69.02-70.02  sec  1.41 KBytes  11.5 Kbits/sec                  
[  5]  70.02-71.02  sec  39.6 KBytes   323 Kbits/sec                  
[  5]  71.02-72.02  sec   154 KBytes  1.27 Mbits/sec                  
[  5]  72.02-73.02  sec   143 KBytes  1.17 Mbits/sec                  
[  5]  73.02-74.02  sec   112 KBytes   915 Kbits/sec                  
[  5]  74.02-75.03  sec   122 KBytes   984 Kbits/sec                  
[  5]  75.03-76.01  sec  72.1 KBytes   600 Kbits/sec                  
[  5]  76.01-77.01  sec   156 KBytes  1.27 Mbits/sec                  
[  5]  77.01-78.01  sec   130 KBytes  1.07 Mbits/sec                  
[  5]  78.01-79.02  sec  0.00 Bytes  0.00 bits/sec                  
[  5]  79.02-80.02  sec  0.00 Bytes  0.00 bits/sec                  
[  5]  80.02-81.01  sec  0.00 Bytes  0.00 bits/sec                  
[  5]  81.01-82.01  sec  0.00 Bytes  0.00 bits/sec                  
[  5]  82.01-83.01  sec   560 KBytes  4.59 Mbits/sec                  
[  5]  83.01-84.01  sec  0.00 Bytes  0.00 bits/sec                  
[  5]  84.01-85.01  sec  0.00 Bytes  0.00 bits/sec                  
[  5]  85.01-86.01  sec   407 KBytes  3.32 Mbits/sec                  
[  5]  86.01-87.01  sec  58.0 KBytes   478 Kbits/sec                  
[  5]  87.01-88.00  sec  7.07 KBytes  58.2 Kbits/sec                  
[  5]  88.00-89.00  sec  0.00 Bytes  0.00 bits/sec                  
[  5]  89.00-90.00  sec  7.07 KBytes  57.9 Kbits/sec                  
[  5]  90.00-91.00  sec  1.19 MBytes  10.0 Mbits/sec                  
[  5]  91.00-92.00  sec   117 KBytes   960 Kbits/sec                  
[  5]  92.00-93.00  sec   296 KBytes  2.42 Mbits/sec                  
[  5]  93.00-94.00  sec   126 KBytes  1.03 Mbits/sec                  
[  5]  94.00-95.00  sec   286 KBytes  2.34 Mbits/sec                  
[  5]  95.00-96.00  sec   181 KBytes  1.48 Mbits/sec                  
[  5]  96.00-97.00  sec   192 KBytes  1.58 Mbits/sec                  
[  5]  97.00-98.00  sec   290 KBytes  2.38 Mbits/sec                  
[  5]  98.00-99.00  sec  91.9 KBytes   753 Kbits/sec                  
[  5]  99.00-100.00 sec   262 KBytes  2.14 Mbits/sec                  
[  5] 100.00-101.00 sec   143 KBytes  1.17 Mbits/sec                  
[  5] 101.00-102.00 sec   338 KBytes  2.77 Mbits/sec                  
[  5] 102.00-103.00 sec   197 KBytes  1.61 Mbits/sec                  
[  5] 103.00-104.00 sec   124 KBytes  1.02 Mbits/sec                  
[  5] 104.00-105.00 sec   329 KBytes  2.70 Mbits/sec                  
[  5] 105.00-106.00 sec   198 KBytes  1.62 Mbits/sec                  
[  5] 106.00-107.00 sec   230 KBytes  1.89 Mbits/sec                  
[  5] 107.00-108.00 sec   376 KBytes  3.08 Mbits/sec                  
[  5] 108.00-109.00 sec  5.66 KBytes  46.2 Kbits/sec                  
[  5] 109.00-110.00 sec  0.00 Bytes  0.00 bits/sec                  
[  5] 110.00-111.00 sec  90.5 KBytes   741 Kbits/sec                  
[  5] 111.00-112.00 sec   151 KBytes  1.24 Mbits/sec                  
[  5] 112.00-113.00 sec  0.00 Bytes  0.00 bits/sec                  
[  5] 113.00-114.00 sec  0.00 Bytes  0.00 bits/sec                  
[  5] 114.00-115.00 sec  1.41 KBytes  11.6 Kbits/sec                  
[  5] 115.00-116.00 sec  0.00 Bytes  0.00 bits/sec                  
[  5] 116.00-117.00 sec  0.00 Bytes  0.00 bits/sec                  
[  5] 117.00-118.00 sec  0.00 Bytes  0.00 bits/sec                  
[  5] 118.00-119.00 sec  0.00 Bytes  0.00 bits/sec                  
[  5] 119.00-120.00 sec  0.00 Bytes  0.00 bits/sec                  
[  5] 120.00-121.00 sec  0.00 Bytes  0.00 bits/sec                  
[  5] 121.00-122.00 sec  1.41 KBytes  11.6 Kbits/sec                  
[  5] 122.00-123.00 sec  2.83 KBytes  23.2 Kbits/sec                  
[  5] 123.00-124.00 sec  5.66 KBytes  46.3 Kbits/sec                  
[  5] 124.00-125.00 sec  5.66 KBytes  46.3 Kbits/sec                  
[  5] 125.00-126.00 sec  17.0 KBytes   139 Kbits/sec                  
[  5] 126.00-127.00 sec  33.9 KBytes   278 Kbits/sec                  
[  5] 127.00-128.00 sec  65.0 KBytes   533 Kbits/sec                  
[  5] 128.00-129.00 sec  94.7 KBytes   776 Kbits/sec                  
[  5] 129.00-130.00 sec   112 KBytes   915 Kbits/sec                  
[  5] 130.00-131.00 sec   192 KBytes  1.57 Mbits/sec                  
[  5] 131.00-132.00 sec   532 KBytes  4.36 Mbits/sec                  
[  5] 132.00-133.00 sec  0.00 Bytes  0.00 bits/sec                  
[  5] 133.00-134.00 sec  2.69 MBytes  22.6 Mbits/sec                  
[  5] 134.00-135.00 sec  0.00 Bytes  0.00 bits/sec                  
[  5] 135.00-136.00 sec   393 KBytes  3.22 Mbits/sec                  
[  5] 136.00-137.00 sec   574 KBytes  4.69 Mbits/sec                  
[  5] 137.00-138.00 sec  0.00 Bytes  0.00 bits/sec                  
[  5] 138.00-139.00 sec   624 KBytes  5.11 Mbits/sec                  
[  5] 139.00-140.00 sec   206 KBytes  1.70 Mbits/sec                  
[  5] 140.00-141.00 sec  0.00 Bytes  0.00 bits/sec                  
[  5] 141.00-142.00 sec  0.00 Bytes  0.00 bits/sec                  
[  5] 142.00-143.00 sec  0.00 Bytes  0.00 bits/sec                  
[  5] 143.00-144.00 sec  4.24 KBytes  34.8 Kbits/sec                  
[  5] 144.00-145.00 sec  0.00 Bytes  0.00 bits/sec                  
[  5] 145.00-146.00 sec  0.00 Bytes  0.00 bits/sec                  
[  5] 146.00-147.00 sec  0.00 Bytes  0.00 bits/sec                  
[  5] 147.00-148.00 sec  0.00 Bytes  0.00 bits/sec                  
[  5] 148.00-149.00 sec  0.00 Bytes  0.00 bits/sec                  
[  5] 149.00-150.00 sec  0.00 Bytes  0.00 bits/sec                  
[  5] 150.00-151.00 sec  4.24 KBytes  34.8 Kbits/sec                  
[  5] 151.00-152.00 sec  39.6 KBytes   324 Kbits/sec                  
[  5] 152.00-153.00 sec   136 KBytes  1.11 Mbits/sec                  
[  5] 153.00-154.00 sec   253 KBytes  2.07 Mbits/sec                  
[  5] 154.00-155.00 sec   738 KBytes  6.04 Mbits/sec                  
[  5] 155.00-156.00 sec   867 KBytes  7.10 Mbits/sec                  
[  5] 156.00-157.00 sec   772 KBytes  6.32 Mbits/sec                  
[  5] 157.00-158.00 sec   474 KBytes  3.88 Mbits/sec                  
[  5] 158.00-159.00 sec   889 KBytes  7.29 Mbits/sec                  
[  5] 159.00-160.00 sec   440 KBytes  3.60 Mbits/sec                  
[  5] 160.00-161.00 sec   554 KBytes  4.55 Mbits/sec                  
[  5] 161.00-162.00 sec   239 KBytes  1.96 Mbits/sec                  
[  5] 162.00-163.00 sec  0.00 Bytes  0.00 bits/sec                  
[  5] 163.00-164.00 sec  0.00 Bytes  0.00 bits/sec                  
[  5] 164.00-165.00 sec  0.00 Bytes  0.00 bits/sec                  
[  5] 165.00-166.00 sec  0.00 Bytes  0.00 bits/sec                  
[  5] 166.00-167.00 sec  0.00 Bytes  0.00 bits/sec                  
[  5] 167.00-168.00 sec  5.66 KBytes  46.4 Kbits/sec                  
[  5] 168.00-169.00 sec  0.00 Bytes  0.00 bits/sec                  
[  5] 169.00-170.00 sec  7.07 KBytes  58.0 Kbits/sec                  
[  5] 170.00-171.00 sec  18.4 KBytes   150 Kbits/sec                  
[  5] 171.00-172.00 sec  0.00 Bytes  0.00 bits/sec                  
[  5] 172.00-173.00 sec  60.8 KBytes   498 Kbits/sec                  
[  5] 173.00-174.00 sec  0.00 Bytes  0.00 bits/sec                  
[  5] 174.00-175.00 sec   153 KBytes  1.25 Mbits/sec                  
[  5] 175.00-176.00 sec  0.00 Bytes  0.00 bits/sec                  
[  5] 176.00-177.00 sec  0.00 Bytes  0.00 bits/sec                  
[  5] 177.00-178.00 sec  0.00 Bytes  0.00 bits/sec                  
[  5] 178.00-179.00 sec  0.00 Bytes  0.00 bits/sec                  
[  5] 179.00-180.00 sec  0.00 Bytes  0.00 bits/sec                  
[  5] 180.00-181.00 sec  4.24 KBytes  34.8 Kbits/sec                  
[  5] 181.00-182.00 sec   105 KBytes   857 Kbits/sec                  
[  5] 182.00-183.00 sec  1.82 MBytes  15.2 Mbits/sec                  
[  5] 183.00-184.00 sec  0.00 Bytes  0.00 bits/sec                  
[  5] 184.00-185.00 sec   410 KBytes  3.36 Mbits/sec                  
[  5] 185.00-186.00 sec   144 KBytes  1.18 Mbits/sec                  
[  5] 186.00-187.00 sec  96.2 KBytes   788 Kbits/sec                  
[  5] 187.00-188.00 sec   100 KBytes   822 Kbits/sec                  
[  5] 188.00-189.00 sec  0.00 Bytes  0.00 bits/sec                  
[  5] 189.00-190.00 sec  0.00 Bytes  0.00 bits/sec                  
[  5] 190.00-191.00 sec  0.00 Bytes  0.00 bits/sec                  
[  5] 191.00-192.00 sec   510 KBytes  4.18 Mbits/sec                  
[  5] 192.00-193.00 sec   724 KBytes  5.94 Mbits/sec                  
[  5] 193.00-194.00 sec   205 KBytes  1.68 Mbits/sec                  
[  5] 194.00-195.00 sec   216 KBytes  1.77 Mbits/sec                  
[  5] 195.00-196.00 sec   219 KBytes  1.80 Mbits/sec                  
[  5] 196.00-197.00 sec   247 KBytes  2.03 Mbits/sec                  
[  5] 197.00-198.00 sec   272 KBytes  2.22 Mbits/sec                  
[  5] 198.00-199.00 sec   175 KBytes  1.44 Mbits/sec                  
[  5] 199.00-200.00 sec   185 KBytes  1.52 Mbits/sec                  
[  5] 200.00-201.00 sec   197 KBytes  1.61 Mbits/sec                  
[  5] 201.00-202.00 sec  96.2 KBytes   788 Kbits/sec                  
[  5] 202.00-203.00 sec  17.0 KBytes   139 Kbits/sec                  
[  5] 203.00-204.00 sec  0.00 Bytes  0.00 bits/sec                  
[  5] 204.00-205.00 sec  0.00 Bytes  0.00 bits/sec                  
[  5] 205.00-206.00 sec   269 KBytes  2.20 Mbits/sec                  
[  5] 206.00-207.00 sec  0.00 Bytes  0.00 bits/sec                  
[  5] 207.00-208.00 sec  0.00 Bytes  0.00 bits/sec                  
[  5] 208.00-209.00 sec  0.00 Bytes  0.00 bits/sec                  
[  5] 209.00-210.00 sec   854 KBytes  7.00 Mbits/sec                  
[  5] 210.00-211.00 sec  80.6 KBytes   660 Kbits/sec                  
[  5] 211.00-212.00 sec   156 KBytes  1.27 Mbits/sec                  
[  5] 212.00-213.00 sec  77.8 KBytes   637 Kbits/sec                  
[  5] 213.00-214.00 sec   146 KBytes  1.19 Mbits/sec                  
[  5] 214.00-215.00 sec  22.6 KBytes   185 Kbits/sec                  
[  5] 215.00-216.00 sec  0.00 Bytes  0.00 bits/sec                  
[  5] 216.00-217.00 sec  0.00 Bytes  0.00 bits/sec                  
[  5] 217.00-218.00 sec  0.00 Bytes  0.00 bits/sec                  
[  5] 218.00-219.00 sec  0.00 Bytes  0.00 bits/sec                  
[  5] 219.00-220.00 sec  0.00 Bytes  0.00 bits/sec                  
[  5] 220.00-221.00 sec  25.5 KBytes   209 Kbits/sec                  
[  5] 221.00-222.00 sec   902 KBytes  7.39 Mbits/sec                  
[  5] 222.00-223.00 sec   168 KBytes  1.38 Mbits/sec                  
[  5] 223.00-224.00 sec  50.9 KBytes   417 Kbits/sec                  
[  5] 224.00-225.00 sec   191 KBytes  1.56 Mbits/sec                  
[  5] 225.00-226.00 sec  38.2 KBytes   313 Kbits/sec                  
[  5] 226.00-227.00 sec   218 KBytes  1.78 Mbits/sec                  
[  5] 227.00-228.00 sec  24.0 KBytes   197 Kbits/sec                  
[  5] 228.00-229.00 sec   230 KBytes  1.89 Mbits/sec                  
[  5] 229.00-230.00 sec  79.2 KBytes   648 Kbits/sec                  
[  5] 230.00-231.00 sec  0.00 Bytes  0.00 bits/sec                  
[  5] 231.00-232.00 sec  0.00 Bytes  0.00 bits/sec                  
[  5] 232.00-233.00 sec  96.2 KBytes   788 Kbits/sec                  
[  5] 233.00-234.00 sec  0.00 Bytes  0.00 bits/sec                  
[  5] 234.00-235.00 sec  0.00 Bytes  0.00 bits/sec                  
[  5] 235.00-236.00 sec   255 KBytes  2.09 Mbits/sec                  
[  5] 236.00-237.00 sec   993 KBytes  8.12 Mbits/sec                  
[  5] 237.00-238.00 sec   212 KBytes  1.74 Mbits/sec                  
[  5] 238.00-239.00 sec   144 KBytes  1.18 Mbits/sec                  
[  5] 239.00-240.00 sec   226 KBytes  1.85 Mbits/sec                  
[  5] 240.00-241.00 sec   157 KBytes  1.29 Mbits/sec                  
[  5] 241.00-242.00 sec   215 KBytes  1.76 Mbits/sec                  
[  5] 242.00-243.00 sec   177 KBytes  1.45 Mbits/sec                  
[  5] 243.00-244.00 sec  58.0 KBytes   474 Kbits/sec                  
[  5] 244.00-245.00 sec  0.00 Bytes  0.00 bits/sec                  
[  5] 245.00-246.00 sec   238 KBytes  1.95 Mbits/sec                  
[  5] 246.00-247.00 sec  65.0 KBytes   533 Kbits/sec                  
[  5] 247.00-248.00 sec  0.00 Bytes  0.00 bits/sec                  
[  5] 248.00-249.00 sec  0.00 Bytes  0.00 bits/sec                  
[  5] 249.00-250.00 sec  96.2 KBytes   788 Kbits/sec                  
[  5] 250.00-251.00 sec  1.07 MBytes  8.95 Mbits/sec                  
[  5] 251.00-252.00 sec   182 KBytes  1.49 Mbits/sec                  
[  5] 252.00-253.00 sec   201 KBytes  1.65 Mbits/sec                  
[  5] 253.00-254.00 sec   396 KBytes  3.24 Mbits/sec                  
[  5] 254.00-255.00 sec   163 KBytes  1.33 Mbits/sec                  
[  5] 255.00-256.00 sec   267 KBytes  2.19 Mbits/sec                  
[  5] 256.00-257.00 sec   457 KBytes  3.74 Mbits/sec                  
[  5] 257.00-258.00 sec   174 KBytes  1.43 Mbits/sec                  
[  5] 258.00-259.00 sec   370 KBytes  3.04 Mbits/sec                  
[  5] 259.00-260.00 sec   296 KBytes  2.42 Mbits/sec                  
[  5] 260.00-261.00 sec   769 KBytes  6.30 Mbits/sec                  
[  5] 261.00-262.00 sec   561 KBytes  4.60 Mbits/sec                  
[  5] 262.00-263.00 sec   592 KBytes  4.85 Mbits/sec                  
[  5] 263.00-264.00 sec   452 KBytes  3.71 Mbits/sec                  
[  5] 264.00-265.00 sec   547 KBytes  4.48 Mbits/sec                  
[  5] 265.00-266.01 sec   510 KBytes  4.16 Mbits/sec                  
[  5] 266.01-267.01 sec   543 KBytes  4.45 Mbits/sec                  
[  5] 267.01-268.00 sec   577 KBytes  4.76 Mbits/sec                  
[  5] 268.00-269.00 sec   673 KBytes  5.51 Mbits/sec                  
[  5] 269.00-270.00 sec   574 KBytes  4.70 Mbits/sec                  
[  5] 270.00-271.00 sec   649 KBytes  5.33 Mbits/sec                  
[  5] 271.00-272.00 sec   608 KBytes  4.98 Mbits/sec                  
[  5] 272.00-273.00 sec   686 KBytes  5.62 Mbits/sec                  
[  5] 273.00-274.00 sec   625 KBytes  5.12 Mbits/sec                  
[  5] 274.00-275.00 sec   812 KBytes  6.65 Mbits/sec                  
[  5] 275.00-276.00 sec   601 KBytes  4.92 Mbits/sec                  
[  5] 276.00-277.00 sec   626 KBytes  5.13 Mbits/sec                  
[  5] 277.00-278.00 sec   781 KBytes  6.40 Mbits/sec                  
[  5] 278.00-279.00 sec  0.00 Bytes  0.00 bits/sec                  
[  5] 279.00-280.00 sec  0.00 Bytes  0.00 bits/sec                  
[  5] 280.00-281.00 sec  0.00 Bytes  0.00 bits/sec                  
[  5] 281.00-282.00 sec  2.83 KBytes  23.2 Kbits/sec                  
[  5] 282.00-283.00 sec  0.00 Bytes  0.00 bits/sec                  
[  5] 283.00-284.01 sec  0.00 Bytes  0.00 bits/sec                  
[  5] 284.01-285.00 sec  0.00 Bytes  0.00 bits/sec                  
[  5] 285.00-286.00 sec  0.00 Bytes  0.00 bits/sec                  
[  5] 286.00-287.00 sec  0.00 Bytes  0.00 bits/sec                  
[  5] 287.00-288.00 sec  0.00 Bytes  0.00 bits/sec                  
[  5] 288.00-289.00 sec  0.00 Bytes  0.00 bits/sec                  
[  5] 289.00-290.00 sec  0.00 Bytes  0.00 bits/sec                  
[  5] 290.00-291.00 sec  0.00 Bytes  0.00 bits/sec                  
[  5] 291.00-292.00 sec  1.41 KBytes  11.6 Kbits/sec                  
[  5] 292.00-293.00 sec   390 KBytes  3.20 Mbits/sec                  
[  5] 293.00-294.00 sec  1.13 MBytes  9.43 Mbits/sec                  
[  5] 294.00-295.01 sec  1.08 MBytes  8.97 Mbits/sec                  
[  5] 295.01-296.00 sec   393 KBytes  3.24 Mbits/sec                  
[  5] 296.00-297.00 sec  0.00 Bytes  0.00 bits/sec                  
[  5] 297.00-298.00 sec  0.00 Bytes  0.00 bits/sec                  
[  5] 298.00-299.00 sec  0.00 Bytes  0.00 bits/sec                  
[  5] 299.00-300.00 sec  0.00 Bytes  0.00 bits/sec                  
[  5] 300.00-301.00 sec  0.00 Bytes  0.00 bits/sec                  
[  5] 301.00-302.01 sec  70.7 KBytes   572 Kbits/sec                  
[  5] 302.01-303.00 sec  7.63 MBytes  64.8 Mbits/sec                  
[  5] 303.00-304.00 sec  1.10 MBytes  9.22 Mbits/sec                  
[  5] 304.00-305.00 sec  1.12 MBytes  9.43 Mbits/sec                  
[  5] 305.00-306.00 sec  1.12 MBytes  9.38 Mbits/sec                  
[  5] 306.00-307.00 sec  1.12 MBytes  9.41 Mbits/sec                  
[  5] 307.00-308.00 sec  1.14 MBytes  9.53 Mbits/sec                  
[  5] 308.00-309.00 sec  1.13 MBytes  9.46 Mbits/sec                  
[  5] 309.00-310.00 sec  1.07 MBytes  8.98 Mbits/sec                  
[  5] 310.00-311.00 sec  1.13 MBytes  9.52 Mbits/sec                  
[  5] 311.00-312.00 sec  1.14 MBytes  9.57 Mbits/sec                  
[  5] 312.00-313.00 sec  1.14 MBytes  9.56 Mbits/sec                  
[  5] 313.00-314.00 sec  1.14 MBytes  9.53 Mbits/sec                  
[  5] 314.00-315.00 sec  1.12 MBytes  9.41 Mbits/sec                  
[  5] 315.00-316.00 sec  1.14 MBytes  9.53 Mbits/sec                  
[  5] 316.00-317.00 sec  1.10 MBytes  9.27 Mbits/sec                  
[  5] 317.00-318.00 sec  1.14 MBytes  9.53 Mbits/sec                  
[  5] 318.00-319.00 sec  1.13 MBytes  9.50 Mbits/sec                  
[  5] 319.00-320.00 sec  1.13 MBytes  9.48 Mbits/sec                  
[  5] 320.00-321.00 sec  1.13 MBytes  9.51 Mbits/sec                  
[  5] 321.00-322.00 sec   779 KBytes  6.38 Mbits/sec                  
[  5] 322.00-323.00 sec  0.00 Bytes  0.00 bits/sec                  
[  5] 323.00-324.00 sec  0.00 Bytes  0.00 bits/sec                  
[  5] 324.00-325.00 sec  0.00 Bytes  0.00 bits/sec                  
[  5] 325.00-326.00 sec  0.00 Bytes  0.00 bits/sec                  
[  5] 326.00-327.00 sec  0.00 Bytes  0.00 bits/sec                  
[  5] 327.00-328.00 sec  0.00 Bytes  0.00 bits/sec                  
[  5] 328.00-329.00 sec  1.41 KBytes  11.6 Kbits/sec                  
[  5] 329.00-330.00 sec   163 KBytes  1.33 Mbits/sec                  
[  5] 330.00-331.00 sec   936 KBytes  7.67 Mbits/sec                  
[  5] 331.00-332.00 sec  1.10 MBytes  9.26 Mbits/sec                  
[  5] 332.00-333.00 sec  1.07 MBytes  8.99 Mbits/sec                  
[  5] 333.00-334.00 sec  1.07 MBytes  8.95 Mbits/sec                  
[  5] 334.00-335.00 sec  1.08 MBytes  9.02 Mbits/sec                  
[  5] 335.00-336.00 sec  1.09 MBytes  9.11 Mbits/sec                  
[  5] 336.00-337.00 sec  1.08 MBytes  9.03 Mbits/sec                  
[  5] 337.00-338.00 sec  1.09 MBytes  9.11 Mbits/sec                  
[  5] 338.00-339.00 sec   967 KBytes  7.94 Mbits/sec                  
[  5] 339.00-340.00 sec  1.13 MBytes  9.47 Mbits/sec                  
[  5] 340.00-341.00 sec  1.13 MBytes  9.46 Mbits/sec                  
[  5] 341.00-342.00 sec  1.13 MBytes  9.48 Mbits/sec                  
[  5] 342.00-343.00 sec  1.12 MBytes  9.42 Mbits/sec                  
[  5] 343.00-344.00 sec  1.14 MBytes  9.52 Mbits/sec                  
[  5] 344.00-345.00 sec  1.11 MBytes  9.35 Mbits/sec                  
[  5] 345.00-346.00 sec  1.08 MBytes  9.08 Mbits/sec                  
[  5] 346.00-347.00 sec  1.13 MBytes  9.49 Mbits/sec                  
[  5] 347.00-348.00 sec  1.14 MBytes  9.52 Mbits/sec                  
[  5] 348.00-349.00 sec  1.14 MBytes  9.54 Mbits/sec                  
[  5] 349.00-350.00 sec  1.13 MBytes  9.50 Mbits/sec                  
[  5] 350.00-351.00 sec  1.14 MBytes  9.59 Mbits/sec                  
[  5] 351.00-352.00 sec  1.13 MBytes  9.51 Mbits/sec                  
[  5] 352.00-353.00 sec   341 KBytes  2.79 Mbits/sec                  
[  5] 353.00-354.00 sec  0.00 Bytes  0.00 bits/sec                  
[  5] 354.00-355.00 sec  0.00 Bytes  0.00 bits/sec                  
[  5] 355.00-356.00 sec  39.6 KBytes   324 Kbits/sec                  
[  5] 356.00-357.00 sec  0.00 Bytes  0.00 bits/sec                  
[  5] 357.00-358.00 sec  0.00 Bytes  0.00 bits/sec                  
[  5] 358.00-359.00 sec  0.00 Bytes  0.00 bits/sec                  
[  5] 359.00-360.00 sec  3.18 MBytes  26.7 Mbits/sec                  
[  5] 360.00-361.00 sec  5.70 MBytes  47.8 Mbits/sec                  
[  5] 361.00-362.00 sec  1.11 MBytes  9.30 Mbits/sec                  
[  5] 362.00-363.00 sec  1.11 MBytes  9.30 Mbits/sec                  
[  5] 363.00-364.00 sec  1.12 MBytes  9.45 Mbits/sec                  
[  5] 364.00-365.00 sec  1.12 MBytes  9.36 Mbits/sec                  
[  5] 365.00-366.00 sec  1.12 MBytes  9.41 Mbits/sec                  
[  5] 366.00-367.00 sec  1014 KBytes  8.30 Mbits/sec                  
[  5] 367.00-368.00 sec   451 KBytes  3.69 Mbits/sec                  
[  5] 368.00-369.00 sec  0.00 Bytes  0.00 bits/sec                  
[  5] 369.00-370.00 sec  0.00 Bytes  0.00 bits/sec                  
[  5] 370.00-371.00 sec  1.78 MBytes  15.0 Mbits/sec                  
[  5] 371.00-372.00 sec  0.00 Bytes  0.00 bits/sec                  
[  5] 372.00-373.00 sec  0.00 Bytes  0.00 bits/sec                  
[  5] 373.00-374.00 sec  0.00 Bytes  0.00 bits/sec                  
[  5] 374.00-375.00 sec  1.41 KBytes  11.6 Kbits/sec                  
[  5] 375.00-376.00 sec  0.00 Bytes  0.00 bits/sec                  
[  5] 376.00-377.00 sec   214 KBytes  1.75 Mbits/sec                  
[  5] 377.00-378.00 sec   708 KBytes  5.81 Mbits/sec                  
[  5] 378.00-379.00 sec  1.06 MBytes  8.93 Mbits/sec                  
[  5] 379.00-380.00 sec  1.12 MBytes  9.40 Mbits/sec                  
[  5] 380.00-381.00 sec   366 KBytes  3.00 Mbits/sec                  
[  5] 381.00-382.00 sec  0.00 Bytes  0.00 bits/sec                  
[  5] 382.00-383.00 sec  0.00 Bytes  0.00 bits/sec                  
[  5] 383.00-384.00 sec  0.00 Bytes  0.00 bits/sec                  
[  5] 384.00-385.00 sec  0.00 Bytes  0.00 bits/sec                  
[  5] 385.00-386.00 sec   573 KBytes  4.69 Mbits/sec                  
[  5] 386.00-387.00 sec   762 KBytes  6.25 Mbits/sec                  
[  5] 387.00-388.00 sec   578 KBytes  4.74 Mbits/sec                  
[  5] 388.00-389.00 sec   508 KBytes  4.16 Mbits/sec                  
[  5] 389.00-390.00 sec   510 KBytes  4.19 Mbits/sec                  
[  5] 390.00-391.00 sec  5.03 MBytes  42.2 Mbits/sec                  
[  5] 391.00-392.00 sec   877 KBytes  7.19 Mbits/sec                  
[  5] 392.00-393.00 sec   889 KBytes  7.28 Mbits/sec                  
[  5] 393.00-394.00 sec   926 KBytes  7.59 Mbits/sec                  
[  5] 394.00-395.00 sec  1018 KBytes  8.34 Mbits/sec                  
[  5] 395.00-396.17 sec   827 KBytes  5.80 Mbits/sec                  
[  5] 396.17-397.00 sec   878 KBytes  8.65 Mbits/sec                  
[  5] 397.00-398.00 sec   954 KBytes  7.82 Mbits/sec                  
[  5] 398.00-399.00 sec  1.12 MBytes  9.36 Mbits/sec                  
[  5] 399.00-400.00 sec  1.11 MBytes  9.33 Mbits/sec                  
[  5] 400.00-401.00 sec  1.12 MBytes  9.36 Mbits/sec                  
[  5] 401.00-402.00 sec  1.13 MBytes  9.49 Mbits/sec                  
[  5] 402.00-403.00 sec   921 KBytes  7.53 Mbits/sec                  
[  5] 403.00-404.00 sec  1.02 MBytes  8.58 Mbits/sec                  
[  5] 404.00-405.00 sec  1.16 MBytes  9.70 Mbits/sec                  
[  5] 405.00-406.00 sec  1.13 MBytes  9.51 Mbits/sec                  
[  5] 406.00-407.00 sec  1.09 MBytes  9.14 Mbits/sec                  
[  5] 407.00-408.00 sec  1.14 MBytes  9.50 Mbits/sec                  
[  5] 408.00-409.00 sec  1.01 MBytes  8.47 Mbits/sec                  
[  5] 409.00-410.00 sec  0.00 Bytes  0.00 bits/sec                  
[  5] 410.00-411.00 sec  0.00 Bytes  0.00 bits/sec                  
[  5] 411.00-412.00 sec  0.00 Bytes  0.00 bits/sec                  
[  5] 412.00-413.00 sec  1.41 KBytes  11.6 Kbits/sec                  
[  5] 413.00-414.00 sec  0.00 Bytes  0.00 bits/sec                  
[  5] 414.00-415.00 sec  0.00 Bytes  0.00 bits/sec                  
[  5] 415.00-416.00 sec  0.00 Bytes  0.00 bits/sec                  
[  5] 416.00-417.00 sec  1.41 KBytes  11.6 Kbits/sec                  
[  5] 417.00-418.02 sec  63.6 KBytes   511 Kbits/sec                  
[  5] 418.02-419.00 sec   488 KBytes  4.07 Mbits/sec                  
[  5] 419.00-420.00 sec   583 KBytes  4.77 Mbits/sec                  
[  5] 420.00-421.00 sec   649 KBytes  5.32 Mbits/sec                  
[  5] 421.00-422.00 sec   758 KBytes  6.21 Mbits/sec                  
[  5] 422.00-423.00 sec   817 KBytes  6.70 Mbits/sec                  
[  5] 423.00-424.00 sec   887 KBytes  7.26 Mbits/sec                  
[  5] 424.00-425.00 sec  1.04 MBytes  8.71 Mbits/sec                  
[  5] 425.00-426.00 sec  1.09 MBytes  9.11 Mbits/sec                  
[  5] 426.00-427.00 sec  1.12 MBytes  9.42 Mbits/sec                  
[  5] 427.00-428.00 sec  1.13 MBytes  9.51 Mbits/sec                  
[  5] 428.00-429.00 sec  1.13 MBytes  9.50 Mbits/sec                  
[  5] 429.00-430.00 sec  1.12 MBytes  9.39 Mbits/sec                  
[  5] 430.00-431.00 sec  1.14 MBytes  9.52 Mbits/sec                  
[  5] 431.00-432.00 sec  1.13 MBytes  9.46 Mbits/sec                  
[  5] 432.00-433.00 sec  1.03 MBytes  8.65 Mbits/sec                  
[  5] 433.00-434.00 sec  1.14 MBytes  9.54 Mbits/sec                  
[  5] 434.00-435.00 sec  1.14 MBytes  9.52 Mbits/sec                  
[  5] 435.00-436.00 sec  1.13 MBytes  9.47 Mbits/sec                  
[  5] 436.00-437.00 sec  1.14 MBytes  9.57 Mbits/sec                  
[  5] 437.00-438.00 sec  1.14 MBytes  9.55 Mbits/sec                  
[  5] 438.00-439.00 sec  1.12 MBytes  9.44 Mbits/sec                  
[  5] 439.00-440.00 sec   816 KBytes  6.68 Mbits/sec                  
[  5] 440.00-441.00 sec  0.00 Bytes  0.00 bits/sec                  
[  5] 441.00-442.00 sec  0.00 Bytes  0.00 bits/sec                  
[  5] 442.00-443.00 sec  12.7 KBytes   104 Kbits/sec                  
[  5] 443.00-444.00 sec  0.00 Bytes  0.00 bits/sec                  
[  5] 444.00-445.00 sec  0.00 Bytes  0.00 bits/sec                  
[  5] 445.00-446.00 sec  0.00 Bytes  0.00 bits/sec                  
[  5] 446.00-447.00 sec  0.00 Bytes  0.00 bits/sec                  
[  5] 447.00-448.00 sec  8.19 MBytes  68.7 Mbits/sec                  
[  5] 448.00-449.00 sec  1.13 MBytes  9.49 Mbits/sec                  
[  5] 449.00-450.00 sec  1.14 MBytes  9.52 Mbits/sec                  
[  5] 450.00-451.00 sec  1.13 MBytes  9.49 Mbits/sec                  
[  5] 451.00-452.00 sec  1.13 MBytes  9.46 Mbits/sec                  
[  5] 452.00-453.00 sec  1.14 MBytes  9.55 Mbits/sec                  
[  5] 453.00-454.00 sec  1.11 MBytes  9.28 Mbits/sec                  
[  5] 454.00-455.00 sec   673 KBytes  5.51 Mbits/sec                  
[  5] 455.00-456.00 sec  0.00 Bytes  0.00 bits/sec                  
[  5] 456.00-457.00 sec  0.00 Bytes  0.00 bits/sec                  
[  5] 457.00-458.00 sec  52.3 KBytes   429 Kbits/sec                  
[  5] 458.00-459.00 sec  0.00 Bytes  0.00 bits/sec                  
[  5] 459.00-460.00 sec  0.00 Bytes  0.00 bits/sec                  
[  5] 460.00-461.00 sec  0.00 Bytes  0.00 bits/sec                  
[  5] 461.00-462.00 sec  1.41 KBytes  11.6 Kbits/sec                  
[  5] 462.00-463.00 sec  66.5 KBytes   545 Kbits/sec                  
[  5] 463.00-464.00 sec   904 KBytes  7.40 Mbits/sec                  
[  5] 464.00-465.00 sec   348 KBytes  2.85 Mbits/sec                  
[  5] 465.00-466.00 sec  1.09 MBytes  9.17 Mbits/sec                  
[  5] 466.00-467.00 sec   993 KBytes  8.13 Mbits/sec                  
[  5] 467.00-468.01 sec  1.12 MBytes  9.32 Mbits/sec                  
[  5] 468.01-469.00 sec  1.07 MBytes  9.01 Mbits/sec                  
[  5] 469.00-470.00 sec  3.10 MBytes  26.0 Mbits/sec                  
[  5] 470.00-471.00 sec  1.13 MBytes  9.45 Mbits/sec                  
[  5] 471.00-472.00 sec  1.02 MBytes  8.58 Mbits/sec                  
[  5] 472.00-473.00 sec  1022 KBytes  8.38 Mbits/sec                  
[  5] 473.00-474.00 sec   990 KBytes  8.11 Mbits/sec                  
[  5] 474.00-475.00 sec  1.02 MBytes  8.59 Mbits/sec                  
[  5] 475.00-476.00 sec  1.09 MBytes  9.15 Mbits/sec                  
[  5] 476.00-477.00 sec  1.12 MBytes  9.40 Mbits/sec                  
[  5] 477.00-478.00 sec  1.11 MBytes  9.33 Mbits/sec                  
[  5] 478.00-479.00 sec  1.11 MBytes  9.31 Mbits/sec                  
[  5] 479.00-480.00 sec  1.12 MBytes  9.37 Mbits/sec                  
[  5] 480.00-481.00 sec  1.12 MBytes  9.36 Mbits/sec                  
[  5] 481.00-482.00 sec  1.12 MBytes  9.40 Mbits/sec                  
[  5] 482.00-483.00 sec  1.01 MBytes  8.43 Mbits/sec                  
[  5] 483.00-484.00 sec  1.12 MBytes  9.40 Mbits/sec                  
[  5] 484.00-485.00 sec  1.12 MBytes  9.39 Mbits/sec                  
[  5] 485.00-486.00 sec  1.12 MBytes  9.40 Mbits/sec                  
[  5] 486.00-487.00 sec  1.12 MBytes  9.40 Mbits/sec                  
[  5] 487.00-488.00 sec   440 KBytes  3.60 Mbits/sec                  
[  5] 488.00-489.00 sec  0.00 Bytes  0.00 bits/sec                  
[  5] 489.00-490.00 sec  0.00 Bytes  0.00 bits/sec                  
[  5] 490.00-491.00 sec  0.00 Bytes  0.00 bits/sec                  
[  5] 491.00-492.00 sec  1.41 KBytes  11.6 Kbits/sec                  
[  5] 492.00-493.00 sec  0.00 Bytes  0.00 bits/sec                  
[  5] 493.00-494.00 sec  0.00 Bytes  0.00 bits/sec                  
[  5] 494.00-495.00 sec  0.00 Bytes  0.00 bits/sec                  
[  5] 495.00-496.00 sec  1.41 KBytes  11.6 Kbits/sec                  
[  5] 496.00-497.01 sec  0.00 Bytes  0.00 bits/sec                  
[  5] 497.01-498.00 sec  1.41 KBytes  11.7 Kbits/sec                  
[  5] 498.00-499.00 sec  7.07 KBytes  57.9 Kbits/sec                  
[  5] 499.00-500.00 sec  4.24 KBytes  34.7 Kbits/sec                  
[  5] 500.00-501.00 sec  4.24 KBytes  34.8 Kbits/sec                  
[  5] 501.00-502.00 sec  4.24 KBytes  34.7 Kbits/sec                  
[  5] 502.00-503.00 sec  4.24 KBytes  34.7 Kbits/sec                  
[  5] 503.00-504.00 sec  4.24 KBytes  34.7 Kbits/sec                  
[  5] 504.00-505.00 sec  4.24 KBytes  34.8 Kbits/sec                  
[  5] 505.00-506.00 sec   536 KBytes  4.39 Mbits/sec                  
[  5] 506.00-507.00 sec   737 KBytes  6.03 Mbits/sec                  
[  5] 507.00-508.00 sec   765 KBytes  6.27 Mbits/sec                  
[  5] 508.00-509.00 sec   772 KBytes  6.32 Mbits/sec                  
[  5] 509.00-510.00 sec   766 KBytes  6.27 Mbits/sec                  
[  5] 510.00-511.00 sec   759 KBytes  6.22 Mbits/sec                  
[  5] 511.00-512.00 sec   543 KBytes  4.45 Mbits/sec                  
[  5] 512.00-513.00 sec   759 KBytes  6.21 Mbits/sec                  
[  5] 513.00-514.00 sec   802 KBytes  6.57 Mbits/sec                  
[  5] 514.00-515.00 sec   802 KBytes  6.57 Mbits/sec                  
[  5] 515.00-516.00 sec   793 KBytes  6.50 Mbits/sec                  
[  5] 516.00-517.00 sec   766 KBytes  6.28 Mbits/sec                  
[  5] 517.00-518.00 sec  1004 KBytes  8.23 Mbits/sec                  
[  5] 518.00-519.00 sec  1.00 MBytes  8.42 Mbits/sec                  
[  5] 519.00-520.00 sec  1.11 MBytes  9.35 Mbits/sec                  
[  5] 520.00-521.00 sec  1.11 MBytes  9.35 Mbits/sec                  
[  5] 521.00-522.00 sec  1.11 MBytes  9.34 Mbits/sec                  
[  5] 522.00-523.00 sec  1.12 MBytes  9.37 Mbits/sec                  
[  5] 523.00-524.00 sec  1.12 MBytes  9.42 Mbits/sec                  
[  5] 524.00-525.00 sec  1.11 MBytes  9.34 Mbits/sec                  
[  5] 525.00-526.00 sec  1.05 MBytes  8.84 Mbits/sec                  
[  5] 526.00-527.00 sec  1.12 MBytes  9.42 Mbits/sec                  
[  5] 527.00-528.00 sec  1.11 MBytes  9.32 Mbits/sec                  
[  5] 528.00-529.00 sec  1.11 MBytes  9.35 Mbits/sec                  
[  5] 529.00-530.00 sec  1.12 MBytes  9.36 Mbits/sec                  
[  5] 530.00-531.00 sec  1.11 MBytes  9.32 Mbits/sec                  
[  5] 531.00-532.00 sec  1.11 MBytes  9.30 Mbits/sec                  
[  5] 532.00-533.00 sec  1.08 MBytes  9.04 Mbits/sec                  
[  5] 533.00-534.00 sec   766 KBytes  6.28 Mbits/sec                  
[  5] 534.00-535.00 sec  1.12 MBytes  9.38 Mbits/sec                  
[  5] 535.00-536.00 sec  1.21 MBytes  10.2 Mbits/sec                  
[  5] 536.00-537.00 sec  1.12 MBytes  9.40 Mbits/sec                  
[  5] 537.00-538.00 sec  1.12 MBytes  9.36 Mbits/sec                  
[  5] 538.00-539.00 sec  1.12 MBytes  9.42 Mbits/sec                  
[  5] 539.00-540.00 sec  1.11 MBytes  9.32 Mbits/sec                  
[  5] 540.00-541.00 sec   273 KBytes  2.23 Mbits/sec                  
[  5] 541.00-542.00 sec  0.00 Bytes  0.00 bits/sec                  
[  5] 542.00-543.00 sec  0.00 Bytes  0.00 bits/sec                  
[  5] 543.00-544.00 sec  0.00 Bytes  0.00 bits/sec                  
[  5] 544.00-545.00 sec  0.00 Bytes  0.00 bits/sec                  
[  5] 545.00-546.00 sec  0.00 Bytes  0.00 bits/sec                  
[  5] 546.00-547.00 sec  0.00 Bytes  0.00 bits/sec                  
[  5] 547.00-548.00 sec  0.00 Bytes  0.00 bits/sec                  
[  5] 548.00-549.00 sec  0.00 Bytes  0.00 bits/sec                  
[  5] 549.00-550.00 sec  0.00 Bytes  0.00 bits/sec                  
[  5] 550.00-551.00 sec  0.00 Bytes  0.00 bits/sec                  
[  5] 551.00-552.00 sec  0.00 Bytes  0.00 bits/sec                  
[  5] 552.00-553.00 sec  0.00 Bytes  0.00 bits/sec                  
[  5] 553.00-554.00 sec  0.00 Bytes  0.00 bits/sec                  
[  5] 554.00-555.00 sec  0.00 Bytes  0.00 bits/sec                  
[  5] 555.00-556.00 sec  0.00 Bytes  0.00 bits/sec                  
[  5] 556.00-557.00 sec  0.00 Bytes  0.00 bits/sec                  
[  5] 557.00-558.00 sec  0.00 Bytes  0.00 bits/sec                  
[  5] 558.00-559.00 sec  0.00 Bytes  0.00 bits/sec                  
[  5] 559.00-560.00 sec  0.00 Bytes  0.00 bits/sec                  
[  5] 560.00-561.00 sec  0.00 Bytes  0.00 bits/sec                  
[  5] 561.00-562.00 sec  0.00 Bytes  0.00 bits/sec                  
[  5] 562.00-563.00 sec  0.00 Bytes  0.00 bits/sec                  
[  5] 563.00-564.00 sec  0.00 Bytes  0.00 bits/sec                  
[  5] 564.00-565.00 sec  0.00 Bytes  0.00 bits/sec                  
[  5] 565.00-566.00 sec  0.00 Bytes  0.00 bits/sec                  
[  5] 566.00-567.00 sec  0.00 Bytes  0.00 bits/sec                  
[  5] 567.00-568.00 sec  0.00 Bytes  0.00 bits/sec                  
[  5] 568.00-569.00 sec  0.00 Bytes  0.00 bits/sec                  
[  5] 569.00-570.00 sec  0.00 Bytes  0.00 bits/sec                  
[  5] 570.00-571.00 sec  0.00 Bytes  0.00 bits/sec                  
[  5] 571.00-572.00 sec  0.00 Bytes  0.00 bits/sec                  
[  5] 572.00-573.00 sec  0.00 Bytes  0.00 bits/sec                  
[  5] 573.00-574.00 sec  0.00 Bytes  0.00 bits/sec                  
[  5] 574.00-575.00 sec  0.00 Bytes  0.00 bits/sec                  
[  5] 575.00-576.00 sec  0.00 Bytes  0.00 bits/sec                  
[  5] 576.00-577.00 sec  0.00 Bytes  0.00 bits/sec                  
[  5] 577.00-578.01 sec  0.00 Bytes  0.00 bits/sec                  
[  5] 578.01-579.00 sec   574 KBytes  4.73 Mbits/sec                  
[  5] 579.00-580.00 sec  1.12 MBytes  9.41 Mbits/sec                  
[  5] 580.00-581.00 sec  1.10 MBytes  9.17 Mbits/sec                  
[  5] 581.00-582.00 sec   986 KBytes  8.08 Mbits/sec                  
[  5] 582.00-583.00 sec  0.00 Bytes  0.00 bits/sec                  
[  5] 583.00-584.00 sec  0.00 Bytes  0.00 bits/sec                  
[  5] 584.00-585.00 sec  0.00 Bytes  0.00 bits/sec                  
[  5] 585.00-586.00 sec  0.00 Bytes  0.00 bits/sec                  
[  5] 586.00-587.00 sec   195 KBytes  1.60 Mbits/sec                  
[  5] 587.00-588.00 sec  1.14 MBytes  9.54 Mbits/sec                  
[  5] 588.00-589.00 sec  4.39 MBytes  36.8 Mbits/sec                  
[  5] 589.00-590.00 sec  1.12 MBytes  9.39 Mbits/sec                  
[  5] 590.00-591.00 sec  1.11 MBytes  9.31 Mbits/sec                  
[  5] 591.00-592.00 sec  1.07 MBytes  8.99 Mbits/sec                  
[  5] 592.00-593.00 sec  1.11 MBytes  9.35 Mbits/sec                  
[  5] 593.00-594.00 sec  1.11 MBytes  9.34 Mbits/sec                  
[  5] 594.00-595.00 sec  1.11 MBytes  9.34 Mbits/sec                  
[  5] 595.00-596.00 sec  1.12 MBytes  9.37 Mbits/sec                  
[  5] 596.00-597.00 sec  1.11 MBytes  9.30 Mbits/sec                  
[  5] 597.00-598.00 sec  1.09 MBytes  9.14 Mbits/sec                  
[  5] 598.00-599.00 sec  1.06 MBytes  8.91 Mbits/sec                  
[  5] 599.00-600.00 sec  1.11 MBytes  9.28 Mbits/sec                  
[  5] 600.00-601.00 sec  1.10 MBytes  9.27 Mbits/sec                  
[  5] 601.00-602.00 sec  1.10 MBytes  9.23 Mbits/sec                  
[  5] 602.00-603.00 sec  1.10 MBytes  9.23 Mbits/sec                  
[  5] 603.00-604.00 sec  1.10 MBytes  9.26 Mbits/sec                  
[  5] 604.00-605.00 sec  1.11 MBytes  9.28 Mbits/sec                  
[  5] 605.00-606.00 sec  1.01 MBytes  8.50 Mbits/sec                  
[  5] 606.00-607.00 sec  1.14 MBytes  9.59 Mbits/sec                  
[  5] 607.00-608.00 sec  1.13 MBytes  9.45 Mbits/sec                  
[  5] 608.00-609.00 sec  1.12 MBytes  9.40 Mbits/sec                  
[  5] 609.00-610.00 sec  1.12 MBytes  9.36 Mbits/sec                  
[  5] 610.00-611.00 sec  1.12 MBytes  9.38 Mbits/sec                  
[  5] 611.00-612.00 sec  1.11 MBytes  9.34 Mbits/sec                  
[  5] 612.00-613.00 sec  1.10 MBytes  9.17 Mbits/sec                  
[  5] 613.00-614.00 sec  1.07 MBytes  9.00 Mbits/sec                  
[  5] 614.00-615.00 sec  1.12 MBytes  9.36 Mbits/sec                  
[  5] 615.00-616.00 sec  1.12 MBytes  9.42 Mbits/sec                  
[  5] 616.00-617.00 sec  1.11 MBytes  9.33 Mbits/sec                  
[  5] 617.00-618.00 sec  1.12 MBytes  9.42 Mbits/sec                  
[  5] 618.00-619.02 sec   974 KBytes  7.83 Mbits/sec                  
[  5] 619.02-620.00 sec  1.13 MBytes  9.65 Mbits/sec                  
[  5] 620.00-621.00 sec   628 KBytes  5.14 Mbits/sec                  
[  5] 621.00-622.00 sec  1.21 MBytes  10.1 Mbits/sec                  
[  5] 622.00-623.00 sec  1.12 MBytes  9.38 Mbits/sec                  
[  5] 623.00-624.00 sec  1.12 MBytes  9.36 Mbits/sec                  
[  5] 624.00-625.00 sec  1.11 MBytes  9.27 Mbits/sec                  
[  5] 625.00-626.00 sec  1.12 MBytes  9.41 Mbits/sec                  
[  5] 626.00-627.00 sec  1.12 MBytes  9.39 Mbits/sec                  
[  5] 627.00-628.00 sec  1.05 MBytes  8.77 Mbits/sec                  
[  5] 628.00-629.00 sec  1.14 MBytes  9.55 Mbits/sec                  
[  5] 629.00-630.00 sec  1.11 MBytes  9.33 Mbits/sec                  
[  5] 630.00-631.00 sec  1.11 MBytes  9.33 Mbits/sec                  
[  5] 631.00-632.00 sec  1.10 MBytes  9.25 Mbits/sec                  
[  5] 632.00-633.00 sec  1.13 MBytes  9.46 Mbits/sec                  
[  5] 633.00-634.00 sec  1.12 MBytes  9.41 Mbits/sec                  
[  5] 634.00-635.00 sec  1.09 MBytes  9.12 Mbits/sec                  
[  5] 635.00-636.00 sec  1.13 MBytes  9.50 Mbits/sec                  
[  5] 636.00-637.00 sec  1.12 MBytes  9.36 Mbits/sec                  
[  5] 637.00-638.00 sec  1.14 MBytes  9.59 Mbits/sec                  
[  5] 638.00-639.00 sec  1.14 MBytes  9.58 Mbits/sec                  
[  5] 639.00-640.00 sec  1.14 MBytes  9.57 Mbits/sec                  
[  5] 640.00-641.00 sec  1.14 MBytes  9.55 Mbits/sec                  
[  5] 641.00-642.00 sec  1.14 MBytes  9.56 Mbits/sec                  
[  5] 642.00-643.00 sec  1.11 MBytes  9.28 Mbits/sec                  
[  5] 643.00-644.00 sec  1.14 MBytes  9.57 Mbits/sec                  
[  5] 644.00-645.00 sec  1.13 MBytes  9.50 Mbits/sec                  
[  5] 645.00-646.00 sec  1.14 MBytes  9.56 Mbits/sec                  
[  5] 646.00-647.00 sec  1.14 MBytes  9.57 Mbits/sec                  
[  5] 647.00-648.00 sec  1.14 MBytes  9.56 Mbits/sec                  
[  5] 648.00-649.00 sec  1.14 MBytes  9.56 Mbits/sec                  
[  5] 649.00-650.00 sec  1.11 MBytes  9.30 Mbits/sec                  
[  5] 650.00-651.00 sec  1.14 MBytes  9.56 Mbits/sec                  
[  5] 651.00-652.00 sec  1.13 MBytes  9.51 Mbits/sec                  
[  5] 652.00-653.00 sec  1.14 MBytes  9.59 Mbits/sec                  
[  5] 653.00-654.00 sec  1.14 MBytes  9.57 Mbits/sec                  
[  5] 654.00-655.00 sec  1.14 MBytes  9.55 Mbits/sec                  
[  5] 655.00-656.00 sec  1.14 MBytes  9.58 Mbits/sec                  
[  5] 656.00-657.00 sec  1.11 MBytes  9.29 Mbits/sec                  
[  5] 657.00-658.00 sec  1.13 MBytes  9.49 Mbits/sec                  
[  5] 658.00-659.00 sec  1.14 MBytes  9.55 Mbits/sec                  
[  5] 659.00-660.00 sec  1.14 MBytes  9.55 Mbits/sec                  
[  5] 660.00-661.00 sec  1.14 MBytes  9.54 Mbits/sec                  
[  5] 661.00-662.00 sec  1.14 MBytes  9.55 Mbits/sec                  
[  5] 662.00-663.00 sec  1.14 MBytes  9.57 Mbits/sec                  
[  5] 663.00-664.00 sec  1.09 MBytes  9.14 Mbits/sec                  
[  5] 664.00-665.00 sec  1.14 MBytes  9.56 Mbits/sec                  
[  5] 665.00-666.00 sec  1.14 MBytes  9.53 Mbits/sec                  
[  5] 666.00-667.00 sec  1.14 MBytes  9.54 Mbits/sec                  
[  5] 667.00-668.00 sec  1.14 MBytes  9.58 Mbits/sec                  
[  5] 668.00-669.00 sec  1.14 MBytes  9.57 Mbits/sec                  
[  5] 669.00-670.00 sec  1.14 MBytes  9.53 Mbits/sec                  
[  5] 670.00-671.00 sec  1.12 MBytes  9.43 Mbits/sec                  
[  5] 671.00-672.00 sec   781 KBytes  6.39 Mbits/sec                  
[  5] 672.00-673.00 sec  0.00 Bytes  0.00 bits/sec                  
[  5] 673.00-674.00 sec  0.00 Bytes  0.00 bits/sec                  
[  5] 674.00-675.00 sec  0.00 Bytes  0.00 bits/sec                  
[  5] 675.00-676.00 sec  1.41 KBytes  11.6 Kbits/sec                  
[  5] 676.00-677.00 sec  0.00 Bytes  0.00 bits/sec                  
[  5] 677.00-678.02 sec  0.00 Bytes  0.00 bits/sec                  
[  5] 678.02-679.00 sec  0.00 Bytes  0.00 bits/sec                  
[  5] 679.00-680.00 sec  0.00 Bytes  0.00 bits/sec                  
[  5] 680.00-681.00 sec  0.00 Bytes  0.00 bits/sec                  
[  5] 681.00-682.00 sec  1.41 KBytes  11.6 Kbits/sec                  
[  5] 682.00-683.00 sec   198 KBytes  1.62 Mbits/sec                  
[  5] 683.00-684.00 sec  1.06 MBytes  8.91 Mbits/sec                  
[  5] 684.00-685.00 sec  1.05 MBytes  8.81 Mbits/sec                  
[  5] 685.00-686.00 sec   953 KBytes  7.81 Mbits/sec                  
[  5] 686.00-687.00 sec  1.07 MBytes  8.94 Mbits/sec                  
[  5] 687.00-688.00 sec  1.06 MBytes  8.94 Mbits/sec                  
[  5] 688.00-689.00 sec  1.10 MBytes  9.24 Mbits/sec                  
[  5] 689.00-690.00 sec  1.10 MBytes  9.27 Mbits/sec                  
[  5] 690.00-691.00 sec  1.10 MBytes  9.21 Mbits/sec                  
[  5] 691.00-692.00 sec  1.13 MBytes  9.47 Mbits/sec                  
[  5] 692.00-693.00 sec  1021 KBytes  8.35 Mbits/sec                  
[  5] 693.00-694.00 sec  1.12 MBytes  9.44 Mbits/sec                  
[  5] 694.00-695.00 sec  1.10 MBytes  9.21 Mbits/sec                  
[  5] 695.00-696.00 sec  1.14 MBytes  9.60 Mbits/sec                  
[  5] 696.00-697.00 sec  1.13 MBytes  9.50 Mbits/sec                  
[  5] 697.00-698.00 sec  1.14 MBytes  9.54 Mbits/sec                  
[  5] 698.00-699.00 sec  1.14 MBytes  9.56 Mbits/sec                  
[  5] 699.00-700.00 sec  1.09 MBytes  9.13 Mbits/sec                  
[  5] 700.00-701.00 sec  1.13 MBytes  9.49 Mbits/sec                  
[  5] 701.00-702.00 sec  1.13 MBytes  9.51 Mbits/sec                  
[  5] 702.00-703.00 sec  1.03 MBytes  8.58 Mbits/sec                  
[  5] 703.00-704.00 sec  1.13 MBytes  9.50 Mbits/sec                  
[  5] 704.00-705.00 sec  1.14 MBytes  9.52 Mbits/sec                  
[  5] 705.00-706.00 sec   759 KBytes  6.22 Mbits/sec                  
[  5] 706.00-707.00 sec  0.00 Bytes  0.00 bits/sec                  
[  5] 707.00-708.00 sec  0.00 Bytes  0.00 bits/sec                  
[  5] 708.00-709.00 sec  0.00 Bytes  0.00 bits/sec                  
[  5] 709.00-710.00 sec  0.00 Bytes  0.00 bits/sec                  
[  5] 710.00-711.00 sec  0.00 Bytes  0.00 bits/sec                  
[  5] 711.00-712.00 sec  0.00 Bytes  0.00 bits/sec                  
[  5] 712.00-713.00 sec  2.83 KBytes  23.2 Kbits/sec                  
[  5] 713.00-714.00 sec   206 KBytes  1.69 Mbits/sec                  
[  5] 714.00-715.00 sec  1001 KBytes  8.20 Mbits/sec                  
[  5] 715.00-716.00 sec  1.09 MBytes  9.15 Mbits/sec                  
[  5] 716.00-717.00 sec  1.10 MBytes  9.19 Mbits/sec                  
[  5] 717.00-718.00 sec  1.09 MBytes  9.16 Mbits/sec                  
[  5] 718.00-719.00 sec  1.06 MBytes  8.92 Mbits/sec                  
[  5] 719.00-720.00 sec  1.09 MBytes  9.14 Mbits/sec                  
[  5] 720.00-721.00 sec  1.07 MBytes  8.99 Mbits/sec                  
[  5] 721.00-722.00 sec  1021 KBytes  8.36 Mbits/sec                  
[  5] 722.00-723.00 sec  1.12 MBytes  9.42 Mbits/sec                  
[  5] 723.00-724.00 sec  1.12 MBytes  9.42 Mbits/sec                  
[  5] 724.00-725.00 sec  1.12 MBytes  9.36 Mbits/sec                  
[  5] 725.00-726.00 sec  1.12 MBytes  9.38 Mbits/sec                  
[  5] 726.00-727.00 sec  1.11 MBytes  9.32 Mbits/sec                  
[  5] 727.00-728.00 sec  1.12 MBytes  9.39 Mbits/sec                  
[  5] 728.00-729.00 sec  1.07 MBytes  8.96 Mbits/sec                  
[  5] 729.00-730.00 sec   383 KBytes  3.14 Mbits/sec                  
[  5] 730.00-731.00 sec  0.00 Bytes  0.00 bits/sec                  
[  5] 731.00-732.00 sec  0.00 Bytes  0.00 bits/sec                  
[  5] 732.00-733.00 sec  0.00 Bytes  0.00 bits/sec                  
[  5] 733.00-734.00 sec  0.00 Bytes  0.00 bits/sec                  
[  5] 734.00-735.00 sec  0.00 Bytes  0.00 bits/sec                  
[  5] 735.00-736.00 sec  0.00 Bytes  0.00 bits/sec                  
[  5] 736.00-737.00 sec  0.00 Bytes  0.00 bits/sec                  
[  5] 737.00-738.00 sec  0.00 Bytes  0.00 bits/sec                  
[  5] 738.00-739.00 sec  0.00 Bytes  0.00 bits/sec                  
[  5] 739.00-740.00 sec  0.00 Bytes  0.00 bits/sec                  
[  5] 740.00-741.00 sec  0.00 Bytes  0.00 bits/sec                  
[  5] 741.00-742.00 sec  0.00 Bytes  0.00 bits/sec                  
[  5] 742.00-743.00 sec  0.00 Bytes  0.00 bits/sec                  
[  5] 743.00-744.00 sec  0.00 Bytes  0.00 bits/sec                  
[  5] 744.00-745.00 sec  0.00 Bytes  0.00 bits/sec                  
[  5] 745.00-746.00 sec  0.00 Bytes  0.00 bits/sec                  
[  5] 746.00-747.00 sec  0.00 Bytes  0.00 bits/sec                  
[  5] 747.00-748.00 sec  0.00 Bytes  0.00 bits/sec                  
[  5] 748.00-749.00 sec  0.00 Bytes  0.00 bits/sec                  
[  5] 749.00-750.00 sec  0.00 Bytes  0.00 bits/sec                  
[  5] 750.00-751.00 sec   915 KBytes  7.52 Mbits/sec                  
[  5] 751.00-752.00 sec  1.12 MBytes  9.37 Mbits/sec                  
[  5] 752.00-753.00 sec  1.12 MBytes  9.39 Mbits/sec                  
[  5] 753.00-754.00 sec  1.12 MBytes  9.43 Mbits/sec                  
[  5] 754.00-755.00 sec  1.12 MBytes  9.37 Mbits/sec                  
[  5] 755.00-756.00 sec  1.10 MBytes  9.26 Mbits/sec                  
[  5] 756.00-757.00 sec  1.13 MBytes  9.48 Mbits/sec                  
[  5] 757.00-758.00 sec  1.09 MBytes  9.12 Mbits/sec                  
[  5] 758.00-759.00 sec  1.12 MBytes  9.37 Mbits/sec                  
[  5] 759.00-760.00 sec  1.11 MBytes  9.34 Mbits/sec                  
[  5] 760.00-761.00 sec  1.11 MBytes  9.30 Mbits/sec                  
[  5] 761.00-762.00 sec  1.12 MBytes  9.41 Mbits/sec                  
[  5] 762.00-763.00 sec  1.13 MBytes  9.44 Mbits/sec                  
[  5] 763.00-764.00 sec  1.11 MBytes  9.32 Mbits/sec                  
[  5] 764.00-765.00 sec  1.08 MBytes  9.04 Mbits/sec                  
[  5] 765.00-766.00 sec  1.13 MBytes  9.49 Mbits/sec                  
[  5] 766.00-767.00 sec  1.11 MBytes  9.35 Mbits/sec                  
[  5] 767.00-768.00 sec  1.12 MBytes  9.36 Mbits/sec                  
[  5] 768.00-769.00 sec  1.12 MBytes  9.43 Mbits/sec                  
[  5] 769.00-770.00 sec  1.12 MBytes  9.39 Mbits/sec                  
[  5] 770.00-771.00 sec   700 KBytes  5.74 Mbits/sec                  
[  5] 771.00-772.00 sec  0.00 Bytes  0.00 bits/sec                  
[  5] 772.00-773.00 sec  0.00 Bytes  0.00 bits/sec                  
[  5] 773.00-774.00 sec  0.00 Bytes  0.00 bits/sec                  
[  5] 774.00-775.00 sec  1.41 KBytes  11.6 Kbits/sec                  
[  5] 775.00-776.00 sec  0.00 Bytes  0.00 bits/sec                  
[  5] 776.00-777.00 sec  0.00 Bytes  0.00 bits/sec                  
[  5] 777.00-778.00 sec  0.00 Bytes  0.00 bits/sec                  
[  5] 778.00-779.00 sec  0.00 Bytes  0.00 bits/sec                  
[  5] 779.00-780.00 sec  0.00 Bytes  0.00 bits/sec                  
[  5] 780.00-781.00 sec  0.00 Bytes  0.00 bits/sec                  
[  5] 781.00-782.00 sec  0.00 Bytes  0.00 bits/sec                  
[  5] 782.00-783.00 sec  0.00 Bytes  0.00 bits/sec                  
[  5] 783.00-784.00 sec  0.00 Bytes  0.00 bits/sec                  
[  5] 784.00-785.00 sec  0.00 Bytes  0.00 bits/sec                  
[  5] 785.00-786.00 sec  0.00 Bytes  0.00 bits/sec                  
[  5] 786.00-787.00 sec  0.00 Bytes  0.00 bits/sec                  
[  5] 787.00-788.00 sec  0.00 Bytes  0.00 bits/sec                  
[  5] 788.00-789.00 sec  0.00 Bytes  0.00 bits/sec                  
[  5] 789.00-790.00 sec  0.00 Bytes  0.00 bits/sec                  
[  5] 790.00-791.00 sec  0.00 Bytes  0.00 bits/sec                  
[  5] 791.00-792.00 sec  0.00 Bytes  0.00 bits/sec                  
[  5] 792.00-793.00 sec  1.41 KBytes  11.6 Kbits/sec                  
[  5] 793.00-794.00 sec  0.00 Bytes  0.00 bits/sec                  
[  5] 794.00-795.00 sec  8.48 KBytes  69.6 Kbits/sec                  
[  5] 795.00-796.00 sec  8.48 KBytes  69.5 Kbits/sec                  
[  5] 796.00-797.00 sec  14.1 KBytes   116 Kbits/sec                  
[  5] 797.00-798.00 sec  22.6 KBytes   185 Kbits/sec                  
[  5] 798.00-799.00 sec  29.7 KBytes   243 Kbits/sec                  
[  5] 799.00-800.00 sec  76.4 KBytes   625 Kbits/sec                  
[  5] 800.00-801.00 sec  66.5 KBytes   544 Kbits/sec                  
[  5] 801.00-802.00 sec  97.6 KBytes   799 Kbits/sec                  
[  5] 802.00-803.00 sec   147 KBytes  1.20 Mbits/sec                  
[  5] 803.00-804.00 sec   216 KBytes  1.77 Mbits/sec                  
[  5] 804.00-805.00 sec   315 KBytes  2.59 Mbits/sec                  
[  5] 805.00-806.00 sec   452 KBytes  3.71 Mbits/sec                  
[  5] 806.00-807.00 sec  84.8 KBytes   695 Kbits/sec                  
[  5] 807.00-808.00 sec  0.00 Bytes  0.00 bits/sec                  
[  5] 808.00-809.00 sec  0.00 Bytes  0.00 bits/sec                  
[  5] 809.00-810.00 sec  0.00 Bytes  0.00 bits/sec                  
[  5] 810.00-811.00 sec  0.00 Bytes  0.00 bits/sec                  
[  5] 811.00-812.00 sec  0.00 Bytes  0.00 bits/sec                  
[  5] 812.00-813.00 sec  4.24 KBytes  34.8 Kbits/sec                  
[  5] 813.00-814.00 sec  17.0 KBytes   139 Kbits/sec                  
[  5] 814.00-815.00 sec   204 KBytes  1.67 Mbits/sec                  
[  5] 815.00-816.00 sec  2.54 MBytes  21.3 Mbits/sec                  
[  5] 816.00-817.00 sec   321 KBytes  2.63 Mbits/sec                  
[  5] 817.00-818.00 sec   615 KBytes  5.04 Mbits/sec                  
[  5] 818.00-819.00 sec   479 KBytes  3.93 Mbits/sec                  
[  5] 819.00-820.00 sec   164 KBytes  1.34 Mbits/sec                  
[  5] 820.00-821.00 sec   675 KBytes  5.53 Mbits/sec                  
[  5] 821.00-822.00 sec  1.53 MBytes  12.8 Mbits/sec                  
[  5] 822.00-823.00 sec  0.00 Bytes  0.00 bits/sec                  
[  5] 823.00-824.00 sec   700 KBytes  5.74 Mbits/sec                  
[  5] 824.00-825.00 sec  0.00 Bytes  0.00 bits/sec                  
[  5] 825.00-826.00 sec  0.00 Bytes  0.00 bits/sec                  
[  5] 826.00-827.00 sec  1.32 MBytes  11.1 Mbits/sec                  
[  5] 827.00-828.00 sec   181 KBytes  1.48 Mbits/sec                  
[  5] 828.00-829.00 sec   655 KBytes  5.36 Mbits/sec                  
[  5] 829.00-830.00 sec  0.00 Bytes  0.00 bits/sec                  
[  5] 830.00-831.00 sec   757 KBytes  6.20 Mbits/sec                  
[  5] 831.00-832.00 sec  0.00 Bytes  0.00 bits/sec                  
[  5] 832.00-833.00 sec   730 KBytes  5.98 Mbits/sec                  
[  5] 833.00-834.00 sec  90.5 KBytes   741 Kbits/sec                  
[  5] 834.00-835.00 sec  42.4 KBytes   348 Kbits/sec                  
[  5] 835.00-836.00 sec  0.00 Bytes  0.00 bits/sec                  
[  5] 836.00-837.00 sec  0.00 Bytes  0.00 bits/sec                  
[  5] 837.00-838.00 sec   395 KBytes  3.23 Mbits/sec                  
[  5] 838.00-839.00 sec   324 KBytes  2.65 Mbits/sec                  
[  5] 839.00-840.00 sec  0.00 Bytes  0.00 bits/sec                  
[  5] 840.00-841.00 sec  0.00 Bytes  0.00 bits/sec                  
[  5] 841.00-842.00 sec  1.41 KBytes  11.6 Kbits/sec                  
[  5] 842.00-843.00 sec  0.00 Bytes  0.00 bits/sec                  
[  5] 843.00-844.00 sec  1.41 KBytes  11.6 Kbits/sec                  
[  5] 844.00-845.00 sec  2.83 KBytes  23.2 Kbits/sec                  
[  5] 845.00-846.00 sec  4.24 KBytes  34.7 Kbits/sec                  
[  5] 846.00-847.00 sec  0.00 Bytes  0.00 bits/sec                  
[  5] 847.00-848.00 sec  7.07 KBytes  57.9 Kbits/sec                  
[  5] 848.00-849.00 sec  0.00 Bytes  0.00 bits/sec                  
[  5] 849.00-850.00 sec  9.90 KBytes  81.1 Kbits/sec                  
[  5] 850.00-851.00 sec  0.00 Bytes  0.00 bits/sec                  
[  5] 851.00-852.00 sec  0.00 Bytes  0.00 bits/sec                  
[  5] 852.00-853.00 sec  15.6 KBytes   128 Kbits/sec                  
[  5] 853.00-854.00 sec  0.00 Bytes  0.00 bits/sec                  
[  5] 854.00-855.00 sec  22.6 KBytes   185 Kbits/sec                  
[  5] 855.00-856.00 sec  0.00 Bytes  0.00 bits/sec                  
[  5] 856.00-857.00 sec  14.1 KBytes   116 Kbits/sec                  
[  5] 857.00-858.00 sec  0.00 Bytes  0.00 bits/sec                  
[  5] 858.00-859.00 sec  0.00 Bytes  0.00 bits/sec                  
[  5] 859.00-860.00 sec  0.00 Bytes  0.00 bits/sec                  
[  5] 860.00-861.00 sec  0.00 Bytes  0.00 bits/sec                  
[  5] 861.00-862.00 sec  0.00 Bytes  0.00 bits/sec                  
[  5] 862.00-863.00 sec   434 KBytes  3.56 Mbits/sec                  
[  5] 863.00-864.00 sec  1.04 MBytes  8.70 Mbits/sec                  
[  5] 864.00-865.00 sec  1.44 MBytes  12.1 Mbits/sec                  
[  5] 865.00-866.00 sec  1.10 MBytes  9.21 Mbits/sec                  
[  5] 866.00-867.00 sec  1.10 MBytes  9.27 Mbits/sec                  
[  5] 867.00-868.00 sec   348 KBytes  2.85 Mbits/sec                  
[  5] 868.00-869.00 sec   293 KBytes  2.40 Mbits/sec                  
[  5] 869.00-870.00 sec  0.00 Bytes  0.00 bits/sec                  
[  5] 870.00-871.00 sec   320 KBytes  2.62 Mbits/sec                  
[  5] 871.00-872.00 sec  1.41 KBytes  11.6 Kbits/sec                  
[  5] 872.00-873.00 sec  21.2 KBytes   174 Kbits/sec                  
[  5] 873.00-874.00 sec   317 KBytes  2.59 Mbits/sec                  
[  5] 874.00-875.00 sec  0.00 Bytes  0.00 bits/sec                  
[  5] 875.00-876.00 sec  8.48 KBytes  69.6 Kbits/sec                  
[  5] 876.00-877.00 sec  0.00 Bytes  0.00 bits/sec                  
[  5] 877.00-878.00 sec  0.00 Bytes  0.00 bits/sec                  
[  5] 878.00-879.00 sec   139 KBytes  1.13 Mbits/sec                  
[  5] 879.00-880.00 sec  8.48 KBytes  69.5 Kbits/sec                  
[  5] 880.00-881.00 sec   491 KBytes  4.02 Mbits/sec                  
[  5] 881.00-882.00 sec   954 KBytes  7.81 Mbits/sec                  
[  5] 882.00-883.00 sec   235 KBytes  1.93 Mbits/sec                  
[  5] 883.00-884.00 sec   116 KBytes   949 Kbits/sec                  
[  5] 884.00-885.00 sec   174 KBytes  1.43 Mbits/sec                  
[  5] 885.00-886.00 sec   221 KBytes  1.81 Mbits/sec                  
[  5] 886.00-887.00 sec  2.83 KBytes  23.2 Kbits/sec                  
[  5] 887.00-888.00 sec  0.00 Bytes  0.00 bits/sec                  
[  5] 888.00-889.00 sec  0.00 Bytes  0.00 bits/sec                  
[  5] 889.00-890.00 sec  1.41 KBytes  11.6 Kbits/sec                  
[  5] 890.00-891.00 sec  0.00 Bytes  0.00 bits/sec                  
[  5] 891.00-892.00 sec  0.00 Bytes  0.00 bits/sec                  
[  5] 892.00-893.00 sec  0.00 Bytes  0.00 bits/sec                  
[  5] 893.00-894.00 sec  1001 KBytes  8.21 Mbits/sec                  
[  5] 894.00-895.00 sec   242 KBytes  1.98 Mbits/sec                  
[  5] 895.00-896.00 sec   181 KBytes  1.48 Mbits/sec                  
[  5] 896.00-897.00 sec   170 KBytes  1.39 Mbits/sec                  
[  5] 897.00-898.00 sec   206 KBytes  1.69 Mbits/sec                  
[  5] 898.00-899.00 sec   177 KBytes  1.45 Mbits/sec                  
[  5] 899.00-900.00 sec   175 KBytes  1.43 Mbits/sec                  
[  5] 900.00-901.00 sec   188 KBytes  1.54 Mbits/sec                  
[  5] 901.00-902.00 sec   153 KBytes  1.25 Mbits/sec                  
[  5] 902.00-903.00 sec  56.6 KBytes   463 Kbits/sec                  
[  5] 903.00-904.00 sec  0.00 Bytes  0.00 bits/sec                  
[  5] 904.00-905.00 sec  18.4 KBytes   151 Kbits/sec                  
[  5] 905.00-906.00 sec  0.00 Bytes  0.00 bits/sec                  
[  5] 906.00-907.00 sec  0.00 Bytes  0.00 bits/sec                  
[  5] 907.00-908.00 sec  0.00 Bytes  0.00 bits/sec                  
[  5] 908.00-909.00 sec  0.00 Bytes  0.00 bits/sec                  
[  5] 909.00-910.00 sec  1.74 MBytes  14.6 Mbits/sec                  
[  5] 910.00-911.00 sec   280 KBytes  2.29 Mbits/sec                  
[  5] 911.00-912.00 sec   165 KBytes  1.35 Mbits/sec                  
[  5] 912.00-913.00 sec   286 KBytes  2.34 Mbits/sec                  
[  5] 913.00-914.00 sec   204 KBytes  1.67 Mbits/sec                  
[  5] 914.00-915.00 sec   214 KBytes  1.75 Mbits/sec                  
[  5] 915.00-916.00 sec   297 KBytes  2.42 Mbits/sec                  
[  5] 916.00-917.00 sec   151 KBytes  1.24 Mbits/sec                  
[  5] 917.00-918.00 sec   349 KBytes  2.86 Mbits/sec                  
[  5] 918.00-919.00 sec  89.1 KBytes   729 Kbits/sec                  
[  5] 919.00-920.00 sec  0.00 Bytes  0.00 bits/sec                  
[  5] 920.00-921.00 sec  0.00 Bytes  0.00 bits/sec                  
[  5] 921.00-922.00 sec  0.00 Bytes  0.00 bits/sec                  
[  5] 922.00-923.00 sec  0.00 Bytes  0.00 bits/sec                  
[  5] 923.00-924.00 sec  0.00 Bytes  0.00 bits/sec                  
[  5] 924.00-925.00 sec  0.00 Bytes  0.00 bits/sec                  
[  5] 925.00-926.00 sec  2.09 MBytes  17.5 Mbits/sec                  
[  5] 926.00-927.00 sec   255 KBytes  2.09 Mbits/sec                  
[  5] 927.00-928.00 sec   229 KBytes  1.88 Mbits/sec                  
[  5] 928.00-929.00 sec   338 KBytes  2.77 Mbits/sec                  
[  5] 929.00-930.00 sec   187 KBytes  1.53 Mbits/sec                  
[  5] 930.00-931.00 sec   474 KBytes  3.88 Mbits/sec                  
[  5] 931.00-932.00 sec   195 KBytes  1.60 Mbits/sec                  
[  5] 932.00-933.00 sec   421 KBytes  3.45 Mbits/sec                  
[  5] 933.00-934.00 sec   127 KBytes  1.04 Mbits/sec                  
[  5] 934.00-935.00 sec  0.00 Bytes  0.00 bits/sec                  
[  5] 935.00-936.00 sec  0.00 Bytes  0.00 bits/sec                  
[  5] 936.00-937.00 sec  0.00 Bytes  0.00 bits/sec                  
[  5] 937.00-938.00 sec  0.00 Bytes  0.00 bits/sec                  
[  5] 938.00-939.00 sec  0.00 Bytes  0.00 bits/sec                  
[  5] 939.00-940.00 sec  0.00 Bytes  0.00 bits/sec                  
[  5] 940.00-941.00 sec  2.08 MBytes  17.5 Mbits/sec                  
[  5] 941.00-942.00 sec   448 KBytes  3.67 Mbits/sec                  
[  5] 942.00-943.00 sec   185 KBytes  1.52 Mbits/sec                  
[  5] 943.00-944.00 sec   349 KBytes  2.86 Mbits/sec                  
[  5] 944.00-945.00 sec   307 KBytes  2.51 Mbits/sec                  
[  5] 945.00-946.00 sec   266 KBytes  2.18 Mbits/sec                  
[  5] 946.00-947.00 sec   448 KBytes  3.67 Mbits/sec                  
[  5] 947.00-948.00 sec   132 KBytes  1.08 Mbits/sec                  
[  5] 948.00-949.00 sec   520 KBytes  4.26 Mbits/sec                  
[  5] 949.00-950.00 sec   141 KBytes  1.16 Mbits/sec                  
[  5] 950.00-951.00 sec  0.00 Bytes  0.00 bits/sec                  
[  5] 951.00-952.00 sec  0.00 Bytes  0.00 bits/sec                  
[  5] 952.00-953.00 sec  0.00 Bytes  0.00 bits/sec                  
[  5] 953.00-954.00 sec  0.00 Bytes  0.00 bits/sec                  
[  5] 954.00-955.00 sec  0.00 Bytes  0.00 bits/sec                  
[  5] 955.00-956.00 sec  0.00 Bytes  0.00 bits/sec                  
[  5] 956.00-957.00 sec   976 KBytes  8.00 Mbits/sec                  
[  5] 957.00-958.00 sec  1.61 MBytes  13.5 Mbits/sec                  
[  5] 958.00-959.00 sec   260 KBytes  2.13 Mbits/sec                  
[  5] 959.00-960.00 sec   243 KBytes  1.99 Mbits/sec                  
[  5] 960.00-961.00 sec  45.2 KBytes   370 Kbits/sec                  
[  5] 961.00-962.00 sec  0.00 Bytes  0.00 bits/sec                  
[  5] 962.00-963.00 sec  0.00 Bytes  0.00 bits/sec                  
[  5] 963.00-964.00 sec  0.00 Bytes  0.00 bits/sec                  
[  5] 964.00-965.00 sec  0.00 Bytes  0.00 bits/sec                  
[  5] 965.00-966.00 sec  0.00 Bytes  0.00 bits/sec                  
[  5] 966.00-967.00 sec  0.00 Bytes  0.00 bits/sec                  
[  5] 967.00-968.00 sec  2.83 KBytes  23.2 Kbits/sec                  
[  5] 968.00-969.00 sec  31.1 KBytes   255 Kbits/sec                  
[  5] 969.00-970.00 sec   148 KBytes  1.22 Mbits/sec                  
[  5] 970.00-971.00 sec   600 KBytes  4.92 Mbits/sec                  
[  5] 971.00-972.00 sec  0.00 Bytes  0.00 bits/sec                  
[  5] 972.00-973.00 sec  0.00 Bytes  0.00 bits/sec                  
[  5] 973.00-974.00 sec  0.00 Bytes  0.00 bits/sec                  
[  5] 974.00-975.01 sec  33.9 KBytes   277 Kbits/sec                  
[  5] 975.01-976.00 sec   642 KBytes  5.28 Mbits/sec                  
[  5] 976.00-977.00 sec   800 KBytes  6.56 Mbits/sec                  
[  5] 977.00-978.00 sec  87.7 KBytes   718 Kbits/sec                  
[  5] 978.00-979.00 sec   348 KBytes  2.84 Mbits/sec                  
[  5] 979.00-980.00 sec   321 KBytes  2.64 Mbits/sec                  
[  5] 980.00-981.00 sec  31.1 KBytes   255 Kbits/sec                  
[  5] 981.00-982.00 sec  29.7 KBytes   243 Kbits/sec                  
[  5] 982.00-983.00 sec  0.00 Bytes  0.00 bits/sec                  
[  5] 983.00-984.00 sec  0.00 Bytes  0.00 bits/sec                  
[  5] 984.00-985.00 sec   922 KBytes  7.55 Mbits/sec                  
[  5] 985.00-986.00 sec   223 KBytes  1.83 Mbits/sec                  
[  5] 986.00-987.00 sec  31.1 KBytes   255 Kbits/sec                  
[  5] 987.00-988.00 sec   257 KBytes  2.11 Mbits/sec                  
[  5] 988.00-989.00 sec   189 KBytes  1.55 Mbits/sec                  
[  5] 989.00-990.00 sec   148 KBytes  1.22 Mbits/sec                  
[  5] 990.00-991.00 sec  26.9 KBytes   220 Kbits/sec                  
[  5] 991.00-992.00 sec  0.00 Bytes  0.00 bits/sec                  
[  5] 992.00-993.00 sec  8.48 KBytes  69.5 Kbits/sec                  
[  5] 993.00-994.00 sec  0.00 Bytes  0.00 bits/sec                  
[  5] 994.00-995.00 sec  0.00 Bytes  0.00 bits/sec                  
[  5] 995.00-996.00 sec  0.00 Bytes  0.00 bits/sec                  
[  5] 996.00-997.00 sec  0.00 Bytes  0.00 bits/sec                  
[  5] 997.00-998.00 sec  0.00 Bytes  0.00 bits/sec                  
[  5] 998.00-999.00 sec  11.3 KBytes  92.7 Kbits/sec                  
[  5] 999.00-1000.00 sec  0.00 Bytes  0.00 bits/sec                  
[  5] 1000.00-1001.00 sec   117 KBytes   961 Kbits/sec                  
[  5] 1001.00-1002.00 sec  0.00 Bytes  0.00 bits/sec                  
[  5] 1002.00-1003.00 sec   450 KBytes  3.69 Mbits/sec                  
[  5] 1003.00-1004.00 sec  0.00 Bytes  0.00 bits/sec                  
[  5] 1004.00-1005.00 sec  0.00 Bytes  0.00 bits/sec                  
[  5] 1005.00-1006.00 sec  17.0 KBytes   139 Kbits/sec                  
[  5] 1006.00-1007.01 sec  0.00 Bytes  0.00 bits/sec                  
[  5] 1007.01-1008.00 sec  0.00 Bytes  0.00 bits/sec                  
[  5] 1008.00-1009.00 sec  0.00 Bytes  0.00 bits/sec                  
[  5] 1009.00-1010.00 sec  0.00 Bytes  0.00 bits/sec                  
[  5] 1010.00-1011.00 sec  0.00 Bytes  0.00 bits/sec                  
[  5] 1011.00-1012.00 sec  0.00 Bytes  0.00 bits/sec                  
[  5] 1012.00-1013.00 sec  0.00 Bytes  0.00 bits/sec                  
[  5] 1013.00-1014.00 sec  14.1 KBytes   116 Kbits/sec                  
[  5] 1014.00-1015.00 sec  0.00 Bytes  0.00 bits/sec                  
[  5] 1015.00-1016.00 sec  25.5 KBytes   209 Kbits/sec                  
[  5] 1016.00-1017.00 sec  7.07 KBytes  57.8 Kbits/sec                  
[  5] 1017.00-1018.01 sec  0.00 Bytes  0.00 bits/sec                  
[  5] 1018.01-1019.00 sec  38.2 KBytes   315 Kbits/sec                  
[  5] 1019.00-1020.01 sec  0.00 Bytes  0.00 bits/sec                  
[  5] 1020.01-1021.02 sec   127 KBytes  1.02 Mbits/sec                  
[  5] 1021.02-1022.00 sec  0.00 Bytes  0.00 bits/sec                  
[  5] 1022.00-1023.00 sec  93.3 KBytes   766 Kbits/sec                  
[  5] 1023.00-1024.00 sec  0.00 Bytes  0.00 bits/sec                  
[  5] 1024.00-1025.00 sec  0.00 Bytes  0.00 bits/sec                  
[  5] 1025.00-1026.00 sec  0.00 Bytes  0.00 bits/sec                  
[  5] 1026.00-1027.00 sec  0.00 Bytes  0.00 bits/sec                  
[  5] 1027.00-1028.00 sec  0.00 Bytes  0.00 bits/sec                  
[  5] 1028.00-1029.00 sec  1.41 KBytes  11.6 Kbits/sec                  
[  5] 1029.00-1030.00 sec  0.00 Bytes  0.00 bits/sec                  
[  5] 1030.00-1031.00 sec  0.00 Bytes  0.00 bits/sec                  
[  5] 1031.00-1032.00 sec  0.00 Bytes  0.00 bits/sec                  
[  5] 1032.00-1033.00 sec  0.00 Bytes  0.00 bits/sec                  
[  5] 1033.00-1034.00 sec  0.00 Bytes  0.00 bits/sec                  
[  5] 1034.00-1035.00 sec  0.00 Bytes  0.00 bits/sec                  
[  5] 1035.00-1036.00 sec  0.00 Bytes  0.00 bits/sec                  
[  5] 1036.00-1037.00 sec  0.00 Bytes  0.00 bits/sec                  
[  5] 1037.00-1038.00 sec  0.00 Bytes  0.00 bits/sec                  
[  5] 1038.00-1039.00 sec  0.00 Bytes  0.00 bits/sec                  
[  5] 1039.00-1040.00 sec  0.00 Bytes  0.00 bits/sec                  
[  5] 1040.00-1041.00 sec  0.00 Bytes  0.00 bits/sec                  
[  5] 1041.00-1042.00 sec  0.00 Bytes  0.00 bits/sec                  
[  5] 1042.00-1043.00 sec  0.00 Bytes  0.00 bits/sec                  
[  5] 1043.00-1044.00 sec  0.00 Bytes  0.00 bits/sec                  
[  5] 1044.00-1045.00 sec  0.00 Bytes  0.00 bits/sec                  
[  5] 1045.00-1046.00 sec  0.00 Bytes  0.00 bits/sec                  
[  5] 1046.00-1047.00 sec  0.00 Bytes  0.00 bits/sec                  
[  5] 1047.00-1048.00 sec  0.00 Bytes  0.00 bits/sec                  
[  5] 1048.00-1049.00 sec  33.9 KBytes   278 Kbits/sec                  
[  5] 1049.00-1050.00 sec  0.00 Bytes  0.00 bits/sec                  
[  5] 1050.00-1051.00 sec  0.00 Bytes  0.00 bits/sec                  
[  5] 1051.00-1052.00 sec  0.00 Bytes  0.00 bits/sec                  
[  5] 1052.00-1053.00 sec   153 KBytes  1.25 Mbits/sec                  
[  5] 1053.00-1054.00 sec  0.00 Bytes  0.00 bits/sec                  
[  5] 1054.00-1055.00 sec  0.00 Bytes  0.00 bits/sec                  
[  5] 1055.00-1056.00 sec  0.00 Bytes  0.00 bits/sec                  
[  5] 1056.00-1057.00 sec  0.00 Bytes  0.00 bits/sec                  
[  5] 1057.00-1058.00 sec  0.00 Bytes  0.00 bits/sec                  
[  5] 1058.00-1059.00 sec  0.00 Bytes  0.00 bits/sec                  
[  5] 1059.00-1060.00 sec  0.00 Bytes  0.00 bits/sec                  
[  5] 1060.00-1061.00 sec  0.00 Bytes  0.00 bits/sec                  
[  5] 1061.00-1062.00 sec  2.83 KBytes  23.2 Kbits/sec                  
[  5] 1062.00-1063.00 sec  0.00 Bytes  0.00 bits/sec                  
[  5] 1063.00-1064.00 sec  1.41 KBytes  11.6 Kbits/sec                  
[  5] 1064.00-1065.00 sec  0.00 Bytes  0.00 bits/sec                  
[  5] 1065.00-1066.00 sec  0.00 Bytes  0.00 bits/sec                  
[  5] 1066.00-1067.00 sec  0.00 Bytes  0.00 bits/sec                  
[  5] 1067.00-1068.00 sec  0.00 Bytes  0.00 bits/sec                  
[  5] 1068.00-1069.00 sec  0.00 Bytes  0.00 bits/sec                  
[  5] 1069.00-1070.00 sec  0.00 Bytes  0.00 bits/sec                  
[  5] 1070.00-1071.00 sec  0.00 Bytes  0.00 bits/sec                  
[  5] 1071.00-1072.00 sec  0.00 Bytes  0.00 bits/sec                  
[  5] 1072.00-1073.00 sec  7.07 KBytes  58.0 Kbits/sec                  
[  5] 1073.00-1074.00 sec  0.00 Bytes  0.00 bits/sec                  
[  5] 1074.00-1075.00 sec  31.1 KBytes   255 Kbits/sec                  
[  5] 1075.00-1076.00 sec  0.00 Bytes  0.00 bits/sec                  
[  5] 1076.00-1077.00 sec  11.3 KBytes  92.7 Kbits/sec                  
[  5] 1077.00-1078.00 sec  0.00 Bytes  0.00 bits/sec                  
[  5] 1078.00-1079.00 sec  0.00 Bytes  0.00 bits/sec                  
[  5] 1079.00-1080.00 sec  0.00 Bytes  0.00 bits/sec                  
[  5] 1080.00-1081.00 sec  0.00 Bytes  0.00 bits/sec                  
[  5] 1081.00-1082.00 sec  0.00 Bytes  0.00 bits/sec                  
[  5] 1082.00-1083.00 sec  0.00 Bytes  0.00 bits/sec                  
[  5] 1083.00-1084.00 sec  0.00 Bytes  0.00 bits/sec                  
[  5] 1084.00-1085.00 sec  0.00 Bytes  0.00 bits/sec                  
[  5] 1085.00-1086.00 sec  56.6 KBytes   464 Kbits/sec                  
[  5] 1086.00-1087.00 sec  0.00 Bytes  0.00 bits/sec                  
[  5] 1087.00-1088.00 sec  31.1 KBytes   256 Kbits/sec                  
[  5] 1088.00-1089.00 sec  0.00 Bytes  0.00 bits/sec                  
[  5] 1089.00-1090.00 sec  0.00 Bytes  0.00 bits/sec                  
[  5] 1090.00-1091.00 sec  0.00 Bytes  0.00 bits/sec                  
[  5] 1091.00-1092.00 sec  0.00 Bytes  0.00 bits/sec                  
[  5] 1092.00-1093.00 sec  0.00 Bytes  0.00 bits/sec                  
[  5] 1093.00-1094.00 sec  0.00 Bytes  0.00 bits/sec                  
[  5] 1094.00-1095.00 sec  0.00 Bytes  0.00 bits/sec                  
[  5] 1095.00-1096.00 sec  0.00 Bytes  0.00 bits/sec                  
[  5] 1096.00-1097.00 sec  0.00 Bytes  0.00 bits/sec                  
[  5] 1097.00-1098.00 sec  66.5 KBytes   544 Kbits/sec                  
[  5] 1098.00-1099.00 sec  0.00 Bytes  0.00 bits/sec                  
[  5] 1099.00-1100.00 sec   247 KBytes  2.02 Mbits/sec                  
[  5] 1100.00-1101.00 sec  0.00 Bytes  0.00 bits/sec                  
[  5] 1101.00-1102.00 sec  0.00 Bytes  0.00 bits/sec                  
[  5] 1102.00-1103.00 sec  0.00 Bytes  0.00 bits/sec                  
[  5] 1103.00-1104.00 sec  0.00 Bytes  0.00 bits/sec                  
[  5] 1104.00-1105.00 sec  0.00 Bytes  0.00 bits/sec                  
[  5] 1105.00-1106.00 sec  0.00 Bytes  0.00 bits/sec                  
[  5] 1106.00-1107.00 sec  94.7 KBytes   776 Kbits/sec                  
[  5] 1107.00-1108.00 sec  58.0 KBytes   475 Kbits/sec                  
[  5] 1108.00-1109.00 sec  35.4 KBytes   289 Kbits/sec                  
[  5] 1109.00-1110.00 sec  39.6 KBytes   325 Kbits/sec                  
[  5] 1110.00-1111.01 sec  63.6 KBytes   518 Kbits/sec                  
[  5] 1111.01-1112.00 sec  50.9 KBytes   419 Kbits/sec                  
[  5] 1112.00-1113.00 sec  46.7 KBytes   383 Kbits/sec                  
[  5] 1113.00-1114.01 sec  59.4 KBytes   484 Kbits/sec                  
[  5] 1114.01-1115.00 sec  77.8 KBytes   640 Kbits/sec                  
[  5] 1115.00-1116.00 sec  82.0 KBytes   673 Kbits/sec                  
[  5] 1116.00-1117.00 sec   110 KBytes   903 Kbits/sec                  
[  5] 1117.00-1118.00 sec   117 KBytes   960 Kbits/sec                  
[  5] 1118.00-1119.01 sec   253 KBytes  2.06 Mbits/sec                  
[  5] 1119.01-1120.01 sec   346 KBytes  2.82 Mbits/sec                  
[  5] 1120.01-1121.00 sec   290 KBytes  2.40 Mbits/sec                  
[  5] 1121.00-1122.00 sec   322 KBytes  2.64 Mbits/sec                  
[  5] 1122.00-1123.00 sec   494 KBytes  4.04 Mbits/sec                  
[  5] 1123.00-1124.00 sec   313 KBytes  2.56 Mbits/sec                  
[  5] 1124.00-1125.04 sec   427 KBytes  3.38 Mbits/sec                  
[  5] 1125.04-1126.00 sec   202 KBytes  1.72 Mbits/sec                  
[  5] 1126.00-1127.01 sec  0.00 Bytes  0.00 bits/sec                  
[  5] 1127.01-1128.00 sec  77.8 KBytes   641 Kbits/sec                  
[  5] 1128.00-1129.00 sec  0.00 Bytes  0.00 bits/sec                  
[  5] 1129.00-1130.02 sec  0.00 Bytes  0.00 bits/sec                  
[  5] 1130.02-1131.00 sec  0.00 Bytes  0.00 bits/sec                  
[  5] 1131.00-1132.00 sec  0.00 Bytes  0.00 bits/sec                  
[  5] 1132.00-1133.00 sec  0.00 Bytes  0.00 bits/sec                  
[  5] 1133.00-1134.01 sec  31.1 KBytes   252 Kbits/sec                  
[  5] 1134.01-1135.00 sec  2.83 MBytes  23.9 Mbits/sec                  
[  5] 1135.00-1136.01 sec  0.00 Bytes  0.00 bits/sec                  
[  5] 1136.01-1137.01 sec   868 KBytes  7.07 Mbits/sec                  
[  5] 1137.01-1138.02 sec   270 KBytes  2.20 Mbits/sec                  
[  5] 1138.02-1139.01 sec  0.00 Bytes  0.00 bits/sec                  
[  5] 1139.01-1140.01 sec  0.00 Bytes  0.00 bits/sec                  
[  5] 1140.01-1141.01 sec  1.41 KBytes  11.6 Kbits/sec                  
[  5] 1141.01-1142.01 sec  0.00 Bytes  0.00 bits/sec                  
[  5] 1142.01-1143.01 sec  0.00 Bytes  0.00 bits/sec                  
[  5] 1143.01-1144.00 sec  0.00 Bytes  0.00 bits/sec                  
[  5] 1144.00-1145.01 sec  0.00 Bytes  0.00 bits/sec                  
[  5] 1145.01-1146.01 sec  0.00 Bytes  0.00 bits/sec                  
[  5] 1146.01-1147.01 sec  0.00 Bytes  0.00 bits/sec                  
[  5] 1147.01-1148.01 sec   247 KBytes  2.03 Mbits/sec                  
[  5] 1148.01-1149.01 sec  0.00 Bytes  0.00 bits/sec                  
[  5] 1149.01-1150.01 sec  0.00 Bytes  0.00 bits/sec                  
[  5] 1150.01-1151.01 sec  0.00 Bytes  0.00 bits/sec                  
[  5] 1151.01-1152.01 sec  0.00 Bytes  0.00 bits/sec                  
[  5] 1152.01-1153.01 sec  0.00 Bytes  0.00 bits/sec                  
[  5] 1153.01-1154.01 sec  0.00 Bytes  0.00 bits/sec                  
[  5] 1154.01-1155.01 sec  0.00 Bytes  0.00 bits/sec                  
[  5] 1155.01-1156.01 sec  0.00 Bytes  0.00 bits/sec                  
[  5] 1156.01-1157.01 sec  0.00 Bytes  0.00 bits/sec                  
[  5] 1157.01-1158.01 sec  0.00 Bytes  0.00 bits/sec                  
[  5] 1158.01-1159.01 sec  0.00 Bytes  0.00 bits/sec                  
[  5] 1159.01-1160.00 sec  0.00 Bytes  0.00 bits/sec                  
[  5] 1160.00-1161.01 sec   628 KBytes  5.12 Mbits/sec                  
[  5] 1161.01-1162.00 sec  0.00 Bytes  0.00 bits/sec                  
[  5] 1162.00-1163.01 sec   925 KBytes  7.53 Mbits/sec                  
[  5] 1163.01-1164.00 sec  0.00 Bytes  0.00 bits/sec                  
[  5] 1164.00-1165.00 sec   236 KBytes  1.93 Mbits/sec                  
[  5] 1165.00-1166.00 sec  0.00 Bytes  0.00 bits/sec                  
[  5] 1166.00-1167.01 sec   460 KBytes  3.74 Mbits/sec                  
[  5] 1167.01-1168.01 sec  0.00 Bytes  0.00 bits/sec                  
[  5] 1168.01-1169.01 sec  70.7 KBytes   584 Kbits/sec                  
[  5] 1169.01-1170.01 sec  0.00 Bytes  0.00 bits/sec                  
[  5] 1170.01-1171.01 sec   124 KBytes  1.02 Mbits/sec                  
[  5] 1171.01-1172.01 sec  0.00 Bytes  0.00 bits/sec                  
[  5] 1172.01-1173.01 sec   358 KBytes  2.94 Mbits/sec                  
[  5] 1173.01-1174.01 sec  0.00 Bytes  0.00 bits/sec                  
[  5] 1174.01-1175.01 sec  38.2 KBytes   313 Kbits/sec                  
[  5] 1175.01-1176.03 sec   180 KBytes  1.44 Mbits/sec                  
[  5] 1176.03-1177.03 sec  0.00 Bytes  0.00 bits/sec                  
[  5] 1177.03-1178.01 sec   266 KBytes  2.20 Mbits/sec                  
[  5] 1178.01-1179.01 sec  2.83 KBytes  23.2 Kbits/sec                  
[  5] 1179.01-1180.01 sec  0.00 Bytes  0.00 bits/sec                  
[  5] 1180.01-1181.02 sec  38.2 KBytes   311 Kbits/sec                  
[  5] 1181.02-1182.02 sec  0.00 Bytes  0.00 bits/sec                  
[  5] 1182.02-1183.02 sec  0.00 Bytes  0.00 bits/sec                  
[  5] 1183.02-1184.02 sec  0.00 Bytes  0.00 bits/sec                  
[  5] 1184.02-1185.02 sec  0.00 Bytes  0.00 bits/sec                  
[  5] 1185.02-1186.02 sec  0.00 Bytes  0.00 bits/sec                  
[  5] 1186.02-1187.02 sec  0.00 Bytes  0.00 bits/sec                  
[  5] 1187.02-1188.02 sec  0.00 Bytes  0.00 bits/sec                  
[  5] 1188.02-1189.02 sec  0.00 Bytes  0.00 bits/sec                  
[  5] 1189.02-1190.02 sec  0.00 Bytes  0.00 bits/sec                  
[  5] 1190.02-1191.17 sec  0.00 Bytes  0.00 bits/sec                  
[  5] 1191.17-1192.02 sec  0.00 Bytes  0.00 bits/sec                  
[  5] 1192.02-1193.02 sec  0.00 Bytes  0.00 bits/sec                  
[  5] 1193.02-1194.02 sec  0.00 Bytes  0.00 bits/sec                  
[  5] 1194.02-1195.02 sec  0.00 Bytes  0.00 bits/sec                  
[  5] 1195.02-1196.02 sec  14.1 KBytes   116 Kbits/sec                  
[  5] 1196.02-1197.01 sec  0.00 Bytes  0.00 bits/sec                  
[  5] 1197.01-1198.02 sec  0.00 Bytes  0.00 bits/sec                  
[  5] 1198.02-1199.01 sec   328 KBytes  2.69 Mbits/sec                  
[  5] 1199.01-1200.01 sec  0.00 Bytes  0.00 bits/sec                  
[  5] 1200.01-1201.02 sec  0.00 Bytes  0.00 bits/sec                  
[  5] 1201.02-1202.01 sec  2.02 MBytes  17.0 Mbits/sec                  
[  5] 1202.01-1203.01 sec  0.00 Bytes  0.00 bits/sec                  
[  5] 1203.01-1204.01 sec  0.00 Bytes  0.00 bits/sec                  
[  5] 1204.01-1205.03 sec  0.00 Bytes  0.00 bits/sec                  
[  5] 1205.03-1206.02 sec  0.00 Bytes  0.00 bits/sec                  
[  5] 1206.02-1207.01 sec  0.00 Bytes  0.00 bits/sec                  
[  5] 1207.01-1208.02 sec  0.00 Bytes  0.00 bits/sec                  
[  5] 1208.02-1209.02 sec  0.00 Bytes  0.00 bits/sec                  
[  5] 1209.02-1210.01 sec  0.00 Bytes  0.00 bits/sec                  
[  5] 1210.01-1211.01 sec  0.00 Bytes  0.00 bits/sec                  
[  5] 1211.01-1212.02 sec  0.00 Bytes  0.00 bits/sec                  
[  5] 1212.02-1213.03 sec  0.00 Bytes  0.00 bits/sec                  
[  5] 1213.03-1214.01 sec  0.00 Bytes  0.00 bits/sec                  
[  5] 1214.01-1215.01 sec  89.1 KBytes   730 Kbits/sec                  
[  5] 1215.01-1216.01 sec  0.00 Bytes  0.00 bits/sec                  
[  5] 1216.01-1217.00 sec  3.73 MBytes  31.6 Mbits/sec                  
[  5] 1217.00-1218.01 sec  0.00 Bytes  0.00 bits/sec                  
[  5] 1218.01-1219.01 sec  0.00 Bytes  0.00 bits/sec                  
[  5] 1219.01-1220.01 sec   335 KBytes  2.75 Mbits/sec                  
[  5] 1220.01-1221.01 sec  79.2 KBytes   648 Kbits/sec                  
[  5] 1221.01-1222.02 sec  0.00 Bytes  0.00 bits/sec                  
[  5] 1222.02-1223.02 sec   144 KBytes  1.18 Mbits/sec                  
[  5] 1223.02-1224.02 sec   407 KBytes  3.34 Mbits/sec                  
[  5] 1224.02-1225.00 sec   156 KBytes  1.30 Mbits/sec                  
[  5] 1225.00-1226.02 sec   656 KBytes  5.26 Mbits/sec                  
[  5] 1226.02-1227.00 sec  56.6 KBytes   474 Kbits/sec                  
[  5] 1227.00-1228.02 sec  8.48 KBytes  67.9 Kbits/sec                  
[  5] 1228.02-1229.00 sec  0.00 Bytes  0.00 bits/sec                  
[  5] 1229.00-1230.00 sec   349 KBytes  2.86 Mbits/sec                  
[  5] 1230.00-1231.03 sec  0.00 Bytes  0.00 bits/sec                  
[  5] 1231.03-1232.00 sec  1.41 KBytes  11.9 Kbits/sec                  
[  5] 1232.00-1233.00 sec  0.00 Bytes  0.00 bits/sec                  
[  5] 1233.00-1234.00 sec  0.00 Bytes  0.00 bits/sec                  
[  5] 1234.00-1235.00 sec  0.00 Bytes  0.00 bits/sec                  
[  5] 1235.00-1236.00 sec  0.00 Bytes  0.00 bits/sec                  
[  5] 1236.00-1237.00 sec  0.00 Bytes  0.00 bits/sec                  
[  5] 1237.00-1238.00 sec  0.00 Bytes  0.00 bits/sec                  
[  5] 1238.00-1239.00 sec  0.00 Bytes  0.00 bits/sec                  
[  5] 1239.00-1240.00 sec  0.00 Bytes  0.00 bits/sec                  
[  5] 1240.00-1241.00 sec  18.4 KBytes   151 Kbits/sec                  
[  5] 1241.00-1242.00 sec  0.00 Bytes  0.00 bits/sec                  
[  5] 1242.00-1243.00 sec  0.00 Bytes  0.00 bits/sec                  
[  5] 1243.00-1244.00 sec   790 KBytes  6.48 Mbits/sec                  
[  5] 1244.00-1245.00 sec  0.00 Bytes  0.00 bits/sec                  
[  5] 1245.00-1246.00 sec  0.00 Bytes  0.00 bits/sec                  
[  5] 1246.00-1247.00 sec   307 KBytes  2.51 Mbits/sec                  
[  5] 1247.00-1248.00 sec  74.9 KBytes   613 Kbits/sec                  
[  5] 1248.00-1249.00 sec  0.00 Bytes  0.00 bits/sec                  
[  5] 1249.00-1250.00 sec  0.00 Bytes  0.00 bits/sec                  
[  5] 1250.00-1251.00 sec  0.00 Bytes  0.00 bits/sec                  
[  5] 1251.00-1252.00 sec   243 KBytes  1.99 Mbits/sec                  
[  5] 1252.00-1253.00 sec  0.00 Bytes  0.00 bits/sec                  
[  5] 1253.00-1254.00 sec  0.00 Bytes  0.00 bits/sec                  
[  5] 1254.00-1255.00 sec   257 KBytes  2.11 Mbits/sec                  
[  5] 1255.00-1256.00 sec  0.00 Bytes  0.00 bits/sec                  
[  5] 1256.00-1257.00 sec  0.00 Bytes  0.00 bits/sec                  
[  5] 1257.00-1258.00 sec  0.00 Bytes  0.00 bits/sec                  
[  5] 1258.00-1259.00 sec   440 KBytes  3.60 Mbits/sec                  
[  5] 1259.00-1259.09 sec  0.00 Bytes  0.00 bits/sec                  
- - - - - - - - - - - - - - - - - - - - - - - - -
[ ID] Interval           Transfer     Bandwidth
[  5]   0.00-1259.09 sec  0.00 Bytes  0.00 bits/sec                  sender
[  5]   0.00-1259.09 sec   493 MBytes  3.28 Mbits/sec                  receiver
