-----------------------------------------------------------
Server listening on 5205
-----------------------------------------------------------
Accepted connection from 10.0.0.1, port 59358
[  5] local 10.0.0.2 port 5205 connected to 10.0.0.1 port 46118
[ ID] Interval           Transfer     Bandwidth
[  5]   0.00-1.00   sec  93.3 KBytes   764 Kbits/sec                  
[  5]   1.00-2.00   sec  97.6 KBytes   800 Kbits/sec                  
[  5]   2.00-3.00   sec   120 KBytes   985 Kbits/sec                  
[  5]   3.00-4.00   sec   105 KBytes   857 Kbits/sec                  
[  5]   4.00-5.00   sec   127 KBytes  1.04 Mbits/sec                  
[  5]   5.00-6.00   sec   139 KBytes  1.14 Mbits/sec                  
[  5]   6.00-7.00   sec   112 KBytes   915 Kbits/sec                  
[  5]   7.00-8.00   sec   143 KBytes  1.17 Mbits/sec                  
[  5]   8.00-9.00   sec   188 KBytes  1.54 Mbits/sec                  
[  5]   9.00-10.00  sec  58.0 KBytes   475 Kbits/sec                  
[  5]  10.00-11.00  sec   239 KBytes  1.96 Mbits/sec                  
[  5]  11.00-12.00  sec  24.0 KBytes   197 Kbits/sec                  
[  5]  12.00-13.00  sec  69.3 KBytes   568 Kbits/sec                  
[  5]  13.00-14.00  sec  0.00 Bytes  0.00 bits/sec                  
[  5]  14.00-15.00  sec  48.1 KBytes   394 Kbits/sec                  
[  5]  15.00-16.00  sec  0.00 Bytes  0.00 bits/sec                  
[  5]  16.00-17.00  sec   311 KBytes  2.55 Mbits/sec                  
[  5]  17.00-18.00  sec  0.00 Bytes  0.00 bits/sec                  
[  5]  18.00-19.00  sec  0.00 Bytes  0.00 bits/sec                  
[  5]  19.00-20.00  sec   571 KBytes  4.68 Mbits/sec                  
[  5]  20.00-21.00  sec   240 KBytes  1.97 Mbits/sec                  
[  5]  21.00-22.00  sec   247 KBytes  2.03 Mbits/sec                  
[  5]  22.00-23.00  sec  0.00 Bytes  0.00 bits/sec                  
[  5]  23.00-24.00  sec   269 KBytes  2.20 Mbits/sec                  
[  5]  24.00-25.00  sec   198 KBytes  1.62 Mbits/sec                  
[  5]  25.00-26.00  sec  84.8 KBytes   695 Kbits/sec                  
[  5]  26.00-27.00  sec   288 KBytes  2.36 Mbits/sec                  
[  5]  27.00-28.00  sec  0.00 Bytes  0.00 bits/sec                  
[  5]  28.00-29.00  sec   293 KBytes  2.40 Mbits/sec                  
[  5]  29.00-30.00  sec  0.00 Bytes  0.00 bits/sec                  
[  5]  30.00-31.00  sec   317 KBytes  2.60 Mbits/sec                  
[  5]  31.00-32.00  sec  0.00 Bytes  0.00 bits/sec                  
[  5]  32.00-33.00  sec   378 KBytes  3.09 Mbits/sec                  
[  5]  33.00-34.00  sec  0.00 Bytes  0.00 bits/sec                  
[  5]  34.00-35.00  sec  2.83 KBytes  23.2 Kbits/sec                  
[  5]  35.00-36.00  sec  0.00 Bytes  0.00 bits/sec                  
[  5]  36.00-37.00  sec  0.00 Bytes  0.00 bits/sec                  
[  5]  37.00-38.00  sec  46.7 KBytes   382 Kbits/sec                  
[  5]  38.00-39.00  sec  0.00 Bytes  0.00 bits/sec                  
[  5]  39.00-40.00  sec   349 KBytes  2.86 Mbits/sec                  
[  5]  40.00-41.00  sec  0.00 Bytes  0.00 bits/sec                  
[  5]  41.00-42.01  sec   107 KBytes   874 Kbits/sec                  
[  5]  42.01-43.00  sec   898 KBytes  7.41 Mbits/sec                  
[  5]  43.00-44.00  sec  77.8 KBytes   637 Kbits/sec                  
[  5]  44.00-45.00  sec   165 KBytes  1.35 Mbits/sec                  
[  5]  45.00-46.00  sec   266 KBytes  2.18 Mbits/sec                  
[  5]  46.00-47.00  sec   283 KBytes  2.32 Mbits/sec                  
[  5]  47.00-48.00  sec  0.00 Bytes  0.00 bits/sec                  
[  5]  48.00-49.00  sec   290 KBytes  2.37 Mbits/sec                  
[  5]  49.00-50.00  sec   293 KBytes  2.40 Mbits/sec                  
[  5]  50.00-50.55  sec   301 KBytes  4.45 Mbits/sec                  
- - - - - - - - - - - - - - - - - - - - - - - - -
[ ID] Interval           Transfer     Bandwidth
[  5]   0.00-50.55  sec  0.00 Bytes  0.00 bits/sec                  sender
[  5]   0.00-50.55  sec  7.66 MBytes  1.27 Mbits/sec                  receiver
