-----------------------------------------------------------
Server listening on 5203
-----------------------------------------------------------
Accepted connection from 10.0.0.1, port 55680
[  5] local 10.0.0.2 port 5203 connected to 10.0.0.1 port 46114
[ ID] Interval           Transfer     Bandwidth
[  5]   0.00-1.01   sec  0.00 Bytes  0.00 bits/sec                  
[  5]   1.01-2.00   sec  0.00 Bytes  0.00 bits/sec                  
[  5]   2.00-3.03   sec  0.00 Bytes  0.00 bits/sec                  
[  5]   3.03-4.00   sec  14.1 KBytes   119 Kbits/sec                  
[  5]   4.00-5.00   sec  28.3 KBytes   232 Kbits/sec                  
[  5]   5.00-6.00   sec  56.6 KBytes   463 Kbits/sec                  
[  5]   6.00-7.00   sec  0.00 Bytes  0.00 bits/sec                  
[  5]   7.00-8.00   sec  59.4 KBytes   486 Kbits/sec                  
[  5]   8.00-9.00   sec  2.83 KBytes  23.2 Kbits/sec                  
[  5]   9.00-10.00  sec  0.00 Bytes  0.00 bits/sec                  
[  5]  10.00-11.01  sec  58.0 KBytes   473 Kbits/sec                  
[  5]  11.01-12.00  sec  84.8 KBytes   696 Kbits/sec                  
[  5]  12.00-13.00  sec  53.7 KBytes   442 Kbits/sec                  
[  5]  13.00-14.03  sec  60.8 KBytes   485 Kbits/sec                  
[  5]  14.03-15.00  sec  1.41 KBytes  11.9 Kbits/sec                  
[  5]  15.00-16.00  sec  63.6 KBytes   521 Kbits/sec                  
[  5]  16.00-17.00  sec  29.7 KBytes   243 Kbits/sec                  
[  5]  17.00-18.00  sec  42.4 KBytes   348 Kbits/sec                  
[  5]  18.00-19.01  sec  82.0 KBytes   668 Kbits/sec                  
[  5]  19.01-20.00  sec  4.24 KBytes  34.9 Kbits/sec                  
[  5]  20.00-21.00  sec   115 KBytes   938 Kbits/sec                  
[  5]  21.00-22.00  sec   126 KBytes  1.03 Mbits/sec                  
[  5]  22.00-23.00  sec  62.2 KBytes   510 Kbits/sec                  
[  5]  23.00-24.00  sec   229 KBytes  1.88 Mbits/sec                  
[  5]  24.00-25.00  sec  0.00 Bytes  0.00 bits/sec                  
[  5]  25.00-26.00  sec  0.00 Bytes  0.00 bits/sec                  
[  5]  26.00-27.00  sec  0.00 Bytes  0.00 bits/sec                  
[  5]  27.00-28.00  sec  0.00 Bytes  0.00 bits/sec                  
[  5]  28.00-29.00  sec   454 KBytes  3.71 Mbits/sec                  
[  5]  29.00-30.00  sec  1.41 KBytes  11.6 Kbits/sec                  
[  5]  30.00-31.00  sec   269 KBytes  2.19 Mbits/sec                  
[  5]  31.00-32.00  sec   308 KBytes  2.53 Mbits/sec                  
[  5]  32.00-33.00  sec  0.00 Bytes  0.00 bits/sec                  
[  5]  33.00-34.00  sec   348 KBytes  2.85 Mbits/sec                  
[  5]  34.00-35.00  sec  0.00 Bytes  0.00 bits/sec                  
[  5]  35.00-36.00  sec  19.8 KBytes   163 Kbits/sec                  
[  5]  36.00-37.03  sec  0.00 Bytes  0.00 bits/sec                  
[  5]  37.03-38.00  sec   352 KBytes  2.95 Mbits/sec                  
[  5]  38.00-39.00  sec   472 KBytes  3.88 Mbits/sec                  
[  5]  39.00-40.05  sec  0.00 Bytes  0.00 bits/sec                  
[  5]  40.05-41.00  sec   283 KBytes  2.43 Mbits/sec                  
[  5]  41.00-42.00  sec   303 KBytes  2.48 Mbits/sec                  
[  5]  42.00-43.00  sec   311 KBytes  2.55 Mbits/sec                  
[  5]  43.00-44.00  sec   315 KBytes  2.58 Mbits/sec                  
[  5]  44.00-45.00  sec   317 KBytes  2.59 Mbits/sec                  
[  5]  45.00-46.00  sec   320 KBytes  2.62 Mbits/sec                  
[  5]  46.00-47.00  sec   328 KBytes  2.69 Mbits/sec                  
[  5]  47.00-48.00  sec   341 KBytes  2.79 Mbits/sec                  
[  5]  48.00-49.00  sec   375 KBytes  3.07 Mbits/sec                  
[  5]  49.00-50.00  sec   339 KBytes  2.78 Mbits/sec                  
[  5]  50.00-51.00  sec   119 KBytes   974 Kbits/sec                  
[  5]  51.00-52.00  sec   475 KBytes  3.89 Mbits/sec                  
[  5]  52.00-53.00  sec  15.6 KBytes   127 Kbits/sec                  
[  5]  53.00-53.58  sec  0.00 Bytes  0.00 bits/sec                  
- - - - - - - - - - - - - - - - - - - - - - - - -
[ ID] Interval           Transfer     Bandwidth
[  5]   0.00-53.58  sec  0.00 Bytes  0.00 bits/sec                  sender
[  5]   0.00-53.58  sec  7.07 MBytes  1.11 Mbits/sec                  receiver
