Connecting to host 10.0.0.2, port 5202
[  4] local 10.0.0.1 port 46112 connected to 10.0.0.2 port 5202
[ ID] Interval           Transfer     Bandwidth       Retr  Cwnd
[  4]   0.00-1.01   sec   436 KBytes  3.55 Mbits/sec    0   26.9 KBytes       
[  4]   1.01-2.00   sec   318 KBytes  2.62 Mbits/sec    0   36.8 KBytes       
[  4]   2.00-3.00   sec   255 KBytes  2.09 Mbits/sec    0   48.1 KBytes       
[  4]   3.00-4.00   sec   318 KBytes  2.61 Mbits/sec    0   59.4 KBytes       
[  4]   4.00-5.00   sec   318 KBytes  2.61 Mbits/sec    0   74.9 KBytes       
[  4]   5.00-6.00   sec   445 KBytes  3.65 Mbits/sec    0    116 KBytes       
[  4]   6.00-7.00   sec   573 KBytes  4.69 Mbits/sec    0    174 KBytes       
[  4]   7.00-8.00   sec   509 KBytes  4.17 Mbits/sec    0    228 KBytes       
[  4]   8.00-9.00   sec   636 KBytes  5.21 Mbits/sec    0    307 KBytes       
[  4]   9.00-10.00  sec   891 KBytes  7.30 Mbits/sec    0    421 KBytes       
[  4]  10.00-11.00  sec   700 KBytes  5.73 Mbits/sec    0    513 KBytes       
[  4]  11.00-12.00  sec  1018 KBytes  8.34 Mbits/sec    0    645 KBytes       
[  4]  12.00-13.00  sec   573 KBytes  4.69 Mbits/sec    0    724 KBytes       
[  4]  13.00-14.00  sec   318 KBytes  2.60 Mbits/sec   81    583 KBytes       
[  4]  14.00-15.00  sec  0.00 Bytes  0.00 bits/sec   22    537 KBytes       
[  4]  15.00-16.00  sec  0.00 Bytes  0.00 bits/sec   88    537 KBytes       
[  4]  16.00-17.00  sec  0.00 Bytes  0.00 bits/sec  134    393 KBytes       
[  4]  17.00-18.00  sec   573 KBytes  4.69 Mbits/sec   59    482 KBytes       
[  4]  18.00-19.00  sec  0.00 Bytes  0.00 bits/sec   58    451 KBytes       
[  4]  19.00-20.00  sec  1.25 MBytes  10.5 Mbits/sec    0    376 KBytes       
[  4]  20.00-21.00  sec   502 KBytes  4.11 Mbits/sec    0    383 KBytes       
[  4]  21.00-22.00  sec   382 KBytes  3.13 Mbits/sec    0    410 KBytes       
[  4]  22.00-23.00  sec   127 KBytes  1.04 Mbits/sec    0    420 KBytes       
[  4]  23.00-24.00  sec   318 KBytes  2.60 Mbits/sec    0    436 KBytes       
[  4]  24.00-24.00  sec  0.00 Bytes  0.00 bits/sec    0    436 KBytes       
- - - - - - - - - - - - - - - - - - - - - - - - -
[ ID] Interval           Transfer     Bandwidth       Retr
[  4]   0.00-24.00  sec  10.2 MBytes  3.58 Mbits/sec  442             sender
[  4]   0.00-24.00  sec  6.34 MBytes  2.22 Mbits/sec                  receiver

iperf Done.
