Connecting to host 10.0.0.2, port 5202
[  4] local 10.0.0.1 port 46112 connected to 10.0.0.2 port 5202
[ ID] Interval           Transfer     Bandwidth       Retr  Cwnd
[  4]   0.00-1.01   sec   847 KBytes  6.90 Mbits/sec    0   72.1 KBytes       
[  4]   1.01-2.00   sec   509 KBytes  4.19 Mbits/sec    0   91.9 KBytes       
[  4]   2.00-3.00   sec   445 KBytes  3.65 Mbits/sec    0    112 KBytes       
[  4]   3.00-4.00   sec   509 KBytes  4.17 Mbits/sec    0    130 KBytes       
[  4]   4.00-5.00   sec   509 KBytes  4.17 Mbits/sec    0    150 KBytes       
[  4]   5.00-6.00   sec   509 KBytes  4.17 Mbits/sec    0    170 KBytes       
[  4]   6.00-7.00   sec   636 KBytes  5.21 Mbits/sec    0    211 KBytes       
[  4]   7.00-8.00   sec   764 KBytes  6.26 Mbits/sec    0    280 KBytes       
[  4]   8.00-9.00   sec   827 KBytes  6.78 Mbits/sec    0    366 KBytes       
[  4]   9.00-10.00  sec   954 KBytes  7.82 Mbits/sec    0    472 KBytes       
[  4]  10.00-11.00  sec  1.24 MBytes  10.4 Mbits/sec    0    617 KBytes       
[  4]  11.00-12.00  sec   636 KBytes  5.21 Mbits/sec    0    700 KBytes       
[  4]  12.00-13.00  sec  1.25 MBytes  10.5 Mbits/sec    0    923 KBytes       
[  4]  13.00-14.00  sec  1.17 MBytes  9.83 Mbits/sec    0   1018 KBytes       
[  4]  14.00-14.00  sec  0.00 Bytes  0.00 bits/sec    0   1018 KBytes       
- - - - - - - - - - - - - - - - - - - - - - - - -
[ ID] Interval           Transfer     Bandwidth       Retr
[  4]   0.00-14.00  sec  10.6 MBytes  6.38 Mbits/sec    0             sender
[  4]   0.00-14.00  sec  5.71 MBytes  3.42 Mbits/sec                  receiver

iperf Done.
