-----------------------------------------------------------
Server listening on 5208
-----------------------------------------------------------
Accepted connection from 10.0.0.1, port 46408
[  5] local 10.0.0.2 port 5208 connected to 10.0.0.1 port 46124
[ ID] Interval           Transfer     Bandwidth
[  5]   0.00-1.00   sec  0.00 Bytes  0.00 bits/sec                  
[  5]   1.00-2.00   sec  14.1 KBytes   116 Kbits/sec                  
[  5]   2.00-3.00   sec  0.00 Bytes  0.00 bits/sec                  
[  5]   3.00-4.01   sec  14.1 KBytes   115 Kbits/sec                  
[  5]   4.01-5.01   sec  0.00 Bytes  0.00 bits/sec                  
[  5]   5.01-6.00   sec  22.6 KBytes   187 Kbits/sec                  
[  5]   6.00-7.00   sec  0.00 Bytes  0.00 bits/sec                  
[  5]   7.00-8.00   sec  0.00 Bytes  0.00 bits/sec                  
[  5]   8.00-9.03   sec  33.9 KBytes   271 Kbits/sec                  
[  5]   9.03-10.03  sec  0.00 Bytes  0.00 bits/sec                  
[  5]  10.03-11.00  sec  0.00 Bytes  0.00 bits/sec                  
[  5]  11.00-12.01  sec  50.9 KBytes   414 Kbits/sec                  
[  5]  12.01-13.02  sec  0.00 Bytes  0.00 bits/sec                  
[  5]  13.02-14.03  sec  0.00 Bytes  0.00 bits/sec                  
[  5]  14.03-15.00  sec  76.4 KBytes   642 Kbits/sec                  
[  5]  15.00-16.00  sec  0.00 Bytes  0.00 bits/sec                  
[  5]  16.00-17.01  sec  0.00 Bytes  0.00 bits/sec                  
[  5]  17.01-18.01  sec   110 KBytes   901 Kbits/sec                  
[  5]  18.01-19.01  sec  0.00 Bytes  0.00 bits/sec                  
[  5]  19.01-20.01  sec  0.00 Bytes  0.00 bits/sec                  
[  5]  20.01-21.00  sec   164 KBytes  1.35 Mbits/sec                  
[  5]  21.00-22.02  sec  0.00 Bytes  0.00 bits/sec                  
[  5]  22.02-23.01  sec  0.00 Bytes  0.00 bits/sec                  
[  5]  23.01-24.00  sec   225 KBytes  1.85 Mbits/sec                  
[  5]  24.00-25.02  sec  0.00 Bytes  0.00 bits/sec                  
[  5]  25.02-26.00  sec  0.00 Bytes  0.00 bits/sec                  
[  5]  26.00-27.02  sec   327 KBytes  2.62 Mbits/sec                  
[  5]  27.02-28.00  sec   184 KBytes  1.53 Mbits/sec                  
[  5]  28.00-29.00  sec   132 KBytes  1.08 Mbits/sec                  
[  5]  29.00-30.00  sec   127 KBytes  1.04 Mbits/sec                  
[  5]  30.00-31.00  sec  0.00 Bytes  0.00 bits/sec                  
[  5]  31.00-32.01  sec   535 KBytes  4.37 Mbits/sec                  
[  5]  32.01-33.03  sec  69.3 KBytes   553 Kbits/sec                  
[  5]  33.03-34.01  sec   174 KBytes  1.46 Mbits/sec                  
[  5]  34.01-35.01  sec   656 KBytes  5.37 Mbits/sec                  
[  5]  35.01-36.01  sec  4.24 KBytes  34.8 Kbits/sec                  
[  5]  36.01-37.01  sec  0.00 Bytes  0.00 bits/sec                  
[  5]  37.01-38.01  sec  0.00 Bytes  0.00 bits/sec                  
[  5]  38.01-39.01  sec  0.00 Bytes  0.00 bits/sec                  
[  5]  39.01-40.01  sec  0.00 Bytes  0.00 bits/sec                  
[  5]  40.01-41.03  sec  0.00 Bytes  0.00 bits/sec                  
[  5]  41.03-42.01  sec  1.41 KBytes  11.8 Kbits/sec                  
[  5]  42.01-43.01  sec  0.00 Bytes  0.00 bits/sec                  
[  5]  43.01-44.01  sec  0.00 Bytes  0.00 bits/sec                  
[  5]  44.01-45.01  sec  0.00 Bytes  0.00 bits/sec                  
[  5]  45.01-46.01  sec  0.00 Bytes  0.00 bits/sec                  
[  5]  46.01-47.01  sec  0.00 Bytes  0.00 bits/sec                  
[  5]  47.01-48.01  sec  0.00 Bytes  0.00 bits/sec                  
[  5]  48.01-49.01  sec  0.00 Bytes  0.00 bits/sec                  
[  5]  49.01-50.01  sec  0.00 Bytes  0.00 bits/sec                  
[  5]  50.01-51.01  sec  0.00 Bytes  0.00 bits/sec                  
[  5]  51.01-52.01  sec  0.00 Bytes  0.00 bits/sec                  
[  5]  52.01-53.01  sec  0.00 Bytes  0.00 bits/sec                  
[  5]  53.01-54.01  sec  0.00 Bytes  0.00 bits/sec                  
[  5]  54.01-55.01  sec  0.00 Bytes  0.00 bits/sec                  
[  5]  55.01-56.01  sec  0.00 Bytes  0.00 bits/sec                  
[  5]  56.01-57.01  sec  0.00 Bytes  0.00 bits/sec                  
[  5]  57.01-58.01  sec   117 KBytes   961 Kbits/sec                  
[  5]  58.01-59.02  sec   799 KBytes  6.52 Mbits/sec                  
[  5]  59.02-60.01  sec  1.60 MBytes  13.5 Mbits/sec                  
[  5]  60.01-61.02  sec   190 KBytes  1.54 Mbits/sec                  
[  5]  61.02-62.02  sec   549 KBytes  4.53 Mbits/sec                  
[  5]  62.02-63.01  sec   287 KBytes  2.36 Mbits/sec                  
[  5]  63.01-64.01  sec   215 KBytes  1.76 Mbits/sec                  
[  5]  64.01-65.01  sec   557 KBytes  4.56 Mbits/sec                  
[  5]  65.01-66.01  sec   597 KBytes  4.90 Mbits/sec                  
[  5]  66.01-67.01  sec  24.0 KBytes   197 Kbits/sec                  
[  5]  67.01-68.01  sec   153 KBytes  1.25 Mbits/sec                  
[  5]  68.01-69.01  sec   609 KBytes  4.99 Mbits/sec                  
[  5]  69.01-70.01  sec   358 KBytes  2.93 Mbits/sec                  
[  5]  70.01-71.01  sec   290 KBytes  2.38 Mbits/sec                  
[  5]  71.01-72.01  sec   293 KBytes  2.39 Mbits/sec                  
[  5]  72.01-73.02  sec   386 KBytes  3.14 Mbits/sec                  
[  5]  73.02-74.01  sec   536 KBytes  4.41 Mbits/sec                  
[  5]  74.01-75.01  sec   624 KBytes  5.13 Mbits/sec                  
[  5]  75.01-76.01  sec   269 KBytes  2.20 Mbits/sec                  
[  5]  76.01-77.01  sec   659 KBytes  5.38 Mbits/sec                  
[  5]  77.01-78.01  sec   529 KBytes  4.35 Mbits/sec                  
[  5]  78.01-79.01  sec   445 KBytes  3.65 Mbits/sec                  
[  5]  79.01-80.02  sec  0.00 Bytes  0.00 bits/sec                  
[  5]  80.02-81.01  sec  0.00 Bytes  0.00 bits/sec                  
[  5]  81.01-82.01  sec  0.00 Bytes  0.00 bits/sec                  
[  5]  82.01-83.01  sec  0.00 Bytes  0.00 bits/sec                  
[  5]  83.01-84.01  sec  0.00 Bytes  0.00 bits/sec                  
[  5]  84.01-85.01  sec  7.07 KBytes  57.8 Kbits/sec                  
[  5]  85.01-86.01  sec  0.00 Bytes  0.00 bits/sec                  
[  5]  86.01-87.01  sec  0.00 Bytes  0.00 bits/sec                  
[  5]  87.01-88.02  sec  0.00 Bytes  0.00 bits/sec                  
[  5]  88.02-89.01  sec  0.00 Bytes  0.00 bits/sec                  
[  5]  89.01-90.01  sec  0.00 Bytes  0.00 bits/sec                  
[  5]  90.01-91.01  sec  0.00 Bytes  0.00 bits/sec                  
[  5]  91.01-92.01  sec  0.00 Bytes  0.00 bits/sec                  
[  5]  92.01-93.01  sec  0.00 Bytes  0.00 bits/sec                  
[  5]  93.01-94.01  sec  0.00 Bytes  0.00 bits/sec                  
[  5]  94.01-95.01  sec  0.00 Bytes  0.00 bits/sec                  
[  5]  95.01-96.01  sec  0.00 Bytes  0.00 bits/sec                  
[  5]  96.01-97.02  sec  0.00 Bytes  0.00 bits/sec                  
[  5]  97.02-98.01  sec  0.00 Bytes  0.00 bits/sec                  
[  5]  98.01-99.01  sec  0.00 Bytes  0.00 bits/sec                  
[  5]  99.01-100.00 sec  0.00 Bytes  0.00 bits/sec                  
[  5] 100.00-101.00 sec  0.00 Bytes  0.00 bits/sec                  
[  5] 101.00-102.00 sec  0.00 Bytes  0.00 bits/sec                  
[  5] 102.00-103.01 sec  1.41 KBytes  11.5 Kbits/sec                  
[  5] 103.01-104.01 sec  0.00 Bytes  0.00 bits/sec                  
[  5] 104.01-105.01 sec  0.00 Bytes  0.00 bits/sec                  
[  5] 105.01-106.00 sec  0.00 Bytes  0.00 bits/sec                  
[  5] 106.00-107.00 sec  0.00 Bytes  0.00 bits/sec                  
[  5] 107.00-108.01 sec  2.83 KBytes  23.0 Kbits/sec                  
[  5] 108.01-109.00 sec  0.00 Bytes  0.00 bits/sec                  
[  5] 109.00-110.00 sec  2.83 KBytes  23.2 Kbits/sec                  
[  5] 110.00-111.00 sec  0.00 Bytes  0.00 bits/sec                  
[  5] 111.00-112.01 sec  0.00 Bytes  0.00 bits/sec                  
[  5] 112.01-113.01 sec  0.00 Bytes  0.00 bits/sec                  
[  5] 113.01-114.01 sec  1.41 KBytes  11.5 Kbits/sec                  
[  5] 114.01-115.00 sec  0.00 Bytes  0.00 bits/sec                  
[  5] 115.00-116.00 sec  8.48 KBytes  69.5 Kbits/sec                  
[  5] 116.00-117.06 sec  0.00 Bytes  0.00 bits/sec                  
[  5] 117.06-118.00 sec  0.00 Bytes  0.00 bits/sec                  
[  5] 118.00-119.00 sec  7.07 KBytes  57.9 Kbits/sec                  
[  5] 119.00-120.00 sec  12.7 KBytes   104 Kbits/sec                  
[  5] 120.00-121.00 sec  0.00 Bytes  0.00 bits/sec                  
[  5] 121.00-122.00 sec  18.4 KBytes   150 Kbits/sec                  
[  5] 122.00-123.00 sec  28.3 KBytes   232 Kbits/sec                  
[  5] 123.00-124.00 sec  0.00 Bytes  0.00 bits/sec                  
[  5] 124.00-125.00 sec  42.4 KBytes   348 Kbits/sec                  
[  5] 125.00-126.00 sec  0.00 Bytes  0.00 bits/sec                  
[  5] 126.00-127.00 sec  0.00 Bytes  0.00 bits/sec                  
[  5] 127.00-128.00 sec  0.00 Bytes  0.00 bits/sec                  
[  5] 128.00-129.00 sec  0.00 Bytes  0.00 bits/sec                  
[  5] 129.00-130.00 sec  0.00 Bytes  0.00 bits/sec                  
[  5] 130.00-131.00 sec  0.00 Bytes  0.00 bits/sec                  
[  5] 131.00-132.00 sec  0.00 Bytes  0.00 bits/sec                  
[  5] 132.00-133.02 sec  0.00 Bytes  0.00 bits/sec                  
[  5] 133.02-134.00 sec  0.00 Bytes  0.00 bits/sec                  
[  5] 134.00-135.00 sec  0.00 Bytes  0.00 bits/sec                  
[  5] 135.00-136.00 sec  0.00 Bytes  0.00 bits/sec                  
[  5] 136.00-137.01 sec  0.00 Bytes  0.00 bits/sec                  
[  5] 137.01-138.00 sec  0.00 Bytes  0.00 bits/sec                  
[  5] 138.00-139.00 sec  0.00 Bytes  0.00 bits/sec                  
[  5] 139.00-140.00 sec  0.00 Bytes  0.00 bits/sec                  
[  5] 140.00-141.00 sec  0.00 Bytes  0.00 bits/sec                  
[  5] 141.00-142.00 sec  0.00 Bytes  0.00 bits/sec                  
[  5] 142.00-143.00 sec  0.00 Bytes  0.00 bits/sec                  
[  5] 143.00-144.00 sec  0.00 Bytes  0.00 bits/sec                  
[  5] 144.00-145.00 sec  0.00 Bytes  0.00 bits/sec                  
[  5] 145.00-146.00 sec  1.41 KBytes  11.6 Kbits/sec                  
[  5] 146.00-147.00 sec  0.00 Bytes  0.00 bits/sec                  
[  5] 147.00-148.00 sec  0.00 Bytes  0.00 bits/sec                  
[  5] 148.00-149.00 sec  0.00 Bytes  0.00 bits/sec                  
[  5] 149.00-150.00 sec  0.00 Bytes  0.00 bits/sec                  
[  5] 150.00-151.00 sec  0.00 Bytes  0.00 bits/sec                  
[  5] 151.00-152.01 sec  0.00 Bytes  0.00 bits/sec                  
[  5] 152.01-153.00 sec  0.00 Bytes  0.00 bits/sec                  
[  5] 153.00-154.00 sec  0.00 Bytes  0.00 bits/sec                  
[  5] 154.00-155.00 sec  0.00 Bytes  0.00 bits/sec                  
[  5] 155.00-156.00 sec  0.00 Bytes  0.00 bits/sec                  
[  5] 156.00-157.00 sec  0.00 Bytes  0.00 bits/sec                  
[  5] 157.00-158.00 sec  0.00 Bytes  0.00 bits/sec                  
[  5] 158.00-159.00 sec  0.00 Bytes  0.00 bits/sec                  
[  5] 159.00-160.00 sec  0.00 Bytes  0.00 bits/sec                  
[  5] 160.00-161.00 sec  0.00 Bytes  0.00 bits/sec                  
[  5] 161.00-162.00 sec  0.00 Bytes  0.00 bits/sec                  
[  5] 162.00-163.00 sec  0.00 Bytes  0.00 bits/sec                  
[  5] 163.00-164.00 sec  0.00 Bytes  0.00 bits/sec                  
[  5] 164.00-165.00 sec  0.00 Bytes  0.00 bits/sec                  
[  5] 165.00-166.00 sec  0.00 Bytes  0.00 bits/sec                  
[  5] 166.00-167.00 sec  0.00 Bytes  0.00 bits/sec                  
[  5] 167.00-168.00 sec  0.00 Bytes  0.00 bits/sec                  
[  5] 168.00-169.00 sec  0.00 Bytes  0.00 bits/sec                  
[  5] 169.00-170.00 sec  0.00 Bytes  0.00 bits/sec                  
[  5] 170.00-171.00 sec  0.00 Bytes  0.00 bits/sec                  
[  5] 171.00-172.00 sec  0.00 Bytes  0.00 bits/sec                  
[  5] 172.00-173.00 sec  0.00 Bytes  0.00 bits/sec                  
[  5] 173.00-174.00 sec  0.00 Bytes  0.00 bits/sec                  
[  5] 174.00-175.00 sec  0.00 Bytes  0.00 bits/sec                  
[  5] 175.00-176.00 sec  0.00 Bytes  0.00 bits/sec                  
[  5] 176.00-177.00 sec  0.00 Bytes  0.00 bits/sec                  
[  5] 177.00-178.00 sec  0.00 Bytes  0.00 bits/sec                  
[  5] 178.00-179.00 sec  0.00 Bytes  0.00 bits/sec                  
[  5] 179.00-180.00 sec  0.00 Bytes  0.00 bits/sec                  
[  5] 180.00-181.00 sec  0.00 Bytes  0.00 bits/sec                  
[  5] 181.00-182.00 sec  0.00 Bytes  0.00 bits/sec                  
[  5] 182.00-183.00 sec  0.00 Bytes  0.00 bits/sec                  
[  5] 183.00-184.00 sec  0.00 Bytes  0.00 bits/sec                  
[  5] 184.00-185.00 sec  0.00 Bytes  0.00 bits/sec                  
[  5] 185.00-186.00 sec  0.00 Bytes  0.00 bits/sec                  
[  5] 186.00-187.00 sec  0.00 Bytes  0.00 bits/sec                  
[  5] 187.00-188.00 sec  2.83 KBytes  23.2 Kbits/sec                  
[  5] 188.00-189.00 sec  25.5 KBytes   208 Kbits/sec                  
[  5] 189.00-190.02 sec   375 KBytes  3.02 Mbits/sec                  
[  5] 190.02-191.03 sec  62.2 KBytes   501 Kbits/sec                  
[  5] 191.03-192.00 sec  65.0 KBytes   549 Kbits/sec                  
[  5] 192.00-193.00 sec  69.3 KBytes   568 Kbits/sec                  
[  5] 193.00-194.00 sec  0.00 Bytes  0.00 bits/sec                  
[  5] 194.00-195.00 sec  94.7 KBytes   777 Kbits/sec                  
[  5] 195.00-196.00 sec   126 KBytes  1.03 Mbits/sec                  
[  5] 196.00-197.00 sec  0.00 Bytes  0.00 bits/sec                  
[  5] 197.00-198.00 sec  0.00 Bytes  0.00 bits/sec                  
[  5] 198.00-199.00 sec  0.00 Bytes  0.00 bits/sec                  
[  5] 199.00-200.00 sec  0.00 Bytes  0.00 bits/sec                  
[  5] 200.00-201.00 sec  0.00 Bytes  0.00 bits/sec                  
[  5] 201.00-202.00 sec  0.00 Bytes  0.00 bits/sec                  
[  5] 202.00-203.00 sec  0.00 Bytes  0.00 bits/sec                  
[  5] 203.00-204.00 sec  0.00 Bytes  0.00 bits/sec                  
[  5] 204.00-205.00 sec  0.00 Bytes  0.00 bits/sec                  
[  5] 205.00-206.00 sec  0.00 Bytes  0.00 bits/sec                  
[  5] 206.00-207.00 sec  0.00 Bytes  0.00 bits/sec                  
[  5] 207.00-208.00 sec  0.00 Bytes  0.00 bits/sec                  
[  5] 208.00-209.00 sec  0.00 Bytes  0.00 bits/sec                  
[  5] 209.00-210.00 sec  0.00 Bytes  0.00 bits/sec                  
[  5] 210.00-211.00 sec  0.00 Bytes  0.00 bits/sec                  
[  5] 211.00-212.00 sec  0.00 Bytes  0.00 bits/sec                  
[  5] 212.00-213.00 sec  0.00 Bytes  0.00 bits/sec                  
[  5] 213.00-214.00 sec  0.00 Bytes  0.00 bits/sec                  
[  5] 214.00-215.00 sec  0.00 Bytes  0.00 bits/sec                  
[  5] 215.00-216.00 sec  0.00 Bytes  0.00 bits/sec                  
[  5] 216.00-217.00 sec  4.24 KBytes  34.8 Kbits/sec                  
[  5] 217.00-218.00 sec  53.7 KBytes   440 Kbits/sec                  
[  5] 218.00-219.00 sec  2.30 MBytes  19.3 Mbits/sec                  
[  5] 219.00-220.00 sec   281 KBytes  2.31 Mbits/sec                  
[  5] 220.00-221.00 sec   107 KBytes   879 Kbits/sec                  
[  5] 221.00-222.00 sec  1.41 KBytes  11.6 Kbits/sec                  
[  5] 222.00-223.00 sec  0.00 Bytes  0.00 bits/sec                  
[  5] 223.00-224.00 sec  0.00 Bytes  0.00 bits/sec                  
[  5] 224.00-225.00 sec  0.00 Bytes  0.00 bits/sec                  
[  5] 225.00-226.00 sec  0.00 Bytes  0.00 bits/sec                  
[  5] 226.00-227.00 sec  0.00 Bytes  0.00 bits/sec                  
[  5] 227.00-228.00 sec  0.00 Bytes  0.00 bits/sec                  
[  5] 228.00-229.00 sec  0.00 Bytes  0.00 bits/sec                  
[  5] 229.00-230.00 sec  0.00 Bytes  0.00 bits/sec                  
[  5] 230.00-231.00 sec  0.00 Bytes  0.00 bits/sec                  
[  5] 231.00-232.00 sec  0.00 Bytes  0.00 bits/sec                  
[  5] 232.00-233.00 sec  0.00 Bytes  0.00 bits/sec                  
[  5] 233.00-234.00 sec  0.00 Bytes  0.00 bits/sec                  
[  5] 234.00-235.00 sec  0.00 Bytes  0.00 bits/sec                  
[  5] 235.00-236.00 sec  0.00 Bytes  0.00 bits/sec                  
[  5] 236.00-237.00 sec  0.00 Bytes  0.00 bits/sec                  
[  5] 237.00-238.00 sec  0.00 Bytes  0.00 bits/sec                  
[  5] 238.00-239.00 sec  0.00 Bytes  0.00 bits/sec                  
[  5] 239.00-240.00 sec  0.00 Bytes  0.00 bits/sec                  
[  5] 240.00-241.00 sec  0.00 Bytes  0.00 bits/sec                  
[  5] 241.00-242.00 sec  0.00 Bytes  0.00 bits/sec                  
[  5] 242.00-243.00 sec  2.83 KBytes  23.1 Kbits/sec                  
[  5] 243.00-244.00 sec  5.66 KBytes  46.4 Kbits/sec                  
[  5] 244.00-245.00 sec   177 KBytes  1.45 Mbits/sec                  
[  5] 245.00-246.00 sec  3.68 MBytes  30.8 Mbits/sec                  
[  5] 246.00-247.00 sec  70.7 KBytes   580 Kbits/sec                  
[  5] 247.00-248.00 sec   117 KBytes   962 Kbits/sec                  
[  5] 248.00-249.00 sec  0.00 Bytes  0.00 bits/sec                  
[  5] 249.00-250.00 sec  0.00 Bytes  0.00 bits/sec                  
[  5] 250.00-251.00 sec  0.00 Bytes  0.00 bits/sec                  
[  5] 251.00-252.00 sec  0.00 Bytes  0.00 bits/sec                  
[  5] 252.00-253.00 sec  0.00 Bytes  0.00 bits/sec                  
[  5] 253.00-254.00 sec  0.00 Bytes  0.00 bits/sec                  
[  5] 254.00-255.00 sec  0.00 Bytes  0.00 bits/sec                  
[  5] 255.00-256.00 sec  0.00 Bytes  0.00 bits/sec                  
[  5] 256.00-257.00 sec  0.00 Bytes  0.00 bits/sec                  
[  5] 257.00-258.00 sec  0.00 Bytes  0.00 bits/sec                  
[  5] 258.00-259.00 sec  0.00 Bytes  0.00 bits/sec                  
[  5] 259.00-260.00 sec  0.00 Bytes  0.00 bits/sec                  
[  5] 260.00-261.00 sec  0.00 Bytes  0.00 bits/sec                  
[  5] 261.00-262.00 sec  0.00 Bytes  0.00 bits/sec                  
[  5] 262.00-263.00 sec  0.00 Bytes  0.00 bits/sec                  
[  5] 263.00-264.00 sec  0.00 Bytes  0.00 bits/sec                  
[  5] 264.00-265.00 sec  0.00 Bytes  0.00 bits/sec                  
[  5] 265.00-266.00 sec  0.00 Bytes  0.00 bits/sec                  
[  5] 266.00-267.00 sec  0.00 Bytes  0.00 bits/sec                  
[  5] 267.00-268.00 sec  0.00 Bytes  0.00 bits/sec                  
[  5] 268.00-269.00 sec  1.41 KBytes  11.6 Kbits/sec                  
[  5] 269.00-270.00 sec  2.83 KBytes  23.1 Kbits/sec                  
[  5] 270.00-271.00 sec  0.00 Bytes  0.00 bits/sec                  
[  5] 271.00-272.00 sec  7.07 KBytes  57.9 Kbits/sec                  
[  5] 272.00-273.00 sec  17.0 KBytes   139 Kbits/sec                  
[  5] 273.00-274.00 sec  0.00 Bytes  0.00 bits/sec                  
[  5] 274.00-275.00 sec  2.84 MBytes  23.8 Mbits/sec                  
[  5] 275.00-276.00 sec  0.00 Bytes  0.00 bits/sec                  
[  5] 276.00-277.00 sec  0.00 Bytes  0.00 bits/sec                  
[  5] 277.00-278.00 sec  0.00 Bytes  0.00 bits/sec                  
[  5] 278.00-279.00 sec  0.00 Bytes  0.00 bits/sec                  
[  5] 279.00-280.00 sec  0.00 Bytes  0.00 bits/sec                  
[  5] 280.00-281.00 sec  0.00 Bytes  0.00 bits/sec                  
[  5] 281.00-282.00 sec  0.00 Bytes  0.00 bits/sec                  
[  5] 282.00-283.00 sec  0.00 Bytes  0.00 bits/sec                  
[  5] 283.00-284.00 sec  0.00 Bytes  0.00 bits/sec                  
[  5] 284.00-285.00 sec  0.00 Bytes  0.00 bits/sec                  
[  5] 285.00-286.00 sec  0.00 Bytes  0.00 bits/sec                  
[  5] 286.00-287.00 sec  0.00 Bytes  0.00 bits/sec                  
[  5] 287.00-288.00 sec  0.00 Bytes  0.00 bits/sec                  
[  5] 288.00-289.00 sec  0.00 Bytes  0.00 bits/sec                  
[  5] 289.00-290.00 sec  0.00 Bytes  0.00 bits/sec                  
[  5] 290.00-291.00 sec  0.00 Bytes  0.00 bits/sec                  
[  5] 291.00-292.00 sec  1.41 KBytes  11.6 Kbits/sec                  
[  5] 292.00-293.00 sec  0.00 Bytes  0.00 bits/sec                  
[  5] 293.00-294.00 sec   137 KBytes  1.12 Mbits/sec                  
[  5] 294.00-295.00 sec  3.56 MBytes  29.9 Mbits/sec                  
[  5] 295.00-296.00 sec   280 KBytes  2.30 Mbits/sec                  
[  5] 296.00-297.00 sec  0.00 Bytes  0.00 bits/sec                  
[  5] 297.00-298.00 sec   288 KBytes  2.36 Mbits/sec                  
[  5] 298.00-299.00 sec  2.83 KBytes  23.1 Kbits/sec                  
[  5] 299.00-300.00 sec  0.00 Bytes  0.00 bits/sec                  
[  5] 300.00-301.00 sec  1.41 KBytes  11.6 Kbits/sec                  
[  5] 301.00-302.00 sec  0.00 Bytes  0.00 bits/sec                  
[  5] 302.00-303.00 sec  0.00 Bytes  0.00 bits/sec                  
[  5] 303.00-304.00 sec  0.00 Bytes  0.00 bits/sec                  
[  5] 304.00-305.00 sec  0.00 Bytes  0.00 bits/sec                  
[  5] 305.00-306.00 sec  0.00 Bytes  0.00 bits/sec                  
[  5] 306.00-307.00 sec  0.00 Bytes  0.00 bits/sec                  
[  5] 307.00-308.00 sec  0.00 Bytes  0.00 bits/sec                  
[  5] 308.00-309.00 sec  0.00 Bytes  0.00 bits/sec                  
[  5] 309.00-310.00 sec  1.54 MBytes  12.9 Mbits/sec                  
[  5] 310.00-311.00 sec   320 KBytes  2.61 Mbits/sec                  
[  5] 311.00-312.00 sec   127 KBytes  1.04 Mbits/sec                  
[  5] 312.00-313.00 sec   303 KBytes  2.48 Mbits/sec                  
[  5] 313.00-314.00 sec   303 KBytes  2.48 Mbits/sec                  
[  5] 314.00-315.00 sec  14.1 KBytes   116 Kbits/sec                  
[  5] 315.00-316.00 sec   334 KBytes  2.73 Mbits/sec                  
[  5] 316.00-317.00 sec   230 KBytes  1.89 Mbits/sec                  
[  5] 317.00-318.00 sec   119 KBytes   973 Kbits/sec                  
[  5] 318.00-319.00 sec  0.00 Bytes  0.00 bits/sec                  
[  5] 319.00-320.00 sec   638 KBytes  5.23 Mbits/sec                  
[  5] 320.00-321.00 sec   167 KBytes  1.37 Mbits/sec                  
[  5] 321.00-322.00 sec   129 KBytes  1.05 Mbits/sec                  
[  5] 322.00-323.00 sec   346 KBytes  2.84 Mbits/sec                  
[  5] 323.00-324.00 sec   366 KBytes  2.99 Mbits/sec                  
[  5] 324.00-325.00 sec   197 KBytes  1.61 Mbits/sec                  
[  5] 325.00-326.00 sec   198 KBytes  1.62 Mbits/sec                  
[  5] 326.00-327.00 sec  0.00 Bytes  0.00 bits/sec                  
[  5] 327.00-328.01 sec   253 KBytes  2.06 Mbits/sec                  
[  5] 328.01-329.00 sec   414 KBytes  3.41 Mbits/sec                  
[  5] 329.00-330.00 sec   272 KBytes  2.23 Mbits/sec                  
[  5] 330.00-331.00 sec   153 KBytes  1.25 Mbits/sec                  
[  5] 331.00-332.00 sec   175 KBytes  1.44 Mbits/sec                  
[  5] 332.00-333.00 sec   322 KBytes  2.64 Mbits/sec                  
[  5] 333.00-334.00 sec   177 KBytes  1.45 Mbits/sec                  
[  5] 334.00-335.00 sec   171 KBytes  1.40 Mbits/sec                  
[  5] 335.00-336.00 sec   327 KBytes  2.68 Mbits/sec                  
[  5] 336.00-337.01 sec  18.4 KBytes   150 Kbits/sec                  
[  5] 337.01-338.01 sec  0.00 Bytes  0.00 bits/sec                  
[  5] 338.01-339.00 sec   344 KBytes  2.84 Mbits/sec                  
[  5] 339.00-340.00 sec  60.8 KBytes   498 Kbits/sec                  
[  5] 340.00-341.00 sec   413 KBytes  3.39 Mbits/sec                  
[  5] 341.00-342.00 sec  45.2 KBytes   370 Kbits/sec                  
[  5] 342.00-343.00 sec   512 KBytes  4.20 Mbits/sec                  
[  5] 343.00-344.00 sec  83.4 KBytes   681 Kbits/sec                  
[  5] 344.00-345.00 sec  2.83 KBytes  23.3 Kbits/sec                  
[  5] 345.00-346.00 sec  0.00 Bytes  0.00 bits/sec                  
[  5] 346.00-347.00 sec  0.00 Bytes  0.00 bits/sec                  
[  5] 347.00-348.00 sec  38.2 KBytes   313 Kbits/sec                  
[  5] 348.00-349.00 sec  0.00 Bytes  0.00 bits/sec                  
[  5] 349.00-350.00 sec  0.00 Bytes  0.00 bits/sec                  
[  5] 350.00-351.00 sec  0.00 Bytes  0.00 bits/sec                  
[  5] 351.00-352.00 sec  0.00 Bytes  0.00 bits/sec                  
[  5] 352.00-353.00 sec  0.00 Bytes  0.00 bits/sec                  
[  5] 353.00-354.00 sec  1.41 KBytes  11.6 Kbits/sec                  
[  5] 354.00-355.00 sec  0.00 Bytes  0.00 bits/sec                  
[  5] 355.00-356.00 sec  11.3 KBytes  92.8 Kbits/sec                  
[  5] 356.00-357.00 sec  0.00 Bytes  0.00 bits/sec                  
[  5] 357.00-358.00 sec  1.59 MBytes  13.3 Mbits/sec                  
[  5] 358.00-359.00 sec  0.00 Bytes  0.00 bits/sec                  
[  5] 359.00-360.00 sec   100 KBytes   823 Kbits/sec                  
[  5] 360.00-361.00 sec  0.00 Bytes  0.00 bits/sec                  
[  5] 361.00-362.00 sec  0.00 Bytes  0.00 bits/sec                  
[  5] 362.00-363.00 sec  0.00 Bytes  0.00 bits/sec                  
[  5] 363.00-364.00 sec  0.00 Bytes  0.00 bits/sec                  
[  5] 364.00-365.00 sec  0.00 Bytes  0.00 bits/sec                  
[  5] 365.00-366.00 sec  0.00 Bytes  0.00 bits/sec                  
[  5] 366.00-367.00 sec   379 KBytes  3.10 Mbits/sec                  
[  5] 367.00-368.00 sec  0.00 Bytes  0.00 bits/sec                  
[  5] 368.00-369.00 sec  1.85 MBytes  15.6 Mbits/sec                  
[  5] 369.00-370.00 sec  0.00 Bytes  0.00 bits/sec                  
[  5] 370.00-371.00 sec  2.83 KBytes  23.2 Kbits/sec                  
[  5] 371.00-372.00 sec  0.00 Bytes  0.00 bits/sec                  
[  5] 372.00-373.02 sec  0.00 Bytes  0.00 bits/sec                  
[  5] 373.02-374.00 sec   508 KBytes  4.23 Mbits/sec                  
[  5] 374.00-375.00 sec  0.00 Bytes  0.00 bits/sec                  
[  5] 375.00-376.00 sec   567 KBytes  4.65 Mbits/sec                  
[  5] 376.00-377.00 sec  41.0 KBytes   336 Kbits/sec                  
[  5] 377.00-378.00 sec  84.8 KBytes   695 Kbits/sec                  
[  5] 378.00-379.00 sec  0.00 Bytes  0.00 bits/sec                  
[  5] 379.00-380.00 sec  0.00 Bytes  0.00 bits/sec                  
[  5] 380.00-381.00 sec  1.41 KBytes  11.6 Kbits/sec                  
[  5] 381.00-382.00 sec  0.00 Bytes  0.00 bits/sec                  
[  5] 382.00-383.00 sec  0.00 Bytes  0.00 bits/sec                  
[  5] 383.00-384.00 sec  0.00 Bytes  0.00 bits/sec                  
[  5] 384.00-385.00 sec  1.26 MBytes  10.6 Mbits/sec                  
[  5] 385.00-386.00 sec  0.00 Bytes  0.00 bits/sec                  
[  5] 386.00-386.79 sec   351 KBytes  3.63 Mbits/sec                  
- - - - - - - - - - - - - - - - - - - - - - - - -
[ ID] Interval           Transfer     Bandwidth
[  5]   0.00-386.79 sec  0.00 Bytes  0.00 bits/sec                  sender
[  5]   0.00-386.79 sec  43.2 MBytes   937 Kbits/sec                  receiver
