-----------------------------------------------------------
Server listening on 5202
-----------------------------------------------------------
Accepted connection from 10.0.0.1, port 44857
[  5] local 10.0.0.2 port 5202 connected to 10.0.0.1 port 46112
[ ID] Interval           Transfer     Bandwidth
[  5]   0.00-1.00   sec  84.8 KBytes   694 Kbits/sec                  
[  5]   1.00-2.00   sec   189 KBytes  1.55 Mbits/sec                  
[  5]   2.00-3.02   sec   205 KBytes  1.65 Mbits/sec                  
[  5]   3.02-4.02   sec   185 KBytes  1.51 Mbits/sec                  
[  5]   4.02-5.00   sec   130 KBytes  1.09 Mbits/sec                  
[  5]   5.00-6.03   sec  62.2 KBytes   498 Kbits/sec                  
[  5]   6.03-7.01   sec  87.7 KBytes   728 Kbits/sec                  
[  5]   7.01-8.00   sec   161 KBytes  1.34 Mbits/sec                  
[  5]   8.00-9.00   sec   215 KBytes  1.76 Mbits/sec                  
[  5]   9.00-10.01  sec   222 KBytes  1.81 Mbits/sec                  
[  5]  10.01-11.00  sec   198 KBytes  1.63 Mbits/sec                  
[  5]  11.00-12.00  sec   260 KBytes  2.13 Mbits/sec                  
[  5]  12.00-13.00  sec  19.8 KBytes   162 Kbits/sec                  
[  5]  13.00-14.00  sec  41.0 KBytes   337 Kbits/sec                  
[  5]  14.00-15.00  sec   417 KBytes  3.42 Mbits/sec                  
[  5]  15.00-16.00  sec   436 KBytes  3.56 Mbits/sec                  
[  5]  16.00-17.03  sec   243 KBytes  1.93 Mbits/sec                  
[  5]  17.03-18.00  sec  52.3 KBytes   444 Kbits/sec                  
[  5]  18.00-19.00  sec   369 KBytes  3.02 Mbits/sec                  
[  5]  19.00-20.01  sec   387 KBytes  3.14 Mbits/sec                  
[  5]  20.01-21.00  sec   303 KBytes  2.51 Mbits/sec                  
[  5]  21.00-22.00  sec   491 KBytes  4.02 Mbits/sec                  
[  5]  22.00-23.00  sec   451 KBytes  3.70 Mbits/sec                  
[  5]  23.00-24.00  sec   499 KBytes  4.09 Mbits/sec                  
[  5]  24.00-25.00  sec   368 KBytes  3.01 Mbits/sec                  
[  5]  25.00-26.00  sec   300 KBytes  2.46 Mbits/sec                  
[  5]  26.00-27.00  sec   498 KBytes  4.08 Mbits/sec                  
[  5]  27.00-28.00  sec   494 KBytes  4.03 Mbits/sec                  
[  5]  28.00-29.00  sec   141 KBytes  1.16 Mbits/sec                  
[  5]  29.00-29.50  sec   148 KBytes  2.42 Mbits/sec                  
- - - - - - - - - - - - - - - - - - - - - - - - -
[ ID] Interval           Transfer     Bandwidth
[  5]   0.00-29.50  sec  0.00 Bytes  0.00 bits/sec                  sender
[  5]   0.00-29.50  sec  7.48 MBytes  2.13 Mbits/sec                  receiver
