-----------------------------------------------------------
Server listening on 5201
-----------------------------------------------------------
Accepted connection from 10.0.0.1, port 45739
[  5] local 10.0.0.2 port 5201 connected to 10.0.0.1 port 46110
[ ID] Interval           Transfer     Bandwidth
[  5]   0.00-1.01   sec   452 KBytes  3.68 Mbits/sec                  
[  5]   1.01-2.02   sec   411 KBytes  3.34 Mbits/sec                  
[  5]   2.02-3.00   sec   257 KBytes  2.14 Mbits/sec                  
[  5]   3.00-4.00   sec   431 KBytes  3.53 Mbits/sec                  
[  5]   4.00-5.00   sec   419 KBytes  3.43 Mbits/sec                  
[  5]   5.00-6.02   sec   409 KBytes  3.28 Mbits/sec                  
[  5]   6.02-7.00   sec   581 KBytes  4.87 Mbits/sec                  
[  5]   7.00-8.00   sec   486 KBytes  3.97 Mbits/sec                  
[  5]   8.00-9.01   sec   533 KBytes  4.35 Mbits/sec                  
[  5]   9.01-10.00  sec   529 KBytes  4.35 Mbits/sec                  
[  5]  10.00-11.00  sec   526 KBytes  4.32 Mbits/sec                  
[  5]  11.00-12.00  sec   592 KBytes  4.85 Mbits/sec                  
[  5]  12.00-13.01  sec   609 KBytes  4.97 Mbits/sec                  
[  5]  13.01-14.01  sec   496 KBytes  4.05 Mbits/sec                  
[  5]  14.01-15.00  sec   397 KBytes  3.28 Mbits/sec                  
[  5]  15.00-16.04  sec   256 KBytes  2.01 Mbits/sec                  
[  5]  16.04-17.00  sec  0.00 Bytes  0.00 bits/sec                  
[  5]  17.00-18.00  sec  0.00 Bytes  0.00 bits/sec                  
[  5]  18.00-19.00  sec  0.00 Bytes  0.00 bits/sec                  
[  5]  19.00-20.00  sec  2.24 MBytes  18.8 Mbits/sec                  
[  5]  20.00-21.00  sec   806 KBytes  6.61 Mbits/sec                  
[  5]  21.00-22.00  sec   307 KBytes  2.52 Mbits/sec                  
[  5]  22.00-23.00  sec   290 KBytes  2.37 Mbits/sec                  
[  5]  23.00-24.00  sec  0.00 Bytes  0.00 bits/sec                  
[  5]  24.00-25.00  sec   707 KBytes  5.80 Mbits/sec                  
[  5]  25.00-26.00  sec  1.30 MBytes  10.9 Mbits/sec                  
[  5]  26.00-27.00  sec   646 KBytes  5.29 Mbits/sec                  
[  5]  27.00-28.00  sec   369 KBytes  3.02 Mbits/sec                  
[  5]  28.00-29.00  sec   576 KBytes  4.71 Mbits/sec                  
[  5]  29.00-30.00  sec   694 KBytes  5.69 Mbits/sec                  
[  5]  30.00-31.00  sec   509 KBytes  4.17 Mbits/sec                  
[  5]  31.00-32.00  sec   451 KBytes  3.70 Mbits/sec                  
[  5]  32.00-33.00  sec   673 KBytes  5.50 Mbits/sec                  
[  5]  33.00-34.00  sec   676 KBytes  5.55 Mbits/sec                  
[  5]  34.00-35.00  sec   437 KBytes  3.58 Mbits/sec                  
[  5]  35.00-36.00  sec   773 KBytes  6.33 Mbits/sec                  
[  5]  36.00-37.00  sec  35.4 KBytes   289 Kbits/sec                  
[  5]  37.00-38.00  sec   259 KBytes  2.12 Mbits/sec                  
[  5]  38.00-39.00  sec  1.60 MBytes  13.5 Mbits/sec                  
[  5]  39.00-40.00  sec   803 KBytes  6.57 Mbits/sec                  
[  5]  40.00-41.00  sec   759 KBytes  6.23 Mbits/sec                  
[  5]  41.00-42.00  sec   574 KBytes  4.70 Mbits/sec                  
[  5]  42.00-43.00  sec   540 KBytes  4.43 Mbits/sec                  
[  5]  43.00-44.00  sec   974 KBytes  7.98 Mbits/sec                  
[  5]  44.00-45.00  sec  24.0 KBytes   197 Kbits/sec                  
[  5]  45.00-46.00  sec  56.6 KBytes   464 Kbits/sec                  
[  5]  46.00-47.00  sec  1.69 MBytes  14.2 Mbits/sec                  
[  5]  47.00-48.00  sec   762 KBytes  6.24 Mbits/sec                  
[  5]  48.00-49.00  sec  1.36 MBytes  11.4 Mbits/sec                  
[  5]  49.00-50.00  sec  1.12 MBytes  9.40 Mbits/sec                  
[  5]  50.00-51.00  sec  1.12 MBytes  9.41 Mbits/sec                  
[  5]  51.00-52.00  sec  1.12 MBytes  9.36 Mbits/sec                  
[  5]  52.00-53.00  sec  1.09 MBytes  9.17 Mbits/sec                  
[  5]  53.00-54.00  sec  1.14 MBytes  9.59 Mbits/sec                  
[  5]  54.00-55.00  sec  1.02 MBytes  8.59 Mbits/sec                  
[  5]  55.00-56.00  sec  1.06 MBytes  8.89 Mbits/sec                  
[  5]  56.00-57.00  sec  1021 KBytes  8.34 Mbits/sec                  
[  5]  57.00-58.00  sec  1.06 MBytes  8.94 Mbits/sec                  
[  5]  58.00-59.00  sec  1.08 MBytes  9.07 Mbits/sec                  
[  5]  59.00-60.00  sec   713 KBytes  5.85 Mbits/sec                  
[  5]  60.00-61.00  sec  1.12 MBytes  9.35 Mbits/sec                  
[  5]  61.00-62.00  sec  1.09 MBytes  9.13 Mbits/sec                  
[  5]  62.00-63.00  sec  1.10 MBytes  9.22 Mbits/sec                  
[  5]  63.00-64.00  sec  1.12 MBytes  9.37 Mbits/sec                  
[  5]  64.00-65.00  sec  1.12 MBytes  9.43 Mbits/sec                  
[  5]  65.00-66.00  sec  1.13 MBytes  9.46 Mbits/sec                  
[  5]  66.00-67.00  sec  1.12 MBytes  9.38 Mbits/sec                  
[  5]  67.00-68.00  sec  1.11 MBytes  9.33 Mbits/sec                  
[  5]  68.00-69.00  sec  1011 KBytes  8.30 Mbits/sec                  
[  5]  69.00-70.00  sec  1.16 MBytes  9.75 Mbits/sec                  
[  5]  70.00-71.00  sec  1.19 MBytes  9.98 Mbits/sec                  
[  5]  71.00-72.00  sec   551 KBytes  4.52 Mbits/sec                  
[  5]  72.00-73.00  sec  0.00 Bytes  0.00 bits/sec                  
[  5]  73.00-74.00  sec  0.00 Bytes  0.00 bits/sec                  
[  5]  74.00-75.00  sec  0.00 Bytes  0.00 bits/sec                  
[  5]  75.00-76.00  sec  73.5 KBytes   603 Kbits/sec                  
[  5]  76.00-77.00  sec  0.00 Bytes  0.00 bits/sec                  
[  5]  77.00-78.00  sec  0.00 Bytes  0.00 bits/sec                  
[  5]  78.00-79.00  sec  0.00 Bytes  0.00 bits/sec                  
[  5]  79.00-80.00  sec  0.00 Bytes  0.00 bits/sec                  
[  5]  80.00-81.00  sec  7.98 MBytes  66.9 Mbits/sec                  
[  5]  81.00-82.00  sec  1.13 MBytes  9.45 Mbits/sec                  
[  5]  82.00-83.00  sec  1.10 MBytes  9.27 Mbits/sec                  
[  5]  83.00-84.00  sec  1.10 MBytes  9.24 Mbits/sec                  
[  5]  84.00-85.00  sec  1.10 MBytes  9.29 Mbits/sec                  
[  5]  85.00-86.00  sec  1.10 MBytes  9.22 Mbits/sec                  
[  5]  86.00-87.00  sec  1.08 MBytes  9.08 Mbits/sec                  
[  5]  87.00-88.00  sec  1.13 MBytes  9.49 Mbits/sec                  
[  5]  88.00-89.00  sec   305 KBytes  2.50 Mbits/sec                  
[  5]  89.00-90.00  sec  0.00 Bytes  0.00 bits/sec                  
[  5]  90.00-91.00  sec  0.00 Bytes  0.00 bits/sec                  
[  5]  91.00-92.00  sec  1.41 KBytes  11.6 Kbits/sec                  
[  5]  92.00-93.00  sec  0.00 Bytes  0.00 bits/sec                  
[  5]  93.00-94.00  sec  0.00 Bytes  0.00 bits/sec                  
[  5]  94.00-95.00  sec  0.00 Bytes  0.00 bits/sec                  
[  5]  95.00-96.00  sec  1.41 KBytes  11.6 Kbits/sec                  
[  5]  96.00-97.00  sec   902 KBytes  7.38 Mbits/sec                  
[  5]  97.00-98.00  sec  7.69 MBytes  64.6 Mbits/sec                  
[  5]  98.00-99.00  sec   957 KBytes  7.82 Mbits/sec                  
[  5]  99.00-100.00 sec   737 KBytes  6.04 Mbits/sec                  
[  5] 100.00-101.00 sec  1.29 MBytes  10.8 Mbits/sec                  
[  5] 101.00-102.00 sec  1.05 MBytes  8.82 Mbits/sec                  
[  5] 102.00-103.00 sec  1.16 MBytes  9.70 Mbits/sec                  
[  5] 103.00-104.00 sec  1.11 MBytes  9.31 Mbits/sec                  
[  5] 104.00-105.00 sec   905 KBytes  7.41 Mbits/sec                  
[  5] 105.00-106.00 sec  1.30 MBytes  10.9 Mbits/sec                  
[  5] 106.00-107.00 sec  1.13 MBytes  9.45 Mbits/sec                  
[  5] 107.00-108.00 sec  1.11 MBytes  9.30 Mbits/sec                  
[  5] 108.00-109.00 sec  1.11 MBytes  9.33 Mbits/sec                  
[  5] 109.00-110.00 sec  1.08 MBytes  9.02 Mbits/sec                  
[  5] 110.00-111.00 sec  1.15 MBytes  9.63 Mbits/sec                  
[  5] 111.00-112.00 sec  1.11 MBytes  9.32 Mbits/sec                  
[  5] 112.00-113.00 sec  1.07 MBytes  9.00 Mbits/sec                  
[  5] 113.00-114.00 sec  1.10 MBytes  9.21 Mbits/sec                  
[  5] 114.00-115.00 sec   358 KBytes  2.92 Mbits/sec                  
[  5] 115.00-116.00 sec  0.00 Bytes  0.00 bits/sec                  
[  5] 116.00-117.00 sec  0.00 Bytes  0.00 bits/sec                  
[  5] 117.00-118.00 sec  0.00 Bytes  0.00 bits/sec                  
[  5] 118.00-119.00 sec  0.00 Bytes  0.00 bits/sec                  
[  5] 119.00-120.00 sec  0.00 Bytes  0.00 bits/sec                  
[  5] 120.00-121.00 sec  0.00 Bytes  0.00 bits/sec                  
[  5] 121.00-122.00 sec  0.00 Bytes  0.00 bits/sec                  
[  5] 122.00-123.00 sec  0.00 Bytes  0.00 bits/sec                  
[  5] 123.00-124.00 sec  8.40 MBytes  70.5 Mbits/sec                  
[  5] 124.00-125.00 sec  1.11 MBytes  9.29 Mbits/sec                  
[  5] 125.00-126.00 sec  1.10 MBytes  9.19 Mbits/sec                  
[  5] 126.00-127.00 sec  1.13 MBytes  9.46 Mbits/sec                  
[  5] 127.00-128.00 sec  1.10 MBytes  9.22 Mbits/sec                  
[  5] 128.00-129.00 sec  1.12 MBytes  9.40 Mbits/sec                  
[  5] 129.00-130.00 sec  1.12 MBytes  9.38 Mbits/sec                  
[  5] 130.00-131.00 sec   547 KBytes  4.48 Mbits/sec                  
[  5] 131.00-132.00 sec  0.00 Bytes  0.00 bits/sec                  
[  5] 132.00-133.00 sec  0.00 Bytes  0.00 bits/sec                  
[  5] 133.00-134.00 sec  0.00 Bytes  0.00 bits/sec                  
[  5] 134.00-135.00 sec  0.00 Bytes  0.00 bits/sec                  
[  5] 135.00-136.00 sec  0.00 Bytes  0.00 bits/sec                  
[  5] 136.00-137.00 sec  0.00 Bytes  0.00 bits/sec                  
[  5] 137.00-138.00 sec  0.00 Bytes  0.00 bits/sec                  
[  5] 138.00-139.00 sec  1.38 MBytes  11.6 Mbits/sec                  
[  5] 139.00-140.00 sec  7.64 MBytes  64.2 Mbits/sec                  
[  5] 140.00-141.00 sec  1.11 MBytes  9.29 Mbits/sec                  
[  5] 141.00-142.00 sec   981 KBytes  8.03 Mbits/sec                  
[  5] 142.00-143.00 sec   516 KBytes  4.23 Mbits/sec                  
[  5] 143.00-144.00 sec  1.53 MBytes  12.9 Mbits/sec                  
[  5] 144.00-145.00 sec  1.16 MBytes  9.70 Mbits/sec                  
[  5] 145.00-146.00 sec  1.11 MBytes  9.37 Mbits/sec                  
[  5] 146.00-147.00 sec  1.12 MBytes  9.38 Mbits/sec                  
[  5] 147.00-148.00 sec  1.12 MBytes  9.42 Mbits/sec                  
[  5] 148.00-149.00 sec  1.12 MBytes  9.38 Mbits/sec                  
[  5] 149.00-150.00 sec   977 KBytes  8.02 Mbits/sec                  
[  5] 150.00-151.00 sec  1.25 MBytes  10.5 Mbits/sec                  
[  5] 151.00-152.00 sec  1.08 MBytes  9.02 Mbits/sec                  
[  5] 152.00-153.00 sec  1.15 MBytes  9.65 Mbits/sec                  
[  5] 153.00-154.00 sec  1.11 MBytes  9.28 Mbits/sec                  
[  5] 154.00-155.00 sec  1.12 MBytes  9.39 Mbits/sec                  
[  5] 155.00-156.00 sec   922 KBytes  7.55 Mbits/sec                  
[  5] 156.00-157.00 sec  0.00 Bytes  0.00 bits/sec                  
[  5] 157.00-158.00 sec  0.00 Bytes  0.00 bits/sec                  
[  5] 158.00-159.00 sec  0.00 Bytes  0.00 bits/sec                  
[  5] 159.00-160.00 sec  0.00 Bytes  0.00 bits/sec                  
[  5] 160.00-161.00 sec  0.00 Bytes  0.00 bits/sec                  
[  5] 161.00-162.00 sec  0.00 Bytes  0.00 bits/sec                  
[  5] 162.00-163.00 sec  0.00 Bytes  0.00 bits/sec                  
[  5] 163.00-164.00 sec  0.00 Bytes  0.00 bits/sec                  
[  5] 164.00-165.00 sec  4.87 MBytes  40.9 Mbits/sec                  
[  5] 165.00-166.00 sec  4.21 MBytes  35.3 Mbits/sec                  
[  5] 166.00-167.00 sec  1.13 MBytes  9.44 Mbits/sec                  
[  5] 167.00-168.00 sec  1.11 MBytes  9.33 Mbits/sec                  
[  5] 168.00-169.00 sec  1.11 MBytes  9.36 Mbits/sec                  
[  5] 169.00-170.00 sec  1.12 MBytes  9.40 Mbits/sec                  
[  5] 170.00-171.00 sec  1.12 MBytes  9.39 Mbits/sec                  
[  5] 171.00-172.00 sec   844 KBytes  6.91 Mbits/sec                  
[  5] 172.00-173.00 sec  0.00 Bytes  0.00 bits/sec                  
[  5] 173.00-174.00 sec  0.00 Bytes  0.00 bits/sec                  
[  5] 174.00-175.00 sec  5.66 KBytes  46.4 Kbits/sec                  
[  5] 175.00-176.00 sec  0.00 Bytes  0.00 bits/sec                  
[  5] 176.00-177.01 sec  0.00 Bytes  0.00 bits/sec                  
[  5] 177.01-178.00 sec  0.00 Bytes  0.00 bits/sec                  
[  5] 178.00-179.00 sec  0.00 Bytes  0.00 bits/sec                  
[  5] 179.00-180.00 sec  1.41 KBytes  11.6 Kbits/sec                  
[  5] 180.00-181.00 sec  8.42 MBytes  70.7 Mbits/sec                  
[  5] 181.00-182.00 sec  1.12 MBytes  9.36 Mbits/sec                  
[  5] 182.00-183.00 sec  1.11 MBytes  9.31 Mbits/sec                  
[  5] 183.00-184.00 sec  1.11 MBytes  9.29 Mbits/sec                  
[  5] 184.00-185.00 sec  1.13 MBytes  9.46 Mbits/sec                  
[  5] 185.00-186.00 sec  1.12 MBytes  9.38 Mbits/sec                  
[  5] 186.00-187.00 sec  1.10 MBytes  9.23 Mbits/sec                  
[  5] 187.00-188.00 sec  1.08 MBytes  9.03 Mbits/sec                  
[  5] 188.00-189.00 sec  1.17 MBytes  9.82 Mbits/sec                  
[  5] 189.00-190.00 sec  1.12 MBytes  9.38 Mbits/sec                  
[  5] 190.00-191.00 sec  1.13 MBytes  9.44 Mbits/sec                  
[  5] 191.00-192.00 sec  1.12 MBytes  9.39 Mbits/sec                  
[  5] 192.00-193.00 sec  1.12 MBytes  9.41 Mbits/sec                  
[  5] 193.00-194.00 sec  1.11 MBytes  9.29 Mbits/sec                  
[  5] 194.00-195.00 sec  1.12 MBytes  9.38 Mbits/sec                  
[  5] 195.00-196.00 sec  1.12 MBytes  9.42 Mbits/sec                  
[  5] 196.00-197.00 sec   601 KBytes  4.93 Mbits/sec                  
[  5] 197.00-198.00 sec  0.00 Bytes  0.00 bits/sec                  
[  5] 198.00-199.00 sec  0.00 Bytes  0.00 bits/sec                  
[  5] 199.00-200.00 sec  0.00 Bytes  0.00 bits/sec                  
[  5] 200.00-201.00 sec   226 KBytes  1.85 Mbits/sec                  
[  5] 201.00-202.00 sec  0.00 Bytes  0.00 bits/sec                  
[  5] 202.00-203.00 sec  0.00 Bytes  0.00 bits/sec                  
[  5] 203.00-204.00 sec  0.00 Bytes  0.00 bits/sec                  
[  5] 204.00-205.00 sec  0.00 Bytes  0.00 bits/sec                  
[  5] 205.00-206.00 sec  0.00 Bytes  0.00 bits/sec                  
[  5] 206.00-207.00 sec  8.65 MBytes  72.6 Mbits/sec                  
[  5] 207.00-208.00 sec  1.09 MBytes  9.14 Mbits/sec                  
[  5] 208.00-209.00 sec  1.10 MBytes  9.22 Mbits/sec                  
[  5] 209.00-209.00 sec  4.24 KBytes  8.68 Mbits/sec                  
- - - - - - - - - - - - - - - - - - - - - - - - -
[ ID] Interval           Transfer     Bandwidth
[  5]   0.00-209.00 sec  0.00 Bytes  0.00 bits/sec                  sender
[  5]   0.00-209.00 sec   189 MBytes  7.57 Mbits/sec                  receiver
