-----------------------------------------------------------
Server listening on 5201
-----------------------------------------------------------
Accepted connection from 10.0.0.1, port 51605
[  5] local 10.0.0.2 port 5201 connected to 10.0.0.1 port 46110
[ ID] Interval           Transfer     Bandwidth
[  5]   0.00-1.00   sec   375 KBytes  3.07 Mbits/sec                  
[  5]   1.00-2.00   sec   421 KBytes  3.45 Mbits/sec                  
[  5]   2.00-3.00   sec   355 KBytes  2.91 Mbits/sec                  
[  5]   3.00-4.00   sec   397 KBytes  3.26 Mbits/sec                  
[  5]   4.00-5.00   sec   375 KBytes  3.07 Mbits/sec                  
[  5]   5.00-6.01   sec   424 KBytes  3.45 Mbits/sec                  
[  5]   6.01-7.00   sec   396 KBytes  3.27 Mbits/sec                  
[  5]   7.00-8.00   sec   494 KBytes  4.04 Mbits/sec                  
[  5]   8.00-9.00   sec   400 KBytes  3.28 Mbits/sec                  
[  5]   9.00-10.00  sec   392 KBytes  3.20 Mbits/sec                  
[  5]  10.00-11.01  sec   373 KBytes  3.03 Mbits/sec                  
[  5]  11.01-12.00  sec   561 KBytes  4.66 Mbits/sec                  
[  5]  12.00-13.00  sec   649 KBytes  5.30 Mbits/sec                  
[  5]  13.00-14.02  sec   614 KBytes  4.95 Mbits/sec                  
[  5]  14.02-15.00  sec   372 KBytes  3.10 Mbits/sec                  
[  5]  15.00-16.00  sec   554 KBytes  4.55 Mbits/sec                  
[  5]  16.00-17.01  sec  0.00 Bytes  0.00 bits/sec                  
[  5]  17.01-18.08  sec  5.66 KBytes  43.5 Kbits/sec                  
[  5]  18.08-19.00  sec  0.00 Bytes  0.00 bits/sec                  
[  5]  19.00-20.00  sec  2.18 MBytes  18.3 Mbits/sec                  
[  5]  20.00-21.00  sec  1.02 MBytes  8.54 Mbits/sec                  
[  5]  21.00-22.00  sec   646 KBytes  5.30 Mbits/sec                  
[  5]  22.00-23.00  sec   662 KBytes  5.42 Mbits/sec                  
[  5]  23.00-24.00  sec   588 KBytes  4.82 Mbits/sec                  
[  5]  24.00-25.00  sec   554 KBytes  4.54 Mbits/sec                  
[  5]  25.00-26.00  sec   646 KBytes  5.29 Mbits/sec                  
[  5]  26.00-27.00  sec   300 KBytes  2.46 Mbits/sec                  
[  5]  27.00-28.00  sec   478 KBytes  3.91 Mbits/sec                  
[  5]  28.00-29.00  sec  0.00 Bytes  0.00 bits/sec                  
[  5]  29.00-30.00  sec  0.00 Bytes  0.00 bits/sec                  
[  5]  30.00-31.00  sec  25.5 KBytes   209 Kbits/sec                  
[  5]  31.00-32.00  sec  0.00 Bytes  0.00 bits/sec                  
[  5]  32.00-33.00  sec   802 KBytes  6.58 Mbits/sec                  
[  5]  33.00-34.00  sec   447 KBytes  3.66 Mbits/sec                  
[  5]  34.00-35.00  sec  1.31 MBytes  11.0 Mbits/sec                  
[  5]  35.00-36.00  sec   697 KBytes  5.72 Mbits/sec                  
[  5]  36.00-37.00  sec   123 KBytes  1.01 Mbits/sec                  
[  5]  37.00-38.00  sec  2.83 KBytes  23.2 Kbits/sec                  
[  5]  38.00-39.00  sec  12.7 KBytes   104 Kbits/sec                  
[  5]  39.00-40.00  sec   223 KBytes  1.83 Mbits/sec                  
[  5]  40.00-41.00  sec   229 KBytes  1.88 Mbits/sec                  
[  5]  41.00-42.00  sec   383 KBytes  3.14 Mbits/sec                  
[  5]  42.00-43.00  sec   502 KBytes  4.12 Mbits/sec                  
[  5]  43.00-44.00  sec   206 KBytes  1.69 Mbits/sec                  
[  5]  44.00-45.00  sec   229 KBytes  1.88 Mbits/sec                  
[  5]  45.00-46.00  sec  0.00 Bytes  0.00 bits/sec                  
[  5]  46.00-47.00  sec   160 KBytes  1.31 Mbits/sec                  
[  5]  47.00-48.00  sec  82.0 KBytes   671 Kbits/sec                  
[  5]  48.00-49.00  sec   329 KBytes  2.70 Mbits/sec                  
[  5]  49.00-50.00  sec  21.2 KBytes   174 Kbits/sec                  
[  5]  50.00-51.00  sec  0.00 Bytes  0.00 bits/sec                  
[  5]  51.00-52.00  sec  25.5 KBytes   209 Kbits/sec                  
[  5]  52.00-53.00  sec  31.1 KBytes   255 Kbits/sec                  
[  5]  53.00-54.00  sec   277 KBytes  2.27 Mbits/sec                  
[  5]  54.00-55.00  sec   100 KBytes   823 Kbits/sec                  
[  5]  55.00-56.00  sec   160 KBytes  1.31 Mbits/sec                  
[  5]  56.00-57.00  sec  0.00 Bytes  0.00 bits/sec                  
[  5]  57.00-58.00  sec  87.7 KBytes   719 Kbits/sec                  
[  5]  58.00-59.00  sec  96.2 KBytes   788 Kbits/sec                  
[  5]  59.00-60.00  sec  14.1 KBytes   116 Kbits/sec                  
[  5]  60.00-61.00  sec  86.3 KBytes   706 Kbits/sec                  
[  5]  61.00-62.00  sec  62.2 KBytes   510 Kbits/sec                  
[  5]  62.00-63.00  sec  41.0 KBytes   336 Kbits/sec                  
[  5]  63.00-64.00  sec  17.0 KBytes   139 Kbits/sec                  
[  5]  64.00-65.00  sec  97.6 KBytes   799 Kbits/sec                  
[  5]  65.00-66.00  sec  0.00 Bytes  0.00 bits/sec                  
[  5]  66.00-67.00  sec  4.24 KBytes  34.8 Kbits/sec                  
[  5]  67.00-68.00  sec  0.00 Bytes  0.00 bits/sec                  
[  5]  68.00-69.00  sec   112 KBytes   916 Kbits/sec                  
[  5]  69.00-70.00  sec  43.8 KBytes   359 Kbits/sec                  
[  5]  70.00-71.00  sec  0.00 Bytes  0.00 bits/sec                  
[  5]  71.00-72.00  sec  84.8 KBytes   696 Kbits/sec                  
[  5]  72.00-73.00  sec  0.00 Bytes  0.00 bits/sec                  
[  5]  73.00-74.00  sec   117 KBytes   962 Kbits/sec                  
[  5]  74.00-75.00  sec  0.00 Bytes  0.00 bits/sec                  
[  5]  75.00-76.00  sec  66.5 KBytes   545 Kbits/sec                  
[  5]  76.00-77.00  sec  0.00 Bytes  0.00 bits/sec                  
[  5]  77.00-78.00  sec  0.00 Bytes  0.00 bits/sec                  
[  5]  78.00-79.00  sec   126 KBytes  1.03 Mbits/sec                  
[  5]  79.00-80.00  sec  0.00 Bytes  0.00 bits/sec                  
[  5]  80.00-81.00  sec  56.6 KBytes   463 Kbits/sec                  
[  5]  81.00-82.00  sec  0.00 Bytes  0.00 bits/sec                  
[  5]  82.00-83.00  sec   263 KBytes  2.16 Mbits/sec                  
[  5]  83.00-84.00  sec   214 KBytes  1.75 Mbits/sec                  
[  5]  84.00-85.00  sec   239 KBytes  1.96 Mbits/sec                  
[  5]  85.00-86.00  sec   297 KBytes  2.43 Mbits/sec                  
[  5]  86.00-87.00  sec   276 KBytes  2.26 Mbits/sec                  
[  5]  87.00-88.00  sec   443 KBytes  3.63 Mbits/sec                  
[  5]  88.00-89.00  sec   454 KBytes  3.72 Mbits/sec                  
[  5]  89.00-90.00  sec   488 KBytes  4.00 Mbits/sec                  
[  5]  90.00-91.00  sec   716 KBytes  5.86 Mbits/sec                  
[  5]  91.00-92.00  sec   649 KBytes  5.32 Mbits/sec                  
[  5]  92.00-93.00  sec   721 KBytes  5.91 Mbits/sec                  
[  5]  93.00-94.00  sec   805 KBytes  6.59 Mbits/sec                  
[  5]  94.00-95.00  sec   887 KBytes  7.26 Mbits/sec                  
[  5]  95.00-96.00  sec   802 KBytes  6.57 Mbits/sec                  
[  5]  96.00-97.01  sec   735 KBytes  5.96 Mbits/sec                  
[  5]  97.01-98.00  sec  0.00 Bytes  0.00 bits/sec                  
[  5]  98.00-99.00  sec   546 KBytes  4.47 Mbits/sec                  
[  5]  99.00-100.00 sec  1.19 MBytes  9.98 Mbits/sec                  
[  5] 100.00-101.00 sec  1.67 MBytes  14.0 Mbits/sec                  
[  5] 101.00-102.00 sec   820 KBytes  6.72 Mbits/sec                  
[  5] 102.00-103.00 sec   871 KBytes  7.14 Mbits/sec                  
[  5] 103.00-104.00 sec   889 KBytes  7.28 Mbits/sec                  
[  5] 104.00-105.00 sec  0.00 Bytes  0.00 bits/sec                  
[  5] 105.00-106.00 sec   477 KBytes  3.91 Mbits/sec                  
[  5] 106.00-107.00 sec  2.09 MBytes  17.5 Mbits/sec                  
[  5] 107.00-108.00 sec   882 KBytes  7.23 Mbits/sec                  
[  5] 108.00-109.00 sec   768 KBytes  6.29 Mbits/sec                  
[  5] 109.00-110.00 sec   706 KBytes  5.78 Mbits/sec                  
[  5] 110.00-111.00 sec   696 KBytes  5.70 Mbits/sec                  
[  5] 111.00-112.00 sec   652 KBytes  5.34 Mbits/sec                  
[  5] 112.00-112.19 sec   209 KBytes  9.24 Mbits/sec                  
- - - - - - - - - - - - - - - - - - - - - - - - -
[ ID] Interval           Transfer     Bandwidth
[  5]   0.00-112.19 sec  0.00 Bytes  0.00 bits/sec                  sender
[  5]   0.00-112.19 sec  41.4 MBytes  3.10 Mbits/sec                  receiver
