-----------------------------------------------------------
Server listening on 5207
-----------------------------------------------------------
Accepted connection from 10.0.0.1, port 51631
[  5] local 10.0.0.2 port 5207 connected to 10.0.0.1 port 46122
[ ID] Interval           Transfer     Bandwidth
[  5]   0.00-1.00   sec  0.00 Bytes  0.00 bits/sec                  
[  5]   1.00-2.06   sec  0.00 Bytes  0.00 bits/sec                  
[  5]   2.06-3.00   sec  0.00 Bytes  0.00 bits/sec                  
[  5]   3.00-4.01   sec  0.00 Bytes  0.00 bits/sec                  
[  5]   4.01-5.00   sec  0.00 Bytes  0.00 bits/sec                  
[  5]   5.00-6.00   sec  0.00 Bytes  0.00 bits/sec                  
[  5]   6.00-7.00   sec  2.83 KBytes  23.2 Kbits/sec                  
[  5]   7.00-8.06   sec  0.00 Bytes  0.00 bits/sec                  
[  5]   8.06-9.00   sec  0.00 Bytes  0.00 bits/sec                  
[  5]   9.00-10.00  sec  0.00 Bytes  0.00 bits/sec                  
[  5]  10.00-11.00  sec  1.41 KBytes  11.6 Kbits/sec                  
[  5]  11.00-12.00  sec  0.00 Bytes  0.00 bits/sec                  
[  5]  12.00-13.05  sec  4.24 KBytes  33.1 Kbits/sec                  
[  5]  13.05-14.00  sec  0.00 Bytes  0.00 bits/sec                  
[  5]  14.00-15.00  sec  0.00 Bytes  0.00 bits/sec                  
[  5]  15.00-16.00  sec  0.00 Bytes  0.00 bits/sec                  
[  5]  16.00-17.01  sec  0.00 Bytes  0.00 bits/sec                  
[  5]  17.01-18.05  sec  0.00 Bytes  0.00 bits/sec                  
[  5]  18.05-19.00  sec  1.41 KBytes  12.2 Kbits/sec                  
[  5]  19.00-20.00  sec  0.00 Bytes  0.00 bits/sec                  
[  5]  20.00-21.00  sec  0.00 Bytes  0.00 bits/sec                  
[  5]  21.00-22.00  sec  0.00 Bytes  0.00 bits/sec                  
[  5]  22.00-23.00  sec  0.00 Bytes  0.00 bits/sec                  
[  5]  23.00-24.00  sec  0.00 Bytes  0.00 bits/sec                  
[  5]  24.00-25.00  sec  0.00 Bytes  0.00 bits/sec                  
[  5]  25.00-26.00  sec  0.00 Bytes  0.00 bits/sec                  
[  5]  26.00-27.00  sec  0.00 Bytes  0.00 bits/sec                  
[  5]  27.00-28.00  sec  0.00 Bytes  0.00 bits/sec                  
[  5]  28.00-29.00  sec  0.00 Bytes  0.00 bits/sec                  
[  5]  29.00-30.00  sec  0.00 Bytes  0.00 bits/sec                  
[  5]  30.00-31.00  sec  0.00 Bytes  0.00 bits/sec                  
[  5]  31.00-32.00  sec  4.24 KBytes  34.7 Kbits/sec                  
[  5]  32.00-33.00  sec  36.8 KBytes   301 Kbits/sec                  
[  5]  33.00-34.00  sec  5.66 KBytes  46.3 Kbits/sec                  
[  5]  34.00-35.00  sec  8.48 KBytes  69.6 Kbits/sec                  
[  5]  35.00-36.00  sec  2.83 KBytes  23.2 Kbits/sec                  
[  5]  36.00-37.00  sec  0.00 Bytes  0.00 bits/sec                  
[  5]  37.00-38.00  sec  0.00 Bytes  0.00 bits/sec                  
[  5]  38.00-39.00  sec  0.00 Bytes  0.00 bits/sec                  
[  5]  39.00-40.00  sec  0.00 Bytes  0.00 bits/sec                  
[  5]  40.00-41.00  sec  0.00 Bytes  0.00 bits/sec                  
[  5]  41.00-42.00  sec  8.48 KBytes  69.5 Kbits/sec                  
[  5]  42.00-43.05  sec  2.83 KBytes  22.1 Kbits/sec                  
[  5]  43.05-44.00  sec  0.00 Bytes  0.00 bits/sec                  
[  5]  44.00-45.00  sec  0.00 Bytes  0.00 bits/sec                  
[  5]  45.00-46.00  sec  0.00 Bytes  0.00 bits/sec                  
[  5]  46.00-47.00  sec  0.00 Bytes  0.00 bits/sec                  
[  5]  47.00-48.00  sec  0.00 Bytes  0.00 bits/sec                  
[  5]  48.00-49.00  sec  4.24 KBytes  34.8 Kbits/sec                  
[  5]  49.00-50.00  sec  0.00 Bytes  0.00 bits/sec                  
[  5]  50.00-51.00  sec  0.00 Bytes  0.00 bits/sec                  
[  5]  51.00-52.00  sec  0.00 Bytes  0.00 bits/sec                  
[  5]  52.00-53.00  sec  0.00 Bytes  0.00 bits/sec                  
[  5]  53.00-54.00  sec  0.00 Bytes  0.00 bits/sec                  
[  5]  54.00-55.00  sec  0.00 Bytes  0.00 bits/sec                  
[  5]  55.00-56.00  sec  0.00 Bytes  0.00 bits/sec                  
[  5]  56.00-57.00  sec  0.00 Bytes  0.00 bits/sec                  
[  5]  57.00-58.00  sec  0.00 Bytes  0.00 bits/sec                  
[  5]  58.00-59.01  sec  9.90 KBytes  80.4 Kbits/sec                  
[  5]  59.01-60.00  sec  0.00 Bytes  0.00 bits/sec                  
[  5]  60.00-61.00  sec  0.00 Bytes  0.00 bits/sec                  
[  5]  61.00-62.00  sec  0.00 Bytes  0.00 bits/sec                  
[  5]  62.00-63.00  sec  0.00 Bytes  0.00 bits/sec                  
[  5]  63.00-64.00  sec  0.00 Bytes  0.00 bits/sec                  
[  5]  64.00-65.00  sec  0.00 Bytes  0.00 bits/sec                  
[  5]  65.00-66.00  sec  0.00 Bytes  0.00 bits/sec                  
[  5]  66.00-67.00  sec  0.00 Bytes  0.00 bits/sec                  
[  5]  67.00-68.02  sec  0.00 Bytes  0.00 bits/sec                  
[  5]  68.02-69.00  sec  0.00 Bytes  0.00 bits/sec                  
[  5]  69.00-70.00  sec  0.00 Bytes  0.00 bits/sec                  
[  5]  70.00-71.00  sec  0.00 Bytes  0.00 bits/sec                  
[  5]  71.00-72.00  sec  0.00 Bytes  0.00 bits/sec                  
[  5]  72.00-73.00  sec  0.00 Bytes  0.00 bits/sec                  
[  5]  73.00-74.00  sec  0.00 Bytes  0.00 bits/sec                  
[  5]  74.00-75.00  sec  0.00 Bytes  0.00 bits/sec                  
[  5]  75.00-76.01  sec  0.00 Bytes  0.00 bits/sec                  
[  5]  76.01-77.01  sec  0.00 Bytes  0.00 bits/sec                  
[  5]  77.01-78.00  sec  0.00 Bytes  0.00 bits/sec                  
[  5]  78.00-79.00  sec  0.00 Bytes  0.00 bits/sec                  
[  5]  79.00-80.00  sec  0.00 Bytes  0.00 bits/sec                  
[  5]  80.00-81.00  sec  0.00 Bytes  0.00 bits/sec                  
[  5]  81.00-82.00  sec  0.00 Bytes  0.00 bits/sec                  
[  5]  82.00-83.00  sec  0.00 Bytes  0.00 bits/sec                  
[  5]  83.00-84.01  sec  80.6 KBytes   657 Kbits/sec                  
[  5]  84.01-85.01  sec  0.00 Bytes  0.00 bits/sec                  
[  5]  85.01-86.05  sec  0.00 Bytes  0.00 bits/sec                  
[  5]  86.05-87.06  sec  0.00 Bytes  0.00 bits/sec                  
[  5]  87.06-88.00  sec  0.00 Bytes  0.00 bits/sec                  
[  5]  88.00-89.15  sec  0.00 Bytes  0.00 bits/sec                  
[  5]  89.15-90.00  sec  0.00 Bytes  0.00 bits/sec                  
[  5]  90.00-91.05  sec  0.00 Bytes  0.00 bits/sec                  
[  5]  91.05-92.00  sec  12.7 KBytes   110 Kbits/sec                  
[  5]  92.00-93.05  sec  0.00 Bytes  0.00 bits/sec                  
[  5]  93.05-94.05  sec  0.00 Bytes  0.00 bits/sec                  
[  5]  94.05-95.00  sec  0.00 Bytes  0.00 bits/sec                  
[  5]  95.00-96.01  sec  0.00 Bytes  0.00 bits/sec                  
[  5]  96.01-97.06  sec  0.00 Bytes  0.00 bits/sec                  
[  5]  97.06-98.00  sec  0.00 Bytes  0.00 bits/sec                  
[  5]  98.00-99.00  sec  0.00 Bytes  0.00 bits/sec                  
[  5]  99.00-100.00 sec  0.00 Bytes  0.00 bits/sec                  
[  5] 100.00-101.00 sec   153 KBytes  1.25 Mbits/sec                  
[  5] 101.00-102.01 sec  36.8 KBytes   297 Kbits/sec                  
[  5] 102.01-103.00 sec  9.90 KBytes  82.0 Kbits/sec                  
[  5] 103.00-104.00 sec  0.00 Bytes  0.00 bits/sec                  
[  5] 104.00-105.01 sec  0.00 Bytes  0.00 bits/sec                  
[  5] 105.01-106.00 sec  0.00 Bytes  0.00 bits/sec                  
[  5] 106.00-107.02 sec  52.3 KBytes   423 Kbits/sec                  
[  5] 107.02-108.06 sec  70.7 KBytes   557 Kbits/sec                  
[  5] 108.06-109.00 sec  76.4 KBytes   660 Kbits/sec                  
[  5] 109.00-110.00 sec  28.3 KBytes   232 Kbits/sec                  
[  5] 110.00-111.00 sec   136 KBytes  1.11 Mbits/sec                  
[  5] 111.00-112.15 sec   153 KBytes  1.09 Mbits/sec                  
[  5] 112.15-113.12 sec  73.5 KBytes   627 Kbits/sec                  
[  5] 113.12-114.01 sec  84.8 KBytes   779