-----------------------------------------------------------
Server listening on 5201
-----------------------------------------------------------
Accepted connection from 10.0.0.1, port 48205
[  5] local 10.0.0.2 port 5201 connected to 10.0.0.1 port 46110
[ ID] Interval           Transfer     Bandwidth
[  5]   0.00-1.13   sec  0.00 Bytes  0.00 bits/sec                  
[  5]   1.13-2.02   sec  0.00 Bytes  0.00 bits/sec                  
[  5]   2.02-3.06   sec  0.00 Bytes  0.00 bits/sec                  
[  5]   3.06-4.04   sec  0.00 Bytes  0.00 bits/sec                  
[  5]   4.04-5.00   sec  0.00 Bytes  0.00 bits/sec                  
[  5]   5.00-6.00   sec  0.00 Bytes  0.00 bits/sec                  
[  5]   6.00-7.00   sec  14.1 KBytes   116 Kbits/sec                  
[  5]   7.00-8.27   sec  0.00 Bytes  0.00 bits/sec                  
[  5]   8.27-9.00   sec  0.00 Bytes  0.00 bits/sec                  
[  5]   9.00-10.00  sec  28.3 KBytes   232 Kbits/sec                  
[  5]  10.00-11.00  sec  12.7 KBytes   104 Kbits/sec                  
[  5]  11.00-12.00  sec  43.8 KBytes   359 Kbits/sec                  
[  5]  12.00-13.00  sec  59.4 KBytes   486 Kbits/sec                  
[  5]  13.00-14.00  sec  65.0 KBytes   533 Kbits/sec                  
[  5]  14.00-15.00  sec  0.00 Bytes  0.00 bits/sec                  
[  5]  15.00-16.00  sec  28.3 KBytes   231 Kbits/sec                  
[  5]  16.00-17.00  sec  48.1 KBytes   394 Kbits/sec                  
[  5]  17.00-18.00  sec  1.41 KBytes  11.6 Kbits/sec                  
[  5]  18.00-19.00  sec   184 KBytes  1.50 Mbits/sec                  
[  5]  19.00-20.00  sec  0.00 Bytes  0.00 bits/sec                  
[  5]  20.00-21.00  sec  97.6 KBytes   799 Kbits/sec                  
[  5]  21.00-22.01  sec  0.00 Bytes  0.00 bits/sec                  
[  5]  22.01-23.00  sec  4.24 KBytes  34.9 Kbits/sec                  
[  5]  23.00-24.00  sec   177 KBytes  1.45 Mbits/sec                  
[  5]  24.00-25.00  sec  0.00 Bytes  0.00 bits/sec                  
[  5]  25.00-26.00  sec  86.3 KBytes   707 Kbits/sec                  
[  5]  26.00-27.00  sec  0.00 Bytes  0.00 bits/sec                  
[  5]  27.00-28.00  sec  93.3 KBytes   763 Kbits/sec                  
[  5]  28.00-29.00  sec  94.7 KBytes   779 Kbits/sec                  
[  5]  29.00-30.00  sec  96.2 KBytes   787 Kbits/sec                  
[  5]  30.00-31.00  sec  96.2 KBytes   788 Kbits/sec                  
[  5]  31.00-32.00  sec  24.0 KBytes   197 Kbits/sec                  
[  5]  32.00-33.00  sec  93.3 KBytes   764 Kbits/sec                  
[  5]  33.00-34.00  sec  0.00 Bytes  0.00 bits/sec                  
[  5]  34.00-35.00  sec  31.1 KBytes   256 Kbits/sec                  
[  5]  35.00-36.00  sec   238 KBytes  1.95 Mbits/sec                  
[  5]  36.00-37.00  sec  41.0 KBytes   336 Kbits/sec                  
[  5]  37.00-38.00  sec  0.00 Bytes  0.00 bits/sec                  
[  5]  38.00-39.00  sec  39.6 KBytes   324 Kbits/sec                  
[  5]  39.00-40.00  sec   219 KBytes  1.80 Mbits/sec                  
[  5]  40.00-41.00  sec   201 KBytes  1.65 Mbits/sec                  
[  5]  41.00-42.00  sec   116 KBytes   949 Kbits/sec                  
[  5]  42.00-43.00  sec  70.7 KBytes   578 Kbits/sec                  
[  5]  43.00-44.00  sec  49.5 KBytes   406 Kbits/sec                  
[  5]  44.00-45.00  sec  70.7 KBytes   581 Kbits/sec                  
[  5]  45.00-46.00  sec   113 KBytes   926 Kbits/sec                  
[  5]  46.00-47.00  sec  63.6 KBytes   520 Kbits/sec                  
[  5]  47.00-48.00  sec  90.5 KBytes   744 Kbits/sec                  
[  5]  48.00-49.00  sec  72.1 KBytes   591 Kbits/sec                  
[  5]  49.00-50.00  sec   132 KBytes  1.08 Mbits/sec                  
[  5]  50.00-51.00  sec  9.90 KBytes  81.0 Kbits/sec                  
[  5]  51.00-52.00  sec  70.7 KBytes   579 Kbits/sec                  
[  5]  52.00-53.00  sec   174 KBytes  1.43 Mbits/sec                  
[  5]  53.00-54.00  sec   223 KBytes  1.83 Mbits/sec                  
[  5]  54.00-55.00  sec  0.00 Bytes  0.00 bits/sec                  
[  5]  55.00-56.03  sec  5.66 KBytes  45.1 Kbits/sec                  
[  5]  56.03-57.55  sec   192 KBytes  1.04 Mbits/sec                  
[  5]  57.55-58.00  sec  0.00 Bytes  0.00 bits/sec                  
[  5]  58.00-59.00  sec  4.24 KBytes  34.6 Kbits/sec                  
[  5]  59.00-60.00  sec   157 KBytes  1.29 Mbits/sec                  
[  5]  60.00-61.00  sec  86.3 KBytes   706 Kbits/sec                  
[  5]  61.00-62.00  sec  58.0 KBytes   475 Kbits/sec                  
[  5]  62.00-63.00  sec   136 KBytes  1.11 Mbits/sec                  
[  5]  63.00-64.00  sec  91.9 KBytes   753 Kbits/sec                  
[  5]  64.00-65.04  sec  4.24 KBytes  33.6 Kbits/sec                  
[  5]  65.04-66.00  sec   188 KBytes  1.59 Mbits/sec                  
[  5]  66.00-67.00  sec   127 KBytes  1.04 Mbits/sec                  
[  5]  67.00-68.00  sec   157 KBytes  1.28 Mbits/sec                  
[  5]  68.00-69.00  sec   150 KBytes  1.23 Mbits/sec                  
[  5]  69.00-70.00  sec   133 KBytes  1.09 Mbits/sec                  
[  5]  70.00-71.01  sec  2.83 KBytes  23.1 Kbits/sec                  
[  5]  71.01-72.00  sec  0.00 Bytes  0.00 bits/sec                  
[  5]  72.00-73.00  sec  1.41 KBytes  11.6 Kbits/sec                  
[  5]  73.00-74.00  sec  0.00 Bytes  0.00 bits/sec                  
[  5]  74.00-75.00  sec  15.6 KBytes   127 Kbits/sec                  
[  5]  75.00-76.00  sec   649 KBytes  5.32 Mbits/sec                  
[  5]  76.00-77.00  sec   272 KBytes  2.23 Mbits/sec                  
[  5]  77.00-78.00  sec   164 KBytes  1.34 Mbits/sec                  
[  5]  78.00-79.00  sec  26.9 KBytes   220 Kbits/sec                  
[  5]  79.00-80.07  sec  0.00 Bytes  0.00 bits/sec                  
[  5]  80.07-81.00  sec  0.00 Bytes  0.00 bits/sec                  
[  5]  81.00-82.00  sec   515 KBytes  4.21 Mbits/sec                  
[  5]  82.00-83.23  sec   158 KBytes  1.06 Mbits/sec                  
[  5]  83.23-84.15  sec  59.4 KBytes   525 Kbits/sec                  
[  5]  84.15-85.40  sec  0.00 Bytes  0.00 bits/sec                  
[  5]  85.40-86.00  sec   141 KBytes  1.92 Mbits/sec                  
[  5]  86.00-87.00  sec   214 KBytes  1.75 Mbits/sec                  
[  5]  87.00-88.00  sec   164 KBytes  1.35 Mbits/sec                  
[  5]  88.00-89.00  sec   124 KBytes  1.02 Mbits/sec                  
[  5]  89.00-90.00  sec  99.0 KBytes   812 Kbits/sec                  
[  5]  90.00-91.03  sec  22.6 KBytes   179 Kbits/sec                  
[  5]  91.03-92.02  sec  7.07 KBytes  58.9 Kbits/sec                  
[  5]  92.02-93.00  sec  0.00 Bytes  0.00 bits/sec                  
[  5]  93.00-94.01  sec  0.00 Bytes  0.00 bits/sec                  
[  5]  94.01-95.00  sec   198 KBytes  1.63 Mbits/sec                  
[  5]  95.00-96.00  sec  65.0 KBytes   532 Kbits/sec                  
[  5]  96.00-97.00  sec  66.5 KBytes   545 Kbits/sec                  
[  5]  97.00-98.00  sec  72.1 KBytes   591 Kbits/sec                  
[  5]  98.00-99.03  sec  0.00 Bytes  0.00 bits/sec                  
[  5]  99.03-100.00 sec  15.6 KBytes   131 Kbits/sec                  
[  5] 100.00-101.00 sec  0.00 Bytes  0.00 bits/sec                  
[  5] 101.00-102.00 sec   175 KBytes  1.44 Mbits/sec                  
[  5] 102.00-103.00 sec  53.7 KBytes   440 Kbits/sec                  
[  5] 103.00-104.03 sec  53.7 KBytes   427 Kbits/sec                  
[  5] 104.03-105.00 sec  29.7 KBytes   251 Kbits/sec                  
[  5] 105.00-106.00 sec  0.00 Bytes  0.00 bits/sec                  
[  5] 106.00-107.00 sec   129 KBytes  1.05 Mbits/sec                  
[  5] 107.00-108.00 sec  83.4 KBytes   686 Kbits/sec                  
[  5] 108.00-109.00 sec  38.2 KBytes   313 Kbits/sec                  
[  5] 109.00-110.00 sec  83.4 KBytes   684 Kbits/sec                  
[  5] 110.00-111.00 sec  36.8 KBytes   301 Kbits/sec                  
[  5] 111.00-112.00 sec  15.6 KBytes   127 Kbits/sec                  
[  5] 112.00-113.00 sec  5.66 KBytes  46.4 Kbits/sec                  
[  5] 113.00-114.04 sec   115 KBytes   900 Kbits/sec                  
[  5] 114.04-115.00 sec  32.5 KBytes   278 Kbits/sec                  
[  5] 115.00-116.00 sec  56.6 KBytes   463 Kbits/sec                  
[  5] 116.00-117.00 sec  46.7 KBytes   383 Kbits/sec                  
[  5] 117.00-118.00 sec  97.6 KBytes   799 Kbits/sec                  
[  5] 118.00-119.00 sec  94.7 KBytes   776 Kbits/sec                  
[  5] 119.00-120.00 sec  60.8 KBytes   498 Kbits/sec                  
[  5] 120.00-121.00 sec  55.1 KBytes   452 Kbits/sec                  
[  5] 121.00-122.00 sec  84.8 KBytes   695 Kbits/sec                  
[  5] 122.00-123.00 sec  89.1 KBytes   730 Kbits/sec                  
[  5] 123.00-124.00 sec  58.0 KBytes   475 Kbits/sec                  
[  5] 124.00-125.00 sec   116 KBytes   950 Kbits/sec                  
[  5] 125.00-126.00 sec  55.1 KBytes   452 Kbits/sec                  
[  5] 126.00-127.00 sec   188 KBytes  1.54 Mbits/sec                  
[  5] 127.00-128.00 sec  67.9 KBytes   557 Kbits/sec                  
[  5] 128.00-129.00 sec   140 KBytes  1.14 Mbits/sec                  
[  5] 129.00-130.00 sec  14.1 KBytes   116 Kbits/sec                  
[  5] 130.00-131.00 sec   107 KBytes   882 Kbits/sec                  
[  5] 131.00-132.35 sec  25.5 KBytes   155 Kbits/sec                  
[  5] 132.35-133.00 sec  0.00 Bytes  0.00 bits/sec                  
[  5] 133.00-134.00 sec  0.00 Bytes  0.00 bits/sec                  
[  5] 134.00-135.00 sec  0.00 Bytes  0.00 bits/sec                  
[  5] 135.00-136.00 sec  72.1 KBytes   591 Kbits/sec                  
[  5] 136.00-137.00 sec  1.41 KBytes  11.6 Kbits/sec                  
[  5] 137.00-138.00 sec  0.00 Bytes  0.00 bits/sec                  
[  5] 138.00-139.00 sec  0.00 Bytes  0.00 bits/sec                  
[  5] 139.00-140.00 sec  0.00 Bytes  0.00 bits/sec                  
[  5] 140.00-141.00 sec  0.00 Bytes  0.00 bits/sec                  
[  5] 141.00-142.00 sec  0.00 Bytes  0.00 bits/sec                  
[  5] 142.00-143.00 sec   270 KBytes  2.21 Mbits/sec                  
[  5] 143.00-144.00 sec  1.28 MBytes  10.7 Mbits/sec                  
[  5] 144.00-145.00 sec   122 KBytes   996 Kbits/sec                  
[  5] 145.00-146.00 sec   257 KBytes  2.11 Mbits/sec                  
[  5] 146.00-147.00 sec  55.1 KBytes   450 Kbits/sec                  
[  5] 147.00-148.00 sec  41.0 KBytes   337 Kbits/sec                  
[  5] 148.00-149.00 sec  0.00 Bytes  0.00 bits/sec                  
[  5] 149.00-150.00 sec  0.00 Bytes  0.00 bits/sec                  
[  5] 150.00-151.00 sec  11.3 KBytes  92.8 Kbits/sec                  
[  5] 151.00-152.00 sec  0.00 Bytes  0.00 bits/sec                  
[  5] 152.00-153.00 sec  0.00 Bytes  0.00 bits/sec                  
[  5] 153.00-154.00 sec  0.00 Bytes  0.00 bits/sec                  
[  5] 154.00-155.00 sec  0.00 Bytes  0.00 bits/sec                  
[  5] 155.00-156.00 sec  0.00 Bytes  0.00 bits/sec                  
[  5] 156.00-157.00 sec  0.00 Bytes  0.00 bits/sec                  
[  5] 157.00-158.00 sec  1.28 MBytes  10.7 Mbits/sec                  
[  5] 158.00-159.01 sec   366 KBytes  2.97 Mbits/sec                  
[  5] 159.01-160.00 sec   161 KBytes  1.34 Mbits/sec                  
[  5] 160.00-161.00 sec   223 KBytes  1.83 Mbits/sec                  
[  5] 161.00-162.00 sec   206 KBytes  1.69 Mbits/sec                  
[  5] 162.00-163.00 sec   197 KBytes  1.61 Mbits/sec                  
[  5] 163.00-164.00 sec   119 KBytes   973 Kbits/sec                  
[  5] 164.00-165.00 sec   137 KBytes  1.12 Mbits/sec                  
[  5] 165.00-166.00 sec  0.00 Bytes  0.00 bits/sec                  
[  5] 166.00-167.00 sec  0.00 Bytes  0.00 bits/sec                  
[  5] 167.00-168.00 sec  1.41 KBytes  11.6 Kbits/sec                  
[  5] 168.00-169.00 sec  0.00 Bytes  0.00 bits/sec                  
[  5] 169.00-170.00 sec  0.00 Bytes  0.00 bits/sec                  
[  5] 170.00-171.00 sec  0.00 Bytes  0.00 bits/sec                  
[  5] 171.00-172.00 sec  0.00 Bytes  0.00 bits/sec                  
[  5] 172.00-173.00 sec   263 KBytes  2.15 Mbits/sec                  
[  5] 173.00-174.00 sec  1.67 MBytes  14.0 Mbits/sec                  
[  5] 174.00-175.00 sec   407 KBytes  3.34 Mbits/sec                  
[  5] 175.00-176.00 sec  11.3 KBytes  92.7 Kbits/sec                  
[  5] 176.00-177.00 sec   385 KBytes  3.15 Mbits/sec                  
[  5] 177.00-178.00 sec  55.1 KBytes   451 Kbits/sec                  
[  5] 178.00-179.00 sec   102 KBytes   836 Kbits/sec                  
[  5] 179.00-180.00 sec   361 KBytes  2.95 Mbits/sec                  
[  5] 180.00-181.00 sec  5.66 KBytes  46.3 Kbits/sec                  
[  5] 181.00-182.00 sec  24.0 KBytes   197 Kbits/sec                  
[  5] 182.00-183.00 sec  0.00 Bytes  0.00 bits/sec                  
[  5] 183.00-184.00 sec  1.41 KBytes  11.6 Kbits/sec                  
[  5] 184.00-185.00 sec  0.00 Bytes  0.00 bits/sec                  
[  5] 185.00-186.01 sec  0.00 Bytes  0.00 bits/sec                  
[  5] 186.01-187.00 sec  0.00 Bytes  0.00 bits/sec                  
[  5] 187.00-188.01 sec  0.00 Bytes  0.00 bits/sec                  
[  5] 188.01-189.00 sec  1.67 MBytes  14.1 Mbits/sec                  
[  5] 189.00-190.00 sec  50.9 KBytes   417 Kbits/sec                  
[  5] 190.00-191.00 sec   345 KBytes  2.83 Mbits/sec                  
[  5] 191.00-192.00 sec  82.0 KBytes   672 Kbits/sec                  
[  5] 192.00-193.00 sec   277 KBytes  2.27 Mbits/sec                  
[  5] 193.00-194.00 sec   171 KBytes  1.40 Mbits/sec                  
[  5] 194.00-195.00 sec  77.8 KBytes   637 Kbits/sec                  
[  5] 195.00-196.00 sec   393 KBytes  3.22 Mbits/sec                  
[  5] 196.00-197.15 sec  2.83 KBytes  20.2 Kbits/sec                  
[  5] 197.15-198.00 sec  8.48 KBytes  81.5 Kbits/sec                  
[  5] 198.00-199.01 sec  0.00 Bytes  0.00 bits/sec                  
[  5] 199.01-200.00 sec  0.00 Bytes  0.00 bits/sec                  
[  5] 200.00-201.00 sec  39.6 KBytes   324 Kbits/sec                  
[  5] 201.00-202.00 sec  0.00 Bytes  0.00 bits/sec                  
[  5] 202.00-203.02 sec  0.00 Bytes  0.00 bits/sec                  
[  5] 203.02-204.00 sec  0.00 Bytes  0.00 bits/sec                  
[  5] 204.00-205.00 sec  0.00 Bytes  0.00 bits/sec                  
[  5] 205.00-206.00 sec  12.7 KBytes   104 Kbits/sec                  
[  5] 206.00-206.96 sec  1.71 MBytes  15.0 Mbits/sec                  
- - - - - - - - - - - - - - - - - - - - - - - - -
[ ID] Interval           Transfer     Bandwidth
[  5]   0.00-206.96 sec  0.00 Bytes  0.00 bits/sec                  sender
[  5]   0.00-206.96 sec  22.7 MBytes   920 Kbits/sec                  receiver
