Connecting to host 10.0.0.2, port 5201
[  4] local 10.0.0.1 port 46110 connected to 10.0.0.2 port 5201
[ ID] Interval           Transfer     Bandwidth       Retr  Cwnd
[  4]   0.00-1.00   sec   947 KBytes  7.75 Mbits/sec    0   45.2 KBytes       
[  4]   1.00-2.00   sec   891 KBytes  7.28 Mbits/sec   11   66.5 KBytes       
[  4]   2.00-3.00   sec   764 KBytes  6.28 Mbits/sec    0   74.9 KBytes       
[  4]   3.00-4.00   sec   573 KBytes  4.69 Mbits/sec    0   80.6 KBytes       
[  4]   4.00-5.00   sec   445 KBytes  3.65 Mbits/sec    0   84.8 KBytes       
[  4]   5.00-6.00   sec   445 KBytes  3.65 Mbits/sec    0    103 KBytes       
[  4]   6.00-7.00   sec   636 KBytes  5.21 Mbits/sec    0    139 KBytes       
[  4]   7.00-8.00   sec   509 KBytes  4.17 Mbits/sec    0    178 KBytes       
[  4]   8.00-9.00   sec   700 KBytes  5.74 Mbits/sec    0    240 KBytes       
[  4]   9.00-10.00  sec   636 KBytes  5.21 Mbits/sec    0    307 KBytes       
[  4]  10.00-11.00  sec   827 KBytes  6.78 Mbits/sec    0    403 KBytes       
[  4]  11.00-12.00  sec   954 KBytes  7.81 Mbits/sec    0    522 KBytes       
[  4]  12.00-13.00  sec   636 KBytes  5.21 Mbits/sec    0    602 KBytes       
[  4]  13.00-14.00  sec  1.25 MBytes  10.5 Mbits/sec    0    778 KBytes       
[  4]  14.00-14.00  sec  0.00 Bytes  0.00 bits/sec    0    778 KBytes       
- - - - - - - - - - - - - - - - - - - - - - - - -
[ ID] Interval           Transfer     Bandwidth       Retr
[  4]   0.00-14.00  sec  10.0 MBytes  5.99 Mbits/sec   11             sender
[  4]   0.00-14.00  sec  5.99 MBytes  3.59 Mbits/sec                  receiver

iperf Done.
