-----------------------------------------------------------
Server listening on 5204
-----------------------------------------------------------
Accepted connection from 10.0.0.1, port 45732
[  5] local 10.0.0.2 port 5204 connected to 10.0.0.1 port 46116
[ ID] Interval           Transfer     Bandwidth
[  5]   0.00-1.00   sec  0.00 Bytes  0.00 bits/sec                  
[  5]   1.00-2.01   sec  0.00 Bytes  0.00 bits/sec                  
[  5]   2.01-3.00   sec  0.00 Bytes  0.00 bits/sec                  
[  5]   3.00-4.00   sec  0.00 Bytes  0.00 bits/sec                  
[  5]   4.00-5.00   sec  0.00 Bytes  0.00 bits/sec                  
[  5]   5.00-6.00   sec  0.00 Bytes  0.00 bits/sec                  
[  5]   6.00-7.05   sec  2.83 KBytes  22.0 Kbits/sec                  
[  5]   7.05-8.00   sec  0.00 Bytes  0.00 bits/sec                  
[  5]   8.00-9.00   sec  0.00 Bytes  0.00 bits/sec                  
[  5]   9.00-10.05  sec  0.00 Bytes  0.00 bits/sec                  
[  5]  10.05-11.05  sec  0.00 Bytes  0.00 bits/sec                  
[  5]  11.05-12.03  sec  1.41 KBytes  11.9 Kbits/sec                  
[  5]  12.03-13.02  sec  0.00 Bytes  0.00 bits/sec                  
[  5]  13.02-14.55  sec  0.00 Bytes  0.00 bits/sec                  
[  5]  14.55-15.00  sec  0.00 Bytes  0.00 bits/sec                  
[  5]  15.00-16.02  sec  0.00 Bytes  0.00 bits/sec                  
[  5]  16.02-17.02  sec  0.00 Bytes  0.00 bits/sec                  
[  5]  17.02-18.01  sec  0.00 Bytes  0.00 bits/sec                  
[  5]  18.01-19.01  sec  4.24 KBytes  34.8 Kbits/sec                  
[  5]  19.01-20.05  sec  0.00 Bytes  0.00 bits/sec                  
[  5]  20.05-21.00  sec  0.00 Bytes  0.00 bits/sec                  
[  5]  21.00-22.06  sec  0.00 Bytes  0.00 bits/sec                  
[  5]  22.06-23.00  sec  0.00 Bytes  0.00 bits/sec                  
[  5]  23.00-24.03  sec  0.00 Bytes  0.00 bits/sec                  
[  5]  24.03-25.05  sec  0.00 Bytes  0.00 bits/sec                  
[  5]  25.05-26.00  sec  4.24 KBytes  36.5 Kbits/sec                  
[  5]  26.00-27.01  sec  0.00 Bytes  0.00 bits/sec                  
[  5]  27.01-28.00  sec  0.00 Bytes  0.00 bits/sec                  
[  5]  28.00-29.00  sec  0.00 Bytes  0.00 bits/sec                  
[  5]  29.00-30.00  sec  7.07 KBytes  58.0 Kbits/sec                  
[  5]  30.00-31.01  sec  0.00 Bytes  0.00 bits/sec                  
[  5]  31.01-32.01  sec  18.4 KBytes   151 Kbits/sec                  
[  5]  32.01-33.01  sec  4.24 KBytes  34.8 Kbits/sec                  
[  5]  33.01-34.01  sec  0.00 Bytes  0.00 bits/sec                  
[  5]  34.01-35.01  sec  0.00 Bytes  0.00 bits/sec                  
[  5]  35.01-36.01  sec  0.00 Bytes  0.00 bits/sec                  
[  5]  36.01-37.03  sec  0.00 Bytes  0.00 bits/sec                  
[  5]  37.03-38.02  sec  0.00 Bytes  0.00 bits/sec                  
[  5]  38.02-39.01  sec  0.00 Bytes  0.00 bits/sec                  
[  5]  39.01-40.01  sec  45.2 KBytes   371 Kbits/sec                  
[  5]  40.01-41.01  sec  0.00 Bytes  0.00 bits/sec                  
[  5]  41.01-42.01  sec  0.00 Bytes  0.00 bits/sec                  
[  5]  42.01-43.00  sec  0.00 Bytes  0.00 bits/sec                  
[  5]  43.00-44.01  sec  0.00 Bytes  0.00 bits/sec                  
[  5]  44.01-45.00  sec  0.00 Bytes  0.00 bits/sec                  
[  5]  45.00-46.05  sec  0.00 Bytes  0.00 bits/sec                  
[  5]  46.05-47.08  sec  0.00 Bytes  0.00 bits/sec                  
[  5]  47.08-48.01  sec  12.7 KBytes   112 Kbits/sec                  
[  5]  48.01-49.00  sec  21.2 KBytes   174 Kbits/sec                  
[  5]  49.00-50.03  sec  29.7 KBytes   237 Kbits/sec                  
[  5]  50.03-51.00  sec  0.00 Bytes  0.00 bits/sec                  
[  5]  51.00-52.05  sec  0.00 Bytes  0.00 bits/sec                  
[  5]  52.05-53.00  sec  0.00 Bytes  0.00 bits/sec                  
[  5]  53.00-54.00  sec  0.00 Bytes  0.00 bits/sec                  
[  5]  54.00-55.00  sec  0.00 Bytes  0.00 bits/sec                  
[  5]  55.00-56.00  sec  0.00 Bytes  0.00 bits/sec                  
[  5]  56.00-57.00  sec  29.7 KBytes   243 Kbits/sec                  
[  5]  57.00-58.01  sec  49.5 KBytes   403 Kbits/sec                  
[  5]  58.01-59.00  sec  15.6 KBytes   128 Kbits/sec                  
[  5]  59.00-60.05  sec  0.00 Bytes  0.00 bits/sec                  
[  5]  60.05-61.00  sec  0.00 Bytes  0.00 bits/sec                  
[  5]  61.00-62.00  sec  0.00 Bytes  0.00 bits/sec                  
[  5]  62.00-63.03  sec  0.00 Bytes  0.00 bits/sec                  
[  5]  63.03-64.02  sec  0.00 Bytes  0.00 bits/sec                  
[  5]  64.02-65.03  sec  0.00 Bytes  0.00 bits/sec                  
[  5]  65.03-66.00  sec   115 KBytes   962 Kbits/sec                  
[  5]  66.00-67.00  sec  26.9 KBytes   220 Kbits/sec                  
[  5]  67.00-68.25  sec  0.00 Bytes  0.00 bits/sec                  
[  5]  68.25-69.00  sec  0.00 Bytes  0.00 bits/sec                  
[  5]  69.00-70.00  sec  0.00 Bytes  0.00 bits/sec                  
[  5]  70.00-71.00  sec  0.00 Bytes  0.00 bits/sec                  
[  5]  71.00-72.00  sec  0.00 Bytes  0.00 bits/sec                  
[  5]  72.00-73.01  sec  0.00 Bytes  0.00 bits/sec                  
[  5]  73.01-74.00  sec  0.00 Bytes  0.00 bits/sec                  
[  5]  74.00-75.00  sec  65.0 KBytes   533 Kbits/sec                  
[  5]  75.00-76.00  sec  84.8 KBytes   694 Kbits/sec                  
[  5]  76.00-77.00  sec  0.00 Bytes  0.00 bits/sec                  
[  5]  77.00-78.00  sec  0.00 Bytes  0.00 bits/sec                  
[  5]  78.00-79.02  sec  0.00 Bytes  0.00 bits/sec                  
[  5]  79.02-80.01  sec  0.00 Bytes  0.00 bits/sec                  
[  5]  80.01-81.02  sec  0.00 Bytes  0.00 bits/sec                  
[  5]  81.02-82.16  sec  0.00 Bytes  0.00 bits/sec                  
[  5]  82.16-83.21  sec  0.00 Bytes  0.00 bits/sec                  
[  5]  83.21-84.02  sec  0.00 Bytes  0.00 bits/sec                  
[  5]  84.02-85.16  sec  0.00 Bytes  0.00 bits/sec                  
[  5]  85.16-86.02  sec  0.00 Bytes  0.00 bits/sec                  
[  5]  86.02-87.12  sec  0.00 Bytes  0.00 bits/sec                  
[  5]  87.12-88.01  sec  0.00 Bytes  0.00 bits/sec                  
[  5]  88.01-89.02  sec  0.00 Bytes  0.00 bits/sec                  
[  5]  89.02-90.01  sec  0.00 Bytes  0.00 bits/sec                  
[  5]  90.01-91.06  sec  0.00 Bytes  0.00 bits/sec                  
[  5]  91.06-92.02  sec  0.00 Bytes  0.00 bits/sec                  
[  5]  92.02-93.02  sec  4.24 KBytes  34.8 Kbits/sec                  
[  5]  93.02-94.07  sec  0.00 Bytes  0.00 bits/sec                  
[  5]  94.07-95.02  sec  0.00 Bytes  0.00 bits/sec                  
[  5]  95.02-96.17  sec  0.00 Bytes  0.00 bits/sec                  
[  5]  96.17-97.02  sec  0.00 Bytes  0.00 bits/sec                  
[  5]  97.02-98.02  sec  0.00 Bytes  0.00 bits/sec                  
[  5]  98.02-99.02  sec  0.00 Bytes  0.00 bits/sec                  
[  5]  99.02-100.02 sec  0.00 Bytes  0.00 bits/sec                  
[  5] 100.02-101.02 sec  0.00 Bytes  0.00 bits/sec                  
[  5] 101.02-102.02 sec  0.00 Bytes  0.00 bits/sec                  
[  5] 102.02-103.02 sec  0.00 Bytes  0.00 bits/sec                  
[  5] 103.02-104.02 sec  0.00 Bytes  0.00 bits/sec                  
[  5] 104.02-105.02 sec  0.00 Bytes  0.00 bits/sec                  
[  5] 105.02-106.03 sec  0.00 Bytes  0.00 bits/sec                  
[  5] 106.03-107.02 sec  0.00 Bytes  0.00 bits/sec                  
[  5] 107.02-108.02 sec  0.00 Bytes  0.00 bits/sec                  
[  5] 108.02-109.02 sec  0.00 Bytes  0.00 bits/sec                  
[  5] 109.02-110.02 sec  0.00 Bytes  0.00 bits/sec                  
[  5] 110.02-111.02 sec  0.00 Bytes  0.00 bits/sec                  
[  5] 111.02-112.03 sec  0.00 Bytes  0.00 bits/sec                  
[  5] 112.03-113.07 sec  0.00 Bytes  0.00 bits/sec                  
[  5] 113.07-114.02 sec  5.66 KBytes  48.8 Kbits/sec                  
[  5] 114.02-115.02 sec  0.00 Bytes  0.00 bits/sec                  
[  5] 115.02-116.02 sec  0.00 Bytes  0.00 bits/sec                  
[  5] 116.02-117.02 sec  0.00 Bytes  0.00 bits/sec                  
[  5] 117.02-118.02 sec  12.7 KBytes   104 Kbits/sec                  
[  5] 118.02-119.02 sec  0.00 Bytes  0.00 bits/sec                  
[  5] 119.02-120.02 sec  0.00 Bytes  0.00 bits/sec                  
[  5] 120.02-121.02 sec  0.00 Bytes  0.00 bits/sec                  
[  5] 121.02-122.18 sec  0.00 Bytes  0.00 bits/sec                  
[  5] 122.18-123.02 sec  0.00 Bytes  0.00 bits/sec                  
[  5] 123.02-124.03 sec   148 KBytes  1.21 Mbits/sec                  
[  5] 124.03-125.03 sec  1.41 KBytes  11.6 Kbits/sec                  
[  5] 125.03-126.02 sec  0.00 Bytes  0.00 bits/sec                  
[  5] 126.02-127.12 sec  0.00 Bytes  0.00 bits/sec                  
[  5] 127.12-128.06 sec  0.00 Bytes  0.00 bits/sec                  
[  5] 128.06-129.01 sec  0.00 Bytes  0.00 bits/sec                  
[  5] 129.01-130.01 sec  15.6 KBytes   127 Kbits/sec                  
[  5] 130.01-131.01 sec   136 KBytes  1.12 Mbits/sec                  
[  5] 131.01-132.01 sec  0.00 Bytes  0.00 bits/sec                  
[  5] 132.01-133.01 sec  0.00 Bytes  0.00 bits/sec                  
[  5] 133.01-134.03 sec  0.00 Bytes  0.00 bits/sec                  
[  5] 134.03-135.21 sec  36.8 KBytes   254 Kbits/sec                  
[  5] 135.21-136.01 sec   107 KBytes  1.10 Mbits/sec                  
[  5] 136.01-137.00 sec  0.00 Bytes  0.00 bits/sec                  
[  5] 137.00-138.00 sec  0.00 Bytes  0.00 bits/sec                  
[  5] 138.00-139.06 sec  0.00 Bytes  0.00 bits/sec                  
[  5] 139.06-140.00 sec  46.7 KBytes   406 Kbits/sec                  
[  5] 140.00-141.03 sec  0.00 Bytes  0.00 bits/sec                  
[  5] 141.03-142.01 sec  0.00 Bytes  0.00 bits/sec                  
[  5] 142.01-143.03 sec   369 KBytes  2.97 Mbits/sec                  
[  5] 143.03-144.00 sec  9.90 KBytes  83.0 Kbits/sec                  
[  5] 144.00-145.01 sec  0.00 Bytes  0.00 bits/sec                  
[  5] 145.01-146.01 sec  0.00 Bytes  0.00 bits/sec                  
[  5] 146.01-147.00 sec  0.00 Bytes  0.00 bits/sec                  
[  5] 147.00-148.00 sec   242 KBytes  1.98 Mbits/sec                  
[  5] 148.00-149.01 sec  0.00 Bytes  0.00 bits/sec                  
[  5] 149.01-150.01 sec  0.00 Bytes  0.00 bits/sec                  
[  5] 150.01-151.02 sec  0.00 Bytes  0.00 bits/sec                  
[  5] 151.02-152.01 sec   235 KBytes  1.95 Mbits/sec                  
[  5] 152.01-153.01 sec  49.5 KBytes   404 Kbits/sec                  
[  5] 153.01-154.03 sec  0.00 Bytes  0.00 bits/sec                  
[  5] 154.03-155.00 sec  0.00 Bytes  0.00 bits/sec                  
[  5] 155.00-156.02 sec  0.00 Bytes  0.00 bits/sec                  
[  5] 156.02-157.00 sec  0.00 Bytes  0.00 bits/sec                  
[  5] 157.00-158.00 sec  53.7 KBytes   440 Kbits/sec                  
[  5] 158.00-159.02 sec  0.00 Bytes  0.00 bits/sec                  
[  5] 159.02-160.00 sec  0.00 Bytes  0.00 bits/sec                  
[  5] 160.00-161.00 sec  0.00 Bytes  0.00 bits/sec                  
[  5] 161.00-162.00 sec  0.00 Bytes  0.00 bits/sec                  
[  5] 162.00-163.00 sec  0.00 Bytes  0.00 bits/sec                  
[  5] 163.00-164.00 sec  0.00 Bytes  0.00 bits/sec                  
[  5] 164.00-165.01 sec  0.00 Bytes  0.00 bits/sec                  
[  5] 165.01-166.00 sec  0.00 Bytes  0.00 bits/sec                  
[  5] 166.00-167.00 sec  0.00 Bytes  0.00 bits/sec                  
[  5] 167.00-168.01 sec   559 KBytes  4.56 Mbits/sec                  
[  5] 168.01-169.00 sec  0.00 Bytes  0.00 bits/sec                  
[  5] 169.00-170.00 sec  83.4 KBytes   683 Kbits/sec                  
[  5] 170.00-171.00 sec  0.00 Bytes  0.00 bits/sec                  
[  5] 171.00-172.01 sec  0.00 Bytes  0.00 bits/sec                  
[  5] 172.01-173.00 sec   338 KBytes  2.78 Mbits/sec                  
[  5] 173.00-174.00 sec   160 KBytes  1.31 Mbits/sec                  
[  5] 174.00-175.00 sec  63.6 KBytes   521 Kbits/sec                  
[  5] 175.00-176.00 sec   195 KBytes  1.60 Mbits/sec                  
[  5] 176.00-177.02 sec  45.2 KBytes   366 Kbits/sec                  
[  5] 177.02-178.00 sec   242 KBytes  2.01 Mbits/sec                  
[  5] 178.00-179.00 sec  1.41 KBytes  11.6 Kbits/sec                  
[  5] 179.00-180.00 sec   228 KBytes  1.86 Mbits/sec                  
[  5] 180.00-181.00 sec  26.9 KBytes   220 Kbits/sec                  
[  5] 181.00-182.01 sec  58.0 KBytes   474 Kbits/sec                  
[  5] 182.01-183.00 sec   229 KBytes  1.88 Mbits/sec                  
[  5] 183.00-184.01 sec  1.41 KBytes  11.6 Kbits/sec                  
[  5] 184.01-185.02 sec  0.00 Bytes  0.00 bits/sec                  
[  5] 185.02-186.00 sec  0.00 Bytes  0.00 bits/sec                  
[  5] 186.00-187.00 sec  0.00 Bytes  0.00 bits/sec                  
[  5] 187.00-188.00 sec   291 KBytes  2.39 Mbits/sec                  
[  5] 188.00-189.00 sec   105 KBytes   857 Kbits/sec                  
[  5] 189.00-190.03 sec  0.00 Bytes  0.00 bits/sec                  
[  5] 190.03-191.00 sec  0.00 Bytes  0.00 bits/sec                  
[  5] 191.00-192.00 sec   130 KBytes  1.07 Mbits/sec                  
[  5] 192.00-193.00 sec  0.00 Bytes  0.00 bits/sec                  
[  5] 193.00-194.00 sec   428 KBytes  3.51 Mbits/sec                  
[  5] 194.00-195.00 sec  53.7 KBytes   440 Kbits/sec                  
[  5] 195.00-196.00 sec   187 KBytes  1.53 Mbits/sec                  
[  5] 196.00-197.01 sec  19.8 KBytes   161 Kbits/sec                  
[  5] 197.01-198.01 sec   209 KBytes  1.73 Mbits/sec                  
[  5] 198.01-199.00 sec  17.0 KBytes   139 Kbits/sec                  
[  5] 199.00-200.01 sec  91.9 KBytes   750 Kbits/sec                  
[  5] 200.01-201.00 sec  0.00 Bytes  0.00 bits/sec                  
[  5] 201.00-202.01 sec  0.00 Bytes  0.00 bits/sec                  
[  5] 202.01-203.01 sec  0.00 Bytes  0.00 bits/sec                  
[  5] 203.01-204.00 sec  72.1 KBytes   594 Kbits/sec                  
[  5] 204.00-205.00 sec  2.83 KBytes  23.2 Kbits/sec                  
[  5] 205.00-206.00 sec  0.00 Bytes  0.00 bits/sec                  
[  5] 206.00-207.00 sec   308 KBytes  2.53 Mbits/sec                  
[  5] 207.00-208.02 sec  0.00 Bytes  0.00 bits/sec                  
[  5] 208.02-209.00 sec   272 KBytes  2.26 Mbits/sec                  
[  5] 209.00-210.02 sec   116 KBytes   937 Kbits/sec                  
[  5] 210.02-211.00 sec  4.24 KBytes  35.2 Kbits/sec                  
[  5] 211.00-212.01 sec   132 KBytes  1.07 Mbits/sec                  
[  5] 212.01-213.01 sec  79.2 KBytes   652 Kbits/sec                  
[  5] 213.01-214.00 sec  74.9 KBytes   616 Kbits/sec                  
[  5] 214.00-215.00 sec  31.1 KBytes   255 Kbits/sec                  
[  5] 215.00-216.00 sec  94.7 KBytes   777 Kbits/sec                  
[  5] 216.00-217.01 sec  52.3 KBytes   427 Kbits/sec                  
[  5] 217.01-218.00 sec   141 KBytes  1.16 Mbits/sec                  
[  5] 218.00-219.00 sec   109 KBytes   892 Kbits/sec                  
[  5] 219.00-220.00 sec   116 KBytes   949 Kbits/sec                  
[  5] 220.00-221.01 sec  62.2 KBytes   508 Kbits/sec                  
[  5] 221.01-222.00 sec  33.9 KBytes   278 Kbits/sec                  
[  5] 222.00-223.00 sec  0.00 Bytes  0.00 bits/sec                  
[  5] 223.00-224.00 sec   100 KBytes   824 Kbits/sec                  
[  5] 224.00-225.00 sec  8.48 KBytes  69.4 Kbits/sec                  
[  5] 225.00-226.00 sec  0.00 Bytes  0.00 bits/sec                  
[  5] 226.00-227.00 sec   317 KBytes  2.60 Mbits/sec                  
[  5] 227.00-228.00 sec  0.00 Bytes  0.00 bits/sec                  
[  5] 228.00-229.01 sec  0.00 Bytes  0.00 bits/sec                  
[  5] 229.01-230.00 sec  0.00 Bytes  0.00 bits/sec                  
[  5] 230.00-231.00 sec   430 KBytes  3.52 Mbits/sec                  
[  5] 231.00-232.00 sec   260 KBytes  2.13 Mbits/sec                  
[  5] 232.00-233.00 sec  74.9 KBytes   614 Kbits/sec                  
[  5] 233.00-234.01 sec  99.0 KBytes   807 Kbits/sec                  
[  5] 234.01-235.00 sec  33.9 KBytes   279 Kbits/sec                  
[  5] 235.00-236.00 sec  17.0 KBytes   139 Kbits/sec                  
[  5] 236.00-237.00 sec   201 KBytes  1.65 Mbits/sec                  
[  5] 237.00-238.00 sec  49.5 KBytes   406 Kbits/sec                  
[  5] 238.00-239.01 sec  2.83 KBytes  23.1 Kbits/sec                  
[  5] 239.01-240.00 sec  4.24 KBytes  34.9 Kbits/sec                  
[  5] 240.00-241.00 sec   156 KBytes  1.27 Mbits/sec                  
[  5] 241.00-242.00 sec  31.1 KBytes   255 Kbits/sec                  
[  5] 242.00-243.00 sec  50.9 KBytes   417 Kbits/sec                  
[  5] 243.00-244.00 sec  14.1 KBytes   116 Kbits/sec                  
[  5] 244.00-245.00 sec  76.4 KBytes   626 Kbits/sec                  
[  5] 245.00-246.00 sec  14.1 KBytes   116 Kbits/sec                  
[  5] 246.00-247.00 sec  80.6 KBytes   660 Kbits/sec                  
[  5] 247.00-248.00 sec  0.00 Bytes  0.00 bits/sec                  
[  5] 248.00-249.00 sec  31.1 KBytes   255 Kbits/sec                  
[  5] 249.00-250.01 sec  1.41 KBytes  11.5 Kbits/sec                  
[  5] 250.01-251.00 sec  63.6 KBytes   524 Kbits/sec                  
[  5] 251.00-252.00 sec  35.4 KBytes   290 Kbits/sec                  
[  5] 252.00-253.00 sec  9.90 KBytes  81.0 Kbits/sec                  
[  5] 253.00-254.00 sec   130 KBytes  1.07 Mbits/sec                  
[  5] 254.00-255.00 sec  18.4 KBytes   150 Kbits/sec                  
[  5] 255.00-256.00 sec  53.7 KBytes   441 Kbits/sec                  
[  5] 256.00-257.00 sec  59.4 KBytes   487 Kbits/sec                  
[  5] 257.00-258.00 sec  39.6 KBytes   324 Kbits/sec                  
[  5] 258.00-259.00 sec  22.6 KBytes   185 Kbits/sec                  
[  5] 259.00-260.00 sec  53.7 KBytes   440 Kbits/sec                  
[  5] 260.00-261.03 sec  15.6 KBytes   124 Kbits/sec                  
[  5] 261.03-262.02 sec  24.0 KBytes   200 Kbits/sec                  
[  5] 262.02-263.00 sec  63.6 KBytes   530 Kbits/sec                  
[  5] 263.00-264.00 sec  42.4 KBytes   347 Kbits/sec                  
[  5] 264.00-265.00 sec  52.3 KBytes   429 Kbits/sec                  
[  5] 265.00-266.00 sec  0.00 Bytes  0.00 bits/sec                  
[  5] 266.00-267.00 sec  1.41 KBytes  11.6 Kbits/sec                  
[  5] 267.00-268.01 sec  0.00 Bytes  0.00 bits/sec                  
[  5] 268.01-269.01 sec  0.00 Bytes  0.00 bits/sec                  
[  5] 269.01-270.03 sec   143 KBytes  1.15 Mbits/sec                  
[  5] 270.03-271.00 sec  0.00 Bytes  0.00 bits/sec                  
[  5] 271.00-272.01 sec  0.00 Bytes  0.00 bits/sec                  
[  5] 272.01-273.00 sec   370 KBytes  3.04 Mbits/sec                  
[  5] 273.00-274.00 sec  94.7 KBytes   778 Kbits/sec                  
[  5] 274.00-275.01 sec  70.7 KBytes   575 Kbits/sec                  
[  5] 275.01-276.00 sec  91.9 KBytes   758 Kbits/sec                  
[  5] 276.00-277.00 sec  55.1 KBytes   452 Kbits/sec                  
[  5] 277.00-278.00 sec  63.6 KBytes   521 Kbits/sec                  
[  5] 278.00-279.00 sec  11.3 KBytes  92.5 Kbits/sec                  
[  5] 279.00-280.00 sec  58.0 KBytes   476 Kbits/sec                  
[  5] 280.00-281.00 sec  0.00 Bytes  0.00 bits/sec                  
[  5] 281.00-282.00 sec   143 KBytes  1.17 Mbits/sec                  
[  5] 282.00-283.02 sec  63.6 KBytes   511 Kbits/sec                  
[  5] 283.02-284.02 sec  25.5 KBytes   209 Kbits/sec                  
[  5] 284.02-285.00 sec  77.8 KBytes   648 Kbits/sec                  
[  5] 285.00-286.00 sec  28.3 KBytes   232 Kbits/sec                  
[  5] 286.00-287.08 sec  87.7 KBytes   668 Kbits/sec                  
[  5] 287.08-288.00 sec  29.7 KBytes   262 Kbits/sec                  
[  5] 288.00-289.00 sec  90.5 KBytes   742 Kbits/sec                  
[  5] 289.00-290.01 sec  33.9 KBytes   277 Kbits/sec                  
[  5] 290.01-291.00 sec   103 KBytes   847 Kbits/sec                  
[  5] 291.00-292.03 sec  94.7 KBytes   760 Kbits/sec                  
[  5] 292.03-293.00 sec  90.5 KBytes   759 Kbits/sec                  
[  5] 293.00-294.01 sec  67.9 KBytes   554 Kbits/sec                  
[  5] 294.01-295.07 sec  89.1 KBytes   686 Kbits/sec                  
[  5] 295.07-296.00 sec  55.1 KBytes   483 Kbits/sec                  
[  5] 296.00-297.04 sec  0.00 Bytes  0.00 bits/sec                  
[  5] 297.04-298.01 sec  0.00 Bytes  0.00 bits/sec                  
[  5] 298.01-299.00 sec  0.00 Bytes  0.00 bits/sec                  
[  5] 299.00-300.01 sec  58.0 KBytes   471 Kbits/sec                  
[  5] 300.01-301.01 sec   611 KBytes  5.00 Mbits/sec                  
[  5] 301.01-302.02 sec   197 KBytes  1.60 Mbits/sec                  
[  5] 302.02-303.01 sec   109 KBytes   903 Kbits/sec                  
[  5] 303.01-304.01 sec   185 KBytes  1.51 Mbits/sec                  
[  5] 304.01-305.01 sec   141 KBytes  1.16 Mbits/sec                  
[  5] 305.01-306.01 sec   197 KBytes  1.62 Mbits/sec                  
[  5] 306.01-307.03 sec   110 KBytes   885 Kbits/sec                  
[  5] 307.03-308.01 sec  45.2 KBytes   378 Kbits/sec                  
[  5] 308.01-309.06 sec   204 KBytes  1.59 Mbits/sec                  
[  5] 309.06-310.08 sec  46.7 KBytes   373 Kbits/sec                  
[  5] 310.08-311.01 sec  86.3 KBytes   762 Kbits/sec                  
[  5] 311.01-312.01 sec  0.00 Bytes  0.00 bits/sec                  
[  5] 312.01-313.07 sec  0.00 Bytes  0.00 bits/sec                  
[  5] 313.07-314.02 sec  0.00 Bytes  0.00 bits/sec                  
[  5] 314.02-315.02 sec   378 KBytes  3.08 Mbits/sec                  
[  5] 315.02-316.02 sec  0.00 Bytes  0.00 bits/sec                  
[  5] 316.02-317.03 sec  0.00 Bytes  0.00 bits/sec                  
[  5] 317.03-318.14 sec  0.00 Bytes  0.00 bits/sec                  
[  5] 318.14-319.03 sec   107 KBytes   991 Kbits/sec                  
[  5] 319.03-320.03 sec  50.9 KBytes   416 Kbits/sec                  
[  5] 320.03-321.03 sec  89.1 KBytes   731 Kbits/sec                  
[  5] 321.03-322.03 sec  0.00 Bytes  0.00 bits/sec                  
[  5] 322.03-323.02 sec  42.4 KBytes   349 Kbits/sec                  
[  5] 323.02-324.02 sec   116 KBytes   950 Kbits/sec                  
[  5] 324.02-325.03 sec  46.7 KBytes   382 Kbits/sec                  
[  5] 325.03-326.03 sec   208 KBytes  1.70 Mbits/sec                  
[  5] 326.03-327.04 sec  0.00 Bytes  0.00 bits/sec                  
[  5] 327.04-328.03 sec  96.2 KBytes   795 Kbits/sec                  
[  5] 328.03-329.08 sec  86.3 KBytes   668 Kbits/sec                  
[  5] 329.08-330.03 sec  15.6 KBytes   135 Kbits/sec                  
[  5] 330.03-331.03 sec   120 KBytes   984 Kbits/sec                  
[  5] 331.03-332.03 sec  80.6 KBytes   660 Kbits/sec                  
[  5] 332.03-333.08 sec  7.07 KBytes  55.4 Kbits/sec                  
[  5] 333.08-334.08 sec  62.2 KBytes   510 Kbits/sec                  
[  5] 334.08-335.03 sec  89.1 KBytes   768 Kbits/sec                  
[  5] 335.03-336.03 sec  0.00 Bytes  0.00 bits/sec                  
[  5] 336.03-337.03 sec  2.83 KBytes  23.2 Kbits/sec                  
[  5] 337.03-338.04 sec   134 KBytes  1.09 Mbits/sec                  
[  5] 338.04-339.08 sec  89.1 KBytes   701 Kbits/sec                  
[  5] 339.08-340.03 sec   130 KBytes  1.12 Mbits/sec                  
[  5] 340.03-341.03 sec  80.6 KBytes   658 Kbits/sec                  
[  5] 341.03-342.08 sec  58.0 KBytes   456 Kbits/sec                  
[  5] 342.08-343.03 sec  41.0 KBytes   353 Kbits/sec                  
[  5] 343.03-344.04 sec  11.3 KBytes  91.9 Kbits/sec                  
[  5] 344.04-345.04 sec  76.4 KBytes   624 Kbits/sec                  
[  5] 345.04-346.03 sec  39.6 KBytes   328 Kbits/sec                  
[  5] 346.03-347.08 sec  74.9 KBytes   584 Kbits/sec                  
[  5] 347.08-348.03 sec   105 KBytes   900 Kbits/sec                  
[  5] 348.03-349.08 sec  45.2 KBytes   354 Kbits/sec                  
[  5] 349.08-350.08 sec   102 KBytes   834 Kbits/sec                  
[  5] 350.08-351.93 sec  0.00 Bytes  0.00 bits/sec                  
[  5] 351.93-352.03 sec  0.00 Bytes  0.00 bits/sec                  
[  5] 352.03-353.28 sec  0.00 Bytes  0.00 bits/sec                  
[  5] 353.28-354.08 sec  0.00 Bytes  0.00 bits/sec                  
[  5] 354.08-355.03 sec  0.00 Bytes  0.00 bits/sec                  
[  5] 355.03-356.18 sec  0.00 Bytes  0.00 bits/sec                  
[  5] 356.18-357.13 sec  0.00 Bytes  0.00 bits/sec                  
[  5] 357.13-358.08 sec  0.00 Bytes  0.00 bits/sec                  
[  5] 358.08-359.03 sec  0.00 Bytes  0.00 bits/sec                  
[  5] 359.03-360.08 sec  0.00 Bytes  0.00 bits/sec                  
[  5] 360.08-361.03 sec  0.00 Bytes  0.00 bits/sec                  
[  5] 361.03-362.03 sec  0.00 Bytes  0.00 bits/sec                  
[  5] 362.03-363.03 sec  12.7 KBytes   104 Kbits/sec                  
[  5] 363.03-364.03 sec  56.6 KBytes   463 Kbits/sec                  
[  5] 364.03-365.03 sec   240 KBytes  1.97 Mbits/sec                  
[  5] 365.03-366.03 sec  0.00 Bytes  0.00 bits/sec                  
[  5] 366.03-367.18 sec  0.00 Bytes  0.00 bits/sec                  
[  5] 367.18-368.03 sec   308 KBytes  2.97 Mbits/sec                  
[  5] 368.03-369.08 sec  0.00 Bytes  0.00 bits/sec                  
[  5] 369.08-370.03 sec  55.1 KBytes   476 Kbits/sec                  
[  5] 370.03-371.03 sec   469 KBytes  3.85 Mbits/sec                  
[  5] 371.03-372.03 sec  0.00 Bytes  0.00 bits/sec                  
[  5] 372.03-373.03 sec  62.2 KBytes   509 Kbits/sec                  
[  5] 373.03-374.04 sec   153 KBytes  1.24 Mbits/sec                  
[  5] 374.04-375.03 sec  83.4 KBytes   691 Kbits/sec                  
[  5] 375.03-376.04 sec  72.1 KBytes   582 Kbits/sec                  
[  5] 376.04-377.04 sec  80.6 KBytes   664 Kbits/sec                  
[  5] 377.04-378.03 sec  17.0 KBytes   139 Kbits/sec                  
[  5] 378.03-379.02 sec  42.4 KBytes   353 Kbits/sec                  
[  5] 379.02-380.02 sec   123 KBytes  1.01 Mbits/sec                  
[  5] 380.02-381.22 sec   187 KBytes  1.27 Mbits/sec                  
[  5] 381.22-382.07 sec  45.2 KBytes   438 Kbits/sec                  
[  5] 382.07-383.02 sec   141 KBytes  1.21 Mbits/sec                  
[  5] 383.02-384.07 sec   113 KBytes   885 Kbits/sec                  
[  5] 384.07-385.02 sec  26.9 KBytes   232 Kbits/sec                  
[  5] 385.02-386.13 sec  18.4 KBytes   135 Kbits/sec                  
[  5] 386.13-387.02 sec  0.00 Bytes  0.00 bits/sec                  
[  5] 387.02-388.03 sec  0.00 Bytes  0.00 bits/sec                  
[  5] 388.03-389.02 sec  0.00 Bytes  0.00 bits/sec                  
[  5] 389.02-390.07 sec  0.00 Bytes  0.00 bits/sec                  
[  5] 390.07-391.01 sec  0.00 Bytes  0.00 bits/sec                  
[  5] 391.01-392.02 sec  0.00 Bytes  0.00 bits/sec                  
[  5] 392.02-393.01 sec  15.6 KBytes   128 Kbits/sec                  
[  5] 393.01-394.13 sec  0.00 Bytes  0.00 bits/sec                  
[  5] 394.13-395.02 sec  0.00 Bytes  0.00 bits/sec                  
[  5] 395.02-396.03 sec  0.00 Bytes  0.00 bits/sec                  
[  5] 396.03-397.01 sec  0.00 Bytes  0.00 bits/sec                  
[  5] 397.01-398.01 sec  0.00 Bytes  0.00 bits/sec                  
[  5] 398.01-399.07 sec  0.00 Bytes  0.00 bits/sec                  
[  5] 399.07-400.02 sec  0.00 Bytes  0.00 bits/sec                  
[  5] 400.02-401.02 sec  0.00 Bytes  0.00 bits/sec                  
[  5] 401.02-402.01 sec  0.00 Bytes  0.00 bits/sec                  
[  5] 402.01-403.01 sec  0.00 Bytes  0.00 bits/sec                  
[  5] 403.01-404.01 sec  0.00 Bytes  0.00 bits/sec                  
[  5] 404.01-405.02 sec  0.00 Bytes  0.00 bits/sec                  
[  5] 405.02-406.03 sec  0.00 Bytes  0.00 bits/sec                  
[  5] 406.03-407.02 sec  0.00 Bytes  0.00 bits/sec                  
[  5] 407.02-408.01 sec  0.00 Bytes  0.00 bits/sec                  
[  5] 408.01-409.12 sec  0.00 Bytes  0.00 bits/sec                  
[  5] 409.12-410.04 sec  1.41 KBytes  12.5 Kbits/sec                  
[  5] 410.04-411.02 sec  0.00 Bytes  0.00 bits/sec                  
[  5] 411.02-412.02 sec  0.00 Bytes  0.00 bits/sec                  
[  5] 412.02-413.01 sec  0.00 Bytes  0.00 bits/sec                  
[  5] 413.01-414.12 sec  2.83 KBytes  20.9 Kbits/sec                  
[  5] 414.12-415.02 sec  0.00 Bytes  0.00 bits/sec                  
[  5] 415.02-416.01 sec  5.66 KBytes  46.5 Kbits/sec                  
[  5] 416.01-417.01 sec  0.00 Bytes  0.00 bits/sec                  
[  5] 417.01-418.01 sec  11.3 KBytes  92.7 Kbits/sec                  
[  5] 418.01-419.14 sec  0.00 Bytes  0.00 bits/sec                  
[  5] 419.14-420.01 sec  0.00 Bytes  0.00 bits/sec                  
[  5] 420.01-421.01 sec  22.6 KBytes   185 Kbits/sec                  
[  5] 421.01-422.01 sec  45.2 KBytes   371 Kbits/sec                  
[  5] 422.01-423.01 sec  90.5 KBytes   742 Kbits/sec                  
[  5] 423.01-424.01 sec   181 KBytes  1.48 Mbits/sec                  
[  5] 424.01-425.01 sec  0.00 Bytes  0.00 bits/sec                  
[  5] 425.01-426.01 sec   362 KBytes  2.97 Mbits/sec                  
[  5] 426.01-427.01 sec   373 KBytes  3.06 Mbits/sec                  
[  5] 427.01-428.01 sec   240 KBytes  1.97 Mbits/sec                  
[  5] 428.01-429.01 sec   526 KBytes  4.31 Mbits/sec                  
[  5] 429.01-430.01 sec  0.00 Bytes  0.00 bits/sec                  
[  5] 430.01-431.01 sec  0.00 Bytes  0.00 bits/sec                  
[  5] 431.01-432.01 sec   708 KBytes  5.80 Mbits/sec                  
[  5] 432.01-433.01 sec   315 KBytes  2.59 Mbits/sec                  
[  5] 433.01-434.02 sec  94.7 KBytes   771 Kbits/sec                  
[  5] 434.02-435.01 sec  0.00 Bytes  0.00 bits/sec                  
[  5] 435.01-436.01 sec   266 KBytes  2.18 Mbits/sec                  
[  5] 436.01-437.01 sec   110 KBytes   903 Kbits/sec                  
[  5] 437.01-438.01 sec  12.7 KBytes   104 Kbits/sec                  
[  5] 438.01-439.01 sec  0.00 Bytes  0.00 bits/sec                  
[  5] 439.01-440.01 sec  0.00 Bytes  0.00 bits/sec                  
[  5] 440.01-441.01 sec  0.00 Bytes  0.00 bits/sec                  
[  5] 441.01-442.01 sec  0.00 Bytes  0.00 bits/sec                  
[  5] 442.01-443.01 sec  0.00 Bytes  0.00 bits/sec                  
[  5] 443.01-444.01 sec  1.41 KBytes  11.6 Kbits/sec                  
[  5] 444.01-445.02 sec  0.00 Bytes  0.00 bits/sec                  
[  5] 445.02-446.01 sec  8.48 KBytes  70.0 Kbits/sec                  
[  5] 446.01-447.01 sec  15.6 KBytes   127 Kbits/sec                  
[  5] 447.01-448.01 sec  22.6 KBytes   186 Kbits/sec                  
[  5] 448.01-449.01 sec  48.1 KBytes   394 Kbits/sec                  
[  5] 449.01-450.02 sec  76.4 KBytes   621 Kbits/sec                  
[  5] 450.02-451.01 sec  62.2 KBytes   511 Kbits/sec                  
[  5] 451.01-452.02 sec   106 KBytes   866 Kbits/sec                  
[  5] 452.02-453.01 sec   133 KBytes  1.10 Mbits/sec                  
[  5] 453.01-454.02 sec   679 KBytes  5.53 Mbits/sec                  
[  5] 454.02-455.01 sec   103 KBytes   849 Kbits/sec                  
[  5] 455.01-456.03 sec   270 KBytes  2.18 Mbits/sec                  
[  5] 456.03-457.01 sec   167 KBytes  1.39 Mbits/sec                  
[  5] 457.01-458.01 sec   184 KBytes  1.50 Mbits/sec                  
[  5] 458.01-459.01 sec  8.48 KBytes  69.5 Kbits/sec                  
[  5] 459.01-460.02 sec  0.00 Bytes  0.00 bits/sec                  
[  5] 460.02-461.01 sec  0.00 Bytes  0.00 bits/sec                  
[  5] 461.01-462.01 sec  0.00 Bytes  0.00 bits/sec                  
[  5] 462.01-463.01 sec  0.00 Bytes  0.00 bits/sec                  
[  5] 463.01-464.04 sec  0.00 Bytes  0.00 bits/sec                  
[  5] 464.04-465.06 sec   110 KBytes   885 Kbits/sec                  
[  5] 465.06-466.01 sec  0.00 Bytes  0.00 bits/sec                  
[  5] 466.01-467.01 sec  0.00 Bytes  0.00 bits/sec                  
[  5] 467.01-468.01 sec  0.00 Bytes  0.00 bits/sec                  
[  5] 468.01-469.02 sec  0.00 Bytes  0.00 bits/sec                  
[  5] 469.02-470.02 sec  0.00 Bytes  0.00 bits/sec                  
[  5] 470.02-471.01 sec  0.00 Bytes  0.00 bits/sec                  
[  5] 471.01-472.01 sec  0.00 Bytes  0.00 bits/sec                  
[  5] 472.01-473.01 sec  0.00 Bytes  0.00 bits/sec                  
[  5] 473.01-474.02 sec  0.00 Bytes  0.00 bits/sec                  
[  5] 474.02-475.01 sec  0.00 Bytes  0.00 bits/sec                  
[  5] 475.01-476.01 sec  0.00 Bytes  0.00 bits/sec                  
[  5] 476.01-477.02 sec  0.00 Bytes  0.00 bits/sec                  
[  5] 477.02-478.01 sec  0.00 Bytes  0.00 bits/sec                  
[  5] 478.01-479.01 sec  0.00 Bytes  0.00 bits/sec                  
[  5] 479.01-480.01 sec  0.00 Bytes  0.00 bits/sec                  
[  5] 480.01-481.01 sec  0.00 Bytes  0.00 bits/sec                  
[  5] 481.01-482.02 sec  0.00 Bytes  0.00 bits/sec                  
[  5] 482.02-483.01 sec  0.00 Bytes  0.00 bits/sec                  
[  5] 483.01-484.02 sec  8.48 KBytes  69.2 Kbits/sec                  
[  5] 484.02-485.01 sec  0.00 Bytes  0.00 bits/sec                  
[  5] 485.01-486.01 sec  0.00 Bytes  0.00 bits/sec                  
[  5] 486.01-487.01 sec  1.41 KBytes  11.6 Kbits/sec                  
[  5] 487.01-488.01 sec  0.00 Bytes  0.00 bits/sec                  
[  5] 488.01-489.19 sec  0.00 Bytes  0.00 bits/sec                  
[  5] 489.19-490.01 sec  2.83 KBytes  28.0 Kbits/sec                  
[  5] 490.01-491.01 sec  0.00 Bytes  0.00 bits/sec                  
[  5] 491.01-492.01 sec  4.24 KBytes  34.8 Kbits/sec                  
[  5] 492.01-493.01 sec  8.48 KBytes  69.6 Kbits/sec                  
[  5] 493.01-494.01 sec  8.48 KBytes  69.5 Kbits/sec                  
[  5] 494.01-495.01 sec  0.00 Bytes  0.00 bits/sec                  
[  5] 495.01-496.01 sec  14.1 KBytes   116 Kbits/sec                  
[  5] 496.01-497.01 sec  0.00 Bytes  0.00 bits/sec                  
[  5] 497.01-498.01 sec  21.2 KBytes   174 Kbits/sec                  
[  5] 498.01-499.01 sec  0.00 Bytes  0.00 bits/sec                  
[  5] 499.01-500.01 sec  0.00 Bytes  0.00 bits/sec                  
[  5] 500.01-501.01 sec  0.00 Bytes  0.00 bits/sec                  
[  5] 501.01-502.03 sec  0.00 Bytes  0.00 bits/sec                  
[  5] 502.03-503.02 sec  0.00 Bytes  0.00 bits/sec                  
[  5] 503.02-504.01 sec  0.00 Bytes  0.00 bits/sec                  
[  5] 504.01-505.01 sec  4.24 KBytes  34.8 Kbits/sec                  
[  5] 505.01-506.01 sec  0.00 Bytes  0.00 bits/sec                  
[  5] 506.01-507.01 sec  8.48 KBytes  69.7 Kbits/sec                  
[  5] 507.01-508.02 sec  0.00 Bytes  0.00 bits/sec                  
[  5] 508.02-509.01 sec  0.00 Bytes  0.00 bits/sec                  
[  5] 509.01-510.03 sec  2.83 KBytes  22.9 Kbits/sec                  
[  5] 510.03-511.01 sec  0.00 Bytes  0.00 bits/sec                  
[  5] 511.01-512.02 sec  0.00 Bytes  0.00 bits/sec                  
[  5] 512.02-513.01 sec  0.00 Bytes  0.00 bits/sec                  
[  5] 513.01-514.01 sec  0.00 Bytes  0.00 bits/sec                  
[  5] 514.01-515.01 sec  0.00 Bytes  0.00 bits/sec                  
[  5] 515.01-516.02 sec  0.00 Bytes  0.00 bits/sec                  
[  5] 516.02-517.02 sec  0.00 Bytes  0.00 bits/sec                  
[  5] 517.02-518.01 sec  1.41 KBytes  11.7 Kbits/sec                  
[  5] 518.01-519.01 sec  0.00 Bytes  0.00 bits/sec                  
[  5] 519.01-520.02 sec  2.83 KBytes  22.9 Kbits/sec                  
[  5] 520.02-521.01 sec  62.2 KBytes   516 Kbits/sec                  
[  5] 521.01-522.01 sec  35.4 KBytes   289 Kbits/sec                  
[  5] 522.01-523.01 sec  28.3 KBytes   232 Kbits/sec                  
[  5] 523.01-524.01 sec  28.3 KBytes   232 Kbits/sec                  
[  5] 524.01-525.01 sec  29.7 KBytes   243 Kbits/sec                  
[  5] 525.01-526.01 sec  33.9 KBytes   277 Kbits/sec                  
[  5] 526.01-527.01 sec  49.5 KBytes   406 Kbits/sec                  
[  5] 527.01-528.01 sec  0.00 Bytes  0.00 bits/sec                  
[  5] 528.01-529.01 sec  74.9 KBytes   611 Kbits/sec                  
[  5] 529.01-530.01 sec  0.00 Bytes  0.00 bits/sec                  
[  5] 530.01-531.01 sec   113 KBytes   927 Kbits/sec                  
[  5] 531.01-532.02 sec  0.00 Bytes  0.00 bits/sec                  
[  5] 532.02-533.01 sec   144 KBytes  1.19 Mbits/sec                  
[  5] 533.01-534.01 sec  25.5 KBytes   209 Kbits/sec                  
[  5] 534.01-535.01 sec  56.6 KBytes   463 Kbits/sec                  
[  5] 535.01-536.01 sec   198 KBytes  1.62 Mbits/sec                  
[  5] 536.01-537.24 sec  0.00 Bytes  0.00 bits/sec                  
[  5] 537.24-538.23 sec  0.00 Bytes  0.00 bits/sec                  
[  5] 538.23-539.02 sec  21.2 KBytes   221 Kbits/sec                  
[  5] 539.02-540.06 sec  25.5 KBytes   200 Kbits/sec                  
[  5] 540.06-541.01 sec  7.07 KBytes  61.0 Kbits/sec                  
[  5] 541.01-542.02 sec   328 KBytes  2.65 Mbits/sec                  
[  5] 542.02-543.01 sec  0.00 Bytes  0.00 bits/sec                  
[  5] 543.01-544.02 sec  0.00 Bytes  0.00 bits/sec                  
[  5] 544.02-545.01 sec  0.00 Bytes  0.00 bits/sec                  
[  5] 545.01-546.08 sec  0.00 Bytes  0.00 bits/sec                  
[  5] 546.08-547.01 sec  0.00 Bytes  0.00 bits/sec                  
[  5] 547.01-548.01 sec  0.00 Bytes  0.00 bits/sec                  
[  5] 548.01-549.01 sec  0.00 Bytes  0.00 bits/sec                  
[  5] 549.01-550.01 sec  0.00 Bytes  0.00 bits/sec                  
[  5] 550.01-551.01 sec  0.00 Bytes  0.00 bits/sec                  
[  5] 551.01-552.02 sec  0.00 Bytes  0.00 bits/sec                  
[  5] 552.02-553.01 sec  0.00 Bytes  0.00 bits/sec                  
[  5] 553.01-554.01 sec  4.24 KBytes  34.8 Kbits/sec                  
[  5] 554.01-555.01 sec  9.90 KBytes  81.0 Kbits/sec                  
[  5] 555.01-556.01 sec  15.6 KBytes   128 Kbits/sec                  
[  5] 556.01-557.01 sec  0.00 Bytes  0.00 bits/sec                  
[  5] 557.01-558.01 sec  0.00 Bytes  0.00 bits/sec                  
[  5] 558.01-559.01 sec   178 KBytes  1.46 Mbits/sec                  
[  5] 559.01-560.01 sec  0.00 Bytes  0.00 bits/sec                  
[  5] 560.01-561.01 sec  2.55 MBytes  21.4 Mbits/sec                  
[  5] 561.01-562.01 sec  0.00 Bytes  0.00 bits/sec                  
[  5] 562.01-563.01 sec  0.00 Bytes  0.00 bits/sec                  
[  5] 563.01-564.02 sec   372 KBytes  3.01 Mbits/sec                  
[  5] 564.02-565.02 sec  0.00 Bytes  0.00 bits/sec                  
[  5] 565.02-566.02 sec  0.00 Bytes  0.00 bits/sec                  
[  5] 566.02-567.02 sec  0.00 Bytes  0.00 bits/sec                  
[  5] 567.02-568.02 sec  0.00 Bytes  0.00 bits/sec                  
[  5] 568.02-569.02 sec  0.00 Bytes  0.00 bits/sec                  
[  5] 569.02-570.02 sec  1.41 KBytes  11.6 Kbits/sec                  
[  5] 570.02-571.02 sec   962 KBytes  7.87 Mbits/sec                  
[  5] 571.02-572.02 sec   137 KBytes  1.12 Mbits/sec                  
[  5] 572.02-573.02 sec  0.00 Bytes  0.00 bits/sec                  
[  5] 573.02-574.02 sec   133 KBytes  1.09 Mbits/sec                  
[  5] 574.02-575.02 sec   226 KBytes  1.85 Mbits/sec                  
[  5] 575.02-576.02 sec  0.00 Bytes  0.00 bits/sec                  
[  5] 576.02-577.00 sec   100 KBytes   836 Kbits/sec                  
[  5] 577.00-578.02 sec   192 KBytes  1.55 Mbits/sec                  
[  5] 578.02-579.02 sec  0.00 Bytes  0.00 bits/sec                  
[  5] 579.02-580.02 sec  0.00 Bytes  0.00 bits/sec                  
[  5] 580.02-581.02 sec  72.1 KBytes   591 Kbits/sec                  
[  5] 581.02-582.00 sec  0.00 Bytes  0.00 bits/sec                  
[  5] 582.00-583.00 sec   635 KBytes  5.20 Mbits/sec                  
[  5] 583.00-584.00 sec  48.1 KBytes   394 Kbits/sec                  
[  5] 584.00-585.00 sec   283 KBytes  2.32 Mbits/sec                  
[  5] 585.00-586.00 sec   329 KBytes  2.70 Mbits/sec                  
[  5] 586.00-587.00 sec  24.0 KBytes   197 Kbits/sec                  
[  5] 587.00-588.00 sec   338 KBytes  2.77 Mbits/sec                  
[  5] 588.00-589.00 sec  0.00 Bytes  0.00 bits/sec                  
[  5] 589.00-590.00 sec  0.00 Bytes  0.00 bits/sec                  
[  5] 590.00-591.00 sec   352 KBytes  2.89 Mbits/sec                  
[  5] 591.00-592.00 sec  0.00 Bytes  0.00 bits/sec                  
[  5] 592.00-593.00 sec  0.00 Bytes  0.00 bits/sec                  
[  5] 593.00-594.00 sec   325 KBytes  2.66 Mbits/sec                  
[  5] 594.00-595.00 sec  0.00 Bytes  0.00 bits/sec                  
[  5] 595.00-596.00 sec  0.00 Bytes  0.00 bits/sec                  
[  5] 596.00-597.07 sec  0.00 Bytes  0.00 bits/sec                  
[  5] 597.07-598.48 sec  0.00 Bytes  0.00 bits/sec                  
[  5] 598.48-599.02 sec  0.00 Bytes  0.00 bits/sec                  
[  5] 599.02-600.02 sec  0.00 Bytes  0.00 bits/sec                  
[  5] 600.02-601.00 sec  0.00 Bytes  0.00 bits/sec                  
[  5] 601.00-602.02 sec  0.00 Bytes  0.00 bits/sec                  
[  5] 602.02-603.00 sec  0.00 Bytes  0.00 bits/sec                  
[  5] 603.00-604.00 sec  1.41 KBytes  11.6 Kbits/sec                  
[  5] 604.00-605.00 sec  0.00 Bytes  0.00 bits/sec                  
[  5] 605.00-606.00 sec  2.83 KBytes  23.2 Kbits/sec                  
[  5] 606.00-607.00 sec  0.00 Bytes  0.00 bits/sec                  
[  5] 607.00-608.00 sec  11.3 KBytes  92.7 Kbits/sec                  
[  5] 608.00-609.00 sec  0.00 Bytes  0.00 bits/sec                  
[  5] 609.00-610.00 sec  0.00 Bytes  0.00 bits/sec                  
[  5] 610.00-611.00 sec   359 KBytes  2.94 Mbits/sec                  
[  5] 611.00-612.00 sec  0.00 Bytes  0.00 bits/sec                  
[  5] 612.00-613.00 sec  0.00 Bytes  0.00 bits/sec                  
[  5] 613.00-614.00 sec  1007 KBytes  8.25 Mbits/sec                  
[  5] 614.00-615.00 sec  96.2 KBytes   788 Kbits/sec                  
[  5] 615.00-616.00 sec  0.00 Bytes  0.00 bits/sec                  
[  5] 616.00-617.00 sec  0.00 Bytes  0.00 bits/sec                  
[  5] 617.00-618.02 sec  0.00 Bytes  0.00 bits/sec                  
[  5] 618.02-619.00 sec  0.00 Bytes  0.00 bits/sec                  
[  5] 619.00-620.00 sec   192 KBytes  1.58 Mbits/sec                  
[  5] 620.00-621.00 sec  0.00 Bytes  0.00 bits/sec                  
[  5] 621.00-622.00 sec  0.00 Bytes  0.00 bits/sec                  
[  5] 622.00-623.00 sec  0.00 Bytes  0.00 bits/sec                  
[  5] 623.00-624.00 sec  0.00 Bytes  0.00 bits/sec                  
[  5] 624.00-625.00 sec  0.00 Bytes  0.00 bits/sec                  
[  5] 625.00-626.00 sec  4.24 KBytes  34.8 Kbits/sec                  
[  5] 626.00-627.00 sec  22.6 KBytes   185 Kbits/sec                  
[  5] 627.00-628.00 sec  53.7 KBytes   440 Kbits/sec                  
[  5] 628.00-629.00 sec  58.0 KBytes   475 Kbits/sec                  
[  5] 629.00-630.00 sec  82.0 KBytes   672 Kbits/sec                  
[  5] 630.00-631.00 sec   182 KBytes  1.49 Mbits/sec                  
[  5] 631.00-632.00 sec   214 KBytes  1.75 Mbits/sec                  
[  5] 632.00-633.00 sec   189 KBytes  1.55 Mbits/sec                  
[  5] 633.00-634.00 sec   177 KBytes  1.45 Mbits/sec                  
[  5] 634.00-635.00 sec   171 KBytes  1.40 Mbits/sec                  
[  5] 635.00-636.00 sec   419 KBytes  3.43 Mbits/sec                  
[  5] 636.00-637.00 sec   134 KBytes  1.10 Mbits/sec                  
[  5] 637.00-638.00 sec  0.00 Bytes  0.00 bits/sec                  
[  5] 638.00-639.00 sec   259 KBytes  2.12 Mbits/sec                  
[  5] 639.00-640.00 sec   355 KBytes  2.91 Mbits/sec                  
[  5] 640.00-641.00 sec   324 KBytes  2.65 Mbits/sec                  
[  5] 641.00-642.00 sec  2.83 KBytes  23.1 Kbits/sec                  
[  5] 642.00-643.00 sec   385 KBytes  3.15 Mbits/sec                  
[  5] 643.00-644.00 sec  62.2 KBytes   510 Kbits/sec                  
[  5] 644.00-645.00 sec  0.00 Bytes  0.00 bits/sec                  
[  5] 645.00-646.00 sec   283 KBytes  2.32 Mbits/sec                  
[  5] 646.00-647.00 sec   195 KBytes  1.60 Mbits/sec                  
[  5] 647.00-648.00 sec   617 KBytes  5.05 Mbits/sec                  
[  5] 648.00-649.00 sec   365 KBytes  2.99 Mbits/sec                  
[  5] 649.00-650.00 sec   329 KBytes  2.70 Mbits/sec                  
[  5] 650.00-651.00 sec   363 KBytes  2.98 Mbits/sec                  
[  5] 651.00-652.00 sec   362 KBytes  2.97 Mbits/sec                  
[  5] 652.00-653.00 sec   369 KBytes  3.02 Mbits/sec                  
[  5] 653.00-654.03 sec   334 KBytes  2.66 Mbits/sec                  
[  5] 654.03-655.00 sec   468 KBytes  3.94 Mbits/sec                  
[  5] 655.00-656.00 sec   472 KBytes  3.87 Mbits/sec                  
[  5] 656.00-657.00 sec   535 KBytes  4.38 Mbits/sec                  
[  5] 657.00-658.00 sec   587 KBytes  4.81 Mbits/sec                  
[  5] 658.00-659.00 sec   646 KBytes  5.29 Mbits/sec                  
[  5] 659.00-660.00 sec   696 KBytes  5.70 Mbits/sec                  
[  5] 660.00-661.00 sec   786 KBytes  6.44 Mbits/sec                  
[  5] 661.00-662.23 sec   495 KBytes  3.30 Mbits/sec                  
[  5] 662.23-663.02 sec  0.00 Bytes  0.00 bits/sec                  
[  5] 663.02-664.00 sec   748 KBytes  6.24 Mbits/sec                  
[  5] 664.00-665.00 sec   352 KBytes  2.89 Mbits/sec                  
[  5] 665.00-666.00 sec   877 KBytes  7.18 Mbits/sec                  
[  5] 666.00-667.00 sec   839 KBytes  6.86 Mbits/sec                  
[  5] 667.00-668.09 sec   690 KBytes  5.18 Mbits/sec                  
[  5] 668.09-669.00 sec   498 KBytes  4.49 Mbits/sec                  
[  5] 669.00-670.00 sec   749 KBytes  6.14 Mbits/sec                  
[  5] 670.00-671.00 sec   935 KBytes  7.66 Mbits/sec                  
[  5] 671.00-672.00 sec   921 KBytes  7.54 Mbits/sec                  
[  5] 672.00-673.00 sec   936 KBytes  7.67 Mbits/sec                  
[  5] 673.00-674.00 sec   921 KBytes  7.52 Mbits/sec                  
[  5] 674.00-675.00 sec   652 KBytes  5.34 Mbits/sec                  
[  5] 675.00-676.00 sec   887 KBytes  7.28 Mbits/sec                  
[  5] 676.00-677.00 sec   540 KBytes  4.41 Mbits/sec                  
[  5] 677.00-678.00 sec   991 KBytes  8.14 Mbits/sec                  
[  5] 678.00-679.00 sec   905 KBytes  7.41 Mbits/sec                  
[  5] 679.00-680.00 sec   913 KBytes  7.48 Mbits/sec                  
[  5] 680.00-681.00 sec   901 KBytes  7.38 Mbits/sec                  
[  5] 681.00-682.00 sec   860 KBytes  7.04 Mbits/sec                  
[  5] 682.00-683.00 sec   878 KBytes  7.20 Mbits/sec                  
[  5] 683.00-684.00 sec   885 KBytes  7.24 Mbits/sec                  
[  5] 684.00-685.00 sec   711 KBytes  5.84 Mbits/sec                  
[  5] 685.00-686.00 sec   868 KBytes  7.11 Mbits/sec                  
[  5] 686.00-687.00 sec   870 KBytes  7.11 Mbits/sec                  
[  5] 687.00-688.00 sec   880 KBytes  7.22 Mbits/sec                  
[  5] 688.00-689.00 sec   836 KBytes  6.85 Mbits/sec                  
[  5] 689.00-690.00 sec   771 KBytes  6.31 Mbits/sec                  
[  5] 690.00-691.00 sec   860 KBytes  7.04 Mbits/sec                  
[  5] 691.00-692.00 sec   747 KBytes  6.12 Mbits/sec                  
[  5] 692.00-693.00 sec  0.00 Bytes  0.00 bits/sec                  
[  5] 693.00-694.00 sec  0.00 Bytes  0.00 bits/sec                  
[  5] 694.00-695.00 sec  0.00 Bytes  0.00 bits/sec                  
[  5] 695.00-696.00 sec  0.00 Bytes  0.00 bits/sec                  
[  5] 696.00-697.00 sec  2.83 KBytes  23.2 Kbits/sec                  
[  5] 697.00-698.00 sec  0.00 Bytes  0.00 bits/sec                  
[  5] 698.00-699.02 sec  0.00 Bytes  0.00 bits/sec                  
[  5] 699.02-700.00 sec  0.00 Bytes  0.00 bits/sec                  
[  5] 700.00-701.00 sec  0.00 Bytes  0.00 bits/sec                  
[  5] 701.00-702.00 sec  0.00 Bytes  0.00 bits/sec                  
[  5] 702.00-703.00 sec   146 KBytes  1.19 Mbits/sec                  
[  5] 703.00-704.03 sec   723 KBytes  5.75 Mbits/sec                  
[  5] 704.03-705.00 sec   754 KBytes  6.35 Mbits/sec                  
[  5] 705.00-706.00 sec   658 KBytes  5.39 Mbits/sec                  
[  5] 706.00-707.03 sec   669 KBytes  5.31 Mbits/sec                  
[  5] 707.03-708.00 sec   349 KBytes  2.96 Mbits/sec                  
[  5] 708.00-709.00 sec  0.00 Bytes  0.00 bits/sec                  
[  5] 709.00-710.03 sec  0.00 Bytes  0.00 bits/sec                  
[  5] 710.03-711.00 sec  0.00 Bytes  0.00 bits/sec                  
[  5] 711.00-712.00 sec  0.00 Bytes  0.00 bits/sec                  
[  5] 712.00-713.00 sec  0.00 Bytes  0.00 bits/sec                  
[  5] 713.00-714.00 sec   437 KBytes  3.58 Mbits/sec                  
[  5] 714.00-715.02 sec   728 KBytes  5.84 Mbits/sec                  
[  5] 715.02-716.02 sec  1.18 MBytes  9.92 Mbits/sec                  
[  5] 716.02-717.00 sec  0.00 Bytes  0.00 bits/sec                  
[  5] 717.00-718.00 sec  0.00 Bytes  0.00 bits/sec                  
[  5] 718.00-719.00 sec  0.00 Bytes  0.00 bits/sec                  
[  5] 719.00-720.00 sec  0.00 Bytes  0.00 bits/sec                  
[  5] 720.00-721.00 sec  0.00 Bytes  0.00 bits/sec                  
[  5] 721.00-722.00 sec  4.30 MBytes  36.1 Mbits/sec                  
[  5] 722.00-723.00 sec   861 KBytes  7.06 Mbits/sec                  
[  5] 723.00-724.00 sec   761 KBytes  6.23 Mbits/sec                  
[  5] 724.00-725.00 sec   885 KBytes  7.26 Mbits/sec                  
[  5] 725.00-726.09 sec   535 KBytes  4.00 Mbits/sec                  
[  5] 726.09-727.00 sec  94.7 KBytes   853 Kbits/sec                  
[  5] 727.00-728.00 sec   803 KBytes  6.59 Mbits/sec                  
[  5] 728.00-729.00 sec   871 KBytes  7.15 Mbits/sec                  
[  5] 729.00-730.00 sec   881 KBytes  7.22 Mbits/sec                  
[  5] 730.00-731.00 sec   887 KBytes  7.26 Mbits/sec                  
[  5] 731.00-732.00 sec   814 KBytes  6.67 Mbits/sec                  
[  5] 732.00-733.02 sec   802 KBytes  6.44 Mbits/sec                  
[  5] 733.02-734.00 sec   697 KBytes  5.82 Mbits/sec                  
[  5] 734.00-735.00 sec   745 KBytes  6.11 Mbits/sec                  
[  5] 735.00-736.00 sec   669 KBytes  5.48 Mbits/sec                  
[  5] 736.00-737.00 sec   659 KBytes  5.40 Mbits/sec                  
[  5] 737.00-738.00 sec   827 KBytes  6.77 Mbits/sec                  
[  5] 738.00-739.00 sec   605 KBytes  4.96 Mbits/sec                  
[  5] 739.00-740.00 sec  1003 KBytes  8.21 Mbits/sec                  
[  5] 740.00-741.00 sec   888 KBytes  7.27 Mbits/sec                  
[  5] 741.00-742.13 sec   547 KBytes  3.98 Mbits/sec                  
[  5] 742.13-743.00 sec   848 KBytes  7.96 Mbits/sec                  
[  5] 743.00-744.00 sec   902 KBytes  7.39 Mbits/sec                  
[  5] 744.00-745.00 sec   880 KBytes  7.21 Mbits/sec                  
[  5] 745.00-746.00 sec   878 KBytes  7.19 Mbits/sec                  
[  5] 746.00-747.00 sec   781 KBytes  6.39 Mbits/sec                  
[  5] 747.00-748.00 sec   834 KBytes  6.84 Mbits/sec                  
[  5] 748.00-749.00 sec   889 KBytes  7.28 Mbits/sec                  
[  5] 749.00-750.00 sec  28.3 KBytes   232 Kbits/sec                  
[  5] 750.00-751.00 sec  0.00 Bytes  0.00 bits/sec                  
[  5] 751.00-752.00 sec  0.00 Bytes  0.00 bits/sec                  
[  5] 752.00-753.00 sec  0.00 Bytes  0.00 bits/sec                  
[  5] 753.00-754.01 sec  4.24 KBytes  34.6 Kbits/sec                  
[  5] 754.01-755.00 sec  99.0 KBytes   816 Kbits/sec                  
[  5] 755.00-756.00 sec   584 KBytes  4.79 Mbits/sec                  
[  5] 756.00-757.00 sec   670 KBytes  5.49 Mbits/sec                  
[  5] 757.00-758.00 sec   583 KBytes  4.77 Mbits/sec                  
[  5] 758.00-759.00 sec   748 KBytes  6.13 Mbits/sec                  
[  5] 759.00-760.00 sec   639 KBytes  5.23 Mbits/sec                  
[  5] 760.00-761.00 sec   658 KBytes  5.39 Mbits/sec                  
[  5] 761.00-762.00 sec   523 KBytes  4.29 Mbits/sec                  
[  5] 762.00-763.00 sec   598 KBytes  4.90 Mbits/sec                  
[  5] 763.00-764.00 sec   553 KBytes  4.53 Mbits/sec                  
[  5] 764.00-765.00 sec   457 KBytes  3.74 Mbits/sec                  
[  5] 765.00-766.00 sec   479 KBytes  3.93 Mbits/sec                  
[  5] 766.00-767.01 sec   327 KBytes  2.66 Mbits/sec                  
[  5] 767.01-768.00 sec   523 KBytes  4.31 Mbits/sec                  
[  5] 768.00-769.00 sec   532 KBytes  4.36 Mbits/sec                  
[  5] 769.00-770.00 sec   325 KBytes  2.66 Mbits/sec                  
[  5] 770.00-771.00 sec   288 KBytes  2.36 Mbits/sec                  
[  5] 771.00-772.00 sec   397 KBytes  3.25 Mbits/sec                  
[  5] 772.00-773.00 sec   467 KBytes  3.82 Mbits/sec                  
[  5] 773.00-774.00 sec   393 KBytes  3.22 Mbits/sec                  
[  5] 774.00-775.00 sec   342 KBytes  2.80 Mbits/sec                  
[  5] 775.00-776.00 sec   352 KBytes  2.89 Mbits/sec                  
[  5] 776.00-777.00 sec   520 KBytes  4.25 Mbits/sec                  
[  5] 777.00-778.00 sec   404 KBytes  3.32 Mbits/sec                  
[  5] 778.00-779.00 sec   499 KBytes  4.09 Mbits/sec                  
[  5] 779.00-780.00 sec   373 KBytes  3.06 Mbits/sec                  
[  5] 780.00-781.00 sec   378 KBytes  3.09 Mbits/sec                  
[  5] 781.00-782.00 sec   327 KBytes  2.67 Mbits/sec                  
[  5] 782.00-783.00 sec   344 KBytes  2.82 Mbits/sec                  
[  5] 783.00-784.00 sec   368 KBytes  3.01 Mbits/sec                  
[  5] 784.00-785.00 sec   532 KBytes  4.36 Mbits/sec                  
[  5] 785.00-786.00 sec   532 KBytes  4.36 Mbits/sec                  
[  5] 786.00-787.00 sec   341 KBytes  2.79 Mbits/sec                  
[  5] 787.00-788.00 sec   358 KBytes  2.93 Mbits/sec                  
[  5] 788.00-789.00 sec   313 KBytes  2.56 Mbits/sec                  
[  5] 789.00-790.00 sec   516 KBytes  4.23 Mbits/sec                  
[  5] 790.00-791.00 sec   437 KBytes  3.58 Mbits/sec                  
[  5] 791.00-792.00 sec   313 KBytes  2.56 Mbits/sec                  
[  5] 792.00-793.00 sec   397 KBytes  3.25 Mbits/sec                  
[  5] 793.00-794.00 sec   407 KBytes  3.34 Mbits/sec                  
[  5] 794.00-795.00 sec   472 KBytes  3.87 Mbits/sec                  
[  5] 795.00-796.00 sec   404 KBytes  3.31 Mbits/sec                  
[  5] 796.00-797.00 sec   471 KBytes  3.85 Mbits/sec                  
[  5] 797.00-798.00 sec   404 KBytes  3.31 Mbits/sec                  
[  5] 798.00-799.07 sec   341 KBytes  2.60 Mbits/sec                  
[  5] 799.07-800.00 sec   447 KBytes  3.95 Mbits/sec                  
[  5] 800.00-801.00 sec   489 KBytes  4.01 Mbits/sec                  
[  5] 801.00-802.00 sec   341 KBytes  2.78 Mbits/sec                  
[  5] 802.00-803.00 sec   404 KBytes  3.32 Mbits/sec                  
[  5] 803.00-804.00 sec   341 KBytes  2.79 Mbits/sec                  
[  5] 804.00-805.00 sec   458 KBytes  3.75 Mbits/sec                  
[  5] 805.00-806.00 sec   414 KBytes  3.39 Mbits/sec                  
[  5] 806.00-807.00 sec   404 KBytes  3.31 Mbits/sec                  
[  5] 807.00-808.00 sec   505 KBytes  4.14 Mbits/sec                  
[  5] 808.00-809.00 sec   509 KBytes  4.17 Mbits/sec                  
[  5] 809.00-810.00 sec   416 KBytes  3.41 Mbits/sec                  
[  5] 810.00-811.00 sec   385 KBytes  3.15 Mbits/sec                  
[  5] 811.00-812.00 sec   515 KBytes  4.21 Mbits/sec                  
[  5] 812.00-813.00 sec   404 KBytes  3.32 Mbits/sec                  
[  5] 813.00-814.00 sec   532 KBytes  4.36 Mbits/sec                  
[  5] 814.00-815.00 sec   403 KBytes  3.30 Mbits/sec                  
[  5] 815.00-816.00 sec   209 KBytes  1.71 Mbits/sec                  
[  5] 816.00-817.00 sec   451 KBytes  3.70 Mbits/sec                  
[  5] 817.00-818.00 sec   532 KBytes  4.35 Mbits/sec                  
[  5] 818.00-819.00 sec   341 KBytes  2.79 Mbits/sec                  
[  5] 819.00-820.00 sec   320 KBytes  2.62 Mbits/sec                  
[  5] 820.00-821.00 sec   549 KBytes  4.49 Mbits/sec                  
[  5] 821.00-822.00 sec   404 KBytes  3.31 Mbits/sec                  
[  5] 822.00-823.00 sec   468 KBytes  3.84 Mbits/sec                  
[  5] 823.00-824.00 sec   433 KBytes  3.54 Mbits/sec                  
[  5] 824.00-825.00 sec   329 KBytes  2.70 Mbits/sec                  
[  5] 825.00-826.00 sec   341 KBytes  2.79 Mbits/sec                  
[  5] 826.00-827.00 sec   321 KBytes  2.63 Mbits/sec                  
[  5] 827.00-828.00 sec   532 KBytes  4.35 Mbits/sec                  
[  5] 828.00-829.00 sec   349 KBytes  2.86 Mbits/sec                  
[  5] 829.00-830.00 sec   390 KBytes  3.20 Mbits/sec                  
[  5] 830.00-831.00 sec   471 KBytes  3.85 Mbits/sec                  
[  5] 831.00-832.00 sec   433 KBytes  3.55 Mbits/sec                  
[  5] 832.00-833.00 sec   327 KBytes  2.68 Mbits/sec                  
[  5] 833.00-834.04 sec   174 KBytes  1.37 Mbits/sec                  
[  5] 834.04-835.00 sec   532 KBytes  4.53 Mbits/sec                  
[  5] 835.00-836.00 sec   274 KBytes  2.25 Mbits/sec                  
[  5] 836.00-837.00 sec   314 KBytes  2.57 Mbits/sec                  
[  5] 837.00-838.00 sec   495 KBytes  4.05 Mbits/sec                  
[  5] 838.00-839.00 sec   468 KBytes  3.83 Mbits/sec                  
[  5] 839.00-840.00 sec   532 KBytes  4.35 Mbits/sec                  
[  5] 840.00-841.00 sec   468 KBytes  3.84 Mbits/sec                  
[  5] 841.00-842.00 sec   436 KBytes  3.57 Mbits/sec                  
[  5] 842.00-843.00 sec   430 KBytes  3.52 Mbits/sec                  
[  5] 843.00-844.00 sec   354 KBytes  2.90 Mbits/sec                  
[  5] 844.00-845.00 sec   380 KBytes  3.12 Mbits/sec                  
[  5] 845.00-846.00 sec   475 KBytes  3.89 Mbits/sec                  
[  5] 846.00-847.00 sec   341 KBytes  2.79 Mbits/sec                  
[  5] 847.00-848.00 sec   404 KBytes  3.31 Mbits/sec                  
[  5] 848.00-849.00 sec   532 KBytes  4.36 Mbits/sec                  
[  5] 849.00-850.00 sec   532 KBytes  4.36 Mbits/sec                  
[  5] 850.00-851.03 sec   245 KBytes  1.95 Mbits/sec                  
[  5] 851.03-852.00 sec   232 KBytes  1.96 Mbits/sec                  
[  5] 852.00-853.00 sec   523 KBytes  4.28 Mbits/sec                  
[  5] 853.00-854.00 sec   341 KBytes  2.79 Mbits/sec                  
[  5] 854.00-855.00 sec   363 KBytes  2.97 Mbits/sec                  
[  5] 855.00-856.00 sec   332 KBytes  2.73 Mbits/sec                  
[  5] 856.00-857.00 sec   368 KBytes  3.01 Mbits/sec                  
[  5] 857.00-858.14 sec   532 KBytes  3.83 Mbits/sec                  
[  5] 858.14-859.00 sec   228 KBytes  2.16 Mbits/sec                  
[  5] 859.00-860.00 sec   438 KBytes  3.59 Mbits/sec                  
[  5] 860.00-861.00 sec   397 KBytes  3.25 Mbits/sec                  
[  5] 861.00-862.00 sec   461 KBytes  3.78 Mbits/sec                  
[  5] 862.00-863.00 sec   337 KBytes  2.76 Mbits/sec                  
[  5] 863.00-864.00 sec   375 KBytes  3.07 Mbits/sec                  
[  5] 864.00-865.00 sec   423 KBytes  3.45 Mbits/sec                  
[  5] 865.00-866.00 sec   344 KBytes  2.82 Mbits/sec                  
[  5] 866.00-867.00 sec   341 KBytes  2.79 Mbits/sec                  
[  5] 867.00-868.00 sec   404 KBytes  3.31 Mbits/sec                  
[  5] 868.00-869.00 sec   468 KBytes  3.83 Mbits/sec                  
[  5] 869.00-870.00 sec   532 KBytes  4.36 Mbits/sec                  
[  5] 870.00-871.01 sec   355 KBytes  2.89 Mbits/sec                  
[  5] 871.01-872.00 sec   255 KBytes  2.10 Mbits/sec                  
[  5] 872.00-873.16 sec   390 KBytes  2.77 Mbits/sec                  
[  5] 873.16-874.23 sec  0.00 Bytes  0.00 bits/sec                  
[  5] 874.23-875.00 sec  89.1 KBytes   950 Kbits/sec                  
[  5] 875.00-876.00 sec   443 KBytes  3.62 Mbits/sec                  
[  5] 876.00-877.01 sec   222 KBytes  1.81 Mbits/sec                  
[  5] 877.01-878.00 sec   182 KBytes  1.50 Mbits/sec                  
[  5] 878.00-879.00 sec   222 KBytes  1.82 Mbits/sec                  
[  5] 879.00-880.00 sec   313 KBytes  2.56 Mbits/sec                  
[  5] 880.00-881.00 sec   311 KBytes  2.55 Mbits/sec                  
[  5] 881.00-882.00 sec   293 KBytes  2.40 Mbits/sec                  
[  5] 882.00-883.00 sec   341 KBytes  2.79 Mbits/sec                  
[  5] 883.00-884.00 sec   329 KBytes  2.70 Mbits/sec                  
[  5] 884.00-885.00 sec   266 KBytes  2.18 Mbits/sec                  
[  5] 885.00-886.00 sec   266 KBytes  2.18 Mbits/sec                  
[  5] 886.00-887.03 sec   117 KBytes   931 Kbits/sec                  
[  5] 887.03-888.00 sec   223 KBytes  1.89 Mbits/sec                  
[  5] 888.00-890.04 sec   266 KBytes  1.07 Mbits/sec                  
[  5] 890.04-890.04 sec  0.00 Bytes  0.00 bits/sec                  
[  5] 890.04-891.00 sec   103 KBytes   884 Kbits/sec                  
[  5] 891.00-892.00 sec   163 KBytes  1.33 Mbits/sec                  
[  5] 892.00-893.00 sec   209 KBytes  1.72 Mbits/sec                  
[  5] 893.00-894.00 sec  4.24 KBytes  34.8 Kbits/sec                  
[  5] 894.00-895.00 sec   266 KBytes  2.18 Mbits/sec                  
[  5] 895.00-896.00 sec  89.1 KBytes   729 Kbits/sec                  
[  5] 896.00-897.00 sec  49.5 KBytes   406 Kbits/sec                  
[  5] 897.00-898.00 sec  70.7 KBytes   579 Kbits/sec                  
[  5] 898.00-899.00 sec  0.00 Bytes  0.00 bits/sec                  
[  5] 899.00-900.00 sec  0.00 Bytes  0.00 bits/sec                  
[  5] 900.00-901.00 sec  0.00 Bytes  0.00 bits/sec                  
[  5] 901.00-902.00 sec   279 KBytes  2.28 Mbits/sec                  
[  5] 902.00-903.00 sec  7.07 KBytes  57.9 Kbits/sec                  
[  5] 903.00-904.00 sec  0.00 Bytes  0.00 bits/sec                  
[  5] 904.00-905.00 sec  0.00 Bytes  0.00 bits/sec                  
[  5] 905.00-906.00 sec  0.00 Bytes  0.00 bits/sec                  
[  5] 906.00-907.00 sec  0.00 Bytes  0.00 bits/sec                  
[  5] 907.00-908.00 sec  1.41 KBytes  11.6 Kbits/sec                  
[  5] 908.00-909.00 sec  8.48 KBytes  69.5 Kbits/sec                  
[  5] 909.00-910.00 sec  0.00 Bytes  0.00 bits/sec                  
[  5] 910.00-911.00 sec  0.00 Bytes  0.00 bits/sec                  
[  5] 911.00-912.00 sec  12.7 KBytes   104 Kbits/sec                  
[  5] 912.00-913.00 sec  0.00 Bytes  0.00 bits/sec                  
[  5] 913.00-914.00 sec  0.00 Bytes  0.00 bits/sec                  
[  5] 914.00-915.00 sec  29.7 KBytes   243 Kbits/sec                  
[  5] 915.00-916.00 sec  0.00 Bytes  0.00 bits/sec                  
[  5] 916.00-917.00 sec  0.00 Bytes  0.00 bits/sec                  
[  5] 917.00-918.00 sec  18.4 KBytes   151 Kbits/sec                  
[  5] 918.00-919.00 sec  0.00 Bytes  0.00 bits/sec                  
[  5] 919.00-920.00 sec  0.00 Bytes  0.00 bits/sec                  
[  5] 920.00-921.00 sec  0.00 Bytes  0.00 bits/sec                  
[  5] 921.00-922.00 sec  0.00 Bytes  0.00 bits/sec                  
[  5] 922.00-923.00 sec  0.00 Bytes  0.00 bits/sec                  
[  5] 923.00-924.00 sec  0.00 Bytes  0.00 bits/sec                  
[  5] 924.00-925.00 sec  2.83 KBytes  23.2 Kbits/sec                  
[  5] 925.00-926.00 sec   650 KBytes  5.33 Mbits/sec                  
[  5] 926.00-927.00 sec   136 KBytes  1.11 Mbits/sec                  
[  5] 927.00-928.09 sec   109 KBytes   818 Kbits/sec                  
[  5] 928.09-929.00 sec  33.9 KBytes   306 Kbits/sec                  
[  5] 929.00-930.00 sec  0.00 Bytes  0.00 bits/sec                  
[  5] 930.00-931.00 sec   144 KBytes  1.18 Mbits/sec                  
[  5] 931.00-932.00 sec  5.66 KBytes  46.3 Kbits/sec                  
[  5] 932.00-933.00 sec  1.41 KBytes  11.6 Kbits/sec                  
[  5] 933.00-934.00 sec   164 KBytes  1.34 Mbits/sec                  
[  5] 934.00-935.00 sec  4.24 KBytes  34.8 Kbits/sec                  
[  5] 935.00-936.00 sec  0.00 Bytes  0.00 bits/sec                  
[  5] 936.00-937.00 sec   167 KBytes  1.37 Mbits/sec                  
[  5] 937.00-938.00 sec  89.1 KBytes   729 Kbits/sec                  
[  5] 938.00-939.00 sec  0.00 Bytes  0.00 bits/sec                  
[  5] 939.00-940.00 sec  5.66 KBytes  46.4 Kbits/sec                  
[  5] 940.00-941.00 sec  0.00 Bytes  0.00 bits/sec                  
[  5] 941.00-942.00 sec  0.00 Bytes  0.00 bits/sec                  
[  5] 942.00-943.00 sec  17.0 KBytes   139 Kbits/sec                  
[  5] 943.00-944.00 sec  0.00 Bytes  0.00 bits/sec                  
[  5] 944.00-945.00 sec  0.00 Bytes  0.00 bits/sec                  
[  5] 945.00-946.00 sec  0.00 Bytes  0.00 bits/sec                  
[  5] 946.00-947.00 sec  0.00 Bytes  0.00 bits/sec                  
[  5] 947.00-948.00 sec  0.00 Bytes  0.00 bits/sec                  
[  5] 948.00-949.00 sec  0.00 Bytes  0.00 bits/sec                  
[  5] 949.00-950.00 sec  4.24 KBytes  34.8 Kbits/sec                  
[  5] 950.00-951.00 sec  0.00 Bytes  0.00 bits/sec                  
[  5] 951.00-952.01 sec   180 KBytes  1.46 Mbits/sec                  
[  5] 952.01-953.19 sec  0.00 Bytes  0.00 bits/sec                  
[  5] 953.19-954.00 sec  0.00 Bytes  0.00 bits/sec                  
[  5] 954.00-955.00 sec  0.00 Bytes  0.00 bits/sec                  
[  5] 955.00-956.04 sec   430 KBytes  3.38 Mbits/sec                  
[  5] 956.04-957.00 sec   156 KBytes  1.33 Mbits/sec                  
[  5] 957.00-958.01 sec  0.00 Bytes  0.00 bits/sec                  
[  5] 958.01-959.00 sec   103 KBytes   854 Kbits/sec                  
[  5] 959.00-960.00 sec   163 KBytes  1.33 Mbits/sec                  
[  5] 960.00-961.00 sec  0.00 Bytes  0.00 bits/sec                  
[  5] 961.00-962.00 sec  0.00 Bytes  0.00 bits/sec                  
[  5] 962.00-963.00 sec  0.00 Bytes  0.00 bits/sec                  
[  5] 963.00-964.00 sec  0.00 Bytes  0.00 bits/sec                  
[  5] 964.00-965.00 sec  19.8 KBytes   162 Kbits/sec                  
[  5] 965.00-966.00 sec  0.00 Bytes  0.00 bits/sec                  
[  5] 966.00-967.00 sec  0.00 Bytes  0.00 bits/sec                  
[  5] 967.00-968.00 sec  0.00 Bytes  0.00 bits/sec                  
[  5] 968.00-969.00 sec  0.00 Bytes  0.00 bits/sec                  
[  5] 969.00-970.00 sec  0.00 Bytes  0.00 bits/sec                  
[  5] 970.00-971.00 sec  0.00 Bytes  0.00 bits/sec                  
[  5] 971.00-972.00 sec  0.00 Bytes  0.00 bits/sec                  
[  5] 972.00-973.00 sec  0.00 Bytes  0.00 bits/sec                  
[  5] 973.00-974.00 sec  25.5 KBytes   209 Kbits/sec                  
[  5] 974.00-975.00 sec  0.00 Bytes  0.00 bits/sec                  
[  5] 975.00-976.00 sec  0.00 Bytes  0.00 bits/sec                  
[  5] 976.00-977.00 sec   245 KBytes  2.00 Mbits/sec                  
[  5] 977.00-978.00 sec  0.00 Bytes  0.00 bits/sec                  
[  5] 978.00-979.00 sec   406 KBytes  3.33 Mbits/sec                  
[  5] 979.00-980.00 sec   116 KBytes   949 Kbits/sec                  
[  5] 980.00-981.00 sec  0.00 Bytes  0.00 bits/sec                  
[  5] 981.00-982.00 sec  1.41 KBytes  11.6 Kbits/sec                  
[  5] 982.00-983.00 sec  0.00 Bytes  0.00 bits/sec                  
[  5] 983.00-984.00 sec  0.00 Bytes  0.00 bits/sec                  
[  5] 984.00-985.00 sec  0.00 Bytes  0.00 bits/sec                  
[  5] 985.00-986.00 sec  0.00 Bytes  0.00 bits/sec                  
[  5] 986.00-987.00 sec  0.00 Bytes  0.00 bits/sec                  
[  5] 987.00-988.00 sec  0.00 Bytes  0.00 bits/sec                  
[  5] 988.00-989.00 sec  0.00 Bytes  0.00 bits/sec                  
[  5] 989.00-990.00 sec  0.00 Bytes  0.00 bits/sec                  
[  5] 990.00-991.00 sec  28.3 KBytes   232 Kbits/sec                  
[  5] 991.00-992.00 sec  0.00 Bytes  0.00 bits/sec                  
[  5] 992.00-993.00 sec  0.00 Bytes  0.00 bits/sec                  
[  5] 993.00-994.00 sec   580 KBytes  4.77 Mbits/sec                  
[  5] 994.00-995.00 sec  15.6 KBytes   127 Kbits/sec                  
[  5] 995.00-996.00 sec  0.00 Bytes  0.00 bits/sec                  
[  5] 996.00-997.00 sec   219 KBytes  1.80 Mbits/sec                  
[  5] 997.00-998.00 sec  1.41 KBytes  11.6 Kbits/sec                  
[  5] 998.00-999.00 sec   123 KBytes  1.01 Mbits/sec                  
[  5] 999.00-1000.00 sec   146 KBytes  1.19 Mbits/sec                  
[  5] 1000.00-1001.00 sec  18.4 KBytes   151 Kbits/sec                  
[  5] 1001.00-1002.00 sec  0.00 Bytes  0.00 bits/sec                  
[  5] 1002.00-1003.00 sec  2.83 KBytes  23.2 Kbits/sec                  
[  5] 1003.00-1004.00 sec  0.00 Bytes  0.00 bits/sec                  
[  5] 1004.00-1005.00 sec  1.41 KBytes  11.6 Kbits/sec                  
[  5] 1005.00-1006.00 sec  0.00 Bytes  0.00 bits/sec                  
[  5] 1006.00-1007.00 sec  0.00 Bytes  0.00 bits/sec                  
[  5] 1007.00-1008.00 sec  0.00 Bytes  0.00 bits/sec                  
[  5] 1008.00-1009.00 sec  0.00 Bytes  0.00 bits/sec                  
[  5] 1009.00-1010.00 sec  0.00 Bytes  0.00 bits/sec                  
[  5] 1010.00-1011.00 sec  0.00 Bytes  0.00 bits/sec                  
[  5] 1011.00-1012.00 sec  0.00 Bytes  0.00 bits/sec                  
[  5] 1012.00-1013.01 sec  11.3 KBytes  92.0 Kbits/sec                  
[  5] 1013.01-1014.00 sec  0.00 Bytes  0.00 bits/sec                  
[  5] 1014.00-1015.00 sec  0.00 Bytes  0.00 bits/sec                  
[  5] 1015.00-1016.00 sec   146 KBytes  1.19 Mbits/sec                  
[  5] 1016.00-1017.00 sec  0.00 Bytes  0.00 bits/sec                  
[  5] 1017.00-1018.00 sec   379 KBytes  3.11 Mbits/sec                  
[  5] 1018.00-1019.00 sec  91.9 KBytes   750 Kbits/sec                  
[  5] 1019.00-1020.00 sec   277 KBytes  2.28 Mbits/sec                  
[  5] 1020.00-1021.00 sec   345 KBytes  2.83 Mbits/sec                  
[  5] 1021.00-1022.00 sec   260 KBytes  2.13 Mbits/sec                  
[  5] 1022.00-1023.00 sec   315 KBytes  2.58 Mbits/sec                  
[  5] 1023.00-1024.00 sec   332 KBytes  2.71 Mbits/sec                  
[  5] 1024.00-1025.10 sec   365 KBytes  2.72 Mbits/sec                  
[  5] 1025.10-1026.00 sec   366 KBytes  3.35 Mbits/sec                  
[  5] 1026.00-1027.00 sec   206 KBytes  1.69 Mbits/sec                  
[  5] 1027.00-1028.00 sec   310 KBytes  2.53 Mbits/sec                  
[  5] 1028.00-1029.00 sec   461 KBytes  3.76 Mbits/sec                  
[  5] 1029.00-1030.04 sec   240 KBytes  1.91 Mbits/sec                  
[  5] 1030.04-1031.01 sec  87.7 KBytes   742 Kbits/sec                  
[  5] 1031.01-1032.02 sec   219 KBytes  1.77 Mbits/sec                  
[  5] 1032.02-1033.01 sec   488 KBytes  4.01 Mbits/sec                  
[  5] 1033.01-1034.10 sec   191 KBytes  1.44 Mbits/sec                  
[  5] 1034.10-1035.00 sec   331 KBytes  3.02 Mbits/sec                  
[  5] 1035.00-1036.00 sec   170 KBytes  1.39 Mbits/sec                  
[  5] 1036.00-1037.00 sec   370 KBytes  3.03 Mbits/sec                  
[  5] 1037.00-1038.00 sec   341 KBytes  2.79 Mbits/sec                  
[  5] 1038.00-1039.00 sec   341 KBytes  2.80 Mbits/sec                  
[  5] 1039.00-1040.01 sec   266 KBytes  2.16 Mbits/sec                  
[  5] 1040.01-1041.01 sec   397 KBytes  3.26 Mbits/sec                  
[  5] 1041.01-1042.01 sec   400 KBytes  3.27 Mbits/sec                  
[  5] 1042.01-1043.01 sec   266 KBytes  2.18 Mbits/sec                  
[  5] 1043.01-1044.10 sec   120 KBytes   902 Kbits/sec                  
[  5] 1044.10-1045.00 sec   221 KBytes  2.01 Mbits/sec                  
[  5] 1045.00-1046.00 sec   266 KBytes  2.18 Mbits/sec                  
[  5] 1046.00-1047.00 sec   344 KBytes  2.80 Mbits/sec                  
[  5] 1047.00-1048.00 sec   322 KBytes  2.65 Mbits/sec                  
[  5] 1048.00-1049.02 sec   301 KBytes  2.42 Mbits/sec                  
[  5] 1049.02-1050.00 sec   235 KBytes  1.96 Mbits/sec                  
[  5] 1050.00-1051.00 sec   264 KBytes  2.17 Mbits/sec                  
[  5] 1051.00-1052.02 sec   235 KBytes  1.89 Mbits/sec                  
[  5] 1052.02-1053.00 sec   274 KBytes  2.29 Mbits/sec                  
[  5] 1053.00-1054.04 sec   177 KBytes  1.39 Mbits/sec                  
[  5] 1054.04-1055.04 sec   219 KBytes  1.80 Mbits/sec                  
[  5] 1055.04-1056.04 sec   370 KBytes  3.03 Mbits/sec                  
[  5] 1056.04-1057.06 sec   208 KBytes  1.68 Mbits/sec                  
[  5] 1057.06-1058.04 sec   180 KBytes  1.49 Mbits/sec                  
[  5] 1058.04-1059.05 sec   262 KBytes  2.13 Mbits/sec                  
[  5] 1059.05-1060.00 sec   146 KBytes  1.25 Mbits/sec                  
[  5] 1060.00-1061.02 sec   291 KBytes  2.35 Mbits/sec                  
[  5] 1061.02-1062.00 sec   321 KBytes  2.67 Mbits/sec                  
[  5] 1062.00-1063.02 sec   117 KBytes   947 Kbits/sec                  
[  5] 1063.02-1064.00 sec   223 KBytes  1.86 Mbits/sec                  
[  5] 1064.00-1065.01 sec   366 KBytes  2.99 Mbits/sec                  
[  5] 1065.01-1066.00 sec   554 KBytes  4.56 Mbits/sec                  
[  5] 1066.00-1067.01 sec   310 KBytes  2.51 Mbits/sec                  
[  5] 1067.01-1068.00 sec   404 KBytes  3.35 Mbits/sec                  
[  5] 1068.00-1069.00 sec   280 KBytes  2.29 Mbits/sec                  
[  5] 1069.00-1070.00 sec   252 KBytes  2.06 Mbits/sec                  
[  5] 1070.00-1071.01 sec   253 KBytes  2.05 Mbits/sec                  
[  5] 1071.01-1072.00 sec   215 KBytes  1.78 Mbits/sec                  
[  5] 1072.00-1073.01 sec   407 KBytes  3.32 Mbits/sec                  
[  5] 1073.01-1074.01 sec  94.7 KBytes   776 Kbits/sec                  
[  5] 1074.01-1075.04 sec   509 KBytes  4.03 Mbits/sec                  
[  5] 1075.04-1076.01 sec  26.9 KBytes   227 Kbits/sec                  
[  5] 1076.01-1077.00 sec   505 KBytes  4.18 Mbits/sec                  
[  5] 1077.00-1078.00 sec  0.00 Bytes  0.00 bits/sec                  
[  5] 1078.00-1079.00 sec   400 KBytes  3.28 Mbits/sec                  
[  5] 1079.00-1080.00 sec   195 KBytes  1.60 Mbits/sec                  
[  5] 1080.00-1081.00 sec   332 KBytes  2.72 Mbits/sec                  
[  5] 1081.00-1082.00 sec  86.3 KBytes   706 Kbits/sec                  
[  5] 1082.00-1083.00 sec   532 KBytes  4.36 Mbits/sec                  
[  5] 1083.00-1084.00 sec   264 KBytes  2.16 Mbits/sec                  
[  5] 1084.00-1085.01 sec   267 KBytes  2.18 Mbits/sec                  
[  5] 1085.01-1086.00 sec   133 KBytes  1.09 Mbits/sec                  
[  5] 1086.00-1087.00 sec   399 KBytes  3.27 Mbits/sec                  
[  5] 1087.00-1088.00 sec   115 KBytes   939 Kbits/sec                  
[  5] 1088.00-1089.14 sec   322 KBytes  2.31 Mbits/sec                  
[  5] 1089.14-1090.00 sec  42.4 KBytes   406 Kbits/sec                  
[  5] 1090.00-1091.00 sec   334 KBytes  2.73 Mbits/sec                  
[  5] 1091.00-1092.04 sec   184 KBytes  1.45 Mbits/sec                  
[  5] 1092.04-1093.01 sec  14.1 KBytes   120 Kbits/sec                  
[  5] 1093.01-1094.01 sec   532 KBytes  4.37 Mbits/sec                  
[  5] 1094.01-1095.04 sec  0.00 Bytes  0.00 bits/sec                  
[  5] 1095.04-1096.49 sec   341 KBytes  1.92 Mbits/sec                  
[  5] 1096.49-1097.00 sec   139 KBytes  2.23 Mbits/sec                  
[  5] 1097.00-1098.05 sec   170 KBytes  1.32 Mbits/sec                  
[  5] 1098.05-1099.00 sec   236 KBytes  2.04 Mbits/sec                  
[  5] 1099.00-1100.01 sec   129 KBytes  1.04 Mbits/sec                  
[  5] 1100.01-1101.01 sec   434 KBytes  3.58 Mbits/sec                  
[  5] 1101.01-1102.01 sec   187 KBytes  1.53 Mbits/sec                  
[  5] 1102.01-1103.00 sec   334 KBytes  2.76 Mbits/sec                  
[  5] 1103.00-1104.00 sec   235 KBytes  1.92 Mbits/sec                  
[  5] 1104.00-1105.01 sec   304 KBytes  2.47 Mbits/sec                  
[  5] 1105.01-1106.00 sec   266 KBytes  2.20 Mbits/sec                  
[  5] 1106.00-1107.00 sec   204 KBytes  1.67 Mbits/sec                  
[  5] 1107.00-1108.00 sec   276 KBytes  2.26 Mbits/sec                  
[  5] 1108.00-1109.00 sec   433 KBytes  3.55 Mbits/sec                  
[  5] 1109.00-1110.01 sec   122 KBytes   984 Kbits/sec                  
[  5] 1110.01-1111.00 sec   491 KBytes  4.07 Mbits/sec                  
[  5] 1111.00-1112.00 sec   144 KBytes  1.18 Mbits/sec                  
[  5] 1112.00-1113.00 sec   428 KBytes  3.51 Mbits/sec                  
[  5] 1113.00-1114.01 sec  94.7 KBytes   769 Kbits/sec                  
[  5] 1114.01-1115.05 sec   437 KBytes  3.45 Mbits/sec                  
[  5] 1115.05-1116.01 sec  0.00 Bytes  0.00 bits/sec                  
[  5] 1116.01-1117.01 sec   468 KBytes  3.80 Mbits/sec                  
[  5] 1117.01-1118.01 sec  2.83 KBytes  23.3 Kbits/sec                  
[  5] 1118.01-1119.07 sec   369 KBytes  2.84 Mbits/sec                  
[  5] 1119.07-1120.00 sec   160 KBytes  1.41 Mbits/sec                  
[  5] 1120.00-1121.01 sec   266 KBytes  2.16 Mbits/sec                  
[  5] 1121.01-1122.00 sec   266 KBytes  2.20 Mbits/sec                  
[  5] 1122.00-1123.01 sec   201 KBytes  1.63 Mbits/sec                  
[  5] 1123.01-1124.02 sec   331 KBytes  2.69 Mbits/sec                  
[  5] 1124.02-1125.01 sec  67.9 KBytes   561 Kbits/sec                  
[  5] 1125.01-1126.01 sec   337 KBytes  2.75 Mbits/sec                  
[  5] 1126.01-1127.12 sec  0.00 Bytes  0.00 bits/sec                  
[  5] 1127.12-1128.00 sec  31.1 KBytes   288 Kbits/sec                  
[  5] 1128.00-1129.02 sec  60.8 KBytes   490 Kbits/sec                  
[  5] 1129.02-1130.00 sec   321 KBytes  2.67 Mbits/sec                  
[  5] 1130.00-1131.01 sec  66.5 KBytes   542 Kbits/sec                  
[  5] 1131.01-1132.00 sec  83.4 KBytes   687 Kbits/sec                  
[  5] 1132.00-1133.01 sec   257 KBytes  2.10 Mbits/sec                  
[  5] 1133.01-1134.00 sec   120 KBytes   991 Kbits/sec                  
[  5] 1134.00-1135.00 sec  58.0 KBytes   474 Kbits/sec                  
[  5] 1135.00-1136.00 sec   301 KBytes  2.47 Mbits/sec                  
[  5] 1136.00-1137.00 sec  0.00 Bytes  0.00 bits/sec                  
[  5] 1137.00-1138.00 sec  0.00 Bytes  0.00 bits/sec                  
[  5] 1138.00-1139.00 sec  0.00 Bytes  0.00 bits/sec                  
[  5] 1139.00-1140.00 sec   137 KBytes  1.13 Mbits/sec                  
[  5] 1140.00-1141.00 sec  0.00 Bytes  0.00 bits/sec                  
[  5] 1141.00-1142.00 sec  0.00 Bytes  0.00 bits/sec                  
[  5] 1142.00-1143.00 sec  0.00 Bytes  0.00 bits/sec                  
[  5] 1143.00-1144.00 sec  0.00 Bytes  0.00 bits/sec                  
[  5] 1144.00-1145.01 sec  0.00 Bytes  0.00 bits/sec                  
[  5] 1145.01-1146.00 sec  0.00 Bytes  0.00 bits/sec                  
[  5] 1146.00-1147.14 sec  0.00 Bytes  0.00 bits/sec                  
[  5] 1147.14-1148.01 sec  0.00 Bytes  0.00 bits/sec                  
[  5] 1148.01-1149.00 sec  0.00 Bytes  0.00 bits/sec                  
[  5] 1149.00-1150.00 sec  0.00 Bytes  0.00 bits/sec                  
[  5] 1150.00-1151.05 sec  0.00 Bytes  0.00 bits/sec                  
[  5] 1151.05-1152.00 sec  1.41 KBytes  12.1 Kbits/sec                  
[  5] 1152.00-1153.00 sec  0.00 Bytes  0.00 bits/sec                  
[  5] 1153.00-1154.01 sec  0.00 Bytes  0.00 bits/sec                  
[  5] 1154.01-1155.00 sec  0.00 Bytes  0.00 bits/sec                  
[  5] 1155.00-1156.00 sec  0.00 Bytes  0.00 bits/sec                  
[  5] 1156.00-1157.00 sec  0.00 Bytes  0.00 bits/sec                  
[  5] 1157.00-1158.00 sec  0.00 Bytes  0.00 bits/sec                  
[  5] 1158.00-1159.00 sec  0.00 Bytes  0.00 bits/sec                  
[  5] 1159.00-1160.00 sec  1.41 KBytes  11.6 Kbits/sec                  
[  5] 1160.00-1161.00 sec  29.7 KBytes   243 Kbits/sec                  
[  5] 1161.00-1162.00 sec  18.4 KBytes   151 Kbits/sec                  
[  5] 1162.00-1163.00 sec  9.90 KBytes  81.1 Kbits/sec                  
[  5] 1163.00-1164.00 sec  8.48 KBytes  69.5 Kbits/sec                  
[  5] 1164.00-1165.00 sec  15.6 KBytes   127 Kbits/sec                  
[  5] 1165.00-1166.00 sec  7.07 KBytes  57.9 Kbits/sec                  
[  5] 1166.00-1167.00 sec  15.6 KBytes   127 Kbits/sec                  
[  5] 1167.00-1168.00 sec  9.90 KBytes  81.1 Kbits/sec                  
[  5] 1168.00-1169.00 sec  1.41 KBytes  11.5 Kbits/sec                  
[  5] 1169.00-1170.00 sec  8.48 KBytes  69.7 Kbits/sec                  
[  5] 1170.00-1171.00 sec  14.1 KBytes   116 Kbits/sec                  
[  5] 1171.00-1172.00 sec  0.00 Bytes  0.00 bits/sec                  
[  5] 1172.00-1173.00 sec  0.00 Bytes  0.00 bits/sec                  
[  5] 1173.00-1174.00 sec  15.6 KBytes   127 Kbits/sec                  
[  5] 1174.00-1175.00 sec  0.00 Bytes  0.00 bits/sec                  
[  5] 1175.00-1176.00 sec  0.00 Bytes  0.00 bits/sec                  
[  5] 1176.00-1177.00 sec  5.66 KBytes  46.4 Kbits/sec                  
[  5] 1177.00-1178.00 sec  1.41 KBytes  11.6 Kbits/sec                  
[  5] 1178.00-1179.00 sec  0.00 Bytes  0.00 bits/sec                  
[  5] 1179.00-1180.00 sec  0.00 Bytes  0.00 bits/sec                  
[  5] 1180.00-1181.02 sec  21.2 KBytes   171 Kbits/sec                  
[  5] 1181.02-1182.01 sec  0.00 Bytes  0.00 bits/sec                  
[  5] 1182.01-1183.00 sec  12.7 KBytes   105 Kbits/sec                  
[  5] 1183.00-1184.05 sec  0.00 Bytes  0.00 bits/sec                  
[  5] 1184.05-1185.00 sec  0.00 Bytes  0.00 bits/sec                  
[  5] 1185.00-1186.01 sec  9.90 KBytes  80.6 Kbits/sec                  
[  5] 1186.01-1187.00 sec  0.00 Bytes  0.00 bits/sec                  
[  5] 1187.00-1188.00 sec  12.7 KBytes   104 Kbits/sec                  
[  5] 1188.00-1189.07 sec  0.00 Bytes  0.00 bits/sec                  
[  5] 1189.07-1190.00 sec  9.90 KBytes  87.2 Kbits/sec                  
[  5] 1190.00-1191.00 sec  0.00 Bytes  0.00 bits/sec                  
[  5] 1191.00-1192.00 sec  9.90 KBytes  81.0 Kbits/sec                  
[  5] 1192.00-1193.00 sec  7.07 KBytes  58.0 Kbits/sec                  
[  5] 1193.00-1194.00 sec  9.90 KBytes  81.1 Kbits/sec                  
[  5] 1194.00-1195.00 sec  1.41 KBytes  11.6 Kbits/sec                  
[  5] 1195.00-1196.00 sec  8.48 KBytes  69.5 Kbits/sec                  
[  5] 1196.00-1197.00 sec  0.00 Bytes  0.00 bits/sec                  
[  5] 1197.00-1198.00 sec  5.66 KBytes  46.6 Kbits/sec                  
[  5] 1198.00-1199.00 sec  7.07 KBytes  57.9 Kbits/sec                  
[  5] 1199.00-1200.00 sec  7.07 KBytes  58.0 Kbits/sec                  
[  5] 1200.00-1201.00 sec  5.66 KBytes  46.3 Kbits/sec                  
[  5] 1201.00-1202.00 sec  0.00 Bytes  0.00 bits/sec                  
[  5] 1202.00-1203.04 sec  1.41 KBytes  11.1 Kbits/sec                  
[  5] 1203.04-1204.00 sec  8.48 KBytes  72.7 Kbits/sec                  
[  5] 1204.00-1205.00 sec  0.00 Bytes  0.00 bits/sec                  
[  5] 1205.00-1206.01 sec  1.41 KBytes  11.5 Kbits/sec                  
[  5] 1206.01-1207.00 sec  14.1 KBytes   117 Kbits/sec                  
[  5] 1207.00-1208.00 sec  0.00 Bytes  0.00 bits/sec                  
[  5] 1208.00-1209.00 sec  1.41 KBytes  11.6 Kbits/sec                  
[  5] 1209.00-1210.00 sec  5.66 KBytes  46.4 Kbits/sec                  
[  5] 1210.00-1211.00 sec  0.00 Bytes  0.00 bits/sec                  
[  5] 1211.00-1212.00 sec  0.00 Bytes  0.00 bits/sec                  
[  5] 1212.00-1213.00 sec  4.24 KBytes  34.8 Kbits/sec                  
[  5] 1213.00-1214.00 sec   137 KBytes  1.12 Mbits/sec                  
[  5] 1214.00-1215.00 sec  0.00 Bytes  0.00 bits/sec                  
[  5] 1215.00-1216.00 sec  4.24 KBytes  34.7 Kbits/sec                  
[  5] 1216.00-1217.00 sec  2.83 KBytes  23.2 Kbits/sec                  
[  5] 1217.00-1218.00 sec  7.07 KBytes  57.9 Kbits/sec                  
[  5] 1218.00-1219.38 sec  8.48 KBytes  50.6 Kbits/sec                  
[  5] 1219.38-1220.10 sec  0.00 Bytes  0.00 bits/sec                  
[  5] 1220.10-1221.00 sec  1.41 KBytes  12.8 Kbits/sec                  
[  5] 1221.00-1222.00 sec  7.07 KBytes  57.9 Kbits/sec                  
[  5] 1222.00-1223.00 sec  32.5 KBytes   266 Kbits/sec                  
[  5] 1223.00-1224.00 sec  5.66 KBytes  46.3 Kbits/sec                  
[  5] 1224.00-1225.00 sec  8.48 KBytes  69.5 Kbits/sec                  
[  5] 1225.00-1226.00 sec  0.00 Bytes  0.00 bits/sec                  
[  5] 1226.00-1227.00 sec  0.00 Bytes  0.00 bits/sec                  
[  5] 1227.00-1228.05 sec  1.41 KBytes  11.1 Kbits/sec                  
[  5] 1228.05-1229.01 sec  11.3 KBytes  96.8 Kbits/sec                  
[  5] 1229.01-1230.00 sec  0.00 Bytes  0.00 bits/sec                  
[  5] 1230.00-1231.00 sec  1.41 KBytes  11.6 Kbits/sec                  
[  5] 1231.00-1232.16 sec  17.0 KBytes   120 Kbits/sec                  
[  5] 1232.16-1233.00 sec  0.00 Bytes  0.00 bits/sec                  
[  5] 1233.00-1234.00 sec  2.83 KBytes  23.2 Kbits/sec                  
[  5] 1234.00-1235.00 sec  14.1 KBytes   116 Kbits/sec                  
[  5] 1235.00-1236.01 sec  0.00 Bytes  0.00 bits/sec                  
[  5] 1236.01-1237.00 sec  1.41 KBytes  11.6 Kbits/sec                  
[  5] 1237.00-1238.00 sec  0.00 Bytes  0.00 bits/sec                  
[  5] 1238.00-1239.00 sec  0.00 Bytes  0.00 bits/sec                  
[  5] 1239.00-1240.00 sec  0.00 Bytes  0.00 bits/sec                  
[  5] 1240.00-1241.00 sec  0.00 Bytes  0.00 bits/sec                  
[  5] 1241.00-1242.00 sec  0.00 Bytes  0.00 bits/sec                  
[  5] 1242.00-1243.00 sec  0.00 Bytes  0.00 bits/sec                  
[  5] 1243.00-1244.00 sec  0.00 Bytes  0.00 bits/sec                  
[  5] 1244.00-1245.00 sec  0.00 Bytes  0.00 bits/sec                  
[  5] 1245.00-1246.00 sec   232 KBytes  1.90 Mbits/sec                  
[  5] 1246.00-1247.00 sec  0.00 Bytes  0.00 bits/sec                  
[  5] 1247.00-1248.00 sec  77.8 KBytes   637 Kbits/sec                  
[  5] 1248.00-1249.01 sec  0.00 Bytes  0.00 bits/sec                  
[  5] 1249.01-1250.00 sec  80.6 KBytes   664 Kbits/sec                  
[  5] 1250.00-1251.00 sec  0.00 Bytes  0.00 bits/sec                  
[  5] 1251.00-1252.00 sec  42.4 KBytes   349 Kbits/sec                  
[  5] 1252.00-1253.00 sec  42.4 KBytes   347 Kbits/sec                  
[  5] 1253.00-1254.00 sec  0.00 Bytes  0.00 bits/sec                  
[  5] 1254.00-1255.00 sec   100 KBytes   823 Kbits/sec                  
[  5] 1255.00-1256.00 sec  28.3 KBytes   232 Kbits/sec                  
[  5] 1256.00-1257.00 sec  0.00 Bytes  0.00 bits/sec                  
[  5] 1257.00-1258.00 sec  0.00 Bytes  0.00 bits/sec                  
[  5] 1258.00-1259.00 sec  0.00 Bytes  0.00 bits/sec                  
[  5] 1259.00-1260.00 sec  0.00 Bytes  0.00 bits/sec                  
[  5] 1260.00-1261.00 sec  0.00 Bytes  0.00 bits/sec                  
[  5] 1261.00-1262.00 sec  1.41 KBytes  11.6 Kbits/sec                  
[  5] 1262.00-1263.00 sec  0.00 Bytes  0.00 bits/sec                  
[  5] 1263.00-1264.00 sec  0.00 Bytes  0.00 bits/sec                  
[  5] 1264.00-1265.00 sec  0.00 Bytes  0.00 bits/sec                  
[  5] 1265.00-1266.00 sec  0.00 Bytes  0.00 bits/sec                  
[  5] 1266.00-1267.00 sec  0.00 Bytes  0.00 bits/sec                  
[  5] 1267.00-1268.00 sec   286 KBytes  2.34 Mbits/sec                  
[  5] 1268.00-1269.00 sec   177 KBytes  1.45 Mbits/sec                  
[  5] 1269.00-1270.00 sec   120 KBytes   983 Kbits/sec                  
[  5] 1270.00-1271.00 sec  22.6 KBytes   186 Kbits/sec                  
[  5] 1271.00-1272.00 sec  12.7 KBytes   104 Kbits/sec                  
[  5] 1272.00-1273.01 sec  39.6 KBytes   322 Kbits/sec                  
[  5] 1273.01-1274.00 sec  74.9 KBytes   618 Kbits/sec                  
[  5] 1274.00-1275.00 sec  32.5 KBytes   266 Kbits/sec                  
[  5] 1275.00-1276.00 sec  12.7 KBytes   104 Kbits/sec                  
[  5] 1276.00-1277.05 sec  0.00 Bytes  0.00 bits/sec                  
[  5] 1277.05-1278.00 sec  0.00 Bytes  0.00 bits/sec                  
[  5] 1278.00-1279.00 sec  0.00 Bytes  0.00 bits/sec                  
[  5] 1279.00-1280.00 sec  12.7 KBytes   104 Kbits/sec                  
[  5] 1280.00-1281.00 sec  0.00 Bytes  0.00 bits/sec                  
[  5] 1281.00-1282.00 sec  0.00 Bytes  0.00 bits/sec                  
[  5] 1282.00-1283.00 sec  0.00 Bytes  0.00 bits/sec                  
[  5] 1283.00-1284.00 sec  0.00 Bytes  0.00 bits/sec                  
[  5] 1284.00-1285.00 sec  0.00 Bytes  0.00 bits/sec                  
[  5] 1285.00-1286.00 sec  0.00 Bytes  0.00 bits/sec                  
[  5] 1286.00-1287.00 sec   850 KBytes  6.97 Mbits/sec                  
[  5] 1287.00-1288.00 sec   380 KBytes  3.12 Mbits/sec                  
[  5] 1288.00-1289.01 sec   342 KBytes  2.78 Mbits/sec                  
[  5] 1289.01-1290.00 sec   409 KBytes  3.38 Mbits/sec                  
[  5] 1290.00-1291.00 sec   407 KBytes  3.34 Mbits/sec                  
[  5] 1291.00-1292.00 sec   321 KBytes  2.63 Mbits/sec                  
[  5] 1292.00-1293.00 sec   287 KBytes  2.35 Mbits/sec                  
[  5] 1293.00-1294.00 sec   300 KBytes  2.46 Mbits/sec                  
[  5] 1294.00-1295.00 sec   349 KBytes  2.86 Mbits/sec                  
[  5] 1295.00-1296.00 sec   354 KBytes  2.90 Mbits/sec                  
[  5] 1296.00-1297.00 sec   198 KBytes  1.62 Mbits/sec                  
[  5] 1297.00-1298.00 sec   195 KBytes  1.60 Mbits/sec                  
[  5] 1298.00-1299.00 sec   185 KBytes  1.52 Mbits/sec                  
[  5] 1299.00-1300.01 sec   177 KBytes  1.44 Mbits/sec                  
[  5] 1300.01-1301.00 sec   221 KBytes  1.81 Mbits/sec                  
[  5] 1301.00-1302.00 sec   134 KBytes  1.10 Mbits/sec                  
[  5] 1302.00-1303.00 sec   214 KBytes  1.75 Mbits/sec                  
[  5] 1303.00-1304.01 sec   266 KBytes  2.17 Mbits/sec                  
[  5] 1304.01-1305.01 sec  55.1 KBytes   449 Kbits/sec                  
[  5] 1305.01-1306.02 sec  19.8 KBytes   161 Kbits/sec                  
[  5] 1306.02-1307.00 sec  0.00 Bytes  0.00 bits/sec                  
[  5] 1307.00-1308.00 sec   298 KBytes  2.44 Mbits/sec                  
[  5] 1308.00-1309.00 sec   170 KBytes  1.39 Mbits/sec                  
[  5] 1309.00-1310.00 sec  0.00 Bytes  0.00 bits/sec                  
[  5] 1310.00-1311.00 sec  0.00 Bytes  0.00 bits/sec                  
[  5] 1311.00-1312.00 sec   139 KBytes  1.14 Mbits/sec                  
[  5] 1312.00-1313.02 sec  80.6 KBytes   651 Kbits/sec                  
[  5] 1313.02-1314.00 sec  0.00 Bytes  0.00 bits/sec                  
[  5] 1314.00-1315.00 sec  0.00 Bytes  0.00 bits/sec                  
[  5] 1315.00-1316.00 sec  0.00 Bytes  0.00 bits/sec                  
[  5] 1316.00-1317.01 sec   177 KBytes  1.44 Mbits/sec                  
[  5] 1317.01-1318.02 sec  0.00 Bytes  0.00 bits/sec                  
[  5] 1318.02-1319.03 sec  0.00 Bytes  0.00 bits/sec                  
[  5] 1319.03-1320.00 sec  0.00 Bytes  0.00 bits/sec                  
[  5] 1320.00-1321.00 sec  0.00 Bytes  0.00 bits/sec                  
[  5] 1321.00-1322.00 sec  0.00 Bytes  0.00 bits/sec                  
[  5] 1322.00-1323.00 sec  0.00 Bytes  0.00 bits/sec                  
[  5] 1323.00-1324.00 sec  0.00 Bytes  0.00 bits/sec                  
[  5] 1324.00-1325.00 sec  0.00 Bytes  0.00 bits/sec                  
[  5] 1325.00-1326.02 sec  4.24 KBytes  34.3 Kbits/sec                  
[  5] 1326.02-1327.01 sec  0.00 Bytes  0.00 bits/sec                  
[  5] 1327.01-1328.00 sec  0.00 Bytes  0.00 bits/sec                  
[  5] 1328.00-1329.00 sec   634 KBytes  5.17 Mbits/sec                  
[  5] 1329.00-1330.00 sec  0.00 Bytes  0.00 bits/sec                  
[  5] 1330.00-1331.07 sec  0.00 Bytes  0.00 bits/sec                  
[  5] 1331.07-1332.00 sec  80.6 KBytes   712 Kbits/sec                  
[  5] 1332.00-1333.00 sec   318 KBytes  2.60 Mbits/sec                  
[  5] 1333.00-1334.00 sec  0.00 Bytes  0.00 bits/sec                  
[  5] 1334.00-1335.00 sec  0.00 Bytes  0.00 bits/sec                  
[  5] 1335.00-1336.00 sec   423 KBytes  3.47 Mbits/sec                  
[  5] 1336.00-1337.00 sec  76.4 KBytes   625 Kbits/sec                  
[  5] 1337.00-1338.00 sec  0.00 Bytes  0.00 bits/sec                  
[  5] 1338.00-1339.00 sec  0.00 Bytes  0.00 bits/sec                  
[  5] 1339.00-1340.00 sec  17.0 KBytes   139 Kbits/sec                  
[  5] 1340.00-1341.00 sec  0.00 Bytes  0.00 bits/sec                  
[  5] 1341.00-1342.00 sec  0.00 Bytes  0.00 bits/sec                  
[  5] 1342.00-1343.00 sec   116 KBytes   950 Kbits/sec                  
[  5] 1343.00-1344.06 sec  90.5 KBytes   703 Kbits/sec                  
[  5] 1344.06-1345.00 sec  0.00 Bytes  0.00 bits/sec                  
[  5] 1345.00-1346.00 sec  0.00 Bytes  0.00 bits/sec                  
[  5] 1346.00-1347.01 sec  0.00 Bytes  0.00 bits/sec                  
[  5] 1347.01-1348.01 sec  0.00 Bytes  0.00 bits/sec                  
[  5] 1348.01-1349.23 sec  0.00 Bytes  0.00 bits/sec                  
[  5] 1349.23-1350.07 sec  0.00 Bytes  0.00 bits/sec                  
[  5] 1350.07-1351.02 sec  0.00 Bytes  0.00 bits/sec                  
[  5] 1351.02-1352.02 sec  1.41 KBytes  11.6 Kbits/sec                  
[  5] 1352.02-1353.01 sec   509 KBytes  4.18 Mbits/sec                  
[  5] 1353.01-1354.02 sec   578 KBytes  4.73 Mbits/sec                  
[  5] 1354.02-1355.02 sec  52.3 KBytes   428 Kbits/sec                  
[  5] 1355.02-1356.18 sec  9.90 KBytes  70.0 Kbits/sec                  
[  5] 1356.18-1357.02 sec  63.6 KBytes   621 Kbits/sec                  
[  5] 1357.02-1358.07 sec  62.2 KBytes   482 Kbits/sec                  
[  5] 1358.07-1359.02 sec  21.2 KBytes   183 Kbits/sec                  
[  5] 1359.02-1360.43 sec  39.6 KBytes   231 Kbits/sec                  
[  5] 1360.43-1361.12 sec  0.00 Bytes  0.00 bits/sec                  
[  5] 1361.12-1362.08 sec  60.8 KBytes   517 Kbits/sec                  
[  5] 1362.08-1363.02 sec   198 KBytes  1.73 Mbits/sec                  
[  5] 1363.02-1364.02 sec   122 KBytes   990 Kbits/sec                  
[  5] 1364.02-1365.02 sec  50.9 KBytes   417 Kbits/sec                  
[  5] 1365.02-1365.42 sec  28.3 KBytes   578 Kbits/sec                  
- - - - - - - - - - - - - - - - - - - - - - - - -
[ ID] Interval           Transfer     Bandwidth
[  5]   0.00-1365.42 sec  0.00 Bytes  0.00 bits/sec                  sender
[  5]   0.00-1365.42 sec   198 MBytes  1.22 Mbits/sec                  receiver
