Connecting to host 10.0.0.2, port 5202
[  4] local 10.0.0.1 port 46112 connected to 10.0.0.2 port 5202
[ ID] Interval           Transfer     Bandwidth       Retr  Cwnd
[  4]   0.00-1.01   sec   390 KBytes  3.16 Mbits/sec    0   25.5 KBytes       
[  4]   1.01-2.00   sec   318 KBytes  2.63 Mbits/sec    0   38.2 KBytes       
[  4]   2.00-3.00   sec   382 KBytes  3.13 Mbits/sec    0   52.3 KBytes       
[  4]   3.00-4.00   sec   382 KBytes  3.13 Mbits/sec    0   66.5 KBytes       
[  4]   4.00-5.00   sec   318 KBytes  2.61 Mbits/sec    0   80.6 KBytes       
[  4]   5.00-6.00   sec   509 KBytes  4.17 Mbits/sec    0    116 KBytes       
[  4]   6.00-7.00   sec   573 KBytes  4.69 Mbits/sec    0    171 KBytes       
[  4]   7.00-8.01   sec   636 KBytes  5.19 Mbits/sec    0    238 KBytes       
[  4]   8.01-9.00   sec   764 KBytes  6.27 Mbits/sec    0    327 KBytes       
[  4]   9.00-10.00  sec   445 KBytes  3.66 Mbits/sec    2    362 KBytes       
[  4]  10.00-11.00  sec   255 KBytes  2.08 Mbits/sec    2    362 KBytes       
[  4]  11.00-12.00  sec   382 KBytes  3.12 Mbits/sec    0    363 KBytes       
[  4]  12.00-13.00  sec   318 KBytes  2.61 Mbits/sec    0    366 KBytes       
[  4]  13.00-14.00  sec   191 KBytes  1.56 Mbits/sec    0    370 KBytes       
[  4]  14.00-15.00  sec   318 KBytes  2.61 Mbits/sec    0    382 KBytes       
[  4]  15.00-16.00  sec   255 KBytes  2.08 Mbits/sec    0    403 KBytes       
[  4]  16.00-17.00  sec   382 KBytes  3.13 Mbits/sec    0    431 KBytes       
[  4]  17.00-18.00  sec   318 KBytes  2.61 Mbits/sec    0    467 KBytes       
[  4]  18.00-19.00  sec   700 KBytes  5.73 Mbits/sec    0    549 KBytes       
[  4]  19.00-20.00  sec  0.00 Bytes  0.00 bits/sec    6    533 KBytes       
[  4]  20.00-21.00  sec  0.00 Bytes  0.00 bits/sec   54    385 KBytes       
[  4]  21.00-22.00  sec  0.00 Bytes  0.00 bits/sec   21    385 KBytes       
[  4]  22.00-23.00  sec  63.6 KBytes   522 Kbits/sec   28    385 KBytes       
[  4]  23.00-24.00  sec   127 KBytes  1.04 Mbits/sec    6    385 KBytes       
[  4]  24.00-25.00  sec  0.00 Bytes  0.00 bits/sec    1   1.41 KBytes       
[  4]  25.00-26.00  sec  63.6 KBytes   521 Kbits/sec   15   21.2 KBytes       
[  4]  26.00-27.00  sec  0.00 Bytes  0.00 bits/sec    0   21.2 KBytes       
[  4]  27.00-28.00  sec   382 KBytes  3.13 Mbits/sec   18    205 KBytes       
[  4]  28.00-29.00  sec  0.00 Bytes  0.00 bits/sec    0    205 KBytes       
[  4]  29.00-30.00  sec   636 KBytes  5.21 Mbits/sec    0    238 KBytes       
[  4]  30.00-31.00  sec  0.00 Bytes  0.00 bits/sec    0    238 KBytes       
[  4]  31.00-32.00  sec   255 KBytes  2.09 Mbits/sec    0    249 KBytes       
[  4]  32.00-33.00  sec  0.00 Bytes  0.00 bits/sec    0    249 KBytes       
[  4]  33.00-34.00  sec   191 KBytes  1.56 Mbits/sec    0    313 KBytes       
[  4]  34.00-35.00  sec  0.00 Bytes  0.00 bits/sec    0    313 KBytes       
[  4]  35.00-36.00  sec  0.00 Bytes  0.00 bits/sec    0    313 KBytes       
[  4]  36.00-37.00  sec  0.00 Bytes  0.00 bits/sec   25    249 KBytes       
[  4]  37.00-38.00  sec  0.00 Bytes  0.00 bits/sec    2    245 KBytes       
[  4]  38.00-39.00  sec  0.00 Bytes  0.00 bits/sec   16    225 KBytes       
[  4]  39.00-40.00  sec  0.00 Bytes  0.00 bits/sec   15    225 KBytes       
[  4]  40.00-41.00  sec  0.00 Bytes  0.00 bits/sec    1   1.41 KBytes       
[  4]  41.00-42.00  sec   191 KBytes  1.56 Mbits/sec    4   45.2 KBytes       
[  4]  42.00-43.00  sec   764 KBytes  6.25 Mbits/sec    0    257 KBytes       
[  4]  43.00-44.00  sec   255 KBytes  2.09 Mbits/sec    0    272 KBytes       
[  4]  44.00-45.00  sec  0.00 Bytes  0.00 bits/sec    0    272 KBytes       
[  4]  45.00-46.00  sec   255 KBytes  2.09 Mbits/sec    0    284 KBytes       
[  4]  46.00-47.00  sec  0.00 Bytes  0.00 bits/sec    0    284 KBytes       
[  4]  47.00-48.00  sec   255 KBytes  2.09 Mbits/sec    0    348 KBytes       
[  4]  48.00-49.00  sec  0.00 Bytes  0.00 bits/sec    0    348 KBytes       
[  4]  49.00-50.00  sec   255 KBytes  2.09 Mbits/sec    0    475 KBytes       
[  4]  50.00-51.00  sec  63.6 KBytes   521 Kbits/sec    0    499 KBytes       
[  4]  51.00-52.00  sec  0.00 Bytes  0.00 bits/sec    0    499 KBytes       
[  4]  52.00-53.00  sec   573 KBytes  4.69 Mbits/sec   24    563 KBytes       
[  4]  53.00-54.00  sec  0.00 Bytes  0.00 bits/sec    0    563 KBytes       
[  4]  54.00-55.00  sec  0.00 Bytes  0.00 bits/sec  107    433 KBytes       
[  4]  55.00-56.00  sec  0.00 Bytes  0.00 bits/sec    0    433 KBytes       
[  4]  56.00-57.00  sec  0.00 Bytes  0.00 bits/sec   24    430 KBytes       
[  4]  57.00-58.00  sec  0.00 Bytes  0.00 bits/sec   40    433 KBytes       
[  4]  58.00-59.00  sec  0.00 Bytes  0.00 bits/sec    3   1.41 KBytes       
[  4]  59.00-60.00  sec  63.6 KBytes   521 Kbits/sec    0   1.41 KBytes       
[  4]  60.00-61.00  sec  0.00 Bytes  0.00 bits/sec    0   1.41 KBytes       
[  4]  61.00-62.00  sec  0.00 Bytes  0.00 bits/sec    1   1.41 KBytes       
[  4]  62.00-63.00  sec  0.00 Bytes  0.00 bits/sec    0   1.41 KBytes       
[  4]  63.00-64.00  sec  63.6 KBytes   521 Kbits/sec    0   90.5 KBytes       
[  4]  64.00-65.00  sec  0.00 Bytes  0.00 bits/sec    0   90.5 KBytes       
[  4]  65.00-66.00  sec  63.6 KBytes   521 Kbits/sec   64   90.5 KBytes       
[  4]  66.00-67.00  sec  0.00 Bytes  0.00 bits/sec    0   90.5 KBytes       
[  4]  67.00-68.00  sec   827 KBytes  6.77 Mbits/sec   26    462 KBytes       
[  4]  68.00-69.00  sec  0.00 Bytes  0.00 bits/sec    0    462 KBytes       
[  4]  69.00-70.00  sec   954 KBytes  7.81 Mbits/sec    0    506 KBytes       
[  4]  70.00-71.00  sec  0.00 Bytes  0.00 bits/sec    0    506 KBytes       
[  4]  71.00-72.00  sec  0.00 Bytes  0.00 bits/sec    2    508 KBytes       
[  4]  72.00-73.00  sec  0.00 Bytes  0.00 bits/sec   17    392 KBytes       
[  4]  73.00-74.00  sec  0.00 Bytes  0.00 bits/sec   70    359 KBytes       
[  4]  74.00-75.00  sec  0.00 Bytes  0.00 bits/sec    0    359 KBytes       
[  4]  75.00-76.00  sec  0.00 Bytes  0.00 bits/sec    1   1.41 KBytes       
[  4]  76.00-77.00  sec   127 KBytes  1.04 Mbits/sec    7   9.90 KBytes       
[  4]  77.00-78.00  sec  1.43 MBytes  12.0 Mbits/sec   52    416 KBytes       
[  4]  78.00-79.00  sec   382 KBytes  3.13 Mbits/sec    0    434 KBytes       
[  4]  79.00-80.00  sec   382 KBytes  3.13 Mbits/sec    0    452 KBytes       
[  4]  80.00-81.00  sec   191 KBytes  1.56 Mbits/sec    0    464 KBytes       
[  4]  81.00-82.00  sec   255 KBytes  2.08 Mbits/sec    0    479 KBytes       
[  4]  82.00-83.00  sec  0.00 Bytes  0.00 bits/sec   20    351 KBytes       
[  4]  83.00-84.00  sec   318 KBytes  2.60 Mbits/sec    3    335 KBytes       
[  4]  84.00-85.00  sec   509 KBytes  4.17 Mbits/sec   16    301 KBytes       
[  4]  85.00-86.00  sec  63.6 KBytes   521 Kbits/sec    2    235 KBytes       
[  4]  86.00-87.00  sec   827 KBytes  6.77 Mbits/sec    0    259 KBytes       
[  4]  87.00-88.00  sec  63.6 KBytes   521 Kbits/sec    0    263 KBytes       
[  4]  88.00-89.00  sec  63.6 KBytes   522 Kbits/sec    0    272 KBytes       
[  4]  89.00-90.00  sec  0.00 Bytes  0.00 bits/sec   14    189 KBytes       
[  4]  90.00-91.00  sec   573 KBytes  4.69 Mbits/sec    0    206 KBytes       
[  4]  91.00-92.00  sec   191 KBytes  1.57 Mbits/sec    0    235 KBytes       
[  4]  92.00-93.00  sec   255 KBytes  2.08 Mbits/sec    0    255 KBytes       
[  4]  93.00-94.00  sec   127 KBytes  1.04 Mbits/sec    0    263 KBytes       
[  4]  94.00-95.00  sec   191 KBytes  1.56 Mbits/sec    0    266 KBytes       
[  4]  95.00-96.00  sec   191 KBytes  1.56 Mbits/sec    0    269 KBytes       
[  4]  96.00-97.00  sec   255 KBytes  2.09 Mbits/sec    0    273 KBytes       
[  4]  97.00-98.00  sec   127 KBytes  1.04 Mbits/sec    0    279 KBytes       
[  4]  98.00-99.00  sec  0.00 Bytes  0.00 bits/sec    5    209 KBytes       
[  4]  99.00-100.00 sec   382 KBytes  3.13 Mbits/sec    0    205 KBytes       
[  4] 100.00-101.00 sec   255 KBytes  2.08 Mbits/sec    0    239 KBytes       
[  4] 101.00-102.00 sec   191 KBytes  1.56 Mbits/sec    0    260 KBytes       
[  4] 102.00-103.00 sec   255 KBytes  2.08 Mbits/sec    0    272 KBytes       
[  4] 103.00-104.00 sec   127 KBytes  1.04 Mbits/sec    0    274 KBytes       
[  4] 104.00-105.00 sec   191 KBytes  1.56 Mbits/sec    0    277 KBytes       
[  4] 105.00-106.00 sec  63.6 KBytes   521 Kbits/sec    3    232 KBytes       
[  4] 106.00-107.00 sec   318 KBytes  2.61 Mbits/sec    0    195 KBytes       
[  4] 107.00-108.00 sec   255 KBytes  2.08 Mbits/sec    0    232 KBytes       
[  4] 108.00-109.00 sec   255 KBytes  2.08 Mbits/sec    0    256 KBytes       
[  4] 109.00-110.00 sec   127 KBytes  1.04 Mbits/sec    0    266 KBytes       
[  4] 110.00-111.00 sec   191 KBytes  1.56 Mbits/sec    0    272 KBytes       
[  4] 111.00-112.00 sec   191 KBytes  1.56 Mbits/sec    0    276 KBytes       
[  4] 112.00-113.00 sec   127 KBytes  1.04 Mbits/sec    5    233 KBytes       
[  4] 113.00-114.00 sec  0.00 Bytes  0.00 bits/sec   10    194 KBytes       
[  4] 114.00-115.00 sec   445 KBytes  3.65 Mbits/sec    0    197 KBytes       
[  4] 115.00-116.00 sec   191 KBytes  1.56 Mbits/sec    0    214 KBytes       
[  4] 116.00-117.00 sec   191 KBytes  1.56 Mbits/sec    0    225 KBytes       
[  4] 117.00-118.00 sec   191 KBytes  1.56 Mbits/sec    0    230 KBytes       
[  4] 118.00-119.00 sec   255 KBytes  2.09 Mbits/sec    0    233 KBytes       
[  4] 119.00-120.00 sec   191 KBytes  1.56 Mbits/sec    0    236 KBytes       
[  4] 120.00-121.00 sec   191 KBytes  1.56 Mbits/sec    0    242 KBytes       
[  4] 121.00-122.00 sec   191 KBytes  1.56 Mbits/sec    0    255 KBytes       
[  4] 122.00-123.00 sec   191 KBytes  1.56 Mbits/sec    0    269 KBytes       
[  4] 123.00-124.00 sec   191 KBytes  1.56 Mbits/sec    0    298 KBytes       
[  4] 124.00-125.00 sec   255 KBytes  2.09 Mbits/sec    0    352 KBytes       
[  4] 125.00-126.00 sec   127 KBytes  1.04 Mbits/sec    8    369 KBytes       
[  4] 126.00-127.00 sec  0.00 Bytes  0.00 bits/sec   19    288 KBytes       
[  4] 127.00-128.00 sec   191 KBytes  1.56 Mbits/sec   14    286 KBytes       
[  4] 128.00-129.00 sec   573 KBytes  4.69 Mbits/sec    0    315 KBytes       
[  4] 129.00-130.00 sec   382 KBytes  3.13 Mbits/sec    0    352 KBytes       
[  4] 130.00-131.00 sec   255 KBytes  2.08 Mbits/sec    0    379 KBytes       
[  4] 131.00-132.00 sec   191 KBytes  1.56 Mbits/sec    5    361 KBytes       
[  4] 132.00-133.01 sec  0.00 Bytes  0.00 bits/sec    2    328 KBytes       
[  4] 133.01-134.01 sec   191 KBytes  1.56 Mbits/sec    6    273 KBytes       
[  4] 134.01-135.00 sec   573 KBytes  4.73 Mbits/sec    0    287 KBytes       
[  4] 135.00-136.00 sec   318 KBytes  2.61 Mbits/sec    0    310 KBytes       
[  4] 136.00-137.00 sec   255 KBytes  2.09 Mbits/sec    0    321 KBytes       
[  4] 137.00-138.00 sec   191 KBytes  1.56 Mbits/sec    0    327 KBytes       
[  4] 138.00-139.00 sec   255 KBytes  2.09 Mbits/sec    0    329 KBytes       
[  4] 139.00-140.00 sec   382 KBytes  3.13 Mbits/sec    0    332 KBytes       
[  4] 140.00-141.00 sec   382 KBytes  3.13 Mbits/sec    0    337 KBytes       
[  4] 141.00-142.00 sec   382 KBytes  3.12 Mbits/sec    0    346 KBytes       
[  4] 142.00-143.00 sec   445 KBytes  3.65 Mbits/sec    0    365 KBytes       
[  4] 143.00-144.00 sec   382 KBytes  3.13 Mbits/sec    0    396 KBytes       
[  4] 144.00-145.00 sec   382 KBytes  3.13 Mbits/sec    0    440 KBytes       
[  4] 145.00-146.00 sec   318 KBytes  2.61 Mbits/sec    0    502 KBytes       
[  4] 146.00-147.00 sec   318 KBytes  2.60 Mbits/sec    0    570 KBytes       
[  4] 147.00-148.00 sec   636 KBytes  5.22 Mbits/sec    0    658 KBytes       
[  4] 148.00-149.00 sec  1.12 MBytes  9.39 Mbits/sec    0    788 KBytes       
[  4] 149.00-150.00 sec   954 KBytes  7.82 Mbits/sec    0    901 KBytes       
[  4] 150.00-151.00 sec   255 KBytes  2.09 Mbits/sec   58    765 KBytes       
[  4] 151.00-152.00 sec  0.00 Bytes  0.00 bits/sec   76    659 KBytes       
[  4] 152.00-153.00 sec  0.00 Bytes  0.00 bits/sec   23    659 KBytes       
[  4] 153.00-154.00 sec  0.00 Bytes  0.00 bits/sec    0    659 KBytes       
[  4] 154.00-155.00 sec   127 KBytes  1.04 Mbits/sec    1   1.41 KBytes       
[  4] 155.00-156.00 sec  2.49 MBytes  20.8 Mbits/sec    0    740 KBytes       
[  4] 156.00-157.00 sec  0.00 Bytes  0.00 bits/sec    0    740 KBytes       
[  4] 157.00-158.00 sec  63.6 KBytes   521 Kbits/sec    0    757 KBytes       
[  4] 158.00-159.00 sec   318 KBytes  2.61 Mbits/sec    0    776 KBytes       
[  4] 159.00-160.00 sec   318 KBytes  2.61 Mbits/sec    0    792 KBytes       
[  4] 160.00-161.00 sec   318 KBytes  2.60 Mbits/sec    4    776 KBytes       
[  4] 161.00-162.00 sec  0.00 Bytes  0.00 bits/sec    0    643 KBytes       
[  4] 162.00-163.00 sec   891 KBytes  7.29 Mbits/sec    0    573 KBytes       
[  4] 163.00-164.00 sec   636 KBytes  5.21 Mbits/sec    0    675 KBytes       
[  4] 164.00-165.00 sec   318 KBytes  2.61 Mbits/sec    0    713 KBytes       
[  4] 165.00-166.00 sec   382 KBytes  3.13 Mbits/sec    0    749 KBytes       
[  4] 166.00-167.00 sec   445 KBytes  3.65 Mbits/sec    0    775 KBytes       
[  4] 167.00-168.00 sec   318 KBytes  2.61 Mbits/sec    0    786 KBytes       
[  4] 168.00-169.00 sec   127 KBytes  1.04 Mbits/sec    0    790 KBytes       
[  4] 169.00-170.00 sec   255 KBytes  2.08 Mbits/sec    0    796 KBytes       
[  4] 170.00-171.00 sec   127 KBytes  1.04 Mbits/sec   59    656 KBytes       
[  4] 171.00-172.00 sec  0.00 Bytes  0.00 bits/sec  120    557 KBytes       
[  4] 172.00-173.00 sec  0.00 Bytes  0.00 bits/sec   97    477 KBytes       
[  4] 173.00-174.00 sec  0.00 Bytes  0.00 bits/sec    0    501 KBytes       
[  4] 174.00-175.00 sec  0.00 Bytes  0.00 bits/sec   50    482 KBytes       
[  4] 175.00-176.00 sec  0.00 Bytes  0.00 bits/sec    4   1.41 KBytes       
[  4] 176.00-177.00 sec  0.00 Bytes  0.00 bits/sec    0   1.41 KBytes       
[  4] 177.00-178.00 sec  0.00 Bytes  0.00 bits/sec    0   1.41 KBytes       
[  4] 178.00-179.01 sec  0.00 Bytes  0.00 bits/sec    0   1.41 KBytes       
[  4] 179.01-180.01 sec  0.00 Bytes  0.00 bits/sec    1   1.41 KBytes       
[  4] 180.01-181.01 sec  0.00 Bytes  0.00 bits/sec    0   1.41 KBytes       
[  4] 181.01-182.00 sec  0.00 Bytes  0.00 bits/sec    0   1.41 KBytes       
[  4] 182.00-183.00 sec  0.00 Bytes  0.00 bits/sec    0   1.41 KBytes       
[  4] 183.00-184.00 sec  0.00 Bytes  0.00 bits/sec    0   1.41 KBytes       
[  4] 184.00-185.00 sec  0.00 Bytes  0.00 bits/sec    0   1.41 KBytes       
[  4] 185.00-186.00 sec  0.00 Bytes  0.00 bits/sec    1   1.41 KBytes       
[  4] 186.00-187.00 sec  0.00 Bytes  0.00 bits/sec    0   1.41 KBytes       
[  4] 187.00-188.00 sec  0.00 Bytes  0.00 bits/sec    0   5.66 KBytes       
[  4] 188.00-189.00 sec  0.00 Bytes  0.00 bits/sec    0   5.66 KBytes       
[  4] 189.00-190.00 sec  0.00 Bytes  0.00 bits/sec    1   5.66 KBytes       
[  4] 190.00-191.00 sec  0.00 Bytes  0.00 bits/sec    0   5.66 KBytes       
[  4] 191.00-192.00 sec  0.00 Bytes  0.00 bits/sec    0   5.66 KBytes       
[  4] 192.00-193.00 sec  0.00 Bytes  0.00 bits/sec    0   5.66 KBytes       
[  4] 193.00-194.00 sec  0.00 Bytes  0.00 bits/sec    0   5.66 KBytes       
[  4] 194.00-195.00 sec  0.00 Bytes  0.00 bits/sec    0   5.66 KBytes       
[  4] 195.00-196.00 sec  0.00 Bytes  0.00 bits/sec    0   5.66 KBytes       
[  4] 196.00-197.00 sec  0.00 Bytes  0.00 bits/sec    0   5.66 KBytes       
[  4] 197.00-198.00 sec  0.00 Bytes  0.00 bits/sec    1   1.41 KBytes       
[  4] 198.00-199.00 sec  0.00 Bytes  0.00 bits/sec    0   1.41 KBytes       
[  4] 199.00-200.00 sec  0.00 Bytes  0.00 bits/sec    0   1.41 KBytes       
[  4] 200.00-201.00 sec  0.00 Bytes  0.00 bits/sec    6   8.48 KBytes       
[  4] 201.00-202.00 sec  0.00 Bytes  0.00 bits/sec    0   8.48 KBytes       
[  4] 202.00-203.00 sec  0.00 Bytes  0.00 bits/sec    0   8.48 KBytes       
[  4] 203.00-204.00 sec  0.00 Bytes  0.00 bits/sec    0   8.48 KBytes       
[  4] 204.00-205.00 sec  0.00 Bytes  0.00 bits/sec    0   8.48 KBytes       
[  4] 205.00-206.00 sec  0.00 Bytes  0.00 bits/sec    0   8.48 KBytes       
[  4] 206.00-207.00 sec  0.00 Bytes  0.00 bits/sec    0   8.48 KBytes       
[  4] 207.00-208.00 sec  0.00 Bytes  0.00 bits/sec    0   8.48 KBytes       
[  4] 208.00-209.00 sec  0.00 Bytes  0.00 bits/sec    0   8.48 KBytes       
[  4] 209.00-210.00 sec  0.00 Bytes  0.00 bits/sec    0   8.48 KBytes       
[  4] 210.00-211.00 sec  0.00 Bytes  0.00 bits/sec    0   8.48 KBytes       
[  4] 211.00-212.00 sec  0.00 Bytes  0.00 bits/sec    0   8.48 KBytes       
[  4] 212.00-213.00 sec  0.00 Bytes  0.00 bits/sec    0   8.48 KBytes       
[  4] 213.00-214.00 sec  0.00 Bytes  0.00 bits/sec    0   8.48 KBytes       
[  4] 214.00-215.00 sec  0.00 Bytes  0.00 bits/sec    0   8.48 KBytes       
[  4] 215.00-216.00 sec  0.00 Bytes  0.00 bits/sec    0   8.48 KBytes       
[  4] 216.00-217.00 sec  0.00 Bytes  0.00 bits/sec    0   8.48 KBytes       
[  4] 217.00-218.00 sec  0.00 Bytes  0.00 bits/sec    0   8.48 KBytes       
[  4] 218.00-219.00 sec  0.00 Bytes  0.00 bits/sec    1   1.41 KBytes       
[  4] 219.00-220.00 sec  0.00 Bytes  0.00 bits/sec    0   1.41 KBytes       
[  4] 220.00-221.00 sec  0.00 Bytes  0.00 bits/sec    3   4.24 KBytes       
[  4] 221.00-222.00 sec  0.00 Bytes  0.00 bits/sec    0   4.24 KBytes       
[  4] 222.00-223.00 sec  0.00 Bytes  0.00 bits/sec    5   7.07 KBytes       
[  4] 223.00-224.00 sec  0.00 Bytes  0.00 bits/sec    0   7.07 KBytes       
[  4] 224.00-225.00 sec  0.00 Bytes  0.00 bits/sec    5   9.90 KBytes       
[  4] 225.00-226.00 sec  0.00 Bytes  0.00 bits/sec   25   9.90 KBytes       
[  4] 226.00-227.00 sec  0.00 Bytes  0.00 bits/sec   10   9.90 KBytes       
[  4] 227.00-228.00 sec  0.00 Bytes  0.00 bits/sec   15   9.90 KBytes       
[  4] 228.00-229.00 sec  0.00 Bytes  0.00 bits/sec   10   9.90 KBytes       
[  4] 229.00-230.00 sec  0.00 Bytes  0.00 bits/sec   10   9.90 KBytes       
[  4] 230.00-231.00 sec  63.6 KBytes   521 Kbits/sec   15   9.90 KBytes       
[  4] 231.00-232.00 sec  0.00 Bytes  0.00 bits/sec   10   9.90 KBytes       
[  4] 232.00-233.00 sec  0.00 Bytes  0.00 bits/sec    8   9.90 KBytes       
[  4] 233.00-234.00 sec  63.6 KBytes   521 Kbits/sec   12   9.90 KBytes       
[  4] 234.00-235.00 sec  0.00 Bytes  0.00 bits/sec   10   9.90 KBytes       
[  4] 235.00-236.00 sec  0.00 Bytes  0.00 bits/sec   10   9.90 KBytes       
[  4] 236.00-237.00 sec  0.00 Bytes  0.00 bits/sec   10   9.90 KBytes       
[  4] 237.00-238.00 sec  63.6 KBytes   521 Kbits/sec    5   9.90 KBytes       
[  4] 238.00-239.00 sec  0.00 Bytes  0.00 bits/sec   10   9.90 KBytes       
[  4] 239.00-240.00 sec  0.00 Bytes  0.00 bits/sec    5   9.90 KBytes       
[  4] 240.00-241.00 sec  0.00 Bytes  0.00 bits/sec   10   9.90 KBytes       
[  4] 241.00-242.00 sec  63.6 KBytes   521 Kbits/sec    6   1.41 KBytes       
[  4] 242.00-243.00 sec  0.00 Bytes  0.00 bits/sec    3   4.24 KBytes       
[  4] 243.00-244.00 sec   764 KBytes  6.25 Mbits/sec   97    403 KBytes       
[  4] 244.00-245.00 sec  0.00 Bytes  0.00 bits/sec    0    403 KBytes       
[  4] 245.00-246.00 sec   445 KBytes  3.65 Mbits/sec    0    427 KBytes       
[  4] 246.00-247.00 sec  0.00 Bytes  0.00 bits/sec    0    427 KBytes       
[  4] 247.00-248.00 sec   509 KBytes  4.17 Mbits/sec    0    448 KBytes       
[  4] 248.00-249.00 sec  0.00 Bytes  0.00 bits/sec    0    448 KBytes       
[  4] 249.00-250.00 sec  63.6 KBytes   522 Kbits/sec   25    332 KBytes       
[  4] 250.00-251.00 sec   191 KBytes  1.56 Mbits/sec    4    317 KBytes       
[  4] 251.00-252.00 sec   255 KBytes  2.09 Mbits/sec    0    315 KBytes       
[  4] 252.00-253.00 sec   318 KBytes  2.61 Mbits/sec    2    256 KBytes       
[  4] 253.00-254.00 sec  1.25 MBytes  10.5 Mbits/sec   14    223 KBytes       
[  4] 254.00-255.00 sec  1.11 MBytes  9.32 Mbits/sec    0    226 KBytes       
[  4] 255.00-256.00 sec  1.12 MBytes  9.38 Mbits/sec    0    230 KBytes       
[  4] 256.00-257.00 sec  1.06 MBytes  8.85 Mbits/sec    0    240 KBytes       
[  4] 257.00-258.00 sec  1.06 MBytes  8.87 Mbits/sec    0    262 KBytes       
[  4] 258.00-259.00 sec  1.06 MBytes  8.86 Mbits/sec    0    297 KBytes       
[  4] 259.00-260.00 sec  1.06 MBytes  8.86 Mbits/sec    0    346 KBytes       
[  4] 260.00-261.00 sec  1.06 MBytes  8.87 Mbits/sec    0    414 KBytes       
[  4] 261.00-262.00 sec   954 KBytes  7.80 Mbits/sec    0    498 KBytes       
[  4] 262.00-263.00 sec   891 KBytes  7.32 Mbits/sec    0    600 KBytes       
[  4] 263.00-264.00 sec  1018 KBytes  8.34 Mbits/sec    0    747 KBytes       
[  4] 264.00-265.00 sec  1018 KBytes  8.34 Mbits/sec    0    908 KBytes       
[  4] 265.00-266.00 sec  1.25 MBytes  10.5 Mbits/sec    0   1.07 MBytes       
[  4] 266.00-267.00 sec  2.50 MBytes  21.0 Mbits/sec    0   1.29 MBytes       
[  4] 267.00-268.00 sec  1.25 MBytes  10.5 Mbits/sec    0   1.53 MBytes       
[  4] 268.00-269.00 sec  2.50 MBytes  21.0 Mbits/sec    0   1.80 MBytes       
[  4] 269.00-270.00 sec  2.50 MBytes  21.0 Mbits/sec    0   2.09 MBytes       
[  4] 270.00-271.00 sec  2.50 MBytes  21.0 Mbits/sec    0   2.46 MBytes       
[  4] 271.00-272.00 sec  1.25 MBytes  10.5 Mbits/sec    0   2.83 MBytes       
[  4] 272.00-273.00 sec  1.25 MBytes  10.5 Mbits/sec    0   3.20 MBytes       
[  4] 273.00-274.00 sec  1.25 MBytes  10.5 Mbits/sec    0   3.63 MBytes       
[  4] 274.00-275.00 sec  1.25 MBytes  10.5 Mbits/sec    0   4.17 MBytes       
[  4] 275.00-276.00 sec  1.25 MBytes  10.5 Mbits/sec    0   4.72 MBytes       
[  4] 276.00-277.00 sec  1.25 MBytes  10.5 Mbits/sec    0   5.22 MBytes       
[  4] 277.00-278.00 sec  1.25 MBytes  10.5 Mbits/sec  255   4.62 MBytes       
[  4] 278.00-279.00 sec  2.42 KBytes  19.8 Kbits/sec  369   3.77 MBytes       
[  4] 279.00-280.00 sec  0.00 Bytes  0.00 bits/sec  377   3.66 MBytes       
[  4] 280.00-281.00 sec  0.00 Bytes  0.00 bits/sec  395   3.53 MBytes       
[  4] 281.00-282.00 sec  0.00 Bytes  0.00 bits/sec  262   3.09 MBytes       
[  4] 282.00-283.00 sec   891 KBytes  7.29 Mbits/sec  119   2.84 MBytes       
[  4] 283.00-284.00 sec  3.75 MBytes  31.5 Mbits/sec  417   3.77 MBytes       
[  4] 284.00-285.00 sec  3.75 MBytes  31.4 Mbits/sec    0   3.90 MBytes       
[  4] 285.00-286.00 sec  1.25 MBytes  10.5 Mbits/sec    0   3.95 MBytes       
[  4] 286.00-287.00 sec  1.25 MBytes  10.5 Mbits/sec    0   4.01 MBytes       
[  4] 287.00-288.00 sec  1.25 MBytes  10.5 Mbits/sec    0   4.06 MBytes       
[  4] 288.00-289.00 sec  1.25 MBytes  10.5 Mbits/sec    0   4.12 MBytes       
[  4] 289.00-290.00 sec  1.25 MBytes  10.5 Mbits/sec    0   4.17 MBytes       
[  4] 290.00-291.00 sec  1.25 MBytes  10.5 Mbits/sec    0   4.22 MBytes       
[  4] 291.00-292.00 sec   166 KBytes  1.36 Mbits/sec  374   3.08 MBytes       
[  4] 292.00-293.00 sec  0.00 Bytes  0.00 bits/sec  497   2.96 MBytes       
[  4] 293.00-294.00 sec  0.00 Bytes  0.00 bits/sec    8   2.96 MBytes       
[  4] 294.00-295.00 sec  0.00 Bytes  0.00 bits/sec  128   2.96 MBytes       
[  4] 295.00-296.00 sec  0.00 Bytes  0.00 bits/sec  289   2.60 MBytes       
[  4] 296.00-297.00 sec   127 KBytes  1.04 Mbits/sec   80   2.43 MBytes       
[  4] 297.00-298.00 sec  1.25 MBytes  10.5 Mbits/sec  521    430 KBytes       
[  4] 298.00-298.85 sec  5.00 MBytes  49.5 Mbits/sec   54   3.21 MBytes       
- - - - - - - - - - - - - - - - - - - - - - - - -
[ ID] Interval           Transfer     Bandwidth       Retr
[  4]   0.00-298.85 sec   101 MBytes  2.83 Mbits/sec  5773             sender
[  4]   0.00-298.85 sec  89.2 MBytes  2.50 Mbits/sec                  receiver

iperf Done.
