-----------------------------------------------------------
Server listening on 5202
-----------------------------------------------------------
Accepted connection from 10.0.0.1, port 46654
[  5] local 10.0.0.2 port 5202 connected to 10.0.0.1 port 46112
[ ID] Interval           Transfer     Bandwidth
[  5]   0.00-1.00   sec  42.4 KBytes   346 Kbits/sec                  
[  5]   1.00-2.00   sec  99.0 KBytes   813 Kbits/sec                  
[  5]   2.00-3.00   sec  80.6 KBytes   661 Kbits/sec                  
[  5]   3.00-4.00   sec   105 KBytes   856 Kbits/sec                  
[  5]   4.00-5.00   sec  60.8 KBytes   498 Kbits/sec                  
[  5]   5.00-6.01   sec   150 KBytes  1.22 Mbits/sec                  
[  5]   6.01-7.00   sec   115 KBytes   944 Kbits/sec                  
[  5]   7.00-8.00   sec   129 KBytes  1.05 Mbits/sec                  
[  5]   8.00-9.03   sec   164 KBytes  1.31 Mbits/sec                  
[  5]   9.03-10.00  sec   123 KBytes  1.03 Mbits/sec                  
[  5]  10.00-11.01  sec   170 KBytes  1.38 Mbits/sec                  
[  5]  11.01-12.00  sec   352 KBytes  2.90 Mbits/sec                  
[  5]  12.00-13.00  sec  50.9 KBytes   417 Kbits/sec                  
[  5]  13.00-14.00  sec  22.6 KBytes   185 Kbits/sec                  
[  5]  14.00-15.02  sec  0.00 Bytes  0.00 bits/sec                  
[  5]  15.02-16.01  sec   478 KBytes  3.97 Mbits/sec                  
[  5]  16.01-17.00  sec  38.2 KBytes   314 Kbits/sec                  
[  5]  17.00-18.00  sec  0.00 Bytes  0.00 bits/sec                  
[  5]  18.00-19.00  sec   747 KBytes  6.12 Mbits/sec                  
[  5]  19.00-20.03  sec  99.0 KBytes   790 Kbits/sec                  
[  5]  20.03-21.00  sec   195 KBytes  1.64 Mbits/sec                  
[  5]  21.00-22.00  sec   122 KBytes   995 Kbits/sec                  
[  5]  22.00-23.00  sec   242 KBytes  1.98 Mbits/sec                  
[  5]  23.00-24.00  sec   247 KBytes  2.03 Mbits/sec                  
[  5]  24.00-25.00  sec   208 KBytes  1.70 Mbits/sec                  
[  5]  25.00-26.05  sec   249 KBytes  1.95 Mbits/sec                  
[  5]  26.05-27.01  sec   239 KBytes  2.04 Mbits/sec                  
[  5]  27.01-28.01  sec   129 KBytes  1.05 Mbits/sec                  
[  5]  28.01-29.00  sec   189 KBytes  1.56 Mbits/sec                  
[  5]  29.00-30.00  sec   150 KBytes  1.23 Mbits/sec                  
[  5]  30.00-31.19  sec   150 KBytes  1.03 Mbits/sec                  
[  5]  31.19-32.00  sec   146 KBytes  1.48 Mbits/sec                  
[  5]  32.00-33.00  sec  93.3 KBytes   763 Kbits/sec                  
[  5]  33.00-34.00  sec  53.7 KBytes   441 Kbits/sec                  
[  5]  34.00-35.00  sec  0.00 Bytes  0.00 bits/sec                  
[  5]  35.00-36.00  sec  0.00 Bytes  0.00 bits/sec                  
[  5]  36.00-37.00  sec   240 KBytes  1.97 Mbits/sec                  
[  5]  37.00-38.01  sec   499 KBytes  4.07 Mbits/sec                  
[  5]  38.01-39.00  sec   180 KBytes  1.48 Mbits/sec                  
[  5]  39.00-40.02  sec   137 KBytes  1.11 Mbits/sec                  
[  5]  40.02-41.00  sec  77.8 KBytes   646 Kbits/sec                  
[  5]  41.00-42.00  sec  82.0 KBytes   671 Kbits/sec                  
[  5]  42.00-43.00  sec  0.00 Bytes  0.00 bits/sec                  
[  5]  43.00-44.01  sec  77.8 KBytes   634 Kbits/sec                  
[  5]  44.01-45.01  sec   225 KBytes  1.84 Mbits/sec                  
[  5]  45.01-46.00  sec   407 KBytes  3.36 Mbits/sec                  
[  5]  46.00-47.00  sec   122 KBytes   994 Kbits/sec                  
[  5]  47.00-47.06  sec  1.41 KBytes   200 Kbits/sec                  
- - - - - - - - - - - - - - - - - - - - - - - - -
[ ID] Interval           Transfer     Bandwidth
[  5]   0.00-47.06  sec  0.00 Bytes  0.00 bits/sec                  sender
[  5]   0.00-47.06  sec  7.31 MBytes  1.30 Mbits/sec                  receiver
