-----------------------------------------------------------
Server listening on 5203
-----------------------------------------------------------
Accepted connection from 10.0.0.1, port 60340
[  5] local 10.0.0.2 port 5203 connected to 10.0.0.1 port 46114
[ ID] Interval           Transfer     Bandwidth
[  5]   0.00-1.00   sec   216 KBytes  1.77 Mbits/sec                  
[  5]   1.00-2.00   sec   348 KBytes  2.85 Mbits/sec                  
[  5]   2.00-3.00   sec   339 KBytes  2.78 Mbits/sec                  
[  5]   3.00-4.00   sec   310 KBytes  2.54 Mbits/sec                  
[  5]   4.00-5.00   sec   351 KBytes  2.87 Mbits/sec                  
[  5]   5.00-6.00   sec   276 KBytes  2.26 Mbits/sec                  
[  5]   6.00-7.00   sec   375 KBytes  3.07 Mbits/sec                  
[  5]   7.00-8.00   sec   318 KBytes  2.61 Mbits/sec                  
[  5]   8.00-9.00   sec   335 KBytes  2.75 Mbits/sec                  
[  5]   9.00-10.00  sec   329 KBytes  2.70 Mbits/sec                  
[  5]  10.00-11.00  sec   321 KBytes  2.63 Mbits/sec                  
[  5]  11.00-12.00  sec   491 KBytes  4.02 Mbits/sec                  
[  5]  12.00-13.00  sec   103 KBytes   846 Kbits/sec                  
[  5]  13.00-14.00  sec   624 KBytes  5.11 Mbits/sec                  
[  5]  14.00-15.00  sec  76.4 KBytes   624 Kbits/sec                  
[  5]  15.00-16.01  sec  5.66 KBytes  46.2 Kbits/sec                  
[  5]  16.01-17.00  sec  0.00 Bytes  0.00 bits/sec                  
[  5]  17.00-18.00  sec  0.00 Bytes  0.00 bits/sec                  
[  5]  18.00-19.00  sec  1.41 KBytes  11.6 Kbits/sec                  
[  5]  19.00-19.28  sec  0.00 Bytes  0.00 bits/sec                  
- - - - - - - - - - - - - - - - - - - - - - - - -
[ ID] Interval           Transfer     Bandwidth
[  5]   0.00-19.28  sec  0.00 Bytes  0.00 bits/sec                  sender
[  5]   0.00-19.28  sec  4.71 MBytes  2.05 Mbits/sec                  receiver
