-----------------------------------------------------------
Server listening on 5202
-----------------------------------------------------------
Accepted connection from 10.0.0.1, port 52528
[  5] local 10.0.0.2 port 5202 connected to 10.0.0.1 port 46112
[ ID] Interval           Transfer     Bandwidth
[  5]   0.00-1.00   sec  55.1 KBytes   450 Kbits/sec                  
[  5]   1.00-2.05   sec  69.3 KBytes   544 Kbits/sec                  
[  5]   2.05-3.00   sec  52.3 KBytes   450 Kbits/sec                  
[  5]   3.00-4.00   sec  43.8 KBytes   359 Kbits/sec                  
[  5]   4.00-5.05   sec  53.7 KBytes   421 Kbits/sec                  
[  5]   5.05-6.00   sec  96.2 KBytes   824 Kbits/sec                  
[  5]   6.00-7.00   sec   141 KBytes  1.16 Mbits/sec                  
[  5]   7.00-8.00   sec  28.3 KBytes   232 Kbits/sec                  
[  5]   8.00-9.04   sec   170 KBytes  1.34 Mbits/sec                  
[  5]   9.04-10.01  sec   206 KBytes  1.75 Mbits/sec                  
[  5]  10.01-11.03  sec   283 KBytes  2.26 Mbits/sec                  
[  5]  11.03-12.00  sec  50.9 KBytes   430 Kbits/sec                  
[  5]  12.00-13.00  sec   209 KBytes  1.72 Mbits/sec                  
[  5]  13.00-14.00  sec   232 KBytes  1.89 Mbits/sec                  
[  5]  14.00-15.00  sec  67.9 KBytes   558 Kbits/sec                  
[  5]  15.00-16.00  sec   328 KBytes  2.68 Mbits/sec                  
[  5]  16.00-17.00  sec   150 KBytes  1.23 Mbits/sec                  
[  5]  17.00-18.00  sec  0.00 Bytes  0.00 bits/sec                  
[  5]  18.00-19.00  sec  0.00 Bytes  0.00 bits/sec                  
[  5]  19.00-20.06  sec  0.00 Bytes  0.00 bits/sec                  
[  5]  20.06-21.00  sec   161 KBytes  1.40 Mbits/sec                  
[  5]  21.00-22.00  sec   567 KBytes  4.65 Mbits/sec                  
[  5]  22.00-23.00  sec   477 KBytes  3.91 Mbits/sec                  
[  5]  23.00-24.00  sec  53.7 KBytes   440 Kbits/sec                  
[  5]  24.00-25.00  sec  87.7 KBytes   718 Kbits/sec                  
[  5]  25.00-26.01  sec  0.00 Bytes  0.00 bits/sec                  
[  5]  26.01-27.00  sec  0.00 Bytes  0.00 bits/sec                  
[  5]  27.00-28.00  sec   229 KBytes  1.88 Mbits/sec                  
[  5]  28.00-29.00  sec   775 KBytes  6.35 Mbits/sec                  
[  5]  29.00-30.00  sec   134 KBytes  1.10 Mbits/sec                  
[  5]  30.00-31.00  sec   322 KBytes  2.64 Mbits/sec                  
[  5]  31.00-32.00  sec   158 KBytes  1.30 Mbits/sec                  
[  5]  32.00-33.00  sec   359 KBytes  2.94 Mbits/sec                  
[  5]  33.00-34.00  sec  87.7 KBytes   719 Kbits/sec                  
[  5]  34.00-35.00  sec   351 KBytes  2.87 Mbits/sec                  
[  5]  35.00-36.00  sec   180 KBytes  1.47 Mbits/sec                  
[  5]  36.00-37.00  sec  11.3 KBytes  92.3 Kbits/sec                  
[  5]  37.00-38.00  sec  0.00 Bytes  0.00 bits/sec                  
[  5]  38.00-39.00  sec  0.00 Bytes  0.00 bits/sec                  
[  5]  39.00-40.00  sec   334 KBytes  2.74 Mbits/sec                  
[  5]  40.00-41.00  sec   245 KBytes  2.00 Mbits/sec                  
[  5]  41.00-42.04  sec  0.00 Bytes  0.00 bits/sec                  
[  5]  42.04-43.00  sec   724 KBytes  6.18 Mbits/sec                  
[  5]  43.00-44.00  sec  83.4 KBytes   683 Kbits/sec                  
[  5]  44.00-45.00  sec   157 KBytes  1.29 Mbits/sec                  
[  5]  45.00-46.00  sec   298 KBytes  2.44 Mbits/sec                  
[  5]  46.00-47.00  sec  43.8 KBytes   359 Kbits/sec                  
[  5]  47.00-48.00  sec   409 KBytes  3.35 Mbits/sec                  
[  5]  48.00-49.00  sec   136 KBytes  1.11 Mbits/sec                  
[  5]  49.00-50.00  sec  8.48 KBytes  69.5 Kbits/sec                  
[  5]  50.00-51.00  sec  0.00 Bytes  0.00 bits/sec                  
[  5]  51.00-52.00  sec   141 KBytes  1.16 Mbits/sec                  
[  5]  52.00-53.00  sec  0.00 Bytes  0.00 bits/sec                  
[  5]  53.00-54.00  sec  0.00 Bytes  0.00 bits/sec                  
[  5]  54.00-55.00  sec  0.00 Bytes  0.00 bits/sec                  
[  5]  55.00-56.00  sec  0.00 Bytes  0.00 bits/sec                  
[  5]  56.00-57.00  sec  1.41 KBytes  11.6 Kbits/sec                  
[  5]  57.00-58.00  sec   906 KBytes  7.42 Mbits/sec                  
[  5]  58.00-59.00  sec  0.00 Bytes  0.00 bits/sec                  
[  5]  59.00-60.00  sec   699 KBytes  5.72 Mbits/sec                  
[  5]  60.00-61.00  sec  28.3 KBytes   232 Kbits/sec                  
[  5]  61.00-62.00  sec   462 KBytes  3.79 Mbits/sec                  
[  5]  62.00-63.00  sec  0.00 Bytes  0.00 bits/sec                  
[  5]  63.00-64.00  sec   410 KBytes  3.36 Mbits/sec                  
[  5]  64.00-65.00  sec  76.4 KBytes   626 Kbits/sec                  
[  5]  65.00-66.00  sec  59.4 KBytes   487 Kbits/sec                  
[  5]  66.00-67.00  sec  0.00 Bytes  0.00 bits/sec                  
[  5]  67.00-68.00  sec   198 KBytes  1.62 Mbits/sec                  
[  5]  68.00-69.00  sec   296 KBytes  2.41 Mbits/sec                  
[  5]  69.00-70.04  sec  0.00 Bytes  0.00 bits/sec                  
[  5]  70.04-72.89  sec  0.00 Bytes  0.00 bits/sec                  
[  5]  72.89-72.89  sec  0.00 Bytes  0.00 bits/sec                  
[  5]  72.89-73.01  sec  0.00 Bytes  0.00 bits/sec                  
[  5]  73.01-74.00  sec  0.00 Bytes  0.00 bits/sec                  
[  5]  74.00-75.00  sec  0.00 Bytes  0.00 bits/sec                  
[  5]  75.00-76.01  sec   495 KBytes  4.04 Mbits/sec                  
[  5]  76.01-77.00  sec   327 KBytes  2.69 Mbits/sec                  
[  5]  77.00-78.00  sec   334 KBytes  2.73 Mbits/sec                  
[  5]  78.00-79.00  sec  22.6 KBytes   185 Kbits/sec                  
[  5]  79.00-80.09  sec  7.07 KBytes  53.4 Kbits/sec                  
[  5]  80.09-81.00  sec  0.00 Bytes  0.00 bits/sec                  
[  5]  81.00-82.11  sec  0.00 Bytes  0.00 bits/sec                  
[  5]  82.11-83.00  sec  0.00 Bytes  0.00 bits/sec                  
[  5]  83.00-84.01  sec  0.00 Bytes  0.00 bits/sec                  
[  5]  84.01-85.07  sec  0.00 Bytes  0.00 bits/sec                  
[  5]  85.07-86.00  sec  0.00 Bytes  0.00 bits/sec                  
[  5]  86.00-87.00  sec  0.00 Bytes  0.00 bits/sec                  
[  5]  87.00-88.00  sec  0.00 Bytes  0.00 bits/sec                  
[  5]  88.00-89.00  sec  1.41 KBytes  11.6 Kbits/sec                  
[  5]  89.00-90.00  sec  0.00 Bytes  0.00 bits/sec                  
[  5]  90.00-91.00  sec  0.00 Bytes  0.00 bits/sec                  
[  5]  91.00-92.01  sec  1.32 MBytes  11.0 Mbits/sec                  
[  5]  92.01-93.00  sec  0.00 Bytes  0.00 bits/sec                  
[  5]  93.00-94.00  sec  0.00 Bytes  0.00 bits/sec                  
[  5]  94.00-95.00  sec  0.00 Bytes  0.00 bits/sec                  
[  5]  95.00-96.00  sec  0.00 Bytes  0.00 bits/sec                  
[  5]  96.00-97.00  sec  84.8 KBytes   695 Kbits/sec                  
[  5]  97.00-98.00  sec  0.00 Bytes  0.00 bits/sec                  
[  5]  98.00-99.00  sec  0.00 Bytes  0.00 bits/sec                  
[  5]  99.00-100.00 sec  63.6 KBytes   522 Kbits/sec                  
[  5] 100.00-101.00 sec  0.00 Bytes  0.00 bits/sec                  
[  5] 101.00-102.00 sec  0.00 Bytes  0.00 bits/sec                  
[  5] 102.00-103.00 sec  8.48 KBytes  69.5 Kbits/sec                  
[  5] 103.00-104.00 sec  0.00 Bytes  0.00 bits/sec                  
[  5] 104.00-105.00 sec  0.00 Bytes  0.00 bits/sec                  
[  5] 105.00-106.00 sec  0.00 Bytes  0.00 bits/sec                  
[  5] 106.00-107.00 sec  0.00 Bytes  0.00 bits/sec                  
[  5] 107.00-108.00 sec  0.00 Bytes  0.00 bits/sec                  
[  5] 108.00-109.00 sec  0.00 Bytes  0.00 bits/sec                  
[  5] 109.00-110.00 sec  0.00 Bytes  0.00 bits/sec                  
[  5] 110.00-111.00 sec  4.24 KBytes  34.8 Kbits/sec                  
[  5] 111.00-112.00 sec  0.00 Bytes  0.00 bits/sec                  
[  5] 112.00-113.00 sec   198 KBytes  1.62 Mbits/sec                  
[  5] 113.00-114.00 sec  0.00 Bytes  0.00 bits/sec                  
[  5] 114.00-115.00 sec  0.00 Bytes  0.00 bits/sec                  
[  5] 115.00-116.00 sec   120 KBytes   986 Kbits/sec                  
[  5] 116.00-117.00 sec  0.00 Bytes  0.00 bits/sec                  
[  5] 117.00-118.00 sec  0.00 Bytes  0.00 bits/sec                  
[  5] 118.00-119.14 sec   133 KBytes   957 Kbits/sec                  
[  5] 119.14-120.00 sec  0.00 Bytes  0.00 bits/sec                  
[  5] 120.00-121.00 sec  0.00 Bytes  0.00 bits/sec                  
[  5] 121.00-122.00 sec   158 KBytes  1.30 Mbits/sec                  
[  5] 122.00-123.00 sec  41.0 KBytes   336 Kbits/sec                  
[  5] 123.00-124.00 sec   236 KBytes  1.94 Mbits/sec                  
[  5] 124.00-125.00 sec  63.6 KBytes   521 Kbits/sec                  
[  5] 125.00-126.00 sec   308 KBytes  2.53 Mbits/sec                  
[  5] 126.00-127.00 sec   141 KBytes  1.16 Mbits/sec                  
[  5] 127.00-128.00 sec  97.6 KBytes   800 Kbits/sec                  
[  5] 128.00-129.00 sec  0.00 Bytes  0.00 bits/sec                  
[  5] 129.00-130.00 sec  0.00 Bytes  0.00 bits/sec                  
[  5] 130.00-131.00 sec   486 KBytes  3.98 Mbits/sec                  
[  5] 131.00-132.00 sec   180 KBytes  1.47 Mbits/sec                  
[  5] 132.00-133.00 sec   471 KBytes  3.86 Mbits/sec                  
[  5] 133.00-134.00 sec   233 KBytes  1.91 Mbits/sec                  
[  5] 134.00-135.00 sec  25.5 KBytes   209 Kbits/sec                  
[  5] 135.00-136.00 sec   540 KBytes  4.42 Mbits/sec                  
[  5] 136.00-137.00 sec   230 KBytes  1.89 Mbits/sec                  
[  5] 137.00-138.00 sec   431 KBytes  3.53 Mbits/sec                  
[  5] 138.00-139.00 sec   356 KBytes  2.92 Mbits/sec                  
[  5] 139.00-140.00 sec   341 KBytes  2.79 Mbits/sec                  
[  5] 140.00-141.00 sec   368 KBytes  3.01 Mbits/sec                  
[  5] 141.00-142.00 sec   345 KBytes  2.83 Mbits/sec                  
[  5] 142.00-143.00 sec  56.6 KBytes   464 Kbits/sec                  
[  5] 143.00-144.00 sec   544 KBytes  4.46 Mbits/sec                  
[  5] 144.00-145.00 sec  14.1 KBytes   116 Kbits/sec                  
[  5] 145.00-146.00 sec  0.00 Bytes  0.00 bits/sec                  
[  5] 146.00-147.00 sec  87.7 KBytes   719 Kbits/sec                  
[  5] 147.00-148.00 sec   399 KBytes  3.27 Mbits/sec                  
[  5] 148.00-149.00 sec   296 KBytes  2.42 Mbits/sec                  
[  5] 149.00-150.00 sec   588 KBytes  4.82 Mbits/sec                  
[  5] 150.00-151.00 sec   406 KBytes  3.32 Mbits/sec                  
[  5] 151.00-152.00 sec  15.6 KBytes   127 Kbits/sec                  
[  5] 152.00-153.04 sec   267 KBytes  2.12 Mbits/sec                  
[  5] 153.04-154.01 sec   209 KBytes  1.77 Mbits/sec                  
[  5] 154.01-155.00 sec   119 KBytes   975 Kbits/sec                  
[  5] 155.00-156.00 sec  60.8 KBytes   499 Kbits/sec                  
[  5] 156.00-157.00 sec  77.8 KBytes   639 Kbits/sec                  
[  5] 157.00-158.00 sec   223 KBytes  1.83 Mbits/sec                  
[  5] 158.00-159.00 sec  80.6 KBytes   660 Kbits/sec                  
[  5] 159.00-160.00 sec  60.8 KBytes   498 Kbits/sec                  
[  5] 160.00-161.00 sec  2.83 KBytes  23.2 Kbits/sec                  
[  5] 161.00-162.00 sec  0.00 Bytes  0.00 bits/sec                  
[  5] 162.00-163.00 sec  79.2 KBytes   650 Kbits/sec                  
[  5] 163.00-164.00 sec  9.90 KBytes  81.0 Kbits/sec                  
[  5] 164.00-165.00 sec  0.00 Bytes  0.00 bits/sec                  
[  5] 165.00-166.00 sec  0.00 Bytes  0.00 bits/sec                  
[  5] 166.00-167.00 sec  0.00 Bytes  0.00 bits/sec                  
[  5] 167.00-168.00 sec  0.00 Bytes  0.00 bits/sec                  
[  5] 168.00-169.00 sec   126 KBytes  1.03 Mbits/sec                  
[  5] 169.00-170.00 sec  1.25 MBytes  10.5 Mbits/sec                  
[  5] 170.00-171.00 sec   188 KBytes  1.54 Mbits/sec                  
[  5] 171.00-172.00 sec   191 KBytes  1.56 Mbits/sec                  
[  5] 172.00-173.52 sec  28.3 KBytes   152 Kbits/sec                  
[  5] 173.52-174.04 sec  0.00 Bytes  0.00 bits/sec                  
[  5] 174.04-175.40 sec  0.00 Bytes  0.00 bits/sec                  
[  5] 175.40-176.02 sec  0.00 Bytes  0.00 bits/sec                  
[  5] 176.02-177.03 sec  0.00 Bytes  0.00 bits/sec                  
[  5] 177.03-178.00 sec   365 KBytes  3.07 Mbits/sec                  
[  5] 178.00-179.00 sec   356 KBytes  2.92 Mbits/sec                  
[  5] 179.00-180.02 sec  1.41 KBytes  11.4 Kbits/sec                  
[  5] 180.02-181.00 sec  0.00 Bytes  0.00 bits/sec                  
[  5] 181.00-182.00 sec  35.4 KBytes   289 Kbits/sec                  
[  5] 182.00-183.00 sec  0.00 Bytes  0.00 bits/sec                  
[  5] 183.00-184.01 sec  0.00 Bytes  0.00 bits/sec                  
[  5] 184.01-185.02 sec  0.00 Bytes  0.00 bits/sec                  
[  5] 185.02-186.02 sec  0.00 Bytes  0.00 bits/sec                  
[  5] 186.02-187.17 sec  0.00 Bytes  0.00 bits/sec                  
[  5] 187.17-188.02 sec  0.00 Bytes  0.00 bits/sec                  
[  5] 188.02-189.00 sec  0.00 Bytes  0.00 bits/sec                  
[  5] 189.00-190.01 sec  0.00 Bytes  0.00 bits/sec                  
[  5] 190.01-191.00 sec  38.2 KBytes   316 Kbits/sec                  
[  5] 191.00-192.00 sec   806 KBytes  6.61 Mbits/sec                  
[  5] 192.00-193.02 sec  14.1 KBytes   113 Kbits/sec                  
[  5] 193.02-194.01 sec   238 KBytes  1.97 Mbits/sec                  
[  5] 194.01-195.00 sec  2.83 KBytes  23.3 Kbits/sec                  
[  5] 195.00-196.00 sec   262 KBytes  2.14 Mbits/sec                  
[  5] 196.00-197.00 sec   103 KBytes   848 Kbits/sec                  
[  5] 197.00-198.00 sec   174 KBytes  1.42 Mbits/sec                  
[  5] 198.00-199.00 sec  15.6 KBytes   127 Kbits/sec                  
[  5] 199.00-200.00 sec  0.00 Bytes  0.00 bits/sec                  
[  5] 200.00-201.00 sec  0.00 Bytes  0.00 bits/sec                  
[  5] 201.00-202.00 sec  0.00 Bytes  0.00 bits/sec                  
[  5] 202.00-203.02 sec  0.00 Bytes  0.00 bits/sec                  
[  5] 203.02-204.00 sec  0.00 Bytes  0.00 bits/sec                  
[  5] 204.00-205.00 sec  0.00 Bytes  0.00 bits/sec                  
[  5] 205.00-206.00 sec  1.07 MBytes  9.02 Mbits/sec                  
[  5] 206.00-207.00 sec   247 KBytes  2.03 Mbits/sec                  
[  5] 207.00-208.00 sec  83.4 KBytes   684 Kbits/sec                  
[  5] 208.00-209.00 sec   240 KBytes  1.97 Mbits/sec                  
[  5] 209.00-210.00 sec  7.07 KBytes  57.9 Kbits/sec                  
[  5] 210.00-211.00 sec   250 KBytes  2.05 Mbits/sec                  
[  5] 211.00-212.00 sec  49.5 KBytes   405 Kbits/sec                  
[  5] 212.00-213.01 sec  19.8 KBytes   161 Kbits/sec                  
[  5] 213.01-214.00 sec   174 KBytes  1.43 Mbits/sec                  
[  5] 214.00-215.00 sec   129 KBytes  1.05 Mbits/sec                  
[  5] 215.00-216.00 sec  76.4 KBytes   626 Kbits/sec                  
[  5] 216.00-217.00 sec  12.7 KBytes   104 Kbits/sec                  
[  5] 217.00-218.00 sec  0.00 Bytes  0.00 bits/sec                  
[  5] 218.00-219.00 sec  0.00 Bytes  0.00 bits/sec                  
[  5] 219.00-220.00 sec  56.6 KBytes   463 Kbits/sec                  
[  5] 220.00-221.00 sec  0.00 Bytes  0.00 bits/sec                  
[  5] 221.00-222.16 sec  0.00 Bytes  0.00 bits/sec                  
[  5] 222.16-223.00 sec  0.00 Bytes  0.00 bits/sec                  
[  5] 223.00-224.00 sec  0.00 Bytes  0.00 bits/sec                  
[  5] 224.00-225.00 sec  0.00 Bytes  0.00 bits/sec                  
[  5] 225.00-226.00 sec  0.00 Bytes  0.00 bits/sec                  
[  5] 226.00-227.00 sec  5.66 KBytes  46.4 Kbits/sec                  
[  5] 227.00-228.00 sec  0.00 Bytes  0.00 bits/sec                  
[  5] 228.00-229.00 sec  73.5 KBytes   603 Kbits/sec                  
[  5] 229.00-230.10 sec  1.11 MBytes  8.44 Mbits/sec                  
[  5] 230.10-231.00 sec  25.5 KBytes   232 Kbits/sec                  
[  5] 231.00-232.00 sec   214 KBytes  1.75 Mbits/sec                  
[  5] 232.00-233.00 sec   154 KBytes  1.26 Mbits/sec                  
[  5] 233.00-234.00 sec  0.00 Bytes  0.00 bits/sec                  
[  5] 234.00-235.00 sec   255 KBytes  2.08 Mbits/sec                  
[  5] 235.00-236.00 sec   157 KBytes  1.29 Mbits/sec                  
[  5] 236.00-237.00 sec  36.8 KBytes   301 Kbits/sec                  
[  5] 237.00-238.00 sec   181 KBytes  1.48 Mbits/sec                  
[  5] 238.00-239.00 sec  0.00 Bytes  0.00 bits/sec                  
[  5] 239.00-240.00 sec  0.00 Bytes  0.00 bits/sec                  
[  5] 240.00-241.00 sec  0.00 Bytes  0.00 bits/sec                  
[  5] 241.00-242.00 sec  0.00 Bytes  0.00 bits/sec                  
[  5] 242.00-243.00 sec  0.00 Bytes  0.00 bits/sec                  
[  5] 243.00-244.00 sec  0.00 Bytes  0.00 bits/sec                  
[  5] 244.00-245.01 sec  0.00 Bytes  0.00 bits/sec                  
[  5] 245.01-246.00 sec  0.00 Bytes  0.00 bits/sec                  
[  5] 246.00-247.00 sec  0.00 Bytes  0.00 bits/sec                  
[  5] 247.00-248.00 sec  0.00 Bytes  0.00 bits/sec                  
[  5] 248.00-249.00 sec  0.00 Bytes  0.00 bits/sec                  
[  5] 249.00-250.00 sec  0.00 Bytes  0.00 bits/sec                  
[  5] 250.00-251.00 sec  0.00 Bytes  0.00 bits/sec                  
[  5] 251.00-252.00 sec  0.00 Bytes  0.00 bits/sec                  
[  5] 252.00-253.00 sec  0.00 Bytes  0.00 bits/sec                  
[  5] 253.00-254.00 sec  0.00 Bytes  0.00 bits/sec                  
[  5] 254.00-255.00 sec  0.00 Bytes  0.00 bits/sec                  
[  5] 255.00-256.00 sec  0.00 Bytes  0.00 bits/sec                  
[  5] 256.00-257.00 sec  0.00 Bytes  0.00 bits/sec                  
[  5] 257.00-258.00 sec  0.00 Bytes  0.00 bits/sec                  
[  5] 258.00-259.05 sec  0.00 Bytes  0.00 bits/sec                  
[  5] 259.05-260.00 sec  0.00 Bytes  0.00 bits/sec                  
[  5] 260.00-261.00 sec  0.00 Bytes  0.00 bits/sec                  
[  5] 261.00-262.00 sec  0.00 Bytes  0.00 bits/sec                  
[  5] 262.00-263.00 sec  1.41 KBytes  11.6 Kbits/sec                  
[  5] 263.00-264.00 sec  0.00 Bytes  0.00 bits/sec                  
[  5] 264.00-265.00 sec  0.00 Bytes  0.00 bits/sec                  
[  5] 265.00-266.00 sec  0.00 Bytes  0.00 bits/sec                  
[  5] 266.00-267.00 sec  2.83 KBytes  23.2 Kbits/sec                  
[  5] 267.00-268.00 sec  24.0 KBytes   197 Kbits/sec                  
[  5] 268.00-269.00 sec   758 KBytes  6.20 Mbits/sec                  
[  5] 269.00-270.00 sec   816 KBytes  6.69 Mbits/sec                  
[  5] 270.00-271.00 sec   286 KBytes  2.34 Mbits/sec                  
[  5] 271.00-272.07 sec  18.4 KBytes   141 Kbits/sec                  
[  5] 272.07-273.05 sec  0.00 Bytes  0.00 bits/sec                  
[  5] 273.05-274.02 sec  0.00 Bytes  0.00 bits/sec                  
[  5] 274.02-275.01 sec  7.07 KBytes  58.9 Kbits/sec                  
[  5] 275.01-276.01 sec   165 KBytes  1.35 Mbits/sec                  
[  5] 276.01-277.04 sec   386 KBytes  3.06 Mbits/sec                  
[  5] 277.04-278.00 sec  0.00 Bytes  0.00 bits/sec                  
[  5] 278.00-279.06 sec  0.00 Bytes  0.00 bits/sec                  
[  5] 279.06-280.01 sec  0.00 Bytes  0.00 bits/sec                  
[  5] 280.01-281.04 sec  0.00 Bytes  0.00 bits/sec                  
[  5] 281.04-282.00 sec   789 KBytes  6.72 Mbits/sec                  
[  5] 282.00-283.00 sec  0.00 Bytes  0.00 bits/sec                  
[  5] 283.00-284.00 sec  0.00 Bytes  0.00 bits/sec                  
[  5] 284.00-285.00 sec  0.00 Bytes  0.00 bits/sec                  
[  5] 285.00-286.00 sec  0.00 Bytes  0.00 bits/sec                  
[  5] 286.00-287.00 sec  2.83 KBytes  23.2 Kbits/sec                  
[  5] 287.00-288.02 sec  0.00 Bytes  0.00 bits/sec                  
[  5] 288.02-289.00 sec  0.00 Bytes  0.00 bits/sec                  
[  5] 289.00-290.00 sec  0.00 Bytes  0.00 bits/sec                  
[  5] 290.00-291.00 sec  0.00 Bytes  0.00 bits/sec                  
[  5] 291.00-292.00 sec  0.00 Bytes  0.00 bits/sec                  
[  5] 292.00-293.05 sec  0.00 Bytes  0.00 bits/sec                  
[  5] 293.05-294.00 sec  0.00 Bytes  0.00 bits/sec                  
[  5] 294.00-295.00 sec  0.00 Bytes  0.00 bits/sec                  
[  5] 295.00-296.02 sec  0.00 Bytes  0.00 bits/sec                  
[  5] 296.02-297.40 sec  0.00 Bytes  0.00 bits/sec                  
[  5] 297.40-298.17 sec   128 KBytes  1.36 Mbits/sec                  
[  5] 298.17-299.02 sec   310 KBytes  2.99 Mbits/sec                  
[  5] 299.02-300.00 sec  0.00 Bytes  0.00 bits/sec                  
[  5] 300.00-301.02 sec  0.00 Bytes  0.00 bits/sec                  
[  5] 301.02-302.01 sec  1.77 MBytes  15.1 Mbits/sec                  
[  5] 302.01-303.00 sec   329 KBytes  2.72 Mbits/sec                  
[  5] 303.00-304.09 sec  0.00 Bytes  0.00 bits/sec                  
[  5] 304.09-305.00 sec  0.00 Bytes  0.00 bits/sec                  
[  5] 305.00-306.00 sec   358 KBytes  2.93 Mbits/sec                  
[  5] 306.00-307.00 sec   148 KBytes  1.21 Mbits/sec                  
[  5] 307.00-308.00 sec  21.2 KBytes   174 Kbits/sec                  
[  5] 308.00-309.40 sec  0.00 Bytes  0.00 bits/sec                  
[  5] 309.40-310.00 sec  0.00 Bytes  0.00 bits/sec                  
[  5] 310.00-311.00 sec   229 KBytes  1.88 Mbits/sec                  
[  5] 311.00-312.02 sec  0.00 Bytes  0.00 bits/sec                  
[  5] 312.02-313.00 sec  0.00 Bytes  0.00 bits/sec                  
[  5] 313.00-314.00 sec  0.00 Bytes  0.00 bits/sec                  
[  5] 314.00-315.00 sec  0.00 Bytes  0.00 bits/sec                  
[  5] 315.00-316.00 sec  0.00 Bytes  0.00 bits/sec                  
[  5] 316.00-317.00 sec  91.9 KBytes   753 Kbits/sec                  
[  5] 317.00-318.00 sec  0.00 Bytes  0.00 bits/sec                  
[  5] 318.00-319.00 sec  0.00 Bytes  0.00 bits/sec                  
[  5] 319.00-320.00 sec  0.00 Bytes  0.00 bits/sec                  
[  5] 320.00-321.00 sec  0.00 Bytes  0.00 bits/sec                  
[  5] 321.00-322.00 sec  0.00 Bytes  0.00 bits/sec                  
[  5] 322.00-323.00 sec  0.00 Bytes  0.00 bits/sec                  
[  5] 323.00-324.00 sec  0.00 Bytes  0.00 bits/sec                  
[  5] 324.00-325.04 sec  0.00 Bytes  0.00 bits/sec                  
[  5] 325.04-326.00 sec  0.00 Bytes  0.00 bits/sec                  
[  5] 326.00-327.00 sec  2.12 MBytes  17.8 Mbits/sec                  
[  5] 327.00-328.00 sec  0.00 Bytes  0.00 bits/sec                  
[  5] 328.00-329.00 sec   195 KBytes  1.60 Mbits/sec                  
[  5] 329.00-330.11 sec   359 KBytes  2.65 Mbits/sec                  
[  5] 330.11-331.00 sec  0.00 Bytes  0.00 bits/sec                  
[  5] 331.00-332.01 sec  0.00 Bytes  0.00 bits/sec                  
[  5] 332.01-333.00 sec  0.00 Bytes  0.00 bits/sec                  
[  5] 333.00-334.20 sec  0.00 Bytes  0.00 bits/sec                  
[  5] 334.20-335.15 sec  50.9 KBytes   441 Kbits/sec                  
[  5] 335.15-336.00 sec  4.24 KBytes  40.9 Kbits/sec                  
[  5] 336.00-337.00 sec  2.83 KBytes  23.1 Kbits/sec                  
[  5] 337.00-338.35 sec  0.00 Bytes  0.00 bits/sec                  
[  5] 338.35-339.00 sec  0.00 Bytes  0.00 bits/sec                  
[  5] 339.00-340.01 sec  0.00 Bytes  0.00 bits/sec                  
[  5] 340.01-341.00 sec  0.00 Bytes  0.00 bits/sec                  
[  5] 341.00-342.00 sec  0.00 Bytes  0.00 bits/sec                  
[  5] 342.00-343.00 sec  2.83 KBytes  23.2 Kbits/sec                  
[  5] 343.00-344.00 sec  0.00 Bytes  0.00 bits/sec                  
[  5] 344.00-345.06 sec  0.00 Bytes  0.00 bits/sec                  
[  5] 345.06-346.20 sec  0.00 Bytes  0.00 bits/sec                  
[  5] 346.20-347.00 sec  0.00 Bytes  0.00 bits/sec                  
[  5] 347.00-348.00 sec  0.00 Bytes  0.00 bits/sec                  
[  5] 348.00-349.05 sec  0.00 Bytes  0.00 bits/sec                  
[  5] 349.05-350.00 sec  0.00 Bytes  0.00 bits/sec                  
[  5] 350.00-351.00 sec  0.00 Bytes  0.00 bits/sec                  
[  5] 351.00-352.00 sec  0.00 Bytes  0.00 bits/sec                  
[  5] 352.00-353.00 sec  0.00 Bytes  0.00 bits/sec                  
[  5] 353.00-354.00 sec  0.00 Bytes  0.00 bits/sec                  
[  5] 354.00-355.00 sec  0.00 Bytes  0.00 bits/sec                  
[  5] 355.00-356.00 sec  0.00 Bytes  0.00 bits/sec                  
[  5] 356.00-357.00 sec  0.00 Bytes  0.00 bits/sec                  
[  5] 357.00-358.05 sec  0.00 Bytes  0.00 bits/sec                  
[  5] 358.05-359.00 sec  2.92 MBytes  25.7 Mbits/sec                  
[  5] 359.00-360.05 sec  2.52 MBytes  20.1 Mbits/sec                  
[  5] 360.05-361.00 sec  0.00 Bytes  0.00 bits/sec                  
[  5] 361.00-362.00 sec  0.00 Bytes  0.00 bits/sec                  
[  5] 362.00-362.90 sec   645 KBytes  5.89 Mbits/sec                  
- - - - - - - - - - - - - - - - - - - - - - - - -
[ ID] Interval           Transfer     Bandwidth
[  5]   0.00-362.90 sec  0.00 Bytes  0.00 bits/sec                  sender
[  5]   0.00-362.90 sec  47.2 MBytes  1.09 Mbits/sec                  receiver
