Connecting to host 10.0.0.2, port 5202
[  4] local 10.0.0.1 port 46112 connected to 10.0.0.2 port 5202
[ ID] Interval           Transfer     Bandwidth       Retr  Cwnd
[  4]   0.00-1.00   sec   305 KBytes  2.50 Mbits/sec    1   42.4 KBytes       
[  4]   1.00-2.00   sec  69.3 KBytes   568 Kbits/sec    0   45.2 KBytes       
[  4]   2.00-3.00   sec  63.6 KBytes   520 Kbits/sec    0   46.7 KBytes       
[  4]   3.00-4.01   sec  0.00 Bytes  0.00 bits/sec    0   49.5 KBytes       
[  4]   4.01-6.18   sec   127 KBytes   480 Kbits/sec    0   60.8 KBytes       
[  4]   6.18-6.18   sec  0.00 Bytes  0.00 bits/sec    0   60.8 KBytes       
[  4]   6.18-7.04   sec  63.6 KBytes   604 Kbits/sec    0   73.5 KBytes       
[  4]   7.04-8.00   sec   127 KBytes  1.09 Mbits/sec    0   91.9 KBytes       
[  4]   8.00-9.00   sec   318 KBytes  2.60 Mbits/sec    0    130 KBytes       
[  4]   9.00-10.00  sec   445 KBytes  3.66 Mbits/sec    0    188 KBytes       
[  4]  10.00-11.00  sec   636 KBytes  5.20 Mbits/sec    0    266 KBytes       
[  4]  11.00-12.00  sec  63.6 KBytes   522 Kbits/sec    0    280 KBytes       
[  4]  12.00-13.00  sec   636 KBytes  5.21 Mbits/sec    0    354 KBytes       
[  4]  13.00-14.00  sec   382 KBytes  3.12 Mbits/sec    0    396 KBytes       
[  4]  14.00-15.00  sec   700 KBytes  5.75 Mbits/sec    0    475 KBytes       
[  4]  15.00-16.00  sec   445 KBytes  3.65 Mbits/sec    0    527 KBytes       
[  4]  16.00-17.00  sec   827 KBytes  6.78 Mbits/sec    0    614 KBytes       
[  4]  17.00-18.00  sec   573 KBytes  4.69 Mbits/sec    0    690 KBytes       
[  4]  18.00-19.00  sec   509 KBytes  4.17 Mbits/sec    0    723 KBytes       
[  4]  19.00-20.01  sec   636 KBytes  5.17 Mbits/sec    0    798 KBytes       
[  4]  20.01-21.00  sec   573 KBytes  4.73 Mbits/sec    0    856 KBytes       
[  4]  21.00-22.01  sec  0.00 Bytes  0.00 bits/sec    0    856 KBytes       
[  4]  22.01-23.26  sec  1.25 MBytes  8.35 Mbits/sec    0   1.09 MBytes       
[  4]  23.26-24.01  sec  1.25 MBytes  14.1 Mbits/sec    0   1.28 MBytes       
[  4]  24.01-25.09  sec  1.25 MBytes  9.68 Mbits/sec    0   1.36 MBytes       
[  4]  25.09-25.09  sec  0.00 Bytes  0.00 bits/sec    0   1.36 MBytes       
- - - - - - - - - - - - - - - - - - - - - - - - -
[ ID] Interval           Transfer     Bandwidth       Retr
[  4]   0.00-25.09  sec  11.1 MBytes  3.70 Mbits/sec    1             sender
[  4]   0.00-25.09  sec  5.68 MBytes  1.90 Mbits/sec                  receiver

iperf Done.
