-----------------------------------------------------------
Server listening on 5204
-----------------------------------------------------------
Accepted connection from 10.0.0.1, port 50269
[  5] local 10.0.0.2 port 5204 connected to 10.0.0.1 port 46116
[ ID] Interval           Transfer     Bandwidth
[  5]   0.00-1.00   sec  94.7 KBytes   775 Kbits/sec                  
[  5]   1.00-2.01   sec  97.6 KBytes   796 Kbits/sec                  
[  5]   2.01-3.00   sec   113 KBytes   931 Kbits/sec                  
[  5]   3.00-4.01   sec   106 KBytes   858 Kbits/sec                  
[  5]   4.01-5.00   sec   102 KBytes   845 Kbits/sec                  
[  5]   5.00-6.00   sec   140 KBytes  1.15 Mbits/sec                  
[  5]   6.00-7.00   sec   120 KBytes   986 Kbits/sec                  
[  5]   7.00-8.00   sec   151 KBytes  1.24 Mbits/sec                  
[  5]   8.00-9.00   sec   173 KBytes  1.41 Mbits/sec                  
[  5]   9.00-10.00  sec   120 KBytes   984 Kbits/sec                  
[  5]  10.00-11.00  sec   187 KBytes  1.53 Mbits/sec                  
[  5]  11.00-12.00  sec  5.66 KBytes  46.3 Kbits/sec                  
[  5]  12.00-13.00  sec  0.00 Bytes  0.00 bits/sec                  
[  5]  13.00-14.01  sec   444 KBytes  3.62 Mbits/sec                  
[  5]  14.01-15.01  sec  0.00 Bytes  0.00 bits/sec                  
[  5]  15.01-16.01  sec   444 KBytes  3.64 Mbits/sec                  
[  5]  16.01-17.00  sec  69.3 KBytes   572 Kbits/sec                  
[  5]  17.00-18.00  sec   153 KBytes  1.25 Mbits/sec                  
[  5]  18.00-19.00  sec  73.5 KBytes   603 Kbits/sec                  
[  5]  19.00-20.00  sec   165 KBytes  1.35 Mbits/sec                  
[  5]  20.00-21.02  sec  76.4 KBytes   613 Kbits/sec                  
[  5]  21.02-22.00  sec  43.8 KBytes   366 Kbits/sec                  
[  5]  22.00-23.00  sec  0.00 Bytes  0.00 bits/sec                  
[  5]  23.00-24.00  sec   126 KBytes  1.03 Mbits/sec                  
[  5]  24.00-25.00  sec   365 KBytes  2.99 Mbits/sec                  
[  5]  25.00-26.00  sec  55.1 KBytes   451 Kbits/sec                  
[  5]  26.00-27.00  sec   130 KBytes  1.06 Mbits/sec                  
[  5]  27.00-28.00  sec   147 KBytes  1.21 Mbits/sec                  
[  5]  28.00-29.00  sec  67.9 KBytes   556 Kbits/sec                  
[  5]  29.00-30.00  sec   195 KBytes  1.60 Mbits/sec                  
[  5]  30.00-31.00  sec  62.2 KBytes   510 Kbits/sec                  
[  5]  31.00-32.00  sec   151 KBytes  1.24 Mbits/sec                  
[  5]  32.00-33.00  sec   165 KBytes  1.36 Mbits/sec                  
[  5]  33.00-34.00  sec   129 KBytes  1.05 Mbits/sec                  
[  5]  34.00-35.00  sec   185 KBytes  1.52 Mbits/sec                  
[  5]  35.00-36.00  sec   300 KBytes  2.46 Mbits/sec                  
[  5]  36.00-37.00  sec   150 KBytes  1.23 Mbits/sec                  
[  5]  37.00-38.00  sec   242 KBytes  1.98 Mbits/sec                  
[  5]  38.00-39.00  sec   341 KBytes  2.79 Mbits/sec                  
[  5]  39.00-40.00  sec  0.00 Bytes  0.00 bits/sec                  
[  5]  40.00-41.00  sec   204 KBytes  1.67 Mbits/sec                  
[  5]  41.00-42.00  sec   913 KBytes  7.49 Mbits/sec                  
[  5]  42.00-43.00  sec   428 KBytes  3.51 Mbits/sec                  
[  5]  43.00-44.00  sec   286 KBytes  2.34 Mbits/sec                  
[  5]  44.00-45.00  sec   341 KBytes  2.79 Mbits/sec                  
[  5]  45.00-46.00  sec   578 KBytes  4.74 Mbits/sec                  
[  5]  46.00-47.00  sec   605 KBytes  4.96 Mbits/sec                  
[  5]  47.00-48.00  sec   648 KBytes  5.30 Mbits/sec                  
[  5]  48.00-49.00  sec   567 KBytes  4.64 Mbits/sec                  
[  5]  49.00-50.00  sec   682 KBytes  5.59 Mbits/sec                  
[  5]  50.00-51.00  sec   573 KBytes  4.69 Mbits/sec                  
[  5]  51.00-52.00  sec   577 KBytes  4.73 Mbits/sec                  
[  5]  52.00-53.00  sec   499 KBytes  4.09 Mbits/sec                  
[  5]  53.00-54.00  sec   495 KBytes  4.05 Mbits/sec                  
[  5]  54.00-55.00  sec   642 KBytes  5.26 Mbits/sec                  
[  5]  55.00-56.00  sec   263 KBytes  2.16 Mbits/sec                  
[  5]  56.00-57.00  sec   491 KBytes  4.01 Mbits/sec                  
[  5]  57.00-58.00  sec   297 KBytes  2.44 Mbits/sec                  
[  5]  58.00-59.00  sec   413 KBytes  3.38 Mbits/sec                  
[  5]  59.00-60.00  sec  29.7 KBytes   243 Kbits/sec                  
[  5]  60.00-61.00  sec  0.00 Bytes  0.00 bits/sec                  
[  5]  61.00-62.00  sec   393 KBytes  3.23 Mbits/sec                  
[  5]  62.00-63.00  sec   351 KBytes  2.87 Mbits/sec                  
[  5]  63.00-64.00  sec   749 KBytes  6.14 Mbits/sec                  
[  5]  64.00-65.00  sec   277 KBytes  2.27 Mbits/sec                  
[  5]  65.00-66.00  sec   274 KBytes  2.25 Mbits/sec                  
[  5]  66.00-67.00  sec   368 KBytes  3.01 Mbits/sec                  
[  5]  67.00-68.00  sec   445 KBytes  3.65 Mbits/sec                  
[  5]  68.00-69.00  sec   274 KBytes  2.25 Mbits/sec                  
[  5]  69.00-70.00  sec   462 KBytes  3.78 Mbits/sec                  
[  5]  70.00-71.00  sec   168 KBytes  1.38 Mbits/sec                  
[  5]  71.00-72.00  sec   410 KBytes  3.36 Mbits/sec                  
[  5]  72.00-73.00  sec   397 KBytes  3.25 Mbits/sec                  
[  5]  73.00-74.00  sec   404 KBytes  3.31 Mbits/sec                  
[  5]  74.00-75.00  sec   338 KBytes  2.77 Mbits/sec                  
[  5]  75.00-76.00  sec   348 KBytes  2.85 Mbits/sec                  
[  5]  76.00-77.00  sec   433 KBytes  3.54 Mbits/sec                  
[  5]  77.00-78.00  sec   243 KBytes  2.00 Mbits/sec                  
[  5]  78.00-79.00  sec   354 KBytes  2.89 Mbits/sec                  
[  5]  79.00-80.00  sec  0.00 Bytes  0.00 bits/sec                  
[  5]  80.00-81.00  sec  0.00 Bytes  0.00 bits/sec                  
[  5]  81.00-82.00  sec   221 KBytes  1.81 Mbits/sec                  
[  5]  82.00-83.00  sec   199 KBytes  1.63 Mbits/sec                  
[  5]  83.00-84.01  sec   648 KBytes  5.29 Mbits/sec                  
[  5]  84.01-85.00  sec   773 KBytes  6.37 Mbits/sec                  
[  5]  85.00-86.00  sec   325 KBytes  2.66 Mbits/sec                  
[  5]  86.00-87.00  sec   280 KBytes  2.29 Mbits/sec                  
[  5]  87.00-88.00  sec   527 KBytes  4.32 Mbits/sec                  
[  5]  88.00-89.00  sec   693 KBytes  5.68 Mbits/sec                  
[  5]  89.00-90.00  sec   659 KBytes  5.40 Mbits/sec                  
[  5]  90.00-91.00  sec   430 KBytes  3.52 Mbits/sec                  
[  5]  91.00-92.00  sec   836 KBytes  6.86 Mbits/sec                  
[  5]  92.00-93.00  sec   619 KBytes  5.07 Mbits/sec                  
[  5]  93.00-94.00  sec   638 KBytes  5.22 Mbits/sec                  
[  5]  94.00-95.00  sec   638 KBytes  5.22 Mbits/sec                  
[  5]  95.00-96.00  sec   624 KBytes  5.11 Mbits/sec                  
[  5]  96.00-97.00  sec   592 KBytes  4.85 Mbits/sec                  
[  5]  97.00-98.00  sec   585 KBytes  4.81 Mbits/sec                  
[  5]  98.00-99.00  sec   520 KBytes  4.26 Mbits/sec                  
[  5]  99.00-100.00 sec   512 KBytes  4.19 Mbits/sec                  
[  5] 100.00-101.00 sec   584 KBytes  4.78 Mbits/sec                  
[  5] 101.00-102.00 sec   338 KBytes  2.77 Mbits/sec                  
[  5] 102.00-103.00 sec   225 KBytes  1.84 Mbits/sec                  
[  5] 103.00-104.00 sec  35.4 KBytes   290 Kbits/sec                  
[  5] 104.00-105.00 sec   590 KBytes  4.83 Mbits/sec                  
[  5] 105.00-106.00 sec  1.04 MBytes  8.75 Mbits/sec                  
[  5] 106.00-107.00 sec   594 KBytes  4.86 Mbits/sec                  
[  5] 107.00-108.00 sec   378 KBytes  3.09 Mbits/sec                  
[  5] 108.00-109.00 sec   389 KBytes  3.18 Mbits/sec                  
[  5] 109.00-110.00 sec   624 KBytes  5.10 Mbits/sec                  
[  5] 110.00-111.00 sec   536 KBytes  4.40 Mbits/sec                  
[  5] 111.00-112.00 sec   658 KBytes  5.38 Mbits/sec                  
[  5] 112.00-113.00 sec   608 KBytes  4.99 Mbits/sec                  
[  5] 113.00-114.00 sec   485 KBytes  3.97 Mbits/sec                  
[  5] 114.00-115.00 sec   676 KBytes  5.54 Mbits/sec                  
[  5] 115.00-116.00 sec   590 KBytes  4.83 Mbits/sec                  
[  5] 116.00-117.00 sec   482 KBytes  3.95 Mbits/sec                  
[  5] 117.00-118.00 sec   656 KBytes  5.37 Mbits/sec                  
[  5] 118.00-119.00 sec   366 KBytes  3.00 Mbits/sec                  
[  5] 119.00-120.00 sec   683 KBytes  5.58 Mbits/sec                  
[  5] 120.00-121.00 sec   124 KBytes  1.02 Mbits/sec                  
[  5] 121.00-122.00 sec  0.00 Bytes  0.00 bits/sec                  
[  5] 122.00-123.00 sec   308 KBytes  2.53 Mbits/sec                  
[  5] 123.00-124.00 sec  1.38 MBytes  11.6 Mbits/sec                  
[  5] 124.00-125.00 sec   421 KBytes  3.44 Mbits/sec                  
[  5] 125.00-126.00 sec   486 KBytes  3.99 Mbits/sec                  
[  5] 126.00-127.00 sec   544 KBytes  4.46 Mbits/sec                  
[  5] 127.00-128.00 sec   431 KBytes  3.53 Mbits/sec                  
[  5] 128.00-129.00 sec   527 KBytes  4.33 Mbits/sec                  
[  5] 129.00-130.00 sec   386 KBytes  3.16 Mbits/sec                  
[  5] 130.00-131.00 sec   518 KBytes  4.24 Mbits/sec                  
[  5] 131.00-132.00 sec   536 KBytes  4.40 Mbits/sec                  
[  5] 132.00-133.00 sec   529 KBytes  4.33 Mbits/sec                  
[  5] 133.00-134.00 sec   523 KBytes  4.29 Mbits/sec                  
[  5] 134.00-135.00 sec   341 KBytes  2.79 Mbits/sec                  
[  5] 135.00-136.00 sec   232 KBytes  1.90 Mbits/sec                  
[  5] 136.00-137.00 sec  0.00 Bytes  0.00 bits/sec                  
[  5] 137.00-138.00 sec   666 KBytes  5.46 Mbits/sec                  
[  5] 138.00-139.00 sec   781 KBytes  6.40 Mbits/sec                  
[  5] 139.00-140.00 sec   600 KBytes  4.91 Mbits/sec                  
[  5] 140.00-141.00 sec   102 KBytes   833 Kbits/sec                  
[  5] 141.00-142.00 sec   578 KBytes  4.74 Mbits/sec                  
[  5] 142.00-143.00 sec  59.4 KBytes   486 Kbits/sec                  
[  5] 143.00-144.00 sec  0.00 Bytes  0.00 bits/sec                  
[  5] 144.00-145.00 sec  0.00 Bytes  0.00 bits/sec                  
[  5] 145.00-146.00 sec  0.00 Bytes  0.00 bits/sec                  
[  5] 146.00-147.00 sec  0.00 Bytes  0.00 bits/sec                  
[  5] 147.00-148.00 sec  1.91 MBytes  16.1 Mbits/sec                  
[  5] 148.00-149.00 sec   307 KBytes  2.52 Mbits/sec                  
[  5] 149.00-150.00 sec   297 KBytes  2.43 Mbits/sec                  
[  5] 150.00-151.00 sec   362 KBytes  2.96 Mbits/sec                  
[  5] 151.00-152.00 sec   624 KBytes  5.11 Mbits/sec                  
[  5] 152.00-153.00 sec   297 KBytes  2.44 Mbits/sec                  
[  5] 153.00-154.00 sec   144 KBytes  1.18 Mbits/sec                  
[  5] 154.00-155.00 sec   792 KBytes  6.49 Mbits/sec                  
[  5] 155.00-156.00 sec   225 KBytes  1.84 Mbits/sec                  
[  5] 156.00-157.00 sec   335 KBytes  2.75 Mbits/sec                  
[  5] 157.00-158.00 sec   694 KBytes  5.69 Mbits/sec                  
[  5] 158.00-159.00 sec   239 KBytes  1.95 Mbits/sec                  
[  5] 159.00-160.00 sec   431 KBytes  3.54 Mbits/sec                  
[  5] 160.00-161.00 sec   484 KBytes  3.96 Mbits/sec                  
[  5] 161.00-162.00 sec   454 KBytes  3.72 Mbits/sec                  
[  5] 162.00-163.00 sec   110 KBytes   903 Kbits/sec                  
[  5] 163.00-164.00 sec  0.00 Bytes  0.00 bits/sec                  
[  5] 164.00-165.00 sec  0.00 Bytes  0.00 bits/sec                  
[  5] 165.00-166.00 sec  0.00 Bytes  0.00 bits/sec                  
[  5] 166.00-167.00 sec  0.00 Bytes  0.00 bits/sec                  
[  5] 167.00-168.00 sec  0.00 Bytes  0.00 bits/sec                  
[  5] 168.00-169.00 sec  0.00 Bytes  0.00 bits/sec                  
[  5] 169.00-170.00 sec  0.00 Bytes  0.00 bits/sec                  
[  5] 170.00-171.00 sec  1.41 KBytes  11.6 Kbits/sec                  
[  5] 171.00-172.00 sec  2.83 KBytes  23.2 Kbits/sec                  
[  5] 172.00-173.00 sec  26.9 KBytes   220 Kbits/sec                  
[  5] 173.00-174.00 sec  2.83 MBytes  23.7 Mbits/sec                  
[  5] 174.00-175.00 sec   841 KBytes  6.88 Mbits/sec                  
[  5] 175.00-176.00 sec   433 KBytes  3.55 Mbits/sec                  
[  5] 176.00-177.00 sec   884 KBytes  7.24 Mbits/sec                  
[  5] 177.00-178.00 sec   445 KBytes  3.64 Mbits/sec                  
[  5] 178.00-179.00 sec   621 KBytes  5.09 Mbits/sec                  
[  5] 179.00-180.00 sec   960 KBytes  7.88 Mbits/sec                  
[  5] 180.00-181.00 sec   601 KBytes  4.92 Mbits/sec                  
[  5] 181.00-182.00 sec   823 KBytes  6.74 Mbits/sec                  
[  5] 182.00-183.00 sec   877 KBytes  7.16 Mbits/sec                  
[  5] 183.00-184.00 sec   696 KBytes  5.71 Mbits/sec                  
[  5] 184.00-185.00 sec   909 KBytes  7.45 Mbits/sec                  
[  5] 185.00-186.00 sec   755 KBytes  6.18 Mbits/sec                  
[  5] 186.00-187.00 sec   701 KBytes  5.75 Mbits/sec                  
[  5] 187.00-188.00 sec   228 KBytes  1.86 Mbits/sec                  
[  5] 188.00-189.00 sec   659 KBytes  5.42 Mbits/sec                  
[  5] 189.00-190.00 sec  0.00 Bytes  0.00 bits/sec                  
[  5] 190.00-191.00 sec  8.48 KBytes  69.5 Kbits/sec                  
[  5] 191.00-192.00 sec  0.00 Bytes  0.00 bits/sec                  
[  5] 192.00-193.00 sec  0.00 Bytes  0.00 bits/sec                  
[  5] 193.00-194.00 sec  0.00 Bytes  0.00 bits/sec                  
[  5] 194.00-195.00 sec  0.00 Bytes  0.00 bits/sec                  
[  5] 195.00-196.00 sec  0.00 Bytes  0.00 bits/sec                  
[  5] 196.00-197.00 sec  0.00 Bytes  0.00 bits/sec                  
[  5] 197.00-198.00 sec  0.00 Bytes  0.00 bits/sec                  
[  5] 198.00-199.00 sec  0.00 Bytes  0.00 bits/sec                  
[  5] 199.00-200.00 sec  0.00 Bytes  0.00 bits/sec                  
[  5] 200.00-201.00 sec  4.24 KBytes  34.7 Kbits/sec                  
[  5] 201.00-202.00 sec  39.6 KBytes   325 Kbits/sec                  
[  5] 202.00-203.00 sec   136 KBytes  1.11 Mbits/sec                  
[  5] 203.00-204.00 sec   181 KBytes  1.48 Mbits/sec                  
[  5] 204.00-205.00 sec  0.00 Bytes  0.00 bits/sec                  
[  5] 205.00-206.00 sec   362 KBytes  2.97 Mbits/sec                  
[  5] 206.00-207.00 sec  0.00 Bytes  0.00 bits/sec                  
[  5] 207.00-208.00 sec   624 KBytes  5.11 Mbits/sec                  
[  5] 208.00-209.00 sec   732 KBytes  6.00 Mbits/sec                  
[  5] 209.00-210.00 sec   669 KBytes  5.48 Mbits/sec                  
[  5] 210.00-211.00 sec  0.00 Bytes  0.00 bits/sec                  
[  5] 211.00-212.00 sec  0.00 Bytes  0.00 bits/sec                  
[  5] 212.00-213.00 sec  0.00 Bytes  0.00 bits/sec                  
[  5] 213.00-214.00 sec  0.00 Bytes  0.00 bits/sec                  
[  5] 214.00-215.00 sec  0.00 Bytes  0.00 bits/sec                  
[  5] 215.00-216.00 sec  1.41 KBytes  11.6 Kbits/sec                  
[  5] 216.00-217.00 sec  19.8 KBytes   162 Kbits/sec                  
[  5] 217.00-218.00 sec   337 KBytes  2.75 Mbits/sec                  
[  5] 218.00-219.00 sec  4.70 MBytes  39.5 Mbits/sec                  
[  5] 219.00-220.00 sec  0.00 Bytes  0.00 bits/sec                  
[  5] 220.00-221.00 sec  0.00 Bytes  0.00 bits/sec                  
[  5] 221.00-222.00 sec  0.00 Bytes  0.00 bits/sec                  
[  5] 222.00-223.00 sec  0.00 Bytes  0.00 bits/sec                  
[  5] 223.00-224.00 sec  0.00 Bytes  0.00 bits/sec                  
[  5] 224.00-225.00 sec  0.00 Bytes  0.00 bits/sec                  
[  5] 225.00-226.00 sec  0.00 Bytes  0.00 bits/sec                  
[  5] 226.00-227.00 sec  0.00 Bytes  0.00 bits/sec                  
[  5] 227.00-228.01 sec  7.45 MBytes  62.2 Mbits/sec                  
[  5] 228.01-229.00 sec   566 KBytes  4.64 Mbits/sec                  
[  5] 229.00-230.00 sec  1.25 MBytes  10.5 Mbits/sec                  
[  5] 230.00-231.00 sec  1.12 MBytes  9.39 Mbits/sec                  
[  5] 231.00-232.00 sec  1.12 MBytes  9.37 Mbits/sec                  
[  5] 232.00-233.00 sec  1.11 MBytes  9.27 Mbits/sec                  
[  5] 233.00-234.00 sec  1.10 MBytes  9.27 Mbits/sec                  
[  5] 234.00-235.00 sec   619 KBytes  5.08 Mbits/sec                  
[  5] 235.00-236.00 sec  1.08 MBytes  9.03 Mbits/sec                  
[  5] 236.00-237.00 sec  1.10 MBytes  9.19 Mbits/sec                  
[  5] 237.00-238.00 sec  1.09 MBytes  9.09 Mbits/sec                  
[  5] 238.00-239.00 sec  1.12 MBytes  9.43 Mbits/sec                  
[  5] 239.00-240.00 sec  1.11 MBytes  9.30 Mbits/sec                  
[  5] 240.00-241.00 sec  1003 KBytes  8.22 Mbits/sec                  
[  5] 241.00-242.00 sec  1.21 MBytes  10.1 Mbits/sec                  
[  5] 242.00-243.00 sec  1018 KBytes  8.33 Mbits/sec                  
[  5] 243.00-244.00 sec  1.20 MBytes  10.1 Mbits/sec                  
[  5] 244.00-245.00 sec  1.12 MBytes  9.41 Mbits/sec                  
[  5] 245.00-246.00 sec  1.11 MBytes  9.32 Mbits/sec                  
[  5] 246.00-247.00 sec  1010 KBytes  8.26 Mbits/sec                  
[  5] 247.00-248.00 sec   981 KBytes  8.04 Mbits/sec                  
[  5] 248.00-249.00 sec  1.02 MBytes  8.57 Mbits/sec                  
[  5] 249.00-250.00 sec  1.28 MBytes  10.8 Mbits/sec                  
[  5] 250.00-251.00 sec  1.24 MBytes  10.4 Mbits/sec                  
[  5] 251.00-252.00 sec  1.13 MBytes  9.53 Mbits/sec                  
[  5] 252.00-253.00 sec  1.11 MBytes  9.34 Mbits/sec                  
[  5] 253.00-254.00 sec  1.13 MBytes  9.47 Mbits/sec                  
[  5] 254.00-255.00 sec   837 KBytes  6.86 Mbits/sec                  
[  5] 255.00-256.00 sec  0.00 Bytes  0.00 bits/sec                  
[  5] 256.00-257.00 sec  0.00 Bytes  0.00 bits/sec                  
[  5] 257.00-258.00 sec  0.00 Bytes  0.00 bits/sec                  
[  5] 258.00-259.00 sec  0.00 Bytes  0.00 bits/sec                  
[  5] 259.00-260.00 sec  5.66 KBytes  46.4 Kbits/sec                  
[  5] 260.00-261.00 sec  0.00 Bytes  0.00 bits/sec                  
[  5] 261.00-262.00 sec  0.00 Bytes  0.00 bits/sec                  
[  5] 262.00-263.00 sec  0.00 Bytes  0.00 bits/sec                  
[  5] 263.00-264.00 sec  0.00 Bytes  0.00 bits/sec                  
[  5] 264.00-265.00 sec   938 KBytes  7.69 Mbits/sec                  
[  5] 265.00-266.00 sec  1.12 MBytes  9.41 Mbits/sec                  
[  5] 266.00-267.00 sec  1.04 MBytes  8.73 Mbits/sec                  
[  5] 267.00-268.00 sec   223 KBytes  1.83 Mbits/sec                  
[  5] 268.00-269.00 sec  0.00 Bytes  0.00 bits/sec                  
[  5] 269.00-270.01 sec  0.00 Bytes  0.00 bits/sec                  
[  5] 270.01-271.00 sec  0.00 Bytes  0.00 bits/sec                  
[  5] 271.00-272.00 sec  0.00 Bytes  0.00 bits/sec                  
[  5] 272.00-273.00 sec  1.41 KBytes  11.6 Kbits/sec                  
[  5] 273.00-274.00 sec   762 KBytes  6.25 Mbits/sec                  
[  5] 274.00-275.00 sec  1.04 MBytes  8.70 Mbits/sec                  
[  5] 275.00-276.00 sec  1.04 MBytes  8.72 Mbits/sec                  
[  5] 276.00-277.00 sec   939 KBytes  7.69 Mbits/sec                  
[  5] 277.00-278.00 sec  2.26 MBytes  18.9 Mbits/sec                  
[  5] 278.00-279.00 sec  1.13 MBytes  9.49 Mbits/sec                  
[  5] 279.00-280.00 sec  1.12 MBytes  9.40 Mbits/sec                  
[  5] 280.00-281.00 sec  1.12 MBytes  9.41 Mbits/sec                  
[  5] 281.00-282.00 sec  1.13 MBytes  9.51 Mbits/sec                  
[  5] 282.00-283.00 sec  1.12 MBytes  9.42 Mbits/sec                  
[  5] 283.00-284.00 sec  1.12 MBytes  9.43 Mbits/sec                  
[  5] 284.00-285.00 sec  1.06 MBytes  8.85 Mbits/sec                  
[  5] 285.00-286.00 sec  1.09 MBytes  9.14 Mbits/sec                  
[  5] 286.00-287.00 sec  1.12 MBytes  9.40 Mbits/sec                  
[  5] 287.00-288.00 sec  1.12 MBytes  9.39 Mbits/sec                  
[  5] 288.00-289.00 sec  1.11 MBytes  9.28 Mbits/sec                  
[  5] 289.00-290.00 sec   519 KBytes  4.25 Mbits/sec                  
[  5] 290.00-291.00 sec  1.20 MBytes  10.0 Mbits/sec                  
[  5] 291.00-292.00 sec  1.17 MBytes  9.82 Mbits/sec                  
[  5] 292.00-293.00 sec  1.12 MBytes  9.39 Mbits/sec                  
[  5] 293.00-294.00 sec  1.12 MBytes  9.41 Mbits/sec                  
[  5] 294.00-295.00 sec  1.11 MBytes  9.31 Mbits/sec                  
[  5] 295.00-296.00 sec  1.07 MBytes  9.01 Mbits/sec                  
[  5] 296.00-297.00 sec  1.09 MBytes  9.15 Mbits/sec                  
[  5] 297.00-298.00 sec   945 KBytes  7.72 Mbits/sec                  
[  5] 298.00-299.00 sec  1.11 MBytes  9.37 Mbits/sec                  
[  5] 299.00-300.02 sec  26.9 KBytes   215 Kbits/sec                  
[  5] 300.02-301.00 sec  0.00 Bytes  0.00 bits/sec                  
[  5] 301.00-302.00 sec  0.00 Bytes  0.00 bits/sec                  
[  5] 302.00-303.00 sec  0.00 Bytes  0.00 bits/sec                  
[  5] 303.00-304.00 sec  2.83 KBytes  23.2 Kbits/sec                  
[  5] 304.00-305.00 sec  0.00 Bytes  0.00 bits/sec                  
[  5] 305.00-306.00 sec  0.00 Bytes  0.00 bits/sec                  
[  5] 306.00-307.00 sec  0.00 Bytes  0.00 bits/sec                  
[  5] 307.00-308.00 sec  0.00 Bytes  0.00 bits/sec                  
[  5] 308.00-309.00 sec  8.32 MBytes  69.8 Mbits/sec                  
[  5] 309.00-310.00 sec  1.14 MBytes  9.56 Mbits/sec                  
[  5] 310.00-311.00 sec  1.11 MBytes  9.35 Mbits/sec                  
[  5] 311.00-312.00 sec  1.14 MBytes  9.53 Mbits/sec                  
[  5] 312.00-313.00 sec  1.13 MBytes  9.45 Mbits/sec                  
[  5] 313.00-314.00 sec  1.11 MBytes  9.30 Mbits/sec                  
[  5] 314.00-315.00 sec  1.13 MBytes  9.49 Mbits/sec                  
[  5] 315.00-316.00 sec  1.13 MBytes  9.48 Mbits/sec                  
[  5] 316.00-317.00 sec  21.2 KBytes   174 Kbits/sec                  
[  5] 317.00-318.00 sec  0.00 Bytes  0.00 bits/sec                  
[  5] 318.00-319.00 sec  0.00 Bytes  0.00 bits/sec                  
[  5] 319.00-320.00 sec  1.41 KBytes  11.6 Kbits/sec                  
[  5] 320.00-321.00 sec  0.00 Bytes  0.00 bits/sec                  
[  5] 321.00-322.00 sec  0.00 Bytes  0.00 bits/sec                  
[  5] 322.00-323.00 sec  0.00 Bytes  0.00 bits/sec                  
[  5] 323.00-324.00 sec  2.83 KBytes  23.2 Kbits/sec                  
[  5] 324.00-325.00 sec   697 KBytes  5.71 Mbits/sec                  
[  5] 325.00-326.00 sec  1.07 MBytes  8.98 Mbits/sec                  
[  5] 326.00-327.00 sec  1.06 MBytes  8.88 Mbits/sec                  
[  5] 327.00-328.00 sec  1.06 MBytes  8.86 Mbits/sec                  
[  5] 328.00-329.00 sec  1.13 MBytes  9.45 Mbits/sec                  
[  5] 329.00-330.00 sec  1.09 MBytes  9.11 Mbits/sec                  
[  5] 330.00-331.00 sec  1.08 MBytes  9.03 Mbits/sec                  
[  5] 331.00-332.00 sec  1.09 MBytes  9.11 Mbits/sec                  
[  5] 332.00-333.00 sec  1.11 MBytes  9.35 Mbits/sec                  
[  5] 333.00-334.00 sec  1.14 MBytes  9.53 Mbits/sec                  
[  5] 334.00-335.00 sec  1.08 MBytes  9.08 Mbits/sec                  
[  5] 335.00-336.00 sec  1.14 MBytes  9.58 Mbits/sec                  
[  5] 336.00-337.00 sec  1.14 MBytes  9.56 Mbits/sec                  
[  5] 337.00-338.00 sec  1.14 MBytes  9.54 Mbits/sec                  
[  5] 338.00-339.00 sec  1.13 MBytes  9.51 Mbits/sec                  
[  5] 339.00-340.00 sec  1.14 MBytes  9.60 Mbits/sec                  
[  5] 340.00-341.00 sec  1.14 MBytes  9.54 Mbits/sec                  
[  5] 341.00-342.00 sec  1.12 MBytes  9.39 Mbits/sec                  
[  5] 342.00-343.00 sec  1.09 MBytes  9.16 Mbits/sec                  
[  5] 343.00-344.00 sec  1.11 MBytes  9.34 Mbits/sec                  
[  5] 344.00-345.00 sec  1.12 MBytes  9.40 Mbits/sec                  
[  5] 345.00-346.00 sec  1.12 MBytes  9.41 Mbits/sec                  
[  5] 346.00-347.00 sec  1.12 MBytes  9.38 Mbits/sec                  
[  5] 347.00-348.00 sec   585 KBytes  4.80 Mbits/sec                  
[  5] 348.00-349.00 sec  0.00 Bytes  0.00 bits/sec                  
[  5] 349.00-350.00 sec  0.00 Bytes  0.00 bits/sec                  
[  5] 350.00-351.00 sec  0.00 Bytes  0.00 bits/sec                  
[  5] 351.00-352.00 sec  1.41 KBytes  11.6 Kbits/sec                  
[  5] 352.00-353.00 sec  0.00 Bytes  0.00 bits/sec                  
[  5] 353.00-354.00 sec  0.00 Bytes  0.00 bits/sec                  
[  5] 354.00-355.00 sec  1.41 KBytes  11.6 Kbits/sec                  
[  5] 355.00-356.00 sec  0.00 Bytes  0.00 bits/sec                  
[  5] 356.00-357.00 sec  0.00 Bytes  0.00 bits/sec                  
[  5] 357.00-358.00 sec  0.00 Bytes  0.00 bits/sec                  
[  5] 358.00-359.00 sec  91.9 KBytes   752 Kbits/sec                  
[  5] 359.00-360.00 sec   553 KBytes  4.54 Mbits/sec                  
[  5] 360.00-361.00 sec   771 KBytes  6.31 Mbits/sec                  
[  5] 361.00-362.00 sec   805 KBytes  6.60 Mbits/sec                  
[  5] 362.00-363.00 sec   830 KBytes  6.80 Mbits/sec                  
[  5] 363.00-364.00 sec   634 KBytes  5.19 Mbits/sec                  
[  5] 364.00-365.00 sec   768 KBytes  6.29 Mbits/sec                  
[  5] 365.00-366.00 sec   776 KBytes  6.36 Mbits/sec                  
[  5] 366.00-367.00 sec  1.18 MBytes  9.87 Mbits/sec                  
[  5] 367.00-367.44 sec   478 KBytes  8.99 Mbits/sec                  
- - - - - - - - - - - - - - - - - - - - - - - - -
[ ID] Interval           Transfer     Bandwidth
[  5]   0.00-367.44 sec  0.00 Bytes  0.00 bits/sec                  sender
[  5]   0.00-367.44 sec   197 MBytes  4.49 Mbits/sec                  receiver
