-----------------------------------------------------------
Server listening on 5201
-----------------------------------------------------------
Accepted connection from 10.0.0.1, port 58135
[  5] local 10.0.0.2 port 5201 connected to 10.0.0.1 port 46110
[ ID] Interval           Transfer     Bandwidth
[  5]   0.00-1.02   sec   146 KBytes  1.16 Mbits/sec                  
[  5]   1.02-2.00   sec   209 KBytes  1.76 Mbits/sec                  
[  5]   2.00-3.01   sec   247 KBytes  2.01 Mbits/sec                  
[  5]   3.01-4.00   sec   266 KBytes  2.19 Mbits/sec                  
[  5]   4.00-5.00   sec   294 KBytes  2.41 Mbits/sec                  
[  5]   5.00-6.00   sec   281 KBytes  2.31 Mbits/sec                  
[  5]   6.00-7.03   sec   247 KBytes  1.96 Mbits/sec                  
[  5]   7.03-8.04   sec   132 KBytes  1.08 Mbits/sec                  
[  5]   8.04-9.00   sec   124 KBytes  1.06 Mbits/sec                  
[  5]   9.00-10.02  sec   421 KBytes  3.40 Mbits/sec                  
[  5]  10.02-11.01  sec   448 KBytes  3.68 Mbits/sec                  
[  5]  11.01-12.00  sec   345 KBytes  2.86 Mbits/sec                  
[  5]  12.00-13.01  sec   438 KBytes  3.56 Mbits/sec                  
[  5]  13.01-14.00  sec   260 KBytes  2.15 Mbits/sec                  
[  5]  14.00-15.00  sec  0.00 Bytes  0.00 bits/sec                  
[  5]  15.00-16.00  sec  0.00 Bytes  0.00 bits/sec                  
[  5]  16.00-17.01  sec  0.00 Bytes  0.00 bits/sec                  
[  5]  17.01-18.00  sec  1.68 MBytes  14.2 Mbits/sec                  
[  5]  18.00-19.00  sec   407 KBytes  3.34 Mbits/sec                  
[  5]  19.00-19.52  sec  90.5 KBytes  1.44 Mbits/sec                  
- - - - - - - - - - - - - - - - - - - - - - - - -
[ ID] Interval           Transfer     Bandwidth
[  5]   0.00-19.52  sec  0.00 Bytes  0.00 bits/sec                  sender
[  5]   0.00-19.52  sec  5.94 MBytes  2.55 Mbits/sec                  receiver
