Connecting to host 10.0.0.2, port 5202
[  4] local 10.0.0.1 port 46112 connected to 10.0.0.2 port 5202
[ ID] Interval           Transfer     Bandwidth       Retr  Cwnd
[  4]   0.00-1.00   sec   693 KBytes  5.67 Mbits/sec    0   56.6 KBytes       
[  4]   1.00-2.00   sec   445 KBytes  3.65 Mbits/sec    0   76.4 KBytes       
[  4]   2.00-3.00   sec   509 KBytes  4.17 Mbits/sec    0   96.2 KBytes       
[  4]   3.00-4.00   sec   509 KBytes  4.17 Mbits/sec    0    116 KBytes       
[  4]   4.00-5.00   sec   573 KBytes  4.69 Mbits/sec    0    137 KBytes       
[  4]   5.00-6.00   sec   636 KBytes  5.21 Mbits/sec    0    163 KBytes       
[  4]   6.00-7.00   sec   700 KBytes  5.74 Mbits/sec    0    201 KBytes       
[  4]   7.00-8.00   sec   954 KBytes  7.82 Mbits/sec    0    274 KBytes       
[  4]   8.00-9.00   sec  1.12 MBytes  9.38 Mbits/sec    0    370 KBytes       
[  4]   9.00-10.00  sec  1.37 MBytes  11.5 Mbits/sec    0    495 KBytes       
[  4]  10.00-11.00  sec  1.37 MBytes  11.5 Mbits/sec    0    632 KBytes       
[  4]  11.00-11.98  sec  1.25 MBytes  10.7 Mbits/sec    0    798 KBytes       
- - - - - - - - - - - - - - - - - - - - - - - - -
[ ID] Interval           Transfer     Bandwidth       Retr
[  4]   0.00-11.98  sec  10.0 MBytes  7.01 Mbits/sec    0             sender
[  4]   0.00-11.98  sec  6.80 MBytes  4.76 Mbits/sec                  receiver

iperf Done.
