Connecting to host 10.0.0.2, port 5201
[  4] local 10.0.0.1 port 46110 connected to 10.0.0.2 port 5201
[ ID] Interval           Transfer     Bandwidth       Retr  Cwnd
[  4]   0.00-1.00   sec  1.06 MBytes  8.88 Mbits/sec    0   52.3 KBytes       
[  4]   1.00-2.00   sec   891 KBytes  7.31 Mbits/sec    0   87.7 KBytes       
[  4]   2.00-3.00   sec   891 KBytes  7.30 Mbits/sec    0    122 KBytes       
[  4]   3.00-4.00   sec   827 KBytes  6.77 Mbits/sec    0    153 KBytes       
[  4]   4.00-5.00   sec   891 KBytes  7.30 Mbits/sec    0    189 KBytes       
[  4]   5.00-6.00   sec   891 KBytes  7.30 Mbits/sec    0    223 KBytes       
[  4]   6.00-7.00   sec   700 KBytes  5.73 Mbits/sec    0    253 KBytes       
[  4]   7.00-8.00   sec   636 KBytes  5.22 Mbits/sec    0    279 KBytes       
[  4]   8.00-9.00   sec   764 KBytes  6.25 Mbits/sec    0    346 KBytes       
[  4]   9.00-10.00  sec   954 KBytes  7.82 Mbits/sec    0    452 KBytes       
[  4]  10.00-11.00  sec  1.06 MBytes  8.86 Mbits/sec    0    580 KBytes       
[  4]  11.00-12.00  sec   255 KBytes  2.09 Mbits/sec   19    539 KBytes       
[  4]  12.00-13.00  sec  0.00 Bytes  0.00 bits/sec   72    407 KBytes       
[  4]  13.00-14.00  sec   445 KBytes  3.65 Mbits/sec    2    407 KBytes       
[  4]  14.00-14.00  sec  0.00 Bytes  0.00 bits/sec    0    407 KBytes       
- - - - - - - - - - - - - - - - - - - - - - - - -
[ ID] Interval           Transfer     Bandwidth       Retr
[  4]   0.00-14.00  sec  10.1 MBytes  6.03 Mbits/sec   93             sender
[  4]   0.00-14.00  sec  7.73 MBytes  4.63 Mbits/sec                  receiver

iperf Done.
