Connecting to host 10.0.0.2, port 5201
[  4] local 10.0.0.1 port 46110 connected to 10.0.0.2 port 5201
[ ID] Interval           Transfer     Bandwidth       Retr  Cwnd
[  4]   0.00-1.01   sec  1.09 MBytes  9.12 Mbits/sec    0   53.7 KBytes       
[  4]   1.01-2.00   sec   954 KBytes  7.86 Mbits/sec    0   90.5 KBytes       
[  4]   2.00-3.00   sec   891 KBytes  7.30 Mbits/sec    0    126 KBytes       
[  4]   3.00-4.00   sec   891 KBytes  7.30 Mbits/sec    1    153 KBytes       
[  4]   4.00-5.00   sec   573 KBytes  4.69 Mbits/sec    0    156 KBytes       
[  4]   5.00-6.00   sec   636 KBytes  5.22 Mbits/sec    0    158 KBytes       
[  4]   6.00-7.00   sec   573 KBytes  4.69 Mbits/sec    0    167 KBytes       
[  4]   7.00-8.00   sec   445 KBytes  3.65 Mbits/sec    0    184 KBytes       
[  4]   8.00-9.00   sec   445 KBytes  3.64 Mbits/sec    0    211 KBytes       
[  4]   9.00-10.00  sec   445 KBytes  3.65 Mbits/sec    0    240 KBytes       
[  4]  10.00-11.01  sec   445 KBytes  3.61 Mbits/sec    0    288 KBytes       
[  4]  11.01-12.00  sec   700 KBytes  5.79 Mbits/sec    0    365 KBytes       
[  4]  12.00-13.00  sec  63.6 KBytes   522 Kbits/sec   10    298 KBytes       
[  4]  13.00-14.00  sec  0.00 Bytes  0.00 bits/sec   11    260 KBytes       
[  4]  14.00-15.00  sec   382 KBytes  3.13 Mbits/sec    4    260 KBytes       
[  4]  15.00-16.00  sec   382 KBytes  3.13 Mbits/sec    0    187 KBytes       
[  4]  16.00-17.00  sec   255 KBytes  2.08 Mbits/sec    0    185 KBytes       
[  4]  17.00-18.00  sec   191 KBytes  1.56 Mbits/sec    0    199 KBytes       
[  4]  18.00-19.00  sec   191 KBytes  1.57 Mbits/sec    0    211 KBytes       
[  4]  19.00-20.00  sec  63.6 KBytes   521 Kbits/sec    0    214 KBytes       
[  4]  20.00-21.00  sec   191 KBytes  1.56 Mbits/sec    0    218 KBytes       
[  4]  21.00-22.00  sec   191 KBytes  1.56 Mbits/sec    0    221 KBytes       
[  4]  22.00-23.00  sec   191 KBytes  1.56 Mbits/sec    0    223 KBytes       
[  4]  23.00-24.00  sec   191 KBytes  1.56 Mbits/sec    0    232 KBytes       
[  4]  24.00-25.00  sec  63.6 KBytes   522 Kbits/sec    0    236 KBytes       
[  4]  25.00-26.00  sec   255 KBytes  2.08 Mbits/sec    0    263 KBytes       
[  4]  26.00-27.00  sec   191 KBytes  1.56 Mbits/sec    0    311 KBytes       
[  4]  27.00-28.00  sec  0.00 Bytes  0.00 bits/sec   15    257 KBytes       
[  4]  28.00-29.00  sec  0.00 Bytes  0.00 bits/sec    0    222 KBytes       
[  4]  29.00-30.00  sec  0.00 Bytes  0.00 bits/sec   12    222 KBytes       
[  4]  30.00-31.00  sec  0.00 Bytes  0.00 bits/sec    1   1.41 KBytes       
[  4]  31.00-32.00  sec   127 KBytes  1.04 Mbits/sec    0   1.41 KBytes       
[  4]  32.00-33.00  sec   954 KBytes  7.82 Mbits/sec    2    257 KBytes       
[  4]  33.00-34.00  sec   127 KBytes  1.04 Mbits/sec    0    269 KBytes       
[  4]  34.00-35.00  sec   127 KBytes  1.04 Mbits/sec    0    276 KBytes       
[  4]  35.00-36.00  sec   127 KBytes  1.04 Mbits/sec    0    284 KBytes       
[  4]  36.00-37.00  sec   255 KBytes  2.08 Mbits/sec    0    298 KBytes       
[  4]  37.00-38.00  sec   318 KBytes  2.61 Mbits/sec    0    313 KBytes       
[  4]  38.00-39.00  sec   318 KBytes  2.61 Mbits/sec    0    368 KBytes       
[  4]  39.00-40.00  sec   509 KBytes  4.17 Mbits/sec    0    431 KBytes       
[  4]  40.00-41.00  sec   318 KBytes  2.61 Mbits/sec    0    467 KBytes       
[  4]  41.00-42.00  sec  1.30 MBytes  11.0 Mbits/sec    0    615 KBytes       
[  4]  42.00-43.00  sec  1.25 MBytes  10.5 Mbits/sec    0    788 KBytes       
[  4]  43.00-44.00  sec   565 KBytes  4.63 Mbits/sec    0    840 KBytes       
[  4]  44.00-45.00  sec  0.00 Bytes  0.00 bits/sec  106    594 KBytes       
[  4]  45.00-46.00  sec   255 KBytes  2.09 Mbits/sec    4    594 KBytes       
[  4]  46.00-47.00  sec  0.00 Bytes  0.00 bits/sec   30    594 KBytes       
[  4]  47.00-48.00  sec  0.00 Bytes  0.00 bits/sec   13   1.41 KBytes       
[  4]  48.00-49.00  sec   445 KBytes  3.65 Mbits/sec    0   1.41 KBytes       
[  4]  49.00-50.00  sec  63.6 KBytes   521 Kbits/sec   13   87.7 KBytes       
[  4]  50.00-51.00  sec  1.74 MBytes  14.6 Mbits/sec    0    665 KBytes       
[  4]  51.00-52.00  sec   382 KBytes  3.13 Mbits/sec    0    686 KBytes       
[  4]  52.00-53.00  sec   255 KBytes  2.08 Mbits/sec    0    697 KBytes       
[  4]  53.00-54.00  sec   636 KBytes  5.22 Mbits/sec    0    732 KBytes       
[  4]  54.00-55.00  sec   382 KBytes  3.13 Mbits/sec    0    752 KBytes       
[  4]  55.00-56.00  sec   382 KBytes  3.13 Mbits/sec    0    769 KBytes       
[  4]  56.00-57.00  sec   764 KBytes  6.26 Mbits/sec    0    807 KBytes       
[  4]  57.00-58.00  sec  0.00 Bytes  0.00 bits/sec    7    747 KBytes       
[  4]  58.00-59.00  sec  0.00 Bytes  0.00 bits/sec    0    566 KBytes       
[  4]  59.00-60.00  sec  0.00 Bytes  0.00 bits/sec   68    566 KBytes       
[  4]  60.00-61.00  sec  0.00 Bytes  0.00 bits/sec    0    566 KBytes       
[  4]  61.00-62.00  sec  0.00 Bytes  0.00 bits/sec    1   1.41 KBytes       
[  4]  62.00-63.00  sec   318 KBytes  2.60 Mbits/sec    1   2.83 KBytes       
[  4]  63.00-64.00  sec  2.11 MBytes  17.7 Mbits/sec    0    658 KBytes       
[  4]  64.00-65.00  sec   636 KBytes  5.21 Mbits/sec    0    690 KBytes       
[  4]  65.00-66.00  sec   382 KBytes  3.13 Mbits/sec    0    713 KBytes       
[  4]  66.00-67.00  sec   318 KBytes  2.60 Mbits/sec    0    728 KBytes       
[  4]  67.00-68.00  sec   636 KBytes  5.21 Mbits/sec    0    761 KBytes       
[  4]  68.00-69.00  sec   509 KBytes  4.17 Mbits/sec    0    786 KBytes       
[  4]  69.00-70.00  sec   318 KBytes  2.61 Mbits/sec    0    802 KBytes       
[  4]  70.00-71.00  sec   700 KBytes  5.73 Mbits/sec    0    846 KBytes       
[  4]  71.00-72.00  sec   827 KBytes  6.78 Mbits/sec    0    922 KBytes       
[  4]  72.00-73.00  sec   891 KBytes  7.30 Mbits/sec    0    996 KBytes       
[  4]  73.00-74.00  sec   127 KBytes  1.04 Mbits/sec   45    758 KBytes       
[  4]  74.00-75.00  sec  0.00 Bytes  0.00 bits/sec   10    710 KBytes       
[  4]  75.00-76.00  sec   954 KBytes  7.81 Mbits/sec    4    710 KBytes       
[  4]  76.00-77.00  sec  1.25 MBytes  10.5 Mbits/sec    0    775 KBytes       
[  4]  77.00-78.00  sec   374 KBytes  3.07 Mbits/sec    0    820 KBytes       
[  4]  78.00-79.00  sec   509 KBytes  4.17 Mbits/sec    0    874 KBytes       
[  4]  79.00-80.00  sec   636 KBytes  5.21 Mbits/sec    0    932 KBytes       
[  4]  80.00-81.00  sec   191 KBytes  1.56 Mbits/sec    0    945 KBytes       
[  4]  81.00-82.00  sec  0.00 Bytes  0.00 bits/sec   32    660 KBytes       
[  4]  82.00-83.00  sec   509 KBytes  4.17 Mbits/sec    1    660 KBytes       
[  4]  83.00-84.00  sec   509 KBytes  4.17 Mbits/sec    0    619 KBytes       
[  4]  84.00-85.00  sec  1.25 MBytes  10.5 Mbits/sec    0    471 KBytes       
[  4]  85.00-86.00  sec   565 KBytes  4.63 Mbits/sec    0    510 KBytes       
[  4]  86.00-87.00  sec   509 KBytes  4.17 Mbits/sec    0    536 KBytes       
[  4]  87.00-88.00  sec   445 KBytes  3.65 Mbits/sec    0    550 KBytes       
[  4]  88.00-89.00  sec   191 KBytes  1.56 Mbits/sec    0    553 KBytes       
[  4]  89.00-90.00  sec   445 KBytes  3.65 Mbits/sec    0    557 KBytes       
[  4]  90.00-91.00  sec   509 KBytes  4.17 Mbits/sec    0    560 KBytes       
[  4]  91.00-92.00  sec   318 KBytes  2.61 Mbits/sec    0    564 KBytes       
[  4]  92.00-93.00  sec   255 KBytes  2.08 Mbits/sec    0    568 KBytes       
[  4]  93.00-94.00  sec   573 KBytes  4.69 Mbits/sec    0    591 KBytes       
[  4]  94.00-95.00  sec   318 KBytes  2.61 Mbits/sec    0    622 KBytes       
[  4]  95.00-96.00  sec   255 KBytes  2.08 Mbits/sec    0    642 KBytes       
[  4]  96.00-97.00  sec  0.00 Bytes  0.00 bits/sec   11    457 KBytes       
[  4]  97.00-98.00  sec  0.00 Bytes  0.00 bits/sec   11    450 KBytes       
[  4]  98.00-99.00  sec  0.00 Bytes  0.00 bits/sec   16    450 KBytes       
[  4]  99.00-100.00 sec  0.00 Bytes  0.00 bits/sec   13   1.41 KBytes       
[  4] 100.00-101.00 sec   191 KBytes  1.56 Mbits/sec    0   1.41 KBytes       
[  4] 101.00-102.00 sec   127 KBytes  1.04 Mbits/sec    5   25.5 KBytes       
[  4] 102.00-103.00 sec  1.25 MBytes  10.5 Mbits/sec    0    519 KBytes       
[  4] 103.00-104.00 sec   820 KBytes  6.72 Mbits/sec    0    546 KBytes       
[  4] 104.00-105.00 sec   382 KBytes  3.13 Mbits/sec    0    564 KBytes       
[  4] 105.00-106.00 sec   191 KBytes  1.56 Mbits/sec    0    573 KBytes       
[  4] 106.00-107.00 sec   573 KBytes  4.69 Mbits/sec    0    601 KBytes       
[  4] 107.00-108.00 sec   509 KBytes  4.17 Mbits/sec    0    628 KBytes       
[  4] 108.00-109.00 sec   127 KBytes  1.04 Mbits/sec    0    636 KBytes       
[  4] 109.00-110.00 sec   509 KBytes  4.17 Mbits/sec    0    697 KBytes       
[  4] 110.00-111.00 sec   509 KBytes  4.17 Mbits/sec    0    817 KBytes       
[  4] 111.00-112.00 sec   127 KBytes  1.04 Mbits/sec    0    853 KBytes       
[  4] 112.00-113.00 sec  0.00 Bytes  0.00 bits/sec   48    607 KBytes       
[  4] 113.00-114.00 sec  0.00 Bytes  0.00 bits/sec   41    607 KBytes       
[  4] 114.00-115.00 sec  0.00 Bytes  0.00 bits/sec   11    607 KBytes       
[  4] 115.00-116.00 sec  0.00 Bytes  0.00 bits/sec    1   1.41 KBytes       
[  4] 116.00-117.00 sec   382 KBytes  3.13 Mbits/sec    2   2.83 KBytes       
[  4] 117.00-118.00 sec  2.24 MBytes  18.8 Mbits/sec    7    701 KBytes       
[  4] 118.00-119.00 sec   382 KBytes  3.12 Mbits/sec    0    723 KBytes       
[  4] 119.00-120.00 sec   509 KBytes  4.17 Mbits/sec    0    747 KBytes       
[  4] 120.00-121.00 sec   445 KBytes  3.65 Mbits/sec    0    771 KBytes       
[  4] 121.00-122.00 sec   445 KBytes  3.65 Mbits/sec    0    795 KBytes       
[  4] 122.00-123.00 sec   509 KBytes  4.17 Mbits/sec    0    819 KBytes       
[  4] 123.00-124.00 sec   445 KBytes  3.65 Mbits/sec    0    841 KBytes       
[  4] 124.00-125.00 sec   509 KBytes  4.17 Mbits/sec    0    867 KBytes       
[  4] 125.00-126.00 sec   445 KBytes  3.65 Mbits/sec    0    919 KBytes       
[  4] 126.00-127.00 sec   445 KBytes  3.65 Mbits/sec    0   1004 KBytes       
[  4] 127.00-128.00 sec  1.06 MBytes  8.87 Mbits/sec    0   1.10 MBytes       
[  4] 128.00-129.00 sec   891 KBytes  7.29 Mbits/sec    2   1.17 MBytes       
[  4] 129.00-130.00 sec  0.00 Bytes  0.00 bits/sec   36   1005 KBytes       
[  4] 130.00-131.00 sec  0.00 Bytes  0.00 bits/sec   68    864 KBytes       
[  4] 131.00-132.00 sec  0.00 Bytes  0.00 bits/sec   10    864 KBytes       
[  4] 132.00-133.00 sec  0.00 Bytes  0.00 bits/sec   62    864 KBytes       
[  4] 133.00-134.00 sec   191 KBytes  1.56 Mbits/sec    3   1.41 KBytes       
[  4] 134.00-135.00 sec   382 KBytes  3.13 Mbits/sec   37   52.3 KBytes       
[  4] 135.00-136.00 sec  2.50 MBytes  21.0 Mbits/sec   53    981 KBytes       
[  4] 136.00-137.00 sec  1.04 MBytes  8.74 Mbits/sec    0   1018 KBytes       
[  4] 137.00-138.00 sec   382 KBytes  3.13 Mbits/sec    0   1.01 MBytes       
[  4] 138.00-139.00 sec   636 KBytes  5.21 Mbits/sec    0   1.04 MBytes       
[  4] 139.00-140.00 sec   382 KBytes  3.13 Mbits/sec    0   1.06 MBytes       
[  4] 140.00-141.00 sec   636 KBytes  5.21 Mbits/sec    0   1.10 MBytes       
[  4] 141.00-142.00 sec   318 KBytes  2.61 Mbits/sec    0   1.11 MBytes       
[  4] 142.00-143.00 sec   827 KBytes  6.77 Mbits/sec    0   1.15 MBytes       
[  4] 143.00-144.00 sec  0.00 Bytes  0.00 bits/sec    2   1.13 MBytes       
[  4] 144.00-145.00 sec  0.00 Bytes  0.00 bits/sec    3    850 KBytes       
[  4] 145.00-146.00 sec  0.00 Bytes  0.00 bits/sec    0    830 KBytes       
[  4] 146.00-147.00 sec  0.00 Bytes  0.00 bits/sec   93    826 KBytes       
[  4] 147.00-148.00 sec  0.00 Bytes  0.00 bits/sec   17    826 KBytes       
[  4] 148.00-149.00 sec  0.00 Bytes  0.00 bits/sec   30   1.41 KBytes       
[  4] 149.00-150.00 sec   445 KBytes  3.65 Mbits/sec    0   1.41 KBytes       
[  4] 150.00-151.00 sec  1.25 MBytes  10.5 Mbits/sec   23    867 KBytes       
[  4] 151.00-152.00 sec  1.25 MBytes  10.5 Mbits/sec    0    973 KBytes       
[  4] 152.00-153.00 sec  1.25 MBytes  10.5 Mbits/sec    0   1000 KBytes       
[  4] 153.00-154.00 sec   551 KBytes  4.51 Mbits/sec    0   1024 KBytes       
[  4] 154.00-155.00 sec   573 KBytes  4.69 Mbits/sec    0   1.03 MBytes       
[  4] 155.00-156.00 sec   445 KBytes  3.65 Mbits/sec    0   1.05 MBytes       
[  4] 156.00-157.00 sec   636 KBytes  5.21 Mbits/sec    0   1.08 MBytes       
[  4] 157.00-158.00 sec   382 KBytes  3.13 Mbits/sec    0   1.10 MBytes       
[  4] 158.00-159.00 sec   636 KBytes  5.21 Mbits/sec    0   1.13 MBytes       
[  4] 159.00-160.00 sec   445 KBytes  3.65 Mbits/sec    0   1.18 MBytes       
[  4] 160.00-161.00 sec   954 KBytes  7.82 Mbits/sec    0   1.28 MBytes       
[  4] 161.00-162.00 sec  1.12 MBytes  9.38 Mbits/sec    1   1.39 MBytes       
[  4] 162.00-163.00 sec  0.00 Bytes  0.00 bits/sec   27   1.24 MBytes       
[  4] 163.00-164.00 sec  0.00 Bytes  0.00 bits/sec   85   1004 KBytes       
[  4] 164.00-165.00 sec  0.00 Bytes  0.00 bits/sec   45   1004 KBytes       
[  4] 165.00-166.00 sec  0.00 Bytes  0.00 bits/sec   81   1004 KBytes       
[  4] 166.00-167.00 sec  0.00 Bytes  0.00 bits/sec   47   1.41 KBytes       
[  4] 167.00-168.00 sec  63.6 KBytes   521 Kbits/sec    0   1.41 KBytes       
[  4] 168.00-169.00 sec   255 KBytes  2.09 Mbits/sec    0   1.41 KBytes       
[  4] 169.00-170.00 sec  0.00 Bytes  0.00 bits/sec    0   1.41 KBytes       
[  4] 170.00-171.00 sec  0.00 Bytes  0.00 bits/sec    1   1.41 KBytes       
[  4] 171.00-172.00 sec  63.6 KBytes   521 Kbits/sec    0    129 KBytes       
[  4] 172.00-173.00 sec  63.6 KBytes   521 Kbits/sec   91    129 KBytes       
[  4] 173.00-174.00 sec  0.00 Bytes  0.00 bits/sec    0    129 KBytes       
[  4] 174.00-175.00 sec  1.25 MBytes  10.5 Mbits/sec   64   1.08 MBytes       
[  4] 175.00-176.00 sec  1.25 MBytes  10.5 Mbits/sec    0   1.14 MBytes       
[  4] 176.00-177.00 sec  1.25 MBytes  10.5 Mbits/sec    1   1.16 MBytes       
[  4] 177.00-178.00 sec   551 KBytes  4.51 Mbits/sec   85   1008 KBytes       
[  4] 178.00-179.00 sec  0.00 Bytes  0.00 bits/sec   37    834 KBytes       
[  4] 179.00-180.00 sec  0.00 Bytes  0.00 bits/sec   19    834 KBytes       
[  4] 180.00-181.00 sec  0.00 Bytes  0.00 bits/sec   94    834 KBytes       
[  4] 181.00-182.00 sec   318 KBytes  2.61 Mbits/sec    6   1.41 KBytes       
[  4] 182.00-183.00 sec   318 KBytes  2.61 Mbits/sec   85    410 KBytes       
[  4] 183.00-184.00 sec  1.25 MBytes  10.5 Mbits/sec    0    936 KBytes       
[  4] 184.00-185.00 sec  1.25 MBytes  10.5 Mbits/sec    0    983 KBytes       
[  4] 185.00-186.00 sec   813 KBytes  6.65 Mbits/sec    0    987 KBytes       
[  4] 186.00-187.00 sec   891 KBytes  7.30 Mbits/sec    0   1.01 MBytes       
[  4] 187.00-188.00 sec  63.6 KBytes   521 Kbits/sec    0   1.01 MBytes       
[  4] 188.00-189.00 sec   954 KBytes  7.81 Mbits/sec    0   1.06 MBytes       
[  4] 189.00-190.00 sec  63.6 KBytes   521 Kbits/sec    0   1.06 MBytes       
[  4] 190.00-191.00 sec   891 KBytes  7.30 Mbits/sec    0   1.11 MBytes       
[  4] 191.00-192.00 sec  63.6 KBytes   521 Kbits/sec    0   1.11 MBytes       
[  4] 192.00-193.00 sec   700 KBytes  5.73 Mbits/sec    0   1.23 MBytes       
[  4] 193.00-194.00 sec   382 KBytes  3.13 Mbits/sec    0   1.30 MBytes       
[  4] 194.00-195.00 sec  0.00 Bytes  0.00 bits/sec   22   1.22 MBytes       
[  4] 195.00-196.00 sec  0.00 Bytes  0.00 bits/sec   93    939 KBytes       
[  4] 196.00-197.00 sec  0.00 Bytes  0.00 bits/sec    2    939 KBytes       
[  4] 197.00-198.00 sec  0.00 Bytes  0.00 bits/sec  158    939 KBytes       
[  4] 198.00-199.00 sec  0.00 Bytes  0.00 bits/sec   40    939 KBytes       
[  4] 199.00-200.00 sec  0.00 Bytes  0.00 bits/sec   54    939 KBytes       
[  4] 200.00-201.00 sec   191 KBytes  1.56 Mbits/sec    1   1.41 KBytes       
[  4] 201.00-202.00 sec  1.25 MBytes  10.5 Mbits/sec  209   1.00 MBytes       
[  4] 202.00-203.00 sec  1.25 MBytes  10.5 Mbits/sec    0   1.00 MBytes       
[  4] 203.00-204.00 sec  1.25 MBytes  10.5 Mbits/sec    0   1.07 MBytes       
[  4] 204.00-205.00 sec   296 KBytes  2.42 Mbits/sec    0   1.08 MBytes       
[  4] 205.00-206.00 sec   636 KBytes  5.21 Mbits/sec    0   1.11 MBytes       
[  4] 206.00-207.00 sec   509 KBytes  4.17 Mbits/sec    0   1.13 MBytes       
[  4] 207.00-208.00 sec   318 KBytes  2.61 Mbits/sec    0   1.15 MBytes       
[  4] 208.00-209.00 sec   827 KBytes  6.78 Mbits/sec    0   1.19 MBytes       
[  4] 209.00-210.00 sec  0.00 Bytes  0.00 bits/sec    0   1.19 MBytes       
[  4] 210.00-211.00 sec   700 KBytes  5.73 Mbits/sec    0   1.32 MBytes       
[  4] 211.00-212.00 sec   382 KBytes  3.13 Mbits/sec    0   1.40 MBytes       
[  4] 212.00-213.00 sec  0.00 Bytes  0.00 bits/sec   34   1.26 MBytes       
[  4] 213.00-214.00 sec  0.00 Bytes  0.00 bits/sec   66   1004 KBytes       
[  4] 214.00-215.00 sec  0.00 Bytes  0.00 bits/sec    8   1004 KBytes       
[  4] 215.00-216.00 sec  0.00 Bytes  0.00 bits/sec  187   1004 KBytes       
[  4] 216.00-217.00 sec  0.00 Bytes  0.00 bits/sec   53   1004 KBytes       
[  4] 217.00-218.00 sec  0.00 Bytes  0.00 bits/sec   89   1003 KBytes       
[  4] 218.00-219.00 sec   191 KBytes  1.56 Mbits/sec    1   1.41 KBytes       
[  4] 219.00-220.00 sec  63.6 KBytes   522 Kbits/sec    7   9.90 KBytes       
[  4] 220.00-221.00 sec   573 KBytes  4.69 Mbits/sec  184    666 KBytes       
[  4] 221.00-222.00 sec  2.50 MBytes  21.0 Mbits/sec    0   1.12 MBytes       
[  4] 222.00-223.00 sec   749 KBytes  6.13 Mbits/sec    0   1.13 MBytes       
[  4] 223.00-224.00 sec   636 KBytes  5.22 Mbits/sec    0   1.16 MBytes       
[  4] 224.00-225.00 sec   573 KBytes  4.69 Mbits/sec    0   1.19 MBytes       
[  4] 225.00-226.00 sec  63.6 KBytes   521 Kbits/sec    0   1.19 MBytes       
[  4] 226.00-227.00 sec   191 KBytes  1.57 Mbits/sec    2    973 KBytes       
[  4] 227.00-228.00 sec  0.00 Bytes  0.00 bits/sec    0    963 KBytes       
[  4] 228.00-229.00 sec  0.00 Bytes  0.00 bits/sec    9    861 KBytes       
[  4] 229.00-230.00 sec  0.00 Bytes  0.00 bits/sec    1    861 KBytes       
[  4] 230.00-231.00 sec  0.00 Bytes  0.00 bits/sec    2    861 KBytes       
[  4] 231.00-232.00 sec  0.00 Bytes  0.00 bits/sec   24    861 KBytes       
[  4] 232.00-233.00 sec   255 KBytes  2.08 Mbits/sec    1   1.41 KBytes       
[  4] 233.00-234.00 sec  2.50 MBytes  21.0 Mbits/sec   27    950 KBytes       
[  4] 234.00-235.00 sec   876 KBytes  7.17 Mbits/sec    0    998 KBytes       
[  4] 235.00-236.00 sec   954 KBytes  7.82 Mbits/sec    0   1.02 MBytes       
[  4] 236.00-237.00 sec   891 KBytes  7.30 Mbits/sec    0   1.07 MBytes       
[  4] 237.00-238.00 sec   191 KBytes  1.56 Mbits/sec    0   1.08 MBytes       
[  4] 238.00-239.00 sec   891 KBytes  7.30 Mbits/sec    0   1.12 MBytes       
[  4] 239.00-240.00 sec   127 KBytes  1.04 Mbits/sec    0   1.13 MBytes       
[  4] 240.00-241.00 sec   700 KBytes  5.73 Mbits/sec    0   1.16 MBytes       
[  4] 241.00-242.00 sec   382 KBytes  3.13 Mbits/sec    0   1.18 MBytes       
[  4] 242.00-243.00 sec   382 KBytes  3.13 Mbits/sec    0   1.20 MBytes       
[  4] 243.00-244.00 sec   700 KBytes  5.74 Mbits/sec    0   1.24 MBytes       
[  4] 244.00-245.00 sec   191 KBytes  1.56 Mbits/sec    0   1.26 MBytes       
[  4] 245.00-246.00 sec   827 KBytes  6.77 Mbits/sec    0   1.41 MBytes       
[  4] 246.00-247.00 sec   636 KBytes  5.21 Mbits/sec    2   1.47 MBytes       
[  4] 247.00-248.00 sec  0.00 Bytes  0.00 bits/sec   34   1.33 MBytes       
[  4] 248.00-249.00 sec  0.00 Bytes  0.00 bits/sec  113   1.03 MBytes       
[  4] 249.00-250.00 sec   127 KBytes  1.04 Mbits/sec   24   1.03 MBytes       
[  4] 250.00-251.00 sec  0.00 Bytes  0.00 bits/sec   36   1.03 MBytes       
[  4] 251.00-252.00 sec  0.00 Bytes  0.00 bits/sec   24   1.03 MBytes       
[  4] 252.00-253.00 sec  0.00 Bytes  0.00 bits/sec   65   1.41 KBytes       
[  4] 253.00-254.00 sec   445 KBytes  3.65 Mbits/sec   35   49.5 KBytes       
[  4] 254.00-255.00 sec  1.25 MBytes  10.5 Mbits/sec  131   1.09 MBytes       
[  4] 255.00-256.00 sec  1.25 MBytes  10.5 Mbits/sec    0   1.18 MBytes       
[  4] 256.00-257.00 sec  1.25 MBytes  10.5 Mbits/sec    0   1.21 MBytes       
[  4] 257.00-258.00 sec   996 KBytes  8.15 Mbits/sec    0   1.23 MBytes       
[  4] 258.00-259.00 sec   700 KBytes  5.74 Mbits/sec    0   1.26 MBytes       
[  4] 259.00-260.00 sec  63.6 KBytes   522 Kbits/sec   47   1.09 MBytes       
[  4] 260.00-261.00 sec  0.00 Bytes  0.00 bits/sec   60    905 KBytes       
[  4] 261.00-262.00 sec  0.00 Bytes  0.00 bits/sec    2    905 KBytes       
[  4] 262.00-263.00 sec  0.00 Bytes  0.00 bits/sec   78    905 KBytes       
[  4] 263.00-264.00 sec  0.00 Bytes  0.00 bits/sec   69    905 KBytes       
[  4] 264.00-265.00 sec  0.00 Bytes  0.00 bits/sec   87    905 KBytes       
[  4] 265.00-266.00 sec   127 KBytes  1.04 Mbits/sec   37   1.41 KBytes       
[  4] 266.00-267.00 sec   127 KBytes  1.04 Mbits/sec   25   24.0 KBytes       
[  4] 267.00-268.00 sec  63.6 KBytes   522 Kbits/sec   44   62.2 KBytes       
[  4] 268.00-269.00 sec  0.00 Bytes  0.00 bits/sec    0   62.2 KBytes       
[  4] 269.00-270.00 sec  1.25 MBytes  10.5 Mbits/sec  105    954 KBytes       
[  4] 270.00-271.00 sec  1.25 MBytes  10.5 Mbits/sec    0   1.06 MBytes       
[  4] 271.00-272.00 sec  1.25 MBytes  10.5 Mbits/sec    0   1.07 MBytes       
[  4] 272.00-273.00 sec  1.22 MBytes  10.2 Mbits/sec    0   1.10 MBytes       
[  4] 273.00-274.00 sec   445 KBytes  3.65 Mbits/sec    0   1.12 MBytes       
[  4] 274.00-275.00 sec   382 KBytes  3.13 Mbits/sec    0   1.14 MBytes       
[  4] 275.00-276.00 sec   700 KBytes  5.74 Mbits/sec    0   1.18 MBytes       
[  4] 276.00-277.00 sec  0.00 Bytes  0.00 bits/sec    2   1.16 MBytes       
[  4] 277.00-278.00 sec  0.00 Bytes  0.00 bits/sec   27    858 KBytes       
[  4] 278.00-279.00 sec  0.00 Bytes  0.00 bits/sec    4    844 KBytes       
[  4] 279.00-280.00 sec  0.00 Bytes  0.00 bits/sec   52    844 KBytes       
[  4] 280.00-281.00 sec  0.00 Bytes  0.00 bits/sec   59    844 KBytes       
[  4] 281.00-282.00 sec  0.00 Bytes  0.00 bits/sec   71    844 KBytes       
[  4] 282.00-283.00 sec   191 KBytes  1.56 Mbits/sec    4   1.41 KBytes       
[  4] 283.00-284.00 sec   382 KBytes  3.13 Mbits/sec  110    283 KBytes       
[  4] 284.00-285.00 sec  2.50 MBytes  21.0 Mbits/sec    0    991 KBytes       
[  4] 285.00-286.00 sec  1.23 MBytes  10.3 Mbits/sec    0   1015 KBytes       
[  4] 286.00-287.00 sec   445 KBytes  3.65 Mbits/sec    0   1.02 MBytes       
[  4] 287.00-288.00 sec   382 KBytes  3.12 Mbits/sec    0   1.03 MBytes       
[  4] 288.00-289.00 sec   636 KBytes  5.21 Mbits/sec    0   1.07 MBytes       
[  4] 289.00-290.00 sec  63.6 KBytes   522 Kbits/sec    0   1.07 MBytes       
[  4] 290.00-291.00 sec   954 KBytes  7.81 Mbits/sec    0   1.12 MBytes       
[  4] 291.00-292.00 sec  63.6 KBytes   522 Kbits/sec    0   1.12 MBytes       
[  4] 292.00-293.00 sec   445 KBytes  3.65 Mbits/sec   11   1.05 MBytes       
[  4] 293.00-294.00 sec  0.00 Bytes  0.00 bits/sec   18    970 KBytes       
[  4] 294.00-295.00 sec  0.00 Bytes  0.00 bits/sec   30    841 KBytes       
[  4] 295.00-296.00 sec   127 KBytes  1.04 Mbits/sec   18    841 KBytes       
[  4] 296.00-297.00 sec  0.00 Bytes  0.00 bits/sec   74    841 KBytes       
[  4] 297.00-298.00 sec  0.00 Bytes  0.00 bits/sec   81    841 KBytes       
[  4] 298.00-299.00 sec  0.00 Bytes  0.00 bits/sec   14   1.41 KBytes       
[  4] 299.00-300.00 sec  1.25 MBytes  10.5 Mbits/sec  226    908 KBytes       
[  4] 300.00-301.00 sec  1.25 MBytes  10.5 Mbits/sec    0    994 KBytes       
[  4] 301.00-302.00 sec  1.25 MBytes  10.5 Mbits/sec    0   1010 KBytes       
[  4] 302.00-303.00 sec  1.10 MBytes  9.20 Mbits/sec    0   1.02 MBytes       
[  4] 303.00-304.00 sec   318 KBytes  2.61 Mbits/sec    0   1.04 MBytes       
[  4] 304.00-305.00 sec   573 KBytes  4.69 Mbits/sec    0   1.06 MBytes       
[  4] 305.00-306.00 sec   445 KBytes  3.65 Mbits/sec    0   1.09 MBytes       
[  4] 306.00-307.00 sec   318 KBytes  2.60 Mbits/sec    0   1.10 MBytes       
[  4] 307.00-308.00 sec   636 KBytes  5.21 Mbits/sec    0   1.14 MBytes       
[  4] 308.00-309.01 sec   127 KBytes  1.04 Mbits/sec    0   1.15 MBytes       
[  4] 309.01-310.00 sec   573 KBytes  4.71 Mbits/sec    0   1.29 MBytes       
[  4] 310.00-311.00 sec   382 KBytes  3.14 Mbits/sec    0   1.40 MBytes       
[  4] 311.00-312.00 sec   127 KBytes  1.04 Mbits/sec    1   1.44 MBytes       
[  4] 312.00-313.00 sec  0.00 Bytes  0.00 bits/sec   74   1.18 MBytes       
[  4] 313.00-314.00 sec  0.00 Bytes  0.00 bits/sec   63   1.01 MBytes       
[  4] 314.00-315.00 sec  0.00 Bytes  0.00 bits/sec   40   1.01 MBytes       
[  4] 315.00-316.00 sec  0.00 Bytes  0.00 bits/sec  111   1.01 MBytes       
[  4] 316.00-317.00 sec  0.00 Bytes  0.00 bits/sec   87   1024 KBytes       
[  4] 317.00-318.00 sec  0.00 Bytes  0.00 bits/sec   25   1.01 MBytes       
[  4] 318.00-319.00 sec  0.00 Bytes  0.00 bits/sec    1   1.41 KBytes       
[  4] 319.00-320.00 sec   318 KBytes  2.61 Mbits/sec    0   1.41 KBytes       
[  4] 320.00-321.00 sec  0.00 Bytes  0.00 bits/sec    0   1.41 KBytes       
[  4] 321.00-322.00 sec  0.00 Bytes  0.00 bits/sec    1   1.41 KBytes       
[  4] 322.00-323.00 sec  0.00 Bytes  0.00 bits/sec    0   8.48 KBytes       
[  4] 323.00-324.00 sec  0.00 Bytes  0.00 bits/sec    0   8.48 KBytes       
[  4] 324.00-325.00 sec  0.00 Bytes  0.00 bits/sec    6   8.48 KBytes       
[  4] 325.00-326.00 sec   382 KBytes  3.13 Mbits/sec  137    464 KBytes       
[  4] 326.00-327.00 sec  0.00 Bytes  0.00 bits/sec    0    464 KBytes       
[  4] 327.00-328.00 sec  3.75 MBytes  31.4 Mbits/sec    0   1.20 MBytes       
[  4] 328.00-329.00 sec   551 KBytes  4.51 Mbits/sec    0   1.20 MBytes       
[  4] 329.00-330.00 sec   636 KBytes  5.21 Mbits/sec    0   1.23 MBytes       
[  4] 330.00-331.00 sec  0.00 Bytes  0.00 bits/sec   98    998 KBytes       
[  4] 331.00-332.00 sec  0.00 Bytes  0.00 bits/sec  127    887 KBytes       
[  4] 332.00-333.00 sec  0.00 Bytes  0.00 bits/sec   12    887 KBytes       
[  4] 333.00-334.00 sec  0.00 Bytes  0.00 bits/sec  168    887 KBytes       
[  4] 334.00-335.00 sec  0.00 Bytes  0.00 bits/sec  129    887 KBytes       
[  4] 335.00-336.00 sec  0.00 Bytes  0.00 bits/sec    1   1.41 KBytes       
[  4] 336.00-337.00 sec   191 KBytes  1.56 Mbits/sec    3   4.24 KBytes       
[  4] 337.00-338.00 sec  2.50 MBytes  21.0 Mbits/sec  174    993 KBytes       
[  4] 338.00-339.00 sec  1.25 MBytes  10.5 Mbits/sec    0   1.00 MBytes       
[  4] 339.00-340.00 sec   169 KBytes  1.38 Mbits/sec    0   1.01 MBytes       
[  4] 340.00-341.00 sec   891 KBytes  7.30 Mbits/sec    0   1.05 MBytes       
[  4] 341.00-342.00 sec  63.6 KBytes   522 Kbits/sec    0   1.06 MBytes       
[  4] 342.00-343.00 sec  0.00 Bytes  0.00 bits/sec   28    781 KBytes       
[  4] 343.00-344.00 sec  0.00 Bytes  0.00 bits/sec    0    759 KBytes       
[  4] 344.00-345.00 sec   191 KBytes  1.56 Mbits/sec   56    759 KBytes       
[  4] 345.00-346.00 sec  0.00 Bytes  0.00 bits/sec   22    759 KBytes       
[  4] 346.00-347.00 sec  0.00 Bytes  0.00 bits/sec   33    759 KBytes       
[  4] 347.00-348.00 sec   382 KBytes  3.13 Mbits/sec   10   1.41 KBytes       
[  4] 348.00-349.00 sec   255 KBytes  2.08 Mbits/sec    0   1.41 KBytes       
[  4] 349.00-350.00 sec  2.50 MBytes  21.0 Mbits/sec   20    881 KBytes       
[  4] 350.00-351.00 sec  1.25 MBytes  10.5 Mbits/sec    0    932 KBytes       
[  4] 351.00-352.00 sec   805 KBytes  6.59 Mbits/sec    0    963 KBytes       
[  4] 352.00-353.00 sec   445 KBytes  3.65 Mbits/sec    0    986 KBytes       
[  4] 353.00-354.00 sec   445 KBytes  3.65 Mbits/sec    0   1011 KBytes       
[  4] 354.00-355.00 sec   382 KBytes  3.13 Mbits/sec    0   1.01 MBytes       
[  4] 355.00-356.00 sec   573 KBytes  4.69 Mbits/sec    0   1.04 MBytes       
[  4] 356.00-357.00 sec   191 KBytes  1.56 Mbits/sec    0   1.05 MBytes       
[  4] 357.00-358.00 sec   827 KBytes  6.78 Mbits/sec    0   1.08 MBytes       
[  4] 358.00-359.00 sec   191 KBytes  1.56 Mbits/sec    0   1.11 MBytes       
[  4] 359.00-360.00 sec   764 KBytes  6.26 Mbits/sec    0   1.30 MBytes       
[  4] 360.00-361.00 sec  0.00 Bytes  0.00 bits/sec    6   1.27 MBytes       
[  4] 361.00-362.00 sec  0.00 Bytes  0.00 bits/sec   50   1.06 MBytes       
[  4] 362.00-363.00 sec  0.00 Bytes  0.00 bits/sec   79    940 KBytes       
[  4] 363.00-364.00 sec  0.00 Bytes  0.00 bits/sec  141    940 KBytes       
[  4] 364.00-365.00 sec  0.00 Bytes  0.00 bits/sec   23    940 KBytes       
[  4] 365.00-366.00 sec  0.00 Bytes  0.00 bits/sec   78   1.41 KBytes       
[  4] 366.00-367.00 sec   318 KBytes  2.61 Mbits/sec    0   1.41 KBytes       
[  4] 367.00-368.00 sec  2.50 MBytes  21.0 Mbits/sec  169   1.03 MBytes       
[  4] 368.00-369.00 sec  1.17 MBytes  9.79 Mbits/sec    0   1.06 MBytes       
[  4] 369.00-370.00 sec   509 KBytes  4.17 Mbits/sec    0   1.08 MBytes       
[  4] 370.00-371.00 sec   318 KBytes  2.61 Mbits/sec    0   1.10 MBytes       
[  4] 371.00-372.00 sec   764 KBytes  6.26 Mbits/sec    0   1.14 MBytes       
[  4] 372.00-373.00 sec   255 KBytes  2.09 Mbits/sec    0   1.15 MBytes       
[  4] 373.00-374.00 sec   700 KBytes  5.73 Mbits/sec    0   1.19 MBytes       
[  4] 374.00-375.00 sec   318 KBytes  2.61 Mbits/sec    0   1.20 MBytes       
[  4] 375.00-376.00 sec   191 KBytes  1.56 Mbits/sec    8   1.16 MBytes       
[  4] 376.00-377.00 sec  0.00 Bytes  0.00 bits/sec   10   1011 KBytes       
[  4] 377.00-378.00 sec  0.00 Bytes  0.00 bits/sec    5    885 KBytes       
[  4] 378.00-379.00 sec  0.00 Bytes  0.00 bits/sec   96    885 KBytes       
[  4] 379.00-380.00 sec  0.00 Bytes  0.00 bits/sec  118    885 KBytes       
[  4] 380.00-381.00 sec  0.00 Bytes  0.00 bits/sec   31   1.41 KBytes       
[  4] 381.00-382.00 sec   191 KBytes  1.56 Mbits/sec    0   1.41 KBytes       
[  4] 382.00-383.00 sec  2.50 MBytes  21.0 Mbits/sec  142   1.01 MBytes       
[  4] 383.00-384.00 sec  1.25 MBytes  10.5 Mbits/sec    0   1.04 MBytes       
[  4] 384.00-385.00 sec   869 KBytes  7.11 Mbits/sec    0   1.06 MBytes       
[  4] 385.00-386.00 sec   700 KBytes  5.73 Mbits/sec    0   1.09 MBytes       
[  4] 386.00-387.00 sec   191 KBytes  1.56 Mbits/sec    0   1.10 MBytes       
[  4] 387.00-388.00 sec   764 KBytes  6.26 Mbits/sec    0   1.14 MBytes       
[  4] 388.00-389.00 sec   255 KBytes  2.08 Mbits/sec    0   1.15 MBytes       
[  4] 389.00-390.00 sec   764 KBytes  6.26 Mbits/sec    0   1.19 MBytes       
[  4] 390.00-391.00 sec   255 KBytes  2.08 Mbits/sec    0   1.20 MBytes       
[  4] 391.00-392.00 sec   573 KBytes  4.69 Mbits/sec    2   1.28 MBytes       
[  4] 392.00-393.00 sec  0.00 Bytes  0.00 bits/sec   17   1.12 MBytes       
[  4] 393.00-394.00 sec  0.00 Bytes  0.00 bits/sec   25   1.01 MBytes       
[  4] 394.00-395.00 sec  0.00 Bytes  0.00 bits/sec  117    935 KBytes       
[  4] 395.00-396.00 sec  0.00 Bytes  0.00 bits/sec  137    935 KBytes       
[  4] 396.00-397.00 sec  0.00 Bytes  0.00 bits/sec   46    935 KBytes       
[  4] 397.00-398.00 sec  0.00 Bytes  0.00 bits/sec   29   1.41 KBytes       
[  4] 398.00-399.00 sec  1.25 MBytes  10.5 Mbits/sec  187    993 KBytes       
[  4] 399.00-400.00 sec  1.25 MBytes  10.5 Mbits/sec    0   1.06 MBytes       
[  4] 400.00-401.00 sec  1.25 MBytes  10.5 Mbits/sec    0   1.10 MBytes       
[  4] 401.00-402.00 sec  1.25 MBytes  10.5 Mbits/sec    0   1.15 MBytes       
[  4] 402.00-403.00 sec  1.25 MBytes  10.5 Mbits/sec    0   1.21 MBytes       
[  4] 403.00-404.00 sec  1.25 MBytes  10.5 Mbits/sec    0   1.26 MBytes       
[  4] 404.00-405.00 sec  1.25 MBytes  10.5 Mbits/sec    0   1.31 MBytes       
[  4] 405.00-406.00 sec  1.13 MBytes  9.48 Mbits/sec    0   1.36 MBytes       
[  4] 406.00-407.00 sec   954 KBytes  7.82 Mbits/sec    0   1.41 MBytes       
[  4] 407.00-408.00 sec   954 KBytes  7.81 Mbits/sec    0   1.46 MBytes       
[  4] 408.00-409.00 sec  1.24 MBytes  10.4 Mbits/sec    0   1.52 MBytes       
[  4] 409.00-410.00 sec  1.25 MBytes  10.5 Mbits/sec    0   1.65 MBytes       
[  4] 410.00-411.00 sec  1.25 MBytes  10.5 Mbits/sec    0   1.78 MBytes       
[  4] 411.00-412.00 sec  1.25 MBytes  10.5 Mbits/sec    0   2.04 MBytes       
[  4] 412.00-413.00 sec  1.25 MBytes  10.5 Mbits/sec    0   2.18 MBytes       
[  4] 413.00-414.00 sec  1.25 MBytes  10.5 Mbits/sec    0   2.53 MBytes       
[  4] 414.00-415.00 sec  1.25 MBytes  10.5 Mbits/sec   86   2.39 MBytes       
[  4] 415.00-416.00 sec  1.25 MBytes  10.5 Mbits/sec  117   2.07 MBytes       
[  4] 416.00-417.00 sec  1.25 MBytes  10.5 Mbits/sec  239   1.86 MBytes       
[  4] 417.00-418.00 sec   387 KBytes  3.17 Mbits/sec   65   1.86 MBytes       
[  4] 418.00-419.00 sec  0.00 Bytes  0.00 bits/sec  255   1.86 MBytes       
[  4] 419.00-420.00 sec  0.00 Bytes  0.00 bits/sec   31   1.41 KBytes       
[  4] 420.00-421.00 sec   573 KBytes  4.69 Mbits/sec    0   1.41 KBytes       
[  4] 421.00-422.00 sec   764 KBytes  6.25 Mbits/sec   36   50.9 KBytes       
[  4] 422.00-423.00 sec  3.75 MBytes  31.5 Mbits/sec  174   2.09 MBytes       
[  4] 423.00-424.00 sec  1.25 MBytes  10.5 Mbits/sec    0   2.14 MBytes       
[  4] 424.00-425.00 sec  1.25 MBytes  10.5 Mbits/sec    0   2.19 MBytes       
[  4] 425.00-425.00 sec  0.00 Bytes  0.00 bits/sec    0   2.19 MBytes       
- - - - - - - - - - - - - - - - - - - - - - - - -
[ ID] Interval           Transfer     Bandwidth       Retr
[  4]   0.00-425.00 sec   201 MBytes  3.97 Mbits/sec  8804             sender
[  4]   0.00-425.00 sec   190 MBytes  3.75 Mbits/sec                  receiver

iperf Done.
