Connecting to host 10.0.0.2, port 5201
[  4] local 10.0.0.1 port 46110 connected to 10.0.0.2 port 5201
[ ID] Interval           Transfer     Bandwidth       Retr  Cwnd
[  4]   0.00-1.00   sec  1.22 MBytes  10.2 Mbits/sec    0   76.4 KBytes       
[  4]   1.00-2.00   sec   700 KBytes  5.74 Mbits/sec    0    105 KBytes       
[  4]   2.00-3.00   sec   700 KBytes  5.71 Mbits/sec    0    132 KBytes       
[  4]   3.00-4.01   sec   573 KBytes  4.67 Mbits/sec    0    153 KBytes       
[  4]   4.01-5.00   sec   382 KBytes  3.15 Mbits/sec    0    170 KBytes       
[  4]   5.00-6.01   sec   318 KBytes  2.59 Mbits/sec    0    182 KBytes       
[  4]   6.01-7.00   sec   255 KBytes  2.09 Mbits/sec    0    197 KBytes       
[  4]   7.00-8.00   sec   509 KBytes  4.18 Mbits/sec    0    247 KBytes       
[  4]   8.00-9.00   sec   573 KBytes  4.69 Mbits/sec    8    296 KBytes       
[  4]   9.00-10.00  sec  0.00 Bytes  0.00 bits/sec   77    218 KBytes       
[  4]  10.00-11.00  sec  63.6 KBytes   521 Kbits/sec    5    197 KBytes       
[  4]  11.00-12.00  sec   445 KBytes  3.65 Mbits/sec   34    148 KBytes       
[  4]  12.00-13.00  sec   318 KBytes  2.61 Mbits/sec    0    322 KBytes       
[  4]  13.00-14.00  sec  0.00 Bytes  0.00 bits/sec  110    225 KBytes       
[  4]  14.00-15.00  sec  0.00 Bytes  0.00 bits/sec    5    163 KBytes       
[  4]  15.00-16.00  sec  63.6 KBytes   521 Kbits/sec    0    163 KBytes       
[  4]  16.00-17.00  sec  0.00 Bytes  0.00 bits/sec    1   1.41 KBytes       
[  4]  17.00-18.00  sec  0.00 Bytes  0.00 bits/sec   29   96.2 KBytes       
[  4]  18.00-19.00  sec   445 KBytes  3.65 Mbits/sec    0    322 KBytes       
[  4]  19.00-20.00  sec  0.00 Bytes  0.00 bits/sec   64    225 KBytes       
[  4]  20.00-21.00  sec   700 KBytes  5.73 Mbits/sec   50    245 KBytes       
[  4]  21.00-22.00  sec   700 KBytes  5.74 Mbits/sec    0    281 KBytes       
[  4]  22.00-23.00  sec   573 KBytes  4.69 Mbits/sec    0    303 KBytes       
[  4]  23.00-24.00  sec   573 KBytes  4.69 Mbits/sec    0    315 KBytes       
[  4]  24.00-25.00  sec   573 KBytes  4.70 Mbits/sec    0    321 KBytes       
[  4]  25.00-26.00  sec   382 KBytes  3.13 Mbits/sec    0    322 KBytes       
[  4]  26.00-27.00  sec   318 KBytes  2.61 Mbits/sec    0    322 KBytes       
[  4]  27.00-27.00  sec  0.00 Bytes  0.00 bits/sec    0    322 KBytes       
- - - - - - - - - - - - - - - - - - - - - - - - -
[ ID] Interval           Transfer     Bandwidth       Retr
[  4]   0.00-27.00  sec  10.2 MBytes  3.16 Mbits/sec  383             sender
[  4]   0.00-27.00  sec  8.30 MBytes  2.58 Mbits/sec                  receiver

iperf Done.
