-----------------------------------------------------------
Server listening on 5204
-----------------------------------------------------------
Accepted connection from 10.0.0.1, port 54710
[  5] local 10.0.0.2 port 5204 connected to 10.0.0.1 port 46116
[ ID] Interval           Transfer     Bandwidth
[  5]   0.00-1.00   sec  55.1 KBytes   450 Kbits/sec                  
[  5]   1.00-2.00   sec   151 KBytes  1.24 Mbits/sec                  
[  5]   2.00-3.00   sec   126 KBytes  1.03 Mbits/sec                  
[  5]   3.00-4.00   sec   116 KBytes   952 Kbits/sec                  
[  5]   4.00-5.00   sec   130 KBytes  1.07 Mbits/sec                  
[  5]   5.00-6.00   sec  91.9 KBytes   753 Kbits/sec                  
[  5]   6.00-7.00   sec   202 KBytes  1.66 Mbits/sec                  
[  5]   7.00-8.00   sec   143 KBytes  1.17 Mbits/sec                  
[  5]   8.00-9.00   sec  67.9 KBytes   556 Kbits/sec                  
[  5]   9.00-10.00  sec   192 KBytes  1.57 Mbits/sec                  
[  5]  10.00-11.00  sec  22.6 KBytes   185 Kbits/sec                  
[  5]  11.00-12.00  sec   293 KBytes  2.40 Mbits/sec                  
[  5]  12.00-13.00  sec   315 KBytes  2.58 Mbits/sec                  
[  5]  13.00-14.00  sec  94.7 KBytes   776 Kbits/sec                  
[  5]  14.00-15.00  sec   277 KBytes  2.27 Mbits/sec                  
[  5]  15.00-16.00  sec   310 KBytes  2.53 Mbits/sec                  
[  5]  16.00-17.00  sec   301 KBytes  2.48 Mbits/sec                  
[  5]  17.00-18.00  sec   272 KBytes  2.22 Mbits/sec                  
[  5]  18.00-19.00  sec  99.0 KBytes   811 Kbits/sec                  
[  5]  19.00-20.00  sec   339 KBytes  2.78 Mbits/sec                  
[  5]  20.00-21.00  sec   128 KBytes  1.05 Mbits/sec                  
[  5]  21.00-22.00  sec   464 KBytes  3.80 Mbits/sec                  
[  5]  22.00-23.00  sec   259 KBytes  2.12 Mbits/sec                  
[  5]  23.00-24.00  sec   260 KBytes  2.13 Mbits/sec                  
[  5]  24.00-25.00  sec   222 KBytes  1.82 Mbits/sec                  
[  5]  25.00-26.00  sec   129 KBytes  1.05 Mbits/sec                  
[  5]  26.00-27.00  sec  32.5 KBytes   266 Kbits/sec                  
[  5]  27.00-28.00  sec   270 KBytes  2.21 Mbits/sec                  
[  5]  28.00-29.00  sec   465 KBytes  3.81 Mbits/sec                  
[  5]  29.00-30.00  sec   255 KBytes  2.09 Mbits/sec                  
[  5]  30.00-31.00  sec   267 KBytes  2.19 Mbits/sec                  
[  5]  31.00-32.00  sec   257 KBytes  2.11 Mbits/sec                  
[  5]  32.00-33.00  sec   144 KBytes  1.18 Mbits/sec                  
[  5]  33.00-34.00  sec   177 KBytes  1.45 Mbits/sec                  
[  5]  34.00-35.00  sec   279 KBytes  2.28 Mbits/sec                  
[  5]  35.00-36.00  sec   290 KBytes  2.37 Mbits/sec                  
[  5]  36.00-37.00  sec   298 KBytes  2.44 Mbits/sec                  
[  5]  37.00-38.00  sec   311 KBytes  2.55 Mbits/sec                  
[  5]  38.00-39.00  sec   320 KBytes  2.62 Mbits/sec                  
[  5]  39.00-40.00  sec  53.7 KBytes   440 Kbits/sec                  
[  5]  40.00-40.63  sec   358 KBytes  4.63 Mbits/sec                  
- - - - - - - - - - - - - - - - - - - - - - - - -
[ ID] Interval           Transfer     Bandwidth
[  5]   0.00-40.63  sec  0.00 Bytes  0.00 bits/sec                  sender
[  5]   0.00-40.63  sec  8.63 MBytes  1.78 Mbits/sec                  receiver
