-----------------------------------------------------------
Server listening on 5202
-----------------------------------------------------------
Accepted connection from 10.0.0.1, port 44713
[  5] local 10.0.0.2 port 5202 connected to 10.0.0.1 port 46112
[ ID] Interval           Transfer     Bandwidth
[  5]   0.00-1.00   sec   238 KBytes  1.94 Mbits/sec                  
[  5]   1.00-2.00   sec   230 KBytes  1.90 Mbits/sec                  
[  5]   2.00-3.00   sec   221 KBytes  1.81 Mbits/sec                  
[  5]   3.00-4.00   sec   204 KBytes  1.67 Mbits/sec                  
[  5]   4.00-5.00   sec   232 KBytes  1.90 Mbits/sec                  
[  5]   5.00-6.00   sec   246 KBytes  2.02 Mbits/sec                  
[  5]   6.00-7.00   sec   274 KBytes  2.25 Mbits/sec                  
[  5]   7.00-8.00   sec   256 KBytes  2.10 Mbits/sec                  
[  5]   8.00-9.00   sec   341 KBytes  2.79 Mbits/sec                  
[  5]   9.00-10.00  sec   318 KBytes  2.61 Mbits/sec                  
[  5]  10.00-11.00  sec   266 KBytes  2.18 Mbits/sec                  
[  5]  11.00-12.00  sec   120 KBytes   984 Kbits/sec                  
[  5]  12.00-13.00  sec   180 KBytes  1.47 Mbits/sec                  
[  5]  13.00-14.00  sec   424 KBytes  3.47 Mbits/sec                  
[  5]  14.00-15.00  sec   283 KBytes  2.31 Mbits/sec                  
[  5]  15.00-16.00  sec   543 KBytes  4.45 Mbits/sec                  
[  5]  16.00-17.00  sec   281 KBytes  2.30 Mbits/sec                  
[  5]  17.00-18.00  sec   250 KBytes  2.06 Mbits/sec                  
[  5]  18.00-19.00  sec   112 KBytes   915 Kbits/sec                  
[  5]  19.00-20.00  sec   205 KBytes  1.68 Mbits/sec                  
[  5]  20.00-21.00  sec   426 KBytes  3.49 Mbits/sec                  
[  5]  21.00-22.00  sec   221 KBytes  1.81 Mbits/sec                  
[  5]  22.00-23.00  sec   230 KBytes  1.89 Mbits/sec                  
[  5]  23.00-24.00  sec   243 KBytes  1.99 Mbits/sec                  
[  5]  24.00-25.00  sec   253 KBytes  2.07 Mbits/sec                  
[  5]  25.00-26.00  sec   269 KBytes  2.20 Mbits/sec                  
[  5]  26.00-27.00  sec   249 KBytes  2.04 Mbits/sec                  
[  5]  27.00-28.00  sec   223 KBytes  1.83 Mbits/sec                  
[  5]  28.00-29.00  sec   181 KBytes  1.48 Mbits/sec                  
[  5]  29.00-30.00  sec   262 KBytes  2.14 Mbits/sec                  
[  5]  30.00-31.00  sec   286 KBytes  2.34 Mbits/sec                  
[  5]  31.00-32.00  sec  79.2 KBytes   649 Kbits/sec                  
[  5]  32.00-33.00  sec  41.0 KBytes   336 Kbits/sec                  
[  5]  33.00-34.00  sec   542 KBytes  4.44 Mbits/sec                  
[  5]  34.00-35.00  sec  97.6 KBytes   799 Kbits/sec                  
[  5]  35.00-36.00  sec  18.4 KBytes   151 Kbits/sec                  
[  5]  36.00-37.00  sec  0.00 Bytes  0.00 bits/sec                  
[  5]  37.00-38.00  sec   496 KBytes  4.07 Mbits/sec                  
[  5]  38.00-39.00  sec  14.1 KBytes   116 Kbits/sec                  
[  5]  39.00-40.00  sec  0.00 Bytes  0.00 bits/sec                  
[  5]  40.00-41.00  sec  0.00 Bytes  0.00 bits/sec                  
[  5]  41.00-42.00  sec  89.1 KBytes   730 Kbits/sec                  
[  5]  42.00-43.00  sec   154 KBytes  1.26 Mbits/sec                  
[  5]  43.00-44.00  sec  69.3 KBytes   567 Kbits/sec                  
[  5]  44.00-45.00  sec   226 KBytes  1.85 Mbits/sec                  
[  5]  45.00-46.00  sec  0.00 Bytes  0.00 bits/sec                  
[  5]  46.00-47.00  sec  52.3 KBytes   429 Kbits/sec                  
[  5]  47.00-48.00  sec  17.0 KBytes   139 Kbits/sec                  
[  5]  48.00-49.00  sec  0.00 Bytes  0.00 bits/sec                  
[  5]  49.00-50.00  sec  0.00 Bytes  0.00 bits/sec                  
[  5]  50.00-51.00  sec   291 KBytes  2.39 Mbits/sec                  
[  5]  51.00-52.00  sec  89.1 KBytes   730 Kbits/sec                  
[  5]  52.00-53.00  sec  0.00 Bytes  0.00 bits/sec                  
[  5]  53.00-54.00  sec  43.8 KBytes   359 Kbits/sec                  
[  5]  54.00-55.00  sec  2.83 KBytes  23.2 Kbits/sec                  
[  5]  55.00-56.00  sec  1.47 MBytes  12.4 Mbits/sec                  
[  5]  56.00-57.00  sec   822 KBytes  6.73 Mbits/sec                  
[  5]  57.00-58.00  sec   830 KBytes  6.80 Mbits/sec                  
[  5]  58.00-59.00  sec   836 KBytes  6.84 Mbits/sec                  
[  5]  59.00-60.00  sec   872 KBytes  7.15 Mbits/sec                  
[  5]  60.00-61.00  sec   824 KBytes  6.75 Mbits/sec                  
[  5]  61.00-62.00  sec   858 KBytes  7.03 Mbits/sec                  
[  5]  62.00-63.00  sec   650 KBytes  5.33 Mbits/sec                  
[  5]  63.00-64.00  sec   670 KBytes  5.49 Mbits/sec                  
[  5]  64.00-65.00  sec   561 KBytes  4.60 Mbits/sec                  
[  5]  65.00-66.00  sec   434 KBytes  3.56 Mbits/sec                  
[  5]  66.00-67.00  sec   576 KBytes  4.71 Mbits/sec                  
[  5]  67.00-68.00  sec   407 KBytes  3.34 Mbits/sec                  
[  5]  68.00-69.00  sec  0.00 Bytes  0.00 bits/sec                  
[  5]  69.00-70.00  sec   334 KBytes  2.73 Mbits/sec                  
[  5]  70.00-71.00  sec   180 KBytes  1.47 Mbits/sec                  
[  5]  71.00-72.00  sec  0.00 Bytes  0.00 bits/sec                  
[  5]  72.00-73.00  sec  0.00 Bytes  0.00 bits/sec                  
[  5]  73.00-74.00  sec  19.8 KBytes   162 Kbits/sec                  
[  5]  74.00-75.00  sec   204 KBytes  1.67 Mbits/sec                  
[  5]  75.00-76.00  sec  1.81 MBytes  15.2 Mbits/sec                  
[  5]  76.00-77.00  sec   782 KBytes  6.41 Mbits/sec                  
[  5]  77.00-78.00  sec   281 KBytes  2.31 Mbits/sec                  
[  5]  78.00-79.00  sec   612 KBytes  5.01 Mbits/sec                  
[  5]  79.00-80.00  sec   701 KBytes  5.75 Mbits/sec                  
[  5]  80.00-81.00  sec   185 KBytes  1.52 Mbits/sec                  
[  5]  81.00-82.00  sec  18.4 KBytes   151 Kbits/sec                  
[  5]  82.00-83.00  sec  1.48 MBytes  12.4 Mbits/sec                  
[  5]  83.00-84.00  sec   479 KBytes  3.93 Mbits/sec                  
[  5]  84.00-85.00  sec   410 KBytes  3.36 Mbits/sec                  
[  5]  85.00-86.00  sec   626 KBytes  5.13 Mbits/sec                  
[  5]  86.00-87.00  sec   839 KBytes  6.87 Mbits/sec                  
[  5]  87.00-88.00  sec   189 KBytes  1.55 Mbits/sec                  
[  5]  88.00-89.00  sec   716 KBytes  5.86 Mbits/sec                  
[  5]  89.00-90.00  sec   732 KBytes  6.01 Mbits/sec                  
[  5]  90.00-91.00  sec   315 KBytes  2.58 Mbits/sec                  
[  5]  91.00-92.00  sec   819 KBytes  6.71 Mbits/sec                  
[  5]  92.00-93.00  sec   581 KBytes  4.76 Mbits/sec                  
[  5]  93.00-94.00  sec   369 KBytes  3.02 Mbits/sec                  
[  5]  94.00-95.00  sec   881 KBytes  7.21 Mbits/sec                  
[  5]  95.00-96.00  sec  77.8 KBytes   637 Kbits/sec                  
[  5]  96.00-97.00  sec  0.00 Bytes  0.00 bits/sec                  
[  5]  97.00-98.00  sec  0.00 Bytes  0.00 bits/sec                  
[  5]  98.00-99.00  sec  0.00 Bytes  0.00 bits/sec                  
[  5]  99.00-100.00 sec  0.00 Bytes  0.00 bits/sec                  
[  5] 100.00-101.00 sec  0.00 Bytes  0.00 bits/sec                  
[  5] 101.00-102.00 sec  9.90 KBytes  81.1 Kbits/sec                  
[  5] 102.00-103.00 sec  1.05 MBytes  8.78 Mbits/sec                  
[  5] 103.00-104.00 sec  2.17 MBytes  18.2 Mbits/sec                  
[  5] 104.00-105.00 sec   655 KBytes  5.36 Mbits/sec                  
[  5] 105.00-106.00 sec   413 KBytes  3.38 Mbits/sec                  
[  5] 106.00-107.00 sec   622 KBytes  5.10 Mbits/sec                  
[  5] 107.00-108.00 sec   670 KBytes  5.49 Mbits/sec                  
[  5] 108.00-109.00 sec   362 KBytes  2.97 Mbits/sec                  
[  5] 109.00-110.00 sec   830 KBytes  6.80 Mbits/sec                  
[  5] 110.00-111.00 sec   460 KBytes  3.76 Mbits/sec                  
[  5] 111.00-112.00 sec   543 KBytes  4.45 Mbits/sec                  
[  5] 112.00-113.00 sec   732 KBytes  6.00 Mbits/sec                  
[  5] 113.00-114.00 sec   416 KBytes  3.41 Mbits/sec                  
[  5] 114.00-115.00 sec   837 KBytes  6.86 Mbits/sec                  
[  5] 115.00-116.00 sec   167 KBytes  1.37 Mbits/sec                  
[  5] 116.00-117.00 sec  0.00 Bytes  0.00 bits/sec                  
[  5] 117.00-118.00 sec   123 KBytes  1.01 Mbits/sec                  
[  5] 118.00-119.00 sec  0.00 Bytes  0.00 bits/sec                  
[  5] 119.00-120.00 sec  0.00 Bytes  0.00 bits/sec                  
[  5] 120.00-121.00 sec  0.00 Bytes  0.00 bits/sec                  
[  5] 121.00-122.00 sec   130 KBytes  1.07 Mbits/sec                  
[  5] 122.00-123.00 sec  2.44 MBytes  20.5 Mbits/sec                  
[  5] 123.00-124.00 sec  2.01 MBytes  16.9 Mbits/sec                  
[  5] 124.00-125.00 sec   516 KBytes  4.23 Mbits/sec                  
[  5] 125.00-126.00 sec  1.04 MBytes  8.69 Mbits/sec                  
[  5] 126.00-127.00 sec   492 KBytes  4.03 Mbits/sec                  
[  5] 127.00-128.00 sec  1.02 MBytes  8.54 Mbits/sec                  
[  5] 128.00-129.00 sec   468 KBytes  3.84 Mbits/sec                  
[  5] 129.00-130.00 sec  1.03 MBytes  8.61 Mbits/sec                  
[  5] 130.00-131.00 sec   443 KBytes  3.61 Mbits/sec                  
[  5] 131.00-132.00 sec  1.04 MBytes  8.73 Mbits/sec                  
[  5] 132.00-133.00 sec   379 KBytes  3.11 Mbits/sec                  
[  5] 133.00-134.00 sec  1.08 MBytes  9.05 Mbits/sec                  
[  5] 134.00-135.00 sec   544 KBytes  4.46 Mbits/sec                  
[  5] 135.00-136.00 sec   361 KBytes  2.95 Mbits/sec                  
[  5] 136.00-137.00 sec  0.00 Bytes  0.00 bits/sec                  
[  5] 137.00-138.00 sec  0.00 Bytes  0.00 bits/sec                  
[  5] 138.00-139.00 sec  1.41 KBytes  11.6 Kbits/sec                  
[  5] 139.00-140.00 sec  0.00 Bytes  0.00 bits/sec                  
[  5] 140.00-141.00 sec  0.00 Bytes  0.00 bits/sec                  
[  5] 141.00-142.00 sec  0.00 Bytes  0.00 bits/sec                  
[  5] 142.00-143.00 sec  0.00 Bytes  0.00 bits/sec                  
[  5] 143.00-144.00 sec  0.00 Bytes  0.00 bits/sec                  
[  5] 144.00-145.00 sec  28.3 KBytes   232 Kbits/sec                  
[  5] 145.00-146.00 sec  0.00 Bytes  0.00 bits/sec                  
[  5] 146.00-147.00 sec  1.02 MBytes  8.56 Mbits/sec                  
[  5] 147.00-148.00 sec  4.81 MBytes  40.3 Mbits/sec                  
[  5] 148.00-149.00 sec   321 KBytes  2.63 Mbits/sec                  
[  5] 149.00-150.00 sec  1.09 MBytes  9.15 Mbits/sec                  
[  5] 150.00-151.00 sec   700 KBytes  5.73 Mbits/sec                  
[  5] 151.00-152.00 sec   419 KBytes  3.43 Mbits/sec                  
[  5] 152.00-153.00 sec  0.00 Bytes  0.00 bits/sec                  
[  5] 153.00-154.00 sec  0.00 Bytes  0.00 bits/sec                  
[  5] 154.00-155.00 sec   124 KBytes  1.02 Mbits/sec                  
[  5] 155.00-156.00 sec  0.00 Bytes  0.00 bits/sec                  
[  5] 156.00-157.00 sec  0.00 Bytes  0.00 bits/sec                  
[  5] 157.00-158.00 sec  0.00 Bytes  0.00 bits/sec                  
[  5] 158.00-159.00 sec  8.48 KBytes  69.5 Kbits/sec                  
[  5] 159.00-160.00 sec  65.0 KBytes   533 Kbits/sec                  
[  5] 160.00-161.00 sec  4.90 MBytes  41.1 Mbits/sec                  
[  5] 161.00-162.00 sec   996 KBytes  8.15 Mbits/sec                  
[  5] 162.00-163.00 sec   706 KBytes  5.78 Mbits/sec                  
[  5] 163.00-164.00 sec   960 KBytes  7.86 Mbits/sec                  
[  5] 164.00-165.00 sec   683 KBytes  5.60 Mbits/sec                  
[  5] 165.00-166.00 sec   960 KBytes  7.86 Mbits/sec                  
[  5] 166.00-167.00 sec   659 KBytes  5.40 Mbits/sec                  
[  5] 167.00-168.00 sec   981 KBytes  8.04 Mbits/sec                  
[  5] 168.00-169.00 sec   625 KBytes  5.12 Mbits/sec                  
[  5] 169.00-170.00 sec  1015 KBytes  8.32 Mbits/sec                  
[  5] 170.00-171.00 sec   820 KBytes  6.72 Mbits/sec                  
[  5] 171.00-172.00 sec   764 KBytes  6.26 Mbits/sec                  
[  5] 172.00-173.00 sec   888 KBytes  7.27 Mbits/sec                  
[  5] 173.00-174.00 sec   134 KBytes  1.10 Mbits/sec                  
[  5] 174.00-175.00 sec  0.00 Bytes  0.00 bits/sec                  
[  5] 175.00-176.00 sec  87.7 KBytes   719 Kbits/sec                  
[  5] 176.00-177.00 sec  0.00 Bytes  0.00 bits/sec                  
[  5] 177.00-178.00 sec  0.00 Bytes  0.00 bits/sec                  
[  5] 178.00-179.00 sec  0.00 Bytes  0.00 bits/sec                  
[  5] 179.00-180.00 sec  0.00 Bytes  0.00 bits/sec                  
[  5] 180.00-181.00 sec  1.23 MBytes  10.3 Mbits/sec                  
[  5] 181.00-182.00 sec  4.77 MBytes  40.0 Mbits/sec                  
[  5] 182.00-183.00 sec   639 KBytes  5.24 Mbits/sec                  
[  5] 183.00-184.00 sec  1.07 MBytes  8.99 Mbits/sec                  
[  5] 184.00-185.00 sec   684 KBytes  5.61 Mbits/sec                  
[  5] 185.00-186.00 sec  1022 KBytes  8.38 Mbits/sec                  
[  5] 186.00-187.00 sec   960 KBytes  7.86 Mbits/sec                  
[  5] 187.00-188.00 sec   346 KBytes  2.84 Mbits/sec                  
[  5] 188.00-188.94 sec   761 KBytes  6.64 Mbits/sec                  
- - - - - - - - - - - - - - - - - - - - - - - - -
[ ID] Interval           Transfer     Bandwidth
[  5]   0.00-188.94 sec  0.00 Bytes  0.00 bits/sec                  sender
[  5]   0.00-188.94 sec  90.8 MBytes  4.03 Mbits/sec                  receiver
