-----------------------------------------------------------
Server listening on 5201
-----------------------------------------------------------
Accepted connection from 10.0.0.1, port 51499
[  5] local 10.0.0.2 port 5201 connected to 10.0.0.1 port 46110
[ ID] Interval           Transfer     Bandwidth
[  5]   0.00-1.00   sec   771 KBytes  6.31 Mbits/sec                  
[  5]   1.00-2.00   sec   711 KBytes  5.83 Mbits/sec                  
[  5]   2.00-3.00   sec   697 KBytes  5.71 Mbits/sec                  
[  5]   3.00-4.00   sec   706 KBytes  5.78 Mbits/sec                  
[  5]   4.00-5.00   sec   723 KBytes  5.92 Mbits/sec                  
[  5]   5.00-6.00   sec   649 KBytes  5.32 Mbits/sec                  
[  5]   6.00-7.00   sec   642 KBytes  5.26 Mbits/sec                  
[  5]   7.00-8.00   sec   512 KBytes  4.19 Mbits/sec                  
[  5]   8.00-9.00   sec   385 KBytes  3.15 Mbits/sec                  
[  5]   9.00-10.00  sec   441 KBytes  3.61 Mbits/sec                  
[  5]  10.00-11.00  sec   341 KBytes  2.79 Mbits/sec                  
[  5]  11.00-12.00  sec   331 KBytes  2.71 Mbits/sec                  
[  5]  12.00-13.00  sec  94.7 KBytes   776 Kbits/sec                  
[  5]  13.00-13.19  sec  65.0 KBytes  2.77 Mbits/sec                  
- - - - - - - - - - - - - - - - - - - - - - - - -
[ ID] Interval           Transfer     Bandwidth
[  5]   0.00-13.19  sec  0.00 Bytes  0.00 bits/sec                  sender
[  5]   0.00-13.19  sec  6.90 MBytes  4.39 Mbits/sec                  receiver
