-----------------------------------------------------------
Server listening on 5201
-----------------------------------------------------------
Accepted connection from 10.0.0.1, port 45512
[  5] local 10.0.0.2 port 5201 connected to 10.0.0.1 port 46110
[ ID] Interval           Transfer     Bandwidth
[  5]   0.00-1.00   sec   919 KBytes  7.53 Mbits/sec                  
[  5]   1.00-2.00   sec   880 KBytes  7.20 Mbits/sec                  
[  5]   2.00-3.00   sec   701 KBytes  5.75 Mbits/sec                  
[  5]   3.00-4.00   sec   872 KBytes  7.15 Mbits/sec                  
[  5]   4.00-5.00   sec   457 KBytes  3.74 Mbits/sec                  
[  5]   5.00-6.00   sec   274 KBytes  2.25 Mbits/sec                  
[  5]   6.00-7.00   sec   225 KBytes  1.84 Mbits/sec                  
[  5]   7.00-8.00   sec   201 KBytes  1.65 Mbits/sec                  
[  5]   8.00-9.00   sec  60.8 KBytes   498 Kbits/sec                  
[  5]   9.00-10.00  sec  7.07 KBytes  58.0 Kbits/sec                  
[  5]  10.00-11.00  sec  0.00 Bytes  0.00 bits/sec                  
[  5]  11.00-12.00  sec   723 KBytes  5.93 Mbits/sec                  
[  5]  12.00-13.00  sec   253 KBytes  2.07 Mbits/sec                  
[  5]  13.00-14.00  sec   321 KBytes  2.63 Mbits/sec                  
[  5]  14.00-15.00  sec   273 KBytes  2.23 Mbits/sec                  
[  5]  15.00-16.00  sec   317 KBytes  2.59 Mbits/sec                  
[  5]  16.00-17.00  sec   327 KBytes  2.68 Mbits/sec                  
[  5]  17.00-18.00  sec   267 KBytes  2.19 Mbits/sec                  
[  5]  18.00-19.00  sec   325 KBytes  2.67 Mbits/sec                  
[  5]  19.00-20.00  sec   281 KBytes  2.31 Mbits/sec                  
[  5]  20.00-21.00  sec   485 KBytes  3.97 Mbits/sec                  
[  5]  21.00-22.00  sec   595 KBytes  4.88 Mbits/sec                  
[  5]  22.00-23.00  sec   612 KBytes  5.02 Mbits/sec                  
[  5]  23.00-24.00  sec   665 KBytes  5.44 Mbits/sec                  
[  5]  24.00-25.00  sec   809 KBytes  6.63 Mbits/sec                  
[  5]  25.00-26.00  sec  1.01 MBytes  8.46 Mbits/sec                  
[  5]  26.00-27.00  sec  1.01 MBytes  8.48 Mbits/sec                  
[  5]  27.00-28.00  sec  1.04 MBytes  8.70 Mbits/sec                  
[  5]  28.00-29.00  sec  1.03 MBytes  8.66 Mbits/sec                  
[  5]  29.00-30.00  sec  1.06 MBytes  8.85 Mbits/sec                  
[  5]  30.00-31.00  sec   984 KBytes  8.06 Mbits/sec                  
[  5]  31.00-32.00  sec  1.06 MBytes  8.89 Mbits/sec                  
[  5]  32.00-33.00  sec   949 KBytes  7.78 Mbits/sec                  
[  5]  33.00-34.00  sec  1.14 MBytes  9.55 Mbits/sec                  
[  5]  34.00-35.00  sec   851 KBytes  6.97 Mbits/sec                  
[  5]  35.00-36.00  sec   228 KBytes  1.86 Mbits/sec                  
[  5]  36.00-37.00  sec  0.00 Bytes  0.00 bits/sec                  
[  5]  37.00-38.00  sec  0.00 Bytes  0.00 bits/sec                  
[  5]  38.00-39.00  sec  0.00 Bytes  0.00 bits/sec                  
[  5]  39.00-40.00  sec  0.00 Bytes  0.00 bits/sec                  
[  5]  40.00-41.00  sec  0.00 Bytes  0.00 bits/sec                  
[  5]  41.00-42.00  sec  0.00 Bytes  0.00 bits/sec                  
[  5]  42.00-43.00  sec  0.00 Bytes  0.00 bits/sec                  
[  5]  43.00-44.00  sec   122 KBytes   996 Kbits/sec                  
[  5]  44.00-45.00  sec  6.19 MBytes  52.0 Mbits/sec                  
[  5]  45.00-46.00  sec   967 KBytes  7.92 Mbits/sec                  
[  5]  46.00-47.00  sec  1.03 MBytes  8.65 Mbits/sec                  
[  5]  47.00-48.00  sec  1.07 MBytes  8.94 Mbits/sec                  
[  5]  48.00-49.00  sec  1.03 MBytes  8.66 Mbits/sec                  
[  5]  49.00-50.00  sec   758 KBytes  6.21 Mbits/sec                  
[  5]  50.00-51.00  sec  0.00 Bytes  0.00 bits/sec                  
[  5]  51.00-52.00  sec  0.00 Bytes  0.00 bits/sec                  
[  5]  52.00-53.00  sec  15.6 KBytes   128 Kbits/sec                  
[  5]  53.00-54.00  sec  0.00 Bytes  0.00 bits/sec                  
[  5]  54.00-55.00  sec  0.00 Bytes  0.00 bits/sec                  
[  5]  55.00-56.00  sec  0.00 Bytes  0.00 bits/sec                  
[  5]  56.00-57.00  sec  0.00 Bytes  0.00 bits/sec                  
[  5]  57.00-58.00  sec   477 KBytes  3.91 Mbits/sec                  
[  5]  58.00-59.00  sec  8.22 MBytes  69.0 Mbits/sec                  
[  5]  59.00-59.72  sec   615 KBytes  6.96 Mbits/sec                  
- - - - - - - - - - - - - - - - - - - - - - - - -
[ ID] Interval           Transfer     Bandwidth
[  5]   0.00-59.72  sec  0.00 Bytes  0.00 bits/sec                  sender
[  5]   0.00-59.72  sec  41.3 MBytes  5.80 Mbits/sec                  receiver
