-----------------------------------------------------------
Server listening on 5201
-----------------------------------------------------------
Accepted connection from 10.0.0.1, port 42278
[  5] local 10.0.0.2 port 5201 connected to 10.0.0.1 port 46110
[ ID] Interval           Transfer     Bandwidth
[  5]   0.00-1.01   sec   882 KBytes  7.18 Mbits/sec                  
[  5]   1.01-2.00   sec   645 KBytes  5.32 Mbits/sec                  
[  5]   2.00-3.01   sec   588 KBytes  4.80 Mbits/sec                  
[  5]   3.01-4.00   sec   509 KBytes  4.19 Mbits/sec                  
[  5]   4.00-5.01   sec   438 KBytes  3.56 Mbits/sec                  
[  5]   5.01-6.00   sec   419 KBytes  3.44 Mbits/sec                  
[  5]   6.00-7.00   sec   436 KBytes  3.58 Mbits/sec                  
[  5]   7.00-8.00   sec   392 KBytes  3.21 Mbits/sec                  
[  5]   8.00-9.00   sec   366 KBytes  3.00 Mbits/sec                  
[  5]   9.00-10.00  sec   372 KBytes  3.05 Mbits/sec                  
[  5]  10.00-11.00  sec   365 KBytes  2.99 Mbits/sec                  
[  5]  11.00-12.00  sec   100 KBytes   822 Kbits/sec                  
[  5]  12.00-13.00  sec   173 KBytes  1.41 Mbits/sec                  
[  5]  13.00-14.00  sec   751 KBytes  6.17 Mbits/sec                  
[  5]  14.00-15.00  sec   349 KBytes  2.86 Mbits/sec                  
[  5]  15.00-16.00  sec   281 KBytes  2.30 Mbits/sec                  
[  5]  16.00-16.37  sec  59.4 KBytes  1.30 Mbits/sec                  
- - - - - - - - - - - - - - - - - - - - - - - - -
[ ID] Interval           Transfer     Bandwidth
[  5]   0.00-16.37  sec  0.00 Bytes  0.00 bits/sec                  sender
[  5]   0.00-16.37  sec  6.96 MBytes  3.56 Mbits/sec                  receiver
