-----------------------------------------------------------
Server listening on 5206
-----------------------------------------------------------
Accepted connection from 10.0.0.1, port 51626
[  5] local 10.0.0.2 port 5206 connected to 10.0.0.1 port 46120
[ ID] Interval           Transfer     Bandwidth
[  5]   0.00-1.01   sec  14.1 KBytes   115 Kbits/sec                  
[  5]   1.01-2.00   sec  28.3 KBytes   233 Kbits/sec                  
[  5]   2.00-3.00   sec  65.0 KBytes   535 Kbits/sec                  
[  5]   3.00-4.00   sec  45.2 KBytes   371 Kbits/sec                  
[  5]   4.00-5.00   sec  24.0 KBytes   197 Kbits/sec                  
[  5]   5.00-6.00   sec  12.7 KBytes   104 Kbits/sec                  
[  5]   6.00-7.00   sec  0.00 Bytes  0.00 bits/sec                  
[  5]   7.00-8.00   sec  36.8 KBytes   302 Kbits/sec                  
[  5]   8.00-9.00   sec  41.0 KBytes   336 Kbits/sec                  
[  5]   9.00-10.00  sec  0.00 Bytes  0.00 bits/sec                  
[  5]  10.00-11.00  sec  38.2 KBytes   313 Kbits/sec                  
[  5]  11.00-12.00  sec  22.6 KBytes   185 Kbits/sec                  
[  5]  12.00-13.00  sec  53.7 KBytes   440 Kbits/sec                  
[  5]  13.00-14.00  sec  0.00 Bytes  0.00 bits/sec                  
[  5]  14.00-15.00  sec  38.2 KBytes   313 Kbits/sec                  
[  5]  15.00-16.00  sec  0.00 Bytes  0.00 bits/sec                  
[  5]  16.00-17.00  sec  46.7 KBytes   382 Kbits/sec                  
[  5]  17.00-18.00  sec  36.8 KBytes   301 Kbits/sec                  
[  5]  18.00-19.00  sec  52.3 KBytes   429 Kbits/sec                  
[  5]  19.00-20.00  sec  35.4 KBytes   290 Kbits/sec                  
[  5]  20.00-21.00  sec  41.0 KBytes   336 Kbits/sec                  
[  5]  21.00-22.00  sec  59.4 KBytes   487 Kbits/sec                  
[  5]  22.00-23.00  sec  58.0 KBytes   475 Kbits/sec                  
[  5]  23.00-24.00  sec  80.6 KBytes   660 Kbits/sec                  
[  5]  24.00-25.00  sec  35.4 KBytes   290 Kbits/sec                  
[  5]  25.00-26.00  sec  89.1 KBytes   730 Kbits/sec                  
[  5]  26.00-27.00  sec  7.07 KBytes  57.9 Kbits/sec                  
[  5]  27.00-28.00  sec  25.5 KBytes   209 Kbits/sec                  
[  5]  28.00-29.00  sec   151 KBytes  1.24 Mbits/sec                  
[  5]  29.00-30.00  sec   236 KBytes  1.93 Mbits/sec                  
[  5]  30.00-31.00  sec   105 KBytes   860 Kbits/sec                  
[  5]  31.00-32.00  sec  72.1 KBytes   591 Kbits/sec                  
[  5]  32.00-33.00  sec  0.00 Bytes  0.00 bits/sec                  
[  5]  33.00-34.00  sec  93.3 KBytes   765 Kbits/sec                  
[  5]  34.00-35.00  sec   171 KBytes  1.40 Mbits/sec                  
[  5]  35.00-36.00  sec   113 KBytes   927 Kbits/sec                  
[  5]  36.00-37.00  sec  99.0 KBytes   811 Kbits/sec                  
[  5]  37.00-38.00  sec   126 KBytes  1.03 Mbits/sec                  
[  5]  38.00-39.00  sec  50.9 KBytes   417 Kbits/sec                  
[  5]  39.00-40.00  sec   102 KBytes   834 Kbits/sec                  
[  5]  40.00-41.00  sec   136 KBytes  1.11 Mbits/sec                  
[  5]  41.00-42.00  sec  53.7 KBytes   441 Kbits/sec                  
[  5]  42.00-43.00  sec   106 KBytes   868 Kbits/sec                  
[  5]  43.00-44.00  sec   160 KBytes  1.31 Mbits/sec                  
[  5]  44.00-45.00  sec  33.9 KBytes   277 Kbits/sec                  
[  5]  45.00-46.00  sec  0.00 Bytes  0.00 bits/sec                  
[  5]  46.00-47.00  sec  0.00 Bytes  0.00 bits/sec                  
[  5]  47.00-48.00  sec  0.00 Bytes  0.00 bits/sec                  
[  5]  48.00-49.00  sec   508 KBytes  4.16 Mbits/sec                  
[  5]  49.00-50.00  sec   177 KBytes  1.45 Mbits/sec                  
[  5]  50.00-51.00  sec   188 KBytes  1.54 Mbits/sec                  
[  5]  51.00-52.00  sec   174 KBytes  1.43 Mbits/sec                  
[  5]  52.00-53.00  sec   189 KBytes  1.55 Mbits/sec                  
[  5]  53.00-54.00  sec   180 KBytes  1.47 Mbits/sec                  
[  5]  54.00-55.00  sec   158 KBytes  1.30 Mbits/sec                  
[  5]  55.00-56.00  sec   238 KBytes  1.95 Mbits/sec                  
[  5]  56.00-57.00  sec   230 KBytes  1.89 Mbits/sec                  
[  5]  57.00-58.00  sec   230 KBytes  1.89 Mbits/sec                  
[  5]  58.00-59.00  sec   194 KBytes  1.59 Mbits/sec                  
[  5]  59.00-60.00  sec   147 KBytes  1.20 Mbits/sec                  
[  5]  60.00-61.00  sec   296 KBytes  2.42 Mbits/sec                  
[  5]  61.00-62.00  sec  52.3 KBytes   428 Kbits/sec                  
[  5]  62.00-63.00  sec  0.00 Bytes  0.00 bits/sec                  
[  5]  63.00-64.00  sec   677 KBytes  5.56 Mbits/sec                  
[  5]  64.00-65.00  sec   348 KBytes  2.85 Mbits/sec                  
[  5]  65.00-66.00  sec   477 KBytes  3.90 Mbits/sec                  
[  5]  66.00-67.00  sec  1.07 MBytes  8.97 Mbits/sec                  
[  5]  67.00-67.31  sec   290 KBytes  7.77 Mbits/sec                  
- - - - - - - - - - - - - - - - - - - - - - - - -
[ ID] Interval           Transfer     Bandwidth
[  5]   0.00-67.31  sec  0.00 Bytes  0.00 bits/sec                  sender
[  5]   0.00-67.31  sec  8.44 MBytes  1.05 Mbits/sec                  receiver
