Connecting to host 10.0.0.2, port 5202
[  4] local 10.0.0.1 port 46112 connected to 10.0.0.2 port 5202
[ ID] Interval           Transfer     Bandwidth       Retr  Cwnd
[  4]   0.00-1.00   sec  82.0 KBytes   670 Kbits/sec    1   14.1 KBytes       
[  4]   1.00-2.00   sec  14.1 KBytes   116 Kbits/sec    0   28.3 KBytes       
[  4]   2.00-3.00   sec   294 KBytes  2.41 Mbits/sec    0   56.6 KBytes       
[  4]   3.00-4.00   sec  0.00 Bytes  0.00 bits/sec    0   56.6 KBytes       
[  4]   4.00-5.00   sec   134 KBytes  1.10 Mbits/sec    0   72.1 KBytes       
[  4]   5.00-6.01   sec  63.6 KBytes   517 Kbits/sec    0   76.4 KBytes       
[  4]   6.01-7.00   sec   191 KBytes  1.58 Mbits/sec    0   90.5 KBytes       
[  4]   7.00-8.00   sec  0.00 Bytes  0.00 bits/sec    0   90.5 KBytes       
[  4]   8.00-9.00   sec   255 KBytes  2.09 Mbits/sec    0    119 KBytes       
[  4]   9.00-10.00  sec   318 KBytes  2.60 Mbits/sec    0    160 KBytes       
[  4]  10.00-11.00  sec   127 KBytes  1.04 Mbits/sec    0    180 KBytes       
[  4]  11.00-12.06  sec   255 KBytes  1.97 Mbits/sec   34    146 KBytes       
[  4]  12.06-13.00  sec  0.00 Bytes  0.00 bits/sec    2    146 KBytes       
[  4]  13.00-14.00  sec   127 KBytes  1.04 Mbits/sec    0    147 KBytes       
[  4]  14.00-15.00  sec  0.00 Bytes  0.00 bits/sec    0    147 KBytes       
[  4]  15.00-16.00  sec   191 KBytes  1.56 Mbits/sec    0    184 KBytes       
[  4]  16.00-17.00  sec  63.6 KBytes   521 Kbits/sec    0    191 KBytes       
[  4]  17.00-18.00  sec   127 KBytes  1.04 Mbits/sec    0    199 KBytes       
[  4]  18.00-19.00  sec   127 KBytes  1.04 Mbits/sec    0    205 KBytes       
[  4]  19.00-20.00  sec  63.6 KBytes   521 Kbits/sec    0    206 KBytes       
[  4]  20.00-21.00  sec  63.6 KBytes   522 Kbits/sec    0    212 KBytes       
[  4]  21.00-22.00  sec   255 KBytes  2.08 Mbits/sec    0    225 KBytes       
[  4]  22.00-23.00  sec   382 KBytes  3.13 Mbits/sec    0    264 KBytes       
[  4]  23.00-24.00  sec  63.6 KBytes   522 Kbits/sec    0    273 KBytes       
[  4]  24.00-25.00  sec   764 KBytes  6.26 Mbits/sec    0    355 KBytes       
[  4]  25.00-26.02  sec  0.00 Bytes  0.00 bits/sec    0    355 KBytes       
[  4]  26.02-27.00  sec  1.12 MBytes  9.52 Mbits/sec    0    496 KBytes       
[  4]  27.00-28.00  sec  0.00 Bytes  0.00 bits/sec    0    496 KBytes       
[  4]  28.00-29.00  sec  1.62 MBytes  13.6 Mbits/sec    0    716 KBytes       
[  4]  29.00-30.01  sec  0.00 Bytes  0.00 bits/sec    0    716 KBytes       
[  4]  30.01-31.00  sec   127 KBytes  1.05 Mbits/sec  135    518 KBytes       
[  4]  31.00-32.00  sec  0.00 Bytes  0.00 bits/sec    0    518 KBytes       
[  4]  32.00-33.00  sec  1018 KBytes  8.34 Mbits/sec    0    546 KBytes       
[  4]  33.00-34.00  sec  63.6 KBytes   521 Kbits/sec    0    557 KBytes       
[  4]  34.00-35.00  sec   573 KBytes  4.70 Mbits/sec    0    639 KBytes       
[  4]  35.00-36.00  sec   127 KBytes  1.04 Mbits/sec    0    656 KBytes       
[  4]  36.00-37.00  sec   445 KBytes  3.65 Mbits/sec    0    697 KBytes       
[  4]  37.00-38.00  sec  63.6 KBytes   520 Kbits/sec    4    690 KBytes       
[  4]  38.00-39.00  sec  0.00 Bytes  0.00 bits/sec   14    553 KBytes       
[  4]  39.00-40.02  sec  0.00 Bytes  0.00 bits/sec    0    489 KBytes       
[  4]  40.02-41.00  sec  1.12 MBytes  9.55 Mbits/sec    0    523 KBytes       
[  4]  41.00-42.02  sec   255 KBytes  2.05 Mbits/sec    0    540 KBytes       
[  4]  42.02-43.00  sec   318 KBytes  2.65 Mbits/sec    0    563 KBytes       
[  4]  43.00-44.00  sec   318 KBytes  2.61 Mbits/sec    0    576 KBytes       
[  4]  44.00-45.00  sec   255 KBytes  2.08 Mbits/sec    0    583 KBytes       
[  4]  45.00-46.00  sec   255 KBytes  2.09 Mbits/sec    0    587 KBytes       
[  4]  46.00-47.01  sec   318 KBytes  2.60 Mbits/sec    0    591 KBytes       
[  4]  47.01-48.00  sec  63.6 KBytes   524 Kbits/sec    0    594 KBytes       
[  4]  48.00-49.00  sec  63.6 KBytes   520 Kbits/sec   51    465 KBytes       
[  4]  49.00-50.00  sec  0.00 Bytes  0.00 bits/sec   12    417 KBytes       
[  4]  50.00-51.01  sec  0.00 Bytes  0.00 bits/sec    0    417 KBytes       
[  4]  51.01-52.02  sec  0.00 Bytes  0.00 bits/sec    2    417 KBytes       
[  4]  52.02-53.01  sec   318 KBytes  2.64 Mbits/sec    0    417 KBytes       
[  4]  53.01-54.01  sec  63.6 KBytes   519 Kbits/sec    0    417 KBytes       
[  4]  54.01-55.00  sec   509 KBytes  4.20 Mbits/sec    0    444 KBytes       
[  4]  55.00-56.00  sec   255 KBytes  2.09 Mbits/sec    0    482 KBytes       
[  4]  56.00-57.00  sec   127 KBytes  1.04 Mbits/sec    0    498 KBytes       
[  4]  57.00-58.00  sec   191 KBytes  1.56 Mbits/sec    0    529 KBytes       
[  4]  58.00-59.00  sec   127 KBytes  1.04 Mbits/sec    0    549 KBytes       
[  4]  59.00-60.00  sec   127 KBytes  1.04 Mbits/sec    0    557 KBytes       
[  4]  60.00-61.00  sec   127 KBytes  1.04 Mbits/sec    2    532 KBytes       
[  4]  61.00-62.00  sec  0.00 Bytes  0.00 bits/sec   32    428 KBytes       
[  4]  62.00-63.00  sec  0.00 Bytes  0.00 bits/sec    0    399 KBytes       
[  4]  63.00-64.00  sec  63.6 KBytes   521 Kbits/sec    3    395 KBytes       
[  4]  64.00-65.00  sec   318 KBytes  2.60 Mbits/sec    0    395 KBytes       
[  4]  65.00-66.02  sec   382 KBytes  3.07 Mbits/sec    0    400 KBytes       
[  4]  66.02-67.00  sec   318 KBytes  2.66 Mbits/sec    0    426 KBytes       
[  4]  67.00-68.00  sec   127 KBytes  1.04 Mbits/sec    0    437 KBytes       
[  4]  68.00-69.00  sec   191 KBytes  1.56 Mbits/sec    0    451 KBytes       
[  4]  69.00-70.00  sec   191 KBytes  1.57 Mbits/sec    0    461 KBytes       
[  4]  70.00-71.00  sec  63.6 KBytes   521 Kbits/sec    0    464 KBytes       
[  4]  71.00-72.00  sec   318 KBytes  2.60 Mbits/sec    0    472 KBytes       
[  4]  72.00-73.00  sec   127 KBytes  1.04 Mbits/sec    0    478 KBytes       
[  4]  73.00-74.00  sec   127 KBytes  1.04 Mbits/sec    0    486 KBytes       
[  4]  74.00-75.00  sec   191 KBytes  1.56 Mbits/sec    0    505 KBytes       
[  4]  75.00-76.00  sec   127 KBytes  1.04 Mbits/sec    0    522 KBytes       
[  4]  76.00-77.00  sec  0.00 Bytes  0.00 bits/sec    7    475 KBytes       
[  4]  77.00-78.00  sec  0.00 Bytes  0.00 bits/sec    1    420 KBytes       
[  4]  78.00-79.00  sec  0.00 Bytes  0.00 bits/sec   18    366 KBytes       
[  4]  79.00-80.01  sec   255 KBytes  2.08 Mbits/sec    0    366 KBytes       
[  4]  80.01-81.01  sec  0.00 Bytes  0.00 bits/sec    2    366 KBytes       
[  4]  81.01-82.06  sec  0.00 Bytes  0.00 bits/sec    1    366 KBytes       
[  4]  82.06-83.02  sec   191 KBytes  1.64 Mbits/sec    0    366 KBytes       
[  4]  83.02-84.01  sec  0.00 Bytes  0.00 bits/sec    0    366 KBytes       
[  4]  84.01-85.01  sec   191 KBytes  1.57 Mbits/sec    0    335 KBytes       
[  4]  85.01-86.01  sec   382 KBytes  3.13 Mbits/sec    0    313 KBytes       
[  4]  86.01-87.01  sec   127 KBytes  1.04 Mbits/sec    0    288 KBytes       
[  4]  87.01-88.01  sec   127 KBytes  1.04 Mbits/sec    0    262 KBytes       
[  4]  88.01-89.01  sec   127 KBytes  1.04 Mbits/sec    0    266 KBytes       
[  4]  89.01-90.01  sec  63.6 KBytes   521 Kbits/sec    0    273 KBytes       
[  4]  90.01-91.02  sec  0.00 Bytes  0.00 bits/sec    0    279 KBytes       
[  4]  91.02-92.01  sec   127 KBytes  1.05 Mbits/sec    0    287 KBytes       
[  4]  92.01-93.01  sec   127 KBytes  1.04 Mbits/sec    0    296 KBytes       
[  4]  93.01-94.01  sec  0.00 Bytes  0.00 bits/sec    0    298 KBytes       
[  4]  94.01-95.01  sec   127 KBytes  1.04 Mbits/sec    0    304 KBytes       
[  4]  95.01-96.01  sec  63.6 KBytes   521 Kbits/sec    0    313 KBytes       
[  4]  96.01-97.01  sec  63.6 KBytes   521 Kbits/sec    0    327 KBytes       
[  4]  97.01-98.02  sec  63.6 KBytes   517 Kbits/sec    0    339 KBytes       
[  4]  98.02-99.01  sec  0.00 Bytes  0.00 bits/sec    0    363 KBytes       
[  4]  99.01-100.02 sec  63.6 KBytes   519 Kbits/sec    0    410 KBytes       
[  4] 100.02-101.01 sec  63.6 KBytes   523 Kbits/sec    0    440 KBytes       
[  4] 101.01-102.01 sec  63.6 KBytes   521 Kbits/sec    2    465 KBytes       
[  4] 102.01-103.02 sec  0.00 Bytes  0.00 bits/sec    8    433 KBytes       
[  4] 103.02-104.01 sec  0.00 Bytes  0.00 bits/sec    2    410 KBytes       
[  4] 104.01-105.01 sec  0.00 Bytes  0.00 bits/sec   20    338 KBytes       
[  4] 105.01-106.01 sec  0.00 Bytes  0.00 bits/sec   23    328 KBytes       
[  4] 106.01-107.02 sec  0.00 Bytes  0.00 bits/sec   14    328 KBytes       
[  4] 107.02-108.01 sec  0.00 Bytes  0.00 bits/sec    6    328 KBytes       
[  4] 108.01-109.01 sec  0.00 Bytes  0.00 bits/sec    1    328 KBytes       
[  4] 109.01-110.01 sec  0.00 Bytes  0.00 bits/sec    0    328 KBytes       
[  4] 110.01-111.02 sec  0.00 Bytes  0.00 bits/sec    0    328 KBytes       
[  4] 111.02-112.01 sec  0.00 Bytes  0.00 bits/sec    0    328 KBytes       
[  4] 112.01-113.12 sec   445 KBytes  3.29 Mbits/sec   12    314 KBytes       
[  4] 113.12-114.01 sec   191 KBytes  1.75 Mbits/sec    2    286 KBytes       
[  4] 114.01-115.02 sec  0.00 Bytes  0.00 bits/sec    1    273 KBytes       
[  4] 115.02-116.01 sec  63.6 KBytes   527 Kbits/sec   14    229 KBytes       
[  4] 116.01-117.01 sec  63.6 KBytes   521 Kbits/sec    0    229 KBytes       
[  4] 117.01-118.02 sec  0.00 Bytes  0.00 bits/sec    0    229 KBytes       
[  4] 118.02-119.01 sec   127 KBytes  1.05 Mbits/sec    7    229 KBytes       
[  4] 119.01-120.01 sec   191 KBytes  1.56 Mbits/sec    0    223 KBytes       
[  4] 120.01-121.01 sec  0.00 Bytes  0.00 bits/sec    0    221 KBytes       
[  4] 121.01-122.01 sec  63.6 KBytes   521 Kbits/sec    0    185 KBytes       
[  4] 122.01-123.02 sec   318 KBytes  2.60 Mbits/sec    0    163 KBytes       
[  4] 123.02-124.01 sec  63.6 KBytes   523 Kbits/sec    0    171 KBytes       
[  4] 124.01-125.01 sec  63.6 KBytes   521 Kbits/sec    0    177 KBytes       
[  4] 125.01-126.01 sec  63.6 KBytes   521 Kbits/sec    0    178 KBytes       
[  4] 126.01-127.01 sec  0.00 Bytes  0.00 bits/sec    0    182 KBytes       
[  4] 127.01-128.01 sec   127 KBytes  1.04 Mbits/sec    0    187 KBytes       
[  4] 128.01-129.02 sec  0.00 Bytes  0.00 bits/sec    0    189 KBytes       
[  4] 129.02-130.01 sec  0.00 Bytes  0.00 bits/sec    0    189 KBytes       
[  4] 130.01-131.01 sec  0.00 Bytes  0.00 bits/sec    0    195 KBytes       
[  4] 131.01-132.07 sec  63.6 KBytes   496 Kbits/sec    9    201 KBytes       
[  4] 132.07-133.02 sec  0.00 Bytes  0.00 bits/sec    2    178 KBytes       
[  4] 133.02-134.02 sec  0.00 Bytes  0.00 bits/sec    0    177 KBytes       
[  4] 134.02-135.02 sec  0.00 Bytes  0.00 bits/sec    0    171 KBytes       
[  4] 135.02-136.01 sec  0.00 Bytes  0.00 bits/sec    0    168 KBytes       
[  4] 136.01-137.02 sec  0.00 Bytes  0.00 bits/sec   15    156 KBytes       
[  4] 137.02-138.01 sec  0.00 Bytes  0.00 bits/sec   13    156 KBytes       
[  4] 138.01-139.01 sec  0.00 Bytes  0.00 bits/sec    1    156 KBytes       
[  4] 139.01-140.01 sec  0.00 Bytes  0.00 bits/sec    0    156 KBytes       
[  4] 140.01-141.02 sec   191 KBytes  1.55 Mbits/sec    0    148 KBytes       
[  4] 141.02-142.02 sec  63.6 KBytes   522 Kbits/sec    0    139 KBytes       
[  4] 142.02-143.01 sec   127 KBytes  1.05 Mbits/sec    0    134 KBytes       
[  4] 143.01-144.02 sec  0.00 Bytes  0.00 bits/sec    0    130 KBytes       
[  4] 144.02-145.01 sec   127 KBytes  1.05 Mbits/sec    0    113 KBytes       
[  4] 145.01-146.01 sec  63.6 KBytes   522 Kbits/sec    0    116 KBytes       
[  4] 146.01-147.01 sec  0.00 Bytes  0.00 bits/sec    0    117 KBytes       
[  4] 147.01-148.02 sec  0.00 Bytes  0.00 bits/sec    0    117 KBytes       
[  4] 148.02-149.07 sec  0.00 Bytes  0.00 bits/sec    2    113 KBytes       
[  4] 149.07-150.01 sec  0.00 Bytes  0.00 bits/sec   11   82.0 KBytes       
[  4] 150.01-151.06 sec  0.00 Bytes  0.00 bits/sec    0   82.0 KBytes       
[  4] 151.06-152.02 sec  0.00 Bytes  0.00 bits/sec    0   82.0 KBytes       
[  4] 152.02-153.02 sec  0.00 Bytes  0.00 bits/sec    1   82.0 KBytes       
[  4] 153.02-154.01 sec  63.6 KBytes   525 Kbits/sec    0   82.0 KBytes       
[  4] 154.01-155.01 sec  63.6 KBytes   521 Kbits/sec    0   82.0 KBytes       
[  4] 155.01-156.02 sec  0.00 Bytes  0.00 bits/sec    0   82.0 KBytes       
[  4] 156.02-157.02 sec  0.00 Bytes  0.00 bits/sec    0   82.0 KBytes       
[  4] 157.02-158.02 sec  63.6 KBytes   519 Kbits/sec    0   84.8 KBytes       
[  4] 158.02-159.02 sec  63.6 KBytes   519 Kbits/sec    0   91.9 KBytes       
[  4] 159.02-160.02 sec  0.00 Bytes  0.00 bits/sec    0   93.3 KBytes       
[  4] 160.02-161.02 sec  0.00 Bytes  0.00 bits/sec    0   93.3 KBytes       
[  4] 161.02-162.02 sec  63.6 KBytes   521 Kbits/sec    0   97.6 KBytes       
[  4] 162.02-163.01 sec  63.6 KBytes   524 Kbits/sec    0    105 KBytes       
[  4] 163.01-164.02 sec  0.00 Bytes  0.00 bits/sec    0    109 KBytes       
[  4] 164.02-165.02 sec  0.00 Bytes  0.00 bits/sec    0    112 KBytes       
[  4] 165.02-166.02 sec  0.00 Bytes  0.00 bits/sec    0    117 KBytes       
[  4] 166.02-167.01 sec  0.00 Bytes  0.00 bits/sec    0    137 KBytes       
[  4] 167.01-168.01 sec  63.6 KBytes   522 Kbits/sec    0    157 KBytes       
[  4] 168.01-169.01 sec  0.00 Bytes  0.00 bits/sec    0    163 KBytes       
[  4] 169.01-170.01 sec  0.00 Bytes  0.00 bits/sec    0    174 KBytes       
[  4] 170.01-171.01 sec  63.6 KBytes   522 Kbits/sec    0    208 KBytes       
[  4] 171.01-172.01 sec  0.00 Bytes  0.00 bits/sec    0    211 KBytes       
[  4] 172.01-173.01 sec  63.6 KBytes   520 Kbits/sec    0    242 KBytes       
[  4] 173.01-174.00 sec  0.00 Bytes  0.00 bits/sec    6    209 KBytes       
[  4] 174.00-175.01 sec  0.00 Bytes  0.00 bits/sec    0    168 KBytes       
[  4] 175.01-176.01 sec  0.00 Bytes  0.00 bits/sec    0    168 KBytes       
[  4] 176.01-177.00 sec   318 KBytes  2.62 Mbits/sec    0    182 KBytes       
[  4] 177.00-178.00 sec  63.6 KBytes   521 Kbits/sec    0    195 KBytes       
[  4] 178.00-179.00 sec  63.6 KBytes   521 Kbits/sec    0    201 KBytes       
[  4] 179.00-180.00 sec  63.6 KBytes   521 Kbits/sec    0    216 KBytes       
[  4] 180.00-181.00 sec   127 KBytes  1.04 Mbits/sec    0    225 KBytes       
[  4] 181.00-182.00 sec  0.00 Bytes  0.00 bits/sec    0    229 KBytes       
[  4] 182.00-183.06 sec   191 KBytes  1.48 Mbits/sec    0    238 KBytes       
[  4] 183.06-184.02 sec  0.00 Bytes  0.00 bits/sec    0    238 KBytes       
[  4] 184.02-185.00 sec  63.6 KBytes   530 Kbits/sec    0    252 KBytes       
[  4] 185.00-186.00 sec   127 KBytes  1.04 Mbits/sec    4    259 KBytes       
[  4] 186.00-187.00 sec  0.00 Bytes  0.00 bits/sec    0    257 KBytes       
[  4] 187.00-188.00 sec  0.00 Bytes  0.00 bits/sec    0    205 KBytes       
[  4] 188.00-189.00 sec   255 KBytes  2.08 Mbits/sec    0    192 KBytes       
[  4] 189.00-190.05 sec   127 KBytes   995 Kbits/sec    0    222 KBytes       
[  4] 190.05-191.00 sec   127 KBytes  1.09 Mbits/sec    0    236 KBytes       
[  4] 191.00-192.00 sec  63.6 KBytes   522 Kbits/sec    0    246 KBytes       
[  4] 192.00-193.00 sec   127 KBytes  1.04 Mbits/sec    0    257 KBytes       
[  4] 193.00-194.00 sec  0.00 Bytes  0.00 bits/sec    0    259 KBytes       
[  4] 194.00-195.00 sec   127 KBytes  1.05 Mbits/sec    0    267 KBytes       
[  4] 195.00-196.01 sec   127 KBytes  1.04 Mbits/sec    0    274 KBytes       
[  4] 196.01-197.00 sec  0.00 Bytes  0.00 bits/sec    0    276 KBytes       
[  4] 197.00-198.00 sec   127 KBytes  1.04 Mbits/sec    0    304 KBytes       
[  4] 198.00-199.00 sec  0.00 Bytes  0.00 bits/sec    8    252 KBytes       
[  4] 199.00-200.00 sec  0.00 Bytes  0.00 bits/sec   14    238 KBytes       
[  4] 200.00-201.00 sec  0.00 Bytes  0.00 bits/sec    5    214 KBytes       
[  4] 201.00-202.00 sec  63.6 KBytes   520 Kbits/sec    0    214 KBytes       
[  4] 202.00-203.00 sec   255 KBytes  2.09 Mbits/sec    0    214 KBytes       
[  4] 203.00-204.00 sec   255 KBytes  2.08 Mbits/sec    0    246 KBytes       
[  4] 204.00-205.00 sec  0.00 Bytes  0.00 bits/sec    0    250 KBytes       
[  4] 205.00-206.03 sec  63.6 KBytes   509 Kbits/sec    0    256 KBytes       
[  4] 206.03-207.00 sec   191 KBytes  1.60 Mbits/sec    0    283 KBytes       
[  4] 207.00-208.01 sec  0.00 Bytes  0.00 bits/sec    0    286 KBytes       
[  4] 208.01-209.00 sec  0.00 Bytes  0.00 bits/sec    3    280 KBytes       
[  4] 209.00-210.00 sec  0.00 Bytes  0.00 bits/sec    3    208 KBytes       
[  4] 210.00-211.01 sec  0.00 Bytes  0.00 bits/sec    3    199 KBytes       
[  4] 211.01-212.01 sec   191 KBytes  1.57 Mbits/sec    1    199 KBytes       
[  4] 212.01-213.01 sec  63.6 KBytes   519 Kbits/sec    0    199 KBytes       
[  4] 213.01-214.01 sec   191 KBytes  1.57 Mbits/sec    0    204 KBytes       
[  4] 214.01-215.01 sec   191 KBytes  1.57 Mbits/sec    0    222 KBytes       
[  4] 215.01-216.00 sec  63.6 KBytes   522 Kbits/sec    0    225 KBytes       
[  4] 216.00-217.00 sec  63.6 KBytes   522 Kbits/sec    0    230 KBytes       
[  4] 217.00-218.00 sec   127 KBytes  1.04 Mbits/sec    0    235 KBytes       
[  4] 218.00-219.00 sec  0.00 Bytes  0.00 bits/sec    0    236 KBytes       
[  4] 219.00-220.01 sec   127 KBytes  1.04 Mbits/sec    0    245 KBytes       
[  4] 220.01-221.01 sec   127 KBytes  1.03 Mbits/sec    0    256 KBytes       
[  4] 221.01-222.00 sec  0.00 Bytes  0.00 bits/sec    0    259 KBytes       
[  4] 222.00-223.00 sec   127 KBytes  1.04 Mbits/sec    0    322 KBytes       
[  4] 223.00-224.01 sec  63.6 KBytes   519 Kbits/sec    0    345 KBytes       
[  4] 224.01-225.00 sec  0.00 Bytes  0.00 bits/sec    0    352 KBytes       
[  4] 225.00-226.00 sec   127 KBytes  1.04 Mbits/sec   12    351 KBytes       
[  4] 226.00-227.01 sec  0.00 Bytes  0.00 bits/sec   27    310 KBytes       
[  4] 227.01-228.01 sec  0.00 Bytes  0.00 bits/sec    3    294 KBytes       
[  4] 228.01-229.01 sec  0.00 Bytes  0.00 bits/sec    0    281 KBytes       
[  4] 229.01-230.01 sec   127 KBytes  1.04 Mbits/sec    0    281 KBytes       
[  4] 230.01-231.02 sec   255 KBytes  2.06 Mbits/sec    0    283 KBytes       
[  4] 231.02-232.01 sec  63.6 KBytes   525 Kbits/sec    0    300 KBytes       
[  4] 232.01-233.01 sec   255 KBytes  2.08 Mbits/sec    0    339 KBytes       
[  4] 233.01-234.01 sec  63.6 KBytes   520 Kbits/sec    0    342 KBytes       
[  4] 234.01-235.01 sec  0.00 Bytes  0.00 bits/sec    0    346 KBytes       
[  4] 235.01-236.01 sec   191 KBytes  1.56 Mbits/sec    0    373 KBytes       
[  4] 236.01-237.02 sec   127 KBytes  1.04 Mbits/sec    0    379 KBytes       
[  4] 237.02-238.02 sec  0.00 Bytes  0.00 bits/sec    0    380 KBytes       
[  4] 238.02-239.02 sec  63.6 KBytes   521 Kbits/sec    0    387 KBytes       
[  4] 239.02-240.03 sec   191 KBytes  1.55 Mbits/sec    0    406 KBytes       
[  4] 240.03-241.02 sec  63.6 KBytes   526 Kbits/sec    0    416 KBytes       
[  4] 241.02-242.02 sec  63.6 KBytes   519 Kbits/sec    0    423 KBytes       
[  4] 242.02-243.02 sec  0.00 Bytes  0.00 bits/sec    0    431 KBytes       
[  4] 243.02-244.02 sec   127 KBytes  1.04 Mbits/sec    0    496 KBytes       
[  4] 244.02-245.02 sec   127 KBytes  1.04 Mbits/sec    0    584 KBytes       
[  4] 245.02-246.03 sec  63.6 KBytes   516 Kbits/sec    0    607 KBytes       
[  4] 246.03-247.02 sec  0.00 Bytes  0.00 bits/sec    0    609 KBytes       
[  4] 247.02-248.03 sec  63.6 KBytes   514 Kbits/sec    0    629 KBytes       
[  4] 248.03-249.02 sec  63.6 KBytes   528 Kbits/sec    0    680 KBytes       
[  4] 249.02-250.03 sec  0.00 Bytes  0.00 bits/sec    0    706 KBytes       
[  4] 250.03-251.02 sec   127 KBytes  1.06 Mbits/sec   57    559 KBytes       
[  4] 251.02-252.02 sec  0.00 Bytes  0.00 bits/sec    9    539 KBytes       
[  4] 252.02-253.02 sec  0.00 Bytes  0.00 bits/sec   18    520 KBytes       
[  4] 253.02-254.02 sec  0.00 Bytes  0.00 bits/sec   37    520 KBytes       
[  4] 254.02-255.02 sec   127 KBytes  1.04 Mbits/sec    0    520 KBytes       
[  4] 255.02-256.02 sec  0.00 Bytes  0.00 bits/sec    0    520 KBytes       
[  4] 256.02-257.02 sec  63.6 KBytes   521 Kbits/sec    0    520 KBytes       
[  4] 257.02-258.12 sec  63.6 KBytes   474 Kbits/sec    0    520 KBytes       
[  4] 258.12-259.02 sec   509 KBytes  4.63 Mbits/sec    0    527 KBytes       
[  4] 259.02-260.02 sec   255 KBytes  2.09 Mbits/sec    0    573 KBytes       
[  4] 260.02-261.02 sec   127 KBytes  1.04 Mbits/sec    0    591 KBytes       
[  4] 261.02-262.02 sec  63.6 KBytes   522 Kbits/sec    0    595 KBytes       
[  4] 262.02-263.02 sec  0.00 Bytes  0.00 bits/sec    0    601 KBytes       
[  4] 263.02-264.12 sec   191 KBytes  1.42 Mbits/sec    0    635 KBytes       
[  4] 264.12-265.02 sec   127 KBytes  1.16 Mbits/sec    0    658 KBytes       
[  4] 265.02-266.02 sec  63.6 KBytes   521 Kbits/sec   30    584 KBytes       
[  4] 266.02-267.02 sec  0.00 Bytes  0.00 bits/sec   11    554 KBytes       
[  4] 267.02-268.02 sec  0.00 Bytes  0.00 bits/sec    1    553 KBytes       
[  4] 268.02-269.02 sec  0.00 Bytes  0.00 bits/sec    1    537 KBytes       
[  4] 269.02-270.02 sec  0.00 Bytes  0.00 bits/sec   50    465 KBytes       
[  4] 270.02-271.03 sec  0.00 Bytes  0.00 bits/sec    0    465 KBytes       
[  4] 271.03-272.02 sec   127 KBytes  1.05 Mbits/sec    0    465 KBytes       
[  4] 272.02-273.02 sec  0.00 Bytes  0.00 bits/sec    0    465 KBytes       
[  4] 273.02-274.02 sec   127 KBytes  1.04 Mbits/sec    0    465 KBytes       
[  4] 274.02-275.02 sec   573 KBytes  4.69 Mbits/sec    0    477 KBytes       
[  4] 275.02-276.02 sec   191 KBytes  1.56 Mbits/sec    0    495 KBytes       
[  4] 276.02-277.02 sec  63.6 KBytes   520 Kbits/sec    0    501 KBytes       
[  4] 277.02-278.03 sec  63.6 KBytes   518 Kbits/sec    0    503 KBytes       
[  4] 278.03-279.03 sec   191 KBytes  1.57 Mbits/sec    0    519 KBytes       
[  4] 279.03-280.02 sec   255 KBytes  2.10 Mbits/sec    0    536 KBytes       
[  4] 280.02-281.02 sec  63.6 KBytes   522 Kbits/sec    0    540 KBytes       
[  4] 281.02-282.02 sec  0.00 Bytes  0.00 bits/sec    0    542 KBytes       
[  4] 282.02-283.02 sec  63.6 KBytes   523 Kbits/sec    0    546 KBytes       
[  4] 283.02-284.02 sec   127 KBytes  1.04 Mbits/sec    0    566 KBytes       
[  4] 284.02-285.02 sec   255 KBytes  2.09 Mbits/sec    0    602 KBytes       
[  4] 285.02-286.02 sec  63.6 KBytes   522 Kbits/sec    0    617 KBytes       
[  4] 286.02-287.02 sec  0.00 Bytes  0.00 bits/sec    0    618 KBytes       
[  4] 287.02-288.02 sec  63.6 KBytes   522 Kbits/sec    0    673 KBytes       
[  4] 288.02-289.01 sec   700 KBytes  5.76 Mbits/sec    0    809 KBytes       
[  4] 289.01-290.02 sec   382 KBytes  3.12 Mbits/sec    7    846 KBytes       
[  4] 290.02-291.02 sec  0.00 Bytes  0.00 bits/sec    5    831 KBytes       
[  4] 291.02-292.01 sec  0.00 Bytes  0.00 bits/sec   17    755 KBytes       
[  4] 292.01-293.06 sec  0.00 Bytes  0.00 bits/sec  111    601 KBytes       
[  4] 293.06-294.01 sec  0.00 Bytes  0.00 bits/sec   18    601 KBytes       
[  4] 294.01-295.01 sec  0.00 Bytes  0.00 bits/sec    2    601 KBytes       
[  4] 295.01-296.01 sec  0.00 Bytes  0.00 bits/sec    0    601 KBytes       
[  4] 296.01-297.01 sec  0.00 Bytes  0.00 bits/sec    0    601 KBytes       
[  4] 297.01-298.01 sec  1.12 MBytes  9.38 Mbits/sec    0    590 KBytes       
[  4] 298.01-299.02 sec   127 KBytes  1.03 Mbits/sec    0    560 KBytes       
[  4] 299.02-300.01 sec   636 KBytes  5.23 Mbits/sec    0    424 KBytes       
[  4] 300.01-301.01 sec  63.6 KBytes   524 Kbits/sec    0    423 KBytes       
[  4] 301.01-302.01 sec   382 KBytes  3.13 Mbits/sec    0    467 KBytes       
[  4] 302.01-303.01 sec   636 KBytes  5.21 Mbits/sec    0    494 KBytes       
[  4] 303.01-304.01 sec   445 KBytes  3.65 Mbits/sec    0    503 KBytes       
[  4] 304.01-305.01 sec   127 KBytes  1.04 Mbits/sec    0    505 KBytes       
[  4] 305.01-306.01 sec  63.6 KBytes   522 Kbits/sec    0    506 KBytes       
[  4] 306.01-307.01 sec   191 KBytes  1.56 Mbits/sec    0    509 KBytes       
[  4] 307.01-308.01 sec  63.6 KBytes   522 Kbits/sec   33    443 KBytes       
[  4] 308.01-309.02 sec  0.00 Bytes  0.00 bits/sec   30    356 KBytes       
[  4] 309.02-310.01 sec  0.00 Bytes  0.00 bits/sec   18    356 KBytes       
[  4] 310.01-311.01 sec  63.6 KBytes   521 Kbits/sec    0    356 KBytes       
[  4] 311.01-312.01 sec   255 KBytes  2.08 Mbits/sec    0    356 KBytes       
[  4] 312.01-313.01 sec   445 KBytes  3.65 Mbits/sec    0    372 KBytes       
[  4] 313.01-314.01 sec   127 KBytes  1.04 Mbits/sec    0    379 KBytes       
[  4] 314.01-315.01 sec   255 KBytes  2.08 Mbits/sec    5    395 KBytes       
[  4] 315.01-316.01 sec  63.6 KBytes   521 Kbits/sec    0    395 KBytes       
[  4] 316.01-317.01 sec   127 KBytes  1.04 Mbits/sec    0    397 KBytes       
[  4] 317.01-318.01 sec   191 KBytes  1.56 Mbits/sec    0    406 KBytes       
[  4] 318.01-319.01 sec  0.00 Bytes  0.00 bits/sec   11    369 KBytes       
[  4] 319.01-320.01 sec  0.00 Bytes  0.00 bits/sec    0    324 KBytes       
[  4] 320.01-321.01 sec  0.00 Bytes  0.00 bits/sec    3    283 KBytes       
[  4] 321.01-322.01 sec   255 KBytes  2.07 Mbits/sec    0    283 KBytes       
[  4] 322.01-323.01 sec   382 KBytes  3.14 Mbits/sec    0    288 KBytes       
[  4] 323.01-324.01 sec   127 KBytes  1.04 Mbits/sec    0    304 KBytes       
[  4] 324.01-325.01 sec   127 KBytes  1.04 Mbits/sec    0    332 KBytes       
[  4] 325.01-326.01 sec   191 KBytes  1.57 Mbits/sec    0    355 KBytes       
[  4] 326.01-327.01 sec  0.00 Bytes  0.00 bits/sec    0    363 KBytes       
[  4] 327.01-328.01 sec   255 KBytes  2.08 Mbits/sec    0    383 KBytes       
[  4] 328.01-329.01 sec  63.6 KBytes   523 Kbits/sec    0    387 KBytes       
[  4] 329.01-330.01 sec   127 KBytes  1.04 Mbits/sec    0    392 KBytes       
[  4] 330.01-331.01 sec   191 KBytes  1.56 Mbits/sec    0    402 KBytes       
[  4] 331.01-332.02 sec  63.6 KBytes   519 Kbits/sec    1    403 KBytes       
[  4] 332.02-333.01 sec  0.00 Bytes  0.00 bits/sec    1    369 KBytes       
[  4] 333.01-334.02 sec  0.00 Bytes  0.00 bits/sec    0    304 KBytes       
[  4] 334.02-335.03 sec  0.00 Bytes  0.00 bits/sec    0    288 KBytes       
[  4] 335.03-336.01 sec   318 KBytes  2.65 Mbits/sec    3    283 KBytes       
[  4] 336.01-337.01 sec  0.00 Bytes  0.00 bits/sec    0    283 KBytes       
[  4] 337.01-338.01 sec   318 KBytes  2.61 Mbits/sec    0    287 KBytes       
[  4] 338.01-339.01 sec   255 KBytes  2.08 Mbits/sec    0    320 KBytes       
[  4] 339.01-340.01 sec  63.6 KBytes   521 Kbits/sec    0    331 KBytes       
[  4] 340.01-341.01 sec   191 KBytes  1.56 Mbits/sec    0    356 KBytes       
[  4] 341.01-342.01 sec   127 KBytes  1.04 Mbits/sec    0    375 KBytes       
[  4] 342.01-343.01 sec  63.6 KBytes   520 Kbits/sec    0    380 KBytes       
[  4] 343.01-344.01 sec   255 KBytes  2.08 Mbits/sec    0    392 KBytes       
[  4] 344.01-345.01 sec  63.6 KBytes   521 Kbits/sec    0    396 KBytes       
[  4] 345.01-346.01 sec   191 KBytes  1.56 Mbits/sec    0    402 KBytes       
[  4] 346.01-347.01 sec   191 KBytes  1.57 Mbits/sec    0    411 KBytes       
[  4] 347.01-348.02 sec  63.6 KBytes   517 Kbits/sec    0    421 KBytes       
[  4] 348.02-349.01 sec   191 KBytes  1.57 Mbits/sec    0    455 KBytes       
[  4] 349.01-350.02 sec   127 KBytes  1.04 Mbits/sec    0    478 KBytes       
[  4] 350.02-351.02 sec  0.00 Bytes  0.00 bits/sec    0    498 KBytes       
[  4] 351.02-352.02 sec  63.6 KBytes   520 Kbits/sec    0    529 KBytes       
[  4] 352.02-353.02 sec  0.00 Bytes  0.00 bits/sec   41    427 KBytes       
[  4] 353.02-354.02 sec  0.00 Bytes  0.00 bits/sec    5    387 KBytes       
[  4] 354.02-355.02 sec  0.00 Bytes  0.00 bits/sec    0    375 KBytes       
[  4] 355.02-356.03 sec  0.00 Bytes  0.00 bits/sec    5    375 KBytes       
[  4] 356.03-357.03 sec  63.6 KBytes   522 Kbits/sec   19    375 KBytes       
[  4] 357.03-358.02 sec   255 KBytes  2.09 Mbits/sec    0    375 KBytes       
[  4] 358.02-359.02 sec  0.00 Bytes  0.00 bits/sec    0    375 KBytes       
[  4] 359.02-360.02 sec  63.6 KBytes   521 Kbits/sec    0    375 KBytes       
[  4] 360.02-361.02 sec   445 KBytes  3.65 Mbits/sec    0    390 KBytes       
[  4] 361.02-362.03 sec   191 KBytes  1.55 Mbits/sec    0    416 KBytes       
[  4] 362.03-363.02 sec  63.6 KBytes   527 Kbits/sec    0    427 KBytes       
[  4] 363.02-364.02 sec  63.6 KBytes   521 Kbits/sec    0    436 KBytes       
[  4] 364.02-365.02 sec  63.6 KBytes   520 Kbits/sec    0    450 KBytes       
[  4] 365.02-366.02 sec   127 KBytes  1.04 Mbits/sec    0    477 KBytes       
[  4] 366.02-367.03 sec   127 KBytes  1.04 Mbits/sec    0    491 KBytes       
[  4] 367.03-368.02 sec  63.6 KBytes   524 Kbits/sec    0    495 KBytes       
[  4] 368.02-369.03 sec  63.6 KBytes   519 Kbits/sec    0    499 KBytes       
[  4] 369.03-370.02 sec  0.00 Bytes  0.00 bits/sec    8    465 KBytes       
[  4] 370.02-371.02 sec  0.00 Bytes  0.00 bits/sec   18    349 KBytes       
[  4] 371.02-372.02 sec  0.00 Bytes  0.00 bits/sec   34    349 KBytes       
[  4] 372.02-373.02 sec  0.00 Bytes  0.00 bits/sec    0    349 KBytes       
[  4] 373.02-374.02 sec  0.00 Bytes  0.00 bits/sec    0    349 KBytes       
[  4] 374.02-375.03 sec   127 KBytes  1.03 Mbits/sec    2    349 KBytes       
[  4] 375.03-376.02 sec   255 KBytes  2.10 Mbits/sec    0    349 KBytes       
[  4] 376.02-377.03 sec  0.00 Bytes  0.00 bits/sec    0    349 KBytes       
[  4] 377.03-378.02 sec   318 KBytes  2.62 Mbits/sec    0    351 KBytes       
[  4] 378.02-379.02 sec   255 KBytes  2.09 Mbits/sec    0    370 KBytes       
[  4] 379.02-380.02 sec  63.6 KBytes   521 Kbits/sec    0    376 KBytes       
[  4] 380.02-381.02 sec  63.6 KBytes   521 Kbits/sec    0    382 KBytes       
[  4] 381.02-382.02 sec  63.6 KBytes   522 Kbits/sec    0    389 KBytes       
[  4] 382.02-383.02 sec   191 KBytes  1.56 Mbits/sec    0    402 KBytes       
[  4] 383.02-384.03 sec  63.6 KBytes   519 Kbits/sec    0    406 KBytes       
[  4] 384.03-385.02 sec  63.6 KBytes   523 Kbits/sec    0    409 KBytes       
[  4] 385.02-386.02 sec  63.6 KBytes   521 Kbits/sec    0    413 KBytes       
[  4] 386.02-387.02 sec  0.00 Bytes  0.00 bits/sec    0    414 KBytes       
[  4] 387.02-388.02 sec  0.00 Bytes  0.00 bits/sec    0    414 KBytes       
[  4] 388.02-389.02 sec   255 KBytes  2.08 Mbits/sec    0    471 KBytes       
[  4] 389.02-390.02 sec  0.00 Bytes  0.00 bits/sec    6    462 KBytes       
[  4] 390.02-391.02 sec  0.00 Bytes  0.00 bits/sec    0    450 KBytes       
[  4] 391.02-392.03 sec  0.00 Bytes  0.00 bits/sec    8    413 KBytes       
[  4] 392.03-393.03 sec  0.00 Bytes  0.00 bits/sec    0    363 KBytes       
[  4] 393.03-394.02 sec  0.00 Bytes  0.00 bits/sec    0    332 KBytes       
[  4] 394.02-395.03 sec  0.00 Bytes  0.00 bits/sec   12    332 KBytes       
[  4] 395.03-396.03 sec  0.00 Bytes  0.00 bits/sec    0    332 KBytes       
[  4] 396.03-397.02 sec  0.00 Bytes  0.00 bits/sec    0    332 KBytes       
[  4] 397.02-398.03 sec  0.00 Bytes  0.00 bits/sec    0    332 KBytes       
[  4] 398.03-399.07 sec  0.00 Bytes  0.00 bits/sec    0    332 KBytes       
[  4] 399.07-400.03 sec  0.00 Bytes  0.00 bits/sec    0    332 KBytes       
[  4] 400.03-401.02 sec  0.00 Bytes  0.00 bits/sec    0    332 KBytes       
[  4] 401.02-402.02 sec  0.00 Bytes  0.00 bits/sec    0    332 KBytes       
[  4] 402.02-403.02 sec  0.00 Bytes  0.00 bits/sec    0    332 KBytes       
[  4] 403.02-404.02 sec  0.00 Bytes  0.00 bits/sec    1   1.41 KBytes       
[  4] 404.02-405.02 sec   127 KBytes  1.05 Mbits/sec    0   1.41 KBytes       
[  4] 405.02-406.01 sec  63.6 KBytes   522 Kbits/sec    0   1.41 KBytes       
[  4] 406.01-407.01 sec  0.00 Bytes  0.00 bits/sec    2   2.83 KBytes       
[  4] 407.01-408.01 sec  0.00 Bytes  0.00 bits/sec    1   8.48 KBytes       
[  4] 408.01-409.01 sec  0.00 Bytes  0.00 bits/sec    0   8.48 KBytes       
[  4] 409.01-410.02 sec  1.25 MBytes  10.5 Mbits/sec    0    390 KBytes       
[  4] 410.02-411.01 sec  56.3 KBytes   462 Kbits/sec    0    390 KBytes       
[  4] 411.01-412.01 sec  0.00 Bytes  0.00 bits/sec    0    390 KBytes       
[  4] 412.01-413.01 sec  0.00 Bytes  0.00 bits/sec    0    390 KBytes       
[  4] 413.01-414.01 sec  63.6 KBytes   522 Kbits/sec   20    362 KBytes       
[  4] 414.01-415.01 sec  0.00 Bytes  0.00 bits/sec    0    362 KBytes       
[  4] 415.01-416.01 sec  0.00 Bytes  0.00 bits/sec    0    362 KBytes       
[  4] 416.01-417.01 sec   127 KBytes  1.04 Mbits/sec  132    198 KBytes       
[  4] 417.01-418.02 sec  0.00 Bytes  0.00 bits/sec    0    198 KBytes       
[  4] 418.02-419.01 sec  63.6 KBytes   524 Kbits/sec   11    198 KBytes       
[  4] 419.01-420.02 sec   127 KBytes  1.04 Mbits/sec    0    198 KBytes       
[  4] 420.02-421.01 sec  0.00 Bytes  0.00 bits/sec    0    198 KBytes       
[  4] 421.01-422.01 sec   255 KBytes  2.08 Mbits/sec    0    218 KBytes       
[  4] 422.01-423.01 sec   127 KBytes  1.04 Mbits/sec    0    279 KBytes       
[  4] 423.01-424.01 sec  0.00 Bytes  0.00 bits/sec    0    279 KBytes       
[  4] 424.01-425.02 sec  0.00 Bytes  0.00 bits/sec    0    279 KBytes       
[  4] 425.02-426.01 sec  0.00 Bytes  0.00 bits/sec   28    194 KBytes       
[  4] 426.01-427.02 sec  0.00 Bytes  0.00 bits/sec    0    194 KBytes       
[  4] 427.02-428.01 sec   318 KBytes  2.61 Mbits/sec    0    201 KBytes       
[  4] 428.01-429.01 sec   127 KBytes  1.04 Mbits/sec    0    215 KBytes       
[  4] 429.01-430.01 sec  0.00 Bytes  0.00 bits/sec    0    215 KBytes       
[  4] 430.01-431.03 sec   127 KBytes  1.03 Mbits/sec    0    225 KBytes       
[  4] 431.03-432.01 sec   127 KBytes  1.06 Mbits/sec    0    229 KBytes       
[  4] 432.01-433.01 sec  0.00 Bytes  0.00 bits/sec    0    229 KBytes       
[  4] 433.01-434.02 sec   191 KBytes  1.56 Mbits/sec    0    256 KBytes       
[  4] 434.02-435.02 sec   127 KBytes  1.05 Mbits/sec    0    263 KBytes       
[  4] 435.02-436.01 sec   127 KBytes  1.04 Mbits/sec    0    273 KBytes       
[  4] 436.01-437.02 sec  0.00 Bytes  0.00 bits/sec    0    273 KBytes       
[  4] 437.02-438.02 sec   255 KBytes  2.08 Mbits/sec    0    344 KBytes       
[  4] 438.02-439.01 sec  0.00 Bytes  0.00 bits/sec    0    346 KBytes       
[  4] 439.01-440.02 sec  0.00 Bytes  0.00 bits/sec    0    346 KBytes       
[  4] 440.02-441.02 sec   255 KBytes  2.08 Mbits/sec    0    496 KBytes       
[  4] 441.02-442.02 sec  0.00 Bytes  0.00 bits/sec    0    501 KBytes       
[  4] 442.02-443.01 sec  0.00 Bytes  0.00 bits/sec    0    501 KBytes       
[  4] 443.01-444.02 sec   318 KBytes  2.60 Mbits/sec    0    621 KBytes       
[  4] 444.02-445.02 sec  0.00 Bytes  0.00 bits/sec   23    564 KBytes       
[  4] 445.02-446.02 sec  0.00 Bytes  0.00 bits/sec    0    563 KBytes       
[  4] 446.02-447.02 sec  0.00 Bytes  0.00 bits/sec    0    513 KBytes       
[  4] 447.02-448.02 sec  0.00 Bytes  0.00 bits/sec   95    438 KBytes       
[  4] 448.02-449.03 sec  0.00 Bytes  0.00 bits/sec    0    438 KBytes       
[  4] 449.03-450.07 sec  0.00 Bytes  0.00 bits/sec    0    438 KBytes       
[  4] 450.07-451.02 sec  0.00 Bytes  0.00 bits/sec    0    438 KBytes       
[  4] 451.02-452.02 sec  0.00 Bytes  0.00 bits/sec    0    438 KBytes       
[  4] 452.02-453.02 sec  0.00 Bytes  0.00 bits/sec    0    438 KBytes       
[  4] 453.02-454.02 sec   127 KBytes  1.04 Mbits/sec    1   1.41 KBytes       
[  4] 454.02-455.02 sec   127 KBytes  1.04 Mbits/sec    0   1.41 KBytes       
[  4] 455.02-456.02 sec  0.00 Bytes  0.00 bits/sec    0   1.41 KBytes       
[  4] 456.02-457.02 sec  0.00 Bytes  0.00 bits/sec    2   2.83 KBytes       
[  4] 457.02-458.02 sec  0.00 Bytes  0.00 bits/sec    0   2.83 KBytes       
[  4] 458.02-459.02 sec  0.00 Bytes  0.00 bits/sec    4   5.66 KBytes       
[  4] 459.02-460.02 sec  0.00 Bytes  0.00 bits/sec    0   5.66 KBytes       
[  4] 460.02-461.02 sec  1.18 MBytes  9.89 Mbits/sec    7    485 KBytes       
[  4] 461.02-461.02 sec  0.00 Bytes  0.00 bits/sec    0    485 KBytes       
- - - - - - - - - - - - - - - - - - - - - - - - -
[ ID] Interval           Transfer     Bandwidth       Retr
[  4]   0.00-461.02 sec  50.7 MBytes   922 Kbits/sec  1540             sender
[  4]   0.00-461.02 sec  46.4 MBytes   843 Kbits/sec                  receiver

iperf Done.
