-----------------------------------------------------------
Server listening on 5204
-----------------------------------------------------------
Accepted connection from 10.0.0.1, port 46537
[  5] local 10.0.0.2 port 5204 connected to 10.0.0.1 port 46116
[ ID] Interval           Transfer     Bandwidth
[  5]   0.00-1.01   sec  0.00 Bytes  0.00 bits/sec                  
[  5]   1.01-2.00   sec  0.00 Bytes  0.00 bits/sec                  
[  5]   2.00-3.00   sec  0.00 Bytes  0.00 bits/sec                  
[  5]   3.00-4.03   sec  14.1 KBytes   113 Kbits/sec                  
[  5]   4.03-5.05   sec  0.00 Bytes  0.00 bits/sec                  
[  5]   5.05-6.00   sec  28.3 KBytes   244 Kbits/sec                  
[  5]   6.00-7.00   sec  0.00 Bytes  0.00 bits/sec                  
[  5]   7.00-8.00   sec  5.66 KBytes  46.5 Kbits/sec                  
[  5]   8.00-9.00   sec  32.5 KBytes   266 Kbits/sec                  
[  5]   9.00-10.00  sec  0.00 Bytes  0.00 bits/sec                  
[  5]  10.00-11.00  sec  0.00 Bytes  0.00 bits/sec                  
[  5]  11.00-12.00  sec  0.00 Bytes  0.00 bits/sec                  
[  5]  12.00-13.00  sec  73.5 KBytes   602 Kbits/sec                  
[  5]  13.00-14.00  sec  1.41 KBytes  11.6 Kbits/sec                  
[  5]  14.00-15.00  sec  36.8 KBytes   301 Kbits/sec                  
[  5]  15.00-16.00  sec  8.48 KBytes  69.6 Kbits/sec                  
[  5]  16.00-17.00  sec  36.8 KBytes   301 Kbits/sec                  
[  5]  17.00-18.01  sec  0.00 Bytes  0.00 bits/sec                  
[  5]  18.01-19.00  sec  43.8 KBytes   362 Kbits/sec                  
[  5]  19.00-20.00  sec  7.07 KBytes  57.9 Kbits/sec                  
[  5]  20.00-21.01  sec  63.6 KBytes   515 Kbits/sec                  
[  5]  21.01-22.01  sec  0.00 Bytes  0.00 bits/sec                  
[  5]  22.01-23.00  sec  0.00 Bytes  0.00 bits/sec                  
[  5]  23.00-24.00  sec  9.90 KBytes  81.0 Kbits/sec                  
[  5]  24.00-25.01  sec  0.00 Bytes  0.00 bits/sec                  
[  5]  25.01-26.00  sec  9.90 KBytes  81.4 Kbits/sec                  
[  5]  26.00-27.01  sec  0.00 Bytes  0.00 bits/sec                  
[  5]  27.01-28.00  sec  0.00 Bytes  0.00 bits/sec                  
[  5]  28.00-29.04  sec  0.00 Bytes  0.00 bits/sec                  
[  5]  29.04-30.00  sec  0.00 Bytes  0.00 bits/sec                  
[  5]  30.00-31.00  sec  0.00 Bytes  0.00 bits/sec                  
[  5]  31.00-32.00  sec  1.41 KBytes  11.6 Kbits/sec                  
[  5]  32.00-33.00  sec  0.00 Bytes  0.00 bits/sec                  
[  5]  33.00-34.00  sec  2.83 KBytes  23.2 Kbits/sec                  
[  5]  34.00-35.00  sec  0.00 Bytes  0.00 bits/sec                  
[  5]  35.00-36.00  sec  5.66 KBytes  46.4 Kbits/sec                  
[  5]  36.00-37.01  sec  0.00 Bytes  0.00 bits/sec                  
[  5]  37.01-38.00  sec  58.0 KBytes   477 Kbits/sec                  
[  5]  38.00-39.00  sec  9.90 KBytes  81.1 Kbits/sec                  
[  5]  39.00-40.00  sec  49.5 KBytes   405 Kbits/sec                  
[  5]  40.00-41.00  sec  63.6 KBytes   520 Kbits/sec                  
[  5]  41.00-42.00  sec  0.00 Bytes  0.00 bits/sec                  
[  5]  42.00-43.00  sec  74.9 KBytes   615 Kbits/sec                  
[  5]  43.00-44.00  sec  0.00 Bytes  0.00 bits/sec                  
[  5]  44.00-45.00  sec  74.9 KBytes   613 Kbits/sec                  
[  5]  45.00-46.02  sec  0.00 Bytes  0.00 bits/sec                  
[  5]  46.02-47.00  sec  0.00 Bytes  0.00 bits/sec                  
[  5]  47.00-48.00  sec  74.9 KBytes   614 Kbits/sec                  
[  5]  48.00-49.00  sec  0.00 Bytes  0.00 bits/sec                  
[  5]  49.00-50.00  sec  70.7 KBytes   580 Kbits/sec                  
[  5]  50.00-51.00  sec  0.00 Bytes  0.00 bits/sec                  
[  5]  51.00-52.00  sec  1.41 KBytes  11.6 Kbits/sec                  
[  5]  52.00-53.00  sec   153 KBytes  1.25 Mbits/sec                  
[  5]  53.00-54.00  sec  0.00 Bytes  0.00 bits/sec                  
[  5]  54.00-55.00  sec  74.9 KBytes   614 Kbits/sec                  
[  5]  55.00-56.00  sec  0.00 Bytes  0.00 bits/sec                  
[  5]  56.00-57.00  sec  74.9 KBytes   614 Kbits/sec                  
[  5]  57.00-58.00  sec  0.00 Bytes  0.00 bits/sec                  
[  5]  58.00-59.00  sec  74.9 KBytes   614 Kbits/sec                  
[  5]  59.00-60.00  sec  0.00 Bytes  0.00 bits/sec                  
[  5]  60.00-61.00  sec  74.9 KBytes   614 Kbits/sec                  
[  5]  61.00-62.00  sec  74.9 KBytes   615 Kbits/sec                  
[  5]  62.00-63.01  sec  0.00 Bytes  0.00 bits/sec                  
[  5]  63.01-64.00  sec  77.8 KBytes   639 Kbits/sec                  
[  5]  64.00-65.00  sec  0.00 Bytes  0.00 bits/sec                  
[  5]  65.00-66.00  sec  74.9 KBytes   616 Kbits/sec                  
[  5]  66.00-67.00  sec  0.00 Bytes  0.00 bits/sec                  
[  5]  67.00-68.00  sec  74.9 KBytes   614 Kbits/sec                  
[  5]  68.00-69.00  sec  74.9 KBytes   612 Kbits/sec                  
[  5]  69.00-70.00  sec  0.00 Bytes  0.00 bits/sec                  
[  5]  70.00-71.00  sec  74.9 KBytes   614 Kbits/sec                  
[  5]  71.00-72.00  sec  74.9 KBytes   612 Kbits/sec                  
[  5]  72.00-73.00  sec  0.00 Bytes  0.00 bits/sec                  
[  5]  73.00-74.00  sec  74.9 KBytes   616 Kbits/sec                  
[  5]  74.00-75.00  sec  0.00 Bytes  0.00 bits/sec                  
[  5]  75.00-76.00  sec  74.9 KBytes   616 Kbits/sec                  
[  5]  76.00-77.00  sec  11.3 KBytes  92.4 Kbits/sec                  
[  5]  77.00-78.00  sec  63.6 KBytes   522 Kbits/sec                  
[  5]  78.00-79.00  sec  74.9 KBytes   615 Kbits/sec                  
[  5]  79.00-80.00  sec  0.00 Bytes  0.00 bits/sec                  
[  5]  80.00-81.01  sec  77.8 KBytes   632 Kbits/sec                  
[  5]  81.01-82.00  sec  74.9 KBytes   620 Kbits/sec                  
[  5]  82.00-83.00  sec  0.00 Bytes  0.00 bits/sec                  
[  5]  83.00-84.00  sec  74.9 KBytes   614 Kbits/sec                  
[  5]  84.00-85.00  sec  69.3 KBytes   568 Kbits/sec                  
[  5]  85.00-86.00  sec  5.66 KBytes  46.3 Kbits/sec                  
[  5]  86.00-87.00  sec  74.9 KBytes   614 Kbits/sec                  
[  5]  87.00-88.00  sec  0.00 Bytes  0.00 bits/sec                  
[  5]  88.00-89.00  sec  74.9 KBytes   615 Kbits/sec                  
[  5]  89.00-90.00  sec  70.7 KBytes   580 Kbits/sec                  
[  5]  90.00-91.00  sec  4.24 KBytes  34.7 Kbits/sec                  
[  5]  91.00-92.00  sec  74.9 KBytes   614 Kbits/sec                  
[  5]  92.00-93.00  sec  0.00 Bytes  0.00 bits/sec                  
[  5]  93.00-94.00  sec  29.7 KBytes   244 Kbits/sec                  
[  5]  94.00-95.00  sec  0.00 Bytes  0.00 bits/sec                  
[  5]  95.00-96.00  sec  62.2 KBytes   510 Kbits/sec                  
[  5]  96.00-97.00  sec  0.00 Bytes  0.00 bits/sec                  
[  5]  97.00-98.00  sec  42.4 KBytes   348 Kbits/sec                  
[  5]  98.00-99.00  sec  0.00 Bytes  0.00 bits/sec                  
[  5]  99.00-100.00 sec  63.6 KBytes   522 Kbits/sec                  
[  5] 100.00-101.01 sec  0.00 Bytes  0.00 bits/sec                  
[  5] 101.01-102.00 sec  63.6 KBytes   524 Kbits/sec                  
[  5] 102.00-103.00 sec  0.00 Bytes  0.00 bits/sec                  
[  5] 103.00-104.02 sec  63.6 KBytes   511 Kbits/sec                  
[  5] 104.02-105.00 sec  0.00 Bytes  0.00 bits/sec                  
[  5] 105.00-106.00 sec  65.0 KBytes   533 Kbits/sec                  
[  5] 106.00-107.00 sec  0.00 Bytes  0.00 bits/sec                  
[  5] 107.00-108.00 sec  0.00 Bytes  0.00 bits/sec                  
[  5] 108.00-109.00 sec  84.8 KBytes   695 Kbits/sec                  
[  5] 109.00-110.00 sec  49.5 KBytes   405 Kbits/sec                  
[  5] 110.00-111.00 sec  28.3 KBytes   232 Kbits/sec                  
[  5] 111.00-112.00 sec  63.6 KBytes   521 Kbits/sec                  
[  5] 112.00-113.00 sec  74.9 KBytes   613 Kbits/sec                  
[  5] 113.00-114.00 sec  0.00 Bytes  0.00 bits/sec                  
[  5] 114.00-115.00 sec  74.9 KBytes   615 Kbits/sec                  
[  5] 115.00-116.00 sec  0.00 Bytes  0.00 bits/sec                  
[  5] 116.00-117.01 sec  74.9 KBytes   608 Kbits/sec                  
[  5] 117.01-118.01 sec  0.00 Bytes  0.00 bits/sec                  
[  5] 118.01-119.00 sec  74.9 KBytes   617 Kbits/sec                  
[  5] 119.00-120.00 sec  0.00 Bytes  0.00 bits/sec                  
[  5] 120.00-121.00 sec  74.9 KBytes   615 Kbits/sec                  
[  5] 121.00-122.00 sec  0.00 Bytes  0.00 bits/sec                  
[  5] 122.00-123.01 sec  74.9 KBytes   610 Kbits/sec                  
[  5] 123.01-124.00 sec  0.00 Bytes  0.00 bits/sec                  
[  5] 124.00-125.00 sec  74.9 KBytes   613 Kbits/sec                  
[  5] 125.00-126.00 sec  22.6 KBytes   186 Kbits/sec                  
[  5] 126.00-127.01 sec  52.3 KBytes   424 Kbits/sec                  
[  5] 127.01-128.11 sec  0.00 Bytes  0.00 bits/sec                  
[  5] 128.11-129.01 sec   109 KBytes   997 Kbits/sec                  
[  5] 129.01-130.00 sec  0.00 Bytes  0.00 bits/sec                  
[  5] 130.00-131.00 sec  74.9 KBytes   614 Kbits/sec                  
[  5] 131.00-132.00 sec  0.00 Bytes  0.00 bits/sec                  
[  5] 132.00-133.00 sec  74.9 KBytes   615 Kbits/sec                  
[  5] 133.00-134.00 sec  0.00 Bytes  0.00 bits/sec                  
[  5] 134.00-135.00 sec  77.8 KBytes   638 Kbits/sec                  
[  5] 135.00-136.00 sec  0.00 Bytes  0.00 bits/sec                  
[  5] 136.00-137.00 sec  74.9 KBytes   615 Kbits/sec                  
[  5] 137.00-138.01 sec  0.00 Bytes  0.00 bits/sec                  
[  5] 138.01-139.03 sec  74.9 KBytes   601 Kbits/sec                  
[  5] 139.03-140.00 sec  0.00 Bytes  0.00 bits/sec                  
[  5] 140.00-141.00 sec  74.9 KBytes   615 Kbits/sec                  
[  5] 141.00-142.00 sec  0.00 Bytes  0.00 bits/sec                  
[  5] 142.00-143.00 sec  46.7 KBytes   382 Kbits/sec                  
[  5] 143.00-144.01 sec  0.00 Bytes  0.00 bits/sec                  
[  5] 144.01-145.00 sec  0.00 Bytes  0.00 bits/sec                  
[  5] 145.00-146.00 sec  0.00 Bytes  0.00 bits/sec                  
[  5] 146.00-147.00 sec   103 KBytes   847 Kbits/sec                  
[  5] 147.00-148.01 sec  0.00 Bytes  0.00 bits/sec                  
[  5] 148.01-149.00 sec   124 KBytes  1.02 Mbits/sec                  
[  5] 149.00-150.00 sec  19.8 KBytes   162 Kbits/sec                  
[  5] 150.00-151.00 sec  43.8 KBytes   359 Kbits/sec                  
[  5] 151.00-152.00 sec  74.9 KBytes   616 Kbits/sec                  
[  5] 152.00-153.00 sec  0.00 Bytes  0.00 bits/sec                  
[  5] 153.00-154.00 sec  74.9 KBytes   614 Kbits/sec                  
[  5] 154.00-155.00 sec  0.00 Bytes  0.00 bits/sec                  
[  5] 155.00-156.00 sec  74.9 KBytes   615 Kbits/sec                  
[  5] 156.00-157.00 sec  0.00 Bytes  0.00 bits/sec                  
[  5] 157.00-158.00 sec  80.6 KBytes   662 Kbits/sec                  
[  5] 158.00-159.00 sec  0.00 Bytes  0.00 bits/sec                  
[  5] 159.00-160.00 sec  74.9 KBytes   615 Kbits/sec                  
[  5] 160.00-161.00 sec  0.00 Bytes  0.00 bits/sec                  
[  5] 161.00-162.00 sec  74.9 KBytes   616 Kbits/sec                  
[  5] 162.00-163.01 sec  0.00 Bytes  0.00 bits/sec                  
[  5] 163.01-164.00 sec  74.9 KBytes   617 Kbits/sec                  
[  5] 164.00-165.00 sec  0.00 Bytes  0.00 bits/sec                  
[  5] 165.00-166.00 sec  77.8 KBytes   637 Kbits/sec                  
[  5] 166.00-167.00 sec  0.00 Bytes  0.00 bits/sec                  
[  5] 167.00-168.00 sec  74.9 KBytes   614 Kbits/sec                  
[  5] 168.00-169.00 sec  32.5 KBytes   267 Kbits/sec                  
[  5] 169.00-170.00 sec  42.4 KBytes   346 Kbits/sec                  
[  5] 170.00-171.00 sec  97.6 KBytes   801 Kbits/sec                  
[  5] 171.00-172.00 sec  0.00 Bytes  0.00 bits/sec                  
[  5] 172.00-173.01 sec  74.9 KBytes   613 Kbits/sec                  
[  5] 173.01-174.00 sec  0.00 Bytes  0.00 bits/sec                  
[  5] 174.00-175.00 sec  74.9 KBytes   615 Kbits/sec                  
[  5] 175.00-176.00 sec  0.00 Bytes  0.00 bits/sec                  
[  5] 176.00-177.00 sec  74.9 KBytes   613 Kbits/sec                  
[  5] 177.00-178.00 sec  0.00 Bytes  0.00 bits/sec                  
[  5] 178.00-179.00 sec  74.9 KBytes   615 Kbits/sec                  
[  5] 179.00-180.00 sec  0.00 Bytes  0.00 bits/sec                  
[  5] 180.00-181.00 sec  74.9 KBytes   612 Kbits/sec                  
[  5] 181.00-182.00 sec  0.00 Bytes  0.00 bits/sec                  
[  5] 182.00-183.00 sec  74.9 KBytes   615 Kbits/sec                  
[  5] 183.00-184.00 sec  24.0 KBytes   197 Kbits/sec                  
[  5] 184.00-185.00 sec  50.9 KBytes   416 Kbits/sec                  
[  5] 185.00-186.01 sec  53.7 KBytes   438 Kbits/sec                  
[  5] 186.01-187.00 sec  21.2 KBytes   174 Kbits/sec                  
[  5] 187.00-188.00 sec  77.8 KBytes   638 Kbits/sec                  
[  5] 188.00-189.00 sec  0.00 Bytes  0.00 bits/sec                  
[  5] 189.00-190.00 sec  74.9 KBytes   615 Kbits/sec                  
[  5] 190.00-191.00 sec  77.8 KBytes   638 Kbits/sec                  
[  5] 191.00-192.00 sec  0.00 Bytes  0.00 bits/sec                  
[  5] 192.00-193.00 sec  74.9 KBytes   614 Kbits/sec                  
[  5] 193.00-194.00 sec  0.00 Bytes  0.00 bits/sec                  
[  5] 194.00-195.00 sec  74.9 KBytes   614 Kbits/sec                  
[  5] 195.00-196.00 sec  0.00 Bytes  0.00 bits/sec                  
[  5] 196.00-197.00 sec  74.9 KBytes   614 Kbits/sec                  
[  5] 197.00-198.00 sec  18.4 KBytes   150 Kbits/sec                  
[  5] 198.00-199.00 sec  56.6 KBytes   464 Kbits/sec                  
[  5] 199.00-200.00 sec  74.9 KBytes   614 Kbits/sec                  
[  5] 200.00-201.00 sec  0.00 Bytes  0.00 bits/sec                  
[  5] 201.00-202.00 sec  62.2 KBytes   509 Kbits/sec                  
[  5] 202.00-203.00 sec  0.00 Bytes  0.00 bits/sec                  
[  5] 203.00-204.00 sec  0.00 Bytes  0.00 bits/sec                  
[  5] 204.00-205.00 sec  87.7 KBytes   719 Kbits/sec                  
[  5] 205.00-206.08 sec  0.00 Bytes  0.00 bits/sec                  
[  5] 206.08-207.00 sec   115 KBytes  1.02 Mbits/sec                  
[  5] 207.00-208.00 sec  0.00 Bytes  0.00 bits/sec                  
[  5] 208.00-209.11 sec  63.6 KBytes   472 Kbits/sec                  
[  5] 209.11-210.00 sec  74.9 KBytes   687 Kbits/sec                  
[  5] 210.00-211.00 sec  0.00 Bytes  0.00 bits/sec                  
[  5] 211.00-212.00 sec  74.9 KBytes   615 Kbits/sec                  
[  5] 212.00-213.00 sec  0.00 Bytes  0.00 bits/sec                  
[  5] 213.00-214.00 sec  74.9 KBytes   614 Kbits/sec                  
[  5] 214.00-215.00 sec  0.00 Bytes  0.00 bits/sec                  
[  5] 215.00-216.00 sec  60.8 KBytes   498 Kbits/sec                  
[  5] 216.00-217.00 sec  0.00 Bytes  0.00 bits/sec                  
[  5] 217.00-218.00 sec  5.66 KBytes  46.4 Kbits/sec                  
[  5] 218.00-219.00 sec  80.6 KBytes   659 Kbits/sec                  
[  5] 219.00-220.00 sec  0.00 Bytes  0.00 bits/sec                  
[  5] 220.00-221.00 sec  63.6 KBytes   523 Kbits/sec                  
[  5] 221.00-222.00 sec  0.00 Bytes  0.00 bits/sec                  
[  5] 222.00-223.00 sec  74.9 KBytes   614 Kbits/sec                  
[  5] 223.00-224.00 sec  0.00 Bytes  0.00 bits/sec                  
[  5] 224.00-225.00 sec  74.9 KBytes   614 Kbits/sec                  
[  5] 225.00-226.00 sec  52.3 KBytes   429 Kbits/sec                  
[  5] 226.00-227.00 sec  22.6 KBytes   185 Kbits/sec                  
[  5] 227.00-228.00 sec  74.9 KBytes   614 Kbits/sec                  
[  5] 228.00-229.00 sec  0.00 Bytes  0.00 bits/sec                  
[  5] 229.00-230.00 sec   115 KBytes   938 Kbits/sec                  
[  5] 230.00-231.00 sec  0.00 Bytes  0.00 bits/sec                  
[  5] 231.00-232.00 sec  74.9 KBytes   614 Kbits/sec                  
[  5] 232.00-233.00 sec  43.8 KBytes   359 Kbits/sec                  
[  5] 233.00-234.00 sec  31.1 KBytes   254 Kbits/sec                  
[  5] 234.00-235.00 sec  74.9 KBytes   613 Kbits/sec                  
[  5] 235.00-236.00 sec  0.00 Bytes  0.00 bits/sec                  
[  5] 236.00-237.00 sec  74.9 KBytes   614 Kbits/sec                  
[  5] 237.00-238.00 sec  0.00 Bytes  0.00 bits/sec                  
[  5] 238.00-239.00 sec  0.00 Bytes  0.00 bits/sec                  
[  5] 239.00-240.00 sec  0.00 Bytes  0.00 bits/sec                  
[  5] 240.00-241.01 sec   150 KBytes  1.22 Mbits/sec                  
[  5] 241.01-242.00 sec  41.0 KBytes   338 Kbits/sec                  
[  5] 242.00-243.00 sec  22.6 KBytes   185 Kbits/sec                  
[  5] 243.00-244.00 sec   153 KBytes  1.25 Mbits/sec                  
[  5] 244.00-245.00 sec  0.00 Bytes  0.00 bits/sec                  
[  5] 245.00-246.00 sec  74.9 KBytes   614 Kbits/sec                  
[  5] 246.00-247.00 sec  0.00 Bytes  0.00 bits/sec                  
[  5] 247.00-248.00 sec  55.1 KBytes   451 Kbits/sec                  
[  5] 248.00-249.00 sec  0.00 Bytes  0.00 bits/sec                  
[  5] 249.00-250.00 sec  0.00 Bytes  0.00 bits/sec                  
[  5] 250.00-251.00 sec  94.7 KBytes   777 Kbits/sec                  
[  5] 251.00-252.01 sec  0.00 Bytes  0.00 bits/sec                  
[  5] 252.01-253.00 sec   115 KBytes   945 Kbits/sec                  
[  5] 253.00-254.00 sec  0.00 Bytes  0.00 bits/sec                  
[  5] 254.00-255.00 sec  32.5 KBytes   267 Kbits/sec                  
[  5] 255.00-256.00 sec  0.00 Bytes  0.00 bits/sec                  
[  5] 256.00-257.00 sec  0.00 Bytes  0.00 bits/sec                  
[  5] 257.00-258.00 sec   106 KBytes   871 Kbits/sec                  
[  5] 258.00-259.00 sec  0.00 Bytes  0.00 bits/sec                  
[  5] 259.00-260.00 sec  89.1 KBytes   730 Kbits/sec                  
[  5] 260.00-261.00 sec  63.6 KBytes   520 Kbits/sec                  
[  5] 261.00-262.00 sec  0.00 Bytes  0.00 bits/sec                  
[  5] 262.00-263.00 sec  80.6 KBytes   660 Kbits/sec                  
[  5] 263.00-264.00 sec  0.00 Bytes  0.00 bits/sec                  
[  5] 264.00-265.00 sec  74.9 KBytes   614 Kbits/sec                  
[  5] 265.00-266.00 sec  0.00 Bytes  0.00 bits/sec                  
[  5] 266.00-267.00 sec  1.41 KBytes  11.6 Kbits/sec                  
[  5] 267.00-268.01 sec  0.00 Bytes  0.00 bits/sec                  
[  5] 268.01-269.00 sec  79.2 KBytes   652 Kbits/sec                  
[  5] 269.00-270.00 sec  0.00 Bytes  0.00 bits/sec                  
[  5] 270.00-271.00 sec  70.7 KBytes   581 Kbits/sec                  
[  5] 271.00-272.00 sec  0.00 Bytes  0.00 bits/sec                  
[  5] 272.00-273.00 sec  67.9 KBytes   555 Kbits/sec                  
[  5] 273.00-274.00 sec  0.00 Bytes  0.00 bits/sec                  
[  5] 274.00-275.00 sec  74.9 KBytes   616 Kbits/sec                  
[  5] 275.00-276.00 sec  0.00 Bytes  0.00 bits/sec                  
[  5] 276.00-277.00 sec  74.9 KBytes   613 Kbits/sec                  
[  5] 277.00-278.00 sec  73.5 KBytes   604 Kbits/sec                  
[  5] 278.00-279.01 sec  1.41 KBytes  11.5 Kbits/sec                  
[  5] 279.01-280.02 sec  0.00 Bytes  0.00 bits/sec                  
[  5] 280.02-281.00 sec  74.9 KBytes   624 Kbits/sec                  
[  5] 281.00-282.00 sec  74.9 KBytes   614 Kbits/sec                  
[  5] 282.00-283.04 sec  0.00 Bytes  0.00 bits/sec                  
[  5] 283.04-284.01 sec  74.9 KBytes   633 Kbits/sec                  
[  5] 284.01-285.00 sec  74.9 KBytes   618 Kbits/sec                  
[  5] 285.00-286.00 sec  0.00 Bytes  0.00 bits/sec                  
[  5] 286.00-287.00 sec  74.9 KBytes   612 Kbits/sec                  
[  5] 287.00-288.00 sec   116 KBytes   952 Kbits/sec                  
[  5] 288.00-289.00 sec  0.00 Bytes  0.00 bits/sec                  
[  5] 289.00-290.00 sec  83.4 KBytes   684 Kbits/sec                  
[  5] 290.00-291.00 sec  55.1 KBytes   450 Kbits/sec                  
[  5] 291.00-292.02 sec  0.00 Bytes  0.00 bits/sec                  
[  5] 292.02-293.00 sec  2.83 KBytes  23.7 Kbits/sec                  
[  5] 293.00-294.00 sec  0.00 Bytes  0.00 bits/sec                  
[  5] 294.00-295.00 sec   189 KBytes  1.55 Mbits/sec                  
[  5] 295.00-296.00 sec  0.00 Bytes  0.00 bits/sec                  
[  5] 296.00-297.01 sec   170 KBytes  1.38 Mbits/sec                  
[  5] 297.01-298.01 sec  0.00 Bytes  0.00 bits/sec                  
[  5] 298.01-299.00 sec  12.7 KBytes   105 Kbits/sec                  
[  5] 299.00-300.00 sec   229 KBytes  1.88 Mbits/sec                  
[  5] 300.00-301.00 sec   107 KBytes   880 Kbits/sec                  
[  5] 301.00-302.00 sec   115 KBytes   938 Kbits/sec                  
[  5] 302.00-303.00 sec  0.00 Bytes  0.00 bits/sec                  
[  5] 303.00-304.00 sec   119 KBytes   974 Kbits/sec                  
[  5] 304.00-305.00 sec  0.00 Bytes  0.00 bits/sec                  
[  5] 305.00-306.01 sec   122 KBytes   992 Kbits/sec                  
[  5] 306.01-307.00 sec  1.41 KBytes  11.6 Kbits/sec                  
[  5] 307.00-308.00 sec   141 KBytes  1.16 Mbits/sec                  
[  5] 308.00-309.01 sec  1.41 KBytes  11.5 Kbits/sec                  
[  5] 309.01-310.00 sec   198 KBytes  1.64 Mbits/sec                  
[  5] 310.00-311.01 sec  1.41 KBytes  11.5 Kbits/sec                  
[  5] 311.01-312.00 sec   156 KBytes  1.28 Mbits/sec                  
[  5] 312.00-313.00 sec  84.8 KBytes   695 Kbits/sec                  
[  5] 313.00-314.00 sec   454 KBytes  3.73 Mbits/sec                  
[  5] 314.00-315.00 sec  50.9 KBytes   416 Kbits/sec                  
[  5] 315.00-316.00 sec   233 KBytes  1.91 Mbits/sec                  
[  5] 316.00-317.00 sec   197 KBytes  1.61 Mbits/sec                  
[  5] 317.00-318.00 sec  93.3 KBytes   765 Kbits/sec                  
[  5] 318.00-319.01 sec  0.00 Bytes  0.00 bits/sec                  
[  5] 319.01-320.01 sec  0.00 Bytes  0.00 bits/sec                  
[  5] 320.01-321.00 sec   512 KBytes  4.21 Mbits/sec                  
[  5] 321.00-322.00 sec  7.07 KBytes  57.9 Kbits/sec                  
[  5] 322.00-323.00 sec   228 KBytes  1.87 Mbits/sec                  
[  5] 323.00-324.01 sec  0.00 Bytes  0.00 bits/sec                  
[  5] 324.01-325.00 sec   163 KBytes  1.34 Mbits/sec                  
[  5] 325.00-326.01 sec  0.00 Bytes  0.00 bits/sec                  
[  5] 326.01-327.00 sec  18.4 KBytes   152 Kbits/sec                  
[  5] 327.00-328.00 sec   366 KBytes  3.00 Mbits/sec                  
[  5] 328.00-329.01 sec  7.07 KBytes  57.5 Kbits/sec                  
[  5] 329.01-330.00 sec   191 KBytes  1.58 Mbits/sec                  
[  5] 330.00-331.00 sec  5.66 KBytes  46.3 Kbits/sec                  
[  5] 331.00-332.00 sec   206 KBytes  1.69 Mbits/sec                  
[  5] 332.00-333.00 sec   185 KBytes  1.52 Mbits/sec                  
[  5] 333.00-334.00 sec  29.7 KBytes   243 Kbits/sec                  
[  5] 334.00-335.00 sec   212 KBytes  1.73 Mbits/sec                  
[  5] 335.00-336.00 sec  8.48 KBytes  69.7 Kbits/sec                  
[  5] 336.00-337.00 sec   226 KBytes  1.86 Mbits/sec                  
[  5] 337.00-338.00 sec  14.1 KBytes   116 Kbits/sec                  
[  5] 338.00-339.00 sec  25.5 KBytes   208 Kbits/sec                  
[  5] 339.00-340.01 sec  0.00 Bytes  0.00 bits/sec                  
[  5] 340.01-341.00 sec   249 KBytes  2.06 Mbits/sec                  
[  5] 341.00-342.01 sec  11.3 KBytes  92.2 Kbits/sec                  
[  5] 342.01-343.02 sec   414 KBytes  3.34 Mbits/sec                  
[  5] 343.02-344.00 sec  21.2 KBytes   178 Kbits/sec                  
[  5] 344.00-345.00 sec  49.5 KBytes   404 Kbits/sec                  
[  5] 345.00-346.00 sec  0.00 Bytes  0.00 bits/sec                  
[  5] 346.00-347.00 sec  0.00 Bytes  0.00 bits/sec                  
[  5] 347.00-348.00 sec  0.00 Bytes  0.00 bits/sec                  
[  5] 348.00-349.01 sec  0.00 Bytes  0.00 bits/sec                  
[  5] 349.01-350.00 sec   578 KBytes  4.78 Mbits/sec                  
[  5] 350.00-351.00 sec  25.5 KBytes   208 Kbits/sec                  
[  5] 351.00-352.00 sec   110 KBytes   904 Kbits/sec                  
[  5] 352.00-353.00 sec  15.6 KBytes   128 Kbits/sec                  
[  5] 353.00-354.00 sec   122 KBytes   993 Kbits/sec                  
[  5] 354.00-355.00 sec   127 KBytes  1.04 Mbits/sec                  
[  5] 355.00-356.00 sec  19.8 KBytes   162 Kbits/sec                  
[  5] 356.00-357.00 sec   136 KBytes  1.11 Mbits/sec                  
[  5] 357.00-358.00 sec  18.4 KBytes   151 Kbits/sec                  
[  5] 358.00-359.00 sec   158 KBytes  1.30 Mbits/sec                  
[  5] 359.00-360.00 sec  14.1 KBytes   116 Kbits/sec                  
[  5] 360.00-361.00 sec  2.83 KBytes  23.2 Kbits/sec                  
[  5] 361.00-362.01 sec  0.00 Bytes  0.00 bits/sec                  
[  5] 362.01-363.01 sec   194 KBytes  1.58 Mbits/sec                  
[  5] 363.01-364.01 sec   206 KBytes  1.68 Mbits/sec                  
[  5] 364.01-365.00 sec  25.5 KBytes   211 Kbits/sec                  
[  5] 365.00-366.00 sec   153 KBytes  1.25 Mbits/sec                  
[  5] 366.00-367.00 sec  25.5 KBytes   209 Kbits/sec                  
[  5] 367.00-368.00 sec   158 KBytes  1.30 Mbits/sec                  
[  5] 368.00-369.00 sec  50.9 KBytes   415 Kbits/sec                  
[  5] 369.00-370.00 sec   141 KBytes  1.16 Mbits/sec                  
[  5] 370.00-371.00 sec  1.41 KBytes  11.6 Kbits/sec                  
[  5] 371.00-372.00 sec  0.00 Bytes  0.00 bits/sec                  
[  5] 372.00-373.00 sec   318 KBytes  2.61 Mbits/sec                  
[  5] 373.00-374.00 sec  25.5 KBytes   208 Kbits/sec                  
[  5] 374.00-375.00 sec   140 KBytes  1.14 Mbits/sec                  
[  5] 375.00-376.00 sec   174 KBytes  1.43 Mbits/sec                  
[  5] 376.00-377.00 sec  60.8 KBytes   498 Kbits/sec                  
[  5] 377.00-378.00 sec   137 KBytes  1.12 Mbits/sec                  
[  5] 378.00-379.01 sec   158 KBytes  1.29 Mbits/sec                  
[  5] 379.01-380.00 sec  33.9 KBytes   279 Kbits/sec                  
[  5] 380.00-381.02 sec  58.0 KBytes   465 Kbits/sec                  
[  5] 381.02-382.00 sec  0.00 Bytes  0.00 bits/sec                  
[  5] 382.00-383.00 sec   107 KBytes   881 Kbits/sec                  
[  5] 383.00-384.00 sec  52.3 KBytes   428 Kbits/sec                  
[  5] 384.00-385.00 sec   249 KBytes  2.03 Mbits/sec                  
[  5] 385.00-386.00 sec  24.0 KBytes   197 Kbits/sec                  
[  5] 386.00-387.00 sec   141 KBytes  1.16 Mbits/sec                  
[  5] 387.00-388.00 sec  31.1 KBytes   255 Kbits/sec                  
[  5] 388.00-389.00 sec   161 KBytes  1.32 Mbits/sec                  
[  5] 389.00-390.00 sec  33.9 KBytes   279 Kbits/sec                  
[  5] 390.00-391.00 sec  41.0 KBytes   335 Kbits/sec                  
[  5] 391.00-392.00 sec  0.00 Bytes  0.00 bits/sec                  
[  5] 392.00-393.00 sec   151 KBytes  1.24 Mbits/sec                  
[  5] 393.00-394.00 sec   215 KBytes  1.76 Mbits/sec                  
[  5] 394.00-395.01 sec  33.9 KBytes   276 Kbits/sec                  
[  5] 395.01-396.00 sec   133 KBytes  1.09 Mbits/sec                  
[  5] 396.00-397.00 sec  72.1 KBytes   591 Kbits/sec                  
[  5] 397.00-398.00 sec   122 KBytes   998 Kbits/sec                  
[  5] 398.00-399.00 sec   136 KBytes  1.11 Mbits/sec                  
[  5] 399.00-400.00 sec  25.5 KBytes   209 Kbits/sec                  
[  5] 400.00-401.00 sec  26.9 KBytes   220 Kbits/sec                  
[  5] 401.00-402.00 sec  0.00 Bytes  0.00 bits/sec                  
[  5] 402.00-403.00 sec   141 KBytes  1.16 Mbits/sec                  
[  5] 403.00-404.00 sec   127 KBytes  1.04 Mbits/sec                  
[  5] 404.00-405.00 sec  0.00 Bytes  0.00 bits/sec                  
[  5] 405.00-406.00 sec  0.00 Bytes  0.00 bits/sec                  
[  5] 406.00-407.00 sec  0.00 Bytes  0.00 bits/sec                  
[  5] 407.00-408.00 sec   130 KBytes  1.07 Mbits/sec                  
[  5] 408.00-409.00 sec   182 KBytes  1.50 Mbits/sec                  
[  5] 409.00-410.00 sec  90.5 KBytes   743 Kbits/sec                  
[  5] 410.00-411.00 sec  22.6 KBytes   185 Kbits/sec                  
[  5] 411.00-412.01 sec  93.3 KBytes   761 Kbits/sec                  
[  5] 412.01-413.03 sec  48.1 KBytes   385 Kbits/sec                  
[  5] 413.03-414.01 sec  65.0 KBytes   545 Kbits/sec                  
[  5] 414.01-415.00 sec  66.5 KBytes   548 Kbits/sec                  
[  5] 415.00-416.00 sec  49.5 KBytes   406 Kbits/sec                  
[  5] 416.00-417.00 sec  33.9 KBytes   278 Kbits/sec                  
[  5] 417.00-418.00 sec  0.00 Bytes  0.00 bits/sec                  
[  5] 418.00-419.00 sec   187 KBytes  1.53 Mbits/sec                  
[  5] 419.00-420.00 sec  22.6 KBytes   186 Kbits/sec                  
[  5] 420.00-421.00 sec   105 KBytes   857 Kbits/sec                  
[  5] 421.00-422.00 sec  90.5 KBytes   740 Kbits/sec                  
[  5] 422.00-423.00 sec  52.3 KBytes   429 Kbits/sec                  
[  5] 423.00-424.00 sec   115 KBytes   938 Kbits/sec                  
[  5] 424.00-425.01 sec  33.9 KBytes   277 Kbits/sec                  
[  5] 425.01-426.00 sec  97.6 KBytes   803 Kbits/sec                  
[  5] 426.00-427.00 sec  22.6 KBytes   185 Kbits/sec                  
[  5] 427.00-428.01 sec  0.00 Bytes  0.00 bits/sec                  
[  5] 428.01-429.01 sec   204 KBytes  1.67 Mbits/sec                  
[  5] 429.01-430.00 sec  73.5 KBytes   607 Kbits/sec                  
[  5] 430.00-431.01 sec   115 KBytes   930 Kbits/sec                  
[  5] 431.01-432.00 sec  25.5 KBytes   210 Kbits/sec                  
[  5] 432.00-433.00 sec   134 KBytes  1.10 Mbits/sec                  
[  5] 433.00-434.01 sec  49.5 KBytes   402 Kbits/sec                  
[  5] 434.01-435.00 sec   113 KBytes   934 Kbits/sec                  
[  5] 435.00-436.00 sec  66.5 KBytes   543 Kbits/sec                  
[  5] 436.00-437.00 sec  86.3 KBytes   708 Kbits/sec                  
[  5] 437.00-438.00 sec  0.00 Bytes  0.00 bits/sec                  
[  5] 438.00-439.00 sec   188 KBytes  1.54 Mbits/sec                  
[  5] 439.00-440.00 sec  56.6 KBytes   463 Kbits/sec                  
[  5] 440.00-441.00 sec  76.4 KBytes   624 Kbits/sec                  
[  5] 441.00-442.00 sec   148 KBytes  1.22 Mbits/sec                  
[  5] 442.00-443.00 sec  29.7 KBytes   243 Kbits/sec                  
[  5] 443.00-444.00 sec   146 KBytes  1.19 Mbits/sec                  
[  5] 444.00-445.00 sec  93.3 KBytes   762 Kbits/sec                  
[  5] 445.00-446.00 sec  91.9 KBytes   756 Kbits/sec                  
[  5] 446.00-447.00 sec   120 KBytes   982 Kbits/sec                  
[  5] 447.00-448.01 sec  72.1 KBytes   586 Kbits/sec                  
[  5] 448.01-449.00 sec  26.9 KBytes   223 Kbits/sec                  
[  5] 449.00-450.00 sec  0.00 Bytes  0.00 bits/sec                  
[  5] 450.00-451.00 sec   134 KBytes  1.10 Mbits/sec                  
[  5] 451.00-452.00 sec  99.0 KBytes   812 Kbits/sec                  
[  5] 452.00-453.00 sec   250 KBytes  2.05 Mbits/sec                  
[  5] 453.00-454.00 sec  84.8 KBytes   695 Kbits/sec                  
[  5] 454.00-455.00 sec  38.2 KBytes   312 Kbits/sec                  
[  5] 455.00-456.00 sec   106 KBytes   872 Kbits/sec                  
[  5] 456.00-457.00 sec  31.1 KBytes   255 Kbits/sec                  
[  5] 457.00-458.00 sec   109 KBytes   892 Kbits/sec                  
[  5] 458.00-459.00 sec  33.9 KBytes   278 Kbits/sec                  
[  5] 459.00-460.00 sec  99.0 KBytes   811 Kbits/sec                  
[  5] 460.00-461.00 sec  31.1 KBytes   255 Kbits/sec                  
[  5] 461.00-462.00 sec   124 KBytes  1.02 Mbits/sec                  
[  5] 462.00-463.00 sec  32.5 KBytes   266 Kbits/sec                  
[  5] 463.00-464.00 sec  0.00 Bytes  0.00 bits/sec                  
[  5] 464.00-465.00 sec  43.8 KBytes   359 Kbits/sec                  
[  5] 465.00-466.00 sec   148 KBytes  1.22 Mbits/sec                  
[  5] 466.00-467.01 sec   216 KBytes  1.76 Mbits/sec                  
[  5] 467.01-468.00 sec  66.5 KBytes   550 Kbits/sec                  
[  5] 468.00-469.00 sec   124 KBytes  1.02 Mbits/sec                  
[  5] 469.00-470.00 sec  59.4 KBytes   486 Kbits/sec                  
[  5] 470.00-471.00 sec  97.6 KBytes   799 Kbits/sec                  
[  5] 471.00-472.00 sec  0.00 Bytes  0.00 bits/sec                  
[  5] 472.00-473.00 sec  2.83 KBytes  23.2 Kbits/sec                  
[  5] 473.00-474.00 sec   335 KBytes  2.75 Mbits/sec                  
[  5] 474.00-475.00 sec  58.0 KBytes   475 Kbits/sec                  
[  5] 475.00-476.00 sec   103 KBytes   845 Kbits/sec                  
[  5] 476.00-477.00 sec  87.7 KBytes   720 Kbits/sec                  
[  5] 477.00-478.01 sec  25.5 KBytes   207 Kbits/sec                  
[  5] 478.01-479.00 sec   105 KBytes   860 Kbits/sec                  
[  5] 479.00-480.00 sec  41.0 KBytes   337 Kbits/sec                  
[  5] 480.00-481.00 sec  90.5 KBytes   741 Kbits/sec                  
[  5] 481.00-482.00 sec  45.2 KBytes   371 Kbits/sec                  
[  5] 482.00-483.00 sec  89.1 KBytes   730 Kbits/sec                  
[  5] 483.00-484.02 sec  96.2 KBytes   774 Kbits/sec                  
[  5] 484.02-485.00 sec  38.2 KBytes   318 Kbits/sec                  
[  5] 485.00-486.00 sec  0.00 Bytes  0.00 bits/sec                  
[  5] 486.00-487.00 sec  41.0 KBytes   337 Kbits/sec                  
[  5] 487.00-488.01 sec   297 KBytes  2.41 Mbits/sec                  
[  5] 488.01-489.00 sec   102 KBytes   843 Kbits/sec                  
[  5] 489.00-490.00 sec  76.4 KBytes   625 Kbits/sec                  
[  5] 490.00-491.00 sec   136 KBytes  1.11 Mbits/sec                  
[  5] 491.00-492.00 sec  52.3 KBytes   429 Kbits/sec                  
[  5] 492.00-493.00 sec  50.9 KBytes   417 Kbits/sec                  
[  5] 493.00-494.00 sec  0.00 Bytes  0.00 bits/sec                  
[  5] 494.00-495.00 sec   283 KBytes  2.32 Mbits/sec                  
[  5] 495.00-496.00 sec   107 KBytes   879 Kbits/sec                  
[  5] 496.00-497.00 sec  41.0 KBytes   336 Kbits/sec                  
[  5] 497.00-498.00 sec   148 KBytes  1.22 Mbits/sec                  
[  5] 498.00-499.00 sec  90.5 KBytes   742 Kbits/sec                  
[  5] 499.00-500.00 sec  89.1 KBytes   730 Kbits/sec                  
[  5] 500.00-501.01 sec   126 KBytes  1.02 Mbits/sec                  
[  5] 501.01-502.00 sec  46.7 KBytes   385 Kbits/sec                  
[  5] 502.00-503.01 sec   161 KBytes  1.31 Mbits/sec                  
[  5] 503.01-504.00 sec  89.1 KBytes   734 Kbits/sec                  
[  5] 504.00-505.00 sec   139 KBytes  1.13 Mbits/sec                  
[  5] 505.00-506.00 sec  58.0 KBytes   476 Kbits/sec                  
[  5] 506.00-507.04 sec  0.00 Bytes  0.00 bits/sec                  
[  5] 507.04-508.01 sec   103 KBytes   876 Kbits/sec                  
[  5] 508.01-509.00 sec   154 KBytes  1.27 Mbits/sec                  
[  5] 509.00-510.00 sec   358 KBytes  2.93 Mbits/sec                  
[  5] 510.00-511.00 sec  84.8 KBytes   694 Kbits/sec                  
[  5] 511.00-512.00 sec   189 KBytes  1.56 Mbits/sec                  
[  5] 512.00-513.00 sec   103 KBytes   845 Kbits/sec                  
[  5] 513.00-514.00 sec   240 KBytes  1.97 Mbits/sec                  
[  5] 514.00-515.00 sec  73.5 KBytes   603 Kbits/sec                  
[  5] 515.00-516.01 sec   129 KBytes  1.04 Mbits/sec                  
[  5] 516.01-517.00 sec  0.00 Bytes  0.00 bits/sec                  
[  5] 517.00-518.02 sec   185 KBytes  1.50 Mbits/sec                  
[  5] 518.02-519.00 sec   328 KBytes  2.74 Mbits/sec                  
[  5] 519.00-520.01 sec   100 KBytes   816 Kbits/sec                  
[  5] 520.01-521.00 sec   215 KBytes  1.77 Mbits/sec                  
[  5] 521.00-522.01 sec  90.5 KBytes   732 Kbits/sec                  
[  5] 522.01-523.00 sec   188 KBytes  1.56 Mbits/sec                  
[  5] 523.00-524.00 sec   191 KBytes  1.57 Mbits/sec                  
[  5] 524.00-525.00 sec  99.0 KBytes   808 Kbits/sec                  
[  5] 525.00-526.00 sec   221 KBytes  1.81 Mbits/sec                  
[  5] 526.00-527.02 sec  96.2 KBytes   771 Kbits/sec                  
[  5] 527.02-528.01 sec   212 KBytes  1.76 Mbits/sec                  
[  5] 528.01-529.00 sec   112 KBytes   927 Kbits/sec                  
[  5] 529.00-530.00 sec   143 KBytes  1.17 Mbits/sec                  
[  5] 530.00-531.00 sec  0.00 Bytes  0.00 bits/sec                  
[  5] 531.00-532.00 sec   115 KBytes   938 Kbits/sec                  
[  5] 532.00-533.00 sec   222 KBytes  1.82 Mbits/sec                  
[  5] 533.00-534.04 sec   317 KBytes  2.51 Mbits/sec                  
[  5] 534.04-535.00 sec   214 KBytes  1.81 Mbits/sec                  
[  5] 535.00-536.00 sec  49.5 KBytes   404 Kbits/sec                  
[  5] 536.00-537.00 sec   163 KBytes  1.34 Mbits/sec                  
[  5] 537.00-538.00 sec  79.2 KBytes   647 Kbits/sec                  
[  5] 538.00-539.01 sec  36.8 KBytes   300 Kbits/sec                  
[  5] 539.01-540.00 sec  0.00 Bytes  0.00 bits/sec                  
[  5] 540.00-541.00 sec   122 KBytes   996 Kbits/sec                  
[  5] 541.00-542.00 sec   288 KBytes  2.37 Mbits/sec                  
[  5] 542.00-543.00 sec  45.2 KBytes   371 Kbits/sec                  
[  5] 543.00-544.00 sec   143 KBytes  1.17 Mbits/sec                  
[  5] 544.00-545.00 sec   117 KBytes   962 Kbits/sec                  
[  5] 545.00-546.00 sec  73.5 KBytes   602 Kbits/sec                  
[  5] 546.00-547.00 sec   151 KBytes  1.24 Mbits/sec                  
[  5] 547.00-548.00 sec  38.2 KBytes   313 Kbits/sec                  
[  5] 548.00-549.00 sec   170 KBytes  1.39 Mbits/sec                  
[  5] 549.00-550.00 sec  28.3 KBytes   232 Kbits/sec                  
[  5] 550.00-551.00 sec   185 KBytes  1.52 Mbits/sec                  
[  5] 551.00-552.01 sec  86.3 KBytes   703 Kbits/sec                  
[  5] 552.01-553.01 sec  15.6 KBytes   127 Kbits/sec                  
[  5] 553.01-554.00 sec  0.00 Bytes  0.00 bits/sec                  
[  5] 554.00-555.00 sec   197 KBytes  1.60 Mbits/sec                  
[  5] 555.00-556.00 sec   409 KBytes  3.36 Mbits/sec                  
[  5] 556.00-557.00 sec  45.2 KBytes   370 Kbits/sec                  
[  5] 557.00-558.00 sec   216 KBytes  1.77 Mbits/sec                  
[  5] 558.00-559.00 sec   151 KBytes  1.24 Mbits/sec                  
[  5] 559.00-560.00 sec   147 KBytes  1.20 Mbits/sec                  
[  5] 560.00-561.00 sec   226 KBytes  1.85 Mbits/sec                  
[  5] 561.00-562.01 sec   105 KBytes   856 Kbits/sec                  
[  5] 562.01-563.00 sec   270 KBytes  2.23 Mbits/sec                  
[  5] 563.00-564.00 sec  59.4 KBytes   486 Kbits/sec                  
[  5] 564.00-565.01 sec   117 KBytes   958 Kbits/sec                  
[  5] 565.01-566.00 sec  0.00 Bytes  0.00 bits/sec                  
[  5] 566.00-567.00 sec   148 KBytes  1.21 Mbits/sec                  
[  5] 567.00-568.03 sec   419 KBytes  3.35 Mbits/sec                  
[  5] 568.03-569.00 sec  60.8 KBytes   512 Kbits/sec                  
[  5] 569.00-570.00 sec   197 KBytes  1.61 Mbits/sec                  
[  5] 570.00-571.00 sec  74.9 KBytes   615 Kbits/sec                  
[  5] 571.00-572.01 sec   215 KBytes  1.74 Mbits/sec                  
[  5] 572.01-573.00 sec  77.8 KBytes   644 Kbits/sec                  
[  5] 573.00-574.00 sec  0.00 Bytes  0.00 bits/sec                  
[  5] 574.00-575.00 sec   403 KBytes  3.30 Mbits/sec                  
[  5] 575.00-576.00 sec   134 KBytes  1.10 Mbits/sec                  
[  5] 576.00-577.00 sec   228 KBytes  1.86 Mbits/sec                  
[  5] 577.00-578.00 sec   156 KBytes  1.28 Mbits/sec                  
[  5] 578.00-579.00 sec   123 KBytes  1.01 Mbits/sec                  
[  5] 579.00-580.01 sec   235 KBytes  1.92 Mbits/sec                  
[  5] 580.01-581.00 sec  46.7 KBytes   383 Kbits/sec                  
[  5] 581.00-582.00 sec   247 KBytes  2.03 Mbits/sec                  
[  5] 582.00-583.00 sec   219 KBytes  1.80 Mbits/sec                  
[  5] 583.00-584.00 sec  76.4 KBytes   623 Kbits/sec                  
[  5] 584.00-585.00 sec   281 KBytes  2.31 Mbits/sec                  
[  5] 585.00-586.02 sec  31.1 KBytes   251 Kbits/sec                  
[  5] 586.02-587.00 sec  19.8 KBytes   164 Kbits/sec                  
[  5] 587.00-588.01 sec  0.00 Bytes  0.00 bits/sec                  
[  5] 588.01-589.00 sec   313 KBytes  2.57 Mbits/sec                  
[  5] 589.00-590.01 sec   290 KBytes  2.36 Mbits/sec                  
[  5] 590.01-591.00 sec   205 KBytes  1.69 Mbits/sec                  
[  5] 591.00-592.00 sec   100 KBytes   822 Kbits/sec                  
[  5] 592.00-593.01 sec   226 KBytes  1.84 Mbits/sec                  
[  5] 593.01-594.01 sec   161 KBytes  1.32 Mbits/sec                  
[  5] 594.01-595.03 sec   126 KBytes  1.00 Mbits/sec                  
[  5] 595.03-596.00 sec  0.00 Bytes  0.00 bits/sec                  
[  5] 596.00-597.00 sec  93.3 KBytes   764 Kbits/sec                  
[  5] 597.00-598.00 sec   404 KBytes  3.31 Mbits/sec                  
[  5] 598.00-599.01 sec   167 KBytes  1.36 Mbits/sec                  
[  5] 599.01-600.01 sec   221 KBytes  1.80 Mbits/sec                  
[  5] 600.01-601.01 sec  84.8 KBytes   695 Kbits/sec                  
[  5] 601.01-602.00 sec   236 KBytes  1.96 Mbits/sec                  
[  5] 602.00-603.01 sec  83.4 KBytes   678 Kbits/sec                  
[  5] 603.01-604.00 sec   233 KBytes  1.92 Mbits/sec                  
[  5] 604.00-605.01 sec  73.5 KBytes   599 Kbits/sec                  
[  5] 605.01-606.05 sec   202 KBytes  1.59 Mbits/sec                  
[  5] 606.05-607.01 sec  45.2 KBytes   389 Kbits/sec                  
[  5] 607.01-608.00 sec  0.00 Bytes  0.00 bits/sec                  
[  5] 608.00-609.00 sec  53.7 KBytes   441 Kbits/sec                  
[  5] 609.00-610.00 sec   520 KBytes  4.25 Mbits/sec                  
[  5] 610.00-611.00 sec  70.7 KBytes   580 Kbits/sec                  
[  5] 611.00-612.00 sec   206 KBytes  1.69 Mbits/sec                  
[  5] 612.00-613.00 sec  41.0 KBytes   336 Kbits/sec                  
[  5] 613.00-614.00 sec  0.00 Bytes  0.00 bits/sec                  
[  5] 614.00-615.00 sec   158 KBytes  1.30 Mbits/sec                  
[  5] 615.00-616.00 sec   146 KBytes  1.19 Mbits/sec                  
[  5] 616.00-617.00 sec   320 KBytes  2.61 Mbits/sec                  
[  5] 617.00-618.01 sec  70.7 KBytes   575 Kbits/sec                  
[  5] 618.01-619.00 sec   194 KBytes  1.60 Mbits/sec                  
[  5] 619.00-620.00 sec  80.6 KBytes   659 Kbits/sec                  
[  5] 620.00-621.00 sec   180 KBytes  1.47 Mbits/sec                  
[  5] 621.00-622.00 sec  82.0 KBytes   672 Kbits/sec                  
[  5] 622.00-623.00 sec   106 KBytes   866 Kbits/sec                  
[  5] 623.00-624.02 sec  0.00 Bytes  0.00 bits/sec                  
[  5] 624.02-625.00 sec   349 KBytes  2.92 Mbits/sec                  
[  5] 625.00-626.00 sec   143 KBytes  1.17 Mbits/sec                  
[  5] 626.00-627.01 sec   124 KBytes  1.01 Mbits/sec                  
[  5] 627.01-628.00 sec   156 KBytes  1.28 Mbits/sec                  
[  5] 628.00-629.00 sec   158 KBytes  1.29 Mbits/sec                  
[  5] 629.00-630.00 sec   120 KBytes   987 Kbits/sec                  
[  5] 630.00-631.00 sec   177 KBytes  1.45 Mbits/sec                  
[  5] 631.00-632.00 sec  96.2 KBytes   786 Kbits/sec                  
[  5] 632.00-633.00 sec  33.9 KBytes   279 Kbits/sec                  
[  5] 633.00-634.00 sec  0.00 Bytes  0.00 bits/sec                  
[  5] 634.00-635.01 sec   358 KBytes  2.91 Mbits/sec                  
[  5] 635.01-636.01 sec  84.8 KBytes   695 Kbits/sec                  
[  5] 636.01-637.00 sec   122 KBytes  1.00 Mbits/sec                  
[  5] 637.00-638.00 sec   100 KBytes   824 Kbits/sec                  
[  5] 638.00-639.01 sec  97.6 KBytes   792 Kbits/sec                  
[  5] 639.01-640.02 sec  0.00 Bytes  0.00 bits/sec                  
[  5] 640.02-641.00 sec  50.9 KBytes   424 Kbits/sec                  
[  5] 641.00-642.00 sec   329 KBytes  2.70 Mbits/sec                  
[  5] 642.00-643.00 sec  60.8 KBytes   497 Kbits/sec                  
[  5] 643.00-644.01 sec   158 KBytes  1.29 Mbits/sec                  
[  5] 644.01-645.01 sec   103 KBytes   843 Kbits/sec                  
[  5] 645.01-646.00 sec   119 KBytes   985 Kbits/sec                  
[  5] 646.00-647.03 sec   146 KBytes  1.16 Mbits/sec                  
[  5] 647.03-648.01 sec  86.3 KBytes   721 Kbits/sec                  
[  5] 648.01-649.00 sec   157 KBytes  1.29 Mbits/sec                  
[  5] 649.00-650.00 sec  73.5 KBytes   603 Kbits/sec                  
[  5] 650.00-651.00 sec   171 KBytes  1.40 Mbits/sec                  
[  5] 651.00-652.01 sec  74.9 KBytes   610 Kbits/sec                  
[  5] 652.01-653.02 sec   185 KBytes  1.50 Mbits/sec                  
[  5] 653.02-654.00 sec  0.00 Bytes  0.00 bits/sec                  
[  5] 654.00-655.00 sec  1.41 KBytes  11.6 Kbits/sec                  
[  5] 655.00-656.02 sec  0.00 Bytes  0.00 bits/sec                  
[  5] 656.02-657.00 sec   602 KBytes  5.03 Mbits/sec                  
[  5] 657.00-658.01 sec   105 KBytes   853 Kbits/sec                  
[  5] 658.01-659.03 sec   156 KBytes  1.24 Mbits/sec                  
[  5] 659.03-660.01 sec  62.2 KBytes   519 Kbits/sec                  
[  5] 660.01-661.02 sec   137 KBytes  1.12 Mbits/sec                  
[  5] 661.02-662.00 sec  77.8 KBytes   648 Kbits/sec                  
[  5] 662.00-663.00 sec   133 KBytes  1.09 Mbits/sec                  
[  5] 663.00-664.00 sec  7.07 KBytes  57.9 Kbits/sec                  
[  5] 664.00-665.00 sec  0.00 Bytes  0.00 bits/sec                  
[  5] 665.00-666.00 sec   305 KBytes  2.51 Mbits/sec                  
[  5] 666.00-667.01 sec  77.8 KBytes   633 Kbits/sec                  
[  5] 667.01-668.00 sec   130 KBytes  1.07 Mbits/sec                  
[  5] 668.00-669.00 sec   134 KBytes  1.10 Mbits/sec                  
[  5] 669.00-670.00 sec   119 KBytes   971 Kbits/sec                  
[  5] 670.00-671.00 sec   105 KBytes   859 Kbits/sec                  
[  5] 671.00-672.01 sec   136 KBytes  1.10 Mbits/sec                  
[  5] 672.01-673.00 sec   112 KBytes   922 Kbits/sec                  
[  5] 673.00-674.02 sec   117 KBytes   946 Kbits/sec                  
[  5] 674.02-675.00 sec   164 KBytes  1.37 Mbits/sec                  
[  5] 675.00-676.02 sec  87.7 KBytes   702 Kbits/sec                  
[  5] 676.02-677.02 sec   174 KBytes  1.43 Mbits/sec                  
[  5] 677.02-678.00 sec  84.8 KBytes   706 Kbits/sec                  
[  5] 678.00-679.00 sec  0.00 Bytes  0.00 bits/sec                  
[  5] 679.00-680.05 sec  0.00 Bytes  0.00 bits/sec                  
[  5] 680.05-681.00 sec   181 KBytes  1.56 Mbits/sec                  
[  5] 681.00-682.01 sec   230 KBytes  1.88 Mbits/sec                  
[  5] 682.01-683.00 sec   397 KBytes  3.26 Mbits/sec                  
[  5] 683.00-684.01 sec   137 KBytes  1.11 Mbits/sec                  
[  5] 684.01-685.00 sec   123 KBytes  1.02 Mbits/sec                  
[  5] 685.00-686.01 sec   105 KBytes   851 Kbits/sec                  
[  5] 686.01-687.01 sec   124 KBytes  1.02 Mbits/sec                  
[  5] 687.01-688.00 sec  99.0 KBytes   817 Kbits/sec                  
[  5] 688.00-689.02 sec  76.4 KBytes   615 Kbits/sec                  
[  5] 689.02-690.00 sec  0.00 Bytes  0.00 bits/sec                  
[  5] 690.00-691.00 sec  22.6 KBytes   186 Kbits/sec                  
[  5] 691.00-692.00 sec  0.00 Bytes  0.00 bits/sec                  
[  5] 692.00-693.00 sec   484 KBytes  3.97 Mbits/sec                  
[  5] 693.00-694.00 sec   151 KBytes  1.24 Mbits/sec                  
[  5] 694.00-695.02 sec   182 KBytes  1.47 Mbits/sec                  
[  5] 695.02-696.01 sec   130 KBytes  1.08 Mbits/sec                  
[  5] 696.01-697.02 sec   154 KBytes  1.24 Mbits/sec                  
[  5] 697.02-698.02 sec   146 KBytes  1.20 Mbits/sec                  
[  5] 698.02-699.00 sec   139 KBytes  1.15 Mbits/sec                  
[  5] 699.00-700.00 sec   171 KBytes  1.40 Mbits/sec                  
[  5] 700.00-701.02 sec   127 KBytes  1.02 Mbits/sec                  
[  5] 701.02-702.00 sec   153 KBytes  1.28 Mbits/sec                  
[  5] 702.00-703.01 sec   144 KBytes  1.17 Mbits/sec                  
[  5] 703.01-704.01 sec   154 KBytes  1.27 Mbits/sec                  
[  5] 704.01-705.01 sec  0.00 Bytes  0.00 bits/sec                  
[  5] 705.01-706.00 sec  70.7 KBytes   581 Kbits/sec                  
[  5] 706.00-707.02 sec   279 KBytes  2.24 Mbits/sec                  
[  5] 707.02-708.00 sec   322 KBytes  2.69 Mbits/sec                  
[  5] 708.00-709.02 sec  32.5 KBytes   262 Kbits/sec                  
[  5] 709.02-710.00 sec   339 KBytes  2.82 Mbits/sec                  
[  5] 710.00-711.00 sec   148 KBytes  1.22 Mbits/sec                  
[  5] 711.00-712.01 sec   167 KBytes  1.35 Mbits/sec                  
[  5] 712.01-713.00 sec   181 KBytes  1.50 Mbits/sec                  
[  5] 713.00-714.00 sec   132 KBytes  1.08 Mbits/sec                  
[  5] 714.00-715.00 sec   180 KBytes  1.47 Mbits/sec                  
[  5] 715.00-716.00 sec   157 KBytes  1.29 Mbits/sec                  
[  5] 716.00-717.00 sec   170 KBytes  1.39 Mbits/sec                  
[  5] 717.00-718.00 sec   157 KBytes  1.28 Mbits/sec                  
[  5] 718.00-719.02 sec   173 KBytes  1.39 Mbits/sec                  
[  5] 719.02-720.02 sec   216 KBytes  1.77 Mbits/sec                  
[  5] 720.02-721.02 sec   139 KBytes  1.14 Mbits/sec                  
[  5] 721.02-722.00 sec   141 KBytes  1.18 Mbits/sec                  
[  5] 722.00-723.00 sec  0.00 Bytes  0.00 bits/sec                  
[  5] 723.00-724.00 sec  49.5 KBytes   405 Kbits/sec                  
[  5] 724.00-725.01 sec  0.00 Bytes  0.00 bits/sec                  
[  5] 725.01-726.01 sec   684 KBytes  5.59 Mbits/sec                  
[  5] 726.01-727.07 sec   170 KBytes  1.32 Mbits/sec                  
[  5] 727.07-728.00 sec  80.6 KBytes   710 Kbits/sec                  
[  5] 728.00-729.03 sec   109 KBytes   870 Kbits/sec                  
[  5] 729.03-730.00 sec  0.00 Bytes  0.00 bits/sec                  
[  5] 730.00-731.01 sec   325 KBytes  2.65 Mbits/sec                  
[  5] 731.01-732.00 sec  0.00 Bytes  0.00 bits/sec                  
[  5] 732.00-733.00 sec   419 KBytes  3.43 Mbits/sec                  
[  5] 733.00-734.02 sec   147 KBytes  1.19 Mbits/sec                  
[  5] 734.02-735.01 sec   174 KBytes  1.43 Mbits/sec                  
[  5] 735.01-736.00 sec   173 KBytes  1.43 Mbits/sec                  
[  5] 736.00-737.00 sec   164 KBytes  1.34 Mbits/sec                  
[  5] 737.00-738.00 sec   170 KBytes  1.39 Mbits/sec                  
[  5] 738.00-739.00 sec   173 KBytes  1.42 Mbits/sec                  
[  5] 739.00-740.02 sec   189 KBytes  1.52 Mbits/sec                  
[  5] 740.02-741.01 sec   126 KBytes  1.04 Mbits/sec                  
[  5] 741.01-742.00 sec  0.00 Bytes  0.00 bits/sec                  
[  5] 742.00-743.01 sec  0.00 Bytes  0.00 bits/sec                  
[  5] 743.01-744.00 sec  0.00 Bytes  0.00 bits/sec                  
[  5] 744.00-745.00 sec   707 KBytes  5.82 Mbits/sec                  
[  5] 745.00-746.00 sec   160 KBytes  1.31 Mbits/sec                  
[  5] 746.00-747.00 sec   123 KBytes  1.01 Mbits/sec                  
[  5] 747.00-748.00 sec   157 KBytes  1.28 Mbits/sec                  
[  5] 748.00-749.02 sec   124 KBytes  1.01 Mbits/sec                  
[  5] 749.02-750.01 sec   110 KBytes   912 Kbits/sec                  
[  5] 750.01-751.00 sec   143 KBytes  1.18 Mbits/sec                  
[  5] 751.00-752.00 sec   126 KBytes  1.03 Mbits/sec                  
[  5] 752.00-753.00 sec   150 KBytes  1.23 Mbits/sec                  
[  5] 753.00-754.01 sec   140 KBytes  1.14 Mbits/sec                  
[  5] 754.01-755.01 sec   123 KBytes  1.01 Mbits/sec                  
[  5] 755.01-756.01 sec   139 KBytes  1.13 Mbits/sec                  
[  5] 756.01-757.01 sec   148 KBytes  1.21 Mbits/sec                  
[  5] 757.01-758.02 sec  18.4 KBytes   149 Kbits/sec                  
[  5] 758.02-759.00 sec  0.00 Bytes  0.00 bits/sec                  
[  5] 759.00-760.00 sec  0.00 Bytes  0.00 bits/sec                  
[  5] 760.00-761.00 sec  0.00 Bytes  0.00 bits/sec                  
[  5] 761.00-762.00 sec   703 KBytes  5.76 Mbits/sec                  
[  5] 762.00-763.00 sec   150 KBytes  1.23 Mbits/sec                  
[  5] 763.00-764.00 sec   243 KBytes  1.99 Mbits/sec                  
[  5] 764.00-765.00 sec   198 KBytes  1.62 Mbits/sec                  
[  5] 765.00-766.02 sec   171 KBytes  1.38 Mbits/sec                  
[  5] 766.02-767.00 sec   130 KBytes  1.08 Mbits/sec                  
[  5] 767.00-768.00 sec   175 KBytes  1.43 Mbits/sec                  
[  5] 768.00-769.01 sec   161 KBytes  1.31 Mbits/sec                  
[  5] 769.01-770.00 sec   206 KBytes  1.71 Mbits/sec                  
[  5] 770.00-771.00 sec   232 KBytes  1.90 Mbits/sec                  
[  5] 771.00-772.00 sec   167 KBytes  1.37 Mbits/sec                  
[  5] 772.00-773.00 sec   148 KBytes  1.22 Mbits/sec                  
[  5] 773.00-774.00 sec   226 KBytes  1.85 Mbits/sec                  
[  5] 774.00-775.00 sec   122 KBytes   994 Kbits/sec                  
[  5] 775.00-776.00 sec   250 KBytes  2.05 Mbits/sec                  
[  5] 776.00-777.00 sec  0.00 Bytes  0.00 bits/sec                  
[  5] 777.00-778.01 sec  0.00 Bytes  0.00 bits/sec                  
[  5] 778.01-779.00 sec   280 KBytes  2.31 Mbits/sec                  
[  5] 779.00-780.00 sec   245 KBytes  2.01 Mbits/sec                  
[  5] 780.00-781.00 sec   274 KBytes  2.25 Mbits/sec                  
[  5] 781.00-782.02 sec   100 KBytes   809 Kbits/sec                  
[  5] 782.02-783.00 sec  0.00 Bytes  0.00 bits/sec                  
[  5] 783.00-784.03 sec   547 KBytes  4.36 Mbits/sec                  
[  5] 784.03-785.00 sec   242 KBytes  2.04 Mbits/sec                  
[  5] 785.00-786.01 sec  58.0 KBytes   472 Kbits/sec                  
[  5] 786.01-787.01 sec   250 KBytes  2.05 Mbits/sec                  
[  5] 787.01-788.01 sec  46.7 KBytes   383 Kbits/sec                  
[  5] 788.01-789.01 sec   317 KBytes  2.59 Mbits/sec                  
[  5] 789.01-790.03 sec  46.7 KBytes   377 Kbits/sec                  
[  5] 790.03-791.00 sec   284 KBytes  2.39 Mbits/sec                  
[  5] 791.00-792.00 sec   146 KBytes  1.19 Mbits/sec                  
[  5] 792.00-793.00 sec   197 KBytes  1.61 Mbits/sec                  
[  5] 793.00-794.00 sec   229 KBytes  1.87 Mbits/sec                  
[  5] 794.00-795.00 sec   140 KBytes  1.15 Mbits/sec                  
[  5] 795.00-796.02 sec  4.24 KBytes  34.2 Kbits/sec                  
[  5] 796.02-797.01 sec  0.00 Bytes  0.00 bits/sec                  
[  5] 797.01-798.00 sec   426 KBytes  3.52 Mbits/sec                  
[  5] 798.00-799.01 sec   293 KBytes  2.38 Mbits/sec                  
[  5] 799.01-800.00 sec   256 KBytes  2.12 Mbits/sec                  
[  5] 800.00-801.01 sec   160 KBytes  1.29 Mbits/sec                  
[  5] 801.01-802.02 sec   208 KBytes  1.70 Mbits/sec                  
[  5] 802.02-803.00 sec   238 KBytes  1.97 Mbits/sec                  
[  5] 803.00-804.02 sec  69.3 KBytes   559 Kbits/sec                  
[  5] 804.02-805.02 sec  77.8 KBytes   640 Kbits/sec                  
[  5] 805.02-806.00 sec   400 KBytes  3.33 Mbits/sec                  
[  5] 806.00-807.02 sec   296 KBytes  2.38 Mbits/sec                  
[  5] 807.02-808.00 sec   175 KBytes  1.46 Mbits/sec                  
[  5] 808.00-809.01 sec   485 KBytes  3.92 Mbits/sec                  
[  5] 809.01-810.00 sec   301 KBytes  2.49 Mbits/sec                  
[  5] 810.00-811.00 sec   117 KBytes   965 Kbits/sec                  
[  5] 811.00-812.02 sec   291 KBytes  2.34 Mbits/sec                  
[  5] 812.02-813.00 sec   112 KBytes   934 Kbits/sec                  
[  5] 813.00-814.02 sec   257 KBytes  2.08 Mbits/sec                  
[  5] 814.02-815.00 sec   148 KBytes  1.23 Mbits/sec                  
[  5] 815.00-816.01 sec   226 KBytes  1.85 Mbits/sec                  
[  5] 816.01-817.01 sec   197 KBytes  1.60 Mbits/sec                  
[  5] 817.01-818.01 sec   215 KBytes  1.78 Mbits/sec                  
[  5] 818.01-819.00 sec   365 KBytes  3.00 Mbits/sec                  
[  5] 819.00-820.00 sec   133 KBytes  1.09 Mbits/sec                  
[  5] 820.00-821.02 sec   516 KBytes  4.15 Mbits/sec                  
[  5] 821.02-822.01 sec  43.8 KBytes   363 Kbits/sec                  
[  5] 822.01-823.00 sec  0.00 Bytes  0.00 bits/sec                  
[  5] 823.00-824.02 sec  17.0 KBytes   137 Kbits/sec                  
[  5] 824.02-825.00 sec  1.24 MBytes  10.6 Mbits/sec                  
[  5] 825.00-826.00 sec   482 KBytes  3.96 Mbits/sec                  
[  5] 826.00-827.00 sec   225 KBytes  1.84 Mbits/sec                  
[  5] 827.00-828.05 sec   625 KBytes  4.90 Mbits/sec                  
[  5] 828.05-829.00 sec   648 KBytes  5.58 Mbits/sec                  
[  5] 829.00-830.00 sec   601 KBytes  4.91 Mbits/sec                  
[  5] 830.00-831.00 sec   212 KBytes  1.74 Mbits/sec                  
[  5] 831.00-832.04 sec   307 KBytes  2.42 Mbits/sec                  
[  5] 832.04-833.00 sec   375 KBytes  3.19 Mbits/sec                  
[  5] 833.00-834.01 sec   113 KBytes   919 Kbits/sec                  
[  5] 834.01-835.01 sec   492 KBytes  4.03 Mbits/sec                  
[  5] 835.01-836.00 sec   100 KBytes   832 Kbits/sec                  
[  5] 836.00-837.00 sec   407 KBytes  3.34 Mbits/sec                  
[  5] 837.00-838.00 sec   139 KBytes  1.13 Mbits/sec                  
[  5] 838.00-839.00 sec   406 KBytes  3.31 Mbits/sec                  
[  5] 839.00-840.00 sec  0.00 Bytes  0.00 bits/sec                  
[  5] 840.00-841.00 sec  1.41 KBytes  11.6 Kbits/sec                  
[  5] 841.00-842.00 sec   477 KBytes  3.91 Mbits/sec                  
[  5] 842.00-843.02 sec   519 KBytes  4.17 Mbits/sec                  
[  5] 843.02-844.00 sec   419 KBytes  3.49 Mbits/sec                  
[  5] 844.00-845.01 sec   290 KBytes  2.35 Mbits/sec                  
[  5] 845.01-846.01 sec   236 KBytes  1.94 Mbits/sec                  
[  5] 846.01-847.00 sec   431 KBytes  3.55 Mbits/sec                  
[  5] 847.00-848.00 sec   296 KBytes  2.43 Mbits/sec                  
[  5] 848.00-849.02 sec   421 KBytes  3.40 Mbits/sec                  
[  5] 849.02-850.00 sec   283 KBytes  2.35 Mbits/sec                  
[  5] 850.00-851.00 sec  79.2 KBytes   648 Kbits/sec                  
[  5] 851.00-852.00 sec   448 KBytes  3.68 Mbits/sec                  
[  5] 852.00-853.00 sec  0.00 Bytes  0.00 bits/sec                  
[  5] 853.00-854.01 sec   765 KBytes  6.21 Mbits/sec                  
[  5] 854.01-855.01 sec   122 KBytes   996 Kbits/sec                  
[  5] 855.01-856.01 sec   395 KBytes  3.23 Mbits/sec                  
[  5] 856.01-857.00 sec   305 KBytes  2.52 Mbits/sec                  
[  5] 857.00-858.01 sec   202 KBytes  1.64 Mbits/sec                  
[  5] 858.01-859.00 sec   386 KBytes  3.20 Mbits/sec                  
[  5] 859.00-860.00 sec   144 KBytes  1.18 Mbits/sec                  
[  5] 860.00-861.00 sec   310 KBytes  2.54 Mbits/sec                  
[  5] 861.00-862.01 sec  0.00 Bytes  0.00 bits/sec                  
[  5] 862.01-863.00 sec   134 KBytes  1.11 Mbits/sec                  
[  5] 863.00-864.02 sec  97.6 KBytes   788 Kbits/sec                  
[  5] 864.02-865.00 sec   751 KBytes  6.24 Mbits/sec                  
[  5] 865.00-866.00 sec  86.3 KBytes   705 Kbits/sec                  
[  5] 866.00-867.00 sec   335 KBytes  2.75 Mbits/sec                  
[  5] 867.00-868.00 sec   235 KBytes  1.92 Mbits/sec                  
[  5] 868.00-869.01 sec   171 KBytes  1.40 Mbits/sec                  
[  5] 869.01-870.00 sec  0.00 Bytes  0.00 bits/sec                  
[  5] 870.00-871.00 sec   198 KBytes  1.63 Mbits/sec                  
[  5] 871.00-872.03 sec   581 KBytes  4.62 Mbits/sec                  
[  5] 872.03-873.02 sec  35.4 KBytes   293 Kbits/sec                  
[  5] 873.02-874.00 sec   345 KBytes  2.88 Mbits/sec                  
[  5] 874.00-875.01 sec   260 KBytes  2.12 Mbits/sec                  
[  5] 875.01-876.00 sec   143 KBytes  1.18 Mbits/sec                  
[  5] 876.00-877.00 sec   387 KBytes  3.18 Mbits/sec                  
[  5] 877.00-878.00 sec  59.4 KBytes   486 Kbits/sec                  
[  5] 878.00-879.00 sec   369 KBytes  3.03 Mbits/sec                  
[  5] 879.00-880.05 sec  0.00 Bytes  0.00 bits/sec                  
[  5] 880.05-881.01 sec   277 KBytes  2.37 Mbits/sec                  
[  5] 881.01-882.00 sec   441 KBytes  3.64 Mbits/sec                  
[  5] 882.00-883.00 sec   187 KBytes  1.53 Mbits/sec                  
[  5] 883.00-884.01 sec   156 KBytes  1.27 Mbits/sec                  
[  5] 884.01-885.02 sec   339 KBytes  2.75 Mbits/sec                  
[  5] 885.02-886.00 sec   215 KBytes  1.79 Mbits/sec                  
[  5] 886.00-886.39 sec   106 KBytes  2.21 Mbits/sec                  
- - - - - - - - - - - - - - - - - - - - - - - - -
[ ID] Interval           Transfer     Bandwidth
[  5]   0.00-886.39 sec  0.00 Bytes  0.00 bits/sec                  sender
[  5]   0.00-886.39 sec  95.8 MBytes   907 Kbits/sec                  receiver
