Connecting to host 10.0.0.2, port 5204
[  4] local 10.0.0.1 port 46116 connected to 10.0.0.2 port 5204
[ ID] Interval           Transfer     Bandwidth       Retr  Cwnd
[  4]   0.00-1.00   sec  82.0 KBytes   671 Kbits/sec    0   14.1 KBytes       
[  4]   1.00-2.00   sec  14.1 KBytes   116 Kbits/sec    0   28.3 KBytes       
[  4]   2.00-3.00   sec  0.00 Bytes  0.00 bits/sec    0   28.3 KBytes       
[  4]   3.00-4.00   sec   192 KBytes  1.57 Mbits/sec    0   42.4 KBytes       
[  4]   4.00-5.00   sec  70.7 KBytes   579 Kbits/sec    0   49.5 KBytes       
[  4]   5.00-6.00   sec  0.00 Bytes  0.00 bits/sec    0   49.5 KBytes       
[  4]   6.00-7.00   sec   191 KBytes  1.56 Mbits/sec    0   74.9 KBytes       
[  4]   7.00-8.00   sec  0.00 Bytes  0.00 bits/sec    0   74.9 KBytes       
[  4]   8.00-9.00   sec   318 KBytes  2.61 Mbits/sec    0    113 KBytes       
[  4]   9.00-10.00  sec  0.00 Bytes  0.00 bits/sec    0    113 KBytes       
[  4]  10.00-11.00  sec   382 KBytes  3.13 Mbits/sec    0    168 KBytes       
[  4]  11.00-12.00  sec  0.00 Bytes  0.00 bits/sec    0    168 KBytes       
[  4]  12.00-13.00  sec  0.00 Bytes  0.00 bits/sec    0    168 KBytes       
[  4]  13.00-14.00  sec   636 KBytes  5.21 Mbits/sec    0    252 KBytes       
[  4]  14.00-15.00  sec  0.00 Bytes  0.00 bits/sec    0    252 KBytes       
[  4]  15.00-16.00  sec   954 KBytes  7.82 Mbits/sec    0    378 KBytes       
[  4]  16.00-17.00  sec  0.00 Bytes  0.00 bits/sec    0    378 KBytes       
[  4]  17.00-18.00  sec   827 KBytes  6.76 Mbits/sec    0    491 KBytes       
[  4]  18.00-19.00  sec   509 KBytes  4.18 Mbits/sec    1    543 KBytes       
[  4]  19.00-20.01  sec  0.00 Bytes  0.00 bits/sec    0    543 KBytes       
[  4]  20.01-21.00  sec  0.00 Bytes  0.00 bits/sec    0    543 KBytes       
[  4]  21.00-22.00  sec  0.00 Bytes  0.00 bits/sec    0    475 KBytes       
[  4]  22.00-23.00  sec   509 KBytes  4.17 Mbits/sec    0    387 KBytes       
[  4]  23.00-24.01  sec  0.00 Bytes  0.00 bits/sec    0    387 KBytes       
[  4]  24.01-25.00  sec  0.00 Bytes  0.00 bits/sec    0    387 KBytes       
[  4]  25.00-26.00  sec   445 KBytes  3.65 Mbits/sec    0    485 KBytes       
[  4]  26.00-27.01  sec  0.00 Bytes  0.00 bits/sec    0    485 KBytes       
[  4]  27.01-28.00  sec  0.00 Bytes  0.00 bits/sec    0    491 KBytes       
[  4]  28.00-29.02  sec   445 KBytes  3.59 Mbits/sec    0    526 KBytes       
[  4]  29.02-30.00  sec  0.00 Bytes  0.00 bits/sec    0    526 KBytes       
[  4]  30.00-31.00  sec   191 KBytes  1.56 Mbits/sec    4    526 KBytes       
[  4]  31.00-32.01  sec  0.00 Bytes  0.00 bits/sec    0    440 KBytes       
[  4]  32.01-33.00  sec  0.00 Bytes  0.00 bits/sec    0    440 KBytes       
[  4]  33.00-34.00  sec   700 KBytes  5.74 Mbits/sec    0    393 KBytes       
[  4]  34.00-35.00  sec  63.6 KBytes   522 Kbits/sec    0    400 KBytes       
[  4]  35.00-36.00  sec  63.6 KBytes   521 Kbits/sec    0    407 KBytes       
[  4]  36.00-37.00  sec   382 KBytes  3.13 Mbits/sec    0    436 KBytes       
[  4]  37.00-38.00  sec  0.00 Bytes  0.00 bits/sec    0    436 KBytes       
[  4]  38.00-39.00  sec   382 KBytes  3.13 Mbits/sec    0    448 KBytes       
[  4]  39.00-40.01  sec  63.6 KBytes   520 Kbits/sec    0    450 KBytes       
[  4]  40.01-41.00  sec  63.6 KBytes   523 Kbits/sec    0    452 KBytes       
[  4]  41.00-42.00  sec   382 KBytes  3.13 Mbits/sec    0    471 KBytes       
[  4]  42.00-43.00  sec  0.00 Bytes  0.00 bits/sec    0    471 KBytes       
[  4]  43.00-44.00  sec   382 KBytes  3.13 Mbits/sec    0    537 KBytes       
[  4]  44.00-45.00  sec  63.6 KBytes   521 Kbits/sec    0    542 KBytes       
[  4]  45.00-46.00  sec  0.00 Bytes  0.00 bits/sec    0    544 KBytes       
[  4]  46.00-47.00  sec  1.43 MBytes  12.0 Mbits/sec    0    723 KBytes       
[  4]  47.00-48.01  sec  0.00 Bytes  0.00 bits/sec    0    723 KBytes       
[  4]  48.01-49.00  sec  1.12 MBytes  9.42 Mbits/sec    7    848 KBytes       
[  4]  49.00-50.00  sec  0.00 Bytes  0.00 bits/sec    5    727 KBytes       
[  4]  50.00-51.00  sec  0.00 Bytes  0.00 bits/sec    0    727 KBytes       
[  4]  51.00-52.00  sec  0.00 Bytes  0.00 bits/sec   36    607 KBytes       
[  4]  52.00-53.00  sec   573 KBytes  4.70 Mbits/sec    0    607 KBytes       
[  4]  53.00-54.00  sec  0.00 Bytes  0.00 bits/sec    0    607 KBytes       
[  4]  54.00-55.00  sec   509 KBytes  4.17 Mbits/sec   18    543 KBytes       
[  4]  55.00-56.01  sec  63.6 KBytes   516 Kbits/sec    0    503 KBytes       
[  4]  56.01-57.00  sec  0.00 Bytes  0.00 bits/sec    0    501 KBytes       
[  4]  57.00-58.00  sec  1.06 MBytes  8.86 Mbits/sec    0    443 KBytes       
[  4]  58.00-59.00  sec  0.00 Bytes  0.00 bits/sec    0    443 KBytes       
[  4]  59.00-60.00  sec   445 KBytes  3.65 Mbits/sec    0    482 KBytes       
[  4]  60.00-61.00  sec  63.6 KBytes   521 Kbits/sec    0    486 KBytes       
[  4]  61.00-62.00  sec   191 KBytes  1.56 Mbits/sec    0    494 KBytes       
[  4]  62.00-63.00  sec   318 KBytes  2.61 Mbits/sec    0    503 KBytes       
[  4]  63.00-64.00  sec  0.00 Bytes  0.00 bits/sec    0    503 KBytes       
[  4]  64.00-65.00  sec   382 KBytes  3.13 Mbits/sec    0    518 KBytes       
[  4]  65.00-66.00  sec   127 KBytes  1.04 Mbits/sec    0    522 KBytes       
[  4]  66.00-67.00  sec  0.00 Bytes  0.00 bits/sec    0    526 KBytes       
[  4]  67.00-68.00  sec   445 KBytes  3.65 Mbits/sec    0    587 KBytes       
[  4]  68.00-69.00  sec  0.00 Bytes  0.00 bits/sec    0    591 KBytes       
[  4]  69.00-70.00  sec  0.00 Bytes  0.00 bits/sec    0    591 KBytes       
[  4]  70.00-71.00  sec  0.00 Bytes  0.00 bits/sec   69    426 KBytes       
[  4]  71.00-72.00  sec  0.00 Bytes  0.00 bits/sec   20    426 KBytes       
[  4]  72.00-73.00  sec  0.00 Bytes  0.00 bits/sec    0    426 KBytes       
[  4]  73.00-74.00  sec  0.00 Bytes  0.00 bits/sec   40    426 KBytes       
[  4]  74.00-75.00  sec  0.00 Bytes  0.00 bits/sec    0    426 KBytes       
[  4]  75.00-76.01  sec  0.00 Bytes  0.00 bits/sec    0    426 KBytes       
[  4]  76.01-77.00  sec  1.18 MBytes  10.0 Mbits/sec    0    351 KBytes       
[  4]  77.00-78.00  sec  63.6 KBytes   521 Kbits/sec    0    337 KBytes       
[  4]  78.00-79.00  sec  0.00 Bytes  0.00 bits/sec    0    337 KBytes       
[  4]  79.00-80.00  sec   382 KBytes  3.13 Mbits/sec    0    317 KBytes       
[  4]  80.00-81.00  sec  63.6 KBytes   521 Kbits/sec    0    321 KBytes       
[  4]  81.00-82.00  sec  0.00 Bytes  0.00 bits/sec    0    321 KBytes       
[  4]  82.00-83.00  sec  0.00 Bytes  0.00 bits/sec   24    233 KBytes       
[  4]  83.00-84.02  sec  0.00 Bytes  0.00 bits/sec    0    223 KBytes       
[  4]  84.02-85.00  sec  0.00 Bytes  0.00 bits/sec    0    223 KBytes       
[  4]  85.00-86.00  sec   382 KBytes  3.12 Mbits/sec    0    236 KBytes       
[  4]  86.00-87.00  sec   127 KBytes  1.04 Mbits/sec    0    246 KBytes       
[  4]  87.00-88.01  sec  0.00 Bytes  0.00 bits/sec    0    246 KBytes       
[  4]  88.01-89.00  sec   191 KBytes  1.59 Mbits/sec    0    257 KBytes       
[  4]  89.00-90.00  sec  63.6 KBytes   521 Kbits/sec    0    262 KBytes       
[  4]  90.00-91.00  sec  0.00 Bytes  0.00 bits/sec    0    262 KBytes       
[  4]  91.00-92.00  sec   191 KBytes  1.56 Mbits/sec    0    272 KBytes       
[  4]  92.00-93.02  sec  63.6 KBytes   510 Kbits/sec    0    279 KBytes       
[  4]  93.02-94.03  sec  0.00 Bytes  0.00 bits/sec    0    279 KBytes       
[  4]  94.03-95.00  sec   127 KBytes  1.07 Mbits/sec    0    327 KBytes       
[  4]  95.00-96.00  sec   127 KBytes  1.04 Mbits/sec    0    370 KBytes       
[  4]  96.00-97.00  sec  0.00 Bytes  0.00 bits/sec    0    379 KBytes       
[  4]  97.00-98.00  sec  0.00 Bytes  0.00 bits/sec    0    379 KBytes       
[  4]  98.00-99.04  sec  63.6 KBytes   500 Kbits/sec    0    410 KBytes       
[  4]  99.04-100.00 sec   127 KBytes  1.09 Mbits/sec    0    488 KBytes       
[  4] 100.00-101.00 sec   127 KBytes  1.04 Mbits/sec    0    564 KBytes       
[  4] 101.00-102.00 sec  0.00 Bytes  0.00 bits/sec    0    564 KBytes       
[  4] 102.00-103.00 sec  0.00 Bytes  0.00 bits/sec    0    564 KBytes       
[  4] 103.00-104.00 sec  0.00 Bytes  0.00 bits/sec   22    494 KBytes       
[  4] 104.00-105.00 sec  0.00 Bytes  0.00 bits/sec   51    416 KBytes       
[  4] 105.00-106.00 sec  0.00 Bytes  0.00 bits/sec    3    416 KBytes       
[  4] 106.00-107.00 sec  0.00 Bytes  0.00 bits/sec    0    416 KBytes       
[  4] 107.00-108.00 sec   382 KBytes  3.12 Mbits/sec    7    416 KBytes       
[  4] 108.00-109.00 sec   127 KBytes  1.05 Mbits/sec    0    416 KBytes       
[  4] 109.00-110.15 sec   318 KBytes  2.27 Mbits/sec    0    421 KBytes       
[  4] 110.15-111.00 sec   127 KBytes  1.22 Mbits/sec    0    452 KBytes       
[  4] 111.00-112.02 sec   127 KBytes  1.02 Mbits/sec    0    478 KBytes       
[  4] 112.02-113.00 sec   127 KBytes  1.06 Mbits/sec    2    472 KBytes       
[  4] 113.00-114.00 sec  0.00 Bytes  0.00 bits/sec    0    467 KBytes       
[  4] 114.00-115.00 sec  0.00 Bytes  0.00 bits/sec    6    393 KBytes       
[  4] 115.00-116.03 sec  0.00 Bytes  0.00 bits/sec    9    349 KBytes       
[  4] 116.03-117.00 sec  63.6 KBytes   534 Kbits/sec    2    346 KBytes       
[  4] 117.00-118.00 sec   191 KBytes  1.57 Mbits/sec    0    346 KBytes       
[  4] 118.00-119.08 sec   127 KBytes   968 Kbits/sec    1    346 KBytes       
[  4] 119.08-120.02 sec   255 KBytes  2.21 Mbits/sec    0    320 KBytes       
[  4] 120.02-121.00 sec  0.00 Bytes  0.00 bits/sec    0    284 KBytes       
[  4] 121.00-122.00 sec   509 KBytes  4.18 Mbits/sec    0    242 KBytes       
[  4] 122.00-123.00 sec   127 KBytes  1.04 Mbits/sec    0    252 KBytes       
[  4] 123.00-124.00 sec   127 KBytes  1.04 Mbits/sec    0    267 KBytes       
[  4] 124.00-125.00 sec   127 KBytes  1.04 Mbits/sec    0    277 KBytes       
[  4] 125.00-126.00 sec  0.00 Bytes  0.00 bits/sec    0    277 KBytes       
[  4] 126.00-127.05 sec   127 KBytes   998 Kbits/sec    0    284 KBytes       
[  4] 127.05-128.00 sec   127 KBytes  1.09 Mbits/sec    0    290 KBytes       
[  4] 128.00-129.00 sec  63.6 KBytes   522 Kbits/sec    0    293 KBytes       
[  4] 129.00-130.00 sec  63.6 KBytes   521 Kbits/sec    0    304 KBytes       
[  4] 130.00-131.00 sec   127 KBytes  1.04 Mbits/sec    0    335 KBytes       
[  4] 131.00-132.00 sec  63.6 KBytes   520 Kbits/sec    0    354 KBytes       
[  4] 132.00-133.02 sec  0.00 Bytes  0.00 bits/sec    0    368 KBytes       
[  4] 133.02-134.00 sec   127 KBytes  1.07 Mbits/sec    0    431 KBytes       
[  4] 134.00-135.00 sec  0.00 Bytes  0.00 bits/sec   28    372 KBytes       
[  4] 135.00-136.00 sec  0.00 Bytes  0.00 bits/sec   20    332 KBytes       
[  4] 136.00-137.03 sec  0.00 Bytes  0.00 bits/sec   15    305 KBytes       
[  4] 137.03-138.00 sec  0.00 Bytes  0.00 bits/sec   25    305 KBytes       
[  4] 138.00-139.00 sec  63.6 KBytes   521 Kbits/sec   24    305 KBytes       
[  4] 139.00-140.00 sec  0.00 Bytes  0.00 bits/sec    0    305 KBytes       
[  4] 140.00-141.00 sec  63.6 KBytes   521 Kbits/sec    0    305 KBytes       
[  4] 141.00-142.04 sec   191 KBytes  1.51 Mbits/sec    0    305 KBytes       
[  4] 142.04-143.00 sec  0.00 Bytes  0.00 bits/sec   11    305 KBytes       
[  4] 143.00-144.00 sec  0.00 Bytes  0.00 bits/sec    0    305 KBytes       
[  4] 144.00-145.00 sec  0.00 Bytes  0.00 bits/sec    0    305 KBytes       
[  4] 145.00-146.00 sec  0.00 Bytes  0.00 bits/sec    0    305 KBytes       
[  4] 146.00-147.00 sec  0.00 Bytes  0.00 bits/sec    5    305 KBytes       
[  4] 147.00-148.00 sec  0.00 Bytes  0.00 bits/sec    2    298 KBytes       
[  4] 148.00-149.00 sec  0.00 Bytes  0.00 bits/sec    6    298 KBytes       
[  4] 149.00-150.01 sec  0.00 Bytes  0.00 bits/sec    1    305 KBytes       
[  4] 150.01-151.03 sec   573 KBytes  4.60 Mbits/sec    0    281 KBytes       
[  4] 151.03-152.03 sec  0.00 Bytes  0.00 bits/sec    0    277 KBytes       
[  4] 152.03-153.00 sec   382 KBytes  3.21 Mbits/sec    0    253 KBytes       
[  4] 153.00-154.00 sec   191 KBytes  1.57 Mbits/sec    0    218 KBytes       
[  4] 154.00-155.00 sec  63.6 KBytes   519 Kbits/sec    0    223 KBytes       
[  4] 155.00-156.00 sec  0.00 Bytes  0.00 bits/sec    0    223 KBytes       
[  4] 156.00-157.04 sec   127 KBytes  1.01 Mbits/sec    0    238 KBytes       
[  4] 157.04-158.00 sec  63.6 KBytes   541 Kbits/sec    0    242 KBytes       
[  4] 158.00-159.00 sec  63.6 KBytes   521 Kbits/sec    0    246 KBytes       
[  4] 159.00-160.00 sec   127 KBytes  1.04 Mbits/sec    0    253 KBytes       
[  4] 160.00-161.00 sec  63.6 KBytes   521 Kbits/sec    0    264 KBytes       
[  4] 161.00-162.00 sec  63.6 KBytes   521 Kbits/sec    0    272 KBytes       
[  4] 162.00-163.00 sec  0.00 Bytes  0.00 bits/sec    0    280 KBytes       
[  4] 163.00-164.00 sec  63.6 KBytes   520 Kbits/sec    0    307 KBytes       
[  4] 164.00-165.00 sec   127 KBytes  1.05 Mbits/sec    0    382 KBytes       
[  4] 165.00-166.00 sec  0.00 Bytes  0.00 bits/sec    0    393 KBytes       
[  4] 166.00-167.00 sec  63.6 KBytes   522 Kbits/sec    0    397 KBytes       
[  4] 167.00-168.00 sec  0.00 Bytes  0.00 bits/sec   22    362 KBytes       
[  4] 168.00-169.00 sec  0.00 Bytes  0.00 bits/sec   16    300 KBytes       
[  4] 169.00-170.00 sec  0.00 Bytes  0.00 bits/sec    8    294 KBytes       
[  4] 170.00-171.00 sec  0.00 Bytes  0.00 bits/sec    0    294 KBytes       
[  4] 171.00-172.00 sec   127 KBytes  1.04 Mbits/sec    6    294 KBytes       
[  4] 172.00-173.00 sec   127 KBytes  1.04 Mbits/sec    0    294 KBytes       
[  4] 173.00-174.00 sec  0.00 Bytes  0.00 bits/sec    0    294 KBytes       
[  4] 174.00-175.00 sec  0.00 Bytes  0.00 bits/sec    0    294 KBytes       
[  4] 175.00-176.00 sec   127 KBytes  1.04 Mbits/sec    0    294 KBytes       
[  4] 176.00-177.00 sec  0.00 Bytes  0.00 bits/sec   10    294 KBytes       
[  4] 177.00-178.03 sec  0.00 Bytes  0.00 bits/sec    0    294 KBytes       
[  4] 178.03-179.00 sec  0.00 Bytes  0.00 bits/sec    2    294 KBytes       
[  4] 179.00-180.01 sec  0.00 Bytes  0.00 bits/sec    0    294 KBytes       
[  4] 180.01-181.00 sec   445 KBytes  3.66 Mbits/sec    0    262 KBytes       
[  4] 181.00-182.00 sec  0.00 Bytes  0.00 bits/sec    0    242 KBytes       
[  4] 182.00-183.03 sec   382 KBytes  3.05 Mbits/sec    0    222 KBytes       
[  4] 183.03-184.00 sec   191 KBytes  1.61 Mbits/sec    0    216 KBytes       
[  4] 184.00-185.00 sec  63.6 KBytes   521 Kbits/sec    0    222 KBytes       
[  4] 185.00-186.00 sec  0.00 Bytes  0.00 bits/sec    0    222 KBytes       
[  4] 186.00-187.00 sec   127 KBytes  1.04 Mbits/sec    0    236 KBytes       
[  4] 187.00-188.00 sec  63.6 KBytes   521 Kbits/sec    0    239 KBytes       
[  4] 188.00-189.00 sec  63.6 KBytes   522 Kbits/sec    0    240 KBytes       
[  4] 189.00-190.00 sec   127 KBytes  1.04 Mbits/sec    0    255 KBytes       
[  4] 190.00-191.00 sec  63.6 KBytes   522 Kbits/sec    0    263 KBytes       
[  4] 191.00-192.00 sec  0.00 Bytes  0.00 bits/sec    0    266 KBytes       
[  4] 192.00-193.00 sec  63.6 KBytes   522 Kbits/sec    0    315 KBytes       
[  4] 193.00-194.00 sec   127 KBytes  1.04 Mbits/sec    0    363 KBytes       
[  4] 194.00-195.00 sec  0.00 Bytes  0.00 bits/sec    0    376 KBytes       
[  4] 195.00-196.00 sec  0.00 Bytes  0.00 bits/sec   10    341 KBytes       
[  4] 196.00-197.00 sec  0.00 Bytes  0.00 bits/sec   21    273 KBytes       
[  4] 197.00-198.00 sec  0.00 Bytes  0.00 bits/sec    9    263 KBytes       
[  4] 198.00-199.03 sec  0.00 Bytes  0.00 bits/sec    0    263 KBytes       
[  4] 199.03-200.00 sec  63.6 KBytes   535 Kbits/sec    2    263 KBytes       
[  4] 200.00-201.00 sec   191 KBytes  1.56 Mbits/sec    0    263 KBytes       
[  4] 201.00-202.00 sec  63.6 KBytes   522 Kbits/sec    0    263 KBytes       
[  4] 202.00-203.00 sec  0.00 Bytes  0.00 bits/sec    0    263 KBytes       
[  4] 203.00-204.09 sec   255 KBytes  1.91 Mbits/sec    7    225 KBytes       
[  4] 204.09-205.00 sec  0.00 Bytes  0.00 bits/sec    0    202 KBytes       
[  4] 205.00-206.08 sec  0.00 Bytes  0.00 bits/sec    0    184 KBytes       
[  4] 206.08-207.00 sec  0.00 Bytes  0.00 bits/sec    0    184 KBytes       
[  4] 207.00-208.00 sec   382 KBytes  3.13 Mbits/sec    0    189 KBytes       
[  4] 208.00-209.00 sec   127 KBytes  1.04 Mbits/sec    0    201 KBytes       
[  4] 209.00-210.00 sec  0.00 Bytes  0.00 bits/sec    0    202 KBytes       
[  4] 210.00-211.00 sec  63.6 KBytes   521 Kbits/sec    0    206 KBytes       
[  4] 211.00-212.03 sec   127 KBytes  1.01 Mbits/sec    0    216 KBytes       
[  4] 212.03-213.03 sec  0.00 Bytes  0.00 bits/sec    0    216 KBytes       
[  4] 213.03-214.00 sec   127 KBytes  1.07 Mbits/sec    0    225 KBytes       
[  4] 214.00-215.03 sec  63.6 KBytes   507 Kbits/sec    0    238 KBytes       
[  4] 215.03-216.00 sec  63.6 KBytes   538 Kbits/sec    0    242 KBytes       
[  4] 216.00-217.00 sec  63.6 KBytes   521 Kbits/sec    0    280 KBytes       
[  4] 217.00-218.00 sec  63.6 KBytes   521 Kbits/sec    0    327 KBytes       
[  4] 218.00-219.00 sec  63.6 KBytes   521 Kbits/sec    0    355 KBytes       
[  4] 219.00-220.00 sec  0.00 Bytes  0.00 bits/sec    0    373 KBytes       
[  4] 220.00-221.00 sec   127 KBytes  1.04 Mbits/sec    0    450 KBytes       
[  4] 221.00-222.00 sec   127 KBytes  1.04 Mbits/sec    0    522 KBytes       
[  4] 222.00-223.00 sec  0.00 Bytes  0.00 bits/sec    0    525 KBytes       
[  4] 223.00-224.03 sec  0.00 Bytes  0.00 bits/sec    0    533 KBytes       
[  4] 224.03-225.00 sec   127 KBytes  1.07 Mbits/sec   10    557 KBytes       
[  4] 225.00-226.00 sec  0.00 Bytes  0.00 bits/sec   32    458 KBytes       
[  4] 226.00-227.00 sec  0.00 Bytes  0.00 bits/sec    0    428 KBytes       
[  4] 227.00-228.00 sec  0.00 Bytes  0.00 bits/sec    0    428 KBytes       
[  4] 228.00-229.00 sec  0.00 Bytes  0.00 bits/sec   43    411 KBytes       
[  4] 229.00-230.00 sec   255 KBytes  2.08 Mbits/sec   11    411 KBytes       
[  4] 230.00-231.00 sec  0.00 Bytes  0.00 bits/sec    0    411 KBytes       
[  4] 231.00-232.03 sec  63.6 KBytes   506 Kbits/sec    0    411 KBytes       
[  4] 232.03-233.01 sec   191 KBytes  1.60 Mbits/sec    6    389 KBytes       
[  4] 233.01-234.00 sec   318 KBytes  2.62 Mbits/sec    7    315 KBytes       
[  4] 234.00-235.03 sec  0.00 Bytes  0.00 bits/sec    0    314 KBytes       
[  4] 235.03-236.00 sec  0.00 Bytes  0.00 bits/sec    0    313 KBytes       
[  4] 236.00-237.00 sec   127 KBytes  1.04 Mbits/sec    0    287 KBytes       
[  4] 237.00-238.00 sec   382 KBytes  3.12 Mbits/sec    3    257 KBytes       
[  4] 238.00-239.00 sec  0.00 Bytes  0.00 bits/sec    0    256 KBytes       
[  4] 239.00-240.00 sec  0.00 Bytes  0.00 bits/sec    0    209 KBytes       
[  4] 240.00-241.00 sec   382 KBytes  3.13 Mbits/sec    0    209 KBytes       
[  4] 241.00-242.00 sec   191 KBytes  1.56 Mbits/sec    0    223 KBytes       
[  4] 242.00-243.01 sec  63.6 KBytes   518 Kbits/sec    0    230 KBytes       
[  4] 243.01-244.00 sec  0.00 Bytes  0.00 bits/sec    0    230 KBytes       
[  4] 244.00-245.00 sec   127 KBytes  1.04 Mbits/sec    0    236 KBytes       
[  4] 245.00-246.03 sec   127 KBytes  1.01 Mbits/sec    0    240 KBytes       
[  4] 246.03-247.00 sec  0.00 Bytes  0.00 bits/sec    0    242 KBytes       
[  4] 247.00-248.00 sec  0.00 Bytes  0.00 bits/sec    0    242 KBytes       
[  4] 248.00-249.00 sec  0.00 Bytes  0.00 bits/sec    6    182 KBytes       
[  4] 249.00-250.03 sec  0.00 Bytes  0.00 bits/sec    8    168 KBytes       
[  4] 250.03-251.00 sec  0.00 Bytes  0.00 bits/sec    0    168 KBytes       
[  4] 251.00-252.00 sec  0.00 Bytes  0.00 bits/sec    0    168 KBytes       
[  4] 252.00-253.00 sec  0.00 Bytes  0.00 bits/sec    1    168 KBytes       
[  4] 253.00-254.00 sec  0.00 Bytes  0.00 bits/sec    0    168 KBytes       
[  4] 254.00-255.00 sec  0.00 Bytes  0.00 bits/sec    0    168 KBytes       
[  4] 255.00-256.05 sec   445 KBytes  3.48 Mbits/sec    0    181 KBytes       
[  4] 256.05-257.00 sec   127 KBytes  1.10 Mbits/sec    0    187 KBytes       
[  4] 257.00-258.00 sec  0.00 Bytes  0.00 bits/sec    0    187 KBytes       
[  4] 258.00-259.00 sec  63.6 KBytes   522 Kbits/sec    0    194 KBytes       
[  4] 259.00-260.00 sec   127 KBytes  1.04 Mbits/sec    0    198 KBytes       
[  4] 260.00-261.00 sec  0.00 Bytes  0.00 bits/sec    0    199 KBytes       
[  4] 261.00-262.00 sec  0.00 Bytes  0.00 bits/sec    0    199 KBytes       
[  4] 262.00-263.00 sec  63.6 KBytes   521 Kbits/sec    0    216 KBytes       
[  4] 263.00-264.00 sec  0.00 Bytes  0.00 bits/sec    3    195 KBytes       
[  4] 264.00-265.00 sec  0.00 Bytes  0.00 bits/sec    0    194 KBytes       
[  4] 265.00-266.00 sec  0.00 Bytes  0.00 bits/sec    0    194 KBytes       
[  4] 266.00-267.00 sec  63.6 KBytes   521 Kbits/sec   17    154 KBytes       
[  4] 267.00-268.00 sec  0.00 Bytes  0.00 bits/sec    0    154 KBytes       
[  4] 268.00-269.00 sec  0.00 Bytes  0.00 bits/sec    0    154 KBytes       
[  4] 269.00-270.00 sec   255 KBytes  2.09 Mbits/sec    0    164 KBytes       
[  4] 270.00-271.00 sec   127 KBytes  1.04 Mbits/sec    0    182 KBytes       
[  4] 271.00-272.00 sec  0.00 Bytes  0.00 bits/sec    0    182 KBytes       
[  4] 272.00-273.00 sec  63.6 KBytes   522 Kbits/sec    0    195 KBytes       
[  4] 273.00-274.01 sec  63.6 KBytes   519 Kbits/sec    0    205 KBytes       
[  4] 274.01-275.00 sec  63.6 KBytes   524 Kbits/sec    0    206 KBytes       
[  4] 275.00-276.04 sec  0.00 Bytes  0.00 bits/sec    0    206 KBytes       
[  4] 276.04-277.00 sec   127 KBytes  1.08 Mbits/sec    0    226 KBytes       
[  4] 277.00-278.04 sec  63.6 KBytes   503 Kbits/sec    0    230 KBytes       
[  4] 278.04-279.04 sec  0.00 Bytes  0.00 bits/sec    0    232 KBytes       
[  4] 279.04-280.00 sec  0.00 Bytes  0.00 bits/sec    0    247 KBytes       
[  4] 280.00-281.00 sec   127 KBytes  1.04 Mbits/sec    0    337 KBytes       
[  4] 281.00-282.00 sec  63.6 KBytes   522 Kbits/sec    0    344 KBytes       
[  4] 282.00-283.00 sec  0.00 Bytes  0.00 bits/sec    0    346 KBytes       
[  4] 283.00-284.00 sec  0.00 Bytes  0.00 bits/sec    0    346 KBytes       
[  4] 284.00-285.00 sec  0.00 Bytes  0.00 bits/sec   21    308 KBytes       
[  4] 285.00-286.00 sec  0.00 Bytes  0.00 bits/sec   34    257 KBytes       
[  4] 286.00-287.00 sec  0.00 Bytes  0.00 bits/sec    2    257 KBytes       
[  4] 287.00-288.00 sec  0.00 Bytes  0.00 bits/sec    0    257 KBytes       
[  4] 288.00-289.00 sec   127 KBytes  1.04 Mbits/sec    6    257 KBytes       
[  4] 289.00-290.05 sec   127 KBytes   995 Kbits/sec    0    257 KBytes       
[  4] 290.05-291.00 sec  0.00 Bytes  0.00 bits/sec    0    257 KBytes       
[  4] 291.00-292.00 sec  0.00 Bytes  0.00 bits/sec    0    257 KBytes       
[  4] 292.00-293.00 sec   191 KBytes  1.56 Mbits/sec    0    264 KBytes       
[  4] 293.00-294.00 sec   191 KBytes  1.56 Mbits/sec    0    294 KBytes       
[  4] 294.00-295.00 sec   127 KBytes  1.04 Mbits/sec    0    307 KBytes       
[  4] 295.00-296.00 sec  0.00 Bytes  0.00 bits/sec    0    308 KBytes       
[  4] 296.00-297.00 sec  0.00 Bytes  0.00 bits/sec    0    308 KBytes       
[  4] 297.00-298.00 sec   127 KBytes  1.04 Mbits/sec    0    329 KBytes       
[  4] 298.00-299.01 sec  63.6 KBytes   517 Kbits/sec    0    338 KBytes       
[  4] 299.01-300.00 sec  63.6 KBytes   524 Kbits/sec    0    346 KBytes       
[  4] 300.00-301.00 sec  0.00 Bytes  0.00 bits/sec    0    346 KBytes       
[  4] 301.00-302.00 sec  0.00 Bytes  0.00 bits/sec    0    346 KBytes       
[  4] 302.00-303.01 sec  0.00 Bytes  0.00 bits/sec    6    321 KBytes       
[  4] 303.01-304.10 sec  0.00 Bytes  0.00 bits/sec    0    263 KBytes       
[  4] 304.10-305.00 sec  0.00 Bytes  0.00 bits/sec    0    242 KBytes       
[  4] 305.00-306.00 sec  0.00 Bytes  0.00 bits/sec    0    242 KBytes       
[  4] 306.00-307.01 sec  0.00 Bytes  0.00 bits/sec    0    242 KBytes       
[  4] 307.01-308.00 sec   382 KBytes  3.15 Mbits/sec    0    247 KBytes       
[  4] 308.00-309.00 sec   255 KBytes  2.08 Mbits/sec    0    272 KBytes       
[  4] 309.00-310.00 sec  0.00 Bytes  0.00 bits/sec    0    272 KBytes       
[  4] 310.00-311.00 sec  63.6 KBytes   521 Kbits/sec    0    277 KBytes       
[  4] 311.00-312.00 sec   191 KBytes  1.57 Mbits/sec    0    286 KBytes       
[  4] 312.00-313.00 sec  0.00 Bytes  0.00 bits/sec    0    287 KBytes       
[  4] 313.00-314.00 sec  0.00 Bytes  0.00 bits/sec    0    287 KBytes       
[  4] 314.00-315.00 sec   127 KBytes  1.04 Mbits/sec    0    308 KBytes       
[  4] 315.00-316.00 sec   127 KBytes  1.04 Mbits/sec    0    341 KBytes       
[  4] 316.00-317.00 sec  0.00 Bytes  0.00 bits/sec    0    345 KBytes       
[  4] 317.00-318.00 sec  0.00 Bytes  0.00 bits/sec    0    346 KBytes       
[  4] 318.00-319.00 sec   127 KBytes  1.04 Mbits/sec    0    413 KBytes       
[  4] 319.00-320.00 sec  63.6 KBytes   521 Kbits/sec   20    414 KBytes       
[  4] 320.00-321.00 sec  0.00 Bytes  0.00 bits/sec    1    407 KBytes       
[  4] 321.00-322.04 sec  0.00 Bytes  0.00 bits/sec    0    407 KBytes       
[  4] 322.04-323.00 sec  0.00 Bytes  0.00 bits/sec   10    370 KBytes       
[  4] 323.00-324.00 sec  0.00 Bytes  0.00 bits/sec   71    322 KBytes       
[  4] 324.00-325.00 sec  0.00 Bytes  0.00 bits/sec   13    317 KBytes       
[  4] 325.00-326.00 sec  0.00 Bytes  0.00 bits/sec    0    317 KBytes       
[  4] 326.00-327.04 sec  0.00 Bytes  0.00 bits/sec    0    322 KBytes       
[  4] 327.04-328.00 sec  0.00 Bytes  0.00 bits/sec    0    322 KBytes       
[  4] 328.00-329.00 sec   636 KBytes  5.21 Mbits/sec    0    325 KBytes       
[  4] 329.00-330.00 sec  0.00 Bytes  0.00 bits/sec    0    325 KBytes       
[  4] 330.00-331.00 sec   191 KBytes  1.56 Mbits/sec    0    375 KBytes       
[  4] 331.00-332.00 sec   191 KBytes  1.56 Mbits/sec    0    402 KBytes       
[  4] 332.00-333.00 sec  0.00 Bytes  0.00 bits/sec    0    404 KBytes       
[  4] 333.00-334.00 sec  0.00 Bytes  0.00 bits/sec    0    404 KBytes       
[  4] 334.00-335.00 sec   191 KBytes  1.57 Mbits/sec    0    427 KBytes       
[  4] 335.00-336.00 sec   191 KBytes  1.56 Mbits/sec    0    440 KBytes       
[  4] 336.00-337.00 sec  0.00 Bytes  0.00 bits/sec    0    441 KBytes       
[  4] 337.00-338.00 sec   191 KBytes  1.56 Mbits/sec    0    458 KBytes       
[  4] 338.00-339.00 sec   127 KBytes  1.04 Mbits/sec    0    471 KBytes       
[  4] 339.00-340.00 sec   127 KBytes  1.04 Mbits/sec    0    496 KBytes       
[  4] 340.00-341.00 sec  0.00 Bytes  0.00 bits/sec    0    498 KBytes       
[  4] 341.00-342.00 sec   255 KBytes  2.08 Mbits/sec    0    598 KBytes       
[  4] 342.00-343.00 sec   127 KBytes  1.04 Mbits/sec    0    660 KBytes       
[  4] 343.00-344.00 sec  63.6 KBytes   521 Kbits/sec    0    680 KBytes       
[  4] 344.00-345.00 sec  0.00 Bytes  0.00 bits/sec    0    682 KBytes       
[  4] 345.00-346.00 sec  0.00 Bytes  0.00 bits/sec    0    682 KBytes       
[  4] 346.00-347.00 sec   127 KBytes  1.04 Mbits/sec   66    488 KBytes       
[  4] 347.00-348.00 sec  0.00 Bytes  0.00 bits/sec   17    488 KBytes       
[  4] 348.00-349.00 sec  0.00 Bytes  0.00 bits/sec    6    488 KBytes       
[  4] 349.00-350.00 sec   445 KBytes  3.65 Mbits/sec    0    488 KBytes       
[  4] 350.00-351.04 sec  0.00 Bytes  0.00 bits/sec    0    488 KBytes       
[  4] 351.04-352.00 sec  0.00 Bytes  0.00 bits/sec    0    488 KBytes       
[  4] 352.00-353.00 sec   318 KBytes  2.61 Mbits/sec    0    489 KBytes       
[  4] 353.00-354.00 sec  0.00 Bytes  0.00 bits/sec    5    455 KBytes       
[  4] 354.00-355.00 sec   127 KBytes  1.04 Mbits/sec   14    348 KBytes       
[  4] 355.00-356.00 sec  0.00 Bytes  0.00 bits/sec    0    342 KBytes       
[  4] 356.00-357.00 sec  0.00 Bytes  0.00 bits/sec    0    342 KBytes       
[  4] 357.00-358.00 sec  0.00 Bytes  0.00 bits/sec   12    342 KBytes       
[  4] 358.00-359.00 sec  0.00 Bytes  0.00 bits/sec    1    342 KBytes       
[  4] 359.00-360.00 sec  0.00 Bytes  0.00 bits/sec    0    342 KBytes       
[  4] 360.00-361.00 sec  0.00 Bytes  0.00 bits/sec    0    342 KBytes       
[  4] 361.00-362.00 sec   573 KBytes  4.69 Mbits/sec    0    325 KBytes       
[  4] 362.00-363.00 sec   573 KBytes  4.68 Mbits/sec    0    266 KBytes       
[  4] 363.00-364.00 sec  63.6 KBytes   522 Kbits/sec    0    242 KBytes       
[  4] 364.00-365.00 sec  63.6 KBytes   521 Kbits/sec    0    239 KBytes       
[  4] 365.00-366.00 sec  63.6 KBytes   521 Kbits/sec    0    249 KBytes       
[  4] 366.00-367.00 sec   191 KBytes  1.57 Mbits/sec    0    269 KBytes       
[  4] 367.00-368.00 sec  63.6 KBytes   521 Kbits/sec    0    270 KBytes       
[  4] 368.00-369.00 sec   127 KBytes  1.04 Mbits/sec    0    279 KBytes       
[  4] 369.00-370.00 sec   127 KBytes  1.04 Mbits/sec    0    283 KBytes       
[  4] 370.00-371.00 sec  63.6 KBytes   522 Kbits/sec    0    287 KBytes       
[  4] 371.00-372.01 sec   191 KBytes  1.56 Mbits/sec    0    297 KBytes       
[  4] 372.01-373.00 sec  0.00 Bytes  0.00 bits/sec    0    301 KBytes       
[  4] 373.00-374.00 sec  63.6 KBytes   522 Kbits/sec    0    315 KBytes       
[  4] 374.00-375.01 sec   127 KBytes  1.03 Mbits/sec    0    365 KBytes       
[  4] 375.01-376.04 sec  63.6 KBytes   509 Kbits/sec    0    379 KBytes       
[  4] 376.04-377.00 sec  0.00 Bytes  0.00 bits/sec    0    389 KBytes       
[  4] 377.00-378.00 sec  63.6 KBytes   521 Kbits/sec    0    411 KBytes       
[  4] 378.00-379.00 sec  0.00 Bytes  0.00 bits/sec   31    321 KBytes       
[  4] 379.00-380.00 sec  0.00 Bytes  0.00 bits/sec    6    301 KBytes       
[  4] 380.00-381.00 sec  0.00 Bytes  0.00 bits/sec    6    296 KBytes       
[  4] 381.00-382.00 sec  0.00 Bytes  0.00 bits/sec   16    296 KBytes       
[  4] 382.00-383.00 sec  0.00 Bytes  0.00 bits/sec   28    296 KBytes       
[  4] 383.00-384.00 sec  0.00 Bytes  0.00 bits/sec    0    296 KBytes       
[  4] 384.00-385.00 sec  0.00 Bytes  0.00 bits/sec    0    296 KBytes       
[  4] 385.00-386.00 sec  0.00 Bytes  0.00 bits/sec    0    296 KBytes       
[  4] 386.00-387.00 sec  63.6 KBytes   521 Kbits/sec   29    270 KBytes       
[  4] 387.00-388.00 sec   255 KBytes  2.08 Mbits/sec   19    293 KBytes       
[  4] 388.00-389.00 sec  0.00 Bytes  0.00 bits/sec    1    296 KBytes       
[  4] 389.00-390.00 sec  0.00 Bytes  0.00 bits/sec    2    296 KBytes       
[  4] 390.00-391.02 sec  63.6 KBytes   513 Kbits/sec    0    287 KBytes       
[  4] 391.02-392.00 sec   255 KBytes  2.12 Mbits/sec    7    243 KBytes       
[  4] 392.00-393.00 sec  0.00 Bytes  0.00 bits/sec    0    229 KBytes       
[  4] 393.00-394.00 sec  0.00 Bytes  0.00 bits/sec    0    221 KBytes       
[  4] 394.00-395.00 sec  0.00 Bytes  0.00 bits/sec    0    208 KBytes       
[  4] 395.00-396.00 sec   509 KBytes  4.16 Mbits/sec    0    208 KBytes       
[  4] 396.00-397.01 sec  63.6 KBytes   516 Kbits/sec    0    218 KBytes       
[  4] 397.01-398.00 sec  63.6 KBytes   527 Kbits/sec    0    219 KBytes       
[  4] 398.00-399.01 sec  63.6 KBytes   520 Kbits/sec    0    225 KBytes       
[  4] 399.01-400.00 sec   127 KBytes  1.04 Mbits/sec    0    236 KBytes       
[  4] 400.00-401.00 sec  63.6 KBytes   522 Kbits/sec    0    239 KBytes       
[  4] 401.00-402.00 sec  0.00 Bytes  0.00 bits/sec    0    240 KBytes       
[  4] 402.00-403.01 sec  63.6 KBytes   519 Kbits/sec    0    252 KBytes       
[  4] 403.01-404.00 sec  0.00 Bytes  0.00 bits/sec    0    253 KBytes       
[  4] 404.00-405.00 sec   127 KBytes  1.04 Mbits/sec    0    293 KBytes       
[  4] 405.00-406.00 sec  0.00 Bytes  0.00 bits/sec    0    297 KBytes       
[  4] 406.00-407.00 sec  0.00 Bytes  0.00 bits/sec    0    307 KBytes       
[  4] 407.00-408.00 sec   127 KBytes  1.04 Mbits/sec    0    376 KBytes       
[  4] 408.00-409.00 sec  63.6 KBytes   522 Kbits/sec    0    428 KBytes       
[  4] 409.00-410.00 sec  63.6 KBytes   521 Kbits/sec    0    440 KBytes       
[  4] 410.00-411.00 sec  0.00 Bytes  0.00 bits/sec    0    447 KBytes       
[  4] 411.00-412.00 sec  0.00 Bytes  0.00 bits/sec   10    421 KBytes       
[  4] 412.00-413.01 sec  0.00 Bytes  0.00 bits/sec   51    313 KBytes       
[  4] 413.01-414.00 sec  0.00 Bytes  0.00 bits/sec   18    313 KBytes       
[  4] 414.00-415.00 sec  0.00 Bytes  0.00 bits/sec    4    313 KBytes       
[  4] 415.00-416.00 sec  0.00 Bytes  0.00 bits/sec    0    313 KBytes       
[  4] 416.00-417.00 sec   255 KBytes  2.09 Mbits/sec    0    313 KBytes       
[  4] 417.00-418.00 sec  63.6 KBytes   521 Kbits/sec    0    313 KBytes       
[  4] 418.00-419.00 sec   191 KBytes  1.57 Mbits/sec    0    317 KBytes       
[  4] 419.00-420.00 sec  63.6 KBytes   520 Kbits/sec    5    314 KBytes       
[  4] 420.00-421.00 sec  0.00 Bytes  0.00 bits/sec    0    284 KBytes       
[  4] 421.00-422.04 sec  63.6 KBytes   501 Kbits/sec   14    225 KBytes       
[  4] 422.04-423.01 sec  0.00 Bytes  0.00 bits/sec    0    225 KBytes       
[  4] 423.01-424.00 sec  0.00 Bytes  0.00 bits/sec    0    225 KBytes       
[  4] 424.00-425.00 sec   191 KBytes  1.56 Mbits/sec    0    225 KBytes       
[  4] 425.00-426.00 sec   318 KBytes  2.60 Mbits/sec    0    233 KBytes       
[  4] 426.00-427.00 sec  63.6 KBytes   522 Kbits/sec    0    243 KBytes       
[  4] 427.00-428.04 sec   191 KBytes  1.50 Mbits/sec    0    256 KBytes       
[  4] 428.04-429.00 sec  63.6 KBytes   545 Kbits/sec    0    260 KBytes       
[  4] 429.00-430.00 sec  63.6 KBytes   521 Kbits/sec    0    263 KBytes       
[  4] 430.00-431.00 sec  63.6 KBytes   522 Kbits/sec    0    266 KBytes       
[  4] 431.00-432.00 sec   127 KBytes  1.04 Mbits/sec    0    274 KBytes       
[  4] 432.00-433.00 sec  63.6 KBytes   520 Kbits/sec    0    283 KBytes       
[  4] 433.00-434.00 sec  63.6 KBytes   522 Kbits/sec    0    297 KBytes       
[  4] 434.00-435.00 sec  0.00 Bytes  0.00 bits/sec    0    310 KBytes       
[  4] 435.00-436.00 sec   127 KBytes  1.04 Mbits/sec    0    362 KBytes       
[  4] 436.00-437.01 sec  0.00 Bytes  0.00 bits/sec    2    385 KBytes       
[  4] 437.01-438.00 sec  0.00 Bytes  0.00 bits/sec   13    345 KBytes       
[  4] 438.00-439.00 sec  0.00 Bytes  0.00 bits/sec    7    337 KBytes       
[  4] 439.00-440.00 sec  0.00 Bytes  0.00 bits/sec   68    263 KBytes       
[  4] 440.00-441.00 sec  0.00 Bytes  0.00 bits/sec   32    274 KBytes       
[  4] 441.00-442.00 sec   127 KBytes  1.04 Mbits/sec    0    274 KBytes       
[  4] 442.00-443.00 sec  63.6 KBytes   521 Kbits/sec    0    274 KBytes       
[  4] 443.00-444.01 sec   127 KBytes  1.04 Mbits/sec    0    274 KBytes       
[  4] 444.01-445.04 sec   191 KBytes  1.51 Mbits/sec    0    284 KBytes       
[  4] 445.04-446.00 sec  63.6 KBytes   543 Kbits/sec    0    294 KBytes       
[  4] 446.00-447.00 sec   127 KBytes  1.04 Mbits/sec    0    325 KBytes       
[  4] 447.00-448.00 sec   127 KBytes  1.04 Mbits/sec    0    341 KBytes       
[  4] 448.00-449.00 sec  63.6 KBytes   520 Kbits/sec    0    352 KBytes       
[  4] 449.00-450.02 sec  63.6 KBytes   514 Kbits/sec    0    359 KBytes       
[  4] 450.02-451.00 sec  63.6 KBytes   530 Kbits/sec   12    335 KBytes       
[  4] 451.00-452.00 sec  0.00 Bytes  0.00 bits/sec    0    287 KBytes       
[  4] 452.00-453.00 sec  0.00 Bytes  0.00 bits/sec    0    255 KBytes       
[  4] 453.00-454.00 sec   445 KBytes  3.66 Mbits/sec    0    269 KBytes       
[  4] 454.00-455.00 sec   191 KBytes  1.56 Mbits/sec    0    284 KBytes       
[  4] 455.00-456.00 sec   127 KBytes  1.04 Mbits/sec    0    291 KBytes       
[  4] 456.00-457.00 sec  63.6 KBytes   521 Kbits/sec    0    298 KBytes       
[  4] 457.00-458.00 sec   191 KBytes  1.56 Mbits/sec    0    303 KBytes       
[  4] 458.00-459.00 sec  63.6 KBytes   520 Kbits/sec    0    305 KBytes       
[  4] 459.00-460.00 sec  63.6 KBytes   523 Kbits/sec    0    311 KBytes       
[  4] 460.00-461.00 sec  63.6 KBytes   521 Kbits/sec    0    314 KBytes       
[  4] 461.00-462.00 sec  0.00 Bytes  0.00 bits/sec   31    250 KBytes       
[  4] 462.00-463.00 sec  0.00 Bytes  0.00 bits/sec    5    226 KBytes       
[  4] 463.00-464.00 sec  0.00 Bytes  0.00 bits/sec    0    221 KBytes       
[  4] 464.00-465.00 sec  0.00 Bytes  0.00 bits/sec    4    221 KBytes       
[  4] 465.00-466.09 sec   255 KBytes  1.91 Mbits/sec    0    221 KBytes       
[  4] 466.09-467.00 sec  0.00 Bytes  0.00 bits/sec    0    221 KBytes       
[  4] 467.00-468.00 sec   191 KBytes  1.56 Mbits/sec    0    222 KBytes       
[  4] 468.00-469.00 sec   127 KBytes  1.04 Mbits/sec    0    246 KBytes       
[  4] 469.00-470.00 sec  63.6 KBytes   521 Kbits/sec    0    262 KBytes       
[  4] 470.00-471.00 sec  63.6 KBytes   521 Kbits/sec    0    273 KBytes       
[  4] 471.00-472.01 sec  63.6 KBytes   520 Kbits/sec    0    277 KBytes       
[  4] 472.01-473.00 sec  63.6 KBytes   524 Kbits/sec    0    290 KBytes       
[  4] 473.00-474.00 sec   127 KBytes  1.04 Mbits/sec    0    300 KBytes       
[  4] 474.00-475.00 sec  63.6 KBytes   522 Kbits/sec    0    304 KBytes       
[  4] 475.00-476.00 sec   127 KBytes  1.04 Mbits/sec    0    313 KBytes       
[  4] 476.00-477.00 sec  0.00 Bytes  0.00 bits/sec    2    318 KBytes       
[  4] 477.00-478.00 sec  0.00 Bytes  0.00 bits/sec    3    287 KBytes       
[  4] 478.00-479.00 sec  0.00 Bytes  0.00 bits/sec    4    246 KBytes       
[  4] 479.00-480.00 sec  0.00 Bytes  0.00 bits/sec    0    225 KBytes       
[  4] 480.00-481.00 sec  63.6 KBytes   522 Kbits/sec    0    225 KBytes       
[  4] 481.00-482.00 sec   445 KBytes  3.64 Mbits/sec    0    249 KBytes       
[  4] 482.00-483.00 sec  63.6 KBytes   522 Kbits/sec    0    263 KBytes       
[  4] 483.00-484.00 sec  63.6 KBytes   521 Kbits/sec    0    276 KBytes       
[  4] 484.00-485.00 sec   127 KBytes  1.04 Mbits/sec    0    291 KBytes       
[  4] 485.00-486.00 sec  0.00 Bytes  0.00 bits/sec    0    296 KBytes       
[  4] 486.00-487.00 sec   127 KBytes  1.04 Mbits/sec    0    304 KBytes       
[  4] 487.00-488.00 sec  63.6 KBytes   521 Kbits/sec    0    308 KBytes       
[  4] 488.00-489.00 sec   127 KBytes  1.04 Mbits/sec    0    317 KBytes       
[  4] 489.00-490.00 sec  63.6 KBytes   521 Kbits/sec    0    331 KBytes       
[  4] 490.00-491.01 sec  63.6 KBytes   517 Kbits/sec    0    341 KBytes       
[  4] 491.01-492.00 sec  63.6 KBytes   526 Kbits/sec    0    361 KBytes       
[  4] 492.00-493.00 sec  0.00 Bytes  0.00 bits/sec    6    321 KBytes       
[  4] 493.00-494.00 sec  0.00 Bytes  0.00 bits/sec   18    269 KBytes       
[  4] 494.00-495.00 sec  0.00 Bytes  0.00 bits/sec    0    252 KBytes       
[  4] 495.00-496.00 sec  0.00 Bytes  0.00 bits/sec    3    252 KBytes       
[  4] 496.00-497.00 sec  0.00 Bytes  0.00 bits/sec    3    252 KBytes       
[  4] 497.00-498.00 sec  0.00 Bytes  0.00 bits/sec    0    252 KBytes       
[  4] 498.00-499.00 sec  0.00 Bytes  0.00 bits/sec    0    252 KBytes       
[  4] 499.00-500.00 sec  0.00 Bytes  0.00 bits/sec    0    252 KBytes       
[  4] 500.00-501.00 sec  0.00 Bytes  0.00 bits/sec    1   1.41 KBytes       
[  4] 501.00-502.00 sec  0.00 Bytes  0.00 bits/sec    0   1.41 KBytes       
[  4] 502.00-503.00 sec  63.6 KBytes   522 Kbits/sec    0   1.41 KBytes       
[  4] 503.00-504.00 sec   954 KBytes  7.83 Mbits/sec    0    291 KBytes       
[  4] 504.00-505.00 sec  0.00 Bytes  0.00 bits/sec    0    291 KBytes       
[  4] 505.00-506.00 sec  0.00 Bytes  0.00 bits/sec    0    291 KBytes       
[  4] 506.00-507.00 sec   127 KBytes  1.04 Mbits/sec    0    298 KBytes       
[  4] 507.00-508.00 sec   127 KBytes  1.04 Mbits/sec    0    305 KBytes       
[  4] 508.00-509.00 sec  0.00 Bytes  0.00 bits/sec    0    305 KBytes       
[  4] 509.00-510.00 sec  0.00 Bytes  0.00 bits/sec    0    305 KBytes       
[  4] 510.00-511.01 sec   191 KBytes  1.55 Mbits/sec    0    368 KBytes       
[  4] 511.01-512.00 sec  63.6 KBytes   526 Kbits/sec    0    382 KBytes       
[  4] 512.00-513.00 sec  0.00 Bytes  0.00 bits/sec    0    382 KBytes       
[  4] 513.00-514.00 sec  0.00 Bytes  0.00 bits/sec    0    382 KBytes       
[  4] 514.00-515.00 sec  0.00 Bytes  0.00 bits/sec   31    284 KBytes       
[  4] 515.00-516.00 sec  0.00 Bytes  0.00 bits/sec    7    272 KBytes       
[  4] 516.00-517.00 sec  0.00 Bytes  0.00 bits/sec    0    272 KBytes       
[  4] 517.00-518.00 sec  0.00 Bytes  0.00 bits/sec    0    272 KBytes       
[  4] 518.00-519.00 sec  63.6 KBytes   522 Kbits/sec   19    272 KBytes       
[  4] 519.00-520.00 sec  0.00 Bytes  0.00 bits/sec    0    272 KBytes       
[  4] 520.00-521.00 sec  0.00 Bytes  0.00 bits/sec    0    272 KBytes       
[  4] 521.00-522.00 sec  0.00 Bytes  0.00 bits/sec    0    272 KBytes       
[  4] 522.00-523.00 sec  0.00 Bytes  0.00 bits/sec    0    272 KBytes       
[  4] 523.00-524.05 sec  0.00 Bytes  0.00 bits/sec    1   1.41 KBytes       
[  4] 524.05-525.00 sec  0.00 Bytes  0.00 bits/sec    0   1.41 KBytes       
[  4] 525.00-526.00 sec  0.00 Bytes  0.00 bits/sec    0   1.41 KBytes       
[  4] 526.00-527.00 sec  63.6 KBytes   521 Kbits/sec    0   1.41 KBytes       
[  4] 527.00-528.00 sec  63.6 KBytes   521 Kbits/sec    2   2.83 KBytes       
[  4] 528.00-529.00 sec  0.00 Bytes  0.00 bits/sec    0   2.83 KBytes       
[  4] 529.00-530.00 sec  0.00 Bytes  0.00 bits/sec    0   2.83 KBytes       
[  4] 530.00-531.00 sec  0.00 Bytes  0.00 bits/sec    4   5.66 KBytes       
[  4] 531.00-532.00 sec  0.00 Bytes  0.00 bits/sec    0   5.66 KBytes       
[  4] 532.00-533.00 sec  0.00 Bytes  0.00 bits/sec    3   11.3 KBytes       
[  4] 533.00-534.00 sec  0.00 Bytes  0.00 bits/sec    0   11.3 KBytes       
[  4] 534.00-535.00 sec   891 KBytes  7.29 Mbits/sec    0    372 KBytes       
[  4] 535.00-536.00 sec  0.00 Bytes  0.00 bits/sec    0    372 KBytes       
[  4] 536.00-537.00 sec   318 KBytes  2.61 Mbits/sec    0    387 KBytes       
[  4] 537.00-538.00 sec  63.6 KBytes   521 Kbits/sec    0    390 KBytes       
[  4] 538.00-539.00 sec  0.00 Bytes  0.00 bits/sec    0    390 KBytes       
[  4] 539.00-540.00 sec  0.00 Bytes  0.00 bits/sec    0    390 KBytes       
[  4] 540.00-541.00 sec  0.00 Bytes  0.00 bits/sec  134    246 KBytes       
[  4] 541.00-542.00 sec  0.00 Bytes  0.00 bits/sec    0    246 KBytes       
[  4] 542.00-543.00 sec  0.00 Bytes  0.00 bits/sec    0    246 KBytes       
[  4] 543.00-544.00 sec  0.00 Bytes  0.00 bits/sec    0    246 KBytes       
[  4] 544.00-545.00 sec   127 KBytes  1.04 Mbits/sec   28    212 KBytes       
[  4] 545.00-546.00 sec  0.00 Bytes  0.00 bits/sec    0    212 KBytes       
[  4] 546.00-547.00 sec  0.00 Bytes  0.00 bits/sec    0    212 KBytes       
[  4] 547.00-548.00 sec  0.00 Bytes  0.00 bits/sec    0    256 KBytes       
[  4] 548.00-549.00 sec  0.00 Bytes  0.00 bits/sec    0    256 KBytes       
[  4] 549.00-550.00 sec  0.00 Bytes  0.00 bits/sec    0    256 KBytes       
[  4] 550.00-551.00 sec  0.00 Bytes  0.00 bits/sec    0    262 KBytes       
[  4] 551.00-552.00 sec  0.00 Bytes  0.00 bits/sec    1   1.41 KBytes       
[  4] 552.00-553.00 sec  0.00 Bytes  0.00 bits/sec    0   1.41 KBytes       
[  4] 553.00-554.00 sec  0.00 Bytes  0.00 bits/sec    0   1.41 KBytes       
[  4] 554.00-555.00 sec  63.6 KBytes   521 Kbits/sec    0   1.41 KBytes       
[  4] 555.00-556.00 sec  0.00 Bytes  0.00 bits/sec    2   2.83 KBytes       
[  4] 556.00-557.00 sec  0.00 Bytes  0.00 bits/sec    0   2.83 KBytes       
[  4] 557.00-558.00 sec  0.00 Bytes  0.00 bits/sec    0   2.83 KBytes       
[  4] 558.00-559.00 sec  0.00 Bytes  0.00 bits/sec    4   5.66 KBytes       
[  4] 559.00-560.00 sec  0.00 Bytes  0.00 bits/sec    0   5.66 KBytes       
[  4] 560.00-561.00 sec  0.00 Bytes  0.00 bits/sec    0   5.66 KBytes       
[  4] 561.00-562.00 sec  63.6 KBytes   522 Kbits/sec   30   42.4 KBytes       
[  4] 562.00-563.00 sec  0.00 Bytes  0.00 bits/sec    0   42.4 KBytes       
[  4] 563.00-564.01 sec  0.00 Bytes  0.00 bits/sec    0   42.4 KBytes       
[  4] 564.01-565.00 sec   700 KBytes  5.80 Mbits/sec    4    334 KBytes       
[  4] 565.00-566.00 sec  0.00 Bytes  0.00 bits/sec    0    334 KBytes       
[  4] 566.00-567.01 sec  0.00 Bytes  0.00 bits/sec    0    334 KBytes       
[  4] 567.01-568.00 sec   127 KBytes  1.05 Mbits/sec    0    400 KBytes       
[  4] 568.00-569.00 sec   318 KBytes  2.61 Mbits/sec    0    444 KBytes       
[  4] 569.00-570.00 sec  0.00 Bytes  0.00 bits/sec    0    444 KBytes       
[  4] 570.00-571.00 sec  0.00 Bytes  0.00 bits/sec    0    444 KBytes       
[  4] 571.00-572.00 sec  63.6 KBytes   521 Kbits/sec    0    491 KBytes       
[  4] 572.00-573.00 sec  0.00 Bytes  0.00 bits/sec   94    344 KBytes       
[  4] 573.00-574.00 sec  0.00 Bytes  0.00 bits/sec    0    344 KBytes       
[  4] 574.00-575.00 sec  0.00 Bytes  0.00 bits/sec    0    344 KBytes       
[  4] 575.00-576.00 sec   509 KBytes  4.18 Mbits/sec    0    351 KBytes       
[  4] 576.00-577.00 sec  0.00 Bytes  0.00 bits/sec    0    351 KBytes       
[  4] 577.00-578.01 sec  63.6 KBytes   518 Kbits/sec    0    372 KBytes       
[  4] 578.01-579.00 sec   382 KBytes  3.15 Mbits/sec    0    438 KBytes       
[  4] 579.00-580.02 sec  0.00 Bytes  0.00 bits/sec    0    438 KBytes       
[  4] 580.02-581.00 sec  0.00 Bytes  0.00 bits/sec    0    438 KBytes       
[  4] 581.00-582.00 sec   382 KBytes  3.13 Mbits/sec    0    479 KBytes       
[  4] 582.00-583.00 sec  0.00 Bytes  0.00 bits/sec    0    481 KBytes       
[  4] 583.00-584.01 sec  0.00 Bytes  0.00 bits/sec    0    481 KBytes       
[  4] 584.01-585.01 sec  0.00 Bytes  0.00 bits/sec    0    481 KBytes       
[  4] 585.01-586.00 sec  0.00 Bytes  0.00 bits/sec   25    337 KBytes       
[  4] 586.00-587.00 sec  0.00 Bytes  0.00 bits/sec    0    337 KBytes       
[  4] 587.00-588.00 sec  0.00 Bytes  0.00 bits/sec    0    337 KBytes       
[  4] 588.00-589.01 sec  0.00 Bytes  0.00 bits/sec    0    337 KBytes       
[  4] 589.01-590.00 sec   445 KBytes  3.68 Mbits/sec    1    337 KBytes       
[  4] 590.00-591.00 sec  0.00 Bytes  0.00 bits/sec    0    337 KBytes       
[  4] 591.00-592.00 sec  0.00 Bytes  0.00 bits/sec    0    337 KBytes       
[  4] 592.00-593.00 sec   700 KBytes  5.74 Mbits/sec    0    379 KBytes       
[  4] 593.00-594.00 sec  0.00 Bytes  0.00 bits/sec    0    379 KBytes       
[  4] 594.00-595.00 sec  0.00 Bytes  0.00 bits/sec    0    379 KBytes       
[  4] 595.00-596.00 sec   382 KBytes  3.13 Mbits/sec    0    399 KBytes       
[  4] 596.00-597.00 sec  0.00 Bytes  0.00 bits/sec    0    399 KBytes       
[  4] 597.00-598.01 sec  0.00 Bytes  0.00 bits/sec    0    399 KBytes       
[  4] 598.01-599.00 sec  63.6 KBytes   525 Kbits/sec    0    406 KBytes       
[  4] 599.00-600.05 sec   191 KBytes  1.49 Mbits/sec    0    444 KBytes       
[  4] 600.05-601.00 sec   127 KBytes  1.10 Mbits/sec    0    458 KBytes       
[  4] 601.00-602.00 sec  0.00 Bytes  0.00 bits/sec    0    458 KBytes       
[  4] 602.00-603.02 sec  63.6 KBytes   512 Kbits/sec    0    485 KBytes       
[  4] 603.02-604.01 sec   318 KBytes  2.63 Mbits/sec    0    660 KBytes       
[  4] 604.01-605.00 sec  0.00 Bytes  0.00 bits/sec    0    662 KBytes       
[  4] 605.00-606.00 sec  0.00 Bytes  0.00 bits/sec    0    662 KBytes       
[  4] 606.00-607.00 sec  63.6 KBytes   521 Kbits/sec    0    689 KBytes       
[  4] 607.00-608.00 sec  0.00 Bytes  0.00 bits/sec  165    488 KBytes       
[  4] 608.00-609.00 sec  0.00 Bytes  0.00 bits/sec    0    488 KBytes       
[  4] 609.00-610.00 sec  0.00 Bytes  0.00 bits/sec    0    488 KBytes       
[  4] 610.00-611.00 sec   191 KBytes  1.56 Mbits/sec    2    488 KBytes       
[  4] 611.00-612.00 sec   255 KBytes  2.09 Mbits/sec    0    488 KBytes       
[  4] 612.00-613.00 sec  0.00 Bytes  0.00 bits/sec    0    488 KBytes       
[  4] 613.00-614.00 sec  0.00 Bytes  0.00 bits/sec    0    488 KBytes       
[  4] 614.00-615.05 sec  0.00 Bytes  0.00 bits/sec    0    488 KBytes       
[  4] 615.05-616.01 sec   954 KBytes  8.11 Mbits/sec    0    532 KBytes       
[  4] 616.01-617.00 sec  0.00 Bytes  0.00 bits/sec    0    532 KBytes       
[  4] 617.00-618.00 sec  63.6 KBytes   521 Kbits/sec    0    568 KBytes       
[  4] 618.00-619.00 sec   382 KBytes  3.13 Mbits/sec    0    635 KBytes       
[  4] 619.00-620.00 sec  0.00 Bytes  0.00 bits/sec    0    635 KBytes       
[  4] 620.00-621.00 sec   255 KBytes  2.08 Mbits/sec    0    656 KBytes       
[  4] 621.00-622.00 sec   382 KBytes  3.12 Mbits/sec    0    676 KBytes       
[  4] 622.00-623.00 sec  0.00 Bytes  0.00 bits/sec    0    677 KBytes       
[  4] 623.00-624.00 sec   191 KBytes  1.56 Mbits/sec    0    690 KBytes       
[  4] 624.00-625.00 sec   127 KBytes  1.04 Mbits/sec    0    704 KBytes       
[  4] 625.00-626.00 sec  63.6 KBytes   521 Kbits/sec   33    501 KBytes       
[  4] 626.00-627.00 sec  0.00 Bytes  0.00 bits/sec    4    501 KBytes       
[  4] 627.00-628.00 sec  0.00 Bytes  0.00 bits/sec  122    501 KBytes       
[  4] 628.00-629.00 sec  0.00 Bytes  0.00 bits/sec    2    501 KBytes       
[  4] 629.00-630.00 sec  0.00 Bytes  0.00 bits/sec    0    501 KBytes       
[  4] 630.00-631.00 sec  0.00 Bytes  0.00 bits/sec    0    489 KBytes       
[  4] 631.00-632.00 sec  0.00 Bytes  0.00 bits/sec    5    501 KBytes       
[  4] 632.00-633.00 sec  0.00 Bytes  0.00 bits/sec    0    501 KBytes       
[  4] 633.00-634.00 sec  0.00 Bytes  0.00 bits/sec    0    501 KBytes       
[  4] 634.00-635.00 sec  0.00 Bytes  0.00 bits/sec    0    501 KBytes       
[  4] 635.00-636.00 sec  0.00 Bytes  0.00 bits/sec    0    501 KBytes       
[  4] 636.00-637.05 sec  0.00 Bytes  0.00 bits/sec    0    501 KBytes       
[  4] 637.05-638.00 sec  0.00 Bytes  0.00 bits/sec    1   1.41 KBytes       
[  4] 638.00-639.01 sec   191 KBytes  1.56 Mbits/sec    0   1.41 KBytes       
[  4] 639.01-640.00 sec  63.6 KBytes   524 Kbits/sec    0   1.41 KBytes       
[  4] 640.00-641.00 sec  63.6 KBytes   522 Kbits/sec    0   1.41 KBytes       
[  4] 641.00-642.00 sec  0.00 Bytes  0.00 bits/sec    2   2.83 KBytes       
[  4] 642.00-643.00 sec  0.00 Bytes  0.00 bits/sec    0   2.83 KBytes       
[  4] 643.00-644.00 sec  0.00 Bytes  0.00 bits/sec    0   2.83 KBytes       
[  4] 644.00-645.00 sec  0.00 Bytes  0.00 bits/sec    4   5.66 KBytes       
[  4] 645.00-646.00 sec  0.00 Bytes  0.00 bits/sec    0   5.66 KBytes       
[  4] 646.00-647.00 sec  0.00 Bytes  0.00 bits/sec    0   5.66 KBytes       
[  4] 647.00-648.01 sec  0.00 Bytes  0.00 bits/sec    2   11.3 KBytes       
[  4] 648.01-649.00 sec  0.00 Bytes  0.00 bits/sec    0   11.3 KBytes       
[  4] 649.00-650.00 sec  0.00 Bytes  0.00 bits/sec    0   11.3 KBytes       
[  4] 650.00-651.00 sec  1.68 MBytes  14.1 Mbits/sec    0    576 KBytes       
[  4] 651.00-652.00 sec  0.00 Bytes  0.00 bits/sec    0    576 KBytes       
[  4] 652.00-653.02 sec  0.00 Bytes  0.00 bits/sec    0    576 KBytes       
[  4] 653.02-654.00 sec   255 KBytes  2.13 Mbits/sec   40    454 KBytes       
[  4] 654.00-655.00 sec  0.00 Bytes  0.00 bits/sec   37    428 KBytes       
[  4] 655.00-656.00 sec  0.00 Bytes  0.00 bits/sec    0    428 KBytes       
[  4] 656.00-657.00 sec  0.00 Bytes  0.00 bits/sec    0    428 KBytes       
[  4] 657.00-658.00 sec  0.00 Bytes  0.00 bits/sec  139    304 KBytes       
[  4] 658.00-659.00 sec  0.00 Bytes  0.00 bits/sec    0    304 KBytes       
[  4] 659.00-660.00 sec  0.00 Bytes  0.00 bits/sec    0    304 KBytes       
[  4] 660.00-661.00 sec  0.00 Bytes  0.00 bits/sec    0    304 KBytes       
[  4] 661.00-662.00 sec  0.00 Bytes  0.00 bits/sec    0    304 KBytes       
[  4] 662.00-663.00 sec  0.00 Bytes  0.00 bits/sec    0    304 KBytes       
[  4] 663.00-664.00 sec  0.00 Bytes  0.00 bits/sec    1   1.41 KBytes       
[  4] 664.00-665.00 sec   255 KBytes  2.09 Mbits/sec    0   1.41 KBytes       
[  4] 665.00-666.00 sec  0.00 Bytes  0.00 bits/sec    0   1.41 KBytes       
[  4] 666.00-667.00 sec  0.00 Bytes  0.00 bits/sec    0   1.41 KBytes       
[  4] 667.00-668.00 sec  0.00 Bytes  0.00 bits/sec    2   2.83 KBytes       
[  4] 668.00-669.00 sec  0.00 Bytes  0.00 bits/sec    0   2.83 KBytes       
[  4] 669.00-670.01 sec  0.00 Bytes  0.00 bits/sec    4   5.66 KBytes       
[  4] 670.01-671.01 sec  0.00 Bytes  0.00 bits/sec    0   5.66 KBytes       
[  4] 671.01-672.00 sec  0.00 Bytes  0.00 bits/sec    8   11.3 KBytes       
[  4] 672.00-673.00 sec  0.00 Bytes  0.00 bits/sec    0   11.3 KBytes       
[  4] 673.00-674.00 sec  63.6 KBytes   522 Kbits/sec   10   60.8 KBytes       
[  4] 674.00-675.00 sec  0.00 Bytes  0.00 bits/sec    0   60.8 KBytes       
[  4] 675.00-676.00 sec   764 KBytes  6.26 Mbits/sec    0    352 KBytes       
[  4] 676.00-677.00 sec  0.00 Bytes  0.00 bits/sec    0    352 KBytes       
[  4] 677.00-678.00 sec  0.00 Bytes  0.00 bits/sec    0    352 KBytes       
[  4] 678.00-679.00 sec  0.00 Bytes  0.00 bits/sec    0    352 KBytes       
[  4] 679.00-680.00 sec  0.00 Bytes  0.00 bits/sec   67    112 KBytes       
[  4] 680.00-681.00 sec  0.00 Bytes  0.00 bits/sec    0    112 KBytes       
[  4] 681.00-682.00 sec  0.00 Bytes  0.00 bits/sec    0    112 KBytes       
[  4] 682.00-683.00 sec  0.00 Bytes  0.00 bits/sec    8    112 KBytes       
[  4] 683.00-684.00 sec  63.6 KBytes   522 Kbits/sec  124    208 KBytes       
[  4] 684.00-685.02 sec  0.00 Bytes  0.00 bits/sec    0    208 KBytes       
[  4] 685.02-686.00 sec  0.00 Bytes  0.00 bits/sec    0    208 KBytes       
[  4] 686.00-687.00 sec   255 KBytes  2.09 Mbits/sec    0    221 KBytes       
[  4] 687.00-688.00 sec  63.6 KBytes   521 Kbits/sec    0    232 KBytes       
[  4] 688.00-689.00 sec  0.00 Bytes  0.00 bits/sec    0    232 KBytes       
[  4] 689.00-690.00 sec  0.00 Bytes  0.00 bits/sec    0    232 KBytes       
[  4] 690.00-691.01 sec  63.6 KBytes   520 Kbits/sec   24    165 KBytes       
[  4] 691.01-692.00 sec  0.00 Bytes  0.00 bits/sec    0    165 KBytes       
[  4] 692.00-693.00 sec  0.00 Bytes  0.00 bits/sec    0    165 KBytes       
[  4] 693.00-694.01 sec   191 KBytes  1.56 Mbits/sec    0    167 KBytes       
[  4] 694.01-695.00 sec   191 KBytes  1.57 Mbits/sec    0    184 KBytes       
[  4] 695.00-696.01 sec   127 KBytes  1.04 Mbits/sec    0    191 KBytes       
[  4] 696.01-697.00 sec  63.6 KBytes   524 Kbits/sec    0    194 KBytes       
[  4] 697.00-698.00 sec   191 KBytes  1.56 Mbits/sec    0    199 KBytes       
[  4] 698.00-699.06 sec  0.00 Bytes  0.00 bits/sec    0    201 KBytes       
[  4] 699.06-700.01 sec   127 KBytes  1.10 Mbits/sec    0    216 KBytes       
[  4] 700.01-701.00 sec  63.6 KBytes   524 Kbits/sec    0    221 KBytes       
[  4] 701.00-702.00 sec  0.00 Bytes  0.00 bits/sec    0    221 KBytes       
[  4] 702.00-703.01 sec  0.00 Bytes  0.00 bits/sec    0    221 KBytes       
[  4] 703.01-704.02 sec   127 KBytes  1.03 Mbits/sec    0    307 KBytes       
[  4] 704.02-705.00 sec  63.6 KBytes   527 Kbits/sec    0    327 KBytes       
[  4] 705.00-706.00 sec  0.00 Bytes  0.00 bits/sec    0    327 KBytes       
[  4] 706.00-707.00 sec  0.00 Bytes  0.00 bits/sec    0    327 KBytes       
[  4] 707.00-708.01 sec  0.00 Bytes  0.00 bits/sec   38    240 KBytes       
[  4] 708.01-709.00 sec  0.00 Bytes  0.00 bits/sec    0    240 KBytes       
[  4] 709.00-710.01 sec  0.00 Bytes  0.00 bits/sec    0    240 KBytes       
[  4] 710.01-711.01 sec   127 KBytes  1.04 Mbits/sec    0    240 KBytes       
[  4] 711.01-712.00 sec   318 KBytes  2.62 Mbits/sec    0    260 KBytes       
[  4] 712.00-713.01 sec  0.00 Bytes  0.00 bits/sec    0    260 KBytes       
[  4] 713.01-714.01 sec  63.6 KBytes   518 Kbits/sec    0    279 KBytes       
[  4] 714.01-715.01 sec   255 KBytes  2.09 Mbits/sec    0    313 KBytes       
[  4] 715.01-716.00 sec  0.00 Bytes  0.00 bits/sec    0    313 KBytes       
[  4] 716.00-717.02 sec  0.00 Bytes  0.00 bits/sec    0    313 KBytes       
[  4] 717.02-718.00 sec   318 KBytes  2.64 Mbits/sec    0    341 KBytes       
[  4] 718.00-719.00 sec  0.00 Bytes  0.00 bits/sec    0    341 KBytes       
[  4] 719.00-720.00 sec  0.00 Bytes  0.00 bits/sec    0    341 KBytes       
[  4] 720.00-721.01 sec   127 KBytes  1.04 Mbits/sec    0    386 KBytes       
[  4] 721.01-722.01 sec   127 KBytes  1.04 Mbits/sec    0    430 KBytes       
[  4] 722.01-723.01 sec  0.00 Bytes  0.00 bits/sec    0    430 KBytes       
[  4] 723.01-724.01 sec  0.00 Bytes  0.00 bits/sec    0    430 KBytes       
[  4] 724.01-725.01 sec   255 KBytes  2.08 Mbits/sec    0    525 KBytes       
[  4] 725.01-726.01 sec   127 KBytes  1.04 Mbits/sec    1    583 KBytes       
[  4] 726.01-727.01 sec  0.00 Bytes  0.00 bits/sec    0    583 KBytes       
[  4] 727.01-728.02 sec  0.00 Bytes  0.00 bits/sec    0    583 KBytes       
[  4] 728.02-729.01 sec  0.00 Bytes  0.00 bits/sec   29    477 KBytes       
[  4] 729.01-730.01 sec  0.00 Bytes  0.00 bits/sec   89    409 KBytes       
[  4] 730.01-731.01 sec  0.00 Bytes  0.00 bits/sec    0    409 KBytes       
[  4] 731.01-732.01 sec  0.00 Bytes  0.00 bits/sec    0    409 KBytes       
[  4] 732.01-733.01 sec   191 KBytes  1.56 Mbits/sec    0    409 KBytes       
[  4] 733.01-734.01 sec   573 KBytes  4.65 Mbits/sec    0    410 KBytes       
[  4] 734.01-735.01 sec  0.00 Bytes  0.00 bits/sec    0    410 KBytes       
[  4] 735.01-736.01 sec  0.00 Bytes  0.00 bits/sec    0    410 KBytes       
[  4] 736.01-737.01 sec   318 KBytes  2.60 Mbits/sec    0    496 KBytes       
[  4] 737.01-738.01 sec   191 KBytes  1.57 Mbits/sec    0    519 KBytes       
[  4] 738.01-739.01 sec  0.00 Bytes  0.00 bits/sec    0    519 KBytes       
[  4] 739.01-740.02 sec  0.00 Bytes  0.00 bits/sec    0    520 KBytes       
[  4] 740.02-741.01 sec   255 KBytes  2.10 Mbits/sec    0    550 KBytes       
[  4] 741.01-742.01 sec   255 KBytes  2.08 Mbits/sec    0    566 KBytes       
[  4] 742.01-743.01 sec  0.00 Bytes  0.00 bits/sec    0    567 KBytes       
[  4] 743.01-744.01 sec   382 KBytes  3.13 Mbits/sec    0    614 KBytes       
[  4] 744.01-745.01 sec   127 KBytes  1.04 Mbits/sec    0    628 KBytes       
[  4] 745.01-746.01 sec   127 KBytes  1.04 Mbits/sec    0    662 KBytes       
[  4] 746.01-747.01 sec   445 KBytes  3.66 Mbits/sec    0    769 KBytes       
[  4] 747.01-748.01 sec  0.00 Bytes  0.00 bits/sec    0    773 KBytes       
[  4] 748.01-749.01 sec  63.6 KBytes   520 Kbits/sec    0    799 KBytes       
[  4] 749.01-750.01 sec   700 KBytes  5.74 Mbits/sec    0    926 KBytes       
[  4] 750.01-751.01 sec   827 KBytes  6.78 Mbits/sec    0   1024 KBytes       
[  4] 751.01-752.01 sec  0.00 Bytes  0.00 bits/sec    0   1024 KBytes       
[  4] 752.01-753.01 sec  0.00 Bytes  0.00 bits/sec    7   1004 KBytes       
[  4] 753.01-754.01 sec  0.00 Bytes  0.00 bits/sec   39    823 KBytes       
[  4] 754.01-755.01 sec  0.00 Bytes  0.00 bits/sec  180    716 KBytes       
[  4] 755.01-756.01 sec  0.00 Bytes  0.00 bits/sec    0    717 KBytes       
[  4] 756.01-757.01 sec  0.00 Bytes  0.00 bits/sec    0    717 KBytes       
[  4] 757.01-758.01 sec  0.00 Bytes  0.00 bits/sec   10    717 KBytes       
[  4] 758.01-759.01 sec  0.00 Bytes  0.00 bits/sec    2    717 KBytes       
[  4] 759.01-760.01 sec  0.00 Bytes  0.00 bits/sec    1    717 KBytes       
[  4] 760.01-761.01 sec  0.00 Bytes  0.00 bits/sec    0    717 KBytes       
[  4] 761.01-762.01 sec  0.00 Bytes  0.00 bits/sec   64    683 KBytes       
[  4] 762.01-763.02 sec  0.00 Bytes  0.00 bits/sec    3    717 KBytes       
[  4] 763.02-764.02 sec  0.00 Bytes  0.00 bits/sec    3   1.41 KBytes       
[  4] 764.02-765.01 sec  0.00 Bytes  0.00 bits/sec    0   1.41 KBytes       
[  4] 765.01-766.01 sec  63.6 KBytes   521 Kbits/sec    0   1.41 KBytes       
[  4] 766.01-767.02 sec   255 KBytes  2.06 Mbits/sec    0   1.41 KBytes       
[  4] 767.02-768.02 sec  1.25 MBytes  10.5 Mbits/sec  113    761 KBytes       
[  4] 768.02-769.01 sec  56.3 KBytes   469 Kbits/sec    0    761 KBytes       
[  4] 769.01-770.01 sec  1.18 MBytes  9.90 Mbits/sec    0    823 KBytes       
[  4] 770.01-771.01 sec   382 KBytes  3.13 Mbits/sec    0    841 KBytes       
[  4] 771.01-772.01 sec   127 KBytes  1.04 Mbits/sec    0    850 KBytes       
[  4] 772.01-773.01 sec   255 KBytes  2.08 Mbits/sec    0    861 KBytes       
[  4] 773.01-774.01 sec   318 KBytes  2.62 Mbits/sec    0    877 KBytes       
[  4] 774.01-775.01 sec   318 KBytes  2.59 Mbits/sec    0    892 KBytes       
[  4] 775.01-776.01 sec   127 KBytes  1.05 Mbits/sec    0    899 KBytes       
[  4] 776.01-777.01 sec   318 KBytes  2.61 Mbits/sec    0    918 KBytes       
[  4] 777.01-778.01 sec   382 KBytes  3.13 Mbits/sec    0    960 KBytes       
[  4] 778.01-779.01 sec  0.00 Bytes  0.00 bits/sec    0    962 KBytes       
[  4] 779.01-780.11 sec  63.6 KBytes   474 Kbits/sec    8    833 KBytes       
[  4] 780.11-781.01 sec  0.00 Bytes  0.00 bits/sec  197    679 KBytes       
[  4] 781.01-782.01 sec  0.00 Bytes  0.00 bits/sec   21    679 KBytes       
[  4] 782.01-783.01 sec  0.00 Bytes  0.00 bits/sec    0    679 KBytes       
[  4] 783.01-784.01 sec  0.00 Bytes  0.00 bits/sec    6    679 KBytes       
[  4] 784.01-785.01 sec  0.00 Bytes  0.00 bits/sec    0    679 KBytes       
[  4] 785.01-786.06 sec  0.00 Bytes  0.00 bits/sec    0    679 KBytes       
[  4] 786.06-787.01 sec  0.00 Bytes  0.00 bits/sec    0    679 KBytes       
[  4] 787.01-788.06 sec  0.00 Bytes  0.00 bits/sec    0    679 KBytes       
[  4] 788.06-789.01 sec  0.00 Bytes  0.00 bits/sec   33    679 KBytes       
[  4] 789.01-790.01 sec  0.00 Bytes  0.00 bits/sec    1   1.41 KBytes       
[  4] 790.01-791.01 sec  0.00 Bytes  0.00 bits/sec    0   1.41 KBytes       
[  4] 791.01-792.01 sec   191 KBytes  1.56 Mbits/sec    0   1.41 KBytes       
[  4] 792.01-793.01 sec   191 KBytes  1.57 Mbits/sec    0   1.41 KBytes       
[  4] 793.01-794.01 sec  0.00 Bytes  0.00 bits/sec    1   7.07 KBytes       
[  4] 794.01-795.01 sec  0.00 Bytes  0.00 bits/sec    0   7.07 KBytes       
[  4] 795.01-796.01 sec  2.24 MBytes  18.7 Mbits/sec    0    775 KBytes       
[  4] 796.01-797.01 sec  0.00 Bytes  0.00 bits/sec    0    775 KBytes       
[  4] 797.01-798.01 sec   318 KBytes  2.61 Mbits/sec    0    790 KBytes       
[  4] 798.01-799.01 sec   445 KBytes  3.62 Mbits/sec    0    813 KBytes       
[  4] 799.01-800.01 sec  0.00 Bytes  0.00 bits/sec    0    813 KBytes       
[  4] 800.01-801.01 sec  63.6 KBytes   522 Kbits/sec    0    833 KBytes       
[  4] 801.01-802.01 sec   382 KBytes  3.13 Mbits/sec    0    928 KBytes       
[  4] 802.01-803.01 sec   255 KBytes  2.08 Mbits/sec    0    996 KBytes       
[  4] 803.01-804.01 sec  0.00 Bytes  0.00 bits/sec    0    996 KBytes       
[  4] 804.01-805.01 sec   700 KBytes  5.78 Mbits/sec    0   1.08 MBytes       
[  4] 805.01-806.01 sec   573 KBytes  4.69 Mbits/sec   47    814 KBytes       
[  4] 806.01-807.01 sec  0.00 Bytes  0.00 bits/sec   76    814 KBytes       
[  4] 807.01-808.01 sec  0.00 Bytes  0.00 bits/sec    0    814 KBytes       
[  4] 808.01-809.01 sec  0.00 Bytes  0.00 bits/sec   71    768 KBytes       
[  4] 809.01-810.02 sec   445 KBytes  3.62 Mbits/sec   17    814 KBytes       
[  4] 810.02-811.01 sec  0.00 Bytes  0.00 bits/sec    0    814 KBytes       
[  4] 811.01-812.01 sec   255 KBytes  2.10 Mbits/sec    0    814 KBytes       
[  4] 812.01-813.01 sec   764 KBytes  6.25 Mbits/sec    0    861 KBytes       
[  4] 813.01-814.07 sec   318 KBytes  2.46 Mbits/sec    0    915 KBytes       
[  4] 814.07-815.01 sec  0.00 Bytes  0.00 bits/sec    0    915 KBytes       
[  4] 815.01-816.01 sec   382 KBytes  3.13 Mbits/sec    0    977 KBytes       
[  4] 816.01-817.01 sec   382 KBytes  3.13 Mbits/sec    0   1.01 MBytes       
[  4] 817.01-818.01 sec   255 KBytes  2.08 Mbits/sec    0   1.04 MBytes       
[  4] 818.01-819.01 sec  0.00 Bytes  0.00 bits/sec    0   1.04 MBytes       
[  4] 819.01-820.01 sec  0.00 Bytes  0.00 bits/sec   52    935 KBytes       
[  4] 820.01-821.01 sec  0.00 Bytes  0.00 bits/sec   77    747 KBytes       
[  4] 821.01-822.01 sec  0.00 Bytes  0.00 bits/sec    0    747 KBytes       
[  4] 822.01-823.01 sec  0.00 Bytes  0.00 bits/sec    0    747 KBytes       
[  4] 823.01-824.02 sec   191 KBytes  1.55 Mbits/sec    0    747 KBytes       
[  4] 824.02-825.01 sec  1.24 MBytes  10.6 Mbits/sec    0    786 KBytes       
[  4] 825.01-826.01 sec   127 KBytes  1.04 Mbits/sec    0    796 KBytes       
[  4] 826.01-827.01 sec  0.00 Bytes  0.00 bits/sec    0    796 KBytes       
[  4] 827.01-828.01 sec   573 KBytes  4.68 Mbits/sec    0    844 KBytes       
[  4] 828.01-829.01 sec   318 KBytes  2.60 Mbits/sec    0    865 KBytes       
[  4] 829.01-830.01 sec  0.00 Bytes  0.00 bits/sec    0    865 KBytes       
[  4] 830.01-831.06 sec   191 KBytes  1.48 Mbits/sec    0    874 KBytes       
[  4] 831.06-832.06 sec   445 KBytes  3.66 Mbits/sec    0    891 KBytes       
[  4] 832.06-833.01 sec   255 KBytes  2.20 Mbits/sec    0    902 KBytes       
[  4] 833.01-834.07 sec  0.00 Bytes  0.00 bits/sec    0    902 KBytes       
[  4] 834.07-835.01 sec  63.6 KBytes   552 Kbits/sec    0    911 KBytes       
[  4] 835.01-836.01 sec   191 KBytes  1.56 Mbits/sec   12    919 KBytes       
[  4] 836.01-837.01 sec  0.00 Bytes  0.00 bits/sec   36    738 KBytes       
[  4] 837.01-838.01 sec  0.00 Bytes  0.00 bits/sec    0    734 KBytes       
[  4] 838.01-839.01 sec  0.00 Bytes  0.00 bits/sec    2    724 KBytes       
[  4] 839.01-840.02 sec  0.00 Bytes  0.00 bits/sec    7    669 KBytes       
[  4] 840.02-841.01 sec   445 KBytes  3.66 Mbits/sec   61    669 KBytes       
[  4] 841.01-842.01 sec  0.00 Bytes  0.00 bits/sec    0    669 KBytes       
[  4] 842.01-843.02 sec   255 KBytes  2.07 Mbits/sec    0    669 KBytes       
[  4] 843.02-844.01 sec   954 KBytes  7.87 Mbits/sec    0    737 KBytes       
[  4] 844.01-845.01 sec   127 KBytes  1.04 Mbits/sec    0    762 KBytes       
[  4] 845.01-846.01 sec   127 KBytes  1.04 Mbits/sec    0    776 KBytes       
[  4] 846.01-847.01 sec   255 KBytes  2.09 Mbits/sec    0    819 KBytes       
[  4] 847.01-848.01 sec   445 KBytes  3.65 Mbits/sec    0    881 KBytes       
[  4] 848.01-849.08 sec  0.00 Bytes  0.00 bits/sec    0    881 KBytes       
[  4] 849.08-850.01 sec  63.6 KBytes   556 Kbits/sec    0    884 KBytes       
[  4] 850.01-851.01 sec  0.00 Bytes  0.00 bits/sec   14    800 KBytes       
[  4] 851.01-852.01 sec  0.00 Bytes  0.00 bits/sec   76    619 KBytes       
[  4] 852.01-853.01 sec  0.00 Bytes  0.00 bits/sec    0    619 KBytes       
[  4] 853.01-854.01 sec  0.00 Bytes  0.00 bits/sec    0    619 KBytes       
[  4] 854.01-855.01 sec   255 KBytes  2.09 Mbits/sec    0    619 KBytes       
[  4] 855.01-856.01 sec   954 KBytes  7.81 Mbits/sec    0    624 KBytes       
[  4] 856.01-857.01 sec  0.00 Bytes  0.00 bits/sec    0    625 KBytes       
[  4] 857.01-858.02 sec   191 KBytes  1.55 Mbits/sec    0    652 KBytes       
[  4] 858.02-859.01 sec   509 KBytes  4.21 Mbits/sec    0    699 KBytes       
[  4] 859.01-860.01 sec   127 KBytes  1.04 Mbits/sec    0    704 KBytes       
[  4] 860.01-861.01 sec   127 KBytes  1.04 Mbits/sec    0    711 KBytes       
[  4] 861.01-862.02 sec   255 KBytes  2.07 Mbits/sec    0    725 KBytes       
[  4] 862.02-863.01 sec   318 KBytes  2.63 Mbits/sec    0    738 KBytes       
[  4] 863.01-864.01 sec  0.00 Bytes  0.00 bits/sec    0    740 KBytes       
[  4] 864.01-865.01 sec  63.6 KBytes   521 Kbits/sec    0    748 KBytes       
[  4] 865.01-866.01 sec   382 KBytes  3.12 Mbits/sec    0    800 KBytes       
[  4] 866.01-867.01 sec   255 KBytes  2.09 Mbits/sec    0    830 KBytes       
[  4] 867.01-868.01 sec  0.00 Bytes  0.00 bits/sec    0    837 KBytes       
[  4] 868.01-869.01 sec   191 KBytes  1.56 Mbits/sec    0    898 KBytes       
[  4] 869.01-870.01 sec   318 KBytes  2.61 Mbits/sec    0   1.01 MBytes       
[  4] 870.01-871.02 sec   191 KBytes  1.56 Mbits/sec    1   1.08 MBytes       
[  4] 871.02-872.02 sec  0.00 Bytes  0.00 bits/sec    0   1.08 MBytes       
[  4] 872.02-873.01 sec  0.00 Bytes  0.00 bits/sec   35    987 KBytes       
[  4] 873.01-874.01 sec  0.00 Bytes  0.00 bits/sec   85    772 KBytes       
[  4] 874.01-875.01 sec  0.00 Bytes  0.00 bits/sec   99    772 KBytes       
[  4] 875.01-876.02 sec  0.00 Bytes  0.00 bits/sec    2    772 KBytes       
[  4] 876.02-877.01 sec   255 KBytes  2.10 Mbits/sec    0    772 KBytes       
[  4] 877.01-878.01 sec   573 KBytes  4.69 Mbits/sec    0    772 KBytes       
[  4] 878.01-879.06 sec  63.6 KBytes   495 Kbits/sec    0    772 KBytes       
[  4] 879.06-880.01 sec   573 KBytes  4.94 Mbits/sec    0    793 KBytes       
[  4] 880.01-881.01 sec   127 KBytes  1.05 Mbits/sec    0    824 KBytes       
[  4] 881.01-882.01 sec   445 KBytes  3.65 Mbits/sec    0    905 KBytes       
[  4] 882.01-883.01 sec   318 KBytes  2.60 Mbits/sec    1    936 KBytes       
[  4] 883.01-884.02 sec  0.00 Bytes  0.00 bits/sec    7    905 KBytes       
[  4] 884.02-885.02 sec  0.00 Bytes  0.00 bits/sec   18    844 KBytes       
[  4] 885.02-886.01 sec  0.00 Bytes  0.00 bits/sec    0    728 KBytes       
[  4] 886.01-887.01 sec  0.00 Bytes  0.00 bits/sec   77    660 KBytes       
[  4] 887.01-888.01 sec  0.00 Bytes  0.00 bits/sec    0    660 KBytes       
[  4] 888.01-889.01 sec  0.00 Bytes  0.00 bits/sec    0    660 KBytes       
[  4] 889.01-890.01 sec  0.00 Bytes  0.00 bits/sec    0    660 KBytes       
[  4] 890.01-891.01 sec  0.00 Bytes  0.00 bits/sec    0    660 KBytes       
[  4] 891.01-892.02 sec  0.00 Bytes  0.00 bits/sec    1   1.41 KBytes       
[  4] 892.02-893.01 sec   255 KBytes  2.09 Mbits/sec    0   1.41 KBytes       
[  4] 893.01-894.01 sec  63.6 KBytes   520 Kbits/sec    0   1.41 KBytes       
[  4] 894.01-895.01 sec  2.24 MBytes  18.8 Mbits/sec    0    745 KBytes       
[  4] 895.01-896.02 sec  0.00 Bytes  0.00 bits/sec    0    745 KBytes       
[  4] 896.02-897.01 sec  0.00 Bytes  0.00 bits/sec    0    754 KBytes       
[  4] 897.01-898.02 sec   382 KBytes  3.12 Mbits/sec    0    775 KBytes       
[  4] 898.02-899.02 sec   191 KBytes  1.56 Mbits/sec    0    782 KBytes       
[  4] 899.02-900.02 sec  0.00 Bytes  0.00 bits/sec    0    782 KBytes       
[  4] 900.02-901.01 sec   127 KBytes  1.05 Mbits/sec    0    790 KBytes       
[  4] 901.01-902.03 sec   445 KBytes  3.58 Mbits/sec    0    826 KBytes       
[  4] 902.03-903.01 sec   127 KBytes  1.06 Mbits/sec    0    836 KBytes       
[  4] 903.01-904.01 sec  0.00 Bytes  0.00 bits/sec    0    836 KBytes       
[  4] 904.01-905.02 sec   191 KBytes  1.56 Mbits/sec    0    936 KBytes       
[  4] 905.02-906.01 sec   445 KBytes  3.66 Mbits/sec    0   1.08 MBytes       
[  4] 906.01-907.01 sec   127 KBytes  1.04 Mbits/sec    0   1.12 MBytes       
[  4] 907.01-908.01 sec  0.00 Bytes  0.00 bits/sec    0   1.12 MBytes       
[  4] 908.01-909.01 sec  0.00 Bytes  0.00 bits/sec   26   1.03 MBytes       
[  4] 909.01-910.01 sec  0.00 Bytes  0.00 bits/sec  129    805 KBytes       
[  4] 910.01-911.01 sec  0.00 Bytes  0.00 bits/sec   70    805 KBytes       
[  4] 911.01-912.01 sec  0.00 Bytes  0.00 bits/sec    0    805 KBytes       
[  4] 912.01-913.02 sec  63.6 KBytes   518 Kbits/sec    0    805 KBytes       
[  4] 913.02-914.02 sec   382 KBytes  3.14 Mbits/sec    0    805 KBytes       
[  4] 914.02-914.02 sec  0.00 Bytes  0.00 bits/sec    0    805 KBytes       
- - - - - - - - - - - - - - - - - - - - - - - - -
[ ID] Interval           Transfer     Bandwidth       Retr
[  4]   0.00-914.02 sec   100 MBytes   919 Kbits/sec  4631             sender
[  4]   0.00-914.02 sec  94.3 MBytes   866 Kbits/sec                  receiver

iperf Done.
