-----------------------------------------------------------
Server listening on 5201
-----------------------------------------------------------
Accepted connection from 10.0.0.1, port 45297
[  5] local 10.0.0.2 port 5201 connected to 10.0.0.1 port 46110
[ ID] Interval           Transfer     Bandwidth
[  5]   0.00-1.00   sec  0.00 Bytes  0.00 bits/sec                  
[  5]   1.00-2.00   sec  0.00 Bytes  0.00 bits/sec                  
[  5]   2.00-3.00   sec  0.00 Bytes  0.00 bits/sec                  
[  5]   3.00-4.00   sec  0.00 Bytes  0.00 bits/sec                  
[  5]   4.00-5.00   sec  14.1 KBytes   116 Kbits/sec                  
[  5]   5.00-6.00   sec  0.00 Bytes  0.00 bits/sec                  
[  5]   6.00-7.00   sec  28.3 KBytes   232 Kbits/sec                  
[  5]   7.00-8.00   sec  0.00 Bytes  0.00 bits/sec                  
[  5]   8.00-9.00   sec  0.00 Bytes  0.00 bits/sec                  
[  5]   9.00-10.01  sec  43.8 KBytes   357 Kbits/sec                  
[  5]  10.01-11.03  sec  0.00 Bytes  0.00 bits/sec                  
[  5]  11.03-12.00  sec  0.00 Bytes  0.00 bits/sec                  
[  5]  12.00-13.00  sec  46.7 KBytes   382 Kbits/sec                  
[  5]  13.00-14.00  sec  0.00 Bytes  0.00 bits/sec                  
[  5]  14.00-15.01  sec  0.00 Bytes  0.00 bits/sec                  
[  5]  15.01-16.01  sec  96.2 KBytes   788 Kbits/sec                  
[  5]  16.01-17.00  sec  66.5 KBytes   551 Kbits/sec                  
[  5]  17.00-18.00  sec  80.6 KBytes   659 Kbits/sec                  
[  5]  18.00-19.00  sec  0.00 Bytes  0.00 bits/sec                  
[  5]  19.00-20.02  sec  28.3 KBytes   226 Kbits/sec                  
[  5]  20.02-21.02  sec  46.7 KBytes   384 Kbits/sec                  
[  5]  21.02-22.00  sec  0.00 Bytes  0.00 bits/sec                  
[  5]  22.00-23.00  sec  0.00 Bytes  0.00 bits/sec                  
[  5]  23.00-24.00  sec  0.00 Bytes  0.00 bits/sec                  
[  5]  24.00-25.01  sec  80.6 KBytes   657 Kbits/sec                  
[  5]  25.01-26.00  sec  48.1 KBytes   396 Kbits/sec                  
[  5]  26.00-27.00  sec  0.00 Bytes  0.00 bits/sec                  
[  5]  27.00-28.01  sec  66.5 KBytes   538 Kbits/sec                  
[  5]  28.01-29.00  sec  0.00 Bytes  0.00 bits/sec                  
[  5]  29.00-30.02  sec  82.0 KBytes   662 Kbits/sec                  
[  5]  30.02-31.00  sec  0.00 Bytes  0.00 bits/sec                  
[  5]  31.00-32.00  sec  2.83 KBytes  23.2 Kbits/sec                  
[  5]  32.00-33.00  sec  87.7 KBytes   718 Kbits/sec                  
[  5]  33.00-34.01  sec  0.00 Bytes  0.00 bits/sec                  
[  5]  34.01-35.00  sec   102 KBytes   841 Kbits/sec                  
[  5]  35.00-36.01  sec  14.1 KBytes   114 Kbits/sec                  
[  5]  36.01-37.00  sec  0.00 Bytes  0.00 bits/sec                  
[  5]  37.00-38.00  sec  1.41 KBytes  11.6 Kbits/sec                  
[  5]  38.00-39.00  sec  0.00 Bytes  0.00 bits/sec                  
[  5]  39.00-40.00  sec   263 KBytes  2.15 Mbits/sec                  
[  5]  40.00-41.00  sec  35.4 KBytes   290 Kbits/sec                  
[  5]  41.00-42.00  sec  90.5 KBytes   740 Kbits/sec                  
[  5]  42.00-43.00  sec  55.1 KBytes   452 Kbits/sec                  
[  5]  43.00-44.03  sec  9.90 KBytes  79.2 Kbits/sec                  
[  5]  44.03-45.00  sec   160 KBytes  1.34 Mbits/sec                  
[  5]  45.00-46.00  sec  0.00 Bytes  0.00 bits/sec                  
[  5]  46.00-47.00  sec  14.1 KBytes   116 Kbits/sec                  
[  5]  47.00-48.00  sec   163 KBytes  1.33 Mbits/sec                  
[  5]  48.00-49.00  sec  0.00 Bytes  0.00 bits/sec                  
[  5]  49.00-50.01  sec  0.00 Bytes  0.00 bits/sec                  
[  5]  50.01-51.01  sec  29.7 KBytes   244 Kbits/sec                  
[  5]  51.01-52.01  sec   132 KBytes  1.08 Mbits/sec                  
[  5]  52.01-53.00  sec  48.1 KBytes   395 Kbits/sec                  
[  5]  53.00-54.01  sec  0.00 Bytes  0.00 bits/sec                  
[  5]  54.01-55.01  sec  29.7 KBytes   244 Kbits/sec                  
[  5]  55.01-56.01  sec   208 KBytes  1.69 Mbits/sec                  
[  5]  56.01-57.01  sec  66.5 KBytes   548 Kbits/sec                  
[  5]  57.01-58.00  sec  0.00 Bytes  0.00 bits/sec                  
[  5]  58.00-59.00  sec  70.7 KBytes   580 Kbits/sec                  
[  5]  59.00-60.00  sec  73.5 KBytes   601 Kbits/sec                  
[  5]  60.00-61.00  sec  0.00 Bytes  0.00 bits/sec                  
[  5]  61.00-62.00  sec  0.00 Bytes  0.00 bits/sec                  
[  5]  62.00-63.00  sec  0.00 Bytes  0.00 bits/sec                  
[  5]  63.00-64.00  sec  0.00 Bytes  0.00 bits/sec                  
[  5]  64.00-65.00  sec  0.00 Bytes  0.00 bits/sec                  
[  5]  65.00-66.00  sec   884 KBytes  7.24 Mbits/sec                  
[  5]  66.00-67.00  sec  17.0 KBytes   138 Kbits/sec                  
[  5]  67.00-68.00  sec  58.0 KBytes   477 Kbits/sec                  
[  5]  68.00-69.00  sec   303 KBytes  2.48 Mbits/sec                  
[  5]  69.00-70.00  sec  35.4 KBytes   290 Kbits/sec                  
[  5]  70.00-71.00  sec  36.8 KBytes   300 Kbits/sec                  
[  5]  71.00-72.00  sec  14.1 KBytes   116 Kbits/sec                  
[  5]  72.00-73.00  sec  0.00 Bytes  0.00 bits/sec                  
[  5]  73.00-74.01  sec  0.00 Bytes  0.00 bits/sec                  
[  5]  74.01-75.00  sec   129 KBytes  1.07 Mbits/sec                  
[  5]  75.00-76.00  sec   563 KBytes  4.63 Mbits/sec                  
[  5]  76.00-77.00  sec  0.00 Bytes  0.00 bits/sec                  
[  5]  77.00-78.00  sec   120 KBytes   985 Kbits/sec                  
[  5]  78.00-79.01  sec   215 KBytes  1.75 Mbits/sec                  
[  5]  79.01-80.01  sec  0.00 Bytes  0.00 bits/sec                  
[  5]  80.01-81.02  sec  65.0 KBytes   529 Kbits/sec                  
[  5]  81.02-82.02  sec   253 KBytes  2.07 Mbits/sec                  
[  5]  82.02-83.01  sec  60.8 KBytes   504 Kbits/sec                  
[  5]  83.01-84.00  sec  0.00 Bytes  0.00 bits/sec                  
[  5]  84.00-85.01  sec   151 KBytes  1.23 Mbits/sec                  
[  5]  85.01-86.01  sec   246 KBytes  2.02 Mbits/sec                  
[  5]  86.01-87.01  sec  1.41 KBytes  11.6 Kbits/sec                  
[  5]  87.01-88.00  sec  31.1 KBytes   256 Kbits/sec                  
[  5]  88.00-89.00  sec   280 KBytes  2.30 Mbits/sec                  
[  5]  89.00-90.00  sec   153 KBytes  1.25 Mbits/sec                  
[  5]  90.00-91.00  sec  0.00 Bytes  0.00 bits/sec                  
[  5]  91.00-92.00  sec   113 KBytes   926 Kbits/sec                  
[  5]  92.00-93.01  sec  0.00 Bytes  0.00 bits/sec                  
[  5]  93.01-94.01  sec  0.00 Bytes  0.00 bits/sec                  
[  5]  94.01-95.00  sec  0.00 Bytes  0.00 bits/sec                  
[  5]  95.00-96.01  sec   181 KBytes  1.48 Mbits/sec                  
[  5]  96.01-97.01  sec   363 KBytes  2.97 Mbits/sec                  
[  5]  97.01-98.01  sec   349 KBytes  2.87 Mbits/sec                  
[  5]  98.01-99.01  sec  0.00 Bytes  0.00 bits/sec                  
[  5]  99.01-100.02 sec   223 KBytes  1.81 Mbits/sec                  
[  5] 100.02-101.01 sec   133 KBytes  1.10 Mbits/sec                  
[  5] 101.01-102.01 sec   143 KBytes  1.17 Mbits/sec                  
[  5] 102.01-103.01 sec  5.66 KBytes  46.3 Kbits/sec                  
[  5] 103.01-104.01 sec  1.41 KBytes  11.6 Kbits/sec                  
[  5] 104.01-105.01 sec  25.5 KBytes   208 Kbits/sec                  
[  5] 105.01-106.01 sec  0.00 Bytes  0.00 bits/sec                  
[  5] 106.01-107.02 sec  0.00 Bytes  0.00 bits/sec                  
[  5] 107.02-108.02 sec  0.00 Bytes  0.00 bits/sec                  
[  5] 108.02-109.01 sec  0.00 Bytes  0.00 bits/sec                  
[  5] 109.01-110.02 sec   214 KBytes  1.73 Mbits/sec                  
[  5] 110.02-111.02 sec   174 KBytes  1.43 Mbits/sec                  
[  5] 111.02-112.02 sec   518 KBytes  4.27 Mbits/sec                  
[  5] 112.02-113.01 sec  8.48 KBytes  69.6 Kbits/sec                  
[  5] 113.01-114.01 sec   112 KBytes   915 Kbits/sec                  
[  5] 114.01-115.01 sec   109 KBytes   892 Kbits/sec                  
[  5] 115.01-116.01 sec   191 KBytes  1.56 Mbits/sec                  
[  5] 116.01-117.02 sec  14.1 KBytes   115 Kbits/sec                  
[  5] 117.02-118.01 sec  0.00 Bytes  0.00 bits/sec                  
[  5] 118.01-119.01 sec  0.00 Bytes  0.00 bits/sec                  
[  5] 119.01-120.01 sec  0.00 Bytes  0.00 bits/sec                  
[  5] 120.01-121.01 sec   331 KBytes  2.71 Mbits/sec                  
[  5] 121.01-122.02 sec   124 KBytes  1.02 Mbits/sec                  
[  5] 122.02-123.01 sec  0.00 Bytes  0.00 bits/sec                  
[  5] 123.01-124.02 sec  0.00 Bytes  0.00 bits/sec                  
[  5] 124.02-125.01 sec  0.00 Bytes  0.00 bits/sec                  
[  5] 125.01-126.01 sec  0.00 Bytes  0.00 bits/sec                  
[  5] 126.01-127.02 sec  0.00 Bytes  0.00 bits/sec                  
[  5] 127.02-128.02 sec   335 KBytes  2.75 Mbits/sec                  
[  5] 128.02-129.01 sec  0.00 Bytes  0.00 bits/sec                  
[  5] 129.01-130.02 sec  0.00 Bytes  0.00 bits/sec                  
[  5] 130.02-131.01 sec  0.00 Bytes  0.00 bits/sec                  
[  5] 131.01-132.02 sec  0.00 Bytes  0.00 bits/sec                  
[  5] 132.02-133.01 sec  93.3 KBytes   769 Kbits/sec                  
[  5] 133.01-134.02 sec   400 KBytes  3.28 Mbits/sec                  
[  5] 134.02-135.02 sec  0.00 Bytes  0.00 bits/sec                  
[  5] 135.02-136.02 sec  4.24 KBytes  34.7 Kbits/sec                  
[  5] 136.02-137.01 sec   123 KBytes  1.01 Mbits/sec                  
[  5] 137.01-138.02 sec   205 KBytes  1.68 Mbits/sec                  
[  5] 138.02-139.01 sec  59.4 KBytes   487 Kbits/sec                  
[  5] 139.01-140.01 sec  0.00 Bytes  0.00 bits/sec                  
[  5] 140.01-141.02 sec  0.00 Bytes  0.00 bits/sec                  
[  5] 141.02-142.02 sec   119 KBytes   973 Kbits/sec                  
[  5] 142.02-143.07 sec   280 KBytes  2.18 Mbits/sec                  
[  5] 143.07-144.02 sec  84.8 KBytes   731 Kbits/sec                  
[  5] 144.02-145.02 sec  93.3 KBytes   759 Kbits/sec                  
[  5] 145.02-146.02 sec  99.0 KBytes   815 Kbits/sec                  
[  5] 146.02-147.02 sec  87.7 KBytes   717 Kbits/sec                  
[  5] 147.02-148.02 sec   167 KBytes  1.37 Mbits/sec                  
[  5] 148.02-149.02 sec  91.9 KBytes   754 Kbits/sec                  
[  5] 149.02-150.02 sec  2.83 KBytes  23.2 Kbits/sec                  
[  5] 150.02-151.02 sec   226 KBytes  1.85 Mbits/sec                  
[  5] 151.02-152.02 sec  32.5 KBytes   267 Kbits/sec                  
[  5] 152.02-153.02 sec   174 KBytes  1.42 Mbits/sec                  
[  5] 153.02-154.02 sec   177 KBytes  1.45 Mbits/sec                  
[  5] 154.02-155.02 sec  1.41 KBytes  11.6 Kbits/sec                  
[  5] 155.02-156.02 sec  0.00 Bytes  0.00 bits/sec                  
[  5] 156.02-157.02 sec  0.00 Bytes  0.00 bits/sec                  
[  5] 157.02-158.02 sec  0.00 Bytes  0.00 bits/sec                  
[  5] 158.02-159.02 sec  0.00 Bytes  0.00 bits/sec                  
[  5] 159.02-160.02 sec  12.7 KBytes   104 Kbits/sec                  
[  5] 160.02-161.01 sec   348 KBytes  2.86 Mbits/sec                  
[  5] 161.01-162.03 sec   136 KBytes  1.10 Mbits/sec                  
[  5] 162.03-163.02 sec   219 KBytes  1.81 Mbits/sec                  
[  5] 163.02-164.01 sec  65.0 KBytes   536 Kbits/sec                  
[  5] 164.01-165.02 sec  0.00 Bytes  0.00 bits/sec                  
[  5] 165.02-166.01 sec  0.00 Bytes  0.00 bits/sec                  
[  5] 166.01-167.01 sec  0.00 Bytes  0.00 bits/sec                  
[  5] 167.01-168.01 sec  0.00 Bytes  0.00 bits/sec                  
[  5] 168.01-169.01 sec  0.00 Bytes  0.00 bits/sec                  
[  5] 169.01-170.01 sec  0.00 Bytes  0.00 bits/sec                  
[  5] 170.01-171.01 sec   168 KBytes  1.37 Mbits/sec                  
[  5] 171.01-172.01 sec  1.12 MBytes  9.39 Mbits/sec                  
[  5] 172.01-173.00 sec   122 KBytes  1.01 Mbits/sec                  
[  5] 173.00-174.00 sec   100 KBytes   822 Kbits/sec                  
[  5] 174.00-175.01 sec  0.00 Bytes  0.00 bits/sec                  
[  5] 175.01-176.00 sec   112 KBytes   922 Kbits/sec                  
[  5] 176.00-177.00 sec   701 KBytes  5.75 Mbits/sec                  
[  5] 177.00-178.00 sec   277 KBytes  2.27 Mbits/sec                  
[  5] 178.00-179.00 sec   188 KBytes  1.54 Mbits/sec                  
[  5] 179.00-180.01 sec   195 KBytes  1.58 Mbits/sec                  
[  5] 180.01-181.00 sec   349 KBytes  2.89 Mbits/sec                  
[  5] 181.00-182.00 sec   406 KBytes  3.32 Mbits/sec                  
[  5] 182.00-183.00 sec  0.00 Bytes  0.00 bits/sec                  
[  5] 183.00-184.00 sec   197 KBytes  1.61 Mbits/sec                  
[  5] 184.00-185.00 sec   221 KBytes  1.80 Mbits/sec                  
[  5] 185.00-186.00 sec  0.00 Bytes  0.00 bits/sec                  
[  5] 186.00-187.00 sec   150 KBytes  1.23 Mbits/sec                  
[  5] 187.00-188.00 sec  0.00 Bytes  0.00 bits/sec                  
[  5] 188.00-189.01 sec  0.00 Bytes  0.00 bits/sec                  
[  5] 189.01-190.01 sec  69.3 KBytes   570 Kbits/sec                  
[  5] 190.01-191.00 sec   414 KBytes  3.41 Mbits/sec                  
[  5] 191.00-192.00 sec  93.3 KBytes   765 Kbits/sec                  
[  5] 192.00-193.00 sec   212 KBytes  1.74 Mbits/sec                  
[  5] 193.00-194.00 sec  2.83 KBytes  23.2 Kbits/sec                  
[  5] 194.00-195.00 sec   257 KBytes  2.11 Mbits/sec                  
[  5] 195.00-196.00 sec   113 KBytes   927 Kbits/sec                  
[  5] 196.00-197.00 sec  0.00 Bytes  0.00 bits/sec                  
[  5] 197.00-198.00 sec  22.6 KBytes   185 Kbits/sec                  
[  5] 198.00-199.00 sec  0.00 Bytes  0.00 bits/sec                  
[  5] 199.00-200.01 sec   110 KBytes   900 Kbits/sec                  
[  5] 200.01-201.00 sec   532 KBytes  4.36 Mbits/sec                  
[  5] 201.00-202.00 sec  1.41 KBytes  11.6 Kbits/sec                  
[  5] 202.00-203.00 sec   187 KBytes  1.53 Mbits/sec                  
[  5] 203.00-204.00 sec   115 KBytes   939 Kbits/sec                  
[  5] 204.00-205.00 sec   107 KBytes   880 Kbits/sec                  
[  5] 205.00-206.00 sec   223 KBytes  1.83 Mbits/sec                  
[  5] 206.00-207.00 sec  1.41 KBytes  11.6 Kbits/sec                  
[  5] 207.00-208.00 sec   199 KBytes  1.63 Mbits/sec                  
[  5] 208.00-209.00 sec   144 KBytes  1.18 Mbits/sec                  
[  5] 209.00-210.01 sec  2.83 KBytes  23.1 Kbits/sec                  
[  5] 210.01-211.00 sec   122 KBytes   999 Kbits/sec                  
[  5] 211.00-212.01 sec  0.00 Bytes  0.00 bits/sec                  
[  5] 212.01-213.01 sec  0.00 Bytes  0.00 bits/sec                  
[  5] 213.01-213.41 sec  0.00 Bytes  0.00 bits/sec                  
- - - - - - - - - - - - - - - - - - - - - - - - -
[ ID] Interval           Transfer     Bandwidth
[  5]   0.00-213.41 sec  0.00 Bytes  0.00 bits/sec                  sender
[  5]   0.00-213.41 sec  19.8 MBytes   777 Kbits/sec                  receiver
