-----------------------------------------------------------
Server listening on 5201
-----------------------------------------------------------
Accepted connection from 10.0.0.1, port 40117
[  5] local 10.0.0.2 port 5201 connected to 10.0.0.1 port 46110
[ ID] Interval           Transfer     Bandwidth
[  5]   0.00-1.00   sec  0.00 Bytes  0.00 bits/sec                  
[  5]   1.00-2.02   sec  14.1 KBytes   114 Kbits/sec                  
[  5]   2.02-3.00   sec  28.3 KBytes   236 Kbits/sec                  
[  5]   3.00-4.01   sec  0.00 Bytes  0.00 bits/sec                  
[  5]   4.01-5.00   sec  0.00 Bytes  0.00 bits/sec                  
[  5]   5.00-6.00   sec  7.07 KBytes  58.0 Kbits/sec                  
[  5]   6.00-7.00   sec  0.00 Bytes  0.00 bits/sec                  
[  5]   7.00-8.01   sec  15.6 KBytes   127 Kbits/sec                  
[  5]   8.01-9.00   sec  0.00 Bytes  0.00 bits/sec                  
[  5]   9.00-10.00  sec  9.90 KBytes  80.9 Kbits/sec                  
[  5]  10.00-11.00  sec  36.8 KBytes   302 Kbits/sec                  
[  5]  11.00-12.00  sec  0.00 Bytes  0.00 bits/sec                  
[  5]  12.00-13.00  sec  31.1 KBytes   255 Kbits/sec                  
[  5]  13.00-14.00  sec  38.2 KBytes   313 Kbits/sec                  
[  5]  14.00-15.00  sec  41.0 KBytes   336 Kbits/sec                  
[  5]  15.00-16.00  sec  41.0 KBytes   336 Kbits/sec                  
[  5]  16.00-17.00  sec  4.24 KBytes  34.7 Kbits/sec                  
[  5]  17.00-18.01  sec  0.00 Bytes  0.00 bits/sec                  
[  5]  18.01-19.00  sec  0.00 Bytes  0.00 bits/sec                  
[  5]  19.00-20.00  sec  90.5 KBytes   744 Kbits/sec                  
[  5]  20.00-21.00  sec  0.00 Bytes  0.00 bits/sec                  
[  5]  21.00-22.01  sec  45.2 KBytes   369 Kbits/sec                  
[  5]  22.01-23.01  sec  46.7 KBytes   381 Kbits/sec                  
[  5]  23.01-24.00  sec  5.66 KBytes  46.8 Kbits/sec                  
[  5]  24.00-25.01  sec  55.1 KBytes   449 Kbits/sec                  
[  5]  25.01-26.01  sec  21.2 KBytes   174 Kbits/sec                  
[  5]  26.01-27.00  sec  42.4 KBytes   348 Kbits/sec                  
[  5]  27.00-28.00  sec  70.7 KBytes   580 Kbits/sec                  
[  5]  28.00-29.00  sec  21.2 KBytes   174 Kbits/sec                  
[  5]  29.00-30.00  sec  8.48 KBytes  69.5 Kbits/sec                  
[  5]  30.00-31.01  sec  86.3 KBytes   698 Kbits/sec                  
[  5]  31.01-32.00  sec  0.00 Bytes  0.00 bits/sec                  
[  5]  32.00-33.00  sec  39.6 KBytes   324 Kbits/sec                  
[  5]  33.00-34.00  sec   112 KBytes   916 Kbits/sec                  
[  5]  34.00-35.01  sec   123 KBytes   995 Kbits/sec                  
[  5]  35.01-36.02  sec  0.00 Bytes  0.00 bits/sec                  
[  5]  36.02-37.00  sec  2.83 KBytes  23.6 Kbits/sec                  
[  5]  37.00-38.02  sec   201 KBytes  1.62 Mbits/sec                  
[  5]  38.02-39.00  sec  65.0 KBytes   540 Kbits/sec                  
[  5]  39.00-40.00  sec  87.7 KBytes   719 Kbits/sec                  
[  5]  40.00-41.00  sec  55.1 KBytes   452 Kbits/sec                  
[  5]  41.00-42.01  sec  87.7 KBytes   714 Kbits/sec                  
[  5]  42.01-43.00  sec   103 KBytes   850 Kbits/sec                  
[  5]  43.00-44.00  sec  80.6 KBytes   660 Kbits/sec                  
[  5]  44.00-45.00  sec  97.6 KBytes   800 Kbits/sec                  
[  5]  45.00-46.01  sec  70.7 KBytes   575 Kbits/sec                  
[  5]  46.01-47.01  sec  56.6 KBytes   462 Kbits/sec                  
[  5]  47.01-48.00  sec   110 KBytes   911 Kbits/sec                  
[  5]  48.00-49.00  sec  0.00 Bytes  0.00 bits/sec                  
[  5]  49.00-50.00  sec  2.83 KBytes  23.3 Kbits/sec                  
[  5]  50.00-51.01  sec   141 KBytes  1.14 Mbits/sec                  
[  5]  51.01-52.00  sec   253 KBytes  2.10 Mbits/sec                  
[  5]  52.00-53.00  sec  94.7 KBytes   774 Kbits/sec                  
[  5]  53.00-54.00  sec  69.3 KBytes   567 Kbits/sec                  
[  5]  54.00-55.00  sec  0.00 Bytes  0.00 bits/sec                  
[  5]  55.00-56.01  sec   301 KBytes  2.43 Mbits/sec                  
[  5]  56.01-57.00  sec  87.7 KBytes   725 Kbits/sec                  
[  5]  57.00-58.00  sec   174 KBytes  1.43 Mbits/sec                  
[  5]  58.00-59.00  sec  97.6 KBytes   802 Kbits/sec                  
[  5]  59.00-60.01  sec  91.9 KBytes   743 Kbits/sec                  
[  5]  60.01-61.01  sec   141 KBytes  1.16 Mbits/sec                  
[  5]  61.01-62.01  sec  72.1 KBytes   589 Kbits/sec                  
[  5]  62.01-63.01  sec   168 KBytes  1.38 Mbits/sec                  
[  5]  63.01-64.01  sec  99.0 KBytes   815 Kbits/sec                  
[  5]  64.01-65.00  sec   122 KBytes   999 Kbits/sec                  
[  5]  65.00-66.01  sec  5.66 KBytes  46.1 Kbits/sec                  
[  5]  66.01-67.01  sec  0.00 Bytes  0.00 bits/sec                  
[  5]  67.01-68.00  sec   201 KBytes  1.67 Mbits/sec                  
[  5]  68.00-69.00  sec   173 KBytes  1.41 Mbits/sec                  
[  5]  69.00-70.00  sec   150 KBytes  1.23 Mbits/sec                  
[  5]  70.00-71.02  sec  43.8 KBytes   353 Kbits/sec                  
[  5]  71.02-72.00  sec   209 KBytes  1.74 Mbits/sec                  
[  5]  72.00-73.00  sec  45.2 KBytes   370 Kbits/sec                  
[  5]  73.00-74.00  sec   222 KBytes  1.82 Mbits/sec                  
[  5]  74.00-75.00  sec  49.5 KBytes   407 Kbits/sec                  
[  5]  75.00-76.01  sec  87.7 KBytes   712 Kbits/sec                  
[  5]  76.01-77.00  sec  0.00 Bytes  0.00 bits/sec                  
[  5]  77.00-78.01  sec   232 KBytes  1.88 Mbits/sec                  
[  5]  78.01-79.00  sec  0.00 Bytes  0.00 bits/sec                  
[  5]  79.00-80.02  sec   264 KBytes  2.13 Mbits/sec                  
[  5]  80.02-81.00  sec  82.0 KBytes   682 Kbits/sec                  
[  5]  81.00-82.00  sec   129 KBytes  1.05 Mbits/sec                  
[  5]  82.00-83.01  sec   103 KBytes   842 Kbits/sec                  
[  5]  83.01-84.00  sec   107 KBytes   885 Kbits/sec                  
[  5]  84.00-85.01  sec  0.00 Bytes  0.00 bits/sec                  
[  5]  85.01-86.01  sec  9.90 KBytes  81.5 Kbits/sec                  
[  5]  86.01-87.00  sec  1.41 KBytes  11.6 Kbits/sec                  
[  5]  87.00-88.00  sec   380 KBytes  3.12 Mbits/sec                  
[  5]  88.00-89.00  sec   130 KBytes  1.07 Mbits/sec                  
[  5]  89.00-90.01  sec  55.1 KBytes   448 Kbits/sec                  
[  5]  90.01-91.02  sec  62.2 KBytes   505 Kbits/sec                  
[  5]  91.02-92.00  sec   102 KBytes   849 Kbits/sec                  
[  5]  92.00-93.09  sec  21.2 KBytes   160 Kbits/sec                  
[  5]  93.09-94.01  sec  72.1 KBytes   641 Kbits/sec                  
[  5]  94.01-95.00  sec  0.00 Bytes  0.00 bits/sec                  
[  5]  95.00-96.00  sec   139 KBytes  1.13 Mbits/sec                  
[  5]  96.00-97.00  sec  21.2 KBytes   174 Kbits/sec                  
[  5]  97.00-98.00  sec  86.3 KBytes   708 Kbits/sec                  
[  5]  98.00-99.01  sec  9.90 KBytes  80.4 Kbits/sec                  
[  5]  99.01-100.01 sec  90.5 KBytes   741 Kbits/sec                  
[  5] 100.01-101.01 sec  15.6 KBytes   128 Kbits/sec                  
[  5] 101.01-102.01 sec  31.1 KBytes   254 Kbits/sec                  
[  5] 102.01-103.00 sec  0.00 Bytes  0.00 bits/sec                  
[  5] 103.00-104.01 sec   153 KBytes  1.25 Mbits/sec                  
[  5] 104.01-105.00 sec  12.7 KBytes   105 Kbits/sec                  
[  5] 105.00-106.02 sec  69.3 KBytes   558 Kbits/sec                  
[  5] 106.02-107.00 sec  35.4 KBytes   295 Kbits/sec                  
[  5] 107.00-108.01 sec  62.2 KBytes   504 Kbits/sec                  
[  5] 108.01-109.01 sec  0.00 Bytes  0.00 bits/sec                  
[  5] 109.01-110.00 sec  29.7 KBytes   246 Kbits/sec                  
[  5] 110.00-111.01 sec  62.2 KBytes   505 Kbits/sec                  
[  5] 111.01-112.03 sec  79.2 KBytes   636 Kbits/sec                  
[  5] 112.03-113.00 sec  65.0 KBytes   550 Kbits/sec                  
[  5] 113.00-114.00 sec  42.4 KBytes   348 Kbits/sec                  
[  5] 114.00-115.00 sec  48.1 KBytes   393 Kbits/sec                  
[  5] 115.00-116.01 sec  74.9 KBytes   611 Kbits/sec                  
[  5] 116.01-117.01 sec  32.5 KBytes   266 Kbits/sec                  
[  5] 117.01-118.02 sec  74.9 KBytes   608 Kbits/sec                  
[  5] 118.02-119.00 sec  36.8 KBytes   306 Kbits/sec                  
[  5] 119.00-120.00 sec  82.0 KBytes   672 Kbits/sec                  
[  5] 120.00-121.01 sec  24.0 KBytes   196 Kbits/sec                  
[  5] 121.01-122.02 sec  0.00 Bytes  0.00 bits/sec                  
[  5] 122.02-123.02 sec  0.00 Bytes  0.00 bits/sec                  
[  5] 123.02-124.00 sec  0.00 Bytes  0.00 bits/sec                  
[  5] 124.00-125.00 sec   307 KBytes  2.51 Mbits/sec                  
[  5] 125.00-126.00 sec  82.0 KBytes   672 Kbits/sec                  
[  5] 126.00-127.00 sec   113 KBytes   927 Kbits/sec                  
[  5] 127.00-128.01 sec  52.3 KBytes   425 Kbits/sec                  
[  5] 128.01-129.01 sec   130 KBytes  1.07 Mbits/sec                  
[  5] 129.01-130.00 sec  46.7 KBytes   386 Kbits/sec                  
[  5] 130.00-131.01 sec   136 KBytes  1.10 Mbits/sec                  
[  5] 131.01-132.00 sec  48.1 KBytes   398 Kbits/sec                  
[  5] 132.00-133.02 sec  18.4 KBytes   149 Kbits/sec                  
[  5] 133.02-134.00 sec  0.00 Bytes  0.00 bits/sec                  
[  5] 134.00-135.01 sec   286 KBytes  2.32 Mbits/sec                  
[  5] 135.01-136.00 sec  84.8 KBytes   704 Kbits/sec                  
[  5] 136.00-137.00 sec  94.7 KBytes   777 Kbits/sec                  
[  5] 137.00-138.00 sec   127 KBytes  1.04 Mbits/sec                  
[  5] 138.00-139.00 sec  49.5 KBytes   406 Kbits/sec                  
[  5] 139.00-140.02 sec   139 KBytes  1.12 Mbits/sec                  
[  5] 140.02-141.01 sec  56.6 KBytes   467 Kbits/sec                  
[  5] 141.01-142.00 sec   124 KBytes  1.03 Mbits/sec                  
[  5] 142.00-143.00 sec  39.6 KBytes   323 Kbits/sec                  
[  5] 143.00-144.00 sec   115 KBytes   940 Kbits/sec                  
[  5] 144.00-145.00 sec   100 KBytes   824 Kbits/sec                  
[  5] 145.00-146.00 sec  48.1 KBytes   393 Kbits/sec                  
[  5] 146.00-147.00 sec  0.00 Bytes  0.00 bits/sec                  
[  5] 147.00-148.01 sec  94.7 KBytes   768 Kbits/sec                  
[  5] 148.01-149.01 sec   188 KBytes  1.54 Mbits/sec                  
[  5] 149.01-150.00 sec   273 KBytes  2.26 Mbits/sec                  
[  5] 150.00-151.00 sec  43.8 KBytes   359 Kbits/sec                  
[  5] 151.00-152.01 sec   146 KBytes  1.18 Mbits/sec                  
[  5] 152.01-153.00 sec  53.7 KBytes   445 Kbits/sec                  
[  5] 153.00-154.00 sec  99.0 KBytes   811 Kbits/sec                  
[  5] 154.00-155.02 sec  19.8 KBytes   159 Kbits/sec                  
[  5] 155.02-156.01 sec  0.00 Bytes  0.00 bits/sec                  
[  5] 156.01-157.01 sec   112 KBytes   918 Kbits/sec                  
[  5] 157.01-158.00 sec   167 KBytes  1.38 Mbits/sec                  
[  5] 158.00-159.00 sec  87.7 KBytes   718 Kbits/sec                  
[  5] 159.00-160.00 sec  66.5 KBytes   544 Kbits/sec                  
[  5] 160.00-161.02 sec  99.0 KBytes   798 Kbits/sec                  
[  5] 161.02-162.01 sec  90.5 KBytes   744 Kbits/sec                  
[  5] 162.01-163.01 sec  76.4 KBytes   626 Kbits/sec                  
[  5] 163.01-164.00 sec  97.6 KBytes   807 Kbits/sec                  
[  5] 164.00-165.00 sec  60.8 KBytes   498 Kbits/sec                  
[  5] 165.00-166.00 sec   112 KBytes   918 Kbits/sec                  
[  5] 166.00-167.00 sec   109 KBytes   889 Kbits/sec                  
[  5] 167.00-168.00 sec  83.4 KBytes   682 Kbits/sec                  
[  5] 168.00-169.01 sec  2.83 KBytes  23.2 Kbits/sec                  
[  5] 169.01-170.00 sec  0.00 Bytes  0.00 bits/sec                  
[  5] 170.00-171.01 sec   209 KBytes  1.71 Mbits/sec                  
[  5] 171.01-172.00 sec   218 KBytes  1.79 Mbits/sec                  
[  5] 172.00-173.00 sec   126 KBytes  1.03 Mbits/sec                  
[  5] 173.00-174.00 sec  72.1 KBytes   590 Kbits/sec                  
[  5] 174.00-175.00 sec  0.00 Bytes  0.00 bits/sec                  
[  5] 175.00-176.00 sec  65.0 KBytes   532 Kbits/sec                  
[  5] 176.00-177.01 sec   279 KBytes  2.26 Mbits/sec                  
[  5] 177.01-178.01 sec   117 KBytes   965 Kbits/sec                  
[  5] 178.01-179.01 sec   102 KBytes   834 Kbits/sec                  
[  5] 179.01-180.00 sec   136 KBytes  1.12 Mbits/sec                  
[  5] 180.00-181.04 sec   112 KBytes   881 Kbits/sec                  
[  5] 181.04-182.00 sec  96.2 KBytes   820 Kbits/sec                  
[  5] 182.00-183.01 sec   129 KBytes  1.05 Mbits/sec                  
[  5] 183.01-184.02 sec   105 KBytes   841 Kbits/sec                  
[  5] 184.02-185.00 sec   141 KBytes  1.19 Mbits/sec                  
[  5] 185.00-186.00 sec  87.7 KBytes   718 Kbits/sec                  
[  5] 186.00-187.00 sec   115 KBytes   936 Kbits/sec                  
[  5] 187.00-188.01 sec  0.00 Bytes  0.00 bits/sec                  
[  5] 188.01-189.00 sec   266 KBytes  2.21 Mbits/sec                  
[  5] 189.00-190.00 sec   232 KBytes  1.90 Mbits/sec                  
[  5] 190.00-191.00 sec   109 KBytes   890 Kbits/sec                  
[  5] 191.00-192.02 sec   168 KBytes  1.36 Mbits/sec                  
[  5] 192.02-193.00 sec   221 KBytes  1.84 Mbits/sec                  
[  5] 193.00-194.00 sec   140 KBytes  1.15 Mbits/sec                  
[  5] 194.00-195.00 sec   206 KBytes  1.69 Mbits/sec                  
[  5] 195.00-196.01 sec   181 KBytes  1.47 Mbits/sec                  
[  5] 196.01-197.00 sec   214 KBytes  1.76 Mbits/sec                  
[  5] 197.00-198.01 sec   188 KBytes  1.53 Mbits/sec                  
[  5] 198.01-199.03 sec  26.9 KBytes   216 Kbits/sec                  
[  5] 199.03-200.01 sec  0.00 Bytes  0.00 bits/sec                  
[  5] 200.01-201.00 sec   406 KBytes  3.36 Mbits/sec                  
[  5] 201.00-202.02 sec   223 KBytes  1.79 Mbits/sec                  
[  5] 202.02-203.01 sec   127 KBytes  1.06 Mbits/sec                  
[  5] 203.01-204.03 sec   163 KBytes  1.31 Mbits/sec                  
[  5] 204.03-205.01 sec  56.6 KBytes   470 Kbits/sec                  
[  5] 205.01-206.02 sec  0.00 Bytes  0.00 bits/sec                  
[  5] 206.02-207.00 sec   130 KBytes  1.08 Mbits/sec                  
[  5] 207.00-208.00 sec   321 KBytes  2.63 Mbits/sec                  
[  5] 208.00-209.00 sec   198 KBytes  1.63 Mbits/sec                  
[  5] 209.00-210.00 sec  86.3 KBytes   707 Kbits/sec                  
[  5] 210.00-211.01 sec   163 KBytes  1.32 Mbits/sec                  
[  5] 211.01-212.04 sec  89.1 KBytes   709 Kbits/sec                  
[  5] 212.04-213.00 sec   180 KBytes  1.53 Mbits/sec                  
[  5] 213.00-214.02 sec  91.9 KBytes   741 Kbits/sec                  
[  5] 214.02-215.02 sec   180 KBytes  1.47 Mbits/sec                  
[  5] 215.02-216.00 sec   171 KBytes  1.43 Mbits/sec                  
[  5] 216.00-217.01 sec   116 KBytes   940 Kbits/sec                  
[  5] 217.01-218.01 sec   150 KBytes  1.23 Mbits/sec                  
[  5] 218.01-219.00 sec  0.00 Bytes  0.00 bits/sec                  
[  5] 219.00-220.03 sec   132 KBytes  1.05 Mbits/sec                  
[  5] 220.03-221.01 sec   134 KBytes  1.12 Mbits/sec                  
[  5] 221.01-222.04 sec   399 KBytes  3.17 Mbits/sec                  
[  5] 222.04-223.01 sec   106 KBytes   898 Kbits/sec                  
[  5] 223.01-224.00 sec   143 KBytes  1.18 Mbits/sec                  
[  5] 224.00-225.00 sec  65.0 KBytes   534 Kbits/sec                  
[  5] 225.00-226.01 sec   139 KBytes  1.12 Mbits/sec                  
[  5] 226.01-227.00 sec  99.0 KBytes   819 Kbits/sec                  
[  5] 227.00-228.00 sec  35.4 KBytes   289 Kbits/sec                  
[  5] 228.00-229.00 sec  0.00 Bytes  0.00 bits/sec                  
[  5] 229.00-230.03 sec   116 KBytes   922 Kbits/sec                  
[  5] 230.03-231.00 sec   270 KBytes  2.28 Mbits/sec                  
[  5] 231.00-232.00 sec   127 KBytes  1.04 Mbits/sec                  
[  5] 232.00-233.01 sec  74.9 KBytes   607 Kbits/sec                  
[  5] 233.01-234.00 sec   127 KBytes  1.05 Mbits/sec                  
[  5] 234.00-235.00 sec  72.1 KBytes   588 Kbits/sec                  
[  5] 235.00-236.02 sec   132 KBytes  1.07 Mbits/sec                  
[  5] 236.02-237.01 sec   137 KBytes  1.13 Mbits/sec                  
[  5] 237.01-238.01 sec  76.4 KBytes   626 Kbits/sec                  
[  5] 238.01-239.00 sec   141 KBytes  1.17 Mbits/sec                  
[  5] 239.00-240.02 sec  66.5 KBytes   537 Kbits/sec                  
[  5] 240.02-241.01 sec  42.4 KBytes   349 Kbits/sec                  
[  5] 241.01-242.00 sec  0.00 Bytes  0.00 bits/sec                  
[  5] 242.00-243.01 sec   146 KBytes  1.18 Mbits/sec                  
[  5] 243.01-244.00 sec   146 KBytes  1.20 Mbits/sec                  
[  5] 244.00-245.01 sec   214 KBytes  1.73 Mbits/sec                  
[  5] 245.01-246.00 sec  0.00 Bytes  0.00 bits/sec                  
[  5] 246.00-247.00 sec   209 KBytes  1.72 Mbits/sec                  
[  5] 247.00-248.01 sec  90.5 KBytes   734 Kbits/sec                  
[  5] 248.01-249.01 sec  83.4 KBytes   684 Kbits/sec                  
[  5] 249.01-250.03 sec   113 KBytes   912 Kbits/sec                  
[  5] 250.03-251.00 sec  84.8 KBytes   715 Kbits/sec                  
[  5] 251.00-252.00 sec   127 KBytes  1.04 Mbits/sec                  
[  5] 252.00-253.00 sec  80.6 KBytes   660 Kbits/sec                  
[  5] 253.00-254.00 sec   110 KBytes   904 Kbits/sec                  
[  5] 254.00-255.00 sec   100 KBytes   822 Kbits/sec                  
[  5] 255.00-255.75 sec  84.8 KBytes   926 Kbits/sec                  
- - - - - - - - - - - - - - - - - - - - - - - - -
[ ID] Interval           Transfer     Bandwidth
[  5]   0.00-255.75 sec  0.00 Bytes  0.00 bits/sec                  sender
[  5]   0.00-255.75 sec  23.1 MBytes   759 Kbits/sec                  receiver
