Connecting to host 10.0.0.2, port 5205
[  4] local 10.0.0.1 port 46118 connected to 10.0.0.2 port 5205
[ ID] Interval           Transfer     Bandwidth       Retr  Cwnd
[  4]   0.00-1.01   sec  96.2 KBytes   783 Kbits/sec    0   28.3 KBytes       
[  4]   1.01-2.00   sec  45.2 KBytes   372 Kbits/sec    0   42.4 KBytes       
[  4]   2.00-3.00   sec  52.3 KBytes   429 Kbits/sec    0   45.2 KBytes       
[  4]   3.00-4.00   sec  49.5 KBytes   405 Kbits/sec    0   50.9 KBytes       
[  4]   4.00-5.00   sec  0.00 Bytes  0.00 bits/sec    0   63.6 KBytes       
[  4]   5.00-6.00   sec   100 KBytes   823 Kbits/sec    0   63.6 KBytes       
[  4]   6.00-7.00   sec  74.9 KBytes   613 Kbits/sec    0   94.7 KBytes       
[  4]   7.00-8.00   sec  74.9 KBytes   615 Kbits/sec    0    102 KBytes       
[  4]   8.00-9.00   sec  74.9 KBytes   614 Kbits/sec    0    102 KBytes       
[  4]   9.00-10.00  sec  0.00 Bytes  0.00 bits/sec    0    102 KBytes       
[  4]  10.00-11.00  sec  74.9 KBytes   614 Kbits/sec    0    103 KBytes       
[  4]  11.00-12.00  sec  74.9 KBytes   614 Kbits/sec    0    103 KBytes       
[  4]  12.00-13.00  sec   153 KBytes  1.25 Mbits/sec    0    103 KBytes       
[  4]  13.00-14.00  sec  74.9 KBytes   614 Kbits/sec    0    105 KBytes       
[  4]  14.00-15.00  sec   150 KBytes  1.23 Mbits/sec    0    120 KBytes       
[  4]  15.00-16.00  sec  74.9 KBytes   613 Kbits/sec    0    158 KBytes       
[  4]  16.00-17.00  sec   153 KBytes  1.25 Mbits/sec    0    177 KBytes       
[  4]  17.00-18.00  sec  74.9 KBytes   614 Kbits/sec    0    177 KBytes       
[  4]  18.00-19.00  sec   153 KBytes  1.25 Mbits/sec    0    177 KBytes       
[  4]  19.00-20.00  sec  83.4 KBytes   683 Kbits/sec    0    177 KBytes       
[  4]  20.00-21.00  sec   209 KBytes  1.71 Mbits/sec    0    177 KBytes       
[  4]  21.00-22.00  sec  74.9 KBytes   613 Kbits/sec    0    177 KBytes       
[  4]  22.00-23.00  sec  74.9 KBytes   615 Kbits/sec    0    177 KBytes       
[  4]  23.00-24.00  sec  74.9 KBytes   614 Kbits/sec    0    177 KBytes       
[  4]  24.00-25.00  sec   150 KBytes  1.23 Mbits/sec    0    177 KBytes       
[  4]  25.00-26.00  sec  74.9 KBytes   614 Kbits/sec    0    177 KBytes       
[  4]  26.00-27.01  sec   150 KBytes  1.22 Mbits/sec    0    177 KBytes       
[  4]  27.01-28.00  sec  77.8 KBytes   643 Kbits/sec    0    177 KBytes       
[  4]  28.00-29.01  sec   150 KBytes  1.22 Mbits/sec    0    177 KBytes       
[  4]  29.01-30.00  sec  77.8 KBytes   642 Kbits/sec    0    177 KBytes       
[  4]  30.00-31.00  sec   150 KBytes  1.23 Mbits/sec    0    177 KBytes       
[  4]  31.00-32.00  sec  74.9 KBytes   615 Kbits/sec    0    177 KBytes       
[  4]  32.00-33.00  sec   150 KBytes  1.23 Mbits/sec    0    177 KBytes       
[  4]  33.00-34.00  sec  74.9 KBytes   615 Kbits/sec    0    177 KBytes       
[  4]  34.00-35.00  sec   150 KBytes  1.23 Mbits/sec    0    177 KBytes       
[  4]  35.00-36.00  sec  74.9 KBytes   614 Kbits/sec    0    177 KBytes       
[  4]  36.00-37.00  sec   153 KBytes  1.25 Mbits/sec    0    177 KBytes       
[  4]  37.00-38.02  sec  74.9 KBytes   607 Kbits/sec    0    177 KBytes       
[  4]  38.02-39.00  sec   158 KBytes  1.31 Mbits/sec    0    177 KBytes       
[  4]  39.00-40.01  sec  74.9 KBytes   610 Kbits/sec    0    177 KBytes       
[  4]  40.01-41.00  sec   153 KBytes  1.26 Mbits/sec    0    177 KBytes       
[  4]  41.00-42.00  sec  74.9 KBytes   611 Kbits/sec    0    177 KBytes       
[  4]  42.00-43.00  sec   150 KBytes  1.23 Mbits/sec    0    177 KBytes       
[  4]  43.00-44.01  sec  74.9 KBytes   612 Kbits/sec    0    177 KBytes       
[  4]  44.01-45.00  sec   195 KBytes  1.60 Mbits/sec    0    177 KBytes       
[  4]  45.00-46.00  sec  83.4 KBytes   684 Kbits/sec    0    177 KBytes       
[  4]  46.00-47.00  sec   150 KBytes  1.23 Mbits/sec    0    177 KBytes       
[  4]  47.00-48.00  sec  74.9 KBytes   614 Kbits/sec    0    177 KBytes       
[  4]  48.00-49.00  sec   153 KBytes  1.25 Mbits/sec    0    177 KBytes       
[  4]  49.00-50.00  sec  74.9 KBytes   614 Kbits/sec    0    177 KBytes       
[  4]  50.00-51.00  sec   150 KBytes  1.23 Mbits/sec    0    177 KBytes       
[  4]  51.00-52.00  sec  77.8 KBytes   637 Kbits/sec    0    177 KBytes       
[  4]  52.00-53.00  sec   150 KBytes  1.23 Mbits/sec    0    177 KBytes       
[  4]  53.00-54.00  sec  77.8 KBytes   637 Kbits/sec    0    177 KBytes       
[  4]  54.00-55.00  sec   150 KBytes  1.23 Mbits/sec    0    177 KBytes       
[  4]  55.00-56.00  sec  77.8 KBytes   637 Kbits/sec    0    177 KBytes       
[  4]  56.00-57.00  sec   153 KBytes  1.25 Mbits/sec    0    177 KBytes       
[  4]  57.00-58.00  sec  74.9 KBytes   614 Kbits/sec    0    177 KBytes       
[  4]  58.00-59.00  sec   150 KBytes  1.23 Mbits/sec    0    177 KBytes       
[  4]  59.00-60.00  sec   150 KBytes  1.23 Mbits/sec    0    177 KBytes       
[  4]  60.00-61.00  sec  74.9 KBytes   614 Kbits/sec    0    177 KBytes       
[  4]  61.00-62.00  sec   150 KBytes  1.23 Mbits/sec    0    177 KBytes       
[  4]  62.00-63.00  sec  74.9 KBytes   612 Kbits/sec    0    177 KBytes       
[  4]  63.00-64.00  sec   150 KBytes  1.23 Mbits/sec    0    177 KBytes       
[  4]  64.00-65.06  sec   156 KBytes  1.21 Mbits/sec    0    177 KBytes       
[  4]  65.06-66.00  sec  80.6 KBytes   701 Kbits/sec    0    177 KBytes       
[  4]  66.00-67.00  sec  74.9 KBytes   615 Kbits/sec    0    177 KBytes       
[  4]  67.00-68.00  sec   150 KBytes  1.23 Mbits/sec    0    177 KBytes       
[  4]  68.00-69.00  sec   150 KBytes  1.23 Mbits/sec    0    177 KBytes       
[  4]  69.00-70.01  sec  74.9 KBytes   611 Kbits/sec    0    177 KBytes       
[  4]  70.01-71.00  sec   150 KBytes  1.23 Mbits/sec    0    177 KBytes       
[  4]  71.00-72.00  sec  74.9 KBytes   613 Kbits/sec    0    177 KBytes       
[  4]  72.00-73.00  sec   150 KBytes  1.23 Mbits/sec    0    177 KBytes       
[  4]  73.00-74.00  sec  74.9 KBytes   614 Kbits/sec    0    177 KBytes       
[  4]  74.00-75.00  sec   158 KBytes  1.30 Mbits/sec    0    177 KBytes       
[  4]  75.00-76.00  sec  74.9 KBytes   615 Kbits/sec    0    177 KBytes       
[  4]  76.00-77.00  sec   150 KBytes  1.23 Mbits/sec    0    177 KBytes       
[  4]  77.00-78.00  sec  74.9 KBytes   614 Kbits/sec    0    177 KBytes       
[  4]  78.00-79.00  sec   170 KBytes  1.39 Mbits/sec    0    177 KBytes       
[  4]  79.00-80.00  sec  74.9 KBytes   613 Kbits/sec    0    177 KBytes       
[  4]  80.00-81.00  sec   150 KBytes  1.23 Mbits/sec    0    177 KBytes       
[  4]  81.00-82.01  sec  74.9 KBytes   610 Kbits/sec    0    177 KBytes       
[  4]  82.01-83.00  sec   150 KBytes  1.24 Mbits/sec    0    177 KBytes       
[  4]  83.00-84.00  sec  74.9 KBytes   614 Kbits/sec    0    177 KBytes       
[  4]  84.00-85.01  sec   150 KBytes  1.22 Mbits/sec    0    177 KBytes       
[  4]  85.01-86.00  sec  74.9 KBytes   617 Kbits/sec    0    177 KBytes       
[  4]  86.00-87.00  sec  74.9 KBytes   616 Kbits/sec    0    177 KBytes       
[  4]  87.00-88.01  sec   212 KBytes  1.73 Mbits/sec    0    177 KBytes       
[  4]  88.01-89.00  sec  74.9 KBytes   618 Kbits/sec    0    177 KBytes       
[  4]  89.00-90.00  sec  77.8 KBytes   638 Kbits/sec    0    177 KBytes       
[  4]  90.00-91.00  sec  74.9 KBytes   612 Kbits/sec    0    177 KBytes       
[  4]  91.00-92.00  sec   150 KBytes  1.23 Mbits/sec    0    177 KBytes       
[  4]  92.00-93.01  sec   150 KBytes  1.22 Mbits/sec    0    177 KBytes       
[  4]  93.01-94.00  sec  77.8 KBytes   639 Kbits/sec    0    177 KBytes       
[  4]  94.00-95.00  sec   150 KBytes  1.23 Mbits/sec    0    177 KBytes       
[  4]  95.00-96.01  sec  74.9 KBytes   608 Kbits/sec    0    177 KBytes       
[  4]  96.01-97.00  sec   150 KBytes  1.24 Mbits/sec    0    177 KBytes       
[  4]  97.00-98.00  sec  74.9 KBytes   614 Kbits/sec    0    177 KBytes       
[  4]  98.00-99.00  sec   150 KBytes  1.23 Mbits/sec    0    177 KBytes       
[  4]  99.00-100.00 sec  74.9 KBytes   613 Kbits/sec    0    177 KBytes       
[  4] 100.00-101.00 sec   150 KBytes  1.23 Mbits/sec    0    177 KBytes       
[  4] 101.00-102.00 sec  74.9 KBytes   613 Kbits/sec    0    177 KBytes       
[  4] 102.00-103.00 sec   150 KBytes  1.23 Mbits/sec    0    177 KBytes       
[  4] 103.00-104.00 sec   209 KBytes  1.72 Mbits/sec    0    177 KBytes       
[  4] 104.00-105.00 sec  74.9 KBytes   613 Kbits/sec    0    177 KBytes       
[  4] 105.00-106.00 sec   153 KBytes  1.25 Mbits/sec    0    177 KBytes       
[  4] 106.00-107.00 sec  74.9 KBytes   613 Kbits/sec    0    177 KBytes       
[  4] 107.00-108.00 sec   150 KBytes  1.23 Mbits/sec    0    177 KBytes       
[  4] 108.00-109.00 sec  74.9 KBytes   614 Kbits/sec    0    177 KBytes       
[  4] 109.00-110.00 sec   156 KBytes  1.27 Mbits/sec    0    177 KBytes       
[  4] 110.00-111.02 sec  74.9 KBytes   606 Kbits/sec    0    177 KBytes       
[  4] 111.02-112.00 sec  77.8 KBytes   646 Kbits/sec    0    177 KBytes       
[  4] 112.00-113.00 sec   150 KBytes  1.23 Mbits/sec    0    177 KBytes       
[  4] 113.00-114.01 sec  74.9 KBytes   609 Kbits/sec    0    177 KBytes       
[  4] 114.01-115.00 sec   153 KBytes  1.26 Mbits/sec    0    177 KBytes       
[  4] 115.00-116.00 sec   150 KBytes  1.23 Mbits/sec    0    177 KBytes       
[  4] 116.00-117.00 sec  74.9 KBytes   614 Kbits/sec    0    177 KBytes       
[  4] 117.00-118.01 sec   181 KBytes  1.47 Mbits/sec    0    177 KBytes       
[  4] 118.01-119.02 sec  74.9 KBytes   609 Kbits/sec    0    177 KBytes       
[  4] 119.02-120.00 sec   150 KBytes  1.25 Mbits/sec    0    177 KBytes       
[  4] 120.00-121.00 sec  74.9 KBytes   616 Kbits/sec    0    177 KBytes       
[  4] 121.00-122.01 sec   150 KBytes  1.22 Mbits/sec    0    177 KBytes       
[  4] 122.01-123.00 sec  74.9 KBytes   616 Kbits/sec    0    177 KBytes       
[  4] 123.00-124.00 sec   150 KBytes  1.23 Mbits/sec    0    177 KBytes       
[  4] 124.00-125.01 sec  74.9 KBytes   606 Kbits/sec    0    177 KBytes       
[  4] 125.01-126.01 sec   150 KBytes  1.23 Mbits/sec    0    177 KBytes       
[  4] 126.01-127.00 sec  74.9 KBytes   620 Kbits/sec    0    177 KBytes       
[  4] 127.00-128.00 sec   150 KBytes  1.23 Mbits/sec    0    177 KBytes       
[  4] 128.00-129.00 sec   150 KBytes  1.23 Mbits/sec    0    177 KBytes       
[  4] 129.00-130.00 sec  74.9 KBytes   613 Kbits/sec    0    177 KBytes       
[  4] 130.00-131.00 sec   150 KBytes  1.23 Mbits/sec    0    177 KBytes       
[  4] 131.00-132.01 sec  74.9 KBytes   606 Kbits/sec    0    177 KBytes       
[  4] 132.01-133.00 sec   150 KBytes  1.24 Mbits/sec    0    177 KBytes       
[  4] 133.00-134.00 sec  74.9 KBytes   615 Kbits/sec    0    177 KBytes       
[  4] 134.00-135.00 sec   150 KBytes  1.23 Mbits/sec    0    177 KBytes       
[  4] 135.00-136.01 sec  74.9 KBytes   607 Kbits/sec    0    177 KBytes       
[  4] 136.01-137.00 sec   153 KBytes  1.27 Mbits/sec    0    177 KBytes       
[  4] 137.00-138.00 sec  74.9 KBytes   613 Kbits/sec    0    177 KBytes       
[  4] 138.00-139.02 sec   153 KBytes  1.23 Mbits/sec    0    177 KBytes       
[  4] 139.02-140.00 sec  74.9 KBytes   624 Kbits/sec    0    177 KBytes       
[  4] 140.00-141.00 sec   150 KBytes  1.23 Mbits/sec    0    177 KBytes       
[  4] 141.00-142.00 sec  74.9 KBytes   616 Kbits/sec    0    177 KBytes       
[  4] 142.00-143.00 sec   153 KBytes  1.25 Mbits/sec    0    177 KBytes       
[  4] 143.00-144.00 sec  74.9 KBytes   613 Kbits/sec    0    177 KBytes       
[  4] 144.00-145.00 sec   150 KBytes  1.23 Mbits/sec    0    177 KBytes       
[  4] 145.00-146.03 sec   150 KBytes  1.20 Mbits/sec    0    177 KBytes       
[  4] 146.03-147.02 sec  74.9 KBytes   621 Kbits/sec    0    177 KBytes       
[  4] 147.02-148.00 sec   150 KBytes  1.25 Mbits/sec    0    177 KBytes       
[  4] 148.00-149.00 sec  77.8 KBytes   637 Kbits/sec    0    177 KBytes       
[  4] 149.00-150.00 sec   153 KBytes  1.25 Mbits/sec    0    177 KBytes       
[  4] 150.00-151.00 sec  74.9 KBytes   614 Kbits/sec    0    177 KBytes       
[  4] 151.00-152.00 sec   150 KBytes  1.23 Mbits/sec    0    177 KBytes       
[  4] 152.00-153.00 sec   150 KBytes  1.23 Mbits/sec    0    177 KBytes       
[  4] 153.00-154.00 sec  77.8 KBytes   637 Kbits/sec    0    177 KBytes       
[  4] 154.00-155.00 sec   150 KBytes  1.23 Mbits/sec    0    177 KBytes       
[  4] 155.00-156.00 sec  74.9 KBytes   614 Kbits/sec    0    177 KBytes       
[  4] 156.00-157.04 sec   150 KBytes  1.18 Mbits/sec    0    177 KBytes       
[  4] 157.04-158.00 sec  74.9 KBytes   642 Kbits/sec    0    177 KBytes       
[  4] 158.00-159.01 sec   153 KBytes  1.24 Mbits/sec    0    177 KBytes       
[  4] 159.01-160.00 sec  74.9 KBytes   619 Kbits/sec    0    177 KBytes       
[  4] 160.00-161.00 sec   150 KBytes  1.23 Mbits/sec    0    177 KBytes       
[  4] 161.00-162.00 sec  74.9 KBytes   614 Kbits/sec    0    177 KBytes       
[  4] 162.00-163.00 sec   178 KBytes  1.46 Mbits/sec    0    177 KBytes       
[  4] 163.00-164.01 sec  74.9 KBytes   609 Kbits/sec    0    177 KBytes       
[  4] 164.01-165.00 sec   156 KBytes  1.28 Mbits/sec    0    177 KBytes       
[  4] 165.00-166.00 sec  74.9 KBytes   614 Kbits/sec    0    177 KBytes       
[  4] 166.00-167.00 sec   150 KBytes  1.23 Mbits/sec    0    177 KBytes       
[  4] 167.00-168.01 sec  74.9 KBytes   606 Kbits/sec    0    177 KBytes       
[  4] 168.01-169.00 sec   153 KBytes  1.27 Mbits/sec    0    177 KBytes       
[  4] 169.00-170.01 sec  74.9 KBytes   608 Kbits/sec    0    177 KBytes       
[  4] 170.01-171.00 sec   150 KBytes  1.24 Mbits/sec    0    177 KBytes       
[  4] 171.00-172.00 sec   153 KBytes  1.25 Mbits/sec    0    177 KBytes       
[  4] 172.00-173.00 sec  74.9 KBytes   615 Kbits/sec    0    177 KBytes       
[  4] 173.00-174.00 sec   153 KBytes  1.25 Mbits/sec    0    177 KBytes       
[  4] 174.00-175.01 sec  74.9 KBytes   608 Kbits/sec    0    177 KBytes       
[  4] 175.01-176.00 sec   150 KBytes  1.24 Mbits/sec    0    177 KBytes       
[  4] 176.00-177.00 sec  74.9 KBytes   613 Kbits/sec    0    177 KBytes       
[  4] 177.00-178.00 sec   150 KBytes  1.23 Mbits/sec    0    177 KBytes       
[  4] 178.00-179.00 sec  74.9 KBytes   614 Kbits/sec    0    177 KBytes       
[  4] 179.00-180.01 sec   150 KBytes  1.21 Mbits/sec    0    177 KBytes       
[  4] 180.01-181.01 sec  74.9 KBytes   614 Kbits/sec    0    177 KBytes       
[  4] 181.01-182.00 sec   150 KBytes  1.24 Mbits/sec    0    177 KBytes       
[  4] 182.00-183.02 sec  74.9 KBytes   605 Kbits/sec    0    177 KBytes       
[  4] 183.02-184.00 sec   150 KBytes  1.25 Mbits/sec    0    177 KBytes       
[  4] 184.00-185.01 sec  74.9 KBytes   609 Kbits/sec    0    177 KBytes       
[  4] 185.01-186.00 sec   150 KBytes  1.24 Mbits/sec    0    177 KBytes       
[  4] 186.00-187.00 sec  74.9 KBytes   615 Kbits/sec    0    177 KBytes       
[  4] 187.00-188.00 sec   150 KBytes  1.23 Mbits/sec    0    177 KBytes       
[  4] 188.00-189.00 sec  74.9 KBytes   614 Kbits/sec    0    177 KBytes       
[  4] 189.00-190.00 sec   150 KBytes  1.22 Mbits/sec    0    177 KBytes       
[  4] 190.00-191.01 sec   201 KBytes  1.63 Mbits/sec    0    177 KBytes       
[  4] 191.01-192.00 sec  74.9 KBytes   619 Kbits/sec    0    177 KBytes       
[  4] 192.00-193.00 sec  77.8 KBytes   637 Kbits/sec    0    177 KBytes       
[  4] 193.00-194.00 sec   150 KBytes  1.23 Mbits/sec    0    177 KBytes       
[  4] 194.00-195.03 sec  74.9 KBytes   598 Kbits/sec    0    177 KBytes       
[  4] 195.03-196.00 sec   150 KBytes  1.26 Mbits/sec    0    177 KBytes       
[  4] 196.00-197.00 sec  74.9 KBytes   614 Kbits/sec    0    177 KBytes       
[  4] 197.00-198.00 sec   150 KBytes  1.23 Mbits/sec    0    177 KBytes       
[  4] 198.00-199.03 sec  74.9 KBytes   597 Kbits/sec    0    177 KBytes       
[  4] 199.03-200.00 sec  74.9 KBytes   632 Kbits/sec    0    177 KBytes       
[  4] 200.00-201.01 sec   156 KBytes  1.26 Mbits/sec    0    177 KBytes       
[  4] 201.01-202.00 sec  74.9 KBytes   619 Kbits/sec    0    177 KBytes       
[  4] 202.00-203.00 sec   153 KBytes  1.25 Mbits/sec    0    177 KBytes       
[  4] 203.00-204.00 sec  74.9 KBytes   616 Kbits/sec    0    177 KBytes       
[  4] 204.00-205.01 sec   150 KBytes  1.22 Mbits/sec    0    177 KBytes       
[  4] 205.01-206.00 sec  74.9 KBytes   617 Kbits/sec    0    177 KBytes       
[  4] 206.00-207.00 sec   150 KBytes  1.23 Mbits/sec    0    177 KBytes       
[  4] 207.00-208.00 sec  74.9 KBytes   613 Kbits/sec    0    177 KBytes       
[  4] 208.00-209.00 sec   150 KBytes  1.23 Mbits/sec    0    177 KBytes       
[  4] 209.00-210.00 sec  80.6 KBytes   659 Kbits/sec    0    177 KBytes       
[  4] 210.00-211.01 sec   150 KBytes  1.22 Mbits/sec    0    177 KBytes       
[  4] 211.01-212.01 sec  74.9 KBytes   615 Kbits/sec    0    177 KBytes       
[  4] 212.01-213.00 sec   150 KBytes  1.24 Mbits/sec    0    177 KBytes       
[  4] 213.00-214.00 sec   150 KBytes  1.23 Mbits/sec    0    177 KBytes       
[  4] 214.00-215.00 sec  77.8 KBytes   637 Kbits/sec    0    177 KBytes       
[  4] 215.00-216.02 sec   150 KBytes  1.21 Mbits/sec    0    177 KBytes       
[  4] 216.02-217.00 sec  74.9 KBytes   621 Kbits/sec    0    177 KBytes       
[  4] 217.00-218.00 sec   156 KBytes  1.28 Mbits/sec    0    177 KBytes       
[  4] 218.00-219.01 sec  74.9 KBytes   610 Kbits/sec    0    177 KBytes       
[  4] 219.01-220.00 sec   150 KBytes  1.23 Mbits/sec    0    177 KBytes       
[  4] 220.00-221.00 sec  74.9 KBytes   615 Kbits/sec    0    177 KBytes       
[  4] 221.00-222.00 sec   150 KBytes  1.23 Mbits/sec    0    177 KBytes       
[  4] 222.00-223.00 sec  74.9 KBytes   614 Kbits/sec    0    177 KBytes       
[  4] 223.00-224.01 sec   164 KBytes  1.33 Mbits/sec    0    177 KBytes       
[  4] 224.01-225.00 sec  74.9 KBytes   622 Kbits/sec    0    177 KBytes       
[  4] 225.00-226.00 sec   150 KBytes  1.23 Mbits/sec    0    177 KBytes       
[  4] 226.00-227.00 sec  74.9 KBytes   614 Kbits/sec    0    177 KBytes       
[  4] 227.00-228.00 sec   153 KBytes  1.25 Mbits/sec    0    177 KBytes       
[  4] 228.00-229.01 sec  74.9 KBytes   611 Kbits/sec    0    177 KBytes       
[  4] 229.01-230.01 sec   150 KBytes  1.23 Mbits/sec    0    177 KBytes       
[  4] 230.01-231.00 sec  74.9 KBytes   618 Kbits/sec    0    177 KBytes       
[  4] 231.00-232.00 sec   150 KBytes  1.23 Mbits/sec    0    177 KBytes       
[  4] 232.00-233.00 sec   150 KBytes  1.23 Mbits/sec    0    177 KBytes       
[  4] 233.00-234.00 sec  74.9 KBytes   612 Kbits/sec    0    177 KBytes       
[  4] 234.00-235.01 sec   156 KBytes  1.27 Mbits/sec    0    177 KBytes       
[  4] 235.01-236.00 sec   150 KBytes  1.23 Mbits/sec    0    177 KBytes       
[  4] 236.00-237.00 sec   150 KBytes  1.23 Mbits/sec    0    177 KBytes       
[  4] 237.00-238.00 sec  74.9 KBytes   615 Kbits/sec    0    177 KBytes       
[  4] 238.00-239.00 sec   150 KBytes  1.22 Mbits/sec    0    177 KBytes       
[  4] 239.00-240.00 sec   150 KBytes  1.23 Mbits/sec    0    177 KBytes       
[  4] 240.00-241.00 sec   150 KBytes  1.23 Mbits/sec    0    177 KBytes       
[  4] 241.00-242.01 sec  74.9 KBytes   608 Kbits/sec    0    177 KBytes       
[  4] 242.01-243.00 sec  74.9 KBytes   620 Kbits/sec    0    177 KBytes       
[  4] 243.00-244.00 sec  74.9 KBytes   612 Kbits/sec    1    177 KBytes       
[  4] 244.00-245.00 sec  74.9 KBytes   614 Kbits/sec    0    177 KBytes       
[  4] 245.00-246.04 sec   153 KBytes  1.21 Mbits/sec    0    177 KBytes       
[  4] 246.04-247.00 sec  74.9 KBytes   638 Kbits/sec    0    177 KBytes       
[  4] 247.00-248.00 sec  74.9 KBytes   613 Kbits/sec    0    177 KBytes       
[  4] 248.00-249.03 sec  74.9 KBytes   597 Kbits/sec    0    177 KBytes       
[  4] 249.03-250.00 sec  74.9 KBytes   632 Kbits/sec    0    177 KBytes       
[  4] 250.00-251.00 sec   150 KBytes  1.23 Mbits/sec    0    177 KBytes       
[  4] 251.00-252.00 sec   150 KBytes  1.23 Mbits/sec    0    177 KBytes       
[  4] 252.00-253.00 sec  74.9 KBytes   615 Kbits/sec    0    177 KBytes       
[  4] 253.00-254.01 sec   150 KBytes  1.21 Mbits/sec    0    177 KBytes       
[  4] 254.01-255.00 sec   153 KBytes  1.26 Mbits/sec    0    177 KBytes       
[  4] 255.00-256.02 sec  74.9 KBytes   601 Kbits/sec    0    177 KBytes       
[  4] 256.02-257.01 sec   150 KBytes  1.25 Mbits/sec    0    177 KBytes       
[  4] 257.01-258.01 sec   150 KBytes  1.23 Mbits/sec    0    177 KBytes       
[  4] 258.01-259.02 sec   158 KBytes  1.29 Mbits/sec    0    177 KBytes       
[  4] 259.02-260.00 sec  74.9 KBytes   622 Kbits/sec    0    177 KBytes       
[  4] 260.00-261.00 sec   150 KBytes  1.23 Mbits/sec    0    177 KBytes       
[  4] 261.00-262.01 sec   150 KBytes  1.22 Mbits/sec    0    177 KBytes       
[  4] 262.01-263.00 sec   150 KBytes  1.24 Mbits/sec    0    177 KBytes       
[  4] 263.00-264.00 sec  74.9 KBytes   613 Kbits/sec    0    177 KBytes       
[  4] 264.00-265.00 sec   150 KBytes  1.23 Mbits/sec    0    177 KBytes       
[  4] 265.00-266.00 sec   150 KBytes  1.23 Mbits/sec    0    177 KBytes       
[  4] 266.00-267.02 sec  74.9 KBytes   603 Kbits/sec    0    177 KBytes       
[  4] 267.02-268.00 sec   150 KBytes  1.25 Mbits/sec    0    177 KBytes       
[  4] 268.00-269.00 sec   150 KBytes  1.23 Mbits/sec    0    177 KBytes       
[  4] 269.00-270.00 sec   214 KBytes  1.75 Mbits/sec    0    177 KBytes       
[  4] 270.00-271.01 sec  77.8 KBytes   631 Kbits/sec    0    177 KBytes       
[  4] 271.01-272.01 sec   150 KBytes  1.23 Mbits/sec    0    177 KBytes       
[  4] 272.01-273.00 sec   153 KBytes  1.26 Mbits/sec    0    177 KBytes       
[  4] 273.00-274.00 sec  74.9 KBytes   615 Kbits/sec    0    177 KBytes       
[  4] 274.00-275.01 sec   150 KBytes  1.22 Mbits/sec    0    177 KBytes       
[  4] 275.01-276.00 sec   153 KBytes  1.26 Mbits/sec    0    177 KBytes       
[  4] 276.00-277.00 sec   153 KBytes  1.25 Mbits/sec    0    177 KBytes       
[  4] 277.00-278.00 sec  74.9 KBytes   614 Kbits/sec    0    177 KBytes       
[  4] 278.00-279.01 sec   153 KBytes  1.24 Mbits/sec    0    177 KBytes       
[  4] 279.01-280.00 sec   153 KBytes  1.26 Mbits/sec    0    177 KBytes       
[  4] 280.00-281.01 sec  74.9 KBytes   611 Kbits/sec    0    177 KBytes       
[  4] 281.01-282.02 sec   150 KBytes  1.22 Mbits/sec    0    177 KBytes       
[  4] 282.02-283.00 sec   156 KBytes  1.29 Mbits/sec    0    177 KBytes       
[  4] 283.00-284.00 sec  74.9 KBytes   616 Kbits/sec    0    177 KBytes       
[  4] 284.00-285.00 sec   153 KBytes  1.25 Mbits/sec    0    177 KBytes       
[  4] 285.00-286.00 sec   153 KBytes  1.25 Mbits/sec    0    177 KBytes       
[  4] 286.00-287.02 sec  74.9 KBytes   606 Kbits/sec    0    177 KBytes       
[  4] 287.02-288.00 sec   150 KBytes  1.24 Mbits/sec    0    177 KBytes       
[  4] 288.00-289.00 sec   153 KBytes  1.25 Mbits/sec    0    177 KBytes       
[  4] 289.00-290.00 sec   153 KBytes  1.25 Mbits/sec    0    177 KBytes       
[  4] 290.00-291.00 sec  74.9 KBytes   613 Kbits/sec    0    177 KBytes       
[  4] 291.00-292.00 sec   150 KBytes  1.23 Mbits/sec    0    177 KBytes       
[  4] 292.00-293.01 sec   153 KBytes  1.24 Mbits/sec    0    177 KBytes       
[  4] 293.01-294.01 sec   150 KBytes  1.22 Mbits/sec    0    177 KBytes       
[  4] 294.01-295.00 sec  74.9 KBytes   620 Kbits/sec    0    177 KBytes       
[  4] 295.00-296.00 sec   150 KBytes  1.23 Mbits/sec    0    177 KBytes       
[  4] 296.00-297.00 sec   150 KBytes  1.23 Mbits/sec    0    177 KBytes       
[  4] 297.00-298.00 sec  74.9 KBytes   612 Kbits/sec    0    177 KBytes       
[  4] 298.00-299.00 sec   150 KBytes  1.23 Mbits/sec    0    177 KBytes       
[  4] 299.00-300.00 sec   150 KBytes  1.23 Mbits/sec    0    177 KBytes       
[  4] 300.00-301.01 sec  74.9 KBytes   609 Kbits/sec    0    177 KBytes       
[  4] 301.01-302.00 sec   150 KBytes  1.24 Mbits/sec    0    177 KBytes       
[  4] 302.00-303.00 sec   150 KBytes  1.23 Mbits/sec    0    177 KBytes       
[  4] 303.00-304.00 sec  74.9 KBytes   614 Kbits/sec    0    177 KBytes       
[  4] 304.00-305.00 sec   150 KBytes  1.22 Mbits/sec    0    177 KBytes       
[  4] 305.00-306.00 sec   150 KBytes  1.23 Mbits/sec    0    177 KBytes       
[  4] 306.00-307.00 sec  74.9 KBytes   614 Kbits/sec    0    177 KBytes       
[  4] 307.00-308.00 sec   150 KBytes  1.23 Mbits/sec    0    177 KBytes       
[  4] 308.00-309.00 sec   158 KBytes  1.29 Mbits/sec    0    177 KBytes       
[  4] 309.00-310.00 sec  74.9 KBytes   615 Kbits/sec    0    177 KBytes       
[  4] 310.00-311.00 sec   150 KBytes  1.23 Mbits/sec    0    177 KBytes       
[  4] 311.00-312.00 sec   206 KBytes  1.69 Mbits/sec    0    177 KBytes       
[  4] 312.00-313.00 sec  83.4 KBytes   684 Kbits/sec    0    177 KBytes       
[  4] 313.00-314.00 sec   150 KBytes  1.23 Mbits/sec    0    177 KBytes       
[  4] 314.00-315.00 sec   153 KBytes  1.25 Mbits/sec    0    177 KBytes       
[  4] 315.00-316.02 sec   153 KBytes  1.22 Mbits/sec    0    177 KBytes       
[  4] 316.02-317.00 sec  74.9 KBytes   629 Kbits/sec    0    177 KBytes       
[  4] 317.00-318.00 sec   150 KBytes  1.23 Mbits/sec    0    177 KBytes       
[  4] 318.00-319.01 sec   150 KBytes  1.22 Mbits/sec    0    177 KBytes       
[  4] 319.01-320.00 sec   212 KBytes  1.75 Mbits/sec    0    177 KBytes       
[  4] 320.00-321.01 sec  74.9 KBytes   610 Kbits/sec    0    177 KBytes       
[  4] 321.01-322.00 sec   150 KBytes  1.24 Mbits/sec    0    177 KBytes       
[  4] 322.00-323.01 sec   150 KBytes  1.21 Mbits/sec    0    177 KBytes       
[  4] 323.01-324.01 sec  74.9 KBytes   617 Kbits/sec    0    177 KBytes       
[  4] 324.01-325.00 sec   150 KBytes  1.24 Mbits/sec    0    177 KBytes       
[  4] 325.00-326.01 sec   150 KBytes  1.22 Mbits/sec    0    177 KBytes       
[  4] 326.01-327.00 sec  74.9 KBytes   618 Kbits/sec    0    177 KBytes       
[  4] 327.00-328.01 sec   150 KBytes  1.22 Mbits/sec    0    177 KBytes       
[  4] 328.01-329.00 sec   153 KBytes  1.26 Mbits/sec    0    177 KBytes       
[  4] 329.00-330.00 sec  74.9 KBytes   614 Kbits/sec    0    177 KBytes       
[  4] 330.00-331.00 sec   150 KBytes  1.23 Mbits/sec    0    177 KBytes       
[  4] 331.00-332.00 sec   150 KBytes  1.23 Mbits/sec    0    177 KBytes       
[  4] 332.00-333.00 sec   150 KBytes  1.23 Mbits/sec    0    177 KBytes       
[  4] 333.00-334.00 sec  74.9 KBytes   614 Kbits/sec    0    177 KBytes       
[  4] 334.00-335.00 sec   150 KBytes  1.23 Mbits/sec    0    177 KBytes       
[  4] 335.00-336.00 sec   150 KBytes  1.23 Mbits/sec    0    177 KBytes       
[  4] 336.00-337.00 sec   150 KBytes  1.23 Mbits/sec    0    177 KBytes       
[  4] 337.00-338.01 sec  74.9 KBytes   605 Kbits/sec    0    177 KBytes       
[  4] 338.01-339.00 sec   150 KBytes  1.24 Mbits/sec    0    177 KBytes       
[  4] 339.00-340.00 sec   153 KBytes  1.25 Mbits/sec    0    177 KBytes       
[  4] 340.00-341.02 sec  74.9 KBytes   606 Kbits/sec    0    177 KBytes       
[  4] 341.02-342.00 sec   150 KBytes  1.25 Mbits/sec    0    177 KBytes       
[  4] 342.00-343.03 sec   150 KBytes  1.20 Mbits/sec    0    177 KBytes       
[  4] 343.03-344.00 sec  74.9 KBytes   630 Kbits/sec    0    177 KBytes       
[  4] 344.00-345.00 sec   150 KBytes  1.22 Mbits/sec    0    177 KBytes       
[  4] 345.00-346.00 sec   150 KBytes  1.23 Mbits/sec    0    177 KBytes       
[  4] 346.00-347.00 sec  74.9 KBytes   614 Kbits/sec    0    177 KBytes       
[  4] 347.00-348.00 sec   150 KBytes  1.23 Mbits/sec    0    177 KBytes       
[  4] 348.00-349.00 sec   150 KBytes  1.23 Mbits/sec    0    177 KBytes       
[  4] 349.00-350.00 sec   150 KBytes  1.23 Mbits/sec    0    177 KBytes       
[  4] 350.00-351.00 sec   150 KBytes  1.23 Mbits/sec    0    177 KBytes       
[  4] 351.00-352.02 sec  77.8 KBytes   622 Kbits/sec    0    177 KBytes       
[  4] 352.02-353.02 sec   153 KBytes  1.26 Mbits/sec    0    177 KBytes       
[  4] 353.02-354.02 sec   150 KBytes  1.23 Mbits/sec    0    177 KBytes       
[  4] 354.02-355.00 sec  74.9 KBytes   623 Kbits/sec    0    177 KBytes       
[  4] 355.00-356.01 sec   150 KBytes  1.21 Mbits/sec    0    177 KBytes       
[  4] 356.01-357.00 sec   150 KBytes  1.24 Mbits/sec    0    177 KBytes       
[  4] 357.00-358.00 sec   150 KBytes  1.23 Mbits/sec    0    177 KBytes       
[  4] 358.00-359.00 sec  74.9 KBytes   614 Kbits/sec    0    177 KBytes       
[  4] 359.00-360.00 sec   150 KBytes  1.23 Mbits/sec    0    177 KBytes       
[  4] 360.00-361.00 sec   150 KBytes  1.23 Mbits/sec    0    177 KBytes       
[  4] 361.00-362.00 sec   150 KBytes  1.23 Mbits/sec    0    177 KBytes       
[  4] 362.00-363.01 sec  74.9 KBytes   606 Kbits/sec    0    177 KBytes       
[  4] 363.01-364.00 sec   150 KBytes  1.24 Mbits/sec    0    177 KBytes       
[  4] 364.00-365.02 sec   150 KBytes  1.21 Mbits/sec    0    177 KBytes       
[  4] 365.02-366.00 sec   150 KBytes  1.25 Mbits/sec    0    177 KBytes       
[  4] 366.00-367.00 sec  74.9 KBytes   614 Kbits/sec    0    177 KBytes       
[  4] 367.00-368.00 sec   153 KBytes  1.25 Mbits/sec    0    177 KBytes       
[  4] 368.00-369.00 sec   153 KBytes  1.25 Mbits/sec    0    177 KBytes       
[  4] 369.00-370.00 sec   150 KBytes  1.23 Mbits/sec    0    177 KBytes       
[  4] 370.00-371.00 sec  74.9 KBytes   614 Kbits/sec    0    177 KBytes       
[  4] 371.00-372.00 sec   150 KBytes  1.22 Mbits/sec    0    177 KBytes       
[  4] 372.00-373.01 sec   153 KBytes  1.25 Mbits/sec    0    177 KBytes       
[  4] 373.01-374.02 sec   153 KBytes  1.23 Mbits/sec    0    177 KBytes       
[  4] 374.02-375.00 sec  74.9 KBytes   628 Kbits/sec    0    177 KBytes       
[  4] 375.00-376.00 sec   150 KBytes  1.23 Mbits/sec    0    177 KBytes       
[  4] 376.00-377.00 sec   150 KBytes  1.23 Mbits/sec    0    177 KBytes       
[  4] 377.00-378.01 sec  74.9 KBytes   610 Kbits/sec    0    177 KBytes       
[  4] 378.01-379.02 sec   150 KBytes  1.22 Mbits/sec    0    177 KBytes       
[  4] 379.02-380.00 sec   150 KBytes  1.25 Mbits/sec    0    177 KBytes       
[  4] 380.00-381.00 sec   150 KBytes  1.23 Mbits/sec    0    177 KBytes       
[  4] 381.00-382.00 sec  77.8 KBytes   636 Kbits/sec    0    177 KBytes       
[  4] 382.00-383.00 sec   150 KBytes  1.23 Mbits/sec    0    177 KBytes       
[  4] 383.00-384.00 sec   150 KBytes  1.23 Mbits/sec    0    177 KBytes       
[  4] 384.00-385.00 sec  74.9 KBytes   614 Kbits/sec    0    177 KBytes       
[  4] 385.00-386.00 sec   150 KBytes  1.23 Mbits/sec    0    177 KBytes       
[  4] 386.00-387.00 sec   150 KBytes  1.23 Mbits/sec    0    177 KBytes       
[  4] 387.00-388.00 sec   150 KBytes  1.23 Mbits/sec    0    177 KBytes       
[  4] 388.00-389.00 sec  74.9 KBytes   614 Kbits/sec    0    177 KBytes       
[  4] 389.00-390.04 sec   150 KBytes  1.18 Mbits/sec    0    177 KBytes       
[  4] 390.04-391.02 sec   153 KBytes  1.28 Mbits/sec    0    177 KBytes       
[  4] 391.02-392.01 sec   156 KBytes  1.29 Mbits/sec    0    177 KBytes       
[  4] 392.01-393.03 sec  77.8 KBytes   628 Kbits/sec    1    177 KBytes       
[  4] 393.03-394.00 sec  74.9 KBytes   629 Kbits/sec    0    177 KBytes       
[  4] 394.00-395.00 sec   150 KBytes  1.22 Mbits/sec    0    177 KBytes       
[  4] 395.00-396.00 sec   150 KBytes  1.23 Mbits/sec    0    177 KBytes       
[  4] 396.00-397.00 sec   150 KBytes  1.23 Mbits/sec    0    177 KBytes       
[  4] 397.00-398.00 sec  74.9 KBytes   613 Kbits/sec    0    177 KBytes       
[  4] 398.00-399.00 sec   153 KBytes  1.25 Mbits/sec    0    177 KBytes       
[  4] 399.00-400.01 sec   153 KBytes  1.24 Mbits/sec    0    177 KBytes       
[  4] 400.01-401.00 sec  74.9 KBytes   618 Kbits/sec    0    177 KBytes       
[  4] 401.00-402.00 sec   150 KBytes  1.22 Mbits/sec    0    177 KBytes       
[  4] 402.00-403.02 sec   156 KBytes  1.26 Mbits/sec    0    177 KBytes       
[  4] 403.02-404.00 sec   150 KBytes  1.25 Mbits/sec    0    177 KBytes       
[  4] 404.00-405.00 sec  74.9 KBytes   612 Kbits/sec    0    177 KBytes       
[  4] 405.00-406.00 sec   150 KBytes  1.23 Mbits/sec    0    177 KBytes       
[  4] 406.00-407.00 sec   150 KBytes  1.23 Mbits/sec    0    177 KBytes       
[  4] 407.00-408.02 sec  74.9 KBytes   600 Kbits/sec    0    177 KBytes       
[  4] 408.02-409.00 sec   150 KBytes  1.25 Mbits/sec    0    177 KBytes       
[  4] 409.00-410.00 sec   150 KBytes  1.23 Mbits/sec    0    177 KBytes       
[  4] 410.00-411.00 sec  74.9 KBytes   611 Kbits/sec    0    177 KBytes       
[  4] 411.00-412.00 sec   150 KBytes  1.23 Mbits/sec    0    177 KBytes       
[  4] 412.00-413.00 sec   156 KBytes  1.27 Mbits/sec    0    177 KBytes       
[  4] 413.00-414.00 sec  74.9 KBytes   614 Kbits/sec    0    177 KBytes       
[  4] 414.00-415.00 sec   150 KBytes  1.23 Mbits/sec    0    177 KBytes       
[  4] 415.00-416.00 sec   150 KBytes  1.23 Mbits/sec    0    177 KBytes       
[  4] 416.00-417.00 sec   150 KBytes  1.23 Mbits/sec    0    177 KBytes       
[  4] 417.00-418.00 sec  74.9 KBytes   614 Kbits/sec    0    177 KBytes       
[  4] 418.00-419.00 sec   150 KBytes  1.23 Mbits/sec    0    177 KBytes       
[  4] 419.00-420.00 sec   161 KBytes  1.32 Mbits/sec    0    177 KBytes       
[  4] 420.00-421.00 sec   150 KBytes  1.23 Mbits/sec    0    177 KBytes       
[  4] 421.00-422.00 sec  80.6 KBytes   660 Kbits/sec    0    177 KBytes       
[  4] 422.00-423.00 sec   150 KBytes  1.23 Mbits/sec    0    177 KBytes       
[  4] 423.00-424.00 sec   150 KBytes  1.23 Mbits/sec    0    177 KBytes       
[  4] 424.00-425.00 sec  74.9 KBytes   615 Kbits/sec    0    177 KBytes       
[  4] 425.00-426.00 sec   150 KBytes  1.23 Mbits/sec    0    177 KBytes       
[  4] 426.00-427.00 sec   150 KBytes  1.22 Mbits/sec    0    177 KBytes       
[  4] 427.00-428.00 sec   150 KBytes  1.23 Mbits/sec    0    177 KBytes       
[  4] 428.00-429.00 sec  74.9 KBytes   615 Kbits/sec    0    177 KBytes       
[  4] 429.00-430.00 sec   150 KBytes  1.23 Mbits/sec    0    177 KBytes       
[  4] 430.00-431.00 sec  74.9 KBytes   613 Kbits/sec    0    177 KBytes       
[  4] 431.00-432.01 sec   150 KBytes  1.21 Mbits/sec    0    177 KBytes       
[  4] 432.01-433.00 sec   158 KBytes  1.31 Mbits/sec    0    177 KBytes       
[  4] 433.00-434.01 sec   153 KBytes  1.25 Mbits/sec    0    177 KBytes       
[  4] 434.01-435.00 sec   150 KBytes  1.24 Mbits/sec    0    177 KBytes       
[  4] 435.00-436.00 sec   150 KBytes  1.23 Mbits/sec    0    177 KBytes       
[  4] 436.00-437.00 sec   150 KBytes  1.23 Mbits/sec    0    177 KBytes       
[  4] 437.00-438.01 sec   150 KBytes  1.22 Mbits/sec    0    177 KBytes       
[  4] 438.01-439.00 sec   153 KBytes  1.25 Mbits/sec    0    177 KBytes       
[  4] 439.00-440.00 sec   150 KBytes  1.23 Mbits/sec    0    177 KBytes       
[  4] 440.00-441.00 sec   153 KBytes  1.25 Mbits/sec    0    177 KBytes       
[  4] 441.00-442.00 sec   150 KBytes  1.23 Mbits/sec    0    177 KBytes       
[  4] 442.00-443.00 sec   150 KBytes  1.23 Mbits/sec    0    177 KBytes       
[  4] 443.00-444.00 sec   150 KBytes  1.23 Mbits/sec    0    177 KBytes       
[  4] 444.00-445.00 sec   150 KBytes  1.23 Mbits/sec    0    177 KBytes       
[  4] 445.00-446.00 sec   150 KBytes  1.23 Mbits/sec    0    177 KBytes       
[  4] 446.00-447.00 sec   150 KBytes  1.23 Mbits/sec    0    177 KBytes       
[  4] 447.00-448.01 sec   150 KBytes  1.22 Mbits/sec    0    177 KBytes       
[  4] 448.01-449.00 sec   150 KBytes  1.23 Mbits/sec    0    177 KBytes       
[  4] 449.00-450.01 sec   150 KBytes  1.22 Mbits/sec    0    177 KBytes       
[  4] 450.01-451.00 sec   156 KBytes  1.28 Mbits/sec    0    177 KBytes       
[  4] 451.00-452.00 sec   150 KBytes  1.23 Mbits/sec    0    177 KBytes       
[  4] 452.00-453.00 sec   150 KBytes  1.23 Mbits/sec    0    177 KBytes       
[  4] 453.00-454.00 sec   150 KBytes  1.23 Mbits/sec    0    177 KBytes       
[  4] 454.00-455.00 sec   150 KBytes  1.23 Mbits/sec    0    177 KBytes       
[  4] 455.00-456.02 sec   153 KBytes  1.23 Mbits/sec    0    177 KBytes       
[  4] 456.02-457.00 sec   150 KBytes  1.25 Mbits/sec    0    177 KBytes       
[  4] 457.00-458.00 sec   150 KBytes  1.23 Mbits/sec    0    177 KBytes       
[  4] 458.00-459.00 sec   150 KBytes  1.23 Mbits/sec    0    177 KBytes       
[  4] 459.00-460.00 sec   158 KBytes  1.30 Mbits/sec    0    177 KBytes       
[  4] 460.00-461.00 sec   150 KBytes  1.23 Mbits/sec    0    177 KBytes       
[  4] 461.00-462.00 sec   150 KBytes  1.23 Mbits/sec    0    177 KBytes       
[  4] 462.00-463.00 sec   150 KBytes  1.23 Mbits/sec    0    177 KBytes       
[  4] 463.00-464.00 sec   150 KBytes  1.23 Mbits/sec    0    177 KBytes       
[  4] 464.00-465.01 sec   150 KBytes  1.21 Mbits/sec    0    177 KBytes       
[  4] 465.01-466.00 sec   156 KBytes  1.29 Mbits/sec    0    177 KBytes       
[  4] 466.00-467.00 sec   150 KBytes  1.23 Mbits/sec    0    177 KBytes       
[  4] 467.00-468.00 sec   150 KBytes  1.23 Mbits/sec    0    177 KBytes       
[  4] 468.00-469.01 sec   150 KBytes  1.21 Mbits/sec    0    177 KBytes       
[  4] 469.01-470.00 sec   150 KBytes  1.24 Mbits/sec    0    177 KBytes       
[  4] 470.00-471.00 sec   150 KBytes  1.23 Mbits/sec    0    177 KBytes       
[  4] 471.00-472.00 sec   156 KBytes  1.27 Mbits/sec    0    177 KBytes       
[  4] 472.00-473.00 sec   153 KBytes  1.25 Mbits/sec    0    177 KBytes       
[  4] 473.00-474.00 sec   150 KBytes  1.22 Mbits/sec    0    177 KBytes       
[  4] 474.00-475.01 sec   150 KBytes  1.22 Mbits/sec    0    177 KBytes       
[  4] 475.01-476.00 sec   156 KBytes  1.28 Mbits/sec    0    177 KBytes       
[  4] 476.00-477.00 sec   150 KBytes  1.23 Mbits/sec    0    177 KBytes       
[  4] 477.00-478.00 sec   150 KBytes  1.23 Mbits/sec    0    177 KBytes       
[  4] 478.00-479.00 sec   150 KBytes  1.23 Mbits/sec    0    177 KBytes       
[  4] 479.00-480.00 sec   150 KBytes  1.23 Mbits/sec    0    177 KBytes       
[  4] 480.00-481.00 sec   150 KBytes  1.23 Mbits/sec    0    177 KBytes       
[  4] 481.00-482.00 sec   150 KBytes  1.23 Mbits/sec    0    177 KBytes       
[  4] 482.00-483.00 sec   150 KBytes  1.23 Mbits/sec    0    177 KBytes       
[  4] 483.00-484.00 sec   150 KBytes  1.23 Mbits/sec    0    177 KBytes       
[  4] 484.00-485.00 sec   153 KBytes  1.25 Mbits/sec    0    177 KBytes       
[  4] 485.00-486.00 sec   150 KBytes  1.23 Mbits/sec    0    177 KBytes       
[  4] 486.00-487.00 sec   150 KBytes  1.23 Mbits/sec    0    177 KBytes       
[  4] 487.00-488.00 sec   153 KBytes  1.25 Mbits/sec    0    177 KBytes       
[  4] 488.00-489.00 sec   150 KBytes  1.23 Mbits/sec    0    177 KBytes       
[  4] 489.00-490.01 sec   150 KBytes  1.22 Mbits/sec    0    177 KBytes       
[  4] 490.01-491.00 sec   150 KBytes  1.23 Mbits/sec    0    177 KBytes       
[  4] 491.00-492.00 sec   150 KBytes  1.23 Mbits/sec    0    177 KBytes       
[  4] 492.00-493.00 sec   150 KBytes  1.23 Mbits/sec    0    177 KBytes       
[  4] 493.00-494.00 sec   158 KBytes  1.30 Mbits/sec    0    177 KBytes       
[  4] 494.00-495.00 sec  80.6 KBytes   659 Kbits/sec    0    177 KBytes       
[  4] 495.00-496.00 sec   225 KBytes  1.84 Mbits/sec    0    177 KBytes       
[  4] 496.00-497.00 sec  74.9 KBytes   614 Kbits/sec    0    177 KBytes       
[  4] 497.00-498.00 sec   150 KBytes  1.23 Mbits/sec    0    177 KBytes       
[  4] 498.00-499.00 sec   153 KBytes  1.25 Mbits/sec    0    177 KBytes       
[  4] 499.00-500.00 sec   150 KBytes  1.23 Mbits/sec    0    177 KBytes       
[  4] 500.00-501.00 sec   150 KBytes  1.23 Mbits/sec    0    177 KBytes       
[  4] 501.00-502.00 sec   150 KBytes  1.23 Mbits/sec    0    177 KBytes       
[  4] 502.00-503.01 sec   164 KBytes  1.34 Mbits/sec    0    177 KBytes       
[  4] 503.01-504.00 sec   153 KBytes  1.26 Mbits/sec    0    177 KBytes       
[  4] 504.00-505.00 sec   150 KBytes  1.23 Mbits/sec    0    177 KBytes       
[  4] 505.00-506.00 sec   150 KBytes  1.23 Mbits/sec    0    177 KBytes       
[  4] 506.00-507.00 sec   150 KBytes  1.23 Mbits/sec    0    177 KBytes       
[  4] 507.00-508.02 sec   150 KBytes  1.21 Mbits/sec    0    177 KBytes       
[  4] 508.02-509.00 sec   150 KBytes  1.25 Mbits/sec    0    177 KBytes       
[  4] 509.00-510.00 sec   150 KBytes  1.23 Mbits/sec    0    177 KBytes       
[  4] 510.00-511.00 sec   150 KBytes  1.23 Mbits/sec    0    177 KBytes       
[  4] 511.00-512.04 sec   256 KBytes  2.02 Mbits/sec    0    177 KBytes       
[  4] 512.04-513.01 sec   150 KBytes  1.26 Mbits/sec    0    177 KBytes       
[  4] 513.01-514.02 sec   150 KBytes  1.21 Mbits/sec    0    177 KBytes       
[  4] 514.02-515.00 sec   150 KBytes  1.25 Mbits/sec    0    177 KBytes       
[  4] 515.00-516.02 sec   153 KBytes  1.24 Mbits/sec    0    177 KBytes       
[  4] 516.02-517.00 sec  74.9 KBytes   622 Kbits/sec    0    177 KBytes       
[  4] 517.00-518.01 sec   153 KBytes  1.24 Mbits/sec    0    177 KBytes       
[  4] 518.01-519.02 sec   230 KBytes  1.87 Mbits/sec    0    177 KBytes       
[  4] 519.02-520.00 sec   150 KBytes  1.25 Mbits/sec    0    177 KBytes       
[  4] 520.00-521.00 sec   150 KBytes  1.23 Mbits/sec    0    177 KBytes       
[  4] 521.00-522.00 sec   150 KBytes  1.23 Mbits/sec    0    177 KBytes       
[  4] 522.00-523.00 sec   158 KBytes  1.30 Mbits/sec    0    177 KBytes       
[  4] 523.00-524.00 sec  74.9 KBytes   613 Kbits/sec    0    177 KBytes       
[  4] 524.00-525.00 sec   156 KBytes  1.28 Mbits/sec    0    177 KBytes       
[  4] 525.00-526.00 sec   150 KBytes  1.23 Mbits/sec    0    177 KBytes       
[  4] 526.00-527.01 sec   150 KBytes  1.22 Mbits/sec    0    177 KBytes       
[  4] 527.01-528.00 sec   150 KBytes  1.23 Mbits/sec    0    177 KBytes       
[  4] 528.00-529.03 sec   150 KBytes  1.20 Mbits/sec    0    177 KBytes       
[  4] 529.03-530.00 sec   150 KBytes  1.26 Mbits/sec    0    177 KBytes       
[  4] 530.00-531.00 sec   150 KBytes  1.23 Mbits/sec    0    177 KBytes       
[  4] 531.00-532.00 sec   150 KBytes  1.22 Mbits/sec    0    177 KBytes       
[  4] 532.00-533.00 sec   150 KBytes  1.23 Mbits/sec    0    177 KBytes       
[  4] 533.00-534.00 sec   150 KBytes  1.23 Mbits/sec    0    177 KBytes       
[  4] 534.00-535.00 sec   150 KBytes  1.23 Mbits/sec    0    177 KBytes       
[  4] 535.00-536.00 sec   150 KBytes  1.23 Mbits/sec    0    177 KBytes       
[  4] 536.00-537.00 sec   150 KBytes  1.23 Mbits/sec    0    177 KBytes       
[  4] 537.00-538.00 sec   150 KBytes  1.23 Mbits/sec    0    177 KBytes       
[  4] 538.00-539.01 sec   150 KBytes  1.22 Mbits/sec    0    177 KBytes       
[  4] 539.01-540.00 sec   150 KBytes  1.23 Mbits/sec    0    177 KBytes       
[  4] 540.00-541.00 sec   153 KBytes  1.25 Mbits/sec    0    177 KBytes       
[  4] 541.00-542.05 sec   150 KBytes  1.17 Mbits/sec    0    177 KBytes       
[  4] 542.05-543.00 sec  74.9 KBytes   646 Kbits/sec    0    177 KBytes       
[  4] 543.00-544.01 sec   153 KBytes  1.24 Mbits/sec    0    177 KBytes       
[  4] 544.01-545.00 sec   150 KBytes  1.24 Mbits/sec    0    177 KBytes       
[  4] 545.00-546.00 sec   150 KBytes  1.23 Mbits/sec    0    177 KBytes       
[  4] 546.00-547.00 sec   150 KBytes  1.23 Mbits/sec    0    177 KBytes       
[  4] 547.00-548.00 sec   153 KBytes  1.25 Mbits/sec    0    177 KBytes       
[  4] 548.00-549.00 sec   150 KBytes  1.23 Mbits/sec    0    177 KBytes       
[  4] 549.00-550.00 sec   150 KBytes  1.23 Mbits/sec    0    177 KBytes       
[  4] 550.00-551.00 sec   150 KBytes  1.23 Mbits/sec    0    177 KBytes       
[  4] 551.00-552.03 sec   153 KBytes  1.22 Mbits/sec    0    177 KBytes       
[  4] 552.03-553.00 sec   150 KBytes  1.26 Mbits/sec    0    177 KBytes       
[  4] 553.00-554.00 sec   150 KBytes  1.23 Mbits/sec    0    177 KBytes       
[  4] 554.00-555.00 sec   153 KBytes  1.25 Mbits/sec    0    177 KBytes       
[  4] 555.00-556.00 sec   150 KBytes  1.23 Mbits/sec    0    177 KBytes       
[  4] 556.00-557.00 sec   150 KBytes  1.23 Mbits/sec    0    177 KBytes       
[  4] 557.00-558.00 sec   150 KBytes  1.23 Mbits/sec    0    177 KBytes       
[  4] 558.00-559.00 sec   150 KBytes  1.23 Mbits/sec    0    177 KBytes       
[  4] 559.00-560.00 sec   150 KBytes  1.23 Mbits/sec    0    177 KBytes       
[  4] 560.00-561.00 sec   150 KBytes  1.23 Mbits/sec    0    177 KBytes       
[  4] 561.00-562.00 sec   150 KBytes  1.23 Mbits/sec    0    177 KBytes       
[  4] 562.00-563.02 sec   150 KBytes  1.21 Mbits/sec    0    177 KBytes       
[  4] 563.02-564.00 sec   153 KBytes  1.27 Mbits/sec    0    177 KBytes       
[  4] 564.00-565.00 sec   150 KBytes  1.23 Mbits/sec    0    177 KBytes       
[  4] 565.00-566.00 sec   150 KBytes  1.23 Mbits/sec    0    177 KBytes       
[  4] 566.00-567.00 sec   150 KBytes  1.23 Mbits/sec    0    177 KBytes       
[  4] 567.00-568.00 sec   150 KBytes  1.23 Mbits/sec    0    177 KBytes       
[  4] 568.00-569.00 sec   150 KBytes  1.23 Mbits/sec    0    177 KBytes       
[  4] 569.00-570.00 sec   150 KBytes  1.23 Mbits/sec    0    177 KBytes       
[  4] 570.00-571.00 sec  77.8 KBytes   638 Kbits/sec    1    177 KBytes       
[  4] 571.00-572.00 sec   153 KBytes  1.25 Mbits/sec    0    177 KBytes       
[  4] 572.00-573.01 sec   150 KBytes  1.21 Mbits/sec    0    177 KBytes       
[  4] 573.01-574.00 sec   150 KBytes  1.24 Mbits/sec    0    177 KBytes       
[  4] 574.00-575.00 sec   158 KBytes  1.30 Mbits/sec    0    177 KBytes       
[  4] 575.00-576.00 sec   150 KBytes  1.23 Mbits/sec    0    177 KBytes       
[  4] 576.00-577.00 sec   150 KBytes  1.23 Mbits/sec    0    177 KBytes       
[  4] 577.00-578.00 sec   150 KBytes  1.23 Mbits/sec    0    177 KBytes       
[  4] 578.00-579.00 sec   150 KBytes  1.23 Mbits/sec    0    177 KBytes       
[  4] 579.00-580.00 sec   150 KBytes  1.23 Mbits/sec    0    177 KBytes       
[  4] 580.00-581.00 sec   150 KBytes  1.23 Mbits/sec    0    177 KBytes       
[  4] 581.00-582.01 sec   150 KBytes  1.22 Mbits/sec    0    177 KBytes       
[  4] 582.01-583.00 sec   150 KBytes  1.24 Mbits/sec    0    177 KBytes       
[  4] 583.00-584.00 sec   150 KBytes  1.23 Mbits/sec    0    177 KBytes       
[  4] 584.00-585.00 sec   150 KBytes  1.23 Mbits/sec    0    177 KBytes       
[  4] 585.00-586.00 sec   150 KBytes  1.23 Mbits/sec    0    177 KBytes       
[  4] 586.00-587.00 sec   150 KBytes  1.23 Mbits/sec    0    177 KBytes       
[  4] 587.00-588.00 sec   150 KBytes  1.22 Mbits/sec    0    177 KBytes       
[  4] 588.00-589.00 sec   150 KBytes  1.23 Mbits/sec    0    177 KBytes       
[  4] 589.00-590.00 sec   150 KBytes  1.23 Mbits/sec    0    177 KBytes       
[  4] 590.00-591.00 sec   150 KBytes  1.23 Mbits/sec    0    177 KBytes       
[  4] 591.00-592.00 sec   150 KBytes  1.23 Mbits/sec    0    177 KBytes       
[  4] 592.00-593.01 sec   150 KBytes  1.22 Mbits/sec    0    177 KBytes       
[  4] 593.01-594.00 sec   153 KBytes  1.26 Mbits/sec    0    177 KBytes       
[  4] 594.00-595.00 sec   153 KBytes  1.25 Mbits/sec    0    177 KBytes       
[  4] 595.00-596.00 sec   167 KBytes  1.37 Mbits/sec    0    177 KBytes       
[  4] 596.00-597.00 sec   150 KBytes  1.23 Mbits/sec    0    177 KBytes       
[  4] 597.00-598.00 sec   153 KBytes  1.25 Mbits/sec    0    177 KBytes       
[  4] 598.00-599.00 sec   156 KBytes  1.28 Mbits/sec    0    177 KBytes       
[  4] 599.00-600.00 sec   156 KBytes  1.27 Mbits/sec    0    177 KBytes       
[  4] 600.00-601.00 sec  74.9 KBytes   614 Kbits/sec    0    177 KBytes       
[  4] 601.00-602.00 sec   150 KBytes  1.23 Mbits/sec    0    177 KBytes       
[  4] 602.00-603.00 sec   225 KBytes  1.84 Mbits/sec    0    177 KBytes       
[  4] 603.00-604.00 sec   187 KBytes  1.53 Mbits/sec    0    177 KBytes       
[  4] 604.00-605.00 sec   150 KBytes  1.23 Mbits/sec    0    177 KBytes       
[  4] 605.00-606.00 sec  74.9 KBytes   614 Kbits/sec    0    177 KBytes       
[  4] 606.00-607.05 sec   150 KBytes  1.17 Mbits/sec    0    177 KBytes       
[  4] 607.05-608.01 sec   150 KBytes  1.28 Mbits/sec    0    177 KBytes       
[  4] 608.01-609.00 sec   153 KBytes  1.27 Mbits/sec    0    177 KBytes       
[  4] 609.00-610.00 sec   150 KBytes  1.23 Mbits/sec    0    177 KBytes       
[  4] 610.00-611.00 sec   153 KBytes  1.25 Mbits/sec    0    177 KBytes       
[  4] 611.00-612.00 sec   150 KBytes  1.23 Mbits/sec    0    177 KBytes       
[  4] 612.00-613.00 sec   153 KBytes  1.25 Mbits/sec    0    177 KBytes       
[  4] 613.00-614.00 sec   189 KBytes  1.55 Mbits/sec    0    177 KBytes       
[  4] 614.00-615.01 sec  74.9 KBytes   606 Kbits/sec    0    177 KBytes       
[  4] 615.01-616.01 sec   228 KBytes  1.88 Mbits/sec    0    177 KBytes       
[  4] 616.01-617.00 sec  74.9 KBytes   618 Kbits/sec    0    177 KBytes       
[  4] 617.00-618.00 sec   150 KBytes  1.23 Mbits/sec    0    177 KBytes       
[  4] 618.00-619.00 sec   150 KBytes  1.23 Mbits/sec    0    177 KBytes       
[  4] 619.00-620.01 sec   153 KBytes  1.25 Mbits/sec    0    177 KBytes       
[  4] 620.01-621.00 sec   150 KBytes  1.23 Mbits/sec    0    177 KBytes       
[  4] 621.00-622.00 sec   150 KBytes  1.23 Mbits/sec    0    177 KBytes       
[  4] 622.00-623.00 sec   150 KBytes  1.23 Mbits/sec    0    177 KBytes       
[  4] 623.00-624.00 sec   150 KBytes  1.23 Mbits/sec    0    177 KBytes       
[  4] 624.00-625.00 sec   150 KBytes  1.23 Mbits/sec    0    177 KBytes       
[  4] 625.00-626.00 sec   150 KBytes  1.23 Mbits/sec    0    177 KBytes       
[  4] 626.00-627.00 sec   150 KBytes  1.23 Mbits/sec    0    177 KBytes       
[  4] 627.00-628.00 sec   150 KBytes  1.23 Mbits/sec    0    177 KBytes       
[  4] 628.00-629.01 sec   153 KBytes  1.24 Mbits/sec    0    177 KBytes       
[  4] 629.01-630.00 sec   150 KBytes  1.23 Mbits/sec    0    177 KBytes       
[  4] 630.00-631.00 sec  74.9 KBytes   614 Kbits/sec    0    177 KBytes       
[  4] 631.00-632.00 sec   153 KBytes  1.25 Mbits/sec    0    177 KBytes       
[  4] 632.00-633.00 sec   150 KBytes  1.23 Mbits/sec    0    177 KBytes       
[  4] 633.00-634.00 sec   153 KBytes  1.25 Mbits/sec    0    177 KBytes       
[  4] 634.00-635.00 sec   290 KBytes  2.38 Mbits/sec    0    177 KBytes       
[  4] 635.00-636.00 sec   181 KBytes  1.48 Mbits/sec    0    177 KBytes       
[  4] 636.00-637.00 sec   150 KBytes  1.23 Mbits/sec    0    177 KBytes       
[  4] 637.00-638.00 sec   150 KBytes  1.23 Mbits/sec    0    177 KBytes       
[  4] 638.00-639.00 sec   150 KBytes  1.23 Mbits/sec    0    177 KBytes       
[  4] 639.00-640.00 sec   225 KBytes  1.84 Mbits/sec    0    177 KBytes       
[  4] 640.00-641.00 sec   150 KBytes  1.23 Mbits/sec    0    177 KBytes       
[  4] 641.00-642.00 sec   233 KBytes  1.91 Mbits/sec    0    177 KBytes       
[  4] 642.00-643.00 sec   150 KBytes  1.23 Mbits/sec    0    177 KBytes       
[  4] 643.00-644.00 sec   150 KBytes  1.23 Mbits/sec    0    177 KBytes       
[  4] 644.00-645.00 sec   153 KBytes  1.25 Mbits/sec    0    177 KBytes       
[  4] 645.00-646.00 sec   225 KBytes  1.85 Mbits/sec    0    177 KBytes       
[  4] 646.00-647.00 sec   156 KBytes  1.28 Mbits/sec    0    177 KBytes       
[  4] 647.00-648.00 sec   150 KBytes  1.23 Mbits/sec    0    177 KBytes       
[  4] 648.00-649.00 sec   225 KBytes  1.84 Mbits/sec    0    177 KBytes       
[  4] 649.00-650.00 sec   150 KBytes  1.22 Mbits/sec    0    177 KBytes       
[  4] 650.00-651.00 sec   225 KBytes  1.85 Mbits/sec    0    177 KBytes       
[  4] 651.00-652.00 sec   150 KBytes  1.23 Mbits/sec    0    177 KBytes       
[  4] 652.00-653.00 sec   150 KBytes  1.23 Mbits/sec    0    177 KBytes       
[  4] 653.00-654.00 sec   150 KBytes  1.23 Mbits/sec    0    177 KBytes       
[  4] 654.00-655.00 sec   225 KBytes  1.85 Mbits/sec    0    177 KBytes       
[  4] 655.00-656.00 sec   150 KBytes  1.22 Mbits/sec    0    177 KBytes       
[  4] 656.00-657.00 sec   150 KBytes  1.23 Mbits/sec    0    177 KBytes       
[  4] 657.00-658.00 sec   150 KBytes  1.22 Mbits/sec    0    177 KBytes       
[  4] 658.00-659.00 sec   225 KBytes  1.85 Mbits/sec    0    177 KBytes       
[  4] 659.00-660.00 sec   150 KBytes  1.23 Mbits/sec    0    177 KBytes       
[  4] 660.00-661.00 sec   150 KBytes  1.23 Mbits/sec    0    177 KBytes       
[  4] 661.00-662.00 sec   225 KBytes  1.84 Mbits/sec    0    177 KBytes       
[  4] 662.00-663.01 sec   150 KBytes  1.22 Mbits/sec    0    177 KBytes       
[  4] 663.01-664.00 sec   228 KBytes  1.87 Mbits/sec    0    177 KBytes       
[  4] 664.00-665.00 sec   153 KBytes  1.25 Mbits/sec    0    177 KBytes       
[  4] 665.00-666.00 sec   262 KBytes  2.14 Mbits/sec    0    177 KBytes       
[  4] 666.00-667.01 sec   150 KBytes  1.22 Mbits/sec    0    177 KBytes       
[  4] 667.01-668.00 sec   150 KBytes  1.24 Mbits/sec    0    177 KBytes       
[  4] 668.00-669.00 sec   153 KBytes  1.25 Mbits/sec    0    177 KBytes       
[  4] 669.00-670.00 sec   150 KBytes  1.22 Mbits/sec    0    177 KBytes       
[  4] 670.00-671.00 sec   153 KBytes  1.25 Mbits/sec    0    177 KBytes       
[  4] 671.00-672.01 sec   236 KBytes  1.91 Mbits/sec    0    177 KBytes       
[  4] 672.01-673.00 sec   150 KBytes  1.24 Mbits/sec    0    177 KBytes       
[  4] 673.00-674.01 sec   150 KBytes  1.22 Mbits/sec    0    177 KBytes       
[  4] 674.01-675.00 sec   225 KBytes  1.85 Mbits/sec    0    177 KBytes       
[  4] 675.00-676.02 sec   153 KBytes  1.23 Mbits/sec    0    177 KBytes       
[  4] 676.02-677.00 sec   228 KBytes  1.89 Mbits/sec    0    177 KBytes       
[  4] 677.00-678.00 sec   150 KBytes  1.23 Mbits/sec    0    177 KBytes       
[  4] 678.00-679.00 sec   150 KBytes  1.23 Mbits/sec    0    177 KBytes       
[  4] 679.00-680.00 sec   225 KBytes  1.84 Mbits/sec    0    177 KBytes       
[  4] 680.00-681.00 sec   150 KBytes  1.23 Mbits/sec    0    177 KBytes       
[  4] 681.00-682.00 sec   150 KBytes  1.22 Mbits/sec    0    177 KBytes       
[  4] 682.00-683.00 sec   262 KBytes  2.15 Mbits/sec    0    177 KBytes       
[  4] 683.00-684.00 sec   150 KBytes  1.23 Mbits/sec    0    177 KBytes       
[  4] 684.00-685.00 sec   153 KBytes  1.25 Mbits/sec    0    177 KBytes       
[  4] 685.00-686.00 sec   150 KBytes  1.23 Mbits/sec    0    177 KBytes       
[  4] 686.00-687.00 sec   150 KBytes  1.23 Mbits/sec    0    177 KBytes       
[  4] 687.00-688.00 sec   225 KBytes  1.84 Mbits/sec    0    177 KBytes       
[  4] 688.00-689.01 sec   153 KBytes  1.24 Mbits/sec    0    177 KBytes       
[  4] 689.01-690.01 sec   150 KBytes  1.22 Mbits/sec    0    177 KBytes       
[  4] 690.01-691.00 sec   228 KBytes  1.89 Mbits/sec    0    177 KBytes       
[  4] 691.00-692.00 sec   150 KBytes  1.23 Mbits/sec    0    177 KBytes       
[  4] 692.00-693.01 sec   153 KBytes  1.24 Mbits/sec    0    177 KBytes       
[  4] 693.01-694.01 sec   153 KBytes  1.25 Mbits/sec    0    177 KBytes       
[  4] 694.01-695.01 sec   150 KBytes  1.23 Mbits/sec    0    177 KBytes       
[  4] 695.01-696.00 sec   150 KBytes  1.23 Mbits/sec    0    177 KBytes       
[  4] 696.00-697.00 sec   225 KBytes  1.85 Mbits/sec    0    177 KBytes       
[  4] 697.00-698.00 sec   150 KBytes  1.22 Mbits/sec    0    177 KBytes       
[  4] 698.00-699.00 sec   150 KBytes  1.23 Mbits/sec    0    177 KBytes       
[  4] 699.00-700.00 sec   228 KBytes  1.87 Mbits/sec    0    177 KBytes       
[  4] 700.00-701.00 sec   150 KBytes  1.23 Mbits/sec    0    177 KBytes       
[  4] 701.00-702.00 sec   225 KBytes  1.85 Mbits/sec    0    177 KBytes       
[  4] 702.00-703.00 sec   150 KBytes  1.23 Mbits/sec    0    177 KBytes       
[  4] 703.00-704.00 sec   150 KBytes  1.23 Mbits/sec    0    177 KBytes       
[  4] 704.00-705.00 sec   225 KBytes  1.84 Mbits/sec    0    177 KBytes       
[  4] 705.00-706.00 sec   150 KBytes  1.23 Mbits/sec    0    177 KBytes       
[  4] 706.00-707.00 sec   225 KBytes  1.84 Mbits/sec    0    177 KBytes       
[  4] 707.00-708.00 sec   150 KBytes  1.23 Mbits/sec    0    177 KBytes       
[  4] 708.00-709.00 sec   153 KBytes  1.25 Mbits/sec    0    177 KBytes       
[  4] 709.00-710.00 sec   225 KBytes  1.84 Mbits/sec    0    177 KBytes       
[  4] 710.00-711.01 sec   150 KBytes  1.22 Mbits/sec    0    177 KBytes       
[  4] 711.01-712.01 sec   150 KBytes  1.23 Mbits/sec    0    177 KBytes       
[  4] 712.01-713.00 sec   225 KBytes  1.85 Mbits/sec    0    177 KBytes       
[  4] 713.00-714.00 sec   225 KBytes  1.84 Mbits/sec    0    177 KBytes       
[  4] 714.00-715.00 sec   150 KBytes  1.23 Mbits/sec    0    177 KBytes       
[  4] 715.00-716.00 sec   284 KBytes  2.33 Mbits/sec    0    177 KBytes       
[  4] 716.00-717.00 sec   150 KBytes  1.23 Mbits/sec    0    177 KBytes       
[  4] 717.00-718.00 sec  74.9 KBytes   614 Kbits/sec    1    177 KBytes       
[  4] 718.00-719.00 sec   150 KBytes  1.23 Mbits/sec    0    177 KBytes       
[  4] 719.00-720.00 sec   150 KBytes  1.23 Mbits/sec    0    177 KBytes       
[  4] 720.00-721.00 sec   225 KBytes  1.84 Mbits/sec    0    177 KBytes       
[  4] 721.00-722.00 sec   153 KBytes  1.25 Mbits/sec    0    177 KBytes       
[  4] 722.00-723.00 sec   150 KBytes  1.23 Mbits/sec    0    177 KBytes       
[  4] 723.00-724.00 sec   225 KBytes  1.84 Mbits/sec    0    177 KBytes       
[  4] 724.00-725.01 sec   150 KBytes  1.22 Mbits/sec    0    177 KBytes       
[  4] 725.01-726.00 sec   225 KBytes  1.86 Mbits/sec    0    177 KBytes       
[  4] 726.00-727.00 sec   150 KBytes  1.23 Mbits/sec    0    177 KBytes       
[  4] 727.00-728.00 sec   150 KBytes  1.23 Mbits/sec    0    177 KBytes       
[  4] 728.00-729.01 sec   225 KBytes  1.83 Mbits/sec    0    177 KBytes       
[  4] 729.01-730.00 sec   150 KBytes  1.23 Mbits/sec    0    177 KBytes       
[  4] 730.00-731.00 sec   153 KBytes  1.25 Mbits/sec    0    177 KBytes       
[  4] 731.00-732.00 sec   228 KBytes  1.87 Mbits/sec    0    177 KBytes       
[  4] 732.00-733.00 sec   150 KBytes  1.23 Mbits/sec    0    177 KBytes       
[  4] 733.00-734.02 sec   150 KBytes  1.21 Mbits/sec    0    177 KBytes       
[  4] 734.02-735.00 sec   228 KBytes  1.89 Mbits/sec    0    177 KBytes       
[  4] 735.00-736.00 sec   150 KBytes  1.23 Mbits/sec    0    177 KBytes       
[  4] 736.00-737.00 sec   150 KBytes  1.23 Mbits/sec    0    177 KBytes       
[  4] 737.00-738.04 sec   225 KBytes  1.77 Mbits/sec    0    177 KBytes       
[  4] 738.04-739.04 sec   150 KBytes  1.23 Mbits/sec    0    177 KBytes       
[  4] 739.04-740.00 sec   225 KBytes  1.92 Mbits/sec    0    177 KBytes       
[  4] 740.00-741.06 sec   150 KBytes  1.16 Mbits/sec    0    177 KBytes       
[  4] 741.06-742.00 sec   150 KBytes  1.31 Mbits/sec    0    177 KBytes       
[  4] 742.00-743.00 sec   156 KBytes  1.27 Mbits/sec    0    177 KBytes       
[  4] 743.00-744.00 sec   150 KBytes  1.23 Mbits/sec    0    177 KBytes       
[  4] 744.00-745.00 sec   225 KBytes  1.84 Mbits/sec    0    177 KBytes       
[  4] 745.00-746.00 sec  74.9 KBytes   614 Kbits/sec    0    177 KBytes       
[  4] 746.00-747.01 sec   225 KBytes  1.82 Mbits/sec    0    177 KBytes       
[  4] 747.01-748.00 sec   228 KBytes  1.89 Mbits/sec    0    177 KBytes       
[  4] 748.00-749.00 sec   225 KBytes  1.85 Mbits/sec    0    177 KBytes       
[  4] 749.00-750.00 sec   225 KBytes  1.84 Mbits/sec    0    177 KBytes       
[  4] 750.00-751.00 sec   225 KBytes  1.84 Mbits/sec    0    177 KBytes       
[  4] 751.00-752.00 sec   225 KBytes  1.84 Mbits/sec    0    177 KBytes       
[  4] 752.00-753.02 sec   225 KBytes  1.80 Mbits/sec    0    177 KBytes       
[  4] 753.02-754.00 sec   230 KBytes  1.93 Mbits/sec    0    177 KBytes       
[  4] 754.00-755.00 sec   153 KBytes  1.25 Mbits/sec    0    177 KBytes       
[  4] 755.00-756.00 sec   225 KBytes  1.84 Mbits/sec    0    177 KBytes       
[  4] 756.00-757.00 sec   225 KBytes  1.84 Mbits/sec    0    177 KBytes       
[  4] 757.00-758.00 sec   228 KBytes  1.86 Mbits/sec    0    177 KBytes       
[  4] 758.00-759.00 sec   279 KBytes  2.29 Mbits/sec    0    177 KBytes       
[  4] 759.00-760.00 sec   161 KBytes  1.32 Mbits/sec    0    177 KBytes       
[  4] 760.00-761.00 sec   225 KBytes  1.84 Mbits/sec    0    177 KBytes       
[  4] 761.00-762.00 sec   228 KBytes  1.86 Mbits/sec    0    177 KBytes       
[  4] 762.00-763.00 sec   153 KBytes  1.25 Mbits/sec    0    177 KBytes       
[  4] 763.00-764.00 sec   225 KBytes  1.84 Mbits/sec    0    177 KBytes       
[  4] 764.00-765.00 sec   228 KBytes  1.87 Mbits/sec    0    177 KBytes       
[  4] 765.00-766.00 sec   225 KBytes  1.84 Mbits/sec    0    177 KBytes       
[  4] 766.00-767.00 sec   225 KBytes  1.84 Mbits/sec    0    177 KBytes       
[  4] 767.00-768.00 sec   153 KBytes  1.25 Mbits/sec    0    177 KBytes       
[  4] 768.00-769.00 sec   225 KBytes  1.84 Mbits/sec    0    177 KBytes       
[  4] 769.00-770.00 sec   228 KBytes  1.87 Mbits/sec    0    177 KBytes       
[  4] 770.00-771.00 sec   279 KBytes  2.28 Mbits/sec    0    177 KBytes       
[  4] 771.00-772.00 sec   150 KBytes  1.23 Mbits/sec    0    177 KBytes       
[  4] 772.00-773.00 sec   359 KBytes  2.93 Mbits/sec    0    177 KBytes       
[  4] 773.00-774.00 sec   150 KBytes  1.23 Mbits/sec    0    177 KBytes       
[  4] 774.00-775.00 sec   230 KBytes  1.88 Mbits/sec    0    177 KBytes       
[  4] 775.00-776.04 sec   225 KBytes  1.77 Mbits/sec    0    177 KBytes       
[  4] 776.04-777.00 sec   225 KBytes  1.92 Mbits/sec    0    177 KBytes       
[  4] 777.00-778.00 sec   225 KBytes  1.85 Mbits/sec    0    177 KBytes       
[  4] 778.00-779.00 sec   228 KBytes  1.86 Mbits/sec    0    177 KBytes       
[  4] 779.00-780.00 sec   153 KBytes  1.25 Mbits/sec    0    177 KBytes       
[  4] 780.00-781.00 sec   225 KBytes  1.84 Mbits/sec    0    177 KBytes       
[  4] 781.00-782.00 sec   228 KBytes  1.87 Mbits/sec    0    177 KBytes       
[  4] 782.00-783.00 sec   225 KBytes  1.84 Mbits/sec    0    177 KBytes       
[  4] 783.00-784.00 sec   225 KBytes  1.84 Mbits/sec    0    177 KBytes       
[  4] 784.00-785.00 sec   225 KBytes  1.85 Mbits/sec    0    177 KBytes       
[  4] 785.00-786.01 sec   150 KBytes  1.22 Mbits/sec    0    177 KBytes       
[  4] 786.01-787.00 sec   228 KBytes  1.87 Mbits/sec    0    177 KBytes       
[  4] 787.00-788.00 sec   230 KBytes  1.89 Mbits/sec    0    177 KBytes       
[  4] 788.00-789.00 sec   225 KBytes  1.84 Mbits/sec    0    177 KBytes       
[  4] 789.00-790.00 sec   225 KBytes  1.84 Mbits/sec    0    177 KBytes       
[  4] 790.00-791.00 sec   228 KBytes  1.86 Mbits/sec    0    177 KBytes       
[  4] 791.00-792.00 sec   228 KBytes  1.87 Mbits/sec    0    177 KBytes       
[  4] 792.00-793.01 sec   156 KBytes  1.27 Mbits/sec    0    177 KBytes       
[  4] 793.01-794.00 sec   225 KBytes  1.85 Mbits/sec    0    177 KBytes       
[  4] 794.00-795.00 sec   225 KBytes  1.84 Mbits/sec    0    177 KBytes       
[  4] 795.00-796.01 sec   284 KBytes  2.30 Mbits/sec    0    177 KBytes       
[  4] 796.01-797.00 sec   150 KBytes  1.24 Mbits/sec    0    177 KBytes       
[  4] 797.00-798.00 sec   225 KBytes  1.84 Mbits/sec    0    177 KBytes       
[  4] 798.00-799.00 sec   225 KBytes  1.84 Mbits/sec    0    177 KBytes       
[  4] 799.00-800.00 sec   150 KBytes  1.23 Mbits/sec    0    177 KBytes       
[  4] 800.00-801.00 sec   225 KBytes  1.84 Mbits/sec    0    177 KBytes       
[  4] 801.00-802.00 sec   228 KBytes  1.86 Mbits/sec    0    177 KBytes       
[  4] 802.00-803.00 sec   225 KBytes  1.84 Mbits/sec    0    177 KBytes       
[  4] 803.00-804.00 sec   225 KBytes  1.84 Mbits/sec    0    177 KBytes       
[  4] 804.00-805.00 sec   225 KBytes  1.84 Mbits/sec    0    177 KBytes       
[  4] 805.00-806.00 sec   150 KBytes  1.23 Mbits/sec    0    177 KBytes       
[  4] 806.00-807.00 sec   228 KBytes  1.87 Mbits/sec    0    177 KBytes       
[  4] 807.00-808.00 sec   317 KBytes  2.60 Mbits/sec    0    177 KBytes       
[  4] 808.00-809.00 sec   228 KBytes  1.87 Mbits/sec    0    177 KBytes       
[  4] 809.00-810.00 sec   158 KBytes  1.29 Mbits/sec    0    177 KBytes       
[  4] 810.00-811.00 sec   225 KBytes  1.85 Mbits/sec    0    177 KBytes       
[  4] 811.00-812.00 sec   228 KBytes  1.87 Mbits/sec    0    177 KBytes       
[  4] 812.00-813.00 sec   225 KBytes  1.83 Mbits/sec    0    177 KBytes       
[  4] 813.00-814.00 sec   228 KBytes  1.87 Mbits/sec    0    177 KBytes       
[  4] 814.00-815.00 sec   153 KBytes  1.25 Mbits/sec    0    177 KBytes       
[  4] 815.00-816.00 sec   225 KBytes  1.84 Mbits/sec    0    177 KBytes       
[  4] 816.00-817.00 sec   228 KBytes  1.87 Mbits/sec    0    177 KBytes       
[  4] 817.00-818.01 sec  1.07 MBytes  8.93 Mbits/sec    0    177 KBytes       
[  4] 818.01-819.02 sec   127 KBytes  1.03 Mbits/sec    0    262 KBytes       
[  4] 819.02-820.00 sec   191 KBytes  1.59 Mbits/sec    0    375 KBytes       
[  4] 820.00-821.00 sec  0.00 Bytes  0.00 bits/sec    0    378 KBytes       
[  4] 821.00-822.00 sec   329 KBytes  2.69 Mbits/sec    0    542 KBytes       
[  4] 822.00-823.00 sec  0.00 Bytes  0.00 bits/sec    0    543 KBytes       
[  4] 823.00-824.00 sec  0.00 Bytes  0.00 bits/sec  116    392 KBytes       
[  4] 824.00-825.00 sec  0.00 Bytes  0.00 bits/sec    0    392 KBytes       
[  4] 825.00-826.00 sec   775 KBytes  6.35 Mbits/sec    0    399 KBytes       
[  4] 826.00-827.00 sec  0.00 Bytes  0.00 bits/sec    0    403 KBytes       
[  4] 827.00-828.00 sec   430 KBytes  3.52 Mbits/sec    0    468 KBytes       
[  4] 828.00-829.00 sec  0.00 Bytes  0.00 bits/sec    0    469 KBytes       
[  4] 829.00-830.00 sec   127 KBytes  1.04 Mbits/sec   29    386 KBytes       
[  4] 830.00-831.00 sec  0.00 Bytes  0.00 bits/sec    3    373 KBytes       
[  4] 831.00-832.00 sec   266 KBytes  2.18 Mbits/sec   19    348 KBytes       
[  4] 832.00-833.00 sec  0.00 Bytes  0.00 bits/sec    0    348 KBytes       
[  4] 833.00-834.00 sec   764 KBytes  6.26 Mbits/sec    0    359 KBytes       
[  4] 834.00-835.01 sec   255 KBytes  2.07 Mbits/sec    0    383 KBytes       
[  4] 835.01-836.00 sec  63.6 KBytes   524 Kbits/sec    0    390 KBytes       
[  4] 836.00-837.00 sec   382 KBytes  3.13 Mbits/sec    0    410 KBytes       
[  4] 837.00-838.00 sec  0.00 Bytes  0.00 bits/sec    0    410 KBytes       
[  4] 838.00-839.00 sec   445 KBytes  3.65 Mbits/sec    0    419 KBytes       
[  4] 839.00-840.00 sec  0.00 Bytes  0.00 bits/sec    0    419 KBytes       
[  4] 840.00-841.00 sec   382 KBytes  3.12 Mbits/sec    0    427 KBytes       
[  4] 841.00-842.02 sec  0.00 Bytes  0.00 bits/sec    0    428 KBytes       
[  4] 842.02-843.02 sec   127 KBytes  1.04 Mbits/sec    0    444 KBytes       
[  4] 843.02-844.00 sec   318 KBytes  2.66 Mbits/sec    0    474 KBytes       
[  4] 844.00-845.01 sec  0.00 Bytes  0.00 bits/sec    0    474 KBytes       
[  4] 845.01-846.00 sec   222 KBytes  1.83 Mbits/sec    0    561 KBytes       
[  4] 846.00-847.03 sec   174 KBytes  1.38 Mbits/sec    0    622 KBytes       
[  4] 847.03-848.01 sec  0.00 Bytes  0.00 bits/sec    0    622 KBytes       
[  4] 848.01-849.00 sec   457 KBytes  3.77 Mbits/sec    0    622 KBytes       
[  4] 849.00-850.00 sec   165 KBytes  1.36 Mbits/sec    0    622 KBytes       
[  4] 850.00-851.00 sec  0.00 Bytes  0.00 bits/sec    0    622 KBytes       
[  4] 851.00-852.00 sec   595 KBytes  4.88 Mbits/sec    0    744 KBytes       
[  4] 852.00-853.01 sec  31.1 KBytes   254 Kbits/sec    0    752 KBytes       
[  4] 853.01-854.00 sec  0.00 Bytes  0.00 bits/sec   71    526 KBytes       
[  4] 854.00-855.00 sec  74.9 KBytes   614 Kbits/sec   41    526 KBytes       
[  4] 855.00-856.03 sec   216 KBytes  1.72 Mbits/sec    0    526 KBytes       
[  4] 856.03-857.00 sec   636 KBytes  5.37 Mbits/sec    0    527 KBytes       
[  4] 857.00-858.00 sec  63.6 KBytes   520 Kbits/sec    0    550 KBytes       
[  4] 858.00-859.00 sec   393 KBytes  3.22 Mbits/sec    0    598 KBytes       
[  4] 859.00-860.00 sec   177 KBytes  1.45 Mbits/sec    0    629 KBytes       
[  4] 860.00-861.00 sec   393 KBytes  3.22 Mbits/sec    0    629 KBytes       
[  4] 861.00-862.00 sec   161 KBytes  1.32 Mbits/sec    0    629 KBytes       
[  4] 862.00-863.00 sec   393 KBytes  3.22 Mbits/sec    0    686 KBytes       
[  4] 863.00-864.00 sec   141 KBytes  1.16 Mbits/sec    0    693 KBytes       
[  4] 864.00-865.00 sec   532 KBytes  4.36 Mbits/sec    0    697 KBytes       
[  4] 865.00-866.00 sec   139 KBytes  1.13 Mbits/sec    0    697 KBytes       
[  4] 866.00-867.00 sec   202 KBytes  1.66 Mbits/sec    0    697 KBytes       
[  4] 867.00-868.00 sec   385 KBytes  3.15 Mbits/sec   26    506 KBytes       
[  4] 868.00-869.00 sec  0.00 Bytes  0.00 bits/sec    0    506 KBytes       
[  4] 869.00-870.00 sec   457 KBytes  3.75 Mbits/sec    0    508 KBytes       
[  4] 870.00-871.00 sec   127 KBytes  1.04 Mbits/sec    0    508 KBytes       
[  4] 871.00-872.00 sec   457 KBytes  3.74 Mbits/sec    0    509 KBytes       
[  4] 872.00-873.00 sec   127 KBytes  1.04 Mbits/sec    0    509 KBytes       
[  4] 873.00-874.00 sec  0.00 Bytes  0.00 bits/sec   51    356 KBytes       
[  4] 874.00-875.00 sec  0.00 Bytes  0.00 bits/sec    4    356 KBytes       
[  4] 875.00-876.00 sec  25.5 KBytes   209 Kbits/sec    4    356 KBytes       
[  4] 876.00-877.00 sec   393 KBytes  3.21 Mbits/sec    0    356 KBytes       
[  4] 877.00-878.00 sec   382 KBytes  3.14 Mbits/sec    0    363 KBytes       
[  4] 878.00-879.00 sec   318 KBytes  2.60 Mbits/sec    0    385 KBytes       
[  4] 879.00-880.00 sec   127 KBytes  1.05 Mbits/sec    0    395 KBytes       
[  4] 880.00-881.00 sec   255 KBytes  2.08 Mbits/sec    0    413 KBytes       
[  4] 881.00-882.02 sec  63.6 KBytes   511 Kbits/sec    0    416 KBytes       
[  4] 882.02-883.00 sec   191 KBytes  1.60 Mbits/sec    0    423 KBytes       
[  4] 883.00-884.00 sec   191 KBytes  1.57 Mbits/sec    0    427 KBytes       
[  4] 884.00-885.00 sec  0.00 Bytes  0.00 bits/sec   13    395 KBytes       
[  4] 885.00-886.00 sec  0.00 Bytes  0.00 bits/sec    1    301 KBytes       
[  4] 886.00-887.00 sec   255 KBytes  2.09 Mbits/sec    0    298 KBytes       
[  4] 887.00-888.00 sec   382 KBytes  3.13 Mbits/sec    0    300 KBytes       
[  4] 888.00-889.00 sec   127 KBytes  1.04 Mbits/sec    0    301 KBytes       
[  4] 889.00-890.00 sec   255 KBytes  2.09 Mbits/sec    0    317 KBytes       
[  4] 890.00-891.04 sec   127 KBytes   999 Kbits/sec    0    331 KBytes       
[  4] 891.04-892.00 sec   191 KBytes  1.64 Mbits/sec    0    344 KBytes       
[  4] 892.00-893.00 sec   127 KBytes  1.04 Mbits/sec    0    349 KBytes       
[  4] 893.00-894.00 sec   191 KBytes  1.56 Mbits/sec    0    355 KBytes       
[  4] 894.00-895.00 sec   127 KBytes  1.04 Mbits/sec    0    356 KBytes       
[  4] 895.00-896.00 sec   255 KBytes  2.08 Mbits/sec    0    362 KBytes       
[  4] 896.00-897.00 sec  63.6 KBytes   521 Kbits/sec    0    368 KBytes       
[  4] 897.00-898.00 sec   255 KBytes  2.09 Mbits/sec    0    389 KBytes       
[  4] 898.00-899.00 sec  1.37 MBytes  11.4 Mbits/sec    0    406 KBytes       
[  4] 899.00-900.00 sec   191 KBytes  1.56 Mbits/sec    0    454 KBytes       
[  4] 900.00-901.00 sec   573 KBytes  4.70 Mbits/sec    0    479 KBytes       
[  4] 901.00-902.00 sec  63.6 KBytes   522 Kbits/sec    4    469 KBytes       
[  4] 902.00-903.00 sec  0.00 Bytes  0.00 bits/sec   14    376 KBytes       
[  4] 903.00-904.00 sec  0.00 Bytes  0.00 bits/sec   14    352 KBytes       
[  4] 904.00-905.00 sec  0.00 Bytes  0.00 bits/sec    0    352 KBytes       
[  4] 905.00-906.00 sec   764 KBytes  6.26 Mbits/sec    0    354 KBytes       
[  4] 906.00-907.00 sec   318 KBytes  2.60 Mbits/sec    0    379 KBytes       
[  4] 907.00-908.00 sec   191 KBytes  1.56 Mbits/sec    0    402 KBytes       
[  4] 908.00-909.01 sec   191 KBytes  1.56 Mbits/sec    0    438 KBytes       
[  4] 909.01-910.00 sec   127 KBytes  1.05 Mbits/sec    0    455 KBytes       
[  4] 910.00-911.00 sec   255 KBytes  2.09 Mbits/sec    0    474 KBytes       
[  4] 911.00-912.00 sec   127 KBytes  1.04 Mbits/sec    0    481 KBytes       
[  4] 912.00-913.00 sec   127 KBytes  1.04 Mbits/sec    2    467 KBytes       
[  4] 913.00-914.00 sec  0.00 Bytes  0.00 bits/sec   21    361 KBytes       
[  4] 914.00-915.00 sec   191 KBytes  1.56 Mbits/sec    5    339 KBytes       
[  4] 915.00-916.00 sec  0.00 Bytes  0.00 bits/sec    0    339 KBytes       
[  4] 916.00-917.00 sec   573 KBytes  4.68 Mbits/sec    0    348 KBytes       
[  4] 917.00-918.00 sec   255 KBytes  2.09 Mbits/sec    0    363 KBytes       
[  4] 918.00-919.00 sec   127 KBytes  1.04 Mbits/sec    0    376 KBytes       
[  4] 919.00-920.00 sec   255 KBytes  2.09 Mbits/sec    0    390 KBytes       
[  4] 920.00-921.00 sec   127 KBytes  1.04 Mbits/sec    0    397 KBytes       
[  4] 921.00-922.00 sec   255 KBytes  2.08 Mbits/sec    0    403 KBytes       
[  4] 922.00-923.01 sec   127 KBytes  1.04 Mbits/sec    0    407 KBytes       
[  4] 923.01-924.00 sec   255 KBytes  2.10 Mbits/sec    0    413 KBytes       
[  4] 924.00-925.00 sec  63.6 KBytes   522 Kbits/sec    0    417 KBytes       
[  4] 925.00-926.00 sec   255 KBytes  2.08 Mbits/sec    0    438 KBytes       
[  4] 926.00-927.00 sec  63.6 KBytes   521 Kbits/sec    0    452 KBytes       
[  4] 927.00-928.00 sec   191 KBytes  1.56 Mbits/sec    0    485 KBytes       
[  4] 928.00-929.00 sec   573 KBytes  4.68 Mbits/sec    0    544 KBytes       
[  4] 929.00-930.00 sec   191 KBytes  1.57 Mbits/sec    9    513 KBytes       
[  4] 930.00-931.00 sec  0.00 Bytes  0.00 bits/sec    9    430 KBytes       
[  4] 931.00-932.00 sec  0.00 Bytes  0.00 bits/sec    7    397 KBytes       
[  4] 932.00-933.00 sec   255 KBytes  2.09 Mbits/sec    2    397 KBytes       
[  4] 933.00-934.00 sec   191 KBytes  1.56 Mbits/sec    0    397 KBytes       
[  4] 934.00-935.00 sec   573 KBytes  4.69 Mbits/sec    0    410 KBytes       
[  4] 935.00-936.00 sec   318 KBytes  2.61 Mbits/sec    0    450 KBytes       
[  4] 936.00-937.00 sec   318 KBytes  2.61 Mbits/sec    0    491 KBytes       
[  4] 937.00-938.00 sec   127 KBytes  1.04 Mbits/sec    0    510 KBytes       
[  4] 938.00-939.00 sec   382 KBytes  3.13 Mbits/sec    0    537 KBytes       
[  4] 939.00-940.00 sec   127 KBytes  1.04 Mbits/sec    0    546 KBytes       
[  4] 940.00-941.00 sec   255 KBytes  2.08 Mbits/sec    0    554 KBytes       
[  4] 941.00-942.00 sec   255 KBytes  2.09 Mbits/sec    0    560 KBytes       
[  4] 942.00-943.00 sec   255 KBytes  2.09 Mbits/sec    0    564 KBytes       
[  4] 943.00-944.00 sec   255 KBytes  2.08 Mbits/sec    0    570 KBytes       
[  4] 944.00-945.00 sec   318 KBytes  2.60 Mbits/sec    0    583 KBytes       
[  4] 945.00-946.00 sec   382 KBytes  3.12 Mbits/sec    0    604 KBytes       
[  4] 946.00-947.00 sec   382 KBytes  3.14 Mbits/sec    0    631 KBytes       
[  4] 947.00-948.00 sec   636 KBytes  5.21 Mbits/sec    0    684 KBytes       
[  4] 948.00-949.00 sec   318 KBytes  2.60 Mbits/sec    0    716 KBytes       
[  4] 949.00-950.00 sec   318 KBytes  2.61 Mbits/sec   16    703 KBytes       
[  4] 950.00-951.00 sec  0.00 Bytes  0.00 bits/sec   28    560 KBytes       
[  4] 951.00-952.00 sec  0.00 Bytes  0.00 bits/sec   13    532 KBytes       
[  4] 952.00-953.00 sec   318 KBytes  2.61 Mbits/sec    0    532 KBytes       
[  4] 953.00-954.00 sec   318 KBytes  2.61 Mbits/sec    0    532 KBytes       
[  4] 954.00-955.00 sec   891 KBytes  7.29 Mbits/sec    0    557 KBytes       
[  4] 955.00-956.00 sec   191 KBytes  1.56 Mbits/sec    0    584 KBytes       
[  4] 956.00-957.00 sec   382 KBytes  3.13 Mbits/sec    0    639 KBytes       
[  4] 957.00-958.00 sec   191 KBytes  1.56 Mbits/sec    0    666 KBytes       
[  4] 958.00-959.00 sec   445 KBytes  3.65 Mbits/sec    0    704 KBytes       
[  4] 959.00-960.00 sec   127 KBytes  1.04 Mbits/sec    0    714 KBytes       
[  4] 960.00-961.00 sec   318 KBytes  2.60 Mbits/sec    0    731 KBytes       
[  4] 961.00-962.00 sec   255 KBytes  2.08 Mbits/sec    0    741 KBytes       
[  4] 962.00-963.01 sec   445 KBytes  3.64 Mbits/sec    0    749 KBytes       
[  4] 963.01-964.00 sec   318 KBytes  2.62 Mbits/sec    0    755 KBytes       
[  4] 964.00-965.00 sec   191 KBytes  1.56 Mbits/sec    0    761 KBytes       
[  4] 965.00-966.01 sec   509 KBytes  4.16 Mbits/sec    0    779 KBytes       
[  4] 966.01-967.00 sec   191 KBytes  1.57 Mbits/sec    2    781 KBytes       
[  4] 967.00-968.00 sec  0.00 Bytes  0.00 bits/sec    5    648 KBytes       
[  4] 968.00-969.01 sec  0.00 Bytes  0.00 bits/sec   33    550 KBytes       
[  4] 969.01-970.00 sec   255 KBytes  2.09 Mbits/sec    0    550 KBytes       
[  4] 970.00-971.00 sec   954 KBytes  7.82 Mbits/sec    0    557 KBytes       
[  4] 971.00-972.00 sec   318 KBytes  2.61 Mbits/sec    0    594 KBytes       
[  4] 972.00-973.00 sec   382 KBytes  3.13 Mbits/sec    0    636 KBytes       
[  4] 973.00-974.00 sec   318 KBytes  2.61 Mbits/sec    0    683 KBytes       
[  4] 974.00-975.00 sec   255 KBytes  2.08 Mbits/sec    0    713 KBytes       
[  4] 975.00-976.00 sec   382 KBytes  3.13 Mbits/sec    0    740 KBytes       
[  4] 976.00-977.00 sec   318 KBytes  2.61 Mbits/sec    0    757 KBytes       
[  4] 977.00-978.00 sec   255 KBytes  2.08 Mbits/sec    0    765 KBytes       
[  4] 978.00-979.00 sec   445 KBytes  3.65 Mbits/sec    0    775 KBytes       
[  4] 979.00-980.00 sec   191 KBytes  1.56 Mbits/sec    0    778 KBytes       
[  4] 980.00-981.01 sec   382 KBytes  3.12 Mbits/sec    0    788 KBytes       
[  4] 981.01-982.00 sec   318 KBytes  2.62 Mbits/sec    0    793 KBytes       
[  4] 982.00-983.00 sec   509 KBytes  4.18 Mbits/sec    0    817 KBytes       
[  4] 983.00-984.00 sec   509 KBytes  4.17 Mbits/sec    0    843 KBytes       
[  4] 984.00-985.00 sec   382 KBytes  3.12 Mbits/sec    0    870 KBytes       
[  4] 985.00-986.00 sec  63.6 KBytes   522 Kbits/sec   54    697 KBytes       
[  4] 986.00-987.00 sec  0.00 Bytes  0.00 bits/sec   18    615 KBytes       
[  4] 987.00-988.01 sec  63.6 KBytes   519 Kbits/sec   37    615 KBytes       
[  4] 988.01-989.00 sec   636 KBytes  5.24 Mbits/sec    0    615 KBytes       
[  4] 989.00-990.00 sec  1018 KBytes  8.34 Mbits/sec    0    641 KBytes       
[  4] 990.00-991.00 sec   318 KBytes  2.60 Mbits/sec    0    675 KBytes       
[  4] 991.00-992.00 sec   382 KBytes  3.14 Mbits/sec   27    677 KBytes       
[  4] 992.00-993.00 sec   255 KBytes  2.09 Mbits/sec    4    662 KBytes       
[  4] 993.00-994.00 sec   445 KBytes  3.65 Mbits/sec    0    679 KBytes       
[  4] 994.00-995.00 sec   445 KBytes  3.65 Mbits/sec    0    680 KBytes       
[  4] 995.00-996.00 sec   318 KBytes  2.60 Mbits/sec    0    684 KBytes       
[  4] 996.00-997.00 sec   445 KBytes  3.65 Mbits/sec    0    694 KBytes       
[  4] 997.00-998.00 sec   318 KBytes  2.61 Mbits/sec    0    708 KBytes       
[  4] 998.00-999.00 sec   445 KBytes  3.65 Mbits/sec    0    742 KBytes       
[  4] 999.00-1000.00 sec   191 KBytes  1.57 Mbits/sec    0    771 KBytes       
[  4] 1000.00-1001.00 sec   382 KBytes  3.12 Mbits/sec    0    836 KBytes       
[  4] 1001.00-1002.00 sec   255 KBytes  2.08 Mbits/sec    0    882 KBytes       
[  4] 1002.00-1003.00 sec   891 KBytes  7.30 Mbits/sec    0    986 KBytes       
[  4] 1003.00-1004.00 sec  1.18 MBytes  9.90 Mbits/sec    0   1.10 MBytes       
[  4] 1004.00-1005.00 sec   445 KBytes  3.65 Mbits/sec    0   1.16 MBytes       
[  4] 1005.00-1006.00 sec   573 KBytes  4.69 Mbits/sec   26   1.18 MBytes       
[  4] 1006.00-1007.00 sec  0.00 Bytes  0.00 bits/sec   47   1.06 MBytes       
[  4] 1007.00-1008.00 sec  0.00 Bytes  0.00 bits/sec    0   1.06 MBytes       
[  4] 1008.00-1009.00 sec  0.00 Bytes  0.00 bits/sec  179    887 KBytes       
[  4] 1009.00-1010.00 sec  0.00 Bytes  0.00 bits/sec    5    887 KBytes       
[  4] 1010.00-1011.00 sec  63.6 KBytes   521 Kbits/sec    0    887 KBytes       
[  4] 1011.00-1012.00 sec  0.00 Bytes  0.00 bits/sec  119    843 KBytes       
[  4] 1012.00-1013.00 sec  0.00 Bytes  0.00 bits/sec   47    887 KBytes       
[  4] 1013.00-1014.00 sec  0.00 Bytes  0.00 bits/sec    1    887 KBytes       
[  4] 1014.00-1015.00 sec  0.00 Bytes  0.00 bits/sec   95    829 KBytes       
[  4] 1015.00-1016.00 sec   127 KBytes  1.04 Mbits/sec    1    535 KBytes       
[  4] 1016.00-1017.00 sec   318 KBytes  2.61 Mbits/sec    1   1.41 KBytes       
[  4] 1017.00-1018.00 sec  0.00 Bytes  0.00 bits/sec    0   1.41 KBytes       
[  4] 1018.00-1019.00 sec  2.50 MBytes  21.0 Mbits/sec   43   1020 KBytes       
[  4] 1019.00-1020.00 sec  1.23 MBytes  10.3 Mbits/sec    0   1.01 MBytes       
[  4] 1020.00-1021.00 sec   191 KBytes  1.56 Mbits/sec    0   1.02 MBytes       
[  4] 1021.00-1022.00 sec   255 KBytes  2.09 Mbits/sec    0   1.04 MBytes       
[  4] 1022.00-1023.00 sec   318 KBytes  2.61 Mbits/sec    0   1.05 MBytes       
[  4] 1023.00-1024.00 sec  63.6 KBytes   521 Kbits/sec   76    851 KBytes       
[  4] 1024.00-1025.00 sec  0.00 Bytes  0.00 bits/sec  118    758 KBytes       
[  4] 1025.00-1026.00 sec  0.00 Bytes  0.00 bits/sec    9    758 KBytes       
[  4] 1026.00-1027.00 sec  0.00 Bytes  0.00 bits/sec   26    758 KBytes       
[  4] 1027.00-1028.00 sec  0.00 Bytes  0.00 bits/sec   23    758 KBytes       
[  4] 1028.00-1029.00 sec  0.00 Bytes  0.00 bits/sec   43    757 KBytes       
[  4] 1029.00-1030.00 sec  0.00 Bytes  0.00 bits/sec   11    758 KBytes       
[  4] 1030.00-1031.00 sec  0.00 Bytes  0.00 bits/sec   50   1.41 KBytes       
[  4] 1031.00-1032.00 sec  63.6 KBytes   521 Kbits/sec    0   1.41 KBytes       
[  4] 1032.00-1033.00 sec  63.6 KBytes   522 Kbits/sec    0   1.41 KBytes       
[  4] 1033.00-1034.00 sec  0.00 Bytes  0.00 bits/sec    0   1.41 KBytes       
[  4] 1034.00-1035.00 sec  0.00 Bytes  0.00 bits/sec    0   1.41 KBytes       
[  4] 1035.00-1036.00 sec  0.00 Bytes  0.00 bits/sec    0   1.41 KBytes       
[  4] 1036.00-1037.00 sec  3.75 MBytes  31.5 Mbits/sec  166    901 KBytes       
[  4] 1037.00-1038.00 sec   932 KBytes  7.63 Mbits/sec    0    959 KBytes       
[  4] 1038.00-1039.00 sec  1.12 MBytes  9.38 Mbits/sec    0   1018 KBytes       
[  4] 1039.00-1040.00 sec  1.12 MBytes  9.38 Mbits/sec    0   1.05 MBytes       
[  4] 1040.00-1041.00 sec  1.12 MBytes  9.38 Mbits/sec    0   1.11 MBytes       
[  4] 1041.00-1042.00 sec  1.12 MBytes  9.38 Mbits/sec    0   1.17 MBytes       
[  4] 1042.00-1043.00 sec  1.12 MBytes  9.39 Mbits/sec    0   1.22 MBytes       
[  4] 1043.00-1044.00 sec  1.25 MBytes  10.5 Mbits/sec    0   1.28 MBytes       
[  4] 1044.00-1045.00 sec  1.25 MBytes  10.5 Mbits/sec    0   1.34 MBytes       
[  4] 1045.00-1046.00 sec  1.25 MBytes  10.5 Mbits/sec    0   1.39 MBytes       
[  4] 1046.00-1047.00 sec  1.25 MBytes  10.5 Mbits/sec    0   1.45 MBytes       
[  4] 1047.00-1048.00 sec  1.25 MBytes  10.5 Mbits/sec    0   1.51 MBytes       
[  4] 1048.00-1049.00 sec  1.25 MBytes  10.5 Mbits/sec    0   1.62 MBytes       
[  4] 1049.00-1050.00 sec  2.50 MBytes  21.0 Mbits/sec    0   1.81 MBytes       
[  4] 1050.00-1051.01 sec  1.25 MBytes  10.4 Mbits/sec    0   2.04 MBytes       
[  4] 1051.01-1052.00 sec  1.25 MBytes  10.5 Mbits/sec    0   2.20 MBytes       
[  4] 1052.00-1053.00 sec  1.25 MBytes  10.5 Mbits/sec    0   2.40 MBytes       
[  4] 1053.00-1054.00 sec  1.25 MBytes  10.5 Mbits/sec    0   2.74 MBytes       
[  4] 1054.00-1055.00 sec  1.25 MBytes  10.5 Mbits/sec    0   2.93 MBytes       
[  4] 1055.00-1056.00 sec  1.09 MBytes  9.12 Mbits/sec  331    830 KBytes       
[  4] 1056.00-1057.00 sec  63.6 KBytes   522 Kbits/sec  1159   1.72 MBytes       
[  4] 1057.00-1058.00 sec  1.25 MBytes  10.5 Mbits/sec    0   1.73 MBytes       
[  4] 1058.00-1059.00 sec   565 KBytes  4.63 Mbits/sec    0   2.11 MBytes       
[  4] 1059.00-1060.00 sec  0.00 Bytes  0.00 bits/sec  288   2.04 MBytes       
[  4] 1060.00-1061.00 sec  0.00 Bytes  0.00 bits/sec  169   2.11 MBytes       
[  4] 1061.00-1062.00 sec  0.00 Bytes  0.00 bits/sec   53   2.11 MBytes       
[  4] 1062.00-1063.00 sec  0.00 Bytes  0.00 bits/sec  215   2.11 MBytes       
[  4] 1063.00-1064.00 sec  0.00 Bytes  0.00 bits/sec  116   1.75 MBytes       
[  4] 1064.00-1065.00 sec  63.6 KBytes   522 Kbits/sec   20   2.83 KBytes       
[  4] 1065.00-1066.03 sec  0.00 Bytes  0.00 bits/sec   37   15.6 KBytes       
[  4] 1066.03-1067.02 sec  0.00 Bytes  0.00 bits/sec   52   29.7 KBytes       
[  4] 1067.02-1068.00 sec  0.00 Bytes  0.00 bits/sec   63   49.5 KBytes       
[  4] 1068.00-1069.00 sec  0.00 Bytes  0.00 bits/sec   99   77.8 KBytes       
[  4] 1069.00-1070.00 sec  0.00 Bytes  0.00 bits/sec  161    129 KBytes       
[  4] 1070.00-1071.00 sec  0.00 Bytes  0.00 bits/sec  122    173 KBytes       
[  4] 1071.00-1072.00 sec  0.00 Bytes  0.00 bits/sec  167    236 KBytes       
[  4] 1072.00-1073.00 sec  0.00 Bytes  0.00 bits/sec  229    324 KBytes       
[  4] 1073.00-1074.00 sec  0.00 Bytes  0.00 bits/sec  318    450 KBytes       
[  4] 1074.00-1075.00 sec  0.00 Bytes  0.00 bits/sec  447    632 KBytes       
[  4] 1075.00-1076.00 sec  0.00 Bytes  0.00 bits/sec  221    641 KBytes       
[  4] 1076.00-1077.00 sec  0.00 Bytes  0.00 bits/sec  156    641 KBytes       
[  4] 1077.00-1078.00 sec  0.00 Bytes  0.00 bits/sec  271    641 KBytes       
[  4] 1078.00-1079.00 sec  0.00 Bytes  0.00 bits/sec  324    641 KBytes       
[  4] 1079.00-1080.00 sec  0.00 Bytes  0.00 bits/sec  324    641 KBytes       
[  4] 1080.00-1081.00 sec  0.00 Bytes  0.00 bits/sec  324    641 KBytes       
[  4] 1081.00-1082.00 sec  0.00 Bytes  0.00 bits/sec    1   1.41 KBytes       
[  4] 1082.00-1083.00 sec  0.00 Bytes  0.00 bits/sec    8   11.3 KBytes       
[  4] 1083.00-1084.00 sec  0.00 Bytes  0.00 bits/sec   22   31.1 KBytes       
[  4] 1084.00-1085.00 sec  0.00 Bytes  0.00 bits/sec   85    120 KBytes       
[  4] 1085.00-1086.00 sec  0.00 Bytes  0.00 bits/sec  321    454 KBytes       
[  4] 1086.00-1087.00 sec  0.00 Bytes  0.00 bits/sec  410    592 KBytes       
[  4] 1087.00-1088.00 sec  0.00 Bytes  0.00 bits/sec  102    592 KBytes       
[  4] 1088.00-1089.00 sec  0.00 Bytes  0.00 bits/sec  209    592 KBytes       
[  4] 1089.00-1090.00 sec  0.00 Bytes  0.00 bits/sec  311    592 KBytes       
[  4] 1090.00-1091.00 sec  0.00 Bytes  0.00 bits/sec  311    592 KBytes       
[  4] 1091.00-1092.00 sec  0.00 Bytes  0.00 bits/sec  175    592 KBytes       
[  4] 1092.00-1093.00 sec  0.00 Bytes  0.00 bits/sec    1   1.41 KBytes       
[  4] 1093.00-1094.00 sec  0.00 Bytes  0.00 bits/sec    2   2.83 KBytes       
[  4] 1094.00-1095.00 sec  0.00 Bytes  0.00 bits/sec    4   5.66 KBytes       
[  4] 1095.00-1096.00 sec  0.00 Bytes  0.00 bits/sec   10   14.1 KBytes       
[  4] 1096.00-1097.00 sec  0.00 Bytes  0.00 bits/sec   39   55.1 KBytes       
[  4] 1097.00-1098.00 sec  0.00 Bytes  0.00 bits/sec   52    139 KBytes       
[  4] 1098.00-1099.00 sec  1.25 MBytes  10.5 Mbits/sec    0    512 KBytes       
[  4] 1099.00-1100.00 sec   629 KBytes  5.15 Mbits/sec    0    515 KBytes       
[  4] 1100.00-1100.00 sec  0.00 Bytes  0.00 bits/sec    0    515 KBytes       
- - - - - - - - - - - - - - - - - - - - - - - - -
[ ID] Interval           Transfer     Bandwidth       Retr
[  4]   0.00-1100.00 sec   200 MBytes  1.53 Mbits/sec  9521             sender
[  4]   0.00-1100.00 sec   194 MBytes  1.48 Mbits/sec                  receiver

iperf Done.
