-----------------------------------------------------------
Server listening on 5204
-----------------------------------------------------------
Accepted connection from 10.0.0.1, port 58939
[  5] local 10.0.0.2 port 5204 connected to 10.0.0.1 port 46116
[ ID] Interval           Transfer     Bandwidth
[  5]   0.00-1.00   sec  0.00 Bytes  0.00 bits/sec                  
[  5]   1.00-2.00   sec  0.00 Bytes  0.00 bits/sec                  
[  5]   2.00-3.00   sec  0.00 Bytes  0.00 bits/sec                  
[  5]   3.00-4.00   sec  14.1 KBytes   116 Kbits/sec                  
[  5]   4.00-5.01   sec  0.00 Bytes  0.00 bits/sec                  
[  5]   5.01-6.00   sec  22.6 KBytes   187 Kbits/sec                  
[  5]   6.00-7.00   sec  0.00 Bytes  0.00 bits/sec                  
[  5]   7.00-8.00   sec  0.00 Bytes  0.00 bits/sec                  
[  5]   8.00-9.00   sec  65.0 KBytes   533 Kbits/sec                  
[  5]   9.00-10.02  sec  1.41 KBytes  11.4 Kbits/sec                  
[  5]  10.02-11.00  sec  35.4 KBytes   294 Kbits/sec                  
[  5]  11.00-12.00  sec  0.00 Bytes  0.00 bits/sec                  
[  5]  12.00-13.00  sec  0.00 Bytes  0.00 bits/sec                  
[  5]  13.00-14.00  sec  0.00 Bytes  0.00 bits/sec                  
[  5]  14.00-15.00  sec  38.2 KBytes   313 Kbits/sec                  
[  5]  15.00-16.01  sec  0.00 Bytes  0.00 bits/sec                  
[  5]  16.01-17.00  sec  28.3 KBytes   232 Kbits/sec                  
[  5]  17.00-18.00  sec  0.00 Bytes  0.00 bits/sec                  
[  5]  18.00-19.01  sec  38.2 KBytes   310 Kbits/sec                  
[  5]  19.01-20.00  sec  0.00 Bytes  0.00 bits/sec                  
[  5]  20.00-21.00  sec  19.8 KBytes   162 Kbits/sec                  
[  5]  21.00-22.00  sec  19.8 KBytes   163 Kbits/sec                  
[  5]  22.00-23.00  sec  2.83 KBytes  23.2 Kbits/sec                  
[  5]  23.00-24.00  sec  35.4 KBytes   289 Kbits/sec                  
[  5]  24.00-25.01  sec  0.00 Bytes  0.00 bits/sec                  
[  5]  25.01-26.00  sec  52.3 KBytes   434 Kbits/sec                  
[  5]  26.00-27.00  sec  0.00 Bytes  0.00 bits/sec                  
[  5]  27.00-28.00  sec  79.2 KBytes   648 Kbits/sec                  
[  5]  28.00-29.00  sec  0.00 Bytes  0.00 bits/sec                  
[  5]  29.00-30.02  sec   119 KBytes   952 Kbits/sec                  
[  5]  30.02-31.00  sec  0.00 Bytes  0.00 bits/sec                  
[  5]  31.00-32.00  sec  1.41 KBytes  11.6 Kbits/sec                  
[  5]  32.00-33.00  sec  0.00 Bytes  0.00 bits/sec                  
[  5]  33.00-34.01  sec  77.8 KBytes   634 Kbits/sec                  
[  5]  34.01-35.00  sec  24.0 KBytes   198 Kbits/sec                  
[  5]  35.00-36.02  sec  0.00 Bytes  0.00 bits/sec                  
[  5]  36.02-37.00  sec  0.00 Bytes  0.00 bits/sec                  
[  5]  37.00-38.01  sec  0.00 Bytes  0.00 bits/sec                  
[  5]  38.01-39.01  sec   272 KBytes  2.22 Mbits/sec                  
[  5]  39.01-40.00  sec  82.0 KBytes   677 Kbits/sec                  
[  5]  40.00-41.00  sec  0.00 Bytes  0.00 bits/sec                  
[  5]  41.00-42.00  sec  82.0 KBytes   670 Kbits/sec                  
[  5]  42.00-43.00  sec  0.00 Bytes  0.00 bits/sec                  
[  5]  43.00-44.01  sec  86.3 KBytes   703 Kbits/sec                  
[  5]  44.01-45.01  sec  0.00 Bytes  0.00 bits/sec                  
[  5]  45.01-46.01  sec  91.9 KBytes   755 Kbits/sec                  
[  5]  46.01-47.01  sec  2.83 KBytes  23.0 Kbits/sec                  
[  5]  47.01-48.01  sec  0.00 Bytes  0.00 bits/sec                  
[  5]  48.01-49.02  sec   130 KBytes  1.06 Mbits/sec                  
[  5]  49.02-50.02  sec  0.00 Bytes  0.00 bits/sec                  
[  5]  50.02-51.02  sec  0.00 Bytes  0.00 bits/sec                  
[  5]  51.02-52.02  sec   161 KBytes  1.32 Mbits/sec                  
[  5]  52.02-53.02  sec  32.5 KBytes   267 Kbits/sec                  
[  5]  53.02-54.02  sec  0.00 Bytes  0.00 bits/sec                  
[  5]  54.02-55.02  sec  0.00 Bytes  0.00 bits/sec                  
[  5]  55.02-56.02  sec   191 KBytes  1.55 Mbits/sec                  
[  5]  56.02-57.02  sec  0.00 Bytes  0.00 bits/sec                  
[  5]  57.02-58.02  sec  0.00 Bytes  0.00 bits/sec                  
[  5]  58.02-59.02  sec  0.00 Bytes  0.00 bits/sec                  
[  5]  59.02-60.01  sec  4.24 KBytes  34.9 Kbits/sec                  
[  5]  60.01-61.01  sec  0.00 Bytes  0.00 bits/sec                  
[  5]  61.01-62.02  sec  0.00 Bytes  0.00 bits/sec                  
[  5]  62.02-63.01  sec   597 KBytes  4.90 Mbits/sec                  
[  5]  63.01-64.01  sec  60.8 KBytes   499 Kbits/sec                  
[  5]  64.01-65.01  sec   197 KBytes  1.61 Mbits/sec                  
[  5]  65.01-66.01  sec  0.00 Bytes  0.00 bits/sec                  
[  5]  66.01-67.02  sec  19.8 KBytes   162 Kbits/sec                  
[  5]  67.02-68.02  sec   215 KBytes  1.75 Mbits/sec                  
[  5]  68.02-69.02  sec  87.7 KBytes   718 Kbits/sec                  
[  5]  69.02-70.02  sec  0.00 Bytes  0.00 bits/sec                  
[  5]  70.02-71.02  sec  0.00 Bytes  0.00 bits/sec                  
[  5]  71.02-72.07  sec  0.00 Bytes  0.00 bits/sec                  
[  5]  72.07-73.03  sec   126 KBytes  1.08 Mbits/sec                  
[  5]  73.03-74.03  sec  0.00 Bytes  0.00 bits/sec                  
[  5]  74.03-75.02  sec  0.00 Bytes  0.00 bits/sec                  
[  5]  75.02-76.02  sec  0.00 Bytes  0.00 bits/sec                  
[  5]  76.02-77.03  sec  22.6 KBytes   185 Kbits/sec                  
[  5]  77.03-78.02  sec   452 KBytes  3.72 Mbits/sec                  
[  5]  78.02-79.02  sec  0.00 Bytes  0.00 bits/sec                  
[  5]  79.02-80.02  sec  0.00 Bytes  0.00 bits/sec                  
[  5]  80.02-81.02  sec   147 KBytes  1.20 Mbits/sec                  
[  5]  81.02-82.02  sec   136 KBytes  1.11 Mbits/sec                  
[  5]  82.02-83.08  sec  4.24 KBytes  32.8 Kbits/sec                  
[  5]  83.08-84.02  sec  0.00 Bytes  0.00 bits/sec                  
[  5]  84.02-85.02  sec   157 KBytes  1.29 Mbits/sec                  
[  5]  85.02-86.02  sec  46.7 KBytes   382 Kbits/sec                  
[  5]  86.02-87.02  sec   148 KBytes  1.22 Mbits/sec                  
[  5]  87.02-88.03  sec  0.00 Bytes  0.00 bits/sec                  
[  5]  88.03-89.02  sec  0.00 Bytes  0.00 bits/sec                  
[  5]  89.02-90.03  sec  87.7 KBytes   711 Kbits/sec                  
[  5]  90.03-91.03  sec   151 KBytes  1.25 Mbits/sec                  
[  5]  91.03-92.02  sec  5.66 KBytes  46.6 Kbits/sec                  
[  5]  92.02-93.02  sec  0.00 Bytes  0.00 bits/sec                  
[  5]  93.02-94.02  sec  0.00 Bytes  0.00 bits/sec                  
[  5]  94.02-95.02  sec  0.00 Bytes  0.00 bits/sec                  
[  5]  95.02-96.02  sec  0.00 Bytes  0.00 bits/sec                  
[  5]  96.02-97.02  sec  2.83 KBytes  23.2 Kbits/sec                  
[  5]  97.02-98.03  sec  0.00 Bytes  0.00 bits/sec                  
[  5]  98.03-99.02  sec  0.00 Bytes  0.00 bits/sec                  
[  5]  99.02-100.02 sec  0.00 Bytes  0.00 bits/sec                  
[  5] 100.02-101.03 sec  1.41 KBytes  11.5 Kbits/sec                  
[  5] 101.03-102.02 sec   106 KBytes   870 Kbits/sec                  
[  5] 102.02-103.03 sec  0.00 Bytes  0.00 bits/sec                  
[  5] 103.03-104.03 sec   690 KBytes  5.66 Mbits/sec                  
[  5] 104.03-105.02 sec   170 KBytes  1.39 Mbits/sec                  
[  5] 105.02-106.03 sec  2.83 KBytes  23.1 Kbits/sec                  
[  5] 106.03-107.02 sec  0.00 Bytes  0.00 bits/sec                  
[  5] 107.02-108.03 sec  0.00 Bytes  0.00 bits/sec                  
[  5] 108.03-109.02 sec  0.00 Bytes  0.00 bits/sec                  
[  5] 109.02-110.03 sec  76.4 KBytes   624 Kbits/sec                  
[  5] 110.03-111.03 sec  9.90 KBytes  81.1 Kbits/sec                  
[  5] 111.03-112.02 sec   433 KBytes  3.55 Mbits/sec                  
[  5] 112.02-113.02 sec   173 KBytes  1.41 Mbits/sec                  
[  5] 113.02-114.03 sec  60.8 KBytes   493 Kbits/sec                  
[  5] 114.03-115.02 sec  0.00 Bytes  0.00 bits/sec                  
[  5] 115.02-116.03 sec  89.1 KBytes   729 Kbits/sec                  
[  5] 116.03-117.03 sec   158 KBytes  1.30 Mbits/sec                  
[  5] 117.03-118.02 sec  80.6 KBytes   662 Kbits/sec                  
[  5] 118.02-119.03 sec  1.41 KBytes  11.5 Kbits/sec                  
[  5] 119.03-120.02 sec  55.1 KBytes   454 Kbits/sec                  
[  5] 120.02-121.03 sec   137 KBytes  1.12 Mbits/sec                  
[  5] 121.03-122.03 sec   148 KBytes  1.22 Mbits/sec                  
[  5] 122.03-123.02 sec  0.00 Bytes  0.00 bits/sec                  
[  5] 123.02-124.02 sec  9.90 KBytes  81.1 Kbits/sec                  
[  5] 124.02-125.03 sec  0.00 Bytes  0.00 bits/sec                  
[  5] 125.03-126.03 sec  0.00 Bytes  0.00 bits/sec                  
[  5] 126.03-127.02 sec  0.00 Bytes  0.00 bits/sec                  
[  5] 127.02-128.03 sec  0.00 Bytes  0.00 bits/sec                  
[  5] 128.03-129.02 sec  0.00 Bytes  0.00 bits/sec                  
[  5] 129.02-130.02 sec  26.9 KBytes   220 Kbits/sec                  
[  5] 130.02-131.02 sec   109 KBytes   892 Kbits/sec                  
[  5] 131.02-132.08 sec   236 KBytes  1.83 Mbits/sec                  
[  5] 132.08-133.03 sec   266 KBytes  2.31 Mbits/sec                  
[  5] 133.03-134.03 sec  2.83 KBytes  23.2 Kbits/sec                  
[  5] 134.03-135.02 sec  0.00 Bytes  0.00 bits/sec                  
[  5] 135.02-136.03 sec  82.0 KBytes   670 Kbits/sec                  
[  5] 136.03-137.03 sec   146 KBytes  1.19 Mbits/sec                  
[  5] 137.03-138.02 sec  96.2 KBytes   791 Kbits/sec                  
[  5] 138.02-139.08 sec  17.0 KBytes   132 Kbits/sec                  
[  5] 139.08-140.03 sec  0.00 Bytes  0.00 bits/sec                  
[  5] 140.03-141.03 sec  0.00 Bytes  0.00 bits/sec                  
[  5] 141.03-142.02 sec  0.00 Bytes  0.00 bits/sec                  
[  5] 142.02-143.03 sec  0.00 Bytes  0.00 bits/sec                  
[  5] 143.03-144.04 sec  0.00 Bytes  0.00 bits/sec                  
[  5] 144.04-145.03 sec  0.00 Bytes  0.00 bits/sec                  
[  5] 145.03-146.03 sec  39.6 KBytes   326 Kbits/sec                  
[  5] 146.03-147.03 sec   387 KBytes  3.16 Mbits/sec                  
[  5] 147.03-148.03 sec   188 KBytes  1.54 Mbits/sec                  
[  5] 148.03-149.03 sec  9.90 KBytes  80.9 Kbits/sec                  
[  5] 149.03-150.03 sec  0.00 Bytes  0.00 bits/sec                  
[  5] 150.03-151.03 sec  48.1 KBytes   396 Kbits/sec                  
[  5] 151.03-152.03 sec  96.2 KBytes   790 Kbits/sec                  
[  5] 152.03-153.03 sec   163 KBytes  1.33 Mbits/sec                  
[  5] 153.03-154.03 sec  14.1 KBytes   116 Kbits/sec                  
[  5] 154.03-155.04 sec  0.00 Bytes  0.00 bits/sec                  
[  5] 155.04-156.03 sec  45.2 KBytes   375 Kbits/sec                  
[  5] 156.03-157.03 sec  87.7 KBytes   713 Kbits/sec                  
[  5] 157.03-158.04 sec  32.5 KBytes   265 Kbits/sec                  
[  5] 158.04-159.04 sec  0.00 Bytes  0.00 bits/sec                  
[  5] 159.04-160.03 sec  0.00 Bytes  0.00 bits/sec                  
[  5] 160.03-161.03 sec  0.00 Bytes  0.00 bits/sec                  
[  5] 161.03-162.03 sec  0.00 Bytes  0.00 bits/sec                  
[  5] 162.03-163.03 sec  0.00 Bytes  0.00 bits/sec                  
[  5] 163.03-164.03 sec  0.00 Bytes  0.00 bits/sec                  
[  5] 164.03-165.07 sec  0.00 Bytes  0.00 bits/sec                  
[  5] 165.07-166.02 sec  0.00 Bytes  0.00 bits/sec                  
[  5] 166.02-167.02 sec   779 KBytes  6.38 Mbits/sec                  
[  5] 167.02-168.02 sec  35.4 KBytes   290 Kbits/sec                  
[  5] 168.02-169.02 sec  50.9 KBytes   417 Kbits/sec                  
[  5] 169.02-170.02 sec   156 KBytes  1.27 Mbits/sec                  
[  5] 170.02-171.02 sec  59.4 KBytes   487 Kbits/sec                  
[  5] 171.02-172.01 sec  31.1 KBytes   256 Kbits/sec                  
[  5] 172.01-173.01 sec   177 KBytes  1.45 Mbits/sec                  
[  5] 173.01-174.01 sec  11.3 KBytes  92.8 Kbits/sec                  
[  5] 174.01-175.01 sec   139 KBytes  1.14 Mbits/sec                  
[  5] 175.01-176.01 sec   103 KBytes   845 Kbits/sec                  
[  5] 176.01-177.02 sec  91.9 KBytes   744 Kbits/sec                  
[  5] 177.02-178.01 sec   154 KBytes  1.28 Mbits/sec                  
[  5] 178.01-179.01 sec  2.83 KBytes  23.2 Kbits/sec                  
[  5] 179.01-180.01 sec  35.4 KBytes   289 Kbits/sec                  
[  5] 180.01-181.01 sec  5.66 KBytes  46.4 Kbits/sec                  
[  5] 181.01-182.01 sec  0.00 Bytes  0.00 bits/sec                  
[  5] 182.01-183.01 sec  0.00 Bytes  0.00 bits/sec                  
[  5] 183.01-184.01 sec   354 KBytes  2.90 Mbits/sec                  
[  5] 184.01-185.01 sec  9.90 KBytes  81.0 Kbits/sec                  
[  5] 185.01-186.02 sec  7.07 KBytes  57.4 Kbits/sec                  
[  5] 186.02-187.01 sec   199 KBytes  1.65 Mbits/sec                  
[  5] 187.01-188.02 sec  15.6 KBytes   127 Kbits/sec                  
[  5] 188.02-189.02 sec  9.90 KBytes  81.1 Kbits/sec                  
[  5] 189.02-190.01 sec  48.1 KBytes   394 Kbits/sec                  
[  5] 190.01-191.01 sec  0.00 Bytes  0.00 bits/sec                  
[  5] 191.01-192.02 sec   294 KBytes  2.39 Mbits/sec                  
[  5] 192.02-193.02 sec  90.5 KBytes   741 Kbits/sec                  
[  5] 193.02-194.04 sec  5.66 KBytes  45.5 Kbits/sec                  
[  5] 194.04-195.01 sec  12.7 KBytes   107 Kbits/sec                  
[  5] 195.01-196.01 sec   191 KBytes  1.56 Mbits/sec                  
[  5] 196.01-197.02 sec  0.00 Bytes  0.00 bits/sec                  
[  5] 197.02-198.02 sec  0.00 Bytes  0.00 bits/sec                  
[  5] 198.02-199.01 sec  0.00 Bytes  0.00 bits/sec                  
[  5] 199.01-200.03 sec  14.1 KBytes   115 Kbits/sec                  
[  5] 200.03-201.02 sec   226 KBytes  1.87 Mbits/sec                  
[  5] 201.02-202.02 sec   143 KBytes  1.17 Mbits/sec                  
[  5] 202.02-203.04 sec  5.66 KBytes  45.2 Kbits/sec                  
[  5] 203.04-204.02 sec  53.7 KBytes   450 Kbits/sec                  
[  5] 204.02-205.01 sec   119 KBytes   979 Kbits/sec                  
[  5] 205.01-206.01 sec  5.66 KBytes  46.3 Kbits/sec                  
[  5] 206.01-207.02 sec  17.0 KBytes   139 Kbits/sec                  
[  5] 207.02-208.01 sec  0.00 Bytes  0.00 bits/sec                  
[  5] 208.01-209.02 sec  0.00 Bytes  0.00 bits/sec                  
[  5] 209.02-210.03 sec   226 KBytes  1.84 Mbits/sec                  
[  5] 210.03-211.02 sec  29.7 KBytes   246 Kbits/sec                  
[  5] 211.02-212.02 sec  2.83 KBytes  23.2 Kbits/sec                  
[  5] 212.02-213.02 sec   133 KBytes  1.09 Mbits/sec                  
[  5] 213.02-214.09 sec  7.07 KBytes  53.9 Kbits/sec                  
[  5] 214.09-215.02 sec  0.00 Bytes  0.00 bits/sec                  
[  5] 215.02-216.02 sec  38.2 KBytes   311 Kbits/sec                  
[  5] 216.02-217.02 sec   117 KBytes   962 Kbits/sec                  
[  5] 217.02-218.02 sec  0.00 Bytes  0.00 bits/sec                  
[  5] 218.02-219.02 sec  17.0 KBytes   139 Kbits/sec                  
[  5] 219.02-220.07 sec   117 KBytes   915 Kbits/sec                  
[  5] 220.07-221.03 sec  42.4 KBytes   364 Kbits/sec                  
[  5] 221.03-222.03 sec  0.00 Bytes  0.00 bits/sec                  
[  5] 222.03-223.03 sec  0.00 Bytes  0.00 bits/sec                  
[  5] 223.03-224.03 sec  0.00 Bytes  0.00 bits/sec                  
[  5] 224.03-225.03 sec  0.00 Bytes  0.00 bits/sec                  
[  5] 225.03-226.03 sec  0.00 Bytes  0.00 bits/sec                  
[  5] 226.03-227.03 sec  2.83 KBytes  23.1 Kbits/sec                  
[  5] 227.03-228.03 sec  1.41 KBytes  11.6 Kbits/sec                  
[  5] 228.03-229.03 sec   188 KBytes  1.55 Mbits/sec                  
[  5] 229.03-230.03 sec   191 KBytes  1.56 Mbits/sec                  
[  5] 230.03-231.03 sec  28.3 KBytes   233 Kbits/sec                  
[  5] 231.03-232.03 sec  0.00 Bytes  0.00 bits/sec                  
[  5] 232.03-233.03 sec  1.41 KBytes  11.6 Kbits/sec                  
[  5] 233.03-234.03 sec  48.1 KBytes   394 Kbits/sec                  
[  5] 234.03-235.03 sec  0.00 Bytes  0.00 bits/sec                  
[  5] 235.03-236.03 sec  0.00 Bytes  0.00 bits/sec                  
[  5] 236.03-237.04 sec  0.00 Bytes  0.00 bits/sec                  
[  5] 237.04-238.03 sec  0.00 Bytes  0.00 bits/sec                  
[  5] 238.03-239.03 sec   154 KBytes  1.26 Mbits/sec                  
[  5] 239.03-240.03 sec  0.00 Bytes  0.00 bits/sec                  
[  5] 240.03-241.03 sec  0.00 Bytes  0.00 bits/sec                  
[  5] 241.03-242.03 sec  0.00 Bytes  0.00 bits/sec                  
[  5] 242.03-243.03 sec   194 KBytes  1.59 Mbits/sec                  
[  5] 243.03-244.03 sec  65.0 KBytes   532 Kbits/sec                  
[  5] 244.03-245.04 sec  55.1 KBytes   449 Kbits/sec                  
[  5] 245.04-246.04 sec  4.24 KBytes  34.5 Kbits/sec                  
[  5] 246.04-247.03 sec  0.00 Bytes  0.00 bits/sec                  
[  5] 247.03-248.04 sec   109 KBytes   881 Kbits/sec                  
[  5] 248.04-249.03 sec  52.3 KBytes   434 Kbits/sec                  
[  5] 249.03-250.03 sec  7.07 KBytes  57.9 Kbits/sec                  
[  5] 250.03-251.03 sec  5.66 KBytes  46.3 Kbits/sec                  
[  5] 251.03-252.03 sec  5.66 KBytes  46.1 Kbits/sec                  
[  5] 252.03-253.03 sec  5.66 KBytes  46.6 Kbits/sec                  
[  5] 253.03-254.03 sec  0.00 Bytes  0.00 bits/sec                  
[  5] 254.03-255.03 sec  0.00 Bytes  0.00 bits/sec                  
[  5] 255.03-256.03 sec  0.00 Bytes  0.00 bits/sec                  
[  5] 256.03-257.03 sec  0.00 Bytes  0.00 bits/sec                  
[  5] 257.03-258.03 sec   173 KBytes  1.42 Mbits/sec                  
[  5] 258.03-259.04 sec  0.00 Bytes  0.00 bits/sec                  
[  5] 259.04-260.03 sec   134 KBytes  1.11 Mbits/sec                  
[  5] 260.03-261.03 sec  0.00 Bytes  0.00 bits/sec                  
[  5] 261.03-262.03 sec  0.00 Bytes  0.00 bits/sec                  
[  5] 262.03-263.03 sec  0.00 Bytes  0.00 bits/sec                  
[  5] 263.03-264.04 sec   146 KBytes  1.18 Mbits/sec                  
[  5] 264.04-265.03 sec  8.48 KBytes  70.1 Kbits/sec                  
[  5] 265.03-266.03 sec  0.00 Bytes  0.00 bits/sec                  
[  5] 266.03-267.03 sec  60.8 KBytes   497 Kbits/sec                  
[  5] 267.03-268.03 sec  18.4 KBytes   151 Kbits/sec                  
[  5] 268.03-269.03 sec  22.6 KBytes   185 Kbits/sec                  
[  5] 269.03-270.02 sec  0.00 Bytes  0.00 bits/sec                  
[  5] 270.02-271.02 sec  26.9 KBytes   220 Kbits/sec                  
[  5] 271.02-272.02 sec  49.5 KBytes   405 Kbits/sec                  
[  5] 272.02-273.02 sec  0.00 Bytes  0.00 bits/sec                  
[  5] 273.02-274.02 sec  0.00 Bytes  0.00 bits/sec                  
[  5] 274.02-275.02 sec  0.00 Bytes  0.00 bits/sec                  
[  5] 275.02-276.02 sec  39.6 KBytes   325 Kbits/sec                  
[  5] 276.02-277.02 sec  0.00 Bytes  0.00 bits/sec                  
[  5] 277.02-278.02 sec  0.00 Bytes  0.00 bits/sec                  
[  5] 278.02-279.02 sec   103 KBytes   847 Kbits/sec                  
[  5] 279.02-280.02 sec  1.41 KBytes  11.6 Kbits/sec                  
[  5] 280.02-281.02 sec  0.00 Bytes  0.00 bits/sec                  
[  5] 281.02-282.02 sec  0.00 Bytes  0.00 bits/sec                  
[  5] 282.02-283.02 sec   185 KBytes  1.52 Mbits/sec                  
[  5] 283.02-284.02 sec  2.83 KBytes  23.2 Kbits/sec                  
[  5] 284.02-285.02 sec  8.48 KBytes  69.3 Kbits/sec                  
[  5] 285.02-286.02 sec  73.5 KBytes   604 Kbits/sec                  
[  5] 286.02-287.02 sec  18.4 KBytes   150 Kbits/sec                  
[  5] 287.02-288.03 sec  8.48 KBytes  68.5 Kbits/sec                  
[  5] 288.03-289.02 sec  70.7 KBytes   589 Kbits/sec                  
[  5] 289.02-290.02 sec  0.00 Bytes  0.00 bits/sec                  
[  5] 290.02-291.02 sec  58.0 KBytes   474 Kbits/sec                  
[  5] 291.02-292.02 sec  28.3 KBytes   232 Kbits/sec                  
[  5] 292.02-293.02 sec   107 KBytes   882 Kbits/sec                  
[  5] 293.02-294.02 sec  0.00 Bytes  0.00 bits/sec                  
[  5] 294.02-295.02 sec  70.7 KBytes   579 Kbits/sec                  
[  5] 295.02-296.02 sec  79.2 KBytes   647 Kbits/sec                  
[  5] 296.02-297.03 sec  9.90 KBytes  80.6 Kbits/sec                  
[  5] 297.03-298.02 sec  32.5 KBytes   269 Kbits/sec                  
[  5] 298.02-299.02 sec  70.7 KBytes   579 Kbits/sec                  
[  5] 299.02-300.02 sec  0.00 Bytes  0.00 bits/sec                  
[  5] 300.02-301.03 sec  0.00 Bytes  0.00 bits/sec                  
[  5] 301.03-302.02 sec  0.00 Bytes  0.00 bits/sec                  
[  5] 302.02-303.03 sec  96.2 KBytes   783 Kbits/sec                  
[  5] 303.03-304.02 sec  4.24 KBytes  35.0 Kbits/sec                  
[  5] 304.02-305.02 sec   105 KBytes   858 Kbits/sec                  
[  5] 305.02-306.02 sec   216 KBytes  1.77 Mbits/sec                  
[  5] 306.02-307.02 sec  26.9 KBytes   220 Kbits/sec                  
[  5] 307.02-308.02 sec  0.00 Bytes  0.00 bits/sec                  
[  5] 308.02-309.03 sec  0.00 Bytes  0.00 bits/sec                  
[  5] 309.03-310.02 sec  0.00 Bytes  0.00 bits/sec                  
[  5] 310.02-311.02 sec  9.90 KBytes  81.3 Kbits/sec                  
[  5] 311.02-312.03 sec   269 KBytes  2.19 Mbits/sec                  
[  5] 312.03-313.02 sec  69.3 KBytes   571 Kbits/sec                  
[  5] 313.02-314.02 sec  8.48 KBytes  69.6 Kbits/sec                  
[  5] 314.02-315.03 sec  79.2 KBytes   644 Kbits/sec                  
[  5] 315.03-316.02 sec  77.8 KBytes   642 Kbits/sec                  
[  5] 316.02-317.02 sec  7.07 KBytes  57.9 Kbits/sec                  
[  5] 317.02-318.02 sec  82.0 KBytes   671 Kbits/sec                  
[  5] 318.02-319.02 sec  73.5 KBytes   602 Kbits/sec                  
[  5] 319.02-320.02 sec  12.7 KBytes   104 Kbits/sec                  
[  5] 320.02-321.02 sec  12.7 KBytes   104 Kbits/sec                  
[  5] 321.02-322.02 sec  15.6 KBytes   127 Kbits/sec                  
[  5] 322.02-323.02 sec  0.00 Bytes  0.00 bits/sec                  
[  5] 323.02-324.02 sec  0.00 Bytes  0.00 bits/sec                  
[  5] 324.02-325.02 sec  11.3 KBytes  92.6 Kbits/sec                  
[  5] 325.02-326.02 sec  0.00 Bytes  0.00 bits/sec                  
[  5] 326.02-327.02 sec  0.00 Bytes  0.00 bits/sec                  
[  5] 327.02-328.03 sec  0.00 Bytes  0.00 bits/sec                  
[  5] 328.03-329.03 sec  0.00 Bytes  0.00 bits/sec                  
[  5] 329.03-330.03 sec   376 KBytes  3.06 Mbits/sec                  
[  5] 330.03-331.03 sec  36.8 KBytes   303 Kbits/sec                  
[  5] 331.03-332.03 sec  15.6 KBytes   127 Kbits/sec                  
[  5] 332.03-333.03 sec  2.83 KBytes  23.1 Kbits/sec                  
[  5] 333.03-334.04 sec  0.00 Bytes  0.00 bits/sec                  
[  5] 334.04-335.03 sec  80.6 KBytes   667 Kbits/sec                  
[  5] 335.03-336.03 sec  77.8 KBytes   636 Kbits/sec                  
[  5] 336.03-337.04 sec  2.83 KBytes  22.9 Kbits/sec                  
[  5] 337.04-338.04 sec  18.4 KBytes   152 Kbits/sec                  
[  5] 338.04-339.03 sec  31.1 KBytes   256 Kbits/sec                  
[  5] 339.03-340.03 sec  74.9 KBytes   614 Kbits/sec                  
[  5] 340.03-341.03 sec  56.6 KBytes   463 Kbits/sec                  
[  5] 341.03-342.03 sec  26.9 KBytes   220 Kbits/sec                  
[  5] 342.03-343.04 sec  2.83 KBytes  23.0 Kbits/sec                  
[  5] 343.04-344.09 sec  25.5 KBytes   199 Kbits/sec                  
[  5] 344.09-345.03 sec  46.7 KBytes   404 Kbits/sec                  
[  5] 345.03-346.03 sec  59.4 KBytes   487 Kbits/sec                  
[  5] 346.03-347.03 sec  0.00 Bytes  0.00 bits/sec                  
[  5] 347.03-348.04 sec  0.00 Bytes  0.00 bits/sec                  
[  5] 348.04-349.04 sec  0.00 Bytes  0.00 bits/sec                  
[  5] 349.04-350.03 sec  0.00 Bytes  0.00 bits/sec                  
[  5] 350.03-351.03 sec  0.00 Bytes  0.00 bits/sec                  
[  5] 351.03-352.03 sec  50.9 KBytes   417 Kbits/sec                  
[  5] 352.03-353.03 sec  0.00 Bytes  0.00 bits/sec                  
[  5] 353.03-354.03 sec  0.00 Bytes  0.00 bits/sec                  
[  5] 354.03-355.03 sec  0.00 Bytes  0.00 bits/sec                  
[  5] 355.03-356.03 sec  0.00 Bytes  0.00 bits/sec                  
[  5] 356.03-357.03 sec   324 KBytes  2.66 Mbits/sec                  
[  5] 357.03-358.03 sec  1.41 KBytes  11.6 Kbits/sec                  
[  5] 358.03-359.03 sec  0.00 Bytes  0.00 bits/sec                  
[  5] 359.03-360.03 sec  0.00 Bytes  0.00 bits/sec                  
[  5] 360.03-361.03 sec   257 KBytes  2.11 Mbits/sec                  
[  5] 361.03-362.03 sec  1.41 KBytes  11.6 Kbits/sec                  
[  5] 362.03-363.02 sec   240 KBytes  1.97 Mbits/sec                  
[  5] 363.02-364.02 sec   150 KBytes  1.23 Mbits/sec                  
[  5] 364.02-365.02 sec  14.1 KBytes   116 Kbits/sec                  
[  5] 365.02-366.03 sec  24.0 KBytes   196 Kbits/sec                  
[  5] 366.03-367.03 sec   180 KBytes  1.46 Mbits/sec                  
[  5] 367.03-368.02 sec  2.83 KBytes  23.4 Kbits/sec                  
[  5] 368.02-369.02 sec  21.2 KBytes   174 Kbits/sec                  
[  5] 369.02-370.02 sec  72.1 KBytes   591 Kbits/sec                  
[  5] 370.02-371.02 sec   124 KBytes  1.02 Mbits/sec                  
[  5] 371.02-372.03 sec  5.66 KBytes  46.2 Kbits/sec                  
[  5] 372.03-373.02 sec  21.2 KBytes   174 Kbits/sec                  
[  5] 373.02-374.03 sec  2.83 KBytes  23.0 Kbits/sec                  
[  5] 374.03-375.02 sec  0.00 Bytes  0.00 bits/sec                  
[  5] 375.02-376.03 sec  0.00 Bytes  0.00 bits/sec                  
[  5] 376.03-377.03 sec  19.8 KBytes   161 Kbits/sec                  
[  5] 377.03-378.07 sec   182 KBytes  1.43 Mbits/sec                  
[  5] 378.07-379.04 sec  17.0 KBytes   144 Kbits/sec                  
[  5] 379.04-380.03 sec  25.5 KBytes   210 Kbits/sec                  
[  5] 380.03-381.02 sec  69.3 KBytes   571 Kbits/sec                  
[  5] 381.02-382.03 sec  0.00 Bytes  0.00 bits/sec                  
[  5] 382.03-383.02 sec  0.00 Bytes  0.00 bits/sec                  
[  5] 383.02-384.03 sec   247 KBytes  2.02 Mbits/sec                  
[  5] 384.03-385.03 sec  32.5 KBytes   267 Kbits/sec                  
[  5] 385.03-386.03 sec  19.8 KBytes   162 Kbits/sec                  
[  5] 386.03-387.03 sec  28.3 KBytes   230 Kbits/sec                  
[  5] 387.03-388.03 sec  97.6 KBytes   804 Kbits/sec                  
[  5] 388.03-389.03 sec  33.9 KBytes   278 Kbits/sec                  
[  5] 389.03-390.02 sec   122 KBytes   997 Kbits/sec                  
[  5] 390.02-391.02 sec  26.9 KBytes   220 Kbits/sec                  
[  5] 391.02-392.03 sec  11.3 KBytes  92.6 Kbits/sec                  
[  5] 392.03-393.03 sec  2.83 KBytes  23.2 Kbits/sec                  
[  5] 393.03-394.03 sec  0.00 Bytes  0.00 bits/sec                  
[  5] 394.03-395.03 sec  0.00 Bytes  0.00 bits/sec                  
[  5] 395.03-396.03 sec  0.00 Bytes  0.00 bits/sec                  
[  5] 396.03-397.00 sec  19.8 KBytes   168 Kbits/sec                  
[  5] 397.00-398.03 sec  21.2 KBytes   168 Kbits/sec                  
[  5] 398.03-399.03 sec  0.00 Bytes  0.00 bits/sec                  
[  5] 399.03-400.03 sec  0.00 Bytes  0.00 bits/sec                  
[  5] 400.03-401.03 sec  0.00 Bytes  0.00 bits/sec                  
[  5] 401.03-402.03 sec   281 KBytes  2.31 Mbits/sec                  
[  5] 402.03-403.03 sec  4.24 KBytes  34.7 Kbits/sec                  
[  5] 403.03-404.03 sec  46.7 KBytes   383 Kbits/sec                  
[  5] 404.03-405.03 sec  63.6 KBytes   521 Kbits/sec                  
[  5] 405.03-406.03 sec  11.3 KBytes  92.7 Kbits/sec                  
[  5] 406.03-407.03 sec  0.00 Bytes  0.00 bits/sec                  
[  5] 407.03-408.03 sec  0.00 Bytes  0.00 bits/sec                  
[  5] 408.03-409.03 sec  24.0 KBytes   197 Kbits/sec                  
[  5] 409.03-410.03 sec  0.00 Bytes  0.00 bits/sec                  
[  5] 410.03-411.03 sec  69.3 KBytes   566 Kbits/sec                  
[  5] 411.03-412.03 sec   113 KBytes   929 Kbits/sec                  
[  5] 412.03-413.03 sec  25.5 KBytes   209 Kbits/sec                  
[  5] 413.03-414.00 sec  70.7 KBytes   594 Kbits/sec                  
[  5] 414.00-415.00 sec  35.4 KBytes   289 Kbits/sec                  
[  5] 415.00-416.03 sec  0.00 Bytes  0.00 bits/sec                  
[  5] 416.03-417.00 sec   119 KBytes  1.00 Mbits/sec                  
[  5] 417.00-418.00 sec  17.0 KBytes   139 Kbits/sec                  
[  5] 418.00-419.00 sec  21.2 KBytes   174 Kbits/sec                  
[  5] 419.00-420.03 sec  43.8 KBytes   350 Kbits/sec                  
[  5] 420.03-421.00 sec  74.9 KBytes   631 Kbits/sec                  
[  5] 421.00-422.03 sec  14.1 KBytes   113 Kbits/sec                  
[  5] 422.03-423.00 sec  43.8 KBytes   370 Kbits/sec                  
[  5] 423.00-424.03 sec  2.83 KBytes  22.5 Kbits/sec                  
[  5] 424.03-425.03 sec  0.00 Bytes  0.00 bits/sec                  
[  5] 425.03-426.00 sec  0.00 Bytes  0.00 bits/sec                  
[  5] 426.00-427.00 sec  0.00 Bytes  0.00 bits/sec                  
[  5] 427.00-428.00 sec   123 KBytes  1.01 Mbits/sec                  
[  5] 428.00-429.00 sec  36.8 KBytes   301 Kbits/sec                  
[  5] 429.00-430.00 sec   221 KBytes  1.81 Mbits/sec                  
[  5] 430.00-431.03 sec  22.6 KBytes   179 Kbits/sec                  
[  5] 431.03-432.03 sec  74.9 KBytes   614 Kbits/sec                  
[  5] 432.03-433.00 sec  36.8 KBytes   311 Kbits/sec                  
[  5] 433.00-434.00 sec  60.8 KBytes   498 Kbits/sec                  
[  5] 434.00-435.00 sec  28.3 KBytes   232 Kbits/sec                  
[  5] 435.00-436.00 sec  66.5 KBytes   545 Kbits/sec                  
[  5] 436.00-437.04 sec  41.0 KBytes   324 Kbits/sec                  
[  5] 437.04-438.00 sec  8.48 KBytes  72.0 Kbits/sec                  
[  5] 438.00-439.00 sec  0.00 Bytes  0.00 bits/sec                  
[  5] 439.00-440.04 sec  0.00 Bytes  0.00 bits/sec                  
[  5] 440.04-441.00 sec  0.00 Bytes  0.00 bits/sec                  
[  5] 441.00-442.00 sec  0.00 Bytes  0.00 bits/sec                  
[  5] 442.00-443.00 sec  8.48 KBytes  69.4 Kbits/sec                  
[  5] 443.00-444.00 sec  70.7 KBytes   580 Kbits/sec                  
[  5] 444.00-445.00 sec   284 KBytes  2.33 Mbits/sec                  
[  5] 445.00-446.00 sec  33.9 KBytes   278 Kbits/sec                  
[  5] 446.00-447.04 sec  12.7 KBytes   101 Kbits/sec                  
[  5] 447.04-448.00 sec  0.00 Bytes  0.00 bits/sec                  
[  5] 448.00-449.00 sec  8.48 KBytes  69.5 Kbits/sec                  
[  5] 449.00-450.00 sec  8.48 KBytes  69.5 Kbits/sec                  
[  5] 450.00-451.00 sec  0.00 Bytes  0.00 bits/sec                  
[  5] 451.00-452.00 sec  0.00 Bytes  0.00 bits/sec                  
[  5] 452.00-453.09 sec  0.00 Bytes  0.00 bits/sec                  
[  5] 453.09-454.00 sec  0.00 Bytes  0.00 bits/sec                  
[  5] 454.00-455.00 sec  32.5 KBytes   267 Kbits/sec                  
[  5] 455.00-456.00 sec  80.6 KBytes   659 Kbits/sec                  
[  5] 456.00-457.00 sec  0.00 Bytes  0.00 bits/sec                  
[  5] 457.00-458.04 sec  0.00 Bytes  0.00 bits/sec                  
[  5] 458.04-459.00 sec  0.00 Bytes  0.00 bits/sec                  
[  5] 459.00-460.04 sec  0.00 Bytes  0.00 bits/sec                  
[  5] 460.04-461.00 sec  0.00 Bytes  0.00 bits/sec                  
[  5] 461.00-462.00 sec   156 KBytes  1.27 Mbits/sec                  
[  5] 462.00-463.03 sec  0.00 Bytes  0.00 bits/sec                  
[  5] 463.03-464.00 sec  0.00 Bytes  0.00 bits/sec                  
[  5] 464.00-465.00 sec  65.0 KBytes   534 Kbits/sec                  
[  5] 465.00-466.00 sec  43.8 KBytes   358 Kbits/sec                  
[  5] 466.00-467.00 sec  0.00 Bytes  0.00 bits/sec                  
[  5] 467.00-468.00 sec   106 KBytes   870 Kbits/sec                  
[  5] 468.00-469.03 sec  76.4 KBytes   607 Kbits/sec                  
[  5] 469.03-470.00 sec  0.00 Bytes  0.00 bits/sec                  
[  5] 470.00-471.00 sec  80.6 KBytes   660 Kbits/sec                  
[  5] 471.00-472.03 sec  25.5 KBytes   203 Kbits/sec                  
[  5] 472.03-473.00 sec  4.24 KBytes  35.8 Kbits/sec                  
[  5] 473.00-474.00 sec   102 KBytes   834 Kbits/sec                  
[  5] 474.00-475.00 sec  11.3 KBytes  92.8 Kbits/sec                  
[  5] 475.00-476.00 sec   124 KBytes  1.02 Mbits/sec                  
[  5] 476.00-477.00 sec  11.3 KBytes  92.6 Kbits/sec                  
[  5] 477.00-478.00 sec  45.2 KBytes   371 Kbits/sec                  
[  5] 478.00-479.00 sec   100 KBytes   821 Kbits/sec                  
[  5] 479.00-480.00 sec  26.9 KBytes   220 Kbits/sec                  
[  5] 480.00-481.00 sec  0.00 Bytes  0.00 bits/sec                  
[  5] 481.00-482.00 sec  0.00 Bytes  0.00 bits/sec                  
[  5] 482.00-483.00 sec  0.00 Bytes  0.00 bits/sec                  
[  5] 483.00-484.00 sec  0.00 Bytes  0.00 bits/sec                  
[  5] 484.00-485.00 sec  0.00 Bytes  0.00 bits/sec                  
[  5] 485.00-486.03 sec  0.00 Bytes  0.00 bits/sec                  
[  5] 486.03-487.00 sec  0.00 Bytes  0.00 bits/sec                  
[  5] 487.00-488.00 sec  0.00 Bytes  0.00 bits/sec                  
[  5] 488.00-489.00 sec  0.00 Bytes  0.00 bits/sec                  
[  5] 489.00-490.00 sec   409 KBytes  3.35 Mbits/sec                  
[  5] 490.00-491.00 sec  0.00 Bytes  0.00 bits/sec                  
[  5] 491.00-492.00 sec  0.00 Bytes  0.00 bits/sec                  
[  5] 492.00-493.00 sec  2.83 KBytes  23.1 Kbits/sec                  
[  5] 493.00-494.00 sec   205 KBytes  1.68 Mbits/sec                  
[  5] 494.00-495.00 sec  0.00 Bytes  0.00 bits/sec                  
[  5] 495.00-496.00 sec  0.00 Bytes  0.00 bits/sec                  
[  5] 496.00-497.03 sec   192 KBytes  1.53 Mbits/sec                  
[  5] 497.03-498.00 sec  58.0 KBytes   489 Kbits/sec                  
[  5] 498.00-499.03 sec  53.7 KBytes   428 Kbits/sec                  
[  5] 499.03-500.00 sec   106 KBytes   894 Kbits/sec                  
[  5] 500.00-501.00 sec  0.00 Bytes  0.00 bits/sec                  
[  5] 501.00-502.00 sec  80.6 KBytes   661 Kbits/sec                  
[  5] 502.00-503.00 sec  33.9 KBytes   278 Kbits/sec                  
[  5] 503.00-504.00 sec  2.83 KBytes  23.2 Kbits/sec                  
[  5] 504.00-505.00 sec  0.00 Bytes  0.00 bits/sec                  
[  5] 505.00-506.00 sec  87.7 KBytes   718 Kbits/sec                  
[  5] 506.00-507.03 sec  0.00 Bytes  0.00 bits/sec                  
[  5] 507.03-508.00 sec  0.00 Bytes  0.00 bits/sec                  
[  5] 508.00-509.00 sec  0.00 Bytes  0.00 bits/sec                  
[  5] 509.00-510.03 sec  28.3 KBytes   226 Kbits/sec                  
[  5] 510.03-511.03 sec  52.3 KBytes   429 Kbits/sec                  
[  5] 511.03-512.00 sec  0.00 Bytes  0.00 bits/sec                  
[  5] 512.00-513.00 sec   139 KBytes  1.14 Mbits/sec                  
[  5] 513.00-514.03 sec  0.00 Bytes  0.00 bits/sec                  
[  5] 514.03-515.00 sec  0.00 Bytes  0.00 bits/sec                  
[  5] 515.00-516.04 sec  0.00 Bytes  0.00 bits/sec                  
[  5] 516.04-517.00 sec  22.6 KBytes   194 Kbits/sec                  
[  5] 517.00-518.03 sec  0.00 Bytes  0.00 bits/sec                  
[  5] 518.03-519.00 sec  1.41 KBytes  11.9 Kbits/sec                  
[  5] 519.00-520.00 sec   136 KBytes  1.11 Mbits/sec                  
[  5] 520.00-521.00 sec  0.00 Bytes  0.00 bits/sec                  
[  5] 521.00-522.00 sec  0.00 Bytes  0.00 bits/sec                  
[  5] 522.00-523.04 sec   115 KBytes   908 Kbits/sec                  
[  5] 523.04-524.00 sec  1.41 KBytes  12.0 Kbits/sec                  
[  5] 524.00-525.00 sec  0.00 Bytes  0.00 bits/sec                  
[  5] 525.00-526.00 sec  66.5 KBytes   543 Kbits/sec                  
[  5] 526.00-527.04 sec  2.83 KBytes  22.4 Kbits/sec                  
[  5] 527.04-528.00 sec  0.00 Bytes  0.00 bits/sec                  
[  5] 528.00-529.00 sec  70.7 KBytes   580 Kbits/sec                  
[  5] 529.00-530.00 sec  1.41 KBytes  11.6 Kbits/sec                  
[  5] 530.00-531.00 sec  2.83 KBytes  23.1 Kbits/sec                  
[  5] 531.00-532.00 sec  2.83 KBytes  23.3 Kbits/sec                  
[  5] 532.00-533.00 sec  0.00 Bytes  0.00 bits/sec                  
[  5] 533.00-534.00 sec  0.00 Bytes  0.00 bits/sec                  
[  5] 534.00-535.03 sec  0.00 Bytes  0.00 bits/sec                  
[  5] 535.03-536.00 sec  0.00 Bytes  0.00 bits/sec                  
[  5] 536.00-537.00 sec  89.1 KBytes   730 Kbits/sec                  
[  5] 537.00-538.00 sec  0.00 Bytes  0.00 bits/sec                  
[  5] 538.00-539.03 sec  0.00 Bytes  0.00 bits/sec                  
[  5] 539.03-540.00 sec  82.0 KBytes   695 Kbits/sec                  
[  5] 540.00-541.00 sec  17.0 KBytes   139 Kbits/sec                  
[  5] 541.00-542.00 sec  0.00 Bytes  0.00 bits/sec                  
[  5] 542.00-543.00 sec  0.00 Bytes  0.00 bits/sec                  
[  5] 543.00-544.00 sec  50.9 KBytes   419 Kbits/sec                  
[  5] 544.00-545.04 sec  0.00 Bytes  0.00 bits/sec                  
[  5] 545.04-546.00 sec  0.00 Bytes  0.00 bits/sec                  
[  5] 546.00-547.00 sec  0.00 Bytes  0.00 bits/sec                  
[  5] 547.00-548.00 sec  84.8 KBytes   698 Kbits/sec                  
[  5] 548.00-549.00 sec  0.00 Bytes  0.00 bits/sec                  
[  5] 549.00-550.03 sec  0.00 Bytes  0.00 bits/sec                  
[  5] 550.03-551.00 sec  0.00 Bytes  0.00 bits/sec                  
[  5] 551.00-552.01 sec  84.8 KBytes   693 Kbits/sec                  
[  5] 552.01-553.00 sec  15.6 KBytes   128 Kbits/sec                  
[  5] 553.00-554.00 sec  0.00 Bytes  0.00 bits/sec                  
[  5] 554.00-555.03 sec  33.9 KBytes   269 Kbits/sec                  
[  5] 555.03-556.04 sec  39.6 KBytes   322 Kbits/sec                  
[  5] 556.04-557.00 sec  0.00 Bytes  0.00 bits/sec                  
[  5] 557.00-558.00 sec  0.00 Bytes  0.00 bits/sec                  
[  5] 558.00-559.00 sec  60.8 KBytes   497 Kbits/sec                  
[  5] 559.00-560.00 sec  22.6 KBytes   186 Kbits/sec                  
[  5] 560.00-561.00 sec  0.00 Bytes  0.00 bits/sec                  
[  5] 561.00-562.00 sec  0.00 Bytes  0.00 bits/sec                  
[  5] 562.00-563.00 sec  1.41 KBytes  11.6 Kbits/sec                  
[  5] 563.00-564.04 sec  0.00 Bytes  0.00 bits/sec                  
[  5] 564.04-565.00 sec  0.00 Bytes  0.00 bits/sec                  
[  5] 565.00-566.00 sec  0.00 Bytes  0.00 bits/sec                  
[  5] 566.00-567.00 sec  7.07 KBytes  57.9 Kbits/sec                  
[  5] 567.00-568.00 sec  0.00 Bytes  0.00 bits/sec                  
[  5] 568.00-569.00 sec  0.00 Bytes  0.00 bits/sec                  
[  5] 569.00-570.00 sec  0.00 Bytes  0.00 bits/sec                  
[  5] 570.00-571.04 sec   240 KBytes  1.90 Mbits/sec                  
[  5] 571.04-572.00 sec  31.1 KBytes   265 Kbits/sec                  
[  5] 572.00-573.00 sec  0.00 Bytes  0.00 bits/sec                  
[  5] 573.00-574.00 sec  0.00 Bytes  0.00 bits/sec                  
[  5] 574.00-575.04 sec  42.4 KBytes   335 Kbits/sec                  
[  5] 575.04-576.04 sec  21.2 KBytes   174 Kbits/sec                  
[  5] 576.04-577.00 sec  0.00 Bytes  0.00 bits/sec                  
[  5] 577.00-578.04 sec  0.00 Bytes  0.00 bits/sec                  
[  5] 578.04-579.00 sec  45.2 KBytes   384 Kbits/sec                  
[  5] 579.00-580.00 sec  22.6 KBytes   185 Kbits/sec                  
[  5] 580.00-581.00 sec  0.00 Bytes  0.00 bits/sec                  
[  5] 581.00-582.00 sec  0.00 Bytes  0.00 bits/sec                  
[  5] 582.00-583.00 sec  53.7 KBytes   441 Kbits/sec                  
[  5] 583.00-584.04 sec  28.3 KBytes   224 Kbits/sec                  
[  5] 584.04-585.00 sec  0.00 Bytes  0.00 bits/sec                  
[  5] 585.00-586.00 sec  76.4 KBytes   626 Kbits/sec                  
[  5] 586.00-587.00 sec  5.66 KBytes  46.4 Kbits/sec                  
[  5] 587.00-588.00 sec  41.0 KBytes   336 Kbits/sec                  
[  5] 588.00-589.00 sec  0.00 Bytes  0.00 bits/sec                  
[  5] 589.00-590.04 sec   109 KBytes   859 Kbits/sec                  
[  5] 590.04-591.00 sec  8.48 KBytes  72.4 Kbits/sec                  
[  5] 591.00-592.01 sec  0.00 Bytes  0.00 bits/sec                  
[  5] 592.01-593.00 sec  0.00 Bytes  0.00 bits/sec                  
[  5] 593.00-594.00 sec  0.00 Bytes  0.00 bits/sec                  
[  5] 594.00-595.00 sec  0.00 Bytes  0.00 bits/sec                  
[  5] 595.00-596.04 sec  28.3 KBytes   224 Kbits/sec                  
[  5] 596.04-597.00 sec  0.00 Bytes  0.00 bits/sec                  
[  5] 597.00-598.00 sec   206 KBytes  1.69 Mbits/sec                  
[  5] 598.00-599.00 sec  1.41 KBytes  11.6 Kbits/sec                  
[  5] 599.00-600.00 sec   154 KBytes  1.26 Mbits/sec                  
[  5] 600.00-601.04 sec  0.00 Bytes  0.00 bits/sec                  
[  5] 601.04-602.00 sec  42.4 KBytes   360 Kbits/sec                  
[  5] 602.00-603.00 sec  0.00 Bytes  0.00 bits/sec                  
[  5] 603.00-604.00 sec  0.00 Bytes  0.00 bits/sec                  
[  5] 604.00-605.00 sec  0.00 Bytes  0.00 bits/sec                  
[  5] 605.00-606.04 sec  53.7 KBytes   426 Kbits/sec                  
[  5] 606.04-607.00 sec  0.00 Bytes  0.00 bits/sec                  
[  5] 607.00-608.00 sec  0.00 Bytes  0.00 bits/sec                  
[  5] 608.00-609.01 sec   272 KBytes  2.21 Mbits/sec                  
[  5] 609.01-610.00 sec  21.2 KBytes   174 Kbits/sec                  
[  5] 610.00-611.00 sec  8.48 KBytes  69.6 Kbits/sec                  
[  5] 611.00-612.00 sec  94.7 KBytes   777 Kbits/sec                  
[  5] 612.00-613.00 sec  7.07 KBytes  57.9 Kbits/sec                  
[  5] 613.00-614.00 sec  19.8 KBytes   162 Kbits/sec                  
[  5] 614.00-615.00 sec  8.48 KBytes  69.5 Kbits/sec                  
[  5] 615.00-616.00 sec  65.0 KBytes   531 Kbits/sec                  
[  5] 616.00-617.00 sec  25.5 KBytes   209 Kbits/sec                  
[  5] 617.00-618.00 sec  0.00 Bytes  0.00 bits/sec                  
[  5] 618.00-619.00 sec  77.8 KBytes   637 Kbits/sec                  
[  5] 619.00-620.04 sec  2.83 KBytes  22.4 Kbits/sec                  
[  5] 620.04-621.00 sec  25.5 KBytes   216 Kbits/sec                  
[  5] 621.00-622.00 sec  2.83 KBytes  23.2 Kbits/sec                  
[  5] 622.00-623.00 sec  12.7 KBytes   104 Kbits/sec                  
[  5] 623.00-624.00 sec  0.00 Bytes  0.00 bits/sec                  
[  5] 624.00-625.00 sec  0.00 Bytes  0.00 bits/sec                  
[  5] 625.00-626.00 sec  0.00 Bytes  0.00 bits/sec                  
[  5] 626.00-627.00 sec  59.4 KBytes   487 Kbits/sec                  
[  5] 627.00-628.00 sec  0.00 Bytes  0.00 bits/sec                  
[  5] 628.00-629.04 sec  0.00 Bytes  0.00 bits/sec                  
[  5] 629.04-630.00 sec  0.00 Bytes  0.00 bits/sec                  
[  5] 630.00-631.00 sec  0.00 Bytes  0.00 bits/sec                  
[  5] 631.00-632.00 sec   238 KBytes  1.95 Mbits/sec                  
[  5] 632.00-633.00 sec  0.00 Bytes  0.00 bits/sec                  
[  5] 633.00-634.00 sec  41.0 KBytes   337 Kbits/sec                  
[  5] 634.00-635.00 sec  0.00 Bytes  0.00 bits/sec                  
[  5] 635.00-636.00 sec  0.00 Bytes  0.00 bits/sec                  
[  5] 636.00-637.00 sec  0.00 Bytes  0.00 bits/sec                  
[  5] 637.00-638.00 sec   146 KBytes  1.19 Mbits/sec                  
[  5] 638.00-639.00 sec  0.00 Bytes  0.00 bits/sec                  
[  5] 639.00-640.00 sec  87.7 KBytes   719 Kbits/sec                  
[  5] 640.00-641.04 sec  8.48 KBytes  67.0 Kbits/sec                  
[  5] 641.04-642.00 sec  63.6 KBytes   540 Kbits/sec                  
[  5] 642.00-643.00 sec  33.9 KBytes   279 Kbits/sec                  
[  5] 643.00-644.00 sec  8.48 KBytes  69.5 Kbits/sec                  
[  5] 644.00-645.00 sec  0.00 Bytes  0.00 bits/sec                  
[  5] 645.00-646.00 sec  86.3 KBytes   706 Kbits/sec                  
[  5] 646.00-647.00 sec  25.5 KBytes   209 Kbits/sec                  
[  5] 647.00-648.00 sec  8.48 KBytes  69.5 Kbits/sec                  
[  5] 648.00-649.00 sec  0.00 Bytes  0.00 bits/sec                  
[  5] 649.00-650.04 sec  0.00 Bytes  0.00 bits/sec                  
[  5] 650.04-651.04 sec  0.00 Bytes  0.00 bits/sec                  
[  5] 651.04-652.00 sec  0.00 Bytes  0.00 bits/sec                  
[  5] 652.00-653.00 sec  0.00 Bytes  0.00 bits/sec                  
[  5] 653.00-654.01 sec   164 KBytes  1.33 Mbits/sec                  
[  5] 654.01-655.00 sec  0.00 Bytes  0.00 bits/sec                  
[  5] 655.00-656.00 sec  24.0 KBytes   197 Kbits/sec                  
[  5] 656.00-657.00 sec  0.00 Bytes  0.00 bits/sec                  
[  5] 657.00-658.00 sec  0.00 Bytes  0.00 bits/sec                  
[  5] 658.00-659.00 sec  0.00 Bytes  0.00 bits/sec                  
[  5] 659.00-660.00 sec  0.00 Bytes  0.00 bits/sec                  
[  5] 660.00-661.00 sec  0.00 Bytes  0.00 bits/sec                  
[  5] 661.00-662.00 sec  11.3 KBytes  92.8 Kbits/sec                  
[  5] 662.00-663.00 sec  0.00 Bytes  0.00 bits/sec                  
[  5] 663.00-664.00 sec  0.00 Bytes  0.00 bits/sec                  
[  5] 664.00-665.00 sec  0.00 Bytes  0.00 bits/sec                  
[  5] 665.00-666.00 sec   253 KBytes  2.07 Mbits/sec                  
[  5] 666.00-667.01 sec  62.2 KBytes   507 Kbits/sec                  
[  5] 667.01-668.00 sec  26.9 KBytes   222 Kbits/sec                  
[  5] 668.00-669.00 sec  31.1 KBytes   255 Kbits/sec                  
[  5] 669.00-670.00 sec  35.4 KBytes   290 Kbits/sec                  
[  5] 670.00-671.01 sec  32.5 KBytes   265 Kbits/sec                  
[  5] 671.01-672.00 sec  33.9 KBytes   280 Kbits/sec                  
[  5] 672.00-673.00 sec  11.3 KBytes  92.7 Kbits/sec                  
[  5] 673.00-674.00 sec  62.2 KBytes   508 Kbits/sec                  
[  5] 674.00-675.00 sec  4.24 KBytes  34.9 Kbits/sec                  
[  5] 675.00-676.00 sec  28.3 KBytes   232 Kbits/sec                  
[  5] 676.00-677.00 sec  0.00 Bytes  0.00 bits/sec                  
[  5] 677.00-678.00 sec  0.00 Bytes  0.00 bits/sec                  
[  5] 678.00-679.00 sec  0.00 Bytes  0.00 bits/sec                  
[  5] 679.00-680.00 sec  4.24 KBytes  34.7 Kbits/sec                  
[  5] 680.00-681.00 sec  50.9 KBytes   418 Kbits/sec                  
[  5] 681.00-682.00 sec  84.8 KBytes   694 Kbits/sec                  
[  5] 682.00-683.00 sec  0.00 Bytes  0.00 bits/sec                  
[  5] 683.00-684.00 sec   117 KBytes   960 Kbits/sec                  
[  5] 684.00-685.00 sec  33.9 KBytes   278 Kbits/sec                  
[  5] 685.00-686.00 sec  39.6 KBytes   324 Kbits/sec                  
[  5] 686.00-687.00 sec  7.07 KBytes  57.8 Kbits/sec                  
[  5] 687.00-688.00 sec  49.5 KBytes   406 Kbits/sec                  
[  5] 688.00-689.04 sec  4.24 KBytes  33.4 Kbits/sec                  
[  5] 689.04-690.00 sec  0.00 Bytes  0.00 bits/sec                  
[  5] 690.00-691.00 sec  0.00 Bytes  0.00 bits/sec                  
[  5] 691.00-692.00 sec  0.00 Bytes  0.00 bits/sec                  
[  5] 692.00-693.00 sec   216 KBytes  1.77 Mbits/sec                  
[  5] 693.00-694.00 sec  2.83 KBytes  23.1 Kbits/sec                  
[  5] 694.00-695.00 sec  48.1 KBytes   395 Kbits/sec                  
[  5] 695.00-696.00 sec  7.07 KBytes  57.9 Kbits/sec                  
[  5] 696.00-697.00 sec  63.6 KBytes   521 Kbits/sec                  
[  5] 697.00-698.00 sec  0.00 Bytes  0.00 bits/sec                  
[  5] 698.00-699.00 sec  5.66 KBytes  46.3 Kbits/sec                  
[  5] 699.00-700.00 sec  0.00 Bytes  0.00 bits/sec                  
[  5] 700.00-701.00 sec  0.00 Bytes  0.00 bits/sec                  
[  5] 701.00-702.00 sec  0.00 Bytes  0.00 bits/sec                  
[  5] 702.00-703.00 sec  8.48 KBytes  69.7 Kbits/sec                  
[  5] 703.00-704.00 sec  9.90 KBytes  81.1 Kbits/sec                  
[  5] 704.00-705.00 sec   100 KBytes   822 Kbits/sec                  
[  5] 705.00-706.00 sec  2.83 KBytes  23.2 Kbits/sec                  
[  5] 706.00-707.00 sec  66.5 KBytes   543 Kbits/sec                  
[  5] 707.00-708.00 sec  0.00 Bytes  0.00 bits/sec                  
[  5] 708.00-709.00 sec  0.00 Bytes  0.00 bits/sec                  
[  5] 709.00-710.00 sec  0.00 Bytes  0.00 bits/sec                  
[  5] 710.00-711.00 sec  0.00 Bytes  0.00 bits/sec                  
[  5] 711.00-712.04 sec  0.00 Bytes  0.00 bits/sec                  
[  5] 712.04-713.00 sec  1.41 KBytes  12.0 Kbits/sec                  
[  5] 713.00-714.00 sec  0.00 Bytes  0.00 bits/sec                  
[  5] 714.00-715.01 sec   205 KBytes  1.67 Mbits/sec                  
[  5] 715.01-716.00 sec  18.4 KBytes   152 Kbits/sec                  
[  5] 716.00-717.00 sec  14.1 KBytes   116 Kbits/sec                  
[  5] 717.00-718.00 sec  21.2 KBytes   174 Kbits/sec                  
[  5] 718.00-719.00 sec  5.66 KBytes  46.3 Kbits/sec                  
[  5] 719.00-720.00 sec  7.07 KBytes  57.9 Kbits/sec                  
[  5] 720.00-721.00 sec  8.48 KBytes  69.4 Kbits/sec                  
[  5] 721.00-722.00 sec  0.00 Bytes  0.00 bits/sec                  
[  5] 722.00-723.00 sec  0.00 Bytes  0.00 bits/sec                  
[  5] 723.00-724.00 sec  0.00 Bytes  0.00 bits/sec                  
[  5] 724.00-725.00 sec  28.3 KBytes   232 Kbits/sec                  
[  5] 725.00-726.00 sec  0.00 Bytes  0.00 bits/sec                  
[  5] 726.00-727.00 sec  49.5 KBytes   406 Kbits/sec                  
[  5] 727.00-728.00 sec  17.0 KBytes   139 Kbits/sec                  
[  5] 728.00-729.00 sec  12.7 KBytes   104 Kbits/sec                  
[  5] 729.00-730.00 sec  4.24 KBytes  34.8 Kbits/sec                  
[  5] 730.00-731.00 sec  26.9 KBytes   220 Kbits/sec                  
[  5] 731.00-732.00 sec  18.4 KBytes   151 Kbits/sec                  
[  5] 732.00-733.00 sec  2.83 KBytes  23.1 Kbits/sec                  
[  5] 733.00-734.00 sec  7.07 KBytes  58.1 Kbits/sec                  
[  5] 734.00-735.00 sec  28.3 KBytes   231 Kbits/sec                  
[  5] 735.00-736.00 sec  24.0 KBytes   197 Kbits/sec                  
[  5] 736.00-737.00 sec  8.48 KBytes  69.6 Kbits/sec                  
[  5] 737.00-738.00 sec  43.8 KBytes   359 Kbits/sec                  
[  5] 738.00-739.00 sec  39.6 KBytes   325 Kbits/sec                  
[  5] 739.00-740.00 sec  1.41 KBytes  11.6 Kbits/sec                  
[  5] 740.00-741.00 sec  76.4 KBytes   625 Kbits/sec                  
[  5] 741.00-742.00 sec  46.7 KBytes   382 Kbits/sec                  
[  5] 742.00-743.00 sec  14.1 KBytes   115 Kbits/sec                  
[  5] 743.00-744.00 sec  5.66 KBytes  46.5 Kbits/sec                  
[  5] 744.00-745.00 sec  33.9 KBytes   278 Kbits/sec                  
[  5] 745.00-746.04 sec   107 KBytes   848 Kbits/sec                  
[  5] 746.04-747.01 sec  0.00 Bytes  0.00 bits/sec                  
[  5] 747.01-748.00 sec  0.00 Bytes  0.00 bits/sec                  
[  5] 748.00-749.01 sec  0.00 Bytes  0.00 bits/sec                  
[  5] 749.01-750.00 sec  12.7 KBytes   105 Kbits/sec                  
[  5] 750.00-751.00 sec  2.83 KBytes  23.2 Kbits/sec                  
[  5] 751.00-752.00 sec  22.6 KBytes   186 Kbits/sec                  
[  5] 752.00-753.00 sec   221 KBytes  1.80 Mbits/sec                  
[  5] 753.00-754.00 sec  0.00 Bytes  0.00 bits/sec                  
[  5] 754.00-755.00 sec  0.00 Bytes  0.00 bits/sec                  
[  5] 755.00-756.04 sec  0.00 Bytes  0.00 bits/sec                  
[  5] 756.04-757.00 sec  0.00 Bytes  0.00 bits/sec                  
[  5] 757.00-758.00 sec  0.00 Bytes  0.00 bits/sec                  
[  5] 758.00-759.00 sec  0.00 Bytes  0.00 bits/sec                  
[  5] 759.00-760.00 sec  0.00 Bytes  0.00 bits/sec                  
[  5] 760.00-761.00 sec  0.00 Bytes  0.00 bits/sec                  
[  5] 761.00-762.00 sec  0.00 Bytes  0.00 bits/sec                  
[  5] 762.00-763.00 sec  0.00 Bytes  0.00 bits/sec                  
[  5] 763.00-764.00 sec  0.00 Bytes  0.00 bits/sec                  
[  5] 764.00-765.00 sec  0.00 Bytes  0.00 bits/sec                  
[  5] 765.00-766.00 sec  0.00 Bytes  0.00 bits/sec                  
[  5] 766.00-767.00 sec  0.00 Bytes  0.00 bits/sec                  
[  5] 767.00-768.00 sec  1.41 KBytes  11.6 Kbits/sec                  
[  5] 768.00-769.00 sec  0.00 Bytes  0.00 bits/sec                  
[  5] 769.00-770.00 sec  0.00 Bytes  0.00 bits/sec                  
[  5] 770.00-771.00 sec  21.2 KBytes   174 Kbits/sec                  
[  5] 771.00-772.00 sec  0.00 Bytes  0.00 bits/sec                  
[  5] 772.00-773.00 sec  0.00 Bytes  0.00 bits/sec                  
[  5] 773.00-774.00 sec  0.00 Bytes  0.00 bits/sec                  
[  5] 774.00-775.01 sec   598 KBytes  4.88 Mbits/sec                  
[  5] 775.01-776.00 sec  0.00 Bytes  0.00 bits/sec                  
[  5] 776.00-777.00 sec  0.00 Bytes  0.00 bits/sec                  
[  5] 777.00-778.00 sec  2.83 KBytes  23.2 Kbits/sec                  
[  5] 778.00-779.01 sec   147 KBytes  1.20 Mbits/sec                  
[  5] 779.01-780.00 sec  0.00 Bytes  0.00 bits/sec                  
[  5] 780.00-781.00 sec  0.00 Bytes  0.00 bits/sec                  
[  5] 781.00-782.00 sec   130 KBytes  1.07 Mbits/sec                  
[  5] 782.00-783.00 sec  87.7 KBytes   718 Kbits/sec                  
[  5] 783.00-784.00 sec  0.00 Bytes  0.00 bits/sec                  
[  5] 784.00-785.00 sec  0.00 Bytes  0.00 bits/sec                  
[  5] 785.00-786.00 sec   310 KBytes  2.54 Mbits/sec                  
[  5] 786.00-787.00 sec  0.00 Bytes  0.00 bits/sec                  
[  5] 787.00-788.00 sec  0.00 Bytes  0.00 bits/sec                  
[  5] 788.00-789.00 sec  0.00 Bytes  0.00 bits/sec                  
[  5] 789.00-790.00 sec  2.83 KBytes  23.2 Kbits/sec                  
[  5] 790.00-791.01 sec  0.00 Bytes  0.00 bits/sec                  
[  5] 791.01-792.00 sec  0.00 Bytes  0.00 bits/sec                  
[  5] 792.00-793.00 sec   395 KBytes  3.24 Mbits/sec                  
[  5] 793.00-794.00 sec  32.5 KBytes   266 Kbits/sec                  
[  5] 794.00-795.00 sec  0.00 Bytes  0.00 bits/sec                  
[  5] 795.00-796.00 sec   266 KBytes  2.17 Mbits/sec                  
[  5] 796.00-797.00 sec   208 KBytes  1.70 Mbits/sec                  
[  5] 797.00-798.00 sec  0.00 Bytes  0.00 bits/sec                  
[  5] 798.00-799.00 sec  0.00 Bytes  0.00 bits/sec                  
[  5] 799.00-800.00 sec   147 KBytes  1.20 Mbits/sec                  
[  5] 800.00-801.00 sec  91.9 KBytes   753 Kbits/sec                  
[  5] 801.00-802.00 sec  0.00 Bytes  0.00 bits/sec                  
[  5] 802.00-803.00 sec  0.00 Bytes  0.00 bits/sec                  
[  5] 803.00-804.00 sec  0.00 Bytes  0.00 bits/sec                  
[  5] 804.00-805.00 sec  48.1 KBytes   394 Kbits/sec                  
[  5] 805.00-806.00 sec  0.00 Bytes  0.00 bits/sec                  
[  5] 806.00-807.00 sec   274 KBytes  2.25 Mbits/sec                  
[  5] 807.00-808.00 sec   337 KBytes  2.76 Mbits/sec                  
[  5] 808.00-809.00 sec  0.00 Bytes  0.00 bits/sec                  
[  5] 809.00-810.00 sec   109 KBytes   891 Kbits/sec                  
[  5] 810.00-811.00 sec   184 KBytes  1.51 Mbits/sec                  
[  5] 811.00-812.00 sec  5.66 KBytes  46.3 Kbits/sec                  
[  5] 812.00-813.00 sec  0.00 Bytes  0.00 bits/sec                  
[  5] 813.00-814.02 sec  0.00 Bytes  0.00 bits/sec                  
[  5] 814.02-815.01 sec  0.00 Bytes  0.00 bits/sec                  
[  5] 815.01-816.01 sec  0.00 Bytes  0.00 bits/sec                  
[  5] 816.01-817.05 sec  0.00 Bytes  0.00 bits/sec                  
[  5] 817.05-818.00 sec  0.00 Bytes  0.00 bits/sec                  
[  5] 818.00-819.00 sec  0.00 Bytes  0.00 bits/sec                  
[  5] 819.00-820.01 sec   109 KBytes   888 Kbits/sec                  
[  5] 820.01-821.00 sec   399 KBytes  3.29 Mbits/sec                  
[  5] 821.00-822.01 sec  2.83 KBytes  23.0 Kbits/sec                  
[  5] 822.01-823.00 sec  0.00 Bytes  0.00 bits/sec                  
[  5] 823.00-824.00 sec  0.00 Bytes  0.00 bits/sec                  
[  5] 824.00-825.00 sec   247 KBytes  2.03 Mbits/sec                  
[  5] 825.00-826.00 sec  31.1 KBytes   255 Kbits/sec                  
[  5] 826.00-827.00 sec  0.00 Bytes  0.00 bits/sec                  
[  5] 827.00-828.00 sec  0.00 Bytes  0.00 bits/sec                  
[  5] 828.00-829.05 sec  82.0 KBytes   644 Kbits/sec                  
[  5] 829.05-830.00 sec   235 KBytes  2.01 Mbits/sec                  
[  5] 830.00-831.00 sec  0.00 Bytes  0.00 bits/sec                  
[  5] 831.00-832.00 sec  0.00 Bytes  0.00 bits/sec                  
[  5] 832.00-833.00 sec  41.0 KBytes   335 Kbits/sec                  
[  5] 833.00-834.01 sec   291 KBytes  2.38 Mbits/sec                  
[  5] 834.01-835.00 sec   119 KBytes   978 Kbits/sec                  
[  5] 835.00-836.00 sec  0.00 Bytes  0.00 bits/sec                  
[  5] 836.00-837.00 sec  0.00 Bytes  0.00 bits/sec                  
[  5] 837.00-838.00 sec  50.9 KBytes   417 Kbits/sec                  
[  5] 838.00-839.00 sec  0.00 Bytes  0.00 bits/sec                  
[  5] 839.00-840.00 sec  0.00 Bytes  0.00 bits/sec                  
[  5] 840.00-841.00 sec  0.00 Bytes  0.00 bits/sec                  
[  5] 841.00-842.00 sec   115 KBytes   939 Kbits/sec                  
[  5] 842.00-843.00 sec   708 KBytes  5.81 Mbits/sec                  
[  5] 843.00-844.00 sec  4.24 KBytes  34.7 Kbits/sec                  
[  5] 844.00-845.01 sec  0.00 Bytes  0.00 bits/sec                  
[  5] 845.01-846.00 sec  79.2 KBytes   652 Kbits/sec                  
[  5] 846.00-847.00 sec  99.0 KBytes   810 Kbits/sec                  
[  5] 847.00-848.00 sec  0.00 Bytes  0.00 bits/sec                  
[  5] 848.00-849.00 sec  0.00 Bytes  0.00 bits/sec                  
[  5] 849.00-850.00 sec  0.00 Bytes  0.00 bits/sec                  
[  5] 850.00-851.00 sec   266 KBytes  2.18 Mbits/sec                  
[  5] 851.00-852.00 sec  0.00 Bytes  0.00 bits/sec                  
[  5] 852.00-853.01 sec  4.24 KBytes  34.4 Kbits/sec                  
[  5] 853.01-854.00 sec   362 KBytes  3.00 Mbits/sec                  
[  5] 854.00-855.00 sec   414 KBytes  3.38 Mbits/sec                  
[  5] 855.00-856.00 sec  0.00 Bytes  0.00 bits/sec                  
[  5] 856.00-857.00 sec   139 KBytes  1.14 Mbits/sec                  
[  5] 857.00-858.00 sec   163 KBytes  1.33 Mbits/sec                  
[  5] 858.00-859.00 sec  0.00 Bytes  0.00 bits/sec                  
[  5] 859.00-860.00 sec   195 KBytes  1.60 Mbits/sec                  
[  5] 860.00-861.00 sec  84.8 KBytes   694 Kbits/sec                  
[  5] 861.00-862.00 sec   107 KBytes   878 Kbits/sec                  
[  5] 862.00-863.00 sec   191 KBytes  1.57 Mbits/sec                  
[  5] 863.00-864.00 sec  0.00 Bytes  0.00 bits/sec                  
[  5] 864.00-865.00 sec  77.8 KBytes   639 Kbits/sec                  
[  5] 865.00-866.00 sec  87.7 KBytes   718 Kbits/sec                  
[  5] 866.00-867.00 sec   153 KBytes  1.25 Mbits/sec                  
[  5] 867.00-868.00 sec  0.00 Bytes  0.00 bits/sec                  
[  5] 868.00-869.00 sec  2.83 KBytes  23.2 Kbits/sec                  
[  5] 869.00-870.00 sec  0.00 Bytes  0.00 bits/sec                  
[  5] 870.00-871.00 sec  0.00 Bytes  0.00 bits/sec                  
[  5] 871.00-872.00 sec  0.00 Bytes  0.00 bits/sec                  
[  5] 872.00-873.00 sec  0.00 Bytes  0.00 bits/sec                  
[  5] 873.00-874.00 sec  0.00 Bytes  0.00 bits/sec                  
[  5] 874.00-875.00 sec  0.00 Bytes  0.00 bits/sec                  
[  5] 875.00-876.00 sec  0.00 Bytes  0.00 bits/sec                  
[  5] 876.00-877.00 sec  0.00 Bytes  0.00 bits/sec                  
[  5] 877.00-878.00 sec  0.00 Bytes  0.00 bits/sec                  
[  5] 878.00-879.00 sec  0.00 Bytes  0.00 bits/sec                  
[  5] 879.00-880.00 sec  0.00 Bytes  0.00 bits/sec                  
[  5] 880.00-881.00 sec  0.00 Bytes  0.00 bits/sec                  
[  5] 881.00-882.00 sec  0.00 Bytes  0.00 bits/sec                  
[  5] 882.00-883.00 sec  1.41 KBytes  11.6 Kbits/sec                  
[  5] 883.00-884.00 sec  0.00 Bytes  0.00 bits/sec                  
[  5] 884.00-885.00 sec  0.00 Bytes  0.00 bits/sec                  
[  5] 885.00-886.00 sec  0.00 Bytes  0.00 bits/sec                  
[  5] 886.00-887.00 sec  2.83 KBytes  23.2 Kbits/sec                  
[  5] 887.00-888.00 sec  0.00 Bytes  0.00 bits/sec                  
[  5] 888.00-889.00 sec  5.66 KBytes  46.4 Kbits/sec                  
[  5] 889.00-890.00 sec  0.00 Bytes  0.00 bits/sec                  
[  5] 890.00-891.00 sec   667 KBytes  5.47 Mbits/sec                  
[  5] 891.00-892.00 sec  0.00 Bytes  0.00 bits/sec                  
[  5] 892.00-893.00 sec  0.00 Bytes  0.00 bits/sec                  
[  5] 893.00-894.00 sec   687 KBytes  5.62 Mbits/sec                  
[  5] 894.00-895.00 sec  89.1 KBytes   732 Kbits/sec                  
[  5] 895.00-896.00 sec  0.00 Bytes  0.00 bits/sec                  
[  5] 896.00-897.00 sec  0.00 Bytes  0.00 bits/sec                  
[  5] 897.00-898.00 sec  45.2 KBytes   371 Kbits/sec                  
[  5] 898.00-899.00 sec  0.00 Bytes  0.00 bits/sec                  
[  5] 899.00-900.00 sec  0.00 Bytes  0.00 bits/sec                  
[  5] 900.00-901.00 sec  0.00 Bytes  0.00 bits/sec                  
[  5] 901.00-902.05 sec   358 KBytes  2.81 Mbits/sec                  
[  5] 902.05-903.00 sec   208 KBytes  1.78 Mbits/sec                  
[  5] 903.00-904.00 sec  0.00 Bytes  0.00 bits/sec                  
[  5] 904.00-905.00 sec  11.3 KBytes  92.4 Kbits/sec                  
[  5] 905.00-906.00 sec  0.00 Bytes  0.00 bits/sec                  
[  5] 906.00-907.00 sec  0.00 Bytes  0.00 bits/sec                  
[  5] 907.00-908.00 sec  0.00 Bytes  0.00 bits/sec                  
[  5] 908.00-909.00 sec   160 KBytes  1.31 Mbits/sec                  
[  5] 909.00-910.00 sec  0.00 Bytes  0.00 bits/sec                  
[  5] 910.00-911.00 sec  0.00 Bytes  0.00 bits/sec                  
[  5] 911.00-912.00 sec  0.00 Bytes  0.00 bits/sec                  
[  5] 912.00-913.00 sec  0.00 Bytes  0.00 bits/sec                  
[  5] 913.00-914.00 sec  0.00 Bytes  0.00 bits/sec                  
[  5] 914.00-915.00 sec  0.00 Bytes  0.00 bits/sec                  
[  5] 915.00-916.00 sec  0.00 Bytes  0.00 bits/sec                  
[  5] 916.00-917.00 sec  0.00 Bytes  0.00 bits/sec                  
[  5] 917.00-918.00 sec  1.41 KBytes  11.6 Kbits/sec                  
[  5] 918.00-919.01 sec  0.00 Bytes  0.00 bits/sec                  
[  5] 919.01-920.00 sec  0.00 Bytes  0.00 bits/sec                  
[  5] 920.00-921.00 sec  2.83 KBytes  23.2 Kbits/sec                  
[  5] 921.00-922.00 sec  0.00 Bytes  0.00 bits/sec                  
[  5] 922.00-923.00 sec  0.00 Bytes  0.00 bits/sec                  
[  5] 923.00-924.01 sec  0.00 Bytes  0.00 bits/sec                  
[  5] 924.01-925.00 sec   956 KBytes  7.89 Mbits/sec                  
[  5] 925.00-926.01 sec  0.00 Bytes  0.00 bits/sec                  
[  5] 926.01-927.00 sec  0.00 Bytes  0.00 bits/sec                  
[  5] 927.00-928.00 sec  0.00 Bytes  0.00 bits/sec                  
[  5] 928.00-929.00 sec  0.00 Bytes  0.00 bits/sec                  
[  5] 929.00-930.00 sec  0.00 Bytes  0.00 bits/sec                  
[  5] 930.00-931.00 sec  0.00 Bytes  0.00 bits/sec                  
[  5] 931.00-932.00 sec  0.00 Bytes  0.00 bits/sec                  
[  5] 932.00-933.00 sec  77.8 KBytes   639 Kbits/sec                  
[  5] 933.00-934.00 sec   187 KBytes  1.53 Mbits/sec                  
[  5] 934.00-935.00 sec  0.00 Bytes  0.00 bits/sec                  
[  5] 935.00-936.02 sec  0.00 Bytes  0.00 bits/sec                  
[  5] 936.02-937.00 sec  62.2 KBytes   519 Kbits/sec                  
[  5] 937.00-938.00 sec  4.24 KBytes  34.7 Kbits/sec                  
[  5] 938.00-939.00 sec  0.00 Bytes  0.00 bits/sec                  
[  5] 939.00-940.00 sec  0.00 Bytes  0.00 bits/sec                  
[  5] 940.00-941.00 sec  0.00 Bytes  0.00 bits/sec                  
[  5] 941.00-942.00 sec   276 KBytes  2.26 Mbits/sec                  
[  5] 942.00-943.01 sec  0.00 Bytes  0.00 bits/sec                  
[  5] 943.01-944.02 sec  0.00 Bytes  0.00 bits/sec                  
[  5] 944.02-945.00 sec   147 KBytes  1.23 Mbits/sec                  
[  5] 945.00-946.00 sec  0.00 Bytes  0.00 bits/sec                  
[  5] 946.00-947.00 sec   167 KBytes  1.37 Mbits/sec                  
[  5] 947.00-948.00 sec  0.00 Bytes  0.00 bits/sec                  
[  5] 948.00-949.00 sec  18.4 KBytes   151 Kbits/sec                  
[  5] 949.00-950.00 sec   140 KBytes  1.15 Mbits/sec                  
[  5] 950.00-951.00 sec  22.6 KBytes   185 Kbits/sec                  
[  5] 951.00-952.00 sec  14.1 KBytes   115 Kbits/sec                  
[  5] 952.00-953.00 sec  21.2 KBytes   175 Kbits/sec                  
[  5] 953.00-954.00 sec   232 KBytes  1.90 Mbits/sec                  
[  5] 954.00-955.01 sec  0.00 Bytes  0.00 bits/sec                  
[  5] 955.01-956.01 sec  2.83 KBytes  23.3 Kbits/sec                  
[  5] 956.01-957.00 sec  0.00 Bytes  0.00 bits/sec                  
[  5] 957.00-958.00 sec  0.00 Bytes  0.00 bits/sec                  
[  5] 958.00-959.00 sec  0.00 Bytes  0.00 bits/sec                  
[  5] 959.00-960.00 sec  0.00 Bytes  0.00 bits/sec                  
[  5] 960.00-961.00 sec  19.8 KBytes   163 Kbits/sec                  
[  5] 961.00-962.00 sec   124 KBytes  1.02 Mbits/sec                  
[  5] 962.00-963.01 sec   222 KBytes  1.81 Mbits/sec                  
[  5] 963.01-964.00 sec  0.00 Bytes  0.00 bits/sec                  
[  5] 964.00-965.00 sec  0.00 Bytes  0.00 bits/sec                  
[  5] 965.00-966.00 sec   177 KBytes  1.45 Mbits/sec                  
[  5] 966.00-967.00 sec  0.00 Bytes  0.00 bits/sec                  
[  5] 967.00-968.00 sec  0.00 Bytes  0.00 bits/sec                  
[  5] 968.00-969.00 sec  0.00 Bytes  0.00 bits/sec                  
[  5] 969.00-970.00 sec  0.00 Bytes  0.00 bits/sec                  
[  5] 970.00-971.00 sec   182 KBytes  1.49 Mbits/sec                  
[  5] 971.00-972.01 sec  0.00 Bytes  0.00 bits/sec                  
[  5] 972.01-973.00 sec  0.00 Bytes  0.00 bits/sec                  
[  5] 973.00-974.00 sec  11.3 KBytes  92.4 Kbits/sec                  
[  5] 974.00-975.00 sec   228 KBytes  1.87 Mbits/sec                  
[  5] 975.00-976.01 sec  97.6 KBytes   797 Kbits/sec                  
[  5] 976.01-977.05 sec  0.00 Bytes  0.00 bits/sec                  
[  5] 977.05-978.00 sec  0.00 Bytes  0.00 bits/sec                  
[  5] 978.00-979.00 sec  65.0 KBytes   533 Kbits/sec                  
[  5] 979.00-980.05 sec   127 KBytes   993 Kbits/sec                  
[  5] 980.05-981.01 sec  5.66 KBytes  48.5 Kbits/sec                  
[  5] 981.01-982.01 sec  0.00 Bytes  0.00 bits/sec                  
[  5] 982.01-983.02 sec   208 KBytes  1.70 Mbits/sec                  
[  5] 983.02-984.00 sec  7.07 KBytes  58.9 Kbits/sec                  
[  5] 984.00-985.01 sec  0.00 Bytes  0.00 bits/sec                  
[  5] 985.01-986.00 sec  65.0 KBytes   537 Kbits/sec                  
[  5] 986.00-987.00 sec  52.3 KBytes   430 Kbits/sec                  
[  5] 987.00-988.00 sec   146 KBytes  1.19 Mbits/sec                  
[  5] 988.00-989.00 sec  9.90 KBytes  81.1 Kbits/sec                  
[  5] 989.00-990.00 sec  0.00 Bytes  0.00 bits/sec                  
[  5] 990.00-991.00 sec  89.1 KBytes   731 Kbits/sec                  
[  5] 991.00-992.00 sec   304 KBytes  2.48 Mbits/sec                  
[  5] 992.00-993.00 sec  14.1 KBytes   116 Kbits/sec                  
[  5] 993.00-994.00 sec  0.00 Bytes  0.00 bits/sec                  
[  5] 994.00-995.00 sec  0.00 Bytes  0.00 bits/sec                  
[  5] 995.00-996.00 sec  41.0 KBytes   336 Kbits/sec                  
[  5] 996.00-997.00 sec  0.00 Bytes  0.00 bits/sec                  
[  5] 997.00-998.00 sec  0.00 Bytes  0.00 bits/sec                  
[  5] 998.00-999.01 sec  0.00 Bytes  0.00 bits/sec                  
[  5] 999.01-1000.00 sec  0.00 Bytes  0.00 bits/sec                  
[  5] 1000.00-1001.00 sec   481 KBytes  3.94 Mbits/sec                  
[  5] 1001.00-1002.00 sec  0.00 Bytes  0.00 bits/sec                  
[  5] 1002.00-1003.00 sec  0.00 Bytes  0.00 bits/sec                  
[  5] 1003.00-1004.00 sec  0.00 Bytes  0.00 bits/sec                  
[  5] 1004.00-1005.00 sec   105 KBytes   858 Kbits/sec                  
[  5] 1005.00-1006.00 sec  0.00 Bytes  0.00 bits/sec                  
[  5] 1006.00-1007.00 sec  0.00 Bytes  0.00 bits/sec                  
[  5] 1007.00-1008.00 sec  0.00 Bytes  0.00 bits/sec                  
[  5] 1008.00-1009.00 sec  66.5 KBytes   546 Kbits/sec                  
[  5] 1009.00-1010.00 sec  0.00 Bytes  0.00 bits/sec                  
[  5] 1010.00-1011.00 sec  0.00 Bytes  0.00 bits/sec                  
[  5] 1011.00-1012.00 sec  0.00 Bytes  0.00 bits/sec                  
[  5] 1012.00-1013.00 sec  0.00 Bytes  0.00 bits/sec                  
[  5] 1013.00-1014.00 sec  0.00 Bytes  0.00 bits/sec                  
[  5] 1014.00-1015.00 sec  0.00 Bytes  0.00 bits/sec                  
[  5] 1015.00-1016.00 sec  0.00 Bytes  0.00 bits/sec                  
[  5] 1016.00-1017.00 sec  1.41 KBytes  11.6 Kbits/sec                  
[  5] 1017.00-1018.01 sec  2.83 KBytes  23.0 Kbits/sec                  
[  5] 1018.01-1019.00 sec  1.41 KBytes  11.7 Kbits/sec                  
[  5] 1019.00-1020.00 sec  0.00 Bytes  0.00 bits/sec                  
[  5] 1020.00-1021.02 sec  5.66 KBytes  45.7 Kbits/sec                  
[  5] 1021.02-1022.01 sec  5.66 KBytes  46.8 Kbits/sec                  
[  5] 1022.01-1023.00 sec  5.66 KBytes  46.6 Kbits/sec                  
[  5] 1023.00-1024.00 sec  8.48 KBytes  69.6 Kbits/sec                  
[  5] 1024.00-1025.00 sec  14.1 KBytes   116 Kbits/sec                  
[  5] 1025.00-1026.00 sec  21.2 KBytes   174 Kbits/sec                  
[  5] 1026.00-1027.01 sec  31.1 KBytes   252 Kbits/sec                  
[  5] 1027.01-1028.01 sec  0.00 Bytes  0.00 bits/sec                  
[  5] 1028.01-1029.00 sec  46.7 KBytes   384 Kbits/sec                  
[  5] 1029.00-1030.06 sec  0.00 Bytes  0.00 bits/sec                  
[  5] 1030.06-1031.00 sec  70.7 KBytes   616 Kbits/sec                  
[  5] 1031.00-1032.00 sec  0.00 Bytes  0.00 bits/sec                  
[  5] 1032.00-1033.00 sec  0.00 Bytes  0.00 bits/sec                  
[  5] 1033.00-1034.00 sec  12.7 KBytes   104 Kbits/sec                  
[  5] 1034.00-1035.00 sec  0.00 Bytes  0.00 bits/sec                  
[  5] 1035.00-1036.00 sec  0.00 Bytes  0.00 bits/sec                  
[  5] 1036.00-1037.00 sec  0.00 Bytes  0.00 bits/sec                  
[  5] 1037.00-1038.00 sec  0.00 Bytes  0.00 bits/sec                  
[  5] 1038.00-1039.00 sec  0.00 Bytes  0.00 bits/sec                  
[  5] 1039.00-1040.00 sec  0.00 Bytes  0.00 bits/sec                  
[  5] 1040.00-1041.00 sec  0.00 Bytes  0.00 bits/sec                  
[  5] 1041.00-1042.00 sec  0.00 Bytes  0.00 bits/sec                  
[  5] 1042.00-1043.01 sec  0.00 Bytes  0.00 bits/sec                  
[  5] 1043.01-1044.00 sec  0.00 Bytes  0.00 bits/sec                  
[  5] 1044.00-1045.00 sec  0.00 Bytes  0.00 bits/sec                  
[  5] 1045.00-1046.00 sec  1.41 KBytes  11.6 Kbits/sec                  
[  5] 1046.00-1047.00 sec  63.6 KBytes   521 Kbits/sec                  
[  5] 1047.00-1048.00 sec  1.03 MBytes  8.63 Mbits/sec                  
[  5] 1048.00-1049.00 sec   170 KBytes  1.39 Mbits/sec                  
[  5] 1049.00-1050.00 sec  35.4 KBytes   290 Kbits/sec                  
[  5] 1050.00-1051.00 sec   163 KBytes  1.33 Mbits/sec                  
[  5] 1051.00-1052.00 sec  0.00 Bytes  0.00 bits/sec                  
[  5] 1052.00-1053.00 sec   208 KBytes  1.70 Mbits/sec                  
[  5] 1053.00-1054.00 sec  0.00 Bytes  0.00 bits/sec                  
[  5] 1054.00-1055.00 sec  0.00 Bytes  0.00 bits/sec                  
[  5] 1055.00-1056.01 sec   226 KBytes  1.84 Mbits/sec                  
[  5] 1056.01-1057.01 sec  0.00 Bytes  0.00 bits/sec                  
[  5] 1057.01-1058.00 sec   130 KBytes  1.07 Mbits/sec                  
[  5] 1058.00-1059.00 sec   205 KBytes  1.68 Mbits/sec                  
[  5] 1059.00-1060.00 sec  0.00 Bytes  0.00 bits/sec                  
[  5] 1060.00-1061.00 sec   201 KBytes  1.65 Mbits/sec                  
[  5] 1061.00-1062.00 sec   225 KBytes  1.84 Mbits/sec                  
[  5] 1062.00-1063.05 sec  0.00 Bytes  0.00 bits/sec                  
[  5] 1063.05-1064.00 sec  0.00 Bytes  0.00 bits/sec                  
[  5] 1064.00-1065.01 sec  22.6 KBytes   184 Kbits/sec                  
[  5] 1065.01-1066.02 sec  0.00 Bytes  0.00 bits/sec                  
[  5] 1066.02-1067.00 sec  0.00 Bytes  0.00 bits/sec                  
[  5] 1067.00-1068.00 sec  0.00 Bytes  0.00 bits/sec                  
[  5] 1068.00-1069.05 sec   535 KBytes  4.17 Mbits/sec                  
[  5] 1069.05-1070.00 sec  0.00 Bytes  0.00 bits/sec                  
[  5] 1070.00-1071.01 sec   146 KBytes  1.19 Mbits/sec                  
[  5] 1071.01-1072.01 sec   498 KBytes  4.10 Mbits/sec                  
[  5] 1072.01-1073.01 sec  0.00 Bytes  0.00 bits/sec                  
[  5] 1073.01-1074.00 sec  63.6 KBytes   525 Kbits/sec                  
[  5] 1074.00-1075.00 sec   402 KBytes  3.30 Mbits/sec                  
[  5] 1075.00-1076.00 sec  0.00 Bytes  0.00 bits/sec                  
[  5] 1076.00-1077.01 sec  0.00 Bytes  0.00 bits/sec                  
[  5] 1077.01-1078.01 sec   359 KBytes  2.94 Mbits/sec                  
[  5] 1078.01-1079.01 sec   185 KBytes  1.52 Mbits/sec                  
[  5] 1079.01-1080.00 sec  0.00 Bytes  0.00 bits/sec                  
[  5] 1080.00-1081.00 sec  15.6 KBytes   127 Kbits/sec                  
[  5] 1081.00-1082.00 sec   457 KBytes  3.74 Mbits/sec                  
[  5] 1082.00-1083.02 sec   110 KBytes   893 Kbits/sec                  
[  5] 1083.02-1084.00 sec  0.00 Bytes  0.00 bits/sec                  
[  5] 1084.00-1085.06 sec  28.3 KBytes   219 Kbits/sec                  
[  5] 1085.06-1086.00 sec   351 KBytes  3.05 Mbits/sec                  
[  5] 1086.00-1087.00 sec  0.00 Bytes  0.00 bits/sec                  
[  5] 1087.00-1088.01 sec  0.00 Bytes  0.00 bits/sec                  
[  5] 1088.01-1089.00 sec  0.00 Bytes  0.00 bits/sec                  
[  5] 1089.00-1090.01 sec   933 KBytes  7.64 Mbits/sec                  
[  5] 1090.01-1091.00 sec  0.00 Bytes  0.00 bits/sec                  
[  5] 1091.00-1092.00 sec   363 KBytes  2.98 Mbits/sec                  
[  5] 1092.00-1093.00 sec   188 KBytes  1.54 Mbits/sec                  
[  5] 1093.00-1094.00 sec  53.7 KBytes   440 Kbits/sec                  
[  5] 1094.00-1095.00 sec   543 KBytes  4.45 Mbits/sec                  
[  5] 1095.00-1096.00 sec  63.6 KBytes   521 Kbits/sec                  
[  5] 1096.00-1097.00 sec   154 KBytes  1.26 Mbits/sec                  
[  5] 1097.00-1098.00 sec   549 KBytes  4.49 Mbits/sec                  
[  5] 1098.00-1099.00 sec  19.8 KBytes   162 Kbits/sec                  
[  5] 1099.00-1100.00 sec   148 KBytes  1.22 Mbits/sec                  
[  5] 1100.00-1101.01 sec   543 KBytes  4.45 Mbits/sec                  
[  5] 1101.01-1102.00 sec  56.6 KBytes   463 Kbits/sec                  
[  5] 1102.00-1103.01 sec  11.3 KBytes  92.4 Kbits/sec                  
[  5] 1103.01-1104.01 sec   557 KBytes  4.57 Mbits/sec                  
[  5] 1104.01-1105.00 sec   223 KBytes  1.83 Mbits/sec                  
[  5] 1105.00-1106.00 sec  1.41 KBytes  11.6 Kbits/sec                  
[  5] 1106.00-1107.01 sec  82.0 KBytes   672 Kbits/sec                  
[  5] 1107.01-1108.01 sec   547 KBytes  4.48 Mbits/sec                  
[  5] 1108.01-1109.01 sec   324 KBytes  2.65 Mbits/sec                  
[  5] 1109.01-1110.00 sec  1.41 KBytes  11.6 Kbits/sec                  
[  5] 1110.00-1111.00 sec  2.83 KBytes  23.2 Kbits/sec                  
[  5] 1111.00-1112.00 sec  0.00 Bytes  0.00 bits/sec                  
[  5] 1112.00-1113.00 sec   403 KBytes  3.30 Mbits/sec                  
[  5] 1113.00-1114.00 sec  0.00 Bytes  0.00 bits/sec                  
[  5] 1114.00-1115.00 sec  0.00 Bytes  0.00 bits/sec                  
[  5] 1115.00-1116.00 sec  0.00 Bytes  0.00 bits/sec                  
[  5] 1116.00-1117.00 sec  0.00 Bytes  0.00 bits/sec                  
[  5] 1117.00-1118.00 sec  0.00 Bytes  0.00 bits/sec                  
[  5] 1118.00-1119.00 sec  9.90 KBytes  81.1 Kbits/sec                  
[  5] 1119.00-1120.00 sec  0.00 Bytes  0.00 bits/sec                  
[  5] 1120.00-1121.00 sec  0.00 Bytes  0.00 bits/sec                  
[  5] 1121.00-1122.00 sec  0.00 Bytes  0.00 bits/sec                  
[  5] 1122.00-1123.00 sec  0.00 Bytes  0.00 bits/sec                  
[  5] 1123.00-1124.00 sec  0.00 Bytes  0.00 bits/sec                  
[  5] 1124.00-1125.00 sec  0.00 Bytes  0.00 bits/sec                  
[  5] 1125.00-1126.00 sec  0.00 Bytes  0.00 bits/sec                  
[  5] 1126.00-1127.00 sec  0.00 Bytes  0.00 bits/sec                  
[  5] 1127.00-1128.00 sec  21.2 KBytes   174 Kbits/sec                  
[  5] 1128.00-1129.00 sec  3.28 MBytes  27.5 Mbits/sec                  
[  5] 1129.00-1130.00 sec  6.01 KBytes  49.2 Kbits/sec                  
[  5] 1130.00-1131.00 sec  71.8 KBytes   588 Kbits/sec                  
[  5] 1131.00-1132.00 sec   267 KBytes  2.19 Mbits/sec                  
[  5] 1132.00-1133.00 sec   482 KBytes  3.95 Mbits/sec                  
[  5] 1133.00-1134.00 sec   436 KBytes  3.57 Mbits/sec                  
[  5] 1134.00-1135.00 sec  0.00 Bytes  0.00 bits/sec                  
[  5] 1135.00-1136.00 sec  0.00 Bytes  0.00 bits/sec                  
[  5] 1136.00-1137.00 sec  0.00 Bytes  0.00 bits/sec                  
[  5] 1137.00-1138.00 sec  0.00 Bytes  0.00 bits/sec                  
[  5] 1138.00-1139.00 sec  56.6 KBytes   464 Kbits/sec                  
[  5] 1139.00-1140.00 sec  0.00 Bytes  0.00 bits/sec                  
[  5] 1140.00-1141.00 sec  0.00 Bytes  0.00 bits/sec                  
[  5] 1141.00-1142.00 sec  0.00 Bytes  0.00 bits/sec                  
[  5] 1142.00-1143.00 sec  0.00 Bytes  0.00 bits/sec                  
[  5] 1143.00-1144.00 sec  0.00 Bytes  0.00 bits/sec                  
[  5] 1144.00-1145.00 sec  0.00 Bytes  0.00 bits/sec                  
[  5] 1145.00-1146.00 sec  5.11 MBytes  42.9 Mbits/sec                  
[  5] 1146.00-1147.00 sec   488 KBytes  4.00 Mbits/sec                  
[  5] 1147.00-1148.00 sec   769 KBytes  6.30 Mbits/sec                  
[  5] 1148.00-1149.00 sec   587 KBytes  4.81 Mbits/sec                  
[  5] 1149.00-1150.00 sec   612 KBytes  5.02 Mbits/sec                  
[  5] 1150.00-1151.00 sec   718 KBytes  5.88 Mbits/sec                  
[  5] 1151.00-1152.00 sec   452 KBytes  3.70 Mbits/sec                  
[  5] 1152.00-1153.00 sec   363 KBytes  2.97 Mbits/sec                  
[  5] 1153.00-1154.00 sec   996 KBytes  8.17 Mbits/sec                  
[  5] 1154.00-1155.00 sec   303 KBytes  2.48 Mbits/sec                  
[  5] 1155.00-1156.00 sec  0.00 Bytes  0.00 bits/sec                  
[  5] 1156.00-1157.00 sec   393 KBytes  3.22 Mbits/sec                  
[  5] 1157.00-1158.00 sec  0.00 Bytes  0.00 bits/sec                  
[  5] 1158.00-1159.00 sec  0.00 Bytes  0.00 bits/sec                  
[  5] 1159.00-1160.00 sec  0.00 Bytes  0.00 bits/sec                  
[  5] 1160.00-1161.00 sec  2.83 KBytes  23.2 Kbits/sec                  
[  5] 1161.00-1162.00 sec   107 KBytes   880 Kbits/sec                  
[  5] 1162.00-1163.00 sec   163 KBytes  1.33 Mbits/sec                  
[  5] 1163.00-1164.00 sec  2.52 MBytes  21.1 Mbits/sec                  
[  5] 1164.00-1165.00 sec  9.90 KBytes  81.1 Kbits/sec                  
[  5] 1165.00-1166.00 sec   523 KBytes  4.29 Mbits/sec                  
[  5] 1166.00-1167.00 sec   178 KBytes  1.46 Mbits/sec                  
[  5] 1167.00-1168.00 sec  0.00 Bytes  0.00 bits/sec                  
[  5] 1168.00-1169.00 sec  0.00 Bytes  0.00 bits/sec                  
[  5] 1169.00-1170.00 sec  15.6 KBytes   127 Kbits/sec                  
[  5] 1170.00-1171.01 sec   188 KBytes  1.53 Mbits/sec                  
[  5] 1171.01-1172.00 sec  2.08 MBytes  17.5 Mbits/sec                  
[  5] 1172.00-1173.00 sec   239 KBytes  1.96 Mbits/sec                  
[  5] 1173.00-1174.00 sec  0.00 Bytes  0.00 bits/sec                  
[  5] 1174.00-1175.00 sec   304 KBytes  2.49 Mbits/sec                  
[  5] 1175.00-1176.00 sec   512 KBytes  4.19 Mbits/sec                  
[  5] 1176.00-1177.00 sec  1.04 MBytes  8.77 Mbits/sec                  
[  5] 1177.00-1178.00 sec  60.8 KBytes   498 Kbits/sec                  
[  5] 1178.00-1179.00 sec  0.00 Bytes  0.00 bits/sec                  
[  5] 1179.00-1180.00 sec   356 KBytes  2.92 Mbits/sec                  
[  5] 1180.00-1181.01 sec  1.02 MBytes  8.50 Mbits/sec                  
[  5] 1181.01-1182.00 sec   447 KBytes  3.68 Mbits/sec                  
[  5] 1182.00-1183.00 sec   478 KBytes  3.91 Mbits/sec                  
[  5] 1183.00-1184.00 sec   458 KBytes  3.75 Mbits/sec                  
[  5] 1184.00-1185.00 sec   287 KBytes  2.35 Mbits/sec                  
[  5] 1185.00-1186.00 sec   264 KBytes  2.17 Mbits/sec                  
[  5] 1186.00-1187.00 sec   515 KBytes  4.22 Mbits/sec                  
[  5] 1187.00-1188.00 sec   498 KBytes  4.08 Mbits/sec                  
[  5] 1188.00-1189.00 sec   103 KBytes   846 Kbits/sec                  
[  5] 1189.00-1190.00 sec   443 KBytes  3.62 Mbits/sec                  
[  5] 1190.00-1191.00 sec  0.00 Bytes  0.00 bits/sec                  
[  5] 1191.00-1192.00 sec  0.00 Bytes  0.00 bits/sec                  
[  5] 1192.00-1193.00 sec   385 KBytes  3.15 Mbits/sec                  
[  5] 1193.00-1194.00 sec   833 KBytes  6.83 Mbits/sec                  
[  5] 1194.00-1195.00 sec   243 KBytes  1.99 Mbits/sec                  
[  5] 1195.00-1196.00 sec   216 KBytes  1.77 Mbits/sec                  
[  5] 1196.00-1197.00 sec   434 KBytes  3.55 Mbits/sec                  
[  5] 1197.00-1198.00 sec  0.00 Bytes  0.00 bits/sec                  
[  5] 1198.00-1199.00 sec  0.00 Bytes  0.00 bits/sec                  
[  5] 1199.00-1200.00 sec   379 KBytes  3.10 Mbits/sec                  
[  5] 1200.00-1201.00 sec   779 KBytes  6.39 Mbits/sec                  
[  5] 1201.00-1202.00 sec   153 KBytes  1.25 Mbits/sec                  
[  5] 1202.00-1203.00 sec   288 KBytes  2.36 Mbits/sec                  
[  5] 1203.00-1204.00 sec   399 KBytes  3.27 Mbits/sec                  
[  5] 1204.00-1205.00 sec   281 KBytes  2.31 Mbits/sec                  
[  5] 1205.00-1206.00 sec   141 KBytes  1.16 Mbits/sec                  
[  5] 1206.00-1207.00 sec   420 KBytes  3.44 Mbits/sec                  
[  5] 1207.00-1208.00 sec   329 KBytes  2.70 Mbits/sec                  
[  5] 1208.00-1209.00 sec   106 KBytes   869 Kbits/sec                  
[  5] 1209.00-1210.00 sec   436 KBytes  3.57 Mbits/sec                  
[  5] 1210.00-1211.00 sec   303 KBytes  2.48 Mbits/sec                  
[  5] 1211.00-1212.00 sec   160 KBytes  1.31 Mbits/sec                  
[  5] 1212.00-1213.00 sec  1.41 KBytes  11.6 Kbits/sec                  
[  5] 1213.00-1214.00 sec   219 KBytes  1.80 Mbits/sec                  
[  5] 1214.00-1215.00 sec   597 KBytes  4.89 Mbits/sec                  
[  5] 1215.00-1216.00 sec   359 KBytes  2.94 Mbits/sec                  
[  5] 1216.00-1217.00 sec  35.4 KBytes   289 Kbits/sec                  
[  5] 1217.00-1218.00 sec   619 KBytes  5.06 Mbits/sec                  
[  5] 1218.00-1219.00 sec   413 KBytes  3.38 Mbits/sec                  
[  5] 1219.00-1220.00 sec   329 KBytes  2.71 Mbits/sec                  
[  5] 1220.00-1220.50 sec  17.0 KBytes   279 Kbits/sec                  
- - - - - - - - - - - - - - - - - - - - - - - - -
[ ID] Interval           Transfer     Bandwidth
[  5]   0.00-1220.50 sec  0.00 Bytes  0.00 bits/sec                  sender
[  5]   0.00-1220.50 sec  94.7 MBytes   651 Kbits/sec                  receiver
