Connecting to host 10.0.0.2, port 5203
[  4] local 10.0.0.1 port 46114 connected to 10.0.0.2 port 5203
[ ID] Interval           Transfer     Bandwidth       Retr  Cwnd
[  4]   0.00-1.03   sec  82.0 KBytes   654 Kbits/sec    1   14.1 KBytes       
[  4]   1.03-2.00   sec  0.00 Bytes  0.00 bits/sec    0   14.1 KBytes       
[  4]   2.00-3.00   sec  14.1 KBytes   116 Kbits/sec    0   15.6 KBytes       
[  4]   3.00-4.00   sec  0.00 Bytes  0.00 bits/sec    0   15.6 KBytes       
[  4]   4.00-5.00   sec  55.1 KBytes   453 Kbits/sec    0   22.6 KBytes       
[  4]   5.00-6.00   sec  0.00 Bytes  0.00 bits/sec    0   22.6 KBytes       
[  4]   6.00-7.01   sec  63.6 KBytes   515 Kbits/sec    0   28.3 KBytes       
[  4]   7.01-8.00   sec  73.5 KBytes   609 Kbits/sec    0   33.9 KBytes       
[  4]   8.00-9.00   sec   127 KBytes  1.04 Mbits/sec    0   50.9 KBytes       
[  4]   9.00-10.01  sec  0.00 Bytes  0.00 bits/sec    0   50.9 KBytes       
[  4]  10.01-11.01  sec  63.6 KBytes   522 Kbits/sec    0   63.6 KBytes       
[  4]  11.01-12.01  sec  63.6 KBytes   524 Kbits/sec    0   76.4 KBytes       
[  4]  12.01-13.00  sec  0.00 Bytes  0.00 bits/sec    0   76.4 KBytes       
[  4]  13.00-14.00  sec   509 KBytes  4.16 Mbits/sec    0    140 KBytes       
[  4]  14.00-15.00  sec   191 KBytes  1.57 Mbits/sec    0    164 KBytes       
[  4]  15.00-16.00  sec   382 KBytes  3.13 Mbits/sec    0    216 KBytes       
[  4]  16.00-17.00  sec   255 KBytes  2.09 Mbits/sec    0    246 KBytes       
[  4]  17.00-18.00  sec   382 KBytes  3.13 Mbits/sec    0    298 KBytes       
[  4]  18.00-19.00  sec  63.6 KBytes   521 Kbits/sec    2    303 KBytes       
[  4]  19.00-20.00  sec  0.00 Bytes  0.00 bits/sec   66    216 KBytes       
[  4]  20.00-21.00  sec  0.00 Bytes  0.00 bits/sec    0    216 KBytes       
[  4]  21.00-22.00  sec   127 KBytes  1.04 Mbits/sec    0    216 KBytes       
[  4]  22.00-23.00  sec   255 KBytes  2.09 Mbits/sec    0    219 KBytes       
[  4]  23.00-24.00  sec  63.6 KBytes   521 Kbits/sec    0    238 KBytes       
[  4]  24.00-25.00  sec   191 KBytes  1.56 Mbits/sec    0    266 KBytes       
[  4]  25.00-26.00  sec  63.6 KBytes   521 Kbits/sec    0    273 KBytes       
[  4]  26.00-27.02  sec  0.00 Bytes  0.00 bits/sec    4    223 KBytes       
[  4]  27.02-28.01  sec  0.00 Bytes  0.00 bits/sec    9    191 KBytes       
[  4]  28.01-29.00  sec   382 KBytes  3.15 Mbits/sec    0    194 KBytes       
[  4]  29.00-30.00  sec   127 KBytes  1.04 Mbits/sec    0    204 KBytes       
[  4]  30.00-31.00  sec   127 KBytes  1.04 Mbits/sec    0    214 KBytes       
[  4]  31.00-32.00  sec   127 KBytes  1.04 Mbits/sec    0    223 KBytes       
[  4]  32.00-33.00  sec   127 KBytes  1.04 Mbits/sec    0    226 KBytes       
[  4]  33.00-34.00  sec   127 KBytes  1.04 Mbits/sec    0    229 KBytes       
[  4]  34.00-35.01  sec  63.6 KBytes   519 Kbits/sec    0    232 KBytes       
[  4]  35.01-36.00  sec   127 KBytes  1.05 Mbits/sec    0    239 KBytes       
[  4]  36.00-37.02  sec  63.6 KBytes   514 Kbits/sec    0    245 KBytes       
[  4]  37.02-38.00  sec  63.6 KBytes   530 Kbits/sec   12    232 KBytes       
[  4]  38.00-39.00  sec  0.00 Bytes  0.00 bits/sec   36    173 KBytes       
[  4]  39.00-40.00  sec  0.00 Bytes  0.00 bits/sec   17    181 KBytes       
[  4]  40.00-41.00  sec  0.00 Bytes  0.00 bits/sec    4    181 KBytes       
[  4]  41.00-42.01  sec   191 KBytes  1.56 Mbits/sec    0    181 KBytes       
[  4]  42.01-43.00  sec   127 KBytes  1.04 Mbits/sec    0    182 KBytes       
[  4]  43.00-44.00  sec  63.6 KBytes   523 Kbits/sec    3    178 KBytes       
[  4]  44.00-45.01  sec  0.00 Bytes  0.00 bits/sec    1    139 KBytes       
[  4]  45.01-46.01  sec  0.00 Bytes  0.00 bits/sec    0    130 KBytes       
[  4]  46.01-47.00  sec  0.00 Bytes  0.00 bits/sec    3    130 KBytes       
[  4]  47.00-48.00  sec  0.00 Bytes  0.00 bits/sec    0    130 KBytes       
[  4]  48.00-49.01  sec   445 KBytes  3.62 Mbits/sec    0    139 KBytes       
[  4]  49.01-50.00  sec  63.6 KBytes   525 Kbits/sec    0    141 KBytes       
[  4]  50.00-51.00  sec   127 KBytes  1.04 Mbits/sec    0    150 KBytes       
[  4]  51.00-52.00  sec  0.00 Bytes  0.00 bits/sec    0    153 KBytes       
[  4]  52.00-53.00  sec   127 KBytes  1.04 Mbits/sec    0    156 KBytes       
[  4]  53.00-54.00  sec  63.6 KBytes   521 Kbits/sec    0    158 KBytes       
[  4]  54.00-55.00  sec  63.6 KBytes   520 Kbits/sec    0    167 KBytes       
[  4]  55.00-56.00  sec  63.6 KBytes   522 Kbits/sec    0    174 KBytes       
[  4]  56.00-57.00  sec  63.6 KBytes   521 Kbits/sec    0    202 KBytes       
[  4]  57.00-58.00  sec  63.6 KBytes   521 Kbits/sec    0    212 KBytes       
[  4]  58.00-59.00  sec  0.00 Bytes  0.00 bits/sec    2    225 KBytes       
[  4]  59.00-60.00  sec  0.00 Bytes  0.00 bits/sec   14    178 KBytes       
[  4]  60.00-61.00  sec  0.00 Bytes  0.00 bits/sec    0    168 KBytes       
[  4]  61.00-62.00  sec   191 KBytes  1.56 Mbits/sec    8    168 KBytes       
[  4]  62.00-63.01  sec  0.00 Bytes  0.00 bits/sec    0    168 KBytes       
[  4]  63.01-64.01  sec   255 KBytes  2.09 Mbits/sec    0    177 KBytes       
[  4]  64.01-65.00  sec  63.6 KBytes   522 Kbits/sec    0    182 KBytes       
[  4]  65.00-66.01  sec  63.6 KBytes   517 Kbits/sec    0    202 KBytes       
[  4]  66.01-67.01  sec   127 KBytes  1.05 Mbits/sec    0    215 KBytes       
[  4]  67.01-68.02  sec  63.6 KBytes   517 Kbits/sec    0    222 KBytes       
[  4]  68.02-69.00  sec  0.00 Bytes  0.00 bits/sec    2    204 KBytes       
[  4]  69.00-70.00  sec  0.00 Bytes  0.00 bits/sec    0    188 KBytes       
[  4]  70.00-71.00  sec  0.00 Bytes  0.00 bits/sec   24    157 KBytes       
[  4]  71.00-72.00  sec   127 KBytes  1.04 Mbits/sec    0    157 KBytes       
[  4]  72.00-73.01  sec  63.6 KBytes   517 Kbits/sec    0    157 KBytes       
[  4]  73.01-74.00  sec   255 KBytes  2.10 Mbits/sec    0    164 KBytes       
[  4]  74.00-75.05  sec  63.6 KBytes   499 Kbits/sec    0    171 KBytes       
[  4]  75.05-76.02  sec   127 KBytes  1.07 Mbits/sec    0    180 KBytes       
[  4]  76.02-77.00  sec  63.6 KBytes   530 Kbits/sec    0    182 KBytes       
[  4]  77.00-78.00  sec  63.6 KBytes   520 Kbits/sec    0    187 KBytes       
[  4]  78.00-79.00  sec  63.6 KBytes   522 Kbits/sec    0    189 KBytes       
[  4]  79.00-80.01  sec   127 KBytes  1.03 Mbits/sec    0    198 KBytes       
[  4]  80.01-81.01  sec  0.00 Bytes  0.00 bits/sec    0    202 KBytes       
[  4]  81.01-82.01  sec   127 KBytes  1.04 Mbits/sec    0    229 KBytes       
[  4]  82.01-83.00  sec  63.6 KBytes   525 Kbits/sec    0    250 KBytes       
[  4]  83.00-84.00  sec  63.6 KBytes   520 Kbits/sec    0    284 KBytes       
[  4]  84.00-85.02  sec  0.00 Bytes  0.00 bits/sec    7    229 KBytes       
[  4]  85.02-86.01  sec  0.00 Bytes  0.00 bits/sec    7    206 KBytes       
[  4]  86.01-87.02  sec  63.6 KBytes   517 Kbits/sec    4    198 KBytes       
[  4]  87.02-88.01  sec   127 KBytes  1.05 Mbits/sec    0    198 KBytes       
[  4]  88.01-89.00  sec   255 KBytes  2.10 Mbits/sec    0    204 KBytes       
[  4]  89.00-90.00  sec   127 KBytes  1.04 Mbits/sec    0    215 KBytes       
[  4]  90.00-91.00  sec   127 KBytes  1.04 Mbits/sec    0    233 KBytes       
[  4]  91.00-92.00  sec   127 KBytes  1.04 Mbits/sec    0    252 KBytes       
[  4]  92.00-93.02  sec  63.6 KBytes   512 Kbits/sec    0    262 KBytes       
[  4]  93.02-94.01  sec   127 KBytes  1.05 Mbits/sec    0    272 KBytes       
[  4]  94.01-95.01  sec  0.00 Bytes  0.00 bits/sec    2    264 KBytes       
[  4]  95.01-96.01  sec  0.00 Bytes  0.00 bits/sec    6    219 KBytes       
[  4]  96.01-97.00  sec  0.00 Bytes  0.00 bits/sec   11    191 KBytes       
[  4]  97.00-98.00  sec   191 KBytes  1.56 Mbits/sec    0    191 KBytes       
[  4]  98.00-99.00  sec   255 KBytes  2.09 Mbits/sec    0    194 KBytes       
[  4]  99.00-100.00 sec  63.6 KBytes   521 Kbits/sec    0    202 KBytes       
[  4] 100.00-101.00 sec   191 KBytes  1.56 Mbits/sec    0    214 KBytes       
[  4] 101.00-102.00 sec  63.6 KBytes   520 Kbits/sec    0    219 KBytes       
[  4] 102.00-103.01 sec   127 KBytes  1.03 Mbits/sec    0    225 KBytes       
[  4] 103.01-104.00 sec  63.6 KBytes   526 Kbits/sec    0    228 KBytes       
[  4] 104.00-105.00 sec  63.6 KBytes   522 Kbits/sec    0    230 KBytes       
[  4] 105.00-106.00 sec  0.00 Bytes  0.00 bits/sec    4    197 KBytes       
[  4] 106.00-107.00 sec  0.00 Bytes  0.00 bits/sec   21    161 KBytes       
[  4] 107.00-108.00 sec  63.6 KBytes   520 Kbits/sec    8    161 KBytes       
[  4] 108.00-109.02 sec  63.6 KBytes   515 Kbits/sec    0    161 KBytes       
[  4] 109.02-110.01 sec   255 KBytes  2.10 Mbits/sec    0    170 KBytes       
[  4] 110.01-111.00 sec  63.6 KBytes   526 Kbits/sec    0    175 KBytes       
[  4] 111.00-112.00 sec   127 KBytes  1.04 Mbits/sec    0    184 KBytes       
[  4] 112.00-113.00 sec  63.6 KBytes   520 Kbits/sec    0    187 KBytes       
[  4] 113.00-114.01 sec   127 KBytes  1.03 Mbits/sec    0    191 KBytes       
[  4] 114.01-115.00 sec  63.6 KBytes   529 Kbits/sec    0    194 KBytes       
[  4] 115.00-116.00 sec  63.6 KBytes   521 Kbits/sec    0    198 KBytes       
[  4] 116.00-117.01 sec  63.6 KBytes   516 Kbits/sec    0    206 KBytes       
[  4] 117.01-118.01 sec  63.6 KBytes   522 Kbits/sec    0    218 KBytes       
[  4] 118.01-119.01 sec   127 KBytes  1.04 Mbits/sec    1    255 KBytes       
[  4] 119.01-120.00 sec  0.00 Bytes  0.00 bits/sec    6    226 KBytes       
[  4] 120.00-121.00 sec  0.00 Bytes  0.00 bits/sec    2    191 KBytes       
[  4] 121.00-122.00 sec  0.00 Bytes  0.00 bits/sec    0    178 KBytes       
[  4] 122.00-123.00 sec   318 KBytes  2.61 Mbits/sec    0    187 KBytes       
[  4] 123.00-124.00 sec   127 KBytes  1.04 Mbits/sec    0    197 KBytes       
[  4] 124.00-125.00 sec   127 KBytes  1.04 Mbits/sec    0    219 KBytes       
[  4] 125.00-126.00 sec  63.6 KBytes   522 Kbits/sec    0    229 KBytes       
[  4] 126.00-127.00 sec   127 KBytes  1.04 Mbits/sec    0    240 KBytes       
[  4] 127.00-128.00 sec   127 KBytes  1.04 Mbits/sec    0    247 KBytes       
[  4] 128.00-129.01 sec   127 KBytes  1.04 Mbits/sec    0    250 KBytes       
[  4] 129.01-130.02 sec   127 KBytes  1.03 Mbits/sec    0    256 KBytes       
[  4] 130.02-131.01 sec   127 KBytes  1.06 Mbits/sec    0    263 KBytes       
[  4] 131.01-132.01 sec   127 KBytes  1.04 Mbits/sec    0    277 KBytes       
[  4] 132.01-133.01 sec  0.00 Bytes  0.00 bits/sec    0    283 KBytes       
[  4] 133.01-134.08 sec  0.00 Bytes  0.00 bits/sec    8    226 KBytes       
[  4] 134.08-135.00 sec  0.00 Bytes  0.00 bits/sec   13    199 KBytes       
[  4] 135.00-136.00 sec  63.6 KBytes   521 Kbits/sec    6    199 KBytes       
[  4] 136.00-137.01 sec   127 KBytes  1.03 Mbits/sec    0    199 KBytes       
[  4] 137.01-138.00 sec   255 KBytes  2.10 Mbits/sec    0    202 KBytes       
[  4] 138.00-139.00 sec   191 KBytes  1.57 Mbits/sec    0    219 KBytes       
[  4] 139.00-140.01 sec  63.6 KBytes   518 Kbits/sec    0    232 KBytes       
[  4] 140.01-141.00 sec   127 KBytes  1.05 Mbits/sec    0    250 KBytes       
[  4] 141.00-142.01 sec  0.00 Bytes  0.00 bits/sec    0    257 KBytes       
[  4] 142.01-143.00 sec   191 KBytes  1.57 Mbits/sec    0    272 KBytes       
[  4] 143.00-144.02 sec  63.6 KBytes   514 Kbits/sec    0    274 KBytes       
[  4] 144.02-145.00 sec   127 KBytes  1.06 Mbits/sec    0    280 KBytes       
[  4] 145.00-146.01 sec   127 KBytes  1.04 Mbits/sec    0    284 KBytes       
[  4] 146.01-147.00 sec  63.6 KBytes   523 Kbits/sec    0    288 KBytes       
[  4] 147.00-148.00 sec   191 KBytes  1.56 Mbits/sec    0    314 KBytes       
[  4] 148.00-149.00 sec  0.00 Bytes  0.00 bits/sec    2    296 KBytes       
[  4] 149.00-150.01 sec  0.00 Bytes  0.00 bits/sec   18    226 KBytes       
[  4] 150.01-151.00 sec  0.00 Bytes  0.00 bits/sec    4    221 KBytes       
[  4] 151.00-152.00 sec   191 KBytes  1.57 Mbits/sec    0    221 KBytes       
[  4] 152.00-153.00 sec   318 KBytes  2.60 Mbits/sec    0    225 KBytes       
[  4] 153.00-154.00 sec   127 KBytes  1.04 Mbits/sec    0    240 KBytes       
[  4] 154.00-155.01 sec   191 KBytes  1.55 Mbits/sec    0    263 KBytes       
[  4] 155.01-156.00 sec  0.00 Bytes  0.00 bits/sec    0    267 KBytes       
[  4] 156.00-157.00 sec   127 KBytes  1.04 Mbits/sec    0    290 KBytes       
[  4] 157.00-158.00 sec   127 KBytes  1.04 Mbits/sec    0    297 KBytes       
[  4] 158.00-159.01 sec  0.00 Bytes  0.00 bits/sec    4    266 KBytes       
[  4] 159.01-160.00 sec  0.00 Bytes  0.00 bits/sec   15    208 KBytes       
[  4] 160.00-161.00 sec  0.00 Bytes  0.00 bits/sec    3    208 KBytes       
[  4] 161.00-162.01 sec   191 KBytes  1.56 Mbits/sec    0    208 KBytes       
[  4] 162.01-163.00 sec   255 KBytes  2.09 Mbits/sec    0    214 KBytes       
[  4] 163.00-164.01 sec   191 KBytes  1.55 Mbits/sec    0    229 KBytes       
[  4] 164.01-165.00 sec  63.6 KBytes   527 Kbits/sec    0    235 KBytes       
[  4] 165.00-166.00 sec   127 KBytes  1.04 Mbits/sec    0    243 KBytes       
[  4] 166.00-167.04 sec   127 KBytes  1.00 Mbits/sec    0    245 KBytes       
[  4] 167.04-168.01 sec   127 KBytes  1.08 Mbits/sec    0    249 KBytes       
[  4] 168.01-169.00 sec  63.6 KBytes   525 Kbits/sec    0    255 KBytes       
[  4] 169.00-170.00 sec  63.6 KBytes   522 Kbits/sec    0    264 KBytes       
[  4] 170.00-171.01 sec   127 KBytes  1.03 Mbits/sec    0    279 KBytes       
[  4] 171.01-172.00 sec  63.6 KBytes   527 Kbits/sec    0    294 KBytes       
[  4] 172.00-173.00 sec   127 KBytes  1.04 Mbits/sec   12    279 KBytes       
[  4] 173.00-174.00 sec  0.00 Bytes  0.00 bits/sec   29    230 KBytes       
[  4] 174.00-175.00 sec  0.00 Bytes  0.00 bits/sec    0    230 KBytes       
[  4] 175.00-176.01 sec   127 KBytes  1.03 Mbits/sec    0    230 KBytes       
[  4] 176.01-177.00 sec   255 KBytes  2.11 Mbits/sec    0    235 KBytes       
[  4] 177.00-178.00 sec   191 KBytes  1.56 Mbits/sec    0    266 KBytes       
[  4] 178.00-179.00 sec  63.6 KBytes   520 Kbits/sec    0    276 KBytes       
[  4] 179.00-180.00 sec   191 KBytes  1.57 Mbits/sec    0    300 KBytes       
[  4] 180.00-181.00 sec  63.6 KBytes   521 Kbits/sec    0    308 KBytes       
[  4] 181.00-182.00 sec  63.6 KBytes   521 Kbits/sec    0    310 KBytes       
[  4] 182.00-183.00 sec  0.00 Bytes  0.00 bits/sec   17    235 KBytes       
[  4] 183.00-184.02 sec  0.00 Bytes  0.00 bits/sec    9    218 KBytes       
[  4] 184.02-185.00 sec   127 KBytes  1.06 Mbits/sec    0    218 KBytes       
[  4] 185.00-186.01 sec   255 KBytes  2.07 Mbits/sec    0    219 KBytes       
[  4] 186.01-187.00 sec   191 KBytes  1.57 Mbits/sec    0    233 KBytes       
[  4] 187.00-188.00 sec   127 KBytes  1.04 Mbits/sec    0    239 KBytes       
[  4] 188.00-189.00 sec   127 KBytes  1.04 Mbits/sec    0    249 KBytes       
[  4] 189.00-190.00 sec  63.6 KBytes   522 Kbits/sec    0    255 KBytes       
[  4] 190.00-191.01 sec  63.6 KBytes   515 Kbits/sec    0    256 KBytes       
[  4] 191.01-192.00 sec   127 KBytes  1.05 Mbits/sec    0    262 KBytes       
[  4] 192.00-193.01 sec  63.6 KBytes   516 Kbits/sec    0    264 KBytes       
[  4] 193.01-194.02 sec   191 KBytes  1.55 Mbits/sec    0    280 KBytes       
[  4] 194.02-195.02 sec  63.6 KBytes   524 Kbits/sec    0    291 KBytes       
[  4] 195.02-196.02 sec  0.00 Bytes  0.00 bits/sec    0    298 KBytes       
[  4] 196.02-197.00 sec  0.00 Bytes  0.00 bits/sec   11    240 KBytes       
[  4] 197.00-198.00 sec  0.00 Bytes  0.00 bits/sec   15    214 KBytes       
[  4] 198.00-199.00 sec   191 KBytes  1.57 Mbits/sec    0    214 KBytes       
[  4] 199.00-200.00 sec   255 KBytes  2.08 Mbits/sec    0    216 KBytes       
[  4] 200.00-201.03 sec  63.6 KBytes   507 Kbits/sec    0    228 KBytes       
[  4] 201.03-202.02 sec   191 KBytes  1.58 Mbits/sec    0    253 KBytes       
[  4] 202.02-203.00 sec  63.6 KBytes   530 Kbits/sec    0    266 KBytes       
[  4] 203.00-204.01 sec   127 KBytes  1.03 Mbits/sec    0    283 KBytes       
[  4] 204.01-205.00 sec  63.6 KBytes   526 Kbits/sec    0    287 KBytes       
[  4] 205.00-206.02 sec   127 KBytes  1.03 Mbits/sec   13    239 KBytes       
[  4] 206.02-207.00 sec  0.00 Bytes  0.00 bits/sec   20    219 KBytes       
[  4] 207.00-208.00 sec  0.00 Bytes  0.00 bits/sec   17    204 KBytes       
[  4] 208.00-209.00 sec  63.6 KBytes   521 Kbits/sec    0    204 KBytes       
[  4] 209.00-210.02 sec   255 KBytes  2.05 Mbits/sec    0    209 KBytes       
[  4] 210.02-211.01 sec   191 KBytes  1.58 Mbits/sec    0    219 KBytes       
[  4] 211.01-212.00 sec  63.6 KBytes   525 Kbits/sec    0    229 KBytes       
[  4] 212.00-213.00 sec   127 KBytes  1.04 Mbits/sec    0    236 KBytes       
[  4] 213.00-214.02 sec  63.6 KBytes   513 Kbits/sec    0    239 KBytes       
[  4] 214.02-215.00 sec   191 KBytes  1.59 Mbits/sec    0    243 KBytes       
[  4] 215.00-216.00 sec  63.6 KBytes   521 Kbits/sec    0    246 KBytes       
[  4] 216.00-217.00 sec   127 KBytes  1.04 Mbits/sec    0    256 KBytes       
[  4] 217.00-218.00 sec  63.6 KBytes   522 Kbits/sec    0    262 KBytes       
[  4] 218.00-219.00 sec  63.6 KBytes   521 Kbits/sec    0    287 KBytes       
[  4] 219.00-220.00 sec   127 KBytes  1.04 Mbits/sec    0    321 KBytes       
[  4] 220.00-221.00 sec   191 KBytes  1.56 Mbits/sec    0    355 KBytes       
[  4] 221.00-222.00 sec   255 KBytes  2.08 Mbits/sec    5    362 KBytes       
[  4] 222.00-223.02 sec  0.00 Bytes  0.00 bits/sec   24    288 KBytes       
[  4] 223.02-224.00 sec  0.00 Bytes  0.00 bits/sec   32    272 KBytes       
[  4] 224.00-225.00 sec   127 KBytes  1.04 Mbits/sec    0    272 KBytes       
[  4] 225.00-226.00 sec   127 KBytes  1.04 Mbits/sec    0    272 KBytes       
[  4] 226.00-227.00 sec   445 KBytes  3.66 Mbits/sec    0    296 KBytes       
[  4] 227.00-228.00 sec  0.00 Bytes  0.00 bits/sec    0    303 KBytes       
[  4] 228.00-229.00 sec   191 KBytes  1.57 Mbits/sec    0    334 KBytes       
[  4] 229.00-230.00 sec   127 KBytes  1.04 Mbits/sec    0    349 KBytes       
[  4] 230.00-231.00 sec  63.6 KBytes   521 Kbits/sec    0    358 KBytes       
[  4] 231.00-232.01 sec   255 KBytes  2.07 Mbits/sec    0    373 KBytes       
[  4] 232.01-233.00 sec  63.6 KBytes   526 Kbits/sec    0    376 KBytes       
[  4] 233.00-234.00 sec   318 KBytes  2.60 Mbits/sec    0    385 KBytes       
[  4] 234.00-235.01 sec  0.00 Bytes  0.00 bits/sec    4    379 KBytes       
[  4] 235.01-236.01 sec  0.00 Bytes  0.00 bits/sec   14    284 KBytes       
[  4] 236.01-237.01 sec  0.00 Bytes  0.00 bits/sec    8    270 KBytes       
[  4] 237.01-238.02 sec   127 KBytes  1.04 Mbits/sec    0    270 KBytes       
[  4] 238.02-239.00 sec   445 KBytes  3.70 Mbits/sec    0    274 KBytes       
[  4] 239.00-240.01 sec  0.00 Bytes  0.00 bits/sec    0    277 KBytes       
[  4] 240.01-241.00 sec   318 KBytes  2.62 Mbits/sec    0    303 KBytes       
[  4] 241.00-242.02 sec  63.6 KBytes   512 Kbits/sec    0    305 KBytes       
[  4] 242.02-243.00 sec   191 KBytes  1.60 Mbits/sec    0    317 KBytes       
[  4] 243.00-244.01 sec  63.6 KBytes   514 Kbits/sec    0    320 KBytes       
[  4] 244.01-245.00 sec   255 KBytes  2.11 Mbits/sec    0    325 KBytes       
[  4] 245.00-246.00 sec  63.6 KBytes   523 Kbits/sec    0    327 KBytes       
[  4] 246.00-247.00 sec   191 KBytes  1.56 Mbits/sec    0    342 KBytes       
[  4] 247.00-248.00 sec   127 KBytes  1.04 Mbits/sec    0    355 KBytes       
[  4] 248.00-249.00 sec  0.00 Bytes  0.00 bits/sec    0    363 KBytes       
[  4] 249.00-250.00 sec   445 KBytes  3.64 Mbits/sec    0    421 KBytes       
[  4] 250.00-251.00 sec   191 KBytes  1.57 Mbits/sec    0    444 KBytes       
[  4] 251.00-252.02 sec  63.6 KBytes   511 Kbits/sec   15    379 KBytes       
[  4] 252.02-253.02 sec  0.00 Bytes  0.00 bits/sec   42    317 KBytes       
[  4] 253.02-254.00 sec  0.00 Bytes  0.00 bits/sec   10    317 KBytes       
[  4] 254.00-255.00 sec   191 KBytes  1.57 Mbits/sec    0    317 KBytes       
[  4] 255.00-256.00 sec   191 KBytes  1.56 Mbits/sec    0    317 KBytes       
[  4] 256.00-257.00 sec   318 KBytes  2.61 Mbits/sec    0    331 KBytes       
[  4] 257.00-258.02 sec   318 KBytes  2.56 Mbits/sec    0    362 KBytes       
[  4] 258.02-259.00 sec  63.6 KBytes   531 Kbits/sec    0    369 KBytes       
[  4] 259.00-260.02 sec   191 KBytes  1.54 Mbits/sec    0    402 KBytes       
[  4] 260.02-261.02 sec  63.6 KBytes   522 Kbits/sec    0    416 KBytes       
[  4] 261.02-262.02 sec   191 KBytes  1.57 Mbits/sec    0    430 KBytes       
[  4] 262.02-263.04 sec   191 KBytes  1.52 Mbits/sec    0    438 KBytes       
[  4] 263.04-264.01 sec  0.00 Bytes  0.00 bits/sec    3    427 KBytes       
[  4] 264.01-265.02 sec  0.00 Bytes  0.00 bits/sec   18    329 KBytes       
[  4] 265.02-266.00 sec  0.00 Bytes  0.00 bits/sec    5    307 KBytes       
[  4] 266.00-267.00 sec   255 KBytes  2.08 Mbits/sec    0    307 KBytes       
[  4] 267.00-268.00 sec   445 KBytes  3.66 Mbits/sec    0    308 KBytes       
[  4] 268.00-269.00 sec  63.6 KBytes   521 Kbits/sec    0    318 KBytes       
[  4] 269.00-270.00 sec   318 KBytes  2.60 Mbits/sec    0    338 KBytes       
[  4] 270.00-271.00 sec  63.6 KBytes   521 Kbits/sec    0    341 KBytes       
[  4] 271.00-272.00 sec   191 KBytes  1.57 Mbits/sec    0    355 KBytes       
[  4] 272.00-273.00 sec  63.6 KBytes   521 Kbits/sec    0    361 KBytes       
[  4] 273.00-274.00 sec   191 KBytes  1.56 Mbits/sec    0    365 KBytes       
[  4] 274.00-275.00 sec   191 KBytes  1.56 Mbits/sec    0    369 KBytes       
[  4] 275.00-276.02 sec  0.00 Bytes  0.00 bits/sec    0    372 KBytes       
[  4] 276.02-277.00 sec   191 KBytes  1.59 Mbits/sec    0    387 KBytes       
[  4] 277.00-278.00 sec   191 KBytes  1.57 Mbits/sec    0    404 KBytes       
[  4] 278.00-279.00 sec  63.6 KBytes   521 Kbits/sec    0    430 KBytes       
[  4] 279.00-280.00 sec  0.00 Bytes  0.00 bits/sec   37    345 KBytes       
[  4] 280.00-281.00 sec  0.00 Bytes  0.00 bits/sec    8    304 KBytes       
[  4] 281.00-282.00 sec  0.00 Bytes  0.00 bits/sec    0    304 KBytes       
[  4] 282.00-283.00 sec   255 KBytes  2.09 Mbits/sec    0    304 KBytes       
[  4] 283.00-284.00 sec   318 KBytes  2.60 Mbits/sec    0    314 KBytes       
[  4] 284.00-285.00 sec   318 KBytes  2.61 Mbits/sec    0    345 KBytes       
[  4] 285.00-286.00 sec  0.00 Bytes  0.00 bits/sec    0    352 KBytes       
[  4] 286.00-287.00 sec   191 KBytes  1.56 Mbits/sec    0    383 KBytes       
[  4] 287.00-288.00 sec   127 KBytes  1.04 Mbits/sec    2    390 KBytes       
[  4] 288.00-289.00 sec  0.00 Bytes  0.00 bits/sec   10    366 KBytes       
[  4] 289.00-290.00 sec  0.00 Bytes  0.00 bits/sec   24    277 KBytes       
[  4] 290.00-291.00 sec  0.00 Bytes  0.00 bits/sec    9    277 KBytes       
[  4] 291.00-292.00 sec   255 KBytes  2.09 Mbits/sec    0    277 KBytes       
[  4] 292.00-293.00 sec   318 KBytes  2.61 Mbits/sec    0    280 KBytes       
[  4] 293.00-294.01 sec   191 KBytes  1.56 Mbits/sec    0    297 KBytes       
[  4] 294.01-295.00 sec   127 KBytes  1.05 Mbits/sec    0    310 KBytes       
[  4] 295.00-296.00 sec   191 KBytes  1.56 Mbits/sec    0    320 KBytes       
[  4] 296.00-297.01 sec   127 KBytes  1.04 Mbits/sec    0    327 KBytes       
[  4] 297.01-298.01 sec  0.00 Bytes  0.00 bits/sec    0    327 KBytes       
[  4] 298.01-299.01 sec   191 KBytes  1.57 Mbits/sec    0    332 KBytes       
[  4] 299.01-300.00 sec   127 KBytes  1.05 Mbits/sec    0    339 KBytes       
[  4] 300.00-301.00 sec   127 KBytes  1.04 Mbits/sec    0    349 KBytes       
[  4] 301.00-302.00 sec   127 KBytes  1.04 Mbits/sec    0    372 KBytes       
[  4] 302.00-303.00 sec  63.6 KBytes   521 Kbits/sec    3    365 KBytes       
[  4] 303.00-304.00 sec  0.00 Bytes  0.00 bits/sec   11    301 KBytes       
[  4] 304.00-305.00 sec  0.00 Bytes  0.00 bits/sec   20    263 KBytes       
[  4] 305.00-306.00 sec  63.6 KBytes   519 Kbits/sec    0    263 KBytes       
[  4] 306.00-307.00 sec   509 KBytes  4.18 Mbits/sec    0    269 KBytes       
[  4] 307.00-308.02 sec  0.00 Bytes  0.00 bits/sec    0    274 KBytes       
[  4] 308.02-309.00 sec   255 KBytes  2.13 Mbits/sec    0    308 KBytes       
[  4] 309.00-310.00 sec  63.6 KBytes   522 Kbits/sec    0    322 KBytes       
[  4] 310.00-311.00 sec   127 KBytes  1.04 Mbits/sec    0    342 KBytes       
[  4] 311.00-312.00 sec   191 KBytes  1.56 Mbits/sec    0    356 KBytes       
[  4] 312.00-313.00 sec  0.00 Bytes  0.00 bits/sec    0    358 KBytes       
[  4] 313.00-314.00 sec  0.00 Bytes  0.00 bits/sec   15    296 KBytes       
[  4] 314.00-315.01 sec  0.00 Bytes  0.00 bits/sec   18    250 KBytes       
[  4] 315.01-316.00 sec  0.00 Bytes  0.00 bits/sec    0    250 KBytes       
[  4] 316.00-317.00 sec   127 KBytes  1.04 Mbits/sec    0    250 KBytes       
[  4] 317.00-318.03 sec   382 KBytes  3.05 Mbits/sec    0    256 KBytes       
[  4] 318.03-319.00 sec  63.6 KBytes   535 Kbits/sec    0    262 KBytes       
[  4] 319.00-320.00 sec   191 KBytes  1.56 Mbits/sec    0    280 KBytes       
[  4] 320.00-321.03 sec  63.6 KBytes   509 Kbits/sec    0    284 KBytes       
[  4] 321.03-322.00 sec   127 KBytes  1.07 Mbits/sec    0    291 KBytes       
[  4] 322.00-323.00 sec   127 KBytes  1.04 Mbits/sec    4    274 KBytes       
[  4] 323.00-324.00 sec  0.00 Bytes  0.00 bits/sec    8    235 KBytes       
[  4] 324.00-325.00 sec  0.00 Bytes  0.00 bits/sec    4    206 KBytes       
[  4] 325.00-326.00 sec  0.00 Bytes  0.00 bits/sec    0    206 KBytes       
[  4] 326.00-327.00 sec   445 KBytes  3.65 Mbits/sec    0    214 KBytes       
[  4] 327.00-328.00 sec   127 KBytes  1.04 Mbits/sec    0    223 KBytes       
[  4] 328.00-329.00 sec   191 KBytes  1.56 Mbits/sec    0    235 KBytes       
[  4] 329.00-330.00 sec  63.6 KBytes   521 Kbits/sec    0    239 KBytes       
[  4] 330.00-331.01 sec   127 KBytes  1.04 Mbits/sec    0    245 KBytes       
[  4] 331.01-332.01 sec   127 KBytes  1.04 Mbits/sec    0    246 KBytes       
[  4] 332.01-333.07 sec   127 KBytes   980 Kbits/sec    0    252 KBytes       
[  4] 333.07-334.00 sec  63.6 KBytes   558 Kbits/sec    0    257 KBytes       
[  4] 334.00-335.00 sec   191 KBytes  1.57 Mbits/sec    0    273 KBytes       
[  4] 335.00-336.00 sec  63.6 KBytes   520 Kbits/sec    0    291 KBytes       
[  4] 336.00-337.00 sec   127 KBytes  1.04 Mbits/sec    0    339 KBytes       
[  4] 337.00-338.00 sec  0.00 Bytes  0.00 bits/sec    2    337 KBytes       
[  4] 338.00-339.00 sec  0.00 Bytes  0.00 bits/sec   32    240 KBytes       
[  4] 339.00-340.00 sec  0.00 Bytes  0.00 bits/sec    3    240 KBytes       
[  4] 340.00-341.00 sec   318 KBytes  2.60 Mbits/sec    1    240 KBytes       
[  4] 341.00-342.00 sec  0.00 Bytes  0.00 bits/sec    0    233 KBytes       
[  4] 342.00-343.00 sec   255 KBytes  2.09 Mbits/sec    0    214 KBytes       
[  4] 343.00-344.00 sec   255 KBytes  2.09 Mbits/sec    0    171 KBytes       
[  4] 344.00-345.00 sec  63.6 KBytes   521 Kbits/sec    0    178 KBytes       
[  4] 345.00-346.00 sec   127 KBytes  1.04 Mbits/sec    0    189 KBytes       
[  4] 346.00-347.01 sec   127 KBytes  1.04 Mbits/sec    0    197 KBytes       
[  4] 347.01-348.01 sec  63.6 KBytes   518 Kbits/sec    0    198 KBytes       
[  4] 348.01-349.00 sec   191 KBytes  1.58 Mbits/sec    0    202 KBytes       
[  4] 349.00-350.00 sec  0.00 Bytes  0.00 bits/sec    0    205 KBytes       
[  4] 350.00-351.01 sec  63.6 KBytes   516 Kbits/sec    0    212 KBytes       
[  4] 351.01-352.02 sec  63.6 KBytes   518 Kbits/sec    4    195 KBytes       
[  4] 352.02-353.02 sec  0.00 Bytes  0.00 bits/sec    1    180 KBytes       
[  4] 353.02-354.02 sec   127 KBytes  1.04 Mbits/sec    0    154 KBytes       
[  4] 354.02-355.00 sec   127 KBytes  1.06 Mbits/sec    0    156 KBytes       
[  4] 355.00-356.00 sec   191 KBytes  1.56 Mbits/sec    0    171 KBytes       
[  4] 356.00-357.01 sec  63.6 KBytes   519 Kbits/sec    0    184 KBytes       
[  4] 357.01-358.04 sec   127 KBytes  1.00 Mbits/sec    0    199 KBytes       
[  4] 358.04-359.02 sec  0.00 Bytes  0.00 bits/sec    0    204 KBytes       
[  4] 359.02-360.00 sec   191 KBytes  1.59 Mbits/sec    0    214 KBytes       
[  4] 360.00-361.00 sec  0.00 Bytes  0.00 bits/sec    0    215 KBytes       
[  4] 361.00-362.00 sec  63.6 KBytes   521 Kbits/sec    8    189 KBytes       
[  4] 362.00-363.00 sec  0.00 Bytes  0.00 bits/sec    0    170 KBytes       
[  4] 363.00-364.00 sec   255 KBytes  2.08 Mbits/sec    0    157 KBytes       
[  4] 364.00-365.02 sec  63.6 KBytes   512 Kbits/sec    0    163 KBytes       
[  4] 365.02-366.01 sec   127 KBytes  1.06 Mbits/sec    0    174 KBytes       
[  4] 366.01-367.00 sec  63.6 KBytes   523 Kbits/sec    0    177 KBytes       
[  4] 367.00-368.01 sec   127 KBytes  1.04 Mbits/sec    0    181 KBytes       
[  4] 368.01-369.04 sec  63.6 KBytes   504 Kbits/sec    0    182 KBytes       
[  4] 369.04-370.00 sec   127 KBytes  1.08 Mbits/sec    0    188 KBytes       
[  4] 370.00-371.02 sec  0.00 Bytes  0.00 bits/sec    0    192 KBytes       
[  4] 371.02-372.00 sec   191 KBytes  1.59 Mbits/sec    0    215 KBytes       
[  4] 372.00-373.00 sec  0.00 Bytes  0.00 bits/sec    0    229 KBytes       
[  4] 373.00-374.01 sec   127 KBytes  1.04 Mbits/sec    1    286 KBytes       
[  4] 374.01-375.01 sec  0.00 Bytes  0.00 bits/sec    9    257 KBytes       
[  4] 375.01-376.02 sec  0.00 Bytes  0.00 bits/sec    2    225 KBytes       
[  4] 376.02-377.00 sec  0.00 Bytes  0.00 bits/sec   16    201 KBytes       
[  4] 377.00-378.00 sec  0.00 Bytes  0.00 bits/sec    0    201 KBytes       
[  4] 378.00-379.00 sec   445 KBytes  3.65 Mbits/sec    0    198 KBytes       
[  4] 379.00-380.02 sec  63.6 KBytes   514 Kbits/sec    0    180 KBytes       
[  4] 380.02-381.00 sec   191 KBytes  1.59 Mbits/sec    0    141 KBytes       
[  4] 381.00-382.00 sec  63.6 KBytes   521 Kbits/sec    0    150 KBytes       
[  4] 382.00-383.00 sec   127 KBytes  1.04 Mbits/sec    0    158 KBytes       
[  4] 383.00-384.00 sec  0.00 Bytes  0.00 bits/sec    0    161 KBytes       
[  4] 384.00-385.00 sec   127 KBytes  1.04 Mbits/sec    0    165 KBytes       
[  4] 385.00-386.00 sec  63.6 KBytes   520 Kbits/sec    0    167 KBytes       
[  4] 386.00-387.02 sec  63.6 KBytes   513 Kbits/sec    0    174 KBytes       
[  4] 387.02-388.00 sec  63.6 KBytes   532 Kbits/sec    0    180 KBytes       
[  4] 388.00-389.00 sec  63.6 KBytes   519 Kbits/sec    0    206 KBytes       
[  4] 389.00-390.00 sec  63.6 KBytes   523 Kbits/sec    0    221 KBytes       
[  4] 390.00-391.00 sec  63.6 KBytes   521 Kbits/sec    0    274 KBytes       
[  4] 391.00-392.02 sec   127 KBytes  1.02 Mbits/sec    0    338 KBytes       
[  4] 392.02-393.00 sec   191 KBytes  1.60 Mbits/sec    0    427 KBytes       
[  4] 393.00-394.00 sec   318 KBytes  2.60 Mbits/sec    0    492 KBytes       
[  4] 394.00-395.01 sec   445 KBytes  3.63 Mbits/sec    0    557 KBytes       
[  4] 395.01-396.00 sec   891 KBytes  7.34 Mbits/sec   16    625 KBytes       
[  4] 396.00-397.00 sec  0.00 Bytes  0.00 bits/sec    0    590 KBytes       
[  4] 397.00-398.00 sec  0.00 Bytes  0.00 bits/sec   89    468 KBytes       
[  4] 398.00-399.00 sec  0.00 Bytes  0.00 bits/sec    0    468 KBytes       
[  4] 399.00-400.00 sec   891 KBytes  7.29 Mbits/sec    0    471 KBytes       
[  4] 400.00-401.01 sec   127 KBytes  1.04 Mbits/sec    0    485 KBytes       
[  4] 401.01-402.01 sec   509 KBytes  4.16 Mbits/sec    0    547 KBytes       
[  4] 402.01-403.00 sec  63.6 KBytes   524 Kbits/sec    0    566 KBytes       
[  4] 403.00-404.00 sec   382 KBytes  3.12 Mbits/sec    0    612 KBytes       
[  4] 404.00-405.01 sec   127 KBytes  1.04 Mbits/sec    0    622 KBytes       
[  4] 405.01-406.02 sec   255 KBytes  2.05 Mbits/sec    6    590 KBytes       
[  4] 406.02-407.00 sec  0.00 Bytes  0.00 bits/sec   29    523 KBytes       
[  4] 407.00-408.00 sec  0.00 Bytes  0.00 bits/sec    9    460 KBytes       
[  4] 408.00-409.01 sec   191 KBytes  1.55 Mbits/sec   16    448 KBytes       
[  4] 409.01-410.03 sec   382 KBytes  3.05 Mbits/sec    0    448 KBytes       
[  4] 410.03-411.00 sec   573 KBytes  4.84 Mbits/sec    0    460 KBytes       
[  4] 411.00-412.01 sec   255 KBytes  2.07 Mbits/sec    0    481 KBytes       
[  4] 412.01-413.00 sec   318 KBytes  2.62 Mbits/sec    0    503 KBytes       
[  4] 413.00-414.00 sec   127 KBytes  1.04 Mbits/sec    0    510 KBytes       
[  4] 414.00-415.00 sec  0.00 Bytes  0.00 bits/sec    2    406 KBytes       
[  4] 415.00-416.00 sec  0.00 Bytes  0.00 bits/sec    9    363 KBytes       
[  4] 416.00-417.00 sec   255 KBytes  2.08 Mbits/sec    8    356 KBytes       
[  4] 417.00-418.00 sec   127 KBytes  1.04 Mbits/sec    0    356 KBytes       
[  4] 418.00-419.00 sec   573 KBytes  4.69 Mbits/sec    0    291 KBytes       
[  4] 419.00-420.00 sec   191 KBytes  1.56 Mbits/sec    0    252 KBytes       
[  4] 420.00-421.00 sec   255 KBytes  2.08 Mbits/sec    0    262 KBytes       
[  4] 421.00-422.00 sec  63.6 KBytes   522 Kbits/sec    0    270 KBytes       
[  4] 422.00-423.00 sec   191 KBytes  1.57 Mbits/sec    0    283 KBytes       
[  4] 423.00-424.00 sec  63.6 KBytes   521 Kbits/sec    0    288 KBytes       
[  4] 424.00-425.00 sec   127 KBytes  1.04 Mbits/sec    0    293 KBytes       
[  4] 425.00-426.00 sec   127 KBytes  1.04 Mbits/sec    0    297 KBytes       
[  4] 426.00-427.02 sec  63.6 KBytes   512 Kbits/sec    0    300 KBytes       
[  4] 427.02-428.02 sec  0.00 Bytes  0.00 bits/sec    6    246 KBytes       
[  4] 428.02-429.00 sec  0.00 Bytes  0.00 bits/sec    7    215 KBytes       
[  4] 429.00-430.00 sec  0.00 Bytes  0.00 bits/sec    8    211 KBytes       
[  4] 430.00-431.00 sec  0.00 Bytes  0.00 bits/sec    0    211 KBytes       
[  4] 431.00-432.00 sec   573 KBytes  4.69 Mbits/sec    0    218 KBytes       
[  4] 432.00-433.02 sec   127 KBytes  1.02 Mbits/sec    0    226 KBytes       
[  4] 433.02-434.00 sec   127 KBytes  1.07 Mbits/sec    0    239 KBytes       
[  4] 434.00-435.02 sec   127 KBytes  1.03 Mbits/sec    0    246 KBytes       
[  4] 435.02-436.01 sec   191 KBytes  1.58 Mbits/sec    0    250 KBytes       
[  4] 436.01-437.00 sec   127 KBytes  1.05 Mbits/sec    0    253 KBytes       
[  4] 437.00-438.01 sec   127 KBytes  1.04 Mbits/sec    0    256 KBytes       
[  4] 438.01-439.01 sec   191 KBytes  1.56 Mbits/sec    0    266 KBytes       
[  4] 439.01-440.01 sec   127 KBytes  1.04 Mbits/sec    0    280 KBytes       
[  4] 440.01-441.00 sec   127 KBytes  1.04 Mbits/sec    0    300 KBytes       
[  4] 441.00-442.00 sec  63.6 KBytes   523 Kbits/sec    0    308 KBytes       
[  4] 442.00-443.01 sec  0.00 Bytes  0.00 bits/sec   14    298 KBytes       
[  4] 443.01-444.00 sec  0.00 Bytes  0.00 bits/sec    4    269 KBytes       
[  4] 444.00-445.01 sec  0.00 Bytes  0.00 bits/sec    7    243 KBytes       
[  4] 445.01-446.00 sec  0.00 Bytes  0.00 bits/sec    8    243 KBytes       
[  4] 446.00-447.00 sec  0.00 Bytes  0.00 bits/sec    0    243 KBytes       
[  4] 447.00-448.00 sec   700 KBytes  5.74 Mbits/sec    0    215 KBytes       
[  4] 448.00-449.01 sec  0.00 Bytes  0.00 bits/sec    0    206 KBytes       
[  4] 449.01-450.01 sec   255 KBytes  2.09 Mbits/sec    0    174 KBytes       
[  4] 450.01-451.01 sec  63.6 KBytes   521 Kbits/sec    0    178 KBytes       
[  4] 451.01-452.11 sec   127 KBytes   941 Kbits/sec    0    192 KBytes       
[  4] 452.11-453.00 sec  0.00 Bytes  0.00 bits/sec    0    195 KBytes       
[  4] 453.00-454.00 sec  63.6 KBytes   522 Kbits/sec    0    197 KBytes       
[  4] 454.00-455.01 sec   127 KBytes  1.04 Mbits/sec    0    202 KBytes       
[  4] 455.01-456.00 sec  63.6 KBytes   523 Kbits/sec    0    204 KBytes       
[  4] 456.00-457.00 sec   127 KBytes  1.04 Mbits/sec    0    219 KBytes       
[  4] 457.00-458.02 sec  63.6 KBytes   509 Kbits/sec    0    223 KBytes       
[  4] 458.02-459.00 sec   127 KBytes  1.07 Mbits/sec    0    267 KBytes       
[  4] 459.00-460.00 sec  0.00 Bytes  0.00 bits/sec    3    266 KBytes       
[  4] 460.00-461.00 sec  0.00 Bytes  0.00 bits/sec    2    256 KBytes       
[  4] 461.00-462.00 sec  0.00 Bytes  0.00 bits/sec    8    194 KBytes       
[  4] 462.00-463.00 sec   382 KBytes  3.13 Mbits/sec    0    202 KBytes       
[  4] 463.00-464.05 sec   127 KBytes   999 Kbits/sec    0    214 KBytes       
[  4] 464.05-465.00 sec  63.6 KBytes   545 Kbits/sec    0    230 KBytes       
[  4] 465.00-466.00 sec   127 KBytes  1.04 Mbits/sec    0    249 KBytes       
[  4] 466.00-467.00 sec  0.00 Bytes  0.00 bits/sec    0    250 KBytes       
[  4] 467.00-468.00 sec   191 KBytes  1.56 Mbits/sec    4    259 KBytes       
[  4] 468.00-469.01 sec  0.00 Bytes  0.00 bits/sec    2    253 KBytes       
[  4] 469.01-470.00 sec  0.00 Bytes  0.00 bits/sec    2    191 KBytes       
[  4] 470.00-471.00 sec  63.6 KBytes   521 Kbits/sec    0    187 KBytes       
[  4] 471.00-472.00 sec   445 KBytes  3.66 Mbits/sec    0    197 KBytes       
[  4] 472.00-473.00 sec  0.00 Bytes  0.00 bits/sec    0    198 KBytes       
[  4] 473.00-474.00 sec   191 KBytes  1.56 Mbits/sec    0    214 KBytes       
[  4] 474.00-475.04 sec  0.00 Bytes  0.00 bits/sec    0    215 KBytes       
[  4] 475.04-476.00 sec   191 KBytes  1.62 Mbits/sec    0    222 KBytes       
[  4] 476.00-477.01 sec  0.00 Bytes  0.00 bits/sec    0    222 KBytes       
[  4] 477.01-478.01 sec   191 KBytes  1.56 Mbits/sec    0    230 KBytes       
[  4] 478.01-479.00 sec  63.6 KBytes   528 Kbits/sec    0    232 KBytes       
[  4] 479.00-480.01 sec   127 KBytes  1.04 Mbits/sec    0    257 KBytes       
[  4] 480.01-481.00 sec  63.6 KBytes   522 Kbits/sec    0    266 KBytes       
[  4] 481.00-482.00 sec   127 KBytes  1.05 Mbits/sec    0    321 KBytes       
[  4] 482.00-483.00 sec  63.6 KBytes   521 Kbits/sec    4    334 KBytes       
[  4] 483.00-484.00 sec  0.00 Bytes  0.00 bits/sec    3    322 KBytes       
[  4] 484.00-485.01 sec  0.00 Bytes  0.00 bits/sec   62    243 KBytes       
[  4] 485.01-486.00 sec  0.00 Bytes  0.00 bits/sec    0    243 KBytes       
[  4] 486.00-487.00 sec   318 KBytes  2.60 Mbits/sec    0    239 KBytes       
[  4] 487.00-488.01 sec   191 KBytes  1.55 Mbits/sec    0    221 KBytes       
[  4] 488.01-489.00 sec   191 KBytes  1.57 Mbits/sec    0    170 KBytes       
[  4] 489.00-490.00 sec  63.6 KBytes   522 Kbits/sec    0    174 KBytes       
[  4] 490.00-491.00 sec   127 KBytes  1.04 Mbits/sec    0    188 KBytes       
[  4] 491.00-492.00 sec  63.6 KBytes   520 Kbits/sec    0    194 KBytes       
[  4] 492.00-493.00 sec  63.6 KBytes   522 Kbits/sec    0    194 KBytes       
[  4] 493.00-494.00 sec   127 KBytes  1.04 Mbits/sec    4    188 KBytes       
[  4] 494.00-495.00 sec  0.00 Bytes  0.00 bits/sec    0    187 KBytes       
[  4] 495.00-496.00 sec  0.00 Bytes  0.00 bits/sec    0    140 KBytes       
[  4] 496.00-497.01 sec   127 KBytes  1.03 Mbits/sec    6    140 KBytes       
[  4] 497.01-498.00 sec  0.00 Bytes  0.00 bits/sec    0    140 KBytes       
[  4] 498.00-499.00 sec   191 KBytes  1.57 Mbits/sec    0    143 KBytes       
[  4] 499.00-500.01 sec   191 KBytes  1.55 Mbits/sec    0    157 KBytes       
[  4] 500.01-501.00 sec  0.00 Bytes  0.00 bits/sec    0    158 KBytes       
[  4] 501.00-502.00 sec   127 KBytes  1.04 Mbits/sec    0    165 KBytes       
[  4] 502.00-503.00 sec  0.00 Bytes  0.00 bits/sec    0    165 KBytes       
[  4] 503.00-504.00 sec   191 KBytes  1.56 Mbits/sec    0    171 KBytes       
[  4] 504.00-505.00 sec  0.00 Bytes  0.00 bits/sec    0    173 KBytes       
[  4] 505.00-506.01 sec  0.00 Bytes  0.00 bits/sec    8    150 KBytes       
[  4] 506.01-507.00 sec  0.00 Bytes  0.00 bits/sec    4    122 KBytes       
[  4] 507.00-508.00 sec  63.6 KBytes   522 Kbits/sec    1    122 KBytes       
[  4] 508.00-509.00 sec  63.6 KBytes   521 Kbits/sec    0    122 KBytes       
[  4] 509.00-510.00 sec   127 KBytes  1.04 Mbits/sec    0    129 KBytes       
[  4] 510.00-511.00 sec   127 KBytes  1.04 Mbits/sec    0    141 KBytes       
[  4] 511.00-512.00 sec  0.00 Bytes  0.00 bits/sec    0    144 KBytes       
[  4] 512.00-513.00 sec   127 KBytes  1.04 Mbits/sec    0    163 KBytes       
[  4] 513.00-514.00 sec  0.00 Bytes  0.00 bits/sec    1    161 KBytes       
[  4] 514.00-515.00 sec  0.00 Bytes  0.00 bits/sec    3    117 KBytes       
[  4] 515.00-516.00 sec  0.00 Bytes  0.00 bits/sec    1    113 KBytes       
[  4] 516.00-517.02 sec   127 KBytes  1.02 Mbits/sec    0    113 KBytes       
[  4] 517.02-518.01 sec   127 KBytes  1.06 Mbits/sec    0    115 KBytes       
[  4] 518.01-519.00 sec   127 KBytes  1.05 Mbits/sec    0    127 KBytes       
[  4] 519.00-520.01 sec  63.6 KBytes   518 Kbits/sec    0    129 KBytes       
[  4] 520.01-521.00 sec  63.6 KBytes   524 Kbits/sec    0    133 KBytes       
[  4] 521.00-522.00 sec  63.6 KBytes   521 Kbits/sec    0    134 KBytes       
[  4] 522.00-523.01 sec  63.6 KBytes   517 Kbits/sec    0    140 KBytes       
[  4] 523.01-524.00 sec  63.6 KBytes   527 Kbits/sec    0    141 KBytes       
[  4] 524.00-525.00 sec  63.6 KBytes   521 Kbits/sec    0    164 KBytes       
[  4] 525.00-526.00 sec  63.6 KBytes   521 Kbits/sec    0    175 KBytes       
[  4] 526.00-527.00 sec  0.00 Bytes  0.00 bits/sec    0    181 KBytes       
[  4] 527.00-528.00 sec  0.00 Bytes  0.00 bits/sec   14    170 KBytes       
[  4] 528.00-529.03 sec  0.00 Bytes  0.00 bits/sec    0    165 KBytes       
[  4] 529.03-530.02 sec  0.00 Bytes  0.00 bits/sec   33    148 KBytes       
[  4] 530.02-531.00 sec  0.00 Bytes  0.00 bits/sec    0    148 KBytes       
[  4] 531.00-532.08 sec   318 KBytes  2.42 Mbits/sec    0    151 KBytes       
[  4] 532.08-533.00 sec  63.6 KBytes   566 Kbits/sec    0    156 KBytes       
[  4] 533.00-534.00 sec   127 KBytes  1.04 Mbits/sec    0    182 KBytes       
[  4] 534.00-535.00 sec  63.6 KBytes   522 Kbits/sec    0    187 KBytes       
[  4] 535.00-536.01 sec  63.6 KBytes   518 Kbits/sec    0    197 KBytes       
[  4] 536.01-537.00 sec  63.6 KBytes   525 Kbits/sec    0    202 KBytes       
[  4] 537.00-538.00 sec  63.6 KBytes   520 Kbits/sec    0    204 KBytes       
[  4] 538.00-539.00 sec   127 KBytes  1.04 Mbits/sec    8    185 KBytes       
[  4] 539.00-540.00 sec  0.00 Bytes  0.00 bits/sec    0    180 KBytes       
[  4] 540.00-541.01 sec   191 KBytes  1.56 Mbits/sec    0    147 KBytes       
[  4] 541.01-542.00 sec  0.00 Bytes  0.00 bits/sec    0    150 KBytes       
[  4] 542.00-543.01 sec   191 KBytes  1.56 Mbits/sec    0    164 KBytes       
[  4] 543.01-544.02 sec  0.00 Bytes  0.00 bits/sec    0    165 KBytes       
[  4] 544.02-545.00 sec   191 KBytes  1.59 Mbits/sec    0    173 KBytes       
[  4] 545.00-546.00 sec   127 KBytes  1.04 Mbits/sec    0    177 KBytes       
[  4] 546.00-547.01 sec   127 KBytes  1.04 Mbits/sec    0    181 KBytes       
[  4] 547.01-548.02 sec  63.6 KBytes   512 Kbits/sec    0    187 KBytes       
[  4] 548.02-549.00 sec   191 KBytes  1.60 Mbits/sec    0    206 KBytes       
[  4] 549.00-550.01 sec  0.00 Bytes  0.00 bits/sec    0    211 KBytes       
[  4] 550.01-551.00 sec   127 KBytes  1.05 Mbits/sec    0    274 KBytes       
[  4] 551.00-552.00 sec  0.00 Bytes  0.00 bits/sec    0    290 KBytes       
[  4] 552.00-553.00 sec  0.00 Bytes  0.00 bits/sec   24    206 KBytes       
[  4] 553.00-554.00 sec  0.00 Bytes  0.00 bits/sec   20    204 KBytes       
[  4] 554.00-555.00 sec  63.6 KBytes   521 Kbits/sec    0    204 KBytes       
[  4] 555.00-556.01 sec   191 KBytes  1.56 Mbits/sec    0    204 KBytes       
[  4] 556.01-557.03 sec   255 KBytes  2.05 Mbits/sec    0    216 KBytes       
[  4] 557.03-558.00 sec   127 KBytes  1.07 Mbits/sec    0    238 KBytes       
[  4] 558.00-559.01 sec  63.6 KBytes   518 Kbits/sec    0    245 KBytes       
[  4] 559.01-560.00 sec   127 KBytes  1.05 Mbits/sec    5    249 KBytes       
[  4] 560.00-561.00 sec  0.00 Bytes  0.00 bits/sec    0    239 KBytes       
[  4] 561.00-562.00 sec  0.00 Bytes  0.00 bits/sec    2    197 KBytes       
[  4] 562.00-563.00 sec  63.6 KBytes   521 Kbits/sec   11    185 KBytes       
[  4] 563.00-564.00 sec   127 KBytes  1.04 Mbits/sec    0    185 KBytes       
[  4] 564.00-565.01 sec   255 KBytes  2.07 Mbits/sec    0    191 KBytes       
[  4] 565.01-566.00 sec   191 KBytes  1.58 Mbits/sec    0    206 KBytes       
[  4] 566.00-567.00 sec  63.6 KBytes   521 Kbits/sec    0    211 KBytes       
[  4] 567.00-568.00 sec   127 KBytes  1.04 Mbits/sec    0    218 KBytes       
[  4] 568.00-569.00 sec  63.6 KBytes   522 Kbits/sec    0    219 KBytes       
[  4] 569.00-570.00 sec  63.6 KBytes   521 Kbits/sec    0    222 KBytes       
[  4] 570.00-571.01 sec   127 KBytes  1.03 Mbits/sec    0    228 KBytes       
[  4] 571.01-572.05 sec  63.6 KBytes   500 Kbits/sec    0    235 KBytes       
[  4] 572.05-573.01 sec   191 KBytes  1.64 Mbits/sec    0    260 KBytes       
[  4] 573.01-574.01 sec  0.00 Bytes  0.00 bits/sec    0    269 KBytes       
[  4] 574.01-575.00 sec  0.00 Bytes  0.00 bits/sec   11    238 KBytes       
[  4] 575.00-576.00 sec  0.00 Bytes  0.00 bits/sec    3    211 KBytes       
[  4] 576.00-577.00 sec  0.00 Bytes  0.00 bits/sec    6    201 KBytes       
[  4] 577.00-578.00 sec  0.00 Bytes  0.00 bits/sec    8    201 KBytes       
[  4] 578.00-579.00 sec   255 KBytes  2.08 Mbits/sec    0    199 KBytes       
[  4] 579.00-580.00 sec   382 KBytes  3.13 Mbits/sec    0    165 KBytes       
[  4] 580.00-581.00 sec   127 KBytes  1.04 Mbits/sec    0    141 KBytes       
[  4] 581.00-582.00 sec  63.6 KBytes   521 Kbits/sec    0    148 KBytes       
[  4] 582.00-583.00 sec  63.6 KBytes   521 Kbits/sec    0    157 KBytes       
[  4] 583.00-584.00 sec  63.6 KBytes   521 Kbits/sec    0    161 KBytes       
[  4] 584.00-585.00 sec  63.6 KBytes   520 Kbits/sec    0    164 KBytes       
[  4] 585.00-586.03 sec   127 KBytes  1.02 Mbits/sec    0    167 KBytes       
[  4] 586.03-587.00 sec  0.00 Bytes  0.00 bits/sec    0    168 KBytes       
[  4] 587.00-588.00 sec   127 KBytes  1.04 Mbits/sec    0    180 KBytes       
[  4] 588.00-589.00 sec  0.00 Bytes  0.00 bits/sec    0    185 KBytes       
[  4] 589.00-590.00 sec   127 KBytes  1.04 Mbits/sec    0    223 KBytes       
[  4] 590.00-591.00 sec  63.6 KBytes   521 Kbits/sec    1    228 KBytes       
[  4] 591.00-592.01 sec  0.00 Bytes  0.00 bits/sec   11    191 KBytes       
[  4] 592.01-593.00 sec  0.00 Bytes  0.00 bits/sec   24    163 KBytes       
[  4] 593.00-594.01 sec  0.00 Bytes  0.00 bits/sec    0    163 KBytes       
[  4] 594.01-595.00 sec   255 KBytes  2.10 Mbits/sec    0    164 KBytes       
[  4] 595.00-596.00 sec  63.6 KBytes   521 Kbits/sec    0    173 KBytes       
[  4] 596.00-597.00 sec   191 KBytes  1.57 Mbits/sec    0    195 KBytes       
[  4] 597.00-598.00 sec  0.00 Bytes  0.00 bits/sec    0    198 KBytes       
[  4] 598.00-599.00 sec   127 KBytes  1.04 Mbits/sec    0    216 KBytes       
[  4] 599.00-600.00 sec  63.6 KBytes   522 Kbits/sec    4    209 KBytes       
[  4] 600.00-601.07 sec  0.00 Bytes  0.00 bits/sec   13    173 KBytes       
[  4] 601.07-602.00 sec  0.00 Bytes  0.00 bits/sec    6    153 KBytes       
[  4] 602.00-603.00 sec  0.00 Bytes  0.00 bits/sec    0    153 KBytes       
[  4] 603.00-604.00 sec   318 KBytes  2.61 Mbits/sec    0    154 KBytes       
[  4] 604.00-605.00 sec  63.6 KBytes   521 Kbits/sec    0    161 KBytes       
[  4] 605.00-606.01 sec   127 KBytes  1.03 Mbits/sec    0    173 KBytes       
[  4] 606.01-607.00 sec  63.6 KBytes   526 Kbits/sec    0    178 KBytes       
[  4] 607.00-608.01 sec   191 KBytes  1.55 Mbits/sec    0    182 KBytes       
[  4] 608.01-609.00 sec   127 KBytes  1.05 Mbits/sec    0    185 KBytes       
[  4] 609.00-610.00 sec   127 KBytes  1.04 Mbits/sec    0    189 KBytes       
[  4] 610.00-611.00 sec   191 KBytes  1.56 Mbits/sec    0    201 KBytes       
[  4] 611.00-612.01 sec  0.00 Bytes  0.00 bits/sec    0    206 KBytes       
[  4] 612.01-613.03 sec   127 KBytes  1.02 Mbits/sec    0    253 KBytes       
[  4] 613.03-614.00 sec  63.6 KBytes   538 Kbits/sec    0    260 KBytes       
[  4] 614.00-615.00 sec  0.00 Bytes  0.00 bits/sec    0    276 KBytes       
[  4] 615.00-616.00 sec  0.00 Bytes  0.00 bits/sec    8    233 KBytes       
[  4] 616.00-617.00 sec  0.00 Bytes  0.00 bits/sec    6    218 KBytes       
[  4] 617.00-618.00 sec  0.00 Bytes  0.00 bits/sec   30    205 KBytes       
[  4] 618.00-619.00 sec  0.00 Bytes  0.00 bits/sec    0    205 KBytes       
[  4] 619.00-620.05 sec   509 KBytes  3.99 Mbits/sec    0    182 KBytes       
[  4] 620.05-621.00 sec  63.6 KBytes   545 Kbits/sec    0    171 KBytes       
[  4] 621.00-622.00 sec   255 KBytes  2.08 Mbits/sec    0    147 KBytes       
[  4] 622.00-623.00 sec  0.00 Bytes  0.00 bits/sec    0    150 KBytes       
[  4] 623.00-624.00 sec  63.6 KBytes   520 Kbits/sec    0    160 KBytes       
[  4] 624.00-625.00 sec  63.6 KBytes   523 Kbits/sec    0    164 KBytes       
[  4] 625.00-626.00 sec   191 KBytes  1.56 Mbits/sec    0    170 KBytes       
[  4] 626.00-627.00 sec  0.00 Bytes  0.00 bits/sec    0    171 KBytes       
[  4] 627.00-628.00 sec   127 KBytes  1.04 Mbits/sec    0    178 KBytes       
[  4] 628.00-629.00 sec  63.6 KBytes   520 Kbits/sec    0    180 KBytes       
[  4] 629.00-630.02 sec   127 KBytes  1.03 Mbits/sec    0    208 KBytes       
[  4] 630.02-631.00 sec  0.00 Bytes  0.00 bits/sec    0    212 KBytes       
[  4] 631.00-632.00 sec   127 KBytes  1.04 Mbits/sec    0    283 KBytes       
[  4] 632.00-633.00 sec  63.6 KBytes   522 Kbits/sec    1    293 KBytes       
[  4] 633.00-634.01 sec  0.00 Bytes  0.00 bits/sec   11    264 KBytes       
[  4] 634.01-635.00 sec  0.00 Bytes  0.00 bits/sec   56    205 KBytes       
[  4] 635.00-636.00 sec  0.00 Bytes  0.00 bits/sec    0    205 KBytes       
[  4] 636.00-637.00 sec   191 KBytes  1.56 Mbits/sec    0    205 KBytes       
[  4] 637.00-638.00 sec   191 KBytes  1.56 Mbits/sec    0    212 KBytes       
[  4] 638.00-639.04 sec   191 KBytes  1.51 Mbits/sec    0    243 KBytes       
[  4] 639.04-640.00 sec  63.6 KBytes   538 Kbits/sec    0    250 KBytes       
[  4] 640.00-641.01 sec   191 KBytes  1.56 Mbits/sec    0    274 KBytes       
[  4] 641.01-642.00 sec   127 KBytes  1.05 Mbits/sec    0    281 KBytes       
[  4] 642.00-643.00 sec   127 KBytes  1.04 Mbits/sec    0    287 KBytes       
[  4] 643.00-644.00 sec  63.6 KBytes   522 Kbits/sec    0    288 KBytes       
[  4] 644.00-645.00 sec  0.00 Bytes  0.00 bits/sec    5    230 KBytes       
[  4] 645.00-646.00 sec  0.00 Bytes  0.00 bits/sec    1    221 KBytes       
[  4] 646.00-647.00 sec   191 KBytes  1.56 Mbits/sec    0    202 KBytes       
[  4] 647.00-648.00 sec   255 KBytes  2.08 Mbits/sec    0    204 KBytes       
[  4] 648.00-649.00 sec   255 KBytes  2.09 Mbits/sec    0    219 KBytes       
[  4] 649.00-650.00 sec  0.00 Bytes  0.00 bits/sec    0    222 KBytes       
[  4] 650.00-651.00 sec   191 KBytes  1.57 Mbits/sec    0    235 KBytes       
[  4] 651.00-652.00 sec  63.6 KBytes   521 Kbits/sec    0    236 KBytes       
[  4] 652.00-653.00 sec   191 KBytes  1.57 Mbits/sec    0    242 KBytes       
[  4] 653.00-654.00 sec  0.00 Bytes  0.00 bits/sec    0    243 KBytes       
[  4] 654.00-655.00 sec   191 KBytes  1.56 Mbits/sec    0    252 KBytes       
[  4] 655.00-656.00 sec  63.6 KBytes   522 Kbits/sec    0    256 KBytes       
[  4] 656.00-657.00 sec   191 KBytes  1.56 Mbits/sec    0    288 KBytes       
[  4] 657.00-658.00 sec  0.00 Bytes  0.00 bits/sec    0    297 KBytes       
[  4] 658.00-659.00 sec  0.00 Bytes  0.00 bits/sec    2    264 KBytes       
[  4] 659.00-660.00 sec  0.00 Bytes  0.00 bits/sec   18    211 KBytes       
[  4] 660.00-661.00 sec   127 KBytes  1.04 Mbits/sec    1    211 KBytes       
[  4] 661.00-662.00 sec   191 KBytes  1.56 Mbits/sec    0    208 KBytes       
[  4] 662.00-663.00 sec   191 KBytes  1.57 Mbits/sec    0    194 KBytes       
[  4] 663.00-664.00 sec   255 KBytes  2.08 Mbits/sec    0    148 KBytes       
[  4] 664.00-665.01 sec   127 KBytes  1.04 Mbits/sec    0    161 KBytes       
[  4] 665.01-666.00 sec  0.00 Bytes  0.00 bits/sec    0    165 KBytes       
[  4] 666.00-667.01 sec   191 KBytes  1.55 Mbits/sec    0    173 KBytes       
[  4] 667.01-668.00 sec  0.00 Bytes  0.00 bits/sec    0    174 KBytes       
[  4] 668.00-669.00 sec   127 KBytes  1.04 Mbits/sec    0    177 KBytes       
[  4] 669.00-670.00 sec  63.6 KBytes   521 Kbits/sec    0    178 KBytes       
[  4] 670.00-671.00 sec   127 KBytes  1.04 Mbits/sec    0    191 KBytes       
[  4] 671.00-672.01 sec  63.6 KBytes   517 Kbits/sec    0    198 KBytes       
[  4] 672.01-673.01 sec   127 KBytes  1.05 Mbits/sec    0    236 KBytes       
[  4] 673.01-674.00 sec  0.00 Bytes  0.00 bits/sec    0    247 KBytes       
[  4] 674.00-675.00 sec   191 KBytes  1.56 Mbits/sec    0    335 KBytes       
[  4] 675.00-676.00 sec  0.00 Bytes  0.00 bits/sec    0    359 KBytes       
[  4] 676.00-677.00 sec  0.00 Bytes  0.00 bits/sec   30    260 KBytes       
[  4] 677.00-678.01 sec  0.00 Bytes  0.00 bits/sec   13    257 KBytes       
[  4] 678.01-679.00 sec  63.6 KBytes   526 Kbits/sec   12    257 KBytes       
[  4] 679.00-680.00 sec   191 KBytes  1.56 Mbits/sec    0    257 KBytes       
[  4] 680.00-681.00 sec   255 KBytes  2.09 Mbits/sec    0    267 KBytes       
[  4] 681.00-682.00 sec   255 KBytes  2.08 Mbits/sec    0    294 KBytes       
[  4] 682.00-683.00 sec  63.6 KBytes   523 Kbits/sec    0    308 KBytes       
[  4] 683.00-684.00 sec   191 KBytes  1.56 Mbits/sec    0    335 KBytes       
[  4] 684.00-685.00 sec   127 KBytes  1.04 Mbits/sec    0    341 KBytes       
[  4] 685.00-686.00 sec   191 KBytes  1.57 Mbits/sec    0    354 KBytes       
[  4] 686.00-687.00 sec   127 KBytes  1.04 Mbits/sec    0    358 KBytes       
[  4] 687.00-688.00 sec   191 KBytes  1.56 Mbits/sec    0    365 KBytes       
[  4] 688.00-689.00 sec   127 KBytes  1.04 Mbits/sec    0    369 KBytes       
[  4] 689.00-690.01 sec   255 KBytes  2.08 Mbits/sec    0    385 KBytes       
[  4] 690.01-691.00 sec  63.6 KBytes   523 Kbits/sec    0    392 KBytes       
[  4] 691.00-692.01 sec  0.00 Bytes  0.00 bits/sec   23    337 KBytes       
[  4] 692.01-693.00 sec  0.00 Bytes  0.00 bits/sec    4    276 KBytes       
[  4] 693.00-694.00 sec   255 KBytes  2.09 Mbits/sec    3    276 KBytes       
[  4] 694.00-695.00 sec  63.6 KBytes   521 Kbits/sec    0    276 KBytes       
[  4] 695.00-696.00 sec   445 KBytes  3.65 Mbits/sec    0    288 KBytes       
[  4] 696.00-697.01 sec   191 KBytes  1.56 Mbits/sec    0    304 KBytes       
[  4] 697.01-698.00 sec   191 KBytes  1.57 Mbits/sec    0    337 KBytes       
[  4] 698.00-699.00 sec  63.6 KBytes   520 Kbits/sec    0    349 KBytes       
[  4] 699.00-700.00 sec   191 KBytes  1.56 Mbits/sec    0    369 KBytes       
[  4] 700.00-701.00 sec   191 KBytes  1.57 Mbits/sec    0    378 KBytes       
[  4] 701.00-702.00 sec  63.6 KBytes   521 Kbits/sec    0    382 KBytes       
[  4] 702.00-703.00 sec   255 KBytes  2.09 Mbits/sec    0    389 KBytes       
[  4] 703.00-704.00 sec  63.6 KBytes   521 Kbits/sec    0    390 KBytes       
[  4] 704.00-705.00 sec  0.00 Bytes  0.00 bits/sec    9    298 KBytes       
[  4] 705.00-706.00 sec  0.00 Bytes  0.00 bits/sec    0    273 KBytes       
[  4] 706.00-707.00 sec   445 KBytes  3.65 Mbits/sec    0    274 KBytes       
[  4] 707.00-708.00 sec   127 KBytes  1.04 Mbits/sec    0    280 KBytes       
[  4] 708.00-709.00 sec   318 KBytes  2.60 Mbits/sec    0    303 KBytes       
[  4] 709.00-710.00 sec  63.6 KBytes   520 Kbits/sec    0    310 KBytes       
[  4] 710.00-711.00 sec   255 KBytes  2.09 Mbits/sec    0    321 KBytes       
[  4] 711.00-712.00 sec  0.00 Bytes  0.00 bits/sec    0    322 KBytes       
[  4] 712.00-713.00 sec   255 KBytes  2.09 Mbits/sec    0    328 KBytes       
[  4] 713.00-714.01 sec  63.6 KBytes   518 Kbits/sec    0    329 KBytes       
[  4] 714.01-715.00 sec   127 KBytes  1.05 Mbits/sec    0    339 KBytes       
[  4] 715.00-716.00 sec   191 KBytes  1.57 Mbits/sec    0    354 KBytes       
[  4] 716.00-717.00 sec  0.00 Bytes  0.00 bits/sec    3    345 KBytes       
[  4] 717.00-718.00 sec  0.00 Bytes  0.00 bits/sec   12    259 KBytes       
[  4] 718.00-719.00 sec  0.00 Bytes  0.00 bits/sec    0    249 KBytes       
[  4] 719.00-720.00 sec  0.00 Bytes  0.00 bits/sec    5    249 KBytes       
[  4] 720.00-721.00 sec  0.00 Bytes  0.00 bits/sec    0    249 KBytes       
[  4] 721.00-722.00 sec   891 KBytes  7.32 Mbits/sec    0    182 KBytes       
[  4] 722.00-723.00 sec  0.00 Bytes  0.00 bits/sec    0    175 KBytes       
[  4] 723.00-724.00 sec   191 KBytes  1.56 Mbits/sec    0    187 KBytes       
[  4] 724.00-725.00 sec  63.6 KBytes   521 Kbits/sec    0    192 KBytes       
[  4] 725.00-726.01 sec   127 KBytes  1.04 Mbits/sec    0    202 KBytes       
[  4] 726.01-727.02 sec  63.6 KBytes   518 Kbits/sec    0    204 KBytes       
[  4] 727.02-728.02 sec   127 KBytes  1.04 Mbits/sec    0    208 KBytes       
[  4] 728.02-729.01 sec  63.6 KBytes   526 Kbits/sec    0    209 KBytes       
[  4] 729.01-730.00 sec   127 KBytes  1.05 Mbits/sec    0    218 KBytes       
[  4] 730.00-731.00 sec  63.6 KBytes   521 Kbits/sec    0    226 KBytes       
[  4] 731.00-732.00 sec   127 KBytes  1.04 Mbits/sec    0    256 KBytes       
[  4] 732.00-733.00 sec  63.6 KBytes   521 Kbits/sec    0    262 KBytes       
[  4] 733.00-734.00 sec   127 KBytes  1.05 Mbits/sec    0    335 KBytes       
[  4] 734.00-735.00 sec  0.00 Bytes  0.00 bits/sec   11    321 KBytes       
[  4] 735.00-736.01 sec  0.00 Bytes  0.00 bits/sec   29    242 KBytes       
[  4] 736.01-737.00 sec  0.00 Bytes  0.00 bits/sec    8    242 KBytes       
[  4] 737.00-738.00 sec  63.6 KBytes   522 Kbits/sec    0    242 KBytes       
[  4] 738.00-739.00 sec   445 KBytes  3.65 Mbits/sec    0    247 KBytes       
[  4] 739.00-739.00 sec  0.00 Bytes  0.00 bits/sec    0    247 KBytes       
- - - - - - - - - - - - - - - - - - - - - - - - -
[ ID] Interval           Transfer     Bandwidth       Retr
[  4]   0.00-739.00 sec  80.1 MBytes   910 Kbits/sec  1796             sender
[  4]   0.00-739.00 sec  76.6 MBytes   869 Kbits/sec                  receiver

iperf Done.
