-----------------------------------------------------------
Server listening on 5201
-----------------------------------------------------------
Accepted connection from 10.0.0.1, port 53344
[  5] local 10.0.0.2 port 5201 connected to 10.0.0.1 port 46110
[ ID] Interval           Transfer     Bandwidth
[  5]   0.00-1.00   sec  42.4 KBytes   347 Kbits/sec                  
[  5]   1.00-2.00   sec  96.2 KBytes   789 Kbits/sec                  
[  5]   2.00-3.00   sec  93.3 KBytes   763 Kbits/sec                  
[  5]   3.00-4.00   sec  67.9 KBytes   557 Kbits/sec                  
[  5]   4.00-5.00   sec   127 KBytes  1.04 Mbits/sec                  
[  5]   5.00-6.01   sec  86.3 KBytes   703 Kbits/sec                  
[  5]   6.01-7.01   sec   102 KBytes   832 Kbits/sec                  
[  5]   7.01-8.00   sec  12.7 KBytes   105 Kbits/sec                  
[  5]   8.00-9.00   sec   153 KBytes  1.25 Mbits/sec                  
[  5]   9.00-10.01  sec  36.8 KBytes   300 Kbits/sec                  
[  5]  10.01-11.00  sec  0.00 Bytes  0.00 bits/sec                  
[  5]  11.00-12.00  sec   119 KBytes   972 Kbits/sec                  
[  5]  12.00-13.00  sec   204 KBytes  1.67 Mbits/sec                  
[  5]  13.00-14.00  sec   129 KBytes  1.05 Mbits/sec                  
[  5]  14.00-15.00  sec  46.7 KBytes   381 Kbits/sec                  
[  5]  15.00-16.00  sec  9.90 KBytes  81.1 Kbits/sec                  
[  5]  16.00-17.00  sec  0.00 Bytes  0.00 bits/sec                  
[  5]  17.00-18.00  sec   187 KBytes  1.53 Mbits/sec                  
[  5]  18.00-19.00  sec   180 KBytes  1.47 Mbits/sec                  
[  5]  19.00-20.00  sec  83.4 KBytes   684 Kbits/sec                  
[  5]  20.00-21.00  sec   119 KBytes   973 Kbits/sec                  
[  5]  21.00-22.00  sec  83.4 KBytes   683 Kbits/sec                  
[  5]  22.00-23.01  sec   102 KBytes   830 Kbits/sec                  
[  5]  23.01-24.00  sec   109 KBytes   894 Kbits/sec                  
[  5]  24.00-25.03  sec  62.2 KBytes   498 Kbits/sec                  
[  5]  25.03-26.00  sec   126 KBytes  1.06 Mbits/sec                  
[  5]  26.00-27.00  sec  45.2 KBytes   370 Kbits/sec                  
[  5]  27.00-28.00  sec   122 KBytes  1.00 Mbits/sec                  
[  5]  28.00-29.00  sec  0.00 Bytes  0.00 bits/sec                  
[  5]  29.00-30.00  sec  19.8 KBytes   162 Kbits/sec                  
[  5]  30.00-31.00  sec   164 KBytes  1.34 Mbits/sec                  
[  5]  31.00-32.00  sec   167 KBytes  1.37 Mbits/sec                  
[  5]  32.00-33.00  sec   130 KBytes  1.07 Mbits/sec                  
[  5]  33.00-34.00  sec  43.8 KBytes   359 Kbits/sec                  
[  5]  34.00-35.00  sec   160 KBytes  1.31 Mbits/sec                  
[  5]  35.00-36.00  sec  63.6 KBytes   523 Kbits/sec                  
[  5]  36.00-37.00  sec   105 KBytes   857 Kbits/sec                  
[  5]  37.00-38.00  sec  0.00 Bytes  0.00 bits/sec                  
[  5]  38.00-39.00  sec  2.83 KBytes  23.2 Kbits/sec                  
[  5]  39.00-40.01  sec  0.00 Bytes  0.00 bits/sec                  
[  5]  40.01-41.00  sec   417 KBytes  3.46 Mbits/sec                  
[  5]  41.00-42.00  sec   103 KBytes   846 Kbits/sec                  
[  5]  42.00-43.00  sec   109 KBytes   890 Kbits/sec                  
[  5]  43.00-44.00  sec  60.8 KBytes   497 Kbits/sec                  
[  5]  44.00-45.00  sec   136 KBytes  1.11 Mbits/sec                  
[  5]  45.00-46.00  sec  36.8 KBytes   300 Kbits/sec                  
[  5]  46.00-47.01  sec  12.7 KBytes   104 Kbits/sec                  
[  5]  47.01-48.01  sec  0.00 Bytes  0.00 bits/sec                  
[  5]  48.01-49.00  sec   148 KBytes  1.23 Mbits/sec                  
[  5]  49.00-50.00  sec   167 KBytes  1.37 Mbits/sec                  
[  5]  50.00-51.00  sec  66.5 KBytes   544 Kbits/sec                  
[  5]  51.00-52.03  sec   119 KBytes   950 Kbits/sec                  
[  5]  52.03-53.00  sec  19.8 KBytes   166 Kbits/sec                  
[  5]  53.00-54.00  sec  0.00 Bytes  0.00 bits/sec                  
[  5]  54.00-55.00  sec  84.8 KBytes   695 Kbits/sec                  
[  5]  55.00-56.00  sec   170 KBytes  1.39 Mbits/sec                  
[  5]  56.00-57.00  sec  97.6 KBytes   799 Kbits/sec                  
[  5]  57.00-58.00  sec  90.5 KBytes   742 Kbits/sec                  
[  5]  58.00-59.00  sec  84.8 KBytes   694 Kbits/sec                  
[  5]  59.00-60.00  sec  80.6 KBytes   661 Kbits/sec                  
[  5]  60.00-61.01  sec   133 KBytes  1.08 Mbits/sec                  
[  5]  61.01-62.00  sec  86.3 KBytes   710 Kbits/sec                  
[  5]  62.00-63.00  sec  73.5 KBytes   602 Kbits/sec                  
[  5]  63.00-64.04  sec  96.2 KBytes   761 Kbits/sec                  
[  5]  64.04-65.00  sec  63.6 KBytes   540 Kbits/sec                  
[  5]  65.00-66.00  sec   158 KBytes  1.30 Mbits/sec                  
[  5]  66.00-67.00  sec  77.8 KBytes   637 Kbits/sec                  
[  5]  67.00-68.00  sec   195 KBytes  1.60 Mbits/sec                  
[  5]  68.00-69.00  sec  48.1 KBytes   393 Kbits/sec                  
[  5]  69.00-70.00  sec  0.00 Bytes  0.00 bits/sec                  
[  5]  70.00-71.00  sec   173 KBytes  1.41 Mbits/sec                  
[  5]  71.00-72.03  sec   368 KBytes  2.93 Mbits/sec                  
[  5]  72.03-73.00  sec   107 KBytes   906 Kbits/sec                  
[  5]  73.00-74.01  sec  0.00 Bytes  0.00 bits/sec                  
[  5]  74.01-75.00  sec   366 KBytes  3.02 Mbits/sec                  
[  5]  75.00-76.00  sec   204 KBytes  1.66 Mbits/sec                  
[  5]  76.00-77.00  sec   173 KBytes  1.42 Mbits/sec                  
[  5]  77.00-78.00  sec   141 KBytes  1.16 Mbits/sec                  
[  5]  78.00-79.00  sec   174 KBytes  1.42 Mbits/sec                  
[  5]  79.00-80.00  sec   136 KBytes  1.12 Mbits/sec                  
[  5]  80.00-81.01  sec   146 KBytes  1.19 Mbits/sec                  
[  5]  81.01-82.01  sec   188 KBytes  1.54 Mbits/sec                  
[  5]  82.01-83.02  sec   115 KBytes   925 Kbits/sec                  
[  5]  83.02-84.00  sec   167 KBytes  1.39 Mbits/sec                  
[  5]  84.00-85.00  sec  0.00 Bytes  0.00 bits/sec                  
[  5]  85.00-86.01  sec   245 KBytes  1.98 Mbits/sec                  
[  5]  86.01-87.00  sec  0.00 Bytes  0.00 bits/sec                  
[  5]  87.00-88.00  sec   296 KBytes  2.42 Mbits/sec                  
[  5]  88.00-89.01  sec   112 KBytes   911 Kbits/sec                  
[  5]  89.01-90.00  sec   110 KBytes   909 Kbits/sec                  
[  5]  90.00-91.00  sec   107 KBytes   878 Kbits/sec                  
[  5]  91.00-92.00  sec  97.6 KBytes   801 Kbits/sec                  
[  5]  92.00-93.00  sec  97.6 KBytes   800 Kbits/sec                  
[  5]  93.00-94.00  sec  87.7 KBytes   717 Kbits/sec                  
[  5]  94.00-95.00  sec  87.7 KBytes   718 Kbits/sec                  
[  5]  95.00-96.00  sec  96.2 KBytes   789 Kbits/sec                  
[  5]  96.00-97.00  sec  94.7 KBytes   776 Kbits/sec                  
[  5]  97.00-98.00  sec   136 KBytes  1.11 Mbits/sec                  
[  5]  98.00-99.01  sec  87.7 KBytes   713 Kbits/sec                  
[  5]  99.01-100.00 sec   154 KBytes  1.27 Mbits/sec                  
[  5] 100.00-101.00 sec   160 KBytes  1.31 Mbits/sec                  
[  5] 101.00-102.00 sec   156 KBytes  1.27 Mbits/sec                  
[  5] 102.00-103.01 sec  2.83 KBytes  23.0 Kbits/sec                  
[  5] 103.01-104.00 sec  0.00 Bytes  0.00 bits/sec                  
[  5] 104.00-105.00 sec  24.0 KBytes   197 Kbits/sec                  
[  5] 105.00-106.00 sec   675 KBytes  5.53 Mbits/sec                  
[  5] 106.00-107.00 sec   197 KBytes  1.61 Mbits/sec                  
[  5] 107.00-108.00 sec   225 KBytes  1.84 Mbits/sec                  
[  5] 108.00-109.00 sec   202 KBytes  1.66 Mbits/sec                  
[  5] 109.00-110.00 sec   182 KBytes  1.49 Mbits/sec                  
[  5] 110.00-111.00 sec   238 KBytes  1.95 Mbits/sec                  
[  5] 111.00-112.01 sec   106 KBytes   861 Kbits/sec                  
[  5] 112.01-113.00 sec  0.00 Bytes  0.00 bits/sec                  
[  5] 113.00-114.00 sec   236 KBytes  1.93 Mbits/sec                  
[  5] 114.00-115.00 sec   486 KBytes  3.99 Mbits/sec                  
[  5] 115.00-116.00 sec   232 KBytes  1.90 Mbits/sec                  
[  5] 116.00-117.00 sec   253 KBytes  2.07 Mbits/sec                  
[  5] 117.00-118.00 sec   246 KBytes  2.02 Mbits/sec                  
[  5] 118.00-119.00 sec   257 KBytes  2.11 Mbits/sec                  
[  5] 119.00-120.00 sec   233 KBytes  1.91 Mbits/sec                  
[  5] 120.00-121.00 sec   263 KBytes  2.15 Mbits/sec                  
[  5] 121.00-122.00 sec   218 KBytes  1.79 Mbits/sec                  
[  5] 122.00-123.00 sec   204 KBytes  1.67 Mbits/sec                  
[  5] 123.00-124.00 sec   259 KBytes  2.12 Mbits/sec                  
[  5] 124.00-125.00 sec   171 KBytes  1.40 Mbits/sec                  
[  5] 125.00-126.00 sec   226 KBytes  1.85 Mbits/sec                  
[  5] 126.00-127.00 sec  22.6 KBytes   185 Kbits/sec                  
[  5] 127.00-128.01 sec  0.00 Bytes  0.00 bits/sec                  
[  5] 128.01-129.00 sec   158 KBytes  1.31 Mbits/sec                  
[  5] 129.00-130.00 sec   321 KBytes  2.63 Mbits/sec                  
[  5] 130.00-131.00 sec   181 KBytes  1.48 Mbits/sec                  
[  5] 131.00-132.00 sec  0.00 Bytes  0.00 bits/sec                  
[  5] 132.00-133.00 sec  0.00 Bytes  0.00 bits/sec                  
[  5] 133.00-134.01 sec   566 KBytes  4.60 Mbits/sec                  
[  5] 134.01-135.00 sec  93.3 KBytes   770 Kbits/sec                  
[  5] 135.00-136.00 sec   146 KBytes  1.20 Mbits/sec                  
[  5] 136.00-137.00 sec   124 KBytes  1.02 Mbits/sec                  
[  5] 137.00-138.00 sec  80.6 KBytes   660 Kbits/sec                  
[  5] 138.00-139.00 sec   115 KBytes   936 Kbits/sec                  
[  5] 139.00-140.00 sec  80.6 KBytes   661 Kbits/sec                  
[  5] 140.00-141.00 sec   119 KBytes   974 Kbits/sec                  
[  5] 141.00-142.00 sec   130 KBytes  1.07 Mbits/sec                  
[  5] 142.00-143.00 sec  63.6 KBytes   521 Kbits/sec                  
[  5] 143.00-144.00 sec   139 KBytes  1.13 Mbits/sec                  
[  5] 144.00-145.01 sec  11.3 KBytes  91.9 Kbits/sec                  
[  5] 145.01-146.00 sec  0.00 Bytes  0.00 bits/sec                  
[  5] 146.00-147.00 sec  87.7 KBytes   719 Kbits/sec                  
[  5] 147.00-148.01 sec   228 KBytes  1.85 Mbits/sec                  
[  5] 148.01-149.00 sec  66.5 KBytes   546 Kbits/sec                  
[  5] 149.00-150.00 sec  94.7 KBytes   778 Kbits/sec                  
[  5] 150.00-151.00 sec  83.4 KBytes   683 Kbits/sec                  
[  5] 151.00-152.00 sec   110 KBytes   903 Kbits/sec                  
[  5] 152.00-153.01 sec  5.66 KBytes  45.8 Kbits/sec                  
[  5] 153.01-154.00 sec  33.9 KBytes   282 Kbits/sec                  
[  5] 154.00-155.00 sec   279 KBytes  2.28 Mbits/sec                  
[  5] 155.00-156.00 sec  90.5 KBytes   741 Kbits/sec                  
[  5] 156.00-157.00 sec  99.0 KBytes   812 Kbits/sec                  
[  5] 157.00-158.00 sec  42.4 KBytes   348 Kbits/sec                  
[  5] 158.00-159.00 sec   133 KBytes  1.09 Mbits/sec                  
[  5] 159.00-160.00 sec  76.4 KBytes   626 Kbits/sec                  
[  5] 160.00-161.00 sec   123 KBytes  1.01 Mbits/sec                  
[  5] 161.00-162.00 sec  67.9 KBytes   556 Kbits/sec                  
[  5] 162.00-163.00 sec   122 KBytes   996 Kbits/sec                  
[  5] 163.00-164.00 sec  65.0 KBytes   532 Kbits/sec                  
[  5] 164.00-165.00 sec   140 KBytes  1.15 Mbits/sec                  
[  5] 165.00-166.00 sec  28.3 KBytes   232 Kbits/sec                  
[  5] 166.00-167.00 sec  0.00 Bytes  0.00 bits/sec                  
[  5] 167.00-168.00 sec  4.24 KBytes  34.8 Kbits/sec                  
[  5] 168.00-169.01 sec   240 KBytes  1.96 Mbits/sec                  
[  5] 169.01-170.01 sec   216 KBytes  1.77 Mbits/sec                  
[  5] 170.01-171.00 sec   150 KBytes  1.24 Mbits/sec                  
[  5] 171.00-172.01 sec  63.6 KBytes   519 Kbits/sec                  
[  5] 172.01-173.00 sec  65.0 KBytes   534 Kbits/sec                  
[  5] 173.00-174.01 sec  0.00 Bytes  0.00 bits/sec                  
[  5] 174.01-175.00 sec  0.00 Bytes  0.00 bits/sec                  
[  5] 175.00-176.00 sec  0.00 Bytes  0.00 bits/sec                  
[  5] 176.00-177.00 sec   464 KBytes  3.81 Mbits/sec                  
[  5] 177.00-178.00 sec  65.0 KBytes   533 Kbits/sec                  
[  5] 178.00-179.00 sec   124 KBytes  1.02 Mbits/sec                  
[  5] 179.00-180.00 sec  38.2 KBytes   312 Kbits/sec                  
[  5] 180.00-181.00 sec   105 KBytes   857 Kbits/sec                  
[  5] 181.00-182.00 sec  29.7 KBytes   244 Kbits/sec                  
[  5] 182.00-183.00 sec   129 KBytes  1.05 Mbits/sec                  
[  5] 183.00-184.00 sec   110 KBytes   904 Kbits/sec                  
[  5] 184.00-185.00 sec  56.6 KBytes   462 Kbits/sec                  
[  5] 185.00-186.00 sec   106 KBytes   870 Kbits/sec                  
[  5] 186.00-187.00 sec  55.1 KBytes   452 Kbits/sec                  
[  5] 187.00-188.00 sec   110 KBytes   904 Kbits/sec                  
[  5] 188.00-189.00 sec  22.6 KBytes   185 Kbits/sec                  
[  5] 189.00-190.00 sec  0.00 Bytes  0.00 bits/sec                  
[  5] 190.00-191.00 sec  67.9 KBytes   556 Kbits/sec                  
[  5] 191.00-192.01 sec   133 KBytes  1.08 Mbits/sec                  
[  5] 192.01-193.02 sec   161 KBytes  1.30 Mbits/sec                  
[  5] 193.02-194.00 sec   124 KBytes  1.04 Mbits/sec                  
[  5] 194.00-194.69 sec  29.7 KBytes   351 Kbits/sec                  
- - - - - - - - - - - - - - - - - - - - - - - - -
[ ID] Interval           Transfer     Bandwidth
[  5]   0.00-194.69 sec  0.00 Bytes  0.00 bits/sec                  sender
[  5]   0.00-194.69 sec  22.5 MBytes   970 Kbits/sec                  receiver
