-----------------------------------------------------------
Server listening on 5204
-----------------------------------------------------------
Accepted connection from 10.0.0.1, port 49099
[  5] local 10.0.0.2 port 5204 connected to 10.0.0.1 port 46116
[ ID] Interval           Transfer     Bandwidth
[  5]   0.00-1.00   sec  0.00 Bytes  0.00 bits/sec                  
[  5]   1.00-2.00   sec  14.1 KBytes   116 Kbits/sec                  
[  5]   2.00-3.00   sec  0.00 Bytes  0.00 bits/sec                  
[  5]   3.00-4.00   sec  28.3 KBytes   231 Kbits/sec                  
[  5]   4.00-5.00   sec  42.4 KBytes   348 Kbits/sec                  
[  5]   5.00-6.00   sec  0.00 Bytes  0.00 bits/sec                  
[  5]   6.00-7.00   sec  49.5 KBytes   405 Kbits/sec                  
[  5]   7.00-8.00   sec  0.00 Bytes  0.00 bits/sec                  
[  5]   8.00-9.00   sec  74.9 KBytes   614 Kbits/sec                  
[  5]   9.00-10.00  sec  0.00 Bytes  0.00 bits/sec                  
[  5]  10.00-11.00  sec   113 KBytes   927 Kbits/sec                  
[  5]  11.00-12.00  sec  0.00 Bytes  0.00 bits/sec                  
[  5]  12.00-13.00  sec  0.00 Bytes  0.00 bits/sec                  
[  5]  13.00-14.00  sec   168 KBytes  1.38 Mbits/sec                  
[  5]  14.00-15.00  sec  0.00 Bytes  0.00 bits/sec                  
[  5]  15.00-16.01  sec   252 KBytes  2.05 Mbits/sec                  
[  5]  16.01-17.00  sec  0.00 Bytes  0.00 bits/sec                  
[  5]  17.00-18.00  sec   223 KBytes  1.83 Mbits/sec                  
[  5]  18.00-19.00  sec   130 KBytes  1.07 Mbits/sec                  
[  5]  19.00-20.00  sec  0.00 Bytes  0.00 bits/sec                  
[  5]  20.00-21.00  sec  0.00 Bytes  0.00 bits/sec                  
[  5]  21.00-22.00  sec  0.00 Bytes  0.00 bits/sec                  
[  5]  22.00-23.00  sec   566 KBytes  4.63 Mbits/sec                  
[  5]  23.00-24.00  sec  0.00 Bytes  0.00 bits/sec                  
[  5]  24.00-25.00  sec  0.00 Bytes  0.00 bits/sec                  
[  5]  25.00-26.00  sec   387 KBytes  3.18 Mbits/sec                  
[  5]  26.00-27.02  sec  0.00 Bytes  0.00 bits/sec                  
[  5]  27.02-28.00  sec  17.0 KBytes   142 Kbits/sec                  
[  5]  28.00-29.00  sec   468 KBytes  3.84 Mbits/sec                  
[  5]  29.00-30.00  sec  0.00 Bytes  0.00 bits/sec                  
[  5]  30.00-31.01  sec   211 KBytes  1.71 Mbits/sec                  
[  5]  31.01-32.00  sec  0.00 Bytes  0.00 bits/sec                  
[  5]  32.00-33.00  sec  0.00 Bytes  0.00 bits/sec                  
[  5]  33.00-34.00  sec   667 KBytes  5.47 Mbits/sec                  
[  5]  34.00-35.00  sec  82.0 KBytes   672 Kbits/sec                  
[  5]  35.00-36.00  sec  50.9 KBytes   417 Kbits/sec                  
[  5]  36.00-37.00  sec   349 KBytes  2.85 Mbits/sec                  
[  5]  37.00-38.00  sec  0.00 Bytes  0.00 bits/sec                  
[  5]  38.00-39.00  sec   342 KBytes  2.81 Mbits/sec                  
[  5]  39.00-40.00  sec  93.3 KBytes   764 Kbits/sec                  
[  5]  40.00-41.00  sec  66.5 KBytes   545 Kbits/sec                  
[  5]  41.00-42.00  sec   383 KBytes  3.14 Mbits/sec                  
[  5]  42.00-43.00  sec  0.00 Bytes  0.00 bits/sec                  
[  5]  43.00-44.00  sec   430 KBytes  3.52 Mbits/sec                  
[  5]  44.00-45.00  sec  41.0 KBytes   336 Kbits/sec                  
[  5]  45.00-46.00  sec  1.41 KBytes  11.5 Kbits/sec                  
[  5]  46.00-47.00  sec   540 KBytes  4.45 Mbits/sec                  
[  5]  47.00-48.02  sec  0.00 Bytes  0.00 bits/sec                  
[  5]  48.02-49.00  sec   297 KBytes  2.48 Mbits/sec                  
[  5]  49.00-50.02  sec  0.00 Bytes  0.00 bits/sec                  
[  5]  50.02-51.00  sec  0.00 Bytes  0.00 bits/sec                  
[  5]  51.00-52.00  sec   165 KBytes  1.36 Mbits/sec                  
[  5]  52.00-53.00  sec   584 KBytes  4.78 Mbits/sec                  
[  5]  53.00-54.00  sec  0.00 Bytes  0.00 bits/sec                  
[  5]  54.00-55.00  sec   437 KBytes  3.58 Mbits/sec                  
[  5]  55.00-56.02  sec  0.00 Bytes  0.00 bits/sec                  
[  5]  56.02-57.00  sec  0.00 Bytes  0.00 bits/sec                  
[  5]  57.00-58.00  sec   983 KBytes  8.09 Mbits/sec                  
[  5]  58.00-59.00  sec  0.00 Bytes  0.00 bits/sec                  
[  5]  59.00-60.00  sec   361 KBytes  2.96 Mbits/sec                  
[  5]  60.00-61.00  sec  82.0 KBytes   672 Kbits/sec                  
[  5]  61.00-62.00  sec   136 KBytes  1.11 Mbits/sec                  
[  5]  62.00-63.00  sec   351 KBytes  2.87 Mbits/sec                  
[  5]  63.00-64.00  sec  0.00 Bytes  0.00 bits/sec                  
[  5]  64.00-65.00  sec   392 KBytes  3.21 Mbits/sec                  
[  5]  65.00-66.00  sec   112 KBytes   914 Kbits/sec                  
[  5]  66.00-67.00  sec  24.0 KBytes   197 Kbits/sec                  
[  5]  67.00-68.00  sec   472 KBytes  3.87 Mbits/sec                  
[  5]  68.00-69.00  sec  25.5 KBytes   208 Kbits/sec                  
[  5]  69.00-70.00  sec  0.00 Bytes  0.00 bits/sec                  
[  5]  70.00-71.00  sec  36.8 KBytes   302 Kbits/sec                  
[  5]  71.00-72.00  sec  0.00 Bytes  0.00 bits/sec                  
[  5]  72.00-73.00  sec  0.00 Bytes  0.00 bits/sec                  
[  5]  73.00-74.00  sec  0.00 Bytes  0.00 bits/sec                  
[  5]  74.00-75.00  sec  0.00 Bytes  0.00 bits/sec                  
[  5]  75.00-76.00  sec  0.00 Bytes  0.00 bits/sec                  
[  5]  76.00-77.00  sec  1.15 MBytes  9.67 Mbits/sec                  
[  5]  77.00-78.00  sec  42.4 KBytes   348 Kbits/sec                  
[  5]  78.00-79.00  sec  0.00 Bytes  0.00 bits/sec                  
[  5]  79.00-80.00  sec   303 KBytes  2.48 Mbits/sec                  
[  5]  80.00-81.00  sec  33.9 KBytes   278 Kbits/sec                  
[  5]  81.00-82.00  sec  0.00 Bytes  0.00 bits/sec                  
[  5]  82.00-83.00  sec  0.00 Bytes  0.00 bits/sec                  
[  5]  83.00-84.00  sec  0.00 Bytes  0.00 bits/sec                  
[  5]  84.00-85.01  sec  0.00 Bytes  0.00 bits/sec                  
[  5]  85.01-86.00  sec   411 KBytes  3.39 Mbits/sec                  
[  5]  86.00-87.00  sec  99.0 KBytes   810 Kbits/sec                  
[  5]  87.00-88.00  sec  0.00 Bytes  0.00 bits/sec                  
[  5]  88.00-89.00  sec   140 KBytes  1.15 Mbits/sec                  
[  5]  89.00-90.01  sec   106 KBytes   858 Kbits/sec                  
[  5]  90.01-91.00  sec  0.00 Bytes  0.00 bits/sec                  
[  5]  91.00-92.00  sec   163 KBytes  1.33 Mbits/sec                  
[  5]  92.00-93.00  sec  99.0 KBytes   813 Kbits/sec                  
[  5]  93.00-94.00  sec  0.00 Bytes  0.00 bits/sec                  
[  5]  94.00-95.00  sec  93.3 KBytes   765 Kbits/sec                  
[  5]  95.00-96.00  sec   161 KBytes  1.32 Mbits/sec                  
[  5]  96.00-97.00  sec  24.0 KBytes   197 Kbits/sec                  
[  5]  97.00-98.00  sec  0.00 Bytes  0.00 bits/sec                  
[  5]  98.00-99.00  sec  31.1 KBytes   255 Kbits/sec                  
[  5]  99.00-100.00 sec   187 KBytes  1.53 Mbits/sec                  
[  5] 100.00-101.00 sec   161 KBytes  1.32 Mbits/sec                  
[  5] 101.00-102.00 sec  0.00 Bytes  0.00 bits/sec                  
[  5] 102.00-103.00 sec  0.00 Bytes  0.00 bits/sec                  
[  5] 103.00-104.00 sec  60.8 KBytes   498 Kbits/sec                  
[  5] 104.00-105.00 sec  0.00 Bytes  0.00 bits/sec                  
[  5] 105.00-106.00 sec  0.00 Bytes  0.00 bits/sec                  
[  5] 106.00-107.00 sec  0.00 Bytes  0.00 bits/sec                  
[  5] 107.00-108.00 sec   387 KBytes  3.17 Mbits/sec                  
[  5] 108.00-109.00 sec  84.8 KBytes   693 Kbits/sec                  
[  5] 109.00-110.16 sec   363 KBytes  2.58 Mbits/sec                  
[  5] 110.16-111.02 sec   116 KBytes  1.11 Mbits/sec                  
[  5] 111.02-112.00 sec   100 KBytes   837 Kbits/sec                  
[  5] 112.00-113.00 sec  89.1 KBytes   730 Kbits/sec                  
[  5] 113.00-114.00 sec  0.00 Bytes  0.00 bits/sec                  
[  5] 114.00-115.00 sec  0.00 Bytes  0.00 bits/sec                  
[  5] 115.00-116.00 sec  0.00 Bytes  0.00 bits/sec                  
[  5] 116.00-117.00 sec   170 KBytes  1.39 Mbits/sec                  
[  5] 117.00-118.00 sec   127 KBytes  1.04 Mbits/sec                  
[  5] 118.00-119.00 sec   160 KBytes  1.31 Mbits/sec                  
[  5] 119.00-120.00 sec   212 KBytes  1.74 Mbits/sec                  
[  5] 120.00-121.02 sec  0.00 Bytes  0.00 bits/sec                  
[  5] 121.02-122.00 sec   451 KBytes  3.76 Mbits/sec                  
[  5] 122.00-123.00 sec  67.9 KBytes   556 Kbits/sec                  
[  5] 123.00-124.00 sec   117 KBytes   961 Kbits/sec                  
[  5] 124.00-125.00 sec   115 KBytes   938 Kbits/sec                  
[  5] 125.00-126.00 sec  17.0 KBytes   139 Kbits/sec                  
[  5] 126.00-127.06 sec   126 KBytes   973 Kbits/sec                  
[  5] 127.06-128.00 sec  79.2 KBytes   689 Kbits/sec                  
[  5] 128.00-129.00 sec  72.1 KBytes   590 Kbits/sec                  
[  5] 129.00-130.00 sec  72.1 KBytes   591 Kbits/sec                  
[  5] 130.00-131.00 sec   122 KBytes   997 Kbits/sec                  
[  5] 131.00-132.00 sec  99.0 KBytes   808 Kbits/sec                  
[  5] 132.00-133.00 sec  28.3 KBytes   232 Kbits/sec                  
[  5] 133.00-134.00 sec   119 KBytes   971 Kbits/sec                  
[  5] 134.00-135.00 sec  19.8 KBytes   162 Kbits/sec                  
[  5] 135.00-136.00 sec  0.00 Bytes  0.00 bits/sec                  
[  5] 136.00-137.00 sec  0.00 Bytes  0.00 bits/sec                  
[  5] 137.00-138.00 sec  0.00 Bytes  0.00 bits/sec                  
[  5] 138.00-139.00 sec   127 KBytes  1.04 Mbits/sec                  
[  5] 139.00-140.00 sec  26.9 KBytes   220 Kbits/sec                  
[  5] 140.00-141.00 sec  42.4 KBytes   348 Kbits/sec                  
[  5] 141.00-142.00 sec   180 KBytes  1.47 Mbits/sec                  
[  5] 142.00-143.01 sec  19.8 KBytes   161 Kbits/sec                  
[  5] 143.01-144.00 sec  0.00 Bytes  0.00 bits/sec                  
[  5] 144.00-145.00 sec  0.00 Bytes  0.00 bits/sec                  
[  5] 145.00-146.01 sec  0.00 Bytes  0.00 bits/sec                  
[  5] 146.01-147.00 sec  4.24 KBytes  35.0 Kbits/sec                  
[  5] 147.00-148.00 sec  0.00 Bytes  0.00 bits/sec                  
[  5] 148.00-149.00 sec  0.00 Bytes  0.00 bits/sec                  
[  5] 149.00-150.00 sec  0.00 Bytes  0.00 bits/sec                  
[  5] 150.00-151.00 sec   540 KBytes  4.43 Mbits/sec                  
[  5] 151.00-152.00 sec  2.83 KBytes  23.2 Kbits/sec                  
[  5] 152.00-153.00 sec   359 KBytes  2.95 Mbits/sec                  
[  5] 153.00-154.00 sec   122 KBytes   996 Kbits/sec                  
[  5] 154.00-155.00 sec  82.0 KBytes   672 Kbits/sec                  
[  5] 155.00-156.00 sec  0.00 Bytes  0.00 bits/sec                  
[  5] 156.00-157.00 sec   105 KBytes   859 Kbits/sec                  
[  5] 157.00-158.00 sec  56.6 KBytes   463 Kbits/sec                  
[  5] 158.00-159.00 sec  62.2 KBytes   510 Kbits/sec                  
[  5] 159.00-160.00 sec  86.3 KBytes   706 Kbits/sec                  
[  5] 160.00-161.00 sec   107 KBytes   880 Kbits/sec                  
[  5] 161.00-162.00 sec  52.3 KBytes   428 Kbits/sec                  
[  5] 162.00-163.00 sec  11.3 KBytes  92.6 Kbits/sec                  
[  5] 163.00-164.01 sec   151 KBytes  1.23 Mbits/sec                  
[  5] 164.01-165.00 sec  80.6 KBytes   666 Kbits/sec                  
[  5] 165.00-166.00 sec  28.3 KBytes   232 Kbits/sec                  
[  5] 166.00-167.00 sec  8.48 KBytes  69.6 Kbits/sec                  
[  5] 167.00-168.00 sec  49.5 KBytes   405 Kbits/sec                  
[  5] 168.00-169.00 sec  0.00 Bytes  0.00 bits/sec                  
[  5] 169.00-170.00 sec  0.00 Bytes  0.00 bits/sec                  
[  5] 170.00-171.00 sec  0.00 Bytes  0.00 bits/sec                  
[  5] 171.00-172.00 sec   216 KBytes  1.77 Mbits/sec                  
[  5] 172.00-173.00 sec  93.3 KBytes   766 Kbits/sec                  
[  5] 173.00-174.00 sec  21.2 KBytes   174 Kbits/sec                  
[  5] 174.00-175.00 sec  0.00 Bytes  0.00 bits/sec                  
[  5] 175.00-176.00 sec  86.3 KBytes   707 Kbits/sec                  
[  5] 176.00-177.00 sec  1.41 KBytes  11.6 Kbits/sec                  
[  5] 177.00-178.00 sec  0.00 Bytes  0.00 bits/sec                  
[  5] 178.00-179.00 sec  0.00 Bytes  0.00 bits/sec                  
[  5] 179.00-180.02 sec  0.00 Bytes  0.00 bits/sec                  
[  5] 180.02-181.00 sec   426 KBytes  3.56 Mbits/sec                  
[  5] 181.00-182.00 sec  0.00 Bytes  0.00 bits/sec                  
[  5] 182.00-183.00 sec   344 KBytes  2.82 Mbits/sec                  
[  5] 183.00-184.00 sec   130 KBytes  1.07 Mbits/sec                  
[  5] 184.00-185.00 sec  45.2 KBytes   370 Kbits/sec                  
[  5] 185.00-186.00 sec  0.00 Bytes  0.00 bits/sec                  
[  5] 186.00-187.00 sec   164 KBytes  1.34 Mbits/sec                  
[  5] 187.00-188.00 sec  58.0 KBytes   476 Kbits/sec                  
[  5] 188.00-189.02 sec  19.8 KBytes   160 Kbits/sec                  
[  5] 189.02-190.00 sec   151 KBytes  1.26 Mbits/sec                  
[  5] 190.00-191.00 sec  67.9 KBytes   556 Kbits/sec                  
[  5] 191.00-192.00 sec  8.48 KBytes  69.5 Kbits/sec                  
[  5] 192.00-193.00 sec   112 KBytes   915 Kbits/sec                  
[  5] 193.00-194.00 sec   119 KBytes   972 Kbits/sec                  
[  5] 194.00-195.00 sec  24.0 KBytes   197 Kbits/sec                  
[  5] 195.00-196.00 sec  0.00 Bytes  0.00 bits/sec                  
[  5] 196.00-197.01 sec  0.00 Bytes  0.00 bits/sec                  
[  5] 197.01-198.00 sec  0.00 Bytes  0.00 bits/sec                  
[  5] 198.00-199.00 sec  0.00 Bytes  0.00 bits/sec                  
[  5] 199.00-200.00 sec   143 KBytes  1.17 Mbits/sec                  
[  5] 200.00-201.00 sec   171 KBytes  1.40 Mbits/sec                  
[  5] 201.00-202.00 sec  58.0 KBytes   476 Kbits/sec                  
[  5] 202.00-203.00 sec  0.00 Bytes  0.00 bits/sec                  
[  5] 203.00-204.00 sec   211 KBytes  1.72 Mbits/sec                  
[  5] 204.00-205.00 sec  0.00 Bytes  0.00 bits/sec                  
[  5] 205.00-206.20 sec  0.00 Bytes  0.00 bits/sec                  
[  5] 206.20-207.00 sec  0.00 Bytes  0.00 bits/sec                  
[  5] 207.00-208.00 sec   329 KBytes  2.70 Mbits/sec                  
[  5] 208.00-209.00 sec  96.2 KBytes   787 Kbits/sec                  
[  5] 209.00-210.00 sec  4.24 KBytes  34.7 Kbits/sec                  
[  5] 210.00-211.00 sec  49.5 KBytes   406 Kbits/sec                  
[  5] 211.00-212.05 sec   153 KBytes  1.20 Mbits/sec                  
[  5] 212.05-213.00 sec  0.00 Bytes  0.00 bits/sec                  
[  5] 213.00-214.00 sec  84.8 KBytes   695 Kbits/sec                  
[  5] 214.00-215.00 sec  99.0 KBytes   810 Kbits/sec                  
[  5] 215.00-216.00 sec  32.5 KBytes   267 Kbits/sec                  
[  5] 216.00-217.00 sec  77.8 KBytes   637 Kbits/sec                  
[  5] 217.00-218.00 sec   106 KBytes   870 Kbits/sec                  
[  5] 218.00-219.00 sec  58.0 KBytes   474 Kbits/sec                  
[  5] 219.00-220.00 sec  11.3 KBytes  92.7 Kbits/sec                  
[  5] 220.00-221.00 sec   187 KBytes  1.53 Mbits/sec                  
[  5] 221.00-222.01 sec   150 KBytes  1.22 Mbits/sec                  
[  5] 222.01-223.01 sec  7.07 KBytes  57.9 Kbits/sec                  
[  5] 223.01-224.00 sec  11.3 KBytes  93.0 Kbits/sec                  
[  5] 224.00-225.01 sec   115 KBytes   932 Kbits/sec                  
[  5] 225.01-226.00 sec  0.00 Bytes  0.00 bits/sec                  
[  5] 226.00-227.00 sec  0.00 Bytes  0.00 bits/sec                  
[  5] 227.00-228.00 sec  0.00 Bytes  0.00 bits/sec                  
[  5] 228.00-229.00 sec  17.0 KBytes   139 Kbits/sec                  
[  5] 229.00-230.00 sec   382 KBytes  3.13 Mbits/sec                  
[  5] 230.00-231.00 sec  0.00 Bytes  0.00 bits/sec                  
[  5] 231.00-232.00 sec  2.83 KBytes  23.1 Kbits/sec                  
[  5] 232.00-233.00 sec   202 KBytes  1.66 Mbits/sec                  
[  5] 233.00-234.00 sec   252 KBytes  2.06 Mbits/sec                  
[  5] 234.00-235.00 sec  0.00 Bytes  0.00 bits/sec                  
[  5] 235.00-236.00 sec  0.00 Bytes  0.00 bits/sec                  
[  5] 236.00-237.00 sec  99.0 KBytes   811 Kbits/sec                  
[  5] 237.00-238.00 sec   354 KBytes  2.90 Mbits/sec                  
[  5] 238.00-239.00 sec  0.00 Bytes  0.00 bits/sec                  
[  5] 239.00-240.00 sec  0.00 Bytes  0.00 bits/sec                  
[  5] 240.00-241.00 sec   342 KBytes  2.80 Mbits/sec                  
[  5] 241.00-242.00 sec   106 KBytes   870 Kbits/sec                  
[  5] 242.00-243.00 sec  96.2 KBytes   787 Kbits/sec                  
[  5] 243.00-244.00 sec  7.07 KBytes  57.9 Kbits/sec                  
[  5] 244.00-245.00 sec   110 KBytes   904 Kbits/sec                  
[  5] 245.00-246.00 sec   117 KBytes   961 Kbits/sec                  
[  5] 246.00-247.00 sec  1.41 KBytes  11.6 Kbits/sec                  
[  5] 247.00-248.00 sec  0.00 Bytes  0.00 bits/sec                  
[  5] 248.00-249.00 sec  0.00 Bytes  0.00 bits/sec                  
[  5] 249.00-250.00 sec  0.00 Bytes  0.00 bits/sec                  
[  5] 250.00-251.00 sec  0.00 Bytes  0.00 bits/sec                  
[  5] 251.00-252.00 sec  0.00 Bytes  0.00 bits/sec                  
[  5] 252.00-253.00 sec  0.00 Bytes  0.00 bits/sec                  
[  5] 253.00-254.00 sec  0.00 Bytes  0.00 bits/sec                  
[  5] 254.00-255.00 sec  0.00 Bytes  0.00 bits/sec                  
[  5] 255.00-256.00 sec   481 KBytes  3.95 Mbits/sec                  
[  5] 256.00-257.00 sec  73.5 KBytes   602 Kbits/sec                  
[  5] 257.00-258.00 sec  2.83 KBytes  23.2 Kbits/sec                  
[  5] 258.00-259.00 sec  73.5 KBytes   600 Kbits/sec                  
[  5] 259.00-260.00 sec   110 KBytes   907 Kbits/sec                  
[  5] 260.00-261.00 sec  2.83 KBytes  23.1 Kbits/sec                  
[  5] 261.00-262.00 sec  0.00 Bytes  0.00 bits/sec                  
[  5] 262.00-263.00 sec  94.7 KBytes   777 Kbits/sec                  
[  5] 263.00-264.00 sec  19.8 KBytes   162 Kbits/sec                  
[  5] 264.00-265.00 sec  0.00 Bytes  0.00 bits/sec                  
[  5] 265.00-266.00 sec  0.00 Bytes  0.00 bits/sec                  
[  5] 266.00-267.00 sec  0.00 Bytes  0.00 bits/sec                  
[  5] 267.00-268.00 sec  83.4 KBytes   683 Kbits/sec                  
[  5] 268.00-269.00 sec  0.00 Bytes  0.00 bits/sec                  
[  5] 269.00-270.00 sec   225 KBytes  1.84 Mbits/sec                  
[  5] 270.00-271.00 sec  93.3 KBytes   765 Kbits/sec                  
[  5] 271.00-272.00 sec  1.41 KBytes  11.6 Kbits/sec                  
[  5] 272.00-273.00 sec  69.3 KBytes   568 Kbits/sec                  
[  5] 273.00-274.02 sec  89.1 KBytes   716 Kbits/sec                  
[  5] 274.02-275.00 sec  24.0 KBytes   201 Kbits/sec                  
[  5] 275.00-276.00 sec  0.00 Bytes  0.00 bits/sec                  
[  5] 276.00-277.00 sec   146 KBytes  1.20 Mbits/sec                  
[  5] 277.00-278.05 sec  58.0 KBytes   451 Kbits/sec                  
[  5] 278.05-279.00 sec  2.83 KBytes  24.4 Kbits/sec                  
[  5] 279.00-280.00 sec  18.4 KBytes   150 Kbits/sec                  
[  5] 280.00-281.01 sec   197 KBytes  1.60 Mbits/sec                  
[  5] 281.01-282.00 sec  11.3 KBytes  93.4 Kbits/sec                  
[  5] 282.00-283.02 sec  5.66 KBytes  45.6 Kbits/sec                  
[  5] 283.02-284.00 sec  0.00 Bytes  0.00 bits/sec                  
[  5] 284.00-285.00 sec  43.8 KBytes   358 Kbits/sec                  
[  5] 285.00-286.00 sec  0.00 Bytes  0.00 bits/sec                  
[  5] 286.00-287.01 sec  0.00 Bytes  0.00 bits/sec                  
[  5] 287.01-288.01 sec  0.00 Bytes  0.00 bits/sec                  
[  5] 288.01-289.00 sec   170 KBytes  1.40 Mbits/sec                  
[  5] 289.00-290.06 sec   119 KBytes   920 Kbits/sec                  
[  5] 290.06-291.00 sec  2.83 KBytes  24.6 Kbits/sec                  
[  5] 291.00-292.00 sec  0.00 Bytes  0.00 bits/sec                  
[  5] 292.00-293.00 sec   191 KBytes  1.56 Mbits/sec                  
[  5] 293.00-294.00 sec   157 KBytes  1.29 Mbits/sec                  
[  5] 294.00-295.00 sec  74.9 KBytes   613 Kbits/sec                  
[  5] 295.00-296.01 sec  4.24 KBytes  34.5 Kbits/sec                  
[  5] 296.01-297.02 sec  0.00 Bytes  0.00 bits/sec                  
[  5] 297.02-298.01 sec   126 KBytes  1.04 Mbits/sec                  
[  5] 298.01-299.02 sec  80.6 KBytes   649 Kbits/sec                  
[  5] 299.02-300.01 sec  96.2 KBytes   802 Kbits/sec                  
[  5] 300.01-301.00 sec  5.66 KBytes  46.4 Kbits/sec                  
[  5] 301.00-302.00 sec  0.00 Bytes  0.00 bits/sec                  
[  5] 302.00-303.00 sec  0.00 Bytes  0.00 bits/sec                  
[  5] 303.00-304.00 sec  0.00 Bytes  0.00 bits/sec                  
[  5] 304.00-305.00 sec  0.00 Bytes  0.00 bits/sec                  
[  5] 305.00-306.00 sec  0.00 Bytes  0.00 bits/sec                  
[  5] 306.00-307.01 sec  4.24 KBytes  34.6 Kbits/sec                  
[  5] 307.01-308.00 sec   378 KBytes  3.10 Mbits/sec                  
[  5] 308.00-309.00 sec   195 KBytes  1.60 Mbits/sec                  
[  5] 309.00-310.00 sec  2.83 KBytes  23.2 Kbits/sec                  
[  5] 310.00-311.02 sec  80.6 KBytes   650 Kbits/sec                  
[  5] 311.02-312.00 sec   178 KBytes  1.48 Mbits/sec                  
[  5] 312.00-313.00 sec  11.3 KBytes  92.6 Kbits/sec                  
[  5] 313.00-314.00 sec  1.41 KBytes  11.6 Kbits/sec                  
[  5] 314.00-315.00 sec  91.9 KBytes   755 Kbits/sec                  
[  5] 315.00-316.00 sec   181 KBytes  1.48 Mbits/sec                  
[  5] 316.00-317.00 sec  12.7 KBytes   104 Kbits/sec                  
[  5] 317.00-318.00 sec  1.41 KBytes  11.6 Kbits/sec                  
[  5] 318.00-319.00 sec   134 KBytes  1.10 Mbits/sec                  
[  5] 319.00-320.00 sec  96.2 KBytes   790 Kbits/sec                  
[  5] 320.00-321.00 sec  0.00 Bytes  0.00 bits/sec                  
[  5] 321.00-322.01 sec  0.00 Bytes  0.00 bits/sec                  
[  5] 322.01-323.00 sec  0.00 Bytes  0.00 bits/sec                  
[  5] 323.00-324.00 sec  0.00 Bytes  0.00 bits/sec                  
[  5] 324.00-325.00 sec  29.7 KBytes   243 Kbits/sec                  
[  5] 325.00-326.00 sec  0.00 Bytes  0.00 bits/sec                  
[  5] 326.00-327.00 sec  0.00 Bytes  0.00 bits/sec                  
[  5] 327.00-328.00 sec  0.00 Bytes  0.00 bits/sec                  
[  5] 328.00-329.00 sec   645 KBytes  5.29 Mbits/sec                  
[  5] 329.00-330.00 sec  0.00 Bytes  0.00 bits/sec                  
[  5] 330.00-331.00 sec   163 KBytes  1.33 Mbits/sec                  
[  5] 331.00-332.00 sec   143 KBytes  1.17 Mbits/sec                  
[  5] 332.00-333.00 sec  19.8 KBytes   162 Kbits/sec                  
[  5] 333.00-334.00 sec  0.00 Bytes  0.00 bits/sec                  
[  5] 334.00-335.00 sec   205 KBytes  1.68 Mbits/sec                  
[  5] 335.00-336.00 sec   177 KBytes  1.44 Mbits/sec                  
[  5] 336.00-337.00 sec  22.6 KBytes   186 Kbits/sec                  
[  5] 337.00-338.01 sec   154 KBytes  1.25 Mbits/sec                  
[  5] 338.01-339.00 sec   127 KBytes  1.05 Mbits/sec                  
[  5] 339.00-340.00 sec   156 KBytes  1.27 Mbits/sec                  
[  5] 340.00-341.00 sec  2.83 KBytes  23.2 Kbits/sec                  
[  5] 341.00-342.00 sec   284 KBytes  2.32 Mbits/sec                  
[  5] 342.00-343.00 sec   141 KBytes  1.16 Mbits/sec                  
[  5] 343.00-344.01 sec  67.9 KBytes   550 Kbits/sec                  
[  5] 344.01-345.00 sec  2.83 KBytes  23.4 Kbits/sec                  
[  5] 345.00-346.00 sec  33.9 KBytes   278 Kbits/sec                  
[  5] 346.00-347.00 sec  0.00 Bytes  0.00 bits/sec                  
[  5] 347.00-348.00 sec  0.00 Bytes  0.00 bits/sec                  
[  5] 348.00-349.00 sec  0.00 Bytes  0.00 bits/sec                  
[  5] 349.00-350.00 sec   567 KBytes  4.65 Mbits/sec                  
[  5] 350.00-351.00 sec  0.00 Bytes  0.00 bits/sec                  
[  5] 351.00-352.00 sec  60.8 KBytes   498 Kbits/sec                  
[  5] 352.00-353.00 sec   376 KBytes  3.08 Mbits/sec                  
[  5] 353.00-354.00 sec  0.00 Bytes  0.00 bits/sec                  
[  5] 354.00-355.00 sec  0.00 Bytes  0.00 bits/sec                  
[  5] 355.00-356.00 sec  0.00 Bytes  0.00 bits/sec                  
[  5] 356.00-357.00 sec  0.00 Bytes  0.00 bits/sec                  
[  5] 357.00-358.00 sec  0.00 Bytes  0.00 bits/sec                  
[  5] 358.00-359.00 sec  0.00 Bytes  0.00 bits/sec                  
[  5] 359.00-360.00 sec  0.00 Bytes  0.00 bits/sec                  
[  5] 360.00-361.00 sec  0.00 Bytes  0.00 bits/sec                  
[  5] 361.00-362.00 sec   544 KBytes  4.46 Mbits/sec                  
[  5] 362.00-363.00 sec   496 KBytes  4.07 Mbits/sec                  
[  5] 363.00-364.00 sec  82.0 KBytes   672 Kbits/sec                  
[  5] 364.00-365.01 sec  8.48 KBytes  69.2 Kbits/sec                  
[  5] 365.01-366.00 sec  56.6 KBytes   465 Kbits/sec                  
[  5] 366.00-367.00 sec   177 KBytes  1.45 Mbits/sec                  
[  5] 367.00-368.00 sec  31.1 KBytes   255 Kbits/sec                  
[  5] 368.00-369.00 sec   156 KBytes  1.27 Mbits/sec                  
[  5] 369.00-370.00 sec   106 KBytes   869 Kbits/sec                  
[  5] 370.00-371.00 sec  83.4 KBytes   683 Kbits/sec                  
[  5] 371.00-372.00 sec   180 KBytes  1.47 Mbits/sec                  
[  5] 372.00-373.00 sec  19.8 KBytes   162 Kbits/sec                  
[  5] 373.00-374.00 sec  53.7 KBytes   440 Kbits/sec                  
[  5] 374.00-375.03 sec   189 KBytes  1.52 Mbits/sec                  
[  5] 375.03-376.00 sec  39.6 KBytes   332 Kbits/sec                  
[  5] 376.00-377.00 sec  18.4 KBytes   151 Kbits/sec                  
[  5] 377.00-378.00 sec  45.2 KBytes   370 Kbits/sec                  
[  5] 378.00-379.00 sec  24.0 KBytes   197 Kbits/sec                  
[  5] 379.00-380.01 sec  0.00 Bytes  0.00 bits/sec                  
[  5] 380.01-381.00 sec  0.00 Bytes  0.00 bits/sec                  
[  5] 381.00-382.00 sec  0.00 Bytes  0.00 bits/sec                  
[  5] 382.00-383.00 sec  0.00 Bytes  0.00 bits/sec                  
[  5] 383.00-384.00 sec  0.00 Bytes  0.00 bits/sec                  
[  5] 384.00-385.00 sec  0.00 Bytes  0.00 bits/sec                  
[  5] 385.00-386.00 sec  0.00 Bytes  0.00 bits/sec                  
[  5] 386.00-387.01 sec   109 KBytes   882 Kbits/sec                  
[  5] 387.01-388.00 sec   274 KBytes  2.27 Mbits/sec                  
[  5] 388.00-389.01 sec  0.00 Bytes  0.00 bits/sec                  
[  5] 389.01-390.01 sec  0.00 Bytes  0.00 bits/sec                  
[  5] 390.01-391.03 sec  39.6 KBytes   319 Kbits/sec                  
[  5] 391.03-392.00 sec   247 KBytes  2.08 Mbits/sec                  
[  5] 392.00-393.00 sec  0.00 Bytes  0.00 bits/sec                  
[  5] 393.00-394.01 sec  0.00 Bytes  0.00 bits/sec                  
[  5] 394.01-395.01 sec  0.00 Bytes  0.00 bits/sec                  
[  5] 395.01-396.02 sec   477 KBytes  3.86 Mbits/sec                  
[  5] 396.02-397.03 sec  65.0 KBytes   527 Kbits/sec                  
[  5] 397.03-398.01 sec  7.07 KBytes  59.1 Kbits/sec                  
[  5] 398.01-399.02 sec  46.7 KBytes   378 Kbits/sec                  
[  5] 399.02-400.02 sec   129 KBytes  1.06 Mbits/sec                  
[  5] 400.02-401.01 sec  35.4 KBytes   293 Kbits/sec                  
[  5] 401.01-402.01 sec  17.0 KBytes   138 Kbits/sec                  
[  5] 402.01-403.01 sec  56.6 KBytes   462 Kbits/sec                  
[  5] 403.01-404.01 sec  21.2 KBytes   175 Kbits/sec                  
[  5] 404.01-405.01 sec   144 KBytes  1.18 Mbits/sec                  
[  5] 405.01-406.01 sec  5.66 KBytes  46.3 Kbits/sec                  
[  5] 406.01-407.01 sec  19.8 KBytes   162 Kbits/sec                  
[  5] 407.01-408.01 sec   140 KBytes  1.15 Mbits/sec                  
[  5] 408.01-409.01 sec   103 KBytes   846 Kbits/sec                  
[  5] 409.01-410.01 sec  24.0 KBytes   197 Kbits/sec                  
[  5] 410.01-411.01 sec  14.1 KBytes   116 Kbits/sec                  
[  5] 411.01-412.01 sec  2.83 KBytes  23.1 Kbits/sec                  
[  5] 412.01-413.01 sec  0.00 Bytes  0.00 bits/sec                  
[  5] 413.01-414.01 sec  0.00 Bytes  0.00 bits/sec                  
[  5] 414.01-415.01 sec  0.00 Bytes  0.00 bits/sec                  
[  5] 415.01-416.01 sec  7.07 KBytes  57.9 Kbits/sec                  
[  5] 416.01-417.01 sec   346 KBytes  2.84 Mbits/sec                  
[  5] 417.01-418.00 sec  50.9 KBytes   418 Kbits/sec                  
[  5] 418.00-419.00 sec   214 KBytes  1.75 Mbits/sec                  
[  5] 419.00-420.01 sec  15.6 KBytes   127 Kbits/sec                  
[  5] 420.01-421.01 sec  0.00 Bytes  0.00 bits/sec                  
[  5] 421.01-422.06 sec  0.00 Bytes  0.00 bits/sec                  
[  5] 422.06-423.01 sec  0.00 Bytes  0.00 bits/sec                  
[  5] 423.01-424.00 sec  0.00 Bytes  0.00 bits/sec                  
[  5] 424.00-425.01 sec   189 KBytes  1.55 Mbits/sec                  
[  5] 425.01-426.01 sec   310 KBytes  2.53 Mbits/sec                  
[  5] 426.01-427.01 sec  62.2 KBytes   511 Kbits/sec                  
[  5] 427.01-428.06 sec   137 KBytes  1.07 Mbits/sec                  
[  5] 428.06-429.00 sec  89.1 KBytes   770 Kbits/sec                  
[  5] 429.00-430.01 sec  56.6 KBytes   463 Kbits/sec                  
[  5] 430.01-431.01 sec  63.6 KBytes   519 Kbits/sec                  
[  5] 431.01-432.00 sec   105 KBytes   861 Kbits/sec                  
[  5] 432.00-433.01 sec  69.3 KBytes   566 Kbits/sec                  
[  5] 433.01-434.01 sec  69.3 KBytes   569 Kbits/sec                  
[  5] 434.01-435.01 sec  31.1 KBytes   255 Kbits/sec                  
[  5] 435.01-436.00 sec   116 KBytes   951 Kbits/sec                  
[  5] 436.00-437.02 sec  62.2 KBytes   502 Kbits/sec                  
[  5] 437.02-438.00 sec  0.00 Bytes  0.00 bits/sec                  
[  5] 438.00-439.01 sec  0.00 Bytes  0.00 bits/sec                  
[  5] 439.01-440.01 sec  0.00 Bytes  0.00 bits/sec                  
[  5] 440.01-441.01 sec  32.5 KBytes   266 Kbits/sec                  
[  5] 441.01-442.01 sec   134 KBytes  1.10 Mbits/sec                  
[  5] 442.01-443.01 sec  86.3 KBytes   706 Kbits/sec                  
[  5] 443.01-444.01 sec   113 KBytes   926 Kbits/sec                  
[  5] 444.01-445.01 sec   174 KBytes  1.43 Mbits/sec                  
[  5] 445.01-446.01 sec  31.1 KBytes   255 Kbits/sec                  
[  5] 446.01-447.01 sec   116 KBytes   948 Kbits/sec                  
[  5] 447.01-448.00 sec  84.8 KBytes   697 Kbits/sec                  
[  5] 448.00-449.00 sec  72.1 KBytes   591 Kbits/sec                  
[  5] 449.00-450.00 sec  62.2 KBytes   510 Kbits/sec                  
[  5] 450.00-451.01 sec  73.5 KBytes   601 Kbits/sec                  
[  5] 451.01-452.00 sec  0.00 Bytes  0.00 bits/sec                  
[  5] 452.00-453.02 sec  2.83 KBytes  22.8 Kbits/sec                  
[  5] 453.02-454.00 sec   452 KBytes  3.76 Mbits/sec                  
[  5] 454.00-455.00 sec   148 KBytes  1.22 Mbits/sec                  
[  5] 455.00-456.01 sec  94.7 KBytes   774 Kbits/sec                  
[  5] 456.01-457.00 sec   119 KBytes   975 Kbits/sec                  
[  5] 457.00-458.01 sec   148 KBytes  1.22 Mbits/sec                  
[  5] 458.01-459.00 sec   107 KBytes   881 Kbits/sec                  
[  5] 459.00-460.00 sec  69.3 KBytes   568 Kbits/sec                  
[  5] 460.00-461.01 sec  45.2 KBytes   369 Kbits/sec                  
[  5] 461.01-462.01 sec  12.7 KBytes   104 Kbits/sec                  
[  5] 462.01-463.00 sec  0.00 Bytes  0.00 bits/sec                  
[  5] 463.00-464.01 sec  0.00 Bytes  0.00 bits/sec                  
[  5] 464.01-465.00 sec  7.07 KBytes  58.1 Kbits/sec                  
[  5] 465.00-466.11 sec   283 KBytes  2.10 Mbits/sec                  
[  5] 466.11-467.00 sec  0.00 Bytes  0.00 bits/sec                  
[  5] 467.00-468.00 sec   175 KBytes  1.44 Mbits/sec                  
[  5] 468.00-469.02 sec  99.0 KBytes   803 Kbits/sec                  
[  5] 469.02-470.00 sec  50.9 KBytes   422 Kbits/sec                  
[  5] 470.00-471.01 sec  72.1 KBytes   589 Kbits/sec                  
[  5] 471.01-472.01 sec  25.5 KBytes   208 Kbits/sec                  
[  5] 472.01-473.00 sec   109 KBytes   895 Kbits/sec                  
[  5] 473.00-474.01 sec   123 KBytes  1.00 Mbits/sec                  
[  5] 474.01-475.00 sec  50.9 KBytes   418 Kbits/sec                  
[  5] 475.00-476.01 sec   110 KBytes   903 Kbits/sec                  
[  5] 476.01-477.01 sec  56.6 KBytes   463 Kbits/sec                  
[  5] 477.01-478.02 sec  0.00 Bytes  0.00 bits/sec                  
[  5] 478.02-479.00 sec  0.00 Bytes  0.00 bits/sec                  
[  5] 479.00-480.01 sec  0.00 Bytes  0.00 bits/sec                  
[  5] 480.01-481.01 sec  80.6 KBytes   661 Kbits/sec                  
[  5] 481.01-482.01 sec   392 KBytes  3.21 Mbits/sec                  
[  5] 482.01-483.01 sec  55.1 KBytes   450 Kbits/sec                  
[  5] 483.01-484.01 sec  66.5 KBytes   546 Kbits/sec                  
[  5] 484.01-485.00 sec   106 KBytes   869 Kbits/sec                  
[  5] 485.00-486.01 sec  43.8 KBytes   358 Kbits/sec                  
[  5] 486.01-487.01 sec   117 KBytes   961 Kbits/sec                  
[  5] 487.01-488.01 sec  41.0 KBytes   336 Kbits/sec                  
[  5] 488.01-489.01 sec   113 KBytes   922 Kbits/sec                  
[  5] 489.01-490.01 sec  96.2 KBytes   787 Kbits/sec                  
[  5] 490.01-491.02 sec  62.2 KBytes   504 Kbits/sec                  
[  5] 491.02-492.01 sec  53.7 KBytes   448 Kbits/sec                  
[  5] 492.01-493.01 sec  0.00 Bytes  0.00 bits/sec                  
[  5] 493.01-494.01 sec  0.00 Bytes  0.00 bits/sec                  
[  5] 494.01-495.01 sec  0.00 Bytes  0.00 bits/sec                  
[  5] 495.01-496.01 sec  0.00 Bytes  0.00 bits/sec                  
[  5] 496.01-497.01 sec  0.00 Bytes  0.00 bits/sec                  
[  5] 497.01-498.01 sec  0.00 Bytes  0.00 bits/sec                  
[  5] 498.01-499.01 sec  0.00 Bytes  0.00 bits/sec                  
[  5] 499.01-500.01 sec  0.00 Bytes  0.00 bits/sec                  
[  5] 500.01-501.01 sec  0.00 Bytes  0.00 bits/sec                  
[  5] 501.01-502.01 sec  0.00 Bytes  0.00 bits/sec                  
[  5] 502.01-503.01 sec  0.00 Bytes  0.00 bits/sec                  
[  5] 503.01-504.01 sec   980 KBytes  8.04 Mbits/sec                  
[  5] 504.01-505.01 sec  0.00 Bytes  0.00 bits/sec                  
[  5] 505.01-506.01 sec  0.00 Bytes  0.00 bits/sec                  
[  5] 506.01-507.01 sec   141 KBytes  1.16 Mbits/sec                  
[  5] 507.01-508.01 sec   150 KBytes  1.23 Mbits/sec                  
[  5] 508.01-509.01 sec  0.00 Bytes  0.00 bits/sec                  
[  5] 509.01-510.01 sec  0.00 Bytes  0.00 bits/sec                  
[  5] 510.01-511.02 sec   252 KBytes  2.03 Mbits/sec                  
[  5] 511.02-512.01 sec  53.7 KBytes   447 Kbits/sec                  
[  5] 512.01-513.01 sec  0.00 Bytes  0.00 bits/sec                  
[  5] 513.01-514.01 sec  0.00 Bytes  0.00 bits/sec                  
[  5] 514.01-515.01 sec  14.1 KBytes   116 Kbits/sec                  
[  5] 515.01-516.01 sec  0.00 Bytes  0.00 bits/sec                  
[  5] 516.01-517.01 sec  0.00 Bytes  0.00 bits/sec                  
[  5] 517.01-518.01 sec  0.00 Bytes  0.00 bits/sec                  
[  5] 518.01-519.01 sec  0.00 Bytes  0.00 bits/sec                  
[  5] 519.01-520.01 sec  0.00 Bytes  0.00 bits/sec                  
[  5] 520.01-521.01 sec  0.00 Bytes  0.00 bits/sec                  
[  5] 521.01-522.02 sec  0.00 Bytes  0.00 bits/sec                  
[  5] 522.02-523.02 sec  0.00 Bytes  0.00 bits/sec                  
[  5] 523.02-524.06 sec  0.00 Bytes  0.00 bits/sec                  
[  5] 524.06-525.01 sec  0.00 Bytes  0.00 bits/sec                  
[  5] 525.01-526.01 sec  0.00 Bytes  0.00 bits/sec                  
[  5] 526.01-527.01 sec  0.00 Bytes  0.00 bits/sec                  
[  5] 527.01-528.01 sec  1.41 KBytes  11.6 Kbits/sec                  
[  5] 528.01-529.02 sec  0.00 Bytes  0.00 bits/sec                  
[  5] 529.02-530.01 sec  0.00 Bytes  0.00 bits/sec                  
[  5] 530.01-531.01 sec  2.83 KBytes  23.2 Kbits/sec                  
[  5] 531.01-532.01 sec  0.00 Bytes  0.00 bits/sec                  
[  5] 532.01-533.02 sec  5.66 KBytes  46.1 Kbits/sec                  
[  5] 533.02-534.01 sec  0.00 Bytes  0.00 bits/sec                  
[  5] 534.01-535.01 sec  1.05 MBytes  8.73 Mbits/sec                  
[  5] 535.01-536.01 sec  0.00 Bytes  0.00 bits/sec                  
[  5] 536.01-537.01 sec   325 KBytes  2.67 Mbits/sec                  
[  5] 537.01-538.01 sec  46.7 KBytes   382 Kbits/sec                  
[  5] 538.01-539.01 sec  0.00 Bytes  0.00 bits/sec                  
[  5] 539.01-540.01 sec  0.00 Bytes  0.00 bits/sec                  
[  5] 540.01-541.01 sec  0.00 Bytes  0.00 bits/sec                  
[  5] 541.01-542.02 sec  0.00 Bytes  0.00 bits/sec                  
[  5] 542.02-543.01 sec  0.00 Bytes  0.00 bits/sec                  
[  5] 543.01-544.01 sec  0.00 Bytes  0.00 bits/sec                  
[  5] 544.01-545.01 sec  56.6 KBytes   463 Kbits/sec                  
[  5] 545.01-546.02 sec  0.00 Bytes  0.00 bits/sec                  
[  5] 546.02-547.01 sec  0.00 Bytes  0.00 bits/sec                  
[  5] 547.01-548.01 sec  0.00 Bytes  0.00 bits/sec                  
[  5] 548.01-549.02 sec  0.00 Bytes  0.00 bits/sec                  
[  5] 549.02-550.01 sec  0.00 Bytes  0.00 bits/sec                  
[  5] 550.01-551.02 sec  0.00 Bytes  0.00 bits/sec                  
[  5] 551.02-552.02 sec  0.00 Bytes  0.00 bits/sec                  
[  5] 552.02-553.01 sec  0.00 Bytes  0.00 bits/sec                  
[  5] 553.01-554.01 sec  0.00 Bytes  0.00 bits/sec                  
[  5] 554.01-555.01 sec  0.00 Bytes  0.00 bits/sec                  
[  5] 555.01-556.01 sec  1.41 KBytes  11.6 Kbits/sec                  
[  5] 556.01-557.01 sec  0.00 Bytes  0.00 bits/sec                  
[  5] 557.01-558.01 sec  0.00 Bytes  0.00 bits/sec                  
[  5] 558.01-559.01 sec  2.83 KBytes  23.2 Kbits/sec                  
[  5] 559.01-560.01 sec  0.00 Bytes  0.00 bits/sec                  
[  5] 560.01-561.01 sec  0.00 Bytes  0.00 bits/sec                  
[  5] 561.01-562.01 sec  36.8 KBytes   301 Kbits/sec                  
[  5] 562.01-563.01 sec  0.00 Bytes  0.00 bits/sec                  
[  5] 563.01-564.03 sec  0.00 Bytes  0.00 bits/sec                  
[  5] 564.03-565.01 sec   841 KBytes  7.00 Mbits/sec                  
[  5] 565.01-566.02 sec  0.00 Bytes  0.00 bits/sec                  
[  5] 566.02-567.01 sec  0.00 Bytes  0.00 bits/sec                  
[  5] 567.01-568.01 sec   154 KBytes  1.26 Mbits/sec                  
[  5] 568.01-569.01 sec   298 KBytes  2.45 Mbits/sec                  
[  5] 569.01-570.02 sec  0.00 Bytes  0.00 bits/sec                  
[  5] 570.02-571.01 sec  0.00 Bytes  0.00 bits/sec                  
[  5] 571.01-572.01 sec   113 KBytes   928 Kbits/sec                  
[  5] 572.01-573.01 sec  1.41 KBytes  11.6 Kbits/sec                  
[  5] 573.01-574.01 sec  0.00 Bytes  0.00 bits/sec                  
[  5] 574.01-575.02 sec  0.00 Bytes  0.00 bits/sec                  
[  5] 575.02-576.01 sec   540 KBytes  4.44 Mbits/sec                  
[  5] 576.01-577.01 sec  0.00 Bytes  0.00 bits/sec                  
[  5] 577.01-578.02 sec  45.2 KBytes   368 Kbits/sec                  
[  5] 578.02-579.01 sec   305 KBytes  2.52 Mbits/sec                  
[  5] 579.01-580.04 sec  0.00 Bytes  0.00 bits/sec                  
[  5] 580.04-581.01 sec  0.00 Bytes  0.00 bits/sec                  
[  5] 581.01-582.01 sec   420 KBytes  3.44 Mbits/sec                  
[  5] 582.01-583.01 sec  18.4 KBytes   151 Kbits/sec                  
[  5] 583.01-584.02 sec  0.00 Bytes  0.00 bits/sec                  
[  5] 584.02-585.02 sec  0.00 Bytes  0.00 bits/sec                  
[  5] 585.02-586.02 sec  0.00 Bytes  0.00 bits/sec                  
[  5] 586.02-587.01 sec  0.00 Bytes  0.00 bits/sec                  
[  5] 587.01-588.02 sec  0.00 Bytes  0.00 bits/sec                  
[  5] 588.02-589.02 sec  0.00 Bytes  0.00 bits/sec                  
[  5] 589.02-590.01 sec   481 KBytes  3.98 Mbits/sec                  
[  5] 590.01-591.01 sec  0.00 Bytes  0.00 bits/sec                  
[  5] 591.01-592.01 sec  0.00 Bytes  0.00 bits/sec                  
[  5] 592.01-593.01 sec   636 KBytes  5.21 Mbits/sec                  
[  5] 593.01-594.01 sec  0.00 Bytes  0.00 bits/sec                  
[  5] 594.01-595.02 sec  0.00 Bytes  0.00 bits/sec                  
[  5] 595.02-596.01 sec   378 KBytes  3.10 Mbits/sec                  
[  5] 596.01-597.01 sec  1.41 KBytes  11.6 Kbits/sec                  
[  5] 597.01-598.02 sec  0.00 Bytes  0.00 bits/sec                  
[  5] 598.02-599.01 sec  45.2 KBytes   373 Kbits/sec                  
[  5] 599.01-600.06 sec   240 KBytes  1.87 Mbits/sec                  
[  5] 600.06-601.01 sec   113 KBytes   976 Kbits/sec                  
[  5] 601.01-602.01 sec  0.00 Bytes  0.00 bits/sec                  
[  5] 602.01-603.03 sec  58.0 KBytes   465 Kbits/sec                  
[  5] 603.03-604.02 sec   399 KBytes  3.30 Mbits/sec                  
[  5] 604.02-605.01 sec  1.41 KBytes  11.7 Kbits/sec                  
[  5] 605.01-606.01 sec  0.00 Bytes  0.00 bits/sec                  
[  5] 606.01-607.01 sec  52.3 KBytes   429 Kbits/sec                  
[  5] 607.01-608.01 sec  24.0 KBytes   197 Kbits/sec                  
[  5] 608.01-609.02 sec  0.00 Bytes  0.00 bits/sec                  
[  5] 609.02-610.01 sec  0.00 Bytes  0.00 bits/sec                  
[  5] 610.01-611.02 sec   279 KBytes  2.28 Mbits/sec                  
[  5] 611.02-612.01 sec   301 KBytes  2.47 Mbits/sec                  
[  5] 612.01-613.02 sec  0.00 Bytes  0.00 bits/sec                  
[  5] 613.02-614.01 sec  0.00 Bytes  0.00 bits/sec                  
[  5] 614.01-615.06 sec  0.00 Bytes  0.00 bits/sec                  
[  5] 615.06-616.03 sec   742 KBytes  6.31 Mbits/sec                  
[  5] 616.03-617.01 sec  0.00 Bytes  0.00 bits/sec                  
[  5] 617.01-618.02 sec   124 KBytes  1.02 Mbits/sec                  
[  5] 618.02-619.01 sec   402 KBytes  3.29 Mbits/sec                  
[  5] 619.01-620.01 sec  5.66 KBytes  46.3 Kbits/sec                  
[  5] 620.01-621.01 sec   246 KBytes  2.02 Mbits/sec                  
[  5] 621.01-622.02 sec   383 KBytes  3.12 Mbits/sec                  
[  5] 622.02-623.01 sec  5.66 KBytes  46.5 Kbits/sec                  
[  5] 623.01-624.01 sec   167 KBytes  1.37 Mbits/sec                  
[  5] 624.01-625.01 sec   153 KBytes  1.25 Mbits/sec                  
[  5] 625.01-626.01 sec  84.8 KBytes   695 Kbits/sec                  
[  5] 626.01-627.01 sec  0.00 Bytes  0.00 bits/sec                  
[  5] 627.01-628.01 sec  0.00 Bytes  0.00 bits/sec                  
[  5] 628.01-629.01 sec  0.00 Bytes  0.00 bits/sec                  
[  5] 629.01-630.02 sec  0.00 Bytes  0.00 bits/sec                  
[  5] 630.02-631.01 sec  0.00 Bytes  0.00 bits/sec                  
[  5] 631.01-632.01 sec  0.00 Bytes  0.00 bits/sec                  
[  5] 632.01-633.01 sec  0.00 Bytes  0.00 bits/sec                  
[  5] 633.01-634.01 sec  0.00 Bytes  0.00 bits/sec                  
[  5] 634.01-635.02 sec  0.00 Bytes  0.00 bits/sec                  
[  5] 635.02-636.02 sec  0.00 Bytes  0.00 bits/sec                  
[  5] 636.02-637.07 sec  0.00 Bytes  0.00 bits/sec                  
[  5] 637.07-638.01 sec  0.00 Bytes  0.00 bits/sec                  
[  5] 638.01-639.02 sec  0.00 Bytes  0.00 bits/sec                  
[  5] 639.02-640.01 sec  0.00 Bytes  0.00 bits/sec                  
[  5] 640.01-641.01 sec  0.00 Bytes  0.00 bits/sec                  
[  5] 641.01-642.02 sec  1.41 KBytes  11.6 Kbits/sec                  
[  5] 642.02-643.02 sec  0.00 Bytes  0.00 bits/sec                  
[  5] 643.02-644.02 sec  0.00 Bytes  0.00 bits/sec                  
[  5] 644.02-645.02 sec  2.83 KBytes  23.2 Kbits/sec                  
[  5] 645.02-646.01 sec  0.00 Bytes  0.00 bits/sec                  
[  5] 646.01-647.01 sec  0.00 Bytes  0.00 bits/sec                  
[  5] 647.01-648.02 sec  5.66 KBytes  46.0 Kbits/sec                  
[  5] 648.02-649.01 sec  0.00 Bytes  0.00 bits/sec                  
[  5] 649.01-650.01 sec  0.00 Bytes  0.00 bits/sec                  
[  5] 650.01-651.01 sec  1.93 MBytes  16.2 Mbits/sec                  
[  5] 651.01-652.01 sec  0.00 Bytes  0.00 bits/sec                  
[  5] 652.01-653.04 sec  0.00 Bytes  0.00 bits/sec                  
[  5] 653.04-654.01 sec   233 KBytes  1.95 Mbits/sec                  
[  5] 654.01-655.01 sec  0.00 Bytes  0.00 bits/sec                  
[  5] 655.01-656.02 sec  0.00 Bytes  0.00 bits/sec                  
[  5] 656.02-657.02 sec  0.00 Bytes  0.00 bits/sec                  
[  5] 657.02-658.02 sec  38.2 KBytes   313 Kbits/sec                  
[  5] 658.02-659.01 sec  0.00 Bytes  0.00 bits/sec                  
[  5] 659.01-660.01 sec  0.00 Bytes  0.00 bits/sec                  
[  5] 660.01-661.01 sec  0.00 Bytes  0.00 bits/sec                  
[  5] 661.01-662.01 sec  0.00 Bytes  0.00 bits/sec                  
[  5] 662.01-663.01 sec  0.00 Bytes  0.00 bits/sec                  
[  5] 663.01-664.02 sec  0.00 Bytes  0.00 bits/sec                  
[  5] 664.02-665.01 sec  0.00 Bytes  0.00 bits/sec                  
[  5] 665.01-666.01 sec  0.00 Bytes  0.00 bits/sec                  
[  5] 666.01-667.01 sec  0.00 Bytes  0.00 bits/sec                  
[  5] 667.01-668.01 sec  1.41 KBytes  11.6 Kbits/sec                  
[  5] 668.01-669.02 sec  0.00 Bytes  0.00 bits/sec                  
[  5] 669.02-670.02 sec  2.83 KBytes  23.1 Kbits/sec                  
[  5] 670.02-671.02 sec  0.00 Bytes  0.00 bits/sec                  
[  5] 671.02-672.01 sec  5.66 KBytes  46.7 Kbits/sec                  
[  5] 672.01-673.01 sec  0.00 Bytes  0.00 bits/sec                  
[  5] 673.01-674.01 sec  49.5 KBytes   405 Kbits/sec                  
[  5] 674.01-675.01 sec  0.00 Bytes  0.00 bits/sec                  
[  5] 675.01-676.01 sec   895 KBytes  7.33 Mbits/sec                  
[  5] 676.01-677.02 sec  0.00 Bytes  0.00 bits/sec                  
[  5] 677.02-678.02 sec  0.00 Bytes  0.00 bits/sec                  
[  5] 678.02-679.02 sec  0.00 Bytes  0.00 bits/sec                  
[  5] 679.02-680.01 sec  4.24 KBytes  34.8 Kbits/sec                  
[  5] 680.01-681.02 sec  0.00 Bytes  0.00 bits/sec                  
[  5] 681.02-682.02 sec  0.00 Bytes  0.00 bits/sec                  
[  5] 682.02-683.02 sec  0.00 Bytes  0.00 bits/sec                  
[  5] 683.02-684.02 sec  97.6 KBytes   800 Kbits/sec                  
[  5] 684.02-685.03 sec  0.00 Bytes  0.00 bits/sec                  
[  5] 685.03-686.02 sec  0.00 Bytes  0.00 bits/sec                  
[  5] 686.02-687.02 sec   202 KBytes  1.66 Mbits/sec                  
[  5] 687.02-688.02 sec  80.6 KBytes   660 Kbits/sec                  
[  5] 688.02-689.02 sec  0.00 Bytes  0.00 bits/sec                  
[  5] 689.02-690.02 sec  0.00 Bytes  0.00 bits/sec                  
[  5] 690.02-691.02 sec  11.3 KBytes  92.4 Kbits/sec                  
[  5] 691.02-692.02 sec  0.00 Bytes  0.00 bits/sec                  
[  5] 692.02-693.02 sec  0.00 Bytes  0.00 bits/sec                  
[  5] 693.02-694.02 sec   246 KBytes  2.01 Mbits/sec                  
[  5] 694.02-695.02 sec   106 KBytes   871 Kbits/sec                  
[  5] 695.02-696.02 sec   115 KBytes   934 Kbits/sec                  
[  5] 696.02-697.02 sec  69.3 KBytes   570 Kbits/sec                  
[  5] 697.02-698.02 sec   191 KBytes  1.56 Mbits/sec                  
[  5] 698.02-699.07 sec  2.83 KBytes  21.9 Kbits/sec                  
[  5] 699.07-700.02 sec   164 KBytes  1.41 Mbits/sec                  
[  5] 700.02-701.02 sec  36.8 KBytes   303 Kbits/sec                  
[  5] 701.02-702.02 sec  0.00 Bytes  0.00 bits/sec                  
[  5] 702.02-703.02 sec  0.00 Bytes  0.00 bits/sec                  
[  5] 703.02-704.03 sec   178 KBytes  1.45 Mbits/sec                  
[  5] 704.03-705.02 sec  42.4 KBytes   351 Kbits/sec                  
[  5] 705.02-706.02 sec  0.00 Bytes  0.00 bits/sec                  
[  5] 706.02-707.02 sec  0.00 Bytes  0.00 bits/sec                  
[  5] 707.02-708.02 sec  38.2 KBytes   312 Kbits/sec                  
[  5] 708.02-709.02 sec  0.00 Bytes  0.00 bits/sec                  
[  5] 709.02-710.02 sec  0.00 Bytes  0.00 bits/sec                  
[  5] 710.02-711.02 sec   153 KBytes  1.25 Mbits/sec                  
[  5] 711.02-712.02 sec   322 KBytes  2.65 Mbits/sec                  
[  5] 712.02-713.02 sec  0.00 Bytes  0.00 bits/sec                  
[  5] 713.02-714.03 sec  60.8 KBytes   495 Kbits/sec                  
[  5] 714.03-715.02 sec   199 KBytes  1.64 Mbits/sec                  
[  5] 715.02-716.02 sec  0.00 Bytes  0.00 bits/sec                  
[  5] 716.02-717.03 sec  0.00 Bytes  0.00 bits/sec                  
[  5] 717.03-718.02 sec   313 KBytes  2.60 Mbits/sec                  
[  5] 718.02-719.02 sec  0.00 Bytes  0.00 bits/sec                  
[  5] 719.02-720.02 sec  0.00 Bytes  0.00 bits/sec                  
[  5] 720.02-721.02 sec   143 KBytes  1.16 Mbits/sec                  
[  5] 721.02-722.02 sec   198 KBytes  1.62 Mbits/sec                  
[  5] 722.02-723.02 sec  0.00 Bytes  0.00 bits/sec                  
[  5] 723.02-724.02 sec  0.00 Bytes  0.00 bits/sec                  
[  5] 724.02-725.02 sec   242 KBytes  1.97 Mbits/sec                  
[  5] 725.02-726.03 sec   180 KBytes  1.47 Mbits/sec                  
[  5] 726.03-727.02 sec  0.00 Bytes  0.00 bits/sec                  
[  5] 727.02-728.03 sec  0.00 Bytes  0.00 bits/sec                  
[  5] 728.03-729.02 sec  0.00 Bytes  0.00 bits/sec                  
[  5] 729.02-730.02 sec  1.41 KBytes  11.6 Kbits/sec                  
[  5] 730.02-731.02 sec  0.00 Bytes  0.00 bits/sec                  
[  5] 731.02-732.02 sec  0.00 Bytes  0.00 bits/sec                  
[  5] 732.02-733.02 sec   303 KBytes  2.48 Mbits/sec                  
[  5] 733.02-734.03 sec   527 KBytes  4.29 Mbits/sec                  
[  5] 734.03-735.02 sec  0.00 Bytes  0.00 bits/sec                  
[  5] 735.02-736.02 sec  0.00 Bytes  0.00 bits/sec                  
[  5] 736.02-737.02 sec   263 KBytes  2.15 Mbits/sec                  
[  5] 737.02-738.02 sec   147 KBytes  1.20 Mbits/sec                  
[  5] 738.02-739.02 sec  0.00 Bytes  0.00 bits/sec                  
[  5] 739.02-740.03 sec  7.07 KBytes  57.4 Kbits/sec                  
[  5] 740.03-741.02 sec   290 KBytes  2.40 Mbits/sec                  
[  5] 741.02-742.02 sec   222 KBytes  1.82 Mbits/sec                  
[  5] 742.02-743.02 sec  2.83 KBytes  23.2 Kbits/sec                  
[  5] 743.02-744.02 sec   437 KBytes  3.58 Mbits/sec                  
[  5] 744.02-745.02 sec   126 KBytes  1.03 Mbits/sec                  
[  5] 745.02-746.02 sec   133 KBytes  1.09 Mbits/sec                  
[  5] 746.02-747.02 sec   474 KBytes  3.89 Mbits/sec                  
[  5] 747.02-748.02 sec  21.2 KBytes   174 Kbits/sec                  
[  5] 748.02-749.02 sec  94.7 KBytes   775 Kbits/sec                  
[  5] 749.02-750.02 sec   386 KBytes  3.17 Mbits/sec                  
[  5] 750.02-751.02 sec   291 KBytes  2.39 Mbits/sec                  
[  5] 751.02-752.02 sec  0.00 Bytes  0.00 bits/sec                  
[  5] 752.02-753.02 sec  2.83 KBytes  23.2 Kbits/sec                  
[  5] 753.02-754.02 sec  0.00 Bytes  0.00 bits/sec                  
[  5] 754.02-755.02 sec  0.00 Bytes  0.00 bits/sec                  
[  5] 755.02-756.02 sec  0.00 Bytes  0.00 bits/sec                  
[  5] 756.02-757.02 sec  0.00 Bytes  0.00 bits/sec                  
[  5] 757.02-758.02 sec  18.4 KBytes   150 Kbits/sec                  
[  5] 758.02-759.03 sec  0.00 Bytes  0.00 bits/sec                  
[  5] 759.03-760.02 sec  0.00 Bytes  0.00 bits/sec                  
[  5] 760.02-761.02 sec  0.00 Bytes  0.00 bits/sec                  
[  5] 761.02-762.02 sec  0.00 Bytes  0.00 bits/sec                  
[  5] 762.02-763.03 sec  0.00 Bytes  0.00 bits/sec                  
[  5] 763.03-764.03 sec  0.00 Bytes  0.00 bits/sec                  
[  5] 764.03-765.02 sec  0.00 Bytes  0.00 bits/sec                  
[  5] 765.02-766.02 sec  0.00 Bytes  0.00 bits/sec                  
[  5] 766.02-767.04 sec  0.00 Bytes  0.00 bits/sec                  
[  5] 767.04-768.04 sec  1.50 MBytes  12.5 Mbits/sec                  
[  5] 768.04-769.02 sec  0.00 Bytes  0.00 bits/sec                  
[  5] 769.02-770.02 sec  1.22 MBytes  10.2 Mbits/sec                  
[  5] 770.02-771.02 sec   383 KBytes  3.14 Mbits/sec                  
[  5] 771.02-772.02 sec   153 KBytes  1.25 Mbits/sec                  
[  5] 772.02-773.03 sec   232 KBytes  1.89 Mbits/sec                  
[  5] 773.03-774.02 sec   322 KBytes  2.65 Mbits/sec                  
[  5] 774.02-775.03 sec   296 KBytes  2.41 Mbits/sec                  
[  5] 775.03-776.02 sec   156 KBytes  1.28 Mbits/sec                  
[  5] 776.02-777.02 sec   320 KBytes  2.62 Mbits/sec                  
[  5] 777.02-778.02 sec   416 KBytes  3.40 Mbits/sec                  
[  5] 778.02-779.02 sec  1.41 KBytes  11.6 Kbits/sec                  
[  5] 779.02-780.12 sec  17.0 KBytes   126 Kbits/sec                  
[  5] 780.12-781.02 sec  0.00 Bytes  0.00 bits/sec                  
[  5] 781.02-782.02 sec  0.00 Bytes  0.00 bits/sec                  
[  5] 782.02-783.02 sec  0.00 Bytes  0.00 bits/sec                  
[  5] 783.02-784.02 sec  15.6 KBytes   127 Kbits/sec                  
[  5] 784.02-785.02 sec  0.00 Bytes  0.00 bits/sec                  
[  5] 785.02-786.07 sec  0.00 Bytes  0.00 bits/sec                  
[  5] 786.07-787.02 sec  0.00 Bytes  0.00 bits/sec                  
[  5] 787.02-788.07 sec  0.00 Bytes  0.00 bits/sec                  
[  5] 788.07-789.02 sec  0.00 Bytes  0.00 bits/sec                  
[  5] 789.02-790.02 sec  0.00 Bytes  0.00 bits/sec                  
[  5] 790.02-791.02 sec  0.00 Bytes  0.00 bits/sec                  
[  5] 791.02-792.02 sec  0.00 Bytes  0.00 bits/sec                  
[  5] 792.02-793.02 sec  0.00 Bytes  0.00 bits/sec                  
[  5] 793.02-794.02 sec  5.66 KBytes  46.3 Kbits/sec                  
[  5] 794.02-795.02 sec  0.00 Bytes  0.00 bits/sec                  
[  5] 795.02-796.02 sec  2.52 MBytes  21.1 Mbits/sec                  
[  5] 796.02-797.02 sec  0.00 Bytes  0.00 bits/sec                  
[  5] 797.02-798.02 sec   322 KBytes  2.65 Mbits/sec                  
[  5] 798.02-799.03 sec   452 KBytes  3.68 Mbits/sec                  
[  5] 799.03-800.02 sec  0.00 Bytes  0.00 bits/sec                  
[  5] 800.02-801.02 sec  99.0 KBytes   812 Kbits/sec                  
[  5] 801.02-802.02 sec   426 KBytes  3.48 Mbits/sec                  
[  5] 802.02-803.02 sec   288 KBytes  2.36 Mbits/sec                  
[  5] 803.02-804.03 sec  0.00 Bytes  0.00 bits/sec                  
[  5] 804.03-805.02 sec   245 KBytes  2.02 Mbits/sec                  
[  5] 805.02-806.02 sec   116 KBytes   950 Kbits/sec                  
[  5] 806.02-807.03 sec  0.00 Bytes  0.00 bits/sec                  
[  5] 807.03-808.02 sec  0.00 Bytes  0.00 bits/sec                  
[  5] 808.02-809.02 sec  1.41 KBytes  11.6 Kbits/sec                  
[  5] 809.02-810.03 sec   634 KBytes  5.14 Mbits/sec                  
[  5] 810.03-811.03 sec  0.00 Bytes  0.00 bits/sec                  
[  5] 811.03-812.02 sec   291 KBytes  2.40 Mbits/sec                  
[  5] 812.02-813.02 sec   786 KBytes  6.43 Mbits/sec                  
[  5] 813.02-814.08 sec   253 KBytes  1.96 Mbits/sec                  
[  5] 814.08-815.03 sec  0.00 Bytes  0.00 bits/sec                  
[  5] 815.03-816.03 sec   273 KBytes  2.23 Mbits/sec                  
[  5] 816.03-817.03 sec   368 KBytes  3.01 Mbits/sec                  
[  5] 817.03-818.03 sec   274 KBytes  2.25 Mbits/sec                  
[  5] 818.03-819.03 sec  0.00 Bytes  0.00 bits/sec                  
[  5] 819.03-820.02 sec  9.90 KBytes  81.3 Kbits/sec                  
[  5] 820.02-821.03 sec  0.00 Bytes  0.00 bits/sec                  
[  5] 821.03-822.02 sec  0.00 Bytes  0.00 bits/sec                  
[  5] 822.02-823.03 sec  0.00 Bytes  0.00 bits/sec                  
[  5] 823.03-824.04 sec   370 KBytes  3.00 Mbits/sec                  
[  5] 824.04-825.02 sec  1.14 MBytes  9.72 Mbits/sec                  
[  5] 825.02-826.02 sec  77.8 KBytes   637 Kbits/sec                  
[  5] 826.02-827.02 sec  0.00 Bytes  0.00 bits/sec                  
[  5] 827.02-828.03 sec   465 KBytes  3.80 Mbits/sec                  
[  5] 828.03-829.03 sec   328 KBytes  2.68 Mbits/sec                  
[  5] 829.03-830.02 sec  2.83 KBytes  23.3 Kbits/sec                  
[  5] 830.02-831.08 sec   198 KBytes  1.54 Mbits/sec                  
[  5] 831.08-832.07 sec   397 KBytes  3.27 Mbits/sec                  
[  5] 832.07-833.02 sec   267 KBytes  2.31 Mbits/sec                  
[  5] 833.02-834.08 sec  2.83 KBytes  21.9 Kbits/sec                  
[  5] 834.08-835.03 sec  55.1 KBytes   479 Kbits/sec                  
[  5] 835.03-836.03 sec   259 KBytes  2.11 Mbits/sec                  
[  5] 836.03-837.02 sec  0.00 Bytes  0.00 bits/sec                  
[  5] 837.02-838.03 sec  0.00 Bytes  0.00 bits/sec                  
[  5] 838.03-839.02 sec  0.00 Bytes  0.00 bits/sec                  
[  5] 839.02-840.03 sec  0.00 Bytes  0.00 bits/sec                  
[  5] 840.03-841.03 sec   588 KBytes  4.84 Mbits/sec                  
[  5] 841.03-842.02 sec  0.00 Bytes  0.00 bits/sec                  
[  5] 842.02-843.03 sec   215 KBytes  1.75 Mbits/sec                  
[  5] 843.03-844.02 sec   891 KBytes  7.35 Mbits/sec                  
[  5] 844.02-845.02 sec   130 KBytes  1.07 Mbits/sec                  
[  5] 845.02-846.03 sec  53.7 KBytes   438 Kbits/sec                  
[  5] 846.03-847.03 sec   216 KBytes  1.77 Mbits/sec                  
[  5] 847.03-848.02 sec   485 KBytes  4.01 Mbits/sec                  
[  5] 848.02-849.09 sec  7.07 KBytes  54.3 Kbits/sec                  
[  5] 849.09-850.03 sec  33.9 KBytes   297 Kbits/sec                  
[  5] 850.03-851.02 sec  18.4 KBytes   151 Kbits/sec                  
[  5] 851.02-852.02 sec  0.00 Bytes  0.00 bits/sec                  
[  5] 852.02-853.02 sec  0.00 Bytes  0.00 bits/sec                  
[  5] 853.02-854.02 sec  0.00 Bytes  0.00 bits/sec                  
[  5] 854.02-855.02 sec   392 KBytes  3.21 Mbits/sec                  
[  5] 855.02-856.02 sec   923 KBytes  7.56 Mbits/sec                  
[  5] 856.02-857.02 sec  5.66 KBytes  46.4 Kbits/sec                  
[  5] 857.02-858.03 sec   146 KBytes  1.18 Mbits/sec                  
[  5] 858.03-859.02 sec   400 KBytes  3.31 Mbits/sec                  
[  5] 859.02-860.03 sec  77.8 KBytes   636 Kbits/sec                  
[  5] 860.03-861.03 sec   110 KBytes   904 Kbits/sec                  
[  5] 861.03-862.03 sec   276 KBytes  2.24 Mbits/sec                  
[  5] 862.03-863.02 sec   315 KBytes  2.61 Mbits/sec                  
[  5] 863.02-864.03 sec  2.83 KBytes  23.2 Kbits/sec                  
[  5] 864.03-865.02 sec   100 KBytes   823 Kbits/sec                  
[  5] 865.02-866.03 sec   359 KBytes  2.94 Mbits/sec                  
[  5] 866.03-867.03 sec   279 KBytes  2.29 Mbits/sec                  
[  5] 867.03-868.02 sec  19.8 KBytes   162 Kbits/sec                  
[  5] 868.02-869.03 sec   201 KBytes  1.64 Mbits/sec                  
[  5] 869.03-870.02 sec   380 KBytes  3.12 Mbits/sec                  
[  5] 870.02-871.03 sec   215 KBytes  1.75 Mbits/sec                  
[  5] 871.03-872.03 sec  0.00 Bytes  0.00 bits/sec                  
[  5] 872.03-873.02 sec  0.00 Bytes  0.00 bits/sec                  
[  5] 873.02-874.03 sec  0.00 Bytes  0.00 bits/sec                  
[  5] 874.03-875.03 sec  9.90 KBytes  81.3 Kbits/sec                  
[  5] 875.03-876.03 sec  94.7 KBytes   770 Kbits/sec                  
[  5] 876.03-877.03 sec   320 KBytes  2.64 Mbits/sec                  
[  5] 877.03-878.03 sec   617 KBytes  5.06 Mbits/sec                  
[  5] 878.03-879.08 sec  60.8 KBytes   474 Kbits/sec                  
[  5] 879.08-880.03 sec   542 KBytes  4.67 Mbits/sec                  
[  5] 880.03-881.03 sec  94.7 KBytes   778 Kbits/sec                  
[  5] 881.03-882.03 sec   320 KBytes  2.62 Mbits/sec                  
[  5] 882.03-883.03 sec   250 KBytes  2.05 Mbits/sec                  
[  5] 883.03-884.04 sec  0.00 Bytes  0.00 bits/sec                  
[  5] 884.04-885.03 sec  0.00 Bytes  0.00 bits/sec                  
[  5] 885.03-886.03 sec  0.00 Bytes  0.00 bits/sec                  
[  5] 886.03-887.03 sec  0.00 Bytes  0.00 bits/sec                  
[  5] 887.03-888.03 sec  0.00 Bytes  0.00 bits/sec                  
[  5] 888.03-889.03 sec  0.00 Bytes  0.00 bits/sec                  
[  5] 889.03-890.03 sec  0.00 Bytes  0.00 bits/sec                  
[  5] 890.03-891.03 sec  0.00 Bytes  0.00 bits/sec                  
[  5] 891.03-892.03 sec  0.00 Bytes  0.00 bits/sec                  
[  5] 892.03-893.03 sec  0.00 Bytes  0.00 bits/sec                  
[  5] 893.03-894.03 sec  0.00 Bytes  0.00 bits/sec                  
[  5] 894.03-895.03 sec  2.28 MBytes  19.1 Mbits/sec                  
[  5] 895.03-896.03 sec  0.00 Bytes  0.00 bits/sec                  
[  5] 896.03-897.03 sec   178 KBytes  1.47 Mbits/sec                  
[  5] 897.03-898.03 sec   420 KBytes  3.43 Mbits/sec                  
[  5] 898.03-899.03 sec   147 KBytes  1.20 Mbits/sec                  
[  5] 899.03-900.03 sec  0.00 Bytes  0.00 bits/sec                  
[  5] 900.03-901.03 sec   185 KBytes  1.53 Mbits/sec                  
[  5] 901.03-902.05 sec   452 KBytes  3.64 Mbits/sec                  
[  5] 902.05-903.03 sec   144 KBytes  1.20 Mbits/sec                  
[  5] 903.03-904.03 sec  0.00 Bytes  0.00 bits/sec                  
[  5] 904.03-905.03 sec   222 KBytes  1.81 Mbits/sec                  
[  5] 905.03-906.03 sec   519 KBytes  4.27 Mbits/sec                  
[  5] 906.03-907.03 sec  94.7 KBytes   776 Kbits/sec                  
[  5] 907.03-908.03 sec  0.00 Bytes  0.00 bits/sec                  
[  5] 908.03-909.03 sec  12.7 KBytes   104 Kbits/sec                  
[  5] 909.03-910.03 sec  0.00 Bytes  0.00 bits/sec                  
[  5] 910.03-911.03 sec  0.00 Bytes  0.00 bits/sec                  
[  5] 911.03-912.03 sec  0.00 Bytes  0.00 bits/sec                  
[  5] 912.03-913.03 sec   163 KBytes  1.33 Mbits/sec                  
[  5] 913.03-914.03 sec   470 KBytes  3.87 Mbits/sec                  
[  5] 914.03-915.03 sec   358 KBytes  2.92 Mbits/sec                  
[  5] 915.03-916.08 sec  0.00 Bytes  0.00 bits/sec                  
[  5] 916.08-917.04 sec  0.00 Bytes  0.00 bits/sec                  
[  5] 917.04-918.08 sec  0.00 Bytes  0.00 bits/sec                  
- - - - - - - - - - - - - - - - - - - - - - - - -
[ ID] Interval           Transfer     Bandwidth
[  5]   0.00-918.08 sec  0.00 Bytes  0.00 bits/sec                  sender
[  5]   0.00-918.08 sec  94.3 MBytes   862 Kbits/sec                  receiver
