Connecting to host 10.0.0.2, port 5201
[  4] local 10.0.0.1 port 46110 connected to 10.0.0.2 port 5201
[ ID] Interval           Transfer     Bandwidth       Retr  Cwnd
[  4]   0.00-2.13   sec  87.7 KBytes   337 Kbits/sec    2   2.83 KBytes       
[  4]   2.13-2.13   sec  0.00 Bytes  0.00 bits/sec    0   2.83 KBytes       
[  4]   2.13-3.03   sec  0.00 Bytes  0.00 bits/sec    0   2.83 KBytes       
[  4]   3.03-4.00   sec  0.00 Bytes  0.00 bits/sec    0   2.83 KBytes       
[  4]   4.00-5.00   sec  0.00 Bytes  0.00 bits/sec    0   2.83 KBytes       
[  4]   5.00-6.00   sec  2.83 KBytes  23.2 Kbits/sec    0   5.66 KBytes       
[  4]   6.00-7.00   sec  0.00 Bytes  0.00 bits/sec    0   5.66 KBytes       
[  4]   7.00-8.00   sec  0.00 Bytes  0.00 bits/sec    0   5.66 KBytes       
[  4]   8.00-9.00   sec  0.00 Bytes  0.00 bits/sec    0   5.66 KBytes       
[  4]   9.00-10.00  sec  0.00 Bytes  0.00 bits/sec    0   5.66 KBytes       
[  4]  10.00-11.00  sec  0.00 Bytes  0.00 bits/sec    0   5.66 KBytes       
[  4]  11.00-12.00  sec  0.00 Bytes  0.00 bits/sec    0   5.66 KBytes       
[  4]  12.00-13.00  sec  0.00 Bytes  0.00 bits/sec    0   5.66 KBytes       
[  4]  13.00-14.00  sec  0.00 Bytes  0.00 bits/sec    0   5.66 KBytes       
[  4]  14.00-15.03  sec  0.00 Bytes  0.00 bits/sec    0   5.66 KBytes       
[  4]  15.03-16.00  sec  0.00 Bytes  0.00 bits/sec    0   5.66 KBytes       
[  4]  16.00-17.01  sec  0.00 Bytes  0.00 bits/sec    0   5.66 KBytes       
[  4]  17.01-18.00  sec  0.00 Bytes  0.00 bits/sec    0   5.66 KBytes       
[  4]  18.00-19.00  sec  0.00 Bytes  0.00 bits/sec    0   5.66 KBytes       
[  4]  19.00-20.00  sec  0.00 Bytes  0.00 bits/sec    0   5.66 KBytes       
[  4]  20.00-21.01  sec  0.00 Bytes  0.00 bits/sec    0   5.66 KBytes       
[  4]  21.01-22.00  sec  1.41 KBytes  11.7 Kbits/sec    1   4.24 KBytes       
[  4]  22.00-23.00  sec  0.00 Bytes  0.00 bits/sec    0   4.24 KBytes       
[  4]  23.00-24.16  sec  0.00 Bytes  0.00 bits/sec    0   4.24 KBytes       
[  4]  24.16-25.04  sec  0.00 Bytes  0.00 bits/sec    0   4.24 KBytes       
[  4]  25.04-26.11  sec  0.00 Bytes  0.00 bits/sec    0   4.24 KBytes       
[  4]  26.11-27.36  sec  0.00 Bytes  0.00 bits/sec    0   4.24 KBytes       
[  4]  27.36-28.14  sec  0.00 Bytes  0.00 bits/sec    0   4.24 KBytes       
[  4]  28.14-29.00  sec  0.00 Bytes  0.00 bits/sec    0   4.24 KBytes       
[  4]  29.00-30.06  sec  0.00 Bytes  0.00 bits/sec    0   4.24 KBytes       
[  4]  30.06-31.00  sec  1.41 KBytes  12.3 Kbits/sec    0   2.83 KBytes       
[  4]  31.00-32.00  sec  0.00 Bytes  0.00 bits/sec    0   2.83 KBytes       
[  4]  32.00-33.00  sec  0.00 Bytes  0.00 bits/sec    0   2.83 KBytes       
[  4]  33.00-34.00  sec  0.00 Bytes  0.00 bits/sec    0   2.83 KBytes       
[  4]  34.00-35.00  sec  0.00 Bytes  0.00 bits/sec    0   2.83 KBytes       
[  4]  35.00-36.00  sec  0.00 Bytes  0.00 bits/sec    0   2.83 KBytes       
[  4]  36.00-37.09  sec  0.00 Bytes  0.00 bits/sec    0   2.83 KBytes       
[  4]  37.09-38.06  sec  0.00 Bytes  0.00 bits/sec    0   2.83 KBytes       
[  4]  38.06-39.00  sec  0.00 Bytes  0.00 bits/sec    0   2.83 KBytes       
[  4]  39.00-40.05  sec  0.00 Bytes  0.00 bits/sec    0   2.83 KBytes       
[  4]  40.05-41.00  sec  0.00 Bytes  0.00 bits/sec    0   2.83 KBytes       
[  4]  41.00-42.00  sec  0.00 Bytes  0.00 bits/sec    0   2.83 KBytes       
[  4]  42.00-43.14  sec  0.00 Bytes  0.00 bits/sec    0   2.83 KBytes       
[  4]  43.14-44.00  sec  0.00 Bytes  0.00 bits/sec    0   2.83 KBytes       
[  4]  44.00-45.00  sec  0.00 Bytes  0.00 bits/sec    0   2.83 KBytes       
[  4]  45.00-46.00  sec  0.00 Bytes  0.00 bits/sec    0   2.83 KBytes       
[  4]  46.00-47.00  sec  0.00 Bytes  0.00 bits/sec    0   2.83 KBytes       
[  4]  47.00-48.00  sec  0.00 Bytes  0.00 bits/sec    1   1.41 KBytes       
[  4]  48.00-49.00  sec  0.00 Bytes  0.00 bits/sec    0   1.41 KBytes       
[  4]  49.00-50.00  sec  0.00 Bytes  0.00 bits/sec    0   1.41 KBytes       
[  4]  50.00-51.10  sec  0.00 Bytes  0.00 bits/sec    0   1.41 KBytes       
[  4]  51.10-52.05  sec  0.00 Bytes  0.00 bits/sec    0   1.41 KBytes       
[  4]  52.05-53.01  sec  0.00 Bytes  0.00 bits/sec    0   1.41 KBytes       
[  4]  53.01-54.05  sec  0.00 Bytes  0.00 bits/sec    0   1.41 KBytes       
[  4]  54.05-55.10  sec  0.00 Bytes  0.00 bits/sec    0   1.41 KBytes       
[  4]  55.10-56.00  sec  0.00 Bytes  0.00 bits/sec    0   1.41 KBytes       
[  4]  56.00-57.00  sec  0.00 Bytes  0.00 bits/sec    0   1.41 KBytes       
[  4]  57.00-58.05  sec  0.00 Bytes  0.00 bits/sec    0   1.41 KBytes       
[  4]  58.05-59.00  sec  0.00 Bytes  0.00 bits/sec    0   1.41 KBytes       
[  4]  59.00-60.00  sec  0.00 Bytes  0.00 bits/sec    0   1.41 KBytes       
[  4]  60.00-61.05  sec  0.00 Bytes  0.00 bits/sec    0   1.41 KBytes       
[  4]  61.05-62.01  sec  0.00 Bytes  0.00 bits/sec    0   1.41 KBytes       
[  4]  62.01-63.01  sec  0.00 Bytes  0.00 bits/sec    0   1.41 KBytes       
[  4]  63.01-64.01  sec  0.00 Bytes  0.00 bits/sec    0   1.41 KBytes       
[  4]  64.01-65.00  sec  0.00 Bytes  0.00 bits/sec    0   1.41 KBytes       
[  4]  65.00-66.00  sec  0.00 Bytes  0.00 bits/sec    0   1.41 KBytes       
[  4]  66.00-67.00  sec  0.00 Bytes  0.00 bits/sec    0   1.41 KBytes       
[  4]  67.00-68.00  sec  0.00 Bytes  0.00 bits/sec    0   1.41 KBytes       
[  4]  68.00-69.05  sec  0.00 Bytes  0.00 bits/sec    0   1.41 KBytes       
[  4]  69.05-70.00  sec  0.00 Bytes  0.00 bits/sec    0   1.41 KBytes       
[  4]  70.00-71.00  sec  0.00 Bytes  0.00 bits/sec    0   1.41 KBytes       
[  4]  71.00-72.50  sec  0.00 Bytes  0.00 bits/sec    0   1.41 KBytes       
[  4]  72.50-73.06  sec  0.00 Bytes  0.00 bits/sec    0   1.41 KBytes       
[  4]  73.06-74.00  sec  0.00 Bytes  0.00 bits/sec    0   1.41 KBytes       
[  4]  74.00-75.01  sec  0.00 Bytes  0.00 bits/sec    0   1.41 KBytes       
[  4]  75.01-76.00  sec  0.00 Bytes  0.00 bits/sec    0   1.41 KBytes       
[  4]  76.00-77.00  sec  0.00 Bytes  0.00 bits/sec    0   1.41 KBytes       
[  4]  77.00-78.00  sec  0.00 Bytes  0.00 bits/sec    0   1.41 KBytes       
[  4]  78.00-79.00  sec  0.00 Bytes  0.00 bits/sec    0   1.41 KBytes       
[  4]  79.00-80.00  sec  0.00 Bytes  0.00 bits/sec    0   1.41 KBytes       
[  4]  80.00-81.01  sec  0.00 Bytes  0.00 bits/sec    0   1.41 KBytes       
[  4]  81.01-82.01  sec  0.00 Bytes  0.00 bits/sec    1   1.41 KBytes       
[  4]  82.01-83.20  sec  0.00 Bytes  0.00 bits/sec    0   1.41 KBytes       
[  4]  83.20-84.05  sec  0.00 Bytes  0.00 bits/sec    0   1.41 KBytes       
[  4]  84.05-85.01  sec  0.00 Bytes  0.00 bits/sec    0   1.41 KBytes       
[  4]  85.01-86.00  sec  0.00 Bytes  0.00 bits/sec    0   1.41 KBytes       
[  4]  86.00-87.15  sec  0.00 Bytes  0.00 bits/sec    0   1.41 KBytes       
[  4]  87.15-88.00  sec  0.00 Bytes  0.00 bits/sec    0   1.41 KBytes       
[  4]  88.00-89.06  sec  0.00 Bytes  0.00 bits/sec    0   1.41 KBytes       
[  4]  89.06-90.05  sec  1.41 KBytes  11.6 Kbits/sec    0   2.83 KBytes       
[  4]  90.05-91.07  sec  0.00 Bytes  0.00 bits/sec    0   2.83 KBytes       
[  4]  91.07-92.01  sec  0.00 Bytes  0.00 bits/sec    0   2.83 KBytes       
[  4]  92.01-93.00  sec  0.00 Bytes  0.00 bits/sec    0   2.83 KBytes       
[  4]  93.00-94.00  sec  0.00 Bytes  0.00 bits/sec    0   2.83 KBytes       
[  4]  94.00-95.00  sec  0.00 Bytes  0.00 bits/sec    0   2.83 KBytes       
[  4]  95.00-96.00  sec  0.00 Bytes  0.00 bits/sec    0   2.83 KBytes       
[  4]  96.00-97.00  sec  0.00 Bytes  0.00 bits/sec    0   2.83 KBytes       
[  4]  97.00-98.00  sec  0.00 Bytes  0.00 bits/sec    0   2.83 KBytes       
[  4]  98.00-99.00  sec  2.83 KBytes  23.2 Kbits/sec    2   2.83 KBytes       
[  4]  99.00-100.00 sec  0.00 Bytes  0.00 bits/sec    0   2.83 KBytes       
[  4] 100.00-101.01 sec  0.00 Bytes  0.00 bits/sec    0   2.83 KBytes       
[  4] 101.01-102.00 sec  2.83 KBytes  23.3 Kbits/sec    0   7.07 KBytes       
[  4] 102.00-103.00 sec  0.00 Bytes  0.00 bits/sec    0   7.07 KBytes       
[  4] 103.00-104.00 sec  0.00 Bytes  0.00 bits/sec    0   7.07 KBytes       
[  4] 104.00-105.00 sec  0.00 Bytes  0.00 bits/sec    0   7.07 KBytes       
[  4] 105.00-106.00 sec  0.00 Bytes  0.00 bits/sec    0   7.07 KBytes       
[  4] 106.00-107.00 sec  7.07 KBytes  57.9 Kbits/sec    0   9.90 KBytes       
[  4] 107.00-108.00 sec  0.00 Bytes  0.00 bits/sec    0   9.90 KBytes       
[  4] 108.00-109.00 sec  0.00 Bytes  0.00 bits/sec    0   9.90 KBytes       
[  4] 109.00-110.01 sec  0.00 Bytes  0.00 bits/sec    0   9.90 KBytes       
[  4] 110.01-111.00 sec  9.90 KBytes  81.7 Kbits/sec    0   15.6 KBytes       
[  4] 111.00-112.01 sec  0.00 Bytes  0.00 bits/sec    0   15.6 KBytes       
[  4] 112.01-113.00 sec  0.00 Bytes  0.00 bits/sec    0   15.6 KBytes       
[  4] 113.00-114.01 sec  0.00 Bytes  0.00 bits/sec    0   15.6 KBytes       
[  4] 114.01-115.00 sec  0.00 Bytes  0.00 bits/sec    0   15.6 KBytes       
[  4] 115.00-116.00 sec  69.3 KBytes   568 Kbits/sec    0   21.2 KBytes       
[  4] 116.00-117.00 sec  0.00 Bytes  0.00 bits/sec    0   21.2 KBytes       
[  4] 117.00-118.00 sec  0.00 Bytes  0.00 bits/sec    0   21.2 KBytes       
[  4] 118.00-119.00 sec  0.00 Bytes  0.00 bits/sec    0   21.2 KBytes       
[  4] 119.00-120.00 sec  7.07 KBytes  57.9 Kbits/sec    2   14.1 KBytes       
[  4] 120.00-121.00 sec  0.00 Bytes  0.00 bits/sec    0   14.1 KBytes       
[  4] 121.00-122.00 sec  0.00 Bytes  0.00 bits/sec    0   14.1 KBytes       
[  4] 122.00-123.00 sec  0.00 Bytes  0.00 bits/sec    0   14.1 KBytes       
[  4] 123.00-124.00 sec  0.00 Bytes  0.00 bits/sec    0   14.1 KBytes       
[  4] 124.00-125.00 sec  0.00 Bytes  0.00 bits/sec    0   19.8 KBytes       
[  4] 125.00-126.00 sec  0.00 Bytes  0.00 bits/sec    0   19.8 KBytes       
[  4] 126.00-127.05 sec  0.00 Bytes  0.00 bits/sec    0   19.8 KBytes       
[  4] 127.05-128.00 sec  0.00 Bytes  0.00 bits/sec    0   19.8 KBytes       
[  4] 128.00-129.00 sec  0.00 Bytes  0.00 bits/sec    0   29.7 KBytes       
[  4] 129.00-130.10 sec  0.00 Bytes  0.00 bits/sec    0   29.7 KBytes       
[  4] 130.10-131.00 sec  0.00 Bytes  0.00 bits/sec    0   29.7 KBytes       
[  4] 131.00-132.00 sec  0.00 Bytes  0.00 bits/sec    0   29.7 KBytes       
[  4] 132.00-133.02 sec  39.6 KBytes   319 Kbits/sec    0   45.2 KBytes       
[  4] 133.02-134.00 sec  0.00 Bytes  0.00 bits/sec    0   45.2 KBytes       
[  4] 134.00-135.00 sec  0.00 Bytes  0.00 bits/sec    0   45.2 KBytes       
[  4] 135.00-136.00 sec  67.9 KBytes   556 Kbits/sec    0   67.9 KBytes       
[  4] 136.00-137.00 sec  0.00 Bytes  0.00 bits/sec    0   67.9 KBytes       
[  4] 137.00-138.00 sec  0.00 Bytes  0.00 bits/sec    0   67.9 KBytes       
[  4] 138.00-139.27 sec  63.6 KBytes   413 Kbits/sec    0   67.9 KBytes       
[  4] 139.27-140.00 sec  4.24 KBytes  47.3 Kbits/sec    0   67.9 KBytes       
[  4] 140.00-141.00 sec  0.00 Bytes  0.00 bits/sec    0   67.9 KBytes       
[  4] 141.00-142.00 sec  0.00 Bytes  0.00 bits/sec    0   67.9 KBytes       
[  4] 142.00-143.05 sec  74.9 KBytes   587 Kbits/sec    0   96.2 KBytes       
[  4] 143.05-144.00 sec  22.6 KBytes   194 Kbits/sec    0   97.6 KBytes       
[  4] 144.00-145.00 sec  0.00 Bytes  0.00 bits/sec    0   97.6 KBytes       
[  4] 145.00-146.00 sec  0.00 Bytes  0.00 bits/sec    0   97.6 KBytes       
[  4] 146.00-147.06 sec  0.00 Bytes  0.00 bits/sec    0   97.6 KBytes       
[  4] 147.06-148.00 sec  0.00 Bytes  0.00 bits/sec   10   67.9 KBytes       
[  4] 148.00-149.00 sec  0.00 Bytes  0.00 bits/sec    8   25.5 KBytes       
[  4] 149.00-150.00 sec  0.00 Bytes  0.00 bits/sec    0   25.5 KBytes       
[  4] 150.00-151.01 sec  0.00 Bytes  0.00 bits/sec    0   25.5 KBytes       
[  4] 151.01-152.00 sec  0.00 Bytes  0.00 bits/sec    0   25.5 KBytes       
[  4] 152.00-153.00 sec  0.00 Bytes  0.00 bits/sec   28   45.2 KBytes       
[  4] 153.00-154.01 sec  0.00 Bytes  0.00 bits/sec    8   50.9 KBytes       
[  4] 154.01-155.00 sec  0.00 Bytes  0.00 bits/sec    0   50.9 KBytes       
[  4] 155.00-156.00 sec  0.00 Bytes  0.00 bits/sec    0   50.9 KBytes       
[  4] 156.00-157.00 sec  19.8 KBytes   162 Kbits/sec    2   58.0 KBytes       
[  4] 157.00-158.00 sec  32.5 KBytes   267 Kbits/sec    0   67.9 KBytes       
[  4] 158.00-159.00 sec  0.00 Bytes  0.00 bits/sec    0   67.9 KBytes       
[  4] 159.00-160.01 sec  0.00 Bytes  0.00 bits/sec    0   67.9 KBytes       
[  4] 160.01-161.00 sec  0.00 Bytes  0.00 bits/sec    0   67.9 KBytes       
[  4] 161.00-162.01 sec  9.90 KBytes  80.5 Kbits/sec   11   58.0 KBytes       
[  4] 162.01-163.00 sec  9.90 KBytes  81.9 Kbits/sec    0   58.0 KBytes       
[  4] 163.00-164.10 sec  12.7 KBytes  95.1 Kbits/sec    7   58.0 KBytes       
[  4] 164.10-165.00 sec  0.00 Bytes  0.00 bits/sec    0   58.0 KBytes       
[  4] 165.00-166.00 sec  45.2 KBytes   371 Kbits/sec    0   45.2 KBytes       
[  4] 166.00-167.00 sec  18.4 KBytes   151 Kbits/sec    0   41.0 KBytes       
[  4] 167.00-168.00 sec  25.5 KBytes   208 Kbits/sec    0   43.8 KBytes       
[  4] 168.00-169.00 sec  19.8 KBytes   162 Kbits/sec    0   45.2 KBytes       
[  4] 169.00-170.00 sec  26.9 KBytes   220 Kbits/sec    0   46.7 KBytes       
[  4] 170.00-171.00 sec  22.6 KBytes   186 Kbits/sec    0   49.5 KBytes       
[  4] 171.00-172.00 sec  11.3 KBytes  92.7 Kbits/sec    0   53.7 KBytes       
[  4] 172.00-173.01 sec   283 KBytes  2.29 Mbits/sec    0   63.6 KBytes       
[  4] 173.01-174.05 sec  0.00 Bytes  0.00 bits/sec    0   63.6 KBytes       
[  4] 174.05-175.00 sec  0.00 Bytes  0.00 bits/sec    0   63.6 KBytes       
[  4] 175.00-176.05 sec  0.00 Bytes  0.00 bits/sec    0   63.6 KBytes       
[  4] 176.05-177.00 sec  0.00 Bytes  0.00 bits/sec    7   43.8 KBytes       
[  4] 177.00-178.00 sec  0.00 Bytes  0.00 bits/sec    0   43.8 KBytes       
[  4] 178.00-179.00 sec  0.00 Bytes  0.00 bits/sec    0   43.8 KBytes       
[  4] 179.00-180.01 sec  0.00 Bytes  0.00 bits/sec    0   43.8 KBytes       
[  4] 180.01-181.00 sec  0.00 Bytes  0.00 bits/sec    6   43.8 KBytes       
[  4] 181.00-182.00 sec  0.00 Bytes  0.00 bits/sec    2   43.8 KBytes       
[  4] 182.00-183.00 sec  0.00 Bytes  0.00 bits/sec    0   43.8 KBytes       
[  4] 183.00-184.00 sec  0.00 Bytes  0.00 bits/sec    0   43.8 KBytes       
[  4] 184.00-185.00 sec  0.00 Bytes  0.00 bits/sec    2   36.8 KBytes       
[  4] 185.00-186.00 sec  0.00 Bytes  0.00 bits/sec    4   43.8 KBytes       
[  4] 186.00-187.02 sec  0.00 Bytes  0.00 bits/sec    0   43.8 KBytes       
[  4] 187.02-188.00 sec  0.00 Bytes  0.00 bits/sec    3   42.4 KBytes       
[  4] 188.00-189.00 sec  0.00 Bytes  0.00 bits/sec    0   43.8 KBytes       
[  4] 189.00-190.47 sec  0.00 Bytes  0.00 bits/sec    0   43.8 KBytes       
[  4] 190.47-191.05 sec  63.6 KBytes   899 Kbits/sec    0   43.8 KBytes       
[  4] 191.05-192.31 sec  0.00 Bytes  0.00 bits/sec    0   43.8 KBytes       
[  4] 192.31-199.65 sec  0.00 Bytes  0.00 bits/sec    0   43.8 KBytes       
[  4] 199.65-199.65 sec  0.00 Bytes  0.00 bits/sec    0   43.8 KBytes       
[  4] 199.65-199.65 sec  0.00 Bytes  0.00 bits/sec    0   43.8 KBytes       
[  4] 199.65-199.65 sec  0.00 Bytes  0.00 bits/sec    0   43.8 KBytes       
[  4] 199.65-199.65 sec  0.00 Bytes  0.00 bits/sec    0   43.8 KBytes       
[  4] 199.65-199.65 sec  0.00 Bytes  0.00 bits/sec    0   43.8 KBytes       
[  4] 199.65-199.65 sec  0.00 Bytes  0.00 bits/sec    0   43.8 KBytes       
[  4] 199.65-200.21 sec  0.00 Bytes  0.00 bits/sec    0   43.8 KBytes       
[  4] 200.21-203.10 sec  0.00 Bytes  0.00 bits/sec    1   1.41 KBytes       
[  4] 203.10-203.10 sec  0.00 Bytes  0.00 bits/sec    0   1.41 KBytes       
[  4] 203.10-203.10 sec  0.00 Bytes  0.00 bits/sec    0   1.41 KBytes       
[  4] 203.10-204.15 sec  0.00 Bytes  0.00 bits/sec    0   1.41 KBytes       
[  4] 204.15-205.36 sec  0.00 Bytes  0.00 bits/sec    0   1.41 KBytes       
[  4] 205.36-206.21 sec  0.00 Bytes  0.00 bits/sec    0   1.41 KBytes       
[  4] 206.21-207.31 sec  0.00 Bytes  0.00 bits/sec    0   1.41 KBytes       
[  4] 207.31-208.00 sec  0.00 Bytes  0.00 bits/sec    0   1.41 KBytes       
[  4] 208.00-209.06 sec  0.00 Bytes  0.00 bits/sec    0   1.41 KBytes       
[  4] 209.06-210.00 sec  0.00 Bytes  0.00 bits/sec    0   1.41 KBytes       
[  4] 210.00-211.01 sec  0.00 Bytes  0.00 bits/sec    0   1.41 KBytes       
[  4] 211.01-212.00 sec  0.00 Bytes  0.00 bits/sec    0   1.41 KBytes       
[  4] 212.00-213.00 sec  0.00 Bytes  0.00 bits/sec    0   1.41 KBytes       
[  4] 213.00-214.07 sec  0.00 Bytes  0.00 bits/sec    0   1.41 KBytes       
[  4] 214.07-215.12 sec  0.00 Bytes  0.00 bits/sec    0   1.41 KBytes       
[  4] 215.12-216.00 sec  0.00 Bytes  0.00 bits/sec    0   1.41 KBytes       
[  4] 216.00-217.00 sec  0.00 Bytes  0.00 bits/sec    0   1.41 KBytes       
[  4] 217.00-218.00 sec  0.00 Bytes  0.00 bits/sec    0   1.41 KBytes       
[  4] 218.00-219.15 sec  0.00 Bytes  0.00 bits/sec    0   1.41 KBytes       
[  4] 219.15-220.00 sec  0.00 Bytes  0.00 bits/sec    0   1.41 KBytes       
[  4] 220.00-221.00 sec  0.00 Bytes  0.00 bits/sec    0   1.41 KBytes       
[  4] 221.00-222.00 sec  0.00 Bytes  0.00 bits/sec    1   1.41 KBytes       
[  4] 222.00-223.00 sec  0.00 Bytes  0.00 bits/sec    0   2.83 KBytes       
[  4] 223.00-224.00 sec  0.00 Bytes  0.00 bits/sec    2   2.83 KBytes       
[  4] 224.00-225.01 sec  0.00 Bytes  0.00 bits/sec    0   2.83 KBytes       
[  4] 225.01-226.00 sec  0.00 Bytes  0.00 bits/sec    4   5.66 KBytes       
[  4] 226.00-227.00 sec  0.00 Bytes  0.00 bits/sec    0   5.66 KBytes       
[  4] 227.00-228.00 sec  63.6 KBytes   521 Kbits/sec   23   32.5 KBytes       
[  4] 228.00-229.00 sec  0.00 Bytes  0.00 bits/sec    0   32.5 KBytes       
[  4] 229.00-230.00 sec  63.6 KBytes   521 Kbits/sec    1   49.5 KBytes       
[  4] 230.00-231.00 sec  0.00 Bytes  0.00 bits/sec    0   49.5 KBytes       
[  4] 231.00-232.00 sec  0.00 Bytes  0.00 bits/sec    0   49.5 KBytes       
[  4] 232.00-233.00 sec  63.6 KBytes   521 Kbits/sec    0   74.9 KBytes       
[  4] 233.00-234.00 sec  0.00 Bytes  0.00 bits/sec    0   74.9 KBytes       
[  4] 234.00-235.00 sec  0.00 Bytes  0.00 bits/sec    0   74.9 KBytes       
[  4] 235.00-236.00 sec  0.00 Bytes  0.00 bits/sec    0   74.9 KBytes       
[  4] 236.00-237.00 sec  0.00 Bytes  0.00 bits/sec    0   74.9 KBytes       
[  4] 237.00-238.00 sec  63.6 KBytes   521 Kbits/sec    0    113 KBytes       
[  4] 238.00-239.00 sec  0.00 Bytes  0.00 bits/sec    0    113 KBytes       
[  4] 239.00-240.00 sec  0.00 Bytes  0.00 bits/sec    0    113 KBytes       
[  4] 240.00-241.00 sec  0.00 Bytes  0.00 bits/sec    0    113 KBytes       
[  4] 241.00-242.00 sec  0.00 Bytes  0.00 bits/sec    0    113 KBytes       
[  4] 242.00-243.00 sec  63.6 KBytes   521 Kbits/sec    8    133 KBytes       
[  4] 243.00-244.00 sec  0.00 Bytes  0.00 bits/sec    0    133 KBytes       
[  4] 244.00-245.00 sec  0.00 Bytes  0.00 bits/sec    0    133 KBytes       
[  4] 245.00-246.00 sec  0.00 Bytes  0.00 bits/sec    1    105 KBytes       
[  4] 246.00-247.00 sec  0.00 Bytes  0.00 bits/sec    0    105 KBytes       
[  4] 247.00-248.00 sec  0.00 Bytes  0.00 bits/sec    0    105 KBytes       
[  4] 248.00-249.00 sec   255 KBytes  2.08 Mbits/sec    0    129 KBytes       
[  4] 249.00-250.00 sec  0.00 Bytes  0.00 bits/sec    0    129 KBytes       
[  4] 250.00-251.00 sec   127 KBytes  1.04 Mbits/sec    0    141 KBytes       
[  4] 251.00-252.00 sec   127 KBytes  1.04 Mbits/sec    0    148 KBytes       
[  4] 252.00-253.00 sec   144 KBytes  1.18 Mbits/sec    0    150 KBytes       
[  4] 253.00-254.00 sec   151 KBytes  1.24 Mbits/sec    0    151 KBytes       
[  4] 254.00-255.00 sec  0.00 Bytes  0.00 bits/sec    0    151 KBytes       
[  4] 255.00-256.00 sec  63.6 KBytes   521 Kbits/sec    0    160 KBytes       
[  4] 256.00-257.00 sec  63.6 KBytes   521 Kbits/sec    0    178 KBytes       
[  4] 257.00-258.00 sec  0.00 Bytes  0.00 bits/sec    0    178 KBytes       
[  4] 258.00-259.00 sec  0.00 Bytes  0.00 bits/sec    0    178 KBytes       
[  4] 259.00-260.00 sec  0.00 Bytes  0.00 bits/sec    0    178 KBytes       
[  4] 260.00-261.00 sec  28.3 KBytes   232 Kbits/sec   12    124 KBytes       
[  4] 261.00-262.00 sec  2.83 KBytes  23.2 Kbits/sec    0    124 KBytes       
[  4] 262.00-263.00 sec  0.00 Bytes  0.00 bits/sec    0    124 KBytes       
[  4] 263.00-264.00 sec  25.5 KBytes   208 Kbits/sec    1    124 KBytes       
[  4] 264.00-265.00 sec   139 KBytes  1.13 Mbits/sec    4    112 KBytes       
[  4] 265.00-266.01 sec  0.00 Bytes  0.00 bits/sec    0    106 KBytes       
[  4] 266.01-267.00 sec  63.6 KBytes   528 Kbits/sec    0    100 KBytes       
[  4] 267.00-268.00 sec   191 KBytes  1.56 Mbits/sec    0   90.5 KBytes       
[  4] 268.00-269.00 sec  63.6 KBytes   522 Kbits/sec    0   99.0 KBytes       
[  4] 269.00-270.00 sec   127 KBytes  1.04 Mbits/sec    0    103 KBytes       
[  4] 270.00-271.00 sec  63.6 KBytes   521 Kbits/sec    0    105 KBytes       
[  4] 271.00-272.00 sec   127 KBytes  1.04 Mbits/sec    0    107 KBytes       
[  4] 272.00-273.00 sec  0.00 Bytes  0.00 bits/sec    0    112 KBytes       
[  4] 273.00-274.00 sec  63.6 KBytes   521 Kbits/sec    0    122 KBytes       
[  4] 274.00-275.00 sec  0.00 Bytes  0.00 bits/sec    0    147 KBytes       
[  4] 275.00-276.00 sec  63.6 KBytes   520 Kbits/sec    0    170 KBytes       
[  4] 276.00-277.00 sec  63.6 KBytes   523 Kbits/sec    0    187 KBytes       
[  4] 277.00-278.00 sec  0.00 Bytes  0.00 bits/sec    0    212 KBytes       
[  4] 278.00-279.00 sec  0.00 Bytes  0.00 bits/sec    1    148 KBytes       
[  4] 279.00-280.00 sec  74.9 KBytes   612 Kbits/sec    0    148 KBytes       
[  4] 280.00-281.00 sec   189 KBytes  1.55 Mbits/sec    2    150 KBytes       
[  4] 281.00-282.00 sec  0.00 Bytes  0.00 bits/sec    3    123 KBytes       
[  4] 282.00-283.00 sec  42.4 KBytes   347 Kbits/sec    0    109 KBytes       
[  4] 283.00-284.00 sec   205 KBytes  1.68 Mbits/sec    0    115 KBytes       
[  4] 284.00-285.00 sec  63.6 KBytes   521 Kbits/sec    0    122 KBytes       
[  4] 285.00-286.00 sec   127 KBytes  1.04 Mbits/sec    0    127 KBytes       
[  4] 286.00-287.00 sec  63.6 KBytes   522 Kbits/sec    0    130 KBytes       
[  4] 287.00-288.00 sec  0.00 Bytes  0.00 bits/sec    0    130 KBytes       
[  4] 288.00-289.00 sec  63.6 KBytes   522 Kbits/sec    0    137 KBytes       
[  4] 289.00-290.00 sec  63.6 KBytes   521 Kbits/sec    0    143 KBytes       
[  4] 290.00-291.00 sec  63.6 KBytes   521 Kbits/sec    0    164 KBytes       
[  4] 291.00-292.00 sec  63.6 KBytes   521 Kbits/sec    0    182 KBytes       
[  4] 292.00-293.00 sec  42.4 KBytes   348 Kbits/sec    0    225 KBytes       
[  4] 293.00-294.00 sec   139 KBytes  1.13 Mbits/sec    0    246 KBytes       
[  4] 294.00-295.00 sec   139 KBytes  1.14 Mbits/sec    0    246 KBytes       
[  4] 295.00-296.00 sec  17.0 KBytes   139 Kbits/sec    4    236 KBytes       
[  4] 296.00-297.00 sec  0.00 Bytes  0.00 bits/sec    0    171 KBytes       
[  4] 297.00-298.00 sec   146 KBytes  1.19 Mbits/sec   18    171 KBytes       
[  4] 298.00-299.00 sec  0.00 Bytes  0.00 bits/sec    0    171 KBytes       
[  4] 299.00-300.00 sec   202 KBytes  1.66 Mbits/sec    0    173 KBytes       
[  4] 300.00-301.00 sec   119 KBytes   972 Kbits/sec    0    195 KBytes       
[  4] 301.00-302.00 sec  0.00 Bytes  0.00 bits/sec    0    195 KBytes       
[  4] 302.00-303.00 sec   139 KBytes  1.14 Mbits/sec    0    195 KBytes       
[  4] 303.00-304.00 sec  63.6 KBytes   521 Kbits/sec    0    195 KBytes       
[  4] 304.00-305.00 sec  0.00 Bytes  0.00 bits/sec   20    151 KBytes       
[  4] 305.00-306.00 sec  42.4 KBytes   347 Kbits/sec    0    140 KBytes       
[  4] 306.00-307.00 sec   202 KBytes  1.66 Mbits/sec    0    143 KBytes       
[  4] 307.00-308.00 sec  63.6 KBytes   521 Kbits/sec    0    147 KBytes       
[  4] 308.00-309.00 sec   134 KBytes  1.10 Mbits/sec    0    160 KBytes       
[  4] 309.00-310.00 sec  0.00 Bytes  0.00 bits/sec    0    160 KBytes       
[  4] 310.00-311.00 sec   170 KBytes  1.39 Mbits/sec    0    161 KBytes       
[  4] 311.00-312.00 sec  0.00 Bytes  0.00 bits/sec    0    161 KBytes       
[  4] 312.00-313.00 sec  63.6 KBytes   521 Kbits/sec   17    123 KBytes       
[  4] 313.00-314.00 sec  0.00 Bytes  0.00 bits/sec    0    123 KBytes       
[  4] 314.00-315.00 sec   158 KBytes  1.30 Mbits/sec    0    119 KBytes       
[  4] 315.00-316.00 sec   127 KBytes  1.04 Mbits/sec    0    129 KBytes       
[  4] 316.00-317.00 sec  63.6 KBytes   521 Kbits/sec    0    133 KBytes       
[  4] 317.00-318.00 sec  63.6 KBytes   521 Kbits/sec    0    137 KBytes       
[  4] 318.00-319.00 sec  63.6 KBytes   521 Kbits/sec    0    139 KBytes       
[  4] 319.00-320.00 sec  63.6 KBytes   521 Kbits/sec    0    143 KBytes       
[  4] 320.00-321.00 sec  63.6 KBytes   521 Kbits/sec    0    144 KBytes       
[  4] 321.00-322.00 sec  0.00 Bytes  0.00 bits/sec    0    148 KBytes       
[  4] 322.00-323.00 sec   102 KBytes   833 Kbits/sec    0    181 KBytes       
[  4] 323.00-324.00 sec  0.00 Bytes  0.00 bits/sec    0    185 KBytes       
[  4] 324.00-325.00 sec   139 KBytes  1.14 Mbits/sec    2    154 KBytes       
[  4] 325.00-326.00 sec  0.00 Bytes  0.00 bits/sec    0    154 KBytes       
[  4] 326.00-327.00 sec  76.4 KBytes   625 Kbits/sec    2    154 KBytes       
[  4] 327.00-328.06 sec  32.5 KBytes   252 Kbits/sec    0    154 KBytes       
[  4] 328.06-329.01 sec  0.00 Bytes  0.00 bits/sec    0    154 KBytes       
[  4] 329.01-330.00 sec   194 KBytes  1.60 Mbits/sec    0    156 KBytes       
[  4] 330.00-331.00 sec  63.6 KBytes   519 Kbits/sec    0    163 KBytes       
[  4] 331.00-332.00 sec  0.00 Bytes  0.00 bits/sec    8    122 KBytes       
[  4] 332.00-333.10 sec  0.00 Bytes  0.00 bits/sec    0    113 KBytes       
[  4] 333.10-334.14 sec  2.83 KBytes  22.1 Kbits/sec    0    113 KBytes       
[  4] 334.14-335.00 sec  4.24 KBytes  40.6 Kbits/sec    0    113 KBytes       
[  4] 335.00-336.00 sec  31.1 KBytes   255 Kbits/sec   49    105 KBytes       
[  4] 336.00-337.36 sec  0.00 Bytes  0.00 bits/sec    0    105 KBytes       
[  4] 337.36-338.00 sec  8.48 KBytes   108 Kbits/sec    0    109 KBytes       
[  4] 338.00-339.00 sec   290 KBytes  2.37 Mbits/sec    0   84.8 KBytes       
[  4] 339.00-340.03 sec  0.00 Bytes  0.00 bits/sec    0   84.8 KBytes       
[  4] 340.03-341.00 sec  63.6 KBytes   538 Kbits/sec    0   87.7 KBytes       
[  4] 341.00-342.00 sec  0.00 Bytes  0.00 bits/sec    3   60.8 KBytes       
[  4] 342.00-343.00 sec  0.00 Bytes  0.00 bits/sec    0   60.8 KBytes       
[  4] 343.00-344.00 sec   191 KBytes  1.57 Mbits/sec    0   67.9 KBytes       
[  4] 344.00-345.04 sec   127 KBytes  1000 Kbits/sec    0   72.1 KBytes       
[  4] 345.04-346.00 sec  63.6 KBytes   543 Kbits/sec    0   73.5 KBytes       
[  4] 346.00-347.00 sec  63.6 KBytes   522 Kbits/sec    0   74.9 KBytes       
[  4] 347.00-348.00 sec   127 KBytes  1.04 Mbits/sec    0   79.2 KBytes       
[  4] 348.00-349.00 sec  63.6 KBytes   522 Kbits/sec    0   89.1 KBytes       
[  4] 349.00-350.00 sec   127 KBytes  1.04 Mbits/sec    0    107 KBytes       
[  4] 350.00-351.01 sec  0.00 Bytes  0.00 bits/sec    0    129 KBytes       
[  4] 351.01-352.00 sec  63.6 KBytes   528 Kbits/sec    0    157 KBytes       
[  4] 352.00-353.00 sec   139 KBytes  1.13 Mbits/sec    0    232 KBytes       
[  4] 353.00-354.00 sec  0.00 Bytes  0.00 bits/sec    0    235 KBytes       
[  4] 354.00-355.00 sec  25.5 KBytes   209 Kbits/sec   81    164 KBytes       
[  4] 355.00-356.00 sec  0.00 Bytes  0.00 bits/sec    0    164 KBytes       
[  4] 356.00-357.00 sec   232 KBytes  1.90 Mbits/sec    0    171 KBytes       
[  4] 357.00-358.00 sec  83.4 KBytes   684 Kbits/sec    0    188 KBytes       
[  4] 358.00-359.00 sec   868 KBytes  7.12 Mbits/sec    0    188 KBytes       
[  4] 359.00-360.00 sec  63.6 KBytes   519 Kbits/sec    0    188 KBytes       
[  4] 360.00-361.00 sec   127 KBytes  1.05 Mbits/sec    0    209 KBytes       
[  4] 361.00-362.00 sec   127 KBytes  1.04 Mbits/sec    0    222 KBytes       
[  4] 362.00-363.00 sec  63.6 KBytes   520 Kbits/sec    0    225 KBytes       
[  4] 363.00-364.00 sec  63.6 KBytes   521 Kbits/sec    0    233 KBytes       
[  4] 364.00-365.25 sec  0.00 Bytes  0.00 bits/sec    0    235 KBytes       
[  4] 365.25-366.00 sec   127 KBytes  1.40 Mbits/sec    0    255 KBytes       
[  4] 366.00-367.00 sec  63.6 KBytes   521 Kbits/sec    0    287 KBytes       
[  4] 367.00-368.00 sec   127 KBytes  1.04 Mbits/sec    3    281 KBytes       
[  4] 368.00-369.00 sec  0.00 Bytes  0.00 bits/sec   31    252 KBytes       
[  4] 369.00-370.00 sec  0.00 Bytes  0.00 bits/sec    0    230 KBytes       
[  4] 370.00-371.00 sec  0.00 Bytes  0.00 bits/sec    0    230 KBytes       
[  4] 371.00-372.01 sec   318 KBytes  2.58 Mbits/sec    0    238 KBytes       
[  4] 372.01-373.05 sec   191 KBytes  1.51 Mbits/sec    0    269 KBytes       
[  4] 373.05-374.00 sec  63.6 KBytes   547 Kbits/sec    0    276 KBytes       
[  4] 374.00-375.05 sec  0.00 Bytes  0.00 bits/sec    0    284 KBytes       
[  4] 375.05-376.00 sec  63.6 KBytes   548 Kbits/sec    0    286 KBytes       
[  4] 376.00-377.00 sec   127 KBytes  1.04 Mbits/sec    0    307 KBytes       
[  4] 377.00-378.02 sec  63.6 KBytes   512 Kbits/sec    0    311 KBytes       
[  4] 378.02-379.00 sec  0.00 Bytes  0.00 bits/sec    8    284 KBytes       
[  4] 379.00-380.00 sec  0.00 Bytes  0.00 bits/sec   54    218 KBytes       
[  4] 380.00-381.45 sec  0.00 Bytes  0.00 bits/sec    0    218 KBytes       
[  4] 381.45-382.01 sec  0.00 Bytes  0.00 bits/sec    0    218 KBytes       
[  4] 382.01-383.07 sec  0.00 Bytes  0.00 bits/sec    0    218 KBytes       
[  4] 383.07-384.12 sec  63.6 KBytes   494 Kbits/sec    0    218 KBytes       
[  4] 384.12-385.00 sec  0.00 Bytes  0.00 bits/sec    0    218 KBytes       
[  4] 385.00-386.00 sec   255 KBytes  2.08 Mbits/sec    0    219 KBytes       
[  4] 386.00-387.00 sec   127 KBytes  1.04 Mbits/sec    3    216 KBytes       
[  4] 387.00-388.00 sec  0.00 Bytes  0.00 bits/sec    1    215 KBytes       
[  4] 388.00-389.01 sec  63.6 KBytes   516 Kbits/sec    1    161 KBytes       
[  4] 389.01-390.00 sec  0.00 Bytes  0.00 bits/sec    0    160 KBytes       
[  4] 390.00-391.08 sec  0.00 Bytes  0.00 bits/sec    0    160 KBytes       
[  4] 391.08-392.02 sec  0.00 Bytes  0.00 bits/sec    0    160 KBytes       
[  4] 392.02-393.03 sec  0.00 Bytes  0.00 bits/sec    0    160 KBytes       
[  4] 393.03-394.03 sec  0.00 Bytes  0.00 bits/sec    0    160 KBytes       
[  4] 394.03-395.00 sec  0.00 Bytes  0.00 bits/sec    0    160 KBytes       
[  4] 395.00-396.41 sec   382 KBytes  2.22 Mbits/sec    0    161 KBytes       
[  4] 396.41-397.16 sec  0.00 Bytes  0.00 bits/sec    0    161 KBytes       
[  4] 397.16-398.03 sec  0.00 Bytes  0.00 bits/sec    0    161 KBytes       
[  4] 398.03-399.01 sec  0.00 Bytes  0.00 bits/sec    0    161 KBytes       
[  4] 399.01-400.01 sec  63.6 KBytes   521 Kbits/sec    0    175 KBytes       
[  4] 400.01-401.01 sec  63.6 KBytes   521 Kbits/sec    0    181 KBytes       
[  4] 401.01-402.01 sec  0.00 Bytes  0.00 bits/sec    5    154 KBytes       
[  4] 402.01-403.01 sec  0.00 Bytes  0.00 bits/sec    0    129 KBytes       
[  4] 403.01-404.01 sec   255 KBytes  2.09 Mbits/sec    0    133 KBytes       
[  4] 404.01-405.01 sec  63.6 KBytes   523 Kbits/sec    0    140 KBytes       
[  4] 405.01-406.04 sec  0.00 Bytes  0.00 bits/sec    0    141 KBytes       
[  4] 406.04-407.01 sec  0.00 Bytes  0.00 bits/sec   35   99.0 KBytes       
[  4] 407.01-408.01 sec  0.00 Bytes  0.00 bits/sec    0   99.0 KBytes       
[  4] 408.01-410.12 sec  0.00 Bytes  0.00 bits/sec    0   99.0 KBytes       
[  4] 410.12-410.12 sec  0.00 Bytes  0.00 bits/sec    0   99.0 KBytes       
[  4] 410.12-411.01 sec   127 KBytes  1.17 Mbits/sec    0   99.0 KBytes       
[  4] 411.01-412.01 sec  63.6 KBytes   520 Kbits/sec    3   94.7 KBytes       
[  4] 412.01-413.02 sec  0.00 Bytes  0.00 bits/sec    0   94.7 KBytes       
[  4] 413.02-414.01 sec  0.00 Bytes  0.00 bits/sec    0   89.1 KBytes       
[  4] 414.01-415.01 sec  0.00 Bytes  0.00 bits/sec    0   89.1 KBytes       
[  4] 415.01-416.07 sec  0.00 Bytes  0.00 bits/sec    4   72.1 KBytes       
[  4] 416.07-417.02 sec  0.00 Bytes  0.00 bits/sec    5   69.3 KBytes       
[  4] 417.02-418.02 sec  63.6 KBytes   520 Kbits/sec    0   69.3 KBytes       
[  4] 418.02-419.01 sec   127 KBytes  1.05 Mbits/sec    0   72.1 KBytes       
[  4] 419.01-420.01 sec  0.00 Bytes  0.00 bits/sec    0   73.5 KBytes       
[  4] 420.01-421.01 sec  63.6 KBytes   524 Kbits/sec    0   79.2 KBytes       
[  4] 421.01-422.07 sec  0.00 Bytes  0.00 bits/sec    0   80.6 KBytes       
[  4] 422.07-423.02 sec  63.6 KBytes   551 Kbits/sec    0   83.4 KBytes       
[  4] 423.02-424.01 sec  63.6 KBytes   524 Kbits/sec    0   84.8 KBytes       
[  4] 424.01-425.01 sec  0.00 Bytes  0.00 bits/sec    0   97.6 KBytes       
[  4] 425.01-426.01 sec  63.6 KBytes   521 Kbits/sec    0    102 KBytes       
[  4] 426.01-427.02 sec  0.00 Bytes  0.00 bits/sec    0    123 KBytes       
[  4] 427.02-428.12 sec  63.6 KBytes   474 Kbits/sec    0    150 KBytes       
[  4] 428.12-429.01 sec  0.00 Bytes  0.00 bits/sec    0    153 KBytes       
[  4] 429.01-430.02 sec  63.6 KBytes   516 Kbits/sec    0    184 KBytes       
[  4] 430.02-431.01 sec   255 KBytes  2.11 Mbits/sec    0    225 KBytes       
[  4] 431.01-432.01 sec  0.00 Bytes  0.00 bits/sec    0    226 KBytes       
[  4] 432.01-433.01 sec  0.00 Bytes  0.00 bits/sec    0    228 KBytes       
[  4] 433.01-434.01 sec   127 KBytes  1.04 Mbits/sec   28    168 KBytes       
[  4] 434.01-435.02 sec  0.00 Bytes  0.00 bits/sec    3    168 KBytes       
[  4] 435.02-436.03 sec  0.00 Bytes  0.00 bits/sec    1    168 KBytes       
[  4] 436.03-437.02 sec  0.00 Bytes  0.00 bits/sec    0    168 KBytes       
[  4] 437.02-438.03 sec  0.00 Bytes  0.00 bits/sec    1    168 KBytes       
[  4] 438.03-439.01 sec  0.00 Bytes  0.00 bits/sec    4    168 KBytes       
[  4] 439.01-440.01 sec  0.00 Bytes  0.00 bits/sec    0    168 KBytes       
[  4] 440.01-441.01 sec  0.00 Bytes  0.00 bits/sec    0    168 KBytes       
[  4] 441.01-442.01 sec   445 KBytes  3.66 Mbits/sec    0    178 KBytes       
[  4] 442.01-443.01 sec  0.00 Bytes  0.00 bits/sec    0    182 KBytes       
[  4] 443.01-444.02 sec  0.00 Bytes  0.00 bits/sec    0    184 KBytes       
[  4] 444.02-445.07 sec  0.00 Bytes  0.00 bits/sec    0    184 KBytes       
[  4] 445.07-446.02 sec  63.6 KBytes   545 Kbits/sec    0    188 KBytes       
[  4] 446.02-447.01 sec  63.6 KBytes   526 Kbits/sec   15    156 KBytes       
[  4] 447.01-448.27 sec  0.00 Bytes  0.00 bits/sec    0    154 KBytes       
[  4] 448.27-449.09 sec  0.00 Bytes  0.00 bits/sec    0    154 KBytes       
[  4] 449.09-450.01 sec  0.00 Bytes  0.00 bits/sec    0    151 KBytes       
[  4] 450.01-451.01 sec  0.00 Bytes  0.00 bits/sec    0    141 KBytes       
[  4] 451.01-452.01 sec  0.00 Bytes  0.00 bits/sec    5    141 KBytes       
[  4] 452.01-453.02 sec  0.00 Bytes  0.00 bits/sec    0    141 KBytes       
[  4] 453.02-454.01 sec   318 KBytes  2.61 Mbits/sec    0    132 KBytes       
[  4] 454.01-455.04 sec  63.6 KBytes   510 Kbits/sec    0    124 KBytes       
[  4] 455.04-456.07 sec  0.00 Bytes  0.00 bits/sec    0    122 KBytes       
[  4] 456.07-457.03 sec  0.00 Bytes  0.00 bits/sec    0    122 KBytes       
[  4] 457.03-458.02 sec  63.6 KBytes   528 Kbits/sec    0    103 KBytes       
[  4] 458.02-459.02 sec  63.6 KBytes   521 Kbits/sec    0    103 KBytes       
[  4] 459.02-460.02 sec  0.00 Bytes  0.00 bits/sec    0    106 KBytes       
[  4] 460.02-461.03 sec  0.00 Bytes  0.00 bits/sec    0    106 KBytes       
[  4] 461.03-462.02 sec  0.00 Bytes  0.00 bits/sec    0    106 KBytes       
[  4] 462.02-463.03 sec   127 KBytes  1.03 Mbits/sec    0    116 KBytes       
[  4] 463.03-464.04 sec  0.00 Bytes  0.00 bits/sec    0    117 KBytes       
[  4] 464.04-465.02 sec  0.00 Bytes  0.00 bits/sec    0    117 KBytes       
[  4] 465.02-466.02 sec  0.00 Bytes  0.00 bits/sec    0    124 KBytes       
[  4] 466.02-467.02 sec  0.00 Bytes  0.00 bits/sec    0    126 KBytes       
[  4] 467.02-468.04 sec  0.00 Bytes  0.00 bits/sec    4    117 KBytes       
[  4] 468.04-469.03 sec  0.00 Bytes  0.00 bits/sec   13   89.1 KBytes       
[  4] 469.03-470.02 sec  0.00 Bytes  0.00 bits/sec    0   89.1 KBytes       
[  4] 470.02-471.07 sec  0.00 Bytes  0.00 bits/sec    0   89.1 KBytes       
[  4] 471.07-472.03 sec  0.00 Bytes  0.00 bits/sec    0   89.1 KBytes       
[  4] 472.03-473.04 sec  0.00 Bytes  0.00 bits/sec    0   89.1 KBytes       
[  4] 473.04-474.02 sec  0.00 Bytes  0.00 bits/sec    0   89.1 KBytes       
[  4] 474.02-475.04 sec   127 KBytes  1.03 Mbits/sec    2   89.1 KBytes       
[  4] 475.04-476.02 sec  0.00 Bytes  0.00 bits/sec    0   89.1 KBytes       
[  4] 476.02-477.07 sec  0.00 Bytes  0.00 bits/sec    0   89.1 KBytes       
[  4] 477.07-478.04 sec  0.00 Bytes  0.00 bits/sec    0   89.1 KBytes       
[  4] 478.04-479.12 sec  0.00 Bytes  0.00 bits/sec    0   89.1 KBytes       
[  4] 479.12-480.03 sec  0.00 Bytes  0.00 bits/sec    0   89.1 KBytes       
[  4] 480.03-482.13 sec  0.00 Bytes  0.00 bits/sec    0   89.1 KBytes       
[  4] 482.13-482.13 sec  0.00 Bytes  0.00 bits/sec    0   89.1 KBytes       
[  4] 482.13-483.03 sec   127 KBytes  1.15 Mbits/sec    0   96.2 KBytes       
[  4] 483.03-484.07 sec  0.00 Bytes  0.00 bits/sec    0   99.0 KBytes       
[  4] 484.07-485.17 sec  0.00 Bytes  0.00 bits/sec    0   99.0 KBytes       
[  4] 485.17-486.03 sec  0.00 Bytes  0.00 bits/sec    0    103 KBytes       
[  4] 486.03-487.03 sec  0.00 Bytes  0.00 bits/sec    0    105 KBytes       
[  4] 487.03-488.02 sec  0.00 Bytes  0.00 bits/sec    0    105 KBytes       
[  4] 488.02-489.03 sec  0.00 Bytes  0.00 bits/sec    0    105 KBytes       
[  4] 489.03-490.03 sec  63.6 KBytes   518 Kbits/sec    0    120 KBytes       
[  4] 490.03-491.03 sec  0.00 Bytes  0.00 bits/sec    0    134 KBytes       
[  4] 491.03-492.03 sec  63.6 KBytes   519 Kbits/sec    0    139 KBytes       
[  4] 492.03-493.18 sec  0.00 Bytes  0.00 bits/sec    0    139 KBytes       
[  4] 493.18-494.03 sec  0.00 Bytes  0.00 bits/sec    0    139 KBytes       
[  4] 494.03-495.03 sec  0.00 Bytes  0.00 bits/sec    0    139 KBytes       
[  4] 495.03-496.13 sec  0.00 Bytes  0.00 bits/sec    0    144 KBytes       
[  4] 496.13-497.03 sec  63.6 KBytes   580 Kbits/sec    0    194 KBytes       
[  4] 497.03-498.02 sec  0.00 Bytes  0.00 bits/sec    0    194 KBytes       
[  4] 498.02-499.03 sec  0.00 Bytes  0.00 bits/sec    0    194 KBytes       
[  4] 499.03-500.02 sec  63.6 KBytes   521 Kbits/sec    0    223 KBytes       
[  4] 500.02-501.03 sec  63.6 KBytes   520 Kbits/sec    0    229 KBytes       
[  4] 501.03-502.03 sec   191 KBytes  1.56 Mbits/sec    0    266 KBytes       
[  4] 502.03-503.03 sec  0.00 Bytes  0.00 bits/sec    0    266 KBytes       
[  4] 503.03-504.02 sec  0.00 Bytes  0.00 bits/sec    0    266 KBytes       
[  4] 504.02-505.33 sec  0.00 Bytes  0.00 bits/sec    0    266 KBytes       
[  4] 505.33-506.03 sec  0.00 Bytes  0.00 bits/sec    0    280 KBytes       
[  4] 506.03-507.13 sec  63.6 KBytes   473 Kbits/sec    0    301 KBytes       
[  4] 507.13-508.33 sec  0.00 Bytes  0.00 bits/sec   12    276 KBytes       
[  4] 508.33-509.03 sec  0.00 Bytes  0.00 bits/sec    0    267 KBytes       
[  4] 509.03-510.08 sec  0.00 Bytes  0.00 bits/sec   32    211 KBytes       
[  4] 510.08-511.03 sec  0.00 Bytes  0.00 bits/sec    0    211 KBytes       
[  4] 511.03-512.03 sec  0.00 Bytes  0.00 bits/sec   32    211 KBytes       
[  4] 512.03-513.03 sec  0.00 Bytes  0.00 bits/sec    0    211 KBytes       
[  4] 513.03-514.03 sec  63.6 KBytes   519 Kbits/sec    0    211 KBytes       
[  4] 514.03-515.13 sec  0.00 Bytes  0.00 bits/sec    0    211 KBytes       
[  4] 515.13-516.03 sec  0.00 Bytes  0.00 bits/sec    0    211 KBytes       
[  4] 516.03-518.39 sec  0.00 Bytes  0.00 bits/sec    0    211 KBytes       
[  4] 518.39-518.39 sec  0.00 Bytes  0.00 bits/sec    0    211 KBytes       
[  4] 518.39-519.03 sec  0.00 Bytes  0.00 bits/sec    0    211 KBytes       
[  4] 519.03-520.08 sec  0.00 Bytes  0.00 bits/sec    0    211 KBytes       
[  4] 520.08-521.08 sec  0.00 Bytes  0.00 bits/sec    0    211 KBytes       
[  4] 521.08-522.18 sec  0.00 Bytes  0.00 bits/sec    0    211 KBytes       
[  4] 522.18-524.03 sec  0.00 Bytes  0.00 bits/sec    1   1.41 KBytes       
[  4] 524.03-524.03 sec  0.00 Bytes  0.00 bits/sec    0   1.41 KBytes       
[  4] 524.03-525.28 sec  0.00 Bytes  0.00 bits/sec    0   1.41 KBytes       
[  4] 525.28-526.03 sec  63.6 KBytes   698 Kbits/sec   11   9.90 KBytes       
[  4] 526.03-527.03 sec   127 KBytes  1.04 Mbits/sec    0   9.90 KBytes       
[  4] 527.03-528.03 sec  0.00 Bytes  0.00 bits/sec   15   21.2 KBytes       
[  4] 528.03-529.03 sec  0.00 Bytes  0.00 bits/sec    0   21.2 KBytes       
[  4] 529.03-530.03 sec  0.00 Bytes  0.00 bits/sec    0   21.2 KBytes       
[  4] 530.03-531.33 sec  0.00 Bytes  0.00 bits/sec    0   21.2 KBytes       
[  4] 531.33-532.53 sec  0.00 Bytes  0.00 bits/sec    0   21.2 KBytes       
[  4] 532.53-533.02 sec  0.00 Bytes  0.00 bits/sec    0   21.2 KBytes       
[  4] 533.02-534.23 sec  0.00 Bytes  0.00 bits/sec    0   21.2 KBytes       
[  4] 534.23-535.07 sec  0.00 Bytes  0.00 bits/sec    0   21.2 KBytes       
[  4] 535.07-536.09 sec   191 KBytes  1.54 Mbits/sec    6    264 KBytes       
[  4] 536.09-557.83 sec  0.00 Bytes  0.00 bits/sec    0    264 KBytes       
[  4] 557.83-557.83 sec  0.00 Bytes  0.00 bits/sec    0    264 KBytes       
[  4] 557.83-557.83 sec  0.00 Bytes  0.00 bits/sec    0    264 KBytes       
[  4] 557.83-557.83 sec  0.00 Bytes  0.00 bits/sec    0    264 KBytes       
[  4] 557.83-557.83 sec  0.00 Bytes  0.00 bits/sec    0    264 KBytes       
[  4] 557.83-557.83 sec  0.00 Bytes  0.00 bits/sec    0    264 KBytes       
[  4] 557.83-557.83 sec  0.00 Bytes  0.00 bits/sec    0    264 KBytes       
[  4] 557.83-557.83 sec  0.00 Bytes  0.00 bits/sec    0    264 KBytes       
[  4] 557.83-557.83 sec  0.00 Bytes  0.00 bits/sec    0    264 KBytes       
[  4] 557.83-557.83 sec  0.00 Bytes  0.00 bits/sec    0    264 KBytes       
[  4] 557.83-557.83 sec  0.00 Bytes  0.00 bits/sec    0    264 KBytes       
[  4] 557.83-557.83 sec  0.00 Bytes  0.00 bits/sec    0    264 KBytes       
[  4] 557.83-557.83 sec  0.00 Bytes  0.00 bits/sec    0    264 KBytes       
[  4] 557.83-557.83 sec  0.00 Bytes  0.00 bits/sec    0    264 KBytes       
[  4] 557.83-557.83 sec  0.00 Bytes  0.00 bits/sec    0    264 KBytes       
[  4] 557.83-557.83 sec  0.00 Bytes  0.00 bits/sec    0    264 KBytes       
[  4] 557.83-557.83 sec  0.00 Bytes  0.00 bits/sec    0    264 KBytes       
[  4] 557.83-557.83 sec  0.00 Bytes  0.00 bits/sec    0    264 KBytes       
[  4] 557.83-557.83 sec  0.00 Bytes  0.00 bits/sec    0    264 KBytes       
[  4] 557.83-557.83 sec  0.00 Bytes  0.00 bits/sec    0    264 KBytes       
[  4] 557.83-557.83 sec  0.00 Bytes  0.00 bits/sec    0    264 KBytes       
[  4] 557.83-558.03 sec  0.00 Bytes  0.00 bits/sec    0    264 KBytes       
[  4] 558.03-559.24 sec  0.00 Bytes  0.00 bits/sec    0    264 KBytes       
[  4] 559.24-560.58 sec  0.00 Bytes  0.00 bits/sec    0    264 KBytes       
[  4] 560.58-561.08 sec   318 KBytes  5.25 Mbits/sec    0    414 KBytes       
[  4] 561.08-562.03 sec  0.00 Bytes  0.00 bits/sec    0    414 KBytes       
[  4] 562.03-563.08 sec   127 KBytes   986 Kbits/sec    0    532 KBytes       
[  4] 563.08-564.03 sec   127 KBytes  1.11 Mbits/sec    0    622 KBytes       
[  4] 564.03-565.03 sec   191 KBytes  1.56 Mbits/sec    0    723 KBytes       
[  4] 565.03-566.03 sec   328 KBytes  2.69 Mbits/sec    0    925 KBytes       
[  4] 566.03-567.03 sec  0.00 Bytes  0.00 bits/sec    0    929 KBytes       
[  4] 567.03-568.03 sec   194 KBytes  1.59 Mbits/sec    0   1.02 MBytes       
[  4] 568.03-569.03 sec   457 KBytes  3.74 Mbits/sec    0   1.22 MBytes       
[  4] 569.03-570.03 sec   266 KBytes  2.18 Mbits/sec    0   1.36 MBytes       
[  4] 570.03-571.03 sec  0.00 Bytes  0.00 bits/sec    0   1.36 MBytes       
[  4] 571.03-572.08 sec  0.00 Bytes  0.00 bits/sec    0   1.36 MBytes       
[  4] 572.08-573.03 sec  0.00 Bytes  0.00 bits/sec    0   1.36 MBytes       
[  4] 573.03-574.03 sec   202 KBytes  1.66 Mbits/sec    0   1.36 MBytes       
[  4] 574.03-575.03 sec   457 KBytes  3.74 Mbits/sec    0   1.36 MBytes       
[  4] 575.03-576.09 sec   205 KBytes  1.58 Mbits/sec    0   1.36 MBytes       
[  4] 576.09-578.38 sec  0.00 Bytes  0.00 bits/sec    0   1.36 MBytes       
[  4] 578.38-578.38 sec  0.00 Bytes  0.00 bits/sec    0   1.36 MBytes       
[  4] 578.38-579.03 sec  74.9 KBytes   953 Kbits/sec    0   1.36 MBytes       
[  4] 579.03-580.03 sec  0.00 Bytes  0.00 bits/sec    0   1.36 MBytes       
[  4] 580.03-581.03 sec  0.00 Bytes  0.00 bits/sec    0   1.36 MBytes       
[  4] 581.03-582.03 sec  0.00 Bytes  0.00 bits/sec    0   1.36 MBytes       
[  4] 582.03-583.03 sec  0.00 Bytes  0.00 bits/sec    0   1.36 MBytes       
[  4] 583.03-584.08 sec  0.00 Bytes  0.00 bits/sec    0   1.36 MBytes       
[  4] 584.08-585.08 sec  0.00 Bytes  0.00 bits/sec    0   1.36 MBytes       
[  4] 585.08-586.03 sec  6.25 MBytes  55.0 Mbits/sec  145    877 KBytes       
[  4] 586.03-586.03 sec  0.00 Bytes  0.00 bits/sec    0    877 KBytes       
- - - - - - - - - - - - - - - - - - - - - - - - -
[ ID] Interval           Transfer     Bandwidth       Retr
[  4]   0.00-586.03 sec  25.1 MBytes   360 Kbits/sec  858             sender
[  4]   0.00-586.03 sec  17.8 MBytes   254 Kbits/sec                  receiver

iperf Done.
