-----------------------------------------------------------
Server listening on 5202
-----------------------------------------------------------
Accepted connection from 10.0.0.1, port 53238
[  5] local 10.0.0.2 port 5202 connected to 10.0.0.1 port 46112
[ ID] Interval           Transfer     Bandwidth
[  5]   0.00-1.00   sec  0.00 Bytes  0.00 bits/sec                  
[  5]   1.00-2.00   sec  0.00 Bytes  0.00 bits/sec                  
[  5]   2.00-3.00   sec  14.1 KBytes   116 Kbits/sec                  
[  5]   3.00-4.00   sec  0.00 Bytes  0.00 bits/sec                  
[  5]   4.00-5.01   sec  28.3 KBytes   229 Kbits/sec                  
[  5]   5.01-6.00   sec  0.00 Bytes  0.00 bits/sec                  
[  5]   6.00-7.00   sec  25.5 KBytes   209 Kbits/sec                  
[  5]   7.00-8.02   sec  0.00 Bytes  0.00 bits/sec                  
[  5]   8.02-9.00   sec  0.00 Bytes  0.00 bits/sec                  
[  5]   9.00-10.01  sec  70.7 KBytes   573 Kbits/sec                  
[  5]  10.01-11.00  sec  2.83 KBytes  23.4 Kbits/sec                  
[  5]  11.00-12.00  sec  42.4 KBytes   347 Kbits/sec                  
[  5]  12.00-13.00  sec  1.41 KBytes  11.6 Kbits/sec                  
[  5]  13.00-14.00  sec  48.1 KBytes   393 Kbits/sec                  
[  5]  14.00-15.01  sec  1.41 KBytes  11.5 Kbits/sec                  
[  5]  15.01-16.01  sec  52.3 KBytes   427 Kbits/sec                  
[  5]  16.01-17.00  sec  2.83 KBytes  23.5 Kbits/sec                  
[  5]  17.00-18.00  sec  72.1 KBytes   591 Kbits/sec                  
[  5]  18.00-19.03  sec  39.6 KBytes   315 Kbits/sec                  
[  5]  19.03-20.00  sec  72.1 KBytes   608 Kbits/sec                  
[  5]  20.00-21.00  sec   110 KBytes   904 Kbits/sec                  
[  5]  21.00-22.00  sec  66.5 KBytes   545 Kbits/sec                  
[  5]  22.00-23.00  sec  80.6 KBytes   660 Kbits/sec                  
[  5]  23.00-24.00  sec   120 KBytes   985 Kbits/sec                  
[  5]  24.00-25.00  sec  0.00 Bytes  0.00 bits/sec                  
[  5]  25.00-26.01  sec  9.90 KBytes  80.5 Kbits/sec                  
[  5]  26.01-27.00  sec   283 KBytes  2.33 Mbits/sec                  
[  5]  27.00-28.00  sec  33.9 KBytes   278 Kbits/sec                  
[  5]  28.00-29.00  sec   407 KBytes  3.33 Mbits/sec                  
[  5]  29.00-30.00  sec  14.1 KBytes   116 Kbits/sec                  
[  5]  30.00-31.00  sec   257 KBytes  2.11 Mbits/sec                  
[  5]  31.00-32.00  sec  17.0 KBytes   139 Kbits/sec                  
[  5]  32.00-33.02  sec   158 KBytes  1.27 Mbits/sec                  
[  5]  33.02-34.00  sec  0.00 Bytes  0.00 bits/sec                  
[  5]  34.00-35.00  sec  0.00 Bytes  0.00 bits/sec                  
[  5]  35.00-36.00  sec   342 KBytes  2.80 Mbits/sec                  
[  5]  36.00-37.00  sec   214 KBytes  1.75 Mbits/sec                  
[  5]  37.00-38.00  sec  9.90 KBytes  81.2 Kbits/sec                  
[  5]  38.00-39.00  sec   240 KBytes  1.97 Mbits/sec                  
[  5]  39.00-40.00  sec  9.90 KBytes  81.0 Kbits/sec                  
[  5]  40.00-41.03  sec   198 KBytes  1.57 Mbits/sec                  
[  5]  41.03-42.02  sec  58.0 KBytes   481 Kbits/sec                  
[  5]  42.02-43.00  sec  0.00 Bytes  0.00 bits/sec                  
[  5]  43.00-44.00  sec  0.00 Bytes  0.00 bits/sec                  
[  5]  44.00-45.00  sec  43.8 KBytes   359 Kbits/sec                  
[  5]  45.00-46.00  sec   370 KBytes  3.03 Mbits/sec                  
[  5]  46.00-47.03  sec  5.66 KBytes  45.1 Kbits/sec                  
[  5]  47.03-48.00  sec   132 KBytes  1.11 Mbits/sec                  
[  5]  48.00-49.00  sec  70.7 KBytes   580 Kbits/sec                  
[  5]  49.00-50.00  sec  2.83 KBytes  23.2 Kbits/sec                  
[  5]  50.00-51.00  sec  11.3 KBytes  92.6 Kbits/sec                  
[  5]  51.00-52.03  sec  0.00 Bytes  0.00 bits/sec                  
[  5]  52.03-53.00  sec  0.00 Bytes  0.00 bits/sec                  
[  5]  53.00-54.00  sec  0.00 Bytes  0.00 bits/sec                  
[  5]  54.00-55.00  sec   383 KBytes  3.13 Mbits/sec                  
[  5]  55.00-56.00  sec  7.07 KBytes  57.9 Kbits/sec                  
[  5]  56.00-57.00  sec  4.24 KBytes  34.8 Kbits/sec                  
[  5]  57.00-58.00  sec  2.83 KBytes  23.2 Kbits/sec                  
[  5]  58.00-59.00  sec  31.1 KBytes   255 Kbits/sec                  
[  5]  59.00-60.03  sec   143 KBytes  1.14 Mbits/sec                  
[  5]  60.03-61.00  sec  8.48 KBytes  71.5 Kbits/sec                  
[  5]  61.00-62.04  sec  26.9 KBytes   213 Kbits/sec                  
[  5]  62.04-63.00  sec   157 KBytes  1.33 Mbits/sec                  
[  5]  63.00-64.00  sec  22.6 KBytes   186 Kbits/sec                  
[  5]  64.00-65.00  sec  19.8 KBytes   162 Kbits/sec                  
[  5]  65.00-66.00  sec  62.2 KBytes   510 Kbits/sec                  
[  5]  66.00-67.04  sec  0.00 Bytes  0.00 bits/sec                  
[  5]  67.04-68.04  sec  0.00 Bytes  0.00 bits/sec                  
[  5]  68.04-69.00  sec  0.00 Bytes  0.00 bits/sec                  
[  5]  69.00-70.00  sec  0.00 Bytes  0.00 bits/sec                  
[  5]  70.00-71.00  sec  0.00 Bytes  0.00 bits/sec                  
[  5]  71.00-72.00  sec  0.00 Bytes  0.00 bits/sec                  
[  5]  72.00-73.00  sec  0.00 Bytes  0.00 bits/sec                  
[  5]  73.00-74.00  sec  0.00 Bytes  0.00 bits/sec                  
[  5]  74.00-75.00  sec  0.00 Bytes  0.00 bits/sec                  
[  5]  75.00-76.00  sec   551 KBytes  4.52 Mbits/sec                  
[  5]  76.00-77.00  sec  9.90 KBytes  81.1 Kbits/sec                  
[  5]  77.00-78.00  sec  7.07 KBytes  57.8 Kbits/sec                  
[  5]  78.00-79.00  sec  39.6 KBytes   325 Kbits/sec                  
[  5]  79.00-80.00  sec  97.6 KBytes   799 Kbits/sec                  
[  5]  80.00-81.00  sec  48.1 KBytes   394 Kbits/sec                  
[  5]  81.00-82.00  sec  0.00 Bytes  0.00 bits/sec                  
[  5]  82.00-83.00  sec  5.66 KBytes  46.3 Kbits/sec                  
[  5]  83.00-84.00  sec  31.1 KBytes   255 Kbits/sec                  
[  5]  84.00-85.00  sec  4.24 KBytes  34.8 Kbits/sec                  
[  5]  85.00-86.00  sec  0.00 Bytes  0.00 bits/sec                  
[  5]  86.00-87.00  sec  0.00 Bytes  0.00 bits/sec                  
[  5]  87.00-88.00  sec  0.00 Bytes  0.00 bits/sec                  
[  5]  88.00-89.00  sec  0.00 Bytes  0.00 bits/sec                  
[  5]  89.00-90.00  sec  0.00 Bytes  0.00 bits/sec                  
[  5]  90.00-91.00  sec   126 KBytes  1.03 Mbits/sec                  
[  5]  91.00-92.00  sec  45.2 KBytes   370 Kbits/sec                  
[  5]  92.00-93.00  sec  0.00 Bytes  0.00 bits/sec                  
[  5]  93.00-94.00  sec  25.5 KBytes   208 Kbits/sec                  
[  5]  94.00-95.00  sec   154 KBytes  1.26 Mbits/sec                  
[  5]  95.00-96.00  sec  2.83 KBytes  23.2 Kbits/sec                  
[  5]  96.00-97.00  sec  1.41 KBytes  11.6 Kbits/sec                  
[  5]  97.00-98.00  sec  49.5 KBytes   405 Kbits/sec                  
[  5]  98.00-99.00  sec  26.9 KBytes   220 Kbits/sec                  
[  5]  99.00-100.00 sec  4.24 KBytes  34.7 Kbits/sec                  
[  5] 100.00-101.00 sec  2.83 KBytes  23.2 Kbits/sec                  
[  5] 101.00-102.00 sec  17.0 KBytes   139 Kbits/sec                  
[  5] 102.00-103.00 sec  59.4 KBytes   487 Kbits/sec                  
[  5] 103.00-104.00 sec  11.3 KBytes  92.6 Kbits/sec                  
[  5] 104.00-105.00 sec  2.83 KBytes  23.2 Kbits/sec                  
[  5] 105.00-106.00 sec  1.41 KBytes  11.6 Kbits/sec                  
[  5] 106.00-107.00 sec  22.6 KBytes   186 Kbits/sec                  
[  5] 107.00-108.00 sec  33.9 KBytes   278 Kbits/sec                  
[  5] 108.00-109.00 sec  0.00 Bytes  0.00 bits/sec                  
[  5] 109.00-110.00 sec  0.00 Bytes  0.00 bits/sec                  
[  5] 110.00-111.00 sec  0.00 Bytes  0.00 bits/sec                  
[  5] 111.00-112.00 sec  0.00 Bytes  0.00 bits/sec                  
[  5] 112.00-113.04 sec  2.83 KBytes  22.3 Kbits/sec                  
[  5] 113.04-114.00 sec  0.00 Bytes  0.00 bits/sec                  
[  5] 114.00-115.00 sec  0.00 Bytes  0.00 bits/sec                  
[  5] 115.00-116.00 sec  0.00 Bytes  0.00 bits/sec                  
[  5] 116.00-117.00 sec  0.00 Bytes  0.00 bits/sec                  
[  5] 117.00-118.00 sec   233 KBytes  1.91 Mbits/sec                  
[  5] 118.00-119.00 sec  2.83 KBytes  23.2 Kbits/sec                  
[  5] 119.00-120.00 sec  0.00 Bytes  0.00 bits/sec                  
[  5] 120.00-121.00 sec  22.6 KBytes   185 Kbits/sec                  
[  5] 121.00-122.00 sec  67.9 KBytes   557 Kbits/sec                  
[  5] 122.00-123.00 sec  17.0 KBytes   139 Kbits/sec                  
[  5] 123.00-124.00 sec  0.00 Bytes  0.00 bits/sec                  
[  5] 124.00-125.00 sec  79.2 KBytes   649 Kbits/sec                  
[  5] 125.00-126.00 sec  55.1 KBytes   452 Kbits/sec                  
[  5] 126.00-127.00 sec  0.00 Bytes  0.00 bits/sec                  
[  5] 127.00-128.05 sec  42.4 KBytes   332 Kbits/sec                  
[  5] 128.05-129.00 sec   119 KBytes  1.02 Mbits/sec                  
[  5] 129.00-130.00 sec  19.8 KBytes   162 Kbits/sec                  
[  5] 130.00-131.00 sec  0.00 Bytes  0.00 bits/sec                  
[  5] 131.00-132.00 sec  0.00 Bytes  0.00 bits/sec                  
[  5] 132.00-133.00 sec   116 KBytes   950 Kbits/sec                  
[  5] 133.00-134.00 sec   143 KBytes  1.17 Mbits/sec                  
[  5] 134.00-135.00 sec  11.3 KBytes  92.7 Kbits/sec                  
[  5] 135.00-136.00 sec  0.00 Bytes  0.00 bits/sec                  
[  5] 136.00-137.00 sec  0.00 Bytes  0.00 bits/sec                  
[  5] 137.00-138.00 sec  52.3 KBytes   429 Kbits/sec                  
[  5] 138.00-139.00 sec  31.1 KBytes   254 Kbits/sec                  
[  5] 139.00-140.00 sec  0.00 Bytes  0.00 bits/sec                  
[  5] 140.00-141.00 sec  0.00 Bytes  0.00 bits/sec                  
[  5] 141.00-142.00 sec  0.00 Bytes  0.00 bits/sec                  
[  5] 142.00-143.00 sec  0.00 Bytes  0.00 bits/sec                  
[  5] 143.00-144.00 sec   191 KBytes  1.57 Mbits/sec                  
[  5] 144.00-145.01 sec  93.3 KBytes   761 Kbits/sec                  
[  5] 145.01-146.00 sec   204 KBytes  1.68 Mbits/sec                  
[  5] 146.00-147.00 sec  0.00 Bytes  0.00 bits/sec                  
[  5] 147.00-148.00 sec  79.2 KBytes   647 Kbits/sec                  
[  5] 148.00-149.00 sec  80.6 KBytes   662 Kbits/sec                  
[  5] 149.00-150.00 sec  0.00 Bytes  0.00 bits/sec                  
[  5] 150.00-151.01 sec  0.00 Bytes  0.00 bits/sec                  
[  5] 151.01-152.00 sec  0.00 Bytes  0.00 bits/sec                  
[  5] 152.00-153.00 sec  0.00 Bytes  0.00 bits/sec                  
[  5] 153.00-154.00 sec   137 KBytes  1.12 Mbits/sec                  
[  5] 154.00-155.00 sec  2.83 KBytes  23.2 Kbits/sec                  
[  5] 155.00-156.00 sec   130 KBytes  1.07 Mbits/sec                  
[  5] 156.00-157.00 sec   369 KBytes  3.01 Mbits/sec                  
[  5] 157.00-158.01 sec  21.2 KBytes   173 Kbits/sec                  
[  5] 158.01-159.00 sec  4.24 KBytes  34.9 Kbits/sec                  
[  5] 159.00-160.00 sec   235 KBytes  1.92 Mbits/sec                  
[  5] 160.00-161.00 sec  26.9 KBytes   220 Kbits/sec                  
[  5] 161.00-162.00 sec  5.66 KBytes  46.3 Kbits/sec                  
[  5] 162.00-163.00 sec   263 KBytes  2.16 Mbits/sec                  
[  5] 163.00-164.13 sec  28.3 KBytes   205 Kbits/sec                  
[  5] 164.13-165.00 sec   177 KBytes  1.67 Mbits/sec                  
[  5] 165.00-166.00 sec   120 KBytes   982 Kbits/sec                  
[  5] 166.00-167.04 sec   102 KBytes   804 Kbits/sec                  
[  5] 167.04-168.04 sec   256 KBytes  2.10 Mbits/sec                  
[  5] 168.04-169.00 sec  14.1 KBytes   121 Kbits/sec                  
[  5] 169.00-170.00 sec  91.9 KBytes   752 Kbits/sec                  
[  5] 170.00-171.00 sec   223 KBytes  1.83 Mbits/sec                  
[  5] 171.00-172.00 sec  0.00 Bytes  0.00 bits/sec                  
[  5] 172.00-173.00 sec  0.00 Bytes  0.00 bits/sec                  
[  5] 173.00-174.00 sec  2.83 KBytes  23.2 Kbits/sec                  
[  5] 174.00-175.00 sec  0.00 Bytes  0.00 bits/sec                  
[  5] 175.00-176.00 sec  0.00 Bytes  0.00 bits/sec                  
[  5] 176.00-177.03 sec  0.00 Bytes  0.00 bits/sec                  
[  5] 177.03-178.00 sec  76.4 KBytes   643 Kbits/sec                  
[  5] 178.00-179.00 sec  0.00 Bytes  0.00 bits/sec                  
[  5] 179.00-180.00 sec  11.3 KBytes  92.7 Kbits/sec                  
[  5] 180.00-181.04 sec  0.00 Bytes  0.00 bits/sec                  
[  5] 181.04-182.00 sec  0.00 Bytes  0.00 bits/sec                  
[  5] 182.00-183.00 sec  1.04 MBytes  8.73 Mbits/sec                  
[  5] 183.00-184.00 sec   107 KBytes   883 Kbits/sec                  
[  5] 184.00-185.00 sec   175 KBytes  1.44 Mbits/sec                  
[  5] 185.00-186.00 sec   116 KBytes   951 Kbits/sec                  
[  5] 186.00-187.00 sec   512 KBytes  4.19 Mbits/sec                  
[  5] 187.00-188.03 sec   103 KBytes   822 Kbits/sec                  
[  5] 188.03-189.03 sec   287 KBytes  2.35 Mbits/sec                  
[  5] 189.03-190.00 sec  67.9 KBytes   573 Kbits/sec                  
[  5] 190.00-191.00 sec   242 KBytes  1.98 Mbits/sec                  
[  5] 191.00-192.00 sec  74.9 KBytes   615 Kbits/sec                  
[  5] 192.00-193.04 sec  86.3 KBytes   682 Kbits/sec                  
[  5] 193.04-194.00 sec   204 KBytes  1.73 Mbits/sec                  
[  5] 194.00-195.00 sec  90.5 KBytes   742 Kbits/sec                  
[  5] 195.00-196.00 sec  56.6 KBytes   463 Kbits/sec                  
[  5] 196.00-197.00 sec  35.4 KBytes   290 Kbits/sec                  
[  5] 197.00-198.00 sec  0.00 Bytes  0.00 bits/sec                  
[  5] 198.00-199.03 sec  0.00 Bytes  0.00 bits/sec                  
[  5] 199.03-200.00 sec   236 KBytes  1.99 Mbits/sec                  
[  5] 200.00-201.00 sec   303 KBytes  2.48 Mbits/sec                  
[  5] 201.00-202.00 sec  9.90 KBytes  81.0 Kbits/sec                  
[  5] 202.00-203.04 sec  0.00 Bytes  0.00 bits/sec                  
[  5] 203.04-204.04 sec  0.00 Bytes  0.00 bits/sec                  
[  5] 204.04-205.00 sec  25.5 KBytes   215 Kbits/sec                  
[  5] 205.00-206.00 sec   253 KBytes  2.08 Mbits/sec                  
[  5] 206.00-207.00 sec  0.00 Bytes  0.00 bits/sec                  
[  5] 207.00-208.00 sec  31.1 KBytes   255 Kbits/sec                  
[  5] 208.00-209.00 sec  36.8 KBytes   301 Kbits/sec                  
[  5] 209.00-210.00 sec   119 KBytes   975 Kbits/sec                  
[  5] 210.00-211.00 sec  0.00 Bytes  0.00 bits/sec                  
[  5] 211.00-212.00 sec   204 KBytes  1.67 Mbits/sec                  
[  5] 212.00-213.00 sec  31.1 KBytes   255 Kbits/sec                  
[  5] 213.00-214.00 sec  25.5 KBytes   208 Kbits/sec                  
[  5] 214.00-215.00 sec  80.6 KBytes   660 Kbits/sec                  
[  5] 215.00-216.00 sec  4.24 KBytes  34.8 Kbits/sec                  
[  5] 216.00-217.00 sec  36.8 KBytes   301 Kbits/sec                  
[  5] 217.00-218.00 sec  31.1 KBytes   255 Kbits/sec                  
[  5] 218.00-219.00 sec  28.3 KBytes   232 Kbits/sec                  
[  5] 219.00-220.00 sec  69.3 KBytes   567 Kbits/sec                  
[  5] 220.00-221.00 sec  42.4 KBytes   347 Kbits/sec                  
[  5] 221.00-222.00 sec  32.5 KBytes   267 Kbits/sec                  
[  5] 222.00-223.00 sec  9.90 KBytes  81.1 Kbits/sec                  
[  5] 223.00-224.00 sec  79.2 KBytes   649 Kbits/sec                  
[  5] 224.00-225.05 sec  52.3 KBytes   409 Kbits/sec                  
[  5] 225.05-226.00 sec  25.5 KBytes   219 Kbits/sec                  
[  5] 226.00-227.10 sec  36.8 KBytes   274 Kbits/sec                  
[  5] 227.10-228.00 sec  55.1 KBytes   500 Kbits/sec                  
[  5] 228.00-229.00 sec  8.48 KBytes  69.7 Kbits/sec                  
[  5] 229.00-230.10 sec  0.00 Bytes  0.00 bits/sec                  
[  5] 230.10-231.00 sec  0.00 Bytes  0.00 bits/sec                  
[  5] 231.00-232.00 sec  0.00 Bytes  0.00 bits/sec                  
[  5] 232.00-233.04 sec  0.00 Bytes  0.00 bits/sec                  
[  5] 233.04-234.00 sec  0.00 Bytes  0.00 bits/sec                  
[  5] 234.00-235.00 sec   187 KBytes  1.53 Mbits/sec                  
[  5] 235.00-236.00 sec  82.0 KBytes   671 Kbits/sec                  
[  5] 236.00-237.00 sec  0.00 Bytes  0.00 bits/sec                  
[  5] 237.00-238.00 sec  86.3 KBytes   705 Kbits/sec                  
[  5] 238.00-239.00 sec  9.90 KBytes  81.1 Kbits/sec                  
[  5] 239.00-240.00 sec  8.48 KBytes  69.5 Kbits/sec                  
[  5] 240.00-241.00 sec   250 KBytes  2.05 Mbits/sec                  
[  5] 241.00-242.00 sec  0.00 Bytes  0.00 bits/sec                  
[  5] 242.00-243.01 sec  0.00 Bytes  0.00 bits/sec                  
[  5] 243.01-244.00 sec  0.00 Bytes  0.00 bits/sec                  
[  5] 244.00-245.00 sec  0.00 Bytes  0.00 bits/sec                  
[  5] 245.00-246.01 sec  0.00 Bytes  0.00 bits/sec                  
[  5] 246.01-247.00 sec  59.4 KBytes   490 Kbits/sec                  
[  5] 247.00-248.01 sec   202 KBytes  1.65 Mbits/sec                  
[  5] 248.01-249.00 sec  0.00 Bytes  0.00 bits/sec                  
[  5] 249.00-250.00 sec  0.00 Bytes  0.00 bits/sec                  
[  5] 250.00-251.00 sec   206 KBytes  1.69 Mbits/sec                  
[  5] 251.00-252.00 sec  4.24 KBytes  34.7 Kbits/sec                  
[  5] 252.00-253.00 sec  66.5 KBytes   545 Kbits/sec                  
[  5] 253.00-254.00 sec  50.9 KBytes   416 Kbits/sec                  
[  5] 254.00-255.00 sec  0.00 Bytes  0.00 bits/sec                  
[  5] 255.00-256.00 sec  42.4 KBytes   347 Kbits/sec                  
[  5] 256.00-257.00 sec  79.2 KBytes   650 Kbits/sec                  
[  5] 257.00-258.00 sec  21.2 KBytes   174 Kbits/sec                  
[  5] 258.00-259.00 sec  14.1 KBytes   116 Kbits/sec                  
[  5] 259.00-260.00 sec  77.8 KBytes   637 Kbits/sec                  
[  5] 260.00-261.00 sec  53.7 KBytes   440 Kbits/sec                  
[  5] 261.00-262.00 sec  1.41 KBytes  11.6 Kbits/sec                  
[  5] 262.00-263.00 sec   103 KBytes   844 Kbits/sec                  
[  5] 263.00-264.00 sec  53.7 KBytes   441 Kbits/sec                  
[  5] 264.00-265.00 sec  1.41 KBytes  11.6 Kbits/sec                  
[  5] 265.00-266.04 sec  14.1 KBytes   112 Kbits/sec                  
[  5] 266.04-267.03 sec  2.83 KBytes  23.3 Kbits/sec                  
[  5] 267.03-268.00 sec  0.00 Bytes  0.00 bits/sec                  
[  5] 268.00-269.00 sec  0.00 Bytes  0.00 bits/sec                  
[  5] 269.00-270.00 sec  0.00 Bytes  0.00 bits/sec                  
[  5] 270.00-271.00 sec  0.00 Bytes  0.00 bits/sec                  
[  5] 271.00-272.00 sec  0.00 Bytes  0.00 bits/sec                  
[  5] 272.00-273.00 sec  25.5 KBytes   209 Kbits/sec                  
[  5] 273.00-274.00 sec  0.00 Bytes  0.00 bits/sec                  
[  5] 274.00-275.00 sec  0.00 Bytes  0.00 bits/sec                  
[  5] 275.00-276.00 sec  0.00 Bytes  0.00 bits/sec                  
[  5] 276.00-277.00 sec  0.00 Bytes  0.00 bits/sec                  
[  5] 277.00-278.00 sec  0.00 Bytes  0.00 bits/sec                  
[  5] 278.00-279.01 sec  0.00 Bytes  0.00 bits/sec                  
[  5] 279.01-280.04 sec   478 KBytes  3.82 Mbits/sec                  
[  5] 280.04-281.00 sec  87.7 KBytes   745 Kbits/sec                  
[  5] 281.00-282.01 sec  43.8 KBytes   357 Kbits/sec                  
[  5] 282.01-283.00 sec   105 KBytes   861 Kbits/sec                  
[  5] 283.00-284.01 sec  45.2 KBytes   368 Kbits/sec                  
[  5] 284.01-285.01 sec  73.5 KBytes   603 Kbits/sec                  
[  5] 285.01-286.00 sec  36.8 KBytes   303 Kbits/sec                  
[  5] 286.00-287.00 sec  55.1 KBytes   452 Kbits/sec                  
[  5] 287.00-288.00 sec  31.1 KBytes   254 Kbits/sec                  
[  5] 288.00-289.00 sec  5.66 KBytes  46.4 Kbits/sec                  
[  5] 289.00-290.00 sec  0.00 Bytes  0.00 bits/sec                  
[  5] 290.00-291.04 sec  0.00 Bytes  0.00 bits/sec                  
[  5] 291.04-292.00 sec  0.00 Bytes  0.00 bits/sec                  
[  5] 292.00-293.00 sec  0.00 Bytes  0.00 bits/sec                  
[  5] 293.00-294.03 sec  0.00 Bytes  0.00 bits/sec                  
[  5] 294.03-295.00 sec  0.00 Bytes  0.00 bits/sec                  
[  5] 295.00-296.00 sec   173 KBytes  1.41 Mbits/sec                  
[  5] 296.00-297.00 sec   132 KBytes  1.08 Mbits/sec                  
[  5] 297.00-298.00 sec  11.3 KBytes  92.7 Kbits/sec                  
[  5] 298.00-299.01 sec  22.6 KBytes   184 Kbits/sec                  
[  5] 299.01-300.00 sec  50.9 KBytes   421 Kbits/sec                  
[  5] 300.00-301.00 sec  62.2 KBytes   509 Kbits/sec                  
[  5] 301.00-302.00 sec  46.7 KBytes   382 Kbits/sec                  
[  5] 302.00-303.00 sec  38.2 KBytes   313 Kbits/sec                  
[  5] 303.00-304.00 sec  41.0 KBytes   336 Kbits/sec                  
[  5] 304.00-305.00 sec  8.48 KBytes  69.4 Kbits/sec                  
[  5] 305.00-306.00 sec  35.4 KBytes   290 Kbits/sec                  
[  5] 306.00-307.00 sec  5.66 KBytes  46.3 Kbits/sec                  
[  5] 307.00-308.04 sec  0.00 Bytes  0.00 bits/sec                  
[  5] 308.04-309.00 sec  0.00 Bytes  0.00 bits/sec                  
[  5] 309.00-310.04 sec  58.0 KBytes   459 Kbits/sec                  
[  5] 310.04-311.00 sec  0.00 Bytes  0.00 bits/sec                  
[  5] 311.00-312.00 sec  55.1 KBytes   452 Kbits/sec                  
[  5] 312.00-313.04 sec  90.5 KBytes   714 Kbits/sec                  
[  5] 313.04-314.04 sec  8.48 KBytes  69.7 Kbits/sec                  
[  5] 314.04-315.00 sec  43.8 KBytes   372 Kbits/sec                  
[  5] 315.00-316.00 sec  25.5 KBytes   209 Kbits/sec                  
[  5] 316.00-317.00 sec  8.48 KBytes  69.4 Kbits/sec                  
[  5] 317.00-318.00 sec  0.00 Bytes  0.00 bits/sec                  
[  5] 318.00-319.01 sec  0.00 Bytes  0.00 bits/sec                  
[  5] 319.01-320.00 sec  9.90 KBytes  81.5 Kbits/sec                  
[  5] 320.00-321.00 sec   113 KBytes   927 Kbits/sec                  
[  5] 321.00-322.00 sec  42.4 KBytes   348 Kbits/sec                  
[  5] 322.00-323.01 sec  9.90 KBytes  80.7 Kbits/sec                  
[  5] 323.01-324.00 sec  25.5 KBytes   209 Kbits/sec                  
[  5] 324.00-325.00 sec  24.0 KBytes   197 Kbits/sec                  
[  5] 325.00-326.00 sec  28.3 KBytes   232 Kbits/sec                  
[  5] 326.00-327.01 sec  5.66 KBytes  46.1 Kbits/sec                  
[  5] 327.01-328.00 sec  25.5 KBytes   210 Kbits/sec                  
[  5] 328.00-329.00 sec  18.4 KBytes   151 Kbits/sec                  
[  5] 329.00-330.00 sec  8.48 KBytes  69.5 Kbits/sec                  
[  5] 330.00-331.00 sec  33.9 KBytes   278 Kbits/sec                  
[  5] 331.00-332.00 sec  8.48 KBytes  69.5 Kbits/sec                  
[  5] 332.00-333.00 sec  38.2 KBytes   313 Kbits/sec                  
[  5] 333.00-334.00 sec  0.00 Bytes  0.00 bits/sec                  
[  5] 334.00-335.00 sec  0.00 Bytes  0.00 bits/sec                  
[  5] 335.00-336.00 sec  0.00 Bytes  0.00 bits/sec                  
[  5] 336.00-337.00 sec  0.00 Bytes  0.00 bits/sec                  
[  5] 337.00-338.05 sec  0.00 Bytes  0.00 bits/sec                  
[  5] 338.05-339.00 sec  21.2 KBytes   183 Kbits/sec                  
[  5] 339.00-340.00 sec  21.2 KBytes   173 Kbits/sec                  
[  5] 340.00-341.00 sec  52.3 KBytes   430 Kbits/sec                  
[  5] 341.00-342.00 sec  0.00 Bytes  0.00 bits/sec                  
[  5] 342.00-343.00 sec   148 KBytes  1.22 Mbits/sec                  
[  5] 343.00-344.00 sec  15.6 KBytes   127 Kbits/sec                  
[  5] 344.00-345.00 sec  15.6 KBytes   127 Kbits/sec                  
[  5] 345.00-346.00 sec  21.2 KBytes   174 Kbits/sec                  
[  5] 346.00-347.00 sec  19.8 KBytes   162 Kbits/sec                  
[  5] 347.00-348.00 sec  50.9 KBytes   417 Kbits/sec                  
[  5] 348.00-349.00 sec  19.8 KBytes   162 Kbits/sec                  
[  5] 349.00-350.00 sec  46.7 KBytes   382 Kbits/sec                  
[  5] 350.00-351.01 sec  58.0 KBytes   472 Kbits/sec                  
[  5] 351.01-352.01 sec  25.5 KBytes   208 Kbits/sec                  
[  5] 352.01-353.00 sec  8.48 KBytes  70.1 Kbits/sec                  
[  5] 353.00-354.00 sec  11.3 KBytes  92.8 Kbits/sec                  
[  5] 354.00-355.00 sec  49.5 KBytes   406 Kbits/sec                  
[  5] 355.00-356.00 sec  0.00 Bytes  0.00 bits/sec                  
[  5] 356.00-357.00 sec  0.00 Bytes  0.00 bits/sec                  
[  5] 357.00-358.00 sec  0.00 Bytes  0.00 bits/sec                  
[  5] 358.00-359.00 sec  0.00 Bytes  0.00 bits/sec                  
[  5] 359.00-360.00 sec  0.00 Bytes  0.00 bits/sec                  
[  5] 360.00-361.01 sec  0.00 Bytes  0.00 bits/sec                  
[  5] 361.01-362.00 sec  0.00 Bytes  0.00 bits/sec                  
[  5] 362.00-363.00 sec  0.00 Bytes  0.00 bits/sec                  
[  5] 363.00-364.00 sec  0.00 Bytes  0.00 bits/sec                  
[  5] 364.00-365.00 sec  0.00 Bytes  0.00 bits/sec                  
[  5] 365.00-366.00 sec   363 KBytes  2.98 Mbits/sec                  
[  5] 366.00-367.00 sec  5.66 KBytes  46.3 Kbits/sec                  
[  5] 367.00-368.00 sec  17.0 KBytes   139 Kbits/sec                  
[  5] 368.00-369.00 sec  0.00 Bytes  0.00 bits/sec                  
[  5] 369.00-370.00 sec  0.00 Bytes  0.00 bits/sec                  
[  5] 370.00-371.00 sec  0.00 Bytes  0.00 bits/sec                  
[  5] 371.00-372.00 sec  0.00 Bytes  0.00 bits/sec                  
[  5] 372.00-373.00 sec   226 KBytes  1.86 Mbits/sec                  
[  5] 373.00-374.00 sec  7.07 KBytes  57.9 Kbits/sec                  
[  5] 374.00-375.00 sec   107 KBytes   880 Kbits/sec                  
[  5] 375.00-376.00 sec  9.90 KBytes  81.2 Kbits/sec                  
[  5] 376.00-377.00 sec   103 KBytes   846 Kbits/sec                  
[  5] 377.00-378.00 sec  21.2 KBytes   174 Kbits/sec                  
[  5] 378.00-379.00 sec  73.5 KBytes   602 Kbits/sec                  
[  5] 379.00-380.00 sec  46.7 KBytes   382 Kbits/sec                  
[  5] 380.00-381.00 sec  11.3 KBytes  92.7 Kbits/sec                  
[  5] 381.00-382.00 sec  42.4 KBytes   347 Kbits/sec                  
[  5] 382.00-383.00 sec  49.5 KBytes   405 Kbits/sec                  
[  5] 383.00-384.00 sec  65.0 KBytes   533 Kbits/sec                  
[  5] 384.00-385.00 sec  14.1 KBytes   116 Kbits/sec                  
[  5] 385.00-386.00 sec  46.7 KBytes   382 Kbits/sec                  
[  5] 386.00-387.00 sec  0.00 Bytes  0.00 bits/sec                  
[  5] 387.00-388.01 sec  0.00 Bytes  0.00 bits/sec                  
[  5] 388.01-389.00 sec  0.00 Bytes  0.00 bits/sec                  
[  5] 389.00-390.00 sec  41.0 KBytes   336 Kbits/sec                  
[  5] 390.00-391.00 sec  83.4 KBytes   682 Kbits/sec                  
[  5] 391.00-392.00 sec  89.1 KBytes   731 Kbits/sec                  
[  5] 392.00-393.00 sec  12.7 KBytes   104 Kbits/sec                  
[  5] 393.00-394.00 sec   233 KBytes  1.91 Mbits/sec                  
[  5] 394.00-395.00 sec  7.07 KBytes  57.8 Kbits/sec                  
[  5] 395.00-396.00 sec  0.00 Bytes  0.00 bits/sec                  
[  5] 396.00-397.01 sec  0.00 Bytes  0.00 bits/sec                  
[  5] 397.01-398.04 sec   177 KBytes  1.40 Mbits/sec                  
[  5] 398.04-399.00 sec  0.00 Bytes  0.00 bits/sec                  
[  5] 399.00-400.00 sec  0.00 Bytes  0.00 bits/sec                  
[  5] 400.00-401.00 sec  9.90 KBytes  81.3 Kbits/sec                  
[  5] 401.00-402.01 sec  1.41 KBytes  11.5 Kbits/sec                  
[  5] 402.01-403.00 sec  0.00 Bytes  0.00 bits/sec                  
[  5] 403.00-404.00 sec  0.00 Bytes  0.00 bits/sec                  
[  5] 404.00-405.00 sec   290 KBytes  2.38 Mbits/sec                  
[  5] 405.00-406.00 sec  22.6 KBytes   185 Kbits/sec                  
[  5] 406.00-407.04 sec  0.00 Bytes  0.00 bits/sec                  
[  5] 407.04-408.00 sec  60.8 KBytes   519 Kbits/sec                  
[  5] 408.00-409.00 sec  0.00 Bytes  0.00 bits/sec                  
[  5] 409.00-410.00 sec  0.00 Bytes  0.00 bits/sec                  
[  5] 410.00-411.00 sec  9.90 KBytes  81.1 Kbits/sec                  
[  5] 411.00-412.00 sec   123 KBytes  1.01 Mbits/sec                  
[  5] 412.00-413.01 sec  7.07 KBytes  57.3 Kbits/sec                  
[  5] 413.01-414.00 sec  43.8 KBytes   363 Kbits/sec                  
[  5] 414.00-415.00 sec  26.9 KBytes   220 Kbits/sec                  
[  5] 415.00-416.00 sec  17.0 KBytes   139 Kbits/sec                  
[  5] 416.00-417.00 sec  7.07 KBytes  57.9 Kbits/sec                  
[  5] 417.00-418.00 sec  25.5 KBytes   208 Kbits/sec                  
[  5] 418.00-419.00 sec  38.2 KBytes   313 Kbits/sec                  
[  5] 419.00-420.00 sec  2.83 KBytes  23.2 Kbits/sec                  
[  5] 420.00-421.00 sec  14.1 KBytes   116 Kbits/sec                  
[  5] 421.00-422.00 sec  0.00 Bytes  0.00 bits/sec                  
[  5] 422.00-423.00 sec  0.00 Bytes  0.00 bits/sec                  
[  5] 423.00-424.00 sec  0.00 Bytes  0.00 bits/sec                  
[  5] 424.00-425.00 sec  19.8 KBytes   162 Kbits/sec                  
[  5] 425.00-426.04 sec  52.3 KBytes   412 Kbits/sec                  
[  5] 426.04-427.00 sec  0.00 Bytes  0.00 bits/sec                  
[  5] 427.00-428.00 sec  56.6 KBytes   463 Kbits/sec                  
[  5] 428.00-429.00 sec  28.3 KBytes   231 Kbits/sec                  
[  5] 429.00-430.00 sec  12.7 KBytes   104 Kbits/sec                  
[  5] 430.00-431.00 sec  0.00 Bytes  0.00 bits/sec                  
[  5] 431.00-432.00 sec  41.0 KBytes   336 Kbits/sec                  
[  5] 432.00-433.00 sec  32.5 KBytes   266 Kbits/sec                  
[  5] 433.00-434.00 sec  48.1 KBytes   394 Kbits/sec                  
[  5] 434.00-435.04 sec  35.4 KBytes   278 Kbits/sec                  
[  5] 435.04-436.00 sec  53.7 KBytes   461 Kbits/sec                  
[  5] 436.00-437.00 sec  18.4 KBytes   150 Kbits/sec                  
[  5] 437.00-438.00 sec  36.8 KBytes   301 Kbits/sec                  
[  5] 438.00-439.00 sec  43.8 KBytes   359 Kbits/sec                  
[  5] 439.00-440.00 sec  28.3 KBytes   231 Kbits/sec                  
[  5] 440.00-441.00 sec  0.00 Bytes  0.00 bits/sec                  
[  5] 441.00-442.01 sec  12.7 KBytes   104 Kbits/sec                  
[  5] 442.01-443.00 sec  0.00 Bytes  0.00 bits/sec                  
[  5] 443.00-444.00 sec  0.00 Bytes  0.00 bits/sec                  
[  5] 444.00-445.05 sec  0.00 Bytes  0.00 bits/sec                  
[  5] 445.05-446.00 sec  0.00 Bytes  0.00 bits/sec                  
[  5] 446.00-447.05 sec  9.90 KBytes  77.4 Kbits/sec                  
[  5] 447.05-448.01 sec  0.00 Bytes  0.00 bits/sec                  
[  5] 448.01-449.00 sec  0.00 Bytes  0.00 bits/sec                  
[  5] 449.00-450.00 sec  0.00 Bytes  0.00 bits/sec                  
[  5] 450.00-451.00 sec  0.00 Bytes  0.00 bits/sec                  
[  5] 451.00-452.01 sec   314 KBytes  2.55 Mbits/sec                  
[  5] 452.01-453.00 sec  67.9 KBytes   560 Kbits/sec                  
[  5] 453.00-454.00 sec  0.00 Bytes  0.00 bits/sec                  
[  5] 454.00-455.01 sec  5.66 KBytes  46.2 Kbits/sec                  
[  5] 455.01-456.00 sec  31.1 KBytes   256 Kbits/sec                  
[  5] 456.00-457.01 sec  28.3 KBytes   229 Kbits/sec                  
[  5] 457.01-458.00 sec  0.00 Bytes  0.00 bits/sec                  
[  5] 458.00-459.00 sec  0.00 Bytes  0.00 bits/sec                  
[  5] 459.00-460.00 sec  0.00 Bytes  0.00 bits/sec                  
[  5] 460.00-461.00 sec  36.8 KBytes   302 Kbits/sec                  
[  5] 461.00-462.00 sec  17.0 KBytes   139 Kbits/sec                  
[  5] 462.00-463.01 sec  0.00 Bytes  0.00 bits/sec                  
[  5] 463.01-464.00 sec   221 KBytes  1.82 Mbits/sec                  
[  5] 464.00-465.00 sec  17.0 KBytes   139 Kbits/sec                  
[  5] 465.00-466.00 sec  0.00 Bytes  0.00 bits/sec                  
[  5] 466.00-467.00 sec  35.4 KBytes   290 Kbits/sec                  
[  5] 467.00-468.00 sec  94.7 KBytes   775 Kbits/sec                  
[  5] 468.00-469.00 sec  0.00 Bytes  0.00 bits/sec                  
[  5] 469.00-470.00 sec  0.00 Bytes  0.00 bits/sec                  
[  5] 470.00-471.00 sec  29.7 KBytes   243 Kbits/sec                  
[  5] 471.00-472.00 sec  0.00 Bytes  0.00 bits/sec                  
[  5] 472.00-473.00 sec  0.00 Bytes  0.00 bits/sec                  
[  5] 473.00-474.00 sec  0.00 Bytes  0.00 bits/sec                  
[  5] 474.00-475.00 sec  0.00 Bytes  0.00 bits/sec                  
[  5] 475.00-476.00 sec  0.00 Bytes  0.00 bits/sec                  
[  5] 476.00-477.00 sec  0.00 Bytes  0.00 bits/sec                  
[  5] 477.00-478.05 sec  0.00 Bytes  0.00 bits/sec                  
[  5] 478.05-479.01 sec   273 KBytes  2.32 Mbits/sec                  
[  5] 479.01-480.00 sec  18.4 KBytes   152 Kbits/sec                  
[  5] 480.00-481.00 sec  0.00 Bytes  0.00 bits/sec                  
[  5] 481.00-482.00 sec  0.00 Bytes  0.00 bits/sec                  
[  5] 482.00-483.00 sec  87.7 KBytes   717 Kbits/sec                  
[  5] 483.00-484.00 sec  33.9 KBytes   279 Kbits/sec                  
[  5] 484.00-485.00 sec  0.00 Bytes  0.00 bits/sec                  
[  5] 485.00-486.00 sec  43.8 KBytes   359 Kbits/sec                  
[  5] 486.00-487.00 sec  76.4 KBytes   625 Kbits/sec                  
[  5] 487.00-488.00 sec  22.6 KBytes   185 Kbits/sec                  
[  5] 488.00-489.01 sec  0.00 Bytes  0.00 bits/sec                  
[  5] 489.01-490.00 sec   181 KBytes  1.49 Mbits/sec                  
[  5] 490.00-491.00 sec  0.00 Bytes  0.00 bits/sec                  
[  5] 491.00-492.00 sec  21.2 KBytes   173 Kbits/sec                  
[  5] 492.00-493.00 sec   175 KBytes  1.44 Mbits/sec                  
[  5] 493.00-494.00 sec  0.00 Bytes  0.00 bits/sec                  
[  5] 494.00-495.00 sec  0.00 Bytes  0.00 bits/sec                  
[  5] 495.00-496.00 sec  0.00 Bytes  0.00 bits/sec                  
[  5] 496.00-497.00 sec  0.00 Bytes  0.00 bits/sec                  
[  5] 497.00-498.00 sec  0.00 Bytes  0.00 bits/sec                  
[  5] 498.00-499.00 sec   406 KBytes  3.32 Mbits/sec                  
[  5] 499.00-500.00 sec  39.6 KBytes   324 Kbits/sec                  
[  5] 500.00-501.07 sec  0.00 Bytes  0.00 bits/sec                  
[  5] 501.07-502.00 sec  66.5 KBytes   585 Kbits/sec                  
[  5] 502.00-503.00 sec  0.00 Bytes  0.00 bits/sec                  
[  5] 503.00-504.01 sec  0.00 Bytes  0.00 bits/sec                  
[  5] 504.01-505.00 sec  0.00 Bytes  0.00 bits/sec                  
[  5] 505.00-506.00 sec  0.00 Bytes  0.00 bits/sec                  
[  5] 506.00-507.00 sec  0.00 Bytes  0.00 bits/sec                  
[  5] 507.00-508.00 sec  0.00 Bytes  0.00 bits/sec                  
[  5] 508.00-509.00 sec   402 KBytes  3.29 Mbits/sec                  
[  5] 509.00-510.00 sec  0.00 Bytes  0.00 bits/sec                  
[  5] 510.00-511.00 sec  15.6 KBytes   127 Kbits/sec                  
[  5] 511.00-512.00 sec   157 KBytes  1.29 Mbits/sec                  
[  5] 512.00-513.00 sec  0.00 Bytes  0.00 bits/sec                  
[  5] 513.00-514.00 sec  41.0 KBytes   336 Kbits/sec                  
[  5] 514.00-515.00 sec   151 KBytes  1.24 Mbits/sec                  
[  5] 515.00-516.00 sec  0.00 Bytes  0.00 bits/sec                  
[  5] 516.00-517.00 sec  90.5 KBytes   743 Kbits/sec                  
[  5] 517.00-518.00 sec   117 KBytes   959 Kbits/sec                  
[  5] 518.00-519.00 sec  0.00 Bytes  0.00 bits/sec                  
[  5] 519.00-520.00 sec  76.4 KBytes   626 Kbits/sec                  
[  5] 520.00-521.00 sec  43.8 KBytes   359 Kbits/sec                  
[  5] 521.00-522.00 sec  0.00 Bytes  0.00 bits/sec                  
[  5] 522.00-523.00 sec  0.00 Bytes  0.00 bits/sec                  
[  5] 523.00-524.00 sec   245 KBytes  2.01 Mbits/sec                  
[  5] 524.00-525.00 sec  0.00 Bytes  0.00 bits/sec                  
[  5] 525.00-526.00 sec  0.00 Bytes  0.00 bits/sec                  
[  5] 526.00-527.00 sec   389 KBytes  3.18 Mbits/sec                  
[  5] 527.00-528.00 sec  0.00 Bytes  0.00 bits/sec                  
[  5] 528.00-529.00 sec  1.41 KBytes  11.6 Kbits/sec                  
[  5] 529.00-530.01 sec  99.0 KBytes   803 Kbits/sec                  
[  5] 530.01-531.00 sec  22.6 KBytes   187 Kbits/sec                  
[  5] 531.00-532.00 sec  0.00 Bytes  0.00 bits/sec                  
[  5] 532.00-533.00 sec  0.00 Bytes  0.00 bits/sec                  
[  5] 533.00-534.01 sec   102 KBytes   830 Kbits/sec                  
[  5] 534.01-535.01 sec  17.0 KBytes   139 Kbits/sec                  
[  5] 535.01-536.00 sec   225 KBytes  1.85 Mbits/sec                  
[  5] 536.00-537.00 sec   133 KBytes  1.09 Mbits/sec                  
[  5] 537.00-538.00 sec  12.7 KBytes   104 Kbits/sec                  
[  5] 538.00-539.00 sec  12.7 KBytes   104 Kbits/sec                  
[  5] 539.00-540.00 sec   147 KBytes  1.20 Mbits/sec                  
[  5] 540.00-541.00 sec  48.1 KBytes   394 Kbits/sec                  
[  5] 541.00-542.00 sec  24.0 KBytes   197 Kbits/sec                  
[  5] 542.00-543.00 sec  7.07 KBytes  57.9 Kbits/sec                  
[  5] 543.00-544.00 sec   187 KBytes  1.53 Mbits/sec                  
[  5] 544.00-545.00 sec  0.00 Bytes  0.00 bits/sec                  
[  5] 545.00-546.01 sec  0.00 Bytes  0.00 bits/sec                  
[  5] 546.01-547.00 sec  0.00 Bytes  0.00 bits/sec                  
[  5] 547.00-548.00 sec  8.48 KBytes  69.6 Kbits/sec                  
[  5] 548.00-549.02 sec  24.0 KBytes   194 Kbits/sec                  
[  5] 549.02-550.01 sec  11.3 KBytes  93.6 Kbits/sec                  
[  5] 550.01-551.00 sec   106 KBytes   876 Kbits/sec                  
[  5] 551.00-552.00 sec   280 KBytes  2.29 Mbits/sec                  
[  5] 552.00-553.00 sec  11.3 KBytes  92.3 Kbits/sec                  
[  5] 553.00-554.01 sec  5.66 KBytes  46.2 Kbits/sec                  
[  5] 554.01-555.00 sec   151 KBytes  1.25 Mbits/sec                  
[  5] 555.00-556.00 sec  43.8 KBytes   359 Kbits/sec                  
[  5] 556.00-557.00 sec  14.1 KBytes   116 Kbits/sec                  
[  5] 557.00-558.02 sec  8.48 KBytes  68.3 Kbits/sec                  
[  5] 558.02-559.00 sec   167 KBytes  1.39 Mbits/sec                  
[  5] 559.00-560.00 sec  65.0 KBytes   534 Kbits/sec                  
[  5] 560.00-561.00 sec  7.07 KBytes  57.8 Kbits/sec                  
[  5] 561.00-562.00 sec  17.0 KBytes   139 Kbits/sec                  
[  5] 562.00-563.01 sec   189 KBytes  1.55 Mbits/sec                  
[  5] 563.01-564.01 sec  66.5 KBytes   544 Kbits/sec                  
[  5] 564.01-565.00 sec  0.00 Bytes  0.00 bits/sec                  
[  5] 565.00-566.01 sec  0.00 Bytes  0.00 bits/sec                  
[  5] 566.01-567.00 sec  0.00 Bytes  0.00 bits/sec                  
[  5] 567.00-568.00 sec  0.00 Bytes  0.00 bits/sec                  
[  5] 568.00-569.00 sec  0.00 Bytes  0.00 bits/sec                  
[  5] 569.00-570.00 sec  11.3 KBytes  92.7 Kbits/sec                  
[  5] 570.00-571.00 sec   223 KBytes  1.83 Mbits/sec                  
[  5] 571.00-572.00 sec   354 KBytes  2.90 Mbits/sec                  
[  5] 572.00-573.00 sec  1.41 KBytes  11.6 Kbits/sec                  
[  5] 573.00-574.01 sec  9.90 KBytes  80.7 Kbits/sec                  
[  5] 574.01-575.00 sec  36.8 KBytes   303 Kbits/sec                  
[  5] 575.00-576.00 sec  0.00 Bytes  0.00 bits/sec                  
[  5] 576.00-577.00 sec  0.00 Bytes  0.00 bits/sec                  
[  5] 577.00-578.00 sec  11.3 KBytes  92.6 Kbits/sec                  
[  5] 578.00-579.00 sec   464 KBytes  3.80 Mbits/sec                  
[  5] 579.00-580.00 sec  9.90 KBytes  81.1 Kbits/sec                  
[  5] 580.00-581.01 sec  96.2 KBytes   783 Kbits/sec                  
[  5] 581.01-582.01 sec   134 KBytes  1.10 Mbits/sec                  
[  5] 582.01-583.00 sec  11.3 KBytes  93.7 Kbits/sec                  
[  5] 583.00-584.00 sec   182 KBytes  1.49 Mbits/sec                  
[  5] 584.00-585.00 sec  66.5 KBytes   545 Kbits/sec                  
[  5] 585.00-586.00 sec  11.3 KBytes  92.7 Kbits/sec                  
[  5] 586.00-587.01 sec   197 KBytes  1.60 Mbits/sec                  
[  5] 587.01-588.00 sec  55.1 KBytes   454 Kbits/sec                  
[  5] 588.00-589.00 sec  8.48 KBytes  69.5 Kbits/sec                  
[  5] 589.00-590.00 sec  12.7 KBytes   104 Kbits/sec                  
[  5] 590.00-591.00 sec  0.00 Bytes  0.00 bits/sec                  
[  5] 591.00-592.01 sec  0.00 Bytes  0.00 bits/sec                  
[  5] 592.01-593.00 sec  0.00 Bytes  0.00 bits/sec                  
[  5] 593.00-594.01 sec  0.00 Bytes  0.00 bits/sec                  
[  5] 594.01-595.01 sec   221 KBytes  1.81 Mbits/sec                  
[  5] 595.01-596.00 sec  84.8 KBytes   700 Kbits/sec                  
[  5] 596.00-597.00 sec  41.0 KBytes   336 Kbits/sec                  
[  5] 597.00-598.01 sec  0.00 Bytes  0.00 bits/sec                  
[  5] 598.01-599.00 sec   133 KBytes  1.10 Mbits/sec                  
[  5] 599.00-600.00 sec  0.00 Bytes  0.00 bits/sec                  
[  5] 600.00-601.00 sec  0.00 Bytes  0.00 bits/sec                  
[  5] 601.00-602.00 sec  0.00 Bytes  0.00 bits/sec                  
[  5] 602.00-603.05 sec   315 KBytes  2.46 Mbits/sec                  
[  5] 603.05-604.00 sec  55.1 KBytes   475 Kbits/sec                  
[  5] 604.00-605.00 sec  17.0 KBytes   139 Kbits/sec                  
[  5] 605.00-606.00 sec   103 KBytes   846 Kbits/sec                  
[  5] 606.00-607.01 sec  56.6 KBytes   462 Kbits/sec                  
[  5] 607.01-608.00 sec  25.5 KBytes   209 Kbits/sec                  
[  5] 608.00-609.00 sec   127 KBytes  1.04 Mbits/sec                  
[  5] 609.00-610.00 sec  42.4 KBytes   347 Kbits/sec                  
[  5] 610.00-611.00 sec  48.1 KBytes   394 Kbits/sec                  
[  5] 611.00-612.01 sec   117 KBytes   958 Kbits/sec                  
[  5] 612.01-613.01 sec  67.9 KBytes   557 Kbits/sec                  
[  5] 613.01-614.01 sec  50.9 KBytes   414 Kbits/sec                  
[  5] 614.01-615.02 sec  69.3 KBytes   565 Kbits/sec                  
[  5] 615.02-616.00 sec   167 KBytes  1.38 Mbits/sec                  
[  5] 616.00-617.01 sec  24.0 KBytes   196 Kbits/sec                  
[  5] 617.01-618.01 sec  12.7 KBytes   104 Kbits/sec                  
[  5] 618.01-619.00 sec  0.00 Bytes  0.00 bits/sec                  
[  5] 619.00-620.00 sec  0.00 Bytes  0.00 bits/sec                  
[  5] 620.00-621.00 sec  0.00 Bytes  0.00 bits/sec                  
[  5] 621.00-622.05 sec  0.00 Bytes  0.00 bits/sec                  
[  5] 622.05-623.00 sec  0.00 Bytes  0.00 bits/sec                  
[  5] 623.00-624.00 sec  0.00 Bytes  0.00 bits/sec                  
[  5] 624.00-625.00 sec  0.00 Bytes  0.00 bits/sec                  
[  5] 625.00-626.01 sec  0.00 Bytes  0.00 bits/sec                  
[  5] 626.01-627.01 sec   479 KBytes  3.93 Mbits/sec                  
[  5] 627.01-628.01 sec   129 KBytes  1.05 Mbits/sec                  
[  5] 628.01-629.00 sec  0.00 Bytes  0.00 bits/sec                  
[  5] 629.00-630.00 sec  0.00 Bytes  0.00 bits/sec                  
[  5] 630.00-631.00 sec  0.00 Bytes  0.00 bits/sec                  
[  5] 631.00-632.02 sec  4.24 KBytes  34.3 Kbits/sec                  
[  5] 632.02-633.00 sec  0.00 Bytes  0.00 bits/sec                  
[  5] 633.00-634.00 sec  0.00 Bytes  0.00 bits/sec                  
[  5] 634.00-635.00 sec  0.00 Bytes  0.00 bits/sec                  
[  5] 635.00-636.01 sec   638 KBytes  5.20 Mbits/sec                  
[  5] 636.01-637.00 sec  31.1 KBytes   256 Kbits/sec                  
[  5] 637.00-638.01 sec   165 KBytes  1.36 Mbits/sec                  
[  5] 638.01-639.00 sec  9.90 KBytes  81.2 Kbits/sec                  
[  5] 639.00-640.01 sec   127 KBytes  1.03 Mbits/sec                  
[  5] 640.01-641.01 sec  46.7 KBytes   383 Kbits/sec                  
[  5] 641.01-642.00 sec   103 KBytes   852 Kbits/sec                  
[  5] 642.00-643.01 sec  52.3 KBytes   428 Kbits/sec                  
[  5] 643.01-644.00 sec  5.66 KBytes  46.4 Kbits/sec                  
[  5] 644.00-645.00 sec  93.3 KBytes   765 Kbits/sec                  
[  5] 645.00-646.00 sec  36.8 KBytes   301 Kbits/sec                  
[  5] 646.00-647.02 sec  87.7 KBytes   709 Kbits/sec                  
[  5] 647.02-648.00 sec  8.48 KBytes  70.4 Kbits/sec                  
[  5] 648.00-649.01 sec  0.00 Bytes  0.00 bits/sec                  
[  5] 649.01-650.01 sec  0.00 Bytes  0.00 bits/sec                  
[  5] 650.01-651.00 sec  0.00 Bytes  0.00 bits/sec                  
[  5] 651.00-652.01 sec  0.00 Bytes  0.00 bits/sec                  
[  5] 652.01-653.00 sec  0.00 Bytes  0.00 bits/sec                  
[  5] 653.00-654.00 sec  79.2 KBytes   650 Kbits/sec                  
[  5] 654.00-655.00 sec  0.00 Bytes  0.00 bits/sec                  
[  5] 655.00-656.00 sec  0.00 Bytes  0.00 bits/sec                  
[  5] 656.00-657.00 sec  0.00 Bytes  0.00 bits/sec                  
[  5] 657.00-658.00 sec  0.00 Bytes  0.00 bits/sec                  
[  5] 658.00-659.00 sec  0.00 Bytes  0.00 bits/sec                  
[  5] 659.00-660.01 sec  0.00 Bytes  0.00 bits/sec                  
[  5] 660.01-661.00 sec  0.00 Bytes  0.00 bits/sec                  
[  5] 661.00-662.00 sec  0.00 Bytes  0.00 bits/sec                  
[  5] 662.00-663.01 sec  0.00 Bytes  0.00 bits/sec                  
[  5] 663.01-664.01 sec  4.24 KBytes  34.8 Kbits/sec                  
[  5] 664.01-665.00 sec  0.00 Bytes  0.00 bits/sec                  
[  5] 665.00-666.00 sec  0.00 Bytes  0.00 bits/sec                  
[  5] 666.00-667.01 sec  11.3 KBytes  91.9 Kbits/sec                  
[  5] 667.01-668.01 sec  0.00 Bytes  0.00 bits/sec                  
[  5] 668.01-669.00 sec  0.00 Bytes  0.00 bits/sec                  
[  5] 669.00-670.01 sec   580 KBytes  4.74 Mbits/sec                  
[  5] 670.01-671.01 sec  0.00 Bytes  0.00 bits/sec                  
[  5] 671.01-672.01 sec  0.00 Bytes  0.00 bits/sec                  
[  5] 672.01-673.01 sec  0.00 Bytes  0.00 bits/sec                  
[  5] 673.01-674.00 sec  0.00 Bytes  0.00 bits/sec                  
[  5] 674.00-675.00 sec  0.00 Bytes  0.00 bits/sec                  
[  5] 675.00-676.01 sec  0.00 Bytes  0.00 bits/sec                  
[  5] 676.01-677.00 sec  0.00 Bytes  0.00 bits/sec                  
[  5] 677.00-678.00 sec  0.00 Bytes  0.00 bits/sec                  
[  5] 678.00-679.01 sec  1.41 KBytes  11.6 Kbits/sec                  
[  5] 679.01-680.02 sec  0.00 Bytes  0.00 bits/sec                  
[  5] 680.02-681.00 sec  0.00 Bytes  0.00 bits/sec                  
[  5] 681.00-682.02 sec  0.00 Bytes  0.00 bits/sec                  
[  5] 682.02-683.01 sec  2.83 KBytes  23.5 Kbits/sec                  
[  5] 683.01-684.00 sec  0.00 Bytes  0.00 bits/sec                  
[  5] 684.00-685.00 sec  0.00 Bytes  0.00 bits/sec                  
[  5] 685.00-686.00 sec  0.00 Bytes  0.00 bits/sec                  
[  5] 686.00-687.00 sec   184 KBytes  1.51 Mbits/sec                  
[  5] 687.00-688.01 sec  0.00 Bytes  0.00 bits/sec                  
[  5] 688.01-689.05 sec  0.00 Bytes  0.00 bits/sec                  
[  5] 689.05-690.01 sec  0.00 Bytes  0.00 bits/sec                  
[  5] 690.01-691.02 sec  14.1 KBytes   115 Kbits/sec                  
[  5] 691.02-692.02 sec   387 KBytes  3.18 Mbits/sec                  
[  5] 692.02-693.02 sec  0.00 Bytes  0.00 bits/sec                  
[  5] 693.02-694.05 sec   205 KBytes  1.62 Mbits/sec                  
[  5] 694.05-695.00 sec  26.9 KBytes   232 Kbits/sec                  
[  5] 695.00-696.00 sec  0.00 Bytes  0.00 bits/sec                  
[  5] 696.00-697.00 sec  0.00 Bytes  0.00 bits/sec                  
[  5] 697.00-698.01 sec   168 KBytes  1.38 Mbits/sec                  
[  5] 698.01-699.01 sec  0.00 Bytes  0.00 bits/sec                  
[  5] 699.01-700.01 sec  0.00 Bytes  0.00 bits/sec                  
[  5] 700.01-701.03 sec  0.00 Bytes  0.00 bits/sec                  
[  5] 701.03-702.01 sec  17.0 KBytes   141 Kbits/sec                  
[  5] 702.01-703.01 sec  11.3 KBytes  93.1 Kbits/sec                  
[  5] 703.01-704.01 sec  0.00 Bytes  0.00 bits/sec                  
[  5] 704.01-705.01 sec  0.00 Bytes  0.00 bits/sec                  
[  5] 705.01-706.01 sec   156 KBytes  1.27 Mbits/sec                  
[  5] 706.01-707.01 sec  90.5 KBytes   742 Kbits/sec                  
[  5] 707.01-708.02 sec  0.00 Bytes  0.00 bits/sec                  
[  5] 708.02-709.01 sec  0.00 Bytes  0.00 bits/sec                  
[  5] 709.01-710.00 sec  0.00 Bytes  0.00 bits/sec                  
[  5] 710.00-711.00 sec  0.00 Bytes  0.00 bits/sec                  
[  5] 711.00-712.01 sec  0.00 Bytes  0.00 bits/sec                  
[  5] 712.01-713.01 sec  0.00 Bytes  0.00 bits/sec                  
[  5] 713.01-714.00 sec  0.00 Bytes  0.00 bits/sec                  
[  5] 714.00-715.00 sec  0.00 Bytes  0.00 bits/sec                  
[  5] 715.00-716.01 sec  1.41 KBytes  11.5 Kbits/sec                  
[  5] 716.01-717.01 sec  0.00 Bytes  0.00 bits/sec                  
[  5] 717.01-718.01 sec  2.83 KBytes  23.0 Kbits/sec                  
[  5] 718.01-719.01 sec  0.00 Bytes  0.00 bits/sec                  
[  5] 719.01-720.01 sec  0.00 Bytes  0.00 bits/sec                  
[  5] 720.01-721.01 sec  0.00 Bytes  0.00 bits/sec                  
[  5] 721.01-722.01 sec   444 KBytes  3.64 Mbits/sec                  
[  5] 722.01-723.06 sec  0.00 Bytes  0.00 bits/sec                  
[  5] 723.06-724.01 sec  0.00 Bytes  0.00 bits/sec                  
[  5] 724.01-725.01 sec  94.7 KBytes   776 Kbits/sec                  
[  5] 725.01-726.01 sec  14.1 KBytes   116 Kbits/sec                  
[  5] 726.01-727.01 sec  0.00 Bytes  0.00 bits/sec                  
[  5] 727.01-728.01 sec  0.00 Bytes  0.00 bits/sec                  
[  5] 728.01-729.01 sec  0.00 Bytes  0.00 bits/sec                  
[  5] 729.01-730.01 sec  0.00 Bytes  0.00 bits/sec                  
[  5] 730.01-731.01 sec  0.00 Bytes  0.00 bits/sec                  
[  5] 731.01-732.01 sec  72.1 KBytes   587 Kbits/sec                  
[  5] 732.01-733.01 sec   243 KBytes  2.01 Mbits/sec                  
[  5] 733.01-734.01 sec  0.00 Bytes  0.00 bits/sec                  
[  5] 734.01-735.02 sec  0.00 Bytes  0.00 bits/sec                  
[  5] 735.02-736.01 sec   188 KBytes  1.55 Mbits/sec                  
[  5] 736.01-737.01 sec  2.83 KBytes  23.4 Kbits/sec                  
[  5] 737.01-738.01 sec  0.00 Bytes  0.00 bits/sec                  
[  5] 738.01-739.01 sec  0.00 Bytes  0.00 bits/sec                  
[  5] 739.01-740.01 sec   154 KBytes  1.27 Mbits/sec                  
[  5] 740.01-741.01 sec  0.00 Bytes  0.00 bits/sec                  
[  5] 741.01-742.01 sec  0.00 Bytes  0.00 bits/sec                  
[  5] 742.01-743.01 sec  0.00 Bytes  0.00 bits/sec                  
[  5] 743.01-744.01 sec  29.7 KBytes   243 Kbits/sec                  
[  5] 744.01-745.01 sec  0.00 Bytes  0.00 bits/sec                  
[  5] 745.01-746.01 sec  0.00 Bytes  0.00 bits/sec                  
[  5] 746.01-747.01 sec   389 KBytes  3.18 Mbits/sec                  
[  5] 747.01-748.01 sec  0.00 Bytes  0.00 bits/sec                  
[  5] 748.01-749.01 sec  0.00 Bytes  0.00 bits/sec                  
[  5] 749.01-750.01 sec  0.00 Bytes  0.00 bits/sec                  
[  5] 750.01-751.01 sec   199 KBytes  1.63 Mbits/sec                  
[  5] 751.01-752.01 sec  0.00 Bytes  0.00 bits/sec                  
[  5] 752.01-753.01 sec  0.00 Bytes  0.00 bits/sec                  
[  5] 753.01-754.01 sec   115 KBytes   938 Kbits/sec                  
[  5] 754.01-755.01 sec   124 KBytes  1.02 Mbits/sec                  
[  5] 755.01-756.02 sec  0.00 Bytes  0.00 bits/sec                  
[  5] 756.02-757.01 sec  0.00 Bytes  0.00 bits/sec                  
[  5] 757.01-758.01 sec   263 KBytes  2.15 Mbits/sec                  
[  5] 758.01-759.01 sec  4.24 KBytes  34.7 Kbits/sec                  
[  5] 759.01-760.01 sec  0.00 Bytes  0.00 bits/sec                  
[  5] 760.01-761.02 sec  0.00 Bytes  0.00 bits/sec                  
[  5] 761.02-762.01 sec  0.00 Bytes  0.00 bits/sec                  
[  5] 762.01-763.01 sec  1.41 KBytes  11.6 Kbits/sec                  
[  5] 763.01-764.01 sec  0.00 Bytes  0.00 bits/sec                  
[  5] 764.01-765.01 sec  0.00 Bytes  0.00 bits/sec                  
[  5] 765.01-766.01 sec   660 KBytes  5.40 Mbits/sec                  
[  5] 766.01-767.01 sec  0.00 Bytes  0.00 bits/sec                  
[  5] 767.01-768.01 sec  0.00 Bytes  0.00 bits/sec                  
[  5] 768.01-769.01 sec   270 KBytes  2.22 Mbits/sec                  
[  5] 769.01-770.01 sec  15.6 KBytes   127 Kbits/sec                  
[  5] 770.01-771.01 sec   320 KBytes  2.62 Mbits/sec                  
[  5] 771.01-772.01 sec  41.0 KBytes   336 Kbits/sec                  
[  5] 772.01-773.01 sec   270 KBytes  2.21 Mbits/sec                  
[  5] 773.01-774.01 sec   115 KBytes   938 Kbits/sec                  
[  5] 774.01-775.11 sec  2.83 KBytes  20.9 Kbits/sec                  
[  5] 775.11-776.01 sec   280 KBytes  2.57 Mbits/sec                  
[  5] 776.01-777.01 sec   110 KBytes   903 Kbits/sec                  
[  5] 777.01-778.01 sec  19.8 KBytes   162 Kbits/sec                  
[  5] 778.01-779.01 sec  0.00 Bytes  0.00 bits/sec                  
[  5] 779.01-780.02 sec   153 KBytes  1.24 Mbits/sec                  
[  5] 780.02-781.01 sec  0.00 Bytes  0.00 bits/sec                  
[  5] 781.01-782.01 sec  0.00 Bytes  0.00 bits/sec                  
[  5] 782.01-783.01 sec  0.00 Bytes  0.00 bits/sec                  
[  5] 783.01-784.01 sec  0.00 Bytes  0.00 bits/sec                  
[  5] 784.01-785.01 sec  0.00 Bytes  0.00 bits/sec                  
[  5] 785.01-786.01 sec  0.00 Bytes  0.00 bits/sec                  
[  5] 786.01-787.01 sec  0.00 Bytes  0.00 bits/sec                  
[  5] 787.01-788.01 sec  0.00 Bytes  0.00 bits/sec                  
[  5] 788.01-789.01 sec  0.00 Bytes  0.00 bits/sec                  
[  5] 789.01-790.01 sec  0.00 Bytes  0.00 bits/sec                  
[  5] 790.01-791.01 sec  0.00 Bytes  0.00 bits/sec                  
[  5] 791.01-792.02 sec  0.00 Bytes  0.00 bits/sec                  
[  5] 792.02-793.01 sec  0.00 Bytes  0.00 bits/sec                  
[  5] 793.01-794.01 sec  0.00 Bytes  0.00 bits/sec                  
[  5] 794.01-795.02 sec  1.41 KBytes  11.5 Kbits/sec                  
[  5] 795.02-796.01 sec  0.00 Bytes  0.00 bits/sec                  
[  5] 796.01-797.01 sec  0.00 Bytes  0.00 bits/sec                  
[  5] 797.01-798.01 sec  2.83 KBytes  23.2 Kbits/sec                  
[  5] 798.01-799.01 sec  0.00 Bytes  0.00 bits/sec                  
[  5] 799.01-800.01 sec  0.00 Bytes  0.00 bits/sec                  
[  5] 800.01-801.02 sec  87.7 KBytes   715 Kbits/sec                  
[  5] 801.02-802.06 sec  1.22 MBytes  9.76 Mbits/sec                  
[  5] 802.06-803.01 sec  0.00 Bytes  0.00 bits/sec                  
[  5] 803.01-804.01 sec  0.00 Bytes  0.00 bits/sec                  
[  5] 804.01-805.01 sec  19.8 KBytes   162 Kbits/sec                  
[  5] 805.01-806.01 sec   346 KBytes  2.83 Mbits/sec                  
[  5] 806.01-807.02 sec  79.2 KBytes   644 Kbits/sec                  
[  5] 807.02-808.01 sec  0.00 Bytes  0.00 bits/sec                  
[  5] 808.01-809.01 sec  0.00 Bytes  0.00 bits/sec                  
[  5] 809.01-810.01 sec  0.00 Bytes  0.00 bits/sec                  
[  5] 810.01-811.01 sec  14.1 KBytes   116 Kbits/sec                  
[  5] 811.01-812.02 sec  0.00 Bytes  0.00 bits/sec                  
[  5] 812.02-813.01 sec  0.00 Bytes  0.00 bits/sec                  
[  5] 813.01-814.02 sec   638 KBytes  5.19 Mbits/sec                  
[  5] 814.02-815.01 sec   239 KBytes  1.97 Mbits/sec                  
[  5] 815.01-816.01 sec  0.00 Bytes  0.00 bits/sec                  
[  5] 816.01-817.01 sec  0.00 Bytes  0.00 bits/sec                  
[  5] 817.01-818.01 sec   109 KBytes   892 Kbits/sec                  
[  5] 818.01-819.01 sec  56.6 KBytes   463 Kbits/sec                  
[  5] 819.01-820.01 sec  0.00 Bytes  0.00 bits/sec                  
[  5] 820.01-821.01 sec  0.00 Bytes  0.00 bits/sec                  
[  5] 821.01-822.01 sec  0.00 Bytes  0.00 bits/sec                  
[  5] 822.01-823.01 sec  0.00 Bytes  0.00 bits/sec                  
[  5] 823.01-824.02 sec  0.00 Bytes  0.00 bits/sec                  
[  5] 824.02-825.01 sec  0.00 Bytes  0.00 bits/sec                  
[  5] 825.01-826.01 sec  0.00 Bytes  0.00 bits/sec                  
[  5] 826.01-827.01 sec  0.00 Bytes  0.00 bits/sec                  
[  5] 827.01-828.01 sec  0.00 Bytes  0.00 bits/sec                  
[  5] 828.01-829.01 sec  0.00 Bytes  0.00 bits/sec                  
[  5] 829.01-830.01 sec  0.00 Bytes  0.00 bits/sec                  
[  5] 830.01-831.01 sec  0.00 Bytes  0.00 bits/sec                  
[  5] 831.01-832.01 sec  1.41 KBytes  11.6 Kbits/sec                  
[  5] 832.01-833.01 sec  0.00 Bytes  0.00 bits/sec                  
[  5] 833.01-834.01 sec  0.00 Bytes  0.00 bits/sec                  
[  5] 834.01-835.02 sec  1.39 MBytes  11.6 Mbits/sec                  
[  5] 835.02-836.01 sec  0.00 Bytes  0.00 bits/sec                  
[  5] 836.01-837.01 sec  0.00 Bytes  0.00 bits/sec                  
[  5] 837.01-838.01 sec   216 KBytes  1.77 Mbits/sec                  
[  5] 838.01-839.01 sec   120 KBytes   986 Kbits/sec                  
[  5] 839.01-840.01 sec  93.3 KBytes   762 Kbits/sec                  
[  5] 840.01-841.02 sec  0.00 Bytes  0.00 bits/sec                  
[  5] 841.02-842.01 sec  49.5 KBytes   407 Kbits/sec                  
[  5] 842.01-843.01 sec  0.00 Bytes  0.00 bits/sec                  
[  5] 843.01-844.01 sec  0.00 Bytes  0.00 bits/sec                  
[  5] 844.01-845.01 sec  0.00 Bytes  0.00 bits/sec                  
[  5] 845.01-846.01 sec  0.00 Bytes  0.00 bits/sec                  
[  5] 846.01-847.01 sec  77.8 KBytes   637 Kbits/sec                  
[  5] 847.01-848.01 sec  0.00 Bytes  0.00 bits/sec                  
[  5] 848.01-849.03 sec  0.00 Bytes  0.00 bits/sec                  
[  5] 849.03-850.01 sec  0.00 Bytes  0.00 bits/sec                  
[  5] 850.01-851.01 sec  0.00 Bytes  0.00 bits/sec                  
[  5] 851.01-852.01 sec  0.00 Bytes  0.00 bits/sec                  
[  5] 852.01-853.01 sec  0.00 Bytes  0.00 bits/sec                  
[  5] 853.01-854.01 sec  0.00 Bytes  0.00 bits/sec                  
[  5] 854.01-855.01 sec  0.00 Bytes  0.00 bits/sec                  
[  5] 855.01-856.01 sec  0.00 Bytes  0.00 bits/sec                  
[  5] 856.01-857.02 sec  1.41 KBytes  11.5 Kbits/sec                  
[  5] 857.02-858.01 sec  0.00 Bytes  0.00 bits/sec                  
[  5] 858.01-859.01 sec  2.83 KBytes  23.2 Kbits/sec                  
[  5] 859.01-860.01 sec  0.00 Bytes  0.00 bits/sec                  
[  5] 860.01-861.02 sec  1.26 MBytes  10.5 Mbits/sec                  
[  5] 861.02-862.06 sec  0.00 Bytes  0.00 bits/sec                  
[  5] 862.06-863.01 sec  0.00 Bytes  0.00 bits/sec                  
[  5] 863.01-864.02 sec   168 KBytes  1.37 Mbits/sec                  
[  5] 864.02-865.02 sec   197 KBytes  1.61 Mbits/sec                  
[  5] 865.02-866.01 sec  76.4 KBytes   628 Kbits/sec                  
[  5] 866.01-867.01 sec  0.00 Bytes  0.00 bits/sec                  
[  5] 867.01-868.07 sec  0.00 Bytes  0.00 bits/sec                  
[  5] 868.07-868.98 sec  0.00 Bytes  0.00 bits/sec                  
- - - - - - - - - - - - - - - - - - - - - - - - -
[ ID] Interval           Transfer     Bandwidth
[  5]   0.00-868.98 sec  0.00 Bytes  0.00 bits/sec                  sender
[  5]   0.00-868.98 sec  46.6 MBytes   450 Kbits/sec                  receiver
