Connecting to host 10.0.0.2, port 5201
[  4] local 10.0.0.1 port 46110 connected to 10.0.0.2 port 5201
[ ID] Interval           Transfer     Bandwidth       Retr  Cwnd
[  4]   0.00-1.00   sec   141 KBytes  1.16 Mbits/sec    0   42.4 KBytes       
[  4]   1.00-2.02   sec   137 KBytes  1.10 Mbits/sec    0   43.8 KBytes       
[  4]   2.02-3.00   sec  93.3 KBytes   779 Kbits/sec    0   48.1 KBytes       
[  4]   3.00-4.00   sec   103 KBytes   847 Kbits/sec    0   53.7 KBytes       
[  4]   4.00-5.02   sec   137 KBytes  1.10 Mbits/sec    0   77.8 KBytes       
[  4]   5.02-6.00   sec  74.9 KBytes   626 Kbits/sec    0   93.3 KBytes       
[  4]   6.00-7.00   sec  74.9 KBytes   615 Kbits/sec    0   93.3 KBytes       
[  4]   7.00-8.00   sec   150 KBytes  1.23 Mbits/sec    0   94.7 KBytes       
[  4]   8.00-9.00   sec   150 KBytes  1.23 Mbits/sec    0   94.7 KBytes       
[  4]   9.00-10.02  sec  74.9 KBytes   603 Kbits/sec    0   94.7 KBytes       
[  4]  10.02-11.00  sec   150 KBytes  1.25 Mbits/sec    0   94.7 KBytes       
[  4]  11.00-12.00  sec  74.9 KBytes   613 Kbits/sec    0   94.7 KBytes       
[  4]  12.00-13.00  sec   150 KBytes  1.23 Mbits/sec    0   94.7 KBytes       
[  4]  13.00-14.00  sec   150 KBytes  1.23 Mbits/sec    0   94.7 KBytes       
[  4]  14.00-15.00  sec  74.9 KBytes   614 Kbits/sec    0   94.7 KBytes       
[  4]  15.00-16.00  sec   153 KBytes  1.25 Mbits/sec    0    106 KBytes       
[  4]  16.00-17.00  sec  74.9 KBytes   614 Kbits/sec    0    144 KBytes       
[  4]  17.00-18.00  sec   150 KBytes  1.23 Mbits/sec    0    144 KBytes       
[  4]  18.00-19.00  sec   153 KBytes  1.25 Mbits/sec    0    144 KBytes       
[  4]  19.00-20.00  sec  74.9 KBytes   615 Kbits/sec    0    144 KBytes       
[  4]  20.00-21.00  sec   153 KBytes  1.25 Mbits/sec    0    144 KBytes       
[  4]  21.00-22.00  sec  74.9 KBytes   614 Kbits/sec    0    144 KBytes       
[  4]  22.00-23.00  sec  77.8 KBytes   637 Kbits/sec    0    144 KBytes       
[  4]  23.00-24.00  sec   150 KBytes  1.23 Mbits/sec    1    144 KBytes       
[  4]  24.00-25.00  sec  74.9 KBytes   614 Kbits/sec    0    144 KBytes       
[  4]  25.00-26.00  sec   150 KBytes  1.23 Mbits/sec    0    144 KBytes       
[  4]  26.00-27.00  sec  80.6 KBytes   660 Kbits/sec    0    144 KBytes       
[  4]  27.00-28.00  sec   150 KBytes  1.23 Mbits/sec    0    144 KBytes       
[  4]  28.00-29.00  sec  74.9 KBytes   615 Kbits/sec    0    144 KBytes       
[  4]  29.00-30.00  sec  74.9 KBytes   611 Kbits/sec    0    144 KBytes       
[  4]  30.00-31.00  sec   150 KBytes  1.23 Mbits/sec    0    144 KBytes       
[  4]  31.00-32.00  sec  74.9 KBytes   614 Kbits/sec    0    144 KBytes       
[  4]  32.00-33.12  sec  74.9 KBytes   549 Kbits/sec    0    144 KBytes       
[  4]  33.12-34.00  sec   150 KBytes  1.39 Mbits/sec    0    144 KBytes       
[  4]  34.00-35.00  sec  74.9 KBytes   613 Kbits/sec    0    144 KBytes       
[  4]  35.00-36.00  sec   150 KBytes  1.23 Mbits/sec    0    144 KBytes       
[  4]  36.00-37.00  sec  74.9 KBytes   614 Kbits/sec    0    144 KBytes       
[  4]  37.00-38.02  sec  74.9 KBytes   605 Kbits/sec    0    144 KBytes       
[  4]  38.02-39.00  sec  74.9 KBytes   622 Kbits/sec    1    144 KBytes       
[  4]  39.00-40.00  sec  74.9 KBytes   614 Kbits/sec    0    144 KBytes       
[  4]  40.00-41.00  sec   150 KBytes  1.23 Mbits/sec    0    144 KBytes       
[  4]  41.00-42.00  sec  74.9 KBytes   615 Kbits/sec    0    144 KBytes       
[  4]  42.00-43.00  sec   156 KBytes  1.27 Mbits/sec    0    144 KBytes       
[  4]  43.00-44.00  sec  74.9 KBytes   616 Kbits/sec    0    144 KBytes       
[  4]  44.00-45.00  sec  74.9 KBytes   613 Kbits/sec    0    144 KBytes       
[  4]  45.00-46.00  sec  74.9 KBytes   614 Kbits/sec    0    144 KBytes       
[  4]  46.00-47.01  sec  74.9 KBytes   610 Kbits/sec    0    144 KBytes       
[  4]  47.01-48.00  sec  74.9 KBytes   619 Kbits/sec    0    144 KBytes       
[  4]  48.00-49.00  sec  74.9 KBytes   611 Kbits/sec    0    144 KBytes       
[  4]  49.00-50.00  sec  74.9 KBytes   615 Kbits/sec    0    144 KBytes       
[  4]  50.00-51.00  sec  74.9 KBytes   614 Kbits/sec    0    144 KBytes       
[  4]  51.00-52.00  sec  74.9 KBytes   614 Kbits/sec    0    144 KBytes       
[  4]  52.00-53.01  sec  0.00 Bytes  0.00 bits/sec    0    144 KBytes       
[  4]  53.01-54.01  sec  74.9 KBytes   615 Kbits/sec    0    144 KBytes       
[  4]  54.01-55.01  sec  74.9 KBytes   609 Kbits/sec    0    144 KBytes       
[  4]  55.01-56.00  sec  74.9 KBytes   621 Kbits/sec    0    144 KBytes       
[  4]  56.00-57.00  sec  74.9 KBytes   615 Kbits/sec    0    144 KBytes       
[  4]  57.00-58.00  sec  74.9 KBytes   614 Kbits/sec    0    144 KBytes       
[  4]  58.00-59.00  sec  74.9 KBytes   613 Kbits/sec    0    144 KBytes       
[  4]  59.00-60.00  sec  77.8 KBytes   638 Kbits/sec    0    144 KBytes       
[  4]  60.00-61.00  sec  74.9 KBytes   614 Kbits/sec    0    144 KBytes       
[  4]  61.00-62.00  sec  74.9 KBytes   614 Kbits/sec    0    144 KBytes       
[  4]  62.00-63.00  sec  80.6 KBytes   660 Kbits/sec    0    144 KBytes       
[  4]  63.00-64.02  sec  0.00 Bytes  0.00 bits/sec    0    144 KBytes       
[  4]  64.02-65.08  sec  77.8 KBytes   601 Kbits/sec    1    144 KBytes       
[  4]  65.08-66.06  sec  0.00 Bytes  0.00 bits/sec    0    144 KBytes       
[  4]  66.06-67.01  sec  74.9 KBytes   646 Kbits/sec    0    144 KBytes       
[  4]  67.01-68.01  sec  77.8 KBytes   636 Kbits/sec    0    144 KBytes       
[  4]  68.01-69.02  sec  0.00 Bytes  0.00 bits/sec    0    144 KBytes       
[  4]  69.02-70.01  sec  74.9 KBytes   617 Kbits/sec    0    144 KBytes       
[  4]  70.01-71.01  sec  0.00 Bytes  0.00 bits/sec    0    144 KBytes       
[  4]  71.01-72.02  sec  74.9 KBytes   606 Kbits/sec    0    144 KBytes       
[  4]  72.02-73.02  sec  74.9 KBytes   617 Kbits/sec    0    144 KBytes       
[  4]  73.02-74.01  sec  0.00 Bytes  0.00 bits/sec    0    144 KBytes       
[  4]  74.01-75.02  sec  77.8 KBytes   630 Kbits/sec    0    144 KBytes       
[  4]  75.02-76.01  sec  74.9 KBytes   620 Kbits/sec    0    144 KBytes       
[  4]  76.01-77.01  sec  0.00 Bytes  0.00 bits/sec    0    144 KBytes       
[  4]  77.01-78.02  sec  74.9 KBytes   611 Kbits/sec    0    144 KBytes       
[  4]  78.02-79.01  sec  74.9 KBytes   617 Kbits/sec    0    144 KBytes       
[  4]  79.01-80.01  sec  0.00 Bytes  0.00 bits/sec    0    144 KBytes       
[  4]  80.01-81.01  sec  74.9 KBytes   614 Kbits/sec    0    144 KBytes       
[  4]  81.01-82.07  sec  74.9 KBytes   580 Kbits/sec    0    144 KBytes       
[  4]  82.07-83.02  sec  0.00 Bytes  0.00 bits/sec    0    144 KBytes       
[  4]  83.02-84.01  sec  74.9 KBytes   619 Kbits/sec    0    144 KBytes       
[  4]  84.01-85.01  sec  74.9 KBytes   614 Kbits/sec    0    144 KBytes       
[  4]  85.01-86.02  sec  0.00 Bytes  0.00 bits/sec    0    144 KBytes       
[  4]  86.02-87.01  sec  74.9 KBytes   617 Kbits/sec    0    144 KBytes       
[  4]  87.01-88.01  sec  74.9 KBytes   615 Kbits/sec    0    144 KBytes       
[  4]  88.01-89.01  sec  0.00 Bytes  0.00 bits/sec    0    144 KBytes       
[  4]  89.01-90.01  sec  80.6 KBytes   660 Kbits/sec    0    144 KBytes       
[  4]  90.01-91.01  sec  0.00 Bytes  0.00 bits/sec    0    144 KBytes       
[  4]  91.01-92.02  sec  74.9 KBytes   610 Kbits/sec    0    144 KBytes       
[  4]  92.02-93.02  sec  77.8 KBytes   639 Kbits/sec    0    144 KBytes       
[  4]  93.02-94.01  sec  0.00 Bytes  0.00 bits/sec    0    144 KBytes       
[  4]  94.01-95.01  sec  74.9 KBytes   614 Kbits/sec    0    144 KBytes       
[  4]  95.01-96.01  sec  74.9 KBytes   613 Kbits/sec    0    144 KBytes       
[  4]  96.01-97.01  sec  0.00 Bytes  0.00 bits/sec    0    144 KBytes       
[  4]  97.01-98.01  sec  74.9 KBytes   614 Kbits/sec    0    144 KBytes       
[  4]  98.01-99.01  sec  74.9 KBytes   614 Kbits/sec    0    144 KBytes       
[  4]  99.01-100.01 sec  0.00 Bytes  0.00 bits/sec    0    144 KBytes       
[  4] 100.01-101.01 sec  74.9 KBytes   614 Kbits/sec    0    144 KBytes       
[  4] 101.01-102.02 sec  74.9 KBytes   610 Kbits/sec    0    144 KBytes       
[  4] 102.02-103.01 sec  0.00 Bytes  0.00 bits/sec    0    144 KBytes       
[  4] 103.01-104.01 sec  77.8 KBytes   637 Kbits/sec    0    144 KBytes       
[  4] 104.01-105.02 sec  74.9 KBytes   612 Kbits/sec    0    144 KBytes       
[  4] 105.02-106.01 sec  0.00 Bytes  0.00 bits/sec    0    144 KBytes       
[  4] 106.01-107.01 sec  74.9 KBytes   614 Kbits/sec    0    144 KBytes       
[  4] 107.01-108.01 sec  74.9 KBytes   614 Kbits/sec    0    144 KBytes       
[  4] 108.01-109.06 sec  0.00 Bytes  0.00 bits/sec    0    144 KBytes       
[  4] 109.06-110.01 sec  0.00 Bytes  0.00 bits/sec    0    144 KBytes       
[  4] 110.01-111.01 sec  74.9 KBytes   614 Kbits/sec    1    144 KBytes       
[  4] 111.01-112.01 sec  77.8 KBytes   637 Kbits/sec    0    144 KBytes       
[  4] 112.01-113.02 sec  0.00 Bytes  0.00 bits/sec    0    144 KBytes       
[  4] 113.02-114.02 sec  74.9 KBytes   614 Kbits/sec    0    144 KBytes       
[  4] 114.02-115.01 sec  0.00 Bytes  0.00 bits/sec    0    144 KBytes       
[  4] 115.01-116.01 sec  77.8 KBytes   637 Kbits/sec    0    144 KBytes       
[  4] 116.01-117.02 sec  74.9 KBytes   609 Kbits/sec    0    144 KBytes       
[  4] 117.02-118.02 sec  0.00 Bytes  0.00 bits/sec    0    144 KBytes       
[  4] 118.02-119.02 sec  74.9 KBytes   610 Kbits/sec    0    144 KBytes       
[  4] 119.02-120.01 sec  74.9 KBytes   619 Kbits/sec    0    144 KBytes       
[  4] 120.01-121.01 sec  0.00 Bytes  0.00 bits/sec    0    144 KBytes       
[  4] 121.01-122.02 sec  74.9 KBytes   609 Kbits/sec    0    144 KBytes       
[  4] 122.02-123.01 sec  74.9 KBytes   619 Kbits/sec    0    144 KBytes       
[  4] 123.01-124.01 sec  0.00 Bytes  0.00 bits/sec    0    144 KBytes       
[  4] 124.01-125.01 sec  74.9 KBytes   614 Kbits/sec    0    144 KBytes       
[  4] 125.01-126.02 sec  77.8 KBytes   633 Kbits/sec    0    144 KBytes       
[  4] 126.02-127.01 sec  0.00 Bytes  0.00 bits/sec    0    144 KBytes       
[  4] 127.01-128.03 sec  74.9 KBytes   605 Kbits/sec    0    144 KBytes       
[  4] 128.03-129.02 sec  74.9 KBytes   620 Kbits/sec    0    144 KBytes       
[  4] 129.02-130.01 sec  0.00 Bytes  0.00 bits/sec    0    144 KBytes       
[  4] 130.01-131.02 sec  77.8 KBytes   634 Kbits/sec    0    144 KBytes       
[  4] 131.02-132.01 sec  0.00 Bytes  0.00 bits/sec    0    144 KBytes       
[  4] 132.01-133.02 sec  74.9 KBytes   613 Kbits/sec    0    144 KBytes       
[  4] 133.02-134.01 sec  74.9 KBytes   615 Kbits/sec    0    144 KBytes       
[  4] 134.01-135.02 sec  0.00 Bytes  0.00 bits/sec    0    144 KBytes       
[  4] 135.02-136.02 sec  74.9 KBytes   612 Kbits/sec    0    144 KBytes       
[  4] 136.02-137.02 sec  74.9 KBytes   616 Kbits/sec    0    144 KBytes       
[  4] 137.02-138.08 sec  0.00 Bytes  0.00 bits/sec    0    144 KBytes       
[  4] 138.08-139.02 sec  74.9 KBytes   651 Kbits/sec    0    144 KBytes       
[  4] 139.02-140.02 sec  74.9 KBytes   618 Kbits/sec    0    144 KBytes       
[  4] 140.02-141.02 sec  0.00 Bytes  0.00 bits/sec    0    144 KBytes       
[  4] 141.02-142.02 sec  74.9 KBytes   613 Kbits/sec    0    144 KBytes       
[  4] 142.02-143.02 sec  74.9 KBytes   614 Kbits/sec    0    144 KBytes       
[  4] 143.02-144.01 sec  0.00 Bytes  0.00 bits/sec    0    144 KBytes       
[  4] 144.01-145.02 sec  74.9 KBytes   608 Kbits/sec    0    144 KBytes       
[  4] 145.02-146.01 sec  74.9 KBytes   620 Kbits/sec    0    144 KBytes       
[  4] 146.01-147.02 sec  0.00 Bytes  0.00 bits/sec    0    144 KBytes       
[  4] 147.02-148.02 sec  74.9 KBytes   614 Kbits/sec    0    144 KBytes       
[  4] 148.02-149.02 sec  74.9 KBytes   617 Kbits/sec    0    144 KBytes       
[  4] 149.02-150.02 sec  0.00 Bytes  0.00 bits/sec    0    144 KBytes       
[  4] 150.02-151.01 sec  74.9 KBytes   615 Kbits/sec    0    144 KBytes       
[  4] 151.01-152.02 sec  0.00 Bytes  0.00 bits/sec    0    144 KBytes       
[  4] 152.02-153.02 sec  74.9 KBytes   609 Kbits/sec    0    144 KBytes       
[  4] 153.02-154.02 sec  74.9 KBytes   619 Kbits/sec    0    144 KBytes       
[  4] 154.02-155.07 sec  77.8 KBytes   604 Kbits/sec    0    144 KBytes       
[  4] 155.07-156.02 sec  0.00 Bytes  0.00 bits/sec    0    144 KBytes       
[  4] 156.02-157.02 sec  74.9 KBytes   617 Kbits/sec    0    144 KBytes       
[  4] 157.02-158.01 sec  0.00 Bytes  0.00 bits/sec    0    144 KBytes       
[  4] 158.01-159.02 sec  74.9 KBytes   611 Kbits/sec    0    144 KBytes       
[  4] 159.02-160.02 sec  77.8 KBytes   640 Kbits/sec    0    144 KBytes       
[  4] 160.02-161.01 sec  0.00 Bytes  0.00 bits/sec    0    144 KBytes       
[  4] 161.01-162.02 sec  77.8 KBytes   637 Kbits/sec    0    144 KBytes       
[  4] 162.02-163.02 sec  86.3 KBytes   703 Kbits/sec    0    144 KBytes       
[  4] 163.02-164.02 sec  0.00 Bytes  0.00 bits/sec    0    144 KBytes       
[  4] 164.02-165.02 sec  74.9 KBytes   613 Kbits/sec    0    144 KBytes       
[  4] 165.02-166.02 sec  0.00 Bytes  0.00 bits/sec    0    144 KBytes       
[  4] 166.02-167.02 sec  74.9 KBytes   614 Kbits/sec    1    144 KBytes       
[  4] 167.02-168.07 sec  0.00 Bytes  0.00 bits/sec    0    144 KBytes       
[  4] 168.07-169.02 sec  74.9 KBytes   643 Kbits/sec    0    144 KBytes       
[  4] 169.02-170.02 sec  74.9 KBytes   617 Kbits/sec    0    144 KBytes       
[  4] 170.02-171.02 sec  0.00 Bytes  0.00 bits/sec    0    144 KBytes       
[  4] 171.02-172.02 sec  74.9 KBytes   610 Kbits/sec    0    144 KBytes       
[  4] 172.02-173.02 sec  74.9 KBytes   614 Kbits/sec    0    144 KBytes       
[  4] 173.02-174.02 sec  0.00 Bytes  0.00 bits/sec    0    144 KBytes       
[  4] 174.02-175.01 sec  74.9 KBytes   617 Kbits/sec    0    144 KBytes       
[  4] 175.01-176.01 sec  63.6 KBytes   520 Kbits/sec    9    144 KBytes       
[  4] 176.01-177.01 sec  74.9 KBytes   617 Kbits/sec    0    144 KBytes       
[  4] 177.01-178.01 sec  0.00 Bytes  0.00 bits/sec    0    144 KBytes       
[  4] 178.01-179.07 sec  74.9 KBytes   576 Kbits/sec    0    144 KBytes       
[  4] 179.07-180.01 sec  74.9 KBytes   658 Kbits/sec    0    144 KBytes       
[  4] 180.01-181.01 sec  74.9 KBytes   616 Kbits/sec    0    144 KBytes       
[  4] 181.01-182.00 sec  74.9 KBytes   614 Kbits/sec    0    144 KBytes       
[  4] 182.00-183.01 sec  74.9 KBytes   611 Kbits/sec    0    144 KBytes       
[  4] 183.01-184.01 sec  74.9 KBytes   617 Kbits/sec    0    144 KBytes       
[  4] 184.01-185.01 sec  74.9 KBytes   613 Kbits/sec    0    144 KBytes       
[  4] 185.01-186.01 sec  74.9 KBytes   614 Kbits/sec    0    144 KBytes       
[  4] 186.01-187.01 sec  74.9 KBytes   614 Kbits/sec    0    144 KBytes       
[  4] 187.01-188.00 sec  74.9 KBytes   615 Kbits/sec    0    144 KBytes       
[  4] 188.00-189.00 sec  74.9 KBytes   614 Kbits/sec    0    144 KBytes       
[  4] 189.00-190.00 sec  83.4 KBytes   683 Kbits/sec    0    144 KBytes       
[  4] 190.00-191.00 sec  0.00 Bytes  0.00 bits/sec    0    144 KBytes       
[  4] 191.00-192.00 sec   173 KBytes  1.41 Mbits/sec    0    144 KBytes       
[  4] 192.00-193.00 sec   140 KBytes  1.15 Mbits/sec    0    144 KBytes       
[  4] 193.00-194.00 sec  0.00 Bytes  0.00 bits/sec    0    144 KBytes       
[  4] 194.00-195.01 sec   178 KBytes  1.46 Mbits/sec    0    144 KBytes       
[  4] 195.01-196.00 sec  74.9 KBytes   616 Kbits/sec    0    144 KBytes       
[  4] 196.00-197.01 sec  74.9 KBytes   612 Kbits/sec    0    144 KBytes       
[  4] 197.01-198.00 sec  74.9 KBytes   615 Kbits/sec    0    144 KBytes       
[  4] 198.00-199.01 sec  74.9 KBytes   613 Kbits/sec    0    144 KBytes       
[  4] 199.01-200.00 sec  74.9 KBytes   615 Kbits/sec    0    144 KBytes       
[  4] 200.00-201.00 sec  77.8 KBytes   637 Kbits/sec    0    144 KBytes       
[  4] 201.00-202.00 sec  74.9 KBytes   614 Kbits/sec    0    144 KBytes       
[  4] 202.00-203.00 sec  74.9 KBytes   614 Kbits/sec    0    144 KBytes       
[  4] 203.00-204.00 sec  74.9 KBytes   614 Kbits/sec    0    144 KBytes       
[  4] 204.00-205.02 sec  74.9 KBytes   606 Kbits/sec    0    144 KBytes       
[  4] 205.02-206.01 sec  74.9 KBytes   619 Kbits/sec    0    144 KBytes       
[  4] 206.01-207.00 sec  74.9 KBytes   617 Kbits/sec    0    144 KBytes       
[  4] 207.00-208.02 sec  74.9 KBytes   606 Kbits/sec    0    144 KBytes       
[  4] 208.02-209.01 sec  74.9 KBytes   620 Kbits/sec    0    144 KBytes       
[  4] 209.01-210.00 sec  74.9 KBytes   615 Kbits/sec    0    144 KBytes       
[  4] 210.00-211.01 sec  74.9 KBytes   612 Kbits/sec    0    144 KBytes       
[  4] 211.01-212.00 sec  74.9 KBytes   616 Kbits/sec    0    144 KBytes       
[  4] 212.00-213.00 sec  74.9 KBytes   614 Kbits/sec    0    144 KBytes       
[  4] 213.00-214.01 sec  74.9 KBytes   613 Kbits/sec    0    144 KBytes       
[  4] 214.01-215.03 sec  74.9 KBytes   599 Kbits/sec    0    144 KBytes       
[  4] 215.03-216.01 sec  74.9 KBytes   629 Kbits/sec    0    144 KBytes       
[  4] 216.01-217.01 sec  74.9 KBytes   615 Kbits/sec    0    144 KBytes       
[  4] 217.01-218.01 sec  77.8 KBytes   637 Kbits/sec    0    144 KBytes       
[  4] 218.01-219.01 sec  74.9 KBytes   614 Kbits/sec    0    144 KBytes       
[  4] 219.01-220.01 sec  74.9 KBytes   610 Kbits/sec    0    144 KBytes       
[  4] 220.01-221.01 sec  74.9 KBytes   617 Kbits/sec    0    144 KBytes       
[  4] 221.01-222.01 sec  74.9 KBytes   614 Kbits/sec    0    144 KBytes       
[  4] 222.01-223.01 sec  74.9 KBytes   614 Kbits/sec    0    144 KBytes       
[  4] 223.01-224.01 sec  74.9 KBytes   612 Kbits/sec    0    144 KBytes       
[  4] 224.01-225.01 sec  74.9 KBytes   612 Kbits/sec    0    144 KBytes       
[  4] 225.01-226.01 sec  74.9 KBytes   614 Kbits/sec    0    144 KBytes       
[  4] 226.01-227.01 sec  74.9 KBytes   615 Kbits/sec    0    144 KBytes       
[  4] 227.01-228.01 sec  0.00 Bytes  0.00 bits/sec    0    144 KBytes       
[  4] 228.01-229.01 sec  74.9 KBytes   614 Kbits/sec    0    144 KBytes       
[  4] 229.01-230.01 sec  74.9 KBytes   613 Kbits/sec    0    144 KBytes       
[  4] 230.01-231.02 sec  83.4 KBytes   682 Kbits/sec    0    144 KBytes       
[  4] 231.02-232.02 sec  0.00 Bytes  0.00 bits/sec    0    144 KBytes       
[  4] 232.02-233.02 sec  74.9 KBytes   613 Kbits/sec    0    144 KBytes       
[  4] 233.02-234.02 sec  77.8 KBytes   637 Kbits/sec    0    144 KBytes       
[  4] 234.02-235.08 sec  0.00 Bytes  0.00 bits/sec    0    144 KBytes       
[  4] 235.08-236.02 sec  74.9 KBytes   653 Kbits/sec    0    144 KBytes       
[  4] 236.02-237.02 sec  74.9 KBytes   613 Kbits/sec    0    144 KBytes       
[  4] 237.02-238.02 sec  0.00 Bytes  0.00 bits/sec    0    144 KBytes       
[  4] 238.02-239.02 sec  74.9 KBytes   616 Kbits/sec    0    144 KBytes       
[  4] 239.02-240.02 sec  74.9 KBytes   613 Kbits/sec    0    144 KBytes       
[  4] 240.02-241.02 sec  0.00 Bytes  0.00 bits/sec    0    144 KBytes       
[  4] 241.02-242.02 sec  77.8 KBytes   635 Kbits/sec    0    144 KBytes       
[  4] 242.02-243.02 sec  74.9 KBytes   615 Kbits/sec    0    144 KBytes       
[  4] 243.02-244.02 sec  0.00 Bytes  0.00 bits/sec    0    144 KBytes       
[  4] 244.02-245.03 sec  74.9 KBytes   610 Kbits/sec    0    144 KBytes       
[  4] 245.03-246.02 sec   143 KBytes  1.18 Mbits/sec    0    144 KBytes       
[  4] 246.02-247.02 sec  0.00 Bytes  0.00 bits/sec    0    144 KBytes       
[  4] 247.02-248.13 sec  74.9 KBytes   554 Kbits/sec    0    144 KBytes       
[  4] 248.13-249.02 sec  0.00 Bytes  0.00 bits/sec    0    144 KBytes       
[  4] 249.02-250.02 sec  74.9 KBytes   614 Kbits/sec    0    144 KBytes       
[  4] 250.02-251.02 sec  74.9 KBytes   612 Kbits/sec    0    144 KBytes       
[  4] 251.02-252.02 sec  0.00 Bytes  0.00 bits/sec    0    144 KBytes       
[  4] 252.02-253.02 sec  77.8 KBytes   636 Kbits/sec    0    144 KBytes       
[  4] 253.02-254.02 sec  77.8 KBytes   637 Kbits/sec    0    144 KBytes       
[  4] 254.02-255.02 sec  0.00 Bytes  0.00 bits/sec    0    144 KBytes       
[  4] 255.02-256.02 sec  0.00 Bytes  0.00 bits/sec    1    144 KBytes       
[  4] 256.02-257.03 sec  74.9 KBytes   610 Kbits/sec    0    144 KBytes       
[  4] 257.03-258.02 sec  74.9 KBytes   618 Kbits/sec    0    144 KBytes       
[  4] 258.02-259.02 sec  0.00 Bytes  0.00 bits/sec    0    144 KBytes       
[  4] 259.02-260.02 sec  74.9 KBytes   617 Kbits/sec    0    144 KBytes       
[  4] 260.02-261.02 sec  86.3 KBytes   704 Kbits/sec    0    144 KBytes       
[  4] 261.02-262.03 sec  0.00 Bytes  0.00 bits/sec    0    144 KBytes       
[  4] 262.03-263.02 sec  77.8 KBytes   641 Kbits/sec    0    144 KBytes       
[  4] 263.02-264.02 sec   120 KBytes   982 Kbits/sec    0    144 KBytes       
[  4] 264.02-265.02 sec  0.00 Bytes  0.00 bits/sec    0    144 KBytes       
[  4] 265.02-266.02 sec  77.8 KBytes   641 Kbits/sec    0    144 KBytes       
[  4] 266.02-267.03 sec  0.00 Bytes  0.00 bits/sec    0    144 KBytes       
[  4] 267.03-268.02 sec  77.8 KBytes   639 Kbits/sec    0    144 KBytes       
[  4] 268.02-269.02 sec  74.9 KBytes   615 Kbits/sec    0    144 KBytes       
[  4] 269.02-270.02 sec  0.00 Bytes  0.00 bits/sec    0    144 KBytes       
[  4] 270.02-271.02 sec  74.9 KBytes   616 Kbits/sec    0    144 KBytes       
[  4] 271.02-272.02 sec  74.9 KBytes   614 Kbits/sec    0    144 KBytes       
[  4] 272.02-273.02 sec  0.00 Bytes  0.00 bits/sec    0    144 KBytes       
[  4] 273.02-274.02 sec  77.8 KBytes   639 Kbits/sec    0    144 KBytes       
[  4] 274.02-275.03 sec  74.9 KBytes   606 Kbits/sec    0    144 KBytes       
[  4] 275.03-276.03 sec  0.00 Bytes  0.00 bits/sec    0    144 KBytes       
[  4] 276.03-277.02 sec  74.9 KBytes   616 Kbits/sec    0    144 KBytes       
[  4] 277.02-278.02 sec  0.00 Bytes  0.00 bits/sec    0    144 KBytes       
[  4] 278.02-279.02 sec  74.9 KBytes   614 Kbits/sec    0    144 KBytes       
[  4] 279.02-280.02 sec  77.8 KBytes   637 Kbits/sec    0    144 KBytes       
[  4] 280.02-281.02 sec  0.00 Bytes  0.00 bits/sec    0    144 KBytes       
[  4] 281.02-282.02 sec  74.9 KBytes   614 Kbits/sec    0    144 KBytes       
[  4] 282.02-283.02 sec  74.9 KBytes   614 Kbits/sec    0    144 KBytes       
[  4] 283.02-284.02 sec  0.00 Bytes  0.00 bits/sec    0    144 KBytes       
[  4] 284.02-285.02 sec  74.9 KBytes   617 Kbits/sec    0    144 KBytes       
[  4] 285.02-286.02 sec  74.9 KBytes   615 Kbits/sec    0    144 KBytes       
[  4] 286.02-287.01 sec  0.00 Bytes  0.00 bits/sec    0    144 KBytes       
[  4] 287.01-288.02 sec  74.9 KBytes   613 Kbits/sec    0    144 KBytes       
[  4] 288.02-289.01 sec  74.9 KBytes   616 Kbits/sec    0    144 KBytes       
[  4] 289.01-290.01 sec  74.9 KBytes   614 Kbits/sec    0    144 KBytes       
[  4] 290.01-291.01 sec  74.9 KBytes   613 Kbits/sec    0    144 KBytes       
[  4] 291.01-292.01 sec  89.1 KBytes   731 Kbits/sec    0    144 KBytes       
[  4] 292.01-293.01 sec  74.9 KBytes   614 Kbits/sec    0    144 KBytes       
[  4] 293.01-294.01 sec  0.00 Bytes  0.00 bits/sec    0    144 KBytes       
[  4] 294.01-295.01 sec  80.6 KBytes   661 Kbits/sec    0    144 KBytes       
[  4] 295.01-296.01 sec  74.9 KBytes   611 Kbits/sec    0    144 KBytes       
[  4] 296.01-297.01 sec  74.9 KBytes   617 Kbits/sec    0    144 KBytes       
[  4] 297.01-298.01 sec  74.9 KBytes   614 Kbits/sec    0    144 KBytes       
[  4] 298.01-299.02 sec  74.9 KBytes   611 Kbits/sec    0    144 KBytes       
[  4] 299.02-300.07 sec  74.9 KBytes   581 Kbits/sec    0    144 KBytes       
[  4] 300.07-301.01 sec  74.9 KBytes   655 Kbits/sec    0    144 KBytes       
[  4] 301.01-302.01 sec  74.9 KBytes   614 Kbits/sec    0    144 KBytes       
[  4] 302.01-303.01 sec  74.9 KBytes   611 Kbits/sec    0    144 KBytes       
[  4] 303.01-304.01 sec  77.8 KBytes   641 Kbits/sec    0    144 KBytes       
[  4] 304.01-305.01 sec  0.00 Bytes  0.00 bits/sec    0    144 KBytes       
[  4] 305.01-306.03 sec   156 KBytes  1.25 Mbits/sec    0    144 KBytes       
[  4] 306.03-307.01 sec  94.7 KBytes   793 Kbits/sec    0    144 KBytes       
[  4] 307.01-308.01 sec   126 KBytes  1.03 Mbits/sec    0    144 KBytes       
[  4] 308.01-309.02 sec  0.00 Bytes  0.00 bits/sec    0    144 KBytes       
[  4] 309.02-310.01 sec  74.9 KBytes   619 Kbits/sec    0    144 KBytes       
[  4] 310.01-311.01 sec   150 KBytes  1.23 Mbits/sec    0    144 KBytes       
[  4] 311.01-312.03 sec  74.9 KBytes   599 Kbits/sec    0    144 KBytes       
[  4] 312.03-313.01 sec  74.9 KBytes   629 Kbits/sec    0    144 KBytes       
[  4] 313.01-314.01 sec  77.8 KBytes   637 Kbits/sec    0    144 KBytes       
[  4] 314.01-315.01 sec  0.00 Bytes  0.00 bits/sec    0    144 KBytes       
[  4] 315.01-316.01 sec  74.9 KBytes   616 Kbits/sec    0    144 KBytes       
[  4] 316.01-317.01 sec  74.9 KBytes   612 Kbits/sec    0    144 KBytes       
[  4] 317.01-318.01 sec  74.9 KBytes   615 Kbits/sec    0    144 KBytes       
[  4] 318.01-319.01 sec  74.9 KBytes   614 Kbits/sec    0    144 KBytes       
[  4] 319.01-320.01 sec  77.8 KBytes   637 Kbits/sec    0    144 KBytes       
[  4] 320.01-321.01 sec  74.9 KBytes   614 Kbits/sec    0    144 KBytes       
[  4] 321.01-322.01 sec  74.9 KBytes   613 Kbits/sec    0    144 KBytes       
[  4] 322.01-323.01 sec  74.9 KBytes   615 Kbits/sec    0    144 KBytes       
[  4] 323.01-324.01 sec  74.9 KBytes   614 Kbits/sec    0    144 KBytes       
[  4] 324.01-325.01 sec  74.9 KBytes   613 Kbits/sec    0    144 KBytes       
[  4] 325.01-326.01 sec  74.9 KBytes   614 Kbits/sec    0    144 KBytes       
[  4] 326.01-327.01 sec  74.9 KBytes   613 Kbits/sec    0    144 KBytes       
[  4] 327.01-328.01 sec  74.9 KBytes   615 Kbits/sec    0    144 KBytes       
[  4] 328.01-329.01 sec  74.9 KBytes   614 Kbits/sec    0    144 KBytes       
[  4] 329.01-330.01 sec  74.9 KBytes   614 Kbits/sec    0    144 KBytes       
[  4] 330.01-331.01 sec  77.8 KBytes   634 Kbits/sec    0    144 KBytes       
[  4] 331.01-332.01 sec  74.9 KBytes   616 Kbits/sec    0    144 KBytes       
[  4] 332.01-333.02 sec  74.9 KBytes   611 Kbits/sec    0    144 KBytes       
[  4] 333.02-334.01 sec  74.9 KBytes   616 Kbits/sec    0    144 KBytes       
[  4] 334.01-335.01 sec  74.9 KBytes   614 Kbits/sec    0    144 KBytes       
[  4] 335.01-336.02 sec  74.9 KBytes   611 Kbits/sec    0    144 KBytes       
[  4] 336.02-337.02 sec  74.9 KBytes   614 Kbits/sec    0    144 KBytes       
[  4] 337.02-338.01 sec  74.9 KBytes   616 Kbits/sec    0    144 KBytes       
[  4] 338.01-339.01 sec  74.9 KBytes   614 Kbits/sec    0    144 KBytes       
[  4] 339.01-340.01 sec  97.6 KBytes   799 Kbits/sec    0    144 KBytes       
[  4] 340.01-341.02 sec   148 KBytes  1.21 Mbits/sec    0    144 KBytes       
[  4] 341.02-342.01 sec  0.00 Bytes  0.00 bits/sec    0    156 KBytes       
[  4] 342.01-343.01 sec  77.8 KBytes   637 Kbits/sec    1    156 KBytes       
[  4] 343.01-344.02 sec  74.9 KBytes   610 Kbits/sec    0    156 KBytes       
[  4] 344.02-345.01 sec  74.9 KBytes   618 Kbits/sec    0    156 KBytes       
[  4] 345.01-346.01 sec  74.9 KBytes   614 Kbits/sec    0    156 KBytes       
[  4] 346.01-347.01 sec  74.9 KBytes   614 Kbits/sec    0    156 KBytes       
[  4] 347.01-348.02 sec  74.9 KBytes   613 Kbits/sec    0    156 KBytes       
[  4] 348.02-349.01 sec  0.00 Bytes  0.00 bits/sec    0    156 KBytes       
[  4] 349.01-350.02 sec  74.9 KBytes   613 Kbits/sec    0    156 KBytes       
[  4] 350.02-351.01 sec  77.8 KBytes   637 Kbits/sec    0    156 KBytes       
[  4] 351.01-352.02 sec  74.9 KBytes   611 Kbits/sec    0    156 KBytes       
[  4] 352.02-353.01 sec  74.9 KBytes   617 Kbits/sec    0    156 KBytes       
[  4] 353.01-354.02 sec  74.9 KBytes   613 Kbits/sec    0    156 KBytes       
[  4] 354.02-355.02 sec  74.9 KBytes   613 Kbits/sec    0    156 KBytes       
[  4] 355.02-356.02 sec   117 KBytes   959 Kbits/sec    0    156 KBytes       
[  4] 356.02-357.02 sec  0.00 Bytes  0.00 bits/sec    0    156 KBytes       
[  4] 357.02-358.02 sec  74.9 KBytes   615 Kbits/sec    0    156 KBytes       
[  4] 358.02-359.02 sec  74.9 KBytes   613 Kbits/sec    0    156 KBytes       
[  4] 359.02-360.02 sec  0.00 Bytes  0.00 bits/sec    0    156 KBytes       
[  4] 360.02-361.02 sec  74.9 KBytes   613 Kbits/sec    0    156 KBytes       
[  4] 361.02-362.02 sec  74.9 KBytes   614 Kbits/sec    0    156 KBytes       
[  4] 362.02-363.03 sec  74.9 KBytes   609 Kbits/sec    0    156 KBytes       
[  4] 363.03-364.02 sec  0.00 Bytes  0.00 bits/sec    0    156 KBytes       
[  4] 364.02-365.03 sec  83.4 KBytes   676 Kbits/sec    0    156 KBytes       
[  4] 365.03-366.02 sec  74.9 KBytes   621 Kbits/sec    0    156 KBytes       
[  4] 366.02-367.02 sec  0.00 Bytes  0.00 bits/sec    0    156 KBytes       
[  4] 367.02-368.02 sec  74.9 KBytes   614 Kbits/sec    0    156 KBytes       
[  4] 368.02-369.03 sec  74.9 KBytes   609 Kbits/sec    0    156 KBytes       
[  4] 369.03-370.02 sec  0.00 Bytes  0.00 bits/sec    0    156 KBytes       
[  4] 370.02-371.02 sec  74.9 KBytes   614 Kbits/sec    0    156 KBytes       
[  4] 371.02-372.03 sec  0.00 Bytes  0.00 bits/sec    0    156 KBytes       
[  4] 372.03-373.02 sec  77.8 KBytes   639 Kbits/sec    0    156 KBytes       
[  4] 373.02-374.03 sec  74.9 KBytes   612 Kbits/sec    0    156 KBytes       
[  4] 374.03-375.02 sec  0.00 Bytes  0.00 bits/sec    0    156 KBytes       
[  4] 375.02-376.02 sec  74.9 KBytes   614 Kbits/sec    0    156 KBytes       
[  4] 376.02-377.02 sec  0.00 Bytes  0.00 bits/sec    0    156 KBytes       
[  4] 377.02-378.03 sec  74.9 KBytes   613 Kbits/sec    0    156 KBytes       
[  4] 378.03-379.02 sec  77.8 KBytes   638 Kbits/sec    0    156 KBytes       
[  4] 379.02-380.03 sec  77.8 KBytes   635 Kbits/sec    0    156 KBytes       
[  4] 380.03-381.02 sec  0.00 Bytes  0.00 bits/sec    0    156 KBytes       
[  4] 381.02-382.02 sec  80.6 KBytes   660 Kbits/sec    0    156 KBytes       
[  4] 382.02-383.02 sec  0.00 Bytes  0.00 bits/sec    0    156 KBytes       
[  4] 383.02-384.03 sec  74.9 KBytes   613 Kbits/sec    0    156 KBytes       
[  4] 384.03-385.02 sec  74.9 KBytes   615 Kbits/sec    0    156 KBytes       
[  4] 385.02-386.03 sec  0.00 Bytes  0.00 bits/sec    0    156 KBytes       
[  4] 386.03-387.03 sec  74.9 KBytes   612 Kbits/sec    0    156 KBytes       
[  4] 387.03-388.03 sec  74.9 KBytes   618 Kbits/sec    0    156 KBytes       
[  4] 388.03-389.03 sec  0.00 Bytes  0.00 bits/sec    0    156 KBytes       
[  4] 389.03-390.02 sec  74.9 KBytes   619 Kbits/sec    0    156 KBytes       
[  4] 390.02-391.03 sec  74.9 KBytes   608 Kbits/sec    0    156 KBytes       
[  4] 391.03-392.02 sec  0.00 Bytes  0.00 bits/sec    0    156 KBytes       
[  4] 392.02-393.02 sec  74.9 KBytes   612 Kbits/sec    0    156 KBytes       
[  4] 393.02-394.02 sec  74.9 KBytes   618 Kbits/sec    0    156 KBytes       
[  4] 394.02-394.54 sec  74.9 KBytes  1.18 Mbits/sec    0    156 KBytes       
- - - - - - - - - - - - - - - - - - - - - - - - -
[ ID] Interval           Transfer     Bandwidth       Retr
[  4]   0.00-394.54 sec  25.0 MBytes   532 Kbits/sec   16             sender
[  4]   0.00-394.54 sec  24.9 MBytes   530 Kbits/sec                  receiver

iperf Done.
