-----------------------------------------------------------
Server listening on 5201
-----------------------------------------------------------
Accepted connection from 10.0.0.1, port 36925
[  5] local 10.0.0.2 port 5201 connected to 10.0.0.1 port 46110
[ ID] Interval           Transfer     Bandwidth
[  5]   0.00-1.00   sec  0.00 Bytes  0.00 bits/sec                  
[  5]   1.00-2.00   sec  14.1 KBytes   116 Kbits/sec                  
[  5]   2.00-3.00   sec  28.3 KBytes   232 Kbits/sec                  
[  5]   3.00-4.00   sec  31.1 KBytes   255 Kbits/sec                  
[  5]   4.00-5.00   sec  11.3 KBytes  92.7 Kbits/sec                  
[  5]   5.00-6.00   sec  48.1 KBytes   394 Kbits/sec                  
[  5]   6.00-7.00   sec  0.00 Bytes  0.00 bits/sec                  
[  5]   7.00-8.00   sec  2.83 KBytes  23.2 Kbits/sec                  
[  5]   8.00-9.00   sec  66.5 KBytes   544 Kbits/sec                  
[  5]   9.00-10.00  sec  67.9 KBytes   556 Kbits/sec                  
[  5]  10.00-11.00  sec  31.1 KBytes   255 Kbits/sec                  
[  5]  11.00-12.00  sec  0.00 Bytes  0.00 bits/sec                  
[  5]  12.00-13.00  sec  0.00 Bytes  0.00 bits/sec                  
[  5]  13.00-14.00  sec   148 KBytes  1.22 Mbits/sec                  
[  5]  14.00-15.00  sec  69.3 KBytes   568 Kbits/sec                  
[  5]  15.00-16.00  sec   147 KBytes  1.20 Mbits/sec                  
[  5]  16.00-17.00  sec  0.00 Bytes  0.00 bits/sec                  
[  5]  17.00-18.00  sec   311 KBytes  2.55 Mbits/sec                  
[  5]  18.00-19.00  sec  12.7 KBytes   104 Kbits/sec                  
[  5]  19.00-20.00  sec  0.00 Bytes  0.00 bits/sec                  
[  5]  20.00-21.00  sec  0.00 Bytes  0.00 bits/sec                  
[  5]  21.00-22.00  sec  0.00 Bytes  0.00 bits/sec                  
[  5]  22.00-23.00  sec  0.00 Bytes  0.00 bits/sec                  
[  5]  23.00-24.00  sec  0.00 Bytes  0.00 bits/sec                  
[  5]  24.00-25.00  sec   488 KBytes  4.00 Mbits/sec                  
[  5]  25.00-26.00  sec  0.00 Bytes  0.00 bits/sec                  
[  5]  26.00-27.00  sec  14.1 KBytes   116 Kbits/sec                  
[  5]  27.00-28.00  sec  77.8 KBytes   636 Kbits/sec                  
[  5]  28.00-29.00  sec  0.00 Bytes  0.00 bits/sec                  
[  5]  29.00-30.00  sec   269 KBytes  2.20 Mbits/sec                  
[  5]  30.00-31.00  sec  31.1 KBytes   255 Kbits/sec                  
[  5]  31.00-32.00  sec  0.00 Bytes  0.00 bits/sec                  
[  5]  32.00-33.00  sec   513 KBytes  4.21 Mbits/sec                  
[  5]  33.00-34.00  sec  1.41 KBytes  11.6 Kbits/sec                  
[  5]  34.00-35.00  sec  0.00 Bytes  0.00 bits/sec                  
[  5]  35.00-36.00  sec   239 KBytes  1.96 Mbits/sec                  
[  5]  36.00-37.00  sec  0.00 Bytes  0.00 bits/sec                  
[  5]  37.00-38.00  sec   137 KBytes  1.13 Mbits/sec                  
[  5]  38.00-39.00  sec  2.83 KBytes  23.2 Kbits/sec                  
[  5]  39.00-40.00  sec  0.00 Bytes  0.00 bits/sec                  
[  5]  40.00-41.01  sec   249 KBytes  2.03 Mbits/sec                  
[  5]  41.01-42.00  sec  0.00 Bytes  0.00 bits/sec                  
[  5]  42.00-43.00  sec  0.00 Bytes  0.00 bits/sec                  
[  5]  43.00-44.00  sec   273 KBytes  2.24 Mbits/sec                  
[  5]  44.00-45.03  sec  0.00 Bytes  0.00 bits/sec                  
[  5]  45.03-46.00  sec   107 KBytes   907 Kbits/sec                  
[  5]  46.00-47.00  sec  93.3 KBytes   764 Kbits/sec                  
[  5]  47.00-48.00  sec  0.00 Bytes  0.00 bits/sec                  
[  5]  48.00-49.00  sec   126 KBytes  1.03 Mbits/sec                  
[  5]  49.00-50.00  sec  90.5 KBytes   741 Kbits/sec                  
[  5]  50.00-51.00  sec  0.00 Bytes  0.00 bits/sec                  
[  5]  51.00-52.00  sec  0.00 Bytes  0.00 bits/sec                  
[  5]  52.00-53.00  sec  0.00 Bytes  0.00 bits/sec                  
[  5]  53.00-54.00  sec  0.00 Bytes  0.00 bits/sec                  
[  5]  54.00-55.00  sec   369 KBytes  3.03 Mbits/sec                  
[  5]  55.00-56.00  sec  0.00 Bytes  0.00 bits/sec                  
[  5]  56.00-57.00  sec   197 KBytes  1.61 Mbits/sec                  
[  5]  57.00-58.00  sec  0.00 Bytes  0.00 bits/sec                  
[  5]  58.00-59.00  sec   126 KBytes  1.03 Mbits/sec                  
[  5]  59.00-60.00  sec  2.83 KBytes  23.2 Kbits/sec                  
[  5]  60.00-61.00  sec  83.4 KBytes   683 Kbits/sec                  
[  5]  61.00-62.00  sec  0.00 Bytes  0.00 bits/sec                  
[  5]  62.00-63.02  sec  0.00 Bytes  0.00 bits/sec                  
[  5]  63.02-64.00  sec  1.41 KBytes  11.9 Kbits/sec                  
[  5]  64.00-65.01  sec  0.00 Bytes  0.00 bits/sec                  
[  5]  65.01-66.00  sec  0.00 Bytes  0.00 bits/sec                  
[  5]  66.00-67.00  sec  0.00 Bytes  0.00 bits/sec                  
[  5]  67.00-68.00  sec   223 KBytes  1.83 Mbits/sec                  
[  5]  68.00-69.00  sec  0.00 Bytes  0.00 bits/sec                  
[  5]  69.00-70.00  sec   147 KBytes  1.20 Mbits/sec                  
[  5]  70.00-71.00  sec  0.00 Bytes  0.00 bits/sec                  
[  5]  71.00-72.00  sec  56.6 KBytes   464 Kbits/sec                  
[  5]  72.00-73.00  sec  17.0 KBytes   139 Kbits/sec                  
[  5]  73.00-74.00  sec  0.00 Bytes  0.00 bits/sec                  
[  5]  74.00-75.00  sec  83.4 KBytes   684 Kbits/sec                  
[  5]  75.00-76.00  sec  0.00 Bytes  0.00 bits/sec                  
[  5]  76.00-77.00  sec  83.4 KBytes   682 Kbits/sec                  
[  5]  77.00-78.00  sec  7.07 KBytes  57.9 Kbits/sec                  
[  5]  78.00-79.00  sec  67.9 KBytes   555 Kbits/sec                  
[  5]  79.00-80.00  sec  60.8 KBytes   499 Kbits/sec                  
[  5]  80.00-81.00  sec  0.00 Bytes  0.00 bits/sec                  
[  5]  81.00-82.00  sec   191 KBytes  1.56 Mbits/sec                  
[  5]  82.00-83.00  sec  2.83 KBytes  23.2 Kbits/sec                  
[  5]  83.00-84.00  sec  0.00 Bytes  0.00 bits/sec                  
[  5]  84.00-85.00  sec  18.4 KBytes   150 Kbits/sec                  
[  5]  85.00-86.00  sec  0.00 Bytes  0.00 bits/sec                  
[  5]  86.00-87.00  sec  18.4 KBytes   151 Kbits/sec                  
[  5]  87.00-88.00  sec  0.00 Bytes  0.00 bits/sec                  
[  5]  88.00-89.00  sec  0.00 Bytes  0.00 bits/sec                  
[  5]  89.00-90.00  sec   477 KBytes  3.91 Mbits/sec                  
[  5]  90.00-91.00  sec  8.48 KBytes  69.5 Kbits/sec                  
[  5]  91.00-92.00  sec   106 KBytes   870 Kbits/sec                  
[  5]  92.00-93.01  sec  76.4 KBytes   622 Kbits/sec                  
[  5]  93.01-94.00  sec  0.00 Bytes  0.00 bits/sec                  
[  5]  94.00-95.01  sec  0.00 Bytes  0.00 bits/sec                  
[  5]  95.01-96.00  sec  0.00 Bytes  0.00 bits/sec                  
[  5]  96.00-97.01  sec  0.00 Bytes  0.00 bits/sec                  
[  5]  97.01-98.00  sec   212 KBytes  1.75 Mbits/sec                  
[  5]  98.00-99.00  sec  8.48 KBytes  69.6 Kbits/sec                  
[  5]  99.00-100.00 sec  28.3 KBytes   232 Kbits/sec                  
[  5] 100.00-101.00 sec  84.8 KBytes   694 Kbits/sec                  
[  5] 101.00-102.00 sec  0.00 Bytes  0.00 bits/sec                  
[  5] 102.00-103.00 sec  87.7 KBytes   718 Kbits/sec                  
[  5] 103.00-104.00 sec  33.9 KBytes   278 Kbits/sec                  
[  5] 104.00-105.00 sec  0.00 Bytes  0.00 bits/sec                  
[  5] 105.00-106.00 sec  32.5 KBytes   266 Kbits/sec                  
[  5] 106.00-107.02 sec  89.1 KBytes   718 Kbits/sec                  
[  5] 107.02-108.15 sec  12.7 KBytes  92.0 Kbits/sec                  
[  5] 108.15-109.00 sec  0.00 Bytes  0.00 bits/sec                  
[  5] 109.00-110.00 sec  48.1 KBytes   395 Kbits/sec                  
[  5] 110.00-111.00 sec   122 KBytes   994 Kbits/sec                  
[  5] 111.00-112.00 sec  0.00 Bytes  0.00 bits/sec                  
[  5] 112.00-113.01 sec  0.00 Bytes  0.00 bits/sec                  
[  5] 113.01-114.01 sec   290 KBytes  2.37 Mbits/sec                  
[  5] 114.01-115.00 sec  15.6 KBytes   128 Kbits/sec                  
[  5] 115.00-116.00 sec  0.00 Bytes  0.00 bits/sec                  
[  5] 116.00-117.00 sec   156 KBytes  1.27 Mbits/sec                  
[  5] 117.00-118.00 sec  49.5 KBytes   405 Kbits/sec                  
[  5] 118.00-119.00 sec  0.00 Bytes  0.00 bits/sec                  
[  5] 119.00-120.01 sec  66.5 KBytes   540 Kbits/sec                  
[  5] 120.01-121.00 sec   185 KBytes  1.54 Mbits/sec                  
[  5] 121.00-122.00 sec  2.83 KBytes  23.1 Kbits/sec                  
[  5] 122.00-123.00 sec   178 KBytes  1.46 Mbits/sec                  
[  5] 123.00-124.00 sec  97.6 KBytes   799 Kbits/sec                  
[  5] 124.00-125.00 sec  1.41 KBytes  11.6 Kbits/sec                  
[  5] 125.00-126.01 sec  39.6 KBytes   320 Kbits/sec                  
[  5] 126.01-127.00 sec  0.00 Bytes  0.00 bits/sec                  
[  5] 127.00-128.00 sec  0.00 Bytes  0.00 bits/sec                  
[  5] 128.00-129.00 sec  11.3 KBytes  92.7 Kbits/sec                  
[  5] 129.00-130.01 sec   413 KBytes  3.34 Mbits/sec                  
[  5] 130.01-131.00 sec  2.83 KBytes  23.4 Kbits/sec                  
[  5] 131.00-132.02 sec   181 KBytes  1.47 Mbits/sec                  
[  5] 132.02-133.00 sec  67.9 KBytes   564 Kbits/sec                  
[  5] 133.00-134.00 sec  87.7 KBytes   717 Kbits/sec                  
[  5] 134.00-135.00 sec   202 KBytes  1.66 Mbits/sec                  
[  5] 135.00-136.00 sec  7.07 KBytes  58.0 Kbits/sec                  
[  5] 136.00-137.00 sec   136 KBytes  1.11 Mbits/sec                  
[  5] 137.00-138.00 sec   178 KBytes  1.46 Mbits/sec                  
[  5] 138.00-139.00 sec  8.48 KBytes  69.5 Kbits/sec                  
[  5] 139.00-140.00 sec   137 KBytes  1.12 Mbits/sec                  
[  5] 140.00-141.00 sec   188 KBytes  1.54 Mbits/sec                  
[  5] 141.00-142.00 sec  2.83 KBytes  23.2 Kbits/sec                  
[  5] 142.00-143.00 sec  0.00 Bytes  0.00 bits/sec                  
[  5] 143.00-144.01 sec  0.00 Bytes  0.00 bits/sec                  
[  5] 144.01-145.00 sec   260 KBytes  2.15 Mbits/sec                  
[  5] 145.00-146.00 sec  0.00 Bytes  0.00 bits/sec                  
[  5] 146.00-147.02 sec   390 KBytes  3.16 Mbits/sec                  
[  5] 147.02-148.01 sec  9.90 KBytes  81.6 Kbits/sec                  
[  5] 148.01-149.00 sec  83.4 KBytes   688 Kbits/sec                  
[  5] 149.00-150.01 sec   146 KBytes  1.19 Mbits/sec                  
[  5] 150.01-151.00 sec  56.6 KBytes   465 Kbits/sec                  
[  5] 151.00-152.00 sec  2.83 KBytes  23.1 Kbits/sec                  
[  5] 152.00-153.01 sec   110 KBytes   903 Kbits/sec                  
[  5] 153.01-154.01 sec  0.00 Bytes  0.00 bits/sec                  
[  5] 154.01-155.01 sec  0.00 Bytes  0.00 bits/sec                  
[  5] 155.01-156.01 sec  0.00 Bytes  0.00 bits/sec                  
[  5] 156.01-157.01 sec   189 KBytes  1.55 Mbits/sec                  
[  5] 157.01-158.01 sec  49.5 KBytes   408 Kbits/sec                  
[  5] 158.01-159.01 sec   274 KBytes  2.25 Mbits/sec                  
[  5] 159.01-160.00 sec   198 KBytes  1.63 Mbits/sec                  
[  5] 160.00-161.06 sec  35.4 KBytes   275 Kbits/sec                  
[  5] 161.06-162.00 sec  35.4 KBytes   306 Kbits/sec                  
[  5] 162.00-163.01 sec   214 KBytes  1.74 Mbits/sec                  
[  5] 163.01-164.00 sec  33.9 KBytes   278 Kbits/sec                  
[  5] 164.00-165.01 sec  22.6 KBytes   185 Kbits/sec                  
[  5] 165.01-166.01 sec   202 KBytes  1.65 Mbits/sec                  
[  5] 166.01-167.01 sec  70.7 KBytes   580 Kbits/sec                  
[  5] 167.01-168.00 sec  5.66 KBytes  46.5 Kbits/sec                  
[  5] 168.00-169.02 sec   168 KBytes  1.36 Mbits/sec                  
[  5] 169.02-170.01 sec   134 KBytes  1.11 Mbits/sec                  
[  5] 170.01-171.01 sec  5.66 KBytes  46.3 Kbits/sec                  
[  5] 171.01-172.00 sec  0.00 Bytes  0.00 bits/sec                  
[  5] 172.00-173.01 sec  0.00 Bytes  0.00 bits/sec                  
[  5] 173.01-174.01 sec  8.48 KBytes  69.8 Kbits/sec                  
[  5] 174.01-175.01 sec  52.3 KBytes   428 Kbits/sec                  
[  5] 175.01-176.01 sec   307 KBytes  2.51 Mbits/sec                  
[  5] 176.01-177.01 sec   212 KBytes  1.73 Mbits/sec                  
[  5] 177.01-178.01 sec  2.83 KBytes  23.2 Kbits/sec                  
[  5] 178.01-179.01 sec   154 KBytes  1.26 Mbits/sec                  
[  5] 179.01-180.01 sec   132 KBytes  1.08 Mbits/sec                  
[  5] 180.01-181.01 sec  8.48 KBytes  69.5 Kbits/sec                  
[  5] 181.01-182.00 sec  83.4 KBytes   686 Kbits/sec                  
[  5] 182.00-183.00 sec   197 KBytes  1.61 Mbits/sec                  
[  5] 183.00-184.00 sec  0.00 Bytes  0.00 bits/sec                  
[  5] 184.00-185.00 sec  0.00 Bytes  0.00 bits/sec                  
[  5] 185.00-186.00 sec  0.00 Bytes  0.00 bits/sec                  
[  5] 186.00-187.00 sec  65.0 KBytes   533 Kbits/sec                  
[  5] 187.00-188.01 sec   151 KBytes  1.23 Mbits/sec                  
[  5] 188.01-189.00 sec   368 KBytes  3.04 Mbits/sec                  
[  5] 189.00-190.01 sec  29.7 KBytes   242 Kbits/sec                  
[  5] 190.01-191.01 sec   100 KBytes   823 Kbits/sec                  
[  5] 191.01-192.00 sec   174 KBytes  1.43 Mbits/sec                  
[  5] 192.00-193.00 sec  9.90 KBytes  81.4 Kbits/sec                  
[  5] 193.00-194.00 sec   147 KBytes  1.20 Mbits/sec                  
[  5] 194.00-195.00 sec   123 KBytes  1.00 Mbits/sec                  
[  5] 195.00-196.00 sec  41.0 KBytes   337 Kbits/sec                  
[  5] 196.00-197.00 sec  76.4 KBytes   625 Kbits/sec                  
[  5] 197.00-198.00 sec   205 KBytes  1.68 Mbits/sec                  
[  5] 198.00-199.01 sec  41.0 KBytes   335 Kbits/sec                  
[  5] 199.01-200.01 sec  87.7 KBytes   716 Kbits/sec                  
[  5] 200.01-201.01 sec  0.00 Bytes  0.00 bits/sec                  
[  5] 201.01-202.01 sec  0.00 Bytes  0.00 bits/sec                  
[  5] 202.01-203.01 sec  0.00 Bytes  0.00 bits/sec                  
[  5] 203.01-204.02 sec   168 KBytes  1.36 Mbits/sec                  
[  5] 204.02-205.00 sec  84.8 KBytes   705 Kbits/sec                  
[  5] 205.00-206.01 sec  24.0 KBytes   197 Kbits/sec                  
[  5] 206.01-207.06 sec   349 KBytes  2.72 Mbits/sec                  
[  5] 207.06-208.01 sec  0.00 Bytes  0.00 bits/sec                  
[  5] 208.01-209.01 sec  0.00 Bytes  0.00 bits/sec                  
[  5] 209.01-210.01 sec  0.00 Bytes  0.00 bits/sec                  
[  5] 210.01-211.01 sec   376 KBytes  3.08 Mbits/sec                  
[  5] 211.01-212.01 sec  59.4 KBytes   487 Kbits/sec                  
[  5] 212.01-213.01 sec  97.6 KBytes   802 Kbits/sec                  
[  5] 213.01-214.02 sec   107 KBytes   865 Kbits/sec                  
[  5] 214.02-215.00 sec  31.1 KBytes   260 Kbits/sec                  
[  5] 215.00-216.00 sec   122 KBytes   997 Kbits/sec                  
[  5] 216.00-217.08 sec   119 KBytes   903 Kbits/sec                  
[  5] 217.08-218.01 sec  15.6 KBytes   138 Kbits/sec                  
[  5] 218.01-219.01 sec   124 KBytes  1.02 Mbits/sec                  
[  5] 219.01-220.01 sec  58.0 KBytes   475 Kbits/sec                  
[  5] 220.01-221.01 sec  83.4 KBytes   684 Kbits/sec                  
[  5] 221.01-222.01 sec  8.48 KBytes  69.4 Kbits/sec                  
[  5] 222.01-223.00 sec  32.5 KBytes   268 Kbits/sec                  
[  5] 223.00-224.00 sec  0.00 Bytes  0.00 bits/sec                  
[  5] 224.00-225.02 sec  0.00 Bytes  0.00 bits/sec                  
[  5] 225.02-226.01 sec  60.8 KBytes   500 Kbits/sec                  
[  5] 226.01-227.01 sec   197 KBytes  1.61 Mbits/sec                  
[  5] 227.01-228.01 sec  56.6 KBytes   463 Kbits/sec                  
[  5] 228.01-229.01 sec   212 KBytes  1.74 Mbits/sec                  
[  5] 229.01-230.01 sec   130 KBytes  1.06 Mbits/sec                  
[  5] 230.01-231.01 sec  79.2 KBytes   650 Kbits/sec                  
[  5] 231.01-232.01 sec  15.6 KBytes   127 Kbits/sec                  
[  5] 232.01-233.01 sec   130 KBytes  1.07 Mbits/sec                  
[  5] 233.01-234.00 sec   113 KBytes   928 Kbits/sec                  
[  5] 234.00-235.00 sec  41.0 KBytes   336 Kbits/sec                  
[  5] 235.00-236.01 sec  0.00 Bytes  0.00 bits/sec                  
[  5] 236.01-237.00 sec  0.00 Bytes  0.00 bits/sec                  
[  5] 237.00-238.00 sec  0.00 Bytes  0.00 bits/sec                  
[  5] 238.00-239.01 sec   185 KBytes  1.51 Mbits/sec                  
[  5] 239.01-240.01 sec   250 KBytes  2.05 Mbits/sec                  
[  5] 240.01-241.01 sec  72.1 KBytes   588 Kbits/sec                  
[  5] 241.01-242.01 sec  89.1 KBytes   732 Kbits/sec                  
[  5] 242.01-243.01 sec   109 KBytes   893 Kbits/sec                  
[  5] 243.01-244.01 sec  52.3 KBytes   429 Kbits/sec                  
[  5] 244.01-245.01 sec  99.0 KBytes   809 Kbits/sec                  
[  5] 245.01-246.01 sec   115 KBytes   942 Kbits/sec                  
[  5] 246.01-247.01 sec  58.0 KBytes   473 Kbits/sec                  
[  5] 247.01-248.02 sec  11.3 KBytes  92.1 Kbits/sec                  
[  5] 248.02-249.01 sec  0.00 Bytes  0.00 bits/sec                  
[  5] 249.01-250.01 sec  0.00 Bytes  0.00 bits/sec                  
[  5] 250.01-251.01 sec  0.00 Bytes  0.00 bits/sec                  
[  5] 251.01-252.01 sec   195 KBytes  1.60 Mbits/sec                  
[  5] 252.01-253.02 sec  87.7 KBytes   715 Kbits/sec                  
[  5] 253.02-254.01 sec  0.00 Bytes  0.00 bits/sec                  
[  5] 254.01-255.01 sec   259 KBytes  2.11 Mbits/sec                  
[  5] 255.01-256.01 sec  65.0 KBytes   535 Kbits/sec                  
[  5] 256.01-257.01 sec  60.8 KBytes   498 Kbits/sec                  
[  5] 257.01-258.01 sec  56.6 KBytes   464 Kbits/sec                  
[  5] 258.01-259.01 sec  59.4 KBytes   488 Kbits/sec                  
[  5] 259.01-260.01 sec  29.7 KBytes   243 Kbits/sec                  
[  5] 260.01-261.01 sec  0.00 Bytes  0.00 bits/sec                  
[  5] 261.01-262.01 sec  0.00 Bytes  0.00 bits/sec                  
[  5] 262.01-263.01 sec  0.00 Bytes  0.00 bits/sec                  
[  5] 263.01-264.01 sec  11.3 KBytes  92.7 Kbits/sec                  
[  5] 264.01-265.01 sec  0.00 Bytes  0.00 bits/sec                  
[  5] 265.01-266.01 sec  0.00 Bytes  0.00 bits/sec                  
[  5] 266.01-267.01 sec   419 KBytes  3.42 Mbits/sec                  
[  5] 267.01-268.01 sec  58.0 KBytes   475 Kbits/sec                  
[  5] 268.01-269.01 sec  65.0 KBytes   531 Kbits/sec                  
[  5] 269.01-270.01 sec  63.6 KBytes   523 Kbits/sec                  
[  5] 270.01-271.01 sec  66.5 KBytes   545 Kbits/sec                  
[  5] 271.01-272.01 sec  31.1 KBytes   255 Kbits/sec                  
[  5] 272.01-273.01 sec   107 KBytes   877 Kbits/sec                  
[  5] 273.01-274.01 sec  29.7 KBytes   244 Kbits/sec                  
[  5] 274.01-275.01 sec  80.6 KBytes   662 Kbits/sec                  
[  5] 275.01-276.01 sec  72.1 KBytes   590 Kbits/sec                  
[  5] 276.01-277.01 sec  49.5 KBytes   406 Kbits/sec                  
[  5] 277.01-278.01 sec  0.00 Bytes  0.00 bits/sec                  
[  5] 278.01-279.01 sec  0.00 Bytes  0.00 bits/sec                  
[  5] 279.01-280.01 sec  0.00 Bytes  0.00 bits/sec                  
[  5] 280.01-281.01 sec  97.6 KBytes   801 Kbits/sec                  
[  5] 281.01-282.01 sec  77.8 KBytes   637 Kbits/sec                  
[  5] 282.01-283.01 sec   280 KBytes  2.29 Mbits/sec                  
[  5] 283.01-284.01 sec  69.3 KBytes   567 Kbits/sec                  
[  5] 284.01-285.02 sec  43.8 KBytes   356 Kbits/sec                  
[  5] 285.02-286.02 sec  97.6 KBytes   800 Kbits/sec                  
[  5] 286.02-287.01 sec  49.5 KBytes   407 Kbits/sec                  
[  5] 287.01-288.01 sec  89.1 KBytes   729 Kbits/sec                  
[  5] 288.01-289.01 sec   112 KBytes   917 Kbits/sec                  
[  5] 289.01-290.01 sec  46.7 KBytes   382 Kbits/sec                  
[  5] 290.01-291.01 sec  60.8 KBytes   498 Kbits/sec                  
[  5] 291.01-292.01 sec  83.4 KBytes   683 Kbits/sec                  
[  5] 292.01-293.01 sec   100 KBytes   820 Kbits/sec                  
[  5] 293.01-294.01 sec  73.5 KBytes   603 Kbits/sec                  
[  5] 294.01-295.01 sec  22.6 KBytes   186 Kbits/sec                  
[  5] 295.01-296.01 sec  0.00 Bytes  0.00 bits/sec                  
[  5] 296.01-297.02 sec  0.00 Bytes  0.00 bits/sec                  
[  5] 297.02-298.01 sec  0.00 Bytes  0.00 bits/sec                  
[  5] 298.01-299.01 sec   112 KBytes   918 Kbits/sec                  
[  5] 299.01-300.01 sec   144 KBytes  1.18 Mbits/sec                  
[  5] 300.01-301.01 sec  74.9 KBytes   614 Kbits/sec                  
[  5] 301.01-302.01 sec   250 KBytes  2.05 Mbits/sec                  
[  5] 302.01-303.06 sec  93.3 KBytes   729 Kbits/sec                  
[  5] 303.06-304.01 sec  89.1 KBytes   768 Kbits/sec                  
[  5] 304.01-305.01 sec  70.7 KBytes   579 Kbits/sec                  
[  5] 305.01-306.01 sec  77.8 KBytes   637 Kbits/sec                  
[  5] 306.01-307.01 sec  42.4 KBytes   346 Kbits/sec                  
[  5] 307.01-307.96 sec  0.00 Bytes  0.00 bits/sec                  
- - - - - - - - - - - - - - - - - - - - - - - - -
[ ID] Interval           Transfer     Bandwidth
[  5]   0.00-307.96 sec  0.00 Bytes  0.00 bits/sec                  sender
[  5]   0.00-307.96 sec  22.6 MBytes   615 Kbits/sec                  receiver
