-----------------------------------------------------------
Server listening on 5203
-----------------------------------------------------------
Accepted connection from 10.0.0.1, port 53165
[  5] local 10.0.0.2 port 5203 connected to 10.0.0.1 port 46114
[ ID] Interval           Transfer     Bandwidth
[  5]   0.00-1.00   sec  0.00 Bytes  0.00 bits/sec                  
[  5]   1.00-2.00   sec  0.00 Bytes  0.00 bits/sec                  
[  5]   2.00-3.00   sec  0.00 Bytes  0.00 bits/sec                  
[  5]   3.00-4.00   sec  14.1 KBytes   116 Kbits/sec                  
[  5]   4.00-5.01   sec  0.00 Bytes  0.00 bits/sec                  
[  5]   5.01-6.01   sec  28.3 KBytes   232 Kbits/sec                  
[  5]   6.01-7.00   sec  0.00 Bytes  0.00 bits/sec                  
[  5]   7.00-8.00   sec  36.8 KBytes   301 Kbits/sec                  
[  5]   8.00-9.00   sec  5.66 KBytes  46.3 Kbits/sec                  
[  5]   9.00-10.00  sec  0.00 Bytes  0.00 bits/sec                  
[  5]  10.00-11.00  sec  65.0 KBytes   532 Kbits/sec                  
[  5]  11.00-12.00  sec  90.5 KBytes   743 Kbits/sec                  
[  5]  12.00-13.00  sec   136 KBytes  1.11 Mbits/sec                  
[  5]  13.00-14.01  sec   202 KBytes  1.65 Mbits/sec                  
[  5]  14.01-15.00  sec  0.00 Bytes  0.00 bits/sec                  
[  5]  15.00-16.00  sec  91.9 KBytes   753 Kbits/sec                  
[  5]  16.00-17.00  sec  0.00 Bytes  0.00 bits/sec                  
[  5]  17.00-18.01  sec  22.6 KBytes   185 Kbits/sec                  
[  5]  18.01-19.00  sec  97.6 KBytes   803 Kbits/sec                  
[  5]  19.00-20.00  sec   139 KBytes  1.14 Mbits/sec                  
[  5]  20.00-21.00  sec  0.00 Bytes  0.00 bits/sec                  
[  5]  21.00-22.00  sec  0.00 Bytes  0.00 bits/sec                  
[  5]  22.00-23.00  sec   359 KBytes  2.94 Mbits/sec                  
[  5]  23.00-24.01  sec  0.00 Bytes  0.00 bits/sec                  
[  5]  24.01-25.00  sec   211 KBytes  1.74 Mbits/sec                  
[  5]  25.00-26.00  sec   164 KBytes  1.34 Mbits/sec                  
[  5]  26.00-27.00  sec   109 KBytes   893 Kbits/sec                  
[  5]  27.00-28.00  sec  70.7 KBytes   579 Kbits/sec                  
[  5]  28.00-29.01  sec   188 KBytes  1.53 Mbits/sec                  
[  5]  29.01-30.00  sec  0.00 Bytes  0.00 bits/sec                  
[  5]  30.00-31.01  sec  0.00 Bytes  0.00 bits/sec                  
[  5]  31.01-32.00  sec  0.00 Bytes  0.00 bits/sec                  
[  5]  32.00-33.00  sec  2.83 KBytes  23.1 Kbits/sec                  
[  5]  33.00-34.00  sec   305 KBytes  2.50 Mbits/sec                  
[  5]  34.00-35.00  sec  0.00 Bytes  0.00 bits/sec                  
[  5]  35.00-36.00  sec   143 KBytes  1.17 Mbits/sec                  
[  5]  36.00-37.00  sec  0.00 Bytes  0.00 bits/sec                  
[  5]  37.00-38.00  sec  46.7 KBytes   382 Kbits/sec                  
[  5]  38.00-39.00  sec  0.00 Bytes  0.00 bits/sec                  
[  5]  39.00-40.00  sec   187 KBytes  1.53 Mbits/sec                  
[  5]  40.00-41.00  sec  0.00 Bytes  0.00 bits/sec                  
[  5]  41.00-42.00  sec   113 KBytes   924 Kbits/sec                  
[  5]  42.00-43.00  sec  28.3 KBytes   232 Kbits/sec                  
[  5]  43.00-44.00  sec  94.7 KBytes   776 Kbits/sec                  
[  5]  44.00-45.00  sec  32.5 KBytes   266 Kbits/sec                  
[  5]  45.00-46.00  sec   102 KBytes   833 Kbits/sec                  
[  5]  46.00-47.01  sec  0.00 Bytes  0.00 bits/sec                  
[  5]  47.01-48.01  sec  0.00 Bytes  0.00 bits/sec                  
[  5]  48.01-49.01  sec  0.00 Bytes  0.00 bits/sec                  
[  5]  49.01-50.01  sec  0.00 Bytes  0.00 bits/sec                  
[  5]  50.01-51.01  sec  0.00 Bytes  0.00 bits/sec                  
[  5]  51.01-52.01  sec   216 KBytes  1.77 Mbits/sec                  
[  5]  52.01-53.01  sec  14.1 KBytes   116 Kbits/sec                  
[  5]  53.01-54.01  sec  0.00 Bytes  0.00 bits/sec                  
[  5]  54.01-55.01  sec  60.8 KBytes   497 Kbits/sec                  
[  5]  55.01-56.00  sec  53.7 KBytes   445 Kbits/sec                  
[  5]  56.00-57.00  sec  0.00 Bytes  0.00 bits/sec                  
[  5]  57.00-58.01  sec  80.6 KBytes   657 Kbits/sec                  
[  5]  58.01-59.01  sec  39.6 KBytes   325 Kbits/sec                  
[  5]  59.01-60.01  sec  0.00 Bytes  0.00 bits/sec                  
[  5]  60.01-61.01  sec  0.00 Bytes  0.00 bits/sec                  
[  5]  61.01-62.01  sec  0.00 Bytes  0.00 bits/sec                  
[  5]  62.01-63.01  sec  74.9 KBytes   617 Kbits/sec                  
[  5]  63.01-64.01  sec  72.1 KBytes   591 Kbits/sec                  
[  5]  64.01-65.06  sec  0.00 Bytes  0.00 bits/sec                  
[  5]  65.06-66.02  sec  0.00 Bytes  0.00 bits/sec                  
[  5]  66.02-67.00  sec   139 KBytes  1.15 Mbits/sec                  
[  5]  67.00-68.00  sec  0.00 Bytes  0.00 bits/sec                  
[  5]  68.00-69.01  sec  0.00 Bytes  0.00 bits/sec                  
[  5]  69.01-70.00  sec  70.7 KBytes   584 Kbits/sec                  
[  5]  70.00-71.00  sec  0.00 Bytes  0.00 bits/sec                  
[  5]  71.00-72.00  sec  0.00 Bytes  0.00 bits/sec                  
[  5]  72.00-73.00  sec  73.5 KBytes   602 Kbits/sec                  
[  5]  73.00-74.00  sec  0.00 Bytes  0.00 bits/sec                  
[  5]  74.00-75.00  sec  36.8 KBytes   301 Kbits/sec                  
[  5]  75.00-76.01  sec  14.1 KBytes   116 Kbits/sec                  
[  5]  76.01-77.01  sec  0.00 Bytes  0.00 bits/sec                  
[  5]  77.01-78.01  sec  32.5 KBytes   266 Kbits/sec                  
[  5]  78.01-79.01  sec  24.0 KBytes   196 Kbits/sec                  
[  5]  79.01-80.02  sec  0.00 Bytes  0.00 bits/sec                  
[  5]  80.02-81.03  sec  0.00 Bytes  0.00 bits/sec                  
[  5]  81.03-82.02  sec  39.6 KBytes   327 Kbits/sec                  
[  5]  82.02-83.02  sec  42.4 KBytes   348 Kbits/sec                  
[  5]  83.02-84.02  sec  0.00 Bytes  0.00 bits/sec                  
[  5]  84.02-85.02  sec  0.00 Bytes  0.00 bits/sec                  
[  5]  85.02-86.02  sec  31.1 KBytes   255 Kbits/sec                  
[  5]  86.02-87.02  sec  86.3 KBytes   706 Kbits/sec                  
[  5]  87.02-88.02  sec  5.66 KBytes  46.4 Kbits/sec                  
[  5]  88.02-89.02  sec  0.00 Bytes  0.00 bits/sec                  
[  5]  89.02-90.02  sec  0.00 Bytes  0.00 bits/sec                  
[  5]  90.02-91.02  sec  59.4 KBytes   487 Kbits/sec                  
[  5]  91.02-92.02  sec  99.0 KBytes   811 Kbits/sec                  
[  5]  92.02-93.02  sec  0.00 Bytes  0.00 bits/sec                  
[  5]  93.02-94.02  sec  0.00 Bytes  0.00 bits/sec                  
[  5]  94.02-95.02  sec  0.00 Bytes  0.00 bits/sec                  
[  5]  95.02-96.02  sec  0.00 Bytes  0.00 bits/sec                  
[  5]  96.02-97.02  sec  89.1 KBytes   730 Kbits/sec                  
[  5]  97.02-98.03  sec  0.00 Bytes  0.00 bits/sec                  
[  5]  98.03-99.02  sec  0.00 Bytes  0.00 bits/sec                  
[  5]  99.02-100.02 sec  0.00 Bytes  0.00 bits/sec                  
[  5] 100.02-101.03 sec  89.1 KBytes   725 Kbits/sec                  
[  5] 101.03-102.03 sec   239 KBytes  1.95 Mbits/sec                  
[  5] 102.03-103.02 sec  1.41 KBytes  11.6 Kbits/sec                  
[  5] 103.02-104.02 sec  0.00 Bytes  0.00 bits/sec                  
[  5] 104.02-105.02 sec  15.6 KBytes   128 Kbits/sec                  
[  5] 105.02-106.02 sec  93.3 KBytes   763 Kbits/sec                  
[  5] 106.02-107.02 sec  86.3 KBytes   706 Kbits/sec                  
[  5] 107.02-108.02 sec  0.00 Bytes  0.00 bits/sec                  
[  5] 108.02-109.02 sec  0.00 Bytes  0.00 bits/sec                  
[  5] 109.02-110.02 sec  0.00 Bytes  0.00 bits/sec                  
[  5] 110.02-111.02 sec  31.1 KBytes   254 Kbits/sec                  
[  5] 111.02-112.07 sec  0.00 Bytes  0.00 bits/sec                  
[  5] 112.07-113.02 sec  0.00 Bytes  0.00 bits/sec                  
[  5] 113.02-114.02 sec  0.00 Bytes  0.00 bits/sec                  
[  5] 114.02-115.02 sec  0.00 Bytes  0.00 bits/sec                  
[  5] 115.02-116.02 sec   123 KBytes  1.01 Mbits/sec                  
[  5] 116.02-117.03 sec  32.5 KBytes   264 Kbits/sec                  
[  5] 117.03-118.02 sec  0.00 Bytes  0.00 bits/sec                  
[  5] 118.02-119.02 sec  0.00 Bytes  0.00 bits/sec                  
[  5] 119.02-120.02 sec  0.00 Bytes  0.00 bits/sec                  
[  5] 120.02-121.03 sec  0.00 Bytes  0.00 bits/sec                  
[  5] 121.03-122.03 sec  0.00 Bytes  0.00 bits/sec                  
[  5] 122.03-123.02 sec  0.00 Bytes  0.00 bits/sec                  
[  5] 123.02-124.02 sec  0.00 Bytes  0.00 bits/sec                  
[  5] 124.02-125.02 sec  0.00 Bytes  0.00 bits/sec                  
[  5] 125.02-126.02 sec  0.00 Bytes  0.00 bits/sec                  
[  5] 126.02-127.02 sec  0.00 Bytes  0.00 bits/sec                  
[  5] 127.02-128.02 sec   475 KBytes  3.88 Mbits/sec                  
[  5] 128.02-129.02 sec  0.00 Bytes  0.00 bits/sec                  
[  5] 129.02-130.02 sec  0.00 Bytes  0.00 bits/sec                  
[  5] 130.02-131.02 sec  0.00 Bytes  0.00 bits/sec                  
[  5] 131.02-132.03 sec  0.00 Bytes  0.00 bits/sec                  
[  5] 132.03-133.02 sec   191 KBytes  1.57 Mbits/sec                  
[  5] 133.02-134.03 sec   171 KBytes  1.40 Mbits/sec                  
[  5] 134.03-135.02 sec  0.00 Bytes  0.00 bits/sec                  
[  5] 135.02-136.02 sec  0.00 Bytes  0.00 bits/sec                  
[  5] 136.02-137.02 sec  0.00 Bytes  0.00 bits/sec                  
[  5] 137.02-138.07 sec  0.00 Bytes  0.00 bits/sec                  
[  5] 138.07-139.02 sec  0.00 Bytes  0.00 bits/sec                  
[  5] 139.02-140.02 sec  0.00 Bytes  0.00 bits/sec                  
[  5] 140.02-141.02 sec  0.00 Bytes  0.00 bits/sec                  
[  5] 141.02-142.02 sec  0.00 Bytes  0.00 bits/sec                  
[  5] 142.02-143.03 sec  0.00 Bytes  0.00 bits/sec                  
[  5] 143.03-144.02 sec   554 KBytes  4.56 Mbits/sec                  
[  5] 144.02-145.02 sec  0.00 Bytes  0.00 bits/sec                  
[  5] 145.02-146.02 sec  0.00 Bytes  0.00 bits/sec                  
[  5] 146.02-147.02 sec  0.00 Bytes  0.00 bits/sec                  
[  5] 147.02-148.03 sec  15.6 KBytes   126 Kbits/sec                  
[  5] 148.03-149.03 sec   226 KBytes  1.86 Mbits/sec                  
[  5] 149.03-150.02 sec  0.00 Bytes  0.00 bits/sec                  
[  5] 150.02-151.02 sec  0.00 Bytes  0.00 bits/sec                  
[  5] 151.02-152.07 sec  0.00 Bytes  0.00 bits/sec                  
[  5] 152.07-153.02 sec  0.00 Bytes  0.00 bits/sec                  
[  5] 153.02-154.03 sec  5.66 KBytes  46.2 Kbits/sec                  
[  5] 154.03-155.02 sec  0.00 Bytes  0.00 bits/sec                  
[  5] 155.02-156.02 sec  0.00 Bytes  0.00 bits/sec                  
[  5] 156.02-157.02 sec  0.00 Bytes  0.00 bits/sec                  
[  5] 157.02-158.02 sec   184 KBytes  1.50 Mbits/sec                  
[  5] 158.02-159.03 sec  22.6 KBytes   184 Kbits/sec                  
[  5] 159.03-160.02 sec   270 KBytes  2.25 Mbits/sec                  
[  5] 160.02-161.01 sec  0.00 Bytes  0.00 bits/sec                  
[  5] 161.01-162.01 sec  0.00 Bytes  0.00 bits/sec                  
[  5] 162.01-163.01 sec  0.00 Bytes  0.00 bits/sec                  
[  5] 163.01-164.06 sec  0.00 Bytes  0.00 bits/sec                  
[  5] 164.06-165.01 sec  0.00 Bytes  0.00 bits/sec                  
[  5] 165.01-166.01 sec   216 KBytes  1.77 Mbits/sec                  
[  5] 166.01-167.01 sec   180 KBytes  1.47 Mbits/sec                  
[  5] 167.01-168.01 sec  0.00 Bytes  0.00 bits/sec                  
[  5] 168.01-169.01 sec  63.6 KBytes   522 Kbits/sec                  
[  5] 169.01-170.03 sec   103 KBytes   831 Kbits/sec                  
[  5] 170.03-171.01 sec  0.00 Bytes  0.00 bits/sec                  
[  5] 171.01-172.01 sec  58.0 KBytes   476 Kbits/sec                  
[  5] 172.01-173.01 sec  87.7 KBytes   718 Kbits/sec                  
[  5] 173.01-174.01 sec  0.00 Bytes  0.00 bits/sec                  
[  5] 174.01-175.01 sec  0.00 Bytes  0.00 bits/sec                  
[  5] 175.01-176.06 sec  0.00 Bytes  0.00 bits/sec                  
[  5] 176.06-177.01 sec  0.00 Bytes  0.00 bits/sec                  
[  5] 177.01-178.01 sec   263 KBytes  2.16 Mbits/sec                  
[  5] 178.01-179.01 sec  77.8 KBytes   637 Kbits/sec                  
[  5] 179.01-180.01 sec  9.90 KBytes  81.1 Kbits/sec                  
[  5] 180.01-181.01 sec  0.00 Bytes  0.00 bits/sec                  
[  5] 181.01-182.00 sec  0.00 Bytes  0.00 bits/sec                  
[  5] 182.00-183.01 sec  0.00 Bytes  0.00 bits/sec                  
[  5] 183.01-184.00 sec   240 KBytes  1.98 Mbits/sec                  
[  5] 184.00-185.00 sec  90.5 KBytes   741 Kbits/sec                  
[  5] 185.00-186.00 sec   109 KBytes   892 Kbits/sec                  
[  5] 186.00-187.01 sec  38.2 KBytes   312 Kbits/sec                  
[  5] 187.01-188.01 sec   120 KBytes   987 Kbits/sec                  
[  5] 188.01-189.00 sec  33.9 KBytes   278 Kbits/sec                  
[  5] 189.00-190.01 sec  56.6 KBytes   462 Kbits/sec                  
[  5] 190.01-191.01 sec   105 KBytes   855 Kbits/sec                  
[  5] 191.01-192.00 sec  46.7 KBytes   384 Kbits/sec                  
[  5] 192.00-193.02 sec  59.4 KBytes   481 Kbits/sec                  
[  5] 193.02-194.01 sec  96.2 KBytes   797 Kbits/sec                  
[  5] 194.01-195.01 sec  46.7 KBytes   382 Kbits/sec                  
[  5] 195.01-196.01 sec  5.66 KBytes  46.3 Kbits/sec                  
[  5] 196.01-197.01 sec  0.00 Bytes  0.00 bits/sec                  
[  5] 197.01-198.01 sec  0.00 Bytes  0.00 bits/sec                  
[  5] 198.01-199.01 sec  83.4 KBytes   683 Kbits/sec                  
[  5] 199.01-200.01 sec   168 KBytes  1.38 Mbits/sec                  
[  5] 200.01-201.01 sec   269 KBytes  2.20 Mbits/sec                  
[  5] 201.01-202.01 sec  33.9 KBytes   278 Kbits/sec                  
[  5] 202.01-203.01 sec  96.2 KBytes   788 Kbits/sec                  
[  5] 203.01-204.01 sec   123 KBytes  1.01 Mbits/sec                  
[  5] 204.01-205.01 sec  60.8 KBytes   496 Kbits/sec                  
[  5] 205.01-206.01 sec  99.0 KBytes   810 Kbits/sec                  
[  5] 206.01-207.01 sec  46.7 KBytes   384 Kbits/sec                  
[  5] 207.01-208.01 sec  0.00 Bytes  0.00 bits/sec                  
[  5] 208.01-209.01 sec  0.00 Bytes  0.00 bits/sec                  
[  5] 209.01-210.01 sec  0.00 Bytes  0.00 bits/sec                  
[  5] 210.01-211.01 sec   163 KBytes  1.33 Mbits/sec                  
[  5] 211.01-212.01 sec  80.6 KBytes   659 Kbits/sec                  
[  5] 212.01-213.01 sec   304 KBytes  2.49 Mbits/sec                  
[  5] 213.01-214.01 sec  82.0 KBytes   673 Kbits/sec                  
[  5] 214.01-215.01 sec  31.1 KBytes   255 Kbits/sec                  
[  5] 215.01-216.01 sec   124 KBytes  1.02 Mbits/sec                  
[  5] 216.01-217.01 sec  86.3 KBytes   709 Kbits/sec                  
[  5] 217.01-218.01 sec  36.8 KBytes   301 Kbits/sec                  
[  5] 218.01-219.01 sec   130 KBytes  1.06 Mbits/sec                  
[  5] 219.01-220.02 sec  56.6 KBytes   462 Kbits/sec                  
[  5] 220.02-221.01 sec  56.6 KBytes   465 Kbits/sec                  
[  5] 221.01-222.02 sec   129 KBytes  1.05 Mbits/sec                  
[  5] 222.02-223.02 sec  67.9 KBytes   558 Kbits/sec                  
[  5] 223.02-224.03 sec  42.4 KBytes   342 Kbits/sec                  
[  5] 224.03-225.02 sec  53.7 KBytes   445 Kbits/sec                  
[  5] 225.02-226.02 sec  0.00 Bytes  0.00 bits/sec                  
[  5] 226.02-227.02 sec  0.00 Bytes  0.00 bits/sec                  
[  5] 227.02-228.03 sec  0.00 Bytes  0.00 bits/sec                  
[  5] 228.03-229.03 sec  0.00 Bytes  0.00 bits/sec                  
[  5] 229.03-230.03 sec  0.00 Bytes  0.00 bits/sec                  
[  5] 230.03-231.02 sec   156 KBytes  1.28 Mbits/sec                  
[  5] 231.02-232.02 sec  15.6 KBytes   127 Kbits/sec                  
[  5] 232.02-233.02 sec  76.4 KBytes   626 Kbits/sec                  
[  5] 233.02-234.03 sec   165 KBytes  1.35 Mbits/sec                  
[  5] 234.03-235.02 sec  0.00 Bytes  0.00 bits/sec                  
[  5] 235.02-236.02 sec   332 KBytes  2.72 Mbits/sec                  
[  5] 236.02-237.02 sec  50.9 KBytes   417 Kbits/sec                  
[  5] 237.02-238.04 sec  17.0 KBytes   137 Kbits/sec                  
[  5] 238.04-239.04 sec  29.7 KBytes   242 Kbits/sec                  
[  5] 239.04-240.02 sec  77.8 KBytes   647 Kbits/sec                  
[  5] 240.02-241.02 sec  19.8 KBytes   162 Kbits/sec                  
[  5] 241.02-242.02 sec   214 KBytes  1.75 Mbits/sec                  
[  5] 242.02-243.02 sec  26.9 KBytes   220 Kbits/sec                  
[  5] 243.02-244.02 sec  42.4 KBytes   347 Kbits/sec                  
[  5] 244.02-245.02 sec  80.6 KBytes   661 Kbits/sec                  
[  5] 245.02-246.07 sec  84.8 KBytes   662 Kbits/sec                  
[  5] 246.07-247.03 sec   136 KBytes  1.17 Mbits/sec                  
[  5] 247.03-248.03 sec  49.5 KBytes   403 Kbits/sec                  
[  5] 248.03-249.03 sec  14.1 KBytes   117 Kbits/sec                  
[  5] 249.03-250.02 sec  73.5 KBytes   604 Kbits/sec                  
[  5] 250.02-251.03 sec  29.7 KBytes   243 Kbits/sec                  
[  5] 251.03-252.02 sec  0.00 Bytes  0.00 bits/sec                  
[  5] 252.02-253.02 sec  0.00 Bytes  0.00 bits/sec                  
[  5] 253.02-254.03 sec  0.00 Bytes  0.00 bits/sec                  
[  5] 254.03-255.03 sec  0.00 Bytes  0.00 bits/sec                  
[  5] 255.03-256.02 sec  0.00 Bytes  0.00 bits/sec                  
[  5] 256.02-257.03 sec  73.5 KBytes   601 Kbits/sec                  
[  5] 257.03-258.03 sec   272 KBytes  2.23 Mbits/sec                  
[  5] 258.03-259.02 sec  5.66 KBytes  46.4 Kbits/sec                  
[  5] 259.02-260.03 sec  99.0 KBytes   806 Kbits/sec                  
[  5] 260.03-261.08 sec   400 KBytes  3.14 Mbits/sec                  
[  5] 261.08-262.03 sec  18.4 KBytes   158 Kbits/sec                  
[  5] 262.03-263.02 sec   160 KBytes  1.31 Mbits/sec                  
[  5] 263.02-264.02 sec  28.3 KBytes   232 Kbits/sec                  
[  5] 264.02-265.03 sec  60.8 KBytes   496 Kbits/sec                  
[  5] 265.03-266.03 sec   147 KBytes  1.21 Mbits/sec                  
[  5] 266.03-267.02 sec  41.0 KBytes   336 Kbits/sec                  
[  5] 267.02-268.08 sec   180 KBytes  1.40 Mbits/sec                  
[  5] 268.08-269.09 sec  25.5 KBytes   207 Kbits/sec                  
[  5] 269.09-270.02 sec  22.6 KBytes   198 Kbits/sec                  
[  5] 270.02-271.02 sec  0.00 Bytes  0.00 bits/sec                  
[  5] 271.02-272.03 sec  0.00 Bytes  0.00 bits/sec                  
[  5] 272.03-273.03 sec  0.00 Bytes  0.00 bits/sec                  
[  5] 273.03-274.03 sec  0.00 Bytes  0.00 bits/sec                  
[  5] 274.03-275.03 sec  0.00 Bytes  0.00 bits/sec                  
[  5] 275.03-276.02 sec  15.6 KBytes   128 Kbits/sec                  
[  5] 276.02-277.02 sec  0.00 Bytes  0.00 bits/sec                  
[  5] 277.02-278.02 sec  0.00 Bytes  0.00 bits/sec                  
[  5] 278.02-279.02 sec  0.00 Bytes  0.00 bits/sec                  
[  5] 279.02-280.02 sec  0.00 Bytes  0.00 bits/sec                  
[  5] 280.02-281.02 sec  0.00 Bytes  0.00 bits/sec                  
[  5] 281.02-282.01 sec  0.00 Bytes  0.00 bits/sec                  
[  5] 282.01-283.02 sec  0.00 Bytes  0.00 bits/sec                  
[  5] 283.02-284.02 sec  0.00 Bytes  0.00 bits/sec                  
[  5] 284.02-285.02 sec  0.00 Bytes  0.00 bits/sec                  
[  5] 285.02-286.01 sec  0.00 Bytes  0.00 bits/sec                  
[  5] 286.01-287.02 sec  1.41 KBytes  11.5 Kbits/sec                  
[  5] 287.02-288.01 sec  0.00 Bytes  0.00 bits/sec                  
[  5] 288.01-289.02 sec  1.68 MBytes  14.1 Mbits/sec                  
[  5] 289.02-290.01 sec  0.00 Bytes  0.00 bits/sec                  
[  5] 290.01-291.01 sec   134 KBytes  1.10 Mbits/sec                  
[  5] 291.01-292.01 sec   303 KBytes  2.48 Mbits/sec                  
[  5] 292.01-293.02 sec  0.00 Bytes  0.00 bits/sec                  
[  5] 293.02-294.03 sec  0.00 Bytes  0.00 bits/sec                  
[  5] 294.03-295.01 sec   445 KBytes  3.70 Mbits/sec                  
[  5] 295.01-296.01 sec  9.90 KBytes  81.1 Kbits/sec                  
[  5] 296.01-297.02 sec  0.00 Bytes  0.00 bits/sec                  
[  5] 297.02-298.01 sec  0.00 Bytes  0.00 bits/sec                  
[  5] 298.01-299.02 sec  0.00 Bytes  0.00 bits/sec                  
[  5] 299.02-300.02 sec  0.00 Bytes  0.00 bits/sec                  
[  5] 300.02-301.02 sec   411 KBytes  3.37 Mbits/sec                  
[  5] 301.02-302.01 sec   460 KBytes  3.78 Mbits/sec                  
[  5] 302.01-303.01 sec  0.00 Bytes  0.00 bits/sec                  
[  5] 303.01-304.01 sec  0.00 Bytes  0.00 bits/sec                  
[  5] 304.01-305.01 sec   382 KBytes  3.13 Mbits/sec                  
[  5] 305.01-306.01 sec  0.00 Bytes  0.00 bits/sec                  
[  5] 306.01-307.02 sec  0.00 Bytes  0.00 bits/sec                  
[  5] 307.02-308.02 sec   409 KBytes  3.34 Mbits/sec                  
[  5] 308.02-309.01 sec  63.6 KBytes   524 Kbits/sec                  
[  5] 309.01-310.01 sec  0.00 Bytes  0.00 bits/sec                  
[  5] 310.01-311.01 sec   310 KBytes  2.54 Mbits/sec                  
[  5] 311.01-312.02 sec   201 KBytes  1.64 Mbits/sec                  
[  5] 312.02-313.01 sec  0.00 Bytes  0.00 bits/sec                  
[  5] 313.01-314.01 sec   416 KBytes  3.40 Mbits/sec                  
[  5] 314.01-315.02 sec   168 KBytes  1.37 Mbits/sec                  
[  5] 315.02-316.01 sec  0.00 Bytes  0.00 bits/sec                  
[  5] 316.01-317.02 sec   161 KBytes  1.32 Mbits/sec                  
[  5] 317.02-318.02 sec  15.6 KBytes   128 Kbits/sec                  
[  5] 318.02-319.01 sec  0.00 Bytes  0.00 bits/sec                  
[  5] 319.01-320.02 sec  0.00 Bytes  0.00 bits/sec                  
[  5] 320.02-321.02 sec   576 KBytes  4.70 Mbits/sec                  
[  5] 321.02-322.01 sec  0.00 Bytes  0.00 bits/sec                  
[  5] 322.01-323.01 sec  0.00 Bytes  0.00 bits/sec                  
[  5] 323.01-324.01 sec   844 KBytes  6.91 Mbits/sec                  
[  5] 324.01-325.02 sec   106 KBytes   864 Kbits/sec                  
[  5] 325.02-326.08 sec  0.00 Bytes  0.00 bits/sec                  
[  5] 326.08-327.02 sec  0.00 Bytes  0.00 bits/sec                  
[  5] 327.02-328.12 sec  0.00 Bytes  0.00 bits/sec                  
[  5] 328.12-329.02 sec   117 KBytes  1.07 Mbits/sec                  
[  5] 329.02-330.02 sec   194 KBytes  1.58 Mbits/sec                  
[  5] 330.02-331.02 sec  0.00 Bytes  0.00 bits/sec                  
[  5] 331.02-332.02 sec  0.00 Bytes  0.00 bits/sec                  
[  5] 332.02-333.02 sec  0.00 Bytes  0.00 bits/sec                  
[  5] 333.02-334.02 sec   494 KBytes  4.07 Mbits/sec                  
[  5] 334.02-335.02 sec  0.00 Bytes  0.00 bits/sec                  
[  5] 335.02-336.02 sec  0.00 Bytes  0.00 bits/sec                  
[  5] 336.02-337.07 sec   848 KBytes  6.67 Mbits/sec                  
[  5] 337.07-338.02 sec  0.00 Bytes  0.00 bits/sec                  
[  5] 338.02-339.02 sec  1.41 KBytes  11.5 Kbits/sec                  
[  5] 339.02-340.02 sec   402 KBytes  3.31 Mbits/sec                  
[  5] 340.02-341.02 sec   147 KBytes  1.20 Mbits/sec                  
[  5] 341.02-342.02 sec  0.00 Bytes  0.00 bits/sec                  
[  5] 342.02-343.02 sec  52.3 KBytes   428 Kbits/sec                  
[  5] 343.02-344.02 sec   479 KBytes  3.92 Mbits/sec                  
[  5] 344.02-345.02 sec  62.2 KBytes   509 Kbits/sec                  
[  5] 345.02-346.02 sec  0.00 Bytes  0.00 bits/sec                  
[  5] 346.02-347.03 sec  1.41 KBytes  11.5 Kbits/sec                  
[  5] 347.03-348.03 sec   218 KBytes  1.78 Mbits/sec                  
[  5] 348.03-349.03 sec   320 KBytes  2.62 Mbits/sec                  
[  5] 349.03-350.04 sec  0.00 Bytes  0.00 bits/sec                  
[  5] 350.04-351.03 sec  0.00 Bytes  0.00 bits/sec                  
[  5] 351.03-352.04 sec  0.00 Bytes  0.00 bits/sec                  
[  5] 352.04-353.03 sec  0.00 Bytes  0.00 bits/sec                  
[  5] 353.03-354.03 sec  9.90 KBytes  80.8 Kbits/sec                  
[  5] 354.03-355.03 sec  11.3 KBytes  93.0 Kbits/sec                  
[  5] 355.03-356.03 sec  1.41 KBytes  11.5 Kbits/sec                  
[  5] 356.03-357.08 sec   839 KBytes  6.57 Mbits/sec                  
[  5] 357.08-358.03 sec   286 KBytes  2.46 Mbits/sec                  
[  5] 358.03-359.03 sec   253 KBytes  2.08 Mbits/sec                  
[  5] 359.03-360.03 sec  0.00 Bytes  0.00 bits/sec                  
[  5] 360.03-361.03 sec  1.41 KBytes  11.6 Kbits/sec                  
[  5] 361.03-362.03 sec  42.4 KBytes   348 Kbits/sec                  
[  5] 362.03-363.03 sec   310 KBytes  2.53 Mbits/sec                  
[  5] 363.03-364.03 sec   351 KBytes  2.87 Mbits/sec                  
[  5] 364.03-365.03 sec  4.24 KBytes  34.6 Kbits/sec                  
[  5] 365.03-366.03 sec  2.83 KBytes  23.3 Kbits/sec                  
[  5] 366.03-367.03 sec   102 KBytes   831 Kbits/sec                  
[  5] 367.03-368.03 sec   318 KBytes  2.60 Mbits/sec                  
[  5] 368.03-369.04 sec   359 KBytes  2.93 Mbits/sec                  
[  5] 369.04-370.03 sec  1.41 KBytes  11.7 Kbits/sec                  
[  5] 370.03-371.03 sec  0.00 Bytes  0.00 bits/sec                  
[  5] 371.03-372.03 sec  2.83 KBytes  23.2 Kbits/sec                  
[  5] 372.03-373.03 sec  0.00 Bytes  0.00 bits/sec                  
[  5] 373.03-374.03 sec  0.00 Bytes  0.00 bits/sec                  
[  5] 374.03-375.03 sec  0.00 Bytes  0.00 bits/sec                  
[  5] 375.03-376.03 sec  0.00 Bytes  0.00 bits/sec                  
[  5] 376.03-377.03 sec  0.00 Bytes  0.00 bits/sec                  
[  5] 377.03-378.03 sec  0.00 Bytes  0.00 bits/sec                  
[  5] 378.03-379.03 sec  53.7 KBytes   440 Kbits/sec                  
[  5] 379.03-380.03 sec   566 KBytes  4.63 Mbits/sec                  
[  5] 380.03-381.03 sec   204 KBytes  1.67 Mbits/sec                  
[  5] 381.03-382.03 sec  0.00 Bytes  0.00 bits/sec                  
[  5] 382.03-383.03 sec  0.00 Bytes  0.00 bits/sec                  
[  5] 383.03-384.03 sec  96.2 KBytes   783 Kbits/sec                  
[  5] 384.03-385.02 sec  12.7 KBytes   105 Kbits/sec                  
[  5] 385.02-386.02 sec   752 KBytes  6.18 Mbits/sec                  
[  5] 386.02-387.03 sec  0.00 Bytes  0.00 bits/sec                  
[  5] 387.03-388.02 sec  0.00 Bytes  0.00 bits/sec                  
[  5] 388.02-389.02 sec  0.00 Bytes  0.00 bits/sec                  
[  5] 389.02-390.02 sec  0.00 Bytes  0.00 bits/sec                  
[  5] 390.02-391.02 sec  1.41 KBytes  11.5 Kbits/sec                  
[  5] 391.02-392.03 sec   542 KBytes  4.42 Mbits/sec                  
[  5] 392.03-393.02 sec   252 KBytes  2.08 Mbits/sec                  
[  5] 393.02-394.02 sec  94.7 KBytes   776 Kbits/sec                  
[  5] 394.02-395.02 sec  80.6 KBytes   659 Kbits/sec                  
[  5] 395.02-396.02 sec   115 KBytes   940 Kbits/sec                  
[  5] 396.02-397.02 sec   294 KBytes  2.41 Mbits/sec                  
[  5] 397.02-398.02 sec  1.41 KBytes  11.6 Kbits/sec                  
[  5] 398.02-399.02 sec   230 KBytes  1.88 Mbits/sec                  
[  5] 399.02-400.02 sec   283 KBytes  2.33 Mbits/sec                  
[  5] 400.02-401.02 sec  72.1 KBytes   591 Kbits/sec                  
[  5] 401.02-402.02 sec   133 KBytes  1.08 Mbits/sec                  
[  5] 402.02-403.02 sec   351 KBytes  2.89 Mbits/sec                  
[  5] 403.02-404.02 sec  2.83 KBytes  23.1 Kbits/sec                  
[  5] 404.02-405.02 sec  97.6 KBytes   803 Kbits/sec                  
[  5] 405.02-406.02 sec   286 KBytes  2.34 Mbits/sec                  
[  5] 406.02-407.02 sec   102 KBytes   832 Kbits/sec                  
[  5] 407.02-408.02 sec  0.00 Bytes  0.00 bits/sec                  
[  5] 408.02-409.02 sec  0.00 Bytes  0.00 bits/sec                  
[  5] 409.02-410.02 sec  0.00 Bytes  0.00 bits/sec                  
[  5] 410.02-411.08 sec   136 KBytes  1.05 Mbits/sec                  
[  5] 411.08-412.02 sec   185 KBytes  1.62 Mbits/sec                  
[  5] 412.02-413.02 sec  84.8 KBytes   694 Kbits/sec                  
[  5] 413.02-414.02 sec   376 KBytes  3.08 Mbits/sec                  
[  5] 414.02-415.02 sec  0.00 Bytes  0.00 bits/sec                  
[  5] 415.02-416.03 sec   576 KBytes  4.68 Mbits/sec                  
[  5] 416.03-417.02 sec  70.7 KBytes   583 Kbits/sec                  
[  5] 417.02-418.02 sec   376 KBytes  3.08 Mbits/sec                  
[  5] 418.02-419.02 sec  5.66 KBytes  46.3 Kbits/sec                  
[  5] 419.02-420.02 sec  9.90 KBytes  81.2 Kbits/sec                  
[  5] 420.02-421.02 sec  0.00 Bytes  0.00 bits/sec                  
[  5] 421.02-422.02 sec  0.00 Bytes  0.00 bits/sec                  
[  5] 422.02-423.02 sec  0.00 Bytes  0.00 bits/sec                  
[  5] 423.02-424.02 sec   158 KBytes  1.30 Mbits/sec                  
[  5] 424.02-425.02 sec  55.1 KBytes   452 Kbits/sec                  
[  5] 425.02-426.02 sec   597 KBytes  4.89 Mbits/sec                  
[  5] 426.02-427.02 sec  0.00 Bytes  0.00 bits/sec                  
[  5] 427.02-428.02 sec  0.00 Bytes  0.00 bits/sec                  
[  5] 428.02-429.02 sec  0.00 Bytes  0.00 bits/sec                  
[  5] 429.02-430.02 sec  5.66 KBytes  46.4 Kbits/sec                  
[  5] 430.02-431.02 sec  0.00 Bytes  0.00 bits/sec                  
[  5] 431.02-432.02 sec  0.00 Bytes  0.00 bits/sec                  
[  5] 432.02-433.02 sec  0.00 Bytes  0.00 bits/sec                  
[  5] 433.02-434.02 sec  0.00 Bytes  0.00 bits/sec                  
[  5] 434.02-435.02 sec  0.00 Bytes  0.00 bits/sec                  
[  5] 435.02-436.02 sec  0.00 Bytes  0.00 bits/sec                  
[  5] 436.02-437.02 sec  0.00 Bytes  0.00 bits/sec                  
[  5] 437.02-438.02 sec  1.41 KBytes  11.5 Kbits/sec                  
[  5] 438.02-439.02 sec  0.00 Bytes  0.00 bits/sec                  
[  5] 439.02-440.03 sec  0.00 Bytes  0.00 bits/sec                  
[  5] 440.03-441.02 sec  2.83 KBytes  23.3 Kbits/sec                  
[  5] 441.02-442.02 sec  0.00 Bytes  0.00 bits/sec                  
[  5] 442.02-443.02 sec  5.66 KBytes  46.4 Kbits/sec                  
[  5] 443.02-444.02 sec  0.00 Bytes  0.00 bits/sec                  
[  5] 444.02-445.02 sec  0.00 Bytes  0.00 bits/sec                  
[  5] 445.02-446.02 sec  1.42 MBytes  11.9 Mbits/sec                  
[  5] 446.02-447.02 sec  0.00 Bytes  0.00 bits/sec                  
[  5] 447.02-448.02 sec  0.00 Bytes  0.00 bits/sec                  
[  5] 448.02-449.02 sec  0.00 Bytes  0.00 bits/sec                  
[  5] 449.02-450.02 sec  0.00 Bytes  0.00 bits/sec                  
[  5] 450.02-451.04 sec  0.00 Bytes  0.00 bits/sec                  
[  5] 451.04-452.02 sec  0.00 Bytes  0.00 bits/sec                  
[  5] 452.02-453.02 sec  0.00 Bytes  0.00 bits/sec                  
[  5] 453.02-454.02 sec   177 KBytes  1.45 Mbits/sec                  
[  5] 454.02-455.03 sec  0.00 Bytes  0.00 bits/sec                  
[  5] 455.03-456.03 sec  0.00 Bytes  0.00 bits/sec                  
[  5] 456.03-457.02 sec  0.00 Bytes  0.00 bits/sec                  
[  5] 457.02-458.02 sec   126 KBytes  1.03 Mbits/sec                  
[  5] 458.02-459.03 sec  0.00 Bytes  0.00 bits/sec                  
[  5] 459.03-460.02 sec  0.00 Bytes  0.00 bits/sec                  
[  5] 460.02-461.03 sec  0.00 Bytes  0.00 bits/sec                  
[  5] 461.03-462.02 sec  0.00 Bytes  0.00 bits/sec                  
[  5] 462.02-463.02 sec  0.00 Bytes  0.00 bits/sec                  
[  5] 463.02-464.02 sec  0.00 Bytes  0.00 bits/sec                  
[  5] 464.02-465.02 sec  0.00 Bytes  0.00 bits/sec                  
[  5] 465.02-466.03 sec  0.00 Bytes  0.00 bits/sec                  
[  5] 466.03-467.03 sec  1.41 KBytes  11.6 Kbits/sec                  
[  5] 467.03-468.03 sec  0.00 Bytes  0.00 bits/sec                  
[  5] 468.03-469.08 sec  2.83 KBytes  22.0 Kbits/sec                  
[  5] 469.08-470.08 sec  0.00 Bytes  0.00 bits/sec                  
[  5] 470.08-471.03 sec  0.00 Bytes  0.00 bits/sec                  
[  5] 471.03-472.03 sec  5.66 KBytes  46.3 Kbits/sec                  
[  5] 472.03-473.03 sec  0.00 Bytes  0.00 bits/sec                  
[  5] 473.03-474.03 sec  0.00 Bytes  0.00 bits/sec                  
[  5] 474.03-475.03 sec  0.00 Bytes  0.00 bits/sec                  
[  5] 475.03-476.03 sec  0.00 Bytes  0.00 bits/sec                  
[  5] 476.03-477.04 sec  0.00 Bytes  0.00 bits/sec                  
[  5] 477.04-478.03 sec  11.3 KBytes  93.1 Kbits/sec                  
[  5] 478.03-479.04 sec  0.00 Bytes  0.00 bits/sec                  
[  5] 479.04-480.05 sec  0.00 Bytes  0.00 bits/sec                  
[  5] 480.05-481.04 sec  0.00 Bytes  0.00 bits/sec                  
[  5] 481.04-482.03 sec  0.00 Bytes  0.00 bits/sec                  
[  5] 482.03-483.03 sec  0.00 Bytes  0.00 bits/sec                  
[  5] 483.03-484.04 sec  8.48 KBytes  69.2 Kbits/sec                  
[  5] 484.04-485.05 sec  0.00 Bytes  0.00 bits/sec                  
[  5] 485.05-486.04 sec  0.00 Bytes  0.00 bits/sec                  
[  5] 486.04-487.03 sec  0.00 Bytes  0.00 bits/sec                  
[  5] 487.03-488.09 sec  0.00 Bytes  0.00 bits/sec                  
[  5] 488.09-489.05 sec  0.00 Bytes  0.00 bits/sec                  
[  5] 489.05-490.04 sec  5.66 KBytes  46.7 Kbits/sec                  
[  5] 490.04-491.03 sec  0.00 Bytes  0.00 bits/sec                  
[  5] 491.03-492.03 sec  0.00 Bytes  0.00 bits/sec                  
[  5] 492.03-493.03 sec  0.00 Bytes  0.00 bits/sec                  
[  5] 493.03-494.03 sec  0.00 Bytes  0.00 bits/sec                  
[  5] 494.03-495.04 sec  0.00 Bytes  0.00 bits/sec                  
[  5] 495.04-496.03 sec  8.48 KBytes  69.8 Kbits/sec                  
[  5] 496.03-497.03 sec  0.00 Bytes  0.00 bits/sec                  
[  5] 497.03-498.03 sec  0.00 Bytes  0.00 bits/sec                  
[  5] 498.03-499.03 sec  0.00 Bytes  0.00 bits/sec                  
[  5] 499.03-500.03 sec  0.00 Bytes  0.00 bits/sec                  
[  5] 500.03-501.03 sec   451 KBytes  3.68 Mbits/sec                  
[  5] 501.03-502.03 sec  0.00 Bytes  0.00 bits/sec                  
[  5] 502.03-503.03 sec  0.00 Bytes  0.00 bits/sec                  
[  5] 503.03-504.03 sec  9.90 KBytes  80.7 Kbits/sec                  
[  5] 504.03-505.03 sec  0.00 Bytes  0.00 bits/sec                  
[  5] 505.03-506.03 sec  0.00 Bytes  0.00 bits/sec                  
[  5] 506.03-507.02 sec  14.1 KBytes   116 Kbits/sec                  
[  5] 507.02-508.03 sec  0.00 Bytes  0.00 bits/sec                  
[  5] 508.03-509.02 sec  0.00 Bytes  0.00 bits/sec                  
[  5] 509.02-510.02 sec  0.00 Bytes  0.00 bits/sec                  
[  5] 510.02-511.03 sec  21.2 KBytes   174 Kbits/sec                  
[  5] 511.03-512.07 sec  0.00 Bytes  0.00 bits/sec                  
[  5] 512.07-513.02 sec  0.00 Bytes  0.00 bits/sec                  
[  5] 513.02-514.02 sec  32.5 KBytes   267 Kbits/sec                  
[  5] 514.02-515.03 sec  0.00 Bytes  0.00 bits/sec                  
[  5] 515.03-516.03 sec  0.00 Bytes  0.00 bits/sec                  
[  5] 516.03-517.02 sec  0.00 Bytes  0.00 bits/sec                  
[  5] 517.02-518.02 sec  25.5 KBytes   209 Kbits/sec                  
[  5] 518.02-519.02 sec  0.00 Bytes  0.00 bits/sec                  
[  5] 519.02-520.02 sec  0.00 Bytes  0.00 bits/sec                  
[  5] 520.02-521.02 sec  0.00 Bytes  0.00 bits/sec                  
[  5] 521.02-522.02 sec  0.00 Bytes  0.00 bits/sec                  
[  5] 522.02-523.03 sec  0.00 Bytes  0.00 bits/sec                  
[  5] 523.03-524.03 sec  0.00 Bytes  0.00 bits/sec                  
[  5] 524.03-525.02 sec  0.00 Bytes  0.00 bits/sec                  
[  5] 525.02-526.02 sec  0.00 Bytes  0.00 bits/sec                  
[  5] 526.02-527.02 sec  0.00 Bytes  0.00 bits/sec                  
[  5] 527.02-528.03 sec  0.00 Bytes  0.00 bits/sec                  
[  5] 528.03-529.02 sec   140 KBytes  1.15 Mbits/sec                  
[  5] 529.02-530.02 sec  0.00 Bytes  0.00 bits/sec                  
[  5] 530.02-531.02 sec  0.00 Bytes  0.00 bits/sec                  
[  5] 531.02-532.02 sec  50.9 KBytes   417 Kbits/sec                  
[  5] 532.02-533.03 sec  0.00 Bytes  0.00 bits/sec                  
[  5] 533.03-534.02 sec  66.5 KBytes   546 Kbits/sec                  
[  5] 534.02-535.02 sec  84.8 KBytes   695 Kbits/sec                  
[  5] 535.02-536.00 sec  90.5 KBytes   759 Kbits/sec                  
[  5] 536.00-537.02 sec   116 KBytes   928 Kbits/sec                  
[  5] 537.02-538.00 sec   158 KBytes  1.33 Mbits/sec                  
[  5] 538.00-539.02 sec  5.66 KBytes  45.3 Kbits/sec                  
[  5] 539.02-540.02 sec   236 KBytes  1.93 Mbits/sec                  
[  5] 540.02-541.00 sec   296 KBytes  2.48 Mbits/sec                  
[  5] 541.00-542.02 sec  29.7 KBytes   238 Kbits/sec                  
[  5] 542.02-543.02 sec   440 KBytes  3.60 Mbits/sec                  
[  5] 543.02-544.00 sec  28.3 KBytes   237 Kbits/sec                  
[  5] 544.00-545.02 sec   478 KBytes  3.82 Mbits/sec                  
[  5] 545.02-546.02 sec   119 KBytes   974 Kbits/sec                  
[  5] 546.02-547.03 sec   158 KBytes  1.29 Mbits/sec                  
[  5] 547.03-548.00 sec   631 KBytes  5.31 Mbits/sec                  
[  5] 548.00-549.00 sec  76.4 KBytes   626 Kbits/sec                  
[  5] 549.00-550.00 sec  1.41 KBytes  11.6 Kbits/sec                  
[  5] 550.00-551.03 sec  0.00 Bytes  0.00 bits/sec                  
[  5] 551.03-552.02 sec  0.00 Bytes  0.00 bits/sec                  
[  5] 552.02-553.02 sec   102 KBytes   834 Kbits/sec                  
[  5] 553.02-554.03 sec   888 KBytes  7.25 Mbits/sec                  
[  5] 554.03-555.00 sec   178 KBytes  1.50 Mbits/sec                  
[  5] 555.00-556.00 sec   592 KBytes  4.85 Mbits/sec                  
[  5] 556.00-557.00 sec   501 KBytes  4.10 Mbits/sec                  
[  5] 557.00-558.03 sec   255 KBytes  2.03 Mbits/sec                  
[  5] 558.03-559.00 sec  24.0 KBytes   203 Kbits/sec                  
[  5] 559.00-560.00 sec   201 KBytes  1.64 Mbits/sec                  
[  5] 560.00-561.03 sec  0.00 Bytes  0.00 bits/sec                  
[  5] 561.03-562.03 sec  0.00 Bytes  0.00 bits/sec                  
[  5] 562.03-563.03 sec  0.00 Bytes  0.00 bits/sec                  
[  5] 563.03-564.00 sec   700 KBytes  5.89 Mbits/sec                  
[  5] 564.00-565.03 sec   577 KBytes  4.61 Mbits/sec                  
[  5] 565.03-566.03 sec  22.6 KBytes   185 Kbits/sec                  
[  5] 566.03-567.03 sec   498 KBytes  4.06 Mbits/sec                  
[  5] 567.03-568.03 sec   123 KBytes  1.01 Mbits/sec                  
[  5] 568.03-569.05 sec   174 KBytes  1.40 Mbits/sec                  
[  5] 569.05-570.00 sec   444 KBytes  3.82 Mbits/sec                  
[  5] 570.00-571.00 sec   195 KBytes  1.60 Mbits/sec                  
[  5] 571.00-572.14 sec  19.8 KBytes   142 Kbits/sec                  
[  5] 572.14-573.03 sec   563 KBytes  5.18 Mbits/sec                  
[  5] 573.03-574.03 sec   211 KBytes  1.73 Mbits/sec                  
[  5] 574.03-575.00 sec  58.0 KBytes   488 Kbits/sec                  
[  5] 575.00-576.00 sec   314 KBytes  2.57 Mbits/sec                  
[  5] 576.00-577.00 sec   421 KBytes  3.45 Mbits/sec                  
[  5] 577.00-578.08 sec  80.6 KBytes   612 Kbits/sec                  
[  5] 578.08-579.03 sec   144 KBytes  1.25 Mbits/sec                  
[  5] 579.03-580.00 sec   354 KBytes  2.98 Mbits/sec                  
[  5] 580.00-581.03 sec   356 KBytes  2.84 Mbits/sec                  
[  5] 581.03-582.03 sec  63.6 KBytes   521 Kbits/sec                  
[  5] 582.03-583.03 sec  69.3 KBytes   568 Kbits/sec                  
[  5] 583.03-584.03 sec  0.00 Bytes  0.00 bits/sec                  
[  5] 584.03-585.03 sec  0.00 Bytes  0.00 bits/sec                  
[  5] 585.03-586.03 sec  0.00 Bytes  0.00 bits/sec                  
[  5] 586.03-587.00 sec  8.48 KBytes  71.5 Kbits/sec                  
[  5] 587.00-588.00 sec  0.00 Bytes  0.00 bits/sec                  
[  5] 588.00-589.03 sec  0.00 Bytes  0.00 bits/sec                  
[  5] 589.03-590.00 sec  0.00 Bytes  0.00 bits/sec                  
[  5] 590.00-591.00 sec  0.00 Bytes  0.00 bits/sec                  
[  5] 591.00-592.03 sec  0.00 Bytes  0.00 bits/sec                  
[  5] 592.03-593.03 sec  0.00 Bytes  0.00 bits/sec                  
[  5] 593.03-594.00 sec  0.00 Bytes  0.00 bits/sec                  
[  5] 594.00-595.00 sec  0.00 Bytes  0.00 bits/sec                  
[  5] 595.00-596.00 sec  1.41 KBytes  11.6 Kbits/sec                  
[  5] 596.00-597.00 sec  0.00 Bytes  0.00 bits/sec                  
[  5] 597.00-598.00 sec  0.00 Bytes  0.00 bits/sec                  
[  5] 598.00-599.05 sec  2.83 KBytes  22.2 Kbits/sec                  
[  5] 599.05-600.00 sec  0.00 Bytes  0.00 bits/sec                  
[  5] 600.00-601.00 sec  1.13 MBytes  9.50 Mbits/sec                  
[  5] 601.00-602.03 sec  1.93 MBytes  15.7 Mbits/sec                  
[  5] 602.03-603.00 sec   228 KBytes  1.92 Mbits/sec                  
[  5] 603.00-604.00 sec   454 KBytes  3.72 Mbits/sec                  
[  5] 604.00-605.09 sec   173 KBytes  1.30 Mbits/sec                  
[  5] 605.09-606.08 sec   366 KBytes  3.03 Mbits/sec                  
[  5] 606.08-607.00 sec   379 KBytes  3.37 Mbits/sec                  
[  5] 607.00-608.00 sec   153 KBytes  1.25 Mbits/sec                  
[  5] 608.00-609.00 sec   304 KBytes  2.48 Mbits/sec                  
[  5] 609.00-610.00 sec   293 KBytes  2.40 Mbits/sec                  
[  5] 610.00-611.00 sec   416 KBytes  3.40 Mbits/sec                  
[  5] 611.00-612.00 sec  60.8 KBytes   498 Kbits/sec                  
[  5] 612.00-613.08 sec  0.00 Bytes  0.00 bits/sec                  
[  5] 613.08-614.00 sec  0.00 Bytes  0.00 bits/sec                  
[  5] 614.00-615.00 sec  0.00 Bytes  0.00 bits/sec                  
[  5] 615.00-616.03 sec   335 KBytes  2.67 Mbits/sec                  
[  5] 616.03-617.00 sec   489 KBytes  4.11 Mbits/sec                  
[  5] 617.00-618.00 sec   608 KBytes  4.99 Mbits/sec                  
[  5] 618.00-619.00 sec   720 KBytes  5.90 Mbits/sec                  
[  5] 619.00-620.00 sec  73.5 KBytes   602 Kbits/sec                  
[  5] 620.00-621.03 sec  0.00 Bytes  0.00 bits/sec                  
[  5] 621.03-622.03 sec  0.00 Bytes  0.00 bits/sec                  
[  5] 622.03-623.03 sec  8.48 KBytes  69.5 Kbits/sec                  
[  5] 623.03-624.08 sec   407 KBytes  3.18 Mbits/sec                  
[  5] 624.08-625.00 sec  1.17 MBytes  10.6 Mbits/sec                  
[  5] 625.00-626.00 sec   215 KBytes  1.76 Mbits/sec                  
[  5] 626.00-627.03 sec   185 KBytes  1.48 Mbits/sec                  
[  5] 627.03-628.00 sec   376 KBytes  3.17 Mbits/sec                  
[  5] 628.00-629.03 sec   105 KBytes   832 Kbits/sec                  
[  5] 629.03-630.00 sec   339 KBytes  2.86 Mbits/sec                  
[  5] 630.00-631.00 sec   390 KBytes  3.20 Mbits/sec                  
[  5] 631.00-632.03 sec  45.2 KBytes   359 Kbits/sec                  
[  5] 632.03-633.00 sec   334 KBytes  2.83 Mbits/sec                  
[  5] 633.00-634.00 sec   428 KBytes  3.50 Mbits/sec                  
[  5] 634.00-635.03 sec   113 KBytes   902 Kbits/sec                  
[  5] 635.03-636.03 sec   160 KBytes  1.31 Mbits/sec                  
[  5] 636.03-637.00 sec   281 KBytes  2.38 Mbits/sec                  
[  5] 637.00-638.00 sec   378 KBytes  3.09 Mbits/sec                  
[  5] 638.00-639.03 sec  96.2 KBytes   764 Kbits/sec                  
[  5] 639.03-640.00 sec  9.90 KBytes  83.6 Kbits/sec                  
[  5] 640.00-641.00 sec   107 KBytes   881 Kbits/sec                  
[  5] 641.00-642.03 sec  0.00 Bytes  0.00 bits/sec                  
[  5] 642.03-643.00 sec  0.00 Bytes  0.00 bits/sec                  
[  5] 643.00-644.00 sec  0.00 Bytes  0.00 bits/sec                  
[  5] 644.00-645.00 sec   526 KBytes  4.31 Mbits/sec                  
[  5] 645.00-646.08 sec   562 KBytes  4.25 Mbits/sec                  
[  5] 646.08-647.00 sec   264 KBytes  2.36 Mbits/sec                  
[  5] 647.00-648.00 sec   253 KBytes  2.07 Mbits/sec                  
[  5] 648.00-649.05 sec   341 KBytes  2.66 Mbits/sec                  
[  5] 649.05-650.00 sec  42.4 KBytes   366 Kbits/sec                  
[  5] 650.00-651.04 sec   148 KBytes  1.18 Mbits/sec                  
[  5] 651.04-652.00 sec  19.8 KBytes   168 Kbits/sec                  
[  5] 652.00-653.00 sec  0.00 Bytes  0.00 bits/sec                  
[  5] 653.00-654.00 sec  0.00 Bytes  0.00 bits/sec                  
[  5] 654.00-655.00 sec  0.00 Bytes  0.00 bits/sec                  
[  5] 655.00-656.00 sec  0.00 Bytes  0.00 bits/sec                  
[  5] 656.00-657.00 sec   354 KBytes  2.89 Mbits/sec                  
[  5] 657.00-658.00 sec   421 KBytes  3.46 Mbits/sec                  
[  5] 658.00-659.00 sec  62.2 KBytes   510 Kbits/sec                  
[  5] 659.00-660.00 sec   699 KBytes  5.73 Mbits/sec                  
[  5] 660.00-661.00 sec   250 KBytes  2.05 Mbits/sec                  
[  5] 661.00-662.00 sec   174 KBytes  1.43 Mbits/sec                  
[  5] 662.00-663.00 sec   103 KBytes   845 Kbits/sec                  
[  5] 663.00-664.00 sec   180 KBytes  1.47 Mbits/sec                  
[  5] 664.00-665.00 sec   298 KBytes  2.45 Mbits/sec                  
[  5] 665.00-666.00 sec   167 KBytes  1.37 Mbits/sec                  
[  5] 666.00-667.00 sec  83.4 KBytes   682 Kbits/sec                  
[  5] 667.00-668.00 sec  48.1 KBytes   394 Kbits/sec                  
[  5] 668.00-669.00 sec  0.00 Bytes  0.00 bits/sec                  
[  5] 669.00-670.00 sec  0.00 Bytes  0.00 bits/sec                  
[  5] 670.00-671.00 sec  0.00 Bytes  0.00 bits/sec                  
[  5] 671.00-672.00 sec  0.00 Bytes  0.00 bits/sec                  
[  5] 672.00-673.00 sec   110 KBytes   904 Kbits/sec                  
[  5] 673.00-674.03 sec   629 KBytes  5.00 Mbits/sec                  
[  5] 674.03-675.00 sec  0.00 Bytes  0.00 bits/sec                  
[  5] 675.00-676.00 sec   786 KBytes  6.44 Mbits/sec                  
[  5] 676.00-677.00 sec   187 KBytes  1.53 Mbits/sec                  
[  5] 677.00-678.00 sec  19.8 KBytes   162 Kbits/sec                  
[  5] 678.00-679.00 sec  70.7 KBytes   580 Kbits/sec                  
[  5] 679.00-680.00 sec   216 KBytes  1.77 Mbits/sec                  
[  5] 680.00-681.00 sec   218 KBytes  1.79 Mbits/sec                  
[  5] 681.00-682.00 sec  2.83 KBytes  23.1 Kbits/sec                  
[  5] 682.00-683.03 sec  0.00 Bytes  0.00 bits/sec                  
[  5] 683.03-684.00 sec  0.00 Bytes  0.00 bits/sec                  
[  5] 684.00-685.00 sec  0.00 Bytes  0.00 bits/sec                  
[  5] 685.00-686.00 sec  0.00 Bytes  0.00 bits/sec                  
[  5] 686.00-687.04 sec   128 KBytes  1.01 Mbits/sec                  
[  5] 687.04-688.00 sec  1.06 MBytes  9.18 Mbits/sec                  
[  5] 688.00-689.00 sec  86.3 KBytes   708 Kbits/sec                  
[  5] 689.00-690.08 sec   204 KBytes  1.54 Mbits/sec                  
[  5] 690.08-691.03 sec   161 KBytes  1.39 Mbits/sec                  
[  5] 691.03-692.00 sec  67.9 KBytes   573 Kbits/sec                  
[  5] 692.00-693.08 sec   171 KBytes  1.29 Mbits/sec                  
[  5] 693.08-694.00 sec   147 KBytes  1.31 Mbits/sec                  
[  5] 694.00-695.00 sec   150 KBytes  1.23 Mbits/sec                  
[  5] 695.00-696.00 sec  96.2 KBytes   787 Kbits/sec                  
[  5] 696.00-697.00 sec   222 KBytes  1.82 Mbits/sec                  
[  5] 697.00-698.00 sec   181 KBytes  1.48 Mbits/sec                  
[  5] 698.00-699.03 sec  62.2 KBytes   494 Kbits/sec                  
[  5] 699.03-700.03 sec   123 KBytes  1.01 Mbits/sec                  
[  5] 700.03-701.00 sec  0.00 Bytes  0.00 bits/sec                  
[  5] 701.00-702.00 sec  0.00 Bytes  0.00 bits/sec                  
[  5] 702.00-703.00 sec  0.00 Bytes  0.00 bits/sec                  
[  5] 703.00-704.00 sec  0.00 Bytes  0.00 bits/sec                  
[  5] 704.00-705.00 sec  0.00 Bytes  0.00 bits/sec                  
[  5] 705.00-706.00 sec  0.00 Bytes  0.00 bits/sec                  
[  5] 706.00-707.00 sec   189 KBytes  1.55 Mbits/sec                  
[  5] 707.00-708.00 sec   230 KBytes  1.89 Mbits/sec                  
[  5] 708.00-709.00 sec   270 KBytes  2.21 Mbits/sec                  
[  5] 709.00-710.00 sec  0.00 Bytes  0.00 bits/sec                  
[  5] 710.00-711.00 sec  0.00 Bytes  0.00 bits/sec                  
[  5] 711.00-712.00 sec   892 KBytes  7.32 Mbits/sec                  
[  5] 712.00-713.00 sec   100 KBytes   822 Kbits/sec                  
[  5] 713.00-714.03 sec   165 KBytes  1.32 Mbits/sec                  
[  5] 714.03-715.03 sec   148 KBytes  1.22 Mbits/sec                  
[  5] 715.03-716.00 sec  77.8 KBytes   656 Kbits/sec                  
[  5] 716.00-717.00 sec  89.1 KBytes   730 Kbits/sec                  
[  5] 717.00-718.00 sec  0.00 Bytes  0.00 bits/sec                  
[  5] 718.00-719.00 sec  0.00 Bytes  0.00 bits/sec                  
[  5] 719.00-720.00 sec  0.00 Bytes  0.00 bits/sec                  
[  5] 720.00-721.03 sec  0.00 Bytes  0.00 bits/sec                  
[  5] 721.03-722.03 sec  0.00 Bytes  0.00 bits/sec                  
[  5] 722.03-723.03 sec  29.7 KBytes   243 Kbits/sec                  
[  5] 723.03-724.00 sec   279 KBytes  2.35 Mbits/sec                  
[  5] 724.00-725.00 sec   113 KBytes   926 Kbits/sec                  
[  5] 725.00-726.00 sec  91.9 KBytes   752 Kbits/sec                  
[  5] 726.00-727.00 sec   119 KBytes   973 Kbits/sec                  
[  5] 727.00-728.00 sec   848 KBytes  6.95 Mbits/sec                  
[  5] 728.00-729.00 sec   117 KBytes   962 Kbits/sec                  
[  5] 729.00-730.01 sec   208 KBytes  1.70 Mbits/sec                  
[  5] 730.01-730.08 sec  0.00 Bytes  0.00 bits/sec                  
- - - - - - - - - - - - - - - - - - - - - - - - -
[ ID] Interval           Transfer     Bandwidth
[  5]   0.00-730.08 sec  0.00 Bytes  0.00 bits/sec                  sender
[  5]   0.00-730.08 sec  75.1 MBytes   863 Kbits/sec                  receiver
