-----------------------------------------------------------
Server listening on 5202
-----------------------------------------------------------
Accepted connection from 10.0.0.1, port 47752
[  5] local 10.0.0.2 port 5202 connected to 10.0.0.1 port 46112
[ ID] Interval           Transfer     Bandwidth
[  5]   0.00-1.01   sec  0.00 Bytes  0.00 bits/sec                  
[  5]   1.01-2.00   sec  0.00 Bytes  0.00 bits/sec                  
[  5]   2.00-3.00   sec  14.1 KBytes   116 Kbits/sec                  
[  5]   3.00-4.01   sec  0.00 Bytes  0.00 bits/sec                  
[  5]   4.01-5.01   sec  17.0 KBytes   139 Kbits/sec                  
[  5]   5.01-6.00   sec  0.00 Bytes  0.00 bits/sec                  
[  5]   6.00-7.01   sec  4.24 KBytes  34.6 Kbits/sec                  
[  5]   7.01-8.00   sec  66.5 KBytes   547 Kbits/sec                  
[  5]   8.00-9.00   sec  0.00 Bytes  0.00 bits/sec                  
[  5]   9.00-10.00  sec  38.2 KBytes   313 Kbits/sec                  
[  5]  10.00-11.00  sec  36.8 KBytes   301 Kbits/sec                  
[  5]  11.00-12.01  sec  4.24 KBytes  34.5 Kbits/sec                  
[  5]  12.01-13.00  sec  35.4 KBytes   291 Kbits/sec                  
[  5]  13.00-14.00  sec  8.48 KBytes  69.6 Kbits/sec                  
[  5]  14.00-15.00  sec  18.4 KBytes   150 Kbits/sec                  
[  5]  15.00-16.00  sec  0.00 Bytes  0.00 bits/sec                  
[  5]  16.00-17.00  sec  5.66 KBytes  46.3 Kbits/sec                  
[  5]  17.00-18.00  sec  11.3 KBytes  92.5 Kbits/sec                  
[  5]  18.00-19.05  sec  82.0 KBytes   644 Kbits/sec                  
[  5]  19.05-20.00  sec  4.24 KBytes  36.4 Kbits/sec                  
[  5]  20.00-21.01  sec  55.1 KBytes   450 Kbits/sec                  
[  5]  21.01-22.00  sec  43.8 KBytes   360 Kbits/sec                  
[  5]  22.00-23.00  sec  17.0 KBytes   139 Kbits/sec                  
[  5]  23.00-24.10  sec  55.1 KBytes   411 Kbits/sec                  
[  5]  24.10-25.00  sec  9.90 KBytes  89.9 Kbits/sec                  
[  5]  25.00-26.00  sec  67.9 KBytes   556 Kbits/sec                  
[  5]  26.00-27.01  sec  12.7 KBytes   104 Kbits/sec                  
[  5]  27.01-28.00  sec  59.4 KBytes   489 Kbits/sec                  
[  5]  28.00-29.00  sec  0.00 Bytes  0.00 bits/sec                  
[  5]  29.00-30.00  sec  36.8 KBytes   300 Kbits/sec                  
[  5]  30.00-31.00  sec  0.00 Bytes  0.00 bits/sec                  
[  5]  31.00-32.00  sec   184 KBytes  1.51 Mbits/sec                  
[  5]  32.00-33.00  sec  0.00 Bytes  0.00 bits/sec                  
[  5]  33.00-34.00  sec  0.00 Bytes  0.00 bits/sec                  
[  5]  34.00-35.00  sec  0.00 Bytes  0.00 bits/sec                  
[  5]  35.00-36.00  sec  0.00 Bytes  0.00 bits/sec                  
[  5]  36.00-37.01  sec   267 KBytes  2.17 Mbits/sec                  
[  5]  37.01-38.00  sec  19.8 KBytes   163 Kbits/sec                  
[  5]  38.00-39.00  sec  69.3 KBytes   568 Kbits/sec                  
[  5]  39.00-40.00  sec  43.8 KBytes   359 Kbits/sec                  
[  5]  40.00-41.00  sec  49.5 KBytes   405 Kbits/sec                  
[  5]  41.00-42.00  sec  45.2 KBytes   371 Kbits/sec                  
[  5]  42.00-43.01  sec  0.00 Bytes  0.00 bits/sec                  
[  5]  43.01-44.00  sec  52.3 KBytes   431 Kbits/sec                  
[  5]  44.00-45.01  sec  0.00 Bytes  0.00 bits/sec                  
[  5]  45.01-46.00  sec   168 KBytes  1.39 Mbits/sec                  
[  5]  46.00-47.00  sec  31.1 KBytes   255 Kbits/sec                  
[  5]  47.00-48.00  sec  65.0 KBytes   533 Kbits/sec                  
[  5]  48.00-49.00  sec  38.2 KBytes   313 Kbits/sec                  
[  5]  49.00-50.00  sec  67.9 KBytes   556 Kbits/sec                  
[  5]  50.00-51.00  sec  59.4 KBytes   486 Kbits/sec                  
[  5]  51.00-52.00  sec  52.3 KBytes   429 Kbits/sec                  
[  5]  52.00-53.01  sec   115 KBytes   932 Kbits/sec                  
[  5]  53.01-54.00  sec  41.0 KBytes   338 Kbits/sec                  
[  5]  54.00-55.00  sec   134 KBytes  1.10 Mbits/sec                  
[  5]  55.00-56.00  sec   126 KBytes  1.03 Mbits/sec                  
[  5]  56.00-57.00  sec   113 KBytes   926 Kbits/sec                  
[  5]  57.00-58.00  sec  1.41 KBytes  11.6 Kbits/sec                  
[  5]  58.00-59.00  sec  0.00 Bytes  0.00 bits/sec                  
[  5]  59.00-60.00  sec   346 KBytes  2.85 Mbits/sec                  
[  5]  60.00-61.00  sec   325 KBytes  2.66 Mbits/sec                  
[  5]  61.00-62.00  sec   165 KBytes  1.36 Mbits/sec                  
[  5]  62.00-63.00  sec   249 KBytes  2.04 Mbits/sec                  
[  5]  63.00-64.00  sec   148 KBytes  1.22 Mbits/sec                  
[  5]  64.00-65.00  sec   238 KBytes  1.95 Mbits/sec                  
[  5]  65.00-66.00  sec   222 KBytes  1.81 Mbits/sec                  
[  5]  66.00-67.00  sec   130 KBytes  1.07 Mbits/sec                  
[  5]  67.00-68.00  sec   298 KBytes  2.44 Mbits/sec                  
[  5]  68.00-69.00  sec   117 KBytes   962 Kbits/sec                  
[  5]  69.00-70.00  sec  17.0 KBytes   139 Kbits/sec                  
[  5]  70.00-71.00  sec  5.66 KBytes  46.3 Kbits/sec                  
[  5]  71.00-72.03  sec  0.00 Bytes  0.00 bits/sec                  
[  5]  72.03-73.00  sec   673 KBytes  5.69 Mbits/sec                  
[  5]  73.00-74.00  sec  90.5 KBytes   741 Kbits/sec                  
[  5]  74.00-75.00  sec   177 KBytes  1.45 Mbits/sec                  
[  5]  75.00-76.00  sec   148 KBytes  1.22 Mbits/sec                  
[  5]  76.00-77.00  sec  49.5 KBytes   405 Kbits/sec                  
[  5]  77.00-78.00  sec   188 KBytes  1.54 Mbits/sec                  
[  5]  78.00-79.01  sec  28.3 KBytes   230 Kbits/sec                  
[  5]  79.01-80.00  sec   197 KBytes  1.62 Mbits/sec                  
[  5]  80.00-81.00  sec  73.5 KBytes   604 Kbits/sec                  
[  5]  81.00-82.00  sec   164 KBytes  1.34 Mbits/sec                  
[  5]  82.00-83.00  sec  62.2 KBytes   510 Kbits/sec                  
[  5]  83.00-84.00  sec  0.00 Bytes  0.00 bits/sec                  
[  5]  84.00-85.00  sec  43.8 KBytes   359 Kbits/sec                  
[  5]  85.00-86.00  sec   154 KBytes  1.26 Mbits/sec                  
[  5]  86.00-87.00  sec   288 KBytes  2.36 Mbits/sec                  
[  5]  87.00-88.00  sec  58.0 KBytes   474 Kbits/sec                  
[  5]  88.00-89.00  sec   113 KBytes   930 Kbits/sec                  
[  5]  89.00-90.00  sec   109 KBytes   892 Kbits/sec                  
[  5]  90.00-91.00  sec  39.6 KBytes   324 Kbits/sec                  
[  5]  91.00-92.00  sec   143 KBytes  1.17 Mbits/sec                  
[  5]  92.00-93.01  sec  39.6 KBytes   322 Kbits/sec                  
[  5]  93.01-94.00  sec   130 KBytes  1.08 Mbits/sec                  
[  5]  94.00-95.01  sec  56.6 KBytes   460 Kbits/sec                  
[  5]  95.01-96.01  sec  0.00 Bytes  0.00 bits/sec                  
[  5]  96.01-97.00  sec  5.66 KBytes  46.6 Kbits/sec                  
[  5]  97.00-98.00  sec  0.00 Bytes  0.00 bits/sec                  
[  5]  98.00-99.01  sec   369 KBytes  3.01 Mbits/sec                  
[  5]  99.01-100.00 sec  55.1 KBytes   454 Kbits/sec                  
[  5] 100.00-101.00 sec  97.6 KBytes   802 Kbits/sec                  
[  5] 101.00-102.00 sec  2.83 KBytes  23.2 Kbits/sec                  
[  5] 102.00-103.01 sec  0.00 Bytes  0.00 bits/sec                  
[  5] 103.01-104.00 sec   137 KBytes  1.13 Mbits/sec                  
[  5] 104.00-105.00 sec   175 KBytes  1.44 Mbits/sec                  
[  5] 105.00-106.00 sec  87.7 KBytes   718 Kbits/sec                  
[  5] 106.00-107.00 sec   103 KBytes   845 Kbits/sec                  
[  5] 107.00-108.00 sec  38.2 KBytes   312 Kbits/sec                  
[  5] 108.00-109.02 sec   116 KBytes   931 Kbits/sec                  
[  5] 109.02-110.01 sec  33.9 KBytes   282 Kbits/sec                  
[  5] 110.01-111.00 sec   124 KBytes  1.03 Mbits/sec                  
[  5] 111.00-112.01 sec  63.6 KBytes   517 Kbits/sec                  
[  5] 112.01-113.00 sec  97.6 KBytes   807 Kbits/sec                  
[  5] 113.00-114.00 sec  0.00 Bytes  0.00 bits/sec                  
[  5] 114.00-115.00 sec   245 KBytes  2.01 Mbits/sec                  
[  5] 115.00-116.00 sec   115 KBytes   936 Kbits/sec                  
[  5] 116.00-117.00 sec  50.9 KBytes   417 Kbits/sec                  
[  5] 117.00-118.01 sec  38.2 KBytes   312 Kbits/sec                  
[  5] 118.01-119.00 sec  0.00 Bytes  0.00 bits/sec                  
[  5] 119.00-120.00 sec  0.00 Bytes  0.00 bits/sec                  
[  5] 120.00-121.01 sec   328 KBytes  2.68 Mbits/sec                  
[  5] 121.01-122.00 sec  76.4 KBytes   628 Kbits/sec                  
[  5] 122.00-123.00 sec   126 KBytes  1.03 Mbits/sec                  
[  5] 123.00-124.00 sec  55.1 KBytes   451 Kbits/sec                  
[  5] 124.00-125.01 sec   133 KBytes  1.09 Mbits/sec                  
[  5] 125.01-126.00 sec  83.4 KBytes   688 Kbits/sec                  
[  5] 126.00-127.00 sec  99.0 KBytes   811 Kbits/sec                  
[  5] 127.00-128.00 sec   134 KBytes  1.10 Mbits/sec                  
[  5] 128.00-129.00 sec  94.7 KBytes   775 Kbits/sec                  
[  5] 129.00-130.00 sec   160 KBytes  1.31 Mbits/sec                  
[  5] 130.00-131.00 sec   117 KBytes   965 Kbits/sec                  
[  5] 131.00-132.01 sec   133 KBytes  1.08 Mbits/sec                  
[  5] 132.01-133.01 sec  0.00 Bytes  0.00 bits/sec                  
[  5] 133.01-134.00 sec  18.4 KBytes   153 Kbits/sec                  
[  5] 134.00-135.01 sec   332 KBytes  2.69 Mbits/sec                  
[  5] 135.01-136.01 sec  24.0 KBytes   198 Kbits/sec                  
[  5] 136.01-137.00 sec   373 KBytes  3.08 Mbits/sec                  
[  5] 137.00-138.00 sec   102 KBytes   834 Kbits/sec                  
[  5] 138.00-139.00 sec   113 KBytes   926 Kbits/sec                  
[  5] 139.00-140.00 sec  0.00 Bytes  0.00 bits/sec                  
[  5] 140.00-141.00 sec   143 KBytes  1.17 Mbits/sec                  
[  5] 141.00-142.00 sec   348 KBytes  2.85 Mbits/sec                  
[  5] 142.00-143.00 sec   100 KBytes   823 Kbits/sec                  
[  5] 143.00-144.01 sec   185 KBytes  1.50 Mbits/sec                  
[  5] 144.01-145.02 sec   161 KBytes  1.31 Mbits/sec                  
[  5] 145.02-146.00 sec   168 KBytes  1.40 Mbits/sec                  
[  5] 146.00-147.00 sec   167 KBytes  1.37 Mbits/sec                  
[  5] 147.00-148.03 sec   133 KBytes  1.06 Mbits/sec                  
[  5] 148.03-149.01 sec  36.8 KBytes   309 Kbits/sec                  
[  5] 149.01-150.00 sec  0.00 Bytes  0.00 bits/sec                  
[  5] 150.00-151.05 sec   296 KBytes  2.31 Mbits/sec                  
[  5] 151.05-152.00 sec   264 KBytes  2.27 Mbits/sec                  
[  5] 152.00-153.00 sec   112 KBytes   914 Kbits/sec                  
[  5] 153.00-154.00 sec   130 KBytes  1.07 Mbits/sec                  
[  5] 154.00-155.01 sec  91.9 KBytes   749 Kbits/sec                  
[  5] 155.01-156.00 sec  79.2 KBytes   652 Kbits/sec                  
[  5] 156.00-157.01 sec   113 KBytes   923 Kbits/sec                  
[  5] 157.01-158.01 sec  48.1 KBytes   394 Kbits/sec                  
[  5] 158.01-159.00 sec  0.00 Bytes  0.00 bits/sec                  
[  5] 159.00-160.00 sec  0.00 Bytes  0.00 bits/sec                  
[  5] 160.00-161.00 sec  0.00 Bytes  0.00 bits/sec                  
[  5] 161.00-162.01 sec   286 KBytes  2.32 Mbits/sec                  
[  5] 162.01-163.03 sec   103 KBytes   833 Kbits/sec                  
[  5] 163.03-164.00 sec  62.2 KBytes   522 Kbits/sec                  
[  5] 164.00-165.00 sec  74.9 KBytes   616 Kbits/sec                  
[  5] 165.00-166.00 sec  0.00 Bytes  0.00 bits/sec                  
[  5] 166.00-167.00 sec  0.00 Bytes  0.00 bits/sec                  
[  5] 167.00-168.01 sec   212 KBytes  1.72 Mbits/sec                  
[  5] 168.01-169.01 sec  29.7 KBytes   243 Kbits/sec                  
[  5] 169.01-170.00 sec   106 KBytes   879 Kbits/sec                  
[  5] 170.00-171.01 sec  49.5 KBytes   403 Kbits/sec                  
[  5] 171.01-172.00 sec  67.9 KBytes   559 Kbits/sec                  
[  5] 172.00-173.01 sec  43.8 KBytes   356 Kbits/sec                  
[  5] 173.01-174.02 sec  0.00 Bytes  0.00 bits/sec                  
[  5] 174.02-175.01 sec   144 KBytes  1.19 Mbits/sec                  
[  5] 175.01-176.01 sec  53.7 KBytes   444 Kbits/sec                  
[  5] 176.01-177.00 sec  63.6 KBytes   523 Kbits/sec                  
[  5] 177.00-178.00 sec  86.3 KBytes   705 Kbits/sec                  
[  5] 178.00-179.00 sec  67.9 KBytes   558 Kbits/sec                  
[  5] 179.00-180.00 sec  83.4 KBytes   682 Kbits/sec                  
[  5] 180.00-181.00 sec  76.4 KBytes   626 Kbits/sec                  
[  5] 181.00-182.00 sec  58.0 KBytes   475 Kbits/sec                  
[  5] 182.00-183.00 sec   100 KBytes   822 Kbits/sec                  
[  5] 183.00-184.00 sec  50.9 KBytes   418 Kbits/sec                  
[  5] 184.00-185.03 sec   127 KBytes  1.02 Mbits/sec                  
[  5] 185.03-186.00 sec  33.9 KBytes   284 Kbits/sec                  
[  5] 186.00-187.01 sec  0.00 Bytes  0.00 bits/sec                  
[  5] 187.01-188.00 sec   109 KBytes   899 Kbits/sec                  
[  5] 188.00-189.00 sec   286 KBytes  2.34 Mbits/sec                  
[  5] 189.00-190.00 sec  83.4 KBytes   681 Kbits/sec                  
[  5] 190.00-191.00 sec   113 KBytes   930 Kbits/sec                  
[  5] 191.00-192.02 sec  31.1 KBytes   250 Kbits/sec                  
[  5] 192.02-193.00 sec  0.00 Bytes  0.00 bits/sec                  
[  5] 193.00-194.00 sec  73.5 KBytes   605 Kbits/sec                  
[  5] 194.00-195.00 sec   130 KBytes  1.06 Mbits/sec                  
[  5] 195.00-196.00 sec   205 KBytes  1.69 Mbits/sec                  
[  5] 196.00-197.00 sec  94.7 KBytes   775 Kbits/sec                  
[  5] 197.00-198.02 sec   133 KBytes  1.07 Mbits/sec                  
[  5] 198.02-199.00 sec   112 KBytes   930 Kbits/sec                  
[  5] 199.00-200.00 sec   132 KBytes  1.07 Mbits/sec                  
[  5] 200.00-201.00 sec  82.0 KBytes   674 Kbits/sec                  
[  5] 201.00-202.00 sec   124 KBytes  1.02 Mbits/sec                  
[  5] 202.00-203.00 sec  53.7 KBytes   440 Kbits/sec                  
[  5] 203.00-204.03 sec  0.00 Bytes  0.00 bits/sec                  
[  5] 204.03-205.01 sec  79.2 KBytes   664 Kbits/sec                  
[  5] 205.01-206.00 sec   267 KBytes  2.21 Mbits/sec                  
[  5] 206.00-207.00 sec   123 KBytes  1.00 Mbits/sec                  
[  5] 207.00-208.00 sec   137 KBytes  1.13 Mbits/sec                  
[  5] 208.00-209.00 sec   148 KBytes  1.21 Mbits/sec                  
[  5] 209.00-210.00 sec   127 KBytes  1.04 Mbits/sec                  
[  5] 210.00-211.02 sec   139 KBytes  1.12 Mbits/sec                  
[  5] 211.02-212.00 sec   109 KBytes   907 Kbits/sec                  
[  5] 212.00-213.01 sec   157 KBytes  1.27 Mbits/sec                  
[  5] 213.01-214.02 sec   112 KBytes   908 Kbits/sec                  
[  5] 214.02-215.01 sec   160 KBytes  1.33 Mbits/sec                  
[  5] 215.01-216.00 sec   122 KBytes  1.00 Mbits/sec                  
[  5] 216.00-217.01 sec  21.2 KBytes   172 Kbits/sec                  
[  5] 217.01-218.00 sec  69.3 KBytes   573 Kbits/sec                  
[  5] 218.00-219.01 sec   352 KBytes  2.87 Mbits/sec                  
[  5] 219.01-220.00 sec   184 KBytes  1.51 Mbits/sec                  
[  5] 220.00-221.00 sec  55.1 KBytes   452 Kbits/sec                  
[  5] 221.00-222.03 sec   236 KBytes  1.89 Mbits/sec                  
[  5] 222.03-223.00 sec  11.3 KBytes  94.6 Kbits/sec                  
[  5] 223.00-224.00 sec  0.00 Bytes  0.00 bits/sec                  
[  5] 224.00-225.01 sec   438 KBytes  3.58 Mbits/sec                  
[  5] 225.01-226.00 sec  96.2 KBytes   790 Kbits/sec                  
[  5] 226.00-227.00 sec   188 KBytes  1.54 Mbits/sec                  
[  5] 227.00-228.01 sec   116 KBytes   946 Kbits/sec                  
[  5] 228.01-229.00 sec   163 KBytes  1.34 Mbits/sec                  
[  5] 229.00-230.00 sec   178 KBytes  1.46 Mbits/sec                  
[  5] 230.00-231.00 sec   126 KBytes  1.03 Mbits/sec                  
[  5] 231.00-232.00 sec   157 KBytes  1.29 Mbits/sec                  
[  5] 232.00-233.00 sec   102 KBytes   835 Kbits/sec                  
[  5] 233.00-234.00 sec   170 KBytes  1.39 Mbits/sec                  
[  5] 234.00-235.00 sec  15.6 KBytes   127 Kbits/sec                  
[  5] 235.00-236.00 sec  0.00 Bytes  0.00 bits/sec                  
[  5] 236.00-237.01 sec   139 KBytes  1.13 Mbits/sec                  
[  5] 237.01-238.01 sec   209 KBytes  1.72 Mbits/sec                  
[  5] 238.01-239.00 sec   301 KBytes  2.48 Mbits/sec                  
[  5] 239.00-240.00 sec   161 KBytes  1.32 Mbits/sec                  
[  5] 240.00-241.00 sec  73.5 KBytes   601 Kbits/sec                  
[  5] 241.00-242.00 sec  25.5 KBytes   209 Kbits/sec                  
[  5] 242.00-243.00 sec  0.00 Bytes  0.00 bits/sec                  
[  5] 243.00-244.00 sec   124 KBytes  1.02 Mbits/sec                  
[  5] 244.00-245.01 sec  70.7 KBytes   573 Kbits/sec                  
[  5] 245.01-246.00 sec   168 KBytes  1.40 Mbits/sec                  
[  5] 246.00-247.00 sec  84.8 KBytes   692 Kbits/sec                  
[  5] 247.00-248.00 sec  72.1 KBytes   593 Kbits/sec                  
[  5] 248.00-249.00 sec  43.8 KBytes   358 Kbits/sec                  
[  5] 249.00-250.03 sec  89.1 KBytes   712 Kbits/sec                  
[  5] 250.03-251.00 sec  69.3 KBytes   584 Kbits/sec                  
[  5] 251.00-252.00 sec  59.4 KBytes   485 Kbits/sec                  
[  5] 252.00-253.00 sec  70.7 KBytes   581 Kbits/sec                  
[  5] 253.00-254.00 sec  46.7 KBytes   382 Kbits/sec                  
[  5] 254.00-255.00 sec  22.6 KBytes   186 Kbits/sec                  
[  5] 255.00-256.02 sec  0.00 Bytes  0.00 bits/sec                  
[  5] 256.02-257.00 sec  99.0 KBytes   826 Kbits/sec                  
[  5] 257.00-258.00 sec   164 KBytes  1.34 Mbits/sec                  
[  5] 258.00-259.07 sec  86.3 KBytes   661 Kbits/sec                  
[  5] 259.07-260.00 sec  42.4 KBytes   373 Kbits/sec                  
[  5] 260.00-261.01 sec   117 KBytes   958 Kbits/sec                  
[  5] 261.01-262.01 sec   123 KBytes  1.00 Mbits/sec                  
[  5] 262.01-263.00 sec  65.0 KBytes   537 Kbits/sec                  
[  5] 263.00-264.00 sec   119 KBytes   974 Kbits/sec                  
[  5] 264.00-265.01 sec  62.2 KBytes   505 Kbits/sec                  
[  5] 265.01-266.02 sec   126 KBytes  1.02 Mbits/sec                  
[  5] 266.02-267.00 sec  62.2 KBytes   518 Kbits/sec                  
[  5] 267.00-268.00 sec   160 KBytes  1.31 Mbits/sec                  
[  5] 268.00-269.00 sec   168 KBytes  1.38 Mbits/sec                  
[  5] 269.00-270.00 sec   199 KBytes  1.63 Mbits/sec                  
[  5] 270.00-271.01 sec   243 KBytes  1.98 Mbits/sec                  
[  5] 271.01-272.00 sec   182 KBytes  1.51 Mbits/sec                  
[  5] 272.00-273.02 sec  0.00 Bytes  0.00 bits/sec                  
[  5] 273.02-274.00 sec  55.1 KBytes   458 Kbits/sec                  
[  5] 274.00-275.00 sec   474 KBytes  3.88 Mbits/sec                  
[  5] 275.00-276.00 sec   560 KBytes  4.57 Mbits/sec                  
[  5] 276.00-277.00 sec   341 KBytes  2.80 Mbits/sec                  
[  5] 277.00-278.03 sec   339 KBytes  2.71 Mbits/sec                  
[  5] 278.03-279.02 sec   291 KBytes  2.40 Mbits/sec                  
[  5] 279.02-280.02 sec  96.2 KBytes   786 Kbits/sec                  
[  5] 280.02-281.00 sec  0.00 Bytes  0.00 bits/sec                  
[  5] 281.00-282.01 sec   380 KBytes  3.09 Mbits/sec                  
[  5] 282.01-283.01 sec   622 KBytes  5.09 Mbits/sec                  
[  5] 283.01-284.01 sec   296 KBytes  2.42 Mbits/sec                  
[  5] 284.01-285.00 sec   249 KBytes  2.06 Mbits/sec                  
[  5] 285.00-286.00 sec   280 KBytes  2.29 Mbits/sec                  
[  5] 286.00-287.01 sec   103 KBytes   843 Kbits/sec                  
[  5] 287.01-288.00 sec  0.00 Bytes  0.00 bits/sec                  
[  5] 288.00-289.01 sec  2.83 KBytes  22.9 Kbits/sec                  
[  5] 289.01-290.00 sec   831 KBytes  6.89 Mbits/sec                  
[  5] 290.00-291.00 sec   270 KBytes  2.21 Mbits/sec                  
[  5] 291.00-292.01 sec   215 KBytes  1.74 Mbits/sec                  
[  5] 292.01-293.00 sec   124 KBytes  1.03 Mbits/sec                  
[  5] 293.00-294.00 sec   199 KBytes  1.63 Mbits/sec                  
[  5] 294.00-295.01 sec   206 KBytes  1.68 Mbits/sec                  
[  5] 295.01-296.00 sec   150 KBytes  1.24 Mbits/sec                  
[  5] 296.00-297.04 sec   184 KBytes  1.46 Mbits/sec                  
[  5] 297.04-298.00 sec   151 KBytes  1.29 Mbits/sec                  
[  5] 298.00-299.01 sec   171 KBytes  1.39 Mbits/sec                  
[  5] 299.01-300.01 sec   153 KBytes  1.25 Mbits/sec                  
[  5] 300.01-301.00 sec   150 KBytes  1.24 Mbits/sec                  
[  5] 301.00-302.01 sec  0.00 Bytes  0.00 bits/sec                  
[  5] 302.01-303.00 sec   102 KBytes   840 Kbits/sec                  
[  5] 303.00-304.00 sec   216 KBytes  1.77 Mbits/sec                  
[  5] 304.00-305.00 sec   322 KBytes  2.64 Mbits/sec                  
[  5] 305.00-306.02 sec   132 KBytes  1.06 Mbits/sec                  
[  5] 306.02-307.00 sec  96.2 KBytes   805 Kbits/sec                  
[  5] 307.00-308.00 sec   139 KBytes  1.13 Mbits/sec                  
[  5] 308.00-309.00 sec  7.07 KBytes  57.9 Kbits/sec                  
[  5] 309.00-310.00 sec   122 KBytes   997 Kbits/sec                  
[  5] 310.00-311.01 sec   328 KBytes  2.67 Mbits/sec                  
[  5] 311.01-312.01 sec   192 KBytes  1.57 Mbits/sec                  
[  5] 312.01-313.01 sec   184 KBytes  1.50 Mbits/sec                  
[  5] 313.01-314.00 sec   223 KBytes  1.85 Mbits/sec                  
[  5] 314.00-315.01 sec   136 KBytes  1.10 Mbits/sec                  
[  5] 315.01-316.01 sec   214 KBytes  1.76 Mbits/sec                  
[  5] 316.01-317.00 sec   201 KBytes  1.66 Mbits/sec                  
[  5] 317.00-318.00 sec   150 KBytes  1.23 Mbits/sec                  
[  5] 318.00-319.02 sec   184 KBytes  1.48 Mbits/sec                  
[  5] 319.02-320.00 sec   151 KBytes  1.26 Mbits/sec                  
[  5] 320.00-321.00 sec   202 KBytes  1.66 Mbits/sec                  
[  5] 321.00-322.01 sec   185 KBytes  1.51 Mbits/sec                  
[  5] 322.01-323.01 sec   107 KBytes   878 Kbits/sec                  
[  5] 323.01-324.02 sec  0.00 Bytes  0.00 bits/sec                  
[  5] 324.02-325.00 sec  45.2 KBytes   375 Kbits/sec                  
[  5] 325.00-326.02 sec   362 KBytes  2.93 Mbits/sec                  
[  5] 326.02-327.00 sec  87.7 KBytes   728 Kbits/sec                  
[  5] 327.00-328.01 sec   197 KBytes  1.60 Mbits/sec                  
[  5] 328.01-329.01 sec  24.0 KBytes   197 Kbits/sec                  
[  5] 329.01-330.00 sec   481 KBytes  3.96 Mbits/sec                  
[  5] 330.00-331.01 sec   173 KBytes  1.40 Mbits/sec                  
[  5] 331.01-332.00 sec   127 KBytes  1.05 Mbits/sec                  
[  5] 332.00-333.00 sec   173 KBytes  1.42 Mbits/sec                  
[  5] 333.00-334.00 sec   123 KBytes  1.01 Mbits/sec                  
[  5] 334.00-335.00 sec   202 KBytes  1.66 Mbits/sec                  
[  5] 335.00-336.02 sec   144 KBytes  1.16 Mbits/sec                  
[  5] 336.02-337.00 sec   192 KBytes  1.61 Mbits/sec                  
[  5] 337.00-338.02 sec   185 KBytes  1.50 Mbits/sec                  
[  5] 338.02-339.01 sec  46.7 KBytes   383 Kbits/sec                  
[  5] 339.01-340.00 sec  0.00 Bytes  0.00 bits/sec                  
[  5] 340.00-341.02 sec  5.66 KBytes  45.6 Kbits/sec                  
[  5] 341.02-342.00 sec  0.00 Bytes  0.00 bits/sec                  
[  5] 342.00-343.01 sec   628 KBytes  5.14 Mbits/sec                  
[  5] 343.01-344.01 sec   198 KBytes  1.61 Mbits/sec                  
[  5] 344.01-345.00 sec   199 KBytes  1.65 Mbits/sec                  
[  5] 345.00-346.00 sec   156 KBytes  1.27 Mbits/sec                  
[  5] 346.00-347.00 sec   215 KBytes  1.76 Mbits/sec                  
[  5] 347.00-348.01 sec   129 KBytes  1.05 Mbits/sec                  
[  5] 348.01-349.01 sec   222 KBytes  1.82 Mbits/sec                  
[  5] 349.01-350.00 sec   119 KBytes   978 Kbits/sec                  
[  5] 350.00-351.00 sec   236 KBytes  1.93 Mbits/sec                  
[  5] 351.00-352.00 sec   140 KBytes  1.15 Mbits/sec                  
[  5] 352.00-353.01 sec   165 KBytes  1.34 Mbits/sec                  
[  5] 353.01-354.01 sec  0.00 Bytes  0.00 bits/sec                  
[  5] 354.01-355.00 sec  87.7 KBytes   720 Kbits/sec                  
[  5] 355.00-356.01 sec   274 KBytes  2.23 Mbits/sec                  
[  5] 356.01-357.01 sec   324 KBytes  2.65 Mbits/sec                  
[  5] 357.01-358.00 sec   180 KBytes  1.49 Mbits/sec                  
[  5] 358.00-359.01 sec   132 KBytes  1.07 Mbits/sec                  
[  5] 359.01-360.00 sec   126 KBytes  1.04 Mbits/sec                  
[  5] 360.00-361.01 sec   154 KBytes  1.25 Mbits/sec                  
[  5] 361.01-362.00 sec   100 KBytes   832 Kbits/sec                  
[  5] 362.00-363.02 sec   177 KBytes  1.43 Mbits/sec                  
[  5] 363.02-364.02 sec  74.9 KBytes   613 Kbits/sec                  
[  5] 364.02-365.00 sec   165 KBytes  1.38 Mbits/sec                  
[  5] 365.00-366.00 sec  79.2 KBytes   647 Kbits/sec                  
[  5] 366.00-367.00 sec   187 KBytes  1.53 Mbits/sec                  
[  5] 367.00-368.01 sec  87.7 KBytes   712 Kbits/sec                  
[  5] 368.01-369.00 sec   132 KBytes  1.09 Mbits/sec                  
[  5] 369.00-370.01 sec  0.00 Bytes  0.00 bits/sec                  
[  5] 370.01-371.01 sec  0.00 Bytes  0.00 bits/sec                  
[  5] 371.01-372.00 sec  0.00 Bytes  0.00 bits/sec                  
[  5] 372.00-373.00 sec   385 KBytes  3.16 Mbits/sec                  
[  5] 373.00-374.03 sec  0.00 Bytes  0.00 bits/sec                  
[  5] 374.03-375.00 sec   171 KBytes  1.45 Mbits/sec                  
[  5] 375.00-376.00 sec   329 KBytes  2.70 Mbits/sec                  
[  5] 376.00-377.00 sec  70.7 KBytes   577 Kbits/sec                  
[  5] 377.00-378.00 sec   139 KBytes  1.14 Mbits/sec                  
[  5] 378.00-379.00 sec   100 KBytes   821 Kbits/sec                  
[  5] 379.00-380.00 sec   139 KBytes  1.14 Mbits/sec                  
[  5] 380.00-381.00 sec   140 KBytes  1.14 Mbits/sec                  
[  5] 381.00-382.03 sec  83.4 KBytes   665 Kbits/sec                  
[  5] 382.03-383.02 sec   158 KBytes  1.31 Mbits/sec                  
[  5] 383.02-384.00 sec  25.5 KBytes   212 Kbits/sec                  
[  5] 384.00-385.02 sec  0.00 Bytes  0.00 bits/sec                  
[  5] 385.02-386.02 sec   163 KBytes  1.33 Mbits/sec                  
[  5] 386.02-387.00 sec  86.3 KBytes   722 Kbits/sec                  
[  5] 387.00-388.00 sec   226 KBytes  1.85 Mbits/sec                  
[  5] 388.00-389.01 sec   136 KBytes  1.10 Mbits/sec                  
[  5] 389.01-390.02 sec   156 KBytes  1.26 Mbits/sec                  
[  5] 390.02-391.00 sec  69.3 KBytes   577 Kbits/sec                  
[  5] 391.00-392.00 sec   105 KBytes   857 Kbits/sec                  
[  5] 392.00-393.01 sec  0.00 Bytes  0.00 bits/sec                  
[  5] 393.01-394.01 sec  0.00 Bytes  0.00 bits/sec                  
[  5] 394.01-395.00 sec  0.00 Bytes  0.00 bits/sec                  
[  5] 395.00-396.02 sec   458 KBytes  3.71 Mbits/sec                  
[  5] 396.02-397.01 sec   134 KBytes  1.10 Mbits/sec                  
[  5] 397.01-397.43 sec  36.8 KBytes   724 Kbits/sec                  
- - - - - - - - - - - - - - - - - - - - - - - - -
[ ID] Interval           Transfer     Bandwidth
[  5]   0.00-397.43 sec  0.00 Bytes  0.00 bits/sec                  sender
[  5]   0.00-397.43 sec  46.7 MBytes   985 Kbits/sec                  receiver
