Connecting to host 10.0.0.2, port 5203
[  4] local 10.0.0.1 port 46114 connected to 10.0.0.2 port 5203
[ ID] Interval           Transfer     Bandwidth       Retr  Cwnd
[  4]   0.00-1.36   sec  82.0 KBytes   493 Kbits/sec    1   14.1 KBytes       
[  4]   1.36-2.00   sec  0.00 Bytes  0.00 bits/sec    0   14.1 KBytes       
[  4]   2.00-3.00   sec  0.00 Bytes  0.00 bits/sec    0   14.1 KBytes       
[  4]   3.00-4.00   sec  14.1 KBytes   116 Kbits/sec    0   28.3 KBytes       
[  4]   4.00-5.01   sec  0.00 Bytes  0.00 bits/sec    0   28.3 KBytes       
[  4]   5.01-6.01   sec   182 KBytes  1.49 Mbits/sec    0   42.4 KBytes       
[  4]   6.01-7.00   sec  0.00 Bytes  0.00 bits/sec    0   42.4 KBytes       
[  4]   7.00-8.00   sec   134 KBytes  1.10 Mbits/sec    0   62.2 KBytes       
[  4]   8.00-9.00   sec  63.6 KBytes   521 Kbits/sec    0   65.0 KBytes       
[  4]   9.00-10.00  sec  0.00 Bytes  0.00 bits/sec    0   65.0 KBytes       
[  4]  10.00-11.00  sec   191 KBytes  1.56 Mbits/sec    0   90.5 KBytes       
[  4]  11.00-12.00  sec   191 KBytes  1.57 Mbits/sec    0    136 KBytes       
[  4]  12.00-13.00  sec   445 KBytes  3.65 Mbits/sec    0    202 KBytes       
[  4]  13.00-14.01  sec   127 KBytes  1.04 Mbits/sec    0    279 KBytes       
[  4]  14.01-15.00  sec  0.00 Bytes  0.00 bits/sec    0    279 KBytes       
[  4]  15.00-16.00  sec  1.06 MBytes  8.86 Mbits/sec   25    270 KBytes       
[  4]  16.00-17.00  sec  0.00 Bytes  0.00 bits/sec    2    228 KBytes       
[  4]  17.00-18.01  sec  0.00 Bytes  0.00 bits/sec   59    228 KBytes       
[  4]  18.01-19.00  sec  63.6 KBytes   523 Kbits/sec    0    228 KBytes       
[  4]  19.00-20.00  sec   127 KBytes  1.04 Mbits/sec   21    228 KBytes       
[  4]  20.00-21.00  sec  0.00 Bytes  0.00 bits/sec    0    225 KBytes       
[  4]  21.00-22.00  sec  63.6 KBytes   521 Kbits/sec    0    174 KBytes       
[  4]  22.00-23.00  sec   382 KBytes  3.13 Mbits/sec    8    158 KBytes       
[  4]  23.00-24.01  sec  0.00 Bytes  0.00 bits/sec    0    158 KBytes       
[  4]  24.01-25.00  sec   191 KBytes  1.57 Mbits/sec    0    164 KBytes       
[  4]  25.00-26.00  sec   191 KBytes  1.56 Mbits/sec    0    180 KBytes       
[  4]  26.00-27.00  sec   127 KBytes  1.04 Mbits/sec    0    185 KBytes       
[  4]  27.00-28.00  sec  63.6 KBytes   522 Kbits/sec    0    188 KBytes       
[  4]  28.00-29.01  sec   191 KBytes  1.55 Mbits/sec    0    191 KBytes       
[  4]  29.01-30.00  sec  0.00 Bytes  0.00 bits/sec    0    191 KBytes       
[  4]  30.00-31.01  sec  0.00 Bytes  0.00 bits/sec   11    133 KBytes       
[  4]  31.01-32.00  sec  0.00 Bytes  0.00 bits/sec    0    133 KBytes       
[  4]  32.00-33.00  sec  0.00 Bytes  0.00 bits/sec    0    133 KBytes       
[  4]  33.00-34.00  sec   318 KBytes  2.60 Mbits/sec    0    143 KBytes       
[  4]  34.00-35.00  sec  0.00 Bytes  0.00 bits/sec    0    143 KBytes       
[  4]  35.00-36.00  sec   127 KBytes  1.04 Mbits/sec    0    154 KBytes       
[  4]  36.00-37.00  sec  0.00 Bytes  0.00 bits/sec    0    154 KBytes       
[  4]  37.00-38.00  sec  63.6 KBytes   521 Kbits/sec   21    109 KBytes       
[  4]  38.00-39.00  sec  0.00 Bytes  0.00 bits/sec    0    109 KBytes       
[  4]  39.00-40.00  sec   191 KBytes  1.57 Mbits/sec    0    113 KBytes       
[  4]  40.00-41.00  sec  0.00 Bytes  0.00 bits/sec    0    113 KBytes       
[  4]  41.00-42.00  sec   127 KBytes  1.04 Mbits/sec    0    126 KBytes       
[  4]  42.00-43.00  sec  0.00 Bytes  0.00 bits/sec    0    127 KBytes       
[  4]  43.00-44.00  sec   127 KBytes  1.04 Mbits/sec    0    130 KBytes       
[  4]  44.00-45.00  sec  0.00 Bytes  0.00 bits/sec    0    133 KBytes       
[  4]  45.00-46.00  sec   127 KBytes  1.04 Mbits/sec    0    141 KBytes       
[  4]  46.00-47.01  sec  0.00 Bytes  0.00 bits/sec    0    141 KBytes       
[  4]  47.01-48.01  sec  0.00 Bytes  0.00 bits/sec    0    141 KBytes       
[  4]  48.01-49.01  sec  0.00 Bytes  0.00 bits/sec    7   99.0 KBytes       
[  4]  49.01-50.01  sec  0.00 Bytes  0.00 bits/sec    0   99.0 KBytes       
[  4]  50.01-51.01  sec  0.00 Bytes  0.00 bits/sec    0   99.0 KBytes       
[  4]  51.01-52.01  sec   191 KBytes  1.56 Mbits/sec    0    112 KBytes       
[  4]  52.01-53.01  sec  63.6 KBytes   522 Kbits/sec    0    115 KBytes       
[  4]  53.01-54.01  sec  0.00 Bytes  0.00 bits/sec    0    115 KBytes       
[  4]  54.01-55.01  sec  63.6 KBytes   520 Kbits/sec    0    126 KBytes       
[  4]  55.01-56.00  sec  0.00 Bytes  0.00 bits/sec    0    132 KBytes       
[  4]  56.00-57.00  sec  0.00 Bytes  0.00 bits/sec    0    132 KBytes       
[  4]  57.00-58.01  sec  63.6 KBytes   520 Kbits/sec    0    141 KBytes       
[  4]  58.01-59.01  sec  63.6 KBytes   522 Kbits/sec    3    141 KBytes       
[  4]  59.01-60.01  sec  0.00 Bytes  0.00 bits/sec    0    141 KBytes       
[  4]  60.01-61.01  sec  0.00 Bytes  0.00 bits/sec    0    134 KBytes       
[  4]  61.01-62.01  sec  0.00 Bytes  0.00 bits/sec   26    102 KBytes       
[  4]  62.01-63.01  sec  63.6 KBytes   524 Kbits/sec    0    102 KBytes       
[  4]  63.01-64.01  sec  63.6 KBytes   522 Kbits/sec    1   99.0 KBytes       
[  4]  64.01-65.06  sec  0.00 Bytes  0.00 bits/sec    0   97.6 KBytes       
[  4]  65.06-66.02  sec  0.00 Bytes  0.00 bits/sec    0   97.6 KBytes       
[  4]  66.02-67.00  sec   191 KBytes  1.59 Mbits/sec   10   70.7 KBytes       
[  4]  67.00-68.00  sec  0.00 Bytes  0.00 bits/sec    0   70.7 KBytes       
[  4]  68.00-69.01  sec  0.00 Bytes  0.00 bits/sec    0   70.7 KBytes       
[  4]  69.01-70.00  sec  63.6 KBytes   526 Kbits/sec    1   67.9 KBytes       
[  4]  70.00-71.00  sec  0.00 Bytes  0.00 bits/sec    0   66.5 KBytes       
[  4]  71.00-72.00  sec  0.00 Bytes  0.00 bits/sec    0   58.0 KBytes       
[  4]  72.00-73.00  sec  63.6 KBytes   521 Kbits/sec    0   50.9 KBytes       
[  4]  73.00-74.00  sec  0.00 Bytes  0.00 bits/sec    0   50.9 KBytes       
[  4]  74.00-75.00  sec  63.6 KBytes   521 Kbits/sec    0   55.1 KBytes       
[  4]  75.00-76.01  sec  0.00 Bytes  0.00 bits/sec    0   56.6 KBytes       
[  4]  76.01-77.01  sec  0.00 Bytes  0.00 bits/sec    0   56.6 KBytes       
[  4]  77.01-78.01  sec  63.6 KBytes   521 Kbits/sec    0   72.1 KBytes       
[  4]  78.01-79.01  sec  0.00 Bytes  0.00 bits/sec    0   82.0 KBytes       
[  4]  79.01-80.02  sec  0.00 Bytes  0.00 bits/sec    0   82.0 KBytes       
[  4]  80.02-81.03  sec  0.00 Bytes  0.00 bits/sec    0   82.0 KBytes       
[  4]  81.03-82.02  sec  63.6 KBytes   526 Kbits/sec    0    102 KBytes       
[  4]  82.02-83.02  sec  0.00 Bytes  0.00 bits/sec    0    123 KBytes       
[  4]  83.02-84.02  sec  0.00 Bytes  0.00 bits/sec    0    123 KBytes       
[  4]  84.02-85.02  sec  0.00 Bytes  0.00 bits/sec    0    123 KBytes       
[  4]  85.02-86.02  sec  0.00 Bytes  0.00 bits/sec    0    139 KBytes       
[  4]  86.02-87.02  sec  63.6 KBytes   521 Kbits/sec    0    181 KBytes       
[  4]  87.02-88.02  sec  63.6 KBytes   521 Kbits/sec    0    185 KBytes       
[  4]  88.02-89.02  sec  0.00 Bytes  0.00 bits/sec    0    185 KBytes       
[  4]  89.02-90.02  sec  0.00 Bytes  0.00 bits/sec    0    185 KBytes       
[  4]  90.02-91.02  sec  0.00 Bytes  0.00 bits/sec    0    215 KBytes       
[  4]  91.02-92.02  sec  63.6 KBytes   521 Kbits/sec    1    260 KBytes       
[  4]  92.02-93.02  sec  0.00 Bytes  0.00 bits/sec    0    257 KBytes       
[  4]  93.02-94.02  sec  0.00 Bytes  0.00 bits/sec    0    257 KBytes       
[  4]  94.02-95.02  sec  0.00 Bytes  0.00 bits/sec    0    257 KBytes       
[  4]  95.02-96.02  sec  0.00 Bytes  0.00 bits/sec    0    239 KBytes       
[  4]  96.02-97.02  sec  63.6 KBytes   521 Kbits/sec   34    184 KBytes       
[  4]  97.02-98.03  sec  0.00 Bytes  0.00 bits/sec    0    184 KBytes       
[  4]  98.03-99.02  sec  0.00 Bytes  0.00 bits/sec    0    184 KBytes       
[  4]  99.02-100.02 sec  0.00 Bytes  0.00 bits/sec    0    184 KBytes       
[  4] 100.02-101.03 sec   127 KBytes  1.04 Mbits/sec    0    184 KBytes       
[  4] 101.03-102.03 sec   255 KBytes  2.08 Mbits/sec    0    195 KBytes       
[  4] 102.03-103.02 sec  0.00 Bytes  0.00 bits/sec    0    195 KBytes       
[  4] 103.02-104.02 sec  0.00 Bytes  0.00 bits/sec    0    195 KBytes       
[  4] 104.02-105.02 sec  0.00 Bytes  0.00 bits/sec    0    202 KBytes       
[  4] 105.02-106.02 sec   127 KBytes  1.04 Mbits/sec    0    226 KBytes       
[  4] 106.02-107.02 sec  63.6 KBytes   521 Kbits/sec    2    229 KBytes       
[  4] 107.02-108.02 sec  0.00 Bytes  0.00 bits/sec    0    229 KBytes       
[  4] 108.02-109.02 sec  0.00 Bytes  0.00 bits/sec    0    229 KBytes       
[  4] 109.02-110.02 sec  0.00 Bytes  0.00 bits/sec    0    229 KBytes       
[  4] 110.02-111.02 sec  0.00 Bytes  0.00 bits/sec    1    208 KBytes       
[  4] 111.02-112.07 sec  0.00 Bytes  0.00 bits/sec    6    171 KBytes       
[  4] 112.07-113.02 sec  0.00 Bytes  0.00 bits/sec    0    171 KBytes       
[  4] 113.02-114.02 sec  0.00 Bytes  0.00 bits/sec    0    171 KBytes       
[  4] 114.02-115.02 sec  0.00 Bytes  0.00 bits/sec    7    165 KBytes       
[  4] 115.02-116.02 sec   127 KBytes  1.04 Mbits/sec    0    165 KBytes       
[  4] 116.02-117.03 sec  63.6 KBytes   517 Kbits/sec    0    165 KBytes       
[  4] 117.03-118.02 sec  0.00 Bytes  0.00 bits/sec    0    165 KBytes       
[  4] 118.02-119.02 sec  0.00 Bytes  0.00 bits/sec    0    165 KBytes       
[  4] 119.02-120.02 sec  0.00 Bytes  0.00 bits/sec    0    165 KBytes       
[  4] 120.02-121.03 sec  0.00 Bytes  0.00 bits/sec    0    165 KBytes       
[  4] 121.03-122.03 sec  0.00 Bytes  0.00 bits/sec    0    165 KBytes       
[  4] 122.03-123.02 sec  0.00 Bytes  0.00 bits/sec    1   1.41 KBytes       
[  4] 123.02-124.02 sec  0.00 Bytes  0.00 bits/sec    0   1.41 KBytes       
[  4] 124.02-125.02 sec  63.6 KBytes   521 Kbits/sec    0   1.41 KBytes       
[  4] 125.02-126.02 sec  0.00 Bytes  0.00 bits/sec    0   1.41 KBytes       
[  4] 126.02-127.02 sec  0.00 Bytes  0.00 bits/sec    0   1.41 KBytes       
[  4] 127.02-128.02 sec   445 KBytes  3.64 Mbits/sec    4    321 KBytes       
[  4] 128.02-129.02 sec  0.00 Bytes  0.00 bits/sec    0    321 KBytes       
[  4] 129.02-130.02 sec  0.00 Bytes  0.00 bits/sec    0    321 KBytes       
[  4] 130.02-131.02 sec  0.00 Bytes  0.00 bits/sec    0    321 KBytes       
[  4] 131.02-132.03 sec  0.00 Bytes  0.00 bits/sec    0    321 KBytes       
[  4] 132.03-133.02 sec   127 KBytes  1.05 Mbits/sec    0    329 KBytes       
[  4] 133.02-134.03 sec   191 KBytes  1.56 Mbits/sec    0    338 KBytes       
[  4] 134.03-135.02 sec  0.00 Bytes  0.00 bits/sec    0    338 KBytes       
[  4] 135.02-136.02 sec  0.00 Bytes  0.00 bits/sec    0    338 KBytes       
[  4] 136.02-137.02 sec  0.00 Bytes  0.00 bits/sec    0    338 KBytes       
[  4] 137.02-138.07 sec  0.00 Bytes  0.00 bits/sec    1    329 KBytes       
[  4] 138.07-139.02 sec  0.00 Bytes  0.00 bits/sec   14    238 KBytes       
[  4] 139.02-140.02 sec  0.00 Bytes  0.00 bits/sec    0    238 KBytes       
[  4] 140.02-141.02 sec  0.00 Bytes  0.00 bits/sec    0    238 KBytes       
[  4] 141.02-142.02 sec  0.00 Bytes  0.00 bits/sec    0    238 KBytes       
[  4] 142.02-143.03 sec  0.00 Bytes  0.00 bits/sec    0    238 KBytes       
[  4] 143.03-144.02 sec   509 KBytes  4.19 Mbits/sec    0    242 KBytes       
[  4] 144.02-145.02 sec  0.00 Bytes  0.00 bits/sec    0    242 KBytes       
[  4] 145.02-146.02 sec  0.00 Bytes  0.00 bits/sec    0    242 KBytes       
[  4] 146.02-147.02 sec  0.00 Bytes  0.00 bits/sec    0    242 KBytes       
[  4] 147.02-148.03 sec  0.00 Bytes  0.00 bits/sec    0    250 KBytes       
[  4] 148.03-149.03 sec   191 KBytes  1.57 Mbits/sec    0    307 KBytes       
[  4] 149.03-150.02 sec  0.00 Bytes  0.00 bits/sec    0    307 KBytes       
[  4] 150.02-151.02 sec  63.6 KBytes   522 Kbits/sec    0    335 KBytes       
[  4] 151.02-152.07 sec  0.00 Bytes  0.00 bits/sec    0    335 KBytes       
[  4] 152.07-153.02 sec  0.00 Bytes  0.00 bits/sec    0    335 KBytes       
[  4] 153.02-154.03 sec  0.00 Bytes  0.00 bits/sec    5    279 KBytes       
[  4] 154.03-155.02 sec  0.00 Bytes  0.00 bits/sec   38    236 KBytes       
[  4] 155.02-156.02 sec  0.00 Bytes  0.00 bits/sec    0    236 KBytes       
[  4] 156.02-157.02 sec  0.00 Bytes  0.00 bits/sec    0    236 KBytes       
[  4] 157.02-158.02 sec   127 KBytes  1.04 Mbits/sec    0    236 KBytes       
[  4] 158.02-159.03 sec  63.6 KBytes   516 Kbits/sec    0    236 KBytes       
[  4] 159.03-160.02 sec   255 KBytes  2.12 Mbits/sec    0    236 KBytes       
[  4] 160.02-161.01 sec  0.00 Bytes  0.00 bits/sec    0    236 KBytes       
[  4] 161.01-162.01 sec  63.6 KBytes   521 Kbits/sec    9    191 KBytes       
[  4] 162.01-163.01 sec  0.00 Bytes  0.00 bits/sec    0    173 KBytes       
[  4] 163.01-164.06 sec  0.00 Bytes  0.00 bits/sec    5    164 KBytes       
[  4] 164.06-165.01 sec  0.00 Bytes  0.00 bits/sec    0    164 KBytes       
[  4] 165.01-166.01 sec   191 KBytes  1.57 Mbits/sec    0    164 KBytes       
[  4] 166.01-167.01 sec   191 KBytes  1.56 Mbits/sec    0    167 KBytes       
[  4] 167.01-168.01 sec  0.00 Bytes  0.00 bits/sec    0    167 KBytes       
[  4] 168.01-169.01 sec  63.6 KBytes   522 Kbits/sec    0    177 KBytes       
[  4] 169.01-170.03 sec   191 KBytes  1.54 Mbits/sec    0    188 KBytes       
[  4] 170.03-171.01 sec  0.00 Bytes  0.00 bits/sec    0    188 KBytes       
[  4] 171.01-172.01 sec  0.00 Bytes  0.00 bits/sec    0    201 KBytes       
[  4] 172.01-173.01 sec   127 KBytes  1.04 Mbits/sec    0    221 KBytes       
[  4] 173.01-174.01 sec  0.00 Bytes  0.00 bits/sec    0    221 KBytes       
[  4] 174.01-175.01 sec  0.00 Bytes  0.00 bits/sec   18    177 KBytes       
[  4] 175.01-176.06 sec  0.00 Bytes  0.00 bits/sec    0    154 KBytes       
[  4] 176.06-177.01 sec  0.00 Bytes  0.00 bits/sec    0    154 KBytes       
[  4] 177.01-178.01 sec   191 KBytes  1.57 Mbits/sec    0    158 KBytes       
[  4] 178.01-179.01 sec   127 KBytes  1.04 Mbits/sec    0    184 KBytes       
[  4] 179.01-180.01 sec  0.00 Bytes  0.00 bits/sec    0    187 KBytes       
[  4] 180.01-181.01 sec  0.00 Bytes  0.00 bits/sec    1    171 KBytes       
[  4] 181.01-182.00 sec  0.00 Bytes  0.00 bits/sec    0    132 KBytes       
[  4] 182.00-183.01 sec  0.00 Bytes  0.00 bits/sec    0    132 KBytes       
[  4] 183.01-184.00 sec   255 KBytes  2.09 Mbits/sec    0    137 KBytes       
[  4] 184.00-185.00 sec   127 KBytes  1.04 Mbits/sec    0    147 KBytes       
[  4] 185.00-186.00 sec   127 KBytes  1.04 Mbits/sec    0    153 KBytes       
[  4] 186.00-187.01 sec  0.00 Bytes  0.00 bits/sec    0    154 KBytes       
[  4] 187.01-188.01 sec   127 KBytes  1.05 Mbits/sec    0    161 KBytes       
[  4] 188.01-189.00 sec  63.6 KBytes   522 Kbits/sec    0    163 KBytes       
[  4] 189.00-190.01 sec  0.00 Bytes  0.00 bits/sec    0    174 KBytes       
[  4] 190.01-191.01 sec   127 KBytes  1.04 Mbits/sec    0    204 KBytes       
[  4] 191.01-192.00 sec  0.00 Bytes  0.00 bits/sec    0    228 KBytes       
[  4] 192.00-193.02 sec  63.6 KBytes   515 Kbits/sec    0    257 KBytes       
[  4] 193.02-194.01 sec  63.6 KBytes   527 Kbits/sec    0    305 KBytes       
[  4] 194.01-195.01 sec  63.6 KBytes   521 Kbits/sec    0    328 KBytes       
[  4] 195.01-196.01 sec  0.00 Bytes  0.00 bits/sec   13    298 KBytes       
[  4] 196.01-197.01 sec  0.00 Bytes  0.00 bits/sec   31    230 KBytes       
[  4] 197.01-198.01 sec  0.00 Bytes  0.00 bits/sec    1    230 KBytes       
[  4] 198.01-199.01 sec  63.6 KBytes   521 Kbits/sec    0    230 KBytes       
[  4] 199.01-200.01 sec   127 KBytes  1.04 Mbits/sec    0    230 KBytes       
[  4] 200.01-201.01 sec   318 KBytes  2.61 Mbits/sec    0    253 KBytes       
[  4] 201.01-202.01 sec  63.6 KBytes   521 Kbits/sec    0    263 KBytes       
[  4] 202.01-203.01 sec   127 KBytes  1.04 Mbits/sec    0    283 KBytes       
[  4] 203.01-204.01 sec   127 KBytes  1.04 Mbits/sec    0    301 KBytes       
[  4] 204.01-205.01 sec  63.6 KBytes   519 Kbits/sec    0    307 KBytes       
[  4] 205.01-206.01 sec  63.6 KBytes   521 Kbits/sec    0    313 KBytes       
[  4] 206.01-207.01 sec  63.6 KBytes   523 Kbits/sec   10    287 KBytes       
[  4] 207.01-208.01 sec  0.00 Bytes  0.00 bits/sec    2    270 KBytes       
[  4] 208.01-209.01 sec  0.00 Bytes  0.00 bits/sec    9    229 KBytes       
[  4] 209.01-210.01 sec  0.00 Bytes  0.00 bits/sec   15    221 KBytes       
[  4] 210.01-211.01 sec   127 KBytes  1.04 Mbits/sec    0    221 KBytes       
[  4] 211.01-212.01 sec  63.6 KBytes   520 Kbits/sec    0    221 KBytes       
[  4] 212.01-213.01 sec   318 KBytes  2.60 Mbits/sec    0    235 KBytes       
[  4] 213.01-214.01 sec   127 KBytes  1.05 Mbits/sec    0    245 KBytes       
[  4] 214.01-215.01 sec  63.6 KBytes   522 Kbits/sec    0    247 KBytes       
[  4] 215.01-216.01 sec   127 KBytes  1.04 Mbits/sec    0    256 KBytes       
[  4] 216.01-217.01 sec  63.6 KBytes   523 Kbits/sec    0    260 KBytes       
[  4] 217.01-218.01 sec  0.00 Bytes  0.00 bits/sec    0    263 KBytes       
[  4] 218.01-219.01 sec   127 KBytes  1.04 Mbits/sec    0    273 KBytes       
[  4] 219.01-220.02 sec  63.6 KBytes   519 Kbits/sec    0    283 KBytes       
[  4] 220.02-221.01 sec  63.6 KBytes   523 Kbits/sec    0    298 KBytes       
[  4] 221.01-222.02 sec   191 KBytes  1.55 Mbits/sec    0    344 KBytes       
[  4] 222.02-223.02 sec   255 KBytes  2.09 Mbits/sec    0    376 KBytes       
[  4] 223.02-224.03 sec   127 KBytes  1.03 Mbits/sec    0    397 KBytes       
[  4] 224.03-225.02 sec   255 KBytes  2.11 Mbits/sec    0    424 KBytes       
[  4] 225.02-226.02 sec  0.00 Bytes  0.00 bits/sec    2    387 KBytes       
[  4] 226.02-227.02 sec  0.00 Bytes  0.00 bits/sec   11    349 KBytes       
[  4] 227.02-228.03 sec  0.00 Bytes  0.00 bits/sec    7    334 KBytes       
[  4] 228.03-229.03 sec  0.00 Bytes  0.00 bits/sec   22    297 KBytes       
[  4] 229.03-230.03 sec  0.00 Bytes  0.00 bits/sec    0    297 KBytes       
[  4] 230.03-231.02 sec  63.6 KBytes   523 Kbits/sec    7    297 KBytes       
[  4] 231.02-232.02 sec  0.00 Bytes  0.00 bits/sec    0    297 KBytes       
[  4] 232.02-233.02 sec   127 KBytes  1.04 Mbits/sec    0    297 KBytes       
[  4] 233.02-234.03 sec   127 KBytes  1.04 Mbits/sec    0    297 KBytes       
[  4] 234.03-235.02 sec  0.00 Bytes  0.00 bits/sec    0    297 KBytes       
[  4] 235.02-236.02 sec   382 KBytes  3.13 Mbits/sec    0    317 KBytes       
[  4] 236.02-237.02 sec  0.00 Bytes  0.00 bits/sec    0    317 KBytes       
[  4] 237.02-238.04 sec  0.00 Bytes  0.00 bits/sec    0    317 KBytes       
[  4] 238.04-239.04 sec   127 KBytes  1.04 Mbits/sec    0    346 KBytes       
[  4] 239.04-240.02 sec  63.6 KBytes   530 Kbits/sec    0    363 KBytes       
[  4] 240.02-241.02 sec  63.6 KBytes   521 Kbits/sec    0    366 KBytes       
[  4] 241.02-242.02 sec   191 KBytes  1.56 Mbits/sec    0    390 KBytes       
[  4] 242.02-243.02 sec  0.00 Bytes  0.00 bits/sec    0    393 KBytes       
[  4] 243.02-244.02 sec  63.6 KBytes   521 Kbits/sec    0    399 KBytes       
[  4] 244.02-245.02 sec  63.6 KBytes   522 Kbits/sec    0    416 KBytes       
[  4] 245.02-246.07 sec   191 KBytes  1.49 Mbits/sec    0    438 KBytes       
[  4] 246.07-247.03 sec   318 KBytes  2.73 Mbits/sec    0    478 KBytes       
[  4] 247.03-248.03 sec   127 KBytes  1.04 Mbits/sec    0    498 KBytes       
[  4] 248.03-249.03 sec  63.6 KBytes   524 Kbits/sec    0    505 KBytes       
[  4] 249.03-250.02 sec   318 KBytes  2.61 Mbits/sec    0    542 KBytes       
[  4] 250.02-251.03 sec   127 KBytes  1.04 Mbits/sec    1    544 KBytes       
[  4] 251.03-252.02 sec  0.00 Bytes  0.00 bits/sec   31    471 KBytes       
[  4] 252.02-253.02 sec  0.00 Bytes  0.00 bits/sec   25    402 KBytes       
[  4] 253.02-254.03 sec  0.00 Bytes  0.00 bits/sec    4    389 KBytes       
[  4] 254.03-255.03 sec  0.00 Bytes  0.00 bits/sec    6    389 KBytes       
[  4] 255.03-256.03 sec  0.00 Bytes  0.00 bits/sec   11    389 KBytes       
[  4] 256.03-257.03 sec  0.00 Bytes  0.00 bits/sec    0    389 KBytes       
[  4] 257.03-258.03 sec   255 KBytes  2.09 Mbits/sec    0    389 KBytes       
[  4] 258.03-259.02 sec  0.00 Bytes  0.00 bits/sec    0    389 KBytes       
[  4] 259.02-260.03 sec   127 KBytes  1.04 Mbits/sec    0    389 KBytes       
[  4] 260.03-261.07 sec   382 KBytes  2.99 Mbits/sec    0    411 KBytes       
[  4] 261.07-262.02 sec  0.00 Bytes  0.00 bits/sec    0    417 KBytes       
[  4] 262.02-263.02 sec   255 KBytes  2.09 Mbits/sec    0    460 KBytes       
[  4] 263.02-264.02 sec  0.00 Bytes  0.00 bits/sec    0    465 KBytes       
[  4] 264.02-265.03 sec  63.6 KBytes   520 Kbits/sec    0    478 KBytes       
[  4] 265.03-266.03 sec   191 KBytes  1.57 Mbits/sec    0    499 KBytes       
[  4] 266.03-267.02 sec  0.00 Bytes  0.00 bits/sec    0    505 KBytes       
[  4] 267.02-268.08 sec   191 KBytes  1.48 Mbits/sec    0    522 KBytes       
[  4] 268.08-269.09 sec  0.00 Bytes  0.00 bits/sec    0    525 KBytes       
[  4] 269.09-270.03 sec  63.6 KBytes   556 Kbits/sec    0    527 KBytes       
[  4] 270.03-271.02 sec  0.00 Bytes  0.00 bits/sec   15    471 KBytes       
[  4] 271.02-272.03 sec  0.00 Bytes  0.00 bits/sec    0    448 KBytes       
[  4] 272.03-273.03 sec  0.00 Bytes  0.00 bits/sec    0    409 KBytes       
[  4] 273.03-274.03 sec  0.00 Bytes  0.00 bits/sec   17    369 KBytes       
[  4] 274.03-275.03 sec  0.00 Bytes  0.00 bits/sec    0    369 KBytes       
[  4] 275.03-276.02 sec  0.00 Bytes  0.00 bits/sec    0    369 KBytes       
[  4] 276.02-277.02 sec  0.00 Bytes  0.00 bits/sec    0    369 KBytes       
[  4] 277.02-278.02 sec  0.00 Bytes  0.00 bits/sec    0    369 KBytes       
[  4] 278.02-279.02 sec  0.00 Bytes  0.00 bits/sec    0    369 KBytes       
[  4] 279.02-280.02 sec  0.00 Bytes  0.00 bits/sec    0    369 KBytes       
[  4] 280.02-281.02 sec  0.00 Bytes  0.00 bits/sec    0    369 KBytes       
[  4] 281.02-282.01 sec  0.00 Bytes  0.00 bits/sec    0    369 KBytes       
[  4] 282.01-283.02 sec  0.00 Bytes  0.00 bits/sec    0    369 KBytes       
[  4] 283.02-284.02 sec  0.00 Bytes  0.00 bits/sec    1   1.41 KBytes       
[  4] 284.02-285.02 sec   127 KBytes  1.04 Mbits/sec    0   1.41 KBytes       
[  4] 285.02-286.01 sec   127 KBytes  1.05 Mbits/sec    0   1.41 KBytes       
[  4] 286.01-287.02 sec  0.00 Bytes  0.00 bits/sec    1   2.83 KBytes       
[  4] 287.02-288.01 sec  0.00 Bytes  0.00 bits/sec    0   2.83 KBytes       
[  4] 288.01-289.02 sec  1.49 MBytes  12.5 Mbits/sec    0    437 KBytes       
[  4] 289.02-290.01 sec  0.00 Bytes  0.00 bits/sec    0    437 KBytes       
[  4] 290.01-291.01 sec   127 KBytes  1.04 Mbits/sec    0    444 KBytes       
[  4] 291.01-292.01 sec   318 KBytes  2.60 Mbits/sec    0    460 KBytes       
[  4] 292.01-293.02 sec  0.00 Bytes  0.00 bits/sec    0    460 KBytes       
[  4] 293.02-294.03 sec  0.00 Bytes  0.00 bits/sec    0    460 KBytes       
[  4] 294.03-295.01 sec   382 KBytes  3.17 Mbits/sec    0    523 KBytes       
[  4] 295.01-296.01 sec  0.00 Bytes  0.00 bits/sec    0    525 KBytes       
[  4] 296.01-297.02 sec  0.00 Bytes  0.00 bits/sec    0    525 KBytes       
[  4] 297.02-298.01 sec  0.00 Bytes  0.00 bits/sec    3    414 KBytes       
[  4] 298.01-299.02 sec  0.00 Bytes  0.00 bits/sec   12    368 KBytes       
[  4] 299.02-300.02 sec  0.00 Bytes  0.00 bits/sec    0    368 KBytes       
[  4] 300.02-301.02 sec   318 KBytes  2.61 Mbits/sec    0    368 KBytes       
[  4] 301.02-302.01 sec   509 KBytes  4.18 Mbits/sec    0    382 KBytes       
[  4] 302.01-303.01 sec  0.00 Bytes  0.00 bits/sec    0    382 KBytes       
[  4] 303.01-304.01 sec  0.00 Bytes  0.00 bits/sec    0    382 KBytes       
[  4] 304.01-305.01 sec   445 KBytes  3.65 Mbits/sec    0    472 KBytes       
[  4] 305.01-306.01 sec  0.00 Bytes  0.00 bits/sec    0    472 KBytes       
[  4] 306.01-307.02 sec  0.00 Bytes  0.00 bits/sec    0    472 KBytes       
[  4] 307.02-308.02 sec   445 KBytes  3.64 Mbits/sec    0    508 KBytes       
[  4] 308.02-309.01 sec  63.6 KBytes   524 Kbits/sec    0    510 KBytes       
[  4] 309.01-310.01 sec  0.00 Bytes  0.00 bits/sec    0    510 KBytes       
[  4] 310.01-311.01 sec   255 KBytes  2.08 Mbits/sec    0    559 KBytes       
[  4] 311.01-312.02 sec   382 KBytes  3.12 Mbits/sec    0    584 KBytes       
[  4] 312.02-313.01 sec  0.00 Bytes  0.00 bits/sec    0    584 KBytes       
[  4] 313.01-314.01 sec  1.06 MBytes  8.86 Mbits/sec    0    716 KBytes       
[  4] 314.01-315.02 sec   445 KBytes  3.62 Mbits/sec    0    758 KBytes       
[  4] 315.02-316.01 sec  0.00 Bytes  0.00 bits/sec    0    758 KBytes       
[  4] 316.01-317.02 sec   382 KBytes  3.12 Mbits/sec    0    800 KBytes       
[  4] 317.02-318.01 sec  0.00 Bytes  0.00 bits/sec  122    564 KBytes       
[  4] 318.01-319.01 sec  0.00 Bytes  0.00 bits/sec    0    564 KBytes       
[  4] 319.01-320.02 sec  0.00 Bytes  0.00 bits/sec    0    564 KBytes       
[  4] 320.02-321.02 sec   509 KBytes  4.15 Mbits/sec    4    564 KBytes       
[  4] 321.02-322.01 sec  0.00 Bytes  0.00 bits/sec    0    564 KBytes       
[  4] 322.01-323.01 sec  0.00 Bytes  0.00 bits/sec    0    564 KBytes       
[  4] 323.01-324.01 sec   954 KBytes  7.82 Mbits/sec    0    667 KBytes       
[  4] 324.01-325.02 sec   191 KBytes  1.56 Mbits/sec    0    683 KBytes       
[  4] 325.02-326.08 sec  0.00 Bytes  0.00 bits/sec    0    683 KBytes       
[  4] 326.08-327.02 sec  0.00 Bytes  0.00 bits/sec    0    683 KBytes       
[  4] 327.02-328.12 sec  0.00 Bytes  0.00 bits/sec    0    683 KBytes       
[  4] 328.12-329.02 sec  63.6 KBytes   581 Kbits/sec    0    704 KBytes       
[  4] 329.02-330.02 sec   191 KBytes  1.56 Mbits/sec    6    660 KBytes       
[  4] 330.02-331.02 sec  0.00 Bytes  0.00 bits/sec    0    619 KBytes       
[  4] 331.02-332.02 sec  0.00 Bytes  0.00 bits/sec    0    619 KBytes       
[  4] 332.02-333.02 sec  0.00 Bytes  0.00 bits/sec    0    604 KBytes       
[  4] 333.02-334.02 sec   382 KBytes  3.15 Mbits/sec  107    510 KBytes       
[  4] 334.02-335.02 sec  0.00 Bytes  0.00 bits/sec    0    510 KBytes       
[  4] 335.02-336.02 sec  0.00 Bytes  0.00 bits/sec    0    510 KBytes       
[  4] 336.02-337.07 sec   954 KBytes  7.50 Mbits/sec    0    550 KBytes       
[  4] 337.07-338.02 sec  0.00 Bytes  0.00 bits/sec    0    550 KBytes       
[  4] 338.02-339.02 sec  0.00 Bytes  0.00 bits/sec    0    550 KBytes       
[  4] 339.02-340.02 sec   509 KBytes  4.20 Mbits/sec    0    587 KBytes       
[  4] 340.02-341.02 sec   127 KBytes  1.04 Mbits/sec    0    594 KBytes       
[  4] 341.02-342.02 sec  0.00 Bytes  0.00 bits/sec    0    594 KBytes       
[  4] 342.02-343.02 sec  63.6 KBytes   520 Kbits/sec    0    598 KBytes       
[  4] 343.02-344.02 sec   445 KBytes  3.65 Mbits/sec    0    629 KBytes       
[  4] 344.02-345.02 sec  63.6 KBytes   520 Kbits/sec    0    635 KBytes       
[  4] 345.02-346.02 sec  0.00 Bytes  0.00 bits/sec    0    635 KBytes       
[  4] 346.02-347.03 sec  0.00 Bytes  0.00 bits/sec    0    635 KBytes       
[  4] 347.03-348.03 sec   191 KBytes  1.56 Mbits/sec    0    717 KBytes       
[  4] 348.03-349.03 sec   382 KBytes  3.14 Mbits/sec   10    793 KBytes       
[  4] 349.03-350.03 sec  0.00 Bytes  0.00 bits/sec    5    789 KBytes       
[  4] 350.03-351.03 sec  0.00 Bytes  0.00 bits/sec    0    789 KBytes       
[  4] 351.03-352.04 sec  0.00 Bytes  0.00 bits/sec    1    789 KBytes       
[  4] 352.04-353.03 sec  0.00 Bytes  0.00 bits/sec   16    655 KBytes       
[  4] 353.03-354.03 sec  0.00 Bytes  0.00 bits/sec    0    577 KBytes       
[  4] 354.03-355.03 sec  0.00 Bytes  0.00 bits/sec    0    577 KBytes       
[  4] 355.03-356.03 sec  0.00 Bytes  0.00 bits/sec    0    577 KBytes       
[  4] 356.03-357.08 sec   764 KBytes  5.99 Mbits/sec    0    581 KBytes       
[  4] 357.08-358.03 sec   318 KBytes  2.74 Mbits/sec    0    663 KBytes       
[  4] 358.03-359.03 sec   382 KBytes  3.13 Mbits/sec    0    708 KBytes       
[  4] 359.03-360.03 sec  0.00 Bytes  0.00 bits/sec    0    708 KBytes       
[  4] 360.03-361.03 sec  0.00 Bytes  0.00 bits/sec    0    710 KBytes       
[  4] 361.03-362.03 sec  0.00 Bytes  0.00 bits/sec    0    717 KBytes       
[  4] 362.03-363.03 sec   318 KBytes  2.60 Mbits/sec    0    755 KBytes       
[  4] 363.03-364.03 sec   318 KBytes  2.60 Mbits/sec    0    783 KBytes       
[  4] 364.03-365.03 sec  0.00 Bytes  0.00 bits/sec    0    783 KBytes       
[  4] 365.03-366.03 sec  0.00 Bytes  0.00 bits/sec    0    783 KBytes       
[  4] 366.03-367.03 sec   127 KBytes  1.04 Mbits/sec    0    798 KBytes       
[  4] 367.03-368.03 sec   382 KBytes  3.12 Mbits/sec    0    841 KBytes       
[  4] 368.03-369.04 sec   636 KBytes  5.20 Mbits/sec    0    892 KBytes       
[  4] 369.04-370.03 sec  0.00 Bytes  0.00 bits/sec    0    892 KBytes       
[  4] 370.03-371.03 sec  0.00 Bytes  0.00 bits/sec    0    892 KBytes       
[  4] 371.03-372.03 sec  0.00 Bytes  0.00 bits/sec    0    894 KBytes       
[  4] 372.03-373.03 sec  0.00 Bytes  0.00 bits/sec    2    882 KBytes       
[  4] 373.03-374.03 sec  0.00 Bytes  0.00 bits/sec  122    625 KBytes       
[  4] 374.03-375.03 sec  0.00 Bytes  0.00 bits/sec   46    625 KBytes       
[  4] 375.03-376.03 sec  0.00 Bytes  0.00 bits/sec    0    625 KBytes       
[  4] 376.03-377.03 sec  0.00 Bytes  0.00 bits/sec    0    625 KBytes       
[  4] 377.03-378.03 sec  0.00 Bytes  0.00 bits/sec    0    625 KBytes       
[  4] 378.03-379.03 sec  0.00 Bytes  0.00 bits/sec   41    622 KBytes       
[  4] 379.03-380.03 sec   509 KBytes  4.17 Mbits/sec    3    625 KBytes       
[  4] 380.03-381.03 sec   255 KBytes  2.09 Mbits/sec   23    625 KBytes       
[  4] 381.03-382.03 sec  0.00 Bytes  0.00 bits/sec    0    625 KBytes       
[  4] 382.03-383.03 sec  0.00 Bytes  0.00 bits/sec    0    625 KBytes       
[  4] 383.03-384.03 sec  63.6 KBytes   518 Kbits/sec    0    618 KBytes       
[  4] 384.03-385.02 sec  63.6 KBytes   525 Kbits/sec    0    559 KBytes       
[  4] 385.02-386.02 sec   827 KBytes  6.80 Mbits/sec    0    471 KBytes       
[  4] 386.02-387.03 sec  0.00 Bytes  0.00 bits/sec    0    471 KBytes       
[  4] 387.03-388.02 sec  0.00 Bytes  0.00 bits/sec   27    437 KBytes       
[  4] 388.02-389.02 sec  0.00 Bytes  0.00 bits/sec    2    437 KBytes       
[  4] 389.02-390.02 sec  0.00 Bytes  0.00 bits/sec    0    437 KBytes       
[  4] 390.02-391.02 sec  0.00 Bytes  0.00 bits/sec    0    437 KBytes       
[  4] 391.02-392.03 sec   573 KBytes  4.68 Mbits/sec    0    447 KBytes       
[  4] 392.03-393.02 sec   318 KBytes  2.63 Mbits/sec    0    482 KBytes       
[  4] 393.02-394.02 sec   127 KBytes  1.04 Mbits/sec    0    491 KBytes       
[  4] 394.02-395.02 sec   127 KBytes  1.04 Mbits/sec    0    496 KBytes       
[  4] 395.02-396.02 sec  63.6 KBytes   522 Kbits/sec    0    503 KBytes       
[  4] 396.02-397.02 sec   318 KBytes  2.61 Mbits/sec    0    516 KBytes       
[  4] 397.02-398.02 sec  0.00 Bytes  0.00 bits/sec    0    518 KBytes       
[  4] 398.02-399.02 sec   191 KBytes  1.56 Mbits/sec    0    535 KBytes       
[  4] 399.02-400.02 sec   318 KBytes  2.62 Mbits/sec    0    556 KBytes       
[  4] 400.02-401.02 sec  63.6 KBytes   522 Kbits/sec    0    571 KBytes       
[  4] 401.02-402.02 sec   127 KBytes  1.04 Mbits/sec    0    604 KBytes       
[  4] 402.02-403.02 sec   318 KBytes  2.62 Mbits/sec    0    683 KBytes       
[  4] 403.02-404.02 sec  0.00 Bytes  0.00 bits/sec    0    686 KBytes       
[  4] 404.02-405.02 sec  63.6 KBytes   524 Kbits/sec    0    731 KBytes       
[  4] 405.02-406.02 sec   255 KBytes  2.08 Mbits/sec    0    785 KBytes       
[  4] 406.02-407.02 sec  63.6 KBytes   520 Kbits/sec   49    731 KBytes       
[  4] 407.02-408.02 sec  0.00 Bytes  0.00 bits/sec    0    731 KBytes       
[  4] 408.02-409.02 sec  0.00 Bytes  0.00 bits/sec    4    693 KBytes       
[  4] 409.02-410.02 sec  0.00 Bytes  0.00 bits/sec   16    648 KBytes       
[  4] 410.02-411.08 sec  63.6 KBytes   490 Kbits/sec   50    584 KBytes       
[  4] 411.08-412.02 sec   191 KBytes  1.67 Mbits/sec   41    584 KBytes       
[  4] 412.02-413.02 sec  63.6 KBytes   520 Kbits/sec    0    584 KBytes       
[  4] 413.02-414.02 sec   382 KBytes  3.13 Mbits/sec    0    584 KBytes       
[  4] 414.02-415.02 sec  0.00 Bytes  0.00 bits/sec    0    584 KBytes       
[  4] 415.02-416.03 sec   573 KBytes  4.66 Mbits/sec    0    602 KBytes       
[  4] 416.03-417.02 sec  63.6 KBytes   525 Kbits/sec    0    626 KBytes       
[  4] 417.02-418.02 sec   509 KBytes  4.17 Mbits/sec    0    701 KBytes       
[  4] 418.02-419.02 sec  0.00 Bytes  0.00 bits/sec    0    703 KBytes       
[  4] 419.02-420.02 sec  0.00 Bytes  0.00 bits/sec   10    662 KBytes       
[  4] 420.02-421.02 sec  0.00 Bytes  0.00 bits/sec    5    634 KBytes       
[  4] 421.02-422.02 sec  0.00 Bytes  0.00 bits/sec   17    494 KBytes       
[  4] 422.02-423.02 sec  0.00 Bytes  0.00 bits/sec    0    494 KBytes       
[  4] 423.02-424.02 sec   127 KBytes  1.04 Mbits/sec    0    494 KBytes       
[  4] 424.02-425.02 sec  63.6 KBytes   522 Kbits/sec    0    494 KBytes       
[  4] 425.02-426.02 sec   573 KBytes  4.69 Mbits/sec   12    478 KBytes       
[  4] 426.02-427.02 sec  0.00 Bytes  0.00 bits/sec    0    448 KBytes       
[  4] 427.02-428.02 sec  0.00 Bytes  0.00 bits/sec    0    437 KBytes       
[  4] 428.02-429.02 sec  0.00 Bytes  0.00 bits/sec    0    437 KBytes       
[  4] 429.02-430.02 sec   127 KBytes  1.04 Mbits/sec   27    345 KBytes       
[  4] 430.02-431.02 sec  0.00 Bytes  0.00 bits/sec    0    345 KBytes       
[  4] 431.02-432.02 sec  0.00 Bytes  0.00 bits/sec    0    345 KBytes       
[  4] 432.02-433.02 sec  0.00 Bytes  0.00 bits/sec    0    345 KBytes       
[  4] 433.02-434.02 sec  0.00 Bytes  0.00 bits/sec    1    345 KBytes       
[  4] 434.02-435.02 sec  0.00 Bytes  0.00 bits/sec    1   1.41 KBytes       
[  4] 435.02-436.02 sec  0.00 Bytes  0.00 bits/sec    0   1.41 KBytes       
[  4] 436.02-437.02 sec   191 KBytes  1.56 Mbits/sec    0   1.41 KBytes       
[  4] 437.02-438.02 sec  63.6 KBytes   520 Kbits/sec    2   2.83 KBytes       
[  4] 438.02-439.02 sec  0.00 Bytes  0.00 bits/sec    0   2.83 KBytes       
[  4] 439.02-440.03 sec  0.00 Bytes  0.00 bits/sec    0   2.83 KBytes       
[  4] 440.03-441.02 sec  0.00 Bytes  0.00 bits/sec    4   5.66 KBytes       
[  4] 441.02-442.02 sec  0.00 Bytes  0.00 bits/sec    0   5.66 KBytes       
[  4] 442.02-443.02 sec  0.00 Bytes  0.00 bits/sec    1   11.3 KBytes       
[  4] 443.02-444.02 sec  0.00 Bytes  0.00 bits/sec    0   11.3 KBytes       
[  4] 444.02-445.02 sec  0.00 Bytes  0.00 bits/sec    0   11.3 KBytes       
[  4] 445.02-446.02 sec  1.25 MBytes  10.5 Mbits/sec    0    402 KBytes       
[  4] 446.02-447.02 sec  56.3 KBytes   461 Kbits/sec    0    402 KBytes       
[  4] 447.02-448.02 sec  0.00 Bytes  0.00 bits/sec    0    402 KBytes       
[  4] 448.02-449.02 sec  0.00 Bytes  0.00 bits/sec    0    402 KBytes       
[  4] 449.02-450.02 sec  0.00 Bytes  0.00 bits/sec   37    317 KBytes       
[  4] 450.02-451.04 sec  0.00 Bytes  0.00 bits/sec    0    317 KBytes       
[  4] 451.04-452.02 sec  0.00 Bytes  0.00 bits/sec    0    317 KBytes       
[  4] 452.02-453.02 sec  0.00 Bytes  0.00 bits/sec    0    317 KBytes       
[  4] 453.02-454.02 sec   127 KBytes  1.04 Mbits/sec  127    192 KBytes       
[  4] 454.02-455.03 sec  0.00 Bytes  0.00 bits/sec    0    192 KBytes       
[  4] 455.03-456.03 sec  0.00 Bytes  0.00 bits/sec    0    192 KBytes       
[  4] 456.03-457.02 sec  0.00 Bytes  0.00 bits/sec    0    192 KBytes       
[  4] 457.02-458.02 sec   127 KBytes  1.04 Mbits/sec   29    192 KBytes       
[  4] 458.02-459.03 sec  0.00 Bytes  0.00 bits/sec    0    192 KBytes       
[  4] 459.03-460.02 sec  0.00 Bytes  0.00 bits/sec    0    192 KBytes       
[  4] 460.02-461.03 sec  0.00 Bytes  0.00 bits/sec    0    192 KBytes       
[  4] 461.03-462.02 sec  0.00 Bytes  0.00 bits/sec    0    192 KBytes       
[  4] 462.02-463.02 sec  0.00 Bytes  0.00 bits/sec    0    192 KBytes       
[  4] 463.02-464.02 sec  0.00 Bytes  0.00 bits/sec    0    192 KBytes       
[  4] 464.02-465.02 sec  63.6 KBytes   521 Kbits/sec    1   1.41 KBytes       
[  4] 465.02-466.03 sec  0.00 Bytes  0.00 bits/sec    0   1.41 KBytes       
[  4] 466.03-467.03 sec  63.6 KBytes   522 Kbits/sec    2   2.83 KBytes       
[  4] 467.03-468.03 sec  0.00 Bytes  0.00 bits/sec    0   2.83 KBytes       
[  4] 468.03-469.08 sec  0.00 Bytes  0.00 bits/sec    4   5.66 KBytes       
[  4] 469.08-470.08 sec  0.00 Bytes  0.00 bits/sec    0   5.66 KBytes       
[  4] 470.08-471.03 sec  0.00 Bytes  0.00 bits/sec    0   5.66 KBytes       
[  4] 471.03-472.03 sec  63.6 KBytes   521 Kbits/sec    8   11.3 KBytes       
[  4] 472.03-473.03 sec  0.00 Bytes  0.00 bits/sec    0   11.3 KBytes       
[  4] 473.03-474.03 sec  0.00 Bytes  0.00 bits/sec    0   11.3 KBytes       
[  4] 474.03-475.03 sec  0.00 Bytes  0.00 bits/sec    0   11.3 KBytes       
[  4] 475.03-476.03 sec  0.00 Bytes  0.00 bits/sec    0   11.3 KBytes       
[  4] 476.03-477.04 sec  0.00 Bytes  0.00 bits/sec    1   1.41 KBytes       
[  4] 477.04-478.03 sec  0.00 Bytes  0.00 bits/sec   13   8.48 KBytes       
[  4] 478.03-479.04 sec  0.00 Bytes  0.00 bits/sec    0   8.48 KBytes       
[  4] 479.04-480.05 sec  0.00 Bytes  0.00 bits/sec    0   8.48 KBytes       
[  4] 480.05-481.04 sec  0.00 Bytes  0.00 bits/sec    0   8.48 KBytes       
[  4] 481.04-482.03 sec  0.00 Bytes  0.00 bits/sec    0   8.48 KBytes       
[  4] 482.03-483.03 sec  0.00 Bytes  0.00 bits/sec    0   8.48 KBytes       
[  4] 483.03-484.04 sec  0.00 Bytes  0.00 bits/sec    4   7.07 KBytes       
[  4] 484.04-485.05 sec  0.00 Bytes  0.00 bits/sec    0   7.07 KBytes       
[  4] 485.05-486.04 sec  0.00 Bytes  0.00 bits/sec    0   7.07 KBytes       
[  4] 486.04-487.03 sec  0.00 Bytes  0.00 bits/sec    0   7.07 KBytes       
[  4] 487.03-488.09 sec  0.00 Bytes  0.00 bits/sec    0   7.07 KBytes       
[  4] 488.09-489.05 sec  0.00 Bytes  0.00 bits/sec    0   7.07 KBytes       
[  4] 489.05-490.04 sec  0.00 Bytes  0.00 bits/sec    5   7.07 KBytes       
[  4] 490.04-491.03 sec  0.00 Bytes  0.00 bits/sec    0   7.07 KBytes       
[  4] 491.03-492.03 sec  0.00 Bytes  0.00 bits/sec    0   7.07 KBytes       
[  4] 492.03-493.03 sec  0.00 Bytes  0.00 bits/sec    0   7.07 KBytes       
[  4] 493.03-494.03 sec  0.00 Bytes  0.00 bits/sec    0   7.07 KBytes       
[  4] 494.03-495.04 sec  0.00 Bytes  0.00 bits/sec    0   7.07 KBytes       
[  4] 495.04-496.03 sec  0.00 Bytes  0.00 bits/sec    0   7.07 KBytes       
[  4] 496.03-497.03 sec  63.6 KBytes   521 Kbits/sec    2   7.07 KBytes       
[  4] 497.03-498.03 sec  0.00 Bytes  0.00 bits/sec    0   7.07 KBytes       
[  4] 498.03-499.03 sec  0.00 Bytes  0.00 bits/sec    0   7.07 KBytes       
[  4] 499.03-500.03 sec  0.00 Bytes  0.00 bits/sec    0   7.07 KBytes       
[  4] 500.03-501.03 sec   445 KBytes  3.64 Mbits/sec    0   9.90 KBytes       
[  4] 501.03-502.03 sec  0.00 Bytes  0.00 bits/sec    0   9.90 KBytes       
[  4] 502.03-503.03 sec  0.00 Bytes  0.00 bits/sec    0   9.90 KBytes       
[  4] 503.03-504.03 sec  0.00 Bytes  0.00 bits/sec    0   14.1 KBytes       
[  4] 504.03-505.03 sec  0.00 Bytes  0.00 bits/sec    0   14.1 KBytes       
[  4] 505.03-506.03 sec  0.00 Bytes  0.00 bits/sec    0   14.1 KBytes       
[  4] 506.03-507.02 sec  0.00 Bytes  0.00 bits/sec    0   21.2 KBytes       
[  4] 507.02-508.03 sec  0.00 Bytes  0.00 bits/sec    0   21.2 KBytes       
[  4] 508.03-509.02 sec  0.00 Bytes  0.00 bits/sec    0   21.2 KBytes       
[  4] 509.02-510.02 sec  0.00 Bytes  0.00 bits/sec    0   21.2 KBytes       
[  4] 510.02-511.03 sec  0.00 Bytes  0.00 bits/sec    0   32.5 KBytes       
[  4] 511.03-512.07 sec  0.00 Bytes  0.00 bits/sec    0   32.5 KBytes       
[  4] 512.07-513.03 sec  0.00 Bytes  0.00 bits/sec    0   32.5 KBytes       
[  4] 513.03-514.02 sec  63.6 KBytes   522 Kbits/sec    0   48.1 KBytes       
[  4] 514.02-515.03 sec  0.00 Bytes  0.00 bits/sec    0   48.1 KBytes       
[  4] 515.03-516.03 sec  0.00 Bytes  0.00 bits/sec    0   48.1 KBytes       
[  4] 516.03-517.02 sec  0.00 Bytes  0.00 bits/sec    0   48.1 KBytes       
[  4] 517.02-518.02 sec  0.00 Bytes  0.00 bits/sec    0   60.8 KBytes       
[  4] 518.02-519.02 sec  0.00 Bytes  0.00 bits/sec    0   60.8 KBytes       
[  4] 519.02-520.02 sec  0.00 Bytes  0.00 bits/sec    0   60.8 KBytes       
[  4] 520.02-521.02 sec  0.00 Bytes  0.00 bits/sec    0   60.8 KBytes       
[  4] 521.02-522.02 sec  0.00 Bytes  0.00 bits/sec    0   60.8 KBytes       
[  4] 522.02-523.03 sec  0.00 Bytes  0.00 bits/sec    0   60.8 KBytes       
[  4] 523.03-524.03 sec  0.00 Bytes  0.00 bits/sec    0   60.8 KBytes       
[  4] 524.03-525.02 sec  0.00 Bytes  0.00 bits/sec    1   1.41 KBytes       
[  4] 525.02-526.02 sec  0.00 Bytes  0.00 bits/sec   10   42.4 KBytes       
[  4] 526.02-527.02 sec  0.00 Bytes  0.00 bits/sec    0   42.4 KBytes       
[  4] 527.02-528.03 sec  0.00 Bytes  0.00 bits/sec    0   42.4 KBytes       
[  4] 528.03-529.02 sec   127 KBytes  1.04 Mbits/sec    0   50.9 KBytes       
[  4] 529.02-530.02 sec  0.00 Bytes  0.00 bits/sec    0   50.9 KBytes       
[  4] 530.02-531.02 sec  0.00 Bytes  0.00 bits/sec    0   50.9 KBytes       
[  4] 531.02-532.02 sec  63.6 KBytes   521 Kbits/sec    0   66.5 KBytes       
[  4] 532.02-533.03 sec  0.00 Bytes  0.00 bits/sec    0   66.5 KBytes       
[  4] 533.03-534.02 sec  0.00 Bytes  0.00 bits/sec    0   84.8 KBytes       
[  4] 534.02-535.02 sec  0.00 Bytes  0.00 bits/sec    0   90.5 KBytes       
[  4] 535.02-536.03 sec  0.00 Bytes  0.00 bits/sec    0    117 KBytes       
[  4] 536.03-537.02 sec  0.00 Bytes  0.00 bits/sec    0    161 KBytes       
[  4] 537.02-538.00 sec  0.00 Bytes  0.00 bits/sec    0    233 KBytes       
[  4] 538.00-539.02 sec  0.00 Bytes  0.00 bits/sec    0    236 KBytes       
[  4] 539.02-540.02 sec  0.00 Bytes  0.00 bits/sec    0    324 KBytes       
[  4] 540.02-541.02 sec  0.00 Bytes  0.00 bits/sec    0    437 KBytes       
[  4] 541.02-542.02 sec  0.00 Bytes  0.00 bits/sec    0    451 KBytes       
[  4] 542.02-543.02 sec  0.00 Bytes  0.00 bits/sec    0    609 KBytes       
[  4] 543.02-544.00 sec  0.00 Bytes  0.00 bits/sec    0    624 KBytes       
[  4] 544.00-545.02 sec  1.25 MBytes  10.2 Mbits/sec    0    827 KBytes       
[  4] 545.02-546.02 sec   374 KBytes  3.07 Mbits/sec    0    867 KBytes       
[  4] 546.02-547.03 sec   445 KBytes  3.64 Mbits/sec    0    929 KBytes       
[  4] 547.03-548.02 sec   573 KBytes  4.71 Mbits/sec    0   1.11 MBytes       
[  4] 548.02-549.02 sec  63.6 KBytes   522 Kbits/sec    0   1.15 MBytes       
[  4] 549.02-550.00 sec  0.00 Bytes  0.00 bits/sec   16   1.07 MBytes       
[  4] 550.00-551.03 sec  0.00 Bytes  0.00 bits/sec  136    826 KBytes       
[  4] 551.03-552.02 sec  0.00 Bytes  0.00 bits/sec   51    826 KBytes       
[  4] 552.02-553.02 sec  0.00 Bytes  0.00 bits/sec    3    826 KBytes       
[  4] 553.02-554.03 sec   827 KBytes  6.76 Mbits/sec    0    826 KBytes       
[  4] 554.03-555.00 sec   127 KBytes  1.07 Mbits/sec    0    826 KBytes       
[  4] 555.00-556.00 sec   636 KBytes  5.21 Mbits/sec    0    830 KBytes       
[  4] 556.00-557.00 sec   636 KBytes  5.21 Mbits/sec    0    904 KBytes       
[  4] 557.00-558.03 sec   382 KBytes  3.04 Mbits/sec    0    940 KBytes       
[  4] 558.03-559.00 sec  0.00 Bytes  0.00 bits/sec    0    945 KBytes       
[  4] 559.00-560.00 sec   191 KBytes  1.56 Mbits/sec   80    807 KBytes       
[  4] 560.00-561.03 sec  0.00 Bytes  0.00 bits/sec   13    699 KBytes       
[  4] 561.03-562.03 sec  0.00 Bytes  0.00 bits/sec    8    690 KBytes       
[  4] 562.03-563.03 sec  0.00 Bytes  0.00 bits/sec    0    690 KBytes       
[  4] 563.03-564.00 sec   573 KBytes  4.82 Mbits/sec    0    690 KBytes       
[  4] 564.00-565.03 sec   573 KBytes  4.57 Mbits/sec    0    693 KBytes       
[  4] 565.03-566.03 sec  0.00 Bytes  0.00 bits/sec    0    696 KBytes       
[  4] 566.03-567.03 sec   700 KBytes  5.70 Mbits/sec    0    754 KBytes       
[  4] 567.03-568.03 sec   191 KBytes  1.57 Mbits/sec    0    765 KBytes       
[  4] 568.03-569.05 sec   191 KBytes  1.53 Mbits/sec    0    781 KBytes       
[  4] 569.05-570.00 sec   382 KBytes  3.29 Mbits/sec    0    805 KBytes       
[  4] 570.00-571.10 sec   255 KBytes  1.90 Mbits/sec    0    813 KBytes       
[  4] 571.10-572.14 sec  0.00 Bytes  0.00 bits/sec    0    813 KBytes       
[  4] 572.14-573.03 sec   509 KBytes  4.69 Mbits/sec    0    829 KBytes       
[  4] 573.03-574.03 sec   255 KBytes  2.09 Mbits/sec    0    836 KBytes       
[  4] 574.03-575.00 sec  63.6 KBytes   535 Kbits/sec    0    840 KBytes       
[  4] 575.00-576.03 sec   255 KBytes  2.02 Mbits/sec    0    864 KBytes       
[  4] 576.03-577.00 sec   445 KBytes  3.76 Mbits/sec    0    905 KBytes       
[  4] 577.00-578.05 sec  63.6 KBytes   499 Kbits/sec    0    919 KBytes       
[  4] 578.05-579.03 sec   127 KBytes  1.06 Mbits/sec    0    950 KBytes       
[  4] 579.03-580.00 sec   318 KBytes  2.68 Mbits/sec    0   1.02 MBytes       
[  4] 580.00-581.03 sec   318 KBytes  2.54 Mbits/sec    0   1.12 MBytes       
[  4] 581.03-582.03 sec  63.6 KBytes   521 Kbits/sec    0   1.15 MBytes       
[  4] 582.03-583.03 sec  0.00 Bytes  0.00 bits/sec   19   1.12 MBytes       
[  4] 583.03-584.03 sec  0.00 Bytes  0.00 bits/sec   19    984 KBytes       
[  4] 584.03-585.03 sec  0.00 Bytes  0.00 bits/sec   94    848 KBytes       
[  4] 585.03-586.03 sec  0.00 Bytes  0.00 bits/sec   19    848 KBytes       
[  4] 586.03-587.00 sec  0.00 Bytes  0.00 bits/sec   35    848 KBytes       
[  4] 587.00-588.00 sec  0.00 Bytes  0.00 bits/sec    0    848 KBytes       
[  4] 588.00-589.03 sec  0.00 Bytes  0.00 bits/sec    0    848 KBytes       
[  4] 589.03-590.00 sec  0.00 Bytes  0.00 bits/sec    0    848 KBytes       
[  4] 590.00-591.00 sec  0.00 Bytes  0.00 bits/sec   55    848 KBytes       
[  4] 591.00-592.03 sec  0.00 Bytes  0.00 bits/sec    1   1.41 KBytes       
[  4] 592.03-593.03 sec  0.00 Bytes  0.00 bits/sec    0   1.41 KBytes       
[  4] 593.03-594.00 sec  0.00 Bytes  0.00 bits/sec    0   1.41 KBytes       
[  4] 594.00-595.00 sec   127 KBytes  1.04 Mbits/sec    0   1.41 KBytes       
[  4] 595.00-596.00 sec   318 KBytes  2.61 Mbits/sec    2   2.83 KBytes       
[  4] 596.00-597.00 sec  0.00 Bytes  0.00 bits/sec    0   2.83 KBytes       
[  4] 597.00-598.00 sec  0.00 Bytes  0.00 bits/sec    0   2.83 KBytes       
[  4] 598.00-599.05 sec  0.00 Bytes  0.00 bits/sec    4   5.66 KBytes       
[  4] 599.05-600.00 sec  0.00 Bytes  0.00 bits/sec    0   5.66 KBytes       
[  4] 600.00-601.00 sec   891 KBytes  7.30 Mbits/sec   87    865 KBytes       
[  4] 601.00-602.03 sec  1.86 MBytes  15.2 Mbits/sec    0    980 KBytes       
[  4] 602.03-603.00 sec   255 KBytes  2.14 Mbits/sec    0    991 KBytes       
[  4] 603.00-604.00 sec   445 KBytes  3.65 Mbits/sec    0   1014 KBytes       
[  4] 604.00-605.09 sec   127 KBytes   957 Kbits/sec    0   1024 KBytes       
[  4] 605.09-606.08 sec   382 KBytes  3.16 Mbits/sec    0   1.02 MBytes       
[  4] 606.08-607.00 sec   382 KBytes  3.40 Mbits/sec    0   1.05 MBytes       
[  4] 607.00-608.00 sec   127 KBytes  1.04 Mbits/sec    0   1.07 MBytes       
[  4] 608.00-609.00 sec   255 KBytes  2.08 Mbits/sec    0   1.14 MBytes       
[  4] 609.00-610.00 sec   255 KBytes  2.09 Mbits/sec    0   1.23 MBytes       
[  4] 610.00-611.00 sec   382 KBytes  3.13 Mbits/sec    0   1.40 MBytes       
[  4] 611.00-612.00 sec  63.6 KBytes   521 Kbits/sec    2   1.41 MBytes       
[  4] 612.00-613.00 sec  0.00 Bytes  0.00 bits/sec   59   1.20 MBytes       
[  4] 613.00-614.00 sec  0.00 Bytes  0.00 bits/sec   31   1.05 MBytes       
[  4] 614.00-615.00 sec  0.00 Bytes  0.00 bits/sec  147   1024 KBytes       
[  4] 615.00-616.03 sec  63.6 KBytes   508 Kbits/sec    0   1024 KBytes       
[  4] 616.03-617.00 sec   509 KBytes  4.28 Mbits/sec    0   1024 KBytes       
[  4] 617.00-618.00 sec   573 KBytes  4.70 Mbits/sec    0   1024 KBytes       
[  4] 618.00-619.00 sec   764 KBytes  6.26 Mbits/sec    0   1.00 MBytes       
[  4] 619.00-620.00 sec   127 KBytes  1.04 Mbits/sec   10    959 KBytes       
[  4] 620.00-621.03 sec  63.6 KBytes   509 Kbits/sec   19    860 KBytes       
[  4] 621.03-622.03 sec   127 KBytes  1.04 Mbits/sec    0    741 KBytes       
[  4] 622.03-623.03 sec  0.00 Bytes  0.00 bits/sec    0    735 KBytes       
[  4] 623.03-624.08 sec   382 KBytes  2.98 Mbits/sec    0    735 KBytes       
[  4] 624.08-625.00 sec  1.24 MBytes  11.3 Mbits/sec    0    769 KBytes       
[  4] 625.00-626.00 sec   318 KBytes  2.60 Mbits/sec    0    793 KBytes       
[  4] 626.00-627.03 sec   255 KBytes  2.03 Mbits/sec    0    813 KBytes       
[  4] 627.03-628.00 sec   382 KBytes  3.22 Mbits/sec    0    843 KBytes       
[  4] 628.00-629.03 sec   127 KBytes  1.01 Mbits/sec    0    848 KBytes       
[  4] 629.03-630.00 sec   318 KBytes  2.68 Mbits/sec    0    863 KBytes       
[  4] 630.00-631.00 sec   382 KBytes  3.13 Mbits/sec    0    874 KBytes       
[  4] 631.00-632.03 sec  63.6 KBytes   505 Kbits/sec    0    875 KBytes       
[  4] 632.03-633.00 sec   318 KBytes  2.69 Mbits/sec    0    888 KBytes       
[  4] 633.00-634.00 sec   445 KBytes  3.64 Mbits/sec    0    908 KBytes       
[  4] 634.00-635.03 sec  63.6 KBytes   507 Kbits/sec    0    916 KBytes       
[  4] 635.03-636.03 sec   255 KBytes  2.08 Mbits/sec    0    943 KBytes       
[  4] 636.03-637.00 sec   573 KBytes  4.85 Mbits/sec    0    990 KBytes       
[  4] 637.00-638.00 sec   700 KBytes  5.73 Mbits/sec    0   1.04 MBytes       
[  4] 638.00-639.03 sec   191 KBytes  1.52 Mbits/sec    0   1.06 MBytes       
[  4] 639.03-640.00 sec  0.00 Bytes  0.00 bits/sec    0   1.07 MBytes       
[  4] 640.00-641.00 sec   127 KBytes  1.04 Mbits/sec   97    889 KBytes       
[  4] 641.00-642.03 sec  0.00 Bytes  0.00 bits/sec   25    782 KBytes       
[  4] 642.03-643.00 sec  0.00 Bytes  0.00 bits/sec    0    782 KBytes       
[  4] 643.00-644.00 sec  63.6 KBytes   522 Kbits/sec   61    782 KBytes       
[  4] 644.00-645.00 sec   509 KBytes  4.17 Mbits/sec    0    782 KBytes       
[  4] 645.00-646.09 sec   700 KBytes  5.28 Mbits/sec    0    783 KBytes       
[  4] 646.09-647.00 sec   127 KBytes  1.14 Mbits/sec    0    813 KBytes       
[  4] 647.00-648.00 sec   191 KBytes  1.56 Mbits/sec    0    877 KBytes       
[  4] 648.00-649.05 sec   382 KBytes  2.98 Mbits/sec    0    940 KBytes       
[  4] 649.05-650.00 sec  63.6 KBytes   548 Kbits/sec    0    947 KBytes       
[  4] 650.00-651.03 sec   127 KBytes  1.01 Mbits/sec    0    971 KBytes       
[  4] 651.03-652.00 sec  0.00 Bytes  0.00 bits/sec   17    916 KBytes       
[  4] 652.00-653.00 sec  0.00 Bytes  0.00 bits/sec   39    759 KBytes       
[  4] 653.00-654.00 sec  0.00 Bytes  0.00 bits/sec   33    683 KBytes       
[  4] 654.00-655.00 sec  0.00 Bytes  0.00 bits/sec    3    683 KBytes       
[  4] 655.00-656.00 sec  0.00 Bytes  0.00 bits/sec   16    683 KBytes       
[  4] 656.00-657.00 sec   191 KBytes  1.56 Mbits/sec    0    683 KBytes       
[  4] 657.00-658.00 sec   445 KBytes  3.65 Mbits/sec    0    683 KBytes       
[  4] 658.00-659.00 sec  63.6 KBytes   521 Kbits/sec    0    683 KBytes       
[  4] 659.00-660.03 sec   764 KBytes  6.05 Mbits/sec    0    704 KBytes       
[  4] 660.03-661.00 sec   382 KBytes  3.24 Mbits/sec    0    737 KBytes       
[  4] 661.00-662.00 sec   191 KBytes  1.56 Mbits/sec    0    755 KBytes       
[  4] 662.00-663.00 sec   127 KBytes  1.04 Mbits/sec    0    765 KBytes       
[  4] 663.00-664.00 sec   191 KBytes  1.56 Mbits/sec    0    779 KBytes       
[  4] 664.00-665.00 sec   318 KBytes  2.61 Mbits/sec    0    795 KBytes       
[  4] 665.00-666.00 sec   127 KBytes  1.04 Mbits/sec    0    802 KBytes       
[  4] 666.00-667.00 sec  63.6 KBytes   521 Kbits/sec    0    806 KBytes       
[  4] 667.00-668.00 sec  63.6 KBytes   522 Kbits/sec    0    809 KBytes       
[  4] 668.00-669.00 sec  0.00 Bytes  0.00 bits/sec   29    573 KBytes       
[  4] 669.00-670.00 sec  0.00 Bytes  0.00 bits/sec  115    567 KBytes       
[  4] 670.00-671.00 sec  0.00 Bytes  0.00 bits/sec    0    567 KBytes       
[  4] 671.00-672.00 sec  0.00 Bytes  0.00 bits/sec    6    567 KBytes       
[  4] 672.00-673.00 sec  0.00 Bytes  0.00 bits/sec    0    567 KBytes       
[  4] 673.00-674.03 sec   700 KBytes  5.56 Mbits/sec    0    567 KBytes       
[  4] 674.03-675.00 sec  63.6 KBytes   538 Kbits/sec   28    563 KBytes       
[  4] 675.00-676.00 sec  63.6 KBytes   521 Kbits/sec   14    553 KBytes       
[  4] 676.00-677.00 sec   891 KBytes  7.30 Mbits/sec    0    573 KBytes       
[  4] 677.00-678.00 sec   127 KBytes  1.04 Mbits/sec    0    578 KBytes       
[  4] 678.00-679.00 sec  0.00 Bytes  0.00 bits/sec    0    583 KBytes       
[  4] 679.00-680.00 sec   127 KBytes  1.04 Mbits/sec    0    604 KBytes       
[  4] 680.00-681.00 sec   191 KBytes  1.57 Mbits/sec    0    626 KBytes       
[  4] 681.00-682.00 sec   127 KBytes  1.04 Mbits/sec    0    641 KBytes       
[  4] 682.00-683.03 sec  0.00 Bytes  0.00 bits/sec    0    641 KBytes       
[  4] 683.03-684.00 sec  0.00 Bytes  0.00 bits/sec    0    641 KBytes       
[  4] 684.00-685.00 sec  63.6 KBytes   522 Kbits/sec   17    448 KBytes       
[  4] 685.00-686.00 sec  0.00 Bytes  0.00 bits/sec    0    448 KBytes       
[  4] 686.00-687.04 sec   954 KBytes  7.56 Mbits/sec    0    448 KBytes       
[  4] 687.04-688.00 sec   191 KBytes  1.62 Mbits/sec    0    458 KBytes       
[  4] 688.00-689.00 sec   127 KBytes  1.04 Mbits/sec    0    468 KBytes       
[  4] 689.00-690.08 sec   255 KBytes  1.93 Mbits/sec    0    491 KBytes       
[  4] 690.08-691.03 sec   191 KBytes  1.65 Mbits/sec    0    505 KBytes       
[  4] 691.03-692.00 sec  63.6 KBytes   537 Kbits/sec    0    510 KBytes       
[  4] 692.00-693.08 sec   127 KBytes   963 Kbits/sec    0    520 KBytes       
[  4] 693.08-694.00 sec   191 KBytes  1.70 Mbits/sec    0    526 KBytes       
[  4] 694.00-695.00 sec   127 KBytes  1.04 Mbits/sec    0    532 KBytes       
[  4] 695.00-696.00 sec  63.6 KBytes   521 Kbits/sec    0    537 KBytes       
[  4] 696.00-697.00 sec   255 KBytes  2.09 Mbits/sec    0    553 KBytes       
[  4] 697.00-698.00 sec   127 KBytes  1.04 Mbits/sec    0    571 KBytes       
[  4] 698.00-699.03 sec  63.6 KBytes   506 Kbits/sec    0    581 KBytes       
[  4] 699.03-700.03 sec  63.6 KBytes   520 Kbits/sec    0    595 KBytes       
[  4] 700.03-701.00 sec  0.00 Bytes  0.00 bits/sec    0    618 KBytes       
[  4] 701.00-702.00 sec  0.00 Bytes  0.00 bits/sec    0    618 KBytes       
[  4] 702.00-703.00 sec  0.00 Bytes  0.00 bits/sec    2    605 KBytes       
[  4] 703.00-704.00 sec  0.00 Bytes  0.00 bits/sec   17    540 KBytes       
[  4] 704.00-705.00 sec  0.00 Bytes  0.00 bits/sec   26    458 KBytes       
[  4] 705.00-706.00 sec  0.00 Bytes  0.00 bits/sec   12    431 KBytes       
[  4] 706.00-707.00 sec   127 KBytes  1.04 Mbits/sec    0    431 KBytes       
[  4] 707.00-708.00 sec   255 KBytes  2.09 Mbits/sec    0    431 KBytes       
[  4] 708.00-709.00 sec   255 KBytes  2.08 Mbits/sec   72    431 KBytes       
[  4] 709.00-710.00 sec  0.00 Bytes  0.00 bits/sec    0    431 KBytes       
[  4] 710.00-711.00 sec  0.00 Bytes  0.00 bits/sec    0    431 KBytes       
[  4] 711.00-712.00 sec   891 KBytes  7.31 Mbits/sec    0    433 KBytes       
[  4] 712.00-713.00 sec   127 KBytes  1.04 Mbits/sec    0    448 KBytes       
[  4] 713.00-714.03 sec   255 KBytes  2.03 Mbits/sec    0    479 KBytes       
[  4] 714.03-715.03 sec   191 KBytes  1.57 Mbits/sec    0    506 KBytes       
[  4] 715.03-716.00 sec  63.6 KBytes   535 Kbits/sec    0    520 KBytes       
[  4] 716.00-717.00 sec  63.6 KBytes   523 Kbits/sec    0    536 KBytes       
[  4] 717.00-718.00 sec  0.00 Bytes  0.00 bits/sec    0    536 KBytes       
[  4] 718.00-719.00 sec  0.00 Bytes  0.00 bits/sec    0    536 KBytes       
[  4] 719.00-720.00 sec  0.00 Bytes  0.00 bits/sec   14    505 KBytes       
[  4] 720.00-721.03 sec  0.00 Bytes  0.00 bits/sec   27    421 KBytes       
[  4] 721.03-722.03 sec  0.00 Bytes  0.00 bits/sec    6    375 KBytes       
[  4] 722.03-723.03 sec  0.00 Bytes  0.00 bits/sec    4    375 KBytes       
[  4] 723.03-724.00 sec   255 KBytes  2.15 Mbits/sec   15    375 KBytes       
[  4] 724.00-725.00 sec   127 KBytes  1.04 Mbits/sec    8    375 KBytes       
[  4] 725.00-726.00 sec  63.6 KBytes   520 Kbits/sec    0    375 KBytes       
[  4] 726.00-727.00 sec   127 KBytes  1.04 Mbits/sec    0    375 KBytes       
[  4] 727.00-728.00 sec   891 KBytes  7.30 Mbits/sec    0    382 KBytes       
[  4] 728.00-728.00 sec  0.00 Bytes  0.00 bits/sec    0    382 KBytes       
- - - - - - - - - - - - - - - - - - - - - - - - -
[ ID] Interval           Transfer     Bandwidth       Retr
[  4]   0.00-728.00 sec  80.8 MBytes   930 Kbits/sec  3234             sender
[  4]   0.00-728.00 sec  75.1 MBytes   866 Kbits/sec                  receiver

iperf Done.
