-----------------------------------------------------------
Server listening on 5202
-----------------------------------------------------------
Accepted connection from 10.0.0.1, port 56189
[  5] local 10.0.0.2 port 5202 connected to 10.0.0.1 port 46112
[ ID] Interval           Transfer     Bandwidth
[  5]   0.00-1.02   sec  0.00 Bytes  0.00 bits/sec                  
[  5]   1.02-2.00   sec  14.1 KBytes   118 Kbits/sec                  
[  5]   2.00-3.00   sec  8.48 KBytes  69.6 Kbits/sec                  
[  5]   3.00-4.00   sec  19.8 KBytes   162 Kbits/sec                  
[  5]   4.00-5.03   sec  42.4 KBytes   339 Kbits/sec                  
[  5]   5.03-6.00   sec  0.00 Bytes  0.00 bits/sec                  
[  5]   6.00-7.00   sec  45.2 KBytes   370 Kbits/sec                  
[  5]   7.00-8.00   sec  0.00 Bytes  0.00 bits/sec                  
[  5]   8.00-9.03   sec  60.8 KBytes   484 Kbits/sec                  
[  5]   9.03-10.00  sec  0.00 Bytes  0.00 bits/sec                  
[  5]  10.00-11.00  sec  91.9 KBytes   753 Kbits/sec                  
[  5]  11.00-12.02  sec  0.00 Bytes  0.00 bits/sec                  
[  5]  12.02-13.00  sec   129 KBytes  1.07 Mbits/sec                  
[  5]  13.00-14.00  sec  0.00 Bytes  0.00 bits/sec                  
[  5]  14.00-15.00  sec  0.00 Bytes  0.00 bits/sec                  
[  5]  15.00-16.00  sec   167 KBytes  1.37 Mbits/sec                  
[  5]  16.00-17.01  sec   133 KBytes  1.08 Mbits/sec                  
[  5]  17.01-18.01  sec  55.1 KBytes   451 Kbits/sec                  
[  5]  18.01-19.00  sec  87.7 KBytes   725 Kbits/sec                  
[  5]  19.00-20.02  sec  43.8 KBytes   353 Kbits/sec                  
[  5]  20.02-21.01  sec   130 KBytes  1.08 Mbits/sec                  
[  5]  21.01-22.00  sec  53.7 KBytes   443 Kbits/sec                  
[  5]  22.00-23.00  sec   136 KBytes  1.11 Mbits/sec                  
[  5]  23.00-24.00  sec  38.2 KBytes   313 Kbits/sec                  
[  5]  24.00-25.02  sec   160 KBytes  1.28 Mbits/sec                  
[  5]  25.02-26.00  sec  80.6 KBytes   673 Kbits/sec                  
[  5]  26.00-27.00  sec   140 KBytes  1.15 Mbits/sec                  
[  5]  27.00-28.00  sec  90.5 KBytes   741 Kbits/sec                  
[  5]  28.00-29.00  sec   130 KBytes  1.06 Mbits/sec                  
[  5]  29.00-30.00  sec  0.00 Bytes  0.00 bits/sec                  
[  5]  30.00-31.01  sec  0.00 Bytes  0.00 bits/sec                  
[  5]  31.01-32.00  sec  15.6 KBytes   128 Kbits/sec                  
[  5]  32.00-33.00  sec  0.00 Bytes  0.00 bits/sec                  
[  5]  33.00-34.00  sec   519 KBytes  4.25 Mbits/sec                  
[  5]  34.00-35.00  sec  52.3 KBytes   429 Kbits/sec                  
[  5]  35.00-36.00  sec   202 KBytes  1.66 Mbits/sec                  
[  5]  36.00-37.02  sec  52.3 KBytes   422 Kbits/sec                  
[  5]  37.02-38.00  sec   240 KBytes  2.00 Mbits/sec                  
[  5]  38.00-39.01  sec  26.9 KBytes   219 Kbits/sec                  
[  5]  39.01-40.00  sec   199 KBytes  1.64 Mbits/sec                  
[  5]  40.00-41.00  sec  0.00 Bytes  0.00 bits/sec                  
[  5]  41.00-42.00  sec  0.00 Bytes  0.00 bits/sec                  
[  5]  42.00-43.01  sec  89.1 KBytes   724 Kbits/sec                  
[  5]  43.01-44.00  sec   486 KBytes  4.01 Mbits/sec                  
[  5]  44.00-45.00  sec  60.8 KBytes   499 Kbits/sec                  
[  5]  45.00-46.01  sec   201 KBytes  1.64 Mbits/sec                  
[  5]  46.01-47.01  sec   110 KBytes   899 Kbits/sec                  
[  5]  47.01-48.00  sec   151 KBytes  1.25 Mbits/sec                  
[  5]  48.00-49.03  sec  62.2 KBytes   497 Kbits/sec                  
[  5]  49.03-50.01  sec  48.1 KBytes   398 Kbits/sec                  
[  5]  50.01-51.00  sec  0.00 Bytes  0.00 bits/sec                  
[  5]  51.00-52.01  sec  0.00 Bytes  0.00 bits/sec                  
[  5]  52.01-53.00  sec  0.00 Bytes  0.00 bits/sec                  
[  5]  53.00-54.01  sec   502 KBytes  4.11 Mbits/sec                  
[  5]  54.01-55.00  sec  48.1 KBytes   396 Kbits/sec                  
[  5]  55.00-56.00  sec   147 KBytes  1.20 Mbits/sec                  
[  5]  56.00-57.00  sec  55.1 KBytes   452 Kbits/sec                  
[  5]  57.00-58.00  sec   160 KBytes  1.31 Mbits/sec                  
[  5]  58.00-59.00  sec  60.8 KBytes   499 Kbits/sec                  
[  5]  59.00-60.00  sec   110 KBytes   903 Kbits/sec                  
[  5]  60.00-61.00  sec  76.4 KBytes   626 Kbits/sec                  
[  5]  61.00-62.02  sec  24.0 KBytes   192 Kbits/sec                  
[  5]  62.02-63.00  sec  0.00 Bytes  0.00 bits/sec                  
[  5]  63.00-64.00  sec   206 KBytes  1.69 Mbits/sec                  
[  5]  64.00-65.00  sec  0.00 Bytes  0.00 bits/sec                  
[  5]  65.00-66.00  sec   198 KBytes  1.62 Mbits/sec                  
[  5]  66.00-67.00  sec   122 KBytes   999 Kbits/sec                  
[  5]  67.00-68.02  sec  1.41 KBytes  11.4 Kbits/sec                  
[  5]  68.02-69.00  sec  48.1 KBytes   400 Kbits/sec                  
[  5]  69.00-70.01  sec  0.00 Bytes  0.00 bits/sec                  
[  5]  70.01-71.00  sec  19.8 KBytes   163 Kbits/sec                  
[  5]  71.00-72.01  sec   191 KBytes  1.55 Mbits/sec                  
[  5]  72.01-73.01  sec  60.8 KBytes   502 Kbits/sec                  
[  5]  73.01-74.00  sec  80.6 KBytes   664 Kbits/sec                  
[  5]  74.00-75.00  sec  1.41 KBytes  11.6 Kbits/sec                  
[  5]  75.00-76.01  sec   153 KBytes  1.24 Mbits/sec                  
[  5]  76.01-77.00  sec  59.4 KBytes   489 Kbits/sec                  
[  5]  77.00-78.00  sec   102 KBytes   835 Kbits/sec                  
[  5]  78.00-79.00  sec  2.83 KBytes  23.2 Kbits/sec                  
[  5]  79.00-80.00  sec  45.2 KBytes   370 Kbits/sec                  
[  5]  80.00-81.01  sec  0.00 Bytes  0.00 bits/sec                  
[  5]  81.01-82.00  sec  24.0 KBytes   198 Kbits/sec                  
[  5]  82.00-83.01  sec  0.00 Bytes  0.00 bits/sec                  
[  5]  83.01-84.00  sec   263 KBytes  2.17 Mbits/sec                  
[  5]  84.00-85.00  sec  41.0 KBytes   335 Kbits/sec                  
[  5]  85.00-86.02  sec   126 KBytes  1.02 Mbits/sec                  
[  5]  86.02-87.01  sec  72.1 KBytes   594 Kbits/sec                  
[  5]  87.01-88.00  sec  87.7 KBytes   725 Kbits/sec                  
[  5]  88.00-89.00  sec   147 KBytes  1.21 Mbits/sec                  
[  5]  89.00-90.00  sec  29.7 KBytes   243 Kbits/sec                  
[  5]  90.00-91.00  sec   157 KBytes  1.28 Mbits/sec                  
[  5]  91.00-92.02  sec  22.6 KBytes   182 Kbits/sec                  
[  5]  92.02-93.00  sec   158 KBytes  1.32 Mbits/sec                  
[  5]  93.00-94.00  sec  9.90 KBytes  81.3 Kbits/sec                  
[  5]  94.00-95.02  sec   167 KBytes  1.35 Mbits/sec                  
[  5]  95.02-96.01  sec  0.00 Bytes  0.00 bits/sec                  
[  5]  96.01-97.01  sec  0.00 Bytes  0.00 bits/sec                  
[  5]  97.01-98.00  sec  0.00 Bytes  0.00 bits/sec                  
[  5]  98.00-99.00  sec  0.00 Bytes  0.00 bits/sec                  
[  5]  99.00-100.01 sec   472 KBytes  3.85 Mbits/sec                  
[  5] 100.01-101.02 sec   153 KBytes  1.24 Mbits/sec                  
[  5] 101.02-102.00 sec  32.5 KBytes   271 Kbits/sec                  
[  5] 102.00-103.00 sec   127 KBytes  1.04 Mbits/sec                  
[  5] 103.00-104.01 sec  15.6 KBytes   126 Kbits/sec                  
[  5] 104.01-105.00 sec   144 KBytes  1.19 Mbits/sec                  
[  5] 105.00-106.00 sec  18.4 KBytes   151 Kbits/sec                  
[  5] 106.00-107.01 sec   143 KBytes  1.17 Mbits/sec                  
[  5] 107.01-108.00 sec  19.8 KBytes   163 Kbits/sec                  
[  5] 108.00-109.00 sec   146 KBytes  1.20 Mbits/sec                  
[  5] 109.00-110.00 sec  9.90 KBytes  81.1 Kbits/sec                  
[  5] 110.00-111.00 sec  1.41 KBytes  11.6 Kbits/sec                  
[  5] 111.00-112.00 sec  0.00 Bytes  0.00 bits/sec                  
[  5] 112.00-113.00 sec   187 KBytes  1.53 Mbits/sec                  
[  5] 113.00-114.00 sec  1.41 KBytes  11.6 Kbits/sec                  
[  5] 114.00-115.00 sec   219 KBytes  1.79 Mbits/sec                  
[  5] 115.00-116.00 sec  9.90 KBytes  80.9 Kbits/sec                  
[  5] 116.00-117.00 sec  82.0 KBytes   674 Kbits/sec                  
[  5] 117.00-118.00 sec  12.7 KBytes   104 Kbits/sec                  
[  5] 118.00-119.01 sec  50.9 KBytes   412 Kbits/sec                  
[  5] 119.01-120.00 sec  32.5 KBytes   268 Kbits/sec                  
[  5] 120.00-121.00 sec  0.00 Bytes  0.00 bits/sec                  
[  5] 121.00-122.00 sec  12.7 KBytes   104 Kbits/sec                  
[  5] 122.00-123.01 sec   165 KBytes  1.34 Mbits/sec                  
[  5] 123.01-124.00 sec  11.3 KBytes  93.7 Kbits/sec                  
[  5] 124.00-125.00 sec  79.2 KBytes   650 Kbits/sec                  
[  5] 125.00-126.00 sec  15.6 KBytes   128 Kbits/sec                  
[  5] 126.00-127.00 sec  73.5 KBytes   601 Kbits/sec                  
[  5] 127.00-128.00 sec  33.9 KBytes   279 Kbits/sec                  
[  5] 128.00-129.00 sec  58.0 KBytes   475 Kbits/sec                  
[  5] 129.00-130.00 sec  58.0 KBytes   475 Kbits/sec                  
[  5] 130.00-131.01 sec  43.8 KBytes   358 Kbits/sec                  
[  5] 131.01-132.01 sec  28.3 KBytes   231 Kbits/sec                  
[  5] 132.01-133.00 sec  84.8 KBytes   698 Kbits/sec                  
[  5] 133.00-134.00 sec  0.00 Bytes  0.00 bits/sec                  
[  5] 134.00-135.00 sec  39.6 KBytes   325 Kbits/sec                  
[  5] 135.00-136.01 sec  0.00 Bytes  0.00 bits/sec                  
[  5] 136.01-137.00 sec  74.9 KBytes   616 Kbits/sec                  
[  5] 137.00-138.03 sec  0.00 Bytes  0.00 bits/sec                  
[  5] 138.03-139.00 sec  0.00 Bytes  0.00 bits/sec                  
[  5] 139.00-140.00 sec   355 KBytes  2.91 Mbits/sec                  
[  5] 140.00-141.01 sec  9.90 KBytes  80.7 Kbits/sec                  
[  5] 141.01-142.00 sec   147 KBytes  1.21 Mbits/sec                  
[  5] 142.00-143.00 sec  90.5 KBytes   743 Kbits/sec                  
[  5] 143.00-144.00 sec  91.9 KBytes   752 Kbits/sec                  
[  5] 144.00-145.00 sec   188 KBytes  1.54 Mbits/sec                  
[  5] 145.00-146.00 sec  26.9 KBytes   221 Kbits/sec                  
[  5] 146.00-147.00 sec   173 KBytes  1.41 Mbits/sec                  
[  5] 147.00-148.00 sec   148 KBytes  1.21 Mbits/sec                  
[  5] 148.00-149.00 sec  55.1 KBytes   453 Kbits/sec                  
[  5] 149.00-150.02 sec  0.00 Bytes  0.00 bits/sec                  
[  5] 150.02-151.01 sec  0.00 Bytes  0.00 bits/sec                  
[  5] 151.01-152.03 sec   300 KBytes  2.42 Mbits/sec                  
[  5] 152.03-153.05 sec  91.9 KBytes   735 Kbits/sec                  
[  5] 153.05-154.00 sec  80.6 KBytes   695 Kbits/sec                  
[  5] 154.00-155.02 sec  94.7 KBytes   765 Kbits/sec                  
[  5] 155.02-156.00 sec  39.6 KBytes   329 Kbits/sec                  
[  5] 156.00-157.00 sec   170 KBytes  1.39 Mbits/sec                  
[  5] 157.00-158.00 sec  32.5 KBytes   266 Kbits/sec                  
[  5] 158.00-159.00 sec  76.4 KBytes   626 Kbits/sec                  
[  5] 159.00-160.00 sec  0.00 Bytes  0.00 bits/sec                  
[  5] 160.00-161.01 sec   117 KBytes   955 Kbits/sec                  
[  5] 161.01-162.00 sec   157 KBytes  1.30 Mbits/sec                  
[  5] 162.00-163.00 sec   156 KBytes  1.28 Mbits/sec                  
[  5] 163.00-164.00 sec  50.9 KBytes   418 Kbits/sec                  
[  5] 164.00-165.00 sec   123 KBytes  1.01 Mbits/sec                  
[  5] 165.00-166.00 sec  99.0 KBytes   811 Kbits/sec                  
[  5] 166.00-167.00 sec  90.5 KBytes   741 Kbits/sec                  
[  5] 167.00-168.00 sec  70.7 KBytes   579 Kbits/sec                  
[  5] 168.00-169.00 sec   122 KBytes   997 Kbits/sec                  
[  5] 169.00-170.00 sec   182 KBytes  1.49 Mbits/sec                  
[  5] 170.00-171.00 sec  50.9 KBytes   417 Kbits/sec                  
[  5] 171.00-172.00 sec   192 KBytes  1.58 Mbits/sec                  
[  5] 172.00-173.01 sec  39.6 KBytes   322 Kbits/sec                  
[  5] 173.01-174.00 sec   157 KBytes  1.29 Mbits/sec                  
[  5] 174.00-175.00 sec   113 KBytes   926 Kbits/sec                  
[  5] 175.00-176.06 sec   249 KBytes  1.94 Mbits/sec                  
[  5] 176.06-177.04 sec   130 KBytes  1.09 Mbits/sec                  
[  5] 177.04-178.00 sec  59.4 KBytes   505 Kbits/sec                  
[  5] 178.00-179.00 sec  0.00 Bytes  0.00 bits/sec                  
[  5] 179.00-180.01 sec  21.2 KBytes   172 Kbits/sec                  
[  5] 180.01-181.00 sec   475 KBytes  3.93 Mbits/sec                  
[  5] 181.00-182.00 sec  0.00 Bytes  0.00 bits/sec                  
[  5] 182.00-183.00 sec   211 KBytes  1.72 Mbits/sec                  
[  5] 183.00-184.02 sec  29.7 KBytes   239 Kbits/sec                  
[  5] 184.02-185.02 sec   215 KBytes  1.77 Mbits/sec                  
[  5] 185.02-186.00 sec   395 KBytes  3.28 Mbits/sec                  
[  5] 186.00-187.00 sec   208 KBytes  1.70 Mbits/sec                  
[  5] 187.00-188.00 sec   157 KBytes  1.29 Mbits/sec                  
[  5] 188.00-189.00 sec   235 KBytes  1.92 Mbits/sec                  
[  5] 189.00-190.00 sec   262 KBytes  2.15 Mbits/sec                  
[  5] 190.00-191.00 sec   148 KBytes  1.21 Mbits/sec                  
[  5] 191.00-192.00 sec   205 KBytes  1.68 Mbits/sec                  
[  5] 192.00-193.00 sec   132 KBytes  1.08 Mbits/sec                  
[  5] 193.00-194.00 sec  97.6 KBytes   799 Kbits/sec                  
[  5] 194.00-195.00 sec  0.00 Bytes  0.00 bits/sec                  
[  5] 195.00-196.01 sec  0.00 Bytes  0.00 bits/sec                  
[  5] 196.01-197.04 sec   191 KBytes  1.52 Mbits/sec                  
[  5] 197.04-198.00 sec   277 KBytes  2.37 Mbits/sec                  
[  5] 198.00-199.00 sec   181 KBytes  1.48 Mbits/sec                  
[  5] 199.00-200.00 sec  69.3 KBytes   569 Kbits/sec                  
[  5] 200.00-201.00 sec   195 KBytes  1.60 Mbits/sec                  
[  5] 201.00-202.00 sec  66.5 KBytes   545 Kbits/sec                  
[  5] 202.00-203.00 sec  0.00 Bytes  0.00 bits/sec                  
[  5] 203.00-204.01 sec  0.00 Bytes  0.00 bits/sec                  
[  5] 204.01-205.00 sec   214 KBytes  1.76 Mbits/sec                  
[  5] 205.00-206.03 sec   301 KBytes  2.41 Mbits/sec                  
[  5] 206.03-207.03 sec  96.2 KBytes   787 Kbits/sec                  
[  5] 207.03-208.00 sec   136 KBytes  1.14 Mbits/sec                  
[  5] 208.00-209.02 sec   107 KBytes   860 Kbits/sec                  
[  5] 209.02-210.01 sec   148 KBytes  1.24 Mbits/sec                  
[  5] 210.01-211.00 sec  62.2 KBytes   511 Kbits/sec                  
[  5] 211.00-212.01 sec  11.3 KBytes  92.1 Kbits/sec                  
[  5] 212.01-213.00 sec  0.00 Bytes  0.00 bits/sec                  
[  5] 213.00-214.01 sec   197 KBytes  1.60 Mbits/sec                  
[  5] 214.01-215.02 sec   262 KBytes  2.11 Mbits/sec                  
[  5] 215.02-216.00 sec  97.6 KBytes   819 Kbits/sec                  
[  5] 216.00-217.01 sec   150 KBytes  1.22 Mbits/sec                  
[  5] 217.01-218.01 sec  69.3 KBytes   571 Kbits/sec                  
[  5] 218.01-219.00 sec   189 KBytes  1.56 Mbits/sec                  
[  5] 219.00-220.03 sec  31.1 KBytes   248 Kbits/sec                  
[  5] 220.03-221.01 sec   168 KBytes  1.41 Mbits/sec                  
[  5] 221.01-222.01 sec  58.0 KBytes   474 Kbits/sec                  
[  5] 222.01-223.01 sec   167 KBytes  1.36 Mbits/sec                  
[  5] 223.01-224.00 sec  70.7 KBytes   586 Kbits/sec                  
[  5] 224.00-225.00 sec   146 KBytes  1.19 Mbits/sec                  
[  5] 225.00-226.01 sec   107 KBytes   872 Kbits/sec                  
[  5] 226.01-227.01 sec  0.00 Bytes  0.00 bits/sec                  
[  5] 227.01-228.00 sec  0.00 Bytes  0.00 bits/sec                  
[  5] 228.00-229.02 sec  2.83 KBytes  22.8 Kbits/sec                  
[  5] 229.02-230.00 sec  0.00 Bytes  0.00 bits/sec                  
[  5] 230.00-231.00 sec   687 KBytes  5.62 Mbits/sec                  
[  5] 231.00-232.00 sec   107 KBytes   883 Kbits/sec                  
[  5] 232.00-233.02 sec  89.1 KBytes   717 Kbits/sec                  
[  5] 233.02-234.01 sec  97.6 KBytes   805 Kbits/sec                  
[  5] 234.01-235.02 sec   130 KBytes  1.06 Mbits/sec                  
[  5] 235.02-236.00 sec  76.4 KBytes   635 Kbits/sec                  
[  5] 236.00-237.01 sec   113 KBytes   918 Kbits/sec                  
[  5] 237.01-238.00 sec  77.8 KBytes   643 Kbits/sec                  
[  5] 238.00-239.00 sec   119 KBytes   973 Kbits/sec                  
[  5] 239.00-240.00 sec  50.9 KBytes   416 Kbits/sec                  
[  5] 240.00-241.00 sec  0.00 Bytes  0.00 bits/sec                  
[  5] 241.00-242.00 sec  1.41 KBytes  11.6 Kbits/sec                  
[  5] 242.00-243.00 sec  0.00 Bytes  0.00 bits/sec                  
[  5] 243.00-244.00 sec   399 KBytes  3.26 Mbits/sec                  
[  5] 244.00-245.01 sec  89.1 KBytes   726 Kbits/sec                  
[  5] 245.01-246.00 sec  62.2 KBytes   513 Kbits/sec                  
[  5] 246.00-247.00 sec  70.7 KBytes   579 Kbits/sec                  
[  5] 247.00-248.02 sec  35.4 KBytes   284 Kbits/sec                  
[  5] 248.02-249.00 sec  89.1 KBytes   745 Kbits/sec                  
[  5] 249.00-250.00 sec  52.3 KBytes   428 Kbits/sec                  
[  5] 250.00-251.01 sec   102 KBytes   831 Kbits/sec                  
[  5] 251.01-252.00 sec  29.7 KBytes   245 Kbits/sec                  
[  5] 252.00-253.00 sec   110 KBytes   903 Kbits/sec                  
[  5] 253.00-254.00 sec  45.2 KBytes   371 Kbits/sec                  
[  5] 254.00-255.00 sec   113 KBytes   925 Kbits/sec                  
[  5] 255.00-256.00 sec  28.3 KBytes   232 Kbits/sec                  
[  5] 256.00-257.00 sec   133 KBytes  1.09 Mbits/sec                  
[  5] 257.00-258.00 sec   102 KBytes   836 Kbits/sec                  
[  5] 258.00-259.00 sec  97.6 KBytes   799 Kbits/sec                  
[  5] 259.00-260.02 sec  0.00 Bytes  0.00 bits/sec                  
[  5] 260.02-261.00 sec  0.00 Bytes  0.00 bits/sec                  
[  5] 261.00-262.00 sec  1.41 KBytes  11.6 Kbits/sec                  
[  5] 262.00-263.00 sec  0.00 Bytes  0.00 bits/sec                  
[  5] 263.00-264.00 sec   537 KBytes  4.40 Mbits/sec                  
[  5] 264.00-265.03 sec  31.1 KBytes   248 Kbits/sec                  
[  5] 265.03-266.00 sec  0.00 Bytes  0.00 bits/sec                  
[  5] 266.00-267.00 sec   156 KBytes  1.27 Mbits/sec                  
[  5] 267.00-268.00 sec   266 KBytes  2.17 Mbits/sec                  
[  5] 268.00-269.01 sec   129 KBytes  1.05 Mbits/sec                  
[  5] 269.01-270.00 sec  60.8 KBytes   502 Kbits/sec                  
[  5] 270.00-271.03 sec   168 KBytes  1.34 Mbits/sec                  
[  5] 271.03-272.02 sec   161 KBytes  1.33 Mbits/sec                  
[  5] 272.02-273.00 sec  72.1 KBytes   603 Kbits/sec                  
[  5] 273.00-274.00 sec   115 KBytes   939 Kbits/sec                  
[  5] 274.00-275.00 sec   129 KBytes  1.05 Mbits/sec                  
[  5] 275.00-276.00 sec  90.5 KBytes   743 Kbits/sec                  
[  5] 276.00-277.00 sec   126 KBytes  1.03 Mbits/sec                  
[  5] 277.00-278.00 sec   143 KBytes  1.17 Mbits/sec                  
[  5] 278.00-279.00 sec   164 KBytes  1.35 Mbits/sec                  
[  5] 279.00-280.01 sec   154 KBytes  1.26 Mbits/sec                  
[  5] 280.01-281.00 sec   112 KBytes   921 Kbits/sec                  
[  5] 281.00-282.01 sec  0.00 Bytes  0.00 bits/sec                  
[  5] 282.01-283.00 sec  0.00 Bytes  0.00 bits/sec                  
[  5] 283.00-284.00 sec  0.00 Bytes  0.00 bits/sec                  
[  5] 284.00-285.03 sec  0.00 Bytes  0.00 bits/sec                  
[  5] 285.03-286.01 sec   912 KBytes  7.64 Mbits/sec                  
[  5] 286.01-287.00 sec   130 KBytes  1.07 Mbits/sec                  
[  5] 287.00-288.03 sec   219 KBytes  1.74 Mbits/sec                  
[  5] 288.03-289.01 sec   274 KBytes  2.29 Mbits/sec                  
[  5] 289.01-290.01 sec   308 KBytes  2.54 Mbits/sec                  
[  5] 290.01-291.00 sec   263 KBytes  2.17 Mbits/sec                  
[  5] 291.00-292.01 sec   321 KBytes  2.61 Mbits/sec                  
[  5] 292.01-293.01 sec   211 KBytes  1.72 Mbits/sec                  
[  5] 293.01-294.00 sec   318 KBytes  2.62 Mbits/sec                  
[  5] 294.00-295.00 sec   151 KBytes  1.24 Mbits/sec                  
[  5] 295.00-296.02 sec   335 KBytes  2.71 Mbits/sec                  
[  5] 296.02-297.05 sec   202 KBytes  1.61 Mbits/sec                  
[  5] 297.05-298.00 sec   305 KBytes  2.62 Mbits/sec                  
[  5] 298.00-299.02 sec   151 KBytes  1.22 Mbits/sec                  
[  5] 299.02-300.02 sec   192 KBytes  1.57 Mbits/sec                  
[  5] 300.02-301.00 sec  0.00 Bytes  0.00 bits/sec                  
[  5] 301.00-302.00 sec  2.83 KBytes  23.2 Kbits/sec                  
[  5] 302.00-303.05 sec  0.00 Bytes  0.00 bits/sec                  
[  5] 303.05-304.01 sec  0.00 Bytes  0.00 bits/sec                  
[  5] 304.01-305.07 sec  1.12 MBytes  8.84 Mbits/sec                  
[  5] 305.07-306.01 sec   171 KBytes  1.49 Mbits/sec                  
[  5] 306.01-307.00 sec   283 KBytes  2.33 Mbits/sec                  
[  5] 307.00-308.07 sec   185 KBytes  1.42 Mbits/sec                  
[  5] 308.07-309.02 sec   300 KBytes  2.60 Mbits/sec                  
[  5] 309.02-310.01 sec   279 KBytes  2.29 Mbits/sec                  
[  5] 310.01-311.01 sec   236 KBytes  1.94 Mbits/sec                  
[  5] 311.01-312.00 sec   354 KBytes  2.93 Mbits/sec                  
[  5] 312.00-313.01 sec   192 KBytes  1.56 Mbits/sec                  
[  5] 313.01-314.02 sec  0.00 Bytes  0.00 bits/sec                  
[  5] 314.02-315.00 sec  0.00 Bytes  0.00 bits/sec                  
[  5] 315.00-316.00 sec   346 KBytes  2.84 Mbits/sec                  
[  5] 316.00-317.01 sec   745 KBytes  6.09 Mbits/sec                  
[  5] 317.01-318.01 sec   211 KBytes  1.72 Mbits/sec                  
[  5] 318.01-319.00 sec   256 KBytes  2.11 Mbits/sec                  
[  5] 319.00-320.01 sec   376 KBytes  3.06 Mbits/sec                  
[  5] 320.01-321.00 sec   290 KBytes  2.38 Mbits/sec                  
[  5] 321.00-322.05 sec   178 KBytes  1.40 Mbits/sec                  
[  5] 322.05-323.00 sec   211 KBytes  1.81 Mbits/sec                  
[  5] 323.00-324.03 sec   301 KBytes  2.39 Mbits/sec                  
[  5] 324.03-325.02 sec   197 KBytes  1.63 Mbits/sec                  
[  5] 325.02-326.01 sec   296 KBytes  2.45 Mbits/sec                  
[  5] 326.01-327.02 sec   209 KBytes  1.70 Mbits/sec                  
[  5] 327.02-328.02 sec  0.00 Bytes  0.00 bits/sec                  
[  5] 328.02-329.00 sec  0.00 Bytes  0.00 bits/sec                  
[  5] 329.00-330.04 sec  70.7 KBytes   556 Kbits/sec                  
[  5] 330.04-331.01 sec   279 KBytes  2.36 Mbits/sec                  
[  5] 331.01-332.01 sec   185 KBytes  1.51 Mbits/sec                  
[  5] 332.01-333.06 sec   457 KBytes  3.57 Mbits/sec                  
[  5] 333.06-334.05 sec  83.4 KBytes   693 Kbits/sec                  
[  5] 334.05-335.00 sec   170 KBytes  1.46 Mbits/sec                  
[  5] 335.00-336.00 sec  0.00 Bytes  0.00 bits/sec                  
[  5] 336.00-337.01 sec  99.0 KBytes   808 Kbits/sec                  
[  5] 337.01-338.00 sec   238 KBytes  1.96 Mbits/sec                  
[  5] 338.00-339.01 sec   430 KBytes  3.48 Mbits/sec                  
[  5] 339.01-340.00 sec   194 KBytes  1.61 Mbits/sec                  
[  5] 340.00-341.00 sec   160 KBytes  1.31 Mbits/sec                  
[  5] 341.00-342.00 sec   180 KBytes  1.47 Mbits/sec                  
[  5] 342.00-343.03 sec   255 KBytes  2.04 Mbits/sec                  
[  5] 343.03-344.00 sec   165 KBytes  1.38 Mbits/sec                  
[  5] 344.00-345.00 sec   222 KBytes  1.82 Mbits/sec                  
[  5] 345.00-346.01 sec   221 KBytes  1.80 Mbits/sec                  
[  5] 346.01-347.01 sec   181 KBytes  1.48 Mbits/sec                  
[  5] 347.01-348.01 sec   212 KBytes  1.75 Mbits/sec                  
[  5] 348.01-349.00 sec   182 KBytes  1.50 Mbits/sec                  
[  5] 349.00-350.00 sec   216 KBytes  1.78 Mbits/sec                  
[  5] 350.00-351.01 sec   221 KBytes  1.78 Mbits/sec                  
[  5] 351.01-352.01 sec  99.0 KBytes   815 Kbits/sec                  
[  5] 352.01-353.01 sec  26.9 KBytes   219 Kbits/sec                  
[  5] 353.01-354.02 sec  0.00 Bytes  0.00 bits/sec                  
[  5] 354.02-355.00 sec   102 KBytes   850 Kbits/sec                  
[  5] 355.00-356.02 sec  0.00 Bytes  0.00 bits/sec                  
[  5] 356.02-357.01 sec  0.00 Bytes  0.00 bits/sec                  
[  5] 357.01-358.01 sec   697 KBytes  5.68 Mbits/sec                  
[  5] 358.01-359.00 sec   298 KBytes  2.46 Mbits/sec                  
[  5] 359.00-360.01 sec  42.4 KBytes   347 Kbits/sec                  
[  5] 360.01-361.00 sec   279 KBytes  2.29 Mbits/sec                  
[  5] 361.00-362.01 sec   356 KBytes  2.90 Mbits/sec                  
[  5] 362.01-363.10 sec   223 KBytes  1.69 Mbits/sec                  
[  5] 363.10-364.03 sec   120 KBytes  1.05 Mbits/sec                  
[  5] 364.03-365.00 sec   246 KBytes  2.08 Mbits/sec                  
[  5] 365.00-366.00 sec   167 KBytes  1.37 Mbits/sec                  
[  5] 366.00-367.00 sec   229 KBytes  1.88 Mbits/sec                  
[  5] 367.00-368.00 sec   185 KBytes  1.51 Mbits/sec                  
[  5] 368.00-369.00 sec   184 KBytes  1.50 Mbits/sec                  
[  5] 369.00-370.01 sec   189 KBytes  1.55 Mbits/sec                  
[  5] 370.01-371.00 sec   180 KBytes  1.47 Mbits/sec                  
[  5] 371.00-372.00 sec   150 KBytes  1.23 Mbits/sec                  
[  5] 372.00-373.00 sec   253 KBytes  2.07 Mbits/sec                  
[  5] 373.00-374.01 sec  91.9 KBytes   750 Kbits/sec                  
[  5] 374.01-375.00 sec   154 KBytes  1.27 Mbits/sec                  
[  5] 375.00-376.00 sec  0.00 Bytes  0.00 bits/sec                  
[  5] 376.00-377.01 sec  0.00 Bytes  0.00 bits/sec                  
[  5] 377.01-378.00 sec   161 KBytes  1.33 Mbits/sec                  
[  5] 378.00-379.00 sec  0.00 Bytes  0.00 bits/sec                  
[  5] 379.00-380.00 sec   819 KBytes  6.72 Mbits/sec                  
[  5] 380.00-381.00 sec  67.9 KBytes   556 Kbits/sec                  
[  5] 381.00-382.00 sec  0.00 Bytes  0.00 bits/sec                  
[  5] 382.00-382.11 sec  0.00 Bytes  0.00 bits/sec                  
- - - - - - - - - - - - - - - - - - - - - - - - -
[ ID] Interval           Transfer     Bandwidth
[  5]   0.00-382.11 sec  0.00 Bytes  0.00 bits/sec                  sender
[  5]   0.00-382.11 sec  47.1 MBytes  1.03 Mbits/sec                  receiver
