-----------------------------------------------------------
Server listening on 5203
-----------------------------------------------------------
Accepted connection from 10.0.0.1, port 56814
[  5] local 10.0.0.2 port 5203 connected to 10.0.0.1 port 46114
[ ID] Interval           Transfer     Bandwidth
[  5]   0.00-1.00   sec  0.00 Bytes  0.00 bits/sec                  
[  5]   1.00-2.01   sec  0.00 Bytes  0.00 bits/sec                  
[  5]   2.01-3.00   sec  14.1 KBytes   117 Kbits/sec                  
[  5]   3.00-4.00   sec  0.00 Bytes  0.00 bits/sec                  
[  5]   4.00-5.00   sec  28.3 KBytes   232 Kbits/sec                  
[  5]   5.00-6.00   sec  0.00 Bytes  0.00 bits/sec                  
[  5]   6.00-7.00   sec  42.4 KBytes   348 Kbits/sec                  
[  5]   7.00-8.01   sec  0.00 Bytes  0.00 bits/sec                  
[  5]   8.01-9.01   sec  56.6 KBytes   465 Kbits/sec                  
[  5]   9.01-10.00  sec  62.2 KBytes   514 Kbits/sec                  
[  5]  10.00-11.02  sec  24.0 KBytes   193 Kbits/sec                  
[  5]  11.02-12.00  sec  0.00 Bytes  0.00 bits/sec                  
[  5]  12.00-13.00  sec   129 KBytes  1.05 Mbits/sec                  
[  5]  13.00-14.00  sec  59.4 KBytes   486 Kbits/sec                  
[  5]  14.00-15.00  sec   133 KBytes  1.09 Mbits/sec                  
[  5]  15.00-16.01  sec  0.00 Bytes  0.00 bits/sec                  
[  5]  16.01-17.00  sec  60.8 KBytes   505 Kbits/sec                  
[  5]  17.00-18.00  sec  0.00 Bytes  0.00 bits/sec                  
[  5]  18.00-19.00  sec   153 KBytes  1.25 Mbits/sec                  
[  5]  19.00-20.00  sec  58.0 KBytes   474 Kbits/sec                  
[  5]  20.00-21.00  sec   204 KBytes  1.67 Mbits/sec                  
[  5]  21.00-22.00  sec   171 KBytes  1.40 Mbits/sec                  
[  5]  22.00-23.00  sec  86.3 KBytes   707 Kbits/sec                  
[  5]  23.00-24.00  sec   157 KBytes  1.28 Mbits/sec                  
[  5]  24.00-25.03  sec  0.00 Bytes  0.00 bits/sec                  
[  5]  25.03-26.00  sec   276 KBytes  2.34 Mbits/sec                  
[  5]  26.00-27.01  sec  0.00 Bytes  0.00 bits/sec                  
[  5]  27.01-28.00  sec   214 KBytes  1.76 Mbits/sec                  
[  5]  28.00-29.00  sec  76.4 KBytes   625 Kbits/sec                  
[  5]  29.00-30.00  sec  80.6 KBytes   659 Kbits/sec                  
[  5]  30.00-31.00  sec  33.9 KBytes   279 Kbits/sec                  
[  5]  31.00-32.00  sec  0.00 Bytes  0.00 bits/sec                  
[  5]  32.00-33.03  sec  0.00 Bytes  0.00 bits/sec                  
[  5]  33.03-34.00  sec  0.00 Bytes  0.00 bits/sec                  
[  5]  34.00-35.00  sec   607 KBytes  4.97 Mbits/sec                  
[  5]  35.00-36.00  sec   146 KBytes  1.19 Mbits/sec                  
[  5]  36.00-37.01  sec   147 KBytes  1.20 Mbits/sec                  
[  5]  37.01-38.01  sec   272 KBytes  2.23 Mbits/sec                  
[  5]  38.01-39.00  sec  56.6 KBytes   466 Kbits/sec                  
[  5]  39.00-40.03  sec   276 KBytes  2.19 Mbits/sec                  
[  5]  40.03-41.00  sec  2.83 KBytes  23.9 Kbits/sec                  
[  5]  41.00-42.00  sec   279 KBytes  2.28 Mbits/sec                  
[  5]  42.00-43.00  sec  42.4 KBytes   347 Kbits/sec                  
[  5]  43.00-44.02  sec   191 KBytes  1.54 Mbits/sec                  
[  5]  44.02-45.04  sec  21.2 KBytes   171 Kbits/sec                  
[  5]  45.04-46.00  sec  0.00 Bytes  0.00 bits/sec                  
[  5]  46.00-47.01  sec   117 KBytes   949 Kbits/sec                  
[  5]  47.01-48.00  sec  0.00 Bytes  0.00 bits/sec                  
[  5]  48.00-49.00  sec   491 KBytes  4.02 Mbits/sec                  
[  5]  49.00-50.00  sec  1.41 KBytes  11.6 Kbits/sec                  
[  5]  50.00-51.00  sec   154 KBytes  1.26 Mbits/sec                  
[  5]  51.00-52.00  sec   115 KBytes   942 Kbits/sec                  
[  5]  52.00-53.03  sec   276 KBytes  2.20 Mbits/sec                  
[  5]  53.03-54.00  sec  41.0 KBytes   345 Kbits/sec                  
[  5]  54.00-55.00  sec   314 KBytes  2.57 Mbits/sec                  
[  5]  55.00-56.00  sec  28.3 KBytes   231 Kbits/sec                  
[  5]  56.00-57.00  sec   245 KBytes  2.01 Mbits/sec                  
[  5]  57.00-58.01  sec   107 KBytes   871 Kbits/sec                  
[  5]  58.01-59.00  sec   139 KBytes  1.15 Mbits/sec                  
[  5]  59.00-60.00  sec   229 KBytes  1.88 Mbits/sec                  
[  5]  60.00-61.00  sec  0.00 Bytes  0.00 bits/sec                  
[  5]  61.00-62.00  sec  0.00 Bytes  0.00 bits/sec                  
[  5]  62.00-63.01  sec  35.4 KBytes   286 Kbits/sec                  
[  5]  63.01-64.00  sec  0.00 Bytes  0.00 bits/sec                  
[  5]  64.00-65.01  sec   537 KBytes  4.37 Mbits/sec                  
[  5]  65.01-66.02  sec   373 KBytes  3.01 Mbits/sec                  
[  5]  66.02-67.06  sec  32.5 KBytes   256 Kbits/sec                  
[  5]  67.06-68.00  sec   189 KBytes  1.65 Mbits/sec                  
[  5]  68.00-69.00  sec  42.4 KBytes   347 Kbits/sec                  
[  5]  69.00-70.00  sec   177 KBytes  1.45 Mbits/sec                  
[  5]  70.00-71.00  sec  86.3 KBytes   706 Kbits/sec                  
[  5]  71.00-72.00  sec   157 KBytes  1.29 Mbits/sec                  
[  5]  72.00-73.00  sec  80.6 KBytes   661 Kbits/sec                  
[  5]  73.00-74.00  sec   161 KBytes  1.32 Mbits/sec                  
[  5]  74.00-75.00  sec  41.0 KBytes   335 Kbits/sec                  
[  5]  75.00-76.01  sec  5.66 KBytes  46.0 Kbits/sec                  
[  5]  76.01-77.00  sec  0.00 Bytes  0.00 bits/sec                  
[  5]  77.00-78.00  sec   216 KBytes  1.77 Mbits/sec                  
[  5]  78.00-79.00  sec  0.00 Bytes  0.00 bits/sec                  
[  5]  79.00-80.00  sec   195 KBytes  1.60 Mbits/sec                  
[  5]  80.00-81.10  sec   137 KBytes  1.02 Mbits/sec                  
[  5]  81.10-82.00  sec  4.24 KBytes  38.4 Kbits/sec                  
[  5]  82.00-83.00  sec   202 KBytes  1.66 Mbits/sec                  
[  5]  83.00-84.00  sec  11.3 KBytes  92.7 Kbits/sec                  
[  5]  84.00-85.00  sec   137 KBytes  1.13 Mbits/sec                  
[  5]  85.00-86.01  sec  0.00 Bytes  0.00 bits/sec                  
[  5]  86.01-87.00  sec  0.00 Bytes  0.00 bits/sec                  
[  5]  87.00-88.00  sec   102 KBytes   834 Kbits/sec                  
[  5]  88.00-89.01  sec  0.00 Bytes  0.00 bits/sec                  
[  5]  89.01-90.02  sec   351 KBytes  2.84 Mbits/sec                  
[  5]  90.02-91.02  sec  2.83 KBytes  23.3 Kbits/sec                  
[  5]  91.02-92.00  sec   191 KBytes  1.59 Mbits/sec                  
[  5]  92.00-93.00  sec   132 KBytes  1.08 Mbits/sec                  
[  5]  93.00-94.00  sec  77.8 KBytes   637 Kbits/sec                  
[  5]  94.00-95.04  sec   126 KBytes   988 Kbits/sec                  
[  5]  95.04-96.03  sec  86.3 KBytes   713 Kbits/sec                  
[  5]  96.03-97.01  sec  32.5 KBytes   272 Kbits/sec                  
[  5]  97.01-98.11  sec   191 KBytes  1.42 Mbits/sec                  
[  5]  98.11-99.00  sec  5.66 KBytes  52.1 Kbits/sec                  
[  5]  99.00-100.00 sec   178 KBytes  1.46 Mbits/sec                  
[  5] 100.00-101.00 sec  0.00 Bytes  0.00 bits/sec                  
[  5] 101.00-102.00 sec  0.00 Bytes  0.00 bits/sec                  
[  5] 102.00-103.00 sec  90.5 KBytes   741 Kbits/sec                  
[  5] 103.00-104.00 sec   130 KBytes  1.07 Mbits/sec                  
[  5] 104.00-105.00 sec   288 KBytes  2.36 Mbits/sec                  
[  5] 105.00-106.18 sec  21.2 KBytes   148 Kbits/sec                  
[  5] 106.18-107.04 sec   105 KBytes   990 Kbits/sec                  
[  5] 107.04-108.00 sec   132 KBytes  1.12 Mbits/sec                  
[  5] 108.00-109.00 sec   262 KBytes  2.14 Mbits/sec                  
[  5] 109.00-110.00 sec  50.9 KBytes   417 Kbits/sec                  
[  5] 110.00-111.00 sec   175 KBytes  1.44 Mbits/sec                  
[  5] 111.00-112.00 sec   153 KBytes  1.25 Mbits/sec                  
[  5] 112.00-113.00 sec   122 KBytes   996 Kbits/sec                  
[  5] 113.00-114.01 sec   219 KBytes  1.79 Mbits/sec                  
[  5] 114.01-115.00 sec  8.48 KBytes  69.9 Kbits/sec                  
[  5] 115.00-116.02 sec   242 KBytes  1.95 Mbits/sec                  
[  5] 116.02-117.00 sec  0.00 Bytes  0.00 bits/sec                  
[  5] 117.00-118.03 sec  0.00 Bytes  0.00 bits/sec                  
[  5] 118.03-119.01 sec  5.66 KBytes  47.4 Kbits/sec                  
[  5] 119.01-120.00 sec  0.00 Bytes  0.00 bits/sec                  
[  5] 120.00-121.00 sec   706 KBytes  5.80 Mbits/sec                  
[  5] 121.00-122.01 sec  2.83 KBytes  22.9 Kbits/sec                  
[  5] 122.01-123.01 sec  0.00 Bytes  0.00 bits/sec                  
[  5] 123.01-124.04 sec   141 KBytes  1.13 Mbits/sec                  
[  5] 124.04-125.00 sec   310 KBytes  2.64 Mbits/sec                  
[  5] 125.00-126.01 sec  21.2 KBytes   172 Kbits/sec                  
[  5] 126.01-127.00 sec   202 KBytes  1.67 Mbits/sec                  
[  5] 127.00-128.01 sec  24.0 KBytes   195 Kbits/sec                  
[  5] 128.01-129.00 sec   216 KBytes  1.79 Mbits/sec                  
[  5] 129.00-130.00 sec  28.3 KBytes   232 Kbits/sec                  
[  5] 130.00-131.01 sec   208 KBytes  1.69 Mbits/sec                  
[  5] 131.01-132.03 sec  29.7 KBytes   238 Kbits/sec                  
[  5] 132.03-133.03 sec   168 KBytes  1.38 Mbits/sec                  
[  5] 133.03-134.00 sec  5.66 KBytes  47.7 Kbits/sec                  
[  5] 134.00-135.03 sec  0.00 Bytes  0.00 bits/sec                  
[  5] 135.03-136.00 sec  0.00 Bytes  0.00 bits/sec                  
[  5] 136.00-137.00 sec  0.00 Bytes  0.00 bits/sec                  
[  5] 137.00-138.00 sec   505 KBytes  4.14 Mbits/sec                  
[  5] 138.00-139.00 sec  87.7 KBytes   718 Kbits/sec                  
[  5] 139.00-140.00 sec   127 KBytes  1.04 Mbits/sec                  
[  5] 140.00-141.00 sec   120 KBytes   983 Kbits/sec                  
[  5] 141.00-142.00 sec   137 KBytes  1.13 Mbits/sec                  
[  5] 142.00-143.00 sec  41.0 KBytes   335 Kbits/sec                  
[  5] 143.00-144.00 sec  0.00 Bytes  0.00 bits/sec                  
[  5] 144.00-145.00 sec  0.00 Bytes  0.00 bits/sec                  
[  5] 145.00-146.00 sec   272 KBytes  2.22 Mbits/sec                  
[  5] 146.00-147.00 sec  0.00 Bytes  0.00 bits/sec                  
[  5] 147.00-148.00 sec   331 KBytes  2.72 Mbits/sec                  
[  5] 148.00-149.01 sec  28.3 KBytes   229 Kbits/sec                  
[  5] 149.01-150.00 sec   192 KBytes  1.59 Mbits/sec                  
[  5] 150.00-151.00 sec  31.1 KBytes   255 Kbits/sec                  
[  5] 151.00-152.02 sec   191 KBytes  1.54 Mbits/sec                  
[  5] 152.02-153.00 sec  9.90 KBytes  82.4 Kbits/sec                  
[  5] 153.00-154.01 sec  0.00 Bytes  0.00 bits/sec                  
[  5] 154.01-155.01 sec  26.9 KBytes   221 Kbits/sec                  
[  5] 155.01-156.00 sec   348 KBytes  2.86 Mbits/sec                  
[  5] 156.00-157.02 sec  46.7 KBytes   376 Kbits/sec                  
[  5] 157.02-158.00 sec   177 KBytes  1.47 Mbits/sec                  
[  5] 158.00-159.00 sec  26.9 KBytes   220 Kbits/sec                  
[  5] 159.00-160.00 sec   188 KBytes  1.54 Mbits/sec                  
[  5] 160.00-161.02 sec  35.4 KBytes   286 Kbits/sec                  
[  5] 161.02-162.05 sec   199 KBytes  1.58 Mbits/sec                  
[  5] 162.05-163.01 sec  31.1 KBytes   267 Kbits/sec                  
[  5] 163.01-164.00 sec   184 KBytes  1.51 Mbits/sec                  
[  5] 164.00-165.00 sec  63.6 KBytes   522 Kbits/sec                  
[  5] 165.00-166.00 sec   215 KBytes  1.76 Mbits/sec                  
[  5] 166.00-167.00 sec  66.5 KBytes   545 Kbits/sec                  
[  5] 167.00-168.03 sec   226 KBytes  1.80 Mbits/sec                  
[  5] 168.03-169.00 sec   107 KBytes   908 Kbits/sec                  
[  5] 169.00-170.03 sec  33.9 KBytes   271 Kbits/sec                  
[  5] 170.03-171.00 sec  0.00 Bytes  0.00 bits/sec                  
[  5] 171.00-172.00 sec  43.8 KBytes   359 Kbits/sec                  
[  5] 172.00-173.00 sec   451 KBytes  3.69 Mbits/sec                  
[  5] 173.00-174.00 sec   328 KBytes  2.69 Mbits/sec                  
[  5] 174.00-175.00 sec   223 KBytes  1.83 Mbits/sec                  
[  5] 175.00-176.00 sec   157 KBytes  1.28 Mbits/sec                  
[  5] 176.00-177.00 sec   290 KBytes  2.38 Mbits/sec                  
[  5] 177.00-178.00 sec   124 KBytes  1.02 Mbits/sec                  
[  5] 178.00-179.01 sec   294 KBytes  2.39 Mbits/sec                  
[  5] 179.01-180.00 sec   201 KBytes  1.66 Mbits/sec                  
[  5] 180.00-181.00 sec   206 KBytes  1.69 Mbits/sec                  
[  5] 181.00-182.02 sec  43.8 KBytes   354 Kbits/sec                  
[  5] 182.02-183.00 sec  0.00 Bytes  0.00 bits/sec                  
[  5] 183.00-184.00 sec   191 KBytes  1.56 Mbits/sec                  
[  5] 184.00-185.02 sec  19.8 KBytes   160 Kbits/sec                  
[  5] 185.02-186.02 sec  0.00 Bytes  0.00 bits/sec                  
[  5] 186.02-187.04 sec   868 KBytes  6.97 Mbits/sec                  
[  5] 187.04-188.01 sec   267 KBytes  2.24 Mbits/sec                  
[  5] 188.01-189.04 sec   297 KBytes  2.37 Mbits/sec                  
[  5] 189.04-190.00 sec   127 KBytes  1.09 Mbits/sec                  
[  5] 190.00-191.00 sec   189 KBytes  1.55 Mbits/sec                  
[  5] 191.00-192.00 sec   263 KBytes  2.15 Mbits/sec                  
[  5] 192.00-193.02 sec   187 KBytes  1.50 Mbits/sec                  
[  5] 193.02-194.00 sec   243 KBytes  2.03 Mbits/sec                  
[  5] 194.00-195.00 sec   156 KBytes  1.27 Mbits/sec                  
[  5] 195.00-196.00 sec   304 KBytes  2.49 Mbits/sec                  
[  5] 196.00-197.01 sec  11.3 KBytes  92.0 Kbits/sec                  
[  5] 197.01-198.00 sec  0.00 Bytes  0.00 bits/sec                  
[  5] 198.00-199.00 sec  83.4 KBytes   684 Kbits/sec                  
[  5] 199.00-200.02 sec   363 KBytes  2.91 Mbits/sec                  
[  5] 200.02-201.00 sec   396 KBytes  3.32 Mbits/sec                  
[  5] 201.00-202.00 sec   230 KBytes  1.89 Mbits/sec                  
[  5] 202.00-203.00 sec  84.8 KBytes   694 Kbits/sec                  
[  5] 203.00-204.00 sec   173 KBytes  1.41 Mbits/sec                  
[  5] 204.00-205.00 sec  25.5 KBytes   208 Kbits/sec                  
[  5] 205.00-206.00 sec  0.00 Bytes  0.00 bits/sec                  
[  5] 206.00-207.00 sec   495 KBytes  4.06 Mbits/sec                  
[  5] 207.00-208.03 sec   161 KBytes  1.28 Mbits/sec                  
[  5] 208.03-209.01 sec   195 KBytes  1.64 Mbits/sec                  
[  5] 209.01-210.00 sec   245 KBytes  2.02 Mbits/sec                  
[  5] 210.00-211.00 sec   137 KBytes  1.13 Mbits/sec                  
[  5] 211.00-212.04 sec   236 KBytes  1.86 Mbits/sec                  
[  5] 212.04-213.00 sec   198 KBytes  1.69 Mbits/sec                  
[  5] 213.00-214.00 sec   226 KBytes  1.85 Mbits/sec                  
[  5] 214.00-215.00 sec   164 KBytes  1.35 Mbits/sec                  
[  5] 215.00-216.00 sec   208 KBytes  1.70 Mbits/sec                  
[  5] 216.00-217.01 sec   208 KBytes  1.68 Mbits/sec                  
[  5] 217.01-218.00 sec  77.8 KBytes   644 Kbits/sec                  
[  5] 218.00-219.00 sec  39.6 KBytes   324 Kbits/sec                  
[  5] 219.00-220.00 sec  0.00 Bytes  0.00 bits/sec                  
[  5] 220.00-221.00 sec  70.7 KBytes   580 Kbits/sec                  
[  5] 221.00-222.00 sec  0.00 Bytes  0.00 bits/sec                  
[  5] 222.00-223.00 sec  0.00 Bytes  0.00 bits/sec                  
[  5] 223.00-224.00 sec   844 KBytes  6.92 Mbits/sec                  
[  5] 224.00-225.00 sec   127 KBytes  1.04 Mbits/sec                  
[  5] 225.00-226.00 sec  58.0 KBytes   477 Kbits/sec                  
[  5] 226.00-227.00 sec  0.00 Bytes  0.00 bits/sec                  
[  5] 227.00-228.09 sec   379 KBytes  2.84 Mbits/sec                  
[  5] 228.09-229.00 sec  60.8 KBytes   549 Kbits/sec                  
[  5] 229.00-230.02 sec   141 KBytes  1.13 Mbits/sec                  
[  5] 230.02-231.00 sec   156 KBytes  1.31 Mbits/sec                  
[  5] 231.00-232.00 sec   115 KBytes   938 Kbits/sec                  
[  5] 232.00-233.00 sec   154 KBytes  1.26 Mbits/sec                  
[  5] 233.00-234.00 sec   119 KBytes   975 Kbits/sec                  
[  5] 234.00-235.02 sec   157 KBytes  1.26 Mbits/sec                  
[  5] 235.02-236.00 sec   164 KBytes  1.37 Mbits/sec                  
[  5] 236.00-237.02 sec   109 KBytes   878 Kbits/sec                  
[  5] 237.02-238.00 sec   105 KBytes   868 Kbits/sec                  
[  5] 238.00-239.00 sec  0.00 Bytes  0.00 bits/sec                  
[  5] 239.00-240.03 sec  0.00 Bytes  0.00 bits/sec                  
[  5] 240.03-241.00 sec  7.07 KBytes  59.9 Kbits/sec                  
[  5] 241.00-242.00 sec  0.00 Bytes  0.00 bits/sec                  
[  5] 242.00-243.00 sec   629 KBytes  5.14 Mbits/sec                  
[  5] 243.00-244.00 sec  0.00 Bytes  0.00 bits/sec                  
[  5] 244.00-245.00 sec  45.2 KBytes   371 Kbits/sec                  
[  5] 245.00-246.02 sec   273 KBytes  2.19 Mbits/sec                  
[  5] 246.02-247.01 sec  0.00 Bytes  0.00 bits/sec                  
[  5] 247.01-248.00 sec   223 KBytes  1.84 Mbits/sec                  
[  5] 248.00-249.00 sec  73.5 KBytes   603 Kbits/sec                  
[  5] 249.00-250.00 sec  72.1 KBytes   592 Kbits/sec                  
[  5] 250.00-251.02 sec  90.5 KBytes   726 Kbits/sec                  
[  5] 251.02-252.02 sec  82.0 KBytes   673 Kbits/sec                  
[  5] 252.02-253.00 sec  79.2 KBytes   661 Kbits/sec                  
[  5] 253.00-254.00 sec  87.7 KBytes   717 Kbits/sec                  
[  5] 254.00-255.00 sec  77.8 KBytes   638 Kbits/sec                  
[  5] 255.00-256.03 sec  79.2 KBytes   629 Kbits/sec                  
[  5] 256.03-257.00 sec  28.3 KBytes   239 Kbits/sec                  
[  5] 257.00-258.01 sec  74.9 KBytes   611 Kbits/sec                  
[  5] 258.01-259.00 sec  0.00 Bytes  0.00 bits/sec                  
[  5] 259.00-260.00 sec   284 KBytes  2.33 Mbits/sec                  
[  5] 260.00-261.00 sec  5.66 KBytes  46.4 Kbits/sec                  
[  5] 261.00-262.03 sec  0.00 Bytes  0.00 bits/sec                  
[  5] 262.03-263.00 sec   195 KBytes  1.64 Mbits/sec                  
[  5] 263.00-264.00 sec  35.4 KBytes   290 Kbits/sec                  
[  5] 264.00-265.01 sec  0.00 Bytes  0.00 bits/sec                  
[  5] 265.01-266.00 sec   167 KBytes  1.38 Mbits/sec                  
[  5] 266.00-267.00 sec  46.7 KBytes   382 Kbits/sec                  
[  5] 267.00-268.00 sec   105 KBytes   856 Kbits/sec                  
[  5] 268.00-269.00 sec  80.6 KBytes   661 Kbits/sec                  
[  5] 269.00-270.04 sec   117 KBytes   924 Kbits/sec                  
[  5] 270.04-271.00 sec  70.7 KBytes   604 Kbits/sec                  
[  5] 271.00-272.03 sec  80.6 KBytes   642 Kbits/sec                  
[  5] 272.03-273.02 sec  77.8 KBytes   641 Kbits/sec                  
[  5] 273.02-274.00 sec  55.1 KBytes   463 Kbits/sec                  
[  5] 274.00-275.00 sec   113 KBytes   926 Kbits/sec                  
[  5] 275.00-276.00 sec  53.7 KBytes   440 Kbits/sec                  
[  5] 276.00-277.03 sec   143 KBytes  1.14 Mbits/sec                  
[  5] 277.03-278.00 sec  69.3 KBytes   584 Kbits/sec                  
[  5] 278.00-279.03 sec  0.00 Bytes  0.00 bits/sec                  
[  5] 279.03-280.00 sec  0.00 Bytes  0.00 bits/sec                  
[  5] 280.00-281.01 sec  39.6 KBytes   321 Kbits/sec                  
[  5] 281.01-282.04 sec  0.00 Bytes  0.00 bits/sec                  
[  5] 282.04-283.00 sec  0.00 Bytes  0.00 bits/sec                  
[  5] 283.00-284.00 sec   452 KBytes  3.71 Mbits/sec                  
[  5] 284.00-285.00 sec  73.5 KBytes   602 Kbits/sec                  
[  5] 285.00-286.04 sec   180 KBytes  1.42 Mbits/sec                  
[  5] 286.04-287.00 sec   246 KBytes  2.10 Mbits/sec                  
[  5] 287.00-288.00 sec   140 KBytes  1.15 Mbits/sec                  
[  5] 288.00-289.00 sec   123 KBytes  1.01 Mbits/sec                  
[  5] 289.00-290.00 sec  72.1 KBytes   591 Kbits/sec                  
[  5] 290.00-291.00 sec   123 KBytes  1.01 Mbits/sec                  
[  5] 291.00-292.00 sec  80.6 KBytes   659 Kbits/sec                  
[  5] 292.00-293.03 sec   119 KBytes   948 Kbits/sec                  
[  5] 293.03-294.00 sec  91.9 KBytes   775 Kbits/sec                  
[  5] 294.00-295.00 sec   127 KBytes  1.04 Mbits/sec                  
[  5] 295.00-296.00 sec   100 KBytes   823 Kbits/sec                  
[  5] 296.00-297.02 sec  2.83 KBytes  22.8 Kbits/sec                  
[  5] 297.02-298.00 sec  0.00 Bytes  0.00 bits/sec                  
[  5] 298.00-299.00 sec  0.00 Bytes  0.00 bits/sec                  
[  5] 299.00-300.00 sec  59.4 KBytes   486 Kbits/sec                  
[  5] 300.00-301.00 sec  0.00 Bytes  0.00 bits/sec                  
[  5] 301.00-302.00 sec   539 KBytes  4.41 Mbits/sec                  
[  5] 302.00-303.02 sec  24.0 KBytes   193 Kbits/sec                  
[  5] 303.02-304.00 sec   122 KBytes  1.01 Mbits/sec                  
[  5] 304.00-305.00 sec  70.7 KBytes   580 Kbits/sec                  
[  5] 305.00-306.00 sec   107 KBytes   880 Kbits/sec                  
[  5] 306.00-307.00 sec  49.5 KBytes   405 Kbits/sec                  
[  5] 307.00-308.06 sec   113 KBytes   879 Kbits/sec                  
[  5] 308.06-309.01 sec  80.6 KBytes   691 Kbits/sec                  
[  5] 309.01-310.00 sec  86.3 KBytes   713 Kbits/sec                  
[  5] 310.00-311.00 sec  49.5 KBytes   406 Kbits/sec                  
[  5] 311.00-312.03 sec   120 KBytes   959 Kbits/sec                  
[  5] 312.03-313.00 sec  11.3 KBytes  95.0 Kbits/sec                  
[  5] 313.00-314.00 sec  0.00 Bytes  0.00 bits/sec                  
[  5] 314.00-315.00 sec  0.00 Bytes  0.00 bits/sec                  
[  5] 315.00-316.00 sec   160 KBytes  1.31 Mbits/sec                  
[  5] 316.00-317.00 sec  66.5 KBytes   544 Kbits/sec                  
[  5] 317.00-318.00 sec   214 KBytes  1.75 Mbits/sec                  
[  5] 318.00-319.00 sec  63.6 KBytes   520 Kbits/sec                  
[  5] 319.00-320.00 sec   117 KBytes   962 Kbits/sec                  
[  5] 320.00-321.00 sec  63.6 KBytes   522 Kbits/sec                  
[  5] 321.00-322.02 sec  5.66 KBytes  45.2 Kbits/sec                  
[  5] 322.02-323.00 sec  0.00 Bytes  0.00 bits/sec                  
[  5] 323.00-324.00 sec  77.8 KBytes   636 Kbits/sec                  
[  5] 324.00-325.00 sec   127 KBytes  1.04 Mbits/sec                  
[  5] 325.00-326.01 sec   194 KBytes  1.57 Mbits/sec                  
[  5] 326.01-327.00 sec  76.4 KBytes   632 Kbits/sec                  
[  5] 327.00-328.01 sec  76.4 KBytes   620 Kbits/sec                  
[  5] 328.01-329.03 sec   100 KBytes   809 Kbits/sec                  
[  5] 329.03-330.04 sec  53.7 KBytes   434 Kbits/sec                  
[  5] 330.04-331.00 sec  55.1 KBytes   470 Kbits/sec                  
[  5] 331.00-332.03 sec  0.00 Bytes  0.00 bits/sec                  
[  5] 332.03-333.08 sec  58.0 KBytes   454 Kbits/sec                  
[  5] 333.08-334.01 sec   218 KBytes  1.91 Mbits/sec                  
[  5] 334.01-335.00 sec  72.1 KBytes   596 Kbits/sec                  
[  5] 335.00-336.00 sec  87.7 KBytes   719 Kbits/sec                  
[  5] 336.00-337.00 sec  69.3 KBytes   567 Kbits/sec                  
[  5] 337.00-338.02 sec   119 KBytes   954 Kbits/sec                  
[  5] 338.02-339.00 sec  29.7 KBytes   248 Kbits/sec                  
[  5] 339.00-340.07 sec   123 KBytes   945 Kbits/sec                  
[  5] 340.07-341.04 sec  28.3 KBytes   238 Kbits/sec                  
[  5] 341.04-342.01 sec   117 KBytes   994 Kbits/sec                  
[  5] 342.01-343.00 sec  43.8 KBytes   361 Kbits/sec                  
[  5] 343.00-344.00 sec   148 KBytes  1.22 Mbits/sec                  
[  5] 344.00-345.00 sec  76.4 KBytes   625 Kbits/sec                  
[  5] 345.00-346.00 sec  63.6 KBytes   521 Kbits/sec                  
[  5] 346.00-347.02 sec  0.00 Bytes  0.00 bits/sec                  
[  5] 347.02-348.03 sec  0.00 Bytes  0.00 bits/sec                  
[  5] 348.03-349.00 sec  0.00 Bytes  0.00 bits/sec                  
[  5] 349.00-350.03 sec   368 KBytes  2.93 Mbits/sec                  
[  5] 350.03-351.00 sec   218 KBytes  1.84 Mbits/sec                  
[  5] 351.00-352.03 sec  39.6 KBytes   314 Kbits/sec                  
[  5] 352.03-353.07 sec  0.00 Bytes  0.00 bits/sec                  
[  5] 353.07-354.01 sec   276 KBytes  2.41 Mbits/sec                  
[  5] 354.01-355.01 sec   106 KBytes   864 Kbits/sec                  
[  5] 355.01-356.02 sec   102 KBytes   825 Kbits/sec                  
[  5] 356.02-357.00 sec   102 KBytes   853 Kbits/sec                  
[  5] 357.00-358.03 sec   136 KBytes  1.08 Mbits/sec                  
[  5] 358.03-359.01 sec   100 KBytes   831 Kbits/sec                  
[  5] 359.01-360.01 sec   163 KBytes  1.35 Mbits/sec                  
[  5] 360.01-361.00 sec   107 KBytes   884 Kbits/sec                  
[  5] 361.00-362.00 sec   119 KBytes   971 Kbits/sec                  
[  5] 362.00-363.00 sec   117 KBytes   960 Kbits/sec                  
[  5] 363.00-364.00 sec   144 KBytes  1.18 Mbits/sec                  
[  5] 364.00-365.00 sec   103 KBytes   845 Kbits/sec                  
[  5] 365.00-366.00 sec   153 KBytes  1.25 Mbits/sec                  
[  5] 366.00-367.01 sec  0.00 Bytes  0.00 bits/sec                  
[  5] 367.01-368.04 sec  0.00 Bytes  0.00 bits/sec                  
[  5] 368.04-369.03 sec   201 KBytes  1.67 Mbits/sec                  
[  5] 369.03-370.00 sec   201 KBytes  1.69 Mbits/sec                  
[  5] 370.00-371.00 sec   318 KBytes  2.61 Mbits/sec                  
[  5] 371.00-372.01 sec  15.6 KBytes   126 Kbits/sec                  
[  5] 372.01-373.01 sec  0.00 Bytes  0.00 bits/sec                  
[  5] 373.01-374.05 sec   211 KBytes  1.66 Mbits/sec                  
[  5] 374.05-375.00 sec   269 KBytes  2.31 Mbits/sec                  
[  5] 375.00-376.00 sec   129 KBytes  1.05 Mbits/sec                  
[  5] 376.00-377.00 sec   137 KBytes  1.13 Mbits/sec                  
[  5] 377.00-378.00 sec   130 KBytes  1.07 Mbits/sec                  
[  5] 378.00-379.00 sec   112 KBytes   913 Kbits/sec                  
[  5] 379.00-380.02 sec   123 KBytes   990 Kbits/sec                  
[  5] 380.02-381.00 sec  55.1 KBytes   461 Kbits/sec                  
[  5] 381.00-382.00 sec   120 KBytes   985 Kbits/sec                  
[  5] 382.00-383.00 sec  84.8 KBytes   695 Kbits/sec                  
[  5] 383.00-384.02 sec   150 KBytes  1.21 Mbits/sec                  
[  5] 384.02-385.00 sec   116 KBytes   966 Kbits/sec                  
[  5] 385.00-386.02 sec   100 KBytes   807 Kbits/sec                  
[  5] 386.02-387.01 sec  69.3 KBytes   574 Kbits/sec                  
[  5] 387.01-388.09 sec  1.41 KBytes  10.7 Kbits/sec                  
[  5] 388.09-389.00 sec  0.00 Bytes  0.00 bits/sec                  
[  5] 389.00-390.01 sec  1.41 KBytes  11.4 Kbits/sec                  
[  5] 390.01-391.00 sec  0.00 Bytes  0.00 bits/sec                  
[  5] 391.00-392.00 sec   547 KBytes  4.47 Mbits/sec                  
[  5] 392.00-393.04 sec   120 KBytes   948 Kbits/sec                  
[  5] 393.04-394.00 sec  0.00 Bytes  0.00 bits/sec                  
[  5] 394.00-395.00 sec  0.00 Bytes  0.00 bits/sec                  
[  5] 395.00-396.00 sec   264 KBytes  2.17 Mbits/sec                  
[  5] 396.00-397.03 sec   219 KBytes  1.74 Mbits/sec                  
[  5] 397.03-398.05 sec   154 KBytes  1.24 Mbits/sec                  
[  5] 398.05-399.00 sec   160 KBytes  1.37 Mbits/sec                  
[  5] 399.00-400.00 sec   126 KBytes  1.03 Mbits/sec                  
[  5] 400.00-401.00 sec   160 KBytes  1.31 Mbits/sec                  
[  5] 401.00-402.05 sec  76.4 KBytes   597 Kbits/sec                  
[  5] 402.05-403.00 sec   153 KBytes  1.31 Mbits/sec                  
[  5] 403.00-404.03 sec  43.8 KBytes   350 Kbits/sec                  
[  5] 404.03-405.00 sec   112 KBytes   939 Kbits/sec                  
[  5] 405.00-406.05 sec   134 KBytes  1.05 Mbits/sec                  
[  5] 406.05-407.00 sec  39.6 KBytes   341 Kbits/sec                  
[  5] 407.00-408.00 sec  32.5 KBytes   267 Kbits/sec                  
[  5] 408.00-409.00 sec   151 KBytes  1.24 Mbits/sec                  
[  5] 409.00-410.05 sec  93.3 KBytes   731 Kbits/sec                  
[  5] 410.05-411.04 sec   124 KBytes  1.03 Mbits/sec                  
[  5] 411.04-412.00 sec  58.0 KBytes   493 Kbits/sec                  
[  5] 412.00-413.00 sec  0.00 Bytes  0.00 bits/sec                  
[  5] 413.00-414.00 sec   310 KBytes  2.54 Mbits/sec                  
[  5] 414.00-415.00 sec  0.00 Bytes  0.00 bits/sec                  
[  5] 415.00-416.00 sec   136 KBytes  1.11 Mbits/sec                  
[  5] 416.00-417.00 sec  66.5 KBytes   544 Kbits/sec                  
[  5] 417.00-418.00 sec  0.00 Bytes  0.00 bits/sec                  
[  5] 418.00-419.04 sec   390 KBytes  3.08 Mbits/sec                  
[  5] 419.04-420.01 sec  14.1 KBytes   120 Kbits/sec                  
[  5] 420.01-421.00 sec  0.00 Bytes  0.00 bits/sec                  
[  5] 421.00-422.00 sec   734 KBytes  6.00 Mbits/sec                  
[  5] 422.00-423.00 sec   269 KBytes  2.20 Mbits/sec                  
[  5] 423.00-424.00 sec   201 KBytes  1.65 Mbits/sec                  
[  5] 424.00-425.00 sec   221 KBytes  1.81 Mbits/sec                  
[  5] 425.00-426.00 sec  50.9 KBytes   416 Kbits/sec                  
[  5] 426.00-427.04 sec   243 KBytes  1.92 Mbits/sec                  
[  5] 427.04-428.00 sec  0.00 Bytes  0.00 bits/sec                  
[  5] 428.00-429.01 sec  0.00 Bytes  0.00 bits/sec                  
[  5] 429.01-430.00 sec   136 KBytes  1.12 Mbits/sec                  
[  5] 430.00-431.04 sec   313 KBytes  2.48 Mbits/sec                  
[  5] 431.04-432.00 sec  83.4 KBytes   708 Kbits/sec                  
[  5] 432.00-433.00 sec  89.1 KBytes   730 Kbits/sec                  
[  5] 433.00-434.00 sec   133 KBytes  1.09 Mbits/sec                  
[  5] 434.00-435.00 sec  21.2 KBytes   174 Kbits/sec                  
[  5] 435.00-436.00 sec   240 KBytes  1.97 Mbits/sec                  
[  5] 436.00-437.00 sec  5.66 KBytes  46.3 Kbits/sec                  
[  5] 437.00-438.00 sec   247 KBytes  2.02 Mbits/sec                  
[  5] 438.00-439.01 sec  7.07 KBytes  57.4 Kbits/sec                  
[  5] 439.01-440.00 sec   194 KBytes  1.60 Mbits/sec                  
[  5] 440.00-441.00 sec  83.4 KBytes   685 Kbits/sec                  
[  5] 441.00-442.04 sec   178 KBytes  1.40 Mbits/sec                  
[  5] 442.04-443.05 sec   156 KBytes  1.27 Mbits/sec                  
[  5] 443.05-444.00 sec   116 KBytes   991 Kbits/sec                  
[  5] 444.00-445.00 sec   272 KBytes  2.22 Mbits/sec                  
[  5] 445.00-446.03 sec  18.4 KBytes   146 Kbits/sec                  
[  5] 446.03-447.00 sec  0.00 Bytes  0.00 bits/sec                  
[  5] 447.00-448.00 sec   322 KBytes  2.64 Mbits/sec                  
[  5] 448.00-449.00 sec   667 KBytes  5.47 Mbits/sec                  
[  5] 449.00-450.00 sec   270 KBytes  2.21 Mbits/sec                  
[  5] 450.00-451.00 sec   324 KBytes  2.64 Mbits/sec                  
[  5] 451.00-452.00 sec   168 KBytes  1.38 Mbits/sec                  
[  5] 452.00-453.00 sec   313 KBytes  2.56 Mbits/sec                  
[  5] 453.00-454.00 sec   257 KBytes  2.11 Mbits/sec                  
[  5] 454.00-455.05 sec  52.3 KBytes   409 Kbits/sec                  
[  5] 455.05-456.00 sec  21.2 KBytes   182 Kbits/sec                  
[  5] 456.00-457.00 sec  0.00 Bytes  0.00 bits/sec                  
[  5] 457.00-458.00 sec  0.00 Bytes  0.00 bits/sec                  
[  5] 458.00-459.00 sec  0.00 Bytes  0.00 bits/sec                  
[  5] 459.00-460.00 sec   219 KBytes  1.80 Mbits/sec                  
[  5] 460.00-461.00 sec   993 KBytes  8.13 Mbits/sec                  
[  5] 461.00-462.05 sec   127 KBytes   997 Kbits/sec                  
[  5] 462.05-463.03 sec   259 KBytes  2.15 Mbits/sec                  
[  5] 463.03-464.00 sec   107 KBytes   906 Kbits/sec                  
[  5] 464.00-465.00 sec  0.00 Bytes  0.00 bits/sec                  
[  5] 465.00-466.00 sec   109 KBytes   894 Kbits/sec                  
[  5] 466.00-467.03 sec   515 KBytes  4.11 Mbits/sec                  
[  5] 467.03-468.00 sec   182 KBytes  1.53 Mbits/sec                  
[  5] 468.00-469.03 sec   153 KBytes  1.22 Mbits/sec                  
[  5] 469.03-470.02 sec   206 KBytes  1.72 Mbits/sec                  
[  5] 470.02-471.01 sec   174 KBytes  1.44 Mbits/sec                  
[  5] 471.01-472.01 sec   232 KBytes  1.90 Mbits/sec                  
[  5] 472.01-473.00 sec   147 KBytes  1.21 Mbits/sec                  
[  5] 473.00-474.00 sec   238 KBytes  1.95 Mbits/sec                  
[  5] 474.00-475.00 sec  0.00 Bytes  0.00 bits/sec                  
[  5] 475.00-476.00 sec  0.00 Bytes  0.00 bits/sec                  
[  5] 476.00-477.00 sec   178 KBytes  1.46 Mbits/sec                  
[  5] 477.00-478.01 sec   433 KBytes  3.53 Mbits/sec                  
[  5] 478.01-479.00 sec   120 KBytes   991 Kbits/sec                  
[  5] 479.00-480.00 sec   255 KBytes  2.08 Mbits/sec                  
[  5] 480.00-481.00 sec  86.3 KBytes   705 Kbits/sec                  
[  5] 481.00-482.00 sec   269 KBytes  2.20 Mbits/sec                  
[  5] 482.00-483.00 sec  52.3 KBytes   428 Kbits/sec                  
[  5] 483.00-484.00 sec   212 KBytes  1.74 Mbits/sec                  
[  5] 484.00-485.00 sec   188 KBytes  1.54 Mbits/sec                  
[  5] 485.00-486.00 sec   139 KBytes  1.14 Mbits/sec                  
[  5] 486.00-487.00 sec   274 KBytes  2.25 Mbits/sec                  
[  5] 487.00-488.00 sec  72.1 KBytes   592 Kbits/sec                  
[  5] 488.00-489.00 sec   212 KBytes  1.74 Mbits/sec                  
[  5] 489.00-490.01 sec  0.00 Bytes  0.00 bits/sec                  
[  5] 490.01-491.00 sec  0.00 Bytes  0.00 bits/sec                  
[  5] 491.00-492.00 sec   117 KBytes   960 Kbits/sec                  
[  5] 492.00-493.00 sec   221 KBytes  1.81 Mbits/sec                  
[  5] 493.00-494.00 sec   240 KBytes  1.96 Mbits/sec                  
[  5] 494.00-495.00 sec   349 KBytes  2.87 Mbits/sec                  
[  5] 495.00-496.04 sec   195 KBytes  1.53 Mbits/sec                  
[  5] 496.04-497.00 sec  72.1 KBytes   616 Kbits/sec                  
[  5] 497.00-498.00 sec   161 KBytes  1.32 Mbits/sec                  
[  5] 498.00-499.00 sec   133 KBytes  1.09 Mbits/sec                  
[  5] 499.00-500.02 sec   187 KBytes  1.50 Mbits/sec                  
[  5] 500.02-501.00 sec  96.2 KBytes   803 Kbits/sec                  
[  5] 501.00-502.00 sec   209 KBytes  1.71 Mbits/sec                  
[  5] 502.00-503.00 sec  91.9 KBytes   753 Kbits/sec                  
[  5] 503.00-504.00 sec   218 KBytes  1.78 Mbits/sec                  
[  5] 504.00-505.00 sec   242 KBytes  1.98 Mbits/sec                  
[  5] 505.00-506.00 sec   148 KBytes  1.22 Mbits/sec                  
[  5] 506.00-507.02 sec   136 KBytes  1.09 Mbits/sec                  
[  5] 507.02-508.00 sec  17.0 KBytes   141 Kbits/sec                  
[  5] 508.00-509.00 sec  0.00 Bytes  0.00 bits/sec                  
[  5] 509.00-510.03 sec   235 KBytes  1.87 Mbits/sec                  
[  5] 510.03-511.00 sec   257 KBytes  2.17 Mbits/sec                  
[  5] 511.00-512.00 sec   107 KBytes   880 Kbits/sec                  
[  5] 512.00-513.00 sec   120 KBytes   986 Kbits/sec                  
[  5] 513.00-514.00 sec   148 KBytes  1.21 Mbits/sec                  
[  5] 514.00-515.00 sec  0.00 Bytes  0.00 bits/sec                  
[  5] 515.00-516.00 sec   249 KBytes  2.04 Mbits/sec                  
[  5] 516.00-517.00 sec  0.00 Bytes  0.00 bits/sec                  
[  5] 517.00-518.00 sec   348 KBytes  2.85 Mbits/sec                  
[  5] 518.00-519.00 sec   177 KBytes  1.45 Mbits/sec                  
[  5] 519.00-520.00 sec   184 KBytes  1.51 Mbits/sec                  
[  5] 520.00-521.00 sec   137 KBytes  1.12 Mbits/sec                  
[  5] 521.00-522.00 sec   148 KBytes  1.21 Mbits/sec                  
[  5] 522.00-523.00 sec   148 KBytes  1.22 Mbits/sec                  
[  5] 523.00-524.00 sec   144 KBytes  1.18 Mbits/sec                  
[  5] 524.00-525.04 sec   171 KBytes  1.35 Mbits/sec                  
[  5] 525.04-526.00 sec   130 KBytes  1.11 Mbits/sec                  
[  5] 526.00-527.00 sec  94.7 KBytes   776 Kbits/sec                  
[  5] 527.00-528.00 sec   214 KBytes  1.75 Mbits/sec                  
[  5] 528.00-529.01 sec   168 KBytes  1.37 Mbits/sec                  
[  5] 529.01-530.05 sec   225 KBytes  1.76 Mbits/sec                  
[  5] 530.05-531.00 sec   205 KBytes  1.76 Mbits/sec                  
[  5] 531.00-532.00 sec   273 KBytes  2.24 Mbits/sec                  
[  5] 532.00-533.00 sec   199 KBytes  1.64 Mbits/sec                  
[  5] 533.00-534.00 sec   226 KBytes  1.85 Mbits/sec                  
[  5] 534.00-535.00 sec  0.00 Bytes  0.00 bits/sec                  
[  5] 535.00-536.00 sec  0.00 Bytes  0.00 bits/sec                  
[  5] 536.00-537.01 sec   201 KBytes  1.63 Mbits/sec                  
[  5] 537.01-538.00 sec   574 KBytes  4.74 Mbits/sec                  
[  5] 538.00-539.00 sec   639 KBytes  5.25 Mbits/sec                  
[  5] 539.00-540.00 sec   233 KBytes  1.91 Mbits/sec                  
[  5] 540.00-541.00 sec   417 KBytes  3.42 Mbits/sec                  
[  5] 541.00-542.00 sec   317 KBytes  2.60 Mbits/sec                  
[  5] 542.00-543.01 sec   444 KBytes  3.62 Mbits/sec                  
[  5] 543.01-544.01 sec  0.00 Bytes  0.00 bits/sec                  
[  5] 544.01-545.00 sec  0.00 Bytes  0.00 bits/sec                  
[  5] 545.00-546.03 sec   502 KBytes  4.02 Mbits/sec                  
[  5] 546.03-547.03 sec   843 KBytes  6.88 Mbits/sec                  
[  5] 547.03-548.00 sec   317 KBytes  2.67 Mbits/sec                  
[  5] 548.00-549.01 sec   352 KBytes  2.86 Mbits/sec                  
[  5] 549.01-550.00 sec   390 KBytes  3.23 Mbits/sec                  
[  5] 550.00-551.00 sec   328 KBytes  2.69 Mbits/sec                  
[  5] 551.00-552.00 sec   411 KBytes  3.37 Mbits/sec                  
[  5] 552.00-553.00 sec   481 KBytes  3.93 Mbits/sec                  
[  5] 553.00-554.00 sec   365 KBytes  2.99 Mbits/sec                  
[  5] 554.00-555.00 sec   402 KBytes  3.29 Mbits/sec                  
[  5] 555.00-556.01 sec   354 KBytes  2.89 Mbits/sec                  
[  5] 556.01-557.00 sec   361 KBytes  2.96 Mbits/sec                  
[  5] 557.00-558.01 sec   202 KBytes  1.64 Mbits/sec                  
[  5] 558.01-559.01 sec   218 KBytes  1.79 Mbits/sec                  
[  5] 559.01-559.29 sec  4.24 KBytes   124 Kbits/sec                  
- - - - - - - - - - - - - - - - - - - - - - - - -
[ ID] Interval           Transfer     Bandwidth
[  5]   0.00-559.29 sec  0.00 Bytes  0.00 bits/sec                  sender
[  5]   0.00-559.29 sec  75.6 MBytes  1.13 Mbits/sec                  receiver
