-----------------------------------------------------------
Server listening on 5204
-----------------------------------------------------------
Accepted connection from 10.0.0.1, port 40086
[  5] local 10.0.0.2 port 5204 connected to 10.0.0.1 port 46116
[ ID] Interval           Transfer     Bandwidth
[  5]   0.00-1.01   sec  0.00 Bytes  0.00 bits/sec                  
[  5]   1.01-2.00   sec  0.00 Bytes  0.00 bits/sec                  
[  5]   2.00-3.00   sec  14.1 KBytes   116 Kbits/sec                  
[  5]   3.00-4.01   sec  0.00 Bytes  0.00 bits/sec                  
[  5]   4.01-5.00   sec  28.3 KBytes   234 Kbits/sec                  
[  5]   5.00-6.00   sec  0.00 Bytes  0.00 bits/sec                  
[  5]   6.00-7.00   sec  42.4 KBytes   348 Kbits/sec                  
[  5]   7.00-8.00   sec  0.00 Bytes  0.00 bits/sec                  
[  5]   8.00-9.02   sec  56.6 KBytes   457 Kbits/sec                  
[  5]   9.02-10.01  sec  33.9 KBytes   281 Kbits/sec                  
[  5]  10.01-11.00  sec  45.2 KBytes   373 Kbits/sec                  
[  5]  11.00-12.00  sec  0.00 Bytes  0.00 bits/sec                  
[  5]  12.00-13.01  sec   115 KBytes   936 Kbits/sec                  
[  5]  13.01-14.00  sec  18.4 KBytes   152 Kbits/sec                  
[  5]  14.00-15.00  sec   132 KBytes  1.08 Mbits/sec                  
[  5]  15.00-16.00  sec  0.00 Bytes  0.00 bits/sec                  
[  5]  16.00-17.00  sec  11.3 KBytes  92.8 Kbits/sec                  
[  5]  17.00-18.01  sec  0.00 Bytes  0.00 bits/sec                  
[  5]  18.01-19.01  sec   151 KBytes  1.24 Mbits/sec                  
[  5]  19.01-20.00  sec  58.0 KBytes   477 Kbits/sec                  
[  5]  20.00-21.00  sec  2.83 KBytes  23.3 Kbits/sec                  
[  5]  21.00-22.00  sec   298 KBytes  2.44 Mbits/sec                  
[  5]  22.00-23.00  sec  12.7 KBytes   104 Kbits/sec                  
[  5]  23.00-24.00  sec   178 KBytes  1.46 Mbits/sec                  
[  5]  24.00-25.04  sec  0.00 Bytes  0.00 bits/sec                  
[  5]  25.04-26.00  sec   206 KBytes  1.76 Mbits/sec                  
[  5]  26.00-27.01  sec  8.48 KBytes  68.6 Kbits/sec                  
[  5]  27.01-28.00  sec   134 KBytes  1.11 Mbits/sec                  
[  5]  28.00-29.00  sec  90.5 KBytes   742 Kbits/sec                  
[  5]  29.00-30.00  sec  5.66 KBytes  46.3 Kbits/sec                  
[  5]  30.00-31.00  sec  25.5 KBytes   208 Kbits/sec                  
[  5]  31.00-32.00  sec  0.00 Bytes  0.00 bits/sec                  
[  5]  32.00-33.04  sec  0.00 Bytes  0.00 bits/sec                  
[  5]  33.04-34.00  sec  0.00 Bytes  0.00 bits/sec                  
[  5]  34.00-35.00  sec   502 KBytes  4.12 Mbits/sec                  
[  5]  35.00-36.00  sec  55.1 KBytes   451 Kbits/sec                  
[  5]  36.00-37.02  sec   197 KBytes  1.59 Mbits/sec                  
[  5]  37.02-38.01  sec   189 KBytes  1.55 Mbits/sec                  
[  5]  38.01-39.00  sec  58.0 KBytes   482 Kbits/sec                  
[  5]  39.00-40.00  sec   189 KBytes  1.55 Mbits/sec                  
[  5]  40.00-41.00  sec  46.7 KBytes   383 Kbits/sec                  
[  5]  41.00-42.00  sec   197 KBytes  1.61 Mbits/sec                  
[  5]  42.00-43.00  sec  53.7 KBytes   441 Kbits/sec                  
[  5]  43.00-44.03  sec   127 KBytes  1.01 Mbits/sec                  
[  5]  44.03-45.00  sec   139 KBytes  1.17 Mbits/sec                  
[  5]  45.00-46.00  sec  4.24 KBytes  34.6 Kbits/sec                  
[  5]  46.00-47.02  sec  0.00 Bytes  0.00 bits/sec                  
[  5]  47.02-48.00  sec  0.00 Bytes  0.00 bits/sec                  
[  5]  48.00-49.00  sec   325 KBytes  2.67 Mbits/sec                  
[  5]  49.00-50.00  sec  1.41 KBytes  11.5 Kbits/sec                  
[  5]  50.00-51.01  sec   286 KBytes  2.34 Mbits/sec                  
[  5]  51.01-52.00  sec   136 KBytes  1.12 Mbits/sec                  
[  5]  52.00-53.00  sec   191 KBytes  1.57 Mbits/sec                  
[  5]  53.00-54.00  sec  83.4 KBytes   683 Kbits/sec                  
[  5]  54.00-55.01  sec   223 KBytes  1.82 Mbits/sec                  
[  5]  55.01-56.01  sec  84.8 KBytes   690 Kbits/sec                  
[  5]  56.01-57.00  sec   157 KBytes  1.30 Mbits/sec                  
[  5]  57.00-58.02  sec   163 KBytes  1.31 Mbits/sec                  
[  5]  58.02-59.00  sec  55.1 KBytes   461 Kbits/sec                  
[  5]  59.00-60.00  sec   184 KBytes  1.51 Mbits/sec                  
[  5]  60.00-61.00  sec  0.00 Bytes  0.00 bits/sec                  
[  5]  61.00-62.00  sec   119 KBytes   972 Kbits/sec                  
[  5]  62.00-63.02  sec  0.00 Bytes  0.00 bits/sec                  
[  5]  63.02-64.01  sec   303 KBytes  2.50 Mbits/sec                  
[  5]  64.01-65.02  sec   141 KBytes  1.15 Mbits/sec                  
[  5]  65.02-66.03  sec   247 KBytes  2.00 Mbits/sec                  
[  5]  66.03-67.07  sec  38.2 KBytes   300 Kbits/sec                  
[  5]  67.07-68.01  sec   150 KBytes  1.31 Mbits/sec                  
[  5]  68.01-69.01  sec  56.6 KBytes   461 Kbits/sec                  
[  5]  69.01-70.00  sec   139 KBytes  1.14 Mbits/sec                  
[  5]  70.00-71.00  sec   116 KBytes   951 Kbits/sec                  
[  5]  71.00-72.00  sec   119 KBytes   972 Kbits/sec                  
[  5]  72.00-73.00  sec  97.6 KBytes   801 Kbits/sec                  
[  5]  73.00-74.00  sec   107 KBytes   880 Kbits/sec                  
[  5]  74.00-75.00  sec  43.8 KBytes   359 Kbits/sec                  
[  5]  75.00-76.00  sec  0.00 Bytes  0.00 bits/sec                  
[  5]  76.00-77.01  sec  0.00 Bytes  0.00 bits/sec                  
[  5]  77.01-78.00  sec   266 KBytes  2.20 Mbits/sec                  
[  5]  78.00-79.00  sec  0.00 Bytes  0.00 bits/sec                  
[  5]  79.00-80.00  sec   214 KBytes  1.75 Mbits/sec                  
[  5]  80.00-81.00  sec   146 KBytes  1.19 Mbits/sec                  
[  5]  81.00-82.00  sec  35.4 KBytes   290 Kbits/sec                  
[  5]  82.00-83.00  sec   105 KBytes   858 Kbits/sec                  
[  5]  83.00-84.00  sec  28.3 KBytes   231 Kbits/sec                  
[  5]  84.00-85.00  sec  80.6 KBytes   662 Kbits/sec                  
[  5]  85.00-86.02  sec  0.00 Bytes  0.00 bits/sec                  
[  5]  86.02-87.00  sec  0.00 Bytes  0.00 bits/sec                  
[  5]  87.00-88.01  sec  59.4 KBytes   485 Kbits/sec                  
[  5]  88.01-89.02  sec  35.4 KBytes   286 Kbits/sec                  
[  5]  89.02-90.03  sec   184 KBytes  1.49 Mbits/sec                  
[  5]  90.03-91.02  sec  19.8 KBytes   163 Kbits/sec                  
[  5]  91.02-92.00  sec   102 KBytes   853 Kbits/sec                  
[  5]  92.00-93.00  sec  96.2 KBytes   787 Kbits/sec                  
[  5]  93.00-94.00  sec  56.6 KBytes   463 Kbits/sec                  
[  5]  94.00-95.05  sec  67.9 KBytes   531 Kbits/sec                  
[  5]  95.05-96.04  sec  65.0 KBytes   538 Kbits/sec                  
[  5]  96.04-97.02  sec  19.8 KBytes   166 Kbits/sec                  
[  5]  97.02-98.00  sec   124 KBytes  1.04 Mbits/sec                  
[  5]  98.00-99.00  sec  11.3 KBytes  92.8 Kbits/sec                  
[  5]  99.00-100.00 sec   122 KBytes   995 Kbits/sec                  
[  5] 100.00-101.00 sec  0.00 Bytes  0.00 bits/sec                  
[  5] 101.00-102.01 sec  0.00 Bytes  0.00 bits/sec                  
[  5] 102.01-103.00 sec  74.9 KBytes   618 Kbits/sec                  
[  5] 103.00-104.00 sec  0.00 Bytes  0.00 bits/sec                  
[  5] 104.00-105.00 sec   218 KBytes  1.78 Mbits/sec                  
[  5] 105.00-106.18 sec   164 KBytes  1.14 Mbits/sec                  
[  5] 106.18-107.05 sec  86.3 KBytes   817 Kbits/sec                  
[  5] 107.05-108.00 sec  79.2 KBytes   681 Kbits/sec                  
[  5] 108.00-109.00 sec   107 KBytes   880 Kbits/sec                  
[  5] 109.00-110.00 sec  29.7 KBytes   244 Kbits/sec                  
[  5] 110.00-111.01 sec  84.8 KBytes   689 Kbits/sec                  
[  5] 111.01-112.00 sec  65.0 KBytes   536 Kbits/sec                  
[  5] 112.00-113.00 sec  72.1 KBytes   592 Kbits/sec                  
[  5] 113.00-114.00 sec  80.6 KBytes   661 Kbits/sec                  
[  5] 114.00-115.00 sec  4.24 KBytes  34.7 Kbits/sec                  
[  5] 115.00-116.00 sec   107 KBytes   882 Kbits/sec                  
[  5] 116.00-117.00 sec  0.00 Bytes  0.00 bits/sec                  
[  5] 117.00-118.04 sec  0.00 Bytes  0.00 bits/sec                  
[  5] 118.04-119.02 sec  38.2 KBytes   320 Kbits/sec                  
[  5] 119.02-120.00 sec  0.00 Bytes  0.00 bits/sec                  
[  5] 120.00-121.00 sec   290 KBytes  2.38 Mbits/sec                  
[  5] 121.00-122.02 sec  15.6 KBytes   125 Kbits/sec                  
[  5] 122.02-123.02 sec  58.0 KBytes   475 Kbits/sec                  
[  5] 123.02-124.00 sec  0.00 Bytes  0.00 bits/sec                  
[  5] 124.00-125.00 sec   130 KBytes  1.07 Mbits/sec                  
[  5] 125.00-126.02 sec  12.7 KBytes   103 Kbits/sec                  
[  5] 126.02-127.00 sec  86.3 KBytes   716 Kbits/sec                  
[  5] 127.00-128.00 sec  15.6 KBytes   128 Kbits/sec                  
[  5] 128.00-129.00 sec  83.4 KBytes   684 Kbits/sec                  
[  5] 129.00-130.00 sec  26.9 KBytes   220 Kbits/sec                  
[  5] 130.00-131.02 sec  79.2 KBytes   637 Kbits/sec                  
[  5] 131.02-132.04 sec  28.3 KBytes   227 Kbits/sec                  
[  5] 132.04-133.00 sec  70.7 KBytes   603 Kbits/sec                  
[  5] 133.00-134.01 sec  5.66 KBytes  46.1 Kbits/sec                  
[  5] 134.01-135.00 sec  0.00 Bytes  0.00 bits/sec                  
[  5] 135.00-136.00 sec  0.00 Bytes  0.00 bits/sec                  
[  5] 136.00-137.00 sec  0.00 Bytes  0.00 bits/sec                  
[  5] 137.00-138.00 sec   192 KBytes  1.58 Mbits/sec                  
[  5] 138.00-139.00 sec   168 KBytes  1.38 Mbits/sec                  
[  5] 139.00-140.00 sec  43.8 KBytes   358 Kbits/sec                  
[  5] 140.00-141.00 sec  50.9 KBytes   418 Kbits/sec                  
[  5] 141.00-142.01 sec  36.8 KBytes   300 Kbits/sec                  
[  5] 142.01-143.00 sec  28.3 KBytes   232 Kbits/sec                  
[  5] 143.00-144.00 sec  0.00 Bytes  0.00 bits/sec                  
[  5] 144.00-145.00 sec  0.00 Bytes  0.00 bits/sec                  
[  5] 145.00-146.00 sec   130 KBytes  1.07 Mbits/sec                  
[  5] 146.00-147.00 sec  12.7 KBytes   104 Kbits/sec                  
[  5] 147.00-148.00 sec  56.6 KBytes   464 Kbits/sec                  
[  5] 148.00-149.02 sec  18.4 KBytes   148 Kbits/sec                  
[  5] 149.02-150.01 sec  66.5 KBytes   552 Kbits/sec                  
[  5] 150.01-151.01 sec  14.1 KBytes   115 Kbits/sec                  
[  5] 151.01-152.02 sec  66.5 KBytes   536 Kbits/sec                  
[  5] 152.02-153.01 sec  4.24 KBytes  35.3 Kbits/sec                  
[  5] 153.01-154.00 sec  0.00 Bytes  0.00 bits/sec                  
[  5] 154.00-155.01 sec  0.00 Bytes  0.00 bits/sec                  
[  5] 155.01-156.00 sec   168 KBytes  1.40 Mbits/sec                  
[  5] 156.00-157.00 sec  18.4 KBytes   150 Kbits/sec                  
[  5] 157.00-158.00 sec  86.3 KBytes   706 Kbits/sec                  
[  5] 158.00-159.00 sec  11.3 KBytes  92.6 Kbits/sec                  
[  5] 159.00-160.00 sec  84.8 KBytes   698 Kbits/sec                  
[  5] 160.00-161.00 sec  18.4 KBytes   151 Kbits/sec                  
[  5] 161.00-162.06 sec  91.9 KBytes   711 Kbits/sec                  
[  5] 162.06-163.00 sec  19.8 KBytes   172 Kbits/sec                  
[  5] 163.00-164.00 sec  96.2 KBytes   785 Kbits/sec                  
[  5] 164.00-165.00 sec  31.1 KBytes   255 Kbits/sec                  
[  5] 165.00-166.00 sec   136 KBytes  1.11 Mbits/sec                  
[  5] 166.00-167.00 sec  43.8 KBytes   358 Kbits/sec                  
[  5] 167.00-168.04 sec   140 KBytes  1.11 Mbits/sec                  
[  5] 168.04-169.00 sec  77.8 KBytes   662 Kbits/sec                  
[  5] 169.00-170.03 sec  0.00 Bytes  0.00 bits/sec                  
[  5] 170.03-171.00 sec  0.00 Bytes  0.00 bits/sec                  
[  5] 171.00-172.00 sec  35.4 KBytes   289 Kbits/sec                  
[  5] 172.00-173.00 sec   479 KBytes  3.94 Mbits/sec                  
[  5] 173.00-174.00 sec  46.7 KBytes   382 Kbits/sec                  
[  5] 174.00-175.00 sec   174 KBytes  1.43 Mbits/sec                  
[  5] 175.00-176.00 sec  89.1 KBytes   730 Kbits/sec                  
[  5] 176.00-177.00 sec   212 KBytes  1.74 Mbits/sec                  
[  5] 177.00-178.00 sec  90.5 KBytes   741 Kbits/sec                  
[  5] 178.00-179.02 sec   182 KBytes  1.47 Mbits/sec                  
[  5] 179.02-180.00 sec   148 KBytes  1.24 Mbits/sec                  
[  5] 180.00-181.00 sec   140 KBytes  1.14 Mbits/sec                  
[  5] 181.00-182.02 sec  9.90 KBytes  79.4 Kbits/sec                  
[  5] 182.02-183.01 sec  0.00 Bytes  0.00 bits/sec                  
[  5] 183.01-184.00 sec   134 KBytes  1.11 Mbits/sec                  
[  5] 184.00-185.02 sec  62.2 KBytes   498 Kbits/sec                  
[  5] 185.02-186.02 sec  0.00 Bytes  0.00 bits/sec                  
[  5] 186.02-187.04 sec   536 KBytes  4.32 Mbits/sec                  
[  5] 187.04-188.02 sec   163 KBytes  1.36 Mbits/sec                  
[  5] 188.02-189.05 sec   209 KBytes  1.67 Mbits/sec                  
[  5] 189.05-190.00 sec   100 KBytes   863 Kbits/sec                  
[  5] 190.00-191.01 sec   178 KBytes  1.45 Mbits/sec                  
[  5] 191.01-192.00 sec   160 KBytes  1.31 Mbits/sec                  
[  5] 192.00-193.03 sec   187 KBytes  1.49 Mbits/sec                  
[  5] 193.03-194.00 sec   147 KBytes  1.24 Mbits/sec                  
[  5] 194.00-195.00 sec   156 KBytes  1.27 Mbits/sec                  
[  5] 195.00-196.00 sec   177 KBytes  1.45 Mbits/sec                  
[  5] 196.00-197.00 sec  35.4 KBytes   289 Kbits/sec                  
[  5] 197.00-198.00 sec  0.00 Bytes  0.00 bits/sec                  
[  5] 198.00-199.00 sec  18.4 KBytes   151 Kbits/sec                  
[  5] 199.00-200.03 sec   366 KBytes  2.92 Mbits/sec                  
[  5] 200.03-201.00 sec   208 KBytes  1.75 Mbits/sec                  
[  5] 201.00-202.00 sec   175 KBytes  1.44 Mbits/sec                  
[  5] 202.00-203.00 sec  94.7 KBytes   776 Kbits/sec                  
[  5] 203.00-204.00 sec   148 KBytes  1.22 Mbits/sec                  
[  5] 204.00-205.00 sec  2.83 KBytes  23.2 Kbits/sec                  
[  5] 205.00-206.00 sec  0.00 Bytes  0.00 bits/sec                  
[  5] 206.00-207.00 sec   386 KBytes  3.17 Mbits/sec                  
[  5] 207.00-208.00 sec   154 KBytes  1.26 Mbits/sec                  
[  5] 208.00-209.00 sec   132 KBytes  1.08 Mbits/sec                  
[  5] 209.00-210.00 sec   174 KBytes  1.42 Mbits/sec                  
[  5] 210.00-211.00 sec   109 KBytes   894 Kbits/sec                  
[  5] 211.00-212.00 sec   171 KBytes  1.40 Mbits/sec                  
[  5] 212.00-213.00 sec   139 KBytes  1.14 Mbits/sec                  
[  5] 213.00-214.00 sec   171 KBytes  1.40 Mbits/sec                  
[  5] 214.00-215.01 sec   122 KBytes   990 Kbits/sec                  
[  5] 215.01-216.00 sec   188 KBytes  1.55 Mbits/sec                  
[  5] 216.00-217.00 sec   133 KBytes  1.09 Mbits/sec                  
[  5] 217.00-218.00 sec   130 KBytes  1.07 Mbits/sec                  
[  5] 218.00-219.00 sec  72.1 KBytes   590 Kbits/sec                  
[  5] 219.00-220.00 sec  0.00 Bytes  0.00 bits/sec                  
[  5] 220.00-221.00 sec  0.00 Bytes  0.00 bits/sec                  
[  5] 221.00-222.00 sec  0.00 Bytes  0.00 bits/sec                  
[  5] 222.00-223.00 sec   151 KBytes  1.24 Mbits/sec                  
[  5] 223.00-224.00 sec   598 KBytes  4.90 Mbits/sec                  
[  5] 224.00-225.00 sec   148 KBytes  1.21 Mbits/sec                  
[  5] 225.00-226.00 sec  35.4 KBytes   290 Kbits/sec                  
[  5] 226.00-227.00 sec  0.00 Bytes  0.00 bits/sec                  
[  5] 227.00-228.00 sec   426 KBytes  3.48 Mbits/sec                  
[  5] 228.00-229.00 sec   110 KBytes   905 Kbits/sec                  
[  5] 229.00-230.00 sec   144 KBytes  1.19 Mbits/sec                  
[  5] 230.00-231.00 sec   129 KBytes  1.05 Mbits/sec                  
[  5] 231.00-232.00 sec   130 KBytes  1.06 Mbits/sec                  
[  5] 232.00-233.00 sec   150 KBytes  1.23 Mbits/sec                  
[  5] 233.00-234.00 sec   107 KBytes   878 Kbits/sec                  
[  5] 234.00-235.03 sec   146 KBytes  1.17 Mbits/sec                  
[  5] 235.03-236.00 sec   163 KBytes  1.37 Mbits/sec                  
[  5] 236.00-237.00 sec  76.4 KBytes   626 Kbits/sec                  
[  5] 237.00-238.00 sec   127 KBytes  1.04 Mbits/sec                  
[  5] 238.00-239.00 sec  0.00 Bytes  0.00 bits/sec                  
[  5] 239.00-240.04 sec  0.00 Bytes  0.00 bits/sec                  
[  5] 240.04-241.00 sec  19.8 KBytes   169 Kbits/sec                  
[  5] 241.00-242.00 sec  0.00 Bytes  0.00 bits/sec                  
[  5] 242.00-243.00 sec  0.00 Bytes  0.00 bits/sec                  
[  5] 243.00-244.01 sec  0.00 Bytes  0.00 bits/sec                  
[  5] 244.01-245.00 sec  0.00 Bytes  0.00 bits/sec                  
[  5] 245.00-246.00 sec   735 KBytes  6.03 Mbits/sec                  
[  5] 246.00-247.00 sec   116 KBytes   951 Kbits/sec                  
[  5] 247.00-248.00 sec   291 KBytes  2.39 Mbits/sec                  
[  5] 248.00-249.00 sec  83.4 KBytes   682 Kbits/sec                  
[  5] 249.00-250.00 sec   117 KBytes   964 Kbits/sec                  
[  5] 250.00-251.03 sec   106 KBytes   845 Kbits/sec                  
[  5] 251.03-252.03 sec   124 KBytes  1.02 Mbits/sec                  
[  5] 252.03-253.00 sec  94.7 KBytes   794 Kbits/sec                  
[  5] 253.00-254.00 sec   127 KBytes  1.04 Mbits/sec                  
[  5] 254.00-255.00 sec  99.0 KBytes   811 Kbits/sec                  
[  5] 255.00-256.04 sec   103 KBytes   813 Kbits/sec                  
[  5] 256.04-257.01 sec  53.7 KBytes   456 Kbits/sec                  
[  5] 257.01-258.01 sec   189 KBytes  1.54 Mbits/sec                  
[  5] 258.01-259.00 sec  96.2 KBytes   798 Kbits/sec                  
[  5] 259.00-260.00 sec   112 KBytes   914 Kbits/sec                  
[  5] 260.00-261.00 sec  12.7 KBytes   104 Kbits/sec                  
[  5] 261.00-262.03 sec  0.00 Bytes  0.00 bits/sec                  
[  5] 262.03-263.00 sec   106 KBytes   900 Kbits/sec                  
[  5] 263.00-264.00 sec   455 KBytes  3.72 Mbits/sec                  
[  5] 264.00-265.00 sec  0.00 Bytes  0.00 bits/sec                  
[  5] 265.00-266.00 sec   385 KBytes  3.15 Mbits/sec                  
[  5] 266.00-267.00 sec   122 KBytes   994 Kbits/sec                  
[  5] 267.00-268.01 sec   221 KBytes  1.80 Mbits/sec                  
[  5] 268.01-269.00 sec   177 KBytes  1.45 Mbits/sec                  
[  5] 269.00-270.01 sec   253 KBytes  2.07 Mbits/sec                  
[  5] 270.01-271.00 sec   173 KBytes  1.42 Mbits/sec                  
[  5] 271.00-272.04 sec   174 KBytes  1.37 Mbits/sec                  
[  5] 272.04-273.00 sec   180 KBytes  1.53 Mbits/sec                  
[  5] 273.00-274.00 sec  97.6 KBytes   799 Kbits/sec                  
[  5] 274.00-275.00 sec   206 KBytes  1.69 Mbits/sec                  
[  5] 275.00-276.00 sec  93.3 KBytes   763 Kbits/sec                  
[  5] 276.00-277.04 sec   205 KBytes  1.62 Mbits/sec                  
[  5] 277.04-278.00 sec  94.7 KBytes   805 Kbits/sec                  
[  5] 278.00-279.00 sec  0.00 Bytes  0.00 bits/sec                  
[  5] 279.00-280.00 sec  0.00 Bytes  0.00 bits/sec                  
[  5] 280.00-281.02 sec  53.7 KBytes   432 Kbits/sec                  
[  5] 281.02-282.04 sec  0.00 Bytes  0.00 bits/sec                  
[  5] 282.04-283.00 sec  0.00 Bytes  0.00 bits/sec                  
[  5] 283.00-284.00 sec   250 KBytes  2.05 Mbits/sec                  
[  5] 284.00-285.01 sec  0.00 Bytes  0.00 bits/sec                  
[  5] 285.01-286.00 sec   860 KBytes  7.07 Mbits/sec                  
[  5] 286.00-287.00 sec   170 KBytes  1.39 Mbits/sec                  
[  5] 287.00-288.00 sec   178 KBytes  1.46 Mbits/sec                  
[  5] 288.00-289.00 sec   160 KBytes  1.31 Mbits/sec                  
[  5] 289.00-290.00 sec  74.9 KBytes   613 Kbits/sec                  
[  5] 290.00-291.00 sec   164 KBytes  1.34 Mbits/sec                  
[  5] 291.00-292.00 sec  86.3 KBytes   708 Kbits/sec                  
[  5] 292.00-293.00 sec   161 KBytes  1.32 Mbits/sec                  
[  5] 293.00-294.00 sec  97.6 KBytes   796 Kbits/sec                  
[  5] 294.00-295.00 sec   170 KBytes  1.40 Mbits/sec                  
[  5] 295.00-296.00 sec  96.2 KBytes   787 Kbits/sec                  
[  5] 296.00-297.03 sec  90.5 KBytes   723 Kbits/sec                  
[  5] 297.03-298.00 sec  0.00 Bytes  0.00 bits/sec                  
[  5] 298.00-299.00 sec  0.00 Bytes  0.00 bits/sec                  
[  5] 299.00-300.01 sec  0.00 Bytes  0.00 bits/sec                  
[  5] 300.01-301.01 sec  0.00 Bytes  0.00 bits/sec                  
[  5] 301.01-302.00 sec   600 KBytes  4.92 Mbits/sec                  
[  5] 302.00-303.03 sec  91.9 KBytes   735 Kbits/sec                  
[  5] 303.03-304.01 sec   137 KBytes  1.15 Mbits/sec                  
[  5] 304.01-305.00 sec   189 KBytes  1.56 Mbits/sec                  
[  5] 305.00-306.00 sec   132 KBytes  1.07 Mbits/sec                  
[  5] 306.00-307.01 sec   197 KBytes  1.61 Mbits/sec                  
[  5] 307.01-308.06 sec   119 KBytes   919 Kbits/sec                  
[  5] 308.06-309.02 sec   242 KBytes  2.07 Mbits/sec                  
[  5] 309.02-310.00 sec  80.6 KBytes   673 Kbits/sec                  
[  5] 310.00-311.00 sec   205 KBytes  1.68 Mbits/sec                  
[  5] 311.00-312.00 sec   127 KBytes  1.04 Mbits/sec                  
[  5] 312.00-313.00 sec  12.7 KBytes   104 Kbits/sec                  
[  5] 313.00-314.00 sec  0.00 Bytes  0.00 bits/sec                  
[  5] 314.00-315.00 sec  45.2 KBytes   371 Kbits/sec                  
[  5] 315.00-316.00 sec   462 KBytes  3.78 Mbits/sec                  
[  5] 316.00-317.00 sec  50.9 KBytes   418 Kbits/sec                  
[  5] 317.00-318.01 sec   201 KBytes  1.64 Mbits/sec                  
[  5] 318.01-319.00 sec  80.6 KBytes   663 Kbits/sec                  
[  5] 319.00-320.00 sec   243 KBytes  2.00 Mbits/sec                  
[  5] 320.00-321.00 sec  79.2 KBytes   647 Kbits/sec                  
[  5] 321.00-322.03 sec  0.00 Bytes  0.00 bits/sec                  
[  5] 322.03-323.00 sec  0.00 Bytes  0.00 bits/sec                  
[  5] 323.00-324.00 sec   221 KBytes  1.81 Mbits/sec                  
[  5] 324.00-325.01 sec   141 KBytes  1.15 Mbits/sec                  
[  5] 325.01-326.02 sec   372 KBytes  3.01 Mbits/sec                  
[  5] 326.02-327.00 sec  89.1 KBytes   743 Kbits/sec                  
[  5] 327.00-328.00 sec   173 KBytes  1.42 Mbits/sec                  
[  5] 328.00-329.03 sec   107 KBytes   852 Kbits/sec                  
[  5] 329.03-330.00 sec   173 KBytes  1.46 Mbits/sec                  
[  5] 330.00-331.00 sec  73.5 KBytes   603 Kbits/sec                  
[  5] 331.00-332.03 sec  0.00 Bytes  0.00 bits/sec                  
[  5] 332.03-333.00 sec   311 KBytes  2.62 Mbits/sec                  
[  5] 333.00-334.00 sec   141 KBytes  1.16 Mbits/sec                  
[  5] 334.00-335.00 sec  73.5 KBytes   602 Kbits/sec                  
[  5] 335.00-336.01 sec   205 KBytes  1.67 Mbits/sec                  
[  5] 336.01-337.00 sec   112 KBytes   920 Kbits/sec                  
[  5] 337.00-338.03 sec   171 KBytes  1.36 Mbits/sec                  
[  5] 338.03-339.00 sec  74.9 KBytes   630 Kbits/sec                  
[  5] 339.00-340.00 sec   182 KBytes  1.50 Mbits/sec                  
[  5] 340.00-341.00 sec  74.9 KBytes   614 Kbits/sec                  
[  5] 341.00-342.00 sec   180 KBytes  1.47 Mbits/sec                  
[  5] 342.00-343.00 sec  58.0 KBytes   476 Kbits/sec                  
[  5] 343.00-344.00 sec   239 KBytes  1.96 Mbits/sec                  
[  5] 344.00-345.00 sec  56.6 KBytes   462 Kbits/sec                  
[  5] 345.00-346.00 sec  0.00 Bytes  0.00 bits/sec                  
[  5] 346.00-347.02 sec  0.00 Bytes  0.00 bits/sec                  
[  5] 347.02-348.00 sec   151 KBytes  1.27 Mbits/sec                  
[  5] 348.00-349.00 sec  0.00 Bytes  0.00 bits/sec                  
[  5] 349.00-350.00 sec   420 KBytes  3.45 Mbits/sec                  
[  5] 350.00-351.00 sec   204 KBytes  1.67 Mbits/sec                  
[  5] 351.00-352.00 sec  0.00 Bytes  0.00 bits/sec                  
[  5] 352.00-353.00 sec   170 KBytes  1.39 Mbits/sec                  
[  5] 353.00-354.00 sec   300 KBytes  2.46 Mbits/sec                  
[  5] 354.00-355.02 sec  97.6 KBytes   786 Kbits/sec                  
[  5] 355.02-356.00 sec   140 KBytes  1.17 Mbits/sec                  
[  5] 356.00-357.00 sec  93.3 KBytes   763 Kbits/sec                  
[  5] 357.00-358.00 sec   205 KBytes  1.69 Mbits/sec                  
[  5] 358.00-359.02 sec   116 KBytes   929 Kbits/sec                  
[  5] 359.02-360.00 sec   163 KBytes  1.36 Mbits/sec                  
[  5] 360.00-361.00 sec   139 KBytes  1.14 Mbits/sec                  
[  5] 361.00-362.00 sec   122 KBytes   997 Kbits/sec                  
[  5] 362.00-363.00 sec   158 KBytes  1.29 Mbits/sec                  
[  5] 363.00-364.00 sec   134 KBytes  1.10 Mbits/sec                  
[  5] 364.00-365.00 sec   148 KBytes  1.22 Mbits/sec                  
[  5] 365.00-366.01 sec   157 KBytes  1.28 Mbits/sec                  
[  5] 366.01-367.01 sec  0.00 Bytes  0.00 bits/sec                  
[  5] 367.01-368.05 sec  0.00 Bytes  0.00 bits/sec                  
[  5] 368.05-369.03 sec   249 KBytes  2.07 Mbits/sec                  
[  5] 369.03-370.00 sec   180 KBytes  1.52 Mbits/sec                  
[  5] 370.00-371.00 sec   129 KBytes  1.06 Mbits/sec                  
[  5] 371.00-372.02 sec   262 KBytes  2.11 Mbits/sec                  
[  5] 372.02-373.02 sec  0.00 Bytes  0.00 bits/sec                  
[  5] 373.02-374.06 sec   216 KBytes  1.71 Mbits/sec                  
[  5] 374.06-375.00 sec   280 KBytes  2.43 Mbits/sec                  
[  5] 375.00-376.00 sec   146 KBytes  1.19 Mbits/sec                  
[  5] 376.00-377.00 sec   239 KBytes  1.95 Mbits/sec                  
[  5] 377.00-378.00 sec   184 KBytes  1.51 Mbits/sec                  
[  5] 378.00-379.00 sec   151 KBytes  1.24 Mbits/sec                  
[  5] 379.00-380.03 sec   225 KBytes  1.79 Mbits/sec                  
[  5] 380.03-381.00 sec  49.5 KBytes   417 Kbits/sec                  
[  5] 381.00-382.00 sec   228 KBytes  1.87 Mbits/sec                  
[  5] 382.00-383.01 sec   133 KBytes  1.08 Mbits/sec                  
[  5] 383.01-384.00 sec   201 KBytes  1.66 Mbits/sec                  
[  5] 384.00-385.00 sec   184 KBytes  1.51 Mbits/sec                  
[  5] 385.00-386.03 sec   151 KBytes  1.21 Mbits/sec                  
[  5] 386.03-387.00 sec  93.3 KBytes   785 Kbits/sec                  
[  5] 387.00-388.09 sec  7.07 KBytes  53.0 Kbits/sec                  
[  5] 388.09-389.00 sec  0.00 Bytes  0.00 bits/sec                  
[  5] 389.00-390.02 sec  8.48 KBytes  68.1 Kbits/sec                  
[  5] 390.02-391.00 sec  0.00 Bytes  0.00 bits/sec                  
[  5] 391.00-392.01 sec  0.00 Bytes  0.00 bits/sec                  
[  5] 392.01-393.05 sec   600 KBytes  4.70 Mbits/sec                  
[  5] 393.05-394.00 sec  0.00 Bytes  0.00 bits/sec                  
[  5] 394.00-395.00 sec  0.00 Bytes  0.00 bits/sec                  
[  5] 395.00-396.00 sec   645 KBytes  5.29 Mbits/sec                  
[  5] 396.00-397.04 sec   249 KBytes  1.96 Mbits/sec                  
[  5] 397.04-398.00 sec   148 KBytes  1.26 Mbits/sec                  
[  5] 398.00-399.00 sec   171 KBytes  1.40 Mbits/sec                  
[  5] 399.00-400.00 sec  73.5 KBytes   601 Kbits/sec                  
[  5] 400.00-401.00 sec   140 KBytes  1.15 Mbits/sec                  
[  5] 401.00-402.00 sec  63.6 KBytes   520 Kbits/sec                  
[  5] 402.00-403.00 sec   139 KBytes  1.13 Mbits/sec                  
[  5] 403.00-404.00 sec  25.5 KBytes   209 Kbits/sec                  
[  5] 404.00-405.00 sec   147 KBytes  1.20 Mbits/sec                  
[  5] 405.00-406.06 sec  72.1 KBytes   558 Kbits/sec                  
[  5] 406.06-407.00 sec  41.0 KBytes   357 Kbits/sec                  
[  5] 407.00-408.01 sec  31.1 KBytes   253 Kbits/sec                  
[  5] 408.01-409.00 sec   137 KBytes  1.13 Mbits/sec                  
[  5] 409.00-410.06 sec  77.8 KBytes   604 Kbits/sec                  
[  5] 410.06-411.04 sec   187 KBytes  1.55 Mbits/sec                  
[  5] 411.04-412.00 sec  46.7 KBytes   399 Kbits/sec                  
[  5] 412.00-413.00 sec  0.00 Bytes  0.00 bits/sec                  
[  5] 413.00-414.00 sec  58.0 KBytes   475 Kbits/sec                  
[  5] 414.00-415.01 sec   163 KBytes  1.32 Mbits/sec                  
[  5] 415.01-416.00 sec   147 KBytes  1.21 Mbits/sec                  
[  5] 416.00-417.00 sec   115 KBytes   940 Kbits/sec                  
[  5] 417.00-418.00 sec   117 KBytes   962 Kbits/sec                  
[  5] 418.00-419.00 sec  49.5 KBytes   405 Kbits/sec                  
[  5] 419.00-420.02 sec  0.00 Bytes  0.00 bits/sec                  
[  5] 420.02-421.00 sec   288 KBytes  2.39 Mbits/sec                  
[  5] 421.00-422.00 sec   352 KBytes  2.90 Mbits/sec                  
[  5] 422.00-423.00 sec   174 KBytes  1.42 Mbits/sec                  
[  5] 423.00-424.00 sec   107 KBytes   880 Kbits/sec                  
[  5] 424.00-425.00 sec   117 KBytes   961 Kbits/sec                  
[  5] 425.00-426.00 sec  50.9 KBytes   417 Kbits/sec                  
[  5] 426.00-427.00 sec   106 KBytes   869 Kbits/sec                  
[  5] 427.00-428.00 sec  0.00 Bytes  0.00 bits/sec                  
[  5] 428.00-429.01 sec  0.00 Bytes  0.00 bits/sec                  
[  5] 429.01-430.00 sec  24.0 KBytes   198 Kbits/sec                  
[  5] 430.00-431.04 sec   264 KBytes  2.08 Mbits/sec                  
[  5] 431.04-432.00 sec  31.1 KBytes   266 Kbits/sec                  
[  5] 432.00-433.00 sec  56.6 KBytes   464 Kbits/sec                  
[  5] 433.00-434.00 sec  69.3 KBytes   567 Kbits/sec                  
[  5] 434.00-435.00 sec  24.0 KBytes   197 Kbits/sec                  
[  5] 435.00-436.00 sec   139 KBytes  1.14 Mbits/sec                  
[  5] 436.00-437.00 sec  1.41 KBytes  11.5 Kbits/sec                  
[  5] 437.00-438.00 sec   144 KBytes  1.18 Mbits/sec                  
[  5] 438.00-439.02 sec  11.3 KBytes  91.2 Kbits/sec                  
[  5] 439.02-440.00 sec   139 KBytes  1.15 Mbits/sec                  
[  5] 440.00-441.00 sec  45.2 KBytes   371 Kbits/sec                  
[  5] 441.00-442.00 sec   182 KBytes  1.49 Mbits/sec                  
[  5] 442.00-443.05 sec  82.0 KBytes   639 Kbits/sec                  
[  5] 443.05-444.00 sec   140 KBytes  1.21 Mbits/sec                  
[  5] 444.00-445.00 sec   173 KBytes  1.41 Mbits/sec                  
[  5] 445.00-446.00 sec  0.00 Bytes  0.00 bits/sec                  
[  5] 446.00-447.01 sec  0.00 Bytes  0.00 bits/sec                  
[  5] 447.01-448.00 sec   260 KBytes  2.14 Mbits/sec                  
[  5] 448.00-449.00 sec   535 KBytes  4.39 Mbits/sec                  
[  5] 449.00-450.00 sec   257 KBytes  2.11 Mbits/sec                  
[  5] 450.00-451.00 sec   257 KBytes  2.10 Mbits/sec                  
[  5] 451.00-452.00 sec   139 KBytes  1.14 Mbits/sec                  
[  5] 452.00-453.00 sec   185 KBytes  1.52 Mbits/sec                  
[  5] 453.00-454.01 sec   264 KBytes  2.15 Mbits/sec                  
[  5] 454.01-455.00 sec  25.5 KBytes   209 Kbits/sec                  
[  5] 455.00-456.00 sec  2.83 KBytes  23.3 Kbits/sec                  
[  5] 456.00-457.01 sec  0.00 Bytes  0.00 bits/sec                  
[  5] 457.01-458.00 sec  0.00 Bytes  0.00 bits/sec                  
[  5] 458.00-459.01 sec  0.00 Bytes  0.00 bits/sec                  
[  5] 459.01-460.00 sec  0.00 Bytes  0.00 bits/sec                  
[  5] 460.00-461.01 sec   943 KBytes  7.69 Mbits/sec                  
[  5] 461.01-462.00 sec  52.3 KBytes   431 Kbits/sec                  
[  5] 462.00-463.00 sec   228 KBytes  1.87 Mbits/sec                  
[  5] 463.00-464.00 sec   130 KBytes  1.06 Mbits/sec                  
[  5] 464.00-465.00 sec  8.48 KBytes  69.7 Kbits/sec                  
[  5] 465.00-466.01 sec  0.00 Bytes  0.00 bits/sec                  
[  5] 466.01-467.00 sec   171 KBytes  1.41 Mbits/sec                  
[  5] 467.00-468.00 sec   441 KBytes  3.62 Mbits/sec                  
[  5] 468.00-469.00 sec   126 KBytes  1.03 Mbits/sec                  
[  5] 469.00-470.00 sec   164 KBytes  1.34 Mbits/sec                  
[  5] 470.00-471.00 sec   123 KBytes  1.01 Mbits/sec                  
[  5] 471.00-472.01 sec   194 KBytes  1.57 Mbits/sec                  
[  5] 472.01-473.00 sec   124 KBytes  1.03 Mbits/sec                  
[  5] 473.00-474.00 sec   189 KBytes  1.55 Mbits/sec                  
[  5] 474.00-475.00 sec  0.00 Bytes  0.00 bits/sec                  
[  5] 475.00-476.00 sec  0.00 Bytes  0.00 bits/sec                  
[  5] 476.00-477.01 sec   119 KBytes   967 Kbits/sec                  
[  5] 477.01-478.00 sec   362 KBytes  2.99 Mbits/sec                  
[  5] 478.00-479.01 sec  76.4 KBytes   621 Kbits/sec                  
[  5] 479.01-480.00 sec   212 KBytes  1.75 Mbits/sec                  
[  5] 480.00-481.01 sec  69.3 KBytes   565 Kbits/sec                  
[  5] 481.01-482.00 sec   223 KBytes  1.84 Mbits/sec                  
[  5] 482.00-483.00 sec  39.6 KBytes   325 Kbits/sec                  
[  5] 483.00-484.01 sec   150 KBytes  1.22 Mbits/sec                  
[  5] 484.01-485.00 sec   171 KBytes  1.41 Mbits/sec                  
[  5] 485.00-486.00 sec   113 KBytes   928 Kbits/sec                  
[  5] 486.00-487.00 sec   223 KBytes  1.83 Mbits/sec                  
[  5] 487.00-488.01 sec  18.4 KBytes   150 Kbits/sec                  
[  5] 488.01-489.00 sec   170 KBytes  1.40 Mbits/sec                  
[  5] 489.00-490.02 sec  0.00 Bytes  0.00 bits/sec                  
[  5] 490.02-491.01 sec  0.00 Bytes  0.00 bits/sec                  
[  5] 491.01-492.00 sec   137 KBytes  1.13 Mbits/sec                  
[  5] 492.00-493.01 sec   195 KBytes  1.59 Mbits/sec                  
[  5] 493.01-494.00 sec   390 KBytes  3.22 Mbits/sec                  
[  5] 494.00-495.00 sec  70.7 KBytes   579 Kbits/sec                  
[  5] 495.00-496.00 sec   150 KBytes  1.23 Mbits/sec                  
[  5] 496.00-497.00 sec   127 KBytes  1.04 Mbits/sec                  
[  5] 497.00-498.00 sec   222 KBytes  1.82 Mbits/sec                  
[  5] 498.00-499.00 sec   205 KBytes  1.68 Mbits/sec                  
[  5] 499.00-500.00 sec   279 KBytes  2.27 Mbits/sec                  
[  5] 500.00-501.00 sec   120 KBytes   988 Kbits/sec                  
[  5] 501.00-502.00 sec   304 KBytes  2.48 Mbits/sec                  
[  5] 502.00-503.00 sec   154 KBytes  1.27 Mbits/sec                  
[  5] 503.00-504.00 sec   269 KBytes  2.19 Mbits/sec                  
[  5] 504.00-505.00 sec   332 KBytes  2.72 Mbits/sec                  
[  5] 505.00-506.01 sec   266 KBytes  2.17 Mbits/sec                  
[  5] 506.01-507.02 sec   129 KBytes  1.04 Mbits/sec                  
[  5] 507.02-508.01 sec  45.2 KBytes   378 Kbits/sec                  
[  5] 508.01-509.01 sec  0.00 Bytes  0.00 bits/sec                  
[  5] 509.01-510.00 sec   402 KBytes  3.31 Mbits/sec                  
[  5] 510.00-511.00 sec  96.2 KBytes   788 Kbits/sec                  
[  5] 511.00-512.00 sec   380 KBytes  3.12 Mbits/sec                  
[  5] 512.00-513.00 sec   144 KBytes  1.18 Mbits/sec                  
[  5] 513.00-514.01 sec  26.9 KBytes   218 Kbits/sec                  
[  5] 514.01-515.00 sec  0.00 Bytes  0.00 bits/sec                  
[  5] 515.00-516.01 sec   216 KBytes  1.76 Mbits/sec                  
[  5] 516.01-517.01 sec   260 KBytes  2.14 Mbits/sec                  
[  5] 517.01-518.00 sec   450 KBytes  3.70 Mbits/sec                  
[  5] 518.00-519.00 sec   143 KBytes  1.17 Mbits/sec                  
[  5] 519.00-520.00 sec   185 KBytes  1.52 Mbits/sec                  
[  5] 520.00-521.00 sec   115 KBytes   937 Kbits/sec                  
[  5] 521.00-522.00 sec   151 KBytes  1.24 Mbits/sec                  
[  5] 522.00-523.00 sec   133 KBytes  1.09 Mbits/sec                  
[  5] 523.00-524.00 sec   141 KBytes  1.16 Mbits/sec                  
[  5] 524.00-525.01 sec   156 KBytes  1.27 Mbits/sec                  
[  5] 525.01-526.00 sec   124 KBytes  1.03 Mbits/sec                  
[  5] 526.00-527.00 sec  84.8 KBytes   692 Kbits/sec                  
[  5] 527.00-528.01 sec   208 KBytes  1.70 Mbits/sec                  
[  5] 528.01-529.01 sec   156 KBytes  1.27 Mbits/sec                  
[  5] 529.01-530.06 sec   212 KBytes  1.66 Mbits/sec                  
[  5] 530.06-531.00 sec   199 KBytes  1.73 Mbits/sec                  
[  5] 531.00-532.01 sec   272 KBytes  2.21 Mbits/sec                  
[  5] 532.01-533.00 sec   161 KBytes  1.33 Mbits/sec                  
[  5] 533.00-534.01 sec   153 KBytes  1.24 Mbits/sec                  
[  5] 534.01-535.00 sec  0.00 Bytes  0.00 bits/sec                  
[  5] 535.00-536.01 sec  0.00 Bytes  0.00 bits/sec                  
[  5] 536.01-537.00 sec  0.00 Bytes  0.00 bits/sec                  
[  5] 537.00-538.00 sec  0.00 Bytes  0.00 bits/sec                  
[  5] 538.00-539.00 sec  1.31 MBytes  11.0 Mbits/sec                  
[  5] 539.00-540.00 sec   337 KBytes  2.76 Mbits/sec                  
[  5] 540.00-541.00 sec   195 KBytes  1.59 Mbits/sec                  
[  5] 541.00-542.00 sec   253 KBytes  2.08 Mbits/sec                  
[  5] 542.00-543.00 sec   158 KBytes  1.30 Mbits/sec                  
[  5] 543.00-544.02 sec  0.00 Bytes  0.00 bits/sec                  
[  5] 544.02-545.00 sec  0.00 Bytes  0.00 bits/sec                  
[  5] 545.00-546.03 sec   308 KBytes  2.45 Mbits/sec                  
[  5] 546.03-547.04 sec   428 KBytes  3.50 Mbits/sec                  
[  5] 547.04-548.01 sec   185 KBytes  1.57 Mbits/sec                  
[  5] 548.01-549.00 sec   214 KBytes  1.76 Mbits/sec                  
[  5] 549.00-550.00 sec   197 KBytes  1.61 Mbits/sec                  
[  5] 550.00-551.00 sec   218 KBytes  1.78 Mbits/sec                  
[  5] 551.00-552.00 sec   225 KBytes  1.84 Mbits/sec                  
[  5] 552.00-553.00 sec   252 KBytes  2.06 Mbits/sec                  
[  5] 553.00-554.01 sec   181 KBytes  1.48 Mbits/sec                  
[  5] 554.01-555.00 sec   212 KBytes  1.75 Mbits/sec                  
[  5] 555.00-556.01 sec   228 KBytes  1.85 Mbits/sec                  
[  5] 556.01-557.00 sec   184 KBytes  1.51 Mbits/sec                  
[  5] 557.00-558.01 sec   161 KBytes  1.31 Mbits/sec                  
[  5] 558.01-559.02 sec   158 KBytes  1.29 Mbits/sec                  
[  5] 559.02-560.00 sec   154 KBytes  1.28 Mbits/sec                  
[  5] 560.00-561.01 sec  69.3 KBytes   565 Kbits/sec                  
[  5] 561.01-562.01 sec  0.00 Bytes  0.00 bits/sec                  
[  5] 562.01-563.01 sec   820 KBytes  6.71 Mbits/sec                  
[  5] 563.01-564.00 sec   264 KBytes  2.18 Mbits/sec                  
[  5] 564.00-565.00 sec   321 KBytes  2.63 Mbits/sec                  
[  5] 565.00-566.00 sec   209 KBytes  1.71 Mbits/sec                  
[  5] 566.00-567.00 sec   452 KBytes  3.70 Mbits/sec                  
[  5] 567.00-568.00 sec   194 KBytes  1.59 Mbits/sec                  
[  5] 568.00-569.02 sec   358 KBytes  2.89 Mbits/sec                  
[  5] 569.02-570.00 sec   106 KBytes   882 Kbits/sec                  
[  5] 570.00-571.00 sec   365 KBytes  2.99 Mbits/sec                  
[  5] 571.00-572.00 sec  0.00 Bytes  0.00 bits/sec                  
[  5] 572.00-573.00 sec  0.00 Bytes  0.00 bits/sec                  
[  5] 573.00-574.00 sec   790 KBytes  6.48 Mbits/sec                  
[  5] 574.00-575.00 sec   322 KBytes  2.64 Mbits/sec                  
[  5] 575.00-576.01 sec   147 KBytes  1.20 Mbits/sec                  
[  5] 576.01-577.01 sec   341 KBytes  2.78 Mbits/sec                  
[  5] 577.01-578.00 sec   160 KBytes  1.32 Mbits/sec                  
[  5] 578.00-579.00 sec  83.4 KBytes   682 Kbits/sec                  
[  5] 579.00-580.01 sec  0.00 Bytes  0.00 bits/sec                  
[  5] 580.01-581.00 sec  90.5 KBytes   748 Kbits/sec                  
[  5] 581.00-582.00 sec   690 KBytes  5.67 Mbits/sec                  
[  5] 582.00-583.00 sec   160 KBytes  1.31 Mbits/sec                  
[  5] 583.00-584.00 sec   255 KBytes  2.08 Mbits/sec                  
[  5] 584.00-585.00 sec   322 KBytes  2.64 Mbits/sec                  
[  5] 585.00-586.00 sec   102 KBytes   834 Kbits/sec                  
[  5] 586.00-587.00 sec   290 KBytes  2.38 Mbits/sec                  
[  5] 587.00-588.01 sec   148 KBytes  1.21 Mbits/sec                  
[  5] 588.01-589.00 sec   181 KBytes  1.50 Mbits/sec                  
[  5] 589.00-590.01 sec   112 KBytes   909 Kbits/sec                  
[  5] 590.01-591.00 sec  0.00 Bytes  0.00 bits/sec                  
[  5] 591.00-592.00 sec   551 KBytes  4.53 Mbits/sec                  
[  5] 592.00-593.00 sec   100 KBytes   823 Kbits/sec                  
[  5] 593.00-594.01 sec   246 KBytes  2.00 Mbits/sec                  
[  5] 594.01-595.00 sec   113 KBytes   931 Kbits/sec                  
[  5] 595.00-596.00 sec   260 KBytes  2.14 Mbits/sec                  
[  5] 596.00-597.00 sec  49.5 KBytes   405 Kbits/sec                  
[  5] 597.00-598.00 sec  0.00 Bytes  0.00 bits/sec                  
[  5] 598.00-599.02 sec  0.00 Bytes  0.00 bits/sec                  
[  5] 599.02-600.01 sec   329 KBytes  2.74 Mbits/sec                  
[  5] 600.01-601.00 sec   321 KBytes  2.64 Mbits/sec                  
[  5] 601.00-602.00 sec   273 KBytes  2.23 Mbits/sec                  
[  5] 602.00-603.00 sec  97.6 KBytes   800 Kbits/sec                  
[  5] 603.00-604.00 sec   267 KBytes  2.19 Mbits/sec                  
[  5] 604.00-605.00 sec  19.8 KBytes   162 Kbits/sec                  
[  5] 605.00-606.00 sec   308 KBytes  2.52 Mbits/sec                  
[  5] 606.00-607.00 sec  55.1 KBytes   450 Kbits/sec                  
[  5] 607.00-608.00 sec   163 KBytes  1.34 Mbits/sec                  
[  5] 608.00-609.01 sec  0.00 Bytes  0.00 bits/sec                  
[  5] 609.01-610.00 sec   194 KBytes  1.60 Mbits/sec                  
[  5] 610.00-611.00 sec  58.0 KBytes   474 Kbits/sec                  
[  5] 611.00-612.00 sec   478 KBytes  3.92 Mbits/sec                  
[  5] 612.00-613.00 sec   154 KBytes  1.26 Mbits/sec                  
[  5] 613.00-614.00 sec   157 KBytes  1.28 Mbits/sec                  
[  5] 614.00-615.01 sec   194 KBytes  1.58 Mbits/sec                  
[  5] 615.01-616.00 sec   154 KBytes  1.27 Mbits/sec                  
[  5] 616.00-617.00 sec   252 KBytes  2.06 Mbits/sec                  
[  5] 617.00-618.01 sec   110 KBytes   900 Kbits/sec                  
[  5] 618.01-619.00 sec  9.90 KBytes  81.4 Kbits/sec                  
[  5] 619.00-620.01 sec  0.00 Bytes  0.00 bits/sec                  
[  5] 620.01-621.00 sec   427 KBytes  3.52 Mbits/sec                  
[  5] 621.00-622.00 sec   177 KBytes  1.45 Mbits/sec                  
[  5] 622.00-623.02 sec   225 KBytes  1.80 Mbits/sec                  
[  5] 623.02-624.02 sec   100 KBytes   823 Kbits/sec                  
[  5] 624.02-625.00 sec   211 KBytes  1.77 Mbits/sec                  
[  5] 625.00-626.00 sec  73.5 KBytes   602 Kbits/sec                  
[  5] 626.00-627.00 sec   252 KBytes  2.06 Mbits/sec                  
[  5] 627.00-628.00 sec  59.4 KBytes   487 Kbits/sec                  
[  5] 628.00-629.00 sec   284 KBytes  2.33 Mbits/sec                  
[  5] 629.00-630.00 sec  66.5 KBytes   545 Kbits/sec                  
[  5] 630.00-631.00 sec   280 KBytes  2.29 Mbits/sec                  
[  5] 631.00-632.00 sec  63.6 KBytes   521 Kbits/sec                  
[  5] 632.00-633.00 sec   329 KBytes  2.70 Mbits/sec                  
[  5] 633.00-634.01 sec  42.4 KBytes   346 Kbits/sec                  
[  5] 634.01-635.00 sec   201 KBytes  1.65 Mbits/sec                  
[  5] 635.00-636.00 sec  0.00 Bytes  0.00 bits/sec                  
[  5] 636.00-637.00 sec  0.00 Bytes  0.00 bits/sec                  
[  5] 637.00-638.00 sec   235 KBytes  1.92 Mbits/sec                  
[  5] 638.00-639.00 sec   535 KBytes  4.38 Mbits/sec                  
[  5] 639.00-640.00 sec   195 KBytes  1.60 Mbits/sec                  
[  5] 640.00-641.00 sec   100 KBytes   824 Kbits/sec                  
[  5] 641.00-642.02 sec  97.6 KBytes   784 Kbits/sec                  
[  5] 642.02-643.00 sec  0.00 Bytes  0.00 bits/sec                  
[  5] 643.00-644.00 sec   597 KBytes  4.90 Mbits/sec                  
[  5] 644.00-645.00 sec   180 KBytes  1.47 Mbits/sec                  
[  5] 645.00-646.08 sec   236 KBytes  1.80 Mbits/sec                  
[  5] 646.08-647.00 sec   146 KBytes  1.29 Mbits/sec                  
[  5] 647.00-648.00 sec   307 KBytes  2.52 Mbits/sec                  
[  5] 648.00-649.01 sec   194 KBytes  1.58 Mbits/sec                  
[  5] 649.01-650.00 sec   185 KBytes  1.52 Mbits/sec                  
[  5] 650.00-651.00 sec   205 KBytes  1.68 Mbits/sec                  
[  5] 651.00-652.00 sec   294 KBytes  2.41 Mbits/sec                  
[  5] 652.00-653.00 sec   208 KBytes  1.70 Mbits/sec                  
[  5] 653.00-654.01 sec   238 KBytes  1.94 Mbits/sec                  
[  5] 654.01-655.00 sec   208 KBytes  1.71 Mbits/sec                  
[  5] 655.00-656.00 sec   232 KBytes  1.89 Mbits/sec                  
[  5] 656.00-657.00 sec   132 KBytes  1.08 Mbits/sec                  
[  5] 657.00-658.00 sec  67.9 KBytes   556 Kbits/sec                  
[  5] 658.00-659.00 sec  0.00 Bytes  0.00 bits/sec                  
[  5] 659.00-660.01 sec   194 KBytes  1.58 Mbits/sec                  
[  5] 660.01-661.00 sec   318 KBytes  2.62 Mbits/sec                  
[  5] 661.00-662.00 sec   472 KBytes  3.87 Mbits/sec                  
[  5] 662.00-663.00 sec   308 KBytes  2.53 Mbits/sec                  
[  5] 663.00-664.09 sec   129 KBytes   965 Kbits/sec                  
[  5] 664.09-665.02 sec   320 KBytes  2.83 Mbits/sec                  
[  5] 665.02-666.00 sec   187 KBytes  1.55 Mbits/sec                  
[  5] 666.00-667.02 sec   458 KBytes  3.71 Mbits/sec                  
[  5] 667.02-668.00 sec   280 KBytes  2.33 Mbits/sec                  
[  5] 668.00-669.00 sec   410 KBytes  3.35 Mbits/sec                  
[  5] 669.00-670.06 sec   252 KBytes  1.96 Mbits/sec                  
[  5] 670.06-671.00 sec   438 KBytes  3.81 Mbits/sec                  
[  5] 671.00-672.02 sec   147 KBytes  1.18 Mbits/sec                  
[  5] 672.02-673.00 sec   530 KBytes  4.43 Mbits/sec                  
[  5] 673.00-674.00 sec  62.2 KBytes   510 Kbits/sec                  
[  5] 674.00-675.00 sec  89.1 KBytes   730 Kbits/sec                  
[  5] 675.00-676.00 sec  0.00 Bytes  0.00 bits/sec                  
[  5] 676.00-677.00 sec   399 KBytes  3.27 Mbits/sec                  
[  5] 677.00-678.01 sec   617 KBytes  5.00 Mbits/sec                  
[  5] 678.01-679.00 sec   310 KBytes  2.56 Mbits/sec                  
[  5] 679.00-680.00 sec   225 KBytes  1.83 Mbits/sec                  
[  5] 680.00-681.00 sec   290 KBytes  2.38 Mbits/sec                  
[  5] 681.00-682.02 sec   199 KBytes  1.61 Mbits/sec                  
[  5] 682.02-683.00 sec  0.00 Bytes  0.00 bits/sec                  
[  5] 683.00-684.00 sec  0.00 Bytes  0.00 bits/sec                  
[  5] 684.00-685.00 sec   105 KBytes   860 Kbits/sec                  
[  5] 685.00-686.00 sec  0.00 Bytes  0.00 bits/sec                  
[  5] 686.00-687.00 sec  1.06 MBytes  8.92 Mbits/sec                  
[  5] 687.00-688.00 sec   380 KBytes  3.12 Mbits/sec                  
[  5] 688.00-689.00 sec   320 KBytes  2.61 Mbits/sec                  
[  5] 689.00-689.39 sec   105 KBytes  2.21 Mbits/sec                  
- - - - - - - - - - - - - - - - - - - - - - - - -
[ ID] Interval           Transfer     Bandwidth
[  5]   0.00-689.39 sec  0.00 Bytes  0.00 bits/sec                  sender
[  5]   0.00-689.39 sec  95.9 MBytes  1.17 Mbits/sec                  receiver
