Connecting to host 10.0.0.2, port 5205
[  4] local 10.0.0.1 port 46118 connected to 10.0.0.2 port 5205
[ ID] Interval           Transfer     Bandwidth       Retr  Cwnd
[  4]   0.00-1.01   sec  82.0 KBytes   668 Kbits/sec    0   14.1 KBytes       
[  4]   1.01-2.00   sec  14.1 KBytes   116 Kbits/sec    0   28.3 KBytes       
[  4]   2.00-3.01   sec  35.4 KBytes   288 Kbits/sec    0   43.8 KBytes       
[  4]   3.01-4.01   sec  56.6 KBytes   463 Kbits/sec    0   43.8 KBytes       
[  4]   4.01-5.00   sec  50.9 KBytes   420 Kbits/sec    0   50.9 KBytes       
[  4]   5.00-6.00   sec  11.3 KBytes  92.6 Kbits/sec    0   55.1 KBytes       
[  4]   6.00-7.00   sec  0.00 Bytes  0.00 bits/sec    0   74.9 KBytes       
[  4]   7.00-8.00   sec   137 KBytes  1.13 Mbits/sec    0   74.9 KBytes       
[  4]   8.00-9.13   sec  1.41 KBytes  10.3 Kbits/sec    0   74.9 KBytes       
[  4]   9.13-10.09  sec  0.00 Bytes  0.00 bits/sec    0   74.9 KBytes       
[  4]  10.09-11.00  sec  1.41 KBytes  12.8 Kbits/sec    0   74.9 KBytes       
[  4]  11.00-12.00  sec  0.00 Bytes  0.00 bits/sec    0    112 KBytes       
[  4]  12.00-13.00  sec  74.9 KBytes   614 Kbits/sec    0    126 KBytes       
[  4]  13.00-14.00  sec  74.9 KBytes   615 Kbits/sec    0    126 KBytes       
[  4]  14.00-15.41  sec  0.00 Bytes  0.00 bits/sec    0    126 KBytes       
[  4]  15.41-16.00  sec  74.9 KBytes  1.03 Mbits/sec    0    126 KBytes       
[  4]  16.00-17.00  sec  74.9 KBytes   615 Kbits/sec    0    126 KBytes       
[  4]  17.00-18.00  sec   216 KBytes  1.77 Mbits/sec    0    188 KBytes       
[  4]  18.00-19.00  sec  74.9 KBytes   615 Kbits/sec    0    215 KBytes       
[  4]  19.00-20.00  sec   150 KBytes  1.23 Mbits/sec    0    215 KBytes       
[  4]  20.00-21.00  sec  77.8 KBytes   637 Kbits/sec    0    215 KBytes       
[  4]  21.00-22.00  sec   150 KBytes  1.23 Mbits/sec    0    215 KBytes       
[  4]  22.00-23.00  sec  74.9 KBytes   614 Kbits/sec    0    215 KBytes       
[  4]  23.00-24.01  sec  74.9 KBytes   611 Kbits/sec    0    215 KBytes       
[  4]  24.01-25.01  sec   150 KBytes  1.22 Mbits/sec    0    215 KBytes       
[  4]  25.01-26.00  sec  77.8 KBytes   641 Kbits/sec    0    215 KBytes       
[  4]  26.00-27.00  sec  74.9 KBytes   615 Kbits/sec    0    215 KBytes       
[  4]  27.00-28.01  sec  86.3 KBytes   700 Kbits/sec    0    215 KBytes       
[  4]  28.01-29.01  sec  74.9 KBytes   615 Kbits/sec    0    215 KBytes       
[  4]  29.01-30.00  sec  74.9 KBytes   618 Kbits/sec    0    215 KBytes       
[  4]  30.00-31.00  sec   150 KBytes  1.23 Mbits/sec    0    215 KBytes       
[  4]  31.00-32.00  sec  74.9 KBytes   612 Kbits/sec    0    215 KBytes       
[  4]  32.00-33.01  sec   170 KBytes  1.39 Mbits/sec    0    215 KBytes       
[  4]  33.01-34.00  sec  74.9 KBytes   616 Kbits/sec    0    215 KBytes       
[  4]  34.00-35.00  sec  74.9 KBytes   615 Kbits/sec    0    215 KBytes       
[  4]  35.00-36.01  sec  74.9 KBytes   609 Kbits/sec    0    215 KBytes       
[  4]  36.01-37.00  sec   150 KBytes  1.24 Mbits/sec    0    215 KBytes       
[  4]  37.00-38.00  sec  74.9 KBytes   614 Kbits/sec    0    215 KBytes       
[  4]  38.00-39.09  sec   214 KBytes  1.60 Mbits/sec    0    215 KBytes       
[  4]  39.09-40.00  sec  74.9 KBytes   677 Kbits/sec    0    215 KBytes       
[  4]  40.00-41.03  sec  74.9 KBytes   596 Kbits/sec    0    215 KBytes       
[  4]  41.03-42.00  sec   150 KBytes  1.26 Mbits/sec    0    215 KBytes       
[  4]  42.00-43.01  sec  77.8 KBytes   633 Kbits/sec    0    215 KBytes       
[  4]  43.01-44.18  sec  74.9 KBytes   525 Kbits/sec    0    215 KBytes       
[  4]  44.18-45.00  sec  0.00 Bytes  0.00 bits/sec    0    215 KBytes       
[  4]  45.00-46.05  sec  74.9 KBytes   588 Kbits/sec    1    215 KBytes       
[  4]  46.05-47.00  sec  0.00 Bytes  0.00 bits/sec    0    215 KBytes       
[  4]  47.00-48.00  sec  74.9 KBytes   612 Kbits/sec    0    215 KBytes       
[  4]  48.00-49.00  sec  74.9 KBytes   616 Kbits/sec    0    215 KBytes       
[  4]  49.00-50.03  sec   150 KBytes  1.19 Mbits/sec    0    215 KBytes       
[  4]  50.03-51.01  sec  74.9 KBytes   627 Kbits/sec    0    215 KBytes       
[  4]  51.01-52.03  sec  74.9 KBytes   600 Kbits/sec    0    215 KBytes       
[  4]  52.03-53.00  sec   167 KBytes  1.41 Mbits/sec    0    215 KBytes       
[  4]  53.00-54.00  sec  74.9 KBytes   614 Kbits/sec    0    215 KBytes       
[  4]  54.00-55.03  sec  74.9 KBytes   595 Kbits/sec    0    215 KBytes       
[  4]  55.03-56.00  sec   209 KBytes  1.77 Mbits/sec    0    215 KBytes       
[  4]  56.00-57.00  sec  74.9 KBytes   615 Kbits/sec    0    215 KBytes       
[  4]  57.00-58.00  sec  83.4 KBytes   684 Kbits/sec    0    215 KBytes       
[  4]  58.00-59.00  sec   150 KBytes  1.23 Mbits/sec    0    215 KBytes       
[  4]  59.00-60.00  sec  74.9 KBytes   612 Kbits/sec    0    215 KBytes       
[  4]  60.00-61.00  sec  74.9 KBytes   615 Kbits/sec    0    215 KBytes       
[  4]  61.00-62.00  sec   150 KBytes  1.23 Mbits/sec    0    215 KBytes       
[  4]  62.00-63.00  sec  77.8 KBytes   636 Kbits/sec    0    215 KBytes       
[  4]  63.00-64.00  sec  74.9 KBytes   614 Kbits/sec    0    215 KBytes       
[  4]  64.00-65.00  sec   158 KBytes  1.30 Mbits/sec    0    215 KBytes       
[  4]  65.00-66.03  sec  74.9 KBytes   600 Kbits/sec    0    215 KBytes       
[  4]  66.03-67.00  sec  74.9 KBytes   628 Kbits/sec    0    215 KBytes       
[  4]  67.00-68.01  sec   150 KBytes  1.22 Mbits/sec    0    215 KBytes       
[  4]  68.01-69.00  sec  74.9 KBytes   617 Kbits/sec    0    215 KBytes       
[  4]  69.00-70.00  sec  74.9 KBytes   614 Kbits/sec    0    215 KBytes       
[  4]  70.00-71.00  sec   153 KBytes  1.25 Mbits/sec    0    215 KBytes       
[  4]  71.00-72.01  sec  74.9 KBytes   611 Kbits/sec    0    215 KBytes       
[  4]  72.01-73.00  sec   150 KBytes  1.24 Mbits/sec    0    215 KBytes       
[  4]  73.00-74.01  sec  77.8 KBytes   632 Kbits/sec    0    215 KBytes       
[  4]  74.01-75.00  sec   153 KBytes  1.26 Mbits/sec    0    215 KBytes       
[  4]  75.00-76.00  sec  74.9 KBytes   614 Kbits/sec    0    215 KBytes       
[  4]  76.00-77.01  sec  74.9 KBytes   606 Kbits/sec    0    215 KBytes       
[  4]  77.01-78.00  sec  74.9 KBytes   622 Kbits/sec    0    215 KBytes       
[  4]  78.00-79.01  sec   150 KBytes  1.21 Mbits/sec    0    215 KBytes       
[  4]  79.01-80.01  sec  74.9 KBytes   614 Kbits/sec    0    215 KBytes       
[  4]  80.01-81.00  sec   150 KBytes  1.24 Mbits/sec    0    215 KBytes       
[  4]  81.00-82.00  sec   212 KBytes  1.74 Mbits/sec    0    215 KBytes       
[  4]  82.00-83.00  sec  74.9 KBytes   614 Kbits/sec    0    215 KBytes       
[  4]  83.00-84.00  sec  77.8 KBytes   637 Kbits/sec    0    215 KBytes       
[  4]  84.00-85.02  sec   156 KBytes  1.25 Mbits/sec    0    215 KBytes       
[  4]  85.02-86.03  sec  74.9 KBytes   608 Kbits/sec    0    215 KBytes       
[  4]  86.03-87.01  sec  74.9 KBytes   623 Kbits/sec    0    215 KBytes       
[  4]  87.01-88.00  sec   161 KBytes  1.34 Mbits/sec    0    215 KBytes       
[  4]  88.00-89.00  sec  74.9 KBytes   615 Kbits/sec    0    215 KBytes       
[  4]  89.00-90.01  sec   150 KBytes  1.22 Mbits/sec    0    215 KBytes       
[  4]  90.01-91.00  sec  74.9 KBytes   617 Kbits/sec    0    215 KBytes       
[  4]  91.00-92.00  sec   150 KBytes  1.23 Mbits/sec    0    215 KBytes       
[  4]  92.00-93.00  sec   150 KBytes  1.23 Mbits/sec    0    215 KBytes       
[  4]  93.00-94.00  sec  74.9 KBytes   615 Kbits/sec    0    215 KBytes       
[  4]  94.00-95.02  sec   158 KBytes  1.27 Mbits/sec    0    215 KBytes       
[  4]  95.02-96.01  sec  74.9 KBytes   621 Kbits/sec    0    215 KBytes       
[  4]  96.01-97.00  sec  74.9 KBytes   616 Kbits/sec    0    215 KBytes       
[  4]  97.00-98.00  sec  74.9 KBytes   615 Kbits/sec    0    215 KBytes       
[  4]  98.00-99.01  sec   150 KBytes  1.22 Mbits/sec    0    215 KBytes       
[  4]  99.01-100.00 sec  74.9 KBytes   620 Kbits/sec    0    215 KBytes       
[  4] 100.00-101.00 sec  74.9 KBytes   613 Kbits/sec    0    215 KBytes       
[  4] 101.00-102.00 sec   150 KBytes  1.23 Mbits/sec    0    215 KBytes       
[  4] 102.00-103.00 sec  74.9 KBytes   614 Kbits/sec    0    215 KBytes       
[  4] 103.00-104.00 sec   150 KBytes  1.23 Mbits/sec    0    215 KBytes       
[  4] 104.00-105.00 sec  74.9 KBytes   612 Kbits/sec    0    215 KBytes       
[  4] 105.00-106.00 sec   184 KBytes  1.51 Mbits/sec    0    215 KBytes       
[  4] 106.00-107.00 sec  74.9 KBytes   614 Kbits/sec    0    215 KBytes       
[  4] 107.00-108.02 sec  74.9 KBytes   601 Kbits/sec    0    215 KBytes       
[  4] 108.02-109.00 sec  74.9 KBytes   627 Kbits/sec    0    215 KBytes       
[  4] 109.00-110.00 sec   150 KBytes  1.23 Mbits/sec    0    215 KBytes       
[  4] 110.00-111.00 sec  74.9 KBytes   614 Kbits/sec    0    215 KBytes       
[  4] 111.00-112.00 sec  74.9 KBytes   613 Kbits/sec    0    215 KBytes       
[  4] 112.00-113.00 sec   150 KBytes  1.23 Mbits/sec    0    215 KBytes       
[  4] 113.00-114.01 sec   170 KBytes  1.38 Mbits/sec    0    215 KBytes       
[  4] 114.01-115.00 sec  74.9 KBytes   618 Kbits/sec    0    215 KBytes       
[  4] 115.00-116.01 sec  74.9 KBytes   606 Kbits/sec    0    215 KBytes       
[  4] 116.01-117.00 sec   150 KBytes  1.24 Mbits/sec    0    215 KBytes       
[  4] 117.00-118.00 sec  74.9 KBytes   614 Kbits/sec    0    215 KBytes       
[  4] 118.00-119.01 sec   150 KBytes  1.21 Mbits/sec    0    215 KBytes       
[  4] 119.01-120.00 sec  74.9 KBytes   622 Kbits/sec    0    215 KBytes       
[  4] 120.00-121.02 sec   150 KBytes  1.20 Mbits/sec    0    215 KBytes       
[  4] 121.02-122.00 sec  74.9 KBytes   626 Kbits/sec    1    215 KBytes       
[  4] 122.00-123.01 sec  74.9 KBytes   612 Kbits/sec    0    215 KBytes       
[  4] 123.01-124.00 sec  74.9 KBytes   617 Kbits/sec    0    215 KBytes       
[  4] 124.00-125.01 sec   150 KBytes  1.21 Mbits/sec    0    215 KBytes       
[  4] 125.01-126.00 sec  74.9 KBytes   621 Kbits/sec    0    215 KBytes       
[  4] 126.00-127.00 sec   161 KBytes  1.32 Mbits/sec    0    215 KBytes       
[  4] 127.00-128.00 sec  74.9 KBytes   613 Kbits/sec    0    215 KBytes       
[  4] 128.00-129.00 sec  74.9 KBytes   613 Kbits/sec    0    215 KBytes       
[  4] 129.00-130.01 sec   150 KBytes  1.22 Mbits/sec    0    215 KBytes       
[  4] 130.01-131.01 sec   150 KBytes  1.23 Mbits/sec    0    215 KBytes       
[  4] 131.01-132.03 sec  74.9 KBytes   601 Kbits/sec    0    215 KBytes       
[  4] 132.03-133.00 sec  74.9 KBytes   632 Kbits/sec    0    215 KBytes       
[  4] 133.00-134.00 sec   153 KBytes  1.25 Mbits/sec    0    215 KBytes       
[  4] 134.00-135.01 sec  74.9 KBytes   609 Kbits/sec    0    215 KBytes       
[  4] 135.01-136.01 sec   150 KBytes  1.23 Mbits/sec    0    215 KBytes       
[  4] 136.01-137.01 sec  74.9 KBytes   613 Kbits/sec    0    215 KBytes       
[  4] 137.01-138.00 sec   187 KBytes  1.54 Mbits/sec    0    215 KBytes       
[  4] 138.00-139.01 sec  77.8 KBytes   634 Kbits/sec    0    215 KBytes       
[  4] 139.01-140.00 sec  74.9 KBytes   617 Kbits/sec    0    215 KBytes       
[  4] 140.00-141.00 sec   150 KBytes  1.23 Mbits/sec    0    215 KBytes       
[  4] 141.00-142.00 sec  94.7 KBytes   776 Kbits/sec    1    215 KBytes       
[  4] 142.00-143.01 sec  74.9 KBytes   608 Kbits/sec    0    215 KBytes       
[  4] 143.01-144.00 sec   150 KBytes  1.24 Mbits/sec    0    215 KBytes       
[  4] 144.00-145.00 sec  74.9 KBytes   615 Kbits/sec    0    215 KBytes       
[  4] 145.00-146.00 sec   150 KBytes  1.23 Mbits/sec    0    215 KBytes       
[  4] 146.00-147.00 sec  74.9 KBytes   615 Kbits/sec    0    215 KBytes       
[  4] 147.00-148.02 sec  74.9 KBytes   600 Kbits/sec    0    215 KBytes       
[  4] 148.02-149.00 sec   158 KBytes  1.33 Mbits/sec    0    215 KBytes       
[  4] 149.00-150.00 sec  74.9 KBytes   614 Kbits/sec    0    215 KBytes       
[  4] 150.00-151.08 sec   150 KBytes  1.13 Mbits/sec    0    215 KBytes       
[  4] 151.08-152.03 sec  74.9 KBytes   648 Kbits/sec    0    215 KBytes       
[  4] 152.03-153.00 sec   150 KBytes  1.26 Mbits/sec    0    215 KBytes       
[  4] 153.00-154.01 sec  74.9 KBytes   611 Kbits/sec    0    215 KBytes       
[  4] 154.01-155.00 sec  74.9 KBytes   616 Kbits/sec    0    215 KBytes       
[  4] 155.00-156.00 sec   150 KBytes  1.23 Mbits/sec    0    215 KBytes       
[  4] 156.00-157.00 sec  74.9 KBytes   614 Kbits/sec    0    215 KBytes       
[  4] 157.00-158.00 sec  74.9 KBytes   613 Kbits/sec    0    215 KBytes       
[  4] 158.00-159.00 sec  74.9 KBytes   615 Kbits/sec    1    215 KBytes       
[  4] 159.00-160.00 sec   184 KBytes  1.51 Mbits/sec    0    215 KBytes       
[  4] 160.00-161.00 sec  77.8 KBytes   637 Kbits/sec    0    215 KBytes       
[  4] 161.00-162.00 sec  74.9 KBytes   614 Kbits/sec    0    215 KBytes       
[  4] 162.00-163.02 sec   150 KBytes  1.21 Mbits/sec    0    215 KBytes       
[  4] 163.02-164.01 sec   134 KBytes  1.11 Mbits/sec    0    215 KBytes       
[  4] 164.01-165.00 sec  74.9 KBytes   616 Kbits/sec    0    215 KBytes       
[  4] 165.00-166.00 sec   150 KBytes  1.23 Mbits/sec    0    215 KBytes       
[  4] 166.00-167.00 sec  74.9 KBytes   614 Kbits/sec    0    215 KBytes       
[  4] 167.00-168.01 sec   150 KBytes  1.22 Mbits/sec    0    215 KBytes       
[  4] 168.01-169.00 sec  74.9 KBytes   615 Kbits/sec    0    215 KBytes       
[  4] 169.00-170.00 sec   150 KBytes  1.23 Mbits/sec    0    215 KBytes       
[  4] 170.00-171.02 sec  74.9 KBytes   601 Kbits/sec    0    215 KBytes       
[  4] 171.02-172.00 sec  74.9 KBytes   628 Kbits/sec    1    215 KBytes       
[  4] 172.00-173.00 sec   150 KBytes  1.23 Mbits/sec    0    215 KBytes       
[  4] 173.00-174.00 sec  74.9 KBytes   612 Kbits/sec    0    215 KBytes       
[  4] 174.00-175.00 sec   150 KBytes  1.23 Mbits/sec    0    215 KBytes       
[  4] 175.00-176.00 sec  74.9 KBytes   614 Kbits/sec    0    215 KBytes       
[  4] 176.00-177.01 sec   150 KBytes  1.22 Mbits/sec    0    215 KBytes       
[  4] 177.01-178.00 sec  77.8 KBytes   644 Kbits/sec    0    215 KBytes       
[  4] 178.00-179.00 sec  74.9 KBytes   611 Kbits/sec    0    215 KBytes       
[  4] 179.00-180.00 sec   150 KBytes  1.23 Mbits/sec    0    215 KBytes       
[  4] 180.00-181.00 sec  74.9 KBytes   614 Kbits/sec    0    215 KBytes       
[  4] 181.00-182.01 sec  74.9 KBytes   608 Kbits/sec    0    215 KBytes       
[  4] 182.01-183.00 sec   150 KBytes  1.24 Mbits/sec    0    215 KBytes       
[  4] 183.00-184.01 sec   150 KBytes  1.22 Mbits/sec    0    215 KBytes       
[  4] 184.01-185.00 sec  74.9 KBytes   618 Kbits/sec    0    215 KBytes       
[  4] 185.00-186.01 sec  74.9 KBytes   612 Kbits/sec    0    215 KBytes       
[  4] 186.01-187.03 sec   150 KBytes  1.20 Mbits/sec    0    215 KBytes       
[  4] 187.03-188.02 sec  74.9 KBytes   620 Kbits/sec    0    215 KBytes       
[  4] 188.02-189.00 sec  74.9 KBytes   626 Kbits/sec    0    215 KBytes       
[  4] 189.00-190.00 sec   150 KBytes  1.23 Mbits/sec    0    215 KBytes       
[  4] 190.00-191.00 sec  74.9 KBytes   615 Kbits/sec    0    215 KBytes       
[  4] 191.00-192.00 sec   150 KBytes  1.22 Mbits/sec    0    215 KBytes       
[  4] 192.00-193.02 sec  74.9 KBytes   606 Kbits/sec    0    215 KBytes       
[  4] 193.02-194.00 sec  74.9 KBytes   623 Kbits/sec    0    215 KBytes       
[  4] 194.00-195.00 sec   150 KBytes  1.23 Mbits/sec    0    215 KBytes       
[  4] 195.00-196.00 sec  74.9 KBytes   614 Kbits/sec    0    215 KBytes       
[  4] 196.00-197.02 sec  74.9 KBytes   604 Kbits/sec    0    215 KBytes       
[  4] 197.02-198.00 sec   153 KBytes  1.27 Mbits/sec    0    215 KBytes       
[  4] 198.00-199.00 sec   150 KBytes  1.22 Mbits/sec    0    215 KBytes       
[  4] 199.00-200.01 sec  74.9 KBytes   609 Kbits/sec    0    215 KBytes       
[  4] 200.01-201.00 sec  74.9 KBytes   620 Kbits/sec    0    215 KBytes       
[  4] 201.00-202.00 sec   150 KBytes  1.23 Mbits/sec    0    215 KBytes       
[  4] 202.00-203.00 sec  74.9 KBytes   615 Kbits/sec    0    215 KBytes       
[  4] 203.00-204.02 sec  83.4 KBytes   673 Kbits/sec    0    215 KBytes       
[  4] 204.02-205.00 sec   153 KBytes  1.27 Mbits/sec    0    215 KBytes       
[  4] 205.00-206.00 sec  74.9 KBytes   614 Kbits/sec    0    215 KBytes       
[  4] 206.00-207.01 sec   184 KBytes  1.49 Mbits/sec    0    215 KBytes       
[  4] 207.01-208.00 sec  74.9 KBytes   620 Kbits/sec    0    215 KBytes       
[  4] 208.00-209.01 sec  74.9 KBytes   609 Kbits/sec    0    215 KBytes       
[  4] 209.01-210.00 sec   150 KBytes  1.24 Mbits/sec    0    215 KBytes       
[  4] 210.00-211.00 sec  74.9 KBytes   612 Kbits/sec    0    215 KBytes       
[  4] 211.00-212.01 sec   150 KBytes  1.22 Mbits/sec    0    215 KBytes       
[  4] 212.01-213.00 sec  74.9 KBytes   618 Kbits/sec    0    215 KBytes       
[  4] 213.00-214.00 sec   150 KBytes  1.23 Mbits/sec    0    215 KBytes       
[  4] 214.00-215.00 sec  74.9 KBytes   614 Kbits/sec    0    215 KBytes       
[  4] 215.00-216.00 sec  74.9 KBytes   614 Kbits/sec    0    215 KBytes       
[  4] 216.00-217.01 sec   212 KBytes  1.73 Mbits/sec    0    215 KBytes       
[  4] 217.01-218.00 sec  74.9 KBytes   617 Kbits/sec    0    215 KBytes       
[  4] 218.00-219.00 sec   150 KBytes  1.23 Mbits/sec    0    215 KBytes       
[  4] 219.00-220.00 sec  74.9 KBytes   613 Kbits/sec    0    215 KBytes       
[  4] 220.00-221.00 sec  77.8 KBytes   638 Kbits/sec    0    215 KBytes       
[  4] 221.00-222.00 sec  74.9 KBytes   612 Kbits/sec    0    215 KBytes       
[  4] 222.00-223.02 sec  74.9 KBytes   602 Kbits/sec    0    215 KBytes       
[  4] 223.02-224.00 sec   150 KBytes  1.26 Mbits/sec    0    215 KBytes       
[  4] 224.00-225.02 sec  74.9 KBytes   601 Kbits/sec    0    215 KBytes       
[  4] 225.02-226.01 sec   153 KBytes  1.27 Mbits/sec    0    215 KBytes       
[  4] 226.01-227.00 sec  74.9 KBytes   614 Kbits/sec    0    215 KBytes       
[  4] 227.00-228.00 sec  74.9 KBytes   614 Kbits/sec    0    215 KBytes       
[  4] 228.00-229.00 sec  74.9 KBytes   615 Kbits/sec    0    215 KBytes       
[  4] 229.00-230.03 sec   150 KBytes  1.20 Mbits/sec    0    215 KBytes       
[  4] 230.03-231.01 sec  74.9 KBytes   625 Kbits/sec    0    215 KBytes       
[  4] 231.01-232.06 sec   150 KBytes  1.17 Mbits/sec    0    215 KBytes       
[  4] 232.06-233.00 sec  74.9 KBytes   652 Kbits/sec    0    215 KBytes       
[  4] 233.00-234.01 sec   150 KBytes  1.22 Mbits/sec    0    215 KBytes       
[  4] 234.01-235.06 sec   150 KBytes  1.16 Mbits/sec    0    215 KBytes       
[  4] 235.06-236.00 sec  74.9 KBytes   654 Kbits/sec    0    215 KBytes       
[  4] 236.00-237.00 sec  74.9 KBytes   614 Kbits/sec    0    215 KBytes       
[  4] 237.00-238.00 sec   164 KBytes  1.34 Mbits/sec    0    215 KBytes       
[  4] 238.00-239.00 sec  74.9 KBytes   614 Kbits/sec    0    215 KBytes       
[  4] 239.00-240.00 sec   150 KBytes  1.23 Mbits/sec    0    215 KBytes       
[  4] 240.00-241.01 sec  74.9 KBytes   609 Kbits/sec    0    215 KBytes       
[  4] 241.01-242.08 sec   141 KBytes  1.08 Mbits/sec    0    215 KBytes       
[  4] 242.08-243.00 sec  0.00 Bytes  0.00 bits/sec    0    215 KBytes       
[  4] 243.00-244.01 sec  74.9 KBytes   610 Kbits/sec    0    215 KBytes       
[  4] 244.01-245.01 sec  74.9 KBytes   616 Kbits/sec    0    215 KBytes       
[  4] 245.01-246.01 sec  74.9 KBytes   610 Kbits/sec    0    215 KBytes       
[  4] 246.01-247.00 sec   214 KBytes  1.77 Mbits/sec    0    215 KBytes       
[  4] 247.00-248.01 sec  74.9 KBytes   609 Kbits/sec    0    215 KBytes       
[  4] 248.01-249.02 sec   150 KBytes  1.21 Mbits/sec    0    215 KBytes       
[  4] 249.02-250.00 sec  74.9 KBytes   626 Kbits/sec    0    215 KBytes       
[  4] 250.00-251.00 sec  74.9 KBytes   615 Kbits/sec    0    215 KBytes       
[  4] 251.00-252.03 sec  74.9 KBytes   598 Kbits/sec    0    215 KBytes       
[  4] 252.03-253.00 sec   150 KBytes  1.26 Mbits/sec    0    215 KBytes       
[  4] 253.00-254.00 sec  74.9 KBytes   612 Kbits/sec    0    215 KBytes       
[  4] 254.00-255.01 sec   150 KBytes  1.23 Mbits/sec    0    215 KBytes       
[  4] 255.01-256.00 sec  74.9 KBytes   616 Kbits/sec    0    215 KBytes       
[  4] 256.00-257.00 sec   150 KBytes  1.23 Mbits/sec    0    215 KBytes       
[  4] 257.00-258.00 sec  74.9 KBytes   613 Kbits/sec    0    215 KBytes       
[  4] 258.00-259.00 sec   150 KBytes  1.23 Mbits/sec    0    215 KBytes       
[  4] 259.00-260.00 sec  74.9 KBytes   614 Kbits/sec    0    215 KBytes       
[  4] 260.00-261.00 sec  74.9 KBytes   614 Kbits/sec    0    215 KBytes       
[  4] 261.00-262.00 sec   150 KBytes  1.23 Mbits/sec    0    215 KBytes       
[  4] 262.00-263.00 sec   150 KBytes  1.23 Mbits/sec    0    215 KBytes       
[  4] 263.00-264.00 sec  74.9 KBytes   615 Kbits/sec    0    215 KBytes       
[  4] 264.00-265.00 sec   153 KBytes  1.25 Mbits/sec    0    215 KBytes       
[  4] 265.00-266.00 sec   150 KBytes  1.23 Mbits/sec    0    215 KBytes       
[  4] 266.00-267.00 sec  74.9 KBytes   614 Kbits/sec    0    215 KBytes       
[  4] 267.00-268.00 sec   150 KBytes  1.23 Mbits/sec    0    215 KBytes       
[  4] 268.00-269.02 sec  74.9 KBytes   601 Kbits/sec    0    215 KBytes       
[  4] 269.02-270.00 sec   150 KBytes  1.26 Mbits/sec    0    215 KBytes       
[  4] 270.00-271.00 sec  74.9 KBytes   614 Kbits/sec    0    215 KBytes       
[  4] 271.00-272.00 sec   150 KBytes  1.23 Mbits/sec    0    215 KBytes       
[  4] 272.00-273.00 sec   150 KBytes  1.23 Mbits/sec    0    215 KBytes       
[  4] 273.00-274.00 sec  74.9 KBytes   612 Kbits/sec    0    215 KBytes       
[  4] 274.00-275.01 sec  74.9 KBytes   609 Kbits/sec    0    215 KBytes       
[  4] 275.01-276.01 sec   150 KBytes  1.23 Mbits/sec    0    215 KBytes       
[  4] 276.01-277.00 sec  74.9 KBytes   620 Kbits/sec    1    215 KBytes       
[  4] 277.00-278.01 sec  74.9 KBytes   610 Kbits/sec    0    215 KBytes       
[  4] 278.01-279.00 sec   150 KBytes  1.23 Mbits/sec    0    215 KBytes       
[  4] 279.00-280.00 sec  74.9 KBytes   614 Kbits/sec    0    215 KBytes       
[  4] 280.00-281.02 sec   150 KBytes  1.20 Mbits/sec    0    215 KBytes       
[  4] 281.02-282.03 sec  80.6 KBytes   657 Kbits/sec    0    215 KBytes       
[  4] 282.03-283.00 sec   150 KBytes  1.26 Mbits/sec    0    215 KBytes       
[  4] 283.00-284.03 sec  74.9 KBytes   595 Kbits/sec    0    215 KBytes       
[  4] 284.03-285.01 sec   150 KBytes  1.25 Mbits/sec    0    215 KBytes       
[  4] 285.01-286.00 sec  74.9 KBytes   622 Kbits/sec    0    215 KBytes       
[  4] 286.00-287.03 sec   150 KBytes  1.19 Mbits/sec    0    215 KBytes       
[  4] 287.03-288.01 sec   150 KBytes  1.25 Mbits/sec    0    215 KBytes       
[  4] 288.01-289.00 sec  74.9 KBytes   621 Kbits/sec    0    215 KBytes       
[  4] 289.00-290.05 sec   150 KBytes  1.17 Mbits/sec    0    215 KBytes       
[  4] 290.05-291.00 sec  0.00 Bytes  0.00 bits/sec    0    215 KBytes       
[  4] 291.00-292.00 sec   150 KBytes  1.23 Mbits/sec    0    215 KBytes       
[  4] 292.00-293.03 sec   150 KBytes  1.19 Mbits/sec    0    215 KBytes       
[  4] 293.03-294.03 sec   150 KBytes  1.23 Mbits/sec    0    215 KBytes       
[  4] 294.03-295.01 sec  74.9 KBytes   627 Kbits/sec    0    215 KBytes       
[  4] 295.01-296.00 sec   153 KBytes  1.26 Mbits/sec    0    215 KBytes       
[  4] 296.00-297.01 sec  74.9 KBytes   608 Kbits/sec    0    215 KBytes       
[  4] 297.01-298.00 sec   150 KBytes  1.24 Mbits/sec    0    215 KBytes       
[  4] 298.00-299.01 sec   150 KBytes  1.21 Mbits/sec    0    215 KBytes       
[  4] 299.01-300.02 sec   150 KBytes  1.22 Mbits/sec    0    215 KBytes       
[  4] 300.02-301.01 sec  77.8 KBytes   644 Kbits/sec    0    215 KBytes       
[  4] 301.01-302.00 sec   153 KBytes  1.26 Mbits/sec    0    215 KBytes       
[  4] 302.00-303.00 sec  74.9 KBytes   613 Kbits/sec    0    215 KBytes       
[  4] 303.00-304.00 sec  74.9 KBytes   615 Kbits/sec    0    215 KBytes       
[  4] 304.00-305.02 sec  74.9 KBytes   604 Kbits/sec    0    215 KBytes       
[  4] 305.02-306.00 sec   150 KBytes  1.25 Mbits/sec    0    215 KBytes       
[  4] 306.00-307.00 sec  77.8 KBytes   634 Kbits/sec    0    215 KBytes       
[  4] 307.00-308.00 sec   150 KBytes  1.23 Mbits/sec    0    215 KBytes       
[  4] 308.00-309.01 sec  74.9 KBytes   611 Kbits/sec    0    215 KBytes       
[  4] 309.01-310.00 sec   150 KBytes  1.24 Mbits/sec    0    215 KBytes       
[  4] 310.00-311.02 sec   150 KBytes  1.21 Mbits/sec    0    215 KBytes       
[  4] 311.02-312.00 sec  74.9 KBytes   622 Kbits/sec    0    215 KBytes       
[  4] 312.00-313.05 sec   150 KBytes  1.18 Mbits/sec    0    215 KBytes       
[  4] 313.05-314.02 sec  74.9 KBytes   629 Kbits/sec    0    215 KBytes       
[  4] 314.02-315.00 sec   150 KBytes  1.25 Mbits/sec    0    215 KBytes       
[  4] 315.00-316.01 sec  74.9 KBytes   610 Kbits/sec    0    215 KBytes       
[  4] 316.01-317.01 sec   150 KBytes  1.23 Mbits/sec    0    215 KBytes       
[  4] 317.01-318.00 sec   158 KBytes  1.31 Mbits/sec    0    215 KBytes       
[  4] 318.00-319.01 sec   206 KBytes  1.68 Mbits/sec    0    215 KBytes       
[  4] 319.01-320.00 sec  74.9 KBytes   618 Kbits/sec    0    215 KBytes       
[  4] 320.00-321.02 sec   150 KBytes  1.20 Mbits/sec    0    215 KBytes       
[  4] 321.02-322.00 sec  74.9 KBytes   626 Kbits/sec    0    215 KBytes       
[  4] 322.00-323.00 sec   153 KBytes  1.25 Mbits/sec    0    215 KBytes       
[  4] 323.00-324.01 sec  74.9 KBytes   610 Kbits/sec    0    215 KBytes       
[  4] 324.01-325.00 sec   150 KBytes  1.24 Mbits/sec    0    215 KBytes       
[  4] 325.00-326.00 sec  74.9 KBytes   614 Kbits/sec    0    215 KBytes       
[  4] 326.00-327.00 sec   150 KBytes  1.23 Mbits/sec    0    215 KBytes       
[  4] 327.00-328.00 sec   195 KBytes  1.60 Mbits/sec    0    215 KBytes       
[  4] 328.00-329.00 sec  74.9 KBytes   614 Kbits/sec    0    215 KBytes       
[  4] 329.00-330.00 sec  74.9 KBytes   614 Kbits/sec    0    215 KBytes       
[  4] 330.00-331.05 sec   150 KBytes  1.17 Mbits/sec    0    215 KBytes       
[  4] 331.05-332.01 sec  74.9 KBytes   643 Kbits/sec    0    215 KBytes       
[  4] 332.01-333.00 sec   153 KBytes  1.26 Mbits/sec    0    215 KBytes       
[  4] 333.00-334.02 sec  74.9 KBytes   606 Kbits/sec    0    215 KBytes       
[  4] 334.02-335.00 sec   150 KBytes  1.25 Mbits/sec    0    215 KBytes       
[  4] 335.00-336.12 sec  74.9 KBytes   550 Kbits/sec    0    215 KBytes       
[  4] 336.12-337.00 sec  74.9 KBytes   694 Kbits/sec    0    215 KBytes       
[  4] 337.00-338.04 sec   153 KBytes  1.21 Mbits/sec    0    215 KBytes       
[  4] 338.04-339.00 sec  77.8 KBytes   660 Kbits/sec    0    215 KBytes       
[  4] 339.00-340.02 sec   150 KBytes  1.20 Mbits/sec    0    215 KBytes       
[  4] 340.02-341.02 sec  74.9 KBytes   617 Kbits/sec    0    215 KBytes       
[  4] 341.02-342.03 sec   150 KBytes  1.22 Mbits/sec    0    215 KBytes       
[  4] 342.03-343.00 sec  74.9 KBytes   631 Kbits/sec    0    215 KBytes       
[  4] 343.00-344.01 sec  83.4 KBytes   680 Kbits/sec    0    215 KBytes       
[  4] 344.01-345.01 sec  74.9 KBytes   609 Kbits/sec    0    215 KBytes       
[  4] 345.01-346.00 sec  74.9 KBytes   621 Kbits/sec    0    215 KBytes       
[  4] 346.00-347.00 sec   150 KBytes  1.23 Mbits/sec    0    215 KBytes       
[  4] 347.00-348.00 sec  74.9 KBytes   614 Kbits/sec    0    215 KBytes       
[  4] 348.00-349.00 sec   150 KBytes  1.23 Mbits/sec    0    215 KBytes       
[  4] 349.00-350.02 sec   158 KBytes  1.27 Mbits/sec    0    215 KBytes       
[  4] 350.02-351.00 sec  77.8 KBytes   650 Kbits/sec    0    215 KBytes       
[  4] 351.00-352.00 sec   175 KBytes  1.44 Mbits/sec    0    215 KBytes       
[  4] 352.00-353.00 sec  74.9 KBytes   614 Kbits/sec    0    215 KBytes       
[  4] 353.00-354.00 sec  74.9 KBytes   613 Kbits/sec    0    215 KBytes       
[  4] 354.00-355.00 sec   150 KBytes  1.23 Mbits/sec    0    215 KBytes       
[  4] 355.00-356.00 sec  74.9 KBytes   611 Kbits/sec    0    215 KBytes       
[  4] 356.00-357.01 sec   150 KBytes  1.23 Mbits/sec    0    215 KBytes       
[  4] 357.01-358.00 sec  74.9 KBytes   617 Kbits/sec    0    215 KBytes       
[  4] 358.00-359.00 sec   150 KBytes  1.23 Mbits/sec    0    215 KBytes       
[  4] 359.00-360.00 sec   150 KBytes  1.23 Mbits/sec    0    215 KBytes       
[  4] 360.00-361.00 sec  74.9 KBytes   614 Kbits/sec    0    215 KBytes       
[  4] 361.00-362.00 sec   150 KBytes  1.23 Mbits/sec    0    215 KBytes       
[  4] 362.00-363.00 sec  74.9 KBytes   615 Kbits/sec    0    215 KBytes       
[  4] 363.00-364.00 sec   150 KBytes  1.22 Mbits/sec    0    215 KBytes       
[  4] 364.00-365.03 sec  74.9 KBytes   600 Kbits/sec    0    215 KBytes       
[  4] 365.03-366.00 sec   150 KBytes  1.26 Mbits/sec    0    215 KBytes       
[  4] 366.00-367.00 sec   150 KBytes  1.23 Mbits/sec    0    215 KBytes       
[  4] 367.00-368.01 sec  74.9 KBytes   610 Kbits/sec    0    215 KBytes       
[  4] 368.01-369.00 sec   216 KBytes  1.79 Mbits/sec    0    215 KBytes       
[  4] 369.00-370.05 sec   173 KBytes  1.35 Mbits/sec    0    215 KBytes       
[  4] 370.05-371.01 sec  74.9 KBytes   636 Kbits/sec    0    215 KBytes       
[  4] 371.01-372.00 sec  77.8 KBytes   646 Kbits/sec    0    215 KBytes       
[  4] 372.00-373.02 sec   150 KBytes  1.20 Mbits/sec    0    215 KBytes       
[  4] 373.02-374.00 sec   150 KBytes  1.25 Mbits/sec    0    215 KBytes       
[  4] 374.00-375.00 sec   170 KBytes  1.39 Mbits/sec    0    215 KBytes       
[  4] 375.00-376.03 sec  74.9 KBytes   598 Kbits/sec    0    215 KBytes       
[  4] 376.03-377.02 sec  74.9 KBytes   621 Kbits/sec    0    215 KBytes       
[  4] 377.02-378.03 sec  74.9 KBytes   609 Kbits/sec    0    215 KBytes       
[  4] 378.03-379.00 sec   150 KBytes  1.26 Mbits/sec    0    215 KBytes       
[  4] 379.00-380.02 sec   150 KBytes  1.21 Mbits/sec    0    215 KBytes       
[  4] 380.02-381.03 sec   218 KBytes  1.77 Mbits/sec    0    215 KBytes       
[  4] 381.03-382.00 sec  77.8 KBytes   655 Kbits/sec    0    215 KBytes       
[  4] 382.00-383.00 sec   150 KBytes  1.23 Mbits/sec    0    215 KBytes       
[  4] 383.00-384.00 sec  74.9 KBytes   614 Kbits/sec    0    215 KBytes       
[  4] 384.00-385.00 sec   150 KBytes  1.23 Mbits/sec    0    215 KBytes       
[  4] 385.00-386.00 sec  74.9 KBytes   613 Kbits/sec    0    215 KBytes       
[  4] 386.00-387.10 sec   150 KBytes  1.12 Mbits/sec    0    215 KBytes       
[  4] 387.10-388.00 sec  74.9 KBytes   679 Kbits/sec    0    215 KBytes       
[  4] 388.00-389.00 sec  74.9 KBytes   613 Kbits/sec    0    215 KBytes       
[  4] 389.00-390.00 sec   153 KBytes  1.25 Mbits/sec    0    215 KBytes       
[  4] 390.00-391.00 sec  74.9 KBytes   616 Kbits/sec    0    215 KBytes       
[  4] 391.00-392.00 sec   150 KBytes  1.23 Mbits/sec    0    215 KBytes       
[  4] 392.00-393.00 sec  74.9 KBytes   612 Kbits/sec    0    215 KBytes       
[  4] 393.00-394.00 sec   150 KBytes  1.23 Mbits/sec    0    215 KBytes       
[  4] 394.00-395.00 sec  74.9 KBytes   613 Kbits/sec    0    215 KBytes       
[  4] 395.00-396.00 sec   170 KBytes  1.39 Mbits/sec    0    215 KBytes       
[  4] 396.00-397.00 sec  74.9 KBytes   612 Kbits/sec    0    215 KBytes       
[  4] 397.00-398.00 sec   150 KBytes  1.23 Mbits/sec    0    215 KBytes       
[  4] 398.00-399.00 sec  74.9 KBytes   613 Kbits/sec    0    215 KBytes       
[  4] 399.00-400.03 sec   153 KBytes  1.22 Mbits/sec    0    215 KBytes       
[  4] 400.03-401.00 sec   150 KBytes  1.27 Mbits/sec    0    215 KBytes       
[  4] 401.00-402.00 sec  74.9 KBytes   614 Kbits/sec    0    215 KBytes       
[  4] 402.00-403.00 sec   150 KBytes  1.23 Mbits/sec    0    215 KBytes       
[  4] 403.00-404.00 sec   150 KBytes  1.22 Mbits/sec    0    215 KBytes       
[  4] 404.00-405.00 sec  74.9 KBytes   616 Kbits/sec    0    215 KBytes       
[  4] 405.00-406.02 sec   150 KBytes  1.21 Mbits/sec    0    215 KBytes       
[  4] 406.02-407.00 sec  80.6 KBytes   670 Kbits/sec    0    215 KBytes       
[  4] 407.00-408.00 sec   150 KBytes  1.23 Mbits/sec    0    215 KBytes       
[  4] 408.00-409.02 sec   150 KBytes  1.21 Mbits/sec    0    215 KBytes       
[  4] 409.02-410.04 sec  77.8 KBytes   627 Kbits/sec    0    215 KBytes       
[  4] 410.04-411.00 sec   150 KBytes  1.28 Mbits/sec    0    215 KBytes       
[  4] 411.00-412.00 sec  74.9 KBytes   614 Kbits/sec    1    215 KBytes       
[  4] 412.00-413.00 sec  74.9 KBytes   613 Kbits/sec    0    215 KBytes       
[  4] 413.00-414.02 sec   150 KBytes  1.20 Mbits/sec    0    215 KBytes       
[  4] 414.02-415.00 sec  77.8 KBytes   651 Kbits/sec    0    215 KBytes       
[  4] 415.00-416.00 sec   161 KBytes  1.32 Mbits/sec    0    215 KBytes       
[  4] 416.00-417.02 sec  74.9 KBytes   600 Kbits/sec    0    215 KBytes       
[  4] 417.02-418.01 sec   150 KBytes  1.25 Mbits/sec    0    215 KBytes       
[  4] 418.01-419.04 sec   150 KBytes  1.19 Mbits/sec    0    215 KBytes       
[  4] 419.04-420.00 sec  74.9 KBytes   641 Kbits/sec    0    215 KBytes       
[  4] 420.00-421.02 sec   150 KBytes  1.20 Mbits/sec    0    215 KBytes       
[  4] 421.02-422.00 sec   167 KBytes  1.39 Mbits/sec    0    215 KBytes       
[  4] 422.00-423.00 sec  80.6 KBytes   660 Kbits/sec    0    215 KBytes       
[  4] 423.00-424.02 sec   150 KBytes  1.21 Mbits/sec    0    215 KBytes       
[  4] 424.02-425.01 sec  74.9 KBytes   624 Kbits/sec    0    215 KBytes       
[  4] 425.01-426.00 sec   150 KBytes  1.24 Mbits/sec    0    215 KBytes       
[  4] 426.00-427.00 sec  74.9 KBytes   614 Kbits/sec    0    215 KBytes       
[  4] 427.00-428.00 sec   150 KBytes  1.23 Mbits/sec    0    215 KBytes       
[  4] 428.00-429.00 sec   150 KBytes  1.23 Mbits/sec    0    215 KBytes       
[  4] 429.00-430.00 sec  74.9 KBytes   612 Kbits/sec    0    215 KBytes       
[  4] 430.00-431.00 sec   150 KBytes  1.23 Mbits/sec    0    215 KBytes       
[  4] 431.00-432.00 sec  74.9 KBytes   614 Kbits/sec    0    215 KBytes       
[  4] 432.00-433.00 sec   201 KBytes  1.65 Mbits/sec    0    215 KBytes       
[  4] 433.00-434.00 sec  74.9 KBytes   612 Kbits/sec    0    215 KBytes       
[  4] 434.00-435.00 sec  74.9 KBytes   616 Kbits/sec    0    215 KBytes       
[  4] 435.00-436.03 sec   150 KBytes  1.19 Mbits/sec    0    215 KBytes       
[  4] 436.03-437.01 sec   139 KBytes  1.17 Mbits/sec    1    215 KBytes       
[  4] 437.01-438.01 sec  1.32 MBytes  11.1 Mbits/sec    0    252 KBytes       
[  4] 438.01-439.00 sec   318 KBytes  2.61 Mbits/sec    0    389 KBytes       
[  4] 439.00-440.00 sec   318 KBytes  2.60 Mbits/sec    0    542 KBytes       
[  4] 440.00-441.00 sec   460 KBytes  3.77 Mbits/sec    0    643 KBytes       
[  4] 441.00-442.00 sec   520 KBytes  4.27 Mbits/sec    0    741 KBytes       
[  4] 442.00-443.00 sec   522 KBytes  4.27 Mbits/sec    0   1001 KBytes       
[  4] 443.00-444.00 sec   457 KBytes  3.74 Mbits/sec    0   1012 KBytes       
[  4] 444.00-445.00 sec   595 KBytes  4.88 Mbits/sec    0   1012 KBytes       
[  4] 445.00-446.00 sec   913 KBytes  7.48 Mbits/sec    0   1.21 MBytes       
[  4] 446.00-447.02 sec   457 KBytes  3.68 Mbits/sec    0   1.21 MBytes       
[  4] 447.02-448.00 sec   460 KBytes  3.82 Mbits/sec    0   1.21 MBytes       
[  4] 448.00-449.00 sec   913 KBytes  7.50 Mbits/sec    0   1.21 MBytes       
[  4] 449.00-450.00 sec   457 KBytes  3.74 Mbits/sec    0   1.21 MBytes       
[  4] 450.00-451.00 sec   457 KBytes  3.72 Mbits/sec    0   1.21 MBytes       
[  4] 451.00-452.00 sec   916 KBytes  7.54 Mbits/sec    0   1.21 MBytes       
[  4] 452.00-453.00 sec   457 KBytes  3.74 Mbits/sec    0   1.21 MBytes       
[  4] 453.00-454.00 sec   850 KBytes  6.95 Mbits/sec    0   1.21 MBytes       
[  4] 454.00-455.00 sec   457 KBytes  3.75 Mbits/sec    0   1.21 MBytes       
[  4] 455.00-456.00 sec   457 KBytes  3.73 Mbits/sec    0   1.21 MBytes       
[  4] 456.00-457.00 sec   659 KBytes  5.40 Mbits/sec    0   1.21 MBytes       
[  4] 457.00-458.01 sec   535 KBytes  4.37 Mbits/sec    0   1.21 MBytes       
[  4] 458.01-459.02 sec   396 KBytes  3.21 Mbits/sec    0   1.21 MBytes       
[  4] 459.02-460.01 sec   532 KBytes  4.40 Mbits/sec    0   1.21 MBytes       
[  4] 460.01-461.01 sec   457 KBytes  3.74 Mbits/sec    0   1.21 MBytes       
[  4] 461.01-462.03 sec   723 KBytes  5.78 Mbits/sec    0   1.21 MBytes       
[  4] 462.03-463.00 sec   460 KBytes  3.89 Mbits/sec    0   1.21 MBytes       
[  4] 463.00-464.00 sec   457 KBytes  3.73 Mbits/sec    0   1.21 MBytes       
[  4] 464.00-465.00 sec   532 KBytes  4.36 Mbits/sec    0   1.21 MBytes       
[  4] 465.00-466.00 sec   913 KBytes  7.49 Mbits/sec    0   1.21 MBytes       
[  4] 466.00-467.00 sec   532 KBytes  4.35 Mbits/sec    0   1.21 MBytes       
[  4] 467.00-468.00 sec   457 KBytes  3.75 Mbits/sec    0   1.21 MBytes       
[  4] 468.00-469.01 sec   535 KBytes  4.33 Mbits/sec    0   1.21 MBytes       
[  4] 469.01-470.00 sec   919 KBytes  7.60 Mbits/sec    0   1.21 MBytes       
[  4] 470.00-471.04 sec   520 KBytes  4.12 Mbits/sec    0   1.21 MBytes       
[  4] 471.04-472.00 sec   457 KBytes  3.87 Mbits/sec    0   1.21 MBytes       
[  4] 472.00-473.00 sec   457 KBytes  3.76 Mbits/sec    0   1.21 MBytes       
[  4] 473.00-474.00 sec   665 KBytes  5.44 Mbits/sec    0   1.21 MBytes       
[  4] 474.00-475.00 sec   786 KBytes  6.45 Mbits/sec    0   1.21 MBytes       
[  4] 475.00-476.00 sec   496 KBytes  4.07 Mbits/sec    0   1.21 MBytes       
[  4] 476.00-477.00 sec   457 KBytes  3.73 Mbits/sec    0   1.21 MBytes       
[  4] 477.00-478.00 sec   913 KBytes  7.49 Mbits/sec    0   1.21 MBytes       
[  4] 478.00-479.03 sec   496 KBytes  3.97 Mbits/sec    0   1.21 MBytes       
[  4] 479.03-480.00 sec   457 KBytes  3.84 Mbits/sec    0   1.21 MBytes       
[  4] 480.00-481.03 sec   725 KBytes  5.80 Mbits/sec    0   1.21 MBytes       
[  4] 481.03-482.01 sec   479 KBytes  4.00 Mbits/sec    0   1.21 MBytes       
[  4] 482.01-483.01 sec   457 KBytes  3.74 Mbits/sec    0   1.21 MBytes       
[  4] 483.01-484.00 sec   795 KBytes  6.55 Mbits/sec    0   1.21 MBytes       
[  4] 484.00-485.01 sec   460 KBytes  3.76 Mbits/sec    0   1.21 MBytes       
[  4] 485.01-486.00 sec   520 KBytes  4.27 Mbits/sec    0   1.21 MBytes       
[  4] 486.00-487.00 sec   457 KBytes  3.76 Mbits/sec    0   1.21 MBytes       
[  4] 487.00-488.00 sec   457 KBytes  3.74 Mbits/sec    0   1.21 MBytes       
[  4] 488.00-489.00 sec   853 KBytes  6.97 Mbits/sec    0   1.21 MBytes       
[  4] 489.00-490.00 sec   457 KBytes  3.75 Mbits/sec    0   1.21 MBytes       
[  4] 490.00-491.03 sec   457 KBytes  3.62 Mbits/sec    0   1.21 MBytes       
[  4] 491.03-492.00 sec   659 KBytes  5.59 Mbits/sec    0   1.21 MBytes       
[  4] 492.00-493.00 sec   457 KBytes  3.74 Mbits/sec    0   1.21 MBytes       
[  4] 493.00-494.00 sec   595 KBytes  4.87 Mbits/sec    0   1.21 MBytes       
[  4] 494.00-495.01 sec   913 KBytes  7.45 Mbits/sec    0   1.21 MBytes       
[  4] 495.01-496.00 sec   457 KBytes  3.77 Mbits/sec    0   1.21 MBytes       
[  4] 496.00-497.01 sec   457 KBytes  3.72 Mbits/sec    0   1.21 MBytes       
[  4] 497.01-498.00 sec   913 KBytes  7.53 Mbits/sec    0   1.21 MBytes       
[  4] 498.00-499.00 sec   457 KBytes  3.75 Mbits/sec    0   1.21 MBytes       
[  4] 499.00-500.00 sec   457 KBytes  3.73 Mbits/sec    0   1.21 MBytes       
[  4] 500.00-501.03 sec   913 KBytes  7.27 Mbits/sec    0   1.21 MBytes       
[  4] 501.03-502.00 sec   457 KBytes  3.87 Mbits/sec    0   1.21 MBytes       
[  4] 502.00-503.00 sec   457 KBytes  3.74 Mbits/sec    0   1.21 MBytes       
[  4] 503.00-504.03 sec   916 KBytes  7.29 Mbits/sec    0   1.21 MBytes       
[  4] 504.03-505.02 sec   457 KBytes  3.78 Mbits/sec    0   1.21 MBytes       
[  4] 505.02-506.08 sec   577 KBytes  4.47 Mbits/sec    0   1.21 MBytes       
[  4] 506.08-507.00 sec   850 KBytes  7.53 Mbits/sec    0   1.21 MBytes       
[  4] 507.00-508.00 sec   457 KBytes  3.75 Mbits/sec    0   1.21 MBytes       
[  4] 508.00-509.00 sec   457 KBytes  3.73 Mbits/sec    0   1.21 MBytes       
[  4] 509.00-510.00 sec   457 KBytes  3.74 Mbits/sec    0   1.21 MBytes       
[  4] 510.00-511.00 sec   850 KBytes  6.97 Mbits/sec    0   1.21 MBytes       
[  4] 511.00-512.00 sec   460 KBytes  3.77 Mbits/sec    0   1.21 MBytes       
[  4] 512.00-513.00 sec   457 KBytes  3.74 Mbits/sec    0   1.21 MBytes       
[  4] 513.00-514.01 sec   725 KBytes  5.87 Mbits/sec    0   1.21 MBytes       
[  4] 514.01-515.00 sec   659 KBytes  5.47 Mbits/sec    0   1.21 MBytes       
[  4] 515.00-516.00 sec   457 KBytes  3.75 Mbits/sec    0   1.21 MBytes       
[  4] 516.00-517.09 sec   457 KBytes  3.43 Mbits/sec    0   1.21 MBytes       
[  4] 517.09-518.02 sec   913 KBytes  8.09 Mbits/sec    0   1.21 MBytes       
[  4] 518.02-519.02 sec   457 KBytes  3.73 Mbits/sec    0   1.21 MBytes       
[  4] 519.02-520.02 sec   604 KBytes  4.92 Mbits/sec    0   1.21 MBytes       
[  4] 520.02-521.00 sec   913 KBytes  7.66 Mbits/sec    0   1.21 MBytes       
[  4] 521.00-522.06 sec   457 KBytes  3.54 Mbits/sec    0   1.21 MBytes       
[  4] 522.06-523.00 sec   457 KBytes  3.96 Mbits/sec    0   1.21 MBytes       
[  4] 523.00-524.00 sec   913 KBytes  7.48 Mbits/sec    0   1.21 MBytes       
[  4] 524.00-525.01 sec   460 KBytes  3.74 Mbits/sec    0   1.21 MBytes       
[  4] 525.01-526.00 sec   532 KBytes  4.39 Mbits/sec    0   1.21 MBytes       
[  4] 526.00-527.00 sec   913 KBytes  7.45 Mbits/sec    0   1.21 MBytes       
[  4] 527.00-528.04 sec   864 KBytes  6.82 Mbits/sec    0   1.21 MBytes       
[  4] 528.04-529.00 sec   457 KBytes  3.91 Mbits/sec    0   1.21 MBytes       
[  4] 529.00-530.00 sec   460 KBytes  3.76 Mbits/sec    0   1.21 MBytes       
[  4] 530.00-531.00 sec   919 KBytes  7.54 Mbits/sec    0   1.21 MBytes       
[  4] 531.00-532.02 sec   457 KBytes  3.67 Mbits/sec    0   1.21 MBytes       
[  4] 532.02-533.00 sec   457 KBytes  3.81 Mbits/sec    0   1.21 MBytes       
[  4] 533.00-534.01 sec   662 KBytes  5.37 Mbits/sec    0   1.21 MBytes       
[  4] 534.01-535.00 sec   795 KBytes  6.59 Mbits/sec    0   1.21 MBytes       
[  4] 535.00-536.00 sec   532 KBytes  4.35 Mbits/sec    0   1.21 MBytes       
[  4] 536.00-537.00 sec   457 KBytes  3.75 Mbits/sec    0   1.21 MBytes       
[  4] 537.00-538.00 sec   916 KBytes  7.50 Mbits/sec    0   1.21 MBytes       
[  4] 538.00-539.03 sec   457 KBytes  3.64 Mbits/sec    0   1.21 MBytes       
[  4] 539.03-540.00 sec   457 KBytes  3.85 Mbits/sec    0   1.21 MBytes       
[  4] 540.00-541.00 sec   853 KBytes  6.99 Mbits/sec    0   1.21 MBytes       
[  4] 541.00-542.00 sec   457 KBytes  3.74 Mbits/sec    0   1.21 MBytes       
[  4] 542.00-543.00 sec   457 KBytes  3.74 Mbits/sec    0   1.21 MBytes       
[  4] 543.00-544.00 sec   913 KBytes  7.48 Mbits/sec    0   1.21 MBytes       
[  4] 544.00-545.00 sec   457 KBytes  3.74 Mbits/sec    0   1.21 MBytes       
[  4] 545.00-546.00 sec   457 KBytes  3.74 Mbits/sec    0   1.21 MBytes       
[  4] 546.00-547.00 sec   913 KBytes  7.48 Mbits/sec    0   1.21 MBytes       
[  4] 547.00-548.00 sec   595 KBytes  4.88 Mbits/sec    0   1.21 MBytes       
[  4] 548.00-549.00 sec   786 KBytes  6.43 Mbits/sec    0   1.21 MBytes       
[  4] 549.00-550.00 sec   595 KBytes  4.87 Mbits/sec    0   1.21 MBytes       
[  4] 550.00-551.00 sec   457 KBytes  3.75 Mbits/sec    0   1.21 MBytes       
[  4] 551.00-552.00 sec   792 KBytes  6.48 Mbits/sec    0   1.21 MBytes       
[  4] 552.00-553.03 sec   601 KBytes  4.78 Mbits/sec    0   1.21 MBytes       
[  4] 553.03-554.00 sec   457 KBytes  3.87 Mbits/sec    0   1.21 MBytes       
[  4] 554.00-555.01 sec   913 KBytes  7.40 Mbits/sec    0   1.21 MBytes       
[  4] 555.01-556.00 sec   457 KBytes  3.79 Mbits/sec    0   1.21 MBytes       
[  4] 556.00-557.03 sec   723 KBytes  5.76 Mbits/sec    0   1.21 MBytes       
[  4] 557.03-558.00 sec   535 KBytes  4.50 Mbits/sec    0   1.21 MBytes       
[  4] 558.00-559.00 sec   659 KBytes  5.40 Mbits/sec    0   1.21 MBytes       
[  4] 559.00-560.00 sec   393 KBytes  3.22 Mbits/sec    0   1.21 MBytes       
[  4] 560.00-561.02 sec   532 KBytes  4.29 Mbits/sec    0   1.21 MBytes       
[  4] 561.02-562.02 sec   601 KBytes  4.93 Mbits/sec    0   1.21 MBytes       
[  4] 562.02-563.00 sec   723 KBytes  6.01 Mbits/sec    0   1.21 MBytes       
[  4] 563.00-564.00 sec   329 KBytes  2.70 Mbits/sec    0   1.21 MBytes       
[  4] 564.00-565.00 sec   659 KBytes  5.40 Mbits/sec    0   1.21 MBytes       
[  4] 565.00-566.00 sec   850 KBytes  6.94 Mbits/sec    0   1.21 MBytes       
[  4] 566.00-567.00 sec   465 KBytes  3.82 Mbits/sec    0   1.21 MBytes       
[  4] 567.00-568.00 sec   457 KBytes  3.74 Mbits/sec    0   1.21 MBytes       
[  4] 568.00-569.00 sec   789 KBytes  6.45 Mbits/sec    0   1.21 MBytes       
[  4] 569.00-570.00 sec   457 KBytes  3.74 Mbits/sec    0   1.21 MBytes       
[  4] 570.00-571.00 sec   607 KBytes  4.98 Mbits/sec    0   1.21 MBytes       
[  4] 571.00-572.01 sec   532 KBytes  4.35 Mbits/sec    0   1.21 MBytes       
[  4] 572.01-573.00 sec   723 KBytes  5.95 Mbits/sec    0   1.21 MBytes       
[  4] 573.00-574.00 sec   723 KBytes  5.92 Mbits/sec    0   1.21 MBytes       
[  4] 574.00-575.00 sec   532 KBytes  4.34 Mbits/sec    0   1.21 MBytes       
[  4] 575.00-576.00 sec   457 KBytes  3.75 Mbits/sec    0   1.21 MBytes       
[  4] 576.00-577.00 sec   977 KBytes  8.01 Mbits/sec    0   1.21 MBytes       
[  4] 577.00-578.00 sec   457 KBytes  3.74 Mbits/sec    0   1.21 MBytes       
[  4] 578.00-579.00 sec   460 KBytes  3.75 Mbits/sec    0   1.21 MBytes       
[  4] 579.00-580.02 sec   913 KBytes  7.34 Mbits/sec    0   1.21 MBytes       
[  4] 580.02-581.02 sec   457 KBytes  3.73 Mbits/sec    0   1.21 MBytes       
[  4] 581.02-582.00 sec   532 KBytes  4.46 Mbits/sec    0   1.21 MBytes       
[  4] 582.00-583.00 sec   913 KBytes  7.46 Mbits/sec    0   1.21 MBytes       
[  4] 583.00-584.00 sec   457 KBytes  3.74 Mbits/sec    0   1.21 MBytes       
[  4] 584.00-585.00 sec   723 KBytes  5.93 Mbits/sec    0   1.21 MBytes       
[  4] 585.00-586.02 sec   725 KBytes  5.84 Mbits/sec    0   1.21 MBytes       
[  4] 586.02-587.00 sec   457 KBytes  3.82 Mbits/sec    0   1.21 MBytes       
[  4] 587.00-588.00 sec   535 KBytes  4.36 Mbits/sec    0   1.21 MBytes       
[  4] 588.00-589.00 sec   850 KBytes  6.96 Mbits/sec    0   1.21 MBytes       
[  4] 589.00-590.01 sec   457 KBytes  3.73 Mbits/sec    0   1.21 MBytes       
[  4] 590.01-591.00 sec   457 KBytes  3.75 Mbits/sec    0   1.21 MBytes       
[  4] 591.00-592.03 sec   789 KBytes  6.31 Mbits/sec    0   1.21 MBytes       
[  4] 592.03-593.02 sec   778 KBytes  6.40 Mbits/sec    0   1.21 MBytes       
[  4] 593.02-594.00 sec   393 KBytes  3.29 Mbits/sec    0   1.21 MBytes       
[  4] 594.00-595.00 sec   532 KBytes  4.35 Mbits/sec    0   1.21 MBytes       
[  4] 595.00-596.03 sec   853 KBytes  6.82 Mbits/sec    0   1.21 MBytes       
[  4] 596.03-597.00 sec   520 KBytes  4.36 Mbits/sec    0   1.21 MBytes       
[  4] 597.00-598.00 sec   460 KBytes  3.77 Mbits/sec    0   1.21 MBytes       
[  4] 598.00-599.03 sec   913 KBytes  7.26 Mbits/sec    0   1.21 MBytes       
[  4] 599.03-600.00 sec   457 KBytes  3.87 Mbits/sec    0   1.21 MBytes       
[  4] 600.00-601.00 sec   457 KBytes  3.73 Mbits/sec    0   1.21 MBytes       
[  4] 601.00-602.00 sec   962 KBytes  7.90 Mbits/sec    0   1.21 MBytes       
[  4] 602.00-603.00 sec   457 KBytes  3.74 Mbits/sec    0   1.21 MBytes       
[  4] 603.00-604.00 sec   532 KBytes  4.35 Mbits/sec    0   1.21 MBytes       
[  4] 604.00-605.01 sec   913 KBytes  7.45 Mbits/sec    0   1.21 MBytes       
[  4] 605.01-606.00 sec   520 KBytes  4.28 Mbits/sec    0   1.21 MBytes       
[  4] 606.00-607.00 sec   460 KBytes  3.77 Mbits/sec    0   1.21 MBytes       
[  4] 607.00-608.00 sec   462 KBytes  3.78 Mbits/sec    0   1.21 MBytes       
[  4] 608.00-609.00 sec   457 KBytes  3.75 Mbits/sec    0   1.21 MBytes       
[  4] 609.00-610.01 sec   913 KBytes  7.46 Mbits/sec    0   1.21 MBytes       
[  4] 610.01-611.00 sec   457 KBytes  3.76 Mbits/sec    0   1.21 MBytes       
[  4] 611.00-612.00 sec   659 KBytes  5.39 Mbits/sec    0   1.21 MBytes       
[  4] 612.00-613.00 sec   789 KBytes  6.46 Mbits/sec    0   1.21 MBytes       
[  4] 613.00-614.01 sec   457 KBytes  3.73 Mbits/sec    0   1.21 MBytes       
[  4] 614.01-615.00 sec   532 KBytes  4.38 Mbits/sec    0   1.21 MBytes       
[  4] 615.00-616.00 sec   913 KBytes  7.49 Mbits/sec    0   1.21 MBytes       
[  4] 616.00-617.00 sec   457 KBytes  3.73 Mbits/sec    0   1.21 MBytes       
[  4] 617.00-618.00 sec   850 KBytes  6.95 Mbits/sec    0   1.21 MBytes       
[  4] 618.00-619.00 sec   532 KBytes  4.37 Mbits/sec    0   1.21 MBytes       
[  4] 619.00-620.01 sec   913 KBytes  7.39 Mbits/sec    0   1.21 MBytes       
[  4] 620.01-621.00 sec   520 KBytes  4.32 Mbits/sec    0   1.21 MBytes       
[  4] 621.00-622.00 sec   457 KBytes  3.74 Mbits/sec    0   1.21 MBytes       
[  4] 622.00-623.00 sec   913 KBytes  7.46 Mbits/sec    0   1.21 MBytes       
[  4] 623.00-624.01 sec   520 KBytes  4.24 Mbits/sec    0   1.21 MBytes       
[  4] 624.01-625.01 sec   465 KBytes  3.80 Mbits/sec    0   1.21 MBytes       
[  4] 625.01-626.00 sec   913 KBytes  7.55 Mbits/sec    0   1.21 MBytes       
[  4] 626.00-627.00 sec   457 KBytes  3.73 Mbits/sec    0   1.21 MBytes       
[  4] 627.00-628.00 sec   457 KBytes  3.74 Mbits/sec    0   1.21 MBytes       
[  4] 628.00-629.00 sec   916 KBytes  7.51 Mbits/sec    0   1.21 MBytes       
[  4] 629.00-630.00 sec   457 KBytes  3.74 Mbits/sec    0   1.21 MBytes       
[  4] 630.00-631.01 sec   850 KBytes  6.95 Mbits/sec    0   1.21 MBytes       
[  4] 631.01-632.00 sec   460 KBytes  3.78 Mbits/sec    0   1.21 MBytes       
[  4] 632.00-633.01 sec   457 KBytes  3.72 Mbits/sec    0   1.21 MBytes       
[  4] 633.01-634.03 sec   789 KBytes  6.33 Mbits/sec    0   1.21 MBytes       
[  4] 634.03-635.03 sec   604 KBytes  4.94 Mbits/sec    0   1.21 MBytes       
[  4] 635.03-636.00 sec   457 KBytes  3.85 Mbits/sec    0   1.21 MBytes       
[  4] 636.00-637.01 sec   595 KBytes  4.85 Mbits/sec    0   1.21 MBytes       
[  4] 637.01-638.03 sec   913 KBytes  7.32 Mbits/sec    0   1.21 MBytes       
[  4] 638.03-639.00 sec   457 KBytes  3.84 Mbits/sec    0   1.21 MBytes       
[  4] 639.00-640.00 sec   665 KBytes  5.43 Mbits/sec    0   1.21 MBytes       
[  4] 640.00-641.00 sec   792 KBytes  6.50 Mbits/sec    0   1.21 MBytes       
[  4] 641.00-642.00 sec   457 KBytes  3.75 Mbits/sec    0   1.21 MBytes       
[  4] 642.00-643.00 sec   535 KBytes  4.38 Mbits/sec    0   1.21 MBytes       
[  4] 643.00-644.06 sec   457 KBytes  3.52 Mbits/sec    0   1.21 MBytes       
[  4] 644.06-645.00 sec   457 KBytes  3.99 Mbits/sec    0   1.21 MBytes       
[  4] 645.00-646.00 sec   457 KBytes  3.75 Mbits/sec    0   1.21 MBytes       
[  4] 646.00-647.00 sec   789 KBytes  6.46 Mbits/sec    0   1.21 MBytes       
[  4] 647.00-648.01 sec   659 KBytes  5.33 Mbits/sec    0   1.21 MBytes       
[  4] 648.01-649.00 sec   532 KBytes  4.41 Mbits/sec    0   1.21 MBytes       
[  4] 649.00-650.00 sec   457 KBytes  3.74 Mbits/sec    0   1.21 MBytes       
[  4] 650.00-651.02 sec   913 KBytes  7.35 Mbits/sec    0   1.21 MBytes       
[  4] 651.02-652.00 sec   460 KBytes  3.84 Mbits/sec    0   1.21 MBytes       
[  4] 652.00-653.00 sec   662 KBytes  5.41 Mbits/sec    0   1.21 MBytes       
[  4] 653.00-654.00 sec   598 KBytes  4.91 Mbits/sec    0   1.21 MBytes       
[  4] 654.00-655.00 sec   520 KBytes  4.26 Mbits/sec    0   1.21 MBytes       
[  4] 655.00-656.00 sec   460 KBytes  3.77 Mbits/sec    0   1.21 MBytes       
[  4] 656.00-657.00 sec   850 KBytes  6.96 Mbits/sec    0   1.21 MBytes       
[  4] 657.00-658.01 sec   520 KBytes  4.24 Mbits/sec    0   1.21 MBytes       
[  4] 658.01-659.00 sec   457 KBytes  3.77 Mbits/sec    0   1.21 MBytes       
[  4] 659.00-660.02 sec   853 KBytes  6.89 Mbits/sec    0   1.21 MBytes       
[  4] 660.02-661.00 sec   460 KBytes  3.81 Mbits/sec    0   1.21 MBytes       
[  4] 661.00-662.00 sec   457 KBytes  3.74 Mbits/sec    0   1.21 MBytes       
[  4] 662.00-663.00 sec   967 KBytes  7.93 Mbits/sec    0   1.21 MBytes       
[  4] 663.00-664.00 sec   457 KBytes  3.73 Mbits/sec    0   1.21 MBytes       
[  4] 664.00-665.00 sec   532 KBytes  4.36 Mbits/sec    0   1.21 MBytes       
[  4] 665.00-666.00 sec   916 KBytes  7.52 Mbits/sec    0   1.21 MBytes       
[  4] 666.00-667.00 sec   457 KBytes  3.74 Mbits/sec    0   1.21 MBytes       
[  4] 667.00-668.00 sec   457 KBytes  3.74 Mbits/sec    0   1.21 MBytes       
[  4] 668.00-669.00 sec   913 KBytes  7.48 Mbits/sec    0   1.21 MBytes       
[  4] 669.00-670.00 sec   460 KBytes  3.77 Mbits/sec    0   1.21 MBytes       
[  4] 670.00-671.00 sec   537 KBytes  4.39 Mbits/sec    0   1.21 MBytes       
[  4] 671.00-672.00 sec   460 KBytes  3.76 Mbits/sec    0   1.21 MBytes       
[  4] 672.00-673.00 sec   916 KBytes  7.53 Mbits/sec    0   1.21 MBytes       
[  4] 673.00-674.01 sec   457 KBytes  3.73 Mbits/sec    0   1.21 MBytes       
[  4] 674.01-675.00 sec   598 KBytes  4.91 Mbits/sec    0   1.21 MBytes       
[  4] 675.00-676.00 sec   457 KBytes  3.75 Mbits/sec    0   1.21 MBytes       
[  4] 676.00-677.00 sec   786 KBytes  6.42 Mbits/sec    0   1.21 MBytes       
[  4] 677.00-678.00 sec   662 KBytes  5.42 Mbits/sec    0   1.21 MBytes       
[  4] 678.00-679.01 sec   850 KBytes  6.89 Mbits/sec    0   1.21 MBytes       
[  4] 679.01-680.00 sec   457 KBytes  3.80 Mbits/sec    0   1.21 MBytes       
[  4] 680.00-681.00 sec   457 KBytes  3.73 Mbits/sec    0   1.21 MBytes       
[  4] 681.00-682.01 sec   532 KBytes  4.34 Mbits/sec    0   1.21 MBytes       
[  4] 682.01-683.00 sec   916 KBytes  7.56 Mbits/sec    0   1.21 MBytes       
[  4] 683.00-684.00 sec   457 KBytes  3.74 Mbits/sec    0   1.21 MBytes       
[  4] 684.00-685.00 sec   457 KBytes  3.74 Mbits/sec    0   1.21 MBytes       
[  4] 685.00-686.00 sec   659 KBytes  5.38 Mbits/sec    0   1.21 MBytes       
[  4] 686.00-687.00 sec   850 KBytes  6.98 Mbits/sec    0   1.21 MBytes       
[  4] 687.00-688.00 sec   457 KBytes  3.75 Mbits/sec    0   1.21 MBytes       
[  4] 688.00-689.01 sec   460 KBytes  3.74 Mbits/sec    0   1.21 MBytes       
[  4] 689.01-690.00 sec   535 KBytes  4.40 Mbits/sec    0   1.21 MBytes       
[  4] 690.00-691.01 sec   913 KBytes  7.45 Mbits/sec    0   1.21 MBytes       
[  4] 691.01-692.00 sec   457 KBytes  3.76 Mbits/sec    0   1.21 MBytes       
[  4] 692.00-693.01 sec   532 KBytes  4.33 Mbits/sec    0   1.21 MBytes       
[  4] 693.01-694.00 sec   913 KBytes  7.52 Mbits/sec    0   1.21 MBytes       
[  4] 694.00-695.00 sec   659 KBytes  5.41 Mbits/sec    0   1.21 MBytes       
[  4] 695.00-696.00 sec   457 KBytes  3.74 Mbits/sec    0   1.21 MBytes       
[  4] 696.00-697.00 sec   728 KBytes  5.96 Mbits/sec    0   1.21 MBytes       
[  4] 697.00-697.00 sec  0.00 Bytes  0.00 bits/sec    0   1.21 MBytes       
- - - - - - - - - - - - - - - - - - - - - - - - -
[ ID] Interval           Transfer     Bandwidth       Retr
[  4]   0.00-697.00 sec   200 MBytes  2.41 Mbits/sec    8             sender
[  4]   0.00-697.00 sec   200 MBytes  2.40 Mbits/sec                  receiver

iperf Done.
