Connecting to host 10.0.0.2, port 5201
[  4] local 10.0.0.1 port 46110 connected to 10.0.0.2 port 5201
[ ID] Interval           Transfer     Bandwidth       Retr  Cwnd
[  4]   0.00-1.00   sec  82.0 KBytes   671 Kbits/sec    1   14.1 KBytes       
[  4]   1.00-2.01   sec  87.7 KBytes   714 Kbits/sec    0   28.3 KBytes       
[  4]   2.01-3.00   sec  0.00 Bytes  0.00 bits/sec    0   28.3 KBytes       
[  4]   3.00-4.02   sec   119 KBytes   955 Kbits/sec    0   42.4 KBytes       
[  4]   4.02-5.00   sec  0.00 Bytes  0.00 bits/sec    0   42.4 KBytes       
[  4]   5.00-6.00   sec  70.7 KBytes   579 Kbits/sec    4   35.4 KBytes       
[  4]   6.00-7.00   sec  0.00 Bytes  0.00 bits/sec    0   35.4 KBytes       
[  4]   7.00-8.02   sec  63.6 KBytes   513 Kbits/sec    0   38.2 KBytes       
[  4]   8.02-9.00   sec  0.00 Bytes  0.00 bits/sec    0   38.2 KBytes       
[  4]   9.00-10.00  sec  0.00 Bytes  0.00 bits/sec    0   43.8 KBytes       
[  4]  10.00-11.00  sec  63.6 KBytes   523 Kbits/sec    0   48.1 KBytes       
[  4]  11.00-12.08  sec  0.00 Bytes  0.00 bits/sec    0   48.1 KBytes       
[  4]  12.08-13.03  sec   127 KBytes  1.10 Mbits/sec    0   59.4 KBytes       
[  4]  13.03-14.04  sec  0.00 Bytes  0.00 bits/sec    0   59.4 KBytes       
[  4]  14.04-15.00  sec   191 KBytes  1.62 Mbits/sec    0   89.1 KBytes       
[  4]  15.00-16.00  sec  0.00 Bytes  0.00 bits/sec    0   90.5 KBytes       
[  4]  16.00-17.00  sec   191 KBytes  1.57 Mbits/sec    0    112 KBytes       
[  4]  17.00-18.00  sec   191 KBytes  1.56 Mbits/sec    0    136 KBytes       
[  4]  18.00-19.01  sec  0.00 Bytes  0.00 bits/sec    0    136 KBytes       
[  4]  19.01-20.02  sec   445 KBytes  3.61 Mbits/sec    0    201 KBytes       
[  4]  20.02-21.00  sec  0.00 Bytes  0.00 bits/sec    0    201 KBytes       
[  4]  21.00-22.00  sec  0.00 Bytes  0.00 bits/sec    5    140 KBytes       
[  4]  22.00-23.01  sec  0.00 Bytes  0.00 bits/sec    0    140 KBytes       
[  4]  23.01-24.00  sec   382 KBytes  3.15 Mbits/sec    0    167 KBytes       
[  4]  24.00-25.00  sec  0.00 Bytes  0.00 bits/sec    0    167 KBytes       
[  4]  25.00-26.00  sec   127 KBytes  1.04 Mbits/sec    0    188 KBytes       
[  4]  26.00-27.00  sec  0.00 Bytes  0.00 bits/sec    0    188 KBytes       
[  4]  27.00-28.00  sec   191 KBytes  1.56 Mbits/sec    0    195 KBytes       
[  4]  28.00-29.00  sec  0.00 Bytes  0.00 bits/sec    0    197 KBytes       
[  4]  29.00-30.00  sec   127 KBytes  1.04 Mbits/sec    0    204 KBytes       
[  4]  30.00-31.01  sec   127 KBytes  1.04 Mbits/sec    0    211 KBytes       
[  4]  31.01-32.03  sec   191 KBytes  1.53 Mbits/sec    0    232 KBytes       
[  4]  32.03-33.02  sec   191 KBytes  1.58 Mbits/sec    2    240 KBytes       
[  4]  33.02-34.00  sec  0.00 Bytes  0.00 bits/sec    0    233 KBytes       
[  4]  34.00-35.00  sec  63.6 KBytes   521 Kbits/sec   30    174 KBytes       
[  4]  35.00-36.00  sec  0.00 Bytes  0.00 bits/sec    0    174 KBytes       
[  4]  36.00-37.01  sec   318 KBytes  2.59 Mbits/sec    0    184 KBytes       
[  4]  37.01-38.00  sec  63.6 KBytes   526 Kbits/sec    0    197 KBytes       
[  4]  38.00-39.00  sec   191 KBytes  1.56 Mbits/sec    0    225 KBytes       
[  4]  39.00-40.00  sec   127 KBytes  1.05 Mbits/sec    0    236 KBytes       
[  4]  40.00-41.00  sec   127 KBytes  1.04 Mbits/sec    0    242 KBytes       
[  4]  41.00-42.00  sec   127 KBytes  1.05 Mbits/sec    0    245 KBytes       
[  4]  42.00-43.00  sec   127 KBytes  1.04 Mbits/sec    0    247 KBytes       
[  4]  43.00-44.00  sec   127 KBytes  1.04 Mbits/sec    0    253 KBytes       
[  4]  44.00-45.00  sec   127 KBytes  1.04 Mbits/sec    0    262 KBytes       
[  4]  45.00-46.02  sec  63.6 KBytes   514 Kbits/sec   26    201 KBytes       
[  4]  46.02-47.02  sec  0.00 Bytes  0.00 bits/sec   25    185 KBytes       
[  4]  47.02-48.00  sec  63.6 KBytes   532 Kbits/sec    0    185 KBytes       
[  4]  48.00-49.00  sec   255 KBytes  2.09 Mbits/sec    0    195 KBytes       
[  4]  49.00-50.03  sec   127 KBytes  1.01 Mbits/sec    0    218 KBytes       
[  4]  50.03-51.00  sec   127 KBytes  1.08 Mbits/sec    0    236 KBytes       
[  4]  51.00-52.00  sec  63.6 KBytes   521 Kbits/sec    0    247 KBytes       
[  4]  52.00-53.00  sec  63.6 KBytes   521 Kbits/sec    5    226 KBytes       
[  4]  53.00-54.00  sec  0.00 Bytes  0.00 bits/sec    2    185 KBytes       
[  4]  54.00-55.00  sec  0.00 Bytes  0.00 bits/sec    6    174 KBytes       
[  4]  55.00-56.00  sec   191 KBytes  1.56 Mbits/sec   10    174 KBytes       
[  4]  56.00-57.00  sec  63.6 KBytes   523 Kbits/sec    0    160 KBytes       
[  4]  57.00-58.00  sec   255 KBytes  2.08 Mbits/sec    0    137 KBytes       
[  4]  58.00-59.00  sec  63.6 KBytes   520 Kbits/sec    0    124 KBytes       
[  4]  59.00-60.01  sec   127 KBytes  1.03 Mbits/sec    0    136 KBytes       
[  4]  60.01-61.00  sec  0.00 Bytes  0.00 bits/sec    0    136 KBytes       
[  4]  61.00-62.02  sec  63.6 KBytes   516 Kbits/sec    0    141 KBytes       
[  4]  62.02-63.00  sec  63.6 KBytes   529 Kbits/sec    0    144 KBytes       
[  4]  63.00-64.02  sec   127 KBytes  1.03 Mbits/sec    0    148 KBytes       
[  4]  64.02-65.00  sec  63.6 KBytes   530 Kbits/sec    0    157 KBytes       
[  4]  65.00-66.00  sec  63.6 KBytes   521 Kbits/sec    0    173 KBytes       
[  4]  66.00-67.00  sec  63.6 KBytes   521 Kbits/sec    0    199 KBytes       
[  4]  67.00-68.00  sec  63.6 KBytes   521 Kbits/sec    0    247 KBytes       
[  4]  68.00-69.01  sec  0.00 Bytes  0.00 bits/sec    4    245 KBytes       
[  4]  69.01-70.01  sec  0.00 Bytes  0.00 bits/sec    0    208 KBytes       
[  4]  70.01-71.00  sec  0.00 Bytes  0.00 bits/sec    6    181 KBytes       
[  4]  71.00-72.00  sec   127 KBytes  1.04 Mbits/sec   15    181 KBytes       
[  4]  72.00-73.00  sec  63.6 KBytes   520 Kbits/sec    5    181 KBytes       
[  4]  73.00-74.00  sec  63.6 KBytes   523 Kbits/sec    0    174 KBytes       
[  4]  74.00-75.00  sec   255 KBytes  2.08 Mbits/sec    0    147 KBytes       
[  4]  75.00-76.00  sec   127 KBytes  1.04 Mbits/sec    0    127 KBytes       
[  4]  76.00-77.01  sec  63.6 KBytes   517 Kbits/sec    0    137 KBytes       
[  4]  77.01-78.01  sec  0.00 Bytes  0.00 bits/sec    0    140 KBytes       
[  4]  78.01-79.00  sec  63.6 KBytes   525 Kbits/sec    9    120 KBytes       
[  4]  79.00-80.02  sec  0.00 Bytes  0.00 bits/sec    0   99.0 KBytes       
[  4]  80.02-81.02  sec  0.00 Bytes  0.00 bits/sec    0   99.0 KBytes       
[  4]  81.02-82.04  sec   191 KBytes  1.53 Mbits/sec    0    107 KBytes       
[  4]  82.04-83.03  sec  0.00 Bytes  0.00 bits/sec    0    110 KBytes       
[  4]  83.03-84.00  sec   127 KBytes  1.07 Mbits/sec    0    115 KBytes       
[  4]  84.00-85.00  sec  0.00 Bytes  0.00 bits/sec    0    116 KBytes       
[  4]  85.00-86.00  sec  63.6 KBytes   522 Kbits/sec    0    123 KBytes       
[  4]  86.00-87.00  sec  63.6 KBytes   521 Kbits/sec    0    126 KBytes       
[  4]  87.00-88.02  sec  0.00 Bytes  0.00 bits/sec    0    139 KBytes       
[  4]  88.02-89.00  sec  63.6 KBytes   532 Kbits/sec    0    161 KBytes       
[  4]  89.00-90.01  sec  63.6 KBytes   520 Kbits/sec    5    148 KBytes       
[  4]  90.01-91.00  sec  0.00 Bytes  0.00 bits/sec   17    116 KBytes       
[  4]  91.00-92.00  sec  0.00 Bytes  0.00 bits/sec    1    116 KBytes       
[  4]  92.00-93.02  sec  63.6 KBytes   513 Kbits/sec    0    116 KBytes       
[  4]  93.02-94.06  sec  0.00 Bytes  0.00 bits/sec    2    116 KBytes       
[  4]  94.06-95.00  sec  0.00 Bytes  0.00 bits/sec    0    116 KBytes       
[  4]  95.00-96.02  sec   255 KBytes  2.06 Mbits/sec    0    124 KBytes       
[  4]  96.02-97.01  sec  63.6 KBytes   526 Kbits/sec    0    141 KBytes       
[  4]  97.01-98.00  sec  63.6 KBytes   524 Kbits/sec    0    150 KBytes       
[  4]  98.00-99.01  sec   127 KBytes  1.04 Mbits/sec    0    158 KBytes       
[  4]  99.01-100.00 sec  0.00 Bytes  0.00 bits/sec    0    161 KBytes       
[  4] 100.00-101.00 sec  63.6 KBytes   520 Kbits/sec    6    141 KBytes       
[  4] 101.00-102.00 sec  0.00 Bytes  0.00 bits/sec    0    112 KBytes       
[  4] 102.00-103.00 sec   127 KBytes  1.05 Mbits/sec    0    115 KBytes       
[  4] 103.00-104.00 sec  63.6 KBytes   521 Kbits/sec    0    124 KBytes       
[  4] 104.00-105.00 sec  63.6 KBytes   520 Kbits/sec    0    127 KBytes       
[  4] 105.00-106.00 sec   127 KBytes  1.05 Mbits/sec    0    132 KBytes       
[  4] 106.00-107.02 sec  0.00 Bytes  0.00 bits/sec    0    134 KBytes       
[  4] 107.02-108.00 sec  63.6 KBytes   530 Kbits/sec    2    130 KBytes       
[  4] 108.00-109.00 sec  0.00 Bytes  0.00 bits/sec   16   94.7 KBytes       
[  4] 109.00-110.03 sec  0.00 Bytes  0.00 bits/sec    0   94.7 KBytes       
[  4] 110.03-111.00 sec  0.00 Bytes  0.00 bits/sec    0   94.7 KBytes       
[  4] 111.00-112.01 sec   191 KBytes  1.54 Mbits/sec    0    110 KBytes       
[  4] 112.01-113.03 sec  63.6 KBytes   514 Kbits/sec    0    119 KBytes       
[  4] 113.03-114.02 sec  63.6 KBytes   527 Kbits/sec    0    127 KBytes       
[  4] 114.02-115.00 sec  63.6 KBytes   530 Kbits/sec    0    132 KBytes       
[  4] 115.00-116.00 sec  63.6 KBytes   521 Kbits/sec    0    136 KBytes       
[  4] 116.00-117.00 sec  63.6 KBytes   521 Kbits/sec    0    140 KBytes       
[  4] 117.00-118.00 sec  63.6 KBytes   522 Kbits/sec    0    151 KBytes       
[  4] 118.00-119.00 sec  63.6 KBytes   521 Kbits/sec    0    164 KBytes       
[  4] 119.00-120.01 sec  63.6 KBytes   518 Kbits/sec    0    198 KBytes       
[  4] 120.01-121.02 sec  0.00 Bytes  0.00 bits/sec    0    219 KBytes       
[  4] 121.02-122.00 sec   127 KBytes  1.06 Mbits/sec    0    272 KBytes       
[  4] 122.00-123.00 sec  0.00 Bytes  0.00 bits/sec   11    262 KBytes       
[  4] 123.00-124.00 sec  0.00 Bytes  0.00 bits/sec    4    233 KBytes       
[  4] 124.00-125.00 sec  63.6 KBytes   522 Kbits/sec   23    204 KBytes       
[  4] 125.00-126.00 sec   127 KBytes  1.04 Mbits/sec    0    204 KBytes       
[  4] 126.00-127.00 sec   318 KBytes  2.61 Mbits/sec    0    226 KBytes       
[  4] 127.00-128.04 sec  63.6 KBytes   504 Kbits/sec    0    243 KBytes       
[  4] 128.04-129.01 sec   191 KBytes  1.61 Mbits/sec    0    264 KBytes       
[  4] 129.01-130.00 sec  0.00 Bytes  0.00 bits/sec    3    246 KBytes       
[  4] 130.00-131.00 sec  0.00 Bytes  0.00 bits/sec    1    189 KBytes       
[  4] 131.00-132.02 sec  0.00 Bytes  0.00 bits/sec    0    185 KBytes       
[  4] 132.02-133.00 sec   445 KBytes  3.72 Mbits/sec    0    202 KBytes       
[  4] 133.00-134.00 sec  63.6 KBytes   522 Kbits/sec    0    208 KBytes       
[  4] 134.00-135.00 sec   127 KBytes  1.04 Mbits/sec    0    216 KBytes       
[  4] 135.00-136.00 sec  63.6 KBytes   519 Kbits/sec    0    219 KBytes       
[  4] 136.00-137.00 sec   127 KBytes  1.05 Mbits/sec    0    223 KBytes       
[  4] 137.00-138.00 sec   127 KBytes  1.04 Mbits/sec    0    226 KBytes       
[  4] 138.00-139.01 sec   127 KBytes  1.04 Mbits/sec    0    238 KBytes       
[  4] 139.01-140.00 sec  63.6 KBytes   523 Kbits/sec    0    250 KBytes       
[  4] 140.00-141.02 sec   255 KBytes  2.04 Mbits/sec    0    290 KBytes       
[  4] 141.02-142.03 sec  0.00 Bytes  0.00 bits/sec    4    273 KBytes       
[  4] 142.03-143.00 sec  0.00 Bytes  0.00 bits/sec   13    204 KBytes       
[  4] 143.00-144.00 sec  0.00 Bytes  0.00 bits/sec    1    204 KBytes       
[  4] 144.00-145.00 sec   191 KBytes  1.56 Mbits/sec    0    204 KBytes       
[  4] 145.00-146.00 sec   318 KBytes  2.61 Mbits/sec    0    225 KBytes       
[  4] 146.00-147.00 sec   127 KBytes  1.04 Mbits/sec    0    247 KBytes       
[  4] 147.00-148.00 sec   127 KBytes  1.04 Mbits/sec    0    266 KBytes       
[  4] 148.00-149.01 sec  0.00 Bytes  0.00 bits/sec    0    269 KBytes       
[  4] 149.01-150.00 sec   191 KBytes  1.58 Mbits/sec    0    280 KBytes       
[  4] 150.00-151.00 sec  63.6 KBytes   522 Kbits/sec    0    284 KBytes       
[  4] 151.00-152.02 sec   191 KBytes  1.53 Mbits/sec    0    293 KBytes       
[  4] 152.02-153.00 sec   127 KBytes  1.07 Mbits/sec    0    297 KBytes       
[  4] 153.00-154.00 sec   127 KBytes  1.04 Mbits/sec    0    318 KBytes       
[  4] 154.00-155.02 sec   127 KBytes  1.02 Mbits/sec    0    335 KBytes       
[  4] 155.02-156.00 sec   127 KBytes  1.07 Mbits/sec    0    372 KBytes       
[  4] 156.00-157.00 sec  63.6 KBytes   520 Kbits/sec    6    369 KBytes       
[  4] 157.00-158.00 sec  0.00 Bytes  0.00 bits/sec    0    314 KBytes       
[  4] 158.00-159.00 sec   382 KBytes  3.14 Mbits/sec    0    284 KBytes       
[  4] 159.00-160.00 sec   191 KBytes  1.56 Mbits/sec    0    320 KBytes       
[  4] 160.00-161.00 sec   191 KBytes  1.56 Mbits/sec    0    344 KBytes       
[  4] 161.00-162.01 sec   127 KBytes  1.04 Mbits/sec    0    366 KBytes       
[  4] 162.01-163.00 sec   127 KBytes  1.05 Mbits/sec    8    348 KBytes       
[  4] 163.00-164.00 sec  0.00 Bytes  0.00 bits/sec    6    294 KBytes       
[  4] 164.00-165.00 sec  0.00 Bytes  0.00 bits/sec    2    262 KBytes       
[  4] 165.00-166.02 sec   191 KBytes  1.54 Mbits/sec    0    262 KBytes       
[  4] 166.02-167.00 sec   445 KBytes  3.71 Mbits/sec    0    277 KBytes       
[  4] 167.00-168.00 sec   255 KBytes  2.08 Mbits/sec    0    296 KBytes       
[  4] 168.00-169.01 sec  63.6 KBytes   518 Kbits/sec    0    303 KBytes       
[  4] 169.01-170.00 sec   255 KBytes  2.10 Mbits/sec    0    311 KBytes       
[  4] 170.00-171.00 sec  63.6 KBytes   521 Kbits/sec    0    313 KBytes       
[  4] 171.00-172.00 sec   191 KBytes  1.56 Mbits/sec    0    318 KBytes       
[  4] 172.00-173.00 sec   127 KBytes  1.04 Mbits/sec    0    321 KBytes       
[  4] 173.00-174.00 sec   509 KBytes  4.17 Mbits/sec    0    338 KBytes       
[  4] 174.00-175.00 sec  63.6 KBytes   521 Kbits/sec    3    337 KBytes       
[  4] 175.00-176.00 sec  0.00 Bytes  0.00 bits/sec    5    259 KBytes       
[  4] 176.00-177.01 sec  0.00 Bytes  0.00 bits/sec    6    240 KBytes       
[  4] 177.01-178.00 sec  0.00 Bytes  0.00 bits/sec   12    240 KBytes       
[  4] 178.00-179.00 sec   382 KBytes  3.13 Mbits/sec    2    236 KBytes       
[  4] 179.00-180.00 sec   382 KBytes  3.13 Mbits/sec    0    185 KBytes       
[  4] 180.00-181.05 sec   127 KBytes   994 Kbits/sec    0    174 KBytes       
[  4] 181.05-182.00 sec   127 KBytes  1.10 Mbits/sec    0    187 KBytes       
[  4] 182.00-183.00 sec  63.6 KBytes   521 Kbits/sec    0    192 KBytes       
[  4] 183.00-184.05 sec   127 KBytes   998 Kbits/sec    0    198 KBytes       
[  4] 184.05-185.00 sec  63.6 KBytes   546 Kbits/sec    0    199 KBytes       
[  4] 185.00-186.00 sec   127 KBytes  1.04 Mbits/sec    0    206 KBytes       
[  4] 186.00-187.00 sec   127 KBytes  1.04 Mbits/sec    0    212 KBytes       
[  4] 187.00-188.00 sec   127 KBytes  1.04 Mbits/sec    0    229 KBytes       
[  4] 188.00-189.00 sec  63.6 KBytes   520 Kbits/sec    0    257 KBytes       
[  4] 189.00-190.00 sec   127 KBytes  1.04 Mbits/sec    0    291 KBytes       
[  4] 190.00-191.00 sec  63.6 KBytes   521 Kbits/sec    0    335 KBytes       
[  4] 191.00-192.00 sec   445 KBytes  3.64 Mbits/sec    0    399 KBytes       
[  4] 192.00-193.00 sec  63.6 KBytes   523 Kbits/sec    0    448 KBytes       
[  4] 193.00-194.00 sec  0.00 Bytes  0.00 bits/sec   44    318 KBytes       
[  4] 194.00-195.04 sec  0.00 Bytes  0.00 bits/sec   44    318 KBytes       
[  4] 195.04-196.00 sec  0.00 Bytes  0.00 bits/sec    0    318 KBytes       
[  4] 196.00-197.02 sec   191 KBytes  1.54 Mbits/sec    0    318 KBytes       
[  4] 197.02-198.00 sec   445 KBytes  3.73 Mbits/sec    0    354 KBytes       
[  4] 198.00-199.03 sec   191 KBytes  1.52 Mbits/sec    0    378 KBytes       
[  4] 199.03-200.02 sec   127 KBytes  1.05 Mbits/sec    0    400 KBytes       
[  4] 200.02-201.02 sec   127 KBytes  1.04 Mbits/sec    3    406 KBytes       
[  4] 201.02-202.00 sec  0.00 Bytes  0.00 bits/sec   11    331 KBytes       
[  4] 202.00-203.00 sec  0.00 Bytes  0.00 bits/sec    1    288 KBytes       
[  4] 203.00-204.00 sec  0.00 Bytes  0.00 bits/sec    0    288 KBytes       
[  4] 204.00-205.00 sec   318 KBytes  2.60 Mbits/sec    1    288 KBytes       
[  4] 205.00-206.10 sec   127 KBytes   950 Kbits/sec    0    259 KBytes       
[  4] 206.10-207.00 sec   382 KBytes  3.47 Mbits/sec    0    225 KBytes       
[  4] 207.00-208.02 sec   191 KBytes  1.53 Mbits/sec    0    202 KBytes       
[  4] 208.02-209.00 sec   127 KBytes  1.07 Mbits/sec    0    212 KBytes       
[  4] 209.00-210.00 sec   127 KBytes  1.04 Mbits/sec    0    225 KBytes       
[  4] 210.00-211.04 sec   127 KBytes  1.00 Mbits/sec    0    233 KBytes       
[  4] 211.04-212.01 sec  63.6 KBytes   536 Kbits/sec    0    236 KBytes       
[  4] 212.01-213.02 sec  63.6 KBytes   518 Kbits/sec    0    242 KBytes       
[  4] 213.02-214.10 sec  63.6 KBytes   482 Kbits/sec    2    223 KBytes       
[  4] 214.10-215.00 sec  0.00 Bytes  0.00 bits/sec    0    202 KBytes       
[  4] 215.00-216.08 sec   127 KBytes   967 Kbits/sec   15    171 KBytes       
[  4] 216.08-217.03 sec  0.00 Bytes  0.00 bits/sec    0    171 KBytes       
[  4] 217.03-218.00 sec  63.6 KBytes   535 Kbits/sec    7    171 KBytes       
[  4] 218.00-219.01 sec   127 KBytes  1.03 Mbits/sec    4    150 KBytes       
[  4] 219.01-220.04 sec  0.00 Bytes  0.00 bits/sec    0    134 KBytes       
[  4] 220.04-221.00 sec   127 KBytes  1.08 Mbits/sec    0    119 KBytes       
[  4] 221.00-222.00 sec   191 KBytes  1.57 Mbits/sec    0    124 KBytes       
[  4] 222.00-223.02 sec   127 KBytes  1.02 Mbits/sec    0    134 KBytes       
[  4] 223.02-224.00 sec  63.6 KBytes   531 Kbits/sec    0    137 KBytes       
[  4] 224.00-225.01 sec  63.6 KBytes   519 Kbits/sec    0    141 KBytes       
[  4] 225.01-226.02 sec  63.6 KBytes   516 Kbits/sec    0    143 KBytes       
[  4] 226.02-227.00 sec  63.6 KBytes   529 Kbits/sec    0    151 KBytes       
[  4] 227.00-228.02 sec  63.6 KBytes   512 Kbits/sec    0    158 KBytes       
[  4] 228.02-229.00 sec  63.6 KBytes   531 Kbits/sec    0    188 KBytes       
[  4] 229.00-230.00 sec  63.6 KBytes   521 Kbits/sec    0    215 KBytes       
[  4] 230.00-231.00 sec  63.6 KBytes   522 Kbits/sec    2    264 KBytes       
[  4] 231.00-232.00 sec  0.00 Bytes  0.00 bits/sec    6    232 KBytes       
[  4] 232.00-233.01 sec  0.00 Bytes  0.00 bits/sec    0    188 KBytes       
[  4] 233.01-234.00 sec   318 KBytes  2.62 Mbits/sec    0    208 KBytes       
[  4] 234.00-235.00 sec   191 KBytes  1.56 Mbits/sec    0    233 KBytes       
[  4] 235.00-236.00 sec   127 KBytes  1.04 Mbits/sec    0    249 KBytes       
[  4] 236.00-237.01 sec   127 KBytes  1.04 Mbits/sec    0    256 KBytes       
[  4] 237.01-238.00 sec   127 KBytes  1.05 Mbits/sec    0    262 KBytes       
[  4] 238.00-239.00 sec   127 KBytes  1.04 Mbits/sec    0    266 KBytes       
[  4] 239.00-240.00 sec  63.6 KBytes   522 Kbits/sec    0    270 KBytes       
[  4] 240.00-241.00 sec   127 KBytes  1.04 Mbits/sec    0    277 KBytes       
[  4] 241.00-242.02 sec   127 KBytes  1.03 Mbits/sec    0    293 KBytes       
[  4] 242.02-243.00 sec   127 KBytes  1.06 Mbits/sec    0    314 KBytes       
[  4] 243.00-244.00 sec  63.6 KBytes   521 Kbits/sec    1    327 KBytes       
[  4] 244.00-245.01 sec  0.00 Bytes  0.00 bits/sec   17    247 KBytes       
[  4] 245.01-246.02 sec  0.00 Bytes  0.00 bits/sec    4    233 KBytes       
[  4] 246.02-247.06 sec   255 KBytes  2.01 Mbits/sec    0    233 KBytes       
[  4] 247.06-248.04 sec  0.00 Bytes  0.00 bits/sec    0    233 KBytes       
[  4] 248.04-249.10 sec   255 KBytes  1.97 Mbits/sec    0    247 KBytes       
[  4] 249.10-250.00 sec  63.6 KBytes   577 Kbits/sec    0    266 KBytes       
[  4] 250.00-251.05 sec   191 KBytes  1.49 Mbits/sec    0    294 KBytes       
[  4] 251.05-252.15 sec   127 KBytes   945 Kbits/sec    0    307 KBytes       
[  4] 252.15-253.05 sec  63.6 KBytes   582 Kbits/sec    0    315 KBytes       
[  4] 253.05-254.00 sec   191 KBytes  1.64 Mbits/sec    0    322 KBytes       
[  4] 254.00-254.00 sec  0.00 Bytes  0.00 bits/sec    0    322 KBytes       
- - - - - - - - - - - - - - - - - - - - - - - - -
[ ID] Interval           Transfer     Bandwidth       Retr
[  4]   0.00-254.00 sec  25.1 MBytes   830 Kbits/sec  476             sender
[  4]   0.00-254.00 sec  23.1 MBytes   763 Kbits/sec                  receiver

iperf Done.
