-----------------------------------------------------------
Server listening on 5201
-----------------------------------------------------------
Accepted connection from 10.0.0.1, port 42060
[  5] local 10.0.0.2 port 5201 connected to 10.0.0.1 port 46110
[ ID] Interval           Transfer     Bandwidth
[  5]   0.00-1.00   sec  0.00 Bytes  0.00 bits/sec                  
[  5]   1.00-2.01   sec  14.1 KBytes   115 Kbits/sec                  
[  5]   2.01-3.00   sec  0.00 Bytes  0.00 bits/sec                  
[  5]   3.00-4.01   sec  28.3 KBytes   230 Kbits/sec                  
[  5]   4.01-5.00   sec  0.00 Bytes  0.00 bits/sec                  
[  5]   5.00-6.00   sec  42.4 KBytes   348 Kbits/sec                  
[  5]   6.00-7.00   sec  0.00 Bytes  0.00 bits/sec                  
[  5]   7.00-8.00   sec  56.6 KBytes   464 Kbits/sec                  
[  5]   8.00-9.00   sec  0.00 Bytes  0.00 bits/sec                  
[  5]   9.00-10.00  sec  84.8 KBytes   695 Kbits/sec                  
[  5]  10.00-11.00  sec  0.00 Bytes  0.00 bits/sec                  
[  5]  11.00-12.00  sec  32.5 KBytes   266 Kbits/sec                  
[  5]  12.00-13.00  sec  0.00 Bytes  0.00 bits/sec                  
[  5]  13.00-14.00  sec   165 KBytes  1.35 Mbits/sec                  
[  5]  14.00-15.00  sec   106 KBytes   869 Kbits/sec                  
[  5]  15.00-16.00  sec  0.00 Bytes  0.00 bits/sec                  
[  5]  16.00-17.00  sec   126 KBytes  1.03 Mbits/sec                  
[  5]  17.00-18.11  sec  0.00 Bytes  0.00 bits/sec                  
[  5]  18.11-19.00  sec  11.3 KBytes   104 Kbits/sec                  
[  5]  19.00-20.00  sec   123 KBytes  1.01 Mbits/sec                  
[  5]  20.00-21.00  sec   132 KBytes  1.08 Mbits/sec                  
[  5]  21.00-22.00  sec  17.0 KBytes   139 Kbits/sec                  
[  5]  22.00-23.00  sec  39.6 KBytes   324 Kbits/sec                  
[  5]  23.00-24.00  sec   146 KBytes  1.20 Mbits/sec                  
[  5]  24.00-25.00  sec   246 KBytes  2.01 Mbits/sec                  
[  5]  25.00-26.00  sec  0.00 Bytes  0.00 bits/sec                  
[  5]  26.00-27.00  sec   229 KBytes  1.88 Mbits/sec                  
[  5]  27.00-28.00  sec  0.00 Bytes  0.00 bits/sec                  
[  5]  28.00-29.00  sec  0.00 Bytes  0.00 bits/sec                  
[  5]  29.00-30.04  sec  0.00 Bytes  0.00 bits/sec                  
[  5]  30.04-31.01  sec  25.5 KBytes   215 Kbits/sec                  
[  5]  31.01-32.00  sec  0.00 Bytes  0.00 bits/sec                  
[  5]  32.00-33.00  sec  0.00 Bytes  0.00 bits/sec                  
[  5]  33.00-34.00  sec  0.00 Bytes  0.00 bits/sec                  
[  5]  34.00-35.00  sec   785 KBytes  6.44 Mbits/sec                  
[  5]  35.00-36.00  sec  0.00 Bytes  0.00 bits/sec                  
[  5]  36.00-37.00  sec   304 KBytes  2.49 Mbits/sec                  
[  5]  37.00-38.00  sec  0.00 Bytes  0.00 bits/sec                  
[  5]  38.00-39.00  sec   113 KBytes   929 Kbits/sec                  
[  5]  39.00-40.00  sec  0.00 Bytes  0.00 bits/sec                  
[  5]  40.00-41.01  sec   191 KBytes  1.56 Mbits/sec                  
[  5]  41.01-42.00  sec  0.00 Bytes  0.00 bits/sec                  
[  5]  42.00-43.00  sec   460 KBytes  3.77 Mbits/sec                  
[  5]  43.00-44.00  sec  49.5 KBytes   405 Kbits/sec                  
[  5]  44.00-45.00  sec   219 KBytes  1.79 Mbits/sec                  
[  5]  45.00-46.00  sec   288 KBytes  2.37 Mbits/sec                  
[  5]  46.00-47.00  sec  0.00 Bytes  0.00 bits/sec                  
[  5]  47.00-48.00  sec  67.9 KBytes   556 Kbits/sec                  
[  5]  48.00-49.00  sec  0.00 Bytes  0.00 bits/sec                  
[  5]  49.00-50.01  sec  0.00 Bytes  0.00 bits/sec                  
[  5]  50.01-51.00  sec   389 KBytes  3.19 Mbits/sec                  
[  5]  51.00-52.00  sec   143 KBytes  1.17 Mbits/sec                  
[  5]  52.00-53.00  sec  69.3 KBytes   567 Kbits/sec                  
[  5]  53.00-54.00  sec   150 KBytes  1.23 Mbits/sec                  
[  5]  54.00-55.00  sec  86.3 KBytes   703 Kbits/sec                  
[  5]  55.00-56.01  sec   136 KBytes  1.11 Mbits/sec                  
[  5]  56.01-57.00  sec   113 KBytes   935 Kbits/sec                  
[  5]  57.00-58.04  sec  2.83 KBytes  22.2 Kbits/sec                  
[  5]  58.04-59.04  sec   259 KBytes  2.13 Mbits/sec                  
[  5]  59.04-60.00  sec  0.00 Bytes  0.00 bits/sec                  
[  5]  60.00-61.00  sec   103 KBytes   848 Kbits/sec                  
[  5]  61.00-62.00  sec   201 KBytes  1.64 Mbits/sec                  
[  5]  62.00-63.00  sec   182 KBytes  1.49 Mbits/sec                  
[  5]  63.00-64.00  sec   233 KBytes  1.92 Mbits/sec                  
[  5]  64.00-65.00  sec  58.0 KBytes   475 Kbits/sec                  
[  5]  65.00-66.00  sec   390 KBytes  3.20 Mbits/sec                  
[  5]  66.00-67.00  sec  0.00 Bytes  0.00 bits/sec                  
[  5]  67.00-68.09  sec  5.66 KBytes  42.7 Kbits/sec                  
[  5]  68.09-69.00  sec  0.00 Bytes  0.00 bits/sec                  
[  5]  69.00-70.00  sec  0.00 Bytes  0.00 bits/sec                  
[  5]  70.00-71.00  sec  0.00 Bytes  0.00 bits/sec                  
[  5]  71.00-72.00  sec  1.62 MBytes  13.5 Mbits/sec                  
[  5]  72.00-73.01  sec   123 KBytes  1000 Kbits/sec                  
[  5]  73.01-74.00  sec   315 KBytes  2.60 Mbits/sec                  
[  5]  74.00-75.00  sec   221 KBytes  1.81 Mbits/sec                  
[  5]  75.00-76.09  sec   175 KBytes  1.32 Mbits/sec                  
[  5]  76.09-77.00  sec   427 KBytes  3.83 Mbits/sec                  
[  5]  77.00-78.00  sec  4.24 KBytes  34.8 Kbits/sec                  
[  5]  78.00-79.00  sec  0.00 Bytes  0.00 bits/sec                  
[  5]  79.00-80.00  sec  0.00 Bytes  0.00 bits/sec                  
[  5]  80.00-81.00  sec   687 KBytes  5.64 Mbits/sec                  
[  5]  81.00-82.00  sec   445 KBytes  3.64 Mbits/sec                  
[  5]  82.00-83.00  sec   468 KBytes  3.84 Mbits/sec                  
[  5]  83.00-84.00  sec   134 KBytes  1.10 Mbits/sec                  
[  5]  84.00-85.00  sec   393 KBytes  3.21 Mbits/sec                  
[  5]  85.00-86.00  sec   468 KBytes  3.84 Mbits/sec                  
[  5]  86.00-87.00  sec  93.3 KBytes   766 Kbits/sec                  
[  5]  87.00-88.01  sec   577 KBytes  4.68 Mbits/sec                  
[  5]  88.01-89.00  sec  99.0 KBytes   820 Kbits/sec                  
[  5]  89.00-90.00  sec   485 KBytes  3.97 Mbits/sec                  
[  5]  90.00-91.00  sec  99.0 KBytes   811 Kbits/sec                  
[  5]  91.00-92.00  sec   495 KBytes  4.05 Mbits/sec                  
[  5]  92.00-93.00  sec  41.0 KBytes   336 Kbits/sec                  
[  5]  93.00-94.00  sec  0.00 Bytes  0.00 bits/sec                  
[  5]  94.00-95.01  sec  0.00 Bytes  0.00 bits/sec                  
[  5]  95.01-96.00  sec   339 KBytes  2.79 Mbits/sec                  
[  5]  96.00-97.00  sec   338 KBytes  2.78 Mbits/sec                  
[  5]  97.00-98.00  sec   684 KBytes  5.60 Mbits/sec                  
[  5]  98.00-99.00  sec  76.4 KBytes   625 Kbits/sec                  
[  5]  99.00-100.02 sec   256 KBytes  2.07 Mbits/sec                  
[  5] 100.02-101.02 sec  43.8 KBytes   357 Kbits/sec                  
[  5] 101.02-102.00 sec   300 KBytes  2.51 Mbits/sec                  
[  5] 102.00-103.00 sec  82.0 KBytes   671 Kbits/sec                  
[  5] 103.00-104.00 sec   290 KBytes  2.38 Mbits/sec                  
[  5] 104.00-105.00 sec  91.9 KBytes   753 Kbits/sec                  
[  5] 105.00-106.00 sec   283 KBytes  2.32 Mbits/sec                  
[  5] 106.00-107.03 sec  93.3 KBytes   744 Kbits/sec                  
[  5] 107.03-108.00 sec   286 KBytes  2.41 Mbits/sec                  
[  5] 108.00-109.00 sec  0.00 Bytes  0.00 bits/sec                  
[  5] 109.00-110.00 sec  0.00 Bytes  0.00 bits/sec                  
[  5] 110.00-111.00 sec   105 KBytes   857 Kbits/sec                  
[  5] 111.00-112.01 sec   505 KBytes  4.11 Mbits/sec                  
[  5] 112.01-113.00 sec  65.0 KBytes   536 Kbits/sec                  
[  5] 113.00-114.00 sec   245 KBytes  2.00 Mbits/sec                  
[  5] 114.00-115.01 sec  89.1 KBytes   724 Kbits/sec                  
[  5] 115.01-116.00 sec   263 KBytes  2.17 Mbits/sec                  
[  5] 116.00-117.01 sec  53.7 KBytes   435 Kbits/sec                  
[  5] 117.01-118.01 sec  0.00 Bytes  0.00 bits/sec                  
[  5] 118.01-119.01 sec  4.24 KBytes  34.7 Kbits/sec                  
[  5] 119.01-120.00 sec   331 KBytes  2.73 Mbits/sec                  
[  5] 120.00-121.00 sec   304 KBytes  2.48 Mbits/sec                  
[  5] 121.00-122.00 sec   211 KBytes  1.73 Mbits/sec                  
[  5] 122.00-123.00 sec   164 KBytes  1.34 Mbits/sec                  
[  5] 123.00-124.00 sec   156 KBytes  1.28 Mbits/sec                  
[  5] 124.00-125.00 sec   294 KBytes  2.41 Mbits/sec                  
[  5] 125.00-126.00 sec  32.5 KBytes   265 Kbits/sec                  
[  5] 126.00-127.00 sec   300 KBytes  2.46 Mbits/sec                  
[  5] 127.00-128.01 sec  33.9 KBytes   275 Kbits/sec                  
[  5] 128.01-129.00 sec   247 KBytes  2.05 Mbits/sec                  
[  5] 129.00-130.00 sec  94.7 KBytes   773 Kbits/sec                  
[  5] 130.00-131.00 sec  18.4 KBytes   151 Kbits/sec                  
[  5] 131.00-132.00 sec  0.00 Bytes  0.00 bits/sec                  
[  5] 132.00-133.04 sec   103 KBytes   818 Kbits/sec                  
[  5] 133.04-134.00 sec   273 KBytes  2.31 Mbits/sec                  
[  5] 134.00-135.00 sec   109 KBytes   893 Kbits/sec                  
[  5] 135.00-136.00 sec   337 KBytes  2.74 Mbits/sec                  
[  5] 136.00-137.01 sec  38.2 KBytes   312 Kbits/sec                  
[  5] 137.01-137.85 sec  86.3 KBytes   835 Kbits/sec                  
- - - - - - - - - - - - - - - - - - - - - - - - -
[ ID] Interval           Transfer     Bandwidth
[  5]   0.00-137.85 sec  0.00 Bytes  0.00 bits/sec                  sender
[  5]   0.00-137.85 sec  21.1 MBytes  1.29 Mbits/sec                  receiver
