Connecting to host 10.0.0.2, port 5201
[  4] local 10.0.0.1 port 46110 connected to 10.0.0.2 port 5201
[ ID] Interval           Transfer     Bandwidth       Retr  Cwnd
[  4]   0.00-1.00   sec  2.39 MBytes  20.1 Mbits/sec    0    252 KBytes       
[  4]   1.00-2.00   sec  1.12 MBytes  9.38 Mbits/sec    0    298 KBytes       
[  4]   2.00-3.00   sec  1.18 MBytes  9.90 Mbits/sec    0    345 KBytes       
[  4]   3.00-4.00   sec  1.18 MBytes  9.91 Mbits/sec    0    393 KBytes       
[  4]   4.00-5.00   sec  1.12 MBytes  9.38 Mbits/sec    0    438 KBytes       
[  4]   5.00-6.00   sec  1.18 MBytes  9.91 Mbits/sec    0    485 KBytes       
[  4]   6.00-7.00   sec  1.12 MBytes  9.38 Mbits/sec    0    529 KBytes       
[  4]   7.00-8.00   sec  1.18 MBytes  9.90 Mbits/sec    0    577 KBytes       
[  4]   8.00-9.00   sec   827 KBytes  6.77 Mbits/sec    0    611 KBytes       
[  4]   9.00-10.00  sec  1.06 MBytes  8.86 Mbits/sec    0    666 KBytes       
[  4]  10.00-11.00  sec  1.25 MBytes  10.5 Mbits/sec    0    779 KBytes       
[  4]  11.00-12.00  sec  1.25 MBytes  10.5 Mbits/sec    0    912 KBytes       
[  4]  12.00-13.00  sec  1.25 MBytes  10.5 Mbits/sec    0   1.08 MBytes       
[  4]  13.00-14.00  sec  2.50 MBytes  21.0 Mbits/sec    0   1.32 MBytes       
[  4]  14.00-15.00  sec  1.25 MBytes  10.5 Mbits/sec    0   1.45 MBytes       
[  4]  15.00-16.00  sec  1.25 MBytes  10.5 Mbits/sec    0   1.82 MBytes       
[  4]  16.00-17.00  sec  1.25 MBytes  10.5 Mbits/sec    0   2.02 MBytes       
[  4]  17.00-18.00  sec  1.25 MBytes  10.5 Mbits/sec  156   1.67 MBytes       
[  4]  18.00-19.00  sec   634 KBytes  5.19 Mbits/sec  234   1.41 MBytes       
[  4]  19.00-20.00  sec   255 KBytes  2.09 Mbits/sec   73   1.41 MBytes       
[  4]  20.00-21.00  sec  0.00 Bytes  0.00 bits/sec  310   1.28 MBytes       
[  4]  21.00-22.00  sec  1.25 MBytes  10.5 Mbits/sec  291   1.05 MBytes       
[  4]  22.00-23.00  sec   820 KBytes  6.72 Mbits/sec   12    836 KBytes       
[  4]  23.00-24.00  sec  1.25 MBytes  10.5 Mbits/sec    0   1015 KBytes       
[  4]  24.00-25.00  sec  1.25 MBytes  10.5 Mbits/sec    0   1024 KBytes       
[  4]  25.00-26.00  sec  1.25 MBytes  10.5 Mbits/sec    0   1.06 MBytes       
[  4]  26.00-27.00  sec   805 KBytes  6.60 Mbits/sec    0   1.09 MBytes       
[  4]  27.00-28.00  sec   764 KBytes  6.26 Mbits/sec    0   1.13 MBytes       
[  4]  28.00-29.00  sec   573 KBytes  4.69 Mbits/sec    0   1.15 MBytes       
[  4]  29.00-30.00  sec   509 KBytes  4.17 Mbits/sec    0   1.17 MBytes       
[  4]  30.00-31.00  sec   764 KBytes  6.25 Mbits/sec    0   1.18 MBytes       
[  4]  31.00-32.00  sec   445 KBytes  3.65 Mbits/sec    0   1.19 MBytes       
[  4]  32.00-33.00  sec   764 KBytes  6.25 Mbits/sec    0   1.20 MBytes       
[  4]  33.00-34.00  sec   445 KBytes  3.65 Mbits/sec    0   1.20 MBytes       
[  4]  34.00-35.00  sec   827 KBytes  6.78 Mbits/sec    0   1.21 MBytes       
[  4]  35.00-36.00  sec   445 KBytes  3.65 Mbits/sec    0   1.22 MBytes       
[  4]  36.00-37.00  sec   764 KBytes  6.26 Mbits/sec    0   1.25 MBytes       
[  4]  37.00-38.00  sec   445 KBytes  3.65 Mbits/sec    0   1.27 MBytes       
[  4]  38.00-39.00  sec   700 KBytes  5.74 Mbits/sec    0   1.34 MBytes       
[  4]  39.00-40.00  sec   509 KBytes  4.17 Mbits/sec    0   1.39 MBytes       
[  4]  40.00-41.00  sec   573 KBytes  4.69 Mbits/sec    0   1.49 MBytes       
[  4]  41.00-42.00  sec   764 KBytes  6.26 Mbits/sec    0   1.61 MBytes       
[  4]  42.00-43.00  sec  0.00 Bytes  0.00 bits/sec   15   1.56 MBytes       
[  4]  43.00-44.00  sec  0.00 Bytes  0.00 bits/sec  122   1.13 MBytes       
[  4]  44.00-45.00  sec  0.00 Bytes  0.00 bits/sec   17   1.13 MBytes       
[  4]  45.00-46.00  sec   255 KBytes  2.09 Mbits/sec   99   1.13 MBytes       
[  4]  46.00-47.00  sec   764 KBytes  6.25 Mbits/sec   52   1.13 MBytes       
[  4]  47.00-48.00  sec  63.6 KBytes   521 Kbits/sec  131   1.13 MBytes       
[  4]  48.00-49.00  sec   954 KBytes  7.82 Mbits/sec  195   1018 KBytes       
[  4]  49.00-50.00  sec   127 KBytes  1.04 Mbits/sec   76    812 KBytes       
[  4]  50.00-51.00  sec   127 KBytes  1.04 Mbits/sec   67    812 KBytes       
[  4]  51.00-52.00  sec   318 KBytes  2.61 Mbits/sec   25    812 KBytes       
[  4]  52.00-53.00  sec  0.00 Bytes  0.00 bits/sec   30    812 KBytes       
[  4]  53.00-54.00  sec  1018 KBytes  8.33 Mbits/sec    4    812 KBytes       
[  4]  54.00-55.00  sec  1.25 MBytes  10.5 Mbits/sec   25    812 KBytes       
[  4]  55.00-56.00  sec   311 KBytes  2.54 Mbits/sec   28    812 KBytes       
[  4]  56.00-57.00  sec  0.00 Bytes  0.00 bits/sec   24    812 KBytes       
[  4]  57.00-58.00  sec  0.00 Bytes  0.00 bits/sec   29    812 KBytes       
[  4]  58.00-59.00  sec  0.00 Bytes  0.00 bits/sec   13    812 KBytes       
[  4]  59.00-60.00  sec  0.00 Bytes  0.00 bits/sec   26    812 KBytes       
[  4]  60.00-61.00  sec   509 KBytes  4.17 Mbits/sec   36    755 KBytes       
[  4]  61.00-62.00  sec  3.75 MBytes  31.5 Mbits/sec    0    568 KBytes       
[  4]  62.00-63.00  sec  1.25 MBytes  10.5 Mbits/sec    0    594 KBytes       
[  4]  63.00-64.00  sec  1.25 MBytes  10.5 Mbits/sec    0    628 KBytes       
[  4]  64.00-65.00  sec  1.25 MBytes  10.5 Mbits/sec    0    655 KBytes       
[  4]  65.00-66.00  sec  1.25 MBytes  10.5 Mbits/sec    0    673 KBytes       
[  4]  66.00-67.00  sec   776 KBytes  6.35 Mbits/sec    0    683 KBytes       
[  4]  67.00-68.00  sec   573 KBytes  4.69 Mbits/sec    0    686 KBytes       
[  4]  68.00-69.00  sec   509 KBytes  4.17 Mbits/sec    0    687 KBytes       
[  4]  69.00-70.00  sec   509 KBytes  4.17 Mbits/sec    0    690 KBytes       
[  4]  70.00-71.00  sec   509 KBytes  4.17 Mbits/sec    0    696 KBytes       
[  4]  71.00-72.00  sec   636 KBytes  5.21 Mbits/sec    0    708 KBytes       
[  4]  72.00-73.00  sec   700 KBytes  5.74 Mbits/sec    0    737 KBytes       
[  4]  73.00-74.00  sec   700 KBytes  5.73 Mbits/sec    0    786 KBytes       
[  4]  74.00-75.00  sec   191 KBytes  1.56 Mbits/sec    0    812 KBytes       
[  4]  75.00-76.00  sec   573 KBytes  4.70 Mbits/sec    0    881 KBytes       
[  4]  76.00-77.00  sec   827 KBytes  6.78 Mbits/sec    0   1018 KBytes       
[  4]  77.00-78.00  sec   191 KBytes  1.57 Mbits/sec    0   1.06 MBytes       
[  4]  78.00-79.00  sec   700 KBytes  5.73 Mbits/sec    0   1.21 MBytes       
[  4]  79.00-80.00  sec   445 KBytes  3.65 Mbits/sec    0   1.36 MBytes       
[  4]  80.00-81.00  sec   700 KBytes  5.74 Mbits/sec    0   1.55 MBytes       
[  4]  81.00-82.00  sec   127 KBytes  1.04 Mbits/sec    0   1.66 MBytes       
[  4]  82.00-83.00  sec   382 KBytes  3.13 Mbits/sec  102   1.53 MBytes       
[  4]  83.00-84.00  sec  0.00 Bytes  0.00 bits/sec   19   1.47 MBytes       
[  4]  84.00-85.00  sec  0.00 Bytes  0.00 bits/sec  228   1.30 MBytes       
[  4]  85.00-86.00  sec  0.00 Bytes  0.00 bits/sec   49   1.30 MBytes       
[  4]  86.00-87.00  sec   700 KBytes  5.74 Mbits/sec  307   1.30 MBytes       
[  4]  87.00-88.00  sec  0.00 Bytes  0.00 bits/sec  240   1.30 MBytes       
[  4]  88.00-89.00  sec   127 KBytes  1.04 Mbits/sec   70   1.30 MBytes       
[  4]  89.00-90.00  sec   127 KBytes  1.04 Mbits/sec  230   1.30 MBytes       
[  4]  90.00-91.00  sec  0.00 Bytes  0.00 bits/sec   92   1.26 MBytes       
[  4]  91.00-92.00  sec  0.00 Bytes  0.00 bits/sec  165   1.30 MBytes       
[  4]  92.00-93.00  sec   127 KBytes  1.04 Mbits/sec  225   1.27 MBytes       
[  4]  93.00-94.00  sec  0.00 Bytes  0.00 bits/sec   50   1.29 MBytes       
[  4]  94.00-95.00  sec   382 KBytes  3.13 Mbits/sec  199    592 KBytes       
[  4]  95.00-96.00  sec  1.25 MBytes  10.5 Mbits/sec   26    288 KBytes       
[  4]  96.00-97.00  sec  3.75 MBytes  31.5 Mbits/sec    8    935 KBytes       
[  4]  97.00-98.00  sec  1.25 MBytes  10.5 Mbits/sec    0    960 KBytes       
[  4]  98.00-99.00  sec  1.25 MBytes  10.5 Mbits/sec    0    994 KBytes       
[  4]  99.00-100.00 sec  1.25 MBytes  10.5 Mbits/sec    0   1.02 MBytes       
[  4] 100.00-101.00 sec   967 KBytes  7.92 Mbits/sec    0   1.05 MBytes       
[  4] 101.00-102.00 sec   509 KBytes  4.17 Mbits/sec    0   1.07 MBytes       
[  4] 102.00-103.00 sec   827 KBytes  6.78 Mbits/sec    0   1.09 MBytes       
[  4] 103.00-104.00 sec   700 KBytes  5.74 Mbits/sec    0   1.10 MBytes       
[  4] 104.00-105.00 sec   509 KBytes  4.17 Mbits/sec    0   1.10 MBytes       
[  4] 105.00-106.00 sec   954 KBytes  7.82 Mbits/sec    0   1.10 MBytes       
[  4] 106.00-107.00 sec   509 KBytes  4.17 Mbits/sec    0   1.11 MBytes       
[  4] 107.00-108.00 sec   764 KBytes  6.26 Mbits/sec    0   1.12 MBytes       
[  4] 108.00-109.00 sec   700 KBytes  5.74 Mbits/sec    0   1.14 MBytes       
[  4] 109.00-110.00 sec   509 KBytes  4.17 Mbits/sec    0   1.16 MBytes       
[  4] 110.00-111.00 sec   954 KBytes  7.82 Mbits/sec    0   1.22 MBytes       
[  4] 111.00-112.00 sec   382 KBytes  3.13 Mbits/sec    0   1.26 MBytes       
[  4] 112.00-113.00 sec   827 KBytes  6.78 Mbits/sec    0   1.35 MBytes       
[  4] 113.00-114.00 sec   445 KBytes  3.65 Mbits/sec    0   1.43 MBytes       
[  4] 114.00-115.00 sec   827 KBytes  6.77 Mbits/sec    0   1.58 MBytes       
[  4] 115.00-116.00 sec   191 KBytes  1.56 Mbits/sec    0   1.64 MBytes       
[  4] 116.00-117.00 sec   573 KBytes  4.69 Mbits/sec   33   1.68 MBytes       
[  4] 117.00-118.00 sec  0.00 Bytes  0.00 bits/sec   45   1.49 MBytes       
[  4] 118.00-119.00 sec  0.00 Bytes  0.00 bits/sec  123   1.27 MBytes       
[  4] 119.00-120.00 sec   764 KBytes  6.26 Mbits/sec   52   1.27 MBytes       
[  4] 120.00-121.00 sec   191 KBytes  1.56 Mbits/sec  198   1.27 MBytes       
[  4] 121.00-122.00 sec  0.00 Bytes  0.00 bits/sec  174   1.25 MBytes       
[  4] 122.00-123.00 sec  0.00 Bytes  0.00 bits/sec  144   1.27 MBytes       
[  4] 123.00-124.00 sec  1.25 MBytes  10.5 Mbits/sec  220    908 KBytes       
[  4] 124.00-125.00 sec   502 KBytes  4.11 Mbits/sec   43    908 KBytes       
[  4] 125.00-126.00 sec  1.25 MBytes  10.5 Mbits/sec   44    906 KBytes       
[  4] 126.00-127.00 sec   311 KBytes  2.55 Mbits/sec   43    908 KBytes       
[  4] 127.00-128.00 sec  63.6 KBytes   521 Kbits/sec   58    908 KBytes       
[  4] 128.00-129.00 sec   573 KBytes  4.69 Mbits/sec   32    908 KBytes       
[  4] 129.00-130.00 sec   700 KBytes  5.73 Mbits/sec   28    779 KBytes       
[  4] 130.00-131.00 sec   127 KBytes  1.04 Mbits/sec   29    635 KBytes       
[  4] 131.00-132.00 sec  1.25 MBytes  10.5 Mbits/sec    0    638 KBytes       
[  4] 132.00-133.00 sec  1.25 MBytes  10.5 Mbits/sec    0    663 KBytes       
[  4] 133.00-134.00 sec  1.25 MBytes  10.5 Mbits/sec    0    699 KBytes       
[  4] 134.00-135.00 sec  1.25 MBytes  10.5 Mbits/sec    0    727 KBytes       
[  4] 135.00-136.00 sec  1.25 MBytes  10.5 Mbits/sec    0    747 KBytes       
[  4] 136.00-137.00 sec   663 KBytes  5.44 Mbits/sec    0    759 KBytes       
[  4] 137.00-138.00 sec   700 KBytes  5.73 Mbits/sec    0    766 KBytes       
[  4] 138.00-139.00 sec   700 KBytes  5.73 Mbits/sec    0    769 KBytes       
[  4] 139.00-140.00 sec   573 KBytes  4.69 Mbits/sec    0    771 KBytes       
[  4] 140.00-141.00 sec   509 KBytes  4.17 Mbits/sec    0    776 KBytes       
[  4] 141.00-142.00 sec   573 KBytes  4.69 Mbits/sec    0    785 KBytes       
[  4] 142.00-143.00 sec   700 KBytes  5.73 Mbits/sec    0    807 KBytes       
[  4] 143.00-143.00 sec  0.00 Bytes  0.00 bits/sec    0    807 KBytes       
- - - - - - - - - - - - - - - - - - - - - - - - -
[ ID] Interval           Transfer     Bandwidth       Retr
[  4]   0.00-143.00 sec   101 MBytes  5.90 Mbits/sec  5366             sender
[  4]   0.00-143.00 sec  89.7 MBytes  5.26 Mbits/sec                  receiver

iperf Done.
