Connecting to host 10.0.0.2, port 5202
[  4] local 10.0.0.1 port 46112 connected to 10.0.0.2 port 5202
[ ID] Interval           Transfer     Bandwidth       Retr  Cwnd
[  4]   0.00-1.00   sec   349 KBytes  2.86 Mbits/sec    0   22.6 KBytes       
[  4]   1.00-2.00   sec   191 KBytes  1.56 Mbits/sec    0   31.1 KBytes       
[  4]   2.00-3.00   sec   191 KBytes  1.56 Mbits/sec    0   38.2 KBytes       
[  4]   3.00-4.00   sec   191 KBytes  1.57 Mbits/sec    0   45.2 KBytes       
[  4]   4.00-5.00   sec   255 KBytes  2.09 Mbits/sec    0   67.9 KBytes       
[  4]   5.00-6.00   sec   445 KBytes  3.65 Mbits/sec    0    113 KBytes       
[  4]   6.00-7.00   sec   445 KBytes  3.65 Mbits/sec    0    157 KBytes       
[  4]   7.00-8.00   sec   700 KBytes  5.73 Mbits/sec    0    238 KBytes       
[  4]   8.00-9.00   sec   700 KBytes  5.74 Mbits/sec    0    328 KBytes       
[  4]   9.00-10.00  sec   509 KBytes  4.17 Mbits/sec    0    390 KBytes       
[  4]  10.00-11.00  sec  1.06 MBytes  8.86 Mbits/sec    0    533 KBytes       
[  4]  11.00-12.00  sec   382 KBytes  3.12 Mbits/sec    0    585 KBytes       
[  4]  12.00-13.00  sec  1.25 MBytes  10.5 Mbits/sec    0    768 KBytes       
[  4]  13.00-14.01  sec   311 KBytes  2.53 Mbits/sec   17    761 KBytes       
[  4]  14.01-15.00  sec  0.00 Bytes  0.00 bits/sec   80    576 KBytes       
[  4]  15.00-16.00  sec  0.00 Bytes  0.00 bits/sec   64    559 KBytes       
[  4]  16.00-17.00  sec   127 KBytes  1.04 Mbits/sec   54    543 KBytes       
[  4]  17.00-18.00  sec   127 KBytes  1.04 Mbits/sec  153    320 KBytes       
[  4]  18.00-19.00  sec   700 KBytes  5.73 Mbits/sec    3    445 KBytes       
[  4]  19.00-20.00  sec   127 KBytes  1.04 Mbits/sec    4    397 KBytes       
[  4]  20.00-21.00  sec  0.00 Bytes  0.00 bits/sec    0    390 KBytes       
[  4]  21.00-22.00  sec  1.12 MBytes  9.38 Mbits/sec    0    407 KBytes       
[  4]  22.00-23.00  sec   191 KBytes  1.56 Mbits/sec    0    426 KBytes       
[  4]  23.00-24.00  sec   255 KBytes  2.09 Mbits/sec    0    440 KBytes       
[  4]  24.00-25.00  sec   382 KBytes  3.13 Mbits/sec    0    458 KBytes       
[  4]  25.00-26.00  sec   255 KBytes  2.09 Mbits/sec    0    465 KBytes       
[  4]  26.00-26.00  sec  0.00 Bytes  0.00 bits/sec    0    465 KBytes       
- - - - - - - - - - - - - - - - - - - - - - - - -
[ ID] Interval           Transfer     Bandwidth       Retr
[  4]   0.00-26.00  sec  10.1 MBytes  3.26 Mbits/sec  375             sender
[  4]   0.00-26.00  sec  6.09 MBytes  1.96 Mbits/sec                  receiver

iperf Done.
