-----------------------------------------------------------
Server listening on 5202
-----------------------------------------------------------
Accepted connection from 10.0.0.1, port 49015
[  5] local 10.0.0.2 port 5202 connected to 10.0.0.1 port 46112
[ ID] Interval           Transfer     Bandwidth
[  5]   0.00-1.00   sec   274 KBytes  2.25 Mbits/sec                  
[  5]   1.00-2.00   sec   216 KBytes  1.77 Mbits/sec                  
[  5]   2.00-3.00   sec   202 KBytes  1.66 Mbits/sec                  
[  5]   3.00-4.00   sec   188 KBytes  1.54 Mbits/sec                  
[  5]   4.00-5.00   sec   185 KBytes  1.52 Mbits/sec                  
[  5]   5.00-6.00   sec   222 KBytes  1.82 Mbits/sec                  
[  5]   6.00-7.00   sec   243 KBytes  1.99 Mbits/sec                  
[  5]   7.00-8.00   sec   205 KBytes  1.68 Mbits/sec                  
[  5]   8.00-9.00   sec   256 KBytes  2.10 Mbits/sec                  
[  5]   9.00-10.00  sec   262 KBytes  2.14 Mbits/sec                  
[  5]  10.00-11.01  sec   296 KBytes  2.41 Mbits/sec                  
[  5]  11.01-12.02  sec   113 KBytes   917 Kbits/sec                  
[  5]  12.02-13.00  sec   427 KBytes  3.56 Mbits/sec                  
[  5]  13.00-14.00  sec  46.7 KBytes   382 Kbits/sec                  
[  5]  14.00-15.00  sec  5.66 KBytes  46.3 Kbits/sec                  
[  5]  15.00-16.00  sec  0.00 Bytes  0.00 bits/sec                  
[  5]  16.00-17.00  sec  9.90 KBytes  81.1 Kbits/sec                  
[  5]  17.00-18.00  sec  0.00 Bytes  0.00 bits/sec                  
[  5]  18.00-19.00  sec  14.1 KBytes   116 Kbits/sec                  
[  5]  19.00-20.00  sec  1.21 MBytes  10.1 Mbits/sec                  
[  5]  20.00-21.00  sec  42.4 KBytes   347 Kbits/sec                  
[  5]  21.00-22.00  sec   410 KBytes  3.36 Mbits/sec                  
[  5]  22.00-23.00  sec   434 KBytes  3.56 Mbits/sec                  
[  5]  23.00-24.00  sec   136 KBytes  1.11 Mbits/sec                  
[  5]  24.00-25.00  sec   327 KBytes  2.67 Mbits/sec                  
[  5]  25.00-26.00  sec   482 KBytes  3.97 Mbits/sec                  
[  5]  26.00-26.74  sec  0.00 Bytes  0.00 bits/sec                  
- - - - - - - - - - - - - - - - - - - - - - - - -
[ ID] Interval           Transfer     Bandwidth
[  5]   0.00-26.74  sec  0.00 Bytes  0.00 bits/sec                  sender
[  5]   0.00-26.74  sec  6.09 MBytes  1.91 Mbits/sec                  receiver
