-----------------------------------------------------------
Server listening on 5203
-----------------------------------------------------------
Accepted connection from 10.0.0.1, port 43662
[  5] local 10.0.0.2 port 5203 connected to 10.0.0.1 port 46114
[ ID] Interval           Transfer     Bandwidth
[  5]   0.00-1.00   sec   112 KBytes   915 Kbits/sec                  
[  5]   1.00-2.00   sec   123 KBytes  1.01 Mbits/sec                  
[  5]   2.00-3.00   sec   112 KBytes   915 Kbits/sec                  
[  5]   3.00-4.00   sec   130 KBytes  1.07 Mbits/sec                  
[  5]   4.00-5.00   sec   134 KBytes  1.10 Mbits/sec                  
[  5]   5.00-6.00   sec   147 KBytes  1.20 Mbits/sec                  
[  5]   6.00-7.00   sec   133 KBytes  1.09 Mbits/sec                  
[  5]   7.00-8.00   sec   127 KBytes  1.04 Mbits/sec                  
[  5]   8.00-9.00   sec   164 KBytes  1.34 Mbits/sec                  
[  5]   9.00-10.00  sec  86.3 KBytes   707 Kbits/sec                  
[  5]  10.00-11.00  sec   201 KBytes  1.65 Mbits/sec                  
[  5]  11.00-12.00  sec   133 KBytes  1.09 Mbits/sec                  
[  5]  12.00-13.00  sec  0.00 Bytes  0.00 bits/sec                  
[  5]  13.00-14.00  sec  0.00 Bytes  0.00 bits/sec                  
[  5]  14.00-15.00  sec   139 KBytes  1.14 Mbits/sec                  
[  5]  15.00-16.00  sec  87.7 KBytes   718 Kbits/sec                  
[  5]  16.00-17.00  sec  0.00 Bytes  0.00 bits/sec                  
[  5]  17.00-18.00  sec   144 KBytes  1.18 Mbits/sec                  
[  5]  18.00-19.00  sec   758 KBytes  6.21 Mbits/sec                  
[  5]  19.00-20.00  sec  80.5 KBytes   660 Kbits/sec                  
[  5]  20.00-21.00  sec   164 KBytes  1.34 Mbits/sec                  
[  5]  21.00-22.00  sec   256 KBytes  2.10 Mbits/sec                  
[  5]  22.00-23.00  sec  89.1 KBytes   730 Kbits/sec                  
[  5]  23.00-24.00  sec   188 KBytes  1.54 Mbits/sec                  
[  5]  24.00-25.00  sec  94.7 KBytes   776 Kbits/sec                  
[  5]  25.00-26.00  sec   195 KBytes  1.60 Mbits/sec                  
[  5]  26.00-27.00  sec  94.7 KBytes   776 Kbits/sec                  
[  5]  27.00-28.00  sec   199 KBytes  1.63 Mbits/sec                  
[  5]  28.00-29.00  sec  1.41 KBytes  11.6 Kbits/sec                  
[  5]  29.00-30.00  sec   246 KBytes  2.02 Mbits/sec                  
[  5]  30.00-31.00  sec  66.5 KBytes   544 Kbits/sec                  
[  5]  31.00-32.00  sec   120 KBytes   985 Kbits/sec                  
[  5]  32.00-33.00  sec  5.66 KBytes  46.3 Kbits/sec                  
[  5]  33.00-34.00  sec  0.00 Bytes  0.00 bits/sec                  
[  5]  34.00-35.00  sec   240 KBytes  1.97 Mbits/sec                  
[  5]  35.00-36.00  sec   255 KBytes  2.09 Mbits/sec                  
[  5]  36.00-37.00  sec  58.0 KBytes   475 Kbits/sec                  
[  5]  37.00-38.00  sec  0.00 Bytes  0.00 bits/sec                  
[  5]  38.00-39.00  sec  45.2 KBytes   371 Kbits/sec                  
[  5]  39.00-40.00  sec  9.90 KBytes  81.1 Kbits/sec                  
[  5]  40.00-41.00  sec  0.00 Bytes  0.00 bits/sec                  
[  5]  41.00-42.00  sec   369 KBytes  3.03 Mbits/sec                  
[  5]  42.00-43.00  sec  0.00 Bytes  0.00 bits/sec                  
[  5]  43.00-44.00  sec   649 KBytes  5.32 Mbits/sec                  
[  5]  44.00-45.00  sec   100 KBytes   823 Kbits/sec                  
[  5]  45.00-46.00  sec   160 KBytes  1.31 Mbits/sec                  
[  5]  46.00-47.00  sec   168 KBytes  1.38 Mbits/sec                  
[  5]  47.00-48.00  sec   173 KBytes  1.41 Mbits/sec                  
[  5]  48.00-49.00  sec  83.4 KBytes   684 Kbits/sec                  
[  5]  49.00-50.00  sec   163 KBytes  1.33 Mbits/sec                  
[  5]  50.00-51.00  sec   182 KBytes  1.49 Mbits/sec                  
[  5]  51.00-52.00  sec   313 KBytes  2.56 Mbits/sec                  
[  5]  52.00-52.82  sec   235 KBytes  2.34 Mbits/sec                  
- - - - - - - - - - - - - - - - - - - - - - - - -
[ ID] Interval           Transfer     Bandwidth
[  5]   0.00-52.82  sec  0.00 Bytes  0.00 bits/sec                  sender
[  5]   0.00-52.82  sec  7.55 MBytes  1.20 Mbits/sec                  receiver
