-----------------------------------------------------------
Server listening on 5202
-----------------------------------------------------------
Accepted connection from 10.0.0.1, port 44355
[  5] local 10.0.0.2 port 5202 connected to 10.0.0.1 port 46112
[ ID] Interval           Transfer     Bandwidth
[  5]   0.00-1.00   sec   478 KBytes  3.91 Mbits/sec                  
[  5]   1.00-2.00   sec   522 KBytes  4.28 Mbits/sec                  
[  5]   2.00-3.00   sec   560 KBytes  4.59 Mbits/sec                  
[  5]   3.00-4.00   sec   533 KBytes  4.36 Mbits/sec                  
[  5]   4.00-5.00   sec   526 KBytes  4.32 Mbits/sec                  
[  5]   5.00-6.00   sec   576 KBytes  4.71 Mbits/sec                  
[  5]   6.00-7.00   sec   481 KBytes  3.94 Mbits/sec                  
[  5]   7.00-8.00   sec   607 KBytes  4.97 Mbits/sec                  
[  5]   8.00-9.00   sec   533 KBytes  4.37 Mbits/sec                  
[  5]   9.00-10.00  sec   621 KBytes  5.08 Mbits/sec                  
[  5]  10.00-11.00  sec   525 KBytes  4.30 Mbits/sec                  
[  5]  11.00-12.00  sec   604 KBytes  4.95 Mbits/sec                  
[  5]  12.00-13.00  sec   717 KBytes  5.87 Mbits/sec                  
[  5]  13.00-13.44  sec  93.3 KBytes  1.75 Mbits/sec                  
- - - - - - - - - - - - - - - - - - - - - - - - -
[ ID] Interval           Transfer     Bandwidth
[  5]   0.00-13.44  sec  0.00 Bytes  0.00 bits/sec                  sender
[  5]   0.00-13.44  sec  7.20 MBytes  4.50 Mbits/sec                  receiver
