-----------------------------------------------------------
Server listening on 5202
-----------------------------------------------------------
Accepted connection from 10.0.0.1, port 58645
[  5] local 10.0.0.2 port 5202 connected to 10.0.0.1 port 46112
[ ID] Interval           Transfer     Bandwidth
[  5]   0.00-1.00   sec   185 KBytes  1.51 Mbits/sec                  
[  5]   1.00-2.00   sec   161 KBytes  1.32 Mbits/sec                  
[  5]   2.00-3.00   sec   136 KBytes  1.11 Mbits/sec                  
[  5]   3.00-4.00   sec   156 KBytes  1.27 Mbits/sec                  
[  5]   4.00-5.00   sec   150 KBytes  1.23 Mbits/sec                  
[  5]   5.00-6.00   sec   198 KBytes  1.62 Mbits/sec                  
[  5]   6.00-7.00   sec   181 KBytes  1.48 Mbits/sec                  
[  5]   7.00-8.00   sec   255 KBytes  2.09 Mbits/sec                  
[  5]   8.00-9.00   sec   223 KBytes  1.83 Mbits/sec                  
[  5]   9.00-10.00  sec   156 KBytes  1.27 Mbits/sec                  
[  5]  10.00-11.00  sec   287 KBytes  2.35 Mbits/sec                  
[  5]  11.00-12.00  sec   103 KBytes   845 Kbits/sec                  
[  5]  12.00-13.00  sec   365 KBytes  2.99 Mbits/sec                  
[  5]  13.00-14.00  sec  63.6 KBytes   520 Kbits/sec                  
[  5]  14.00-15.00  sec  0.00 Bytes  0.00 bits/sec                  
[  5]  15.00-16.00  sec  0.00 Bytes  0.00 bits/sec                  
[  5]  16.00-17.00  sec   216 KBytes  1.77 Mbits/sec                  
[  5]  17.00-18.00  sec  0.00 Bytes  0.00 bits/sec                  
[  5]  18.00-19.00  sec   612 KBytes  5.02 Mbits/sec                  
[  5]  19.00-20.00  sec  77.8 KBytes   637 Kbits/sec                  
[  5]  20.00-21.00  sec  0.00 Bytes  0.00 bits/sec                  
[  5]  21.00-22.00  sec  1.10 MBytes  9.23 Mbits/sec                  
[  5]  22.00-23.00  sec   239 KBytes  1.96 Mbits/sec                  
[  5]  23.00-24.00  sec   204 KBytes  1.67 Mbits/sec                  
[  5]  24.00-25.00  sec   403 KBytes  3.30 Mbits/sec                  
[  5]  25.00-26.00  sec   270 KBytes  2.21 Mbits/sec                  
[  5]  26.00-27.00  sec   194 KBytes  1.59 Mbits/sec                  
[  5]  27.00-27.70  sec   272 KBytes  3.18 Mbits/sec                  
- - - - - - - - - - - - - - - - - - - - - - - - -
[ ID] Interval           Transfer     Bandwidth
[  5]   0.00-27.70  sec  0.00 Bytes  0.00 bits/sec                  sender
[  5]   0.00-27.70  sec  6.09 MBytes  1.84 Mbits/sec                  receiver
