-----------------------------------------------------------
Server listening on 5201
-----------------------------------------------------------
Accepted connection from 10.0.0.1, port 46607
[  5] local 10.0.0.2 port 5201 connected to 10.0.0.1 port 46110
[ ID] Interval           Transfer     Bandwidth
[  5]   0.00-1.01   sec  1.04 MBytes  8.67 Mbits/sec                  
[  5]   1.01-2.00   sec  1.08 MBytes  9.10 Mbits/sec                  
[  5]   2.00-3.00   sec  1.01 MBytes  8.46 Mbits/sec                  
[  5]   3.00-4.00   sec   993 KBytes  8.13 Mbits/sec                  
[  5]   4.00-5.00   sec   974 KBytes  7.98 Mbits/sec                  
[  5]   5.00-6.00   sec   981 KBytes  8.04 Mbits/sec                  
[  5]   6.00-7.00   sec   936 KBytes  7.67 Mbits/sec                  
[  5]   7.00-8.00   sec   904 KBytes  7.40 Mbits/sec                  
[  5]   8.00-9.00   sec   769 KBytes  6.30 Mbits/sec                  
[  5]   9.00-10.00  sec   748 KBytes  6.13 Mbits/sec                  
[  5]  10.00-11.00  sec   576 KBytes  4.71 Mbits/sec                  
[  5]  11.00-12.00  sec   614 KBytes  5.03 Mbits/sec                  
[  5]  12.00-13.00  sec   711 KBytes  5.83 Mbits/sec                  
[  5]  13.00-14.00  sec   622 KBytes  5.10 Mbits/sec                  
[  5]  14.00-15.00  sec   426 KBytes  3.49 Mbits/sec                  
[  5]  15.00-16.00  sec   752 KBytes  6.16 Mbits/sec                  
[  5]  16.00-17.00  sec   540 KBytes  4.43 Mbits/sec                  
[  5]  17.00-18.00  sec  5.66 KBytes  46.3 Kbits/sec                  
[  5]  18.00-19.00  sec  0.00 Bytes  0.00 bits/sec                  
[  5]  19.00-20.00  sec  87.7 KBytes   719 Kbits/sec                  
[  5]  20.00-21.00  sec  0.00 Bytes  0.00 bits/sec                  
[  5]  21.00-22.00  sec  1.24 MBytes  10.4 Mbits/sec                  
[  5]  22.00-23.00  sec  0.00 Bytes  0.00 bits/sec                  
[  5]  23.00-24.00  sec  2.98 MBytes  25.0 Mbits/sec                  
[  5]  24.00-25.00  sec   402 KBytes  3.29 Mbits/sec                  
[  5]  25.00-26.00  sec   594 KBytes  4.87 Mbits/sec                  
[  5]  26.00-27.00  sec   669 KBytes  5.48 Mbits/sec                  
[  5]  27.00-28.00  sec   503 KBytes  4.12 Mbits/sec                  
[  5]  28.00-29.00  sec   561 KBytes  4.60 Mbits/sec                  
[  5]  29.00-30.00  sec   590 KBytes  4.83 Mbits/sec                  
[  5]  30.00-31.00  sec   535 KBytes  4.38 Mbits/sec                  
[  5]  31.00-32.00  sec   605 KBytes  4.96 Mbits/sec                  
[  5]  32.00-33.00  sec   554 KBytes  4.54 Mbits/sec                  
[  5]  33.00-34.00  sec   576 KBytes  4.72 Mbits/sec                  
[  5]  34.00-35.00  sec   597 KBytes  4.89 Mbits/sec                  
[  5]  35.00-36.00  sec   407 KBytes  3.34 Mbits/sec                  
[  5]  36.00-37.00  sec   602 KBytes  4.94 Mbits/sec                  
[  5]  37.00-38.00  sec   280 KBytes  2.29 Mbits/sec                  
[  5]  38.00-39.00  sec   691 KBytes  5.67 Mbits/sec                  
[  5]  39.00-40.00  sec   440 KBytes  3.60 Mbits/sec                  
[  5]  40.00-41.00  sec   609 KBytes  4.99 Mbits/sec                  
[  5]  41.00-42.00  sec  14.1 KBytes   116 Kbits/sec                  
[  5]  42.00-43.00  sec  0.00 Bytes  0.00 bits/sec                  
[  5]  43.00-44.00  sec  65.0 KBytes   533 Kbits/sec                  
[  5]  44.00-45.00  sec  0.00 Bytes  0.00 bits/sec                  
[  5]  45.00-46.00  sec   679 KBytes  5.56 Mbits/sec                  
[  5]  46.00-47.00  sec  5.66 KBytes  46.3 Kbits/sec                  
[  5]  47.00-48.00  sec  1.01 MBytes  8.49 Mbits/sec                  
[  5]  48.00-49.00  sec   170 KBytes  1.39 Mbits/sec                  
[  5]  49.00-50.00  sec   238 KBytes  1.95 Mbits/sec                  
[  5]  50.00-51.00  sec  22.6 KBytes   185 Kbits/sec                  
[  5]  51.00-52.00  sec  0.00 Bytes  0.00 bits/sec                  
[  5]  52.00-53.00  sec  2.25 MBytes  18.9 Mbits/sec                  
[  5]  53.00-54.00  sec  1.91 MBytes  16.0 Mbits/sec                  
[  5]  54.00-55.00  sec   413 KBytes  3.38 Mbits/sec                  
[  5]  55.00-56.00  sec   438 KBytes  3.59 Mbits/sec                  
[  5]  56.00-57.00  sec   468 KBytes  3.83 Mbits/sec                  
[  5]  57.00-58.00  sec   486 KBytes  3.98 Mbits/sec                  
[  5]  58.00-59.00  sec   385 KBytes  3.15 Mbits/sec                  
[  5]  59.00-60.00  sec   554 KBytes  4.54 Mbits/sec                  
[  5]  60.00-61.00  sec   373 KBytes  3.06 Mbits/sec                  
[  5]  61.00-62.00  sec   390 KBytes  3.20 Mbits/sec                  
[  5]  62.00-63.00  sec   431 KBytes  3.53 Mbits/sec                  
[  5]  63.00-64.00  sec   339 KBytes  2.78 Mbits/sec                  
[  5]  64.00-65.00  sec   279 KBytes  2.28 Mbits/sec                  
[  5]  65.00-66.00  sec   345 KBytes  2.83 Mbits/sec                  
[  5]  66.00-67.00  sec   290 KBytes  2.37 Mbits/sec                  
[  5]  67.00-68.00  sec  38.2 KBytes   313 Kbits/sec                  
[  5]  68.00-69.00  sec  0.00 Bytes  0.00 bits/sec                  
[  5]  69.00-70.00  sec  0.00 Bytes  0.00 bits/sec                  
[  5]  70.00-71.00  sec   477 KBytes  3.91 Mbits/sec                  
[  5]  71.00-72.00  sec  26.9 KBytes   220 Kbits/sec                  
[  5]  72.00-73.00  sec   134 KBytes  1.10 Mbits/sec                  
[  5]  73.00-74.00  sec  0.00 Bytes  0.00 bits/sec                  
[  5]  74.00-75.00  sec  0.00 Bytes  0.00 bits/sec                  
[  5]  75.00-76.00  sec   499 KBytes  4.09 Mbits/sec                  
[  5]  76.00-77.00  sec  1.41 KBytes  11.6 Kbits/sec                  
[  5]  77.00-77.31  sec  0.00 Bytes  0.00 bits/sec                  
- - - - - - - - - - - - - - - - - - - - - - - - -
[ ID] Interval           Transfer     Bandwidth
[  5]   0.00-77.31  sec  0.00 Bytes  0.00 bits/sec                  sender
[  5]   0.00-77.31  sec  39.3 MBytes  4.26 Mbits/sec                  receiver
