-----------------------------------------------------------
Server listening on 5205
-----------------------------------------------------------
Accepted connection from 10.0.0.1, port 39810
[  5] local 10.0.0.2 port 5205 connected to 10.0.0.1 port 46118
[ ID] Interval           Transfer     Bandwidth
[  5]   0.00-1.00   sec   130 KBytes  1.07 Mbits/sec                  
[  5]   1.00-2.00   sec   153 KBytes  1.25 Mbits/sec                  
[  5]   2.00-3.00   sec   117 KBytes   961 Kbits/sec                  
[  5]   3.00-4.00   sec   139 KBytes  1.14 Mbits/sec                  
[  5]   4.00-5.00   sec   143 KBytes  1.17 Mbits/sec                  
[  5]   5.00-6.00   sec   147 KBytes  1.20 Mbits/sec                  
[  5]   6.00-7.00   sec   137 KBytes  1.12 Mbits/sec                  
[  5]   7.00-8.00   sec   106 KBytes   869 Kbits/sec                  
[  5]   8.00-9.00   sec   180 KBytes  1.47 Mbits/sec                  
[  5]   9.00-10.00  sec   161 KBytes  1.32 Mbits/sec                  
[  5]  10.00-11.00  sec   115 KBytes   939 Kbits/sec                  
[  5]  11.00-12.00  sec   242 KBytes  1.98 Mbits/sec                  
[  5]  12.00-13.00  sec  5.66 KBytes  46.3 Kbits/sec                  
[  5]  13.00-14.00  sec  0.00 Bytes  0.00 bits/sec                  
[  5]  14.00-15.00  sec   161 KBytes  1.32 Mbits/sec                  
[  5]  15.00-16.00  sec   132 KBytes  1.08 Mbits/sec                  
[  5]  16.00-17.00  sec  0.00 Bytes  0.00 bits/sec                  
[  5]  17.00-18.00  sec  17.0 KBytes   139 Kbits/sec                  
[  5]  18.00-19.00  sec   798 KBytes  6.54 Mbits/sec                  
[  5]  19.00-20.00  sec   211 KBytes  1.73 Mbits/sec                  
[  5]  20.00-21.00  sec   274 KBytes  2.25 Mbits/sec                  
[  5]  21.00-22.00  sec  45.2 KBytes   371 Kbits/sec                  
[  5]  22.00-23.00  sec   250 KBytes  2.05 Mbits/sec                  
[  5]  23.00-24.00  sec  48.1 KBytes   394 Kbits/sec                  
[  5]  24.00-25.00  sec   263 KBytes  2.16 Mbits/sec                  
[  5]  25.00-26.00  sec  48.1 KBytes   394 Kbits/sec                  
[  5]  26.00-27.00  sec   266 KBytes  2.18 Mbits/sec                  
[  5]  27.00-28.00  sec  52.3 KBytes   429 Kbits/sec                  
[  5]  28.00-29.00  sec   105 KBytes   857 Kbits/sec                  
[  5]  29.00-30.00  sec   177 KBytes  1.45 Mbits/sec                  
[  5]  30.00-31.00  sec  63.6 KBytes   521 Kbits/sec                  
[  5]  31.00-32.00  sec  0.00 Bytes  0.00 bits/sec                  
[  5]  32.00-33.00  sec  0.00 Bytes  0.00 bits/sec                  
[  5]  33.00-34.00  sec   318 KBytes  2.61 Mbits/sec                  
[  5]  34.00-35.00  sec   168 KBytes  1.38 Mbits/sec                  
[  5]  35.00-36.00  sec  99.0 KBytes   811 Kbits/sec                  
[  5]  36.00-37.00  sec  0.00 Bytes  0.00 bits/sec                  
[  5]  37.00-38.00  sec   437 KBytes  3.58 Mbits/sec                  
[  5]  38.00-39.00  sec  2.83 KBytes  23.2 Kbits/sec                  
[  5]  39.00-40.00  sec   318 KBytes  2.61 Mbits/sec                  
[  5]  40.00-41.00  sec   115 KBytes   938 Kbits/sec                  
[  5]  41.00-42.00  sec  83.4 KBytes   684 Kbits/sec                  
[  5]  42.00-43.00  sec   102 KBytes   834 Kbits/sec                  
[  5]  43.00-44.00  sec   133 KBytes  1.09 Mbits/sec                  
[  5]  44.00-45.00  sec  33.9 KBytes   278 Kbits/sec                  
[  5]  45.00-46.00  sec   136 KBytes  1.11 Mbits/sec                  
[  5]  46.00-47.00  sec   157 KBytes  1.29 Mbits/sec                  
[  5]  47.00-48.00  sec   124 KBytes  1.01 Mbits/sec                  
[  5]  48.00-49.00  sec   133 KBytes  1.09 Mbits/sec                  
[  5]  49.00-50.00  sec   185 KBytes  1.52 Mbits/sec                  
[  5]  50.00-51.00  sec   167 KBytes  1.37 Mbits/sec                  
[  5]  51.00-52.00  sec   140 KBytes  1.15 Mbits/sec                  
- - - - - - - - - - - - - - - - - - - - - - - - -
[ ID] Interval           Transfer     Bandwidth
[  5]   0.00-52.00  sec  0.00 Bytes  0.00 bits/sec                  sender
[  5]   0.00-52.00  sec  7.36 MBytes  1.19 Mbits/sec                  receiver
