-----------------------------------------------------------
Server listening on 5208
-----------------------------------------------------------
Accepted connection from 10.0.0.1, port 45830
[  5] local 10.0.0.2 port 5208 connected to 10.0.0.1 port 46124
[ ID] Interval           Transfer     Bandwidth
[  5]   0.00-1.00   sec   112 KBytes   915 Kbits/sec                  
[  5]   1.00-2.00   sec   105 KBytes   857 Kbits/sec                  
[  5]   2.00-3.00   sec   129 KBytes  1.05 Mbits/sec                  
[  5]   3.00-4.00   sec   127 KBytes  1.04 Mbits/sec                  
[  5]   4.00-5.00   sec   107 KBytes   880 Kbits/sec                  
[  5]   5.00-6.00   sec   130 KBytes  1.07 Mbits/sec                  
[  5]   6.00-7.00   sec   124 KBytes  1.02 Mbits/sec                  
[  5]   7.00-8.00   sec   119 KBytes   973 Kbits/sec                  
[  5]   8.00-9.00   sec   153 KBytes  1.25 Mbits/sec                  
[  5]   9.00-10.00  sec   100 KBytes   822 Kbits/sec                  
[  5]  10.00-11.00  sec   167 KBytes  1.37 Mbits/sec                  
[  5]  11.00-12.00  sec   103 KBytes   846 Kbits/sec                  
[  5]  12.00-13.00  sec  5.66 KBytes  46.3 Kbits/sec                  
[  5]  13.00-14.00  sec  0.00 Bytes  0.00 bits/sec                  
[  5]  14.00-15.00  sec  15.6 KBytes   128 Kbits/sec                  
[  5]  15.00-16.00  sec  15.6 KBytes   127 Kbits/sec                  
[  5]  16.00-17.00  sec  0.00 Bytes  0.00 bits/sec                  
[  5]  17.00-18.00  sec   488 KBytes  4.00 Mbits/sec                  
[  5]  18.00-19.00  sec  0.00 Bytes  0.00 bits/sec                  
[  5]  19.00-20.00  sec  41.0 KBytes   336 Kbits/sec                  
[  5]  20.00-21.00  sec  46.7 KBytes   382 Kbits/sec                  
[  5]  21.00-22.00  sec   208 KBytes  1.70 Mbits/sec                  
[  5]  22.00-23.00  sec   181 KBytes  1.48 Mbits/sec                  
[  5]  23.00-24.00  sec  48.1 KBytes   394 Kbits/sec                  
[  5]  24.00-25.00  sec   199 KBytes  1.63 Mbits/sec                  
[  5]  25.00-26.00  sec  52.3 KBytes   429 Kbits/sec                  
[  5]  26.00-27.00  sec   206 KBytes  1.69 Mbits/sec                  
[  5]  27.00-28.00  sec  58.0 KBytes   475 Kbits/sec                  
[  5]  28.00-29.00  sec   211 KBytes  1.73 Mbits/sec                  
[  5]  29.00-30.00  sec  56.6 KBytes   463 Kbits/sec                  
[  5]  30.00-31.00  sec  31.1 KBytes   254 Kbits/sec                  
[  5]  31.00-32.00  sec   198 KBytes  1.63 Mbits/sec                  
[  5]  32.00-33.00  sec  59.4 KBytes   486 Kbits/sec                  
[  5]  33.00-34.00  sec  0.00 Bytes  0.00 bits/sec                  
[  5]  34.00-35.00  sec  0.00 Bytes  0.00 bits/sec                  
[  5]  35.00-36.00  sec   273 KBytes  2.24 Mbits/sec                  
[  5]  36.00-37.00  sec   151 KBytes  1.24 Mbits/sec                  
[  5]  37.00-38.00  sec  58.0 KBytes   475 Kbits/sec                  
[  5]  38.00-39.00  sec  0.00 Bytes  0.00 bits/sec                  
[  5]  39.00-40.00  sec  1.41 KBytes  11.6 Kbits/sec                  
[  5]  40.00-41.01  sec  1.41 KBytes  11.5 Kbits/sec                  
[  5]  41.01-42.00  sec  18.4 KBytes   152 Kbits/sec                  
[  5]  42.00-43.00  sec  0.00 Bytes  0.00 bits/sec                  
[  5]  43.00-44.00  sec   790 KBytes  6.48 Mbits/sec                  
[  5]  44.00-45.00  sec   106 KBytes   868 Kbits/sec                  
[  5]  45.00-46.00  sec   116 KBytes   951 Kbits/sec                  
[  5]  46.00-47.00  sec   141 KBytes  1.16 Mbits/sec                  
[  5]  47.00-48.00  sec   143 KBytes  1.17 Mbits/sec                  
[  5]  48.00-49.00  sec   153 KBytes  1.25 Mbits/sec                  
[  5]  49.00-50.00  sec   294 KBytes  2.41 Mbits/sec                  
[  5]  50.00-51.02  sec   293 KBytes  2.35 Mbits/sec                  
[  5]  51.02-52.00  sec   465 KBytes  3.89 Mbits/sec                  
[  5]  52.00-53.00  sec   518 KBytes  4.24 Mbits/sec                  
[  5]  53.00-53.99  sec  1.12 MBytes  9.54 Mbits/sec                  
- - - - - - - - - - - - - - - - - - - - - - - - -
[ ID] Interval           Transfer     Bandwidth
[  5]   0.00-53.99  sec  0.00 Bytes  0.00 bits/sec                  sender
[  5]   0.00-53.99  sec  8.07 MBytes  1.25 Mbits/sec                  receiver
