-----------------------------------------------------------
Server listening on 5203
-----------------------------------------------------------
Accepted connection from 10.0.0.1, port 59451
[  5] local 10.0.0.2 port 5203 connected to 10.0.0.1 port 46114
[ ID] Interval           Transfer     Bandwidth
[  5]   0.00-1.00   sec   130 KBytes  1.06 Mbits/sec                  
[  5]   1.00-2.00   sec   133 KBytes  1.09 Mbits/sec                  
[  5]   2.00-3.00   sec   105 KBytes   858 Kbits/sec                  
[  5]   3.00-4.00   sec   116 KBytes   950 Kbits/sec                  
[  5]   4.00-5.00   sec   136 KBytes  1.11 Mbits/sec                  
[  5]   5.00-6.00   sec   173 KBytes  1.41 Mbits/sec                  
[  5]   6.00-7.00   sec   174 KBytes  1.42 Mbits/sec                  
[  5]   7.00-8.00   sec   189 KBytes  1.55 Mbits/sec                  
[  5]   8.00-9.00   sec   178 KBytes  1.46 Mbits/sec                  
[  5]   9.00-10.00  sec   249 KBytes  2.04 Mbits/sec                  
[  5]  10.00-11.00  sec   139 KBytes  1.14 Mbits/sec                  
[  5]  11.00-12.00  sec   277 KBytes  2.27 Mbits/sec                  
[  5]  12.00-13.00  sec  70.7 KBytes   579 Kbits/sec                  
[  5]  13.00-14.00  sec  2.83 KBytes  23.1 Kbits/sec                  
[  5]  14.00-15.00  sec  0.00 Bytes  0.00 bits/sec                  
[  5]  15.00-16.00  sec  63.6 KBytes   521 Kbits/sec                  
[  5]  16.00-17.00  sec  0.00 Bytes  0.00 bits/sec                  
[  5]  17.00-18.00  sec   445 KBytes  3.65 Mbits/sec                  
[  5]  18.00-19.00  sec  0.00 Bytes  0.00 bits/sec                  
[  5]  19.00-20.00  sec   293 KBytes  2.40 Mbits/sec                  
[  5]  20.00-21.00  sec   960 KBytes  7.87 Mbits/sec                  
[  5]  21.00-22.00  sec   143 KBytes  1.17 Mbits/sec                  
[  5]  22.00-23.00  sec   279 KBytes  2.28 Mbits/sec                  
[  5]  23.00-24.00  sec   354 KBytes  2.90 Mbits/sec                  
[  5]  24.00-25.00  sec   100 KBytes   822 Kbits/sec                  
[  5]  25.00-26.00  sec   277 KBytes  2.27 Mbits/sec                  
[  5]  26.00-27.00  sec   383 KBytes  3.14 Mbits/sec                  
[  5]  27.00-28.00  sec   389 KBytes  3.19 Mbits/sec                  
[  5]  28.00-29.00  sec   389 KBytes  3.19 Mbits/sec                  
[  5]  29.00-30.00  sec   219 KBytes  1.80 Mbits/sec                  
[  5]  30.00-31.00  sec   188 KBytes  1.54 Mbits/sec                  
[  5]  31.00-32.00  sec   426 KBytes  3.49 Mbits/sec                  
[  5]  32.00-32.82  sec  0.00 Bytes  0.00 bits/sec                  
- - - - - - - - - - - - - - - - - - - - - - - - -
[ ID] Interval           Transfer     Bandwidth
[  5]   0.00-32.82  sec  0.00 Bytes  0.00 bits/sec                  sender
[  5]   0.00-32.82  sec  6.82 MBytes  1.74 Mbits/sec                  receiver
