Connecting to host 10.0.0.2, port 5201
[  4] local 10.0.0.1 port 46110 connected to 10.0.0.2 port 5201
[ ID] Interval           Transfer     Bandwidth       Retr  Cwnd
[  4]   0.00-1.00   sec  2.22 MBytes  18.6 Mbits/sec    0    198 KBytes       
[  4]   1.00-2.00   sec  1.24 MBytes  10.5 Mbits/sec    0    249 KBytes       
[  4]   2.00-3.00   sec  1.18 MBytes  9.91 Mbits/sec    0    297 KBytes       
[  4]   3.00-4.00   sec  1.18 MBytes  9.90 Mbits/sec    0    344 KBytes       
[  4]   4.00-5.00   sec  1.18 MBytes  9.91 Mbits/sec    0    390 KBytes       
[  4]   5.00-6.00   sec  1.24 MBytes  10.4 Mbits/sec    0    440 KBytes       
[  4]   6.00-7.00   sec  1.18 MBytes  9.91 Mbits/sec    0    488 KBytes       
[  4]   7.00-8.00   sec  1018 KBytes  8.33 Mbits/sec    0    529 KBytes       
[  4]   8.00-9.00   sec  1.06 MBytes  8.87 Mbits/sec    0    570 KBytes       
[  4]   9.00-10.00  sec   954 KBytes  7.81 Mbits/sec    0    619 KBytes       
[  4]  10.00-11.00  sec  1.55 MBytes  13.0 Mbits/sec    0    752 KBytes       
[  4]  11.00-12.00  sec  1.25 MBytes  10.5 Mbits/sec    0    915 KBytes       
[  4]  12.00-13.00  sec  1.25 MBytes  10.5 Mbits/sec    0   1.07 MBytes       
[  4]  13.00-14.00  sec  1.25 MBytes  10.5 Mbits/sec    0   1.23 MBytes       
[  4]  14.00-15.00  sec  2.50 MBytes  21.0 Mbits/sec    0   1.55 MBytes       
[  4]  15.00-16.00  sec  1.25 MBytes  10.5 Mbits/sec    0   1.65 MBytes       
[  4]  16.00-17.00  sec  2.50 MBytes  21.0 Mbits/sec    0   2.10 MBytes       
[  4]  17.00-18.00  sec  1.25 MBytes  10.5 Mbits/sec    0   2.37 MBytes       
[  4]  18.00-19.00  sec  1.25 MBytes  10.5 Mbits/sec  210   1.89 MBytes       
[  4]  19.00-20.00  sec  1.11 MBytes  9.30 Mbits/sec  232   1.66 MBytes       
[  4]  20.00-21.00  sec   255 KBytes  2.09 Mbits/sec  163   1.66 MBytes       
[  4]  21.00-22.00  sec   191 KBytes  1.56 Mbits/sec  416   1.52 MBytes       
[  4]  22.00-23.00  sec  1.25 MBytes  10.5 Mbits/sec  263   1.23 MBytes       
[  4]  23.00-24.00  sec   374 KBytes  3.07 Mbits/sec   94    658 KBytes       
[  4]  24.00-25.00  sec  1.25 MBytes  10.5 Mbits/sec   16    512 KBytes       
[  4]  25.00-26.00  sec  1.25 MBytes  10.5 Mbits/sec    1   1.16 MBytes       
[  4]  26.00-27.00  sec  1.25 MBytes  10.5 Mbits/sec    0   1.18 MBytes       
[  4]  27.00-28.00  sec  1.25 MBytes  10.5 Mbits/sec    0   1.24 MBytes       
[  4]  28.00-29.00  sec  1.25 MBytes  10.5 Mbits/sec    0   1.28 MBytes       
[  4]  29.00-30.00  sec   727 KBytes  5.96 Mbits/sec    0   1.32 MBytes       
[  4]  30.00-31.00  sec   700 KBytes  5.73 Mbits/sec    0   1.35 MBytes       
[  4]  31.00-32.00  sec   636 KBytes  5.22 Mbits/sec    0   1.37 MBytes       
[  4]  32.00-33.00  sec   827 KBytes  6.77 Mbits/sec    0   1.39 MBytes       
[  4]  33.00-34.00  sec   573 KBytes  4.69 Mbits/sec    0   1.39 MBytes       
[  4]  34.00-35.00  sec   827 KBytes  6.78 Mbits/sec    0   1.40 MBytes       
[  4]  35.00-36.00  sec   573 KBytes  4.69 Mbits/sec    0   1.40 MBytes       
[  4]  36.00-37.00  sec   827 KBytes  6.77 Mbits/sec    0   1.41 MBytes       
[  4]  37.00-38.00  sec   636 KBytes  5.21 Mbits/sec    0   1.42 MBytes       
[  4]  38.00-39.00  sec   764 KBytes  6.26 Mbits/sec    0   1.45 MBytes       
[  4]  39.00-40.00  sec   636 KBytes  5.21 Mbits/sec    0   1.48 MBytes       
[  4]  40.00-41.00  sec   636 KBytes  5.21 Mbits/sec    0   1.53 MBytes       
[  4]  41.00-42.00  sec   827 KBytes  6.78 Mbits/sec    0   1.60 MBytes       
[  4]  42.00-43.00  sec   382 KBytes  3.13 Mbits/sec    0   1.65 MBytes       
[  4]  43.00-44.00  sec   827 KBytes  6.77 Mbits/sec    0   1.78 MBytes       
[  4]  44.00-45.00  sec   127 KBytes  1.04 Mbits/sec   11   1.73 MBytes       
[  4]  45.00-46.00  sec  0.00 Bytes  0.00 bits/sec  105   1.27 MBytes       
[  4]  46.00-47.00  sec  0.00 Bytes  0.00 bits/sec   43   1.26 MBytes       
[  4]  47.00-48.00  sec  0.00 Bytes  0.00 bits/sec   71   1.26 MBytes       
[  4]  48.00-49.00  sec  1.25 MBytes  10.5 Mbits/sec   87   1.26 MBytes       
[  4]  49.00-50.00  sec  56.3 KBytes   461 Kbits/sec  138   1.26 MBytes       
[  4]  50.00-51.00  sec   191 KBytes  1.56 Mbits/sec  138   1.26 MBytes       
[  4]  51.00-52.00  sec  1018 KBytes  8.34 Mbits/sec  116    974 KBytes       
[  4]  52.00-53.00  sec  0.00 Bytes  0.00 bits/sec   95    905 KBytes       
[  4]  53.00-54.00  sec  1.25 MBytes  10.5 Mbits/sec   29    905 KBytes       
[  4]  54.00-55.00  sec   184 KBytes  1.50 Mbits/sec    3    905 KBytes       
[  4]  55.00-56.00  sec  0.00 Bytes  0.00 bits/sec   37    905 KBytes       
[  4]  56.00-57.00  sec  2.50 MBytes  21.0 Mbits/sec    0    778 KBytes       
[  4]  57.00-58.00  sec  1.25 MBytes  10.5 Mbits/sec    0    642 KBytes       
[  4]  58.00-59.00  sec  1.25 MBytes  10.5 Mbits/sec    0    680 KBytes       
[  4]  59.00-60.00  sec  1.25 MBytes  10.5 Mbits/sec    0    714 KBytes       
[  4]  60.00-61.00  sec  1.25 MBytes  10.5 Mbits/sec    0    740 KBytes       
[  4]  61.00-62.00  sec  1.25 MBytes  10.5 Mbits/sec    0    755 KBytes       
[  4]  62.00-63.00  sec   967 KBytes  7.92 Mbits/sec    0    764 KBytes       
[  4]  63.00-64.00  sec   764 KBytes  6.26 Mbits/sec    0    768 KBytes       
[  4]  64.00-65.00  sec   764 KBytes  6.26 Mbits/sec    0    769 KBytes       
[  4]  65.00-66.00  sec   700 KBytes  5.74 Mbits/sec    0    772 KBytes       
[  4]  66.00-67.00  sec   764 KBytes  6.25 Mbits/sec    0    779 KBytes       
[  4]  67.00-68.00  sec   764 KBytes  6.25 Mbits/sec    0    795 KBytes       
[  4]  68.00-69.00  sec   764 KBytes  6.26 Mbits/sec    0    822 KBytes       
[  4]  69.00-70.00  sec   636 KBytes  5.21 Mbits/sec    0    858 KBytes       
[  4]  70.00-71.00  sec   636 KBytes  5.21 Mbits/sec    0    906 KBytes       
[  4]  71.00-72.00  sec   636 KBytes  5.22 Mbits/sec    0    970 KBytes       
[  4]  72.00-73.00  sec   700 KBytes  5.73 Mbits/sec    0   1.05 MBytes       
[  4]  73.00-74.00  sec   573 KBytes  4.70 Mbits/sec    0   1.15 MBytes       
[  4]  74.00-75.00  sec   636 KBytes  5.21 Mbits/sec    0   1.28 MBytes       
[  4]  75.00-76.00  sec   509 KBytes  4.17 Mbits/sec    0   1.44 MBytes       
[  4]  76.00-77.00  sec   636 KBytes  5.21 Mbits/sec    0   1.63 MBytes       
[  4]  77.00-78.00  sec   255 KBytes  2.09 Mbits/sec    0   1.78 MBytes       
[  4]  78.00-79.00  sec   127 KBytes  1.04 Mbits/sec  108   1.50 MBytes       
[  4]  79.00-80.00  sec  0.00 Bytes  0.00 bits/sec   68   1.31 MBytes       
[  4]  80.00-81.00  sec   509 KBytes  4.17 Mbits/sec  169   1.28 MBytes       
[  4]  81.00-82.00  sec  63.6 KBytes   521 Kbits/sec  268   1.17 MBytes       
[  4]  82.00-83.00  sec   127 KBytes  1.04 Mbits/sec  103   1.28 MBytes       
[  4]  83.00-84.00  sec  0.00 Bytes  0.00 bits/sec  256   1.28 MBytes       
[  4]  84.00-85.00  sec  1.06 MBytes  8.86 Mbits/sec  114   1.16 MBytes       
[  4]  85.00-86.00  sec   445 KBytes  3.65 Mbits/sec  159    919 KBytes       
[  4]  86.00-87.00  sec  0.00 Bytes  0.00 bits/sec   57    919 KBytes       
[  4]  87.00-88.00  sec  63.6 KBytes   521 Kbits/sec   73    919 KBytes       
[  4]  88.00-89.00  sec  0.00 Bytes  0.00 bits/sec   65    919 KBytes       
[  4]  89.00-90.00  sec  0.00 Bytes  0.00 bits/sec   77    919 KBytes       
[  4]  90.00-91.00  sec  63.6 KBytes   521 Kbits/sec   55    919 KBytes       
[  4]  91.00-92.00  sec  0.00 Bytes  0.00 bits/sec   31    919 KBytes       
[  4]  92.00-93.00  sec   382 KBytes  3.13 Mbits/sec   45    462 KBytes       
[  4]  93.00-94.00  sec  3.75 MBytes  31.5 Mbits/sec   10    648 KBytes       
[  4]  94.00-95.00  sec  1.25 MBytes  10.5 Mbits/sec    0    680 KBytes       
[  4]  95.00-96.00  sec  1.25 MBytes  10.5 Mbits/sec    0    713 KBytes       
[  4]  96.00-97.00  sec  1.25 MBytes  10.5 Mbits/sec    0    737 KBytes       
[  4]  97.00-98.00  sec  1.25 MBytes  10.5 Mbits/sec    0    752 KBytes       
[  4]  98.00-99.00  sec  1.01 MBytes  8.44 Mbits/sec    0    768 KBytes       
[  4]  99.00-100.00 sec   764 KBytes  6.26 Mbits/sec    0    776 KBytes       
[  4] 100.00-101.00 sec   509 KBytes  4.17 Mbits/sec    0    778 KBytes       
[  4] 101.00-102.00 sec   382 KBytes  3.13 Mbits/sec    0    781 KBytes       
[  4] 102.00-103.00 sec   700 KBytes  5.74 Mbits/sec    0    786 KBytes       
[  4] 103.00-104.00 sec   700 KBytes  5.73 Mbits/sec    0    800 KBytes       
[  4] 104.00-105.00 sec   445 KBytes  3.65 Mbits/sec    0    819 KBytes       
[  4] 105.00-106.00 sec   445 KBytes  3.65 Mbits/sec    0    840 KBytes       
[  4] 106.00-107.00 sec   764 KBytes  6.26 Mbits/sec    0    897 KBytes       
[  4] 107.00-108.00 sec   573 KBytes  4.69 Mbits/sec    0    974 KBytes       
[  4] 108.00-109.00 sec   318 KBytes  2.60 Mbits/sec    0   1015 KBytes       
[  4] 109.00-110.00 sec   827 KBytes  6.78 Mbits/sec    0   1.14 MBytes       
[  4] 110.00-111.00 sec   318 KBytes  2.61 Mbits/sec    0   1.22 MBytes       
[  4] 111.00-112.00 sec   764 KBytes  6.25 Mbits/sec    0   1.40 MBytes       
[  4] 112.00-113.00 sec   191 KBytes  1.56 Mbits/sec    0   1.50 MBytes       
[  4] 113.00-114.00 sec  1018 KBytes  8.35 Mbits/sec    0   1.84 MBytes       
[  4] 114.00-115.00 sec  0.00 Bytes  0.00 bits/sec   21   1.80 MBytes       
[  4] 115.00-116.00 sec  0.00 Bytes  0.00 bits/sec  216   1.30 MBytes       
[  4] 116.00-117.00 sec  0.00 Bytes  0.00 bits/sec   91   1.30 MBytes       
[  4] 117.00-118.00 sec  0.00 Bytes  0.00 bits/sec  235   1.30 MBytes       
[  4] 118.00-119.00 sec  0.00 Bytes  0.00 bits/sec   97   1.30 MBytes       
[  4] 119.00-120.00 sec  0.00 Bytes  0.00 bits/sec  245   1.30 MBytes       
[  4] 120.00-121.00 sec  1.25 MBytes  10.5 Mbits/sec  257   1.29 MBytes       
[  4] 121.00-122.00 sec  56.3 KBytes   461 Kbits/sec   54   1.30 MBytes       
[  4] 122.00-123.00 sec   509 KBytes  4.17 Mbits/sec  204   1.16 MBytes       
[  4] 123.00-124.00 sec   318 KBytes  2.61 Mbits/sec  129    930 KBytes       
[  4] 124.00-125.00 sec  0.00 Bytes  0.00 bits/sec   59    930 KBytes       
[  4] 125.00-126.00 sec   382 KBytes  3.13 Mbits/sec   52    930 KBytes       
[  4] 126.00-127.00 sec   255 KBytes  2.09 Mbits/sec   48    833 KBytes       
[  4] 127.00-128.00 sec  1.25 MBytes  10.5 Mbits/sec    3    829 KBytes       
[  4] 128.00-129.00 sec  2.50 MBytes  21.0 Mbits/sec    0    716 KBytes       
[  4] 129.00-130.00 sec  1.25 MBytes  10.5 Mbits/sec    0    656 KBytes       
[  4] 130.00-131.00 sec  1.25 MBytes  10.5 Mbits/sec    0    680 KBytes       
[  4] 131.00-132.00 sec  1.25 MBytes  10.5 Mbits/sec    0    716 KBytes       
[  4] 132.00-133.00 sec  1.14 MBytes  9.54 Mbits/sec    0    749 KBytes       
[  4] 133.00-134.00 sec   700 KBytes  5.74 Mbits/sec    0    771 KBytes       
[  4] 134.00-135.00 sec   509 KBytes  4.17 Mbits/sec    0    781 KBytes       
[  4] 135.00-136.00 sec   573 KBytes  4.69 Mbits/sec    0    786 KBytes       
[  4] 136.00-137.00 sec   509 KBytes  4.17 Mbits/sec    0    788 KBytes       
[  4] 137.00-138.00 sec   764 KBytes  6.26 Mbits/sec    0    792 KBytes       
[  4] 138.00-139.00 sec   636 KBytes  5.21 Mbits/sec    0    798 KBytes       
[  4] 139.00-140.00 sec   509 KBytes  4.17 Mbits/sec    0    809 KBytes       
[  4] 140.00-141.00 sec   445 KBytes  3.65 Mbits/sec    0    823 KBytes       
[  4] 141.00-142.00 sec   827 KBytes  6.77 Mbits/sec    0    864 KBytes       
[  4] 142.00-143.00 sec   573 KBytes  4.69 Mbits/sec    0    918 KBytes       
[  4] 143.00-144.00 sec   445 KBytes  3.65 Mbits/sec    0    967 KBytes       
[  4] 144.00-145.00 sec   700 KBytes  5.73 Mbits/sec    0   1.04 MBytes       
[  4] 145.00-146.00 sec   509 KBytes  4.17 Mbits/sec    0   1.15 MBytes       
[  4] 146.00-147.00 sec   445 KBytes  3.65 Mbits/sec    0   1.24 MBytes       
[  4] 147.00-148.00 sec   636 KBytes  5.22 Mbits/sec    0   1.43 MBytes       
[  4] 148.00-149.00 sec   509 KBytes  4.17 Mbits/sec    0   1.57 MBytes       
[  4] 149.00-150.00 sec   382 KBytes  3.13 Mbits/sec    0   1.77 MBytes       
[  4] 150.00-151.00 sec  0.00 Bytes  0.00 bits/sec  136   1.35 MBytes       
[  4] 151.00-152.00 sec  0.00 Bytes  0.00 bits/sec   19   1.30 MBytes       
[  4] 152.00-153.00 sec  0.00 Bytes  0.00 bits/sec  195   1.25 MBytes       
[  4] 153.00-154.00 sec  0.00 Bytes  0.00 bits/sec  249   1.19 MBytes       
[  4] 154.00-155.00 sec   954 KBytes  7.82 Mbits/sec   72   1.25 MBytes       
[  4] 155.00-156.00 sec  63.6 KBytes   521 Kbits/sec  265   1.25 MBytes       
[  4] 156.00-157.00 sec   191 KBytes  1.56 Mbits/sec  146   1.22 MBytes       
[  4] 157.00-158.00 sec  0.00 Bytes  0.00 bits/sec   94   1.25 MBytes       
[  4] 158.00-159.00 sec   255 KBytes  2.08 Mbits/sec  183    831 KBytes       
[  4] 159.00-160.00 sec  1.25 MBytes  10.5 Mbits/sec   28   1022 KBytes       
[  4] 160.00-161.00 sec  1.25 MBytes  10.5 Mbits/sec    0    894 KBytes       
[  4] 161.00-162.00 sec  1.25 MBytes  10.5 Mbits/sec    0    904 KBytes       
[  4] 162.00-163.00 sec  1.25 MBytes  10.5 Mbits/sec    0    921 KBytes       
[  4] 163.00-164.00 sec  1.25 MBytes  10.5 Mbits/sec    0    977 KBytes       
[  4] 164.00-165.00 sec  1.25 MBytes  10.5 Mbits/sec    0   1011 KBytes       
[  4] 165.00-166.00 sec   720 KBytes  5.90 Mbits/sec    0   1.01 MBytes       
[  4] 166.00-167.00 sec   891 KBytes  7.29 Mbits/sec    0   1.04 MBytes       
[  4] 167.00-168.00 sec   700 KBytes  5.73 Mbits/sec    0   1.05 MBytes       
[  4] 168.00-169.00 sec   509 KBytes  4.17 Mbits/sec    0   1.05 MBytes       
[  4] 169.00-170.00 sec   891 KBytes  7.30 Mbits/sec    0   1.06 MBytes       
[  4] 170.00-171.00 sec   573 KBytes  4.69 Mbits/sec    0   1.06 MBytes       
[  4] 171.00-172.00 sec   573 KBytes  4.69 Mbits/sec    0   1.06 MBytes       
[  4] 172.00-173.00 sec   954 KBytes  7.82 Mbits/sec    0   1.09 MBytes       
[  4] 173.00-174.00 sec   445 KBytes  3.65 Mbits/sec    0   1.10 MBytes       
[  4] 174.00-175.00 sec   764 KBytes  6.25 Mbits/sec    0   1.14 MBytes       
[  4] 175.00-176.00 sec   700 KBytes  5.74 Mbits/sec    0   1.20 MBytes       
[  4] 176.00-177.00 sec   509 KBytes  4.17 Mbits/sec    0   1.25 MBytes       
[  4] 177.00-178.00 sec   954 KBytes  7.82 Mbits/sec    0   1.37 MBytes       
[  4] 178.00-179.00 sec   382 KBytes  3.13 Mbits/sec    0   1.45 MBytes       
[  4] 179.00-180.00 sec   954 KBytes  7.82 Mbits/sec    0   1.63 MBytes       
[  4] 180.00-181.00 sec   318 KBytes  2.61 Mbits/sec    0   1.72 MBytes       
[  4] 181.00-182.00 sec   891 KBytes  7.30 Mbits/sec    0   1.97 MBytes       
[  4] 182.00-183.00 sec   382 KBytes  3.13 Mbits/sec    5   2.07 MBytes       
[  4] 183.00-184.00 sec  0.00 Bytes  0.00 bits/sec  140   1.64 MBytes       
[  4] 184.00-185.00 sec  0.00 Bytes  0.00 bits/sec  149   1.46 MBytes       
[  4] 185.00-186.00 sec  0.00 Bytes  0.00 bits/sec   75   1.46 MBytes       
[  4] 186.00-187.00 sec  1.25 MBytes  10.5 Mbits/sec  222   1.46 MBytes       
[  4] 187.00-188.00 sec   120 KBytes   983 Kbits/sec  277   1.45 MBytes       
[  4] 188.00-189.00 sec  0.00 Bytes  0.00 bits/sec  133   1.46 MBytes       
[  4] 189.00-190.00 sec   954 KBytes  7.81 Mbits/sec  179   1.20 MBytes       
[  4] 190.00-191.00 sec   127 KBytes  1.04 Mbits/sec  162   1.02 MBytes       
[  4] 191.00-192.00 sec   191 KBytes  1.56 Mbits/sec   42   1.02 MBytes       
[  4] 192.00-193.00 sec  0.00 Bytes  0.00 bits/sec   52   1.02 MBytes       
[  4] 193.00-194.00 sec  0.00 Bytes  0.00 bits/sec   90   1.02 MBytes       
[  4] 194.00-195.00 sec   255 KBytes  2.09 Mbits/sec   61    766 KBytes       
[  4] 195.00-196.00 sec  1.25 MBytes  10.5 Mbits/sec   19    740 KBytes       
[  4] 196.00-197.00 sec  3.75 MBytes  31.5 Mbits/sec    0    730 KBytes       
[  4] 197.00-198.00 sec  1.25 MBytes  10.5 Mbits/sec    0    735 KBytes       
[  4] 198.00-199.00 sec  1.25 MBytes  10.5 Mbits/sec    0    766 KBytes       
[  4] 199.00-200.00 sec  1.25 MBytes  10.5 Mbits/sec    0    803 KBytes       
[  4] 200.00-201.00 sec  1.19 MBytes  10.0 Mbits/sec    0    833 KBytes       
[  4] 201.00-202.00 sec   764 KBytes  6.26 Mbits/sec    0    858 KBytes       
[  4] 202.00-203.00 sec   827 KBytes  6.78 Mbits/sec    0    875 KBytes       
[  4] 203.00-204.00 sec   636 KBytes  5.21 Mbits/sec    0    881 KBytes       
[  4] 204.00-205.00 sec   636 KBytes  5.21 Mbits/sec    0    884 KBytes       
[  4] 205.00-206.00 sec   636 KBytes  5.21 Mbits/sec    0    887 KBytes       
[  4] 206.00-207.00 sec   700 KBytes  5.74 Mbits/sec    0    891 KBytes       
[  4] 207.00-208.00 sec   891 KBytes  7.29 Mbits/sec    0    902 KBytes       
[  4] 208.00-209.00 sec   573 KBytes  4.69 Mbits/sec    0    921 KBytes       
[  4] 209.00-210.00 sec   573 KBytes  4.69 Mbits/sec    0    946 KBytes       
[  4] 210.00-211.00 sec   636 KBytes  5.21 Mbits/sec    0    984 KBytes       
[  4] 211.00-212.00 sec   827 KBytes  6.78 Mbits/sec    0   1.04 MBytes       
[  4] 212.00-213.00 sec   445 KBytes  3.65 Mbits/sec    0   1.09 MBytes       
[  4] 213.00-214.00 sec   700 KBytes  5.74 Mbits/sec    0   1.20 MBytes       
[  4] 214.00-215.00 sec   509 KBytes  4.17 Mbits/sec    0   1.31 MBytes       
[  4] 215.00-216.00 sec   636 KBytes  5.22 Mbits/sec    0   1.45 MBytes       
[  4] 216.00-217.00 sec   318 KBytes  2.61 Mbits/sec    0   1.58 MBytes       
[  4] 217.00-218.00 sec   636 KBytes  5.22 Mbits/sec   17   1.77 MBytes       
[  4] 218.00-219.00 sec  0.00 Bytes  0.00 bits/sec   30   1.67 MBytes       
[  4] 219.00-220.00 sec  0.00 Bytes  0.00 bits/sec  207   1.28 MBytes       
[  4] 220.00-221.00 sec   127 KBytes  1.04 Mbits/sec   70   1.28 MBytes       
[  4] 221.00-222.00 sec   255 KBytes  2.08 Mbits/sec  297   1.28 MBytes       
[  4] 222.00-223.00 sec   954 KBytes  7.82 Mbits/sec  207   1.26 MBytes       
[  4] 223.00-224.00 sec   573 KBytes  4.69 Mbits/sec  113   1.08 MBytes       
[  4] 224.00-225.00 sec   127 KBytes  1.04 Mbits/sec  206    915 KBytes       
[  4] 225.00-226.00 sec   318 KBytes  2.61 Mbits/sec    0    915 KBytes       
[  4] 226.00-227.00 sec  63.6 KBytes   522 Kbits/sec  133    915 KBytes       
[  4] 227.00-228.00 sec   255 KBytes  2.08 Mbits/sec   50    915 KBytes       
[  4] 228.00-229.00 sec  0.00 Bytes  0.00 bits/sec    3    915 KBytes       
[  4] 229.00-230.00 sec  0.00 Bytes  0.00 bits/sec   45    915 KBytes       
[  4] 230.00-231.00 sec   891 KBytes  7.30 Mbits/sec   44    915 KBytes       
[  4] 231.00-232.00 sec  0.00 Bytes  0.00 bits/sec   35    915 KBytes       
[  4] 232.00-233.00 sec  63.6 KBytes   521 Kbits/sec   14    795 KBytes       
[  4] 233.00-234.00 sec  3.75 MBytes  31.5 Mbits/sec    0    646 KBytes       
[  4] 234.00-235.00 sec  1.25 MBytes  10.5 Mbits/sec    0    670 KBytes       
[  4] 235.00-236.00 sec  1.25 MBytes  10.5 Mbits/sec    0    708 KBytes       
[  4] 236.00-237.00 sec  1.25 MBytes  10.5 Mbits/sec    0    741 KBytes       
[  4] 237.00-238.00 sec  1.25 MBytes  10.5 Mbits/sec    0    755 KBytes       
[  4] 238.00-239.00 sec   649 KBytes  5.31 Mbits/sec    0    765 KBytes       
[  4] 239.00-240.00 sec   636 KBytes  5.22 Mbits/sec    0    772 KBytes       
[  4] 240.00-241.00 sec   764 KBytes  6.25 Mbits/sec    0    775 KBytes       
[  4] 241.00-242.00 sec   573 KBytes  4.70 Mbits/sec    0    779 KBytes       
[  4] 242.00-243.00 sec   445 KBytes  3.65 Mbits/sec    0    783 KBytes       
[  4] 243.00-244.00 sec   573 KBytes  4.69 Mbits/sec    0    792 KBytes       
[  4] 244.00-245.00 sec   764 KBytes  6.26 Mbits/sec    0    817 KBytes       
[  4] 245.00-246.00 sec   573 KBytes  4.69 Mbits/sec    0    854 KBytes       
[  4] 246.00-247.00 sec   318 KBytes  2.61 Mbits/sec    0    880 KBytes       
[  4] 247.00-248.00 sec   700 KBytes  5.74 Mbits/sec    0    954 KBytes       
[  4] 248.00-249.00 sec   636 KBytes  5.21 Mbits/sec    0   1.04 MBytes       
[  4] 249.00-250.00 sec   318 KBytes  2.61 Mbits/sec    0   1.08 MBytes       
[  4] 250.00-251.00 sec   954 KBytes  7.82 Mbits/sec    0   1.29 MBytes       
[  4] 251.00-252.00 sec  63.6 KBytes   522 Kbits/sec    0   1.31 MBytes       
[  4] 252.00-253.00 sec   954 KBytes  7.81 Mbits/sec    0   1.62 MBytes       
[  4] 253.00-254.00 sec   191 KBytes  1.56 Mbits/sec    0   1.67 MBytes       
[  4] 254.00-255.00 sec  0.00 Bytes  0.00 bits/sec  137   1.32 MBytes       
[  4] 255.00-256.00 sec  0.00 Bytes  0.00 bits/sec  112   1.19 MBytes       
[  4] 256.00-257.00 sec  0.00 Bytes  0.00 bits/sec   54   1.19 MBytes       
[  4] 257.00-258.00 sec  0.00 Bytes  0.00 bits/sec  171   1.18 MBytes       
[  4] 258.00-259.00 sec  63.6 KBytes   521 Kbits/sec  279   1.17 MBytes       
[  4] 259.00-260.00 sec   318 KBytes  2.60 Mbits/sec   76   1.19 MBytes       
[  4] 260.00-261.00 sec  1.25 MBytes  10.5 Mbits/sec  165    922 KBytes       
[  4] 261.00-262.00 sec   820 KBytes  6.71 Mbits/sec   96    851 KBytes       
[  4] 262.00-263.00 sec   954 KBytes  7.83 Mbits/sec   49    844 KBytes       
[  4] 263.00-264.00 sec  0.00 Bytes  0.00 bits/sec   36    851 KBytes       
[  4] 264.00-265.00 sec  0.00 Bytes  0.00 bits/sec   80    851 KBytes       
[  4] 265.00-266.00 sec  63.6 KBytes   521 Kbits/sec   61    851 KBytes       
[  4] 266.00-267.00 sec  0.00 Bytes  0.00 bits/sec   30    851 KBytes       
[  4] 267.00-268.00 sec  0.00 Bytes  0.00 bits/sec   41    851 KBytes       
[  4] 268.00-269.00 sec   827 KBytes  6.78 Mbits/sec   60    851 KBytes       
[  4] 269.00-270.00 sec  2.50 MBytes  21.0 Mbits/sec    0    608 KBytes       
[  4] 270.00-271.00 sec  1.25 MBytes  10.5 Mbits/sec    0    608 KBytes       
[  4] 271.00-272.00 sec  1.25 MBytes  10.5 Mbits/sec    0    643 KBytes       
[  4] 272.00-273.00 sec  1.25 MBytes  10.5 Mbits/sec    0    676 KBytes       
[  4] 273.00-274.00 sec  1.25 MBytes  10.5 Mbits/sec    0    700 KBytes       
[  4] 274.00-275.00 sec   783 KBytes  6.42 Mbits/sec    0    713 KBytes       
[  4] 275.00-276.00 sec   382 KBytes  3.13 Mbits/sec    0    717 KBytes       
[  4] 276.00-277.00 sec   509 KBytes  4.17 Mbits/sec    0    720 KBytes       
[  4] 277.00-278.00 sec   700 KBytes  5.73 Mbits/sec    0    723 KBytes       
[  4] 278.00-279.00 sec   700 KBytes  5.73 Mbits/sec    0    730 KBytes       
[  4] 279.00-280.00 sec   382 KBytes  3.13 Mbits/sec    0    738 KBytes       
[  4] 280.00-281.00 sec   382 KBytes  3.13 Mbits/sec    0    749 KBytes       
[  4] 281.00-282.00 sec   700 KBytes  5.73 Mbits/sec    0    785 KBytes       
[  4] 282.00-283.00 sec   700 KBytes  5.73 Mbits/sec    0    847 KBytes       
[  4] 283.00-284.00 sec   318 KBytes  2.61 Mbits/sec    0    885 KBytes       
[  4] 284.00-285.00 sec   573 KBytes  4.69 Mbits/sec    0    964 KBytes       
[  4] 285.00-286.00 sec   700 KBytes  5.74 Mbits/sec    0   1.08 MBytes       
[  4] 286.00-287.00 sec   191 KBytes  1.56 Mbits/sec    0   1.12 MBytes       
[  4] 287.00-288.00 sec   954 KBytes  7.82 Mbits/sec    0   1.37 MBytes       
[  4] 288.00-289.00 sec  63.6 KBytes   521 Kbits/sec    0   1.40 MBytes       
[  4] 289.00-290.00 sec   827 KBytes  6.78 Mbits/sec    0   1.74 MBytes       
[  4] 290.00-291.00 sec   382 KBytes  3.13 Mbits/sec    3   1.86 MBytes       
[  4] 291.00-292.00 sec  0.00 Bytes  0.00 bits/sec  129   1.52 MBytes       
[  4] 292.00-293.00 sec  0.00 Bytes  0.00 bits/sec  184   1.30 MBytes       
[  4] 293.00-294.00 sec  0.00 Bytes  0.00 bits/sec   70   1.30 MBytes       
[  4] 294.00-295.00 sec  0.00 Bytes  0.00 bits/sec  220   1.30 MBytes       
[  4] 295.00-296.00 sec  0.00 Bytes  0.00 bits/sec  303   1.29 MBytes       
[  4] 296.00-297.00 sec  1.12 MBytes  9.38 Mbits/sec   98   1.30 MBytes       
[  4] 297.00-298.00 sec   573 KBytes  4.69 Mbits/sec  184   1.04 MBytes       
[  4] 298.00-299.00 sec   127 KBytes  1.04 Mbits/sec  156    935 KBytes       
[  4] 299.00-300.00 sec   318 KBytes  2.60 Mbits/sec    4    935 KBytes       
[  4] 300.00-301.00 sec  63.6 KBytes   521 Kbits/sec  112    935 KBytes       
[  4] 301.00-302.00 sec  63.6 KBytes   522 Kbits/sec   81    935 KBytes       
[  4] 302.00-303.00 sec  0.00 Bytes  0.00 bits/sec   10    935 KBytes       
[  4] 303.00-304.00 sec  0.00 Bytes  0.00 bits/sec   69    935 KBytes       
[  4] 304.00-304.97 sec  1.25 MBytes  10.8 Mbits/sec    0    670 KBytes       
- - - - - - - - - - - - - - - - - - - - - - - - -
[ ID] Interval           Transfer     Bandwidth       Retr
[  4]   0.00-304.97 sec   201 MBytes  5.52 Mbits/sec  13171             sender
[  4]   0.00-304.97 sec   193 MBytes  5.31 Mbits/sec                  receiver

iperf Done.
