Connecting to host 10.0.0.2, port 5201
[  4] local 10.0.0.1 port 46110 connected to 10.0.0.2 port 5201
[ ID] Interval           Transfer     Bandwidth       Retr  Cwnd
[  4]   0.00-1.00   sec  1.17 MBytes  9.83 Mbits/sec    0   65.0 KBytes       
[  4]   1.00-2.00   sec   764 KBytes  6.25 Mbits/sec    0   93.3 KBytes       
[  4]   2.00-3.00   sec   700 KBytes  5.73 Mbits/sec    0    122 KBytes       
[  4]   3.00-4.00   sec   700 KBytes  5.74 Mbits/sec    0    148 KBytes       
[  4]   4.00-5.00   sec   764 KBytes  6.25 Mbits/sec    0    180 KBytes       
[  4]   5.00-6.00   sec   700 KBytes  5.73 Mbits/sec    0    208 KBytes       
[  4]   6.00-7.00   sec   764 KBytes  6.26 Mbits/sec    0    236 KBytes       
[  4]   7.00-8.00   sec   827 KBytes  6.78 Mbits/sec    0    277 KBytes       
[  4]   8.00-9.00   sec  1.06 MBytes  8.86 Mbits/sec    0    372 KBytes       
[  4]   9.00-10.00  sec  1.24 MBytes  10.4 Mbits/sec    0    496 KBytes       
[  4]  10.00-11.00  sec  1.55 MBytes  13.0 Mbits/sec    0    652 KBytes       
[  4]  11.00-11.00  sec  0.00 Bytes  0.00 bits/sec    0    652 KBytes       
- - - - - - - - - - - - - - - - - - - - - - - - -
[ ID] Interval           Transfer     Bandwidth       Retr
[  4]   0.00-11.00  sec  10.1 MBytes  7.72 Mbits/sec    0             sender
[  4]   0.00-11.00  sec  7.21 MBytes  5.50 Mbits/sec                  receiver

iperf Done.
