Connecting to host 10.0.0.2, port 5201
[  4] local 10.0.0.1 port 46110 connected to 10.0.0.2 port 5201
[ ID] Interval           Transfer     Bandwidth       Retr  Cwnd
[  4]   0.00-1.00   sec  1.13 MBytes  9.51 Mbits/sec    0   52.3 KBytes       
[  4]   1.00-2.00   sec   764 KBytes  6.25 Mbits/sec    0   83.4 KBytes       
[  4]   2.00-3.00   sec   700 KBytes  5.73 Mbits/sec    0    110 KBytes       
[  4]   3.00-4.00   sec   636 KBytes  5.22 Mbits/sec    0    134 KBytes       
[  4]   4.00-5.00   sec   636 KBytes  5.21 Mbits/sec    0    160 KBytes       
[  4]   5.00-6.00   sec   573 KBytes  4.69 Mbits/sec    0    182 KBytes       
[  4]   6.00-7.00   sec   509 KBytes  4.17 Mbits/sec    0    204 KBytes       
[  4]   7.00-8.00   sec   573 KBytes  4.69 Mbits/sec    0    245 KBytes       
[  4]   8.00-9.00   sec   573 KBytes  4.69 Mbits/sec    0    311 KBytes       
[  4]   9.00-10.00  sec   954 KBytes  7.83 Mbits/sec    0    419 KBytes       
[  4]  10.00-11.00  sec  1.18 MBytes  9.91 Mbits/sec    0    571 KBytes       
[  4]  11.00-12.00  sec   191 KBytes  1.56 Mbits/sec    0    604 KBytes       
[  4]  12.00-13.00  sec  1.86 MBytes  15.6 Mbits/sec    0    856 KBytes       
[  4]  13.00-13.00  sec  0.00 Bytes  0.00 bits/sec    0    856 KBytes       
- - - - - - - - - - - - - - - - - - - - - - - - -
[ ID] Interval           Transfer     Bandwidth       Retr
[  4]   0.00-13.00  sec  10.1 MBytes  6.55 Mbits/sec    0             sender
[  4]   0.00-13.00  sec  5.61 MBytes  3.62 Mbits/sec                  receiver

iperf Done.
