-----------------------------------------------------------
Server listening on 5204
-----------------------------------------------------------
Accepted connection from 10.0.0.1, port 42812
[  5] local 10.0.0.2 port 5204 connected to 10.0.0.1 port 46116
[ ID] Interval           Transfer     Bandwidth
[  5]   0.00-1.00   sec  97.6 KBytes   798 Kbits/sec                  
[  5]   1.00-2.00   sec   180 KBytes  1.47 Mbits/sec                  
[  5]   2.00-3.00   sec   139 KBytes  1.14 Mbits/sec                  
[  5]   3.00-4.00   sec   150 KBytes  1.23 Mbits/sec                  
[  5]   4.00-5.00   sec   161 KBytes  1.32 Mbits/sec                  
[  5]   5.00-6.00   sec   100 KBytes   822 Kbits/sec                  
[  5]   6.00-7.00   sec   117 KBytes   961 Kbits/sec                  
[  5]   7.00-8.00   sec   147 KBytes  1.20 Mbits/sec                  
[  5]   8.00-9.00   sec   199 KBytes  1.63 Mbits/sec                  
[  5]   9.00-10.00  sec   226 KBytes  1.85 Mbits/sec                  
[  5]  10.00-11.00  sec  56.6 KBytes   463 Kbits/sec                  
[  5]  11.00-12.00  sec   146 KBytes  1.19 Mbits/sec                  
[  5]  12.00-13.00  sec   255 KBytes  2.08 Mbits/sec                  
[  5]  13.00-14.00  sec  0.00 Bytes  0.00 bits/sec                  
[  5]  14.00-15.00  sec  0.00 Bytes  0.00 bits/sec                  
[  5]  15.00-16.00  sec  14.1 KBytes   116 Kbits/sec                  
[  5]  16.00-17.00  sec  0.00 Bytes  0.00 bits/sec                  
[  5]  17.00-18.00  sec   592 KBytes  4.86 Mbits/sec                  
[  5]  18.00-19.00  sec   542 KBytes  4.44 Mbits/sec                  
[  5]  19.00-20.00  sec   447 KBytes  3.66 Mbits/sec                  
[  5]  20.00-21.00  sec   116 KBytes   950 Kbits/sec                  
[  5]  21.00-22.00  sec   321 KBytes  2.62 Mbits/sec                  
[  5]  22.00-23.00  sec   311 KBytes  2.56 Mbits/sec                  
[  5]  23.00-24.00  sec  33.9 KBytes   278 Kbits/sec                  
[  5]  24.00-25.00  sec   359 KBytes  2.94 Mbits/sec                  
[  5]  25.00-26.00  sec   366 KBytes  3.00 Mbits/sec                  
[  5]  26.00-27.00  sec   369 KBytes  3.02 Mbits/sec                  
[  5]  27.00-28.00  sec   358 KBytes  2.93 Mbits/sec                  
[  5]  28.00-29.00  sec   221 KBytes  1.81 Mbits/sec                  
[  5]  29.00-30.00  sec   185 KBytes  1.52 Mbits/sec                  
[  5]  30.00-31.00  sec   402 KBytes  3.29 Mbits/sec                  
[  5]  31.00-32.00  sec  29.7 KBytes   243 Kbits/sec                  
[  5]  32.00-33.00  sec   450 KBytes  3.68 Mbits/sec                  
[  5]  33.00-34.00  sec  21.2 KBytes   174 Kbits/sec                  
[  5]  34.00-35.00  sec   445 KBytes  3.65 Mbits/sec                  
[  5]  35.00-36.00  sec  17.0 KBytes   139 Kbits/sec                  
[  5]  36.00-36.46  sec  0.00 Bytes  0.00 bits/sec                  
- - - - - - - - - - - - - - - - - - - - - - - - -
[ ID] Interval           Transfer     Bandwidth
[  5]   0.00-36.46  sec  0.00 Bytes  0.00 bits/sec                  sender
[  5]   0.00-36.46  sec  7.40 MBytes  1.70 Mbits/sec                  receiver
