-----------------------------------------------------------
Server listening on 5203
-----------------------------------------------------------
Accepted connection from 10.0.0.1, port 33676
[  5] local 10.0.0.2 port 5203 connected to 10.0.0.1 port 46114
[ ID] Interval           Transfer     Bandwidth
[  5]   0.00-1.00   sec   112 KBytes   914 Kbits/sec                  
[  5]   1.00-2.00   sec   123 KBytes  1.01 Mbits/sec                  
[  5]   2.00-3.00   sec   105 KBytes   857 Kbits/sec                  
[  5]   3.00-4.00   sec   103 KBytes   846 Kbits/sec                  
[  5]   4.00-5.00   sec   147 KBytes  1.20 Mbits/sec                  
[  5]   5.00-6.00   sec   154 KBytes  1.26 Mbits/sec                  
[  5]   6.00-7.00   sec   123 KBytes  1.01 Mbits/sec                  
[  5]   7.00-8.00   sec   157 KBytes  1.28 Mbits/sec                  
[  5]   8.00-9.00   sec   157 KBytes  1.29 Mbits/sec                  
[  5]   9.00-10.00  sec   263 KBytes  2.16 Mbits/sec                  
[  5]  10.00-11.00  sec  77.8 KBytes   637 Kbits/sec                  
[  5]  11.00-12.00  sec   301 KBytes  2.47 Mbits/sec                  
[  5]  12.00-13.00  sec  29.7 KBytes   243 Kbits/sec                  
[  5]  13.00-14.00  sec  5.66 KBytes  46.3 Kbits/sec                  
[  5]  14.00-15.01  sec  0.00 Bytes  0.00 bits/sec                  
[  5]  15.01-16.00  sec  58.0 KBytes   478 Kbits/sec                  
[  5]  16.00-17.00  sec  21.2 KBytes   174 Kbits/sec                  
[  5]  17.00-18.00  sec   154 KBytes  1.26 Mbits/sec                  
[  5]  18.00-19.00  sec  0.00 Bytes  0.00 bits/sec                  
[  5]  19.00-20.00  sec  0.00 Bytes  0.00 bits/sec                  
[  5]  20.00-21.00  sec  0.00 Bytes  0.00 bits/sec                  
[  5]  21.00-22.00  sec   407 KBytes  3.34 Mbits/sec                  
[  5]  22.00-23.00  sec   512 KBytes  4.19 Mbits/sec                  
[  5]  23.00-24.00  sec   447 KBytes  3.66 Mbits/sec                  
[  5]  24.00-25.00  sec  0.00 Bytes  0.00 bits/sec                  
[  5]  25.00-26.00  sec   471 KBytes  3.86 Mbits/sec                  
[  5]  26.00-27.00  sec   180 KBytes  1.47 Mbits/sec                  
[  5]  27.00-28.00  sec   314 KBytes  2.57 Mbits/sec                  
[  5]  28.00-29.00  sec   262 KBytes  2.14 Mbits/sec                  
[  5]  29.00-30.00  sec   280 KBytes  2.29 Mbits/sec                  
[  5]  30.00-31.00  sec   573 KBytes  4.69 Mbits/sec                  
[  5]  31.00-32.00  sec  96.2 KBytes   788 Kbits/sec                  
[  5]  32.00-33.00  sec   740 KBytes  6.06 Mbits/sec                  
[  5]  33.00-34.00  sec   136 KBytes  1.11 Mbits/sec                  
[  5]  34.00-34.59  sec  0.00 Bytes  0.00 bits/sec                  
- - - - - - - - - - - - - - - - - - - - - - - - -
[ ID] Interval           Transfer     Bandwidth
[  5]   0.00-34.59  sec  0.00 Bytes  0.00 bits/sec                  sender
[  5]   0.00-34.59  sec  6.35 MBytes  1.54 Mbits/sec                  receiver
