-----------------------------------------------------------
Server listening on 5203
-----------------------------------------------------------
Accepted connection from 10.0.0.1, port 54247
[  5] local 10.0.0.2 port 5203 connected to 10.0.0.1 port 46114
[ ID] Interval           Transfer     Bandwidth
[  5]   0.00-1.00   sec   112 KBytes   915 Kbits/sec                  
[  5]   1.00-2.00   sec   124 KBytes  1.02 Mbits/sec                  
[  5]   2.00-3.00   sec   107 KBytes   880 Kbits/sec                  
[  5]   3.00-4.00   sec   102 KBytes   834 Kbits/sec                  
[  5]   4.00-5.00   sec   140 KBytes  1.15 Mbits/sec                  
[  5]   5.00-6.00   sec   150 KBytes  1.23 Mbits/sec                  
[  5]   6.00-7.00   sec   204 KBytes  1.67 Mbits/sec                  
[  5]   7.00-8.00   sec   180 KBytes  1.47 Mbits/sec                  
[  5]   8.00-9.00   sec   214 KBytes  1.75 Mbits/sec                  
[  5]   9.00-10.00  sec  86.3 KBytes   707 Kbits/sec                  
[  5]  10.00-11.00  sec   281 KBytes  2.30 Mbits/sec                  
[  5]  11.00-12.00  sec  72.1 KBytes   591 Kbits/sec                  
[  5]  12.00-13.00  sec   349 KBytes  2.86 Mbits/sec                  
[  5]  13.00-14.00  sec  2.83 KBytes  23.2 Kbits/sec                  
[  5]  14.00-15.00  sec  0.00 Bytes  0.00 bits/sec                  
[  5]  15.00-16.00  sec  62.2 KBytes   510 Kbits/sec                  
[  5]  16.00-17.00  sec  2.83 KBytes  23.2 Kbits/sec                  
[  5]  17.00-18.00  sec   332 KBytes  2.72 Mbits/sec                  
[  5]  18.00-19.00  sec   238 KBytes  1.95 Mbits/sec                  
[  5]  19.00-20.00  sec  0.00 Bytes  0.00 bits/sec                  
[  5]  20.00-21.00  sec   875 KBytes  7.17 Mbits/sec                  
[  5]  21.00-22.00  sec   110 KBytes   904 Kbits/sec                  
[  5]  22.00-23.00  sec   236 KBytes  1.93 Mbits/sec                  
[  5]  23.00-24.00  sec   356 KBytes  2.92 Mbits/sec                  
[  5]  24.00-25.00  sec   199 KBytes  1.63 Mbits/sec                  
[  5]  25.00-26.00  sec   184 KBytes  1.50 Mbits/sec                  
[  5]  26.00-27.00  sec   404 KBytes  3.32 Mbits/sec                  
[  5]  27.00-28.00  sec  0.00 Bytes  0.00 bits/sec                  
[  5]  28.00-29.00  sec   414 KBytes  3.40 Mbits/sec                  
[  5]  29.00-30.00  sec   419 KBytes  3.43 Mbits/sec                  
[  5]  30.00-31.00  sec   239 KBytes  1.96 Mbits/sec                  
[  5]  31.00-32.01  sec   188 KBytes  1.53 Mbits/sec                  
[  5]  32.01-32.95  sec   273 KBytes  2.38 Mbits/sec                  
- - - - - - - - - - - - - - - - - - - - - - - - -
[ ID] Interval           Transfer     Bandwidth
[  5]   0.00-32.95  sec  0.00 Bytes  0.00 bits/sec                  sender
[  5]   0.00-32.95  sec  6.50 MBytes  1.66 Mbits/sec                  receiver
