Connecting to host 10.0.0.2, port 5206
[  4] local 10.0.0.1 port 46120 connected to 10.0.0.2 port 5206
[ ID] Interval           Transfer     Bandwidth       Retr  Cwnd
[  4]   0.00-1.00   sec  82.0 KBytes   670 Kbits/sec    1   14.1 KBytes       
[  4]   1.00-2.03   sec  70.7 KBytes   564 Kbits/sec    0   28.3 KBytes       
[  4]   2.03-3.01   sec   167 KBytes  1.40 Mbits/sec    0   42.4 KBytes       
[  4]   3.01-4.00   sec  70.7 KBytes   584 Kbits/sec    0   45.2 KBytes       
[  4]   4.00-5.01   sec  63.6 KBytes   519 Kbits/sec    0   52.3 KBytes       
[  4]   5.01-6.01   sec  0.00 Bytes  0.00 bits/sec    0   52.3 KBytes       
[  4]   6.01-7.01   sec   127 KBytes  1.04 Mbits/sec    0   73.5 KBytes       
[  4]   7.01-8.00   sec   318 KBytes  2.64 Mbits/sec    0    110 KBytes       
[  4]   8.00-9.00   sec   382 KBytes  3.13 Mbits/sec    0    165 KBytes       
[  4]   9.00-10.00  sec  0.00 Bytes  0.00 bits/sec    0    165 KBytes       
[  4]  10.00-11.02  sec   636 KBytes  5.14 Mbits/sec    0    249 KBytes       
[  4]  11.02-12.00  sec   891 KBytes  7.40 Mbits/sec    0    366 KBytes       
[  4]  12.00-13.00  sec  63.6 KBytes   521 Kbits/sec    0    373 KBytes       
[  4]  13.00-14.00  sec  0.00 Bytes  0.00 bits/sec   86    263 KBytes       
[  4]  14.00-15.00  sec  0.00 Bytes  0.00 bits/sec    1    263 KBytes       
[  4]  15.00-16.00  sec   318 KBytes  2.61 Mbits/sec    0    263 KBytes       
[  4]  16.00-17.00  sec   255 KBytes  2.08 Mbits/sec    1    188 KBytes       
[  4]  17.00-18.00  sec  0.00 Bytes  0.00 bits/sec    0    188 KBytes       
[  4]  18.00-19.01  sec   509 KBytes  4.15 Mbits/sec    0    197 KBytes       
[  4]  19.01-20.00  sec   191 KBytes  1.57 Mbits/sec    0    212 KBytes       
[  4]  20.00-21.00  sec  0.00 Bytes  0.00 bits/sec    0    212 KBytes       
[  4]  21.00-22.00  sec   191 KBytes  1.56 Mbits/sec    0    219 KBytes       
[  4]  22.00-23.00  sec   127 KBytes  1.04 Mbits/sec    3    198 KBytes       
[  4]  23.00-24.00  sec  0.00 Bytes  0.00 bits/sec    0    197 KBytes       
[  4]  24.00-25.00  sec   255 KBytes  2.08 Mbits/sec    0    160 KBytes       
[  4]  25.00-26.00  sec   191 KBytes  1.56 Mbits/sec    0    177 KBytes       
[  4]  26.00-27.00  sec   191 KBytes  1.56 Mbits/sec    0    184 KBytes       
[  4]  27.00-28.00  sec  0.00 Bytes  0.00 bits/sec    0    184 KBytes       
[  4]  28.00-29.00  sec   191 KBytes  1.56 Mbits/sec    0    187 KBytes       
[  4]  29.00-30.00  sec   191 KBytes  1.56 Mbits/sec    0    192 KBytes       
[  4]  30.00-31.00  sec   255 KBytes  2.09 Mbits/sec    0    204 KBytes       
[  4]  31.00-32.00  sec   255 KBytes  2.08 Mbits/sec    0    229 KBytes       
[  4]  32.00-33.00  sec   255 KBytes  2.09 Mbits/sec    0    257 KBytes       
[  4]  33.00-34.00  sec   255 KBytes  2.09 Mbits/sec    0    300 KBytes       
[  4]  34.00-35.00  sec   255 KBytes  2.08 Mbits/sec    0    365 KBytes       
[  4]  35.00-36.00  sec   827 KBytes  6.77 Mbits/sec    0    460 KBytes       
[  4]  36.00-37.00  sec  1.06 MBytes  8.87 Mbits/sec    0    576 KBytes       
[  4]  37.00-38.00  sec  1.12 MBytes  9.38 Mbits/sec    0    710 KBytes       
[  4]  38.00-39.00  sec   445 KBytes  3.65 Mbits/sec    0    754 KBytes       
[  4]  39.00-39.00  sec  0.00 Bytes  0.00 bits/sec    0    754 KBytes       
- - - - - - - - - - - - - - - - - - - - - - - - -
[ ID] Interval           Transfer     Bandwidth       Retr
[  4]   0.00-39.00  sec  10.0 MBytes  2.15 Mbits/sec   92             sender
[  4]   0.00-39.00  sec  5.95 MBytes  1.28 Mbits/sec                  receiver

iperf Done.
