-----------------------------------------------------------
Server listening on 5203
-----------------------------------------------------------
Accepted connection from 10.0.0.1, port 37370
[  5] local 10.0.0.2 port 5203 connected to 10.0.0.1 port 46114
[ ID] Interval           Transfer     Bandwidth
[  5]   0.00-1.01   sec  14.1 KBytes   115 Kbits/sec                  
[  5]   1.01-2.01   sec   122 KBytes   993 Kbits/sec                  
[  5]   2.01-3.01   sec   270 KBytes  2.23 Mbits/sec                  
[  5]   3.01-4.00   sec   308 KBytes  2.54 Mbits/sec                  
[  5]   4.00-5.00   sec   281 KBytes  2.31 Mbits/sec                  
[  5]   5.00-6.00   sec   250 KBytes  2.04 Mbits/sec                  
[  5]   6.00-7.00   sec   263 KBytes  2.16 Mbits/sec                  
[  5]   7.00-8.00   sec   276 KBytes  2.26 Mbits/sec                  
[  5]   8.00-9.00   sec   246 KBytes  2.01 Mbits/sec                  
[  5]   9.00-10.00  sec   260 KBytes  2.13 Mbits/sec                  
[  5]  10.00-11.00  sec   304 KBytes  2.49 Mbits/sec                  
[  5]  11.00-12.00  sec   148 KBytes  1.22 Mbits/sec                  
[  5]  12.00-13.00  sec  0.00 Bytes  0.00 bits/sec                  
[  5]  13.00-14.00  sec  43.8 KBytes   359 Kbits/sec                  
[  5]  14.00-15.00  sec   468 KBytes  3.84 Mbits/sec                  
[  5]  15.00-16.00  sec  0.00 Bytes  0.00 bits/sec                  
[  5]  16.00-17.00  sec  0.00 Bytes  0.00 bits/sec                  
[  5]  17.00-18.01  sec   976 KBytes  7.91 Mbits/sec                  
[  5]  18.01-19.00  sec   253 KBytes  2.10 Mbits/sec                  
[  5]  19.00-20.00  sec   262 KBytes  2.14 Mbits/sec                  
[  5]  20.00-21.00  sec   281 KBytes  2.30 Mbits/sec                  
[  5]  21.00-22.00  sec   238 KBytes  1.95 Mbits/sec                  
[  5]  22.00-23.00  sec  94.7 KBytes   776 Kbits/sec                  
[  5]  23.00-24.00  sec   266 KBytes  2.17 Mbits/sec                  
[  5]  24.00-25.00  sec   305 KBytes  2.51 Mbits/sec                  
[  5]  25.00-26.00  sec   260 KBytes  2.14 Mbits/sec                  
[  5]  26.00-27.00  sec  60.8 KBytes   498 Kbits/sec                  
[  5]  27.00-28.00  sec  8.48 KBytes  69.5 Kbits/sec                  
[  5]  28.00-29.00  sec   506 KBytes  4.14 Mbits/sec                  
[  5]  29.00-30.01  sec   228 KBytes  1.85 Mbits/sec                  
[  5]  30.01-31.00  sec   260 KBytes  2.15 Mbits/sec                  
[  5]  31.00-32.00  sec   232 KBytes  1.90 Mbits/sec                  
[  5]  32.00-32.45  sec  58.0 KBytes  1.05 Mbits/sec                  
- - - - - - - - - - - - - - - - - - - - - - - - -
[ ID] Interval           Transfer     Bandwidth
[  5]   0.00-32.45  sec  0.00 Bytes  0.00 bits/sec                  sender
[  5]   0.00-32.45  sec  7.37 MBytes  1.90 Mbits/sec                  receiver
