-----------------------------------------------------------
Server listening on 5203
-----------------------------------------------------------
Accepted connection from 10.0.0.1, port 36034
[  5] local 10.0.0.2 port 5203 connected to 10.0.0.1 port 46114
[ ID] Interval           Transfer     Bandwidth
[  5]   0.00-1.00   sec  65.0 KBytes   531 Kbits/sec                  
[  5]   1.00-2.01   sec   221 KBytes  1.79 Mbits/sec                  
[  5]   2.01-3.00   sec   212 KBytes  1.76 Mbits/sec                  
[  5]   3.00-4.01   sec   188 KBytes  1.52 Mbits/sec                  
[  5]   4.01-5.00   sec   112 KBytes   925 Kbits/sec                  
[  5]   5.00-6.00   sec   205 KBytes  1.68 Mbits/sec                  
[  5]   6.00-7.00   sec   132 KBytes  1.08 Mbits/sec                  
[  5]   7.00-8.00   sec   161 KBytes  1.32 Mbits/sec                  
[  5]   8.00-9.01   sec   137 KBytes  1.12 Mbits/sec                  
[  5]   9.01-10.00  sec  15.6 KBytes   128 Kbits/sec                  
[  5]  10.00-11.00  sec  2.83 KBytes  23.1 Kbits/sec                  
[  5]  11.00-12.00  sec   437 KBytes  3.58 Mbits/sec                  
[  5]  12.00-13.02  sec  86.3 KBytes   696 Kbits/sec                  
[  5]  13.02-14.00  sec   123 KBytes  1.02 Mbits/sec                  
[  5]  14.00-15.00  sec   239 KBytes  1.95 Mbits/sec                  
[  5]  15.00-16.00  sec   270 KBytes  2.22 Mbits/sec                  
[  5]  16.00-17.00  sec   280 KBytes  2.30 Mbits/sec                  
[  5]  17.00-18.00  sec   189 KBytes  1.55 Mbits/sec                  
[  5]  18.00-19.00  sec   242 KBytes  1.98 Mbits/sec                  
[  5]  19.00-20.00  sec   195 KBytes  1.60 Mbits/sec                  
[  5]  20.00-21.00  sec   262 KBytes  2.14 Mbits/sec                  
[  5]  21.00-22.00  sec   301 KBytes  2.47 Mbits/sec                  
[  5]  22.00-23.00  sec  8.48 KBytes  69.6 Kbits/sec                  
[  5]  23.00-24.00  sec  0.00 Bytes  0.00 bits/sec                  
[  5]  24.00-25.00  sec   329 KBytes  2.70 Mbits/sec                  
[  5]  25.00-26.00  sec   421 KBytes  3.46 Mbits/sec                  
[  5]  26.00-27.00  sec   105 KBytes   858 Kbits/sec                  
[  5]  27.00-28.00  sec   151 KBytes  1.24 Mbits/sec                  
[  5]  28.00-29.00  sec   287 KBytes  2.35 Mbits/sec                  
[  5]  29.00-30.00  sec   305 KBytes  2.51 Mbits/sec                  
[  5]  30.00-31.00  sec   313 KBytes  2.55 Mbits/sec                  
[  5]  31.00-32.00  sec   132 KBytes  1.08 Mbits/sec                  
[  5]  32.00-33.00  sec   221 KBytes  1.80 Mbits/sec                  
[  5]  33.00-34.00  sec   331 KBytes  2.71 Mbits/sec                  
[  5]  34.00-35.00  sec   263 KBytes  2.15 Mbits/sec                  
[  5]  35.00-36.00  sec  87.7 KBytes   716 Kbits/sec                  
[  5]  36.00-37.00  sec  0.00 Bytes  0.00 bits/sec                  
[  5]  37.00-38.00  sec   341 KBytes  2.79 Mbits/sec                  
[  5]  38.00-39.00  sec   411 KBytes  3.38 Mbits/sec                  
[  5]  39.00-40.00  sec   192 KBytes  1.57 Mbits/sec                  
[  5]  40.00-41.00  sec   170 KBytes  1.39 Mbits/sec                  
[  5]  41.00-42.00  sec   307 KBytes  2.51 Mbits/sec                  
[  5]  42.00-43.00  sec   240 KBytes  1.97 Mbits/sec                  
[  5]  43.00-43.51  sec  62.2 KBytes  1.00 Mbits/sec                  
- - - - - - - - - - - - - - - - - - - - - - - - -
[ ID] Interval           Transfer     Bandwidth
[  5]   0.00-43.51  sec  0.00 Bytes  0.00 bits/sec                  sender
[  5]   0.00-43.51  sec  8.55 MBytes  1.65 Mbits/sec                  receiver
