-----------------------------------------------------------
Server listening on 5204
-----------------------------------------------------------
Accepted connection from 10.0.0.1, port 54333
[  5] local 10.0.0.2 port 5204 connected to 10.0.0.1 port 46116
[ ID] Interval           Transfer     Bandwidth
[  5]   0.00-1.01   sec  0.00 Bytes  0.00 bits/sec                  
[  5]   1.01-2.01   sec  0.00 Bytes  0.00 bits/sec                  
[  5]   2.01-3.01   sec  8.48 KBytes  69.3 Kbits/sec                  
[  5]   3.01-4.01   sec  5.66 KBytes  46.4 Kbits/sec                  
[  5]   4.01-5.00   sec  28.3 KBytes   234 Kbits/sec                  
[  5]   5.00-6.00   sec  90.5 KBytes   742 Kbits/sec                  
[  5]   6.00-7.00   sec  48.1 KBytes   394 Kbits/sec                  
[  5]   7.00-8.00   sec  50.9 KBytes   417 Kbits/sec                  
[  5]   8.00-9.00   sec  59.4 KBytes   485 Kbits/sec                  
[  5]   9.00-10.00  sec  77.8 KBytes   639 Kbits/sec                  
[  5]  10.00-11.00  sec   112 KBytes   915 Kbits/sec                  
[  5]  11.00-12.00  sec   160 KBytes  1.31 Mbits/sec                  
[  5]  12.00-13.00  sec   230 KBytes  1.89 Mbits/sec                  
[  5]  13.00-14.00  sec  21.2 KBytes   174 Kbits/sec                  
[  5]  14.00-15.00  sec   317 KBytes  2.60 Mbits/sec                  
[  5]  15.00-16.00  sec   496 KBytes  4.06 Mbits/sec                  
[  5]  16.00-17.00  sec   204 KBytes  1.67 Mbits/sec                  
[  5]  17.00-18.00  sec  0.00 Bytes  0.00 bits/sec                  
[  5]  18.00-19.00  sec   544 KBytes  4.47 Mbits/sec                  
[  5]  19.00-20.00  sec   704 KBytes  5.77 Mbits/sec                  
[  5]  20.00-21.00  sec   433 KBytes  3.55 Mbits/sec                  
[  5]  21.00-22.00  sec   419 KBytes  3.43 Mbits/sec                  
[  5]  22.00-23.00  sec   684 KBytes  5.61 Mbits/sec                  
[  5]  23.00-24.00  sec   486 KBytes  3.99 Mbits/sec                  
[  5]  24.00-25.00  sec   262 KBytes  2.14 Mbits/sec                  
[  5]  25.00-26.00  sec   192 KBytes  1.58 Mbits/sec                  
[  5]  26.00-27.00  sec   530 KBytes  4.35 Mbits/sec                  
[  5]  27.00-28.00  sec   943 KBytes  7.72 Mbits/sec                  
[  5]  28.00-28.22  sec   185 KBytes  6.98 Mbits/sec                  
- - - - - - - - - - - - - - - - - - - - - - - - -
[ ID] Interval           Transfer     Bandwidth
[  5]   0.00-28.22  sec  0.00 Bytes  0.00 bits/sec                  sender
[  5]   0.00-28.22  sec  7.12 MBytes  2.12 Mbits/sec                  receiver
