-----------------------------------------------------------
Server listening on 5202
-----------------------------------------------------------
Accepted connection from 10.0.0.1, port 50796
[  5] local 10.0.0.2 port 5202 connected to 10.0.0.1 port 46112
[ ID] Interval           Transfer     Bandwidth
[  5]   0.00-1.00   sec   272 KBytes  2.22 Mbits/sec                  
[  5]   1.00-2.00   sec   297 KBytes  2.43 Mbits/sec                  
[  5]   2.00-3.00   sec   270 KBytes  2.22 Mbits/sec                  
[  5]   3.00-4.00   sec   277 KBytes  2.27 Mbits/sec                  
[  5]   4.00-5.00   sec   303 KBytes  2.48 Mbits/sec                  
[  5]   5.00-6.00   sec   345 KBytes  2.83 Mbits/sec                  
[  5]   6.00-7.00   sec   433 KBytes  3.55 Mbits/sec                  
[  5]   7.00-8.00   sec   461 KBytes  3.77 Mbits/sec                  
[  5]   8.00-9.00   sec   567 KBytes  4.65 Mbits/sec                  
[  5]   9.00-10.00  sec   549 KBytes  4.49 Mbits/sec                  
[  5]  10.00-11.01  sec   553 KBytes  4.51 Mbits/sec                  
[  5]  11.01-12.00  sec   597 KBytes  4.91 Mbits/sec                  
[  5]  12.00-13.00  sec   638 KBytes  5.23 Mbits/sec                  
[  5]  13.00-14.00  sec   676 KBytes  5.54 Mbits/sec                  
[  5]  14.00-15.00  sec   689 KBytes  5.64 Mbits/sec                  
[  5]  15.00-16.01  sec  0.00 Bytes  0.00 bits/sec                  
[  5]  16.01-17.00  sec   908 KBytes  7.48 Mbits/sec                  
[  5]  17.00-18.00  sec  1.35 MBytes  11.2 Mbits/sec                  
[  5]  18.00-19.00  sec   762 KBytes  6.26 Mbits/sec                  
[  5]  19.00-20.00  sec   650 KBytes  5.34 Mbits/sec                  
[  5]  20.00-21.01  sec   585 KBytes  4.76 Mbits/sec                  
[  5]  21.01-22.00  sec   519 KBytes  4.28 Mbits/sec                  
[  5]  22.00-23.01  sec   621 KBytes  5.05 Mbits/sec                  
[  5]  23.01-24.00  sec   624 KBytes  5.15 Mbits/sec                  
[  5]  24.00-25.00  sec   648 KBytes  5.31 Mbits/sec                  
[  5]  25.00-26.00  sec   496 KBytes  4.05 Mbits/sec                  
[  5]  26.00-27.00  sec   655 KBytes  5.38 Mbits/sec                  
[  5]  27.00-28.00  sec   669 KBytes  5.49 Mbits/sec                  
[  5]  28.00-29.00  sec   144 KBytes  1.18 Mbits/sec                  
[  5]  29.00-30.00  sec   789 KBytes  6.48 Mbits/sec                  
[  5]  30.00-31.00  sec   755 KBytes  6.19 Mbits/sec                  
[  5]  31.00-32.00  sec   597 KBytes  4.87 Mbits/sec                  
[  5]  32.00-33.00  sec   601 KBytes  4.93 Mbits/sec                  
[  5]  33.00-34.00  sec   570 KBytes  4.67 Mbits/sec                  
[  5]  34.00-35.00  sec   609 KBytes  4.99 Mbits/sec                  
[  5]  35.00-36.00  sec   677 KBytes  5.55 Mbits/sec                  
[  5]  36.00-37.00  sec   560 KBytes  4.59 Mbits/sec                  
[  5]  37.00-38.00  sec   622 KBytes  5.10 Mbits/sec                  
[  5]  38.00-39.00  sec   624 KBytes  5.11 Mbits/sec                  
[  5]  39.00-40.00  sec   107 KBytes   878 Kbits/sec                  
[  5]  40.00-41.00  sec   428 KBytes  3.52 Mbits/sec                  
[  5]  41.00-42.00  sec  1.29 MBytes  10.8 Mbits/sec                  
[  5]  42.00-43.00  sec   604 KBytes  4.94 Mbits/sec                  
[  5]  43.00-44.00  sec   612 KBytes  5.02 Mbits/sec                  
[  5]  44.00-45.00  sec   619 KBytes  5.07 Mbits/sec                  
[  5]  45.00-46.00  sec   573 KBytes  4.69 Mbits/sec                  
[  5]  46.00-47.00  sec   576 KBytes  4.72 Mbits/sec                  
[  5]  47.00-48.00  sec   645 KBytes  5.28 Mbits/sec                  
[  5]  48.00-49.00  sec   601 KBytes  4.92 Mbits/sec                  
[  5]  49.00-50.00  sec   628 KBytes  5.14 Mbits/sec                  
[  5]  50.00-51.00  sec   645 KBytes  5.28 Mbits/sec                  
[  5]  51.00-52.00  sec   615 KBytes  5.04 Mbits/sec                  
[  5]  52.00-53.00  sec   567 KBytes  4.65 Mbits/sec                  
[  5]  53.00-54.00  sec   522 KBytes  4.27 Mbits/sec                  
[  5]  54.00-55.00  sec   580 KBytes  4.75 Mbits/sec                  
[  5]  55.00-56.00  sec   276 KBytes  2.26 Mbits/sec                  
[  5]  56.00-57.00  sec   157 KBytes  1.28 Mbits/sec                  
[  5]  57.00-58.00  sec   862 KBytes  7.09 Mbits/sec                  
[  5]  58.00-59.00  sec  1.03 MBytes  8.66 Mbits/sec                  
[  5]  59.00-60.00  sec   588 KBytes  4.82 Mbits/sec                  
[  5]  60.00-61.00  sec   583 KBytes  4.77 Mbits/sec                  
[  5]  61.00-62.00  sec   614 KBytes  5.03 Mbits/sec                  
[  5]  62.00-63.00  sec   474 KBytes  3.88 Mbits/sec                  
[  5]  63.00-64.00  sec  0.00 Bytes  0.00 bits/sec                  
[  5]  64.00-65.00  sec   658 KBytes  5.39 Mbits/sec                  
[  5]  65.00-66.00  sec  1.14 MBytes  9.60 Mbits/sec                  
[  5]  66.00-67.00  sec   587 KBytes  4.81 Mbits/sec                  
[  5]  67.00-68.00  sec   597 KBytes  4.88 Mbits/sec                  
[  5]  68.00-69.00  sec   578 KBytes  4.74 Mbits/sec                  
[  5]  69.00-70.00  sec   595 KBytes  4.88 Mbits/sec                  
[  5]  70.00-71.00  sec   515 KBytes  4.21 Mbits/sec                  
[  5]  71.00-72.00  sec   443 KBytes  3.63 Mbits/sec                  
[  5]  72.00-73.00  sec   628 KBytes  5.15 Mbits/sec                  
[  5]  73.00-74.00  sec   617 KBytes  5.05 Mbits/sec                  
[  5]  74.00-75.00  sec   556 KBytes  4.55 Mbits/sec                  
[  5]  75.00-76.00  sec   543 KBytes  4.45 Mbits/sec                  
[  5]  76.00-76.37  sec   177 KBytes  3.96 Mbits/sec                  
- - - - - - - - - - - - - - - - - - - - - - - - -
[ ID] Interval           Transfer     Bandwidth
[  5]   0.00-76.37  sec  0.00 Bytes  0.00 bits/sec                  sender
[  5]   0.00-76.37  sec  42.9 MBytes  4.71 Mbits/sec                  receiver
