-----------------------------------------------------------
Server listening on 5203
-----------------------------------------------------------
Accepted connection from 10.0.0.1, port 47930
[  5] local 10.0.0.2 port 5203 connected to 10.0.0.1 port 46114
[ ID] Interval           Transfer     Bandwidth
[  5]   0.00-1.00   sec  0.00 Bytes  0.00 bits/sec                  
[  5]   1.00-2.00   sec  0.00 Bytes  0.00 bits/sec                  
[  5]   2.00-3.00   sec  0.00 Bytes  0.00 bits/sec                  
[  5]   3.00-4.00   sec  14.1 KBytes   116 Kbits/sec                  
[  5]   4.00-5.00   sec  0.00 Bytes  0.00 bits/sec                  
[  5]   5.00-6.00   sec  28.3 KBytes   232 Kbits/sec                  
[  5]   6.00-7.00   sec  0.00 Bytes  0.00 bits/sec                  
[  5]   7.00-8.00   sec  53.7 KBytes   442 Kbits/sec                  
[  5]   8.00-9.00   sec  1.41 KBytes  11.6 Kbits/sec                  
[  5]   9.00-10.00  sec  53.7 KBytes   439 Kbits/sec                  
[  5]  10.00-11.00  sec   137 KBytes  1.13 Mbits/sec                  
[  5]  11.00-12.00  sec   296 KBytes  2.42 Mbits/sec                  
[  5]  12.00-13.00  sec   355 KBytes  2.91 Mbits/sec                  
[  5]  13.00-14.00  sec   262 KBytes  2.14 Mbits/sec                  
[  5]  14.00-15.00  sec   147 KBytes  1.20 Mbits/sec                  
[  5]  15.00-16.00  sec   198 KBytes  1.62 Mbits/sec                  
[  5]  16.00-17.00  sec   280 KBytes  2.29 Mbits/sec                  
[  5]  17.00-18.00  sec   208 KBytes  1.71 Mbits/sec                  
[  5]  18.00-19.00  sec  0.00 Bytes  0.00 bits/sec                  
[  5]  19.00-20.00  sec  2.83 KBytes  23.2 Kbits/sec                  
[  5]  20.00-21.00  sec  0.00 Bytes  0.00 bits/sec                  
[  5]  21.00-22.00  sec  31.1 KBytes   255 Kbits/sec                  
[  5]  22.00-23.00  sec   919 KBytes  7.53 Mbits/sec                  
[  5]  23.00-24.00  sec   615 KBytes  5.04 Mbits/sec                  
[  5]  24.00-25.00  sec  4.24 KBytes  34.8 Kbits/sec                  
[  5]  25.00-26.00  sec   362 KBytes  2.97 Mbits/sec                  
[  5]  26.00-27.00  sec   389 KBytes  3.19 Mbits/sec                  
[  5]  27.00-28.00  sec  5.66 KBytes  46.3 Kbits/sec                  
[  5]  28.00-29.00  sec   411 KBytes  3.37 Mbits/sec                  
[  5]  29.00-30.00  sec  5.66 KBytes  46.3 Kbits/sec                  
[  5]  30.00-31.00  sec   423 KBytes  3.47 Mbits/sec                  
[  5]  31.00-32.00  sec  5.66 KBytes  46.3 Kbits/sec                  
[  5]  32.00-33.00  sec   428 KBytes  3.51 Mbits/sec                  
[  5]  33.00-34.00  sec  5.66 KBytes  46.3 Kbits/sec                  
[  5]  34.00-35.00  sec   444 KBytes  3.64 Mbits/sec                  
[  5]  35.00-36.00  sec  7.07 KBytes  57.8 Kbits/sec                  
[  5]  36.00-37.00  sec   372 KBytes  3.05 Mbits/sec                  
[  5]  37.00-38.00  sec   137 KBytes  1.12 Mbits/sec                  
[  5]  38.00-39.00  sec  84.8 KBytes   695 Kbits/sec                  
[  5]  39.00-40.00  sec  24.0 KBytes   197 Kbits/sec                  
[  5]  40.00-41.00  sec  0.00 Bytes  0.00 bits/sec                  
[  5]  41.00-42.00  sec   211 KBytes  1.73 Mbits/sec                  
[  5]  42.00-43.00  sec  0.00 Bytes  0.00 bits/sec                  
[  5]  43.00-44.00  sec   399 KBytes  3.27 Mbits/sec                  
[  5]  44.00-45.00  sec  11.3 KBytes  92.7 Kbits/sec                  
[  5]  45.00-46.00  sec  0.00 Bytes  0.00 bits/sec                  
[  5]  46.00-47.00  sec  1.34 MBytes  11.3 Mbits/sec                  
[  5]  47.00-48.00  sec   277 KBytes  2.27 Mbits/sec                  
[  5]  48.00-49.00  sec   116 KBytes   950 Kbits/sec                  
[  5]  49.00-50.00  sec   355 KBytes  2.91 Mbits/sec                  
[  5]  50.00-51.00  sec   264 KBytes  2.17 Mbits/sec                  
[  5]  51.00-52.00  sec   126 KBytes  1.03 Mbits/sec                  
[  5]  52.00-53.00  sec   277 KBytes  2.27 Mbits/sec                  
[  5]  53.00-54.00  sec   344 KBytes  2.82 Mbits/sec                  
[  5]  54.00-55.00  sec   199 KBytes  1.63 Mbits/sec                  
[  5]  55.00-56.00  sec   287 KBytes  2.35 Mbits/sec                  
[  5]  56.00-57.00  sec   133 KBytes  1.09 Mbits/sec                  
[  5]  57.00-58.00  sec   297 KBytes  2.43 Mbits/sec                  
[  5]  58.00-59.00  sec   141 KBytes  1.16 Mbits/sec                  
[  5]  59.00-60.00  sec   324 KBytes  2.65 Mbits/sec                  
[  5]  60.00-61.00  sec   177 KBytes  1.45 Mbits/sec                  
[  5]  61.00-62.00  sec   368 KBytes  3.01 Mbits/sec                  
[  5]  62.00-63.00  sec   204 KBytes  1.67 Mbits/sec                  
[  5]  63.00-64.00  sec   491 KBytes  4.02 Mbits/sec                  
[  5]  64.00-65.00  sec   276 KBytes  2.26 Mbits/sec                  
[  5]  65.00-66.00  sec  2.83 KBytes  23.2 Kbits/sec                  
[  5]  66.00-67.00  sec  0.00 Bytes  0.00 bits/sec                  
[  5]  67.00-68.00  sec  1.41 KBytes  11.6 Kbits/sec                  
[  5]  68.00-69.00  sec  0.00 Bytes  0.00 bits/sec                  
[  5]  69.00-70.00  sec   577 KBytes  4.73 Mbits/sec                  
[  5]  70.00-71.00  sec   790 KBytes  6.47 Mbits/sec                  
[  5]  71.00-72.00  sec   150 KBytes  1.23 Mbits/sec                  
[  5]  72.00-73.00  sec   144 KBytes  1.18 Mbits/sec                  
[  5]  73.00-74.00  sec   597 KBytes  4.89 Mbits/sec                  
[  5]  74.00-75.00  sec   420 KBytes  3.44 Mbits/sec                  
[  5]  75.00-76.00  sec   202 KBytes  1.66 Mbits/sec                  
[  5]  76.00-77.00  sec   322 KBytes  2.64 Mbits/sec                  
[  5]  77.00-78.00  sec   462 KBytes  3.79 Mbits/sec                  
[  5]  78.00-79.00  sec  58.0 KBytes   475 Kbits/sec                  
[  5]  79.00-80.00  sec   488 KBytes  4.00 Mbits/sec                  
[  5]  80.00-81.00  sec  48.1 KBytes   394 Kbits/sec                  
[  5]  81.00-82.00  sec   530 KBytes  4.35 Mbits/sec                  
[  5]  82.00-83.00  sec   165 KBytes  1.36 Mbits/sec                  
[  5]  83.00-84.00  sec   396 KBytes  3.24 Mbits/sec                  
[  5]  84.00-85.00  sec   272 KBytes  2.22 Mbits/sec                  
[  5]  85.00-86.00  sec   320 KBytes  2.62 Mbits/sec                  
[  5]  86.00-87.00  sec   378 KBytes  3.08 Mbits/sec                  
[  5]  87.00-88.00  sec   290 KBytes  2.38 Mbits/sec                  
[  5]  88.00-89.00  sec   346 KBytes  2.84 Mbits/sec                  
[  5]  89.00-90.00  sec   464 KBytes  3.80 Mbits/sec                  
[  5]  90.00-91.01  sec   219 KBytes  1.77 Mbits/sec                  
[  5]  91.01-92.00  sec   296 KBytes  2.46 Mbits/sec                  
[  5]  92.00-93.00  sec  0.00 Bytes  0.00 bits/sec                  
[  5]  93.00-94.00  sec   457 KBytes  3.75 Mbits/sec                  
[  5]  94.00-95.00  sec  1.37 MBytes  11.5 Mbits/sec                  
[  5]  95.00-96.00  sec   731 KBytes  5.99 Mbits/sec                  
[  5]  96.00-97.00  sec   628 KBytes  5.14 Mbits/sec                  
[  5]  97.00-98.00  sec   539 KBytes  4.42 Mbits/sec                  
[  5]  98.00-99.00  sec   765 KBytes  6.27 Mbits/sec                  
[  5]  99.00-100.00 sec   642 KBytes  5.26 Mbits/sec                  
[  5] 100.00-101.00 sec   437 KBytes  3.58 Mbits/sec                  
[  5] 101.00-102.04 sec   713 KBytes  5.62 Mbits/sec                  
[  5] 102.04-103.00 sec   329 KBytes  2.81 Mbits/sec                  
[  5] 103.00-104.00 sec   494 KBytes  4.05 Mbits/sec                  
[  5] 104.00-105.13 sec   424 KBytes  3.09 Mbits/sec                  
[  5] 105.13-106.00 sec   140 KBytes  1.31 Mbits/sec                  
[  5] 106.00-107.00 sec   107 KBytes   879 Kbits/sec                  
[  5] 107.00-108.21 sec   362 KBytes  2.46 Mbits/sec                  
[  5] 108.21-109.00 sec   457 KBytes  4.71 Mbits/sec                  
[  5] 109.00-110.00 sec   280 KBytes  2.29 Mbits/sec                  
[  5] 110.00-111.00 sec   857 KBytes  7.02 Mbits/sec                  
[  5] 111.00-112.00 sec   170 KBytes  1.39 Mbits/sec                  
[  5] 112.00-113.00 sec   735 KBytes  6.02 Mbits/sec                  
[  5] 113.00-114.00 sec   387 KBytes  3.17 Mbits/sec                  
[  5] 114.00-115.00 sec  0.00 Bytes  0.00 bits/sec                  
[  5] 115.00-116.00 sec  0.00 Bytes  0.00 bits/sec                  
[  5] 116.00-117.00 sec  0.00 Bytes  0.00 bits/sec                  
[  5] 117.00-118.00 sec   315 KBytes  2.58 Mbits/sec                  
[  5] 118.00-119.00 sec  1.91 MBytes  16.0 Mbits/sec                  
[  5] 119.00-120.00 sec  1.39 MBytes  11.7 Mbits/sec                  
[  5] 120.00-121.00 sec   591 KBytes  4.84 Mbits/sec                  
[  5] 121.00-122.00 sec   440 KBytes  3.59 Mbits/sec                  
[  5] 122.00-123.00 sec   290 KBytes  2.38 Mbits/sec                  
[  5] 123.00-124.00 sec   363 KBytes  2.98 Mbits/sec                  
[  5] 124.00-125.00 sec   491 KBytes  4.01 Mbits/sec                  
[  5] 125.00-126.00 sec   298 KBytes  2.45 Mbits/sec                  
[  5] 126.00-127.00 sec   581 KBytes  4.75 Mbits/sec                  
[  5] 127.00-128.00 sec   387 KBytes  3.18 Mbits/sec                  
[  5] 128.00-129.00 sec   540 KBytes  4.42 Mbits/sec                  
[  5] 129.00-130.00 sec   433 KBytes  3.54 Mbits/sec                  
[  5] 130.00-131.00 sec   512 KBytes  4.19 Mbits/sec                  
[  5] 131.00-132.00 sec   373 KBytes  3.06 Mbits/sec                  
[  5] 132.00-133.00 sec   587 KBytes  4.81 Mbits/sec                  
[  5] 133.00-134.00 sec   327 KBytes  2.68 Mbits/sec                  
[  5] 134.00-135.00 sec   639 KBytes  5.23 Mbits/sec                  
[  5] 135.00-136.00 sec   376 KBytes  3.08 Mbits/sec                  
[  5] 136.00-137.00 sec   556 KBytes  4.55 Mbits/sec                  
[  5] 137.00-138.00 sec   601 KBytes  4.92 Mbits/sec                  
[  5] 138.00-139.00 sec  9.90 KBytes  81.1 Kbits/sec                  
[  5] 139.00-140.00 sec  0.00 Bytes  0.00 bits/sec                  
[  5] 140.00-141.00 sec   522 KBytes  4.27 Mbits/sec                  
[  5] 141.00-142.00 sec   863 KBytes  7.06 Mbits/sec                  
[  5] 142.00-143.00 sec  1.31 MBytes  11.0 Mbits/sec                  
[  5] 143.00-144.00 sec  0.00 Bytes  0.00 bits/sec                  
[  5] 144.00-145.00 sec  1.23 MBytes  10.3 Mbits/sec                  
[  5] 145.00-146.00 sec   438 KBytes  3.59 Mbits/sec                  
[  5] 146.00-147.00 sec   396 KBytes  3.24 Mbits/sec                  
[  5] 147.00-148.00 sec   382 KBytes  3.13 Mbits/sec                  
[  5] 148.00-149.00 sec   495 KBytes  4.05 Mbits/sec                  
[  5] 149.00-150.00 sec   561 KBytes  4.60 Mbits/sec                  
[  5] 150.00-151.00 sec   457 KBytes  3.74 Mbits/sec                  
[  5] 151.00-152.00 sec   520 KBytes  4.26 Mbits/sec                  
[  5] 152.00-153.00 sec   385 KBytes  3.15 Mbits/sec                  
[  5] 153.00-154.00 sec   462 KBytes  3.79 Mbits/sec                  
[  5] 154.00-155.00 sec   409 KBytes  3.34 Mbits/sec                  
[  5] 155.00-156.00 sec   448 KBytes  3.68 Mbits/sec                  
[  5] 156.00-157.00 sec   421 KBytes  3.45 Mbits/sec                  
[  5] 157.00-158.00 sec   462 KBytes  3.79 Mbits/sec                  
[  5] 158.00-159.00 sec   444 KBytes  3.64 Mbits/sec                  
[  5] 159.00-160.00 sec   505 KBytes  4.13 Mbits/sec                  
[  5] 160.00-161.00 sec   484 KBytes  3.96 Mbits/sec                  
[  5] 161.00-162.00 sec   605 KBytes  4.96 Mbits/sec                  
[  5] 162.00-163.00 sec   181 KBytes  1.48 Mbits/sec                  
[  5] 163.00-164.00 sec  0.00 Bytes  0.00 bits/sec                  
[  5] 164.00-165.00 sec  0.00 Bytes  0.00 bits/sec                  
[  5] 165.00-166.00 sec   513 KBytes  4.21 Mbits/sec                  
[  5] 166.00-167.00 sec  1.50 MBytes  12.6 Mbits/sec                  
[  5] 167.00-168.00 sec   506 KBytes  4.15 Mbits/sec                  
[  5] 168.00-169.00 sec   601 KBytes  4.92 Mbits/sec                  
[  5] 169.00-170.00 sec   430 KBytes  3.52 Mbits/sec                  
[  5] 170.00-171.00 sec   484 KBytes  3.96 Mbits/sec                  
[  5] 171.00-172.00 sec   542 KBytes  4.44 Mbits/sec                  
[  5] 172.00-173.00 sec   263 KBytes  2.16 Mbits/sec                  
[  5] 173.00-174.00 sec  0.00 Bytes  0.00 bits/sec                  
[  5] 174.00-175.00 sec  0.00 Bytes  0.00 bits/sec                  
[  5] 175.00-176.00 sec   402 KBytes  3.29 Mbits/sec                  
[  5] 176.00-177.00 sec  1.75 MBytes  14.7 Mbits/sec                  
[  5] 177.00-178.00 sec   537 KBytes  4.40 Mbits/sec                  
[  5] 178.00-179.00 sec   509 KBytes  4.17 Mbits/sec                  
[  5] 179.00-180.00 sec   492 KBytes  4.03 Mbits/sec                  
[  5] 180.00-181.00 sec   557 KBytes  4.56 Mbits/sec                  
[  5] 181.00-182.00 sec   461 KBytes  3.78 Mbits/sec                  
[  5] 182.00-183.00 sec   546 KBytes  4.47 Mbits/sec                  
[  5] 183.00-184.00 sec   512 KBytes  4.19 Mbits/sec                  
[  5] 184.00-185.01 sec   417 KBytes  3.39 Mbits/sec                  
[  5] 185.01-186.00 sec   567 KBytes  4.68 Mbits/sec                  
[  5] 186.00-187.00 sec   393 KBytes  3.22 Mbits/sec                  
[  5] 187.00-188.00 sec   509 KBytes  4.17 Mbits/sec                  
[  5] 188.00-189.00 sec   428 KBytes  3.51 Mbits/sec                  
[  5] 189.00-190.00 sec   488 KBytes  3.99 Mbits/sec                  
[  5] 190.00-191.00 sec   505 KBytes  4.14 Mbits/sec                  
[  5] 191.00-192.00 sec   653 KBytes  5.35 Mbits/sec                  
[  5] 192.00-193.00 sec   214 KBytes  1.75 Mbits/sec                  
[  5] 193.00-194.00 sec  0.00 Bytes  0.00 bits/sec                  
[  5] 194.00-195.00 sec   103 KBytes   846 Kbits/sec                  
[  5] 195.00-196.00 sec  1.78 MBytes  14.9 Mbits/sec                  
[  5] 196.00-197.00 sec  21.2 KBytes   174 Kbits/sec                  
[  5] 197.00-198.00 sec   984 KBytes  8.07 Mbits/sec                  
[  5] 198.00-199.00 sec   386 KBytes  3.16 Mbits/sec                  
[  5] 199.00-200.00 sec   622 KBytes  5.10 Mbits/sec                  
[  5] 200.00-201.00 sec   387 KBytes  3.17 Mbits/sec                  
[  5] 201.00-202.00 sec   404 KBytes  3.31 Mbits/sec                  
[  5] 202.00-203.00 sec   700 KBytes  5.73 Mbits/sec                  
[  5] 203.00-204.00 sec   307 KBytes  2.51 Mbits/sec                  
[  5] 204.00-205.00 sec   492 KBytes  4.03 Mbits/sec                  
[  5] 205.00-206.00 sec   448 KBytes  3.67 Mbits/sec                  
[  5] 206.00-207.00 sec   413 KBytes  3.38 Mbits/sec                  
[  5] 207.00-207.73 sec   393 KBytes  4.42 Mbits/sec                  
- - - - - - - - - - - - - - - - - - - - - - - - -
[ ID] Interval           Transfer     Bandwidth
[  5]   0.00-207.73 sec  0.00 Bytes  0.00 bits/sec                  sender
[  5]   0.00-207.73 sec  77.0 MBytes  3.11 Mbits/sec                  receiver
