Connecting to host 10.0.0.2, port 5202
[  4] local 10.0.0.1 port 46112 connected to 10.0.0.2 port 5202
[ ID] Interval           Transfer     Bandwidth       Retr  Cwnd
[  4]   0.00-1.00   sec   757 KBytes  6.18 Mbits/sec    0   59.4 KBytes       
[  4]   1.00-2.00   sec   573 KBytes  4.70 Mbits/sec    0   83.4 KBytes       
[  4]   2.00-3.00   sec   573 KBytes  4.69 Mbits/sec    0    105 KBytes       
[  4]   3.00-4.00   sec   573 KBytes  4.70 Mbits/sec    0    127 KBytes       
[  4]   4.00-5.00   sec   700 KBytes  5.73 Mbits/sec    0    154 KBytes       
[  4]   5.00-6.00   sec   636 KBytes  5.21 Mbits/sec    0    180 KBytes       
[  4]   6.00-7.00   sec   764 KBytes  6.24 Mbits/sec    0    209 KBytes       
[  4]   7.00-8.00   sec  1018 KBytes  8.36 Mbits/sec    0    283 KBytes       
[  4]   8.00-9.00   sec  1.12 MBytes  9.38 Mbits/sec    0    373 KBytes       
[  4]   9.00-10.00  sec  1.37 MBytes  11.5 Mbits/sec    0    503 KBytes       
[  4]  10.00-11.00  sec  1.37 MBytes  11.5 Mbits/sec    0    636 KBytes       
[  4]  11.00-11.99  sec  1.25 MBytes  10.5 Mbits/sec    0    796 KBytes       
- - - - - - - - - - - - - - - - - - - - - - - - -
[ ID] Interval           Transfer     Bandwidth       Retr
[  4]   0.00-11.99  sec  10.6 MBytes  7.39 Mbits/sec    0             sender
[  4]   0.00-11.99  sec  7.34 MBytes  5.13 Mbits/sec                  receiver

iperf Done.
