-----------------------------------------------------------
Server listening on 5203
-----------------------------------------------------------
Accepted connection from 10.0.0.1, port 50562
[  5] local 10.0.0.2 port 5203 connected to 10.0.0.1 port 46114
[ ID] Interval           Transfer     Bandwidth
[  5]   0.00-1.00   sec   130 KBytes  1.06 Mbits/sec                  
[  5]   1.00-2.01   sec   198 KBytes  1.61 Mbits/sec                  
[  5]   2.01-3.00   sec   168 KBytes  1.39 Mbits/sec                  
[  5]   3.00-4.00   sec   144 KBytes  1.18 Mbits/sec                  
[  5]   4.00-5.00   sec   150 KBytes  1.23 Mbits/sec                  
[  5]   5.00-6.00   sec   175 KBytes  1.44 Mbits/sec                  
[  5]   6.00-7.00   sec   132 KBytes  1.08 Mbits/sec                  
[  5]   7.00-8.00   sec   263 KBytes  2.15 Mbits/sec                  
[  5]   8.00-9.00   sec  72.1 KBytes   591 Kbits/sec                  
[  5]   9.00-10.00  sec   235 KBytes  1.92 Mbits/sec                  
[  5]  10.00-11.00  sec  1.41 KBytes  11.6 Kbits/sec                  
[  5]  11.00-12.00  sec   315 KBytes  2.59 Mbits/sec                  
[  5]  12.00-13.00  sec   272 KBytes  2.22 Mbits/sec                  
[  5]  13.00-14.00  sec   184 KBytes  1.51 Mbits/sec                  
[  5]  14.00-15.00  sec  25.5 KBytes   208 Kbits/sec                  
[  5]  15.00-16.00  sec   182 KBytes  1.50 Mbits/sec                  
[  5]  16.00-17.00  sec   269 KBytes  2.20 Mbits/sec                  
[  5]  17.00-18.00  sec   178 KBytes  1.46 Mbits/sec                  
[  5]  18.00-19.00  sec   205 KBytes  1.68 Mbits/sec                  
[  5]  19.00-20.00  sec   122 KBytes   996 Kbits/sec                  
[  5]  20.00-21.00  sec   112 KBytes   916 Kbits/sec                  
[  5]  21.00-22.00  sec   232 KBytes  1.90 Mbits/sec                  
[  5]  22.00-23.00  sec   236 KBytes  1.93 Mbits/sec                  
[  5]  23.00-24.00  sec   235 KBytes  1.92 Mbits/sec                  
[  5]  24.00-25.00  sec   202 KBytes  1.66 Mbits/sec                  
[  5]  25.00-26.00  sec   255 KBytes  2.08 Mbits/sec                  
[  5]  26.00-27.00  sec   126 KBytes  1.03 Mbits/sec                  
[  5]  27.00-28.00  sec   266 KBytes  2.18 Mbits/sec                  
[  5]  28.00-29.00  sec   349 KBytes  2.86 Mbits/sec                  
[  5]  29.00-30.00  sec  55.1 KBytes   452 Kbits/sec                  
[  5]  30.00-31.00  sec  0.00 Bytes  0.00 bits/sec                  
[  5]  31.00-32.00  sec  0.00 Bytes  0.00 bits/sec                  
[  5]  32.00-33.00  sec   983 KBytes  8.07 Mbits/sec                  
[  5]  33.00-34.00  sec   304 KBytes  2.49 Mbits/sec                  
[  5]  34.00-35.00  sec   123 KBytes  1.01 Mbits/sec                  
[  5]  35.00-36.00  sec  25.5 KBytes   209 Kbits/sec                  
[  5]  36.00-37.00  sec   382 KBytes  3.13 Mbits/sec                  
[  5]  37.00-38.00  sec   448 KBytes  3.67 Mbits/sec                  
[  5]  38.00-39.00  sec   286 KBytes  2.34 Mbits/sec                  
[  5]  39.00-39.37  sec  22.6 KBytes   503 Kbits/sec                  
- - - - - - - - - - - - - - - - - - - - - - - - -
[ ID] Interval           Transfer     Bandwidth
[  5]   0.00-39.37  sec  0.00 Bytes  0.00 bits/sec                  sender
[  5]   0.00-39.37  sec  7.87 MBytes  1.68 Mbits/sec                  receiver
