Connecting to host 10.0.0.2, port 5201
[  4] local 10.0.0.1 port 46110 connected to 10.0.0.2 port 5201
[ ID] Interval           Transfer     Bandwidth       Retr  Cwnd
[  4]   0.00-1.00   sec  1.28 MBytes  10.8 Mbits/sec    0   59.4 KBytes       
[  4]   1.00-2.00   sec   891 KBytes  7.30 Mbits/sec    0   94.7 KBytes       
[  4]   2.00-3.00   sec   891 KBytes  7.30 Mbits/sec    0    130 KBytes       
[  4]   3.00-4.00   sec   891 KBytes  7.30 Mbits/sec    0    164 KBytes       
[  4]   4.00-5.00   sec   891 KBytes  7.30 Mbits/sec    0    198 KBytes       
[  4]   5.00-6.00   sec   827 KBytes  6.77 Mbits/sec    0    232 KBytes       
[  4]   6.00-7.00   sec   764 KBytes  6.26 Mbits/sec    0    262 KBytes       
[  4]   7.00-8.00   sec   636 KBytes  5.21 Mbits/sec    0    287 KBytes       
[  4]   8.00-9.00   sec   636 KBytes  5.21 Mbits/sec    0    339 KBytes       
[  4]   9.00-10.00  sec   954 KBytes  7.83 Mbits/sec    0    444 KBytes       
[  4]  10.00-11.00  sec   891 KBytes  7.29 Mbits/sec    0    546 KBytes       
[  4]  11.00-11.92  sec  1.25 MBytes  11.4 Mbits/sec    0    724 KBytes       
- - - - - - - - - - - - - - - - - - - - - - - - -
[ ID] Interval           Transfer     Bandwidth       Retr
[  4]   0.00-11.92  sec  10.6 MBytes  7.47 Mbits/sec    0             sender
[  4]   0.00-11.92  sec  7.59 MBytes  5.34 Mbits/sec                  receiver

iperf Done.
