Connecting to host 10.0.0.2, port 5202
[  4] local 10.0.0.1 port 46112 connected to 10.0.0.2 port 5202
[ ID] Interval           Transfer     Bandwidth       Retr  Cwnd
[  4]   0.00-1.01   sec   488 KBytes  3.98 Mbits/sec    0   26.9 KBytes       
[  4]   1.01-2.00   sec   382 KBytes  3.14 Mbits/sec    0   42.4 KBytes       
[  4]   2.00-3.00   sec   382 KBytes  3.13 Mbits/sec    0   58.0 KBytes       
[  4]   3.00-4.00   sec   382 KBytes  3.13 Mbits/sec    0   72.1 KBytes       
[  4]   4.00-5.00   sec   382 KBytes  3.13 Mbits/sec    0   86.3 KBytes       
[  4]   5.00-6.00   sec   509 KBytes  4.17 Mbits/sec    0    122 KBytes       
[  4]   6.00-7.00   sec   509 KBytes  4.17 Mbits/sec    0    171 KBytes       
[  4]   7.00-8.00   sec   700 KBytes  5.73 Mbits/sec    0    240 KBytes       
[  4]   8.00-9.00   sec   954 KBytes  7.81 Mbits/sec    0    345 KBytes       
[  4]   9.00-10.00  sec   827 KBytes  6.78 Mbits/sec    0    454 KBytes       
[  4]  10.00-11.00  sec   891 KBytes  7.30 Mbits/sec    0    561 KBytes       
[  4]  11.00-12.00  sec   954 KBytes  7.81 Mbits/sec    0    684 KBytes       
[  4]  12.00-13.00  sec  1018 KBytes  8.35 Mbits/sec    0    822 KBytes       
[  4]  13.00-14.00  sec  1.25 MBytes  10.5 Mbits/sec    0   1.00 MBytes       
[  4]  14.00-15.00  sec   247 KBytes  2.03 Mbits/sec   50    913 KBytes       
[  4]  15.00-16.00  sec  0.00 Bytes  0.00 bits/sec  147    720 KBytes       
[  4]  16.00-17.00  sec  0.00 Bytes  0.00 bits/sec   50    720 KBytes       
[  4]  17.00-18.00  sec   191 KBytes  1.56 Mbits/sec  200    525 KBytes       
[  4]  18.00-19.00  sec   827 KBytes  6.77 Mbits/sec   59    496 KBytes       
[  4]  19.00-19.00  sec  0.00 Bytes  0.00 bits/sec    0    496 KBytes       
- - - - - - - - - - - - - - - - - - - - - - - - -
[ ID] Interval           Transfer     Bandwidth       Retr
[  4]   0.00-19.00  sec  10.7 MBytes  4.71 Mbits/sec  506             sender
[  4]   0.00-19.00  sec  5.02 MBytes  2.21 Mbits/sec                  receiver

iperf Done.
