-----------------------------------------------------------
Server listening on 5204
-----------------------------------------------------------
Accepted connection from 10.0.0.1, port 52814
[  5] local 10.0.0.2 port 5204 connected to 10.0.0.1 port 46116
[ ID] Interval           Transfer     Bandwidth
[  5]   0.00-1.00   sec   112 KBytes   915 Kbits/sec                  
[  5]   1.00-2.00   sec   126 KBytes  1.03 Mbits/sec                  
[  5]   2.00-3.00   sec   134 KBytes  1.10 Mbits/sec                  
[  5]   3.00-4.00   sec   110 KBytes   904 Kbits/sec                  
[  5]   4.00-5.00   sec   141 KBytes  1.16 Mbits/sec                  
[  5]   5.00-6.00   sec   194 KBytes  1.59 Mbits/sec                  
[  5]   6.00-7.00   sec   168 KBytes  1.38 Mbits/sec                  
[  5]   7.00-8.00   sec   263 KBytes  2.15 Mbits/sec                  
[  5]   8.00-9.00   sec   239 KBytes  1.96 Mbits/sec                  
[  5]   9.00-10.00  sec   252 KBytes  2.06 Mbits/sec                  
[  5]  10.00-11.00  sec   174 KBytes  1.42 Mbits/sec                  
[  5]  11.00-12.00  sec   296 KBytes  2.42 Mbits/sec                  
[  5]  12.00-13.00  sec   116 KBytes   952 Kbits/sec                  
[  5]  13.00-14.00  sec   191 KBytes  1.56 Mbits/sec                  
[  5]  14.00-15.00  sec  11.3 KBytes  92.6 Kbits/sec                  
[  5]  15.00-16.00  sec  0.00 Bytes  0.00 bits/sec                  
[  5]  16.00-17.00  sec   113 KBytes   928 Kbits/sec                  
[  5]  17.00-18.00  sec   129 KBytes  1.05 Mbits/sec                  
[  5]  18.00-19.00  sec  1.39 MBytes  11.7 Mbits/sec                  
[  5]  19.00-20.00  sec   413 KBytes  3.38 Mbits/sec                  
[  5]  20.00-21.00  sec   428 KBytes  3.51 Mbits/sec                  
[  5]  21.00-22.00  sec   450 KBytes  3.68 Mbits/sec                  
[  5]  22.00-23.00  sec   450 KBytes  3.68 Mbits/sec                  
[  5]  23.00-23.41  sec   482 KBytes  9.55 Mbits/sec                  
- - - - - - - - - - - - - - - - - - - - - - - - -
[ ID] Interval           Transfer     Bandwidth
[  5]   0.00-23.41  sec  0.00 Bytes  0.00 bits/sec                  sender
[  5]   0.00-23.41  sec  6.27 MBytes  2.25 Mbits/sec                  receiver
