Connecting to host 10.0.0.2, port 5205
[  4] local 10.0.0.1 port 46118 connected to 10.0.0.2 port 5205
[ ID] Interval           Transfer     Bandwidth       Retr  Cwnd
[  4]   0.00-1.00   sec   379 KBytes  3.10 Mbits/sec    0   56.6 KBytes       
[  4]   1.00-2.00   sec   134 KBytes  1.10 Mbits/sec    0   72.1 KBytes       
[  4]   2.00-3.00   sec   255 KBytes  2.08 Mbits/sec    0   80.6 KBytes       
[  4]   3.00-4.00   sec   127 KBytes  1.04 Mbits/sec    0   87.7 KBytes       
[  4]   4.00-5.01   sec   191 KBytes  1.56 Mbits/sec    0   94.7 KBytes       
[  4]   5.01-6.01   sec   255 KBytes  2.09 Mbits/sec    0    122 KBytes       
[  4]   6.01-7.00   sec  63.6 KBytes   523 Kbits/sec    0    124 KBytes       
[  4]   7.00-8.00   sec   382 KBytes  3.13 Mbits/sec    0    174 KBytes       
[  4]   8.00-9.02   sec   573 KBytes  4.59 Mbits/sec    0    247 KBytes       
[  4]   9.02-10.00  sec  63.6 KBytes   531 Kbits/sec    0    262 KBytes       
[  4]  10.00-11.00  sec   127 KBytes  1.05 Mbits/sec   40    195 KBytes       
[  4]  11.00-12.01  sec  0.00 Bytes  0.00 bits/sec    3    195 KBytes       
[  4]  12.01-13.01  sec   127 KBytes  1.04 Mbits/sec   16    195 KBytes       
[  4]  13.01-14.01  sec   127 KBytes  1.05 Mbits/sec    4    195 KBytes       
[  4]  14.01-15.00  sec   127 KBytes  1.05 Mbits/sec    0    167 KBytes       
[  4]  15.00-16.02  sec   191 KBytes  1.54 Mbits/sec    0    143 KBytes       
[  4]  16.02-17.00  sec   191 KBytes  1.59 Mbits/sec    0    144 KBytes       
[  4]  17.00-18.01  sec  0.00 Bytes  0.00 bits/sec    0    150 KBytes       
[  4]  18.01-19.00  sec   127 KBytes  1.05 Mbits/sec    0    157 KBytes       
[  4]  19.00-20.00  sec   127 KBytes  1.04 Mbits/sec    0    163 KBytes       
[  4]  20.00-21.01  sec  63.6 KBytes   515 Kbits/sec    0    163 KBytes       
[  4]  21.01-22.01  sec   127 KBytes  1.04 Mbits/sec    0    167 KBytes       
[  4]  22.01-23.00  sec  0.00 Bytes  0.00 bits/sec    0    170 KBytes       
[  4]  23.00-24.00  sec  63.6 KBytes   521 Kbits/sec   11    127 KBytes       
[  4]  24.00-25.00  sec  0.00 Bytes  0.00 bits/sec    3    122 KBytes       
[  4]  25.00-26.00  sec   191 KBytes  1.57 Mbits/sec    0    123 KBytes       
[  4]  26.00-27.00  sec   127 KBytes  1.04 Mbits/sec    0    137 KBytes       
[  4]  27.00-28.00  sec  63.6 KBytes   523 Kbits/sec    0    144 KBytes       
[  4]  28.00-29.00  sec  63.6 KBytes   522 Kbits/sec    0    158 KBytes       
[  4]  29.00-30.00  sec   191 KBytes  1.56 Mbits/sec    0    168 KBytes       
[  4]  30.00-31.00  sec  0.00 Bytes  0.00 bits/sec    0    168 KBytes       
[  4]  31.00-32.00  sec   127 KBytes  1.05 Mbits/sec    0    173 KBytes       
[  4]  32.00-33.00  sec   127 KBytes  1.04 Mbits/sec    0    178 KBytes       
[  4]  33.00-34.01  sec  63.6 KBytes   516 Kbits/sec    0    184 KBytes       
[  4]  34.01-35.00  sec   127 KBytes  1.05 Mbits/sec    0    212 KBytes       
[  4]  35.00-36.00  sec  63.6 KBytes   520 Kbits/sec    0    222 KBytes       
[  4]  36.00-37.00  sec  63.6 KBytes   522 Kbits/sec   37    173 KBytes       
[  4]  37.00-38.00  sec  0.00 Bytes  0.00 bits/sec    2    174 KBytes       
[  4]  38.00-39.00  sec  0.00 Bytes  0.00 bits/sec   20    174 KBytes       
[  4]  39.00-40.00  sec  0.00 Bytes  0.00 bits/sec    0    174 KBytes       
[  4]  40.00-41.00  sec   191 KBytes  1.56 Mbits/sec   10    137 KBytes       
[  4]  41.00-42.00  sec  0.00 Bytes  0.00 bits/sec    3    124 KBytes       
[  4]  42.00-43.00  sec   191 KBytes  1.56 Mbits/sec    0    122 KBytes       
[  4]  43.00-44.00  sec   191 KBytes  1.56 Mbits/sec    0    126 KBytes       
[  4]  44.00-45.02  sec   127 KBytes  1.02 Mbits/sec    0    134 KBytes       
[  4]  45.02-46.00  sec   127 KBytes  1.07 Mbits/sec    0    143 KBytes       
[  4]  46.00-47.00  sec   127 KBytes  1.04 Mbits/sec    0    146 KBytes       
[  4]  47.00-48.00  sec  63.6 KBytes   522 Kbits/sec    0    146 KBytes       
[  4]  48.00-49.00  sec  63.6 KBytes   521 Kbits/sec    0    148 KBytes       
[  4]  49.00-50.00  sec   127 KBytes  1.04 Mbits/sec    0    157 KBytes       
[  4]  50.00-51.00  sec  0.00 Bytes  0.00 bits/sec    0    158 KBytes       
[  4]  51.00-52.00  sec  63.6 KBytes   521 Kbits/sec   22    127 KBytes       
[  4]  52.00-53.01  sec  0.00 Bytes  0.00 bits/sec    2    122 KBytes       
[  4]  53.01-54.01  sec  63.6 KBytes   521 Kbits/sec    0    122 KBytes       
[  4]  54.01-55.00  sec   255 KBytes  2.09 Mbits/sec    0    134 KBytes       
[  4]  55.00-56.00  sec  0.00 Bytes  0.00 bits/sec    0    137 KBytes       
[  4]  56.00-57.00  sec   127 KBytes  1.04 Mbits/sec    0    158 KBytes       
[  4]  57.00-58.00  sec  0.00 Bytes  0.00 bits/sec    1    157 KBytes       
[  4]  58.00-59.00  sec  0.00 Bytes  0.00 bits/sec    1    110 KBytes       
[  4]  59.00-60.00  sec   191 KBytes  1.56 Mbits/sec    0    113 KBytes       
[  4]  60.00-61.00  sec  63.6 KBytes   522 Kbits/sec    0    120 KBytes       
[  4]  61.00-62.00  sec   127 KBytes  1.04 Mbits/sec    0    127 KBytes       
[  4]  62.00-63.00  sec  0.00 Bytes  0.00 bits/sec    0    129 KBytes       
[  4]  63.00-64.00  sec  0.00 Bytes  0.00 bits/sec    7   89.1 KBytes       
[  4]  64.00-65.00  sec  0.00 Bytes  0.00 bits/sec    1   89.1 KBytes       
[  4]  65.00-66.01  sec   127 KBytes  1.03 Mbits/sec    7   89.1 KBytes       
[  4]  66.01-67.00  sec  63.6 KBytes   527 Kbits/sec    0   82.0 KBytes       
[  4]  67.00-68.00  sec   127 KBytes  1.04 Mbits/sec    0   62.2 KBytes       
[  4]  68.00-69.03  sec  63.6 KBytes   507 Kbits/sec    0   67.9 KBytes       
[  4]  69.03-70.00  sec  63.6 KBytes   536 Kbits/sec    0   72.1 KBytes       
[  4]  70.00-71.00  sec  0.00 Bytes  0.00 bits/sec    0   72.1 KBytes       
[  4]  71.00-72.00  sec  63.6 KBytes   521 Kbits/sec    0   73.5 KBytes       
[  4]  72.00-73.03  sec  63.6 KBytes   506 Kbits/sec    0   76.4 KBytes       
[  4]  73.03-74.00  sec  0.00 Bytes  0.00 bits/sec    0   82.0 KBytes       
[  4]  74.00-75.00  sec  63.6 KBytes   522 Kbits/sec    0   94.7 KBytes       
[  4]  75.00-76.00  sec  0.00 Bytes  0.00 bits/sec    0    117 KBytes       
[  4]  76.00-77.00  sec  63.6 KBytes   522 Kbits/sec    0    136 KBytes       
[  4]  77.00-78.00  sec  0.00 Bytes  0.00 bits/sec    1    122 KBytes       
[  4]  78.00-79.04  sec  0.00 Bytes  0.00 bits/sec    0    105 KBytes       
[  4]  79.04-80.00  sec   127 KBytes  1.09 Mbits/sec    4   99.0 KBytes       
[  4]  80.00-81.02  sec  0.00 Bytes  0.00 bits/sec    0   99.0 KBytes       
[  4]  81.02-82.01  sec   127 KBytes  1.05 Mbits/sec    0   80.6 KBytes       
[  4]  82.01-83.00  sec   127 KBytes  1.05 Mbits/sec    0   73.5 KBytes       
[  4]  83.00-84.00  sec  63.6 KBytes   521 Kbits/sec    0   76.4 KBytes       
[  4]  84.00-85.02  sec  0.00 Bytes  0.00 bits/sec    0   80.6 KBytes       
[  4]  85.02-86.00  sec   127 KBytes  1.06 Mbits/sec    0   82.0 KBytes       
[  4]  86.00-87.00  sec  0.00 Bytes  0.00 bits/sec    0   83.4 KBytes       
[  4]  87.00-88.01  sec  63.6 KBytes   519 Kbits/sec    0   86.3 KBytes       
[  4]  88.01-89.00  sec  63.6 KBytes   524 Kbits/sec    0   99.0 KBytes       
[  4]  89.00-90.00  sec  0.00 Bytes  0.00 bits/sec    0    106 KBytes       
[  4]  90.00-91.00  sec  0.00 Bytes  0.00 bits/sec   10   83.4 KBytes       
[  4]  91.00-92.00  sec  0.00 Bytes  0.00 bits/sec    0   79.2 KBytes       
[  4]  92.00-93.02  sec   127 KBytes  1.03 Mbits/sec    0   80.6 KBytes       
[  4]  93.02-94.01  sec  63.6 KBytes   524 Kbits/sec    0   91.9 KBytes       
[  4]  94.01-95.02  sec  63.6 KBytes   518 Kbits/sec    0   97.6 KBytes       
[  4]  95.02-96.00  sec  63.6 KBytes   531 Kbits/sec    0    107 KBytes       
[  4]  96.00-97.00  sec  63.6 KBytes   521 Kbits/sec    0    109 KBytes       
[  4]  97.00-98.05  sec  0.00 Bytes  0.00 bits/sec    1   96.2 KBytes       
[  4]  98.05-99.01  sec  0.00 Bytes  0.00 bits/sec    3   87.7 KBytes       
[  4]  99.01-100.01 sec  63.6 KBytes   521 Kbits/sec    1   76.4 KBytes       
[  4] 100.01-101.00 sec   127 KBytes  1.05 Mbits/sec    0   80.6 KBytes       
[  4] 101.00-102.00 sec  63.6 KBytes   522 Kbits/sec    0   83.4 KBytes       
[  4] 102.00-103.00 sec  63.6 KBytes   520 Kbits/sec    0   89.1 KBytes       
[  4] 103.00-104.00 sec  63.6 KBytes   523 Kbits/sec    0   90.5 KBytes       
[  4] 104.00-105.00 sec  63.6 KBytes   521 Kbits/sec    0   91.9 KBytes       
[  4] 105.00-106.00 sec  63.6 KBytes   522 Kbits/sec    0   99.0 KBytes       
[  4] 106.00-107.00 sec  0.00 Bytes  0.00 bits/sec    0    102 KBytes       
[  4] 107.00-108.01 sec  0.00 Bytes  0.00 bits/sec    2   79.2 KBytes       
[  4] 108.01-109.00 sec  0.00 Bytes  0.00 bits/sec    0   74.9 KBytes       
[  4] 109.00-110.00 sec   191 KBytes  1.57 Mbits/sec    0   80.6 KBytes       
[  4] 110.00-111.00 sec  63.6 KBytes   521 Kbits/sec    0   93.3 KBytes       
[  4] 111.00-112.01 sec  0.00 Bytes  0.00 bits/sec    0   94.7 KBytes       
[  4] 112.01-113.00 sec  63.6 KBytes   524 Kbits/sec    0    100 KBytes       
[  4] 113.00-114.00 sec  63.6 KBytes   521 Kbits/sec    0    103 KBytes       
[  4] 114.00-115.03 sec  63.6 KBytes   508 Kbits/sec    0    105 KBytes       
[  4] 115.03-116.01 sec  63.6 KBytes   531 Kbits/sec    0    115 KBytes       
[  4] 116.01-117.00 sec  63.6 KBytes   524 Kbits/sec    0    117 KBytes       
[  4] 117.00-118.01 sec  63.6 KBytes   517 Kbits/sec    0    148 KBytes       
[  4] 118.01-119.00 sec  0.00 Bytes  0.00 bits/sec    0    156 KBytes       
[  4] 119.00-120.00 sec   127 KBytes  1.05 Mbits/sec    0    225 KBytes       
[  4] 120.00-121.00 sec   382 KBytes  3.13 Mbits/sec    0    315 KBytes       
[  4] 121.00-122.01 sec   191 KBytes  1.55 Mbits/sec    0    341 KBytes       
[  4] 122.01-123.02 sec  1.06 MBytes  8.81 Mbits/sec    0    484 KBytes       
[  4] 123.02-124.00 sec   764 KBytes  6.35 Mbits/sec    0    587 KBytes       
[  4] 124.00-125.00 sec  1.06 MBytes  8.85 Mbits/sec    0    725 KBytes       
[  4] 125.00-126.01 sec  63.6 KBytes   516 Kbits/sec   38    568 KBytes       
[  4] 126.01-127.00 sec  0.00 Bytes  0.00 bits/sec   38    520 KBytes       
[  4] 127.00-128.01 sec   255 KBytes  2.06 Mbits/sec    7    520 KBytes       
[  4] 128.01-129.01 sec   382 KBytes  3.14 Mbits/sec    0    520 KBytes       
[  4] 129.01-130.00 sec  1018 KBytes  8.39 Mbits/sec    0    564 KBytes       
[  4] 130.00-131.00 sec   255 KBytes  2.09 Mbits/sec    0    600 KBytes       
[  4] 131.00-132.02 sec   445 KBytes  3.58 Mbits/sec    0    655 KBytes       
[  4] 132.02-133.00 sec   445 KBytes  3.72 Mbits/sec    0    687 KBytes       
[  4] 133.00-134.00 sec   509 KBytes  4.16 Mbits/sec    0    713 KBytes       
[  4] 134.00-135.00 sec   509 KBytes  4.17 Mbits/sec    0    728 KBytes       
[  4] 135.00-136.00 sec   382 KBytes  3.13 Mbits/sec    0    735 KBytes       
[  4] 136.00-137.00 sec   255 KBytes  2.09 Mbits/sec   27    676 KBytes       
[  4] 137.00-138.02 sec  0.00 Bytes  0.00 bits/sec   44    515 KBytes       
[  4] 138.02-139.01 sec  63.6 KBytes   527 Kbits/sec    2    515 KBytes       
[  4] 139.01-140.00 sec   764 KBytes  6.28 Mbits/sec    0    516 KBytes       
[  4] 140.00-141.02 sec   636 KBytes  5.13 Mbits/sec    0    543 KBytes       
[  4] 141.02-142.01 sec   255 KBytes  2.11 Mbits/sec    0    561 KBytes       
[  4] 142.01-143.00 sec   318 KBytes  2.62 Mbits/sec    0    583 KBytes       
[  4] 143.00-144.01 sec   382 KBytes  3.12 Mbits/sec    0    601 KBytes       
[  4] 144.01-145.00 sec   191 KBytes  1.57 Mbits/sec    0    609 KBytes       
[  4] 145.00-146.01 sec  63.6 KBytes   518 Kbits/sec   65    427 KBytes       
[  4] 146.01-147.00 sec  0.00 Bytes  0.00 bits/sec    0    427 KBytes       
[  4] 147.00-148.00 sec   127 KBytes  1.05 Mbits/sec    0    427 KBytes       
[  4] 148.00-149.02 sec   764 KBytes  6.13 Mbits/sec    0    437 KBytes       
[  4] 149.02-150.00 sec   445 KBytes  3.73 Mbits/sec    0    471 KBytes       
[  4] 150.00-151.02 sec   191 KBytes  1.54 Mbits/sec    0    484 KBytes       
[  4] 151.02-152.00 sec   318 KBytes  2.65 Mbits/sec    0    499 KBytes       
[  4] 152.00-153.01 sec   191 KBytes  1.55 Mbits/sec    0    506 KBytes       
[  4] 153.01-154.01 sec   255 KBytes  2.10 Mbits/sec    0    512 KBytes       
[  4] 154.01-155.00 sec   255 KBytes  2.10 Mbits/sec    0    515 KBytes       
[  4] 155.00-156.01 sec   255 KBytes  2.07 Mbits/sec    0    519 KBytes       
[  4] 156.01-157.00 sec   191 KBytes  1.57 Mbits/sec    0    526 KBytes       
[  4] 157.00-158.01 sec  63.6 KBytes   518 Kbits/sec   57    379 KBytes       
[  4] 158.01-159.00 sec  0.00 Bytes  0.00 bits/sec   21    369 KBytes       
[  4] 159.00-160.00 sec  0.00 Bytes  0.00 bits/sec   27    369 KBytes       
[  4] 160.00-161.00 sec  0.00 Bytes  0.00 bits/sec    5    369 KBytes       
[  4] 161.00-162.00 sec   509 KBytes  4.17 Mbits/sec    0    358 KBytes       
[  4] 162.00-163.00 sec   573 KBytes  4.68 Mbits/sec    0    294 KBytes       
[  4] 163.00-164.01 sec   255 KBytes  2.08 Mbits/sec    0    262 KBytes       
[  4] 164.01-165.01 sec   255 KBytes  2.08 Mbits/sec    0    286 KBytes       
[  4] 165.01-166.00 sec   445 KBytes  3.67 Mbits/sec    0    304 KBytes       
[  4] 166.00-167.00 sec   255 KBytes  2.09 Mbits/sec    0    310 KBytes       
[  4] 167.00-168.02 sec   318 KBytes  2.55 Mbits/sec    0    311 KBytes       
[  4] 168.02-169.01 sec  63.6 KBytes   527 Kbits/sec    0    313 KBytes       
[  4] 169.01-170.00 sec   255 KBytes  2.11 Mbits/sec    0    317 KBytes       
[  4] 170.00-171.03 sec  0.00 Bytes  0.00 bits/sec    0    318 KBytes       
[  4] 171.03-172.01 sec   255 KBytes  2.15 Mbits/sec    0    337 KBytes       
[  4] 172.01-173.02 sec  63.6 KBytes   512 Kbits/sec    1    337 KBytes       
[  4] 173.02-174.00 sec  0.00 Bytes  0.00 bits/sec   15    247 KBytes       
[  4] 174.00-175.02 sec  63.6 KBytes   514 Kbits/sec    0    239 KBytes       
[  4] 175.02-176.02 sec   445 KBytes  3.65 Mbits/sec    0    247 KBytes       
[  4] 176.02-177.00 sec   127 KBytes  1.06 Mbits/sec    0    259 KBytes       
[  4] 177.00-178.00 sec   191 KBytes  1.56 Mbits/sec    0    291 KBytes       
[  4] 178.00-179.00 sec   127 KBytes  1.04 Mbits/sec    0    311 KBytes       
[  4] 179.00-180.00 sec   127 KBytes  1.04 Mbits/sec    0    321 KBytes       
[  4] 180.00-181.01 sec   191 KBytes  1.55 Mbits/sec    0    329 KBytes       
[  4] 181.01-182.00 sec   127 KBytes  1.05 Mbits/sec    0    334 KBytes       
[  4] 182.00-183.00 sec  0.00 Bytes  0.00 bits/sec    8    279 KBytes       
[  4] 183.00-184.00 sec  0.00 Bytes  0.00 bits/sec    3    233 KBytes       
[  4] 184.00-185.00 sec   255 KBytes  2.09 Mbits/sec    0    233 KBytes       
[  4] 185.00-186.00 sec   318 KBytes  2.60 Mbits/sec    0    240 KBytes       
[  4] 186.00-187.00 sec   255 KBytes  2.09 Mbits/sec    0    259 KBytes       
[  4] 187.00-188.00 sec   191 KBytes  1.56 Mbits/sec    0    273 KBytes       
[  4] 188.00-189.00 sec   127 KBytes  1.04 Mbits/sec    0    276 KBytes       
[  4] 189.00-190.00 sec   191 KBytes  1.56 Mbits/sec    0    280 KBytes       
[  4] 190.00-191.00 sec  63.6 KBytes   520 Kbits/sec    0    281 KBytes       
[  4] 191.00-192.02 sec   255 KBytes  2.06 Mbits/sec    0    287 KBytes       
[  4] 192.02-193.00 sec   127 KBytes  1.06 Mbits/sec    0    298 KBytes       
[  4] 193.00-194.00 sec   127 KBytes  1.04 Mbits/sec    0    310 KBytes       
[  4] 194.00-195.01 sec   127 KBytes  1.04 Mbits/sec    0    335 KBytes       
[  4] 195.01-196.02 sec  63.6 KBytes   516 Kbits/sec    9    308 KBytes       
[  4] 196.02-197.00 sec  0.00 Bytes  0.00 bits/sec    0    259 KBytes       
[  4] 197.00-198.01 sec  0.00 Bytes  0.00 bits/sec    7    245 KBytes       
[  4] 198.01-199.01 sec   382 KBytes  3.14 Mbits/sec    0    228 KBytes       
[  4] 199.01-200.02 sec   318 KBytes  2.58 Mbits/sec    0    198 KBytes       
[  4] 200.02-201.00 sec   191 KBytes  1.59 Mbits/sec    0    175 KBytes       
[  4] 201.00-202.00 sec   191 KBytes  1.57 Mbits/sec    0    191 KBytes       
[  4] 202.00-203.02 sec  63.6 KBytes   512 Kbits/sec    0    195 KBytes       
[  4] 203.02-204.01 sec   127 KBytes  1.06 Mbits/sec    0    202 KBytes       
[  4] 204.01-205.00 sec   127 KBytes  1.05 Mbits/sec    0    204 KBytes       
[  4] 205.00-206.01 sec  63.6 KBytes   518 Kbits/sec    3    199 KBytes       
[  4] 206.01-207.00 sec  0.00 Bytes  0.00 bits/sec    0    163 KBytes       
[  4] 207.00-208.00 sec   127 KBytes  1.04 Mbits/sec    4    144 KBytes       
[  4] 208.00-209.00 sec  63.6 KBytes   521 Kbits/sec    0    133 KBytes       
[  4] 209.00-210.00 sec   255 KBytes  2.09 Mbits/sec    0    110 KBytes       
[  4] 210.00-211.01 sec  63.6 KBytes   518 Kbits/sec    0    105 KBytes       
[  4] 211.01-212.01 sec   127 KBytes  1.04 Mbits/sec    0    115 KBytes       
[  4] 212.01-213.01 sec  0.00 Bytes  0.00 bits/sec    0    116 KBytes       
[  4] 213.01-214.01 sec   127 KBytes  1.05 Mbits/sec    0    119 KBytes       
[  4] 214.01-215.00 sec  0.00 Bytes  0.00 bits/sec    6   99.0 KBytes       
[  4] 215.00-216.03 sec  0.00 Bytes  0.00 bits/sec    2   82.0 KBytes       
[  4] 216.03-217.00 sec  63.6 KBytes   536 Kbits/sec    0   82.0 KBytes       
[  4] 217.00-218.00 sec   127 KBytes  1.04 Mbits/sec    0   86.3 KBytes       
[  4] 218.00-219.00 sec  63.6 KBytes   521 Kbits/sec    0   93.3 KBytes       
[  4] 219.00-220.00 sec  63.6 KBytes   521 Kbits/sec    0   96.2 KBytes       
[  4] 220.00-221.01 sec  63.6 KBytes   517 Kbits/sec    0   99.0 KBytes       
[  4] 221.01-222.00 sec   127 KBytes  1.05 Mbits/sec    0    102 KBytes       
[  4] 222.00-223.03 sec  63.6 KBytes   509 Kbits/sec    0    107 KBytes       
[  4] 223.03-224.00 sec  63.6 KBytes   534 Kbits/sec    0    120 KBytes       
[  4] 224.00-225.01 sec  63.6 KBytes   519 Kbits/sec    0    129 KBytes       
[  4] 225.01-226.03 sec  63.6 KBytes   512 Kbits/sec    0    175 KBytes       
[  4] 226.03-227.01 sec  0.00 Bytes  0.00 bits/sec    0    191 KBytes       
[  4] 227.01-228.00 sec  0.00 Bytes  0.00 bits/sec    2    182 KBytes       
[  4] 228.00-229.00 sec  0.00 Bytes  0.00 bits/sec   13    148 KBytes       
[  4] 229.00-230.00 sec   127 KBytes  1.04 Mbits/sec    0    148 KBytes       
[  4] 230.00-231.00 sec   255 KBytes  2.09 Mbits/sec    0    158 KBytes       
[  4] 231.00-232.00 sec   127 KBytes  1.04 Mbits/sec    0    170 KBytes       
[  4] 232.00-233.02 sec  63.6 KBytes   514 Kbits/sec    0    188 KBytes       
[  4] 233.02-234.02 sec  63.6 KBytes   520 Kbits/sec    0    195 KBytes       
[  4] 234.02-235.01 sec  0.00 Bytes  0.00 bits/sec    8    141 KBytes       
[  4] 235.01-236.00 sec  0.00 Bytes  0.00 bits/sec    3    137 KBytes       
[  4] 236.00-237.02 sec   127 KBytes  1.03 Mbits/sec    0    137 KBytes       
[  4] 237.02-238.01 sec   255 KBytes  2.10 Mbits/sec    0    146 KBytes       
[  4] 238.01-239.00 sec   127 KBytes  1.05 Mbits/sec    0    153 KBytes       
[  4] 239.00-240.00 sec   127 KBytes  1.04 Mbits/sec    0    161 KBytes       
[  4] 240.00-241.00 sec  63.6 KBytes   521 Kbits/sec    0    164 KBytes       
[  4] 241.00-242.01 sec  63.6 KBytes   518 Kbits/sec    0    165 KBytes       
[  4] 242.01-243.00 sec  63.6 KBytes   526 Kbits/sec    0    167 KBytes       
[  4] 243.00-244.01 sec   127 KBytes  1.03 Mbits/sec    0    177 KBytes       
[  4] 244.01-245.00 sec  0.00 Bytes  0.00 bits/sec    2    147 KBytes       
[  4] 245.00-246.00 sec  0.00 Bytes  0.00 bits/sec    0    123 KBytes       
[  4] 246.00-247.00 sec   255 KBytes  2.08 Mbits/sec    0    146 KBytes       
[  4] 247.00-248.01 sec  63.6 KBytes   517 Kbits/sec    0    153 KBytes       
[  4] 248.01-249.02 sec  63.6 KBytes   519 Kbits/sec    1    156 KBytes       
[  4] 249.02-250.00 sec  0.00 Bytes  0.00 bits/sec    7    134 KBytes       
[  4] 250.00-251.00 sec  0.00 Bytes  0.00 bits/sec   15    113 KBytes       
[  4] 251.00-252.00 sec  63.6 KBytes   520 Kbits/sec    0    113 KBytes       
[  4] 252.00-253.00 sec   191 KBytes  1.57 Mbits/sec    0    120 KBytes       
[  4] 253.00-254.00 sec  63.6 KBytes   520 Kbits/sec    0    124 KBytes       
[  4] 254.00-255.02 sec  63.6 KBytes   513 Kbits/sec    0    130 KBytes       
[  4] 255.02-256.01 sec  63.6 KBytes   526 Kbits/sec    0    133 KBytes       
[  4] 256.01-257.00 sec  0.00 Bytes  0.00 bits/sec    1    117 KBytes       
[  4] 257.00-258.00 sec  0.00 Bytes  0.00 bits/sec    0    102 KBytes       
[  4] 258.00-259.00 sec   191 KBytes  1.56 Mbits/sec    0    100 KBytes       
[  4] 259.00-260.00 sec  63.6 KBytes   521 Kbits/sec    0    106 KBytes       
[  4] 260.00-261.00 sec  63.6 KBytes   521 Kbits/sec    0    109 KBytes       
[  4] 261.00-262.00 sec  63.6 KBytes   522 Kbits/sec    0    112 KBytes       
[  4] 262.00-263.00 sec  63.6 KBytes   521 Kbits/sec    0    117 KBytes       
[  4] 263.00-264.00 sec  63.6 KBytes   521 Kbits/sec    0    132 KBytes       
[  4] 264.00-265.00 sec  0.00 Bytes  0.00 bits/sec    0    147 KBytes       
[  4] 265.00-266.00 sec  63.6 KBytes   521 Kbits/sec    0    181 KBytes       
[  4] 266.00-267.00 sec  63.6 KBytes   519 Kbits/sec    6    195 KBytes       
[  4] 267.00-268.00 sec  0.00 Bytes  0.00 bits/sec    0    160 KBytes       
[  4] 268.00-269.03 sec   191 KBytes  1.52 Mbits/sec    0    150 KBytes       
[  4] 269.03-270.00 sec   127 KBytes  1.08 Mbits/sec    0    177 KBytes       
[  4] 270.00-271.02 sec  63.6 KBytes   513 Kbits/sec    0    188 KBytes       
[  4] 271.02-272.02 sec   127 KBytes  1.04 Mbits/sec    0    199 KBytes       
[  4] 272.02-273.00 sec  63.6 KBytes   531 Kbits/sec    0    202 KBytes       
[  4] 273.00-274.01 sec  0.00 Bytes  0.00 bits/sec   13    154 KBytes       
[  4] 274.01-275.01 sec  0.00 Bytes  0.00 bits/sec    4    141 KBytes       
[  4] 275.01-276.00 sec   127 KBytes  1.05 Mbits/sec    0    141 KBytes       
[  4] 276.00-277.01 sec   255 KBytes  2.06 Mbits/sec    0    156 KBytes       
[  4] 277.01-278.00 sec  63.6 KBytes   526 Kbits/sec    0    160 KBytes       
[  4] 278.00-279.00 sec   127 KBytes  1.04 Mbits/sec    0    165 KBytes       
[  4] 279.00-280.01 sec  63.6 KBytes   519 Kbits/sec    0    168 KBytes       
[  4] 280.01-281.00 sec   127 KBytes  1.05 Mbits/sec    0    173 KBytes       
[  4] 281.00-282.00 sec  0.00 Bytes  0.00 bits/sec    2    164 KBytes       
[  4] 282.00-283.02 sec  0.00 Bytes  0.00 bits/sec    6    120 KBytes       
[  4] 283.02-284.05 sec   127 KBytes  1.01 Mbits/sec    0    120 KBytes       
[  4] 284.05-285.02 sec   127 KBytes  1.07 Mbits/sec    0    132 KBytes       
[  4] 285.02-286.02 sec   127 KBytes  1.05 Mbits/sec    0    153 KBytes       
[  4] 286.02-287.01 sec   127 KBytes  1.04 Mbits/sec    0    164 KBytes       
[  4] 287.01-288.00 sec   191 KBytes  1.58 Mbits/sec    0    170 KBytes       
[  4] 288.00-289.02 sec   127 KBytes  1.02 Mbits/sec    0    171 KBytes       
[  4] 289.02-290.01 sec  63.6 KBytes   529 Kbits/sec    0    173 KBytes       
[  4] 290.01-291.00 sec   127 KBytes  1.05 Mbits/sec    0    178 KBytes       
[  4] 291.00-292.02 sec   127 KBytes  1.02 Mbits/sec    0    187 KBytes       
[  4] 292.02-293.00 sec  63.6 KBytes   533 Kbits/sec    0    205 KBytes       
[  4] 293.00-294.00 sec   127 KBytes  1.04 Mbits/sec    0    235 KBytes       
[  4] 294.00-295.00 sec  63.6 KBytes   521 Kbits/sec    0    269 KBytes       
[  4] 295.00-296.00 sec  0.00 Bytes  0.00 bits/sec    9    219 KBytes       
[  4] 296.00-297.02 sec  0.00 Bytes  0.00 bits/sec   14    188 KBytes       
[  4] 297.02-298.02 sec   127 KBytes  1.05 Mbits/sec    0    188 KBytes       
[  4] 298.02-299.02 sec   318 KBytes  2.60 Mbits/sec    0    206 KBytes       
[  4] 299.02-300.00 sec   191 KBytes  1.59 Mbits/sec    0    236 KBytes       
[  4] 300.00-301.00 sec   127 KBytes  1.05 Mbits/sec    0    249 KBytes       
[  4] 301.00-302.01 sec   127 KBytes  1.03 Mbits/sec    0    257 KBytes       
[  4] 302.01-303.00 sec   127 KBytes  1.05 Mbits/sec    1    260 KBytes       
[  4] 303.00-304.00 sec  0.00 Bytes  0.00 bits/sec    8    206 KBytes       
[  4] 304.00-305.00 sec  63.6 KBytes   522 Kbits/sec    3    182 KBytes       
[  4] 305.00-306.01 sec   127 KBytes  1.03 Mbits/sec    0    182 KBytes       
[  4] 306.01-307.00 sec   318 KBytes  2.63 Mbits/sec    0    195 KBytes       
[  4] 307.00-308.00 sec   127 KBytes  1.04 Mbits/sec    0    204 KBytes       
[  4] 308.00-309.00 sec   127 KBytes  1.04 Mbits/sec    0    214 KBytes       
[  4] 309.00-310.00 sec   127 KBytes  1.04 Mbits/sec    0    218 KBytes       
[  4] 310.00-311.00 sec   191 KBytes  1.57 Mbits/sec    0    221 KBytes       
[  4] 311.00-312.01 sec   127 KBytes  1.04 Mbits/sec    0    225 KBytes       
[  4] 312.01-313.00 sec   127 KBytes  1.05 Mbits/sec    0    233 KBytes       
[  4] 313.00-314.00 sec   127 KBytes  1.04 Mbits/sec    0    246 KBytes       
[  4] 314.00-315.00 sec   127 KBytes  1.04 Mbits/sec    0    267 KBytes       
[  4] 315.00-316.01 sec  63.6 KBytes   520 Kbits/sec    0    301 KBytes       
[  4] 316.01-317.00 sec   191 KBytes  1.57 Mbits/sec    0    349 KBytes       
[  4] 317.00-318.00 sec  63.6 KBytes   521 Kbits/sec    0    414 KBytes       
[  4] 318.00-319.00 sec  63.6 KBytes   521 Kbits/sec   15    409 KBytes       
[  4] 319.00-320.00 sec  0.00 Bytes  0.00 bits/sec   41    324 KBytes       
[  4] 320.00-321.02 sec  0.00 Bytes  0.00 bits/sec   12    324 KBytes       
[  4] 321.02-322.00 sec  0.00 Bytes  0.00 bits/sec    1    324 KBytes       
[  4] 322.00-323.00 sec   445 KBytes  3.65 Mbits/sec    0    315 KBytes       
[  4] 323.00-324.00 sec  63.6 KBytes   522 Kbits/sec   18    239 KBytes       
[  4] 324.00-325.00 sec   382 KBytes  3.13 Mbits/sec    0    226 KBytes       
[  4] 325.00-326.00 sec   445 KBytes  3.64 Mbits/sec    0    245 KBytes       
[  4] 326.00-327.00 sec   255 KBytes  2.09 Mbits/sec    0    259 KBytes       
[  4] 327.00-328.00 sec  63.6 KBytes   520 Kbits/sec    0    264 KBytes       
[  4] 328.00-329.01 sec   191 KBytes  1.55 Mbits/sec    0    269 KBytes       
[  4] 329.01-330.00 sec   127 KBytes  1.05 Mbits/sec    0    272 KBytes       
[  4] 330.00-331.02 sec   191 KBytes  1.53 Mbits/sec    0    274 KBytes       
[  4] 331.02-332.00 sec  63.6 KBytes   533 Kbits/sec    0    279 KBytes       
[  4] 332.00-333.00 sec   191 KBytes  1.57 Mbits/sec    0    293 KBytes       
[  4] 333.00-334.00 sec   127 KBytes  1.04 Mbits/sec    0    308 KBytes       
[  4] 334.00-335.00 sec  0.00 Bytes  0.00 bits/sec   10    274 KBytes       
[  4] 335.00-336.00 sec  0.00 Bytes  0.00 bits/sec    4    223 KBytes       
[  4] 336.00-337.00 sec   382 KBytes  3.13 Mbits/sec    0    229 KBytes       
[  4] 337.00-338.00 sec   255 KBytes  2.09 Mbits/sec    0    264 KBytes       
[  4] 338.00-339.00 sec  63.6 KBytes   521 Kbits/sec    0    274 KBytes       
[  4] 339.00-340.00 sec   255 KBytes  2.08 Mbits/sec    0    298 KBytes       
[  4] 340.00-341.00 sec   127 KBytes  1.05 Mbits/sec    0    310 KBytes       
[  4] 341.00-342.00 sec   191 KBytes  1.56 Mbits/sec    0    314 KBytes       
[  4] 342.00-343.00 sec  63.6 KBytes   521 Kbits/sec    6    273 KBytes       
[  4] 343.00-344.03 sec  0.00 Bytes  0.00 bits/sec    0    243 KBytes       
[  4] 344.03-345.00 sec   382 KBytes  3.21 Mbits/sec    0    230 KBytes       
[  4] 345.00-346.01 sec   127 KBytes  1.03 Mbits/sec    0    242 KBytes       
[  4] 346.01-347.00 sec   191 KBytes  1.58 Mbits/sec    0    255 KBytes       
[  4] 347.00-348.00 sec   191 KBytes  1.56 Mbits/sec    0    262 KBytes       
[  4] 348.00-349.00 sec   127 KBytes  1.04 Mbits/sec    0    263 KBytes       
[  4] 349.00-350.00 sec   191 KBytes  1.56 Mbits/sec    0    266 KBytes       
[  4] 350.00-351.00 sec  63.6 KBytes   521 Kbits/sec    1    262 KBytes       
[  4] 351.00-352.00 sec  0.00 Bytes  0.00 bits/sec   16    188 KBytes       
[  4] 352.00-353.00 sec   318 KBytes  2.61 Mbits/sec    0    194 KBytes       
[  4] 353.00-354.00 sec   127 KBytes  1.04 Mbits/sec    0    215 KBytes       
[  4] 354.00-355.00 sec   127 KBytes  1.04 Mbits/sec    0    236 KBytes       
[  4] 355.00-356.02 sec   127 KBytes  1.03 Mbits/sec    0    250 KBytes       
[  4] 356.02-357.02 sec   127 KBytes  1.04 Mbits/sec    0    259 KBytes       
[  4] 357.02-358.03 sec   191 KBytes  1.56 Mbits/sec    0    263 KBytes       
[  4] 358.03-359.00 sec   127 KBytes  1.07 Mbits/sec    0    266 KBytes       
[  4] 359.00-360.02 sec   127 KBytes  1.03 Mbits/sec    0    272 KBytes       
[  4] 360.02-361.00 sec   127 KBytes  1.06 Mbits/sec    0    280 KBytes       
[  4] 361.00-362.00 sec   127 KBytes  1.04 Mbits/sec    0    294 KBytes       
[  4] 362.00-363.00 sec   127 KBytes  1.04 Mbits/sec    0    317 KBytes       
[  4] 363.00-364.00 sec  0.00 Bytes  0.00 bits/sec   18    256 KBytes       
[  4] 364.00-365.00 sec  0.00 Bytes  0.00 bits/sec    0    228 KBytes       
[  4] 365.00-366.00 sec  0.00 Bytes  0.00 bits/sec    1    228 KBytes       
[  4] 366.00-367.00 sec  0.00 Bytes  0.00 bits/sec    0    228 KBytes       
[  4] 367.00-368.00 sec   636 KBytes  5.22 Mbits/sec    0    247 KBytes       
[  4] 368.00-369.02 sec   127 KBytes  1.03 Mbits/sec    0    267 KBytes       
[  4] 369.02-370.00 sec   127 KBytes  1.06 Mbits/sec    0    288 KBytes       
[  4] 370.00-371.00 sec   127 KBytes  1.04 Mbits/sec    0    301 KBytes       
[  4] 371.00-372.02 sec   127 KBytes  1.03 Mbits/sec    0    311 KBytes       
[  4] 372.02-373.00 sec  0.00 Bytes  0.00 bits/sec    4    274 KBytes       
[  4] 373.00-374.02 sec  0.00 Bytes  0.00 bits/sec    7    218 KBytes       
[  4] 374.02-375.00 sec   127 KBytes  1.06 Mbits/sec    0    218 KBytes       
[  4] 375.00-376.02 sec   382 KBytes  3.07 Mbits/sec    0    222 KBytes       
[  4] 376.02-377.00 sec   127 KBytes  1.06 Mbits/sec    0    235 KBytes       
[  4] 377.00-378.00 sec   191 KBytes  1.57 Mbits/sec    0    250 KBytes       
[  4] 378.00-379.02 sec   127 KBytes  1.03 Mbits/sec    0    256 KBytes       
[  4] 379.02-380.00 sec   127 KBytes  1.06 Mbits/sec    0    259 KBytes       
[  4] 380.00-381.01 sec   191 KBytes  1.55 Mbits/sec    0    262 KBytes       
[  4] 381.01-382.00 sec  63.6 KBytes   528 Kbits/sec    0    267 KBytes       
[  4] 382.00-383.00 sec   191 KBytes  1.56 Mbits/sec    0    277 KBytes       
[  4] 383.00-384.00 sec  63.6 KBytes   521 Kbits/sec    0    291 KBytes       
[  4] 384.00-385.00 sec  63.6 KBytes   521 Kbits/sec    2    281 KBytes       
[  4] 385.00-386.01 sec  0.00 Bytes  0.00 bits/sec   11    206 KBytes       
[  4] 386.01-387.00 sec  0.00 Bytes  0.00 bits/sec    5    206 KBytes       
[  4] 387.00-388.00 sec  0.00 Bytes  0.00 bits/sec    0    206 KBytes       
[  4] 388.00-389.03 sec   573 KBytes  4.58 Mbits/sec    0    174 KBytes       
[  4] 389.03-390.00 sec   191 KBytes  1.60 Mbits/sec    0    150 KBytes       
[  4] 390.00-391.00 sec   127 KBytes  1.04 Mbits/sec    0    163 KBytes       
[  4] 391.00-392.02 sec   127 KBytes  1.03 Mbits/sec    0    170 KBytes       
[  4] 392.02-393.00 sec   127 KBytes  1.06 Mbits/sec    0    173 KBytes       
[  4] 393.00-394.02 sec  63.6 KBytes   512 Kbits/sec    0    174 KBytes       
[  4] 394.02-395.00 sec  63.6 KBytes   531 Kbits/sec    0    177 KBytes       
[  4] 395.00-396.03 sec   191 KBytes  1.52 Mbits/sec    0    185 KBytes       
[  4] 396.03-397.11 sec  63.6 KBytes   485 Kbits/sec    0    201 KBytes       
[  4] 397.11-398.00 sec   127 KBytes  1.16 Mbits/sec    0    221 KBytes       
[  4] 398.00-399.00 sec  63.6 KBytes   523 Kbits/sec    0    257 KBytes       
[  4] 399.00-400.03 sec  63.6 KBytes   508 Kbits/sec    4    287 KBytes       
[  4] 400.03-401.00 sec  0.00 Bytes  0.00 bits/sec   10    240 KBytes       
[  4] 401.00-402.00 sec  0.00 Bytes  0.00 bits/sec   39    206 KBytes       
[  4] 402.00-403.00 sec  0.00 Bytes  0.00 bits/sec    0    206 KBytes       
[  4] 403.00-404.00 sec   382 KBytes  3.13 Mbits/sec    0    208 KBytes       
[  4] 404.00-405.00 sec   191 KBytes  1.57 Mbits/sec    0    236 KBytes       
[  4] 405.00-406.02 sec   127 KBytes  1.03 Mbits/sec    0    249 KBytes       
[  4] 406.02-407.00 sec   127 KBytes  1.06 Mbits/sec    0    269 KBytes       
[  4] 407.00-408.00 sec  63.6 KBytes   521 Kbits/sec    4    242 KBytes       
[  4] 408.00-409.00 sec  0.00 Bytes  0.00 bits/sec    0    191 KBytes       
[  4] 409.00-410.00 sec   318 KBytes  2.61 Mbits/sec    0    202 KBytes       
[  4] 410.00-411.00 sec   255 KBytes  2.08 Mbits/sec    0    219 KBytes       
[  4] 411.00-412.00 sec  0.00 Bytes  0.00 bits/sec    0    221 KBytes       
[  4] 412.00-413.01 sec   191 KBytes  1.56 Mbits/sec    0    228 KBytes       
[  4] 413.01-414.00 sec  63.6 KBytes   524 Kbits/sec    0    229 KBytes       
[  4] 414.00-415.01 sec   127 KBytes  1.04 Mbits/sec    0    235 KBytes       
[  4] 415.01-416.00 sec  63.6 KBytes   523 Kbits/sec    6    226 KBytes       
[  4] 416.00-417.00 sec  0.00 Bytes  0.00 bits/sec    3    171 KBytes       
[  4] 417.00-418.00 sec  0.00 Bytes  0.00 bits/sec    5    165 KBytes       
[  4] 418.00-419.00 sec   191 KBytes  1.56 Mbits/sec    6    165 KBytes       
[  4] 419.00-420.01 sec   255 KBytes  2.08 Mbits/sec    0    137 KBytes       
[  4] 420.01-421.00 sec   127 KBytes  1.05 Mbits/sec    0    116 KBytes       
[  4] 421.00-422.00 sec   127 KBytes  1.04 Mbits/sec    0    129 KBytes       
[  4] 422.00-423.00 sec  63.6 KBytes   523 Kbits/sec    0    134 KBytes       
[  4] 423.00-424.02 sec  63.6 KBytes   513 Kbits/sec    0    136 KBytes       
[  4] 424.02-425.00 sec   127 KBytes  1.06 Mbits/sec    0    139 KBytes       
[  4] 425.00-426.00 sec  0.00 Bytes  0.00 bits/sec    0    140 KBytes       
[  4] 426.00-427.00 sec   127 KBytes  1.04 Mbits/sec    0    151 KBytes       
[  4] 427.00-428.00 sec  63.6 KBytes   520 Kbits/sec    0    165 KBytes       
[  4] 428.00-429.00 sec  63.6 KBytes   522 Kbits/sec    1    180 KBytes       
[  4] 429.00-430.00 sec  0.00 Bytes  0.00 bits/sec    0    164 KBytes       
[  4] 430.00-431.00 sec  63.6 KBytes   521 Kbits/sec    5    129 KBytes       
[  4] 431.00-432.00 sec  0.00 Bytes  0.00 bits/sec    2    129 KBytes       
[  4] 432.00-433.00 sec   127 KBytes  1.04 Mbits/sec    0    112 KBytes       
[  4] 433.00-434.00 sec   191 KBytes  1.56 Mbits/sec    0   89.1 KBytes       
[  4] 434.00-435.00 sec  63.6 KBytes   521 Kbits/sec    0   96.2 KBytes       
[  4] 435.00-436.00 sec   127 KBytes  1.04 Mbits/sec    0    103 KBytes       
[  4] 436.00-437.00 sec  0.00 Bytes  0.00 bits/sec    0    105 KBytes       
[  4] 437.00-438.00 sec  63.6 KBytes   522 Kbits/sec    0    107 KBytes       
[  4] 438.00-439.00 sec  63.6 KBytes   521 Kbits/sec    0    112 KBytes       
[  4] 439.00-440.00 sec  63.6 KBytes   522 Kbits/sec    0    117 KBytes       
[  4] 440.00-441.00 sec  63.6 KBytes   521 Kbits/sec    0    136 KBytes       
[  4] 441.00-442.01 sec  63.6 KBytes   520 Kbits/sec    0    148 KBytes       
[  4] 442.01-443.00 sec  63.6 KBytes   523 Kbits/sec    0    212 KBytes       
[  4] 443.00-444.02 sec  63.6 KBytes   514 Kbits/sec    0    223 KBytes       
[  4] 444.02-445.00 sec   127 KBytes  1.06 Mbits/sec    0    308 KBytes       
[  4] 445.00-446.00 sec  0.00 Bytes  0.00 bits/sec    3    303 KBytes       
[  4] 446.00-447.00 sec  0.00 Bytes  0.00 bits/sec   55    222 KBytes       
[  4] 447.00-448.00 sec  0.00 Bytes  0.00 bits/sec    6    222 KBytes       
[  4] 448.00-449.00 sec   255 KBytes  2.09 Mbits/sec    0    222 KBytes       
[  4] 449.00-450.00 sec   255 KBytes  2.09 Mbits/sec    0    202 KBytes       
[  4] 450.00-451.00 sec   191 KBytes  1.56 Mbits/sec    0    156 KBytes       
[  4] 451.00-452.03 sec  63.6 KBytes   507 Kbits/sec    0    164 KBytes       
[  4] 452.03-453.00 sec   191 KBytes  1.61 Mbits/sec    0    177 KBytes       
[  4] 453.00-454.00 sec   127 KBytes  1.04 Mbits/sec    0    184 KBytes       
[  4] 454.00-455.03 sec  63.6 KBytes   509 Kbits/sec    0    185 KBytes       
[  4] 455.03-456.00 sec   127 KBytes  1.07 Mbits/sec    0    188 KBytes       
[  4] 456.00-457.01 sec  0.00 Bytes  0.00 bits/sec    3    181 KBytes       
[  4] 457.01-458.00 sec  0.00 Bytes  0.00 bits/sec   22    132 KBytes       
[  4] 458.00-459.02 sec   127 KBytes  1.03 Mbits/sec    0    132 KBytes       
[  4] 459.02-460.00 sec   127 KBytes  1.06 Mbits/sec    0    133 KBytes       
[  4] 460.00-461.01 sec  63.6 KBytes   519 Kbits/sec    0    156 KBytes       
[  4] 461.01-462.00 sec  63.6 KBytes   524 Kbits/sec    0    163 KBytes       
[  4] 462.00-463.00 sec   127 KBytes  1.04 Mbits/sec    0    177 KBytes       
[  4] 463.00-464.00 sec  63.6 KBytes   522 Kbits/sec    0    180 KBytes       
[  4] 464.00-465.03 sec  63.6 KBytes   509 Kbits/sec    0    184 KBytes       
[  4] 465.03-466.01 sec  63.6 KBytes   530 Kbits/sec   14    154 KBytes       
[  4] 466.01-467.00 sec  0.00 Bytes  0.00 bits/sec    2    129 KBytes       
[  4] 467.00-468.00 sec  0.00 Bytes  0.00 bits/sec    0    129 KBytes       
[  4] 468.00-469.00 sec   318 KBytes  2.60 Mbits/sec    0    143 KBytes       
[  4] 469.00-470.00 sec  0.00 Bytes  0.00 bits/sec    0    144 KBytes       
[  4] 470.00-471.00 sec   127 KBytes  1.05 Mbits/sec    0    151 KBytes       
[  4] 471.00-472.00 sec  0.00 Bytes  0.00 bits/sec    0    153 KBytes       
[  4] 472.00-473.00 sec   127 KBytes  1.04 Mbits/sec    0    157 KBytes       
[  4] 473.00-474.00 sec  63.6 KBytes   521 Kbits/sec    0    157 KBytes       
[  4] 474.00-475.00 sec   127 KBytes  1.04 Mbits/sec    0    174 KBytes       
[  4] 475.00-476.01 sec  0.00 Bytes  0.00 bits/sec    0    177 KBytes       
[  4] 476.01-477.00 sec   127 KBytes  1.04 Mbits/sec    0    223 KBytes       
[  4] 477.00-478.00 sec  0.00 Bytes  0.00 bits/sec    0    229 KBytes       
[  4] 478.00-479.00 sec   127 KBytes  1.04 Mbits/sec    0    303 KBytes       
[  4] 479.00-480.00 sec  63.6 KBytes   521 Kbits/sec    0    328 KBytes       
[  4] 480.00-481.00 sec  63.6 KBytes   521 Kbits/sec   46    252 KBytes       
[  4] 481.00-482.00 sec  0.00 Bytes  0.00 bits/sec    0    252 KBytes       
[  4] 482.00-483.03 sec   191 KBytes  1.53 Mbits/sec   27    252 KBytes       
[  4] 483.03-484.03 sec  0.00 Bytes  0.00 bits/sec    0    252 KBytes       
[  4] 484.03-485.00 sec   382 KBytes  3.21 Mbits/sec    0    259 KBytes       
[  4] 485.00-486.00 sec  63.6 KBytes   522 Kbits/sec    0    270 KBytes       
[  4] 486.00-487.00 sec   318 KBytes  2.61 Mbits/sec    0    313 KBytes       
[  4] 487.00-488.01 sec  63.6 KBytes   519 Kbits/sec    0    328 KBytes       
[  4] 488.01-489.01 sec   191 KBytes  1.56 Mbits/sec    0    342 KBytes       
[  4] 489.01-490.01 sec   127 KBytes  1.04 Mbits/sec    0    346 KBytes       
[  4] 490.01-491.00 sec  0.00 Bytes  0.00 bits/sec    5    296 KBytes       
[  4] 491.00-492.00 sec  0.00 Bytes  0.00 bits/sec    0    283 KBytes       
[  4] 492.00-493.01 sec  0.00 Bytes  0.00 bits/sec   27    243 KBytes       
[  4] 493.01-494.00 sec   573 KBytes  4.71 Mbits/sec    0    242 KBytes       
[  4] 494.00-495.00 sec   127 KBytes  1.04 Mbits/sec    0    205 KBytes       
[  4] 495.00-496.01 sec   255 KBytes  2.07 Mbits/sec    0    180 KBytes       
[  4] 496.01-497.00 sec   127 KBytes  1.05 Mbits/sec    0    191 KBytes       
[  4] 497.00-498.01 sec   127 KBytes  1.03 Mbits/sec    0    197 KBytes       
[  4] 498.01-499.00 sec   127 KBytes  1.05 Mbits/sec    0    202 KBytes       
[  4] 499.00-500.00 sec  63.6 KBytes   522 Kbits/sec    0    204 KBytes       
[  4] 500.00-501.00 sec   191 KBytes  1.57 Mbits/sec    0    209 KBytes       
[  4] 501.00-502.00 sec  63.6 KBytes   521 Kbits/sec    0    215 KBytes       
[  4] 502.00-503.00 sec   127 KBytes  1.04 Mbits/sec    0    229 KBytes       
[  4] 503.00-504.00 sec  0.00 Bytes  0.00 bits/sec    0    236 KBytes       
[  4] 504.00-505.00 sec   191 KBytes  1.56 Mbits/sec    1    270 KBytes       
[  4] 505.00-506.00 sec  0.00 Bytes  0.00 bits/sec    0    223 KBytes       
[  4] 506.00-507.00 sec   127 KBytes  1.04 Mbits/sec   20    195 KBytes       
[  4] 507.00-508.00 sec  63.6 KBytes   521 Kbits/sec    0    191 KBytes       
[  4] 508.00-509.00 sec   255 KBytes  2.08 Mbits/sec    0    182 KBytes       
[  4] 509.00-510.00 sec   191 KBytes  1.56 Mbits/sec    0    140 KBytes       
[  4] 510.00-511.00 sec   127 KBytes  1.04 Mbits/sec    0    153 KBytes       
[  4] 511.00-512.03 sec  63.6 KBytes   510 Kbits/sec    0    156 KBytes       
[  4] 512.03-513.00 sec   127 KBytes  1.07 Mbits/sec    0    161 KBytes       
[  4] 513.00-514.00 sec  63.6 KBytes   521 Kbits/sec    0    163 KBytes       
[  4] 514.00-515.01 sec   127 KBytes  1.04 Mbits/sec    0    167 KBytes       
[  4] 515.01-516.00 sec  63.6 KBytes   523 Kbits/sec    0    177 KBytes       
[  4] 516.00-517.00 sec  63.6 KBytes   522 Kbits/sec    0    185 KBytes       
[  4] 517.00-518.01 sec   191 KBytes  1.55 Mbits/sec    0    223 KBytes       
[  4] 518.01-519.01 sec  63.6 KBytes   521 Kbits/sec    0    253 KBytes       
[  4] 519.01-520.01 sec   127 KBytes  1.05 Mbits/sec    0    311 KBytes       
[  4] 520.01-521.02 sec  63.6 KBytes   513 Kbits/sec    8    284 KBytes       
[  4] 521.02-522.01 sec  0.00 Bytes  0.00 bits/sec   39    245 KBytes       
[  4] 522.01-523.01 sec  0.00 Bytes  0.00 bits/sec    6    245 KBytes       
[  4] 523.01-524.00 sec  0.00 Bytes  0.00 bits/sec    0    245 KBytes       
[  4] 524.00-525.00 sec   636 KBytes  5.21 Mbits/sec    0    204 KBytes       
[  4] 525.00-526.03 sec   191 KBytes  1.53 Mbits/sec    0    175 KBytes       
[  4] 526.03-527.00 sec  63.6 KBytes   536 Kbits/sec    0    185 KBytes       
[  4] 527.00-528.00 sec   191 KBytes  1.56 Mbits/sec    0    198 KBytes       
[  4] 528.00-529.00 sec  0.00 Bytes  0.00 bits/sec    0    199 KBytes       
[  4] 529.00-530.00 sec   127 KBytes  1.04 Mbits/sec    1    195 KBytes       
[  4] 530.00-531.00 sec  0.00 Bytes  0.00 bits/sec    2    175 KBytes       
[  4] 531.00-532.01 sec   255 KBytes  2.08 Mbits/sec    0    143 KBytes       
[  4] 532.01-533.00 sec   127 KBytes  1.05 Mbits/sec    0    158 KBytes       
[  4] 533.00-534.00 sec  63.6 KBytes   521 Kbits/sec    0    163 KBytes       
[  4] 534.00-535.00 sec   127 KBytes  1.04 Mbits/sec    0    168 KBytes       
[  4] 535.00-536.00 sec   127 KBytes  1.04 Mbits/sec    0    171 KBytes       
[  4] 536.00-537.00 sec  63.6 KBytes   522 Kbits/sec    0    173 KBytes       
[  4] 537.00-538.00 sec   127 KBytes  1.04 Mbits/sec    0    180 KBytes       
[  4] 538.00-539.00 sec  63.6 KBytes   521 Kbits/sec    0    188 KBytes       
[  4] 539.00-540.01 sec   127 KBytes  1.04 Mbits/sec    0    211 KBytes       
[  4] 540.01-541.00 sec  63.6 KBytes   523 Kbits/sec    0    239 KBytes       
[  4] 541.00-542.00 sec  63.6 KBytes   521 Kbits/sec    5    272 KBytes       
[  4] 542.00-543.00 sec  0.00 Bytes  0.00 bits/sec    5    240 KBytes       
[  4] 543.00-544.01 sec  0.00 Bytes  0.00 bits/sec   42    198 KBytes       
[  4] 544.01-545.00 sec   191 KBytes  1.57 Mbits/sec    0    198 KBytes       
[  4] 545.00-546.00 sec   191 KBytes  1.56 Mbits/sec    0    202 KBytes       
[  4] 546.00-547.01 sec   127 KBytes  1.04 Mbits/sec    0    223 KBytes       
[  4] 547.01-548.00 sec   127 KBytes  1.05 Mbits/sec    0    245 KBytes       
[  4] 548.00-549.00 sec   127 KBytes  1.04 Mbits/sec    0    260 KBytes       
[  4] 549.00-550.00 sec   127 KBytes  1.04 Mbits/sec    0    269 KBytes       
[  4] 550.00-551.00 sec  0.00 Bytes  0.00 bits/sec   10    223 KBytes       
[  4] 551.00-552.00 sec  0.00 Bytes  0.00 bits/sec    5    188 KBytes       
[  4] 552.00-553.00 sec   191 KBytes  1.57 Mbits/sec    2    188 KBytes       
[  4] 553.00-554.00 sec   255 KBytes  2.08 Mbits/sec    0    191 KBytes       
[  4] 554.00-555.00 sec   191 KBytes  1.57 Mbits/sec    0    206 KBytes       
[  4] 555.00-556.00 sec   127 KBytes  1.04 Mbits/sec    0    216 KBytes       
[  4] 556.00-557.00 sec   127 KBytes  1.04 Mbits/sec    0    221 KBytes       
[  4] 557.00-558.00 sec   127 KBytes  1.04 Mbits/sec    0    225 KBytes       
[  4] 558.00-559.00 sec  63.6 KBytes   521 Kbits/sec    0    226 KBytes       
[  4] 559.00-560.00 sec   191 KBytes  1.57 Mbits/sec    0    233 KBytes       
[  4] 560.00-561.00 sec  0.00 Bytes  0.00 bits/sec    0    236 KBytes       
[  4] 561.00-562.02 sec   191 KBytes  1.53 Mbits/sec    0    262 KBytes       
[  4] 562.02-563.00 sec  63.6 KBytes   533 Kbits/sec    0    274 KBytes       
[  4] 563.00-564.00 sec  63.6 KBytes   520 Kbits/sec   10    250 KBytes       
[  4] 564.00-565.00 sec  0.00 Bytes  0.00 bits/sec   10    219 KBytes       
[  4] 565.00-566.00 sec   127 KBytes  1.04 Mbits/sec    4    208 KBytes       
[  4] 566.00-567.00 sec   318 KBytes  2.60 Mbits/sec    0    226 KBytes       
[  4] 567.00-568.01 sec   127 KBytes  1.03 Mbits/sec    0    245 KBytes       
[  4] 568.01-569.00 sec   191 KBytes  1.58 Mbits/sec    0    267 KBytes       
[  4] 569.00-570.00 sec  63.6 KBytes   520 Kbits/sec    0    276 KBytes       
[  4] 570.00-571.00 sec  63.6 KBytes   523 Kbits/sec   23    221 KBytes       
[  4] 571.00-572.00 sec  0.00 Bytes  0.00 bits/sec    2    195 KBytes       
[  4] 572.00-573.01 sec   127 KBytes  1.04 Mbits/sec    1    195 KBytes       
[  4] 573.01-574.01 sec   318 KBytes  2.61 Mbits/sec    0    198 KBytes       
[  4] 574.01-575.00 sec   127 KBytes  1.05 Mbits/sec    0    211 KBytes       
[  4] 575.00-576.00 sec   191 KBytes  1.56 Mbits/sec    0    225 KBytes       
[  4] 576.00-577.01 sec  63.6 KBytes   518 Kbits/sec    0    226 KBytes       
[  4] 577.01-578.15 sec  63.6 KBytes   455 Kbits/sec    0    229 KBytes       
[  4] 578.15-579.01 sec  63.6 KBytes   613 Kbits/sec    0    232 KBytes       
[  4] 579.01-580.00 sec   127 KBytes  1.05 Mbits/sec    0    239 KBytes       
[  4] 580.00-581.11 sec   127 KBytes   943 Kbits/sec    0    250 KBytes       
[  4] 581.11-582.01 sec  63.6 KBytes   579 Kbits/sec    0    256 KBytes       
[  4] 582.01-583.00 sec   127 KBytes  1.05 Mbits/sec    0    288 KBytes       
[  4] 583.00-584.00 sec  63.6 KBytes   521 Kbits/sec    0    313 KBytes       
[  4] 584.00-585.01 sec   127 KBytes  1.04 Mbits/sec    0    386 KBytes       
[  4] 585.01-586.00 sec   127 KBytes  1.05 Mbits/sec    0    454 KBytes       
[  4] 586.00-587.00 sec  0.00 Bytes  0.00 bits/sec   28    368 KBytes       
[  4] 587.00-588.00 sec  0.00 Bytes  0.00 bits/sec   85    327 KBytes       
[  4] 588.00-589.00 sec  0.00 Bytes  0.00 bits/sec   10    329 KBytes       
[  4] 589.00-590.00 sec  0.00 Bytes  0.00 bits/sec    0    329 KBytes       
[  4] 590.00-591.00 sec   700 KBytes  5.72 Mbits/sec    4    298 KBytes       
[  4] 591.00-592.00 sec  0.00 Bytes  0.00 bits/sec   21    230 KBytes       
[  4] 592.00-593.00 sec  63.6 KBytes   521 Kbits/sec    1    230 KBytes       
[  4] 593.00-594.00 sec   509 KBytes  4.17 Mbits/sec    0    239 KBytes       
[  4] 594.00-595.00 sec   255 KBytes  2.09 Mbits/sec    0    257 KBytes       
[  4] 595.00-596.00 sec   191 KBytes  1.56 Mbits/sec    0    270 KBytes       
[  4] 596.00-597.00 sec   191 KBytes  1.56 Mbits/sec    0    276 KBytes       
[  4] 597.00-598.00 sec   127 KBytes  1.04 Mbits/sec    0    277 KBytes       
[  4] 598.00-599.00 sec   191 KBytes  1.56 Mbits/sec    0    279 KBytes       
[  4] 599.00-600.00 sec   127 KBytes  1.04 Mbits/sec    0    284 KBytes       
[  4] 600.00-601.01 sec   127 KBytes  1.04 Mbits/sec    0    290 KBytes       
[  4] 601.01-602.00 sec  0.00 Bytes  0.00 bits/sec    6    235 KBytes       
[  4] 602.00-603.01 sec  0.00 Bytes  0.00 bits/sec    0    204 KBytes       
[  4] 603.01-604.00 sec   509 KBytes  4.20 Mbits/sec    0    236 KBytes       
[  4] 604.00-605.00 sec   127 KBytes  1.04 Mbits/sec    0    256 KBytes       
[  4] 605.00-606.00 sec   127 KBytes  1.04 Mbits/sec    0    270 KBytes       
[  4] 606.00-607.00 sec   191 KBytes  1.57 Mbits/sec    0    281 KBytes       
[  4] 607.00-608.00 sec   127 KBytes  1.04 Mbits/sec    0    284 KBytes       
[  4] 608.00-609.00 sec   191 KBytes  1.56 Mbits/sec    0    288 KBytes       
[  4] 609.00-610.00 sec   127 KBytes  1.04 Mbits/sec    0    291 KBytes       
[  4] 610.00-611.00 sec   127 KBytes  1.04 Mbits/sec    0    298 KBytes       
[  4] 611.00-612.00 sec   127 KBytes  1.04 Mbits/sec    2    279 KBytes       
[  4] 612.00-613.00 sec  0.00 Bytes  0.00 bits/sec   11    221 KBytes       
[  4] 613.00-614.00 sec   127 KBytes  1.04 Mbits/sec   14    216 KBytes       
[  4] 614.00-615.00 sec   382 KBytes  3.12 Mbits/sec    0    222 KBytes       
[  4] 615.00-616.00 sec   127 KBytes  1.04 Mbits/sec    0    243 KBytes       
[  4] 616.00-617.00 sec   255 KBytes  2.08 Mbits/sec    0    276 KBytes       
[  4] 617.00-618.00 sec   127 KBytes  1.04 Mbits/sec    0    288 KBytes       
[  4] 618.00-619.00 sec   127 KBytes  1.04 Mbits/sec    0    297 KBytes       
[  4] 619.00-620.00 sec  0.00 Bytes  0.00 bits/sec    2    257 KBytes       
[  4] 620.00-621.00 sec  0.00 Bytes  0.00 bits/sec    2    218 KBytes       
[  4] 621.00-622.01 sec  0.00 Bytes  0.00 bits/sec   11    208 KBytes       
[  4] 622.01-623.09 sec   509 KBytes  3.87 Mbits/sec    0    197 KBytes       
[  4] 623.09-624.02 sec   191 KBytes  1.68 Mbits/sec    0    156 KBytes       
[  4] 624.02-625.00 sec   191 KBytes  1.59 Mbits/sec    0    157 KBytes       
[  4] 625.00-626.00 sec  63.6 KBytes   521 Kbits/sec    0    161 KBytes       
[  4] 626.00-627.00 sec   127 KBytes  1.04 Mbits/sec    0    170 KBytes       
[  4] 627.00-628.01 sec  63.6 KBytes   517 Kbits/sec    0    173 KBytes       
[  4] 628.01-629.00 sec   127 KBytes  1.05 Mbits/sec    0    174 KBytes       
[  4] 629.00-630.00 sec   127 KBytes  1.04 Mbits/sec    0    178 KBytes       
[  4] 630.00-631.00 sec   127 KBytes  1.04 Mbits/sec    0    191 KBytes       
[  4] 631.00-632.00 sec   127 KBytes  1.04 Mbits/sec    0    205 KBytes       
[  4] 632.00-633.00 sec   127 KBytes  1.04 Mbits/sec    0    232 KBytes       
[  4] 633.00-634.00 sec  63.6 KBytes   521 Kbits/sec    0    273 KBytes       
[  4] 634.00-635.00 sec   127 KBytes  1.04 Mbits/sec    0    315 KBytes       
[  4] 635.00-636.00 sec  0.00 Bytes  0.00 bits/sec   37    250 KBytes       
[  4] 636.00-637.00 sec  0.00 Bytes  0.00 bits/sec   22    229 KBytes       
[  4] 637.00-638.01 sec  0.00 Bytes  0.00 bits/sec   12    229 KBytes       
[  4] 638.01-639.00 sec  0.00 Bytes  0.00 bits/sec    0    229 KBytes       
[  4] 639.00-640.00 sec   573 KBytes  4.69 Mbits/sec    0    252 KBytes       
[  4] 640.00-641.00 sec   127 KBytes  1.04 Mbits/sec    0    262 KBytes       
[  4] 641.00-642.00 sec   127 KBytes  1.04 Mbits/sec    0    288 KBytes       
[  4] 642.00-643.00 sec  0.00 Bytes  0.00 bits/sec   11    233 KBytes       
[  4] 643.00-644.00 sec  0.00 Bytes  0.00 bits/sec    0    204 KBytes       
[  4] 644.00-645.00 sec  0.00 Bytes  0.00 bits/sec   14    204 KBytes       
[  4] 645.00-646.00 sec   509 KBytes  4.16 Mbits/sec    0    194 KBytes       
[  4] 646.00-647.00 sec   191 KBytes  1.57 Mbits/sec    0    158 KBytes       
[  4] 647.00-648.00 sec   191 KBytes  1.56 Mbits/sec    0    154 KBytes       
[  4] 648.00-649.00 sec  63.6 KBytes   522 Kbits/sec    0    163 KBytes       
[  4] 649.00-650.00 sec   127 KBytes  1.04 Mbits/sec    0    167 KBytes       
[  4] 650.00-651.04 sec  63.6 KBytes   504 Kbits/sec    0    170 KBytes       
[  4] 651.04-652.00 sec   127 KBytes  1.08 Mbits/sec    0    173 KBytes       
[  4] 652.00-653.00 sec  63.6 KBytes   521 Kbits/sec    0    175 KBytes       
[  4] 653.00-654.01 sec   127 KBytes  1.04 Mbits/sec    0    187 KBytes       
[  4] 654.01-655.00 sec   127 KBytes  1.05 Mbits/sec    0    206 KBytes       
[  4] 655.00-656.00 sec   127 KBytes  1.04 Mbits/sec    0    233 KBytes       
[  4] 656.00-657.00 sec  63.6 KBytes   522 Kbits/sec    0    273 KBytes       
[  4] 657.00-658.00 sec   127 KBytes  1.04 Mbits/sec    0    322 KBytes       
[  4] 658.00-659.02 sec  0.00 Bytes  0.00 bits/sec   19    279 KBytes       
[  4] 659.02-660.00 sec  0.00 Bytes  0.00 bits/sec   11    238 KBytes       
[  4] 660.00-661.00 sec  0.00 Bytes  0.00 bits/sec   13    238 KBytes       
[  4] 661.00-662.00 sec   509 KBytes  4.18 Mbits/sec    0    233 KBytes       
[  4] 662.00-663.00 sec   191 KBytes  1.56 Mbits/sec    0    188 KBytes       
[  4] 663.00-664.00 sec   191 KBytes  1.56 Mbits/sec    0    174 KBytes       
[  4] 664.00-665.00 sec   127 KBytes  1.04 Mbits/sec    0    184 KBytes       
[  4] 665.00-666.00 sec   127 KBytes  1.04 Mbits/sec    0    192 KBytes       
[  4] 666.00-667.02 sec  63.6 KBytes   512 Kbits/sec    0    195 KBytes       
[  4] 667.02-668.00 sec   127 KBytes  1.06 Mbits/sec    0    198 KBytes       
[  4] 668.00-669.00 sec  0.00 Bytes  0.00 bits/sec    4    174 KBytes       
[  4] 669.00-670.00 sec  0.00 Bytes  0.00 bits/sec    0    141 KBytes       
[  4] 670.00-671.00 sec   318 KBytes  2.60 Mbits/sec    0    148 KBytes       
[  4] 671.00-672.00 sec  63.6 KBytes   521 Kbits/sec    0    156 KBytes       
[  4] 672.00-673.00 sec   127 KBytes  1.04 Mbits/sec    0    163 KBytes       
[  4] 673.00-674.00 sec   127 KBytes  1.04 Mbits/sec    0    165 KBytes       
[  4] 674.00-675.00 sec  63.6 KBytes   521 Kbits/sec    0    168 KBytes       
[  4] 675.00-676.00 sec  63.6 KBytes   522 Kbits/sec    0    173 KBytes       
[  4] 676.00-677.00 sec   127 KBytes  1.04 Mbits/sec    0    182 KBytes       
[  4] 677.00-678.00 sec  63.6 KBytes   520 Kbits/sec    0    202 KBytes       
[  4] 678.00-679.01 sec  63.6 KBytes   521 Kbits/sec   12    173 KBytes       
[  4] 679.01-680.00 sec  0.00 Bytes  0.00 bits/sec    9    144 KBytes       
[  4] 680.00-681.00 sec  0.00 Bytes  0.00 bits/sec    3    144 KBytes       
[  4] 681.00-682.01 sec   191 KBytes  1.55 Mbits/sec    0    127 KBytes       
[  4] 682.01-683.00 sec   191 KBytes  1.57 Mbits/sec    0    105 KBytes       
[  4] 683.00-684.00 sec  63.6 KBytes   521 Kbits/sec    0    109 KBytes       
[  4] 684.00-685.00 sec   127 KBytes  1.04 Mbits/sec    0    116 KBytes       
[  4] 685.00-686.00 sec  63.6 KBytes   522 Kbits/sec    0    119 KBytes       
[  4] 686.00-687.00 sec  63.6 KBytes   522 Kbits/sec    0    120 KBytes       
[  4] 687.00-688.01 sec  63.6 KBytes   517 Kbits/sec    0    124 KBytes       
[  4] 688.01-689.00 sec  63.6 KBytes   525 Kbits/sec    0    130 KBytes       
[  4] 689.00-690.00 sec   127 KBytes  1.04 Mbits/sec    0    143 KBytes       
[  4] 690.00-691.01 sec  63.6 KBytes   518 Kbits/sec    0    171 KBytes       
[  4] 691.01-692.00 sec  63.6 KBytes   523 Kbits/sec    0    202 KBytes       
[  4] 692.00-693.00 sec   127 KBytes  1.04 Mbits/sec    0    255 KBytes       
[  4] 693.00-694.00 sec  0.00 Bytes  0.00 bits/sec   10    242 KBytes       
[  4] 694.00-695.00 sec  0.00 Bytes  0.00 bits/sec   17    191 KBytes       
[  4] 695.00-696.00 sec   191 KBytes  1.56 Mbits/sec   10    191 KBytes       
[  4] 696.00-697.00 sec   191 KBytes  1.56 Mbits/sec    0    197 KBytes       
[  4] 697.00-698.00 sec   191 KBytes  1.57 Mbits/sec    0    223 KBytes       
[  4] 698.00-699.01 sec   127 KBytes  1.04 Mbits/sec    0    246 KBytes       
[  4] 699.01-700.00 sec   127 KBytes  1.05 Mbits/sec    0    256 KBytes       
[  4] 700.00-701.00 sec   191 KBytes  1.56 Mbits/sec    0    264 KBytes       
[  4] 701.00-702.01 sec  63.6 KBytes   520 Kbits/sec   10    247 KBytes       
[  4] 702.01-703.00 sec  0.00 Bytes  0.00 bits/sec    8    191 KBytes       
[  4] 703.00-704.00 sec   127 KBytes  1.05 Mbits/sec    3    187 KBytes       
[  4] 704.00-705.00 sec   255 KBytes  2.08 Mbits/sec    0    188 KBytes       
[  4] 705.00-706.00 sec   127 KBytes  1.04 Mbits/sec    0    202 KBytes       
[  4] 706.00-707.00 sec   191 KBytes  1.56 Mbits/sec    0    214 KBytes       
[  4] 707.00-708.00 sec   127 KBytes  1.04 Mbits/sec    0    219 KBytes       
[  4] 708.00-709.00 sec   127 KBytes  1.04 Mbits/sec    0    223 KBytes       
[  4] 709.00-710.00 sec   127 KBytes  1.04 Mbits/sec    0    225 KBytes       
[  4] 710.00-711.00 sec   127 KBytes  1.04 Mbits/sec    0    230 KBytes       
[  4] 711.00-712.00 sec   127 KBytes  1.04 Mbits/sec    0    239 KBytes       
[  4] 712.00-713.00 sec   127 KBytes  1.04 Mbits/sec    0    257 KBytes       
[  4] 713.00-714.00 sec   127 KBytes  1.05 Mbits/sec    0    287 KBytes       
[  4] 714.00-715.00 sec   127 KBytes  1.04 Mbits/sec    0    325 KBytes       
[  4] 715.00-716.00 sec  0.00 Bytes  0.00 bits/sec    8    262 KBytes       
[  4] 716.00-717.00 sec  63.6 KBytes   522 Kbits/sec   22    228 KBytes       
[  4] 717.00-718.00 sec   127 KBytes  1.04 Mbits/sec    8    228 KBytes       
[  4] 718.00-719.00 sec   382 KBytes  3.13 Mbits/sec    0    204 KBytes       
[  4] 719.00-720.00 sec   191 KBytes  1.56 Mbits/sec    0    164 KBytes       
[  4] 720.00-721.00 sec   127 KBytes  1.04 Mbits/sec    0    168 KBytes       
[  4] 721.00-722.01 sec   127 KBytes  1.04 Mbits/sec    0    182 KBytes       
[  4] 722.01-723.00 sec   127 KBytes  1.05 Mbits/sec    0    187 KBytes       
[  4] 723.00-724.00 sec   127 KBytes  1.04 Mbits/sec    0    189 KBytes       
[  4] 724.00-725.00 sec   127 KBytes  1.04 Mbits/sec    0    192 KBytes       
[  4] 725.00-726.00 sec   191 KBytes  1.56 Mbits/sec    0    198 KBytes       
[  4] 726.00-727.00 sec  63.6 KBytes   522 Kbits/sec    0    206 KBytes       
[  4] 727.00-728.01 sec   127 KBytes  1.04 Mbits/sec    0    221 KBytes       
[  4] 728.01-729.02 sec   191 KBytes  1.54 Mbits/sec    0    259 KBytes       
[  4] 729.02-730.00 sec   127 KBytes  1.06 Mbits/sec    0    297 KBytes       
[  4] 730.00-731.00 sec   191 KBytes  1.56 Mbits/sec    0    358 KBytes       
[  4] 731.00-732.00 sec   127 KBytes  1.04 Mbits/sec    0    440 KBytes       
[  4] 732.00-733.00 sec   127 KBytes  1.04 Mbits/sec    0    512 KBytes       
[  4] 733.00-734.00 sec  0.00 Bytes  0.00 bits/sec   65    361 KBytes       
[  4] 734.00-735.00 sec  0.00 Bytes  0.00 bits/sec   27    359 KBytes       
[  4] 735.00-736.02 sec   318 KBytes  2.55 Mbits/sec    0    359 KBytes       
[  4] 736.02-737.00 sec   382 KBytes  3.19 Mbits/sec    0    372 KBytes       
[  4] 737.00-738.00 sec   255 KBytes  2.08 Mbits/sec    0    410 KBytes       
[  4] 738.00-739.00 sec   191 KBytes  1.57 Mbits/sec    0    437 KBytes       
[  4] 739.00-740.00 sec   127 KBytes  1.04 Mbits/sec   15    403 KBytes       
[  4] 740.00-741.00 sec  0.00 Bytes  0.00 bits/sec    0    341 KBytes       
[  4] 741.00-742.00 sec   445 KBytes  3.64 Mbits/sec    0    325 KBytes       
[  4] 742.00-743.00 sec   191 KBytes  1.57 Mbits/sec    0    341 KBytes       
[  4] 743.00-744.01 sec   318 KBytes  2.59 Mbits/sec    0    361 KBytes       
[  4] 744.01-745.00 sec   255 KBytes  2.10 Mbits/sec    0    373 KBytes       
[  4] 745.00-746.00 sec   191 KBytes  1.56 Mbits/sec    0    378 KBytes       
[  4] 746.00-747.00 sec   255 KBytes  2.09 Mbits/sec    0    380 KBytes       
[  4] 747.00-748.01 sec   255 KBytes  2.06 Mbits/sec    0    385 KBytes       
[  4] 748.01-749.05 sec   191 KBytes  1.51 Mbits/sec    2    389 KBytes       
[  4] 749.05-750.00 sec   191 KBytes  1.64 Mbits/sec    0    390 KBytes       
[  4] 750.00-751.00 sec   191 KBytes  1.57 Mbits/sec    0    396 KBytes       
[  4] 751.00-752.01 sec   191 KBytes  1.56 Mbits/sec    0    404 KBytes       
[  4] 752.01-753.00 sec  0.00 Bytes  0.00 bits/sec    8    354 KBytes       
[  4] 753.00-754.00 sec  0.00 Bytes  0.00 bits/sec   38    284 KBytes       
[  4] 754.00-755.00 sec  63.6 KBytes   521 Kbits/sec    5    284 KBytes       
[  4] 755.00-756.00 sec   382 KBytes  3.13 Mbits/sec    0    262 KBytes       
[  4] 756.00-757.00 sec   318 KBytes  2.61 Mbits/sec    0    232 KBytes       
[  4] 757.00-758.00 sec   255 KBytes  2.09 Mbits/sec    0    208 KBytes       
[  4] 758.00-759.01 sec   191 KBytes  1.56 Mbits/sec    0    225 KBytes       
[  4] 759.01-760.00 sec  63.6 KBytes   523 Kbits/sec    0    229 KBytes       
[  4] 760.00-761.00 sec   255 KBytes  2.09 Mbits/sec    0    236 KBytes       
[  4] 761.00-762.00 sec  0.00 Bytes  0.00 bits/sec    0    236 KBytes       
[  4] 762.00-763.00 sec   191 KBytes  1.56 Mbits/sec    0    242 KBytes       
[  4] 763.00-764.00 sec   127 KBytes  1.05 Mbits/sec    0    247 KBytes       
[  4] 764.00-765.00 sec   127 KBytes  1.04 Mbits/sec    0    260 KBytes       
[  4] 765.00-766.01 sec  63.6 KBytes   518 Kbits/sec    0    280 KBytes       
[  4] 766.01-767.00 sec  0.00 Bytes  0.00 bits/sec   12    225 KBytes       
[  4] 767.00-768.01 sec  0.00 Bytes  0.00 bits/sec    0    197 KBytes       
[  4] 768.01-769.00 sec   382 KBytes  3.13 Mbits/sec    0    206 KBytes       
[  4] 769.00-770.00 sec   255 KBytes  2.09 Mbits/sec    0    243 KBytes       
[  4] 770.00-771.00 sec  0.00 Bytes  0.00 bits/sec    0    247 KBytes       
[  4] 771.00-772.00 sec  0.00 Bytes  0.00 bits/sec   26    173 KBytes       
[  4] 772.00-773.00 sec  0.00 Bytes  0.00 bits/sec    0    173 KBytes       
[  4] 773.00-774.00 sec   191 KBytes  1.56 Mbits/sec    1    173 KBytes       
[  4] 774.00-775.00 sec  0.00 Bytes  0.00 bits/sec    0    173 KBytes       
[  4] 775.00-776.00 sec   382 KBytes  3.12 Mbits/sec    0    187 KBytes       
[  4] 776.00-777.00 sec   127 KBytes  1.05 Mbits/sec    0    199 KBytes       
[  4] 777.00-778.01 sec   318 KBytes  2.60 Mbits/sec    0    206 KBytes       
[  4] 778.01-779.00 sec   255 KBytes  2.09 Mbits/sec    0    209 KBytes       
[  4] 779.00-780.01 sec  63.6 KBytes   519 Kbits/sec    0    209 KBytes       
[  4] 780.01-781.00 sec   191 KBytes  1.57 Mbits/sec    0    212 KBytes       
[  4] 781.00-782.00 sec  0.00 Bytes  0.00 bits/sec    0    216 KBytes       
[  4] 782.00-783.00 sec   191 KBytes  1.56 Mbits/sec    0    232 KBytes       
[  4] 783.00-784.00 sec  63.6 KBytes   520 Kbits/sec    0    249 KBytes       
[  4] 784.00-785.00 sec  0.00 Bytes  0.00 bits/sec    4    206 KBytes       
[  4] 785.00-786.00 sec   255 KBytes  2.08 Mbits/sec    0    175 KBytes       
[  4] 786.00-787.00 sec  63.6 KBytes   522 Kbits/sec    0    187 KBytes       
[  4] 787.00-788.00 sec   191 KBytes  1.57 Mbits/sec    0    218 KBytes       
[  4] 788.00-789.00 sec  63.6 KBytes   521 Kbits/sec    0    221 KBytes       
[  4] 789.00-790.00 sec  0.00 Bytes  0.00 bits/sec   30    154 KBytes       
[  4] 790.00-791.02 sec  0.00 Bytes  0.00 bits/sec    9    154 KBytes       
[  4] 791.02-792.00 sec  63.6 KBytes   529 Kbits/sec    5    154 KBytes       
[  4] 792.00-793.00 sec  63.6 KBytes   521 Kbits/sec    0    154 KBytes       
[  4] 793.00-794.00 sec   318 KBytes  2.61 Mbits/sec    0    165 KBytes       
[  4] 794.00-795.01 sec  63.6 KBytes   515 Kbits/sec    0    171 KBytes       
[  4] 795.01-796.00 sec   127 KBytes  1.06 Mbits/sec    0    178 KBytes       
[  4] 796.00-797.00 sec  63.6 KBytes   521 Kbits/sec    0    181 KBytes       
[  4] 797.00-798.00 sec  63.6 KBytes   522 Kbits/sec    0    184 KBytes       
[  4] 798.00-799.01 sec   127 KBytes  1.03 Mbits/sec    0    188 KBytes       
[  4] 799.01-800.00 sec  63.6 KBytes   524 Kbits/sec    0    194 KBytes       
[  4] 800.00-801.00 sec   191 KBytes  1.57 Mbits/sec    0    218 KBytes       
[  4] 801.00-802.00 sec  0.00 Bytes  0.00 bits/sec    0    229 KBytes       
[  4] 802.00-803.00 sec   191 KBytes  1.56 Mbits/sec    0    283 KBytes       
[  4] 803.00-804.00 sec  63.6 KBytes   523 Kbits/sec    0    304 KBytes       
[  4] 804.00-805.01 sec   191 KBytes  1.55 Mbits/sec    0    409 KBytes       
[  4] 805.01-806.00 sec  0.00 Bytes  0.00 bits/sec    9    386 KBytes       
[  4] 806.00-807.00 sec  0.00 Bytes  0.00 bits/sec   79    297 KBytes       
[  4] 807.00-808.02 sec  63.6 KBytes   512 Kbits/sec    1    297 KBytes       
[  4] 808.02-809.00 sec   255 KBytes  2.13 Mbits/sec    0    297 KBytes       
[  4] 809.00-810.00 sec   382 KBytes  3.12 Mbits/sec    0    318 KBytes       
[  4] 810.00-811.00 sec   255 KBytes  2.09 Mbits/sec    0    345 KBytes       
[  4] 811.00-812.00 sec  63.6 KBytes   521 Kbits/sec    1    354 KBytes       
[  4] 812.00-813.00 sec  0.00 Bytes  0.00 bits/sec    1    294 KBytes       
[  4] 813.00-814.00 sec   127 KBytes  1.04 Mbits/sec    1    253 KBytes       
[  4] 814.00-815.00 sec   127 KBytes  1.04 Mbits/sec    0    253 KBytes       
[  4] 815.00-816.01 sec   509 KBytes  4.16 Mbits/sec    0    269 KBytes       
[  4] 816.01-817.00 sec   255 KBytes  2.09 Mbits/sec    0    286 KBytes       
[  4] 817.00-818.00 sec   127 KBytes  1.05 Mbits/sec    0    296 KBytes       
[  4] 818.00-819.01 sec   191 KBytes  1.56 Mbits/sec    0    301 KBytes       
[  4] 819.01-820.00 sec   127 KBytes  1.05 Mbits/sec    0    304 KBytes       
[  4] 820.00-821.00 sec   191 KBytes  1.56 Mbits/sec    0    307 KBytes       
[  4] 821.00-822.00 sec   191 KBytes  1.56 Mbits/sec    0    313 KBytes       
[  4] 822.00-823.00 sec   191 KBytes  1.56 Mbits/sec    0    321 KBytes       
[  4] 823.00-824.00 sec   191 KBytes  1.57 Mbits/sec    0    342 KBytes       
[  4] 824.00-825.00 sec   127 KBytes  1.04 Mbits/sec    0    365 KBytes       
[  4] 825.00-826.00 sec  0.00 Bytes  0.00 bits/sec   12    322 KBytes       
[  4] 826.00-827.00 sec  0.00 Bytes  0.00 bits/sec    1    273 KBytes       
[  4] 827.00-828.00 sec   318 KBytes  2.61 Mbits/sec   25    264 KBytes       
[  4] 828.00-829.00 sec   382 KBytes  3.13 Mbits/sec    0    272 KBytes       
[  4] 829.00-830.00 sec   191 KBytes  1.56 Mbits/sec    0    293 KBytes       
[  4] 830.00-831.01 sec   255 KBytes  2.07 Mbits/sec    0    324 KBytes       
[  4] 831.01-832.00 sec   191 KBytes  1.58 Mbits/sec    0    348 KBytes       
[  4] 832.00-833.00 sec   127 KBytes  1.04 Mbits/sec    0    358 KBytes       
[  4] 833.00-834.00 sec   255 KBytes  2.08 Mbits/sec    0    368 KBytes       
[  4] 834.00-835.00 sec   191 KBytes  1.56 Mbits/sec    0    372 KBytes       
[  4] 835.00-836.01 sec   191 KBytes  1.56 Mbits/sec    0    376 KBytes       
[  4] 836.01-837.00 sec   191 KBytes  1.57 Mbits/sec    0    380 KBytes       
[  4] 837.00-838.00 sec   191 KBytes  1.56 Mbits/sec    0    389 KBytes       
[  4] 838.00-839.00 sec   318 KBytes  2.60 Mbits/sec    0    411 KBytes       
[  4] 839.00-840.01 sec   191 KBytes  1.56 Mbits/sec    0    436 KBytes       
[  4] 840.01-841.00 sec   255 KBytes  2.10 Mbits/sec    0    477 KBytes       
[  4] 841.00-842.00 sec   191 KBytes  1.56 Mbits/sec    0    523 KBytes       
[  4] 842.00-843.00 sec   255 KBytes  2.08 Mbits/sec    0    607 KBytes       
[  4] 843.00-844.00 sec   191 KBytes  1.56 Mbits/sec    0    690 KBytes       
[  4] 844.00-845.00 sec  0.00 Bytes  0.00 bits/sec   20    574 KBytes       
[  4] 845.00-846.00 sec  0.00 Bytes  0.00 bits/sec   31    491 KBytes       
[  4] 846.00-847.00 sec   382 KBytes  3.13 Mbits/sec   17    491 KBytes       
[  4] 847.00-848.00 sec   827 KBytes  6.78 Mbits/sec    0    508 KBytes       
[  4] 848.00-849.00 sec   318 KBytes  2.61 Mbits/sec    0    542 KBytes       
[  4] 849.00-850.00 sec   318 KBytes  2.61 Mbits/sec    0    581 KBytes       
[  4] 850.00-851.01 sec   255 KBytes  2.07 Mbits/sec    0    615 KBytes       
[  4] 851.01-852.00 sec   255 KBytes  2.10 Mbits/sec   13    597 KBytes       
[  4] 852.00-853.00 sec  0.00 Bytes  0.00 bits/sec    9    510 KBytes       
[  4] 853.00-854.00 sec   127 KBytes  1.05 Mbits/sec   16    444 KBytes       
[  4] 854.00-855.00 sec   382 KBytes  3.13 Mbits/sec    0    444 KBytes       
[  4] 855.00-856.04 sec   700 KBytes  5.55 Mbits/sec    0    458 KBytes       
[  4] 856.04-857.00 sec   445 KBytes  3.78 Mbits/sec    0    486 KBytes       
[  4] 857.00-858.00 sec   318 KBytes  2.61 Mbits/sec    0    509 KBytes       
[  4] 858.00-859.00 sec   445 KBytes  3.65 Mbits/sec    0    525 KBytes       
[  4] 859.00-860.01 sec   318 KBytes  2.60 Mbits/sec    0    530 KBytes       
[  4] 860.01-861.00 sec   509 KBytes  4.19 Mbits/sec    0    536 KBytes       
[  4] 861.00-862.00 sec   127 KBytes  1.04 Mbits/sec    0    537 KBytes       
[  4] 862.00-863.00 sec   445 KBytes  3.65 Mbits/sec    0    542 KBytes       
[  4] 863.00-864.00 sec   382 KBytes  3.13 Mbits/sec    0    553 KBytes       
[  4] 864.00-865.01 sec   191 KBytes  1.56 Mbits/sec    0    560 KBytes       
[  4] 865.01-866.00 sec   445 KBytes  3.67 Mbits/sec    0    600 KBytes       
[  4] 866.00-867.00 sec   127 KBytes  1.04 Mbits/sec    0    615 KBytes       
[  4] 867.00-868.02 sec   445 KBytes  3.59 Mbits/sec    0    690 KBytes       
[  4] 868.02-869.00 sec  0.00 Bytes  0.00 bits/sec   20    659 KBytes       
[  4] 869.00-870.00 sec  0.00 Bytes  0.00 bits/sec   82    488 KBytes       
[  4] 870.00-871.00 sec   191 KBytes  1.57 Mbits/sec    0    488 KBytes       
[  4] 871.00-872.00 sec   827 KBytes  6.77 Mbits/sec    0    508 KBytes       
[  4] 872.00-873.00 sec   382 KBytes  3.13 Mbits/sec    0    560 KBytes       
[  4] 873.00-874.01 sec   191 KBytes  1.56 Mbits/sec    0    588 KBytes       
[  4] 874.01-875.00 sec   445 KBytes  3.66 Mbits/sec    0    638 KBytes       
[  4] 875.00-876.00 sec   255 KBytes  2.08 Mbits/sec    0    658 KBytes       
[  4] 876.00-877.00 sec   509 KBytes  4.17 Mbits/sec    0    677 KBytes       
[  4] 877.00-878.00 sec  63.6 KBytes   522 Kbits/sec   54    566 KBytes       
[  4] 878.00-879.00 sec  0.00 Bytes  0.00 bits/sec   18    475 KBytes       
[  4] 879.00-880.00 sec   382 KBytes  3.12 Mbits/sec   17    475 KBytes       
[  4] 880.00-881.00 sec   127 KBytes  1.04 Mbits/sec    0    475 KBytes       
[  4] 881.00-882.00 sec   891 KBytes  7.29 Mbits/sec    0    492 KBytes       
[  4] 882.00-883.01 sec  63.6 KBytes   519 Kbits/sec    0    499 KBytes       
[  4] 883.01-884.00 sec   509 KBytes  4.19 Mbits/sec    0    536 KBytes       
[  4] 884.00-885.00 sec   191 KBytes  1.56 Mbits/sec    0    549 KBytes       
[  4] 885.00-886.00 sec   318 KBytes  2.61 Mbits/sec    0    561 KBytes       
[  4] 886.00-887.00 sec   255 KBytes  2.08 Mbits/sec    0    566 KBytes       
[  4] 887.00-888.01 sec   191 KBytes  1.55 Mbits/sec   12    536 KBytes       
[  4] 888.01-889.01 sec  0.00 Bytes  0.00 bits/sec    0    454 KBytes       
[  4] 889.01-890.01 sec   573 KBytes  4.71 Mbits/sec    0    403 KBytes       
[  4] 890.01-891.00 sec   445 KBytes  3.67 Mbits/sec    0    431 KBytes       
[  4] 891.00-892.01 sec   127 KBytes  1.03 Mbits/sec    0    441 KBytes       
[  4] 892.01-893.00 sec   382 KBytes  3.15 Mbits/sec    0    464 KBytes       
[  4] 893.00-894.00 sec   127 KBytes  1.04 Mbits/sec    0    469 KBytes       
[  4] 894.00-895.00 sec   318 KBytes  2.61 Mbits/sec    0    477 KBytes       
[  4] 895.00-896.00 sec   191 KBytes  1.56 Mbits/sec    0    479 KBytes       
[  4] 896.00-897.00 sec   191 KBytes  1.57 Mbits/sec   25    431 KBytes       
[  4] 897.00-898.02 sec  0.00 Bytes  0.00 bits/sec    3    382 KBytes       
[  4] 898.02-899.01 sec  63.6 KBytes   526 Kbits/sec   23    337 KBytes       
[  4] 899.01-900.00 sec   636 KBytes  5.23 Mbits/sec    0    342 KBytes       
[  4] 900.00-901.00 sec   127 KBytes  1.04 Mbits/sec    0    349 KBytes       
[  4] 901.00-902.00 sec   382 KBytes  3.12 Mbits/sec    0    378 KBytes       
[  4] 902.00-903.00 sec   127 KBytes  1.05 Mbits/sec    0    386 KBytes       
[  4] 903.00-904.00 sec   255 KBytes  2.08 Mbits/sec    0    397 KBytes       
[  4] 904.00-905.00 sec  0.00 Bytes  0.00 bits/sec   14    332 KBytes       
[  4] 905.00-906.00 sec  0.00 Bytes  0.00 bits/sec    0    277 KBytes       
[  4] 906.00-907.00 sec   636 KBytes  5.21 Mbits/sec    0    293 KBytes       
[  4] 907.00-908.00 sec   255 KBytes  2.09 Mbits/sec    0    310 KBytes       
[  4] 908.00-909.00 sec  63.6 KBytes   521 Kbits/sec    0    317 KBytes       
[  4] 909.00-910.00 sec   255 KBytes  2.09 Mbits/sec    0    328 KBytes       
[  4] 910.00-911.01 sec   127 KBytes  1.03 Mbits/sec    0    329 KBytes       
[  4] 911.01-912.00 sec   255 KBytes  2.11 Mbits/sec    0    334 KBytes       
[  4] 912.00-913.00 sec   191 KBytes  1.56 Mbits/sec    0    338 KBytes       
[  4] 913.00-914.00 sec   191 KBytes  1.56 Mbits/sec    0    344 KBytes       
[  4] 914.00-915.00 sec   255 KBytes  2.09 Mbits/sec    0    363 KBytes       
[  4] 915.00-916.00 sec  63.6 KBytes   521 Kbits/sec    0    373 KBytes       
[  4] 916.00-917.00 sec   318 KBytes  2.60 Mbits/sec    0    424 KBytes       
[  4] 917.00-918.09 sec  63.6 KBytes   481 Kbits/sec    0    437 KBytes       
[  4] 918.09-919.00 sec   191 KBytes  1.71 Mbits/sec    2    526 KBytes       
[  4] 919.00-920.01 sec  0.00 Bytes  0.00 bits/sec   11    489 KBytes       
[  4] 920.01-921.00 sec  0.00 Bytes  0.00 bits/sec   62    376 KBytes       
[  4] 921.00-922.00 sec   255 KBytes  2.09 Mbits/sec    1    376 KBytes       
[  4] 922.00-923.01 sec   318 KBytes  2.59 Mbits/sec    0    303 KBytes       
[  4] 923.01-924.00 sec   636 KBytes  5.22 Mbits/sec    0    270 KBytes       
[  4] 924.00-925.00 sec   127 KBytes  1.04 Mbits/sec    0    279 KBytes       
[  4] 925.00-926.00 sec   255 KBytes  2.09 Mbits/sec    0    300 KBytes       
[  4] 926.00-927.00 sec   191 KBytes  1.57 Mbits/sec    0    310 KBytes       
[  4] 927.00-928.04 sec   127 KBytes  1.01 Mbits/sec    0    313 KBytes       
[  4] 928.04-929.00 sec   255 KBytes  2.16 Mbits/sec    0    317 KBytes       
[  4] 929.00-930.00 sec  63.6 KBytes   521 Kbits/sec    0    318 KBytes       
[  4] 930.00-931.00 sec   191 KBytes  1.56 Mbits/sec    3    303 KBytes       
[  4] 931.00-932.00 sec  0.00 Bytes  0.00 bits/sec    0    287 KBytes       
[  4] 932.00-933.00 sec  0.00 Bytes  0.00 bits/sec   19    226 KBytes       
[  4] 933.00-934.00 sec  0.00 Bytes  0.00 bits/sec    0    226 KBytes       
[  4] 934.00-935.00 sec  0.00 Bytes  0.00 bits/sec    0    226 KBytes       
[  4] 935.00-936.00 sec   127 KBytes  1.04 Mbits/sec    1   1.41 KBytes       
[  4] 936.00-937.00 sec  0.00 Bytes  0.00 bits/sec    1   2.83 KBytes       
[  4] 937.00-938.00 sec   764 KBytes  6.26 Mbits/sec    0    257 KBytes       
[  4] 938.00-939.00 sec  0.00 Bytes  0.00 bits/sec    0    257 KBytes       
[  4] 939.00-940.00 sec   191 KBytes  1.57 Mbits/sec    0    270 KBytes       
[  4] 940.00-941.00 sec  0.00 Bytes  0.00 bits/sec    0    270 KBytes       
[  4] 941.00-942.00 sec  0.00 Bytes  0.00 bits/sec   14    188 KBytes       
[  4] 942.00-943.00 sec  0.00 Bytes  0.00 bits/sec    0    188 KBytes       
[  4] 943.00-944.00 sec   445 KBytes  3.65 Mbits/sec    0    218 KBytes       
[  4] 944.00-945.00 sec  63.6 KBytes   521 Kbits/sec    0    228 KBytes       
[  4] 945.00-946.00 sec   191 KBytes  1.56 Mbits/sec    0    247 KBytes       
[  4] 946.00-947.00 sec   255 KBytes  2.09 Mbits/sec    0    262 KBytes       
[  4] 947.00-948.00 sec  0.00 Bytes  0.00 bits/sec    0    262 KBytes       
[  4] 948.00-949.02 sec   255 KBytes  2.04 Mbits/sec    0    267 KBytes       
[  4] 949.02-950.00 sec  0.00 Bytes  0.00 bits/sec    0    270 KBytes       
[  4] 950.00-951.00 sec   191 KBytes  1.56 Mbits/sec    1   1.41 KBytes       
[  4] 951.00-952.00 sec  0.00 Bytes  0.00 bits/sec   36    192 KBytes       
[  4] 952.00-953.00 sec   382 KBytes  3.13 Mbits/sec    0    199 KBytes       
[  4] 953.00-954.00 sec  63.6 KBytes   522 Kbits/sec    0    214 KBytes       
[  4] 954.00-955.00 sec   191 KBytes  1.56 Mbits/sec    0    240 KBytes       
[  4] 955.00-956.00 sec   255 KBytes  2.08 Mbits/sec    0    262 KBytes       
[  4] 956.00-957.00 sec   255 KBytes  2.09 Mbits/sec    0    270 KBytes       
[  4] 957.00-958.00 sec  0.00 Bytes  0.00 bits/sec    0    270 KBytes       
[  4] 958.00-959.00 sec   255 KBytes  2.09 Mbits/sec    0    274 KBytes       
[  4] 959.00-960.00 sec   255 KBytes  2.08 Mbits/sec    0    284 KBytes       
[  4] 960.00-961.00 sec  0.00 Bytes  0.00 bits/sec    0    284 KBytes       
[  4] 961.00-962.00 sec   318 KBytes  2.61 Mbits/sec    0    310 KBytes       
[  4] 962.00-963.00 sec   127 KBytes  1.04 Mbits/sec    0    354 KBytes       
[  4] 963.00-964.00 sec   127 KBytes  1.04 Mbits/sec    0    369 KBytes       
[  4] 964.00-965.00 sec   318 KBytes  2.61 Mbits/sec    0    478 KBytes       
[  4] 965.00-966.00 sec  0.00 Bytes  0.00 bits/sec    0    482 KBytes       
[  4] 966.00-967.00 sec   318 KBytes  2.60 Mbits/sec    0    672 KBytes       
[  4] 967.00-968.00 sec  63.6 KBytes   521 Kbits/sec    0    693 KBytes       
[  4] 968.00-969.00 sec  63.6 KBytes   521 Kbits/sec    0    721 KBytes       
[  4] 969.00-970.00 sec   573 KBytes  4.69 Mbits/sec   77    628 KBytes       
[  4] 970.00-971.00 sec  0.00 Bytes  0.00 bits/sec    6    615 KBytes       
[  4] 971.00-972.00 sec  0.00 Bytes  0.00 bits/sec   73    577 KBytes       
[  4] 972.00-973.00 sec  0.00 Bytes  0.00 bits/sec   20    577 KBytes       
[  4] 973.00-974.00 sec  0.00 Bytes  0.00 bits/sec   82    577 KBytes       
[  4] 974.00-975.00 sec  0.00 Bytes  0.00 bits/sec    0    577 KBytes       
[  4] 975.00-976.00 sec  0.00 Bytes  0.00 bits/sec   23   1.41 KBytes       
[  4] 976.00-977.00 sec  0.00 Bytes  0.00 bits/sec    0   1.41 KBytes       
[  4] 977.00-978.00 sec   127 KBytes  1.04 Mbits/sec   13   18.4 KBytes       
[  4] 978.00-979.00 sec   255 KBytes  2.09 Mbits/sec  140    279 KBytes       
[  4] 979.00-980.00 sec  1.62 MBytes  13.6 Mbits/sec    0    648 KBytes       
[  4] 980.00-981.00 sec  0.00 Bytes  0.00 bits/sec    0    648 KBytes       
[  4] 981.00-982.00 sec   700 KBytes  5.74 Mbits/sec    0    679 KBytes       
[  4] 982.00-983.00 sec  0.00 Bytes  0.00 bits/sec    0    679 KBytes       
[  4] 983.00-984.00 sec   191 KBytes  1.56 Mbits/sec    0    691 KBytes       
[  4] 984.00-985.00 sec   445 KBytes  3.65 Mbits/sec    0    721 KBytes       
[  4] 985.00-986.00 sec  0.00 Bytes  0.00 bits/sec    0    721 KBytes       
[  4] 986.00-987.00 sec  63.6 KBytes   521 Kbits/sec   21    527 KBytes       
[  4] 987.00-988.00 sec  0.00 Bytes  0.00 bits/sec    4    513 KBytes       
[  4] 988.00-989.00 sec  0.00 Bytes  0.00 bits/sec    0    513 KBytes       
[  4] 989.00-990.00 sec  0.00 Bytes  0.00 bits/sec   18    513 KBytes       
[  4] 990.00-991.00 sec  0.00 Bytes  0.00 bits/sec    0    513 KBytes       
[  4] 991.00-992.00 sec  0.00 Bytes  0.00 bits/sec    0    513 KBytes       
[  4] 992.00-993.00 sec  0.00 Bytes  0.00 bits/sec    1   1.41 KBytes       
[  4] 993.00-994.00 sec   191 KBytes  1.56 Mbits/sec    0   1.41 KBytes       
[  4] 994.00-995.00 sec   191 KBytes  1.56 Mbits/sec    3    175 KBytes       
[  4] 995.00-996.00 sec  2.17 MBytes  18.2 Mbits/sec    0    611 KBytes       
[  4] 996.00-997.00 sec  0.00 Bytes  0.00 bits/sec    0    615 KBytes       
[  4] 997.00-998.00 sec   573 KBytes  4.69 Mbits/sec    0    642 KBytes       
[  4] 998.00-999.00 sec  0.00 Bytes  0.00 bits/sec    0    642 KBytes       
[  4] 999.00-1000.00 sec   636 KBytes  5.21 Mbits/sec    0    675 KBytes       
[  4] 1000.00-1001.00 sec  0.00 Bytes  0.00 bits/sec    0    675 KBytes       
[  4] 1001.00-1002.00 sec   636 KBytes  5.22 Mbits/sec    0    723 KBytes       
[  4] 1002.00-1003.00 sec  0.00 Bytes  0.00 bits/sec    0    723 KBytes       
[  4] 1003.00-1004.00 sec   700 KBytes  5.73 Mbits/sec    0    872 KBytes       
[  4] 1004.00-1005.00 sec   573 KBytes  4.69 Mbits/sec    0    928 KBytes       
[  4] 1005.00-1006.00 sec  0.00 Bytes  0.00 bits/sec    0    928 KBytes       
[  4] 1006.00-1007.00 sec  1.25 MBytes  10.5 Mbits/sec   47   1024 KBytes       
[  4] 1007.00-1008.00 sec   629 KBytes  5.16 Mbits/sec    1   1018 KBytes       
[  4] 1008.00-1009.00 sec  0.00 Bytes  0.00 bits/sec   97    831 KBytes       
[  4] 1009.00-1010.00 sec  0.00 Bytes  0.00 bits/sec  100    831 KBytes       
[  4] 1010.00-1011.00 sec  0.00 Bytes  0.00 bits/sec   50    827 KBytes       
[  4] 1011.00-1012.00 sec  0.00 Bytes  0.00 bits/sec   44    830 KBytes       
[  4] 1012.00-1013.00 sec  63.6 KBytes   521 Kbits/sec    1   1.41 KBytes       
[  4] 1013.00-1014.00 sec   255 KBytes  2.08 Mbits/sec   17   24.0 KBytes       
[  4] 1014.00-1015.00 sec   509 KBytes  4.16 Mbits/sec   95    544 KBytes       
[  4] 1015.00-1016.00 sec  1.25 MBytes  10.5 Mbits/sec    0    921 KBytes       
[  4] 1016.00-1017.00 sec   565 KBytes  4.63 Mbits/sec  276    621 KBytes       
[  4] 1017.00-1018.00 sec  0.00 Bytes  0.00 bits/sec   69    646 KBytes       
[  4] 1018.00-1019.00 sec   191 KBytes  1.56 Mbits/sec   10    646 KBytes       
[  4] 1019.00-1020.00 sec  0.00 Bytes  0.00 bits/sec   33    646 KBytes       
[  4] 1020.00-1021.00 sec  63.6 KBytes   521 Kbits/sec    5   1.41 KBytes       
[  4] 1021.00-1022.00 sec   318 KBytes  2.61 Mbits/sec    4   5.66 KBytes       
[  4] 1022.00-1023.00 sec   445 KBytes  3.64 Mbits/sec  104    317 KBytes       
[  4] 1023.00-1024.00 sec  1.25 MBytes  10.5 Mbits/sec    0    711 KBytes       
[  4] 1024.00-1025.00 sec  1011 KBytes  8.31 Mbits/sec    0    740 KBytes       
[  4] 1025.00-1026.00 sec  0.00 Bytes  0.00 bits/sec   93    518 KBytes       
[  4] 1026.00-1027.00 sec   445 KBytes  3.65 Mbits/sec    1    518 KBytes       
[  4] 1027.00-1028.00 sec   191 KBytes  1.56 Mbits/sec    0    518 KBytes       
[  4] 1028.00-1029.00 sec  1018 KBytes  8.34 Mbits/sec    0    576 KBytes       
[  4] 1029.00-1030.00 sec   191 KBytes  1.56 Mbits/sec   22    482 KBytes       
[  4] 1030.00-1031.00 sec  0.00 Bytes  0.00 bits/sec   21    423 KBytes       
[  4] 1031.00-1032.00 sec   445 KBytes  3.65 Mbits/sec    3    423 KBytes       
[  4] 1032.00-1033.00 sec   827 KBytes  6.78 Mbits/sec    0    447 KBytes       
[  4] 1033.00-1034.00 sec   509 KBytes  4.17 Mbits/sec    0    475 KBytes       
[  4] 1034.00-1035.00 sec   445 KBytes  3.65 Mbits/sec    0    495 KBytes       
[  4] 1035.00-1036.00 sec   445 KBytes  3.65 Mbits/sec    0    506 KBytes       
[  4] 1036.00-1037.00 sec   509 KBytes  4.17 Mbits/sec    0    510 KBytes       
[  4] 1037.00-1038.00 sec   318 KBytes  2.61 Mbits/sec    0    512 KBytes       
[  4] 1038.00-1039.00 sec   255 KBytes  2.08 Mbits/sec    0    515 KBytes       
[  4] 1039.00-1040.00 sec   445 KBytes  3.65 Mbits/sec    0    520 KBytes       
[  4] 1040.00-1041.00 sec   509 KBytes  4.17 Mbits/sec    0    537 KBytes       
[  4] 1041.00-1042.00 sec   382 KBytes  3.13 Mbits/sec    0    566 KBytes       
[  4] 1042.00-1043.00 sec   127 KBytes  1.04 Mbits/sec   11    540 KBytes       
[  4] 1043.00-1044.00 sec  0.00 Bytes  0.00 bits/sec   39    402 KBytes       
[  4] 1044.00-1045.00 sec   827 KBytes  6.76 Mbits/sec    0    406 KBytes       
[  4] 1045.00-1046.00 sec   509 KBytes  4.18 Mbits/sec    0    468 KBytes       
[  4] 1046.00-1047.00 sec   445 KBytes  3.65 Mbits/sec    0    513 KBytes       
[  4] 1047.00-1048.00 sec   255 KBytes  2.09 Mbits/sec    0    533 KBytes       
[  4] 1048.00-1049.00 sec   318 KBytes  2.61 Mbits/sec    0    549 KBytes       
[  4] 1049.00-1050.00 sec   318 KBytes  2.61 Mbits/sec    8    503 KBytes       
[  4] 1050.00-1051.01 sec  0.00 Bytes  0.00 bits/sec   15    392 KBytes       
[  4] 1051.01-1052.00 sec   382 KBytes  3.14 Mbits/sec    0    392 KBytes       
[  4] 1052.00-1053.00 sec   827 KBytes  6.78 Mbits/sec    0    419 KBytes       
[  4] 1053.00-1054.00 sec   382 KBytes  3.13 Mbits/sec    0    441 KBytes       
[  4] 1054.00-1055.00 sec   382 KBytes  3.13 Mbits/sec    0    458 KBytes       
[  4] 1055.00-1056.00 sec   382 KBytes  3.13 Mbits/sec    0    469 KBytes       
[  4] 1056.00-1057.00 sec   509 KBytes  4.17 Mbits/sec    0    474 KBytes       
[  4] 1057.00-1058.00 sec   382 KBytes  3.13 Mbits/sec    0    477 KBytes       
[  4] 1058.00-1059.00 sec   255 KBytes  2.08 Mbits/sec    0    479 KBytes       
[  4] 1059.00-1060.00 sec   318 KBytes  2.61 Mbits/sec    0    485 KBytes       
[  4] 1060.00-1061.00 sec   445 KBytes  3.65 Mbits/sec    0    501 KBytes       
[  4] 1061.00-1062.00 sec   445 KBytes  3.65 Mbits/sec    0    533 KBytes       
[  4] 1062.00-1063.00 sec  0.00 Bytes  0.00 bits/sec   12    481 KBytes       
[  4] 1063.00-1064.00 sec  0.00 Bytes  0.00 bits/sec   29    376 KBytes       
[  4] 1064.00-1065.00 sec   827 KBytes  6.78 Mbits/sec    0    379 KBytes       
[  4] 1065.00-1066.00 sec   509 KBytes  4.17 Mbits/sec    0    434 KBytes       
[  4] 1066.00-1067.00 sec   382 KBytes  3.13 Mbits/sec    0    478 KBytes       
[  4] 1067.00-1068.00 sec   255 KBytes  2.08 Mbits/sec    0    499 KBytes       
[  4] 1068.00-1069.00 sec   255 KBytes  2.08 Mbits/sec    2    508 KBytes       
[  4] 1069.00-1070.00 sec  0.00 Bytes  0.00 bits/sec   23    358 KBytes       
[  4] 1070.00-1071.00 sec  0.00 Bytes  0.00 bits/sec    1    358 KBytes       
[  4] 1071.00-1072.00 sec   764 KBytes  6.26 Mbits/sec    1    345 KBytes       
[  4] 1072.00-1073.00 sec   445 KBytes  3.65 Mbits/sec    0    255 KBytes       
[  4] 1073.00-1074.00 sec   318 KBytes  2.61 Mbits/sec    0    277 KBytes       
[  4] 1074.00-1075.00 sec   255 KBytes  2.09 Mbits/sec    0    293 KBytes       
[  4] 1075.00-1076.00 sec   255 KBytes  2.08 Mbits/sec    0    300 KBytes       
[  4] 1076.00-1077.00 sec   318 KBytes  2.61 Mbits/sec    0    303 KBytes       
[  4] 1077.00-1078.00 sec   255 KBytes  2.08 Mbits/sec    0    304 KBytes       
[  4] 1078.00-1079.00 sec   255 KBytes  2.09 Mbits/sec    0    310 KBytes       
[  4] 1079.00-1080.00 sec   191 KBytes  1.56 Mbits/sec    0    317 KBytes       
[  4] 1080.00-1081.00 sec   255 KBytes  2.09 Mbits/sec    0    329 KBytes       
[  4] 1081.00-1082.00 sec   255 KBytes  2.09 Mbits/sec    0    362 KBytes       
[  4] 1082.00-1083.00 sec   318 KBytes  2.61 Mbits/sec    0    414 KBytes       
[  4] 1083.00-1084.00 sec   127 KBytes  1.04 Mbits/sec    0    458 KBytes       
[  4] 1084.00-1085.00 sec  0.00 Bytes  0.00 bits/sec   26    366 KBytes       
[  4] 1085.00-1086.00 sec   191 KBytes  1.56 Mbits/sec   35    328 KBytes       
[  4] 1086.00-1087.00 sec   636 KBytes  5.21 Mbits/sec    0    345 KBytes       
[  4] 1087.00-1088.00 sec   382 KBytes  3.13 Mbits/sec    0    389 KBytes       
[  4] 1088.00-1089.00 sec   191 KBytes  1.56 Mbits/sec    0    410 KBytes       
[  4] 1089.00-1090.00 sec   318 KBytes  2.61 Mbits/sec    0    437 KBytes       
[  4] 1090.00-1091.00 sec   382 KBytes  3.13 Mbits/sec    0    455 KBytes       
[  4] 1091.00-1092.00 sec   127 KBytes  1.04 Mbits/sec    5    420 KBytes       
[  4] 1092.00-1093.00 sec  0.00 Bytes  0.00 bits/sec    9    341 KBytes       
[  4] 1093.00-1094.00 sec   255 KBytes  2.09 Mbits/sec    0    321 KBytes       
[  4] 1094.00-1095.00 sec   764 KBytes  6.25 Mbits/sec    0    346 KBytes       
[  4] 1095.00-1096.00 sec   318 KBytes  2.61 Mbits/sec    0    368 KBytes       
[  4] 1096.00-1097.00 sec   318 KBytes  2.61 Mbits/sec    0    380 KBytes       
[  4] 1097.00-1098.00 sec   255 KBytes  2.09 Mbits/sec    0    385 KBytes       
[  4] 1098.00-1099.00 sec   255 KBytes  2.09 Mbits/sec    0    387 KBytes       
[  4] 1099.00-1100.00 sec   318 KBytes  2.61 Mbits/sec    0    390 KBytes       
[  4] 1100.00-1101.00 sec   382 KBytes  3.13 Mbits/sec    0    395 KBytes       
[  4] 1101.00-1102.00 sec   318 KBytes  2.61 Mbits/sec    0    406 KBytes       
[  4] 1102.00-1103.00 sec   191 KBytes  1.56 Mbits/sec    0    417 KBytes       
[  4] 1103.00-1104.01 sec   318 KBytes  2.59 Mbits/sec    0    444 KBytes       
[  4] 1104.01-1105.00 sec   318 KBytes  2.62 Mbits/sec    0    499 KBytes       
[  4] 1105.00-1106.00 sec  63.6 KBytes   521 Kbits/sec   10    484 KBytes       
[  4] 1106.00-1107.00 sec  0.00 Bytes  0.00 bits/sec   27    359 KBytes       
[  4] 1107.00-1108.00 sec   382 KBytes  3.13 Mbits/sec    2    359 KBytes       
[  4] 1108.00-1109.00 sec   700 KBytes  5.73 Mbits/sec    0    396 KBytes       
[  4] 1109.00-1110.00 sec   191 KBytes  1.56 Mbits/sec    0    410 KBytes       
[  4] 1110.00-1111.00 sec   318 KBytes  2.61 Mbits/sec    0    448 KBytes       
[  4] 1111.00-1112.00 sec   318 KBytes  2.60 Mbits/sec    0    482 KBytes       
[  4] 1112.00-1113.00 sec   191 KBytes  1.56 Mbits/sec    0    491 KBytes       
[  4] 1113.00-1114.00 sec   382 KBytes  3.13 Mbits/sec    0    505 KBytes       
[  4] 1114.00-1115.00 sec   382 KBytes  3.13 Mbits/sec    0    509 KBytes       
[  4] 1115.00-1116.00 sec   191 KBytes  1.56 Mbits/sec    0    512 KBytes       
[  4] 1116.00-1117.00 sec   445 KBytes  3.65 Mbits/sec    0    519 KBytes       
[  4] 1117.00-1118.00 sec   127 KBytes  1.04 Mbits/sec    0    525 KBytes       
[  4] 1118.00-1119.00 sec   382 KBytes  3.13 Mbits/sec    0    543 KBytes       
[  4] 1119.00-1120.00 sec  0.00 Bytes  0.00 bits/sec    0    546 KBytes       
[  4] 1120.00-1121.00 sec  63.6 KBytes   521 Kbits/sec    0    561 KBytes       
[  4] 1121.00-1122.00 sec   445 KBytes  3.65 Mbits/sec    0    638 KBytes       
[  4] 1122.00-1123.00 sec  0.00 Bytes  0.00 bits/sec    0    673 KBytes       
[  4] 1123.00-1124.00 sec   382 KBytes  3.12 Mbits/sec    0    843 KBytes       
[  4] 1124.00-1125.00 sec   191 KBytes  1.57 Mbits/sec    0    911 KBytes       
[  4] 1125.00-1126.00 sec   127 KBytes  1.04 Mbits/sec   38    741 KBytes       
[  4] 1126.00-1127.00 sec  0.00 Bytes  0.00 bits/sec  161    696 KBytes       
[  4] 1127.00-1128.00 sec  0.00 Bytes  0.00 bits/sec  138    588 KBytes       
[  4] 1128.00-1129.01 sec   127 KBytes  1.04 Mbits/sec    0    600 KBytes       
[  4] 1129.01-1130.01 sec  0.00 Bytes  0.00 bits/sec   32    696 KBytes       
[  4] 1130.01-1131.00 sec  0.00 Bytes  0.00 bits/sec   35    690 KBytes       
[  4] 1131.00-1132.00 sec  0.00 Bytes  0.00 bits/sec   62    679 KBytes       
[  4] 1132.00-1133.01 sec  0.00 Bytes  0.00 bits/sec   28   1.41 KBytes       
[  4] 1133.01-1134.00 sec   191 KBytes  1.57 Mbits/sec    0   1.41 KBytes       
[  4] 1134.00-1135.00 sec   127 KBytes  1.04 Mbits/sec    3   4.24 KBytes       
[  4] 1135.00-1136.00 sec  0.00 Bytes  0.00 bits/sec    6   8.48 KBytes       
[  4] 1136.00-1137.00 sec   573 KBytes  4.69 Mbits/sec   27    704 KBytes       
[  4] 1137.00-1138.01 sec  1.25 MBytes  10.4 Mbits/sec    0    809 KBytes       
[  4] 1138.01-1139.01 sec  1.05 MBytes  8.74 Mbits/sec    0    824 KBytes       
[  4] 1139.01-1140.00 sec  0.00 Bytes  0.00 bits/sec  128    577 KBytes       
[  4] 1140.00-1141.00 sec  0.00 Bytes  0.00 bits/sec    0    577 KBytes       
[  4] 1141.00-1142.00 sec  0.00 Bytes  0.00 bits/sec    0    577 KBytes       
[  4] 1142.00-1143.00 sec  0.00 Bytes  0.00 bits/sec    0    577 KBytes       
[  4] 1143.00-1144.00 sec  0.00 Bytes  0.00 bits/sec    0    577 KBytes       
[  4] 1144.00-1145.00 sec  0.00 Bytes  0.00 bits/sec    1   1.41 KBytes       
[  4] 1145.00-1146.00 sec  0.00 Bytes  0.00 bits/sec    0   1.41 KBytes       
[  4] 1146.00-1147.00 sec   255 KBytes  2.08 Mbits/sec    2   2.83 KBytes       
[  4] 1147.00-1148.03 sec  63.6 KBytes   509 Kbits/sec    4   5.66 KBytes       
[  4] 1148.03-1149.00 sec  0.00 Bytes  0.00 bits/sec   14   19.8 KBytes       
[  4] 1149.00-1150.00 sec  0.00 Bytes  0.00 bits/sec    0   19.8 KBytes       
[  4] 1150.00-1151.00 sec  2.11 MBytes  17.7 Mbits/sec   44    670 KBytes       
[  4] 1151.00-1152.00 sec   827 KBytes  6.78 Mbits/sec    0    713 KBytes       
[  4] 1152.00-1153.00 sec   255 KBytes  2.08 Mbits/sec    0    724 KBytes       
[  4] 1153.00-1154.00 sec   127 KBytes  1.04 Mbits/sec   23    570 KBytes       
[  4] 1154.00-1155.00 sec  0.00 Bytes  0.00 bits/sec    0    551 KBytes       
[  4] 1155.00-1156.01 sec   954 KBytes  7.72 Mbits/sec    0    519 KBytes       
[  4] 1156.01-1157.00 sec   509 KBytes  4.22 Mbits/sec    0    595 KBytes       
[  4] 1157.00-1158.05 sec   191 KBytes  1.49 Mbits/sec    0    617 KBytes       
[  4] 1158.05-1159.00 sec   509 KBytes  4.38 Mbits/sec    0    676 KBytes       
[  4] 1159.00-1160.00 sec   191 KBytes  1.57 Mbits/sec    0    691 KBytes       
[  4] 1160.00-1161.00 sec   573 KBytes  4.69 Mbits/sec    0    713 KBytes       
[  4] 1161.00-1162.00 sec   127 KBytes  1.04 Mbits/sec    0    717 KBytes       
[  4] 1162.00-1163.00 sec   573 KBytes  4.68 Mbits/sec    0    727 KBytes       
[  4] 1163.00-1164.00 sec   191 KBytes  1.56 Mbits/sec    0    730 KBytes       
[  4] 1164.00-1165.00 sec   509 KBytes  4.18 Mbits/sec    0    738 KBytes       
[  4] 1165.00-1166.01 sec  63.6 KBytes   520 Kbits/sec   29    652 KBytes       
[  4] 1166.01-1167.00 sec  0.00 Bytes  0.00 bits/sec    1    518 KBytes       
[  4] 1167.00-1168.00 sec   573 KBytes  4.69 Mbits/sec   16    518 KBytes       
[  4] 1168.00-1169.00 sec  0.00 Bytes  0.00 bits/sec    0    518 KBytes       
[  4] 1169.00-1170.01 sec   636 KBytes  5.17 Mbits/sec    2    477 KBytes       
[  4] 1170.01-1171.02 sec  63.6 KBytes   514 Kbits/sec    0    407 KBytes       
[  4] 1171.02-1172.00 sec   573 KBytes  4.80 Mbits/sec    3    329 KBytes       
[  4] 1172.00-1173.00 sec   445 KBytes  3.64 Mbits/sec    0    263 KBytes       
[  4] 1173.00-1174.00 sec   255 KBytes  2.08 Mbits/sec    0    281 KBytes       
[  4] 1174.00-1175.00 sec   255 KBytes  2.09 Mbits/sec    0    301 KBytes       
[  4] 1175.00-1176.00 sec   318 KBytes  2.61 Mbits/sec    0    310 KBytes       
[  4] 1176.00-1177.00 sec   255 KBytes  2.08 Mbits/sec    0    313 KBytes       
[  4] 1177.00-1178.00 sec   191 KBytes  1.56 Mbits/sec    0    315 KBytes       
[  4] 1178.00-1179.00 sec   191 KBytes  1.57 Mbits/sec    0    317 KBytes       
[  4] 1179.00-1180.00 sec   318 KBytes  2.61 Mbits/sec    0    327 KBytes       
[  4] 1180.00-1181.04 sec   191 KBytes  1.51 Mbits/sec    0    345 KBytes       
[  4] 1181.04-1182.00 sec   127 KBytes  1.08 Mbits/sec    0    354 KBytes       
[  4] 1182.00-1183.00 sec  0.00 Bytes  0.00 bits/sec   34    283 KBytes       
[  4] 1183.00-1184.00 sec  0.00 Bytes  0.00 bits/sec    0    259 KBytes       
[  4] 1184.00-1185.00 sec   255 KBytes  2.08 Mbits/sec   29    259 KBytes       
[  4] 1185.00-1186.00 sec  0.00 Bytes  0.00 bits/sec    3    259 KBytes       
[  4] 1186.00-1187.00 sec   191 KBytes  1.56 Mbits/sec    0    223 KBytes       
[  4] 1187.00-1187.00 sec  0.00 Bytes  0.00 bits/sec    0    223 KBytes       
- - - - - - - - - - - - - - - - - - - - - - - - -
[ ID] Interval           Transfer     Bandwidth       Retr
[  4]   0.00-1187.00 sec   200 MBytes  1.41 Mbits/sec  5436             sender
[  4]   0.00-1187.00 sec   194 MBytes  1.37 Mbits/sec                  receiver

iperf Done.
