-----------------------------------------------------------
Server listening on 5201
-----------------------------------------------------------
Accepted connection from 10.0.0.1, port 34678
[  5] local 10.0.0.2 port 5201 connected to 10.0.0.1 port 46110
[ ID] Interval           Transfer     Bandwidth
[  5]   0.00-1.00   sec  1.08 MBytes  9.09 Mbits/sec                  
[  5]   1.00-2.00   sec   938 KBytes  7.68 Mbits/sec                  
[  5]   2.00-3.00   sec  1010 KBytes  8.27 Mbits/sec                  
[  5]   3.00-4.00   sec   993 KBytes  8.13 Mbits/sec                  
[  5]   4.00-5.00   sec  1007 KBytes  8.25 Mbits/sec                  
[  5]   5.00-6.00   sec  1011 KBytes  8.28 Mbits/sec                  
[  5]   6.00-7.00   sec   996 KBytes  8.16 Mbits/sec                  
[  5]   7.00-8.00   sec   957 KBytes  7.84 Mbits/sec                  
[  5]   8.00-9.00   sec   874 KBytes  7.16 Mbits/sec                  
[  5]   9.00-10.00  sec   960 KBytes  7.86 Mbits/sec                  
[  5]  10.00-11.00  sec   800 KBytes  6.55 Mbits/sec                  
[  5]  11.00-12.00  sec   773 KBytes  6.34 Mbits/sec                  
[  5]  12.00-13.00  sec   922 KBytes  7.55 Mbits/sec                  
[  5]  13.00-14.00  sec   663 KBytes  5.43 Mbits/sec                  
[  5]  14.00-15.00  sec   491 KBytes  4.02 Mbits/sec                  
[  5]  15.00-16.00  sec  1.09 MBytes  9.15 Mbits/sec                  
[  5]  16.00-17.00  sec   344 KBytes  2.81 Mbits/sec                  
[  5]  17.00-18.00  sec  1007 KBytes  8.24 Mbits/sec                  
[  5]  18.00-19.00  sec  8.48 KBytes  69.5 Kbits/sec                  
[  5]  19.00-20.00  sec  0.00 Bytes  0.00 bits/sec                  
[  5]  20.00-21.00  sec   215 KBytes  1.76 Mbits/sec                  
[  5]  21.00-22.00  sec   171 KBytes  1.40 Mbits/sec                  
[  5]  22.00-23.00  sec  0.00 Bytes  0.00 bits/sec                  
[  5]  23.00-24.00  sec   670 KBytes  5.49 Mbits/sec                  
[  5]  24.00-25.00  sec  3.31 MBytes  27.8 Mbits/sec                  
[  5]  25.00-26.00  sec   744 KBytes  6.10 Mbits/sec                  
[  5]  26.00-27.00  sec   434 KBytes  3.56 Mbits/sec                  
[  5]  27.00-28.00  sec   793 KBytes  6.49 Mbits/sec                  
[  5]  28.00-29.00  sec   764 KBytes  6.25 Mbits/sec                  
[  5]  29.00-30.00  sec   536 KBytes  4.39 Mbits/sec                  
[  5]  30.00-31.00  sec   971 KBytes  7.96 Mbits/sec                  
[  5]  31.00-32.00  sec   411 KBytes  3.37 Mbits/sec                  
[  5]  32.00-33.00  sec  1.02 MBytes  8.55 Mbits/sec                  
[  5]  33.00-34.00  sec   397 KBytes  3.25 Mbits/sec                  
[  5]  34.00-35.00  sec  1.02 MBytes  8.59 Mbits/sec                  
[  5]  35.00-36.00  sec   421 KBytes  3.45 Mbits/sec                  
[  5]  36.00-37.00  sec  1014 KBytes  8.30 Mbits/sec                  
[  5]  37.00-38.00  sec   467 KBytes  3.82 Mbits/sec                  
[  5]  38.00-39.00  sec   947 KBytes  7.76 Mbits/sec                  
[  5]  39.00-40.00  sec   547 KBytes  4.48 Mbits/sec                  
[  5]  40.00-41.00  sec   816 KBytes  6.69 Mbits/sec                  
[  5]  41.00-42.00  sec   731 KBytes  5.99 Mbits/sec                  
[  5]  42.00-43.00  sec   515 KBytes  4.22 Mbits/sec                  
[  5]  43.00-44.00  sec  1.12 MBytes  9.38 Mbits/sec                  
[  5]  44.00-45.00  sec  22.6 KBytes   185 Kbits/sec                  
[  5]  45.00-46.00  sec  0.00 Bytes  0.00 bits/sec                  
[  5]  46.00-47.00  sec  0.00 Bytes  0.00 bits/sec                  
[  5]  47.00-48.00  sec  1.41 KBytes  11.6 Kbits/sec                  
[  5]  48.00-49.00  sec  1.62 MBytes  13.5 Mbits/sec                  
[  5]  49.00-50.00  sec   230 KBytes  1.89 Mbits/sec                  
[  5]  50.00-51.00  sec  0.00 Bytes  0.00 bits/sec                  
[  5]  51.00-52.00  sec  0.00 Bytes  0.00 bits/sec                  
[  5]  52.00-53.00  sec   827 KBytes  6.78 Mbits/sec                  
[  5]  53.00-54.00  sec  26.9 KBytes   220 Kbits/sec                  
[  5]  54.00-55.00  sec   173 KBytes  1.41 Mbits/sec                  
[  5]  55.00-56.00  sec  3.22 MBytes  27.0 Mbits/sec                  
[  5]  56.00-57.00  sec  0.00 Bytes  0.00 bits/sec                  
[  5]  57.00-58.00  sec  5.66 KBytes  46.3 Kbits/sec                  
[  5]  58.00-59.00  sec  3.32 MBytes  27.8 Mbits/sec                  
[  5]  59.00-60.00  sec  1.41 KBytes  11.6 Kbits/sec                  
[  5]  60.00-61.00  sec  2.16 MBytes  18.1 Mbits/sec                  
[  5]  61.00-62.00  sec   686 KBytes  5.62 Mbits/sec                  
[  5]  62.00-63.00  sec   656 KBytes  5.37 Mbits/sec                  
[  5]  63.00-64.00  sec   636 KBytes  5.21 Mbits/sec                  
[  5]  64.00-65.00  sec   617 KBytes  5.05 Mbits/sec                  
[  5]  65.00-66.00  sec   608 KBytes  4.98 Mbits/sec                  
[  5]  66.00-67.00  sec   601 KBytes  4.92 Mbits/sec                  
[  5]  67.00-68.00  sec   727 KBytes  5.95 Mbits/sec                  
[  5]  68.00-69.00  sec   786 KBytes  6.45 Mbits/sec                  
[  5]  69.00-70.00  sec   792 KBytes  6.49 Mbits/sec                  
[  5]  70.00-71.00  sec   639 KBytes  5.23 Mbits/sec                  
[  5]  71.00-72.00  sec   556 KBytes  4.55 Mbits/sec                  
[  5]  72.00-73.00  sec   520 KBytes  4.26 Mbits/sec                  
[  5]  73.00-74.00  sec   779 KBytes  6.38 Mbits/sec                  
[  5]  74.00-75.00  sec   814 KBytes  6.68 Mbits/sec                  
[  5]  75.00-76.00  sec   339 KBytes  2.78 Mbits/sec                  
[  5]  76.00-77.00  sec   844 KBytes  6.92 Mbits/sec                  
[  5]  77.00-78.00  sec   457 KBytes  3.74 Mbits/sec                  
[  5]  78.00-79.00  sec   790 KBytes  6.48 Mbits/sec                  
[  5]  79.00-80.00  sec   253 KBytes  2.07 Mbits/sec                  
[  5]  80.00-81.00  sec   755 KBytes  6.19 Mbits/sec                  
[  5]  81.00-82.00  sec  0.00 Bytes  0.00 bits/sec                  
[  5]  82.00-83.00  sec  0.00 Bytes  0.00 bits/sec                  
[  5]  83.00-84.00  sec   581 KBytes  4.76 Mbits/sec                  
[  5]  84.00-85.00  sec  4.24 KBytes  34.7 Kbits/sec                  
[  5]  85.00-86.00  sec   134 KBytes  1.10 Mbits/sec                  
[  5]  86.00-87.00  sec  0.00 Bytes  0.00 bits/sec                  
[  5]  87.00-88.00  sec  1.41 MBytes  11.9 Mbits/sec                  
[  5]  88.00-89.00  sec  5.66 KBytes  46.4 Kbits/sec                  
[  5]  89.00-90.00  sec  0.00 Bytes  0.00 bits/sec                  
[  5]  90.00-91.00  sec   263 KBytes  2.15 Mbits/sec                  
[  5]  91.00-92.00  sec  8.48 KBytes  69.5 Kbits/sec                  
[  5]  92.00-93.00  sec  0.00 Bytes  0.00 bits/sec                  
[  5]  93.00-94.00  sec  14.1 KBytes   116 Kbits/sec                  
[  5]  94.00-95.00  sec  1.91 MBytes  16.0 Mbits/sec                  
[  5]  95.00-96.00  sec  97.6 KBytes   799 Kbits/sec                  
[  5]  96.00-97.00  sec  4.86 MBytes  40.8 Mbits/sec                  
[  5]  97.00-98.00  sec   747 KBytes  6.12 Mbits/sec                  
[  5]  98.00-99.00  sec   665 KBytes  5.44 Mbits/sec                  
[  5]  99.00-100.00 sec   570 KBytes  4.67 Mbits/sec                  
[  5] 100.00-101.00 sec   506 KBytes  4.15 Mbits/sec                  
[  5] 101.00-102.00 sec   485 KBytes  3.97 Mbits/sec                  
[  5] 102.00-103.00 sec   667 KBytes  5.47 Mbits/sec                  
[  5] 103.00-104.00 sec   663 KBytes  5.43 Mbits/sec                  
[  5] 104.00-105.00 sec   329 KBytes  2.70 Mbits/sec                  
[  5] 105.00-106.00 sec   591 KBytes  4.85 Mbits/sec                  
[  5] 106.00-107.00 sec   764 KBytes  6.26 Mbits/sec                  
[  5] 107.00-108.00 sec   430 KBytes  3.52 Mbits/sec                  
[  5] 108.00-109.00 sec   428 KBytes  3.51 Mbits/sec                  
[  5] 109.00-110.00 sec   823 KBytes  6.74 Mbits/sec                  
[  5] 110.00-111.00 sec   682 KBytes  5.58 Mbits/sec                  
[  5] 111.00-112.00 sec   355 KBytes  2.91 Mbits/sec                  
[  5] 112.00-113.00 sec   790 KBytes  6.48 Mbits/sec                  
[  5] 113.00-114.00 sec   564 KBytes  4.62 Mbits/sec                  
[  5] 114.00-115.00 sec   522 KBytes  4.27 Mbits/sec                  
[  5] 115.00-116.00 sec   701 KBytes  5.75 Mbits/sec                  
[  5] 116.00-117.00 sec   576 KBytes  4.71 Mbits/sec                  
[  5] 117.00-118.00 sec   402 KBytes  3.29 Mbits/sec                  
[  5] 118.00-119.00 sec  19.8 KBytes   162 Kbits/sec                  
[  5] 119.00-120.00 sec  0.00 Bytes  0.00 bits/sec                  
[  5] 120.00-121.00 sec  1.41 KBytes  11.6 Kbits/sec                  
[  5] 121.00-122.00 sec   451 KBytes  3.70 Mbits/sec                  
[  5] 122.00-123.00 sec   762 KBytes  6.24 Mbits/sec                  
[  5] 123.00-124.00 sec  12.7 KBytes   104 Kbits/sec                  
[  5] 124.00-125.00 sec  0.00 Bytes  0.00 bits/sec                  
[  5] 125.00-126.00 sec  0.00 Bytes  0.00 bits/sec                  
[  5] 126.00-127.00 sec  0.00 Bytes  0.00 bits/sec                  
[  5] 127.00-128.00 sec  0.00 Bytes  0.00 bits/sec                  
[  5] 128.00-129.00 sec  0.00 Bytes  0.00 bits/sec                  
[  5] 129.00-130.00 sec  0.00 Bytes  0.00 bits/sec                  
[  5] 130.00-131.00 sec  18.4 KBytes   151 Kbits/sec                  
[  5] 131.00-132.00 sec  4.94 MBytes  41.4 Mbits/sec                  
[  5] 132.00-133.00 sec  0.00 Bytes  0.00 bits/sec                  
[  5] 133.00-134.00 sec  2.09 MBytes  17.5 Mbits/sec                  
[  5] 134.00-135.00 sec   894 KBytes  7.32 Mbits/sec                  
[  5] 135.00-136.00 sec   680 KBytes  5.57 Mbits/sec                  
[  5] 136.00-136.58 sec   239 KBytes  3.37 Mbits/sec                  
- - - - - - - - - - - - - - - - - - - - - - - - -
[ ID] Interval           Transfer     Bandwidth
[  5]   0.00-136.58 sec  0.00 Bytes  0.00 bits/sec                  sender
[  5]   0.00-136.58 sec  88.8 MBytes  5.45 Mbits/sec                  receiver
