-----------------------------------------------------------
Server listening on 5202
-----------------------------------------------------------
Accepted connection from 10.0.0.1, port 32842
[  5] local 10.0.0.2 port 5202 connected to 10.0.0.1 port 46112
[ ID] Interval           Transfer     Bandwidth
[  5]   0.00-1.00   sec  97.6 KBytes   799 Kbits/sec                  
[  5]   1.00-2.00   sec   182 KBytes  1.49 Mbits/sec                  
[  5]   2.00-3.00   sec   209 KBytes  1.71 Mbits/sec                  
[  5]   3.00-4.00   sec   238 KBytes  1.95 Mbits/sec                  
[  5]   4.00-5.00   sec   185 KBytes  1.52 Mbits/sec                  
[  5]   5.00-6.00   sec   209 KBytes  1.71 Mbits/sec                  
[  5]   6.00-7.00   sec   263 KBytes  2.15 Mbits/sec                  
[  5]   7.00-8.00   sec   252 KBytes  2.06 Mbits/sec                  
[  5]   8.00-9.00   sec   419 KBytes  3.43 Mbits/sec                  
[  5]   9.00-10.00  sec   365 KBytes  2.99 Mbits/sec                  
[  5]  10.00-11.00  sec   437 KBytes  3.58 Mbits/sec                  
[  5]  11.00-12.00  sec   509 KBytes  4.17 Mbits/sec                  
[  5]  12.00-13.00  sec   235 KBytes  1.92 Mbits/sec                  
[  5]  13.00-14.00  sec   581 KBytes  4.76 Mbits/sec                  
[  5]  14.00-15.00  sec   382 KBytes  3.13 Mbits/sec                  
[  5]  15.00-16.00  sec   600 KBytes  4.91 Mbits/sec                  
[  5]  16.00-17.00  sec   115 KBytes   938 Kbits/sec                  
[  5]  17.00-18.00  sec  0.00 Bytes  0.00 bits/sec                  
[  5]  18.00-19.00  sec  0.00 Bytes  0.00 bits/sec                  
[  5]  19.00-20.00  sec   298 KBytes  2.45 Mbits/sec                  
[  5]  20.00-21.00  sec   885 KBytes  7.25 Mbits/sec                  
[  5]  21.00-22.00  sec   197 KBytes  1.61 Mbits/sec                  
[  5]  22.00-23.00  sec  2.25 MBytes  18.9 Mbits/sec                  
[  5]  23.00-24.00  sec   710 KBytes  5.81 Mbits/sec                  
[  5]  24.00-25.00  sec   395 KBytes  3.23 Mbits/sec                  
[  5]  25.00-26.00  sec   799 KBytes  6.55 Mbits/sec                  
[  5]  26.00-27.00  sec   226 KBytes  1.85 Mbits/sec                  
[  5]  27.00-28.00  sec   626 KBytes  5.13 Mbits/sec                  
[  5]  28.00-29.00  sec   402 KBytes  3.29 Mbits/sec                  
[  5]  29.00-30.00  sec   498 KBytes  4.08 Mbits/sec                  
[  5]  30.00-31.00  sec   454 KBytes  3.72 Mbits/sec                  
[  5]  31.00-32.00  sec   469 KBytes  3.84 Mbits/sec                  
[  5]  32.00-33.00  sec   434 KBytes  3.56 Mbits/sec                  
[  5]  33.00-34.00  sec   499 KBytes  4.09 Mbits/sec                  
[  5]  34.00-35.00  sec   382 KBytes  3.13 Mbits/sec                  
[  5]  35.00-36.00  sec   566 KBytes  4.63 Mbits/sec                  
[  5]  36.00-37.00  sec   311 KBytes  2.55 Mbits/sec                  
[  5]  37.00-38.00  sec   676 KBytes  5.54 Mbits/sec                  
[  5]  38.00-39.00  sec   171 KBytes  1.40 Mbits/sec                  
[  5]  39.00-40.00  sec   915 KBytes  7.49 Mbits/sec                  
[  5]  40.00-41.00  sec  0.00 Bytes  0.00 bits/sec                  
[  5]  41.00-42.00  sec   792 KBytes  6.49 Mbits/sec                  
[  5]  42.00-43.00  sec  0.00 Bytes  0.00 bits/sec                  
[  5]  43.00-44.00  sec  0.00 Bytes  0.00 bits/sec                  
[  5]  44.00-45.00  sec   484 KBytes  3.96 Mbits/sec                  
[  5]  45.00-46.00  sec  38.2 KBytes   313 Kbits/sec                  
[  5]  46.00-47.00  sec   255 KBytes  2.09 Mbits/sec                  
[  5]  47.00-48.00  sec   986 KBytes  8.07 Mbits/sec                  
[  5]  48.00-49.00  sec   161 KBytes  1.32 Mbits/sec                  
[  5]  49.00-50.00  sec   164 KBytes  1.34 Mbits/sec                  
[  5]  50.00-51.00  sec  2.04 MBytes  17.1 Mbits/sec                  
[  5]  51.00-52.00  sec   902 KBytes  7.40 Mbits/sec                  
[  5]  52.00-53.00  sec   520 KBytes  4.26 Mbits/sec                  
[  5]  53.00-54.00  sec   550 KBytes  4.51 Mbits/sec                  
[  5]  54.00-55.00  sec   581 KBytes  4.76 Mbits/sec                  
[  5]  55.00-56.00  sec   602 KBytes  4.93 Mbits/sec                  
[  5]  56.00-57.00  sec   618 KBytes  5.06 Mbits/sec                  
[  5]  57.00-58.00  sec   617 KBytes  5.05 Mbits/sec                  
[  5]  58.00-59.00  sec   526 KBytes  4.31 Mbits/sec                  
[  5]  59.00-60.00  sec   451 KBytes  3.70 Mbits/sec                  
[  5]  60.00-61.00  sec   455 KBytes  3.73 Mbits/sec                  
[  5]  61.00-62.00  sec   468 KBytes  3.83 Mbits/sec                  
[  5]  62.00-63.00  sec   656 KBytes  5.38 Mbits/sec                  
[  5]  63.00-64.00  sec   683 KBytes  5.59 Mbits/sec                  
[  5]  64.00-65.00  sec   604 KBytes  4.95 Mbits/sec                  
[  5]  65.00-66.00  sec   348 KBytes  2.85 Mbits/sec                  
[  5]  66.00-67.00  sec   635 KBytes  5.20 Mbits/sec                  
[  5]  67.00-68.00  sec   751 KBytes  6.15 Mbits/sec                  
[  5]  68.00-69.00  sec   229 KBytes  1.88 Mbits/sec                  
[  5]  69.00-70.00  sec  1020 KBytes  8.35 Mbits/sec                  
[  5]  70.00-71.00  sec   177 KBytes  1.45 Mbits/sec                  
[  5]  71.00-72.00  sec   833 KBytes  6.82 Mbits/sec                  
[  5]  72.00-73.00  sec   177 KBytes  1.45 Mbits/sec                  
[  5]  73.00-74.00  sec  0.00 Bytes  0.00 bits/sec                  
[  5]  74.00-75.00  sec   233 KBytes  1.91 Mbits/sec                  
[  5]  75.00-76.00  sec  0.00 Bytes  0.00 bits/sec                  
[  5]  76.00-77.00  sec   559 KBytes  4.58 Mbits/sec                  
[  5]  77.00-78.00  sec   519 KBytes  4.25 Mbits/sec                  
[  5]  78.00-79.00  sec   509 KBytes  4.17 Mbits/sec                  
[  5]  79.00-80.00  sec   680 KBytes  5.57 Mbits/sec                  
[  5]  80.00-81.00  sec  2.55 MBytes  21.4 Mbits/sec                  
[  5]  81.00-82.00  sec   805 KBytes  6.59 Mbits/sec                  
[  5]  82.00-83.00  sec   573 KBytes  4.69 Mbits/sec                  
[  5]  83.00-84.00  sec   529 KBytes  4.33 Mbits/sec                  
[  5]  84.00-85.00  sec   860 KBytes  7.04 Mbits/sec                  
[  5]  85.00-86.00  sec   327 KBytes  2.68 Mbits/sec                  
[  5]  86.00-87.00  sec   919 KBytes  7.53 Mbits/sec                  
[  5]  87.00-88.00  sec   301 KBytes  2.47 Mbits/sec                  
[  5]  88.00-89.00  sec   874 KBytes  7.16 Mbits/sec                  
[  5]  89.00-90.00  sec   396 KBytes  3.24 Mbits/sec                  
[  5]  90.00-91.00  sec   778 KBytes  6.37 Mbits/sec                  
[  5]  91.00-92.00  sec   515 KBytes  4.22 Mbits/sec                  
[  5]  92.00-93.00  sec   669 KBytes  5.48 Mbits/sec                  
[  5]  93.00-94.00  sec   604 KBytes  4.95 Mbits/sec                  
[  5]  94.00-95.00  sec   609 KBytes  4.99 Mbits/sec                  
[  5]  95.00-96.00  sec   594 KBytes  4.86 Mbits/sec                  
[  5]  96.00-97.00  sec   693 KBytes  5.68 Mbits/sec                  
[  5]  97.00-98.00  sec   410 KBytes  3.36 Mbits/sec                  
[  5]  98.00-99.00  sec  1003 KBytes  8.21 Mbits/sec                  
[  5]  99.00-100.00 sec  49.5 KBytes   405 Kbits/sec                  
[  5] 100.00-101.00 sec  0.00 Bytes  0.00 bits/sec                  
[  5] 101.00-102.00 sec   132 KBytes  1.08 Mbits/sec                  
[  5] 102.00-103.00 sec   171 KBytes  1.40 Mbits/sec                  
[  5] 103.00-104.00 sec  1.28 MBytes  10.8 Mbits/sec                  
[  5] 104.00-105.00 sec   277 KBytes  2.27 Mbits/sec                  
[  5] 105.00-106.00 sec   438 KBytes  3.59 Mbits/sec                  
[  5] 106.00-107.00 sec  0.00 Bytes  0.00 bits/sec                  
[  5] 107.00-108.00 sec  2.29 MBytes  19.2 Mbits/sec                  
[  5] 108.00-109.00 sec   676 KBytes  5.53 Mbits/sec                  
[  5] 109.00-110.00 sec   314 KBytes  2.57 Mbits/sec                  
[  5] 110.00-111.00 sec  1.09 MBytes  9.14 Mbits/sec                  
[  5] 111.00-112.00 sec   546 KBytes  4.47 Mbits/sec                  
[  5] 112.00-113.00 sec   597 KBytes  4.89 Mbits/sec                  
[  5] 113.00-114.00 sec   341 KBytes  2.79 Mbits/sec                  
[  5] 114.00-115.00 sec   484 KBytes  3.96 Mbits/sec                  
[  5] 115.00-116.00 sec   592 KBytes  4.85 Mbits/sec                  
[  5] 116.00-117.00 sec   448 KBytes  3.67 Mbits/sec                  
[  5] 117.00-118.00 sec   451 KBytes  3.70 Mbits/sec                  
[  5] 118.00-119.00 sec   595 KBytes  4.88 Mbits/sec                  
[  5] 119.00-120.00 sec   564 KBytes  4.62 Mbits/sec                  
[  5] 120.00-121.00 sec   365 KBytes  2.99 Mbits/sec                  
[  5] 121.00-122.00 sec   617 KBytes  5.05 Mbits/sec                  
[  5] 122.00-123.00 sec   584 KBytes  4.78 Mbits/sec                  
[  5] 123.00-124.00 sec   355 KBytes  2.91 Mbits/sec                  
[  5] 124.00-125.00 sec   642 KBytes  5.26 Mbits/sec                  
[  5] 125.00-126.00 sec   455 KBytes  3.73 Mbits/sec                  
[  5] 126.00-127.00 sec   618 KBytes  5.06 Mbits/sec                  
[  5] 127.00-128.00 sec   495 KBytes  4.05 Mbits/sec                  
[  5] 128.00-129.00 sec   608 KBytes  4.98 Mbits/sec                  
[  5] 129.00-130.00 sec   361 KBytes  2.95 Mbits/sec                  
[  5] 130.00-131.00 sec   260 KBytes  2.13 Mbits/sec                  
[  5] 131.00-132.00 sec  0.00 Bytes  0.00 bits/sec                  
[  5] 132.00-133.00 sec  93.3 KBytes   765 Kbits/sec                  
[  5] 133.00-134.00 sec  0.00 Bytes  0.00 bits/sec                  
[  5] 134.00-135.00 sec  1.01 MBytes  8.49 Mbits/sec                  
[  5] 135.00-136.00 sec   214 KBytes  1.75 Mbits/sec                  
[  5] 136.00-137.00 sec   191 KBytes  1.56 Mbits/sec                  
[  5] 137.00-138.00 sec   127 KBytes  1.04 Mbits/sec                  
[  5] 138.00-139.00 sec   532 KBytes  4.36 Mbits/sec                  
[  5] 139.00-140.00 sec  8.48 KBytes  69.5 Kbits/sec                  
[  5] 140.00-141.00 sec  0.00 Bytes  0.00 bits/sec                  
[  5] 141.00-142.00 sec  2.83 KBytes  23.2 Kbits/sec                  
[  5] 142.00-143.00 sec  9.90 KBytes  81.1 Kbits/sec                  
[  5] 143.00-144.00 sec  0.00 Bytes  0.00 bits/sec                  
[  5] 144.00-145.00 sec  0.00 Bytes  0.00 bits/sec                  
[  5] 145.00-146.00 sec  2.83 KBytes  23.2 Kbits/sec                  
[  5] 146.00-147.00 sec  7.27 MBytes  61.0 Mbits/sec                  
[  5] 147.00-148.00 sec  1.14 MBytes  9.52 Mbits/sec                  
[  5] 148.00-149.00 sec  1.05 MBytes  8.77 Mbits/sec                  
[  5] 149.00-150.00 sec  1.14 MBytes  9.56 Mbits/sec                  
[  5] 150.00-151.00 sec  1.14 MBytes  9.57 Mbits/sec                  
[  5] 151.00-152.00 sec  1.14 MBytes  9.57 Mbits/sec                  
[  5] 152.00-153.00 sec  1.14 MBytes  9.55 Mbits/sec                  
[  5] 153.00-154.01 sec  1.15 MBytes  9.56 Mbits/sec                  
[  5] 154.01-155.00 sec  1.13 MBytes  9.53 Mbits/sec                  
[  5] 155.00-156.00 sec  1.14 MBytes  9.58 Mbits/sec                  
[  5] 156.00-157.00 sec  1.14 MBytes  9.57 Mbits/sec                  
[  5] 157.00-158.00 sec  1.14 MBytes  9.54 Mbits/sec                  
[  5] 158.00-159.00 sec  1.14 MBytes  9.58 Mbits/sec                  
[  5] 159.00-159.74 sec   856 KBytes  9.53 Mbits/sec                  
- - - - - - - - - - - - - - - - - - - - - - - - -
[ ID] Interval           Transfer     Bandwidth
[  5]   0.00-159.74 sec  0.00 Bytes  0.00 bits/sec                  sender
[  5]   0.00-159.74 sec  90.5 MBytes  4.75 Mbits/sec                  receiver
