Connecting to host 10.0.0.2, port 5203
[  4] local 10.0.0.1 port 46114 connected to 10.0.0.2 port 5203
[ ID] Interval           Transfer     Bandwidth       Retr  Cwnd
[  4]   0.00-1.00   sec   376 KBytes  3.08 Mbits/sec    0   46.7 KBytes       
[  4]   1.00-2.00   sec   255 KBytes  2.09 Mbits/sec    0   56.6 KBytes       
[  4]   2.00-3.00   sec   255 KBytes  2.08 Mbits/sec    0   65.0 KBytes       
[  4]   3.00-4.00   sec   255 KBytes  2.08 Mbits/sec    0   76.4 KBytes       
[  4]   4.00-5.00   sec   318 KBytes  2.61 Mbits/sec    0   90.5 KBytes       
[  4]   5.00-6.00   sec   382 KBytes  3.13 Mbits/sec    0    122 KBytes       
[  4]   6.00-7.00   sec   509 KBytes  4.17 Mbits/sec    0    174 KBytes       
[  4]   7.00-8.00   sec   509 KBytes  4.17 Mbits/sec    0    221 KBytes       
[  4]   8.00-9.00   sec   700 KBytes  5.74 Mbits/sec    0    307 KBytes       
[  4]   9.00-10.00  sec   636 KBytes  5.21 Mbits/sec    0    379 KBytes       
[  4]  10.00-11.00  sec  1018 KBytes  8.33 Mbits/sec    9    481 KBytes       
[  4]  11.00-12.00  sec  0.00 Bytes  0.00 bits/sec   97    355 KBytes       
[  4]  12.00-13.00  sec  63.6 KBytes   522 Kbits/sec    0    355 KBytes       
[  4]  13.00-14.00  sec   891 KBytes  7.30 Mbits/sec    0    373 KBytes       
[  4]  14.00-15.00  sec   255 KBytes  2.09 Mbits/sec    3    397 KBytes       
[  4]  15.00-16.00  sec  0.00 Bytes  0.00 bits/sec   28    284 KBytes       
[  4]  16.00-17.00  sec   255 KBytes  2.09 Mbits/sec    9    284 KBytes       
[  4]  17.00-18.00  sec   573 KBytes  4.69 Mbits/sec    0    297 KBytes       
[  4]  18.00-19.00  sec   318 KBytes  2.61 Mbits/sec    0    315 KBytes       
[  4]  19.00-20.00  sec   318 KBytes  2.61 Mbits/sec    0    331 KBytes       
[  4]  20.00-21.00  sec   382 KBytes  3.13 Mbits/sec    0    339 KBytes       
[  4]  21.00-22.00  sec   318 KBytes  2.61 Mbits/sec    0    344 KBytes       
[  4]  22.00-23.00  sec   318 KBytes  2.61 Mbits/sec    0    344 KBytes       
[  4]  23.00-24.00  sec   255 KBytes  2.09 Mbits/sec    0    346 KBytes       
[  4]  24.00-25.00  sec   255 KBytes  2.09 Mbits/sec    0    352 KBytes       
[  4]  25.00-26.00  sec   382 KBytes  3.13 Mbits/sec    0    365 KBytes       
[  4]  26.00-27.00  sec   318 KBytes  2.60 Mbits/sec    0    392 KBytes       
[  4]  27.00-28.00  sec   255 KBytes  2.09 Mbits/sec    0    424 KBytes       
[  4]  28.00-29.00  sec   318 KBytes  2.60 Mbits/sec    1    461 KBytes       
[  4]  29.00-30.00  sec  0.00 Bytes  0.00 bits/sec   20    329 KBytes       
[  4]  30.00-31.00  sec   318 KBytes  2.61 Mbits/sec    6    329 KBytes       
[  4]  31.00-32.00  sec   700 KBytes  5.73 Mbits/sec    0    356 KBytes       
[  4]  32.00-33.00  sec   318 KBytes  2.61 Mbits/sec    0    387 KBytes       
[  4]  33.00-34.00  sec   318 KBytes  2.61 Mbits/sec    0    420 KBytes       
[  4]  34.00-35.00  sec   382 KBytes  3.13 Mbits/sec    0    444 KBytes       
[  4]  35.00-36.00  sec  63.6 KBytes   521 Kbits/sec   11    382 KBytes       
[  4]  36.00-37.00  sec   127 KBytes  1.04 Mbits/sec    8    313 KBytes       
[  4]  37.00-38.00  sec   764 KBytes  6.25 Mbits/sec    0    320 KBytes       
[  4]  38.00-39.00  sec   255 KBytes  2.08 Mbits/sec    0    448 KBytes       
[  4]  39.00-40.00  sec   191 KBytes  1.57 Mbits/sec    0    448 KBytes       
[  4]  40.00-41.00  sec  0.00 Bytes  0.00 bits/sec  123    313 KBytes       
[  4]  41.00-42.00  sec  0.00 Bytes  0.00 bits/sec   52    313 KBytes       
[  4]  42.00-43.00  sec  0.00 Bytes  0.00 bits/sec   60    313 KBytes       
[  4]  43.00-44.00  sec  0.00 Bytes  0.00 bits/sec    0    313 KBytes       
[  4]  44.00-45.00  sec  0.00 Bytes  0.00 bits/sec    0    313 KBytes       
[  4]  45.00-46.00  sec  0.00 Bytes  0.00 bits/sec    1   1.41 KBytes       
[  4]  46.00-47.00  sec  0.00 Bytes  0.00 bits/sec   13    313 KBytes       
[  4]  47.00-48.00  sec  0.00 Bytes  0.00 bits/sec    4    324 KBytes       
[  4]  48.00-49.00  sec  0.00 Bytes  0.00 bits/sec    0    315 KBytes       
[  4]  49.00-50.00  sec  0.00 Bytes  0.00 bits/sec    1   1.41 KBytes       
[  4]  50.00-51.00  sec  0.00 Bytes  0.00 bits/sec    5   7.07 KBytes       
[  4]  51.00-52.00  sec   255 KBytes  2.08 Mbits/sec  140    198 KBytes       
[  4]  52.00-53.00  sec   127 KBytes  1.04 Mbits/sec   52    315 KBytes       
[  4]  53.00-54.00  sec  0.00 Bytes  0.00 bits/sec    0    315 KBytes       
[  4]  54.00-55.00  sec  0.00 Bytes  0.00 bits/sec    1   1.41 KBytes       
[  4]  55.00-56.00  sec  0.00 Bytes  0.00 bits/sec    4   5.66 KBytes       
[  4]  56.00-57.00  sec  0.00 Bytes  0.00 bits/sec   22   31.1 KBytes       
[  4]  57.00-58.00  sec  0.00 Bytes  0.00 bits/sec    0   31.1 KBytes       
[  4]  58.00-59.00  sec  63.6 KBytes   521 Kbits/sec   36   69.3 KBytes       
[  4]  59.00-60.00  sec  0.00 Bytes  0.00 bits/sec   16   1.41 KBytes       
[  4]  60.00-61.00  sec  63.6 KBytes   521 Kbits/sec    5   7.07 KBytes       
[  4]  61.00-62.00  sec   509 KBytes  4.17 Mbits/sec   83   67.9 KBytes       
[  4]  62.00-63.00  sec   318 KBytes  2.61 Mbits/sec   55   77.8 KBytes       
[  4]  63.00-64.00  sec   127 KBytes  1.04 Mbits/sec   27   83.4 KBytes       
[  4]  64.00-65.00  sec   127 KBytes  1.04 Mbits/sec    0   89.1 KBytes       
[  4]  65.00-66.00  sec  63.6 KBytes   521 Kbits/sec    0    117 KBytes       
[  4]  66.00-67.00  sec  0.00 Bytes  0.00 bits/sec    0    120 KBytes       
[  4]  67.00-68.00  sec  0.00 Bytes  0.00 bits/sec    0    120 KBytes       
[  4]  68.00-69.00  sec  0.00 Bytes  0.00 bits/sec    1   1.41 KBytes       
[  4]  69.00-70.00  sec  0.00 Bytes  0.00 bits/sec   36   83.4 KBytes       
[  4]  70.00-71.00  sec  0.00 Bytes  0.00 bits/sec    0   83.4 KBytes       
[  4]  71.00-72.00  sec  0.00 Bytes  0.00 bits/sec    0   83.4 KBytes       
[  4]  72.00-73.00  sec  0.00 Bytes  0.00 bits/sec    2   1.41 KBytes       
[  4]  73.00-74.00  sec  63.6 KBytes   522 Kbits/sec    6   9.90 KBytes       
[  4]  74.00-75.00  sec   445 KBytes  3.65 Mbits/sec    0    100 KBytes       
[  4]  75.00-76.00  sec  0.00 Bytes  0.00 bits/sec    0    100 KBytes       
[  4]  76.00-77.00  sec  0.00 Bytes  0.00 bits/sec   39   63.6 KBytes       
[  4]  77.00-78.00  sec  0.00 Bytes  0.00 bits/sec    3   66.5 KBytes       
[  4]  78.00-79.00  sec  0.00 Bytes  0.00 bits/sec    1   1.41 KBytes       
[  4]  79.00-80.00  sec  0.00 Bytes  0.00 bits/sec    0   1.41 KBytes       
[  4]  80.00-81.00  sec  0.00 Bytes  0.00 bits/sec    3   4.24 KBytes       
[  4]  81.00-82.00  sec  63.6 KBytes   521 Kbits/sec    8   21.2 KBytes       
[  4]  82.00-83.00  sec   127 KBytes  1.04 Mbits/sec    0   72.1 KBytes       
[  4]  83.00-84.00  sec  0.00 Bytes  0.00 bits/sec    0   72.1 KBytes       
[  4]  84.00-85.00  sec  0.00 Bytes  0.00 bits/sec   13   46.7 KBytes       
[  4]  85.00-86.00  sec  0.00 Bytes  0.00 bits/sec   13   48.1 KBytes       
[  4]  86.00-87.00  sec  0.00 Bytes  0.00 bits/sec    2   1.41 KBytes       
[  4]  87.00-88.00  sec  63.6 KBytes   522 Kbits/sec    0   1.41 KBytes       
[  4]  88.00-89.00  sec  0.00 Bytes  0.00 bits/sec    2   2.83 KBytes       
[  4]  89.00-90.00  sec  0.00 Bytes  0.00 bits/sec    1   9.90 KBytes       
[  4]  90.00-91.00  sec   127 KBytes  1.04 Mbits/sec    0   52.3 KBytes       
[  4]  91.00-92.00  sec  0.00 Bytes  0.00 bits/sec    0   52.3 KBytes       
[  4]  92.00-93.00  sec  0.00 Bytes  0.00 bits/sec   16   32.5 KBytes       
[  4]  93.00-94.00  sec  0.00 Bytes  0.00 bits/sec    3   35.4 KBytes       
[  4]  94.00-95.00  sec  0.00 Bytes  0.00 bits/sec    6   35.4 KBytes       
[  4]  95.00-96.00  sec  0.00 Bytes  0.00 bits/sec    3   35.4 KBytes       
[  4]  96.00-97.00  sec  0.00 Bytes  0.00 bits/sec    0   35.4 KBytes       
[  4]  97.00-98.00  sec  0.00 Bytes  0.00 bits/sec    2   1.41 KBytes       
[  4]  98.00-99.00  sec  63.6 KBytes   522 Kbits/sec    2   2.83 KBytes       
[  4]  99.00-100.00 sec  63.6 KBytes   521 Kbits/sec    0   39.6 KBytes       
[  4] 100.00-101.00 sec  0.00 Bytes  0.00 bits/sec    0   39.6 KBytes       
[  4] 101.00-102.00 sec  0.00 Bytes  0.00 bits/sec   10   28.3 KBytes       
[  4] 102.00-103.00 sec  63.6 KBytes   520 Kbits/sec    3   28.3 KBytes       
[  4] 103.00-104.00 sec  0.00 Bytes  0.00 bits/sec    2   21.2 KBytes       
[  4] 104.00-105.00 sec  0.00 Bytes  0.00 bits/sec    0   21.2 KBytes       
[  4] 105.00-106.00 sec  63.6 KBytes   521 Kbits/sec    1   19.8 KBytes       
[  4] 106.00-107.00 sec  0.00 Bytes  0.00 bits/sec    0   22.6 KBytes       
[  4] 107.00-108.00 sec  0.00 Bytes  0.00 bits/sec    0   22.6 KBytes       
[  4] 108.00-109.01 sec  63.6 KBytes   519 Kbits/sec    0   24.0 KBytes       
[  4] 109.01-110.00 sec  0.00 Bytes  0.00 bits/sec    0   24.0 KBytes       
[  4] 110.00-111.00 sec  0.00 Bytes  0.00 bits/sec    2   28.3 KBytes       
[  4] 111.00-112.00 sec  63.6 KBytes   522 Kbits/sec    0   28.3 KBytes       
[  4] 112.00-113.00 sec  63.6 KBytes   520 Kbits/sec    0   31.1 KBytes       
[  4] 113.00-114.00 sec  63.6 KBytes   522 Kbits/sec    0   31.1 KBytes       
[  4] 114.00-115.00 sec  63.6 KBytes   521 Kbits/sec    0   31.1 KBytes       
[  4] 115.00-116.01 sec  63.6 KBytes   519 Kbits/sec    0   36.8 KBytes       
[  4] 116.01-117.00 sec  0.00 Bytes  0.00 bits/sec    0   45.2 KBytes       
[  4] 117.00-118.00 sec  63.6 KBytes   523 Kbits/sec    0   62.2 KBytes       
[  4] 118.00-119.00 sec  63.6 KBytes   521 Kbits/sec    0   89.1 KBytes       
[  4] 119.00-120.00 sec  0.00 Bytes  0.00 bits/sec    0   94.7 KBytes       
[  4] 120.00-121.00 sec  63.6 KBytes   522 Kbits/sec    0    141 KBytes       
[  4] 121.00-122.00 sec  0.00 Bytes  0.00 bits/sec    2    136 KBytes       
[  4] 122.00-123.00 sec  0.00 Bytes  0.00 bits/sec    4   99.0 KBytes       
[  4] 123.00-124.00 sec   127 KBytes  1.04 Mbits/sec    0   99.0 KBytes       
[  4] 124.00-125.00 sec   127 KBytes  1.04 Mbits/sec    0    107 KBytes       
[  4] 125.00-126.00 sec   191 KBytes  1.56 Mbits/sec    0    132 KBytes       
[  4] 126.00-127.00 sec   127 KBytes  1.04 Mbits/sec    0    137 KBytes       
[  4] 127.00-128.00 sec  0.00 Bytes  0.00 bits/sec    0    139 KBytes       
[  4] 128.00-129.02 sec   127 KBytes  1.03 Mbits/sec    0    140 KBytes       
[  4] 129.02-130.00 sec  0.00 Bytes  0.00 bits/sec    2    134 KBytes       
[  4] 130.00-131.00 sec  0.00 Bytes  0.00 bits/sec    2   97.6 KBytes       
[  4] 131.00-132.00 sec   191 KBytes  1.56 Mbits/sec    0    102 KBytes       
[  4] 132.00-133.00 sec   191 KBytes  1.56 Mbits/sec    0    112 KBytes       
[  4] 133.00-134.01 sec  0.00 Bytes  0.00 bits/sec    0    113 KBytes       
[  4] 134.01-135.00 sec   127 KBytes  1.05 Mbits/sec    0    116 KBytes       
[  4] 135.00-136.00 sec   127 KBytes  1.04 Mbits/sec    0    119 KBytes       
[  4] 136.00-137.00 sec  63.6 KBytes   521 Kbits/sec    0    120 KBytes       
[  4] 137.00-138.00 sec   127 KBytes  1.04 Mbits/sec    0    126 KBytes       
[  4] 138.00-139.00 sec   127 KBytes  1.04 Mbits/sec    0    140 KBytes       
[  4] 139.00-140.00 sec   127 KBytes  1.04 Mbits/sec    0    168 KBytes       
[  4] 140.00-141.00 sec   127 KBytes  1.04 Mbits/sec    0    216 KBytes       
[  4] 141.00-142.00 sec   127 KBytes  1.04 Mbits/sec    0    279 KBytes       
[  4] 142.00-143.00 sec   127 KBytes  1.04 Mbits/sec    0    328 KBytes       
[  4] 143.00-144.00 sec   191 KBytes  1.56 Mbits/sec    0    403 KBytes       
[  4] 144.00-145.01 sec   700 KBytes  5.71 Mbits/sec    0    563 KBytes       
[  4] 145.01-146.00 sec   127 KBytes  1.05 Mbits/sec   36    472 KBytes       
[  4] 146.00-147.00 sec  0.00 Bytes  0.00 bits/sec   16    411 KBytes       
[  4] 147.00-148.00 sec   891 KBytes  7.30 Mbits/sec    0    413 KBytes       
[  4] 148.00-149.00 sec   445 KBytes  3.65 Mbits/sec    0    465 KBytes       
[  4] 149.00-150.00 sec   445 KBytes  3.65 Mbits/sec    0    515 KBytes       
[  4] 150.00-151.00 sec   318 KBytes  2.61 Mbits/sec    0    542 KBytes       
[  4] 151.00-152.00 sec   191 KBytes  1.56 Mbits/sec    0    554 KBytes       
[  4] 152.00-153.00 sec  63.6 KBytes   521 Kbits/sec   14    397 KBytes       
[  4] 153.00-154.00 sec  0.00 Bytes  0.00 bits/sec    7    389 KBytes       
[  4] 154.00-155.00 sec  0.00 Bytes  0.00 bits/sec    0    389 KBytes       
[  4] 155.00-156.00 sec   127 KBytes  1.04 Mbits/sec    1   1.41 KBytes       
[  4] 156.00-157.00 sec   127 KBytes  1.04 Mbits/sec    1   42.4 KBytes       
[  4] 157.00-158.00 sec  1.43 MBytes  12.0 Mbits/sec    0    451 KBytes       
[  4] 158.00-159.00 sec   445 KBytes  3.65 Mbits/sec    0    474 KBytes       
[  4] 159.00-160.00 sec   445 KBytes  3.65 Mbits/sec    0    498 KBytes       
[  4] 160.00-161.00 sec   191 KBytes  1.56 Mbits/sec    0    508 KBytes       
[  4] 161.00-162.00 sec   636 KBytes  5.21 Mbits/sec    0    540 KBytes       
[  4] 162.00-163.00 sec   573 KBytes  4.69 Mbits/sec    0    567 KBytes       
[  4] 163.00-164.00 sec   636 KBytes  5.22 Mbits/sec    0    600 KBytes       
[  4] 164.00-165.00 sec  1.06 MBytes  8.86 Mbits/sec    0    672 KBytes       
[  4] 165.00-166.00 sec  1.12 MBytes  9.37 Mbits/sec    0    775 KBytes       
[  4] 166.00-167.00 sec  1.25 MBytes  10.5 Mbits/sec    0    899 KBytes       
[  4] 167.00-168.00 sec  1.25 MBytes  10.5 Mbits/sec    0   1.00 MBytes       
[  4] 168.00-169.00 sec  1.25 MBytes  10.5 Mbits/sec    0   1.17 MBytes       
[  4] 169.00-170.00 sec  1.25 MBytes  10.5 Mbits/sec    0   1.42 MBytes       
[  4] 170.00-171.00 sec  1.25 MBytes  10.5 Mbits/sec    6   1.49 MBytes       
[  4] 171.00-172.00 sec   854 KBytes  7.00 Mbits/sec  174   1.06 MBytes       
[  4] 172.00-173.00 sec  63.6 KBytes   521 Kbits/sec   38   1.06 MBytes       
[  4] 173.00-174.00 sec  0.00 Bytes  0.00 bits/sec   31   1.06 MBytes       
[  4] 174.00-175.00 sec   127 KBytes  1.04 Mbits/sec    1   1.41 KBytes       
[  4] 175.00-176.00 sec   382 KBytes  3.12 Mbits/sec    0   1.41 KBytes       
[  4] 176.00-177.00 sec  1.25 MBytes  10.5 Mbits/sec   82   1.07 MBytes       
[  4] 177.00-178.00 sec  2.50 MBytes  21.0 Mbits/sec    0   1.23 MBytes       
[  4] 178.00-179.00 sec  1.10 MBytes  9.21 Mbits/sec    0   1.26 MBytes       
[  4] 179.00-180.00 sec   891 KBytes  7.29 Mbits/sec    0   1.31 MBytes       
[  4] 180.00-181.00 sec   127 KBytes  1.04 Mbits/sec   25   1.19 MBytes       
[  4] 181.00-182.00 sec  0.00 Bytes  0.00 bits/sec   26    942 KBytes       
[  4] 182.00-183.00 sec  0.00 Bytes  0.00 bits/sec    0    942 KBytes       
[  4] 183.00-184.00 sec  0.00 Bytes  0.00 bits/sec    0    942 KBytes       
[  4] 184.00-185.00 sec   318 KBytes  2.61 Mbits/sec    1   1.41 KBytes       
[  4] 185.00-186.00 sec  2.50 MBytes  20.9 Mbits/sec    1   1.05 MBytes       
[  4] 186.00-187.00 sec  1.25 MBytes  10.5 Mbits/sec    0   1.11 MBytes       
[  4] 187.00-188.00 sec  1.25 MBytes  10.5 Mbits/sec    0   1.16 MBytes       
[  4] 188.00-189.00 sec  1.25 MBytes  10.5 Mbits/sec    0   1.22 MBytes       
[  4] 189.00-190.00 sec  1.25 MBytes  10.5 Mbits/sec    0   1.28 MBytes       
[  4] 190.00-190.00 sec  0.00 Bytes  0.00 bits/sec    0   1.28 MBytes       
- - - - - - - - - - - - - - - - - - - - - - - - -
[ ID] Interval           Transfer     Bandwidth       Retr
[  4]   0.00-190.00 sec  50.5 MBytes  2.23 Mbits/sec  1542             sender
[  4]   0.00-190.00 sec  43.9 MBytes  1.94 Mbits/sec                  receiver

iperf Done.
