-----------------------------------------------------------
Server listening on 5205
-----------------------------------------------------------
Accepted connection from 10.0.0.1, port 37706
[  5] local 10.0.0.2 port 5205 connected to 10.0.0.1 port 46118
[ ID] Interval           Transfer     Bandwidth
[  5]   0.00-1.01   sec  0.00 Bytes  0.00 bits/sec                  
[  5]   1.01-2.00   sec  0.00 Bytes  0.00 bits/sec                  
[  5]   2.00-3.01   sec  42.4 KBytes   346 Kbits/sec                  
[  5]   3.01-4.00   sec  56.6 KBytes   464 Kbits/sec                  
[  5]   4.00-5.00   sec   126 KBytes  1.03 Mbits/sec                  
[  5]   5.00-6.01   sec  67.9 KBytes   551 Kbits/sec                  
[  5]   6.01-7.00   sec  33.9 KBytes   280 Kbits/sec                  
[  5]   7.00-8.00   sec  84.8 KBytes   697 Kbits/sec                  
[  5]   8.00-9.00   sec   103 KBytes   845 Kbits/sec                  
[  5]   9.00-10.00  sec   136 KBytes  1.11 Mbits/sec                  
[  5]  10.00-11.00  sec   189 KBytes  1.55 Mbits/sec                  
[  5]  11.00-12.00  sec  48.1 KBytes   395 Kbits/sec                  
[  5]  12.00-13.00  sec   228 KBytes  1.86 Mbits/sec                  
[  5]  13.00-14.00  sec   411 KBytes  3.37 Mbits/sec                  
[  5]  14.00-15.00  sec  11.3 KBytes  92.8 Kbits/sec                  
[  5]  15.00-16.00  sec  0.00 Bytes  0.00 bits/sec                  
[  5]  16.00-17.00  sec   848 KBytes  6.93 Mbits/sec                  
[  5]  17.00-18.00  sec   269 KBytes  2.20 Mbits/sec                  
[  5]  18.00-19.00  sec   269 KBytes  2.20 Mbits/sec                  
[  5]  19.00-20.00  sec   393 KBytes  3.22 Mbits/sec                  
[  5]  20.00-21.00  sec   547 KBytes  4.48 Mbits/sec                  
[  5]  21.00-22.00  sec   180 KBytes  1.47 Mbits/sec                  
[  5]  22.00-23.00  sec   406 KBytes  3.32 Mbits/sec                  
[  5]  23.00-24.00  sec   100 KBytes   824 Kbits/sec                  
[  5]  24.00-25.00  sec   450 KBytes  3.68 Mbits/sec                  
[  5]  25.00-26.00  sec   584 KBytes  4.79 Mbits/sec                  
[  5]  26.00-27.00  sec   402 KBytes  3.29 Mbits/sec                  
[  5]  27.00-28.00  sec   495 KBytes  4.04 Mbits/sec                  
[  5]  28.00-29.00  sec   491 KBytes  4.02 Mbits/sec                  
[  5]  29.00-30.00  sec   372 KBytes  3.05 Mbits/sec                  
[  5]  30.00-30.19  sec  18.4 KBytes   786 Kbits/sec                  
- - - - - - - - - - - - - - - - - - - - - - - - -
[ ID] Interval           Transfer     Bandwidth
[  5]   0.00-30.19  sec  0.00 Bytes  0.00 bits/sec                  sender
[  5]   0.00-30.19  sec  7.19 MBytes  2.00 Mbits/sec                  receiver
