-----------------------------------------------------------
Server listening on 5202
-----------------------------------------------------------
Accepted connection from 10.0.0.1, port 38097
[  5] local 10.0.0.2 port 5202 connected to 10.0.0.1 port 46112
[ ID] Interval           Transfer     Bandwidth
[  5]   0.00-1.00   sec  33.9 KBytes   277 Kbits/sec                  
[  5]   1.00-2.01   sec   136 KBytes  1.10 Mbits/sec                  
[  5]   2.01-3.03   sec   259 KBytes  2.08 Mbits/sec                  
[  5]   3.03-4.00   sec   345 KBytes  2.90 Mbits/sec                  
[  5]   4.00-5.00   sec   279 KBytes  2.28 Mbits/sec                  
[  5]   5.00-6.00   sec   280 KBytes  2.29 Mbits/sec                  
[  5]   6.00-7.00   sec   274 KBytes  2.25 Mbits/sec                  
[  5]   7.00-8.00   sec   202 KBytes  1.66 Mbits/sec                  
[  5]   8.00-9.00   sec   332 KBytes  2.72 Mbits/sec                  
[  5]   9.00-10.00  sec   281 KBytes  2.30 Mbits/sec                  
[  5]  10.00-11.00  sec   204 KBytes  1.67 Mbits/sec                  
[  5]  11.00-12.00  sec   284 KBytes  2.33 Mbits/sec                  
[  5]  12.00-13.00  sec  0.00 Bytes  0.00 bits/sec                  
[  5]  13.00-14.00  sec   263 KBytes  2.16 Mbits/sec                  
[  5]  14.00-15.00  sec   297 KBytes  2.43 Mbits/sec                  
[  5]  15.00-16.00  sec  0.00 Bytes  0.00 bits/sec                  
[  5]  16.00-17.00  sec   219 KBytes  1.80 Mbits/sec                  
[  5]  17.00-18.00  sec   918 KBytes  7.49 Mbits/sec                  
[  5]  18.00-19.00  sec   276 KBytes  2.27 Mbits/sec                  
[  5]  19.00-20.01  sec   191 KBytes  1.54 Mbits/sec                  
[  5]  20.01-21.00  sec   243 KBytes  2.02 Mbits/sec                  
[  5]  21.00-22.00  sec   259 KBytes  2.11 Mbits/sec                  
[  5]  22.00-23.00  sec   303 KBytes  2.49 Mbits/sec                  
[  5]  23.00-24.00  sec   315 KBytes  2.58 Mbits/sec                  
[  5]  24.00-25.00  sec   151 KBytes  1.24 Mbits/sec                  
[  5]  25.00-26.00  sec   238 KBytes  1.94 Mbits/sec                  
[  5]  26.00-27.00  sec  73.5 KBytes   601 Kbits/sec                  
[  5]  27.00-28.00  sec   230 KBytes  1.89 Mbits/sec                  
[  5]  28.00-29.00  sec   479 KBytes  3.95 Mbits/sec                  
[  5]  29.00-30.00  sec   136 KBytes  1.11 Mbits/sec                  
[  5]  30.00-30.21  sec  80.6 KBytes  3.20 Mbits/sec                  
- - - - - - - - - - - - - - - - - - - - - - - - -
[ ID] Interval           Transfer     Bandwidth
[  5]   0.00-30.21  sec  0.00 Bytes  0.00 bits/sec                  sender
[  5]   0.00-30.21  sec  7.40 MBytes  2.06 Mbits/sec                  receiver
