-----------------------------------------------------------
Server listening on 5206
-----------------------------------------------------------
Accepted connection from 10.0.0.1, port 56667
[  5] local 10.0.0.2 port 5206 connected to 10.0.0.1 port 46120
[ ID] Interval           Transfer     Bandwidth
[  5]   0.00-1.00   sec  0.00 Bytes  0.00 bits/sec                  
[  5]   1.00-2.01   sec  14.1 KBytes   115 Kbits/sec                  
[  5]   2.01-3.00   sec  28.3 KBytes   234 Kbits/sec                  
[  5]   3.00-4.00   sec  0.00 Bytes  0.00 bits/sec                  
[  5]   4.00-5.00   sec  42.4 KBytes   348 Kbits/sec                  
[  5]   5.00-6.00   sec  1.41 KBytes  11.6 Kbits/sec                  
[  5]   6.00-7.00   sec  0.00 Bytes  0.00 bits/sec                  
[  5]   7.00-8.00   sec  8.48 KBytes  69.5 Kbits/sec                  
[  5]   8.00-9.00   sec  0.00 Bytes  0.00 bits/sec                  
[  5]   9.00-10.00  sec  0.00 Bytes  0.00 bits/sec                  
[  5]  10.00-11.00  sec  46.7 KBytes   382 Kbits/sec                  
[  5]  11.00-12.00  sec   204 KBytes  1.67 Mbits/sec                  
[  5]  12.00-13.00  sec  56.6 KBytes   464 Kbits/sec                  
[  5]  13.00-14.00  sec  49.5 KBytes   405 Kbits/sec                  
[  5]  14.00-15.00  sec  50.9 KBytes   417 Kbits/sec                  
[  5]  15.00-16.00  sec  58.0 KBytes   475 Kbits/sec                  
[  5]  16.00-17.00  sec  74.9 KBytes   614 Kbits/sec                  
[  5]  17.00-18.00  sec  97.6 KBytes   799 Kbits/sec                  
[  5]  18.00-19.00  sec   132 KBytes  1.08 Mbits/sec                  
[  5]  19.00-20.00  sec   173 KBytes  1.41 Mbits/sec                  
[  5]  20.00-21.00  sec  15.6 KBytes   127 Kbits/sec                  
[  5]  21.00-22.00  sec  1.41 KBytes  11.6 Kbits/sec                  
[  5]  22.00-23.00  sec  0.00 Bytes  0.00 bits/sec                  
[  5]  23.00-24.00  sec  5.66 KBytes  46.4 Kbits/sec                  
[  5]  24.00-25.00  sec  18.4 KBytes   151 Kbits/sec                  
[  5]  25.00-26.00  sec  0.00 Bytes  0.00 bits/sec                  
[  5]  26.00-27.00  sec  0.00 Bytes  0.00 bits/sec                  
[  5]  27.00-28.00  sec  4.24 KBytes  34.8 Kbits/sec                  
[  5]  28.00-29.00  sec  0.00 Bytes  0.00 bits/sec                  
[  5]  29.00-30.00  sec   665 KBytes  5.44 Mbits/sec                  
[  5]  30.00-31.00  sec  50.9 KBytes   417 Kbits/sec                  
[  5]  31.00-32.00  sec  38.2 KBytes   313 Kbits/sec                  
[  5]  32.00-33.00  sec  1.41 KBytes  11.6 Kbits/sec                  
[  5]  33.00-34.00  sec   100 KBytes   823 Kbits/sec                  
[  5]  34.00-35.00  sec  0.00 Bytes  0.00 bits/sec                  
[  5]  35.00-36.00  sec  0.00 Bytes  0.00 bits/sec                  
[  5]  36.00-37.00  sec  0.00 Bytes  0.00 bits/sec                  
[  5]  37.00-38.00  sec  42.4 KBytes   348 Kbits/sec                  
[  5]  38.00-39.00  sec   109 KBytes   892 Kbits/sec                  
[  5]  39.00-40.00  sec   980 KBytes  8.03 Mbits/sec                  
[  5]  40.00-41.00  sec   488 KBytes  3.99 Mbits/sec                  
[  5]  41.00-42.00  sec   512 KBytes  4.19 Mbits/sec                  
[  5]  42.00-43.00  sec   512 KBytes  4.19 Mbits/sec                  
[  5]  43.00-44.00  sec   400 KBytes  3.28 Mbits/sec                  
[  5]  44.00-45.00  sec   451 KBytes  3.70 Mbits/sec                  
[  5]  45.00-46.00  sec   287 KBytes  2.35 Mbits/sec                  
[  5]  46.00-47.00  sec   283 KBytes  2.32 Mbits/sec                  
[  5]  47.00-48.00  sec   272 KBytes  2.22 Mbits/sec                  
[  5]  48.00-49.00  sec   281 KBytes  2.31 Mbits/sec                  
[  5]  49.00-50.00  sec  9.90 KBytes  80.9 Kbits/sec                  
[  5]  50.00-51.00  sec  0.00 Bytes  0.00 bits/sec                  
[  5]  51.00-52.00  sec  0.00 Bytes  0.00 bits/sec                  
[  5]  52.00-53.00  sec   609 KBytes  4.99 Mbits/sec                  
[  5]  53.00-54.00  sec   156 KBytes  1.27 Mbits/sec                  
[  5]  54.00-55.00  sec   100 KBytes   823 Kbits/sec                  
[  5]  55.00-56.00  sec   215 KBytes  1.76 Mbits/sec                  
[  5]  56.00-57.00  sec  36.8 KBytes   301 Kbits/sec                  
[  5]  57.00-58.00  sec   443 KBytes  3.63 Mbits/sec                  
[  5]  58.00-58.97  sec   209 KBytes  1.77 Mbits/sec                  
- - - - - - - - - - - - - - - - - - - - - - - - -
[ ID] Interval           Transfer     Bandwidth
[  5]   0.00-58.97  sec  0.00 Bytes  0.00 bits/sec                  sender
[  5]   0.00-58.97  sec  8.14 MBytes  1.16 Mbits/sec                  receiver
