Connecting to host 10.0.0.2, port 5201
[  4] local 10.0.0.1 port 46110 connected to 10.0.0.2 port 5201
[ ID] Interval           Transfer     Bandwidth       Retr  Cwnd
[  4]   0.00-1.07   sec   614 KBytes  4.68 Mbits/sec    0   55.1 KBytes       
[  4]   1.07-2.02   sec   255 KBytes  2.20 Mbits/sec    0   65.0 KBytes       
[  4]   2.02-3.04   sec   127 KBytes  1.03 Mbits/sec    0   69.3 KBytes       
[  4]   3.04-4.01   sec   255 KBytes  2.15 Mbits/sec    0   80.6 KBytes       
[  4]   4.01-5.01   sec   318 KBytes  2.60 Mbits/sec    0   94.7 KBytes       
[  4]   5.01-6.00   sec   445 KBytes  3.67 Mbits/sec    0    137 KBytes       
[  4]   6.00-7.00   sec   445 KBytes  3.67 Mbits/sec    0    181 KBytes       
[  4]   7.00-8.02   sec   764 KBytes  6.16 Mbits/sec    0    259 KBytes       
[  4]   8.02-9.00   sec   827 KBytes  6.86 Mbits/sec    0    344 KBytes       
[  4]   9.00-10.00  sec   700 KBytes  5.74 Mbits/sec    0    428 KBytes       
[  4]  10.00-11.01  sec  1.06 MBytes  8.83 Mbits/sec    0    561 KBytes       
[  4]  11.01-12.01  sec   891 KBytes  7.30 Mbits/sec    0    672 KBytes       
[  4]  12.01-13.01  sec  1018 KBytes  8.33 Mbits/sec    0    783 KBytes       
[  4]  13.01-14.01  sec  1.12 MBytes  9.35 Mbits/sec    0    918 KBytes       
[  4]  14.01-15.00  sec   827 KBytes  6.84 Mbits/sec    0   1021 KBytes       
[  4]  15.00-16.00  sec   764 KBytes  6.25 Mbits/sec   52   1000 KBytes       
[  4]  16.00-17.00  sec  0.00 Bytes  0.00 bits/sec  146    782 KBytes       
[  4]  17.00-18.00  sec  0.00 Bytes  0.00 bits/sec   76    735 KBytes       
[  4]  18.00-19.03  sec  0.00 Bytes  0.00 bits/sec   30    732 KBytes       
[  4]  19.03-20.00  sec  0.00 Bytes  0.00 bits/sec    0    782 KBytes       
[  4]  20.00-21.00  sec  1.25 MBytes  10.4 Mbits/sec    8    768 KBytes       
[  4]  21.00-22.00  sec   311 KBytes  2.55 Mbits/sec   29    639 KBytes       
[  4]  22.00-23.00  sec  63.6 KBytes   520 Kbits/sec    0    554 KBytes       
[  4]  23.00-24.01  sec   255 KBytes  2.08 Mbits/sec    6    550 KBytes       
[  4]  24.01-25.00  sec   509 KBytes  4.19 Mbits/sec    0    481 KBytes       
[  4]  25.00-26.02  sec   764 KBytes  6.15 Mbits/sec    0    390 KBytes       
[  4]  26.02-27.00  sec   318 KBytes  2.65 Mbits/sec    0    396 KBytes       
[  4]  27.00-28.00  sec   191 KBytes  1.56 Mbits/sec    0    410 KBytes       
[  4]  28.00-29.00  sec   255 KBytes  2.08 Mbits/sec    0    430 KBytes       
[  4]  29.00-30.00  sec   191 KBytes  1.57 Mbits/sec    0    443 KBytes       
[  4]  30.00-31.00  sec   191 KBytes  1.56 Mbits/sec    0    452 KBytes       
[  4]  31.00-32.01  sec   191 KBytes  1.55 Mbits/sec    0    457 KBytes       
[  4]  32.01-33.00  sec   191 KBytes  1.58 Mbits/sec    0    461 KBytes       
[  4]  33.00-34.00  sec   318 KBytes  2.61 Mbits/sec    0    467 KBytes       
[  4]  34.00-35.00  sec   191 KBytes  1.56 Mbits/sec    0    475 KBytes       
[  4]  35.00-36.00  sec  63.6 KBytes   520 Kbits/sec   51    351 KBytes       
[  4]  36.00-37.00  sec  0.00 Bytes  0.00 bits/sec   16    332 KBytes       
[  4]  37.00-38.00  sec  0.00 Bytes  0.00 bits/sec    4    332 KBytes       
[  4]  38.00-39.00  sec   700 KBytes  5.73 Mbits/sec    3    324 KBytes       
[  4]  39.00-40.00  sec  63.6 KBytes   522 Kbits/sec    1    247 KBytes       
[  4]  40.00-41.00  sec   445 KBytes  3.65 Mbits/sec    0    235 KBytes       
[  4]  41.00-42.01  sec   191 KBytes  1.55 Mbits/sec    0    245 KBytes       
[  4]  42.01-43.00  sec   191 KBytes  1.57 Mbits/sec    0    259 KBytes       
[  4]  43.00-44.01  sec   127 KBytes  1.03 Mbits/sec    0    269 KBytes       
[  4]  44.01-45.01  sec   191 KBytes  1.58 Mbits/sec    0    274 KBytes       
[  4]  45.01-46.04  sec  63.6 KBytes   506 Kbits/sec    0    277 KBytes       
[  4]  46.04-47.00  sec   191 KBytes  1.62 Mbits/sec    0    280 KBytes       
[  4]  47.00-48.00  sec  63.6 KBytes   521 Kbits/sec    0    283 KBytes       
[  4]  48.00-49.00  sec   191 KBytes  1.56 Mbits/sec    0    296 KBytes       
[  4]  49.00-50.00  sec   127 KBytes  1.04 Mbits/sec    0    308 KBytes       
[  4]  50.00-51.00  sec   127 KBytes  1.04 Mbits/sec    0    329 KBytes       
[  4]  51.00-52.00  sec  63.6 KBytes   521 Kbits/sec    0    361 KBytes       
[  4]  52.00-53.00  sec   127 KBytes  1.05 Mbits/sec    6    382 KBytes       
[  4]  53.00-54.01  sec  0.00 Bytes  0.00 bits/sec   13    328 KBytes       
[  4]  54.01-55.00  sec  0.00 Bytes  0.00 bits/sec    5    290 KBytes       
[  4]  55.00-56.00  sec   191 KBytes  1.57 Mbits/sec    2    290 KBytes       
[  4]  56.00-57.00  sec   127 KBytes  1.04 Mbits/sec    4    290 KBytes       
[  4]  57.00-58.00  sec  0.00 Bytes  0.00 bits/sec    2    290 KBytes       
[  4]  58.00-59.00  sec  0.00 Bytes  0.00 bits/sec    9    290 KBytes       
[  4]  59.00-60.00  sec   382 KBytes  3.14 Mbits/sec    2    263 KBytes       
[  4]  60.00-61.00  sec   127 KBytes  1.04 Mbits/sec    0    215 KBytes       
[  4]  61.00-62.01  sec   445 KBytes  3.63 Mbits/sec    0    206 KBytes       
[  4]  62.01-63.00  sec   191 KBytes  1.57 Mbits/sec    0    219 KBytes       
[  4]  63.00-64.00  sec   127 KBytes  1.04 Mbits/sec    0    230 KBytes       
[  4]  64.00-65.00  sec   127 KBytes  1.04 Mbits/sec    0    236 KBytes       
[  4]  65.00-66.00  sec   127 KBytes  1.04 Mbits/sec    0    240 KBytes       
[  4]  66.00-67.01  sec   127 KBytes  1.04 Mbits/sec    0    243 KBytes       
[  4]  67.01-68.00  sec  63.6 KBytes   523 Kbits/sec    0    246 KBytes       
[  4]  68.00-69.00  sec   127 KBytes  1.04 Mbits/sec    0    255 KBytes       
[  4]  69.00-70.00  sec   127 KBytes  1.04 Mbits/sec    0    264 KBytes       
[  4]  70.00-71.00  sec   127 KBytes  1.04 Mbits/sec    0    291 KBytes       
[  4]  71.00-72.00  sec   127 KBytes  1.04 Mbits/sec    0    325 KBytes       
[  4]  72.00-73.00  sec  63.6 KBytes   522 Kbits/sec   23    301 KBytes       
[  4]  73.00-74.00  sec  63.6 KBytes   520 Kbits/sec    7    339 KBytes       
[  4]  74.00-75.00  sec  0.00 Bytes  0.00 bits/sec   18    252 KBytes       
[  4]  75.00-76.01  sec  63.6 KBytes   517 Kbits/sec   18    252 KBytes       
[  4]  76.01-77.00  sec  0.00 Bytes  0.00 bits/sec    2    252 KBytes       
[  4]  77.00-78.00  sec  0.00 Bytes  0.00 bits/sec    4   1.41 KBytes       
[  4]  78.00-79.00  sec  63.6 KBytes   521 Kbits/sec    0   1.41 KBytes       
[  4]  79.00-80.00  sec   191 KBytes  1.56 Mbits/sec   40    228 KBytes       
[  4]  80.00-81.00  sec   954 KBytes  7.81 Mbits/sec    0    297 KBytes       
[  4]  81.00-82.00  sec   318 KBytes  2.61 Mbits/sec    0    313 KBytes       
[  4]  82.00-83.00  sec   127 KBytes  1.04 Mbits/sec    0    320 KBytes       
[  4]  83.00-84.00  sec   191 KBytes  1.56 Mbits/sec    0    328 KBytes       
[  4]  84.00-85.00  sec   318 KBytes  2.61 Mbits/sec    0    344 KBytes       
[  4]  85.00-86.00  sec   318 KBytes  2.60 Mbits/sec    0    382 KBytes       
[  4]  86.00-87.00  sec  63.6 KBytes   521 Kbits/sec    0    403 KBytes       
[  4]  87.00-88.00  sec   255 KBytes  2.08 Mbits/sec    0    488 KBytes       
[  4]  88.00-89.04  sec   127 KBytes  1.01 Mbits/sec    0    527 KBytes       
[  4]  89.04-90.00  sec   318 KBytes  2.70 Mbits/sec    0    717 KBytes       
[  4]  90.00-91.00  sec   191 KBytes  1.56 Mbits/sec    0    820 KBytes       
[  4]  91.00-92.00  sec   318 KBytes  2.60 Mbits/sec    0   1.02 MBytes       
[  4]  92.00-93.00  sec  0.00 Bytes  0.00 bits/sec   93    792 KBytes       
[  4]  93.00-94.00  sec  0.00 Bytes  0.00 bits/sec  100    731 KBytes       
[  4]  94.00-95.00  sec  0.00 Bytes  0.00 bits/sec   59    728 KBytes       
[  4]  95.00-96.00  sec  0.00 Bytes  0.00 bits/sec   92    731 KBytes       
[  4]  96.00-97.00  sec  0.00 Bytes  0.00 bits/sec    1   1.41 KBytes       
[  4]  97.00-98.00  sec  63.6 KBytes   521 Kbits/sec    2   2.83 KBytes       
[  4]  98.00-99.00  sec  0.00 Bytes  0.00 bits/sec   13   18.4 KBytes       
[  4]  99.00-100.00 sec   318 KBytes  2.60 Mbits/sec  174    328 KBytes       
[  4] 100.00-101.00 sec  1.25 MBytes  10.5 Mbits/sec    0    817 KBytes       
[  4] 101.00-102.00 sec  1.11 MBytes  9.33 Mbits/sec    0    830 KBytes       
[  4] 102.00-103.00 sec   636 KBytes  5.21 Mbits/sec    0    861 KBytes       
[  4] 103.00-104.00 sec  0.00 Bytes  0.00 bits/sec   52    649 KBytes       
[  4] 104.00-105.00 sec  0.00 Bytes  0.00 bits/sec    1    604 KBytes       
[  4] 105.00-106.00 sec  0.00 Bytes  0.00 bits/sec   51    604 KBytes       
[  4] 106.00-107.00 sec  0.00 Bytes  0.00 bits/sec   17    604 KBytes       
[  4] 107.00-108.00 sec   382 KBytes  3.13 Mbits/sec    1   1.41 KBytes       
[  4] 108.00-109.00 sec  63.6 KBytes   521 Kbits/sec   15   25.5 KBytes       
[  4] 109.00-110.00 sec  2.30 MBytes  19.3 Mbits/sec    0    708 KBytes       
[  4] 110.00-111.00 sec   445 KBytes  3.65 Mbits/sec    0    732 KBytes       
[  4] 111.00-112.03 sec   700 KBytes  5.60 Mbits/sec    0    765 KBytes       
[  4] 112.03-113.00 sec   382 KBytes  3.21 Mbits/sec    0    786 KBytes       
[  4] 113.00-114.00 sec   445 KBytes  3.65 Mbits/sec    0    807 KBytes       
[  4] 114.00-115.00 sec   573 KBytes  4.69 Mbits/sec    0    837 KBytes       
[  4] 115.00-116.00 sec   382 KBytes  3.13 Mbits/sec    0    858 KBytes       
[  4] 116.00-117.00 sec   636 KBytes  5.22 Mbits/sec    0    899 KBytes       
[  4] 117.00-118.00 sec   509 KBytes  4.17 Mbits/sec    0    980 KBytes       
[  4] 118.00-119.00 sec   445 KBytes  3.65 Mbits/sec    0   1.06 MBytes       
[  4] 119.00-120.00 sec   954 KBytes  7.82 Mbits/sec    0   1.18 MBytes       
[  4] 120.00-121.00 sec  1.25 MBytes  10.5 Mbits/sec    0   1.36 MBytes       
[  4] 121.00-122.00 sec  1.25 MBytes  10.5 Mbits/sec    0   1.54 MBytes       
[  4] 122.00-123.00 sec   749 KBytes  6.13 Mbits/sec   35   1.43 MBytes       
[  4] 123.00-124.00 sec  0.00 Bytes  0.00 bits/sec   79   1.13 MBytes       
[  4] 124.00-125.00 sec   127 KBytes  1.04 Mbits/sec   88   1.11 MBytes       
[  4] 125.00-126.00 sec  63.6 KBytes   521 Kbits/sec   36   1.11 MBytes       
[  4] 126.00-127.00 sec  63.6 KBytes   521 Kbits/sec   49   1.11 MBytes       
[  4] 127.00-128.00 sec   127 KBytes  1.04 Mbits/sec    1   1.41 KBytes       
[  4] 128.00-129.00 sec   382 KBytes  3.13 Mbits/sec    0   1.41 KBytes       
[  4] 129.00-130.00 sec   382 KBytes  3.13 Mbits/sec    2   2.83 KBytes       
[  4] 130.00-131.00 sec  2.50 MBytes  21.0 Mbits/sec   49   1.24 MBytes       
[  4] 131.00-132.00 sec  1.25 MBytes  10.5 Mbits/sec    0   1.26 MBytes       
[  4] 132.00-133.00 sec   996 KBytes  8.15 Mbits/sec    0   1.29 MBytes       
[  4] 133.00-134.00 sec   127 KBytes  1.04 Mbits/sec   97   1.04 MBytes       
[  4] 134.00-135.00 sec  0.00 Bytes  0.00 bits/sec  299    933 KBytes       
[  4] 135.00-136.00 sec  0.00 Bytes  0.00 bits/sec   21    933 KBytes       
[  4] 136.00-137.00 sec  0.00 Bytes  0.00 bits/sec  112    933 KBytes       
[  4] 137.00-138.00 sec  0.00 Bytes  0.00 bits/sec   42   1.41 KBytes       
[  4] 138.00-139.00 sec  63.6 KBytes   521 Kbits/sec   31   43.8 KBytes       
[  4] 139.00-140.00 sec   318 KBytes  2.61 Mbits/sec  168    238 KBytes       
[  4] 140.00-141.00 sec   827 KBytes  6.78 Mbits/sec  190    936 KBytes       
[  4] 141.00-142.00 sec  1.12 MBytes  9.39 Mbits/sec    0    994 KBytes       
[  4] 142.00-143.00 sec  0.00 Bytes  0.00 bits/sec    0    994 KBytes       
[  4] 143.00-144.00 sec  0.00 Bytes  0.00 bits/sec    1   1.41 KBytes       
[  4] 144.00-145.00 sec  0.00 Bytes  0.00 bits/sec    5   7.07 KBytes       
[  4] 145.00-146.00 sec   127 KBytes  1.04 Mbits/sec  111    157 KBytes       
[  4] 146.00-147.00 sec   445 KBytes  3.65 Mbits/sec  295    636 KBytes       
[  4] 147.00-148.00 sec  1.25 MBytes  10.5 Mbits/sec    0    775 KBytes       
[  4] 148.00-149.00 sec   565 KBytes  4.63 Mbits/sec   32    710 KBytes       
[  4] 149.00-150.00 sec  0.00 Bytes  0.00 bits/sec   23    543 KBytes       
[  4] 150.00-151.00 sec  1.24 MBytes  10.4 Mbits/sec    0    560 KBytes       
[  4] 151.00-151.00 sec  0.00 Bytes  0.00 bits/sec    0    560 KBytes       
- - - - - - - - - - - - - - - - - - - - - - - - -
[ ID] Interval           Transfer     Bandwidth       Retr
[  4]   0.00-151.00 sec  51.1 MBytes  2.84 Mbits/sec  3014             sender
[  4]   0.00-151.00 sec  42.6 MBytes  2.37 Mbits/sec                  receiver

iperf Done.
