-----------------------------------------------------------
Server listening on 5201
-----------------------------------------------------------
Accepted connection from 10.0.0.1, port 36673
[  5] local 10.0.0.2 port 5201 connected to 10.0.0.1 port 46110
[ ID] Interval           Transfer     Bandwidth
[  5]   0.00-1.00   sec   913 KBytes  7.48 Mbits/sec                  
[  5]   1.00-2.00   sec   816 KBytes  6.68 Mbits/sec                  
[  5]   2.00-3.00   sec   795 KBytes  6.51 Mbits/sec                  
[  5]   3.00-4.00   sec   773 KBytes  6.34 Mbits/sec                  
[  5]   4.00-5.00   sec   830 KBytes  6.80 Mbits/sec                  
[  5]   5.00-6.00   sec   814 KBytes  6.67 Mbits/sec                  
[  5]   6.00-7.00   sec   810 KBytes  6.64 Mbits/sec                  
[  5]   7.00-8.00   sec   744 KBytes  6.09 Mbits/sec                  
[  5]   8.00-9.00   sec   676 KBytes  5.54 Mbits/sec                  
[  5]   9.00-10.00  sec   634 KBytes  5.19 Mbits/sec                  
[  5]  10.00-10.56  sec   365 KBytes  5.38 Mbits/sec                  
- - - - - - - - - - - - - - - - - - - - - - - - -
[ ID] Interval           Transfer     Bandwidth
[  5]   0.00-10.56  sec  0.00 Bytes  0.00 bits/sec                  sender
[  5]   0.00-10.56  sec  7.98 MBytes  6.34 Mbits/sec                  receiver
