Connecting to host 10.0.0.2, port 5203
[  4] local 10.0.0.1 port 46114 connected to 10.0.0.2 port 5203
[ ID] Interval           Transfer     Bandwidth       Retr  Cwnd
[  4]   0.00-1.00   sec   277 KBytes  2.27 Mbits/sec    0   19.8 KBytes       
[  4]   1.00-2.00   sec   137 KBytes  1.12 Mbits/sec    0   25.5 KBytes       
[  4]   2.00-3.00   sec   127 KBytes  1.04 Mbits/sec    0   31.1 KBytes       
[  4]   3.00-4.00   sec   191 KBytes  1.56 Mbits/sec    0   42.4 KBytes       
[  4]   4.00-5.00   sec   318 KBytes  2.61 Mbits/sec    0   67.9 KBytes       
[  4]   5.00-6.00   sec   382 KBytes  3.13 Mbits/sec    0    109 KBytes       
[  4]   6.00-7.00   sec   445 KBytes  3.65 Mbits/sec    0    158 KBytes       
[  4]   7.00-8.00   sec   509 KBytes  4.17 Mbits/sec    0    225 KBytes       
[  4]   8.00-9.00   sec   573 KBytes  4.69 Mbits/sec    0    294 KBytes       
[  4]   9.00-10.00  sec   954 KBytes  7.82 Mbits/sec    0    416 KBytes       
[  4]  10.00-11.00  sec   509 KBytes  4.17 Mbits/sec    0    489 KBytes       
[  4]  11.00-12.00  sec  1018 KBytes  8.33 Mbits/sec    0    624 KBytes       
[  4]  12.00-13.00  sec   255 KBytes  2.09 Mbits/sec    0    658 KBytes       
[  4]  13.00-14.00  sec  0.00 Bytes  0.00 bits/sec   95    461 KBytes       
[  4]  14.00-15.00  sec  0.00 Bytes  0.00 bits/sec   39    461 KBytes       
[  4]  15.00-16.00  sec  0.00 Bytes  0.00 bits/sec   39    458 KBytes       
[  4]  16.00-17.00  sec  0.00 Bytes  0.00 bits/sec  130    383 KBytes       
[  4]  17.00-18.00  sec   509 KBytes  4.17 Mbits/sec    1    461 KBytes       
[  4]  18.00-19.00  sec  63.6 KBytes   521 Kbits/sec   44    363 KBytes       
[  4]  19.00-20.00  sec   445 KBytes  3.65 Mbits/sec    0    171 KBytes       
[  4]  20.00-21.00  sec   891 KBytes  7.29 Mbits/sec    0    327 KBytes       
[  4]  21.00-22.00  sec   191 KBytes  1.56 Mbits/sec    0    335 KBytes       
[  4]  22.00-23.00  sec   255 KBytes  2.09 Mbits/sec    0    354 KBytes       
[  4]  23.00-24.00  sec   318 KBytes  2.61 Mbits/sec    0    375 KBytes       
[  4]  24.00-25.00  sec   127 KBytes  1.04 Mbits/sec    0    379 KBytes       
[  4]  25.00-26.00  sec   255 KBytes  2.09 Mbits/sec    0    386 KBytes       
[  4]  26.00-27.00  sec   382 KBytes  3.13 Mbits/sec    0    389 KBytes       
[  4]  27.00-28.00  sec   382 KBytes  3.13 Mbits/sec    0    393 KBytes       
[  4]  28.00-29.00  sec   382 KBytes  3.13 Mbits/sec    0    402 KBytes       
[  4]  29.00-30.00  sec   255 KBytes  2.09 Mbits/sec    0    416 KBytes       
[  4]  30.00-31.00  sec   191 KBytes  1.56 Mbits/sec    0    426 KBytes       
[  4]  31.00-31.00  sec  0.00 Bytes  0.00 bits/sec    0    426 KBytes       
- - - - - - - - - - - - - - - - - - - - - - - - -
[ ID] Interval           Transfer     Bandwidth       Retr
[  4]   0.00-31.00  sec  10.1 MBytes  2.73 Mbits/sec  348             sender
[  4]   0.00-31.00  sec  6.82 MBytes  1.84 Mbits/sec                  receiver

iperf Done.
