Connecting to host 10.0.0.2, port 5202
[  4] local 10.0.0.1 port 46112 connected to 10.0.0.2 port 5202
[ ID] Interval           Transfer     Bandwidth       Retr  Cwnd
[  4]   0.00-1.00   sec   431 KBytes  3.52 Mbits/sec    0   25.5 KBytes       
[  4]   1.00-2.00   sec   255 KBytes  2.09 Mbits/sec    0   35.4 KBytes       
[  4]   2.00-3.00   sec   255 KBytes  2.08 Mbits/sec    0   43.8 KBytes       
[  4]   3.00-4.00   sec   191 KBytes  1.57 Mbits/sec    0   53.7 KBytes       
[  4]   4.00-5.00   sec   255 KBytes  2.08 Mbits/sec    0   70.7 KBytes       
[  4]   5.00-6.00   sec   509 KBytes  4.17 Mbits/sec    0    115 KBytes       
[  4]   6.00-7.00   sec   573 KBytes  4.69 Mbits/sec    0    173 KBytes       
[  4]   7.00-8.00   sec   573 KBytes  4.69 Mbits/sec    0    235 KBytes       
[  4]   8.00-9.00   sec   636 KBytes  5.21 Mbits/sec    0    314 KBytes       
[  4]   9.00-10.00  sec   700 KBytes  5.73 Mbits/sec    0    399 KBytes       
[  4]  10.00-11.00  sec  1.30 MBytes  11.0 Mbits/sec    0    570 KBytes       
[  4]  11.00-12.00  sec   636 KBytes  5.21 Mbits/sec    0    656 KBytes       
[  4]  12.00-13.00  sec  1.18 MBytes  9.90 Mbits/sec    0    814 KBytes       
[  4]  13.00-14.00  sec   445 KBytes  3.65 Mbits/sec    1    872 KBytes       
[  4]  14.00-15.00  sec  0.00 Bytes  0.00 bits/sec   49    758 KBytes       
[  4]  15.00-16.00  sec  0.00 Bytes  0.00 bits/sec  141    612 KBytes       
[  4]  16.00-17.00  sec  0.00 Bytes  0.00 bits/sec   27    605 KBytes       
[  4]  17.00-18.00  sec  0.00 Bytes  0.00 bits/sec  182    444 KBytes       
[  4]  18.00-19.00  sec   255 KBytes  2.08 Mbits/sec   38    256 KBytes       
[  4]  19.00-20.00  sec   827 KBytes  6.78 Mbits/sec    0    256 KBytes       
[  4]  20.00-21.00  sec  0.00 Bytes  0.00 bits/sec   10    260 KBytes       
[  4]  21.00-22.00  sec   827 KBytes  6.77 Mbits/sec    0    291 KBytes       
[  4]  22.00-23.00  sec  63.6 KBytes   521 Kbits/sec    0    430 KBytes       
[  4]  23.00-24.00  sec   445 KBytes  3.65 Mbits/sec    0    447 KBytes       
[  4]  24.00-24.00  sec  0.00 Bytes  0.00 bits/sec    0    447 KBytes       
- - - - - - - - - - - - - - - - - - - - - - - - -
[ ID] Interval           Transfer     Bandwidth       Retr
[  4]   0.00-24.00  sec  10.2 MBytes  3.56 Mbits/sec  448             sender
[  4]   0.00-24.00  sec  5.71 MBytes  2.00 Mbits/sec                  receiver

iperf Done.
