-----------------------------------------------------------
Server listening on 5206
-----------------------------------------------------------
Accepted connection from 10.0.0.1, port 40589
[  5] local 10.0.0.2 port 5206 connected to 10.0.0.1 port 46120
[ ID] Interval           Transfer     Bandwidth
[  5]   0.00-1.00   sec  43.8 KBytes   359 Kbits/sec                  
[  5]   1.00-2.00   sec  67.9 KBytes   556 Kbits/sec                  
[  5]   2.00-3.00   sec  59.4 KBytes   487 Kbits/sec                  
[  5]   3.00-4.00   sec  52.3 KBytes   429 Kbits/sec                  
[  5]   4.00-5.00   sec  77.8 KBytes   637 Kbits/sec                  
[  5]   5.00-6.00   sec  63.6 KBytes   521 Kbits/sec                  
[  5]   6.00-7.00   sec  84.8 KBytes   695 Kbits/sec                  
[  5]   7.00-8.00   sec   117 KBytes   962 Kbits/sec                  
[  5]   8.00-9.00   sec  60.8 KBytes   498 Kbits/sec                  
[  5]   9.00-10.00  sec   123 KBytes  1.01 Mbits/sec                  
[  5]  10.00-11.00  sec  9.90 KBytes  81.0 Kbits/sec                  
[  5]  11.00-12.00  sec  5.66 KBytes  46.4 Kbits/sec                  
[  5]  12.00-13.00  sec  0.00 Bytes  0.00 bits/sec                  
[  5]  13.00-14.00  sec  4.24 KBytes  34.8 Kbits/sec                  
[  5]  14.00-15.00  sec  0.00 Bytes  0.00 bits/sec                  
[  5]  15.00-16.00  sec   255 KBytes  2.09 Mbits/sec                  
[  5]  16.00-17.00  sec  36.8 KBytes   301 Kbits/sec                  
[  5]  17.00-18.00  sec   314 KBytes  2.57 Mbits/sec                  
[  5]  18.00-19.00  sec   139 KBytes  1.14 Mbits/sec                  
[  5]  19.00-20.00  sec   146 KBytes  1.19 Mbits/sec                  
[  5]  20.00-21.00  sec   126 KBytes  1.03 Mbits/sec                  
[  5]  21.00-22.00  sec  31.1 KBytes   255 Kbits/sec                  
[  5]  22.00-23.00  sec   164 KBytes  1.34 Mbits/sec                  
[  5]  23.00-24.00  sec   134 KBytes  1.10 Mbits/sec                  
[  5]  24.00-25.00  sec  32.5 KBytes   266 Kbits/sec                  
[  5]  25.00-26.00  sec   173 KBytes  1.41 Mbits/sec                  
[  5]  26.00-27.00  sec   150 KBytes  1.23 Mbits/sec                  
[  5]  27.00-28.00  sec  41.0 KBytes   337 Kbits/sec                  
[  5]  28.00-29.00  sec   184 KBytes  1.51 Mbits/sec                  
[  5]  29.00-30.00  sec  52.3 KBytes   429 Kbits/sec                  
[  5]  30.00-31.00  sec   311 KBytes  2.55 Mbits/sec                  
[  5]  31.00-32.00  sec  97.6 KBytes   799 Kbits/sec                  
[  5]  32.00-33.00  sec   354 KBytes  2.90 Mbits/sec                  
[  5]  33.00-34.00  sec  49.5 KBytes   405 Kbits/sec                  
[  5]  34.00-35.00  sec  2.83 KBytes  23.2 Kbits/sec                  
[  5]  35.00-36.00  sec  0.00 Bytes  0.00 bits/sec                  
[  5]  36.00-37.00  sec  35.4 KBytes   290 Kbits/sec                  
[  5]  37.00-38.00  sec  0.00 Bytes  0.00 bits/sec                  
[  5]  38.00-39.00  sec   498 KBytes  4.08 Mbits/sec                  
[  5]  39.00-40.00  sec  0.00 Bytes  0.00 bits/sec                  
[  5]  40.00-41.00  sec  0.00 Bytes  0.00 bits/sec                  
[  5]  41.00-42.00  sec   820 KBytes  6.72 Mbits/sec                  
[  5]  42.00-43.00  sec   744 KBytes  6.09 Mbits/sec                  
[  5]  43.00-44.00  sec   236 KBytes  1.93 Mbits/sec                  
[  5]  44.00-45.00  sec   120 KBytes   984 Kbits/sec                  
[  5]  45.00-46.00  sec   382 KBytes  3.13 Mbits/sec                  
[  5]  46.00-47.00  sec   406 KBytes  3.33 Mbits/sec                  
[  5]  47.00-47.34  sec  0.00 Bytes  0.00 bits/sec                  
- - - - - - - - - - - - - - - - - - - - - - - - -
[ ID] Interval           Transfer     Bandwidth
[  5]   0.00-47.34  sec  0.00 Bytes  0.00 bits/sec                  sender
[  5]   0.00-47.34  sec  6.64 MBytes  1.18 Mbits/sec                  receiver
