-----------------------------------------------------------
Server listening on 5208
-----------------------------------------------------------
Accepted connection from 10.0.0.1, port 39137
[  5] local 10.0.0.2 port 5208 connected to 10.0.0.1 port 46124
[ ID] Interval           Transfer     Bandwidth
[  5]   0.00-1.00   sec   192 KBytes  1.58 Mbits/sec                  
[  5]   1.00-2.00   sec   147 KBytes  1.20 Mbits/sec                  
[  5]   2.00-3.00   sec   158 KBytes  1.30 Mbits/sec                  
[  5]   3.00-4.00   sec   158 KBytes  1.30 Mbits/sec                  
[  5]   4.00-5.00   sec   151 KBytes  1.24 Mbits/sec                  
[  5]   5.00-6.00   sec   153 KBytes  1.25 Mbits/sec                  
[  5]   6.00-7.00   sec   139 KBytes  1.14 Mbits/sec                  
[  5]   7.00-8.00   sec   137 KBytes  1.12 Mbits/sec                  
[  5]   8.00-9.00   sec   164 KBytes  1.34 Mbits/sec                  
[  5]   9.00-10.00  sec   232 KBytes  1.90 Mbits/sec                  
[  5]  10.00-11.00  sec  48.1 KBytes   394 Kbits/sec                  
[  5]  11.00-12.00  sec   171 KBytes  1.40 Mbits/sec                  
[  5]  12.00-13.00  sec   171 KBytes  1.40 Mbits/sec                  
[  5]  13.00-14.00  sec  0.00 Bytes  0.00 bits/sec                  
[  5]  14.00-15.00  sec  1.41 KBytes  11.6 Kbits/sec                  
[  5]  15.00-16.00  sec  0.00 Bytes  0.00 bits/sec                  
[  5]  16.00-17.00  sec  7.07 KBytes  57.9 Kbits/sec                  
[  5]  17.00-18.00  sec   556 KBytes  4.55 Mbits/sec                  
[  5]  18.00-19.00  sec  0.00 Bytes  0.00 bits/sec                  
[  5]  19.00-20.00  sec  0.00 Bytes  0.00 bits/sec                  
[  5]  20.00-21.00  sec   641 KBytes  5.25 Mbits/sec                  
[  5]  21.00-22.00  sec   288 KBytes  2.36 Mbits/sec                  
[  5]  22.00-23.00  sec  0.00 Bytes  0.00 bits/sec                  
[  5]  23.00-24.00  sec   296 KBytes  2.42 Mbits/sec                  
[  5]  24.00-25.00  sec  0.00 Bytes  0.00 bits/sec                  
[  5]  25.00-26.00  sec   324 KBytes  2.66 Mbits/sec                  
[  5]  26.00-27.00  sec  0.00 Bytes  0.00 bits/sec                  
[  5]  27.00-28.00  sec   337 KBytes  2.76 Mbits/sec                  
[  5]  28.00-29.00  sec  4.24 KBytes  34.7 Kbits/sec                  
[  5]  29.00-30.00  sec  59.4 KBytes   487 Kbits/sec                  
[  5]  30.00-31.00  sec   288 KBytes  2.36 Mbits/sec                  
[  5]  31.00-32.00  sec  0.00 Bytes  0.00 bits/sec                  
[  5]  32.00-33.00  sec  17.0 KBytes   139 Kbits/sec                  
[  5]  33.00-34.00  sec  0.00 Bytes  0.00 bits/sec                  
[  5]  34.00-35.00  sec   351 KBytes  2.87 Mbits/sec                  
[  5]  35.00-36.00  sec  1.41 KBytes  11.6 Kbits/sec                  
[  5]  36.00-37.00  sec  24.0 KBytes   197 Kbits/sec                  
[  5]  37.00-38.00  sec   686 KBytes  5.62 Mbits/sec                  
[  5]  38.00-39.00  sec   194 KBytes  1.59 Mbits/sec                  
[  5]  39.00-40.00  sec   184 KBytes  1.51 Mbits/sec                  
[  5]  40.00-41.00  sec  4.24 KBytes  34.7 Kbits/sec                  
[  5]  41.00-42.00  sec   205 KBytes  1.68 Mbits/sec                  
[  5]  42.00-43.00  sec   173 KBytes  1.41 Mbits/sec                  
[  5]  43.00-44.00  sec  43.8 KBytes   359 Kbits/sec                  
[  5]  44.00-45.00  sec   221 KBytes  1.81 Mbits/sec                  
[  5]  45.00-46.00  sec  0.00 Bytes  0.00 bits/sec                  
[  5]  46.00-46.58  sec   226 KBytes  3.22 Mbits/sec                  
- - - - - - - - - - - - - - - - - - - - - - - - -
[ ID] Interval           Transfer     Bandwidth
[  5]   0.00-46.58  sec  0.00 Bytes  0.00 bits/sec                  sender
[  5]   0.00-46.58  sec  6.98 MBytes  1.26 Mbits/sec                  receiver
