-----------------------------------------------------------
Server listening on 5201
-----------------------------------------------------------
Accepted connection from 10.0.0.1, port 59952
[  5] local 10.0.0.2 port 5201 connected to 10.0.0.1 port 46110
[ ID] Interval           Transfer     Bandwidth
[  5]   0.00-1.00   sec   882 KBytes  7.23 Mbits/sec                  
[  5]   1.00-2.00   sec   689 KBytes  5.64 Mbits/sec                  
[  5]   2.00-3.00   sec   604 KBytes  4.94 Mbits/sec                  
[  5]   3.00-4.00   sec   544 KBytes  4.46 Mbits/sec                  
[  5]   4.00-5.00   sec   515 KBytes  4.22 Mbits/sec                  
[  5]   5.00-6.00   sec   539 KBytes  4.41 Mbits/sec                  
[  5]   6.00-7.00   sec   416 KBytes  3.41 Mbits/sec                  
[  5]   7.00-8.00   sec   385 KBytes  3.15 Mbits/sec                  
[  5]   8.00-9.00   sec   304 KBytes  2.49 Mbits/sec                  
[  5]   9.00-10.00  sec   288 KBytes  2.36 Mbits/sec                  
[  5]  10.00-11.00  sec   368 KBytes  3.01 Mbits/sec                  
[  5]  11.00-12.00  sec   170 KBytes  1.39 Mbits/sec                  
[  5]  12.00-13.00  sec   378 KBytes  3.09 Mbits/sec                  
[  5]  13.00-14.00  sec   130 KBytes  1.07 Mbits/sec                  
[  5]  14.00-15.00  sec  52.3 KBytes   428 Kbits/sec                  
[  5]  15.00-15.87  sec  0.00 Bytes  0.00 bits/sec                  
- - - - - - - - - - - - - - - - - - - - - - - - -
[ ID] Interval           Transfer     Bandwidth
[  5]   0.00-15.87  sec  0.00 Bytes  0.00 bits/sec                  sender
[  5]   0.00-15.87  sec  6.12 MBytes  3.23 Mbits/sec                  receiver
