-----------------------------------------------------------
Server listening on 5204
-----------------------------------------------------------
Accepted connection from 10.0.0.1, port 60069
[  5] local 10.0.0.2 port 5204 connected to 10.0.0.1 port 46116
[ ID] Interval           Transfer     Bandwidth
[  5]   0.00-1.00   sec   139 KBytes  1.14 Mbits/sec                  
[  5]   1.00-2.00   sec   143 KBytes  1.17 Mbits/sec                  
[  5]   2.00-3.00   sec   148 KBytes  1.22 Mbits/sec                  
[  5]   3.00-4.00   sec   141 KBytes  1.16 Mbits/sec                  
[  5]   4.00-5.00   sec   150 KBytes  1.23 Mbits/sec                  
[  5]   5.00-6.00   sec   150 KBytes  1.23 Mbits/sec                  
[  5]   6.00-7.00   sec   137 KBytes  1.12 Mbits/sec                  
[  5]   7.00-8.00   sec   156 KBytes  1.27 Mbits/sec                  
[  5]   8.00-9.00   sec   180 KBytes  1.47 Mbits/sec                  
[  5]   9.00-10.00  sec  80.6 KBytes   660 Kbits/sec                  
[  5]  10.00-11.00  sec   230 KBytes  1.89 Mbits/sec                  
[  5]  11.00-12.00  sec  62.2 KBytes   510 Kbits/sec                  
[  5]  12.00-13.00  sec  5.66 KBytes  46.3 Kbits/sec                  
[  5]  13.00-14.00  sec  0.00 Bytes  0.00 bits/sec                  
[  5]  14.00-15.00  sec  48.1 KBytes   394 Kbits/sec                  
[  5]  15.00-16.00  sec  0.00 Bytes  0.00 bits/sec                  
[  5]  16.00-17.00  sec  69.3 KBytes   568 Kbits/sec                  
[  5]  17.00-18.00  sec   372 KBytes  3.05 Mbits/sec                  
[  5]  18.00-19.00  sec   413 KBytes  3.38 Mbits/sec                  
[  5]  19.00-20.00  sec   243 KBytes  1.99 Mbits/sec                  
[  5]  20.00-21.00  sec  0.00 Bytes  0.00 bits/sec                  
[  5]  21.00-22.00  sec   247 KBytes  2.03 Mbits/sec                  
[  5]  22.00-23.00  sec  0.00 Bytes  0.00 bits/sec                  
[  5]  23.00-24.00  sec   270 KBytes  2.21 Mbits/sec                  
[  5]  24.00-25.00  sec  0.00 Bytes  0.00 bits/sec                  
[  5]  25.00-26.00  sec   286 KBytes  2.34 Mbits/sec                  
[  5]  26.00-27.00  sec  0.00 Bytes  0.00 bits/sec                  
[  5]  27.00-28.00  sec   293 KBytes  2.40 Mbits/sec                  
[  5]  28.00-29.00  sec  0.00 Bytes  0.00 bits/sec                  
[  5]  29.00-30.00  sec   307 KBytes  2.52 Mbits/sec                  
[  5]  30.00-31.00  sec  0.00 Bytes  0.00 bits/sec                  
[  5]  31.00-32.00  sec  5.66 KBytes  46.4 Kbits/sec                  
[  5]  32.00-33.00  sec  0.00 Bytes  0.00 bits/sec                  
[  5]  33.00-34.00  sec   288 KBytes  2.36 Mbits/sec                  
[  5]  34.00-35.00  sec  65.0 KBytes   532 Kbits/sec                  
[  5]  35.00-36.00  sec   167 KBytes  1.37 Mbits/sec                  
[  5]  36.00-37.00  sec   421 KBytes  3.45 Mbits/sec                  
[  5]  37.00-38.00  sec  0.00 Bytes  0.00 bits/sec                  
[  5]  38.00-39.00  sec   178 KBytes  1.46 Mbits/sec                  
[  5]  39.00-40.00  sec   195 KBytes  1.60 Mbits/sec                  
[  5]  40.00-41.00  sec  11.3 KBytes  92.7 Kbits/sec                  
[  5]  41.00-42.00  sec   197 KBytes  1.61 Mbits/sec                  
[  5]  42.00-43.00  sec   212 KBytes  1.74 Mbits/sec                  
[  5]  43.00-44.00  sec  0.00 Bytes  0.00 bits/sec                  
[  5]  44.00-45.00  sec   216 KBytes  1.77 Mbits/sec                  
[  5]  45.00-46.00  sec   204 KBytes  1.67 Mbits/sec                  
[  5]  46.00-47.00  sec  25.5 KBytes   209 Kbits/sec                  
[  5]  47.00-48.00  sec   266 KBytes  2.18 Mbits/sec                  
[  5]  48.00-49.00  sec   324 KBytes  2.65 Mbits/sec                  
[  5]  49.00-50.00  sec  46.7 KBytes   382 Kbits/sec                  
[  5]  50.00-51.00  sec   375 KBytes  3.07 Mbits/sec                  
[  5]  51.00-52.00  sec   123 KBytes  1.01 Mbits/sec                  
[  5]  52.00-53.00  sec   452 KBytes  3.71 Mbits/sec                  
[  5]  53.00-53.27  sec  0.00 Bytes  0.00 bits/sec                  
- - - - - - - - - - - - - - - - - - - - - - - - -
[ ID] Interval           Transfer     Bandwidth
[  5]   0.00-53.27  sec  0.00 Bytes  0.00 bits/sec                  sender
[  5]   0.00-53.27  sec  7.85 MBytes  1.24 Mbits/sec                  receiver
