Connecting to host 10.0.0.2, port 5205
[  4] local 10.0.0.1 port 46118 connected to 10.0.0.2 port 5205
[ ID] Interval           Transfer     Bandwidth       Retr  Cwnd
[  4]   0.00-1.00   sec  1.72 MBytes  14.4 Mbits/sec    0   14.1 KBytes       
[  4]   1.00-2.00   sec  14.1 KBytes   116 Kbits/sec    0   14.1 KBytes       
[  4]   2.00-3.00   sec  14.1 KBytes   116 Kbits/sec    0   15.6 KBytes       
[  4]   3.00-4.01   sec  15.6 KBytes   127 Kbits/sec    0   21.2 KBytes       
[  4]   4.01-5.02   sec  69.3 KBytes   559 Kbits/sec    0   31.1 KBytes       
[  4]   5.02-6.00   sec  0.00 Bytes  0.00 bits/sec    0   32.5 KBytes       
[  4]   6.00-7.00   sec  0.00 Bytes  0.00 bits/sec    0   49.5 KBytes       
[  4]   7.00-8.00   sec  0.00 Bytes  0.00 bits/sec    0   49.5 KBytes       
[  4]   8.00-9.00   sec  0.00 Bytes  0.00 bits/sec    0   49.5 KBytes       
[  4]   9.00-10.00  sec  63.6 KBytes   522 Kbits/sec    0   72.1 KBytes       
[  4]  10.00-11.00  sec  0.00 Bytes  0.00 bits/sec    0   72.1 KBytes       
[  4]  11.00-12.00  sec  0.00 Bytes  0.00 bits/sec    0   72.1 KBytes       
[  4]  12.00-13.00  sec  0.00 Bytes  0.00 bits/sec    0   84.8 KBytes       
[  4]  13.00-14.01  sec  0.00 Bytes  0.00 bits/sec    0   84.8 KBytes       
[  4]  14.01-15.01  sec  0.00 Bytes  0.00 bits/sec    0   84.8 KBytes       
[  4]  15.01-16.00  sec  0.00 Bytes  0.00 bits/sec    0   84.8 KBytes       
[  4]  16.00-17.02  sec  0.00 Bytes  0.00 bits/sec    0   84.8 KBytes       
[  4]  17.02-18.00  sec  0.00 Bytes  0.00 bits/sec    0   84.8 KBytes       
[  4]  18.00-19.00  sec  0.00 Bytes  0.00 bits/sec    0   84.8 KBytes       
[  4]  19.00-20.00  sec  0.00 Bytes  0.00 bits/sec    0   84.8 KBytes       
[  4]  20.00-21.01  sec  0.00 Bytes  0.00 bits/sec    1   1.41 KBytes       
[  4]  21.01-22.00  sec  0.00 Bytes  0.00 bits/sec   32   52.3 KBytes       
[  4]  22.00-23.00  sec  0.00 Bytes  0.00 bits/sec    0   52.3 KBytes       
[  4]  23.00-24.02  sec  0.00 Bytes  0.00 bits/sec    0   52.3 KBytes       
[  4]  24.02-25.00  sec   191 KBytes  1.60 Mbits/sec    0   55.1 KBytes       
[  4]  25.00-26.00  sec  0.00 Bytes  0.00 bits/sec    0   56.6 KBytes       
[  4]  26.00-27.02  sec  63.6 KBytes   512 Kbits/sec    0   73.5 KBytes       
[  4]  27.02-28.00  sec  0.00 Bytes  0.00 bits/sec    0   73.5 KBytes       
[  4]  28.00-29.00  sec  63.6 KBytes   522 Kbits/sec    0   87.7 KBytes       
[  4]  29.00-30.00  sec  0.00 Bytes  0.00 bits/sec    0   87.7 KBytes       
[  4]  30.00-31.01  sec  0.00 Bytes  0.00 bits/sec    0   90.5 KBytes       
[  4]  31.01-32.00  sec  0.00 Bytes  0.00 bits/sec    6   70.7 KBytes       
[  4]  32.00-33.00  sec  0.00 Bytes  0.00 bits/sec    0   70.7 KBytes       
[  4]  33.00-34.00  sec  0.00 Bytes  0.00 bits/sec    1   67.9 KBytes       
[  4]  34.00-35.00  sec  63.6 KBytes   521 Kbits/sec    0   67.9 KBytes       
[  4]  35.00-36.00  sec  63.6 KBytes   522 Kbits/sec    0   69.3 KBytes       
[  4]  36.00-37.00  sec  63.6 KBytes   521 Kbits/sec    0   86.3 KBytes       
[  4]  37.00-38.00  sec  0.00 Bytes  0.00 bits/sec    0   86.3 KBytes       
[  4]  38.00-39.00  sec  0.00 Bytes  0.00 bits/sec    0   86.3 KBytes       
[  4]  39.00-40.00  sec   127 KBytes  1.04 Mbits/sec    0   93.3 KBytes       
[  4]  40.00-41.00  sec  0.00 Bytes  0.00 bits/sec    0   94.7 KBytes       
[  4]  41.00-42.00  sec  63.6 KBytes   521 Kbits/sec    0    115 KBytes       
[  4]  42.00-43.00  sec  0.00 Bytes  0.00 bits/sec    0    117 KBytes       
[  4]  43.00-44.00  sec  0.00 Bytes  0.00 bits/sec    8   99.0 KBytes       
[  4]  44.00-45.00  sec  0.00 Bytes  0.00 bits/sec   21   76.4 KBytes       
[  4]  45.00-46.00  sec  0.00 Bytes  0.00 bits/sec    6   76.4 KBytes       
[  4]  46.00-47.01  sec  0.00 Bytes  0.00 bits/sec    4   86.3 KBytes       
[  4]  47.01-48.01  sec  0.00 Bytes  0.00 bits/sec    0   86.3 KBytes       
[  4]  48.01-49.00  sec  63.6 KBytes   527 Kbits/sec   21   1.41 KBytes       
[  4]  49.00-50.01  sec  0.00 Bytes  0.00 bits/sec    0   1.41 KBytes       
[  4]  50.01-51.00  sec  0.00 Bytes  0.00 bits/sec    0   1.41 KBytes       
[  4]  51.00-52.02  sec   127 KBytes  1.03 Mbits/sec   11   91.9 KBytes       
[  4]  52.02-53.00  sec   191 KBytes  1.59 Mbits/sec    0   99.0 KBytes       
[  4]  53.00-54.00  sec  0.00 Bytes  0.00 bits/sec    0   99.0 KBytes       
[  4]  54.00-55.00  sec  63.6 KBytes   521 Kbits/sec    0    105 KBytes       
[  4]  55.00-56.00  sec  0.00 Bytes  0.00 bits/sec    0    105 KBytes       
[  4]  56.00-57.00  sec  63.6 KBytes   521 Kbits/sec    0    132 KBytes       
[  4]  57.00-58.01  sec  63.6 KBytes   519 Kbits/sec    0    146 KBytes       
[  4]  58.01-59.00  sec  0.00 Bytes  0.00 bits/sec    0    146 KBytes       
[  4]  59.00-60.00  sec  0.00 Bytes  0.00 bits/sec   25    103 KBytes       
[  4]  60.00-61.01  sec  0.00 Bytes  0.00 bits/sec    0    103 KBytes       
[  4]  61.01-62.00  sec   127 KBytes  1.04 Mbits/sec    1   94.7 KBytes       
[  4]  62.00-63.01  sec  0.00 Bytes  0.00 bits/sec    0   94.7 KBytes       
[  4]  63.01-64.06  sec  0.00 Bytes  0.00 bits/sec    0   94.7 KBytes       
[  4]  64.06-67.07  sec  63.6 KBytes   173 Kbits/sec    1   72.1 KBytes       
[  4]  67.07-67.07  sec  0.00 Bytes  0.00 bits/sec    0   72.1 KBytes       
[  4]  67.07-67.07  sec  0.00 Bytes  0.00 bits/sec    0   72.1 KBytes       
[  4]  67.07-68.20  sec  0.00 Bytes  0.00 bits/sec    0   72.1 KBytes       
[  4]  68.20-69.00  sec  0.00 Bytes  0.00 bits/sec    0   72.1 KBytes       
[  4]  69.00-70.01  sec   191 KBytes  1.55 Mbits/sec    0   82.0 KBytes       
[  4]  70.01-71.06  sec  63.6 KBytes   496 Kbits/sec    0   84.8 KBytes       
[  4]  71.06-72.00  sec  0.00 Bytes  0.00 bits/sec    0   86.3 KBytes       
[  4]  72.00-73.06  sec  63.6 KBytes   493 Kbits/sec    0   91.9 KBytes       
[  4]  73.06-74.00  sec  63.6 KBytes   552 Kbits/sec    0   93.3 KBytes       
[  4]  74.00-75.00  sec  0.00 Bytes  0.00 bits/sec    2   84.8 KBytes       
[  4]  75.00-76.00  sec  0.00 Bytes  0.00 bits/sec   23   65.0 KBytes       
[  4]  76.00-77.01  sec  0.00 Bytes  0.00 bits/sec    0   65.0 KBytes       
[  4]  77.01-78.10  sec  0.00 Bytes  0.00 bits/sec    0   65.0 KBytes       
[  4]  78.10-79.28  sec  63.6 KBytes   443 Kbits/sec    0   65.0 KBytes       
[  4]  79.28-80.00  sec  0.00 Bytes  0.00 bits/sec    0   67.9 KBytes       
[  4]  80.00-81.00  sec  63.6 KBytes   521 Kbits/sec    0   82.0 KBytes       
[  4]  81.00-82.00  sec  63.6 KBytes   522 Kbits/sec    0   83.4 KBytes       
[  4]  82.00-83.00  sec  63.6 KBytes   521 Kbits/sec    0   89.1 KBytes       
[  4]  83.00-84.00  sec  0.00 Bytes  0.00 bits/sec    0   90.5 KBytes       
[  4]  84.00-85.06  sec  63.6 KBytes   494 Kbits/sec    0    100 KBytes       
[  4]  85.06-86.01  sec  0.00 Bytes  0.00 bits/sec    0    105 KBytes       
[  4]  86.01-87.00  sec  0.00 Bytes  0.00 bits/sec    0    112 KBytes       
[  4]  87.00-88.00  sec  0.00 Bytes  0.00 bits/sec    2    110 KBytes       
[  4]  88.00-89.00  sec  0.00 Bytes  0.00 bits/sec    4   84.8 KBytes       
[  4]  89.00-90.00  sec  0.00 Bytes  0.00 bits/sec    2   79.2 KBytes       
[  4]  90.00-91.00  sec  63.6 KBytes   522 Kbits/sec    0   79.2 KBytes       
[  4]  91.00-92.01  sec   127 KBytes  1.03 Mbits/sec    0   82.0 KBytes       
[  4]  92.01-93.00  sec  0.00 Bytes  0.00 bits/sec    0   90.5 KBytes       
[  4]  93.00-94.01  sec  63.6 KBytes   519 Kbits/sec    0    100 KBytes       
[  4]  94.01-95.01  sec  0.00 Bytes  0.00 bits/sec    0    103 KBytes       
[  4]  95.01-96.00  sec  63.6 KBytes   529 Kbits/sec    0    106 KBytes       
[  4]  96.00-97.00  sec  0.00 Bytes  0.00 bits/sec    4   87.7 KBytes       
[  4]  97.00-98.00  sec  0.00 Bytes  0.00 bits/sec    1   80.6 KBytes       
[  4]  98.00-99.00  sec  0.00 Bytes  0.00 bits/sec    0   73.5 KBytes       
[  4]  99.00-100.00 sec   127 KBytes  1.04 Mbits/sec    0   74.9 KBytes       
[  4] 100.00-101.00 sec  0.00 Bytes  0.00 bits/sec    0   79.2 KBytes       
[  4] 101.00-102.00 sec  63.6 KBytes   522 Kbits/sec    0   83.4 KBytes       
[  4] 102.00-103.00 sec  63.6 KBytes   521 Kbits/sec    0   84.8 KBytes       
[  4] 103.00-104.00 sec  0.00 Bytes  0.00 bits/sec    0   89.1 KBytes       
[  4] 104.00-105.00 sec  63.6 KBytes   521 Kbits/sec    0   94.7 KBytes       
[  4] 105.00-106.00 sec  0.00 Bytes  0.00 bits/sec    0    106 KBytes       
[  4] 106.00-107.00 sec  0.00 Bytes  0.00 bits/sec    2   91.9 KBytes       
[  4] 107.00-108.00 sec  0.00 Bytes  0.00 bits/sec    3   80.6 KBytes       
[  4] 108.00-109.00 sec  0.00 Bytes  0.00 bits/sec    8   73.5 KBytes       
[  4] 109.00-110.00 sec  0.00 Bytes  0.00 bits/sec    0   73.5 KBytes       
[  4] 110.00-111.00 sec  63.6 KBytes   521 Kbits/sec    1   73.5 KBytes       
[  4] 111.00-112.01 sec  63.6 KBytes   518 Kbits/sec    0   63.6 KBytes       
[  4] 112.01-113.00 sec  0.00 Bytes  0.00 bits/sec    0   63.6 KBytes       
[  4] 113.00-114.00 sec  0.00 Bytes  0.00 bits/sec    0   63.6 KBytes       
[  4] 114.00-115.00 sec  63.6 KBytes   520 Kbits/sec    4   50.9 KBytes       
[  4] 115.00-116.00 sec  0.00 Bytes  0.00 bits/sec    2   50.9 KBytes       
[  4] 116.00-117.00 sec   127 KBytes  1.04 Mbits/sec    0   42.4 KBytes       
[  4] 117.00-118.00 sec  0.00 Bytes  0.00 bits/sec    0   42.4 KBytes       
[  4] 118.00-119.00 sec  63.6 KBytes   521 Kbits/sec    0   38.2 KBytes       
[  4] 119.00-120.00 sec  0.00 Bytes  0.00 bits/sec    0   38.2 KBytes       
[  4] 120.00-121.00 sec  0.00 Bytes  0.00 bits/sec    0   38.2 KBytes       
[  4] 121.00-122.00 sec  0.00 Bytes  0.00 bits/sec    2   32.5 KBytes       
[  4] 122.00-123.00 sec  0.00 Bytes  0.00 bits/sec    0   32.5 KBytes       
[  4] 123.00-124.00 sec  0.00 Bytes  0.00 bits/sec   10   15.6 KBytes       
[  4] 124.00-125.00 sec  0.00 Bytes  0.00 bits/sec    0   15.6 KBytes       
[  4] 125.00-126.00 sec  0.00 Bytes  0.00 bits/sec    0   15.6 KBytes       
[  4] 126.00-127.00 sec  0.00 Bytes  0.00 bits/sec    7   25.5 KBytes       
[  4] 127.00-128.00 sec  0.00 Bytes  0.00 bits/sec    0   25.5 KBytes       
[  4] 128.00-129.00 sec  63.6 KBytes   523 Kbits/sec    0   28.3 KBytes       
[  4] 129.00-130.00 sec  0.00 Bytes  0.00 bits/sec    0   28.3 KBytes       
[  4] 130.00-131.00 sec  0.00 Bytes  0.00 bits/sec    0   31.1 KBytes       
[  4] 131.00-132.00 sec  0.00 Bytes  0.00 bits/sec    0   31.1 KBytes       
[  4] 132.00-133.00 sec  63.6 KBytes   521 Kbits/sec    0   45.2 KBytes       
[  4] 133.00-134.00 sec  0.00 Bytes  0.00 bits/sec    0   45.2 KBytes       
[  4] 134.00-135.00 sec  0.00 Bytes  0.00 bits/sec    0   69.3 KBytes       
[  4] 135.00-136.00 sec  0.00 Bytes  0.00 bits/sec    0   69.3 KBytes       
[  4] 136.00-137.00 sec  63.6 KBytes   522 Kbits/sec    0    102 KBytes       
[  4] 137.00-138.00 sec  0.00 Bytes  0.00 bits/sec    0    103 KBytes       
[  4] 138.00-139.00 sec  0.00 Bytes  0.00 bits/sec    0    103 KBytes       
[  4] 139.00-140.00 sec  0.00 Bytes  0.00 bits/sec   27   74.9 KBytes       
[  4] 140.00-141.00 sec  0.00 Bytes  0.00 bits/sec    0   74.9 KBytes       
[  4] 141.00-142.00 sec  0.00 Bytes  0.00 bits/sec    8   74.9 KBytes       
[  4] 142.00-143.00 sec  0.00 Bytes  0.00 bits/sec    0   74.9 KBytes       
[  4] 143.00-144.00 sec  0.00 Bytes  0.00 bits/sec    0   74.9 KBytes       
[  4] 144.00-145.00 sec  0.00 Bytes  0.00 bits/sec    1   1.41 KBytes       
[  4] 145.00-146.00 sec  0.00 Bytes  0.00 bits/sec    0   1.41 KBytes       
[  4] 146.00-147.03 sec  63.6 KBytes   507 Kbits/sec    0   1.41 KBytes       
[  4] 147.03-148.02 sec   255 KBytes  2.10 Mbits/sec    0   86.3 KBytes       
[  4] 148.02-149.05 sec  0.00 Bytes  0.00 bits/sec    0   86.3 KBytes       
[  4] 149.05-150.00 sec  0.00 Bytes  0.00 bits/sec    0   86.3 KBytes       
[  4] 150.00-151.00 sec  0.00 Bytes  0.00 bits/sec    0   86.3 KBytes       
[  4] 151.00-152.00 sec  63.6 KBytes   521 Kbits/sec    0   94.7 KBytes       
[  4] 152.00-153.00 sec  0.00 Bytes  0.00 bits/sec    0   94.7 KBytes       
[  4] 153.00-154.00 sec  0.00 Bytes  0.00 bits/sec    0   94.7 KBytes       
[  4] 154.00-155.00 sec  0.00 Bytes  0.00 bits/sec    3    100 KBytes       
[  4] 155.00-156.00 sec  0.00 Bytes  0.00 bits/sec   12   73.5 KBytes       
[  4] 156.00-157.00 sec  0.00 Bytes  0.00 bits/sec    1   73.5 KBytes       
[  4] 157.00-158.00 sec  0.00 Bytes  0.00 bits/sec   12   73.5 KBytes       
[  4] 158.00-159.00 sec  0.00 Bytes  0.00 bits/sec    3   73.5 KBytes       
[  4] 159.00-160.00 sec  0.00 Bytes  0.00 bits/sec    0   73.5 KBytes       
[  4] 160.00-161.00 sec  0.00 Bytes  0.00 bits/sec    0   73.5 KBytes       
[  4] 161.00-162.00 sec  0.00 Bytes  0.00 bits/sec   15   66.5 KBytes       
[  4] 162.00-163.02 sec  0.00 Bytes  0.00 bits/sec    0   66.5 KBytes       
[  4] 163.02-164.00 sec  0.00 Bytes  0.00 bits/sec    8   1.41 KBytes       
[  4] 164.00-165.00 sec  63.6 KBytes   523 Kbits/sec    3   4.24 KBytes       
[  4] 165.00-166.00 sec  0.00 Bytes  0.00 bits/sec    3   26.9 KBytes       
[  4] 166.00-167.00 sec  0.00 Bytes  0.00 bits/sec    0   26.9 KBytes       
[  4] 167.00-168.01 sec  0.00 Bytes  0.00 bits/sec    0   26.9 KBytes       
[  4] 168.01-169.61 sec   255 KBytes  1.30 Mbits/sec    3   76.4 KBytes       
[  4] 169.61-170.12 sec  0.00 Bytes  0.00 bits/sec    0   76.4 KBytes       
[  4] 170.12-171.00 sec  0.00 Bytes  0.00 bits/sec    0   76.4 KBytes       
[  4] 171.00-172.00 sec  0.00 Bytes  0.00 bits/sec    0   76.4 KBytes       
[  4] 172.00-173.03 sec  0.00 Bytes  0.00 bits/sec    3   59.4 KBytes       
[  4] 173.03-174.00 sec  0.00 Bytes  0.00 bits/sec    0   59.4 KBytes       
[  4] 174.00-175.00 sec   191 KBytes  1.56 Mbits/sec    0   69.3 KBytes       
[  4] 175.00-176.07 sec  0.00 Bytes  0.00 bits/sec    0   69.3 KBytes       
[  4] 176.07-177.00 sec  63.6 KBytes   559 Kbits/sec    0   79.2 KBytes       
[  4] 177.00-178.00 sec  0.00 Bytes  0.00 bits/sec    0   79.2 KBytes       
[  4] 178.00-179.02 sec  0.00 Bytes  0.00 bits/sec    0   79.2 KBytes       
[  4] 179.02-180.00 sec  0.00 Bytes  0.00 bits/sec    0   82.0 KBytes       
[  4] 180.00-181.07 sec  0.00 Bytes  0.00 bits/sec    0   82.0 KBytes       
[  4] 181.07-182.00 sec  63.6 KBytes   558 Kbits/sec    0    110 KBytes       
[  4] 182.00-183.00 sec  0.00 Bytes  0.00 bits/sec    0    113 KBytes       
[  4] 183.00-184.02 sec  0.00 Bytes  0.00 bits/sec    0    113 KBytes       
[  4] 184.02-185.02 sec  63.6 KBytes   521 Kbits/sec    0    168 KBytes       
[  4] 185.02-186.00 sec  63.6 KBytes   533 Kbits/sec    0    195 KBytes       
[  4] 186.00-187.01 sec   127 KBytes  1.03 Mbits/sec    0    266 KBytes       
[  4] 187.01-188.01 sec  0.00 Bytes  0.00 bits/sec    0    273 KBytes       
[  4] 188.01-189.00 sec   573 KBytes  4.73 Mbits/sec    0    375 KBytes       
[  4] 189.00-190.00 sec   827 KBytes  6.79 Mbits/sec    0    485 KBytes       
[  4] 190.00-191.00 sec   573 KBytes  4.69 Mbits/sec    0    564 KBytes       
[  4] 191.00-192.00 sec  63.6 KBytes   522 Kbits/sec   44    404 KBytes       
[  4] 192.00-193.01 sec  0.00 Bytes  0.00 bits/sec  143    387 KBytes       
[  4] 193.01-194.00 sec  63.6 KBytes   524 Kbits/sec    1    404 KBytes       
[  4] 194.00-195.00 sec   127 KBytes  1.04 Mbits/sec    0    404 KBytes       
[  4] 195.00-196.00 sec  0.00 Bytes  0.00 bits/sec    0    404 KBytes       
[  4] 196.00-197.00 sec  63.6 KBytes   521 Kbits/sec    0    314 KBytes       
[  4] 197.00-198.02 sec   127 KBytes  1.03 Mbits/sec    0    314 KBytes       
[  4] 198.02-199.00 sec  63.6 KBytes   529 Kbits/sec    0    314 KBytes       
[  4] 199.00-200.00 sec  0.00 Bytes  0.00 bits/sec    1   1.41 KBytes       
[  4] 200.00-201.00 sec  0.00 Bytes  0.00 bits/sec    7   7.07 KBytes       
[  4] 201.00-202.00 sec  0.00 Bytes  0.00 bits/sec    0   7.07 KBytes       
[  4] 202.00-203.00 sec  63.6 KBytes   522 Kbits/sec   16   22.6 KBytes       
[  4] 203.00-204.00 sec  0.00 Bytes  0.00 bits/sec    0   22.6 KBytes       
[  4] 204.00-205.00 sec  63.6 KBytes   521 Kbits/sec   23   58.0 KBytes       
[  4] 205.00-206.00 sec  0.00 Bytes  0.00 bits/sec    0   58.0 KBytes       
[  4] 206.00-207.00 sec  0.00 Bytes  0.00 bits/sec    0   58.0 KBytes       
[  4] 207.00-208.00 sec   827 KBytes  6.78 Mbits/sec    0    436 KBytes       
[  4] 208.00-209.00 sec  0.00 Bytes  0.00 bits/sec    0    436 KBytes       
[  4] 209.00-210.00 sec  0.00 Bytes  0.00 bits/sec    0    436 KBytes       
[  4] 210.00-211.00 sec   255 KBytes  2.08 Mbits/sec    0    475 KBytes       
[  4] 211.00-212.00 sec  0.00 Bytes  0.00 bits/sec    0    475 KBytes       
[  4] 212.00-213.00 sec  0.00 Bytes  0.00 bits/sec    0    475 KBytes       
[  4] 213.00-214.00 sec  0.00 Bytes  0.00 bits/sec  160    327 KBytes       
[  4] 214.00-215.02 sec  0.00 Bytes  0.00 bits/sec    0    327 KBytes       
[  4] 215.02-216.00 sec  0.00 Bytes  0.00 bits/sec    0    327 KBytes       
[  4] 216.00-217.00 sec  0.00 Bytes  0.00 bits/sec    0    328 KBytes       
[  4] 217.00-218.00 sec  0.00 Bytes  0.00 bits/sec   17    325 KBytes       
[  4] 218.00-219.01 sec  0.00 Bytes  0.00 bits/sec    0    325 KBytes       
[  4] 219.01-220.01 sec  0.00 Bytes  0.00 bits/sec   22    324 KBytes       
[  4] 220.01-221.01 sec  0.00 Bytes  0.00 bits/sec    0    324 KBytes       
[  4] 221.01-222.01 sec  0.00 Bytes  0.00 bits/sec    2    328 KBytes       
[  4] 222.01-223.02 sec  0.00 Bytes  0.00 bits/sec    1   1.41 KBytes       
[  4] 223.02-224.00 sec   127 KBytes  1.06 Mbits/sec    5   7.07 KBytes       
[  4] 224.00-225.01 sec  0.00 Bytes  0.00 bits/sec    0   7.07 KBytes       
[  4] 225.01-226.01 sec  0.00 Bytes  0.00 bits/sec   12   17.0 KBytes       
[  4] 226.01-227.01 sec  0.00 Bytes  0.00 bits/sec    0   17.0 KBytes       
[  4] 227.01-228.01 sec  0.00 Bytes  0.00 bits/sec    0   17.0 KBytes       
[  4] 228.01-229.01 sec  63.6 KBytes   521 Kbits/sec   32   45.2 KBytes       
[  4] 229.01-230.01 sec  0.00 Bytes  0.00 bits/sec    0   45.2 KBytes       
[  4] 230.01-231.00 sec  63.6 KBytes   524 Kbits/sec   18   67.9 KBytes       
[  4] 231.00-232.01 sec  63.6 KBytes   518 Kbits/sec    0    205 KBytes       
[  4] 232.01-233.02 sec  0.00 Bytes  0.00 bits/sec    0    205 KBytes       
[  4] 233.02-234.01 sec  0.00 Bytes  0.00 bits/sec    0    205 KBytes       
[  4] 234.01-235.01 sec  0.00 Bytes  0.00 bits/sec    0    205 KBytes       
[  4] 235.01-236.01 sec  1018 KBytes  8.33 Mbits/sec    0    373 KBytes       
[  4] 236.01-237.01 sec  0.00 Bytes  0.00 bits/sec    7    304 KBytes       
[  4] 237.01-238.01 sec  0.00 Bytes  0.00 bits/sec    0    304 KBytes       
[  4] 238.01-239.01 sec  0.00 Bytes  0.00 bits/sec    0    304 KBytes       
[  4] 239.01-240.01 sec  0.00 Bytes  0.00 bits/sec    3    294 KBytes       
[  4] 240.01-241.01 sec  0.00 Bytes  0.00 bits/sec  114    257 KBytes       
[  4] 241.01-242.01 sec  0.00 Bytes  0.00 bits/sec    0    257 KBytes       
[  4] 242.01-243.01 sec  0.00 Bytes  0.00 bits/sec    0    257 KBytes       
[  4] 243.01-244.01 sec  0.00 Bytes  0.00 bits/sec    6    260 KBytes       
[  4] 244.01-245.01 sec  0.00 Bytes  0.00 bits/sec   14    257 KBytes       
[  4] 245.01-246.01 sec  0.00 Bytes  0.00 bits/sec    0    257 KBytes       
[  4] 246.01-247.01 sec  0.00 Bytes  0.00 bits/sec    0    257 KBytes       
[  4] 247.01-248.01 sec  0.00 Bytes  0.00 bits/sec   29    260 KBytes       
[  4] 248.01-249.01 sec  0.00 Bytes  0.00 bits/sec    0    260 KBytes       
[  4] 249.01-250.01 sec  63.6 KBytes   521 Kbits/sec    1   1.41 KBytes       
[  4] 250.01-251.01 sec  0.00 Bytes  0.00 bits/sec    0   1.41 KBytes       
[  4] 251.01-252.06 sec  0.00 Bytes  0.00 bits/sec    4   5.66 KBytes       
[  4] 252.06-253.01 sec  0.00 Bytes  0.00 bits/sec    0   5.66 KBytes       
[  4] 253.01-254.01 sec  0.00 Bytes  0.00 bits/sec    0   5.66 KBytes       
[  4] 254.01-255.01 sec  63.6 KBytes   521 Kbits/sec   39   55.1 KBytes       
[  4] 255.01-256.01 sec  0.00 Bytes  0.00 bits/sec    0   55.1 KBytes       
[  4] 256.01-257.01 sec  0.00 Bytes  0.00 bits/sec   11   82.0 KBytes       
[  4] 257.01-258.01 sec  0.00 Bytes  0.00 bits/sec    0   82.0 KBytes       
[  4] 258.01-259.02 sec  0.00 Bytes  0.00 bits/sec    0   82.0 KBytes       
[  4] 259.02-260.01 sec  0.00 Bytes  0.00 bits/sec    0   82.0 KBytes       
[  4] 260.01-261.01 sec  0.00 Bytes  0.00 bits/sec    0   82.0 KBytes       
[  4] 261.01-262.01 sec  0.00 Bytes  0.00 bits/sec    0   82.0 KBytes       
[  4] 262.01-263.01 sec  0.00 Bytes  0.00 bits/sec    0   82.0 KBytes       
[  4] 263.01-264.01 sec  0.00 Bytes  0.00 bits/sec    1   1.41 KBytes       
[  4] 264.01-265.00 sec  0.00 Bytes  0.00 bits/sec    0   1.41 KBytes       
[  4] 265.00-266.01 sec  0.00 Bytes  0.00 bits/sec    0   1.41 KBytes       
[  4] 266.01-267.01 sec  0.00 Bytes  0.00 bits/sec    0   1.41 KBytes       
[  4] 267.01-268.11 sec  0.00 Bytes  0.00 bits/sec    0   1.41 KBytes       
[  4] 268.11-269.06 sec  0.00 Bytes  0.00 bits/sec    0   1.41 KBytes       
[  4] 269.06-270.01 sec  0.00 Bytes  0.00 bits/sec    0   1.41 KBytes       
[  4] 270.01-271.01 sec  0.00 Bytes  0.00 bits/sec    0   1.41 KBytes       
[  4] 271.01-272.01 sec  0.00 Bytes  0.00 bits/sec    0   1.41 KBytes       
[  4] 272.01-273.03 sec  0.00 Bytes  0.00 bits/sec    0   1.41 KBytes       
[  4] 273.03-274.06 sec  0.00 Bytes  0.00 bits/sec    1   1.41 KBytes       
[  4] 274.06-275.00 sec  0.00 Bytes  0.00 bits/sec    0   1.41 KBytes       
[  4] 275.00-276.00 sec  0.00 Bytes  0.00 bits/sec    0   1.41 KBytes       
[  4] 276.00-277.00 sec  0.00 Bytes  0.00 bits/sec    0   1.41 KBytes       
[  4] 277.00-278.00 sec  0.00 Bytes  0.00 bits/sec    0   1.41 KBytes       
[  4] 278.00-279.00 sec   127 KBytes  1.04 Mbits/sec    0   60.8 KBytes       
[  4] 279.00-280.01 sec  0.00 Bytes  0.00 bits/sec    0   60.8 KBytes       
[  4] 280.01-281.01 sec  0.00 Bytes  0.00 bits/sec   22   60.8 KBytes       
[  4] 281.01-282.00 sec  0.00 Bytes  0.00 bits/sec    0   60.8 KBytes       
[  4] 282.00-283.00 sec   509 KBytes  4.17 Mbits/sec    7    370 KBytes       
[  4] 283.00-284.01 sec  0.00 Bytes  0.00 bits/sec    0    370 KBytes       
[  4] 284.01-285.00 sec   127 KBytes  1.05 Mbits/sec   89    262 KBytes       
[  4] 285.00-286.00 sec  0.00 Bytes  0.00 bits/sec    0    262 KBytes       
[  4] 286.00-287.00 sec   509 KBytes  4.17 Mbits/sec    0    263 KBytes       
[  4] 287.00-288.00 sec  0.00 Bytes  0.00 bits/sec    0    263 KBytes       
[  4] 288.00-289.00 sec   255 KBytes  2.09 Mbits/sec    0    303 KBytes       
[  4] 289.00-290.23 sec   127 KBytes   850 Kbits/sec    0    318 KBytes       
[  4] 290.23-291.00 sec  0.00 Bytes  0.00 bits/sec    0    318 KBytes       
[  4] 291.00-292.38 sec  0.00 Bytes  0.00 bits/sec    0    318 KBytes       
[  4] 292.38-293.23 sec  0.00 Bytes  0.00 bits/sec    0    318 KBytes       
[  4] 293.23-294.06 sec   127 KBytes  1.26 Mbits/sec    0    341 KBytes       
[  4] 294.06-295.24 sec   127 KBytes   886 Kbits/sec    0    355 KBytes       
[  4] 295.24-296.12 sec  63.6 KBytes   592 Kbits/sec    0    356 KBytes       
[  4] 296.12-297.01 sec  0.00 Bytes  0.00 bits/sec    0    356 KBytes       
[  4] 297.01-298.18 sec  63.6 KBytes   446 Kbits/sec    0    378 KBytes       
[  4] 298.18-299.00 sec   255 KBytes  2.52 Mbits/sec    0    440 KBytes       
[  4] 299.00-300.00 sec  0.00 Bytes  0.00 bits/sec    0    445 KBytes       
[  4] 300.00-301.01 sec  0.00 Bytes  0.00 bits/sec    0    445 KBytes       
[  4] 301.01-302.00 sec  0.00 Bytes  0.00 bits/sec    0    445 KBytes       
[  4] 302.00-303.01 sec  0.00 Bytes  0.00 bits/sec   54    317 KBytes       
[  4] 303.01-304.06 sec  0.00 Bytes  0.00 bits/sec   10    317 KBytes       
[  4] 304.06-305.00 sec  0.00 Bytes  0.00 bits/sec    0    317 KBytes       
[  4] 305.00-306.00 sec  0.00 Bytes  0.00 bits/sec    0    317 KBytes       
[  4] 306.00-307.00 sec  63.6 KBytes   521 Kbits/sec    0    317 KBytes       
[  4] 307.00-308.00 sec  0.00 Bytes  0.00 bits/sec    3    317 KBytes       
[  4] 308.00-309.02 sec  0.00 Bytes  0.00 bits/sec    0    317 KBytes       
[  4] 309.02-310.00 sec  0.00 Bytes  0.00 bits/sec    1    317 KBytes       
[  4] 310.00-311.00 sec  0.00 Bytes  0.00 bits/sec    0    317 KBytes       
[  4] 311.00-312.00 sec  0.00 Bytes  0.00 bits/sec    0    317 KBytes       
[  4] 312.00-313.00 sec  0.00 Bytes  0.00 bits/sec    0    317 KBytes       
[  4] 313.00-314.00 sec  0.00 Bytes  0.00 bits/sec    4    317 KBytes       
[  4] 314.00-315.00 sec  0.00 Bytes  0.00 bits/sec    1   1.41 KBytes       
[  4] 315.00-316.00 sec  0.00 Bytes  0.00 bits/sec    0   1.41 KBytes       
[  4] 316.00-317.01 sec   255 KBytes  2.08 Mbits/sec    0   1.41 KBytes       
[  4] 317.01-318.00 sec  0.00 Bytes  0.00 bits/sec    0   1.41 KBytes       
[  4] 318.00-319.07 sec  0.00 Bytes  0.00 bits/sec    1   7.07 KBytes       
[  4] 319.07-320.01 sec  0.00 Bytes  0.00 bits/sec    0   7.07 KBytes       
[  4] 320.01-321.00 sec  1.37 MBytes  11.5 Mbits/sec    0    380 KBytes       
[  4] 321.00-322.06 sec  0.00 Bytes  0.00 bits/sec    0    380 KBytes       
[  4] 322.06-323.01 sec  0.00 Bytes  0.00 bits/sec    0    380 KBytes       
[  4] 323.01-324.32 sec  0.00 Bytes  0.00 bits/sec    0    380 KBytes       
[  4] 324.32-325.06 sec  0.00 Bytes  0.00 bits/sec    0    414 KBytes       
[  4] 325.06-326.06 sec  0.00 Bytes  0.00 bits/sec    0    438 KBytes       
[  4] 326.06-327.01 sec   191 KBytes  1.65 Mbits/sec    0    547 KBytes       
[  4] 327.01-328.42 sec  0.00 Bytes  0.00 bits/sec    0    547 KBytes       
[  4] 328.42-329.36 sec  0.00 Bytes  0.00 bits/sec    0    547 KBytes       
[  4] 329.36-330.01 sec  0.00 Bytes  0.00 bits/sec    0    547 KBytes       
[  4] 330.01-331.02 sec  0.00 Bytes  0.00 bits/sec    0    547 KBytes       
[  4] 331.02-332.11 sec  0.00 Bytes  0.00 bits/sec    0    550 KBytes       
[  4] 332.11-333.02 sec  0.00 Bytes  0.00 bits/sec    0    550 KBytes       
[  4] 333.02-334.22 sec  0.00 Bytes  0.00 bits/sec    0    550 KBytes       
[  4] 334.22-335.01 sec  0.00 Bytes  0.00 bits/sec   13    505 KBytes       
[  4] 335.01-336.01 sec  0.00 Bytes  0.00 bits/sec    0    505 KBytes       
[  4] 336.01-337.01 sec  0.00 Bytes  0.00 bits/sec    0    505 KBytes       
[  4] 337.01-338.01 sec  0.00 Bytes  0.00 bits/sec   19    428 KBytes       
[  4] 338.01-339.17 sec   127 KBytes   898 Kbits/sec   63    385 KBytes       
[  4] 339.17-340.42 sec  0.00 Bytes  0.00 bits/sec    0    385 KBytes       
[  4] 340.42-341.01 sec  0.00 Bytes  0.00 bits/sec    0    385 KBytes       
[  4] 341.01-342.01 sec  0.00 Bytes  0.00 bits/sec    0    385 KBytes       
[  4] 342.01-343.01 sec  1018 KBytes  8.35 Mbits/sec    0    385 KBytes       
[  4] 343.01-344.01 sec  0.00 Bytes  0.00 bits/sec    0    385 KBytes       
[  4] 344.01-345.01 sec  0.00 Bytes  0.00 bits/sec    1    380 KBytes       
[  4] 345.01-346.01 sec  0.00 Bytes  0.00 bits/sec    0    297 KBytes       
[  4] 346.01-347.01 sec  0.00 Bytes  0.00 bits/sec    0    297 KBytes       
[  4] 347.01-348.02 sec  0.00 Bytes  0.00 bits/sec    0    276 KBytes       
[  4] 348.02-349.02 sec   700 KBytes  5.77 Mbits/sec    0    288 KBytes       
[  4] 349.02-350.01 sec   127 KBytes  1.05 Mbits/sec    0    297 KBytes       
[  4] 350.01-351.01 sec  0.00 Bytes  0.00 bits/sec    0    298 KBytes       
[  4] 351.01-352.01 sec   191 KBytes  1.56 Mbits/sec    0    310 KBytes       
[  4] 352.01-353.08 sec   127 KBytes   974 Kbits/sec    0    317 KBytes       
[  4] 353.08-354.22 sec  0.00 Bytes  0.00 bits/sec    0    317 KBytes       
[  4] 354.22-355.07 sec  0.00 Bytes  0.00 bits/sec    0    317 KBytes       
[  4] 355.07-356.01 sec  63.6 KBytes   553 Kbits/sec    0    337 KBytes       
[  4] 356.01-357.01 sec   191 KBytes  1.57 Mbits/sec    0    379 KBytes       
[  4] 357.01-358.01 sec  0.00 Bytes  0.00 bits/sec    0    380 KBytes       
[  4] 358.01-359.00 sec   191 KBytes  1.58 Mbits/sec    0    468 KBytes       
[  4] 359.00-360.00 sec   127 KBytes  1.04 Mbits/sec    0    535 KBytes       
[  4] 360.00-361.01 sec  63.6 KBytes   517 Kbits/sec    0    567 KBytes       
[  4] 361.01-362.00 sec  0.00 Bytes  0.00 bits/sec    0    588 KBytes       
[  4] 362.00-363.01 sec  0.00 Bytes  0.00 bits/sec    0    588 KBytes       
[  4] 363.01-364.01 sec  0.00 Bytes  0.00 bits/sec   47    428 KBytes       
[  4] 364.01-365.01 sec  0.00 Bytes  0.00 bits/sec   81    411 KBytes       
[  4] 365.01-366.01 sec  0.00 Bytes  0.00 bits/sec    3    411 KBytes       
[  4] 366.01-367.01 sec  0.00 Bytes  0.00 bits/sec    0    411 KBytes       
[  4] 367.01-368.01 sec   127 KBytes  1.04 Mbits/sec    0    411 KBytes       
[  4] 368.01-369.01 sec  0.00 Bytes  0.00 bits/sec    0    411 KBytes       
[  4] 369.01-370.01 sec  0.00 Bytes  0.00 bits/sec   14    411 KBytes       
[  4] 370.01-371.01 sec  63.6 KBytes   521 Kbits/sec   23    411 KBytes       
[  4] 371.01-372.01 sec  0.00 Bytes  0.00 bits/sec    8    411 KBytes       
[  4] 372.01-373.31 sec  0.00 Bytes  0.00 bits/sec    1   1.41 KBytes       
[  4] 373.31-374.03 sec  63.6 KBytes   729 Kbits/sec    0   1.41 KBytes       
[  4] 374.03-375.01 sec  0.00 Bytes  0.00 bits/sec    0   1.41 KBytes       
[  4] 375.01-376.01 sec  63.6 KBytes   521 Kbits/sec    0   1.41 KBytes       
[  4] 376.01-377.01 sec  0.00 Bytes  0.00 bits/sec    0   1.41 KBytes       
[  4] 377.01-378.01 sec   127 KBytes  1.04 Mbits/sec    2   2.83 KBytes       
[  4] 378.01-379.24 sec  0.00 Bytes  0.00 bits/sec    0   2.83 KBytes       
[  4] 379.24-380.01 sec  0.00 Bytes  0.00 bits/sec    0   2.83 KBytes       
[  4] 380.01-381.03 sec  0.00 Bytes  0.00 bits/sec   10   14.1 KBytes       
[  4] 381.03-382.01 sec  0.00 Bytes  0.00 bits/sec    0   14.1 KBytes       
[  4] 382.01-383.01 sec  0.00 Bytes  0.00 bits/sec    0   14.1 KBytes       
[  4] 383.01-384.08 sec  0.00 Bytes  0.00 bits/sec    0   14.1 KBytes       
[  4] 384.08-385.04 sec  0.00 Bytes  0.00 bits/sec    0   14.1 KBytes       
[  4] 385.04-386.01 sec  0.00 Bytes  0.00 bits/sec    0   14.1 KBytes       
[  4] 386.01-387.24 sec   127 KBytes   850 Kbits/sec   35    103 KBytes       
[  4] 387.24-388.01 sec  0.00 Bytes  0.00 bits/sec    0    103 KBytes       
[  4] 388.01-389.02 sec  0.00 Bytes  0.00 bits/sec    0    103 KBytes       
[  4] 389.02-390.02 sec  0.00 Bytes  0.00 bits/sec    0    103 KBytes       
[  4] 390.02-391.37 sec  1.24 MBytes  7.70 Mbits/sec    0    462 KBytes       
[  4] 391.37-392.01 sec   127 KBytes  1.64 Mbits/sec    0    474 KBytes       
[  4] 392.01-393.01 sec  0.00 Bytes  0.00 bits/sec    0    474 KBytes       
[  4] 393.01-394.17 sec  0.00 Bytes  0.00 bits/sec    0    474 KBytes       
[  4] 394.17-395.11 sec  0.00 Bytes  0.00 bits/sec    0    474 KBytes       
[  4] 395.11-396.01 sec  0.00 Bytes  0.00 bits/sec    0    474 KBytes       
[  4] 396.01-397.03 sec  0.00 Bytes  0.00 bits/sec    0    474 KBytes       
[  4] 397.03-398.01 sec  0.00 Bytes  0.00 bits/sec    1   1.41 KBytes       
[  4] 398.01-399.01 sec  0.00 Bytes  0.00 bits/sec    0   1.41 KBytes       
[  4] 399.01-400.01 sec  0.00 Bytes  0.00 bits/sec    0   1.41 KBytes       
[  4] 400.01-401.01 sec  0.00 Bytes  0.00 bits/sec    0   2.83 KBytes       
[  4] 401.01-402.01 sec  0.00 Bytes  0.00 bits/sec    0   2.83 KBytes       
[  4] 402.01-403.06 sec  0.00 Bytes  0.00 bits/sec    0   2.83 KBytes       
[  4] 403.06-404.01 sec  0.00 Bytes  0.00 bits/sec    2   2.83 KBytes       
[  4] 404.01-405.01 sec  0.00 Bytes  0.00 bits/sec    0   2.83 KBytes       
[  4] 405.01-406.01 sec  0.00 Bytes  0.00 bits/sec    4   5.66 KBytes       
[  4] 406.01-407.01 sec  0.00 Bytes  0.00 bits/sec    0   5.66 KBytes       
[  4] 407.01-408.01 sec  0.00 Bytes  0.00 bits/sec    8   11.3 KBytes       
[  4] 408.01-409.01 sec  0.00 Bytes  0.00 bits/sec    0   11.3 KBytes       
[  4] 409.01-410.01 sec  0.00 Bytes  0.00 bits/sec   16   22.6 KBytes       
[  4] 410.01-411.01 sec  63.6 KBytes   521 Kbits/sec   98   93.3 KBytes       
[  4] 411.01-412.00 sec   127 KBytes  1.05 Mbits/sec  132    187 KBytes       
[  4] 412.00-413.01 sec  0.00 Bytes  0.00 bits/sec    0    187 KBytes       
[  4] 413.01-414.00 sec   191 KBytes  1.58 Mbits/sec   75    335 KBytes       
[  4] 414.00-415.00 sec   318 KBytes  2.61 Mbits/sec    0    358 KBytes       
[  4] 415.00-416.01 sec  0.00 Bytes  0.00 bits/sec    0    358 KBytes       
[  4] 416.01-417.01 sec   318 KBytes  2.61 Mbits/sec    0    387 KBytes       
[  4] 417.01-418.01 sec  63.6 KBytes   521 Kbits/sec    0    397 KBytes       
[  4] 418.01-419.00 sec  0.00 Bytes  0.00 bits/sec    0    397 KBytes       
[  4] 419.00-420.00 sec  63.6 KBytes   521 Kbits/sec   77    313 KBytes       
[  4] 420.00-421.02 sec  0.00 Bytes  0.00 bits/sec    0    313 KBytes       
[  4] 421.02-422.01 sec  0.00 Bytes  0.00 bits/sec   14    313 KBytes       
[  4] 422.01-423.01 sec   318 KBytes  2.61 Mbits/sec    4    313 KBytes       
[  4] 423.01-424.01 sec   509 KBytes  4.17 Mbits/sec    0    348 KBytes       
[  4] 424.01-425.01 sec   191 KBytes  1.56 Mbits/sec    0    379 KBytes       
[  4] 425.01-426.01 sec   255 KBytes  2.08 Mbits/sec    0    407 KBytes       
[  4] 426.01-427.01 sec   318 KBytes  2.61 Mbits/sec    0    424 KBytes       
[  4] 427.01-428.01 sec  0.00 Bytes  0.00 bits/sec    0    427 KBytes       
[  4] 428.01-429.01 sec   318 KBytes  2.60 Mbits/sec    0    438 KBytes       
[  4] 429.01-430.01 sec   318 KBytes  2.60 Mbits/sec    0    443 KBytes       
[  4] 430.01-431.01 sec   255 KBytes  2.09 Mbits/sec    0    447 KBytes       
[  4] 431.01-432.01 sec   255 KBytes  2.09 Mbits/sec    0    452 KBytes       
[  4] 432.01-433.01 sec   318 KBytes  2.61 Mbits/sec    0    464 KBytes       
[  4] 433.01-434.01 sec   191 KBytes  1.56 Mbits/sec    0    478 KBytes       
[  4] 434.01-435.01 sec   318 KBytes  2.61 Mbits/sec    0    515 KBytes       
[  4] 435.01-436.01 sec   255 KBytes  2.09 Mbits/sec    0    559 KBytes       
[  4] 436.01-437.01 sec   382 KBytes  3.13 Mbits/sec    0    621 KBytes       
[  4] 437.01-438.01 sec   255 KBytes  2.08 Mbits/sec    0    650 KBytes       
[  4] 438.01-439.01 sec  1.25 MBytes  10.6 Mbits/sec    0    820 KBytes       
[  4] 439.01-440.01 sec   820 KBytes  6.71 Mbits/sec    0    905 KBytes       
[  4] 440.01-441.01 sec  1.25 MBytes  10.5 Mbits/sec    0   1.10 MBytes       
[  4] 441.01-442.01 sec   565 KBytes  4.63 Mbits/sec   56    932 KBytes       
[  4] 442.01-443.01 sec  0.00 Bytes  0.00 bits/sec  370    632 KBytes       
[  4] 443.01-444.01 sec  63.6 KBytes   521 Kbits/sec   49    749 KBytes       
[  4] 444.01-445.01 sec   318 KBytes  2.61 Mbits/sec    0    790 KBytes       
[  4] 445.01-446.01 sec  0.00 Bytes  0.00 bits/sec   24    790 KBytes       
[  4] 446.01-447.01 sec  0.00 Bytes  0.00 bits/sec   25    790 KBytes       
[  4] 447.01-448.01 sec  0.00 Bytes  0.00 bits/sec    5   1.41 KBytes       
[  4] 448.01-449.01 sec  0.00 Bytes  0.00 bits/sec    0   1.41 KBytes       
[  4] 449.01-450.11 sec   127 KBytes   948 Kbits/sec    0   1.41 KBytes       
[  4] 450.11-451.01 sec  63.6 KBytes   577 Kbits/sec    0   1.41 KBytes       
[  4] 451.01-452.28 sec   191 KBytes  1.23 Mbits/sec   20   24.0 KBytes       
[  4] 452.28-453.21 sec   127 KBytes  1.13 Mbits/sec   93    136 KBytes       
[  4] 453.21-454.01 sec  0.00 Bytes  0.00 bits/sec   11    147 KBytes       
[  4] 454.01-455.07 sec  1.18 MBytes  9.32 Mbits/sec   24    817 KBytes       
[  4] 455.07-456.03 sec  0.00 Bytes  0.00 bits/sec    0    817 KBytes       
[  4] 456.03-459.84 sec  0.00 Bytes  0.00 bits/sec    1   1.41 KBytes       
[  4] 459.84-459.84 sec  0.00 Bytes  0.00 bits/sec    0   1.41 KBytes       
[  4] 459.84-459.84 sec  0.00 Bytes  0.00 bits/sec    0   1.41 KBytes       
[  4] 459.84-460.16 sec  0.00 Bytes  0.00 bits/sec    0   1.41 KBytes       
[  4] 460.16-461.29 sec  0.00 Bytes  0.00 bits/sec    0   1.41 KBytes       
[  4] 461.29-462.05 sec  0.00 Bytes  0.00 bits/sec    0   1.41 KBytes       
[  4] 462.05-463.01 sec  0.00 Bytes  0.00 bits/sec    0   1.41 KBytes       
[  4] 463.01-466.39 sec   382 KBytes   927 Kbits/sec  454    601 KBytes       
[  4] 466.39-466.39 sec  0.00 Bytes  0.00 bits/sec    0    601 KBytes       
[  4] 466.39-466.39 sec  0.00 Bytes  0.00 bits/sec    0    601 KBytes       
[  4] 466.39-467.01 sec   382 KBytes  5.05 Mbits/sec    0    711 KBytes       
[  4] 467.01-468.01 sec   127 KBytes  1.04 Mbits/sec    0    759 KBytes       
[  4] 468.01-469.00 sec  0.00 Bytes  0.00 bits/sec    0    759 KBytes       
[  4] 469.00-470.00 sec  0.00 Bytes  0.00 bits/sec    0    759 KBytes       
[  4] 470.00-471.00 sec  0.00 Bytes  0.00 bits/sec   98    571 KBytes       
[  4] 471.00-473.24 sec  0.00 Bytes  0.00 bits/sec   27    571 KBytes       
[  4] 473.24-473.31 sec  0.00 Bytes  0.00 bits/sec    0    571 KBytes       
[  4] 473.31-474.67 sec  0.00 Bytes  0.00 bits/sec    0    571 KBytes       
[  4] 474.67-475.01 sec  0.00 Bytes  0.00 bits/sec    0    571 KBytes       
[  4] 475.01-476.01 sec  63.6 KBytes   521 Kbits/sec  118    571 KBytes       
[  4] 476.01-477.01 sec  0.00 Bytes  0.00 bits/sec    0    571 KBytes       
[  4] 477.01-478.01 sec  0.00 Bytes  0.00 bits/sec    0    571 KBytes       
[  4] 478.01-479.01 sec  0.00 Bytes  0.00 bits/sec    0    571 KBytes       
[  4] 479.01-480.01 sec  0.00 Bytes  0.00 bits/sec    0    571 KBytes       
[  4] 480.01-481.01 sec  0.00 Bytes  0.00 bits/sec    0    571 KBytes       
[  4] 481.01-482.01 sec  0.00 Bytes  0.00 bits/sec    0    571 KBytes       
[  4] 482.01-483.01 sec  0.00 Bytes  0.00 bits/sec    0    571 KBytes       
[  4] 483.01-484.01 sec  0.00 Bytes  0.00 bits/sec    0    571 KBytes       
[  4] 484.01-485.01 sec  0.00 Bytes  0.00 bits/sec    0    571 KBytes       
[  4] 485.01-486.01 sec  0.00 Bytes  0.00 bits/sec    0    571 KBytes       
[  4] 486.01-487.01 sec  0.00 Bytes  0.00 bits/sec    0    571 KBytes       
[  4] 487.01-488.01 sec  0.00 Bytes  0.00 bits/sec    0    571 KBytes       
[  4] 488.01-489.01 sec  0.00 Bytes  0.00 bits/sec    0    571 KBytes       
[  4] 489.01-490.01 sec  0.00 Bytes  0.00 bits/sec    0    571 KBytes       
[  4] 490.01-491.02 sec  0.00 Bytes  0.00 bits/sec    0    571 KBytes       
[  4] 491.02-492.01 sec   191 KBytes  1.58 Mbits/sec    0    417 KBytes       
[  4] 492.01-493.01 sec  63.6 KBytes   521 Kbits/sec    0    417 KBytes       
[  4] 493.01-494.01 sec  63.6 KBytes   520 Kbits/sec    0    417 KBytes       
[  4] 494.01-495.01 sec  0.00 Bytes  0.00 bits/sec    0    417 KBytes       
[  4] 495.01-496.18 sec  0.00 Bytes  0.00 bits/sec    0    417 KBytes       
[  4] 496.18-497.01 sec  0.00 Bytes  0.00 bits/sec    0    417 KBytes       
[  4] 497.01-498.01 sec  0.00 Bytes  0.00 bits/sec    0    417 KBytes       
[  4] 498.01-499.03 sec  0.00 Bytes  0.00 bits/sec    1   1.41 KBytes       
[  4] 499.03-500.04 sec  0.00 Bytes  0.00 bits/sec    0   1.41 KBytes       
[  4] 500.04-501.01 sec  0.00 Bytes  0.00 bits/sec    2   2.83 KBytes       
[  4] 501.01-502.01 sec  63.6 KBytes   521 Kbits/sec   18   25.5 KBytes       
[  4] 502.01-503.01 sec  0.00 Bytes  0.00 bits/sec    0   25.5 KBytes       
[  4] 503.01-504.01 sec  0.00 Bytes  0.00 bits/sec   35   50.9 KBytes       
[  4] 504.01-505.02 sec  0.00 Bytes  0.00 bits/sec    0   50.9 KBytes       
[  4] 505.02-506.02 sec  3.75 MBytes  31.3 Mbits/sec    0    764 KBytes       
[  4] 506.02-507.00 sec   360 KBytes  3.01 Mbits/sec    0    768 KBytes       
[  4] 507.00-508.01 sec   827 KBytes  6.69 Mbits/sec    0    814 KBytes       
[  4] 508.01-509.01 sec   764 KBytes  6.26 Mbits/sec    0    850 KBytes       
[  4] 509.01-510.01 sec   700 KBytes  5.73 Mbits/sec    0    887 KBytes       
[  4] 510.01-511.01 sec   764 KBytes  6.26 Mbits/sec    0    923 KBytes       
[  4] 511.01-512.01 sec   636 KBytes  5.21 Mbits/sec    0    957 KBytes       
[  4] 512.01-513.01 sec   445 KBytes  3.65 Mbits/sec    0    980 KBytes       
[  4] 513.01-514.01 sec   255 KBytes  2.09 Mbits/sec    0    994 KBytes       
[  4] 514.01-515.01 sec   191 KBytes  1.56 Mbits/sec   12    891 KBytes       
[  4] 515.01-516.01 sec  0.00 Bytes  0.00 bits/sec  101    728 KBytes       
[  4] 516.01-517.01 sec  0.00 Bytes  0.00 bits/sec    2    704 KBytes       
[  4] 517.01-518.01 sec   191 KBytes  1.56 Mbits/sec    5    704 KBytes       
[  4] 518.01-519.02 sec   509 KBytes  4.16 Mbits/sec    0    704 KBytes       
[  4] 519.02-520.01 sec   700 KBytes  5.74 Mbits/sec    0    711 KBytes       
[  4] 520.01-521.01 sec   509 KBytes  4.17 Mbits/sec    0    764 KBytes       
[  4] 521.01-522.01 sec   318 KBytes  2.61 Mbits/sec    0    809 KBytes       
[  4] 522.01-523.01 sec   318 KBytes  2.61 Mbits/sec    0    858 KBytes       
[  4] 523.01-524.01 sec   318 KBytes  2.61 Mbits/sec    0    897 KBytes       
[  4] 524.01-525.01 sec   255 KBytes  2.08 Mbits/sec    0    921 KBytes       
[  4] 525.01-526.01 sec   318 KBytes  2.61 Mbits/sec    0    949 KBytes       
[  4] 526.01-527.01 sec   255 KBytes  2.08 Mbits/sec    0    964 KBytes       
[  4] 527.01-528.01 sec   255 KBytes  2.09 Mbits/sec    0    974 KBytes       
[  4] 528.01-529.01 sec  0.00 Bytes  0.00 bits/sec   23    843 KBytes       
[  4] 529.01-530.01 sec  0.00 Bytes  0.00 bits/sec   10    740 KBytes       
[  4] 530.01-531.01 sec  0.00 Bytes  0.00 bits/sec    3    682 KBytes       
[  4] 531.01-532.01 sec   318 KBytes  2.61 Mbits/sec    0    682 KBytes       
[  4] 532.01-533.01 sec   445 KBytes  3.65 Mbits/sec    0    682 KBytes       
[  4] 533.01-534.02 sec  0.00 Bytes  0.00 bits/sec    0    682 KBytes       
[  4] 534.02-535.01 sec   764 KBytes  6.26 Mbits/sec    6    597 KBytes       
[  4] 535.01-536.01 sec  63.6 KBytes   521 Kbits/sec    0    492 KBytes       
[  4] 536.01-537.02 sec  0.00 Bytes  0.00 bits/sec    0    485 KBytes       
[  4] 537.02-538.01 sec   954 KBytes  7.84 Mbits/sec    0    488 KBytes       
[  4] 538.01-539.01 sec   318 KBytes  2.61 Mbits/sec    0    510 KBytes       
[  4] 539.01-540.01 sec  63.6 KBytes   521 Kbits/sec    0    513 KBytes       
[  4] 540.01-541.01 sec   255 KBytes  2.09 Mbits/sec    0    539 KBytes       
[  4] 541.01-542.03 sec   255 KBytes  2.05 Mbits/sec    0    551 KBytes       
[  4] 542.03-543.01 sec   382 KBytes  3.18 Mbits/sec    0    566 KBytes       
[  4] 543.01-544.01 sec   127 KBytes  1.04 Mbits/sec    0    568 KBytes       
[  4] 544.01-545.01 sec  0.00 Bytes  0.00 bits/sec    0    570 KBytes       
[  4] 545.01-546.01 sec   445 KBytes  3.65 Mbits/sec    0    583 KBytes       
[  4] 546.01-547.01 sec   127 KBytes  1.04 Mbits/sec    0    588 KBytes       
[  4] 547.01-548.01 sec  0.00 Bytes  0.00 bits/sec    0    590 KBytes       
[  4] 548.01-549.01 sec   445 KBytes  3.65 Mbits/sec    0    650 KBytes       
[  4] 549.01-549.01 sec  0.00 Bytes  0.00 bits/sec    0    650 KBytes       
- - - - - - - - - - - - - - - - - - - - - - - - -
[ ID] Interval           Transfer     Bandwidth       Retr
[  4]   0.00-549.01 sec  50.3 MBytes   769 Kbits/sec  3587             sender
[  4]   0.00-549.01 sec  44.5 MBytes   680 Kbits/sec                  receiver

iperf Done.
