-----------------------------------------------------------
Server listening on 5201
-----------------------------------------------------------
Accepted connection from 10.0.0.1, port 42433
[  5] local 10.0.0.2 port 5201 connected to 10.0.0.1 port 46110
[ ID] Interval           Transfer     Bandwidth
[  5]   0.00-1.00   sec   887 KBytes  7.24 Mbits/sec                  
[  5]   1.00-2.00   sec   646 KBytes  5.31 Mbits/sec                  
[  5]   2.00-3.00   sec   549 KBytes  4.49 Mbits/sec                  
[  5]   3.00-4.00   sec   550 KBytes  4.51 Mbits/sec                  
[  5]   4.00-5.00   sec   478 KBytes  3.92 Mbits/sec                  
[  5]   5.00-6.00   sec   471 KBytes  3.85 Mbits/sec                  
[  5]   6.00-7.00   sec   447 KBytes  3.66 Mbits/sec                  
[  5]   7.00-8.00   sec   406 KBytes  3.33 Mbits/sec                  
[  5]   8.00-9.00   sec   413 KBytes  3.38 Mbits/sec                  
[  5]   9.00-10.00  sec   452 KBytes  3.71 Mbits/sec                  
[  5]  10.00-11.00  sec   445 KBytes  3.65 Mbits/sec                  
[  5]  11.00-12.00  sec   494 KBytes  4.05 Mbits/sec                  
[  5]  12.00-13.00  sec   491 KBytes  4.02 Mbits/sec                  
[  5]  13.00-14.00  sec   595 KBytes  4.88 Mbits/sec                  
[  5]  14.00-15.00  sec   406 KBytes  3.32 Mbits/sec                  
[  5]  15.00-16.00  sec   851 KBytes  6.97 Mbits/sec                  
[  5]  16.00-17.00  sec   837 KBytes  6.86 Mbits/sec                  
[  5]  17.00-18.00  sec  50.9 KBytes   417 Kbits/sec                  
[  5]  18.00-19.00  sec   956 KBytes  7.83 Mbits/sec                  
[  5]  19.00-20.00  sec  1.43 MBytes  12.0 Mbits/sec                  
[  5]  20.00-21.00  sec   776 KBytes  6.36 Mbits/sec                  
[  5]  21.00-22.00  sec   751 KBytes  6.15 Mbits/sec                  
[  5]  22.00-23.00  sec   436 KBytes  3.56 Mbits/sec                  
[  5]  23.00-24.00  sec   165 KBytes  1.36 Mbits/sec                  
[  5]  24.00-25.00  sec  1.67 MBytes  14.0 Mbits/sec                  
[  5]  25.00-26.00  sec   807 KBytes  6.61 Mbits/sec                  
[  5]  26.00-27.00  sec   908 KBytes  7.44 Mbits/sec                  
[  5]  27.00-28.00  sec   577 KBytes  4.72 Mbits/sec                  
[  5]  28.00-29.00  sec  45.2 KBytes   371 Kbits/sec                  
[  5]  29.00-30.00  sec  1.71 MBytes  14.3 Mbits/sec                  
[  5]  30.00-31.00  sec   771 KBytes  6.31 Mbits/sec                  
[  5]  31.00-32.00  sec   741 KBytes  6.05 Mbits/sec                  
[  5]  32.00-33.00  sec   535 KBytes  4.39 Mbits/sec                  
[  5]  33.00-34.00  sec  1.16 MBytes  9.74 Mbits/sec                  
[  5]  34.00-35.00  sec   833 KBytes  6.83 Mbits/sec                  
[  5]  35.00-36.00  sec   843 KBytes  6.91 Mbits/sec                  
[  5]  36.00-37.00  sec   809 KBytes  6.62 Mbits/sec                  
[  5]  37.00-38.00  sec   953 KBytes  7.81 Mbits/sec                  
[  5]  38.00-39.00  sec   829 KBytes  6.79 Mbits/sec                  
[  5]  39.00-40.00  sec   721 KBytes  5.91 Mbits/sec                  
[  5]  40.00-41.00  sec   782 KBytes  6.42 Mbits/sec                  
[  5]  41.00-42.00  sec   858 KBytes  7.02 Mbits/sec                  
[  5]  42.00-43.00  sec   885 KBytes  7.26 Mbits/sec                  
[  5]  43.00-44.00  sec   755 KBytes  6.18 Mbits/sec                  
[  5]  44.00-45.00  sec   434 KBytes  3.56 Mbits/sec                  
[  5]  45.00-46.00  sec  1018 KBytes  8.34 Mbits/sec                  
[  5]  46.00-47.00  sec   908 KBytes  7.44 Mbits/sec                  
[  5]  47.00-48.00  sec   848 KBytes  6.95 Mbits/sec                  
[  5]  48.00-49.00  sec   928 KBytes  7.60 Mbits/sec                  
[  5]  49.00-50.00  sec   913 KBytes  7.49 Mbits/sec                  
[  5]  50.00-51.00  sec   857 KBytes  7.02 Mbits/sec                  
[  5]  51.00-52.00  sec   902 KBytes  7.39 Mbits/sec                  
[  5]  52.00-53.00  sec   899 KBytes  7.37 Mbits/sec                  
[  5]  53.00-54.00  sec   894 KBytes  7.32 Mbits/sec                  
[  5]  54.00-55.01  sec   885 KBytes  7.21 Mbits/sec                  
[  5]  55.01-56.00  sec   891 KBytes  7.34 Mbits/sec                  
[  5]  56.00-57.00  sec   925 KBytes  7.57 Mbits/sec                  
[  5]  57.00-58.00  sec   882 KBytes  7.23 Mbits/sec                  
[  5]  58.00-59.00  sec   816 KBytes  6.68 Mbits/sec                  
[  5]  59.00-60.00  sec   571 KBytes  4.68 Mbits/sec                  
[  5]  60.00-61.00  sec  0.00 Bytes  0.00 bits/sec                  
[  5]  61.00-61.25  sec   297 KBytes  9.96 Mbits/sec                  
- - - - - - - - - - - - - - - - - - - - - - - - -
[ ID] Interval           Transfer     Bandwidth
[  5]   0.00-61.25  sec  0.00 Bytes  0.00 bits/sec                  sender
[  5]   0.00-61.25  sec  44.1 MBytes  6.04 Mbits/sec                  receiver
