-----------------------------------------------------------
Server listening on 5201
-----------------------------------------------------------
Accepted connection from 10.0.0.1, port 53650
[  5] local 10.0.0.2 port 5201 connected to 10.0.0.1 port 46110
[ ID] Interval           Transfer     Bandwidth
[  5]   0.00-1.00   sec   919 KBytes  7.51 Mbits/sec                  
[  5]   1.00-2.00   sec   684 KBytes  5.62 Mbits/sec                  
[  5]   2.00-3.00   sec   665 KBytes  5.44 Mbits/sec                  
[  5]   3.00-4.00   sec   666 KBytes  5.45 Mbits/sec                  
[  5]   4.00-5.00   sec   631 KBytes  5.17 Mbits/sec                  
[  5]   5.00-6.00   sec   666 KBytes  5.45 Mbits/sec                  
[  5]   6.00-7.00   sec   646 KBytes  5.30 Mbits/sec                  
[  5]   7.00-8.00   sec   691 KBytes  5.66 Mbits/sec                  
[  5]   8.00-9.00   sec   669 KBytes  5.48 Mbits/sec                  
[  5]   9.00-10.00  sec   580 KBytes  4.75 Mbits/sec                  
[  5]  10.00-11.00  sec   704 KBytes  5.77 Mbits/sec                  
[  5]  11.00-12.00  sec   509 KBytes  4.16 Mbits/sec                  
[  5]  12.00-12.08  sec  38.2 KBytes  3.97 Mbits/sec                  
- - - - - - - - - - - - - - - - - - - - - - - - -
[ ID] Interval           Transfer     Bandwidth
[  5]   0.00-12.08  sec  0.00 Bytes  0.00 bits/sec                  sender
[  5]   0.00-12.08  sec  7.88 MBytes  5.47 Mbits/sec                  receiver
