Connecting to host 10.0.0.2, port 5201
[  4] local 10.0.0.1 port 46110 connected to 10.0.0.2 port 5201
[ ID] Interval           Transfer     Bandwidth       Retr  Cwnd
[  4]   0.00-1.01   sec  1.11 MBytes  9.25 Mbits/sec    0   96.2 KBytes       
[  4]   1.01-2.01   sec   827 KBytes  6.76 Mbits/sec    0    129 KBytes       
[  4]   2.01-3.00   sec   636 KBytes  5.25 Mbits/sec    0    153 KBytes       
[  4]   3.00-4.02   sec   382 KBytes  3.07 Mbits/sec    0    168 KBytes       
[  4]   4.02-5.00   sec   573 KBytes  4.77 Mbits/sec    0    191 KBytes       
[  4]   5.00-6.01   sec   509 KBytes  4.16 Mbits/sec    0    211 KBytes       
[  4]   6.01-7.04   sec   318 KBytes  2.52 Mbits/sec    0    225 KBytes       
[  4]   7.04-8.00   sec   700 KBytes  5.96 Mbits/sec    0    287 KBytes       
[  4]   8.00-9.00   sec   827 KBytes  6.77 Mbits/sec    0    372 KBytes       
[  4]   9.00-10.01  sec   954 KBytes  7.78 Mbits/sec    0    484 KBytes       
[  4]  10.01-11.01  sec   700 KBytes  5.74 Mbits/sec    1    549 KBytes       
[  4]  11.01-12.00  sec   445 KBytes  3.67 Mbits/sec    0    549 KBytes       
[  4]  12.00-13.00  sec   382 KBytes  3.12 Mbits/sec    0    551 KBytes       
[  4]  13.00-14.01  sec   191 KBytes  1.56 Mbits/sec    0    554 KBytes       
[  4]  14.01-15.00  sec   445 KBytes  3.67 Mbits/sec    0    566 KBytes       
[  4]  15.00-16.01  sec   255 KBytes  2.07 Mbits/sec    0    577 KBytes       
[  4]  16.01-17.00  sec   509 KBytes  4.19 Mbits/sec    0    617 KBytes       
[  4]  17.00-18.01  sec  0.00 Bytes  0.00 bits/sec   12    561 KBytes       
[  4]  18.01-19.00  sec  0.00 Bytes  0.00 bits/sec   15    508 KBytes       
[  4]  19.00-20.01  sec  0.00 Bytes  0.00 bits/sec   35    431 KBytes       
[  4]  20.01-21.00  sec  0.00 Bytes  0.00 bits/sec    0    431 KBytes       
[  4]  21.00-22.01  sec  0.00 Bytes  0.00 bits/sec    0    431 KBytes       
[  4]  22.01-23.00  sec   191 KBytes  1.57 Mbits/sec    1   1.41 KBytes       
[  4]  23.00-24.00  sec   127 KBytes  1.05 Mbits/sec    2   2.83 KBytes       
[  4]  24.00-25.01  sec  0.00 Bytes  0.00 bits/sec    0   2.83 KBytes       
[  4]  25.01-26.00  sec  0.00 Bytes  0.00 bits/sec    2   5.66 KBytes       
[  4]  26.00-26.33  sec  1.25 MBytes  32.2 Mbits/sec    0    485 KBytes       
- - - - - - - - - - - - - - - - - - - - - - - - -
[ ID] Interval           Transfer     Bandwidth       Retr
[  4]   0.00-26.33  sec  11.1 MBytes  3.54 Mbits/sec   68             sender
[  4]   0.00-26.33  sec  7.71 MBytes  2.46 Mbits/sec                  receiver

iperf Done.
