-----------------------------------------------------------
Server listening on 5202
-----------------------------------------------------------
Accepted connection from 10.0.0.1, port 47452
[  5] local 10.0.0.2 port 5202 connected to 10.0.0.1 port 46112
[ ID] Interval           Transfer     Bandwidth
[  5]   0.00-1.01   sec   100 KBytes   818 Kbits/sec                  
[  5]   1.01-2.03   sec   109 KBytes   872 Kbits/sec                  
[  5]   2.03-3.00   sec   178 KBytes  1.50 Mbits/sec                  
[  5]   3.00-4.00   sec   117 KBytes   960 Kbits/sec                  
[  5]   4.00-5.00   sec   141 KBytes  1.16 Mbits/sec                  
[  5]   5.00-6.00   sec  87.7 KBytes   718 Kbits/sec                  
[  5]   6.00-7.07   sec   120 KBytes   924 Kbits/sec                  
[  5]   7.07-8.00   sec   215 KBytes  1.89 Mbits/sec                  
[  5]   8.00-9.00   sec   156 KBytes  1.27 Mbits/sec                  
[  5]   9.00-10.00  sec   226 KBytes  1.85 Mbits/sec                  
[  5]  10.00-11.01  sec   161 KBytes  1.31 Mbits/sec                  
[  5]  11.01-12.02  sec   219 KBytes  1.78 Mbits/sec                  
[  5]  12.02-13.01  sec   191 KBytes  1.58 Mbits/sec                  
[  5]  13.01-14.00  sec   311 KBytes  2.57 Mbits/sec                  
[  5]  14.00-15.01  sec  22.6 KBytes   183 Kbits/sec                  
[  5]  15.01-16.00  sec  38.2 KBytes   316 Kbits/sec                  
[  5]  16.00-17.08  sec  0.00 Bytes  0.00 bits/sec                  
[  5]  17.08-18.00  sec   595 KBytes  5.27 Mbits/sec                  
[  5]  18.00-19.00  sec   639 KBytes  5.23 Mbits/sec                  
[  5]  19.00-20.01  sec   230 KBytes  1.88 Mbits/sec                  
[  5]  20.01-21.04  sec   479 KBytes  3.79 Mbits/sec                  
[  5]  21.04-22.03  sec   229 KBytes  1.91 Mbits/sec                  
[  5]  22.03-23.00  sec   474 KBytes  3.98 Mbits/sec                  
[  5]  23.00-24.00  sec   304 KBytes  2.48 Mbits/sec                  
[  5]  24.00-25.00  sec   399 KBytes  3.28 Mbits/sec                  
[  5]  25.00-26.00  sec   291 KBytes  2.39 Mbits/sec                  
[  5]  26.00-27.01  sec   426 KBytes  3.46 Mbits/sec                  
[  5]  27.01-28.00  sec   457 KBytes  3.77 Mbits/sec                  
[  5]  28.00-28.62  sec   130 KBytes  1.72 Mbits/sec                  
- - - - - - - - - - - - - - - - - - - - - - - - -
[ ID] Interval           Transfer     Bandwidth
[  5]   0.00-28.62  sec  0.00 Bytes  0.00 bits/sec                  sender
[  5]   0.00-28.62  sec  6.88 MBytes  2.02 Mbits/sec                  receiver
