-----------------------------------------------------------
Server listening on 5201
-----------------------------------------------------------
Accepted connection from 10.0.0.1, port 39938
[  5] local 10.0.0.2 port 5201 connected to 10.0.0.1 port 46110
[ ID] Interval           Transfer     Bandwidth
[  5]   0.00-1.00   sec   481 KBytes  3.94 Mbits/sec                  
[  5]   1.00-2.01   sec   332 KBytes  2.69 Mbits/sec                  
[  5]   2.01-3.00   sec   272 KBytes  2.25 Mbits/sec                  
[  5]   3.00-4.02   sec   274 KBytes  2.22 Mbits/sec                  
[  5]   4.02-5.00   sec   305 KBytes  2.54 Mbits/sec                  
[  5]   5.00-6.05   sec   284 KBytes  2.23 Mbits/sec                  
[  5]   6.05-7.00   sec   276 KBytes  2.37 Mbits/sec                  
[  5]   7.00-8.00   sec   257 KBytes  2.11 Mbits/sec                  
[  5]   8.00-9.00   sec   380 KBytes  3.11 Mbits/sec                  
[  5]   9.00-10.00  sec   264 KBytes  2.17 Mbits/sec                  
[  5]  10.00-11.00  sec   411 KBytes  3.37 Mbits/sec                  
[  5]  11.00-12.01  sec   369 KBytes  2.99 Mbits/sec                  
[  5]  12.01-13.00  sec   318 KBytes  2.64 Mbits/sec                  
[  5]  13.00-14.00  sec   264 KBytes  2.16 Mbits/sec                  
[  5]  14.00-15.00  sec   523 KBytes  4.29 Mbits/sec                  
[  5]  15.00-16.02  sec   491 KBytes  3.95 Mbits/sec                  
[  5]  16.02-17.02  sec   460 KBytes  3.77 Mbits/sec                  
[  5]  17.02-17.15  sec  0.00 Bytes  0.00 bits/sec                  
- - - - - - - - - - - - - - - - - - - - - - - - -
[ ID] Interval           Transfer     Bandwidth
[  5]   0.00-17.15  sec  0.00 Bytes  0.00 bits/sec                  sender
[  5]   0.00-17.15  sec  5.82 MBytes  2.85 Mbits/sec                  receiver
