-----------------------------------------------------------
Server listening on 5203
-----------------------------------------------------------
Accepted connection from 10.0.0.1, port 53255
[  5] local 10.0.0.2 port 5203 connected to 10.0.0.1 port 46114
[ ID] Interval           Transfer     Bandwidth
[  5]   0.00-1.00   sec  18.4 KBytes   150 Kbits/sec                  
[  5]   1.00-2.00   sec   161 KBytes  1.32 Mbits/sec                  
[  5]   2.00-3.00   sec   171 KBytes  1.40 Mbits/sec                  
[  5]   3.00-4.00   sec   103 KBytes   845 Kbits/sec                  
[  5]   4.00-5.00   sec   188 KBytes  1.54 Mbits/sec                  
[  5]   5.00-6.00   sec   107 KBytes   882 Kbits/sec                  
[  5]   6.00-7.02   sec   123 KBytes   988 Kbits/sec                  
[  5]   7.02-8.00   sec   109 KBytes   907 Kbits/sec                  
[  5]   8.00-9.01   sec  55.1 KBytes   451 Kbits/sec                  
[  5]   9.01-10.02  sec   199 KBytes  1.61 Mbits/sec                  
[  5]  10.02-11.00  sec  7.07 KBytes  58.8 Kbits/sec                  
[  5]  11.00-12.00  sec   218 KBytes  1.79 Mbits/sec                  
[  5]  12.00-13.00  sec  55.1 KBytes   452 Kbits/sec                  
[  5]  13.00-14.00  sec  0.00 Bytes  0.00 bits/sec                  
[  5]  14.00-15.00  sec  15.6 KBytes   128 Kbits/sec                  
[  5]  15.00-16.02  sec   267 KBytes  2.16 Mbits/sec                  
[  5]  16.02-17.00  sec   137 KBytes  1.14 Mbits/sec                  
[  5]  17.00-18.09  sec   518 KBytes  3.91 Mbits/sec                  
[  5]  18.09-19.00  sec   184 KBytes  1.65 Mbits/sec                  
[  5]  19.00-20.00  sec   187 KBytes  1.53 Mbits/sec                  
[  5]  20.00-21.01  sec   369 KBytes  3.01 Mbits/sec                  
[  5]  21.01-22.00  sec   178 KBytes  1.46 Mbits/sec                  
[  5]  22.00-23.00  sec   247 KBytes  2.03 Mbits/sec                  
[  5]  23.00-24.07  sec   416 KBytes  3.18 Mbits/sec                  
[  5]  24.07-25.00  sec  60.8 KBytes   538 Kbits/sec                  
[  5]  25.00-26.02  sec   386 KBytes  3.10 Mbits/sec                  
[  5]  26.02-27.00  sec   304 KBytes  2.54 Mbits/sec                  
[  5]  27.00-28.01  sec   139 KBytes  1.13 Mbits/sec                  
[  5]  28.01-29.00  sec   464 KBytes  3.81 Mbits/sec                  
[  5]  29.00-30.00  sec   499 KBytes  4.08 Mbits/sec                  
[  5]  30.00-31.05  sec   549 KBytes  4.28 Mbits/sec                  
[  5]  31.05-32.01  sec   123 KBytes  1.06 Mbits/sec                  
[  5]  32.01-33.01  sec   537 KBytes  4.37 Mbits/sec                  
[  5]  33.01-33.27  sec  5.66 KBytes   184 Kbits/sec                  
- - - - - - - - - - - - - - - - - - - - - - - - -
[ ID] Interval           Transfer     Bandwidth
[  5]   0.00-33.27  sec  0.00 Bytes  0.00 bits/sec                  sender
[  5]   0.00-33.27  sec  6.93 MBytes  1.75 Mbits/sec                  receiver
