Connecting to host 10.0.0.2, port 5206
[  4] local 10.0.0.1 port 46120 connected to 10.0.0.2 port 5206
[ ID] Interval           Transfer     Bandwidth       Retr  Cwnd
[  4]   0.00-1.00   sec  96.2 KBytes   787 Kbits/sec    1   28.3 KBytes       
[  4]   1.00-2.00   sec   286 KBytes  2.34 Mbits/sec    0   56.6 KBytes       
[  4]   2.00-3.00   sec   134 KBytes  1.10 Mbits/sec    0   72.1 KBytes       
[  4]   3.00-4.00   sec   127 KBytes  1.04 Mbits/sec    0   76.4 KBytes       
[  4]   4.00-5.01   sec  63.6 KBytes   516 Kbits/sec    0   80.6 KBytes       
[  4]   5.01-6.00   sec  0.00 Bytes  0.00 bits/sec    0   80.6 KBytes       
[  4]   6.00-7.00   sec   318 KBytes  2.61 Mbits/sec    0    119 KBytes       
[  4]   7.00-8.00   sec  0.00 Bytes  0.00 bits/sec    0    120 KBytes       
[  4]   8.00-9.00   sec   318 KBytes  2.60 Mbits/sec    0    160 KBytes       
[  4]   9.00-10.00  sec  63.6 KBytes   523 Kbits/sec    3    164 KBytes       
[  4]  10.00-11.09  sec  0.00 Bytes  0.00 bits/sec    0    164 KBytes       
[  4]  11.09-12.02  sec  0.00 Bytes  0.00 bits/sec    0    164 KBytes       
[  4]  12.02-13.01  sec  0.00 Bytes  0.00 bits/sec    4    129 KBytes       
[  4]  13.01-14.01  sec  0.00 Bytes  0.00 bits/sec    0    122 KBytes       
[  4]  14.01-15.01  sec  0.00 Bytes  0.00 bits/sec    0    122 KBytes       
[  4]  15.01-16.01  sec   318 KBytes  2.60 Mbits/sec    0    136 KBytes       
[  4]  16.01-17.04  sec  0.00 Bytes  0.00 bits/sec    0    136 KBytes       
[  4]  17.04-18.00  sec   127 KBytes  1.08 Mbits/sec    0    160 KBytes       
[  4]  18.00-19.00  sec  0.00 Bytes  0.00 bits/sec    0    160 KBytes       
[  4]  19.00-20.00  sec   127 KBytes  1.04 Mbits/sec    0    168 KBytes       
[  4]  20.00-21.00  sec  0.00 Bytes  0.00 bits/sec    0    168 KBytes       
[  4]  21.00-22.00  sec  63.6 KBytes   522 Kbits/sec   11    119 KBytes       
[  4]  22.00-23.00  sec  0.00 Bytes  0.00 bits/sec    0    119 KBytes       
[  4]  23.00-24.00  sec   255 KBytes  2.09 Mbits/sec    0    120 KBytes       
[  4]  24.00-25.00  sec   127 KBytes  1.04 Mbits/sec    0    134 KBytes       
[  4]  25.00-26.00  sec  63.6 KBytes   521 Kbits/sec    0    139 KBytes       
[  4]  26.00-27.00  sec  63.6 KBytes   522 Kbits/sec    9    103 KBytes       
[  4]  27.00-28.00  sec  63.6 KBytes   522 Kbits/sec    0   99.0 KBytes       
[  4]  28.00-29.02  sec   127 KBytes  1.02 Mbits/sec    0    107 KBytes       
[  4]  29.02-30.00  sec   127 KBytes  1.06 Mbits/sec    0    117 KBytes       
[  4]  30.00-31.00  sec  0.00 Bytes  0.00 bits/sec    0    117 KBytes       
[  4]  31.00-32.00  sec   127 KBytes  1.04 Mbits/sec    0    119 KBytes       
[  4]  32.00-33.00  sec  63.6 KBytes   522 Kbits/sec    0    120 KBytes       
[  4]  33.00-34.00  sec   127 KBytes  1.04 Mbits/sec    0    130 KBytes       
[  4]  34.00-35.00  sec   127 KBytes  1.04 Mbits/sec    0    143 KBytes       
[  4]  35.00-36.01  sec   127 KBytes  1.04 Mbits/sec    0    171 KBytes       
[  4]  36.01-37.01  sec  0.00 Bytes  0.00 bits/sec    0    175 KBytes       
[  4]  37.01-38.00  sec   445 KBytes  3.66 Mbits/sec    0    226 KBytes       
[  4]  38.00-39.00  sec   764 KBytes  6.26 Mbits/sec    0    327 KBytes       
[  4]  39.00-40.00  sec   318 KBytes  2.60 Mbits/sec    0    373 KBytes       
[  4]  40.00-41.00  sec   382 KBytes  3.13 Mbits/sec    0    416 KBytes       
[  4]  41.00-42.00  sec   191 KBytes  1.57 Mbits/sec   10    400 KBytes       
[  4]  42.00-43.01  sec  0.00 Bytes  0.00 bits/sec    8    339 KBytes       
[  4]  43.01-44.00  sec  0.00 Bytes  0.00 bits/sec    5    311 KBytes       
[  4]  44.00-45.00  sec   636 KBytes  5.22 Mbits/sec    0    317 KBytes       
[  4]  45.00-46.01  sec   191 KBytes  1.56 Mbits/sec    0    359 KBytes       
[  4]  46.01-47.00  sec  63.6 KBytes   524 Kbits/sec    0    373 KBytes       
[  4]  47.00-48.00  sec  0.00 Bytes  0.00 bits/sec   62    260 KBytes       
[  4]  48.00-49.00  sec  0.00 Bytes  0.00 bits/sec    9    260 KBytes       
[  4]  49.00-50.00  sec   318 KBytes  2.61 Mbits/sec    1    260 KBytes       
[  4]  50.00-51.00  sec   191 KBytes  1.56 Mbits/sec    0    262 KBytes       
[  4]  51.00-52.00  sec   255 KBytes  2.08 Mbits/sec    0    276 KBytes       
[  4]  52.00-53.00  sec   127 KBytes  1.04 Mbits/sec    0    283 KBytes       
[  4]  53.00-54.00  sec   255 KBytes  2.09 Mbits/sec    0    300 KBytes       
[  4]  54.00-55.00  sec  0.00 Bytes  0.00 bits/sec    0    303 KBytes       
[  4]  55.00-56.00  sec   191 KBytes  1.56 Mbits/sec    1    303 KBytes       
[  4]  56.00-57.01  sec  0.00 Bytes  0.00 bits/sec    2    279 KBytes       
[  4]  57.01-58.02  sec  0.00 Bytes  0.00 bits/sec    0    245 KBytes       
[  4]  58.02-59.00  sec  0.00 Bytes  0.00 bits/sec    0    215 KBytes       
[  4]  59.00-60.00  sec   445 KBytes  3.64 Mbits/sec    0    226 KBytes       
[  4]  60.00-61.00  sec   191 KBytes  1.57 Mbits/sec    0    239 KBytes       
[  4]  61.00-62.00  sec   127 KBytes  1.04 Mbits/sec    0    250 KBytes       
[  4]  62.00-63.01  sec   127 KBytes  1.04 Mbits/sec    0    253 KBytes       
[  4]  63.01-64.00  sec   127 KBytes  1.05 Mbits/sec    0    257 KBytes       
[  4]  64.00-65.02  sec  63.6 KBytes   514 Kbits/sec    0    259 KBytes       
[  4]  65.02-66.00  sec   191 KBytes  1.58 Mbits/sec    0    267 KBytes       
[  4]  66.00-67.00  sec  63.6 KBytes   521 Kbits/sec    0    272 KBytes       
[  4]  67.00-68.01  sec   127 KBytes  1.04 Mbits/sec    0    290 KBytes       
[  4]  68.01-69.00  sec  63.6 KBytes   526 Kbits/sec    0    313 KBytes       
[  4]  69.00-70.00  sec   127 KBytes  1.04 Mbits/sec    0    351 KBytes       
[  4]  70.00-71.00  sec   191 KBytes  1.56 Mbits/sec    0    414 KBytes       
[  4]  71.00-72.02  sec   191 KBytes  1.54 Mbits/sec    0    471 KBytes       
[  4]  72.02-73.00  sec  0.00 Bytes  0.00 bits/sec   49    335 KBytes       
[  4]  73.00-74.00  sec  0.00 Bytes  0.00 bits/sec   16    329 KBytes       
[  4]  74.00-75.00  sec   255 KBytes  2.09 Mbits/sec   10    329 KBytes       
[  4]  75.00-76.00  sec   445 KBytes  3.65 Mbits/sec    0    332 KBytes       
[  4]  76.00-77.00  sec  63.6 KBytes   522 Kbits/sec   19    296 KBytes       
[  4]  77.00-78.01  sec  63.6 KBytes   519 Kbits/sec   23    238 KBytes       
[  4]  78.01-79.00  sec   191 KBytes  1.57 Mbits/sec    0    238 KBytes       
[  4]  79.00-80.00  sec   318 KBytes  2.61 Mbits/sec    5    216 KBytes       
[  4]  80.00-81.00  sec   127 KBytes  1.04 Mbits/sec    1    170 KBytes       
[  4]  81.00-82.00  sec   382 KBytes  3.13 Mbits/sec    0    182 KBytes       
[  4]  82.00-83.00  sec   255 KBytes  2.09 Mbits/sec    0    195 KBytes       
[  4]  83.00-84.00  sec   191 KBytes  1.56 Mbits/sec    0    202 KBytes       
[  4]  84.00-85.00  sec   191 KBytes  1.56 Mbits/sec    0    205 KBytes       
[  4]  85.00-86.00  sec   127 KBytes  1.04 Mbits/sec    0    206 KBytes       
[  4]  86.00-87.00  sec   127 KBytes  1.04 Mbits/sec    0    208 KBytes       
[  4]  87.00-88.09  sec   127 KBytes   957 Kbits/sec    0    212 KBytes       
[  4]  88.09-89.00  sec   191 KBytes  1.72 Mbits/sec    0    228 KBytes       
[  4]  89.00-90.02  sec  63.6 KBytes   512 Kbits/sec    0    242 KBytes       
[  4]  90.02-91.02  sec   127 KBytes  1.04 Mbits/sec    0    276 KBytes       
[  4]  91.02-92.02  sec  63.6 KBytes   519 Kbits/sec    0    291 KBytes       
[  4]  92.02-93.17  sec  0.00 Bytes  0.00 bits/sec    0    291 KBytes       
[  4]  93.17-94.00  sec  0.00 Bytes  0.00 bits/sec    0    291 KBytes       
[  4]  94.00-95.00  sec  0.00 Bytes  0.00 bits/sec    0    291 KBytes       
[  4]  95.00-96.01  sec  0.00 Bytes  0.00 bits/sec    0    291 KBytes       
[  4]  96.01-97.02  sec  0.00 Bytes  0.00 bits/sec    0    291 KBytes       
[  4]  97.02-98.05  sec  0.00 Bytes  0.00 bits/sec    1   1.41 KBytes       
[  4]  98.05-99.04  sec  0.00 Bytes  0.00 bits/sec    0   1.41 KBytes       
[  4]  99.04-100.01 sec  0.00 Bytes  0.00 bits/sec    0   1.41 KBytes       
[  4] 100.01-101.16 sec  0.00 Bytes  0.00 bits/sec    0    318 KBytes       
[  4] 101.16-102.00 sec  0.00 Bytes  0.00 bits/sec    3    311 KBytes       
[  4] 102.00-103.14 sec  0.00 Bytes  0.00 bits/sec   21    247 KBytes       
[  4] 103.14-104.06 sec  0.00 Bytes  0.00 bits/sec    0    242 KBytes       
[  4] 104.06-105.00 sec  0.00 Bytes  0.00 bits/sec    0    242 KBytes       
[  4] 105.00-106.03 sec  0.00 Bytes  0.00 bits/sec    0    242 KBytes       
[  4] 106.03-107.00 sec  0.00 Bytes  0.00 bits/sec    0    242 KBytes       
[  4] 107.00-108.00 sec  0.00 Bytes  0.00 bits/sec    0    242 KBytes       
[  4] 108.00-109.01 sec  0.00 Bytes  0.00 bits/sec    0    242 KBytes       
[  4] 109.01-110.01 sec  0.00 Bytes  0.00 bits/sec    0    242 KBytes       
[  4] 110.01-111.00 sec  0.00 Bytes  0.00 bits/sec    0    242 KBytes       
[  4] 111.00-112.00 sec  0.00 Bytes  0.00 bits/sec    0    242 KBytes       
[  4] 112.00-113.01 sec   255 KBytes  2.07 Mbits/sec   25    222 KBytes       
[  4] 113.01-114.12 sec  0.00 Bytes  0.00 bits/sec    0    222 KBytes       
[  4] 114.12-115.01 sec  0.00 Bytes  0.00 bits/sec    0    222 KBytes       
[  4] 115.01-116.11 sec  0.00 Bytes  0.00 bits/sec    0    222 KBytes       
[  4] 116.11-117.01 sec   191 KBytes  1.74 Mbits/sec    0    226 KBytes       
[  4] 117.01-118.01 sec   127 KBytes  1.05 Mbits/sec    0    269 KBytes       
[  4] 118.01-119.00 sec  0.00 Bytes  0.00 bits/sec    0    279 KBytes       
[  4] 119.00-120.00 sec   127 KBytes  1.04 Mbits/sec    3    279 KBytes       
[  4] 120.00-121.00 sec  0.00 Bytes  0.00 bits/sec    2    242 KBytes       
[  4] 121.00-122.00 sec   127 KBytes  1.04 Mbits/sec    6    204 KBytes       
[  4] 122.00-123.00 sec  0.00 Bytes  0.00 bits/sec    7    204 KBytes       
[  4] 123.00-124.00 sec  0.00 Bytes  0.00 bits/sec    2    204 KBytes       
[  4] 124.00-125.00 sec   382 KBytes  3.13 Mbits/sec    8    201 KBytes       
[  4] 125.00-126.00 sec  0.00 Bytes  0.00 bits/sec    9    153 KBytes       
[  4] 126.00-127.00 sec  63.6 KBytes   521 Kbits/sec    2    141 KBytes       
[  4] 127.00-128.01 sec  0.00 Bytes  0.00 bits/sec    4    141 KBytes       
[  4] 128.01-129.14 sec  0.00 Bytes  0.00 bits/sec    1    141 KBytes       
[  4] 129.14-130.00 sec  0.00 Bytes  0.00 bits/sec    0    141 KBytes       
[  4] 130.00-131.00 sec   191 KBytes  1.56 Mbits/sec    1    141 KBytes       
[  4] 131.00-132.00 sec  0.00 Bytes  0.00 bits/sec    0    141 KBytes       
[  4] 132.00-133.00 sec   382 KBytes  3.13 Mbits/sec    4    120 KBytes       
[  4] 133.00-134.01 sec  0.00 Bytes  0.00 bits/sec   10   99.0 KBytes       
[  4] 134.01-135.00 sec   127 KBytes  1.05 Mbits/sec   13   99.0 KBytes       
[  4] 135.00-136.00 sec  0.00 Bytes  0.00 bits/sec    2   99.0 KBytes       
[  4] 136.00-137.00 sec  0.00 Bytes  0.00 bits/sec   19   99.0 KBytes       
[  4] 137.00-138.00 sec   191 KBytes  1.56 Mbits/sec    2   86.3 KBytes       
[  4] 138.00-139.00 sec  0.00 Bytes  0.00 bits/sec    4   72.1 KBytes       
[  4] 139.00-140.00 sec  0.00 Bytes  0.00 bits/sec    4   69.3 KBytes       
[  4] 140.00-141.00 sec   191 KBytes  1.56 Mbits/sec    0   72.1 KBytes       
[  4] 141.00-142.01 sec  63.6 KBytes   518 Kbits/sec    0   77.8 KBytes       
[  4] 142.01-143.01 sec  63.6 KBytes   523 Kbits/sec    0   80.6 KBytes       
[  4] 143.01-144.00 sec  0.00 Bytes  0.00 bits/sec    1   73.5 KBytes       
[  4] 144.00-145.00 sec  0.00 Bytes  0.00 bits/sec    0   60.8 KBytes       
[  4] 145.00-146.00 sec  63.6 KBytes   522 Kbits/sec    1   56.6 KBytes       
[  4] 146.00-147.01 sec  0.00 Bytes  0.00 bits/sec    0   56.6 KBytes       
[  4] 147.01-148.02 sec  63.6 KBytes   518 Kbits/sec    0   59.4 KBytes       
[  4] 148.02-149.01 sec  63.6 KBytes   526 Kbits/sec    0   63.6 KBytes       
[  4] 149.01-150.00 sec  63.6 KBytes   525 Kbits/sec    0   66.5 KBytes       
[  4] 150.00-151.00 sec  0.00 Bytes  0.00 bits/sec    0   67.9 KBytes       
[  4] 151.00-152.00 sec  63.6 KBytes   522 Kbits/sec    2   63.6 KBytes       
[  4] 152.00-153.00 sec  0.00 Bytes  0.00 bits/sec    1   48.1 KBytes       
[  4] 153.00-154.00 sec  63.6 KBytes   520 Kbits/sec    0   48.1 KBytes       
[  4] 154.00-155.00 sec  63.6 KBytes   521 Kbits/sec    0   55.1 KBytes       
[  4] 155.00-156.00 sec  0.00 Bytes  0.00 bits/sec    0   59.4 KBytes       
[  4] 156.00-157.08 sec  63.6 KBytes   483 Kbits/sec    0   63.6 KBytes       
[  4] 157.08-158.01 sec  0.00 Bytes  0.00 bits/sec    0   66.5 KBytes       
[  4] 158.01-159.00 sec  63.6 KBytes   526 Kbits/sec    0   70.7 KBytes       
[  4] 159.00-160.00 sec  0.00 Bytes  0.00 bits/sec    0   79.2 KBytes       
[  4] 160.00-161.00 sec  63.6 KBytes   521 Kbits/sec    0   90.5 KBytes       
[  4] 161.00-162.00 sec  63.6 KBytes   522 Kbits/sec    0    122 KBytes       
[  4] 162.00-163.00 sec  0.00 Bytes  0.00 bits/sec    0    137 KBytes       
[  4] 163.00-164.00 sec  63.6 KBytes   520 Kbits/sec    0    192 KBytes       
[  4] 164.00-165.00 sec  63.6 KBytes   523 Kbits/sec    0    206 KBytes       
[  4] 165.00-166.00 sec  63.6 KBytes   521 Kbits/sec    0    280 KBytes       
[  4] 166.00-167.00 sec  63.6 KBytes   520 Kbits/sec    0    320 KBytes       
[  4] 167.00-168.00 sec   127 KBytes  1.05 Mbits/sec    2    372 KBytes       
[  4] 168.00-169.00 sec  0.00 Bytes  0.00 bits/sec    6    331 KBytes       
[  4] 169.00-170.00 sec  0.00 Bytes  0.00 bits/sec    6    266 KBytes       
[  4] 170.00-171.00 sec   191 KBytes  1.56 Mbits/sec    6    266 KBytes       
[  4] 171.00-172.01 sec  63.6 KBytes   519 Kbits/sec    0    266 KBytes       
[  4] 172.01-173.01 sec   318 KBytes  2.61 Mbits/sec    0    273 KBytes       
[  4] 173.01-174.00 sec  63.6 KBytes   523 Kbits/sec    3    259 KBytes       
[  4] 174.00-175.01 sec  0.00 Bytes  0.00 bits/sec    0    225 KBytes       
[  4] 175.01-176.04 sec  0.00 Bytes  0.00 bits/sec    0    208 KBytes       
[  4] 176.04-177.01 sec   318 KBytes  2.70 Mbits/sec    0    204 KBytes       
[  4] 177.01-178.00 sec   127 KBytes  1.05 Mbits/sec    0    216 KBytes       
[  4] 178.00-179.01 sec  63.6 KBytes   516 Kbits/sec    2    212 KBytes       
[  4] 179.01-180.00 sec  0.00 Bytes  0.00 bits/sec   29    153 KBytes       
[  4] 180.00-181.00 sec  0.00 Bytes  0.00 bits/sec    8    153 KBytes       
[  4] 181.00-182.00 sec  0.00 Bytes  0.00 bits/sec   11    153 KBytes       
[  4] 182.00-183.00 sec  0.00 Bytes  0.00 bits/sec    4    153 KBytes       
[  4] 183.00-184.01 sec  63.6 KBytes   515 Kbits/sec    0    153 KBytes       
[  4] 184.01-185.00 sec   318 KBytes  2.63 Mbits/sec    0    146 KBytes       
[  4] 185.00-186.00 sec   191 KBytes  1.57 Mbits/sec    0    107 KBytes       
[  4] 186.00-187.00 sec  63.6 KBytes   522 Kbits/sec    0    116 KBytes       
[  4] 187.00-188.00 sec  63.6 KBytes   521 Kbits/sec    0    120 KBytes       
[  4] 188.00-189.00 sec  0.00 Bytes  0.00 bits/sec    0    123 KBytes       
[  4] 189.00-190.00 sec  63.6 KBytes   522 Kbits/sec    0    124 KBytes       
[  4] 190.00-191.00 sec  0.00 Bytes  0.00 bits/sec    0    126 KBytes       
[  4] 191.00-192.00 sec  63.6 KBytes   521 Kbits/sec    0    136 KBytes       
[  4] 192.00-193.00 sec  0.00 Bytes  0.00 bits/sec    3    134 KBytes       
[  4] 193.00-194.00 sec  0.00 Bytes  0.00 bits/sec    0    120 KBytes       
[  4] 194.00-195.00 sec  0.00 Bytes  0.00 bits/sec    0    102 KBytes       
[  4] 195.00-196.00 sec   127 KBytes  1.04 Mbits/sec    0   97.6 KBytes       
[  4] 196.00-197.00 sec  0.00 Bytes  0.00 bits/sec    0   99.0 KBytes       
[  4] 197.00-198.00 sec   127 KBytes  1.04 Mbits/sec    0    115 KBytes       
[  4] 198.00-199.14 sec  0.00 Bytes  0.00 bits/sec    0    119 KBytes       
[  4] 199.14-200.01 sec  0.00 Bytes  0.00 bits/sec    0    119 KBytes       
[  4] 200.01-201.02 sec  0.00 Bytes  0.00 bits/sec    0    120 KBytes       
[  4] 201.02-202.01 sec  0.00 Bytes  0.00 bits/sec    0    123 KBytes       
[  4] 202.01-203.01 sec  0.00 Bytes  0.00 bits/sec    0    123 KBytes       
[  4] 203.01-204.00 sec  63.6 KBytes   522 Kbits/sec    0    139 KBytes       
[  4] 204.00-205.01 sec  63.6 KBytes   520 Kbits/sec    0    146 KBytes       
[  4] 205.01-206.01 sec  0.00 Bytes  0.00 bits/sec    5    124 KBytes       
[  4] 206.01-207.01 sec  0.00 Bytes  0.00 bits/sec    0    112 KBytes       
[  4] 207.01-208.00 sec  0.00 Bytes  0.00 bits/sec    0    109 KBytes       
[  4] 208.00-209.00 sec  0.00 Bytes  0.00 bits/sec    0    103 KBytes       
[  4] 209.00-210.00 sec  0.00 Bytes  0.00 bits/sec    0    103 KBytes       
[  4] 210.00-211.01 sec  0.00 Bytes  0.00 bits/sec    0    103 KBytes       
[  4] 211.01-212.00 sec   127 KBytes  1.05 Mbits/sec   14    103 KBytes       
[  4] 212.00-213.00 sec  0.00 Bytes  0.00 bits/sec    0    103 KBytes       
[  4] 213.00-214.01 sec  0.00 Bytes  0.00 bits/sec    0    103 KBytes       
[  4] 214.01-215.00 sec  0.00 Bytes  0.00 bits/sec    0    103 KBytes       
[  4] 215.00-216.00 sec  0.00 Bytes  0.00 bits/sec   18    103 KBytes       
[  4] 216.00-217.00 sec  0.00 Bytes  0.00 bits/sec    4   96.2 KBytes       
[  4] 217.00-218.03 sec  0.00 Bytes  0.00 bits/sec    5   93.3 KBytes       
[  4] 218.03-219.00 sec  63.6 KBytes   539 Kbits/sec    0   72.1 KBytes       
[  4] 219.00-220.00 sec  0.00 Bytes  0.00 bits/sec    0   72.1 KBytes       
[  4] 220.00-221.00 sec  0.00 Bytes  0.00 bits/sec    0   79.2 KBytes       
[  4] 221.00-222.00 sec  0.00 Bytes  0.00 bits/sec    3   72.1 KBytes       
[  4] 222.00-223.00 sec  0.00 Bytes  0.00 bits/sec   10   55.1 KBytes       
[  4] 223.00-224.00 sec  0.00 Bytes  0.00 bits/sec    0   55.1 KBytes       
[  4] 224.00-225.00 sec  0.00 Bytes  0.00 bits/sec    0   55.1 KBytes       
[  4] 225.00-226.00 sec  0.00 Bytes  0.00 bits/sec    7   52.3 KBytes       
[  4] 226.00-227.00 sec  0.00 Bytes  0.00 bits/sec    0   52.3 KBytes       
[  4] 227.00-228.00 sec  0.00 Bytes  0.00 bits/sec    0   50.9 KBytes       
[  4] 228.00-229.00 sec  0.00 Bytes  0.00 bits/sec    0   46.7 KBytes       
[  4] 229.00-230.00 sec  0.00 Bytes  0.00 bits/sec    9   38.2 KBytes       
[  4] 230.00-231.00 sec  0.00 Bytes  0.00 bits/sec    0   38.2 KBytes       
[  4] 231.00-232.00 sec  0.00 Bytes  0.00 bits/sec    0   38.2 KBytes       
[  4] 232.00-233.00 sec  0.00 Bytes  0.00 bits/sec    0   42.4 KBytes       
[  4] 233.00-234.00 sec  0.00 Bytes  0.00 bits/sec    0   42.4 KBytes       
[  4] 234.00-235.01 sec  0.00 Bytes  0.00 bits/sec    0   43.8 KBytes       
[  4] 235.01-236.03 sec  0.00 Bytes  0.00 bits/sec    0   46.7 KBytes       
[  4] 236.03-237.01 sec  0.00 Bytes  0.00 bits/sec    0   46.7 KBytes       
[  4] 237.01-238.00 sec  0.00 Bytes  0.00 bits/sec    0   58.0 KBytes       
[  4] 238.00-239.00 sec  0.00 Bytes  0.00 bits/sec    6   46.7 KBytes       
[  4] 239.00-240.00 sec  0.00 Bytes  0.00 bits/sec    2   42.4 KBytes       
[  4] 240.00-241.01 sec  0.00 Bytes  0.00 bits/sec    0   50.9 KBytes       
[  4] 241.01-242.00 sec  0.00 Bytes  0.00 bits/sec    0   56.6 KBytes       
[  4] 242.00-243.00 sec  0.00 Bytes  0.00 bits/sec    0   59.4 KBytes       
[  4] 243.00-244.01 sec  0.00 Bytes  0.00 bits/sec    0   60.8 KBytes       
[  4] 244.01-245.00 sec  0.00 Bytes  0.00 bits/sec    0   60.8 KBytes       
[  4] 245.00-246.00 sec  0.00 Bytes  0.00 bits/sec    0   65.0 KBytes       
[  4] 246.00-247.00 sec  0.00 Bytes  0.00 bits/sec    0   80.6 KBytes       
[  4] 247.00-248.00 sec  0.00 Bytes  0.00 bits/sec    0    100 KBytes       
[  4] 248.00-249.01 sec  0.00 Bytes  0.00 bits/sec    0    143 KBytes       
[  4] 249.01-250.00 sec  0.00 Bytes  0.00 bits/sec    0    195 KBytes       
[  4] 250.00-251.00 sec   191 KBytes  1.56 Mbits/sec    0    253 KBytes       
[  4] 251.00-252.00 sec   191 KBytes  1.56 Mbits/sec    0    334 KBytes       
[  4] 252.00-253.00 sec   382 KBytes  3.12 Mbits/sec    0    468 KBytes       
[  4] 253.00-254.02 sec   714 KBytes  5.74 Mbits/sec    0    669 KBytes       
[  4] 254.02-255.00 sec  0.00 Bytes  0.00 bits/sec    0    723 KBytes       
[  4] 255.00-256.00 sec   659 KBytes  5.40 Mbits/sec    0    932 KBytes       
[  4] 256.00-257.00 sec   595 KBytes  4.86 Mbits/sec    0   1.15 MBytes       
[  4] 257.00-258.00 sec   520 KBytes  4.27 Mbits/sec    0   1.15 MBytes       
[  4] 258.00-259.01 sec   520 KBytes  4.25 Mbits/sec    0   1.15 MBytes       
[  4] 259.01-260.00 sec   396 KBytes  3.26 Mbits/sec    0   1.15 MBytes       
[  4] 260.00-261.00 sec   266 KBytes  2.18 Mbits/sec    0   1.15 MBytes       
[  4] 261.00-262.00 sec   393 KBytes  3.22 Mbits/sec    0   1.15 MBytes       
[  4] 262.00-263.00 sec  0.00 Bytes  0.00 bits/sec   64    817 KBytes       
[  4] 263.00-264.13 sec  74.9 KBytes   543 Kbits/sec    0    817 KBytes       
[  4] 264.13-265.00 sec  1.02 MBytes  9.81 Mbits/sec    0    824 KBytes       
[  4] 265.00-266.00 sec  0.00 Bytes  0.00 bits/sec    0    824 KBytes       
[  4] 266.00-267.00 sec  0.00 Bytes  0.00 bits/sec    0    826 KBytes       
[  4] 267.00-268.00 sec   119 KBytes   972 Kbits/sec  183    542 KBytes       
[  4] 268.00-269.00 sec   790 KBytes  6.48 Mbits/sec    4    542 KBytes       
[  4] 269.00-270.00 sec   191 KBytes  1.56 Mbits/sec   25    515 KBytes       
[  4] 270.00-271.00 sec  63.6 KBytes   521 Kbits/sec    0    403 KBytes       
[  4] 271.00-272.00 sec   827 KBytes  6.77 Mbits/sec    0    424 KBytes       
[  4] 272.00-273.00 sec   509 KBytes  4.18 Mbits/sec    0    452 KBytes       
[  4] 273.00-274.00 sec   445 KBytes  3.64 Mbits/sec    0    471 KBytes       
[  4] 274.00-275.00 sec   127 KBytes  1.05 Mbits/sec    0    477 KBytes       
[  4] 275.00-276.00 sec   191 KBytes  1.56 Mbits/sec    2    474 KBytes       
[  4] 276.00-277.00 sec  0.00 Bytes  0.00 bits/sec   50    337 KBytes       
[  4] 277.00-278.00 sec   509 KBytes  4.18 Mbits/sec    0    341 KBytes       
[  4] 278.00-279.01 sec   382 KBytes  3.11 Mbits/sec    0    366 KBytes       
[  4] 279.01-280.00 sec   127 KBytes  1.05 Mbits/sec    0    378 KBytes       
[  4] 280.00-281.02 sec   318 KBytes  2.57 Mbits/sec    0    395 KBytes       
[  4] 281.02-282.01 sec   382 KBytes  3.17 Mbits/sec    0    403 KBytes       
[  4] 282.01-283.00 sec   318 KBytes  2.62 Mbits/sec    0    406 KBytes       
[  4] 283.00-284.00 sec   255 KBytes  2.09 Mbits/sec    0    409 KBytes       
[  4] 284.00-285.00 sec   255 KBytes  2.09 Mbits/sec    0    411 KBytes       
[  4] 285.00-286.00 sec  63.6 KBytes   521 Kbits/sec    4    386 KBytes       
[  4] 286.00-287.00 sec  0.00 Bytes  0.00 bits/sec    1    293 KBytes       
[  4] 287.00-288.00 sec   764 KBytes  6.25 Mbits/sec    0    315 KBytes       
[  4] 288.00-289.00 sec   191 KBytes  1.56 Mbits/sec    0    345 KBytes       
[  4] 289.00-290.00 sec   318 KBytes  2.61 Mbits/sec    0    382 KBytes       
[  4] 290.00-291.01 sec   255 KBytes  2.07 Mbits/sec    0    400 KBytes       
[  4] 291.01-292.00 sec   191 KBytes  1.57 Mbits/sec    0    406 KBytes       
[  4] 292.00-293.00 sec   318 KBytes  2.61 Mbits/sec    0    413 KBytes       
[  4] 293.00-294.14 sec  63.6 KBytes   458 Kbits/sec    0    414 KBytes       
[  4] 294.14-295.00 sec   127 KBytes  1.21 Mbits/sec    0    417 KBytes       
[  4] 295.00-296.00 sec   445 KBytes  3.65 Mbits/sec    0    428 KBytes       
[  4] 296.00-297.00 sec   255 KBytes  2.08 Mbits/sec    0    440 KBytes       
[  4] 297.00-298.00 sec   382 KBytes  3.13 Mbits/sec    0    468 KBytes       
[  4] 298.00-299.00 sec   255 KBytes  2.08 Mbits/sec    3    492 KBytes       
[  4] 299.00-300.00 sec  0.00 Bytes  0.00 bits/sec   52    349 KBytes       
[  4] 300.00-301.01 sec   382 KBytes  3.12 Mbits/sec   15    349 KBytes       
[  4] 301.01-302.00 sec   509 KBytes  4.19 Mbits/sec    0    369 KBytes       
[  4] 302.00-303.00 sec   318 KBytes  2.61 Mbits/sec    0    403 KBytes       
[  4] 303.00-304.00 sec   255 KBytes  2.08 Mbits/sec    0    443 KBytes       
[  4] 304.00-305.01 sec   255 KBytes  2.07 Mbits/sec    0    462 KBytes       
[  4] 305.01-306.00 sec   191 KBytes  1.58 Mbits/sec    7    461 KBytes       
[  4] 306.00-307.00 sec  0.00 Bytes  0.00 bits/sec   18    368 KBytes       
[  4] 307.00-308.01 sec  0.00 Bytes  0.00 bits/sec    0    332 KBytes       
[  4] 308.01-309.00 sec   636 KBytes  5.27 Mbits/sec    0    334 KBytes       
[  4] 309.00-310.00 sec   382 KBytes  3.13 Mbits/sec    0    354 KBytes       
[  4] 310.00-311.00 sec   318 KBytes  2.61 Mbits/sec    3    368 KBytes       
[  4] 311.00-312.00 sec   318 KBytes  2.60 Mbits/sec    0    368 KBytes       
[  4] 312.00-313.01 sec  63.6 KBytes   521 Kbits/sec    0    368 KBytes       
[  4] 313.01-314.00 sec   191 KBytes  1.57 Mbits/sec    0    372 KBytes       
[  4] 314.00-315.01 sec   191 KBytes  1.56 Mbits/sec    0    378 KBytes       
[  4] 315.01-316.00 sec   255 KBytes  2.10 Mbits/sec    0    397 KBytes       
[  4] 316.00-317.00 sec   255 KBytes  2.08 Mbits/sec    0    431 KBytes       
[  4] 317.00-318.00 sec  0.00 Bytes  0.00 bits/sec   48    324 KBytes       
[  4] 318.00-319.00 sec  0.00 Bytes  0.00 bits/sec    5    301 KBytes       
[  4] 319.00-320.00 sec   318 KBytes  2.60 Mbits/sec    0    301 KBytes       
[  4] 320.00-321.00 sec   382 KBytes  3.13 Mbits/sec    0    320 KBytes       
[  4] 321.00-322.01 sec   255 KBytes  2.06 Mbits/sec    0    354 KBytes       
[  4] 322.01-323.00 sec   191 KBytes  1.58 Mbits/sec    0    379 KBytes       
[  4] 323.00-324.00 sec   191 KBytes  1.57 Mbits/sec    0    402 KBytes       
[  4] 324.00-325.00 sec   191 KBytes  1.56 Mbits/sec    0    410 KBytes       
[  4] 325.00-326.00 sec   255 KBytes  2.09 Mbits/sec    0    420 KBytes       
[  4] 326.00-327.01 sec   191 KBytes  1.56 Mbits/sec    0    424 KBytes       
[  4] 327.01-328.00 sec   255 KBytes  2.09 Mbits/sec    0    430 KBytes       
[  4] 328.00-329.00 sec   191 KBytes  1.56 Mbits/sec    0    434 KBytes       
[  4] 329.00-330.00 sec   318 KBytes  2.61 Mbits/sec    0    448 KBytes       
[  4] 330.00-331.00 sec   318 KBytes  2.60 Mbits/sec    0    472 KBytes       
[  4] 331.00-332.00 sec   191 KBytes  1.57 Mbits/sec    0    499 KBytes       
[  4] 332.00-333.00 sec   318 KBytes  2.60 Mbits/sec    0    553 KBytes       
[  4] 333.00-334.00 sec   191 KBytes  1.56 Mbits/sec    0    608 KBytes       
[  4] 334.00-335.00 sec   191 KBytes  1.56 Mbits/sec   29    571 KBytes       
[  4] 335.00-336.00 sec  0.00 Bytes  0.00 bits/sec   24    486 KBytes       
[  4] 336.00-337.00 sec   139 KBytes  1.14 Mbits/sec   25    458 KBytes       
[  4] 337.00-338.00 sec   902 KBytes  7.39 Mbits/sec    0    460 KBytes       
[  4] 338.00-339.00 sec   255 KBytes  2.08 Mbits/sec    0    488 KBytes       
[  4] 339.00-340.00 sec   382 KBytes  3.12 Mbits/sec    0    539 KBytes       
[  4] 340.00-341.00 sec   318 KBytes  2.61 Mbits/sec    0    583 KBytes       
[  4] 341.00-342.01 sec   191 KBytes  1.55 Mbits/sec    0    601 KBytes       
[  4] 342.01-343.00 sec   191 KBytes  1.58 Mbits/sec    0    617 KBytes       
[  4] 343.00-344.00 sec   382 KBytes  3.12 Mbits/sec    0    634 KBytes       
[  4] 344.00-345.00 sec   191 KBytes  1.57 Mbits/sec    0    639 KBytes       
[  4] 345.00-346.00 sec   444 KBytes  3.64 Mbits/sec    0    648 KBytes       
[  4] 346.00-347.00 sec   191 KBytes  1.57 Mbits/sec    0    650 KBytes       
[  4] 347.00-348.00 sec   318 KBytes  2.61 Mbits/sec    0    659 KBytes       
[  4] 348.00-349.00 sec   191 KBytes  1.56 Mbits/sec    0    667 KBytes       
[  4] 349.00-350.00 sec   393 KBytes  3.22 Mbits/sec    0    700 KBytes       
[  4] 350.00-351.00 sec   191 KBytes  1.56 Mbits/sec    0    724 KBytes       
[  4] 351.00-352.00 sec   520 KBytes  4.26 Mbits/sec    0    799 KBytes       
[  4] 352.00-353.00 sec   648 KBytes  5.32 Mbits/sec    0    895 KBytes       
[  4] 353.00-354.02 sec  0.00 Bytes  0.00 bits/sec    0    908 KBytes       
[  4] 354.02-355.00 sec   329 KBytes  2.75 Mbits/sec    0   1.02 MBytes       
[  4] 355.00-356.00 sec   139 KBytes  1.13 Mbits/sec    0   1.03 MBytes       
[  4] 356.00-357.00 sec   520 KBytes  4.28 Mbits/sec    0   1.03 MBytes       
[  4] 357.00-358.02 sec   457 KBytes  3.67 Mbits/sec    0   1.03 MBytes       
[  4] 358.02-359.00 sec  0.00 Bytes  0.00 bits/sec    0   1.08 MBytes       
[  4] 359.00-360.00 sec   584 KBytes  4.79 Mbits/sec    0   1.33 MBytes       
[  4] 360.00-361.01 sec  0.00 Bytes  0.00 bits/sec    0   1.34 MBytes       
[  4] 361.01-362.01 sec   532 KBytes  4.36 Mbits/sec    0   1.55 MBytes       
[  4] 362.01-363.00 sec  0.00 Bytes  0.00 bits/sec    0   1.55 MBytes       
[  4] 363.00-364.00 sec  0.00 Bytes  0.00 bits/sec  143    798 KBytes       
[  4] 364.00-365.00 sec  0.00 Bytes  0.00 bits/sec   78    747 KBytes       
[  4] 365.00-366.00 sec  0.00 Bytes  0.00 bits/sec    0    747 KBytes       
[  4] 366.00-367.00 sec   457 KBytes  3.74 Mbits/sec    0    747 KBytes       
[  4] 367.00-368.00 sec   139 KBytes  1.14 Mbits/sec    0    747 KBytes       
[  4] 368.00-369.08 sec   584 KBytes  4.43 Mbits/sec    0   1.09 MBytes       
[  4] 369.08-370.01 sec   329 KBytes  2.92 Mbits/sec    0   1.09 MBytes       
[  4] 370.01-371.02 sec  74.9 KBytes   607 Kbits/sec    0   1.09 MBytes       
[  4] 371.02-372.00 sec   382 KBytes  3.17 Mbits/sec   62    516 KBytes       
[  4] 372.00-373.01 sec  0.00 Bytes  0.00 bits/sec   52    492 KBytes       
[  4] 373.01-374.00 sec  0.00 Bytes  0.00 bits/sec    6    496 KBytes       
[  4] 374.00-375.08 sec  74.9 KBytes   569 Kbits/sec   75    378 KBytes       
[  4] 375.08-376.00 sec  0.00 Bytes  0.00 bits/sec   17    354 KBytes       
[  4] 376.00-377.01 sec   839 KBytes  6.84 Mbits/sec    0    362 KBytes       
[  4] 377.01-378.00 sec  0.00 Bytes  0.00 bits/sec    1   1.41 KBytes       
[  4] 378.00-379.00 sec  0.00 Bytes  0.00 bits/sec    0   1.41 KBytes       
[  4] 379.00-380.00 sec  0.00 Bytes  0.00 bits/sec    3   4.24 KBytes       
[  4] 380.00-381.00 sec  0.00 Bytes  0.00 bits/sec    8   9.90 KBytes       
[  4] 381.00-382.00 sec  0.00 Bytes  0.00 bits/sec    8   17.0 KBytes       
[  4] 382.00-383.00 sec  0.00 Bytes  0.00 bits/sec    0   17.0 KBytes       
[  4] 383.00-384.00 sec  0.00 Bytes  0.00 bits/sec    5   17.0 KBytes       
[  4] 384.00-385.00 sec  0.00 Bytes  0.00 bits/sec    6   1.41 KBytes       
[  4] 385.00-386.00 sec  63.6 KBytes   521 Kbits/sec    2   2.83 KBytes       
[  4] 386.00-387.00 sec  0.00 Bytes  0.00 bits/sec    0   2.83 KBytes       
[  4] 387.00-388.00 sec  0.00 Bytes  0.00 bits/sec    6   8.48 KBytes       
[  4] 388.00-389.00 sec  63.6 KBytes   521 Kbits/sec   11   15.6 KBytes       
[  4] 389.00-390.01 sec  63.6 KBytes   518 Kbits/sec   12   17.0 KBytes       
[  4] 390.01-391.02 sec  0.00 Bytes  0.00 bits/sec    0   17.0 KBytes       
[  4] 391.02-392.00 sec   445 KBytes  3.73 Mbits/sec   64    262 KBytes       
[  4] 392.00-393.02 sec   764 KBytes  6.17 Mbits/sec    0    301 KBytes       
[  4] 393.02-394.00 sec  63.6 KBytes   527 Kbits/sec   15    249 KBytes       
[  4] 394.00-395.00 sec  0.00 Bytes  0.00 bits/sec   42    211 KBytes       
[  4] 395.00-396.00 sec   127 KBytes  1.05 Mbits/sec   34    195 KBytes       
[  4] 396.00-397.00 sec  0.00 Bytes  0.00 bits/sec    0    211 KBytes       
[  4] 397.00-398.00 sec  0.00 Bytes  0.00 bits/sec    0    211 KBytes       
[  4] 398.00-399.02 sec   127 KBytes  1.02 Mbits/sec    1   1.41 KBytes       
[  4] 399.02-400.00 sec  0.00 Bytes  0.00 bits/sec    0   1.41 KBytes       
[  4] 400.00-401.00 sec  0.00 Bytes  0.00 bits/sec    2   2.83 KBytes       
[  4] 401.00-402.00 sec  63.6 KBytes   521 Kbits/sec    7   9.90 KBytes       
[  4] 402.00-403.01 sec  0.00 Bytes  0.00 bits/sec    0   9.90 KBytes       
[  4] 403.01-404.00 sec  0.00 Bytes  0.00 bits/sec    5   21.2 KBytes       
[  4] 404.00-405.00 sec   573 KBytes  4.69 Mbits/sec    0    233 KBytes       
[  4] 405.00-406.00 sec  0.00 Bytes  0.00 bits/sec    0    233 KBytes       
[  4] 406.00-407.00 sec   191 KBytes  1.56 Mbits/sec    0    245 KBytes       
[  4] 407.00-408.00 sec  0.00 Bytes  0.00 bits/sec    0    245 KBytes       
[  4] 408.00-409.00 sec   191 KBytes  1.56 Mbits/sec    0    293 KBytes       
[  4] 409.00-410.00 sec  63.6 KBytes   521 Kbits/sec    0    296 KBytes       
[  4] 410.00-411.00 sec  0.00 Bytes  0.00 bits/sec    0    296 KBytes       
[  4] 411.00-412.00 sec   636 KBytes  5.21 Mbits/sec    0    428 KBytes       
[  4] 412.00-413.00 sec  0.00 Bytes  0.00 bits/sec    0    428 KBytes       
[  4] 413.00-414.00 sec  0.00 Bytes  0.00 bits/sec    0    428 KBytes       
[  4] 414.00-415.00 sec  0.00 Bytes  0.00 bits/sec  102    303 KBytes       
[  4] 415.00-416.00 sec  0.00 Bytes  0.00 bits/sec   10    303 KBytes       
[  4] 416.00-417.00 sec  0.00 Bytes  0.00 bits/sec   39    293 KBytes       
[  4] 417.00-418.00 sec  0.00 Bytes  0.00 bits/sec   28    300 KBytes       
[  4] 418.00-419.00 sec  0.00 Bytes  0.00 bits/sec    6    297 KBytes       
[  4] 419.00-420.00 sec  0.00 Bytes  0.00 bits/sec    8   1.41 KBytes       
[  4] 420.00-421.00 sec  0.00 Bytes  0.00 bits/sec    0   1.41 KBytes       
[  4] 421.00-422.00 sec   255 KBytes  2.09 Mbits/sec   88    225 KBytes       
[  4] 422.00-423.00 sec   891 KBytes  7.29 Mbits/sec    0    342 KBytes       
[  4] 423.00-424.00 sec   255 KBytes  2.09 Mbits/sec    0    354 KBytes       
[  4] 424.00-425.00 sec   127 KBytes  1.04 Mbits/sec    0    359 KBytes       
[  4] 425.00-426.00 sec   191 KBytes  1.57 Mbits/sec    0    370 KBytes       
[  4] 426.00-427.00 sec  0.00 Bytes  0.00 bits/sec    0    372 KBytes       
[  4] 427.00-428.00 sec   127 KBytes  1.04 Mbits/sec    0    392 KBytes       
[  4] 428.00-429.00 sec  0.00 Bytes  0.00 bits/sec   12    308 KBytes       
[  4] 429.00-430.12 sec  0.00 Bytes  0.00 bits/sec    0    273 KBytes       
[  4] 430.12-431.00 sec  0.00 Bytes  0.00 bits/sec    0    273 KBytes       
[  4] 431.00-432.00 sec  0.00 Bytes  0.00 bits/sec    1    273 KBytes       
[  4] 432.00-433.00 sec  0.00 Bytes  0.00 bits/sec   34    273 KBytes       
[  4] 433.00-434.00 sec  0.00 Bytes  0.00 bits/sec    2    273 KBytes       
[  4] 434.00-435.00 sec  0.00 Bytes  0.00 bits/sec   34    273 KBytes       
[  4] 435.00-436.01 sec  0.00 Bytes  0.00 bits/sec    1   1.41 KBytes       
[  4] 436.01-437.00 sec  63.6 KBytes   525 Kbits/sec   12   17.0 KBytes       
[  4] 437.00-438.00 sec   573 KBytes  4.69 Mbits/sec   73    294 KBytes       
[  4] 438.00-439.00 sec   764 KBytes  6.25 Mbits/sec    0    329 KBytes       
[  4] 439.00-440.00 sec   191 KBytes  1.56 Mbits/sec    0    337 KBytes       
[  4] 440.00-441.00 sec   127 KBytes  1.04 Mbits/sec    0    346 KBytes       
[  4] 441.00-442.00 sec   191 KBytes  1.56 Mbits/sec    0    354 KBytes       
[  4] 442.00-443.00 sec   191 KBytes  1.56 Mbits/sec    0    370 KBytes       
[  4] 443.00-444.00 sec  0.00 Bytes  0.00 bits/sec    0    390 KBytes       
[  4] 444.00-445.00 sec   255 KBytes  2.08 Mbits/sec    0    452 KBytes       
[  4] 445.00-446.00 sec   573 KBytes  4.69 Mbits/sec    0    529 KBytes       
[  4] 446.00-447.00 sec   382 KBytes  3.13 Mbits/sec    0    577 KBytes       
[  4] 447.00-448.00 sec   318 KBytes  2.61 Mbits/sec   56    468 KBytes       
[  4] 448.00-449.00 sec  0.00 Bytes  0.00 bits/sec    2    465 KBytes       
[  4] 449.00-450.00 sec  0.00 Bytes  0.00 bits/sec   62    436 KBytes       
[  4] 450.00-451.00 sec  0.00 Bytes  0.00 bits/sec    6    436 KBytes       
[  4] 451.00-452.00 sec  0.00 Bytes  0.00 bits/sec   49    436 KBytes       
[  4] 452.00-453.00 sec  0.00 Bytes  0.00 bits/sec    5    434 KBytes       
[  4] 453.00-454.01 sec  0.00 Bytes  0.00 bits/sec   42    436 KBytes       
[  4] 454.01-455.00 sec  0.00 Bytes  0.00 bits/sec    1   1.41 KBytes       
[  4] 455.00-456.00 sec  1.12 MBytes  9.37 Mbits/sec   94    465 KBytes       
[  4] 456.00-457.00 sec   764 KBytes  6.27 Mbits/sec    0    505 KBytes       
[  4] 457.00-458.00 sec   191 KBytes  1.56 Mbits/sec    0    518 KBytes       
[  4] 458.00-459.00 sec   191 KBytes  1.56 Mbits/sec    0    526 KBytes       
[  4] 459.00-460.00 sec   318 KBytes  2.61 Mbits/sec    0    543 KBytes       
[  4] 460.00-461.00 sec  0.00 Bytes  0.00 bits/sec    0    543 KBytes       
[  4] 461.00-462.01 sec   509 KBytes  4.12 Mbits/sec    0    583 KBytes       
[  4] 462.01-463.01 sec  63.6 KBytes   523 Kbits/sec    0    592 KBytes       
[  4] 463.01-464.01 sec   764 KBytes  6.24 Mbits/sec    0    707 KBytes       
[  4] 464.01-465.03 sec   764 KBytes  6.14 Mbits/sec    0    798 KBytes       
[  4] 465.03-466.01 sec  0.00 Bytes  0.00 bits/sec    0    799 KBytes       
[  4] 466.01-467.00 sec  0.00 Bytes  0.00 bits/sec   82    587 KBytes       
[  4] 467.00-468.06 sec  0.00 Bytes  0.00 bits/sec   49    561 KBytes       
[  4] 468.06-469.00 sec  0.00 Bytes  0.00 bits/sec   13    561 KBytes       
[  4] 469.00-470.00 sec  0.00 Bytes  0.00 bits/sec   55    561 KBytes       
[  4] 470.00-471.00 sec  0.00 Bytes  0.00 bits/sec   14    561 KBytes       
[  4] 471.00-472.00 sec  0.00 Bytes  0.00 bits/sec   39    561 KBytes       
[  4] 472.00-473.00 sec  63.6 KBytes   521 Kbits/sec    9   1.41 KBytes       
[  4] 473.00-474.00 sec  2.24 MBytes  18.8 Mbits/sec  108    639 KBytes       
[  4] 474.00-475.00 sec   191 KBytes  1.56 Mbits/sec    0    655 KBytes       
[  4] 475.00-476.00 sec   191 KBytes  1.57 Mbits/sec    0    665 KBytes       
[  4] 476.00-477.00 sec   382 KBytes  3.12 Mbits/sec    0    687 KBytes       
[  4] 477.00-478.00 sec  63.6 KBytes   522 Kbits/sec    0    689 KBytes       
[  4] 478.00-479.00 sec   318 KBytes  2.61 Mbits/sec    0    706 KBytes       
[  4] 479.00-480.00 sec   318 KBytes  2.60 Mbits/sec    0    723 KBytes       
[  4] 480.00-481.00 sec  63.6 KBytes   521 Kbits/sec    4    706 KBytes       
[  4] 481.00-482.00 sec  0.00 Bytes  0.00 bits/sec   15    554 KBytes       
[  4] 482.00-483.00 sec  0.00 Bytes  0.00 bits/sec   13    513 KBytes       
[  4] 483.00-484.00 sec  0.00 Bytes  0.00 bits/sec   16    513 KBytes       
[  4] 484.00-485.00 sec  0.00 Bytes  0.00 bits/sec    2    513 KBytes       
[  4] 485.00-486.00 sec  0.00 Bytes  0.00 bits/sec   27    513 KBytes       
[  4] 486.00-487.00 sec  0.00 Bytes  0.00 bits/sec    9    513 KBytes       
[  4] 487.00-488.02 sec   318 KBytes  2.56 Mbits/sec   18   46.7 KBytes       
[  4] 488.02-489.12 sec  2.05 MBytes  15.6 Mbits/sec    0    602 KBytes       
[  4] 489.12-490.00 sec  0.00 Bytes  0.00 bits/sec    0    604 KBytes       
[  4] 490.00-491.02 sec   318 KBytes  2.55 Mbits/sec    0    619 KBytes       
[  4] 491.02-492.02 sec   255 KBytes  2.09 Mbits/sec    0    632 KBytes       
[  4] 492.02-493.00 sec  0.00 Bytes  0.00 bits/sec    0    634 KBytes       
[  4] 493.00-494.00 sec   318 KBytes  2.61 Mbits/sec    0    649 KBytes       
[  4] 494.00-495.00 sec   255 KBytes  2.08 Mbits/sec    0    665 KBytes       
[  4] 495.00-496.00 sec   191 KBytes  1.57 Mbits/sec    0    699 KBytes       
[  4] 496.00-497.00 sec   318 KBytes  2.61 Mbits/sec    0    781 KBytes       
[  4] 497.00-498.00 sec   127 KBytes  1.04 Mbits/sec    0    809 KBytes       
[  4] 498.00-499.00 sec  1.25 MBytes  10.5 Mbits/sec    0    979 KBytes       
[  4] 499.00-500.00 sec   311 KBytes  2.55 Mbits/sec   17   1000 KBytes       
[  4] 500.00-501.00 sec  0.00 Bytes  0.00 bits/sec   13    967 KBytes       
[  4] 501.00-502.00 sec  0.00 Bytes  0.00 bits/sec  147    745 KBytes       
[  4] 502.00-503.00 sec  0.00 Bytes  0.00 bits/sec   31    745 KBytes       
[  4] 503.00-504.00 sec  0.00 Bytes  0.00 bits/sec   83    745 KBytes       
[  4] 504.00-505.00 sec  0.00 Bytes  0.00 bits/sec   13    745 KBytes       
[  4] 505.00-506.02 sec  0.00 Bytes  0.00 bits/sec   52    745 KBytes       
[  4] 506.02-507.02 sec  0.00 Bytes  0.00 bits/sec    1   1.41 KBytes       
[  4] 507.02-508.00 sec   255 KBytes  2.12 Mbits/sec   95    134 KBytes       
[  4] 508.00-509.00 sec  2.50 MBytes  21.0 Mbits/sec   68    850 KBytes       
[  4] 509.00-510.01 sec   558 KBytes  4.54 Mbits/sec    0    874 KBytes       
[  4] 510.01-511.00 sec   382 KBytes  3.15 Mbits/sec    0    892 KBytes       
[  4] 511.00-512.00 sec   509 KBytes  4.17 Mbits/sec    0    918 KBytes       
[  4] 512.00-513.00 sec   636 KBytes  5.21 Mbits/sec    0    950 KBytes       
[  4] 513.00-514.00 sec  1018 KBytes  8.35 Mbits/sec    0   1003 KBytes       
[  4] 514.00-515.00 sec  1.25 MBytes  10.5 Mbits/sec    0   1.03 MBytes       
[  4] 515.00-516.00 sec   947 KBytes  7.76 Mbits/sec    0   1.06 MBytes       
[  4] 516.00-517.00 sec  1.12 MBytes  9.38 Mbits/sec    0   1.12 MBytes       
[  4] 517.00-518.00 sec   255 KBytes  2.09 Mbits/sec    0   1.15 MBytes       
[  4] 518.00-519.00 sec  1.25 MBytes  10.5 Mbits/sec    0   1.37 MBytes       
[  4] 519.00-520.00 sec  1.11 MBytes  9.34 Mbits/sec    0   1.39 MBytes       
[  4] 520.00-521.01 sec  1.25 MBytes  10.4 Mbits/sec    0   1.67 MBytes       
[  4] 521.01-522.00 sec  1.25 MBytes  10.5 Mbits/sec   24   1.66 MBytes       
[  4] 522.00-523.00 sec  1.17 MBytes  9.78 Mbits/sec    0   1.42 MBytes       
[  4] 523.00-524.00 sec  1.25 MBytes  10.5 Mbits/sec    0   1.33 MBytes       
[  4] 524.00-525.01 sec  1.25 MBytes  10.4 Mbits/sec    0   1.43 MBytes       
[  4] 525.01-526.00 sec  1.25 MBytes  10.5 Mbits/sec    0   1.53 MBytes       
[  4] 526.00-527.00 sec  1.22 MBytes  10.3 Mbits/sec    0   1.60 MBytes       
[  4] 527.00-528.05 sec   636 KBytes  4.95 Mbits/sec    0   1.65 MBytes       
[  4] 528.05-529.01 sec   764 KBytes  6.57 Mbits/sec    0   1.70 MBytes       
[  4] 529.01-530.00 sec   700 KBytes  5.77 Mbits/sec    0   1.74 MBytes       
[  4] 530.00-531.00 sec   954 KBytes  7.81 Mbits/sec    0   1.78 MBytes       
[  4] 531.00-532.00 sec   891 KBytes  7.31 Mbits/sec    0   1.80 MBytes       
[  4] 532.00-533.00 sec  1018 KBytes  8.32 Mbits/sec    0   1.81 MBytes       
[  4] 533.00-533.00 sec  0.00 Bytes  0.00 bits/sec    0   1.81 MBytes       
- - - - - - - - - - - - - - - - - - - - - - - - -
[ ID] Interval           Transfer     Bandwidth       Retr
[  4]   0.00-533.00 sec   101 MBytes  1.59 Mbits/sec  3581             sender
[  4]   0.00-533.00 sec  92.7 MBytes  1.46 Mbits/sec                  receiver

iperf Done.
