-----------------------------------------------------------
Server listening on 5202
-----------------------------------------------------------
Accepted connection from 10.0.0.1, port 37155
[  5] local 10.0.0.2 port 5202 connected to 10.0.0.1 port 46112
[ ID] Interval           Transfer     Bandwidth
[  5]   0.00-1.00   sec   165 KBytes  1.36 Mbits/sec                  
[  5]   1.00-2.00   sec   175 KBytes  1.44 Mbits/sec                  
[  5]   2.00-3.00   sec   187 KBytes  1.53 Mbits/sec                  
[  5]   3.00-4.00   sec   420 KBytes  3.45 Mbits/sec                  
[  5]   4.00-5.00   sec   526 KBytes  4.31 Mbits/sec                  
[  5]   5.00-6.00   sec   518 KBytes  4.24 Mbits/sec                  
[  5]   6.00-7.00   sec   505 KBytes  4.14 Mbits/sec                  
[  5]   7.00-8.00   sec   522 KBytes  4.27 Mbits/sec                  
[  5]   8.00-9.00   sec   494 KBytes  4.04 Mbits/sec                  
[  5]   9.00-10.00  sec   478 KBytes  3.92 Mbits/sec                  
[  5]  10.00-11.00  sec   389 KBytes  3.18 Mbits/sec                  
[  5]  11.00-12.00  sec   481 KBytes  3.94 Mbits/sec                  
[  5]  12.00-13.00  sec  43.8 KBytes   359 Kbits/sec                  
[  5]  13.00-14.00  sec   584 KBytes  4.79 Mbits/sec                  
[  5]  14.00-15.00  sec   775 KBytes  6.35 Mbits/sec                  
[  5]  15.00-16.00  sec   488 KBytes  3.99 Mbits/sec                  
[  5]  16.00-16.22  sec  99.0 KBytes  3.76 Mbits/sec                  
- - - - - - - - - - - - - - - - - - - - - - - - -
[ ID] Interval           Transfer     Bandwidth
[  5]   0.00-16.22  sec  0.00 Bytes  0.00 bits/sec                  sender
[  5]   0.00-16.22  sec  6.69 MBytes  3.46 Mbits/sec                  receiver
