Connecting to host 10.0.0.2, port 5204
[  4] local 10.0.0.1 port 46116 connected to 10.0.0.2 port 5204
[ ID] Interval           Transfer     Bandwidth       Retr  Cwnd
[  4]   0.00-1.00   sec   317 KBytes  2.59 Mbits/sec    0   42.4 KBytes       
[  4]   1.00-2.01   sec   134 KBytes  1.10 Mbits/sec    0   49.5 KBytes       
[  4]   2.01-3.02   sec   191 KBytes  1.55 Mbits/sec    0   55.1 KBytes       
[  4]   3.02-4.01   sec   127 KBytes  1.05 Mbits/sec    0   60.8 KBytes       
[  4]   4.01-5.00   sec   191 KBytes  1.58 Mbits/sec    0   77.8 KBytes       
[  4]   5.00-6.00   sec   191 KBytes  1.56 Mbits/sec    0   97.6 KBytes       
[  4]   6.00-7.00   sec   255 KBytes  2.08 Mbits/sec    0    130 KBytes       
[  4]   7.00-8.01   sec   445 KBytes  3.62 Mbits/sec    0    188 KBytes       
[  4]   8.01-9.00   sec   127 KBytes  1.05 Mbits/sec   20    147 KBytes       
[  4]   9.00-10.01  sec  0.00 Bytes  0.00 bits/sec   24    144 KBytes       
[  4]  10.01-11.00  sec  0.00 Bytes  0.00 bits/sec    0    144 KBytes       
[  4]  11.00-12.00  sec   445 KBytes  3.65 Mbits/sec    0    107 KBytes       
[  4]  12.00-13.00  sec   127 KBytes  1.04 Mbits/sec    0    105 KBytes       
[  4]  13.00-14.00  sec  63.6 KBytes   522 Kbits/sec    0    113 KBytes       
[  4]  14.00-15.00  sec  0.00 Bytes  0.00 bits/sec    0    115 KBytes       
[  4]  15.00-16.00  sec  0.00 Bytes  0.00 bits/sec    7   79.2 KBytes       
[  4]  16.00-17.00  sec   191 KBytes  1.56 Mbits/sec    0   83.4 KBytes       
[  4]  17.00-18.00  sec   127 KBytes  1.05 Mbits/sec    0   90.5 KBytes       
[  4]  18.00-19.00  sec  63.6 KBytes   521 Kbits/sec    0   94.7 KBytes       
[  4]  19.00-20.00  sec  63.6 KBytes   520 Kbits/sec    0   94.7 KBytes       
[  4]  20.00-21.00  sec   127 KBytes  1.05 Mbits/sec    0   97.6 KBytes       
[  4]  21.00-22.00  sec  0.00 Bytes  0.00 bits/sec    0   99.0 KBytes       
[  4]  22.00-23.00  sec   127 KBytes  1.04 Mbits/sec    0    110 KBytes       
[  4]  23.00-24.00  sec  63.6 KBytes   521 Kbits/sec    0    136 KBytes       
[  4]  24.00-25.01  sec  0.00 Bytes  0.00 bits/sec    0    150 KBytes       
[  4]  25.01-26.00  sec   127 KBytes  1.05 Mbits/sec    0    201 KBytes       
[  4]  26.00-27.01  sec   573 KBytes  4.67 Mbits/sec    0    280 KBytes       
[  4]  27.01-28.00  sec   509 KBytes  4.19 Mbits/sec    0    351 KBytes       
[  4]  28.00-29.00  sec   191 KBytes  1.56 Mbits/sec   22    310 KBytes       
[  4]  29.00-30.00  sec  0.00 Bytes  0.00 bits/sec   44    260 KBytes       
[  4]  30.00-31.01  sec  0.00 Bytes  0.00 bits/sec    0    260 KBytes       
[  4]  31.01-32.00  sec   636 KBytes  5.24 Mbits/sec    0    225 KBytes       
[  4]  32.00-33.00  sec   255 KBytes  2.09 Mbits/sec    0    184 KBytes       
[  4]  33.00-34.00  sec   191 KBytes  1.57 Mbits/sec    2    194 KBytes       
[  4]  34.00-35.00  sec  0.00 Bytes  0.00 bits/sec    4    158 KBytes       
[  4]  35.00-36.00  sec  0.00 Bytes  0.00 bits/sec    0    139 KBytes       
[  4]  36.00-37.00  sec   318 KBytes  2.61 Mbits/sec    0    146 KBytes       
[  4]  37.00-38.00  sec   191 KBytes  1.57 Mbits/sec    0    157 KBytes       
[  4]  38.00-39.00  sec   127 KBytes  1.04 Mbits/sec    0    164 KBytes       
[  4]  39.00-40.01  sec   127 KBytes  1.04 Mbits/sec    0    167 KBytes       
[  4]  40.01-41.01  sec   127 KBytes  1.04 Mbits/sec    0    168 KBytes       
[  4]  41.01-42.00  sec   127 KBytes  1.05 Mbits/sec    0    170 KBytes       
[  4]  42.00-43.01  sec   127 KBytes  1.04 Mbits/sec    0    178 KBytes       
[  4]  43.01-44.00  sec  0.00 Bytes  0.00 bits/sec    5    151 KBytes       
[  4]  44.00-45.00  sec  63.6 KBytes   521 Kbits/sec    2    129 KBytes       
[  4]  45.00-46.00  sec   255 KBytes  2.09 Mbits/sec    0    134 KBytes       
[  4]  46.00-47.00  sec   127 KBytes  1.04 Mbits/sec    0    151 KBytes       
[  4]  47.00-48.00  sec   127 KBytes  1.04 Mbits/sec    0    170 KBytes       
[  4]  48.00-49.00  sec   127 KBytes  1.04 Mbits/sec    0    175 KBytes       
[  4]  49.00-50.00  sec  63.6 KBytes   522 Kbits/sec    0    180 KBytes       
[  4]  50.00-51.00  sec   191 KBytes  1.56 Mbits/sec    0    182 KBytes       
[  4]  51.00-52.00  sec  63.6 KBytes   521 Kbits/sec    0    187 KBytes       
[  4]  52.00-53.00  sec   127 KBytes  1.04 Mbits/sec    0    192 KBytes       
[  4]  53.00-54.01  sec  0.00 Bytes  0.00 bits/sec    6    156 KBytes       
[  4]  54.01-55.00  sec  0.00 Bytes  0.00 bits/sec    1    137 KBytes       
[  4]  55.00-56.00  sec   255 KBytes  2.09 Mbits/sec    0    139 KBytes       
[  4]  56.00-57.00  sec   191 KBytes  1.56 Mbits/sec    0    160 KBytes       
[  4]  57.00-58.00  sec   127 KBytes  1.04 Mbits/sec    0    175 KBytes       
[  4]  58.00-59.00  sec   127 KBytes  1.04 Mbits/sec    0    185 KBytes       
[  4]  59.00-60.00  sec  63.6 KBytes   522 Kbits/sec    0    189 KBytes       
[  4]  60.00-61.00  sec   191 KBytes  1.56 Mbits/sec    0    192 KBytes       
[  4]  61.00-62.00  sec  0.00 Bytes  0.00 bits/sec    7    140 KBytes       
[  4]  62.00-63.00  sec   255 KBytes  2.09 Mbits/sec    0    137 KBytes       
[  4]  63.00-64.00  sec   127 KBytes  1.04 Mbits/sec    0    147 KBytes       
[  4]  64.00-65.00  sec   127 KBytes  1.04 Mbits/sec    0    154 KBytes       
[  4]  65.00-66.00  sec   127 KBytes  1.04 Mbits/sec    0    158 KBytes       
[  4]  66.00-67.00  sec   127 KBytes  1.04 Mbits/sec    0    161 KBytes       
[  4]  67.00-68.00  sec   127 KBytes  1.04 Mbits/sec    0    163 KBytes       
[  4]  68.00-69.00  sec   127 KBytes  1.04 Mbits/sec    0    167 KBytes       
[  4]  69.00-70.00  sec   127 KBytes  1.04 Mbits/sec    0    174 KBytes       
[  4]  70.00-71.00  sec   127 KBytes  1.04 Mbits/sec    0    191 KBytes       
[  4]  71.00-72.01  sec  0.00 Bytes  0.00 bits/sec    7    165 KBytes       
[  4]  72.01-73.00  sec  0.00 Bytes  0.00 bits/sec    5    139 KBytes       
[  4]  73.00-74.00  sec   191 KBytes  1.56 Mbits/sec    0    139 KBytes       
[  4]  74.00-75.00  sec   255 KBytes  2.09 Mbits/sec    0    153 KBytes       
[  4]  75.00-76.00  sec   191 KBytes  1.56 Mbits/sec    0    171 KBytes       
[  4]  76.00-77.00  sec   127 KBytes  1.04 Mbits/sec    0    185 KBytes       
[  4]  77.00-78.00  sec   127 KBytes  1.04 Mbits/sec    0    192 KBytes       
[  4]  78.00-79.00  sec   127 KBytes  1.04 Mbits/sec    0    195 KBytes       
[  4]  79.00-80.00  sec   127 KBytes  1.04 Mbits/sec    0    197 KBytes       
[  4]  80.00-81.00  sec   191 KBytes  1.56 Mbits/sec    0    201 KBytes       
[  4]  81.00-82.00  sec   127 KBytes  1.04 Mbits/sec    0    209 KBytes       
[  4]  82.00-83.00  sec  63.6 KBytes   521 Kbits/sec    0    218 KBytes       
[  4]  83.00-84.00  sec   127 KBytes  1.04 Mbits/sec    3    238 KBytes       
[  4]  84.00-85.01  sec  0.00 Bytes  0.00 bits/sec    5    209 KBytes       
[  4]  85.01-86.00  sec  0.00 Bytes  0.00 bits/sec   20    171 KBytes       
[  4]  86.00-87.00  sec   382 KBytes  3.13 Mbits/sec    0    173 KBytes       
[  4]  87.00-88.00  sec   127 KBytes  1.04 Mbits/sec    0    189 KBytes       
[  4]  88.00-89.00  sec   191 KBytes  1.56 Mbits/sec    0    209 KBytes       
[  4]  89.00-90.00  sec   127 KBytes  1.04 Mbits/sec    0    225 KBytes       
[  4]  90.00-91.00  sec   127 KBytes  1.04 Mbits/sec    0    235 KBytes       
[  4]  91.00-92.00  sec  0.00 Bytes  0.00 bits/sec    5    195 KBytes       
[  4]  92.00-93.00  sec   127 KBytes  1.04 Mbits/sec    5    164 KBytes       
[  4]  93.00-94.00  sec   318 KBytes  2.60 Mbits/sec    0    168 KBytes       
[  4]  94.00-95.00  sec   191 KBytes  1.56 Mbits/sec    0    181 KBytes       
[  4]  95.00-96.00  sec   127 KBytes  1.04 Mbits/sec    0    191 KBytes       
[  4]  96.00-97.00  sec  63.6 KBytes   522 Kbits/sec    0    194 KBytes       
[  4]  97.00-98.00  sec   191 KBytes  1.56 Mbits/sec    0    197 KBytes       
[  4]  98.00-99.00  sec   127 KBytes  1.04 Mbits/sec    0    199 KBytes       
[  4]  99.00-100.00 sec   127 KBytes  1.04 Mbits/sec    0    204 KBytes       
[  4] 100.00-101.00 sec   127 KBytes  1.04 Mbits/sec    0    212 KBytes       
[  4] 101.00-102.00 sec   127 KBytes  1.04 Mbits/sec    0    230 KBytes       
[  4] 102.00-103.00 sec   127 KBytes  1.04 Mbits/sec    2    250 KBytes       
[  4] 103.00-104.00 sec  0.00 Bytes  0.00 bits/sec    9    198 KBytes       
[  4] 104.00-105.00 sec  63.6 KBytes   521 Kbits/sec   16    178 KBytes       
[  4] 105.00-106.00 sec   318 KBytes  2.61 Mbits/sec    0    180 KBytes       
[  4] 106.00-107.00 sec   127 KBytes  1.04 Mbits/sec    0    192 KBytes       
[  4] 107.00-108.00 sec   191 KBytes  1.56 Mbits/sec    0    218 KBytes       
[  4] 108.00-109.00 sec  63.6 KBytes   521 Kbits/sec    3    218 KBytes       
[  4] 109.00-110.00 sec  0.00 Bytes  0.00 bits/sec   14    167 KBytes       
[  4] 110.00-111.00 sec   127 KBytes  1.04 Mbits/sec    5    160 KBytes       
[  4] 111.00-112.00 sec   318 KBytes  2.61 Mbits/sec    0    164 KBytes       
[  4] 112.00-113.00 sec   127 KBytes  1.04 Mbits/sec    0    175 KBytes       
[  4] 113.00-114.00 sec   127 KBytes  1.04 Mbits/sec    0    182 KBytes       
[  4] 114.00-115.00 sec   127 KBytes  1.04 Mbits/sec    0    189 KBytes       
[  4] 115.00-116.00 sec   127 KBytes  1.04 Mbits/sec    0    191 KBytes       
[  4] 116.00-117.00 sec   127 KBytes  1.04 Mbits/sec    0    194 KBytes       
[  4] 117.00-118.01 sec   127 KBytes  1.04 Mbits/sec    0    197 KBytes       
[  4] 118.01-119.00 sec   191 KBytes  1.57 Mbits/sec    0    208 KBytes       
[  4] 119.00-120.00 sec  0.00 Bytes  0.00 bits/sec    8    182 KBytes       
[  4] 120.00-121.00 sec  0.00 Bytes  0.00 bits/sec    5    148 KBytes       
[  4] 121.00-122.00 sec   191 KBytes  1.56 Mbits/sec    2    148 KBytes       
[  4] 122.00-123.00 sec   318 KBytes  2.61 Mbits/sec    0    115 KBytes       
[  4] 123.00-124.00 sec   127 KBytes  1.04 Mbits/sec    0    110 KBytes       
[  4] 124.00-125.00 sec  63.6 KBytes   523 Kbits/sec    0    116 KBytes       
[  4] 125.00-126.00 sec  63.6 KBytes   521 Kbits/sec    0    120 KBytes       
[  4] 126.00-127.00 sec  63.6 KBytes   521 Kbits/sec    0    123 KBytes       
[  4] 127.00-128.00 sec   127 KBytes  1.04 Mbits/sec    0    126 KBytes       
[  4] 128.00-129.00 sec  63.6 KBytes   522 Kbits/sec    0    129 KBytes       
[  4] 129.00-130.00 sec  63.6 KBytes   521 Kbits/sec    0    137 KBytes       
[  4] 130.00-131.00 sec   127 KBytes  1.04 Mbits/sec    0    151 KBytes       
[  4] 131.00-132.00 sec  0.00 Bytes  0.00 bits/sec    3    113 KBytes       
[  4] 132.00-133.00 sec   127 KBytes  1.04 Mbits/sec    0    112 KBytes       
[  4] 133.00-134.00 sec   127 KBytes  1.04 Mbits/sec    0    126 KBytes       
[  4] 134.00-135.00 sec   127 KBytes  1.04 Mbits/sec    0    140 KBytes       
[  4] 135.00-136.00 sec  63.6 KBytes   521 Kbits/sec    0    146 KBytes       
[  4] 136.00-137.00 sec  63.6 KBytes   521 Kbits/sec    3    133 KBytes       
[  4] 137.00-138.00 sec  0.00 Bytes  0.00 bits/sec    6    102 KBytes       
[  4] 138.00-139.00 sec   255 KBytes  2.08 Mbits/sec    0    103 KBytes       
[  4] 139.00-140.00 sec   127 KBytes  1.04 Mbits/sec    0    113 KBytes       
[  4] 140.00-141.00 sec  63.6 KBytes   521 Kbits/sec    0    119 KBytes       
[  4] 141.00-142.00 sec  63.6 KBytes   522 Kbits/sec    0    122 KBytes       
[  4] 142.00-143.00 sec   127 KBytes  1.04 Mbits/sec    0    123 KBytes       
[  4] 143.00-144.00 sec  63.6 KBytes   522 Kbits/sec    0    126 KBytes       
[  4] 144.00-145.00 sec   127 KBytes  1.04 Mbits/sec    0    132 KBytes       
[  4] 145.00-146.00 sec  63.6 KBytes   521 Kbits/sec    0    144 KBytes       
[  4] 146.00-147.00 sec   127 KBytes  1.04 Mbits/sec    0    163 KBytes       
[  4] 147.00-148.00 sec  0.00 Bytes  0.00 bits/sec   11    119 KBytes       
[  4] 148.00-149.00 sec  63.6 KBytes   522 Kbits/sec    0    115 KBytes       
[  4] 149.00-150.00 sec   191 KBytes  1.56 Mbits/sec    0    124 KBytes       
[  4] 150.00-151.00 sec   127 KBytes  1.04 Mbits/sec    0    143 KBytes       
[  4] 151.00-152.00 sec   127 KBytes  1.04 Mbits/sec    0    154 KBytes       
[  4] 152.00-153.00 sec   127 KBytes  1.04 Mbits/sec    0    158 KBytes       
[  4] 153.00-154.00 sec   127 KBytes  1.04 Mbits/sec    0    161 KBytes       
[  4] 154.00-155.00 sec   127 KBytes  1.04 Mbits/sec    0    164 KBytes       
[  4] 155.00-156.00 sec  63.6 KBytes   521 Kbits/sec    0    168 KBytes       
[  4] 156.00-157.00 sec   127 KBytes  1.04 Mbits/sec    0    174 KBytes       
[  4] 157.00-158.00 sec   127 KBytes  1.04 Mbits/sec    0    192 KBytes       
[  4] 158.00-159.00 sec  0.00 Bytes  0.00 bits/sec   10    170 KBytes       
[  4] 159.00-160.00 sec  0.00 Bytes  0.00 bits/sec   15    141 KBytes       
[  4] 160.00-161.00 sec   191 KBytes  1.57 Mbits/sec    1    141 KBytes       
[  4] 161.00-162.00 sec   255 KBytes  2.08 Mbits/sec    0    156 KBytes       
[  4] 162.00-163.00 sec   127 KBytes  1.05 Mbits/sec    0    173 KBytes       
[  4] 163.00-164.00 sec   127 KBytes  1.04 Mbits/sec    0    184 KBytes       
[  4] 164.00-165.00 sec  0.00 Bytes  0.00 bits/sec    7    147 KBytes       
[  4] 165.00-166.00 sec  63.6 KBytes   521 Kbits/sec    9    130 KBytes       
[  4] 166.00-167.00 sec   255 KBytes  2.09 Mbits/sec    0    136 KBytes       
[  4] 167.00-168.00 sec   191 KBytes  1.56 Mbits/sec    0    147 KBytes       
[  4] 168.00-169.00 sec   127 KBytes  1.04 Mbits/sec    0    153 KBytes       
[  4] 169.00-170.00 sec   127 KBytes  1.04 Mbits/sec    0    156 KBytes       
[  4] 170.00-171.00 sec  63.6 KBytes   520 Kbits/sec    0    157 KBytes       
[  4] 171.00-172.00 sec   127 KBytes  1.04 Mbits/sec    0    160 KBytes       
[  4] 172.00-173.00 sec   127 KBytes  1.04 Mbits/sec    0    167 KBytes       
[  4] 173.00-174.00 sec   127 KBytes  1.04 Mbits/sec    0    180 KBytes       
[  4] 174.00-175.00 sec  63.6 KBytes   522 Kbits/sec    0    192 KBytes       
[  4] 175.00-176.00 sec  63.6 KBytes   522 Kbits/sec    6    164 KBytes       
[  4] 176.00-177.00 sec  63.6 KBytes   521 Kbits/sec    3    141 KBytes       
[  4] 177.00-178.00 sec   255 KBytes  2.08 Mbits/sec    0    144 KBytes       
[  4] 178.00-179.00 sec   127 KBytes  1.04 Mbits/sec    0    158 KBytes       
[  4] 179.00-180.00 sec   127 KBytes  1.04 Mbits/sec    0    175 KBytes       
[  4] 180.00-181.00 sec   127 KBytes  1.04 Mbits/sec    0    189 KBytes       
[  4] 181.00-182.00 sec   127 KBytes  1.04 Mbits/sec    0    197 KBytes       
[  4] 182.00-183.00 sec  0.00 Bytes  0.00 bits/sec    3    168 KBytes       
[  4] 183.00-184.00 sec  63.6 KBytes   521 Kbits/sec    7    137 KBytes       
[  4] 184.00-185.00 sec   318 KBytes  2.60 Mbits/sec    0    143 KBytes       
[  4] 185.00-186.00 sec   191 KBytes  1.56 Mbits/sec    0    154 KBytes       
[  4] 186.00-187.00 sec  63.6 KBytes   521 Kbits/sec    0    161 KBytes       
[  4] 187.00-188.00 sec   127 KBytes  1.04 Mbits/sec    0    164 KBytes       
[  4] 188.00-189.00 sec   127 KBytes  1.04 Mbits/sec    0    165 KBytes       
[  4] 189.00-190.00 sec   127 KBytes  1.04 Mbits/sec    0    168 KBytes       
[  4] 190.00-191.00 sec   127 KBytes  1.05 Mbits/sec    0    174 KBytes       
[  4] 191.00-192.00 sec   127 KBytes  1.04 Mbits/sec    0    185 KBytes       
[  4] 192.00-193.00 sec   127 KBytes  1.04 Mbits/sec    0    205 KBytes       
[  4] 193.00-194.00 sec  0.00 Bytes  0.00 bits/sec    5    151 KBytes       
[  4] 194.00-195.01 sec   255 KBytes  2.08 Mbits/sec    0    146 KBytes       
[  4] 195.01-196.00 sec   191 KBytes  1.57 Mbits/sec    0    165 KBytes       
[  4] 196.00-197.00 sec   127 KBytes  1.04 Mbits/sec    0    181 KBytes       
[  4] 197.00-198.00 sec   127 KBytes  1.05 Mbits/sec    0    194 KBytes       
[  4] 198.00-199.00 sec   127 KBytes  1.04 Mbits/sec    0    198 KBytes       
[  4] 199.00-200.00 sec   127 KBytes  1.04 Mbits/sec    1    199 KBytes       
[  4] 200.00-201.00 sec  0.00 Bytes  0.00 bits/sec    0    151 KBytes       
[  4] 201.00-202.00 sec   318 KBytes  2.60 Mbits/sec    0    148 KBytes       
[  4] 202.00-203.00 sec   127 KBytes  1.04 Mbits/sec    0    158 KBytes       
[  4] 203.00-204.00 sec   127 KBytes  1.04 Mbits/sec    0    164 KBytes       
[  4] 204.00-205.00 sec   127 KBytes  1.04 Mbits/sec    0    167 KBytes       
[  4] 205.00-206.00 sec   127 KBytes  1.04 Mbits/sec    0    168 KBytes       
[  4] 206.00-207.00 sec   127 KBytes  1.04 Mbits/sec    0    171 KBytes       
[  4] 207.00-208.01 sec   127 KBytes  1.04 Mbits/sec    0    178 KBytes       
[  4] 208.01-209.00 sec   127 KBytes  1.05 Mbits/sec    0    191 KBytes       
[  4] 209.00-210.00 sec   127 KBytes  1.04 Mbits/sec    0    212 KBytes       
[  4] 210.00-211.00 sec   127 KBytes  1.04 Mbits/sec    0    246 KBytes       
[  4] 211.00-212.00 sec  63.6 KBytes   521 Kbits/sec    2    280 KBytes       
[  4] 212.00-213.00 sec  0.00 Bytes  0.00 bits/sec   44    201 KBytes       
[  4] 213.00-214.00 sec  63.6 KBytes   522 Kbits/sec   21    201 KBytes       
[  4] 214.00-215.00 sec   318 KBytes  2.61 Mbits/sec    0    204 KBytes       
[  4] 215.00-216.00 sec   191 KBytes  1.56 Mbits/sec    0    221 KBytes       
[  4] 216.00-217.00 sec   127 KBytes  1.04 Mbits/sec    0    243 KBytes       
[  4] 217.00-218.00 sec  0.00 Bytes  0.00 bits/sec   19    178 KBytes       
[  4] 218.00-219.01 sec  63.6 KBytes   519 Kbits/sec    7    171 KBytes       
[  4] 219.01-220.00 sec   318 KBytes  2.61 Mbits/sec    0    175 KBytes       
[  4] 220.00-221.00 sec   191 KBytes  1.57 Mbits/sec    0    185 KBytes       
[  4] 221.00-222.00 sec   127 KBytes  1.04 Mbits/sec    0    197 KBytes       
[  4] 222.00-223.00 sec   127 KBytes  1.04 Mbits/sec    0    202 KBytes       
[  4] 223.00-224.00 sec   127 KBytes  1.04 Mbits/sec    0    205 KBytes       
[  4] 224.00-225.00 sec   191 KBytes  1.56 Mbits/sec    0    206 KBytes       
[  4] 225.00-226.01 sec  63.6 KBytes   519 Kbits/sec    0    211 KBytes       
[  4] 226.01-227.01 sec   191 KBytes  1.56 Mbits/sec    0    219 KBytes       
[  4] 227.01-228.00 sec  63.6 KBytes   523 Kbits/sec    0    233 KBytes       
[  4] 228.00-229.01 sec  63.6 KBytes   518 Kbits/sec   12    204 KBytes       
[  4] 229.01-230.00 sec  0.00 Bytes  0.00 bits/sec   23    168 KBytes       
[  4] 230.00-231.00 sec  0.00 Bytes  0.00 bits/sec    0    168 KBytes       
[  4] 231.00-232.01 sec   445 KBytes  3.63 Mbits/sec    0    181 KBytes       
[  4] 232.01-233.01 sec   191 KBytes  1.56 Mbits/sec    0    205 KBytes       
[  4] 233.01-234.01 sec   191 KBytes  1.57 Mbits/sec    0    221 KBytes       
[  4] 234.01-235.01 sec   127 KBytes  1.04 Mbits/sec    0    230 KBytes       
[  4] 235.01-236.00 sec   127 KBytes  1.04 Mbits/sec    0    236 KBytes       
[  4] 236.00-237.00 sec   127 KBytes  1.04 Mbits/sec    1    222 KBytes       
[  4] 237.00-238.00 sec  0.00 Bytes  0.00 bits/sec    2    165 KBytes       
[  4] 238.00-239.01 sec   382 KBytes  3.11 Mbits/sec    0    170 KBytes       
[  4] 239.01-240.00 sec   191 KBytes  1.57 Mbits/sec    0    181 KBytes       
[  4] 240.00-241.00 sec   127 KBytes  1.04 Mbits/sec    0    191 KBytes       
[  4] 241.00-242.00 sec   191 KBytes  1.56 Mbits/sec    0    197 KBytes       
[  4] 242.00-243.00 sec   127 KBytes  1.04 Mbits/sec    0    199 KBytes       
[  4] 243.00-244.00 sec   127 KBytes  1.04 Mbits/sec    0    201 KBytes       
[  4] 244.00-245.00 sec   191 KBytes  1.57 Mbits/sec    0    205 KBytes       
[  4] 245.00-246.00 sec   127 KBytes  1.04 Mbits/sec    0    212 KBytes       
[  4] 246.00-247.01 sec   127 KBytes  1.04 Mbits/sec    0    228 KBytes       
[  4] 247.01-248.01 sec  63.6 KBytes   521 Kbits/sec    4    216 KBytes       
[  4] 248.01-249.00 sec  0.00 Bytes  0.00 bits/sec   21    168 KBytes       
[  4] 249.00-250.01 sec  0.00 Bytes  0.00 bits/sec    2    168 KBytes       
[  4] 250.01-251.00 sec   509 KBytes  4.19 Mbits/sec    0    181 KBytes       
[  4] 251.00-252.00 sec   127 KBytes  1.04 Mbits/sec    0    202 KBytes       
[  4] 252.00-253.00 sec   127 KBytes  1.04 Mbits/sec    0    218 KBytes       
[  4] 253.00-254.00 sec   191 KBytes  1.56 Mbits/sec    0    229 KBytes       
[  4] 254.00-255.00 sec  63.6 KBytes   521 Kbits/sec    4    214 KBytes       
[  4] 255.00-256.00 sec  0.00 Bytes  0.00 bits/sec    4    163 KBytes       
[  4] 256.00-257.00 sec   127 KBytes  1.04 Mbits/sec    0    163 KBytes       
[  4] 257.00-258.01 sec   382 KBytes  3.12 Mbits/sec    0    173 KBytes       
[  4] 258.01-259.00 sec   127 KBytes  1.05 Mbits/sec    0    184 KBytes       
[  4] 259.00-260.00 sec   127 KBytes  1.04 Mbits/sec    0    191 KBytes       
[  4] 260.00-261.00 sec   127 KBytes  1.04 Mbits/sec    0    194 KBytes       
[  4] 261.00-262.00 sec   127 KBytes  1.04 Mbits/sec    0    197 KBytes       
[  4] 262.00-263.00 sec   191 KBytes  1.56 Mbits/sec    0    199 KBytes       
[  4] 263.00-264.01 sec   127 KBytes  1.04 Mbits/sec    0    205 KBytes       
[  4] 264.01-265.00 sec   127 KBytes  1.04 Mbits/sec    0    215 KBytes       
[  4] 265.00-266.00 sec   127 KBytes  1.04 Mbits/sec    4    226 KBytes       
[  4] 266.00-267.00 sec  0.00 Bytes  0.00 bits/sec    6    174 KBytes       
[  4] 267.00-268.00 sec  0.00 Bytes  0.00 bits/sec   11    164 KBytes       
[  4] 268.00-269.00 sec   382 KBytes  3.12 Mbits/sec    0    170 KBytes       
[  4] 269.00-270.01 sec   191 KBytes  1.56 Mbits/sec    0    189 KBytes       
[  4] 270.01-271.01 sec   127 KBytes  1.04 Mbits/sec    0    206 KBytes       
[  4] 271.01-272.00 sec   127 KBytes  1.05 Mbits/sec    0    219 KBytes       
[  4] 272.00-273.00 sec  63.6 KBytes   520 Kbits/sec    1    198 KBytes       
[  4] 273.00-274.00 sec  63.6 KBytes   523 Kbits/sec    9    156 KBytes       
[  4] 274.00-275.00 sec   255 KBytes  2.08 Mbits/sec    0    157 KBytes       
[  4] 275.00-276.00 sec   191 KBytes  1.57 Mbits/sec    0    167 KBytes       
[  4] 276.00-277.00 sec   127 KBytes  1.04 Mbits/sec    0    177 KBytes       
[  4] 277.00-278.01 sec   127 KBytes  1.04 Mbits/sec    0    184 KBytes       
[  4] 278.01-279.00 sec   127 KBytes  1.05 Mbits/sec    0    187 KBytes       
[  4] 279.00-280.00 sec   191 KBytes  1.57 Mbits/sec    0    189 KBytes       
[  4] 280.00-281.01 sec   127 KBytes  1.04 Mbits/sec    0    192 KBytes       
[  4] 281.01-282.00 sec   127 KBytes  1.05 Mbits/sec    0    199 KBytes       
[  4] 282.00-283.00 sec   127 KBytes  1.04 Mbits/sec    0    214 KBytes       
[  4] 283.00-284.00 sec   127 KBytes  1.04 Mbits/sec    2    230 KBytes       
[  4] 284.00-285.00 sec  0.00 Bytes  0.00 bits/sec   21    164 KBytes       
[  4] 285.00-286.00 sec  63.6 KBytes   521 Kbits/sec   11    164 KBytes       
[  4] 286.00-287.00 sec   318 KBytes  2.62 Mbits/sec    0    170 KBytes       
[  4] 287.00-288.01 sec   127 KBytes  1.03 Mbits/sec    0    187 KBytes       
[  4] 288.01-289.00 sec   127 KBytes  1.05 Mbits/sec    0    204 KBytes       
[  4] 289.00-290.00 sec   127 KBytes  1.04 Mbits/sec    0    218 KBytes       
[  4] 290.00-291.00 sec  0.00 Bytes  0.00 bits/sec   13    168 KBytes       
[  4] 291.00-292.00 sec  63.6 KBytes   521 Kbits/sec    6    153 KBytes       
[  4] 292.00-293.00 sec   318 KBytes  2.60 Mbits/sec    0    157 KBytes       
[  4] 293.00-294.00 sec   191 KBytes  1.56 Mbits/sec    0    168 KBytes       
[  4] 294.00-295.00 sec   127 KBytes  1.04 Mbits/sec    0    177 KBytes       
[  4] 295.00-296.00 sec   127 KBytes  1.04 Mbits/sec    0    181 KBytes       
[  4] 296.00-297.00 sec   127 KBytes  1.04 Mbits/sec    0    184 KBytes       
[  4] 297.00-298.00 sec   127 KBytes  1.04 Mbits/sec    0    185 KBytes       
[  4] 298.00-299.00 sec   127 KBytes  1.04 Mbits/sec    0    189 KBytes       
[  4] 299.00-300.00 sec  63.6 KBytes   522 Kbits/sec    1    185 KBytes       
[  4] 300.00-301.00 sec  0.00 Bytes  0.00 bits/sec    1    143 KBytes       
[  4] 301.00-302.00 sec   191 KBytes  1.56 Mbits/sec    1    134 KBytes       
[  4] 302.00-303.00 sec   255 KBytes  2.09 Mbits/sec    0    147 KBytes       
[  4] 303.00-304.00 sec   127 KBytes  1.04 Mbits/sec    0    163 KBytes       
[  4] 304.00-305.00 sec   127 KBytes  1.05 Mbits/sec    0    178 KBytes       
[  4] 305.00-306.00 sec   127 KBytes  1.04 Mbits/sec    0    187 KBytes       
[  4] 306.00-307.00 sec   127 KBytes  1.04 Mbits/sec    0    189 KBytes       
[  4] 307.00-308.00 sec   127 KBytes  1.04 Mbits/sec    0    192 KBytes       
[  4] 308.00-309.00 sec   127 KBytes  1.04 Mbits/sec    0    195 KBytes       
[  4] 309.00-310.00 sec  63.6 KBytes   520 Kbits/sec    1    188 KBytes       
[  4] 310.00-311.00 sec  0.00 Bytes  0.00 bits/sec    0    146 KBytes       
[  4] 311.00-312.00 sec   318 KBytes  2.61 Mbits/sec    0    154 KBytes       
[  4] 312.00-313.00 sec   127 KBytes  1.04 Mbits/sec    0    171 KBytes       
[  4] 313.00-314.00 sec   127 KBytes  1.04 Mbits/sec    0    184 KBytes       
[  4] 314.00-315.00 sec   127 KBytes  1.04 Mbits/sec    0    189 KBytes       
[  4] 315.00-316.00 sec   127 KBytes  1.04 Mbits/sec    0    195 KBytes       
[  4] 316.00-317.00 sec   127 KBytes  1.04 Mbits/sec    0    197 KBytes       
[  4] 317.00-318.01 sec  63.6 KBytes   518 Kbits/sec    1    198 KBytes       
[  4] 318.01-319.00 sec  0.00 Bytes  0.00 bits/sec    9    139 KBytes       
[  4] 319.00-320.00 sec   127 KBytes  1.04 Mbits/sec    1    139 KBytes       
[  4] 320.00-321.00 sec   318 KBytes  2.61 Mbits/sec    0    151 KBytes       
[  4] 321.00-322.00 sec  63.6 KBytes   521 Kbits/sec    0    165 KBytes       
[  4] 322.00-323.00 sec   127 KBytes  1.04 Mbits/sec    0    181 KBytes       
[  4] 323.00-324.00 sec   127 KBytes  1.04 Mbits/sec    0    189 KBytes       
[  4] 324.00-325.00 sec   127 KBytes  1.04 Mbits/sec    4    184 KBytes       
[  4] 325.00-326.01 sec  0.00 Bytes  0.00 bits/sec    5    137 KBytes       
[  4] 326.01-327.00 sec  63.6 KBytes   525 Kbits/sec    1    134 KBytes       
[  4] 327.00-328.00 sec   318 KBytes  2.61 Mbits/sec    0    143 KBytes       
[  4] 328.00-329.00 sec   127 KBytes  1.04 Mbits/sec    0    151 KBytes       
[  4] 329.00-330.00 sec  63.6 KBytes   520 Kbits/sec    0    158 KBytes       
[  4] 330.00-331.00 sec   127 KBytes  1.04 Mbits/sec    0    161 KBytes       
[  4] 331.00-332.00 sec   127 KBytes  1.04 Mbits/sec    0    163 KBytes       
[  4] 332.00-333.01 sec   127 KBytes  1.04 Mbits/sec    0    167 KBytes       
[  4] 333.01-334.00 sec   127 KBytes  1.05 Mbits/sec    0    174 KBytes       
[  4] 334.00-335.01 sec   127 KBytes  1.04 Mbits/sec    0    188 KBytes       
[  4] 335.01-336.00 sec   127 KBytes  1.05 Mbits/sec    0    208 KBytes       
[  4] 336.00-337.00 sec   127 KBytes  1.04 Mbits/sec    0    246 KBytes       
[  4] 337.00-338.00 sec  0.00 Bytes  0.00 bits/sec   13    205 KBytes       
[  4] 338.00-339.00 sec  0.00 Bytes  0.00 bits/sec   28    175 KBytes       
[  4] 339.00-340.00 sec   191 KBytes  1.56 Mbits/sec    0    175 KBytes       
[  4] 340.00-341.01 sec   255 KBytes  2.07 Mbits/sec    0    191 KBytes       
[  4] 341.01-342.00 sec   191 KBytes  1.57 Mbits/sec    0    211 KBytes       
[  4] 342.00-343.01 sec   127 KBytes  1.04 Mbits/sec    0    229 KBytes       
[  4] 343.01-344.00 sec  0.00 Bytes  0.00 bits/sec   11    195 KBytes       
[  4] 344.00-345.00 sec  0.00 Bytes  0.00 bits/sec   19    161 KBytes       
[  4] 345.00-346.00 sec   382 KBytes  3.13 Mbits/sec    0    167 KBytes       
[  4] 346.00-347.00 sec   127 KBytes  1.04 Mbits/sec    0    178 KBytes       
[  4] 347.00-348.00 sec   127 KBytes  1.04 Mbits/sec    0    187 KBytes       
[  4] 348.00-349.00 sec   127 KBytes  1.04 Mbits/sec    0    192 KBytes       
[  4] 349.00-350.00 sec   191 KBytes  1.56 Mbits/sec    0    195 KBytes       
[  4] 350.00-351.00 sec   127 KBytes  1.04 Mbits/sec    0    197 KBytes       
[  4] 351.00-352.00 sec   127 KBytes  1.04 Mbits/sec    0    201 KBytes       
[  4] 352.00-353.00 sec   127 KBytes  1.04 Mbits/sec    0    211 KBytes       
[  4] 353.00-354.00 sec  0.00 Bytes  0.00 bits/sec    7    156 KBytes       
[  4] 354.00-355.00 sec   318 KBytes  2.61 Mbits/sec    0    153 KBytes       
[  4] 355.00-356.00 sec   127 KBytes  1.04 Mbits/sec    0    171 KBytes       
[  4] 356.00-357.00 sec   191 KBytes  1.56 Mbits/sec    0    189 KBytes       
[  4] 357.00-358.00 sec   127 KBytes  1.04 Mbits/sec    0    199 KBytes       
[  4] 358.00-359.00 sec   127 KBytes  1.04 Mbits/sec    0    206 KBytes       
[  4] 359.00-360.00 sec   191 KBytes  1.56 Mbits/sec    0    208 KBytes       
[  4] 360.00-361.00 sec   127 KBytes  1.04 Mbits/sec    0    211 KBytes       
[  4] 361.00-362.00 sec   127 KBytes  1.04 Mbits/sec    0    215 KBytes       
[  4] 362.00-363.00 sec   191 KBytes  1.56 Mbits/sec    0    223 KBytes       
[  4] 363.00-364.00 sec   127 KBytes  1.04 Mbits/sec    0    242 KBytes       
[  4] 364.00-365.00 sec   127 KBytes  1.04 Mbits/sec    0    270 KBytes       
[  4] 365.00-366.00 sec  63.6 KBytes   521 Kbits/sec    7    260 KBytes       
[  4] 366.00-367.00 sec  0.00 Bytes  0.00 bits/sec   24    201 KBytes       
[  4] 367.00-368.00 sec   191 KBytes  1.56 Mbits/sec    7    201 KBytes       
[  4] 368.00-369.00 sec   318 KBytes  2.60 Mbits/sec    0    181 KBytes       
[  4] 369.00-370.00 sec   191 KBytes  1.57 Mbits/sec    0    141 KBytes       
[  4] 370.00-371.00 sec   127 KBytes  1.04 Mbits/sec    0    151 KBytes       
[  4] 371.00-372.00 sec  63.6 KBytes   522 Kbits/sec    0    158 KBytes       
[  4] 372.00-373.00 sec  63.6 KBytes   522 Kbits/sec    8    132 KBytes       
[  4] 373.00-374.00 sec  0.00 Bytes  0.00 bits/sec    4    112 KBytes       
[  4] 374.00-375.00 sec   255 KBytes  2.09 Mbits/sec    0    115 KBytes       
[  4] 375.00-376.00 sec   127 KBytes  1.04 Mbits/sec    0    123 KBytes       
[  4] 376.00-377.00 sec  63.6 KBytes   521 Kbits/sec    0    129 KBytes       
[  4] 377.00-378.00 sec   127 KBytes  1.04 Mbits/sec    0    133 KBytes       
[  4] 378.00-379.00 sec  63.6 KBytes   521 Kbits/sec    0    134 KBytes       
[  4] 379.00-380.00 sec  63.6 KBytes   521 Kbits/sec    0    136 KBytes       
[  4] 380.00-381.00 sec   127 KBytes  1.04 Mbits/sec    0    141 KBytes       
[  4] 381.00-382.00 sec  63.6 KBytes   521 Kbits/sec    0    154 KBytes       
[  4] 382.00-383.00 sec   127 KBytes  1.04 Mbits/sec    0    170 KBytes       
[  4] 383.00-384.00 sec  63.6 KBytes   522 Kbits/sec    0    204 KBytes       
[  4] 384.00-385.00 sec   127 KBytes  1.04 Mbits/sec    0    250 KBytes       
[  4] 385.00-386.00 sec  63.6 KBytes   521 Kbits/sec    6    279 KBytes       
[  4] 386.00-387.00 sec  0.00 Bytes  0.00 bits/sec   26    204 KBytes       
[  4] 387.00-388.00 sec   127 KBytes  1.04 Mbits/sec   17    204 KBytes       
[  4] 388.00-389.00 sec   318 KBytes  2.61 Mbits/sec    0    206 KBytes       
[  4] 389.00-390.00 sec   191 KBytes  1.56 Mbits/sec    0    228 KBytes       
[  4] 390.00-391.00 sec   127 KBytes  1.05 Mbits/sec    0    249 KBytes       
[  4] 391.00-392.00 sec   191 KBytes  1.56 Mbits/sec    0    266 KBytes       
[  4] 392.00-393.00 sec  0.00 Bytes  0.00 bits/sec   20    211 KBytes       
[  4] 393.00-394.00 sec  0.00 Bytes  0.00 bits/sec   11    188 KBytes       
[  4] 394.00-395.00 sec  0.00 Bytes  0.00 bits/sec    0    188 KBytes       
[  4] 395.00-396.00 sec   573 KBytes  4.69 Mbits/sec    0    199 KBytes       
[  4] 396.00-397.00 sec   191 KBytes  1.57 Mbits/sec    0    211 KBytes       
[  4] 397.00-398.00 sec   127 KBytes  1.04 Mbits/sec    0    219 KBytes       
[  4] 398.00-399.00 sec   191 KBytes  1.56 Mbits/sec    0    225 KBytes       
[  4] 399.00-400.00 sec   127 KBytes  1.04 Mbits/sec    0    226 KBytes       
[  4] 400.00-401.00 sec   127 KBytes  1.04 Mbits/sec    0    229 KBytes       
[  4] 401.00-402.00 sec   127 KBytes  1.04 Mbits/sec    0    235 KBytes       
[  4] 402.00-403.00 sec  63.6 KBytes   521 Kbits/sec    3    212 KBytes       
[  4] 403.00-404.00 sec  0.00 Bytes  0.00 bits/sec    6    165 KBytes       
[  4] 404.00-405.00 sec   191 KBytes  1.56 Mbits/sec    3    165 KBytes       
[  4] 405.00-406.00 sec   255 KBytes  2.09 Mbits/sec    0    174 KBytes       
[  4] 406.00-407.00 sec   191 KBytes  1.56 Mbits/sec    0    194 KBytes       
[  4] 407.00-408.01 sec   127 KBytes  1.03 Mbits/sec    0    211 KBytes       
[  4] 408.01-409.00 sec   127 KBytes  1.05 Mbits/sec    0    225 KBytes       
[  4] 409.00-410.00 sec   127 KBytes  1.04 Mbits/sec    0    229 KBytes       
[  4] 410.00-411.00 sec   191 KBytes  1.56 Mbits/sec    0    233 KBytes       
[  4] 411.00-412.00 sec  0.00 Bytes  0.00 bits/sec    2    199 KBytes       
[  4] 412.00-413.00 sec  63.6 KBytes   521 Kbits/sec    1    164 KBytes       
[  4] 413.00-414.00 sec   318 KBytes  2.61 Mbits/sec    0    170 KBytes       
[  4] 414.00-415.00 sec   191 KBytes  1.56 Mbits/sec    0    181 KBytes       
[  4] 415.00-416.01 sec   127 KBytes  1.03 Mbits/sec    0    189 KBytes       
[  4] 416.01-417.00 sec   127 KBytes  1.05 Mbits/sec    0    195 KBytes       
[  4] 417.00-418.00 sec   191 KBytes  1.57 Mbits/sec    0    198 KBytes       
[  4] 418.00-419.00 sec   127 KBytes  1.04 Mbits/sec    0    199 KBytes       
[  4] 419.00-420.00 sec   127 KBytes  1.04 Mbits/sec    0    204 KBytes       
[  4] 420.00-421.00 sec   127 KBytes  1.04 Mbits/sec    0    212 KBytes       
[  4] 421.00-422.00 sec   127 KBytes  1.04 Mbits/sec    0    230 KBytes       
[  4] 422.00-423.00 sec  0.00 Bytes  0.00 bits/sec   20    161 KBytes       
[  4] 423.00-424.00 sec  63.6 KBytes   522 Kbits/sec    9    161 KBytes       
[  4] 424.00-425.00 sec   318 KBytes  2.60 Mbits/sec    0    168 KBytes       
[  4] 425.00-426.00 sec   191 KBytes  1.56 Mbits/sec    0    189 KBytes       
[  4] 426.00-427.00 sec   127 KBytes  1.04 Mbits/sec    0    208 KBytes       
[  4] 427.00-428.00 sec   127 KBytes  1.04 Mbits/sec    0    218 KBytes       
[  4] 428.00-429.00 sec  0.00 Bytes  0.00 bits/sec    7    168 KBytes       
[  4] 429.00-430.00 sec   127 KBytes  1.04 Mbits/sec    4    151 KBytes       
[  4] 430.00-431.00 sec   255 KBytes  2.08 Mbits/sec    0    157 KBytes       
[  4] 431.00-432.00 sec   191 KBytes  1.57 Mbits/sec    0    168 KBytes       
[  4] 432.00-433.00 sec   127 KBytes  1.04 Mbits/sec    0    177 KBytes       
[  4] 433.00-434.00 sec   127 KBytes  1.04 Mbits/sec    0    181 KBytes       
[  4] 434.00-435.00 sec   127 KBytes  1.04 Mbits/sec    0    182 KBytes       
[  4] 435.00-436.00 sec   191 KBytes  1.57 Mbits/sec    0    185 KBytes       
[  4] 436.00-437.00 sec   127 KBytes  1.04 Mbits/sec    0    191 KBytes       
[  4] 437.00-438.00 sec   127 KBytes  1.04 Mbits/sec    0    202 KBytes       
[  4] 438.00-439.00 sec   127 KBytes  1.04 Mbits/sec    0    221 KBytes       
[  4] 439.00-440.00 sec  63.6 KBytes   522 Kbits/sec    4    229 KBytes       
[  4] 440.00-441.00 sec  0.00 Bytes  0.00 bits/sec   19    170 KBytes       
[  4] 441.00-442.01 sec   127 KBytes  1.04 Mbits/sec    7    170 KBytes       
[  4] 442.01-443.01 sec   255 KBytes  2.08 Mbits/sec    0    163 KBytes       
[  4] 443.01-444.00 sec   191 KBytes  1.57 Mbits/sec    0    124 KBytes       
[  4] 444.00-445.00 sec  63.6 KBytes   521 Kbits/sec    0    126 KBytes       
[  4] 445.00-446.00 sec  63.6 KBytes   521 Kbits/sec    0    133 KBytes       
[  4] 446.00-447.00 sec   127 KBytes  1.04 Mbits/sec    0    139 KBytes       
[  4] 447.00-448.00 sec  63.6 KBytes   521 Kbits/sec    3    123 KBytes       
[  4] 448.00-449.00 sec  0.00 Bytes  0.00 bits/sec    1   97.6 KBytes       
[  4] 449.00-450.00 sec   191 KBytes  1.56 Mbits/sec    0    103 KBytes       
[  4] 450.00-451.00 sec   127 KBytes  1.04 Mbits/sec    0    110 KBytes       
[  4] 451.00-452.00 sec  63.6 KBytes   520 Kbits/sec    0    115 KBytes       
[  4] 452.00-453.00 sec  63.6 KBytes   522 Kbits/sec    0    117 KBytes       
[  4] 453.00-454.00 sec   127 KBytes  1.04 Mbits/sec    0    119 KBytes       
[  4] 454.00-455.00 sec  63.6 KBytes   521 Kbits/sec    0    122 KBytes       
[  4] 455.00-456.00 sec  63.6 KBytes   521 Kbits/sec    0    127 KBytes       
[  4] 456.00-457.00 sec   127 KBytes  1.04 Mbits/sec    0    144 KBytes       
[  4] 457.00-458.00 sec  63.6 KBytes   522 Kbits/sec    0    171 KBytes       
[  4] 458.00-459.00 sec  63.6 KBytes   522 Kbits/sec    0    205 KBytes       
[  4] 459.00-460.00 sec  63.6 KBytes   520 Kbits/sec    6    219 KBytes       
[  4] 460.00-461.01 sec  0.00 Bytes  0.00 bits/sec    7    177 KBytes       
[  4] 461.01-462.00 sec   127 KBytes  1.05 Mbits/sec   15    168 KBytes       
[  4] 462.00-463.00 sec   255 KBytes  2.08 Mbits/sec    0    173 KBytes       
[  4] 463.00-464.00 sec   127 KBytes  1.04 Mbits/sec    0    191 KBytes       
[  4] 464.00-465.00 sec   191 KBytes  1.57 Mbits/sec    0    211 KBytes       
[  4] 465.00-466.00 sec   127 KBytes  1.04 Mbits/sec    0    225 KBytes       
[  4] 466.00-467.00 sec   191 KBytes  1.56 Mbits/sec    0    233 KBytes       
[  4] 467.00-468.00 sec   127 KBytes  1.04 Mbits/sec    0    238 KBytes       
[  4] 468.00-469.00 sec   127 KBytes  1.04 Mbits/sec    0    240 KBytes       
[  4] 469.00-470.00 sec   191 KBytes  1.56 Mbits/sec    0    245 KBytes       
[  4] 470.00-471.01 sec   127 KBytes  1.04 Mbits/sec    0    250 KBytes       
[  4] 471.01-472.01 sec   127 KBytes  1.04 Mbits/sec    0    264 KBytes       
[  4] 472.01-473.01 sec  63.6 KBytes   521 Kbits/sec    8    228 KBytes       
[  4] 473.01-474.00 sec  0.00 Bytes  0.00 bits/sec   17    189 KBytes       
[  4] 474.00-475.00 sec   191 KBytes  1.56 Mbits/sec    0    189 KBytes       
[  4] 475.00-476.00 sec   382 KBytes  3.13 Mbits/sec    0    205 KBytes       
[  4] 476.00-477.00 sec   191 KBytes  1.56 Mbits/sec    0    228 KBytes       
[  4] 477.00-478.01 sec   127 KBytes  1.04 Mbits/sec    0    245 KBytes       
[  4] 478.01-479.01 sec  63.6 KBytes   521 Kbits/sec    5    232 KBytes       
[  4] 479.01-480.00 sec  0.00 Bytes  0.00 bits/sec   10    177 KBytes       
[  4] 480.00-481.00 sec   127 KBytes  1.05 Mbits/sec    3    177 KBytes       
[  4] 481.00-482.00 sec   318 KBytes  2.60 Mbits/sec    0    182 KBytes       
[  4] 482.00-483.00 sec   191 KBytes  1.56 Mbits/sec    0    195 KBytes       
[  4] 483.00-484.00 sec   191 KBytes  1.56 Mbits/sec    0    205 KBytes       
[  4] 484.00-485.00 sec   127 KBytes  1.05 Mbits/sec    0    211 KBytes       
[  4] 485.00-486.00 sec   191 KBytes  1.56 Mbits/sec    0    212 KBytes       
[  4] 486.00-487.00 sec   127 KBytes  1.04 Mbits/sec    0    215 KBytes       
[  4] 487.00-488.00 sec   191 KBytes  1.57 Mbits/sec    0    219 KBytes       
[  4] 488.00-489.00 sec   127 KBytes  1.04 Mbits/sec    0    228 KBytes       
[  4] 489.00-490.00 sec   127 KBytes  1.04 Mbits/sec    0    243 KBytes       
[  4] 490.00-491.00 sec  63.6 KBytes   521 Kbits/sec    6    240 KBytes       
[  4] 491.00-492.00 sec  0.00 Bytes  0.00 bits/sec   31    182 KBytes       
[  4] 492.00-493.00 sec   191 KBytes  1.57 Mbits/sec    3    182 KBytes       
[  4] 493.00-494.01 sec   318 KBytes  2.59 Mbits/sec    0    194 KBytes       
[  4] 494.01-495.00 sec   191 KBytes  1.57 Mbits/sec    0    218 KBytes       
[  4] 495.00-496.00 sec   127 KBytes  1.04 Mbits/sec    0    235 KBytes       
[  4] 496.00-497.00 sec  63.6 KBytes   521 Kbits/sec    9    209 KBytes       
[  4] 497.00-498.00 sec  0.00 Bytes  0.00 bits/sec    8    168 KBytes       
[  4] 498.00-499.00 sec   382 KBytes  3.13 Mbits/sec    0    174 KBytes       
[  4] 499.00-500.00 sec   191 KBytes  1.56 Mbits/sec    0    185 KBytes       
[  4] 500.00-501.00 sec   127 KBytes  1.04 Mbits/sec    0    195 KBytes       
[  4] 501.00-502.00 sec   191 KBytes  1.56 Mbits/sec    0    199 KBytes       
[  4] 502.00-503.01 sec   127 KBytes  1.04 Mbits/sec    0    202 KBytes       
[  4] 503.01-504.00 sec   127 KBytes  1.05 Mbits/sec    0    204 KBytes       
[  4] 504.00-505.00 sec   127 KBytes  1.04 Mbits/sec    0    208 KBytes       
[  4] 505.00-506.00 sec   127 KBytes  1.04 Mbits/sec    0    218 KBytes       
[  4] 506.00-507.00 sec   191 KBytes  1.57 Mbits/sec    0    233 KBytes       
[  4] 507.00-508.00 sec   127 KBytes  1.04 Mbits/sec    0    263 KBytes       
[  4] 508.00-509.00 sec  63.6 KBytes   522 Kbits/sec    6    267 KBytes       
[  4] 509.00-510.01 sec  0.00 Bytes  0.00 bits/sec   33    201 KBytes       
[  4] 510.01-511.00 sec   127 KBytes  1.05 Mbits/sec    4    201 KBytes       
[  4] 511.00-512.00 sec   318 KBytes  2.61 Mbits/sec    0    192 KBytes       
[  4] 512.00-513.00 sec   191 KBytes  1.56 Mbits/sec    0    150 KBytes       
[  4] 513.00-514.00 sec   191 KBytes  1.56 Mbits/sec    0    148 KBytes       
[  4] 514.00-515.00 sec  63.6 KBytes   522 Kbits/sec    0    156 KBytes       
[  4] 515.00-516.00 sec   127 KBytes  1.04 Mbits/sec    0    163 KBytes       
[  4] 516.00-517.00 sec  0.00 Bytes  0.00 bits/sec    2    144 KBytes       
[  4] 517.00-518.00 sec   127 KBytes  1.04 Mbits/sec    3    115 KBytes       
[  4] 518.00-519.00 sec   127 KBytes  1.05 Mbits/sec    0    117 KBytes       
[  4] 519.00-520.00 sec   127 KBytes  1.04 Mbits/sec    0    124 KBytes       
[  4] 520.00-521.00 sec   127 KBytes  1.05 Mbits/sec    0    133 KBytes       
[  4] 521.00-522.00 sec  63.6 KBytes   521 Kbits/sec    0    136 KBytes       
[  4] 522.00-523.00 sec   127 KBytes  1.04 Mbits/sec    0    137 KBytes       
[  4] 523.00-524.00 sec  63.6 KBytes   522 Kbits/sec    0    140 KBytes       
[  4] 524.00-525.00 sec   127 KBytes  1.04 Mbits/sec    0    146 KBytes       
[  4] 525.00-526.00 sec  63.6 KBytes   521 Kbits/sec    0    157 KBytes       
[  4] 526.00-527.00 sec   127 KBytes  1.04 Mbits/sec    0    177 KBytes       
[  4] 527.00-528.00 sec  0.00 Bytes  0.00 bits/sec   11    153 KBytes       
[  4] 528.00-529.00 sec  63.6 KBytes   520 Kbits/sec   11    130 KBytes       
[  4] 529.00-530.01 sec   255 KBytes  2.07 Mbits/sec    0    134 KBytes       
[  4] 530.01-531.00 sec  63.6 KBytes   526 Kbits/sec    0    144 KBytes       
[  4] 531.00-532.00 sec   127 KBytes  1.04 Mbits/sec    0    163 KBytes       
[  4] 532.00-533.00 sec   127 KBytes  1.04 Mbits/sec    0    175 KBytes       
[  4] 533.00-534.00 sec   127 KBytes  1.04 Mbits/sec    0    181 KBytes       
[  4] 534.00-535.01 sec   127 KBytes  1.04 Mbits/sec    0    184 KBytes       
[  4] 535.01-536.00 sec   127 KBytes  1.04 Mbits/sec    0    187 KBytes       
[  4] 536.00-537.00 sec   127 KBytes  1.05 Mbits/sec    0    191 KBytes       
[  4] 537.00-538.00 sec  63.6 KBytes   521 Kbits/sec    0    199 KBytes       
[  4] 538.00-539.00 sec   127 KBytes  1.04 Mbits/sec    0    219 KBytes       
[  4] 539.00-540.00 sec  63.6 KBytes   522 Kbits/sec    1    232 KBytes       
[  4] 540.00-541.01 sec  0.00 Bytes  0.00 bits/sec   13    175 KBytes       
[  4] 541.01-542.00 sec   318 KBytes  2.62 Mbits/sec    0    168 KBytes       
[  4] 542.00-543.00 sec   191 KBytes  1.56 Mbits/sec    0    185 KBytes       
[  4] 543.00-544.00 sec   127 KBytes  1.04 Mbits/sec    0    204 KBytes       
[  4] 544.00-545.00 sec  63.6 KBytes   522 Kbits/sec    0    216 KBytes       
[  4] 545.00-546.00 sec   127 KBytes  1.04 Mbits/sec    8    206 KBytes       
[  4] 546.00-547.00 sec  0.00 Bytes  0.00 bits/sec   16    158 KBytes       
[  4] 547.00-548.00 sec  0.00 Bytes  0.00 bits/sec    2    158 KBytes       
[  4] 548.00-549.00 sec   382 KBytes  3.13 Mbits/sec    0    146 KBytes       
[  4] 549.00-550.00 sec   191 KBytes  1.56 Mbits/sec    0    112 KBytes       
[  4] 550.00-551.01 sec   127 KBytes  1.04 Mbits/sec    0    122 KBytes       
[  4] 551.01-552.00 sec  63.6 KBytes   524 Kbits/sec    0    129 KBytes       
[  4] 552.00-553.01 sec  63.6 KBytes   518 Kbits/sec    0    130 KBytes       
[  4] 553.01-554.00 sec   127 KBytes  1.05 Mbits/sec    0    133 KBytes       
[  4] 554.00-555.00 sec   127 KBytes  1.04 Mbits/sec    0    136 KBytes       
[  4] 555.00-556.02 sec  0.00 Bytes  0.00 bits/sec    0    139 KBytes       
[  4] 556.02-557.00 sec   127 KBytes  1.06 Mbits/sec    0    151 KBytes       
[  4] 557.00-558.00 sec  63.6 KBytes   521 Kbits/sec    0    171 KBytes       
[  4] 558.00-559.01 sec  63.6 KBytes   518 Kbits/sec    6    170 KBytes       
[  4] 559.01-560.01 sec  0.00 Bytes  0.00 bits/sec   20    129 KBytes       
[  4] 560.01-561.00 sec   127 KBytes  1.05 Mbits/sec    4    129 KBytes       
[  4] 561.00-562.00 sec   127 KBytes  1.04 Mbits/sec    0    134 KBytes       
[  4] 562.00-563.02 sec   191 KBytes  1.54 Mbits/sec    0    151 KBytes       
[  4] 563.02-564.00 sec  63.6 KBytes   529 Kbits/sec    0    168 KBytes       
[  4] 564.00-565.00 sec  0.00 Bytes  0.00 bits/sec    3    148 KBytes       
[  4] 565.00-566.00 sec  63.6 KBytes   523 Kbits/sec    9    119 KBytes       
[  4] 566.00-567.00 sec   255 KBytes  2.08 Mbits/sec    0    123 KBytes       
[  4] 567.00-568.00 sec   127 KBytes  1.04 Mbits/sec    0    132 KBytes       
[  4] 568.00-569.00 sec  63.6 KBytes   522 Kbits/sec    0    137 KBytes       
[  4] 569.00-570.00 sec  63.6 KBytes   522 Kbits/sec    0    141 KBytes       
[  4] 570.00-571.00 sec   127 KBytes  1.04 Mbits/sec    0    143 KBytes       
[  4] 571.00-572.00 sec  63.6 KBytes   522 Kbits/sec    0    144 KBytes       
[  4] 572.00-573.01 sec   127 KBytes  1.04 Mbits/sec    0    150 KBytes       
[  4] 573.01-574.00 sec  0.00 Bytes  0.00 bits/sec    1    126 KBytes       
[  4] 574.00-575.00 sec  63.6 KBytes   522 Kbits/sec    3    106 KBytes       
[  4] 575.00-576.00 sec   191 KBytes  1.56 Mbits/sec    0    112 KBytes       
[  4] 576.00-577.00 sec   127 KBytes  1.04 Mbits/sec    0    126 KBytes       
[  4] 577.00-578.00 sec  63.6 KBytes   521 Kbits/sec    0    139 KBytes       
[  4] 578.00-579.00 sec   127 KBytes  1.04 Mbits/sec    0    147 KBytes       
[  4] 579.00-580.01 sec   127 KBytes  1.04 Mbits/sec    0    150 KBytes       
[  4] 580.01-581.00 sec  63.6 KBytes   524 Kbits/sec    0    151 KBytes       
[  4] 581.00-582.00 sec   127 KBytes  1.05 Mbits/sec    0    154 KBytes       
[  4] 582.00-583.00 sec   127 KBytes  1.04 Mbits/sec    0    161 KBytes       
[  4] 583.00-584.00 sec  63.6 KBytes   522 Kbits/sec    0    174 KBytes       
[  4] 584.00-585.00 sec   127 KBytes  1.04 Mbits/sec    0    197 KBytes       
[  4] 585.00-586.00 sec  0.00 Bytes  0.00 bits/sec    5    173 KBytes       
[  4] 586.00-587.00 sec  0.00 Bytes  0.00 bits/sec   10    143 KBytes       
[  4] 587.00-588.01 sec   191 KBytes  1.56 Mbits/sec    0    141 KBytes       
[  4] 588.01-589.00 sec   255 KBytes  2.09 Mbits/sec    0    109 KBytes       
[  4] 589.00-590.00 sec   127 KBytes  1.04 Mbits/sec    0    106 KBytes       
[  4] 590.00-591.00 sec   127 KBytes  1.04 Mbits/sec    0    112 KBytes       
[  4] 591.00-592.00 sec  0.00 Bytes  0.00 bits/sec    3    100 KBytes       
[  4] 592.00-593.00 sec  0.00 Bytes  0.00 bits/sec    5   79.2 KBytes       
[  4] 593.00-594.00 sec   191 KBytes  1.56 Mbits/sec    0   80.6 KBytes       
[  4] 594.00-595.00 sec  63.6 KBytes   521 Kbits/sec    0   86.3 KBytes       
[  4] 595.00-596.02 sec  63.6 KBytes   514 Kbits/sec    0   91.9 KBytes       
[  4] 596.02-597.00 sec   127 KBytes  1.06 Mbits/sec    0   94.7 KBytes       
[  4] 597.00-598.00 sec  63.6 KBytes   520 Kbits/sec    0   94.7 KBytes       
[  4] 598.00-599.00 sec  63.6 KBytes   522 Kbits/sec    0   99.0 KBytes       
[  4] 599.00-600.00 sec  63.6 KBytes   522 Kbits/sec    0    105 KBytes       
[  4] 600.00-601.00 sec  63.6 KBytes   521 Kbits/sec    0    117 KBytes       
[  4] 601.00-602.02 sec   127 KBytes  1.02 Mbits/sec    0    141 KBytes       
[  4] 602.02-603.01 sec  63.6 KBytes   527 Kbits/sec    2    168 KBytes       
[  4] 603.01-604.00 sec  0.00 Bytes  0.00 bits/sec    2    126 KBytes       
[  4] 604.00-605.00 sec   191 KBytes  1.57 Mbits/sec    0    123 KBytes       
[  4] 605.00-606.00 sec   127 KBytes  1.04 Mbits/sec    0    139 KBytes       
[  4] 606.00-607.00 sec   127 KBytes  1.04 Mbits/sec    0    154 KBytes       
[  4] 607.00-608.00 sec   127 KBytes  1.05 Mbits/sec    0    164 KBytes       
[  4] 608.00-609.00 sec  63.6 KBytes   521 Kbits/sec    0    168 KBytes       
[  4] 609.00-610.00 sec  63.6 KBytes   521 Kbits/sec    1    147 KBytes       
[  4] 610.00-611.00 sec  63.6 KBytes   521 Kbits/sec    6    119 KBytes       
[  4] 611.00-612.00 sec   191 KBytes  1.57 Mbits/sec    0    113 KBytes       
[  4] 612.00-613.00 sec   191 KBytes  1.56 Mbits/sec    0   83.4 KBytes       
[  4] 613.00-614.00 sec  63.6 KBytes   521 Kbits/sec    0   91.9 KBytes       
[  4] 614.00-615.00 sec  63.6 KBytes   521 Kbits/sec    0   96.2 KBytes       
[  4] 615.00-616.00 sec   127 KBytes  1.04 Mbits/sec    0   99.0 KBytes       
[  4] 616.00-617.00 sec  63.6 KBytes   522 Kbits/sec    0   99.0 KBytes       
[  4] 617.00-618.00 sec  63.6 KBytes   521 Kbits/sec    0    103 KBytes       
[  4] 618.00-619.00 sec  63.6 KBytes   521 Kbits/sec    0    110 KBytes       
[  4] 619.00-620.00 sec  63.6 KBytes   521 Kbits/sec    0    123 KBytes       
[  4] 620.00-621.00 sec  63.6 KBytes   521 Kbits/sec    1    122 KBytes       
[  4] 621.00-622.00 sec  63.6 KBytes   521 Kbits/sec    2   91.9 KBytes       
[  4] 622.00-623.00 sec   127 KBytes  1.04 Mbits/sec    0   99.0 KBytes       
[  4] 623.00-624.00 sec   127 KBytes  1.04 Mbits/sec    0    112 KBytes       
[  4] 624.00-625.00 sec  63.6 KBytes   521 Kbits/sec    0    123 KBytes       
[  4] 625.00-626.00 sec   127 KBytes  1.04 Mbits/sec    0    127 KBytes       
[  4] 626.00-627.00 sec  63.6 KBytes   521 Kbits/sec    0    130 KBytes       
[  4] 627.00-628.00 sec  0.00 Bytes  0.00 bits/sec    3    112 KBytes       
[  4] 628.00-629.00 sec   191 KBytes  1.56 Mbits/sec    0   93.3 KBytes       
[  4] 629.00-630.00 sec   127 KBytes  1.04 Mbits/sec    0    102 KBytes       
[  4] 630.00-631.00 sec  63.6 KBytes   521 Kbits/sec    0    107 KBytes       
[  4] 631.00-632.00 sec  63.6 KBytes   522 Kbits/sec    0    109 KBytes       
[  4] 632.00-633.00 sec   127 KBytes  1.04 Mbits/sec    0    110 KBytes       
[  4] 633.00-634.00 sec  63.6 KBytes   521 Kbits/sec    0    113 KBytes       
[  4] 634.00-635.00 sec   127 KBytes  1.04 Mbits/sec    0    119 KBytes       
[  4] 635.00-636.00 sec  63.6 KBytes   521 Kbits/sec    0    133 KBytes       
[  4] 636.00-637.00 sec  63.6 KBytes   521 Kbits/sec    0    153 KBytes       
[  4] 637.00-638.00 sec   127 KBytes  1.04 Mbits/sec    0    185 KBytes       
[  4] 638.00-639.00 sec  63.6 KBytes   521 Kbits/sec    3    212 KBytes       
[  4] 639.00-640.00 sec  0.00 Bytes  0.00 bits/sec   16    154 KBytes       
[  4] 640.00-641.00 sec   127 KBytes  1.04 Mbits/sec    6    154 KBytes       
[  4] 641.00-642.00 sec   255 KBytes  2.09 Mbits/sec    0    137 KBytes       
[  4] 642.00-643.00 sec   191 KBytes  1.56 Mbits/sec    0    110 KBytes       
[  4] 643.00-644.00 sec  63.6 KBytes   521 Kbits/sec    0    117 KBytes       
[  4] 644.00-645.00 sec  63.6 KBytes   521 Kbits/sec    5   99.0 KBytes       
[  4] 645.00-646.00 sec  0.00 Bytes  0.00 bits/sec    5   83.4 KBytes       
[  4] 646.00-647.00 sec   191 KBytes  1.56 Mbits/sec    0   84.8 KBytes       
[  4] 647.00-648.00 sec  63.6 KBytes   521 Kbits/sec    0   91.9 KBytes       
[  4] 648.00-649.00 sec   127 KBytes  1.04 Mbits/sec    0   97.6 KBytes       
[  4] 649.00-650.00 sec  63.6 KBytes   521 Kbits/sec    0    100 KBytes       
[  4] 650.00-651.00 sec  63.6 KBytes   521 Kbits/sec    0    100 KBytes       
[  4] 651.00-652.00 sec  63.6 KBytes   521 Kbits/sec    0    103 KBytes       
[  4] 652.00-653.01 sec  63.6 KBytes   517 Kbits/sec    0    110 KBytes       
[  4] 653.01-654.00 sec  63.6 KBytes   526 Kbits/sec    1    117 KBytes       
[  4] 654.00-655.00 sec  0.00 Bytes  0.00 bits/sec    3   90.5 KBytes       
[  4] 655.00-656.01 sec  63.6 KBytes   519 Kbits/sec    0   83.4 KBytes       
[  4] 656.01-657.00 sec   191 KBytes  1.57 Mbits/sec    0   93.3 KBytes       
[  4] 657.00-658.00 sec  63.6 KBytes   522 Kbits/sec    0    105 KBytes       
[  4] 658.00-659.00 sec  63.6 KBytes   521 Kbits/sec    0    113 KBytes       
[  4] 659.00-660.00 sec   127 KBytes  1.04 Mbits/sec    0    117 KBytes       
[  4] 660.00-661.00 sec  63.6 KBytes   521 Kbits/sec    0    119 KBytes       
[  4] 661.00-662.00 sec  63.6 KBytes   521 Kbits/sec    0    122 KBytes       
[  4] 662.00-663.00 sec   127 KBytes  1.04 Mbits/sec    0    129 KBytes       
[  4] 663.00-664.00 sec  63.6 KBytes   520 Kbits/sec    0    140 KBytes       
[  4] 664.00-665.00 sec  63.6 KBytes   522 Kbits/sec    1    140 KBytes       
[  4] 665.00-666.00 sec  0.00 Bytes  0.00 bits/sec   11    105 KBytes       
[  4] 666.00-667.00 sec   191 KBytes  1.56 Mbits/sec    0    106 KBytes       
[  4] 667.00-668.02 sec   127 KBytes  1.03 Mbits/sec    0    120 KBytes       
[  4] 668.02-669.00 sec  63.6 KBytes   529 Kbits/sec    0    133 KBytes       
[  4] 669.00-670.00 sec   127 KBytes  1.04 Mbits/sec    0    141 KBytes       
[  4] 670.00-671.00 sec  63.6 KBytes   522 Kbits/sec    1    134 KBytes       
[  4] 671.00-672.00 sec  0.00 Bytes  0.00 bits/sec    7    100 KBytes       
[  4] 672.00-673.00 sec   191 KBytes  1.56 Mbits/sec    0    102 KBytes       
[  4] 673.00-674.00 sec   127 KBytes  1.04 Mbits/sec    0    110 KBytes       
[  4] 674.00-675.00 sec  63.6 KBytes   522 Kbits/sec    0    116 KBytes       
[  4] 675.00-676.00 sec   127 KBytes  1.04 Mbits/sec    0    119 KBytes       
[  4] 676.00-677.00 sec  63.6 KBytes   522 Kbits/sec    0    120 KBytes       
[  4] 677.00-678.00 sec   127 KBytes  1.04 Mbits/sec    0    123 KBytes       
[  4] 678.00-679.00 sec   127 KBytes  1.04 Mbits/sec    0    129 KBytes       
[  4] 679.00-680.00 sec  63.6 KBytes   521 Kbits/sec    0    137 KBytes       
[  4] 680.00-681.00 sec  63.6 KBytes   521 Kbits/sec    2    147 KBytes       
[  4] 681.00-682.01 sec  0.00 Bytes  0.00 bits/sec    4    113 KBytes       
[  4] 682.01-683.00 sec  63.6 KBytes   524 Kbits/sec    0    106 KBytes       
[  4] 683.00-684.00 sec   255 KBytes  2.09 Mbits/sec    0    122 KBytes       
[  4] 684.00-685.00 sec   127 KBytes  1.04 Mbits/sec    0    137 KBytes       
[  4] 685.00-686.00 sec   127 KBytes  1.04 Mbits/sec    0    146 KBytes       
[  4] 686.00-687.00 sec   191 KBytes  1.56 Mbits/sec    0    150 KBytes       
[  4] 687.00-688.00 sec   127 KBytes  1.04 Mbits/sec    0    151 KBytes       
[  4] 688.00-689.00 sec   127 KBytes  1.04 Mbits/sec    0    154 KBytes       
[  4] 689.00-690.00 sec   127 KBytes  1.04 Mbits/sec    0    158 KBytes       
[  4] 690.00-691.00 sec   127 KBytes  1.04 Mbits/sec    0    168 KBytes       
[  4] 691.00-692.00 sec   127 KBytes  1.04 Mbits/sec    0    187 KBytes       
[  4] 692.00-693.00 sec   127 KBytes  1.04 Mbits/sec    0    211 KBytes       
[  4] 693.00-694.01 sec   127 KBytes  1.04 Mbits/sec    0    256 KBytes       
[  4] 694.01-695.00 sec   127 KBytes  1.05 Mbits/sec    0    317 KBytes       
[  4] 695.00-696.00 sec  0.00 Bytes  0.00 bits/sec   26    245 KBytes       
[  4] 696.00-697.00 sec  63.6 KBytes   522 Kbits/sec   35    221 KBytes       
[  4] 697.00-698.00 sec   445 KBytes  3.64 Mbits/sec    0    225 KBytes       
[  4] 698.00-699.00 sec   191 KBytes  1.56 Mbits/sec    0    246 KBytes       
[  4] 699.00-700.00 sec   127 KBytes  1.04 Mbits/sec    0    263 KBytes       
[  4] 700.00-701.00 sec   191 KBytes  1.56 Mbits/sec    0    288 KBytes       
[  4] 701.00-702.00 sec  0.00 Bytes  0.00 bits/sec   15    215 KBytes       
[  4] 702.00-703.00 sec   127 KBytes  1.04 Mbits/sec    6    202 KBytes       
[  4] 703.00-704.00 sec   382 KBytes  3.13 Mbits/sec    0    206 KBytes       
[  4] 704.00-705.01 sec   191 KBytes  1.56 Mbits/sec    0    221 KBytes       
[  4] 705.01-706.00 sec   255 KBytes  2.10 Mbits/sec    0    233 KBytes       
[  4] 706.00-707.00 sec   127 KBytes  1.04 Mbits/sec    0    240 KBytes       
[  4] 707.00-708.00 sec   191 KBytes  1.56 Mbits/sec    0    243 KBytes       
[  4] 708.00-709.00 sec   191 KBytes  1.56 Mbits/sec    0    245 KBytes       
[  4] 709.00-710.00 sec   191 KBytes  1.56 Mbits/sec    0    249 KBytes       
[  4] 710.00-711.00 sec   191 KBytes  1.56 Mbits/sec    0    257 KBytes       
[  4] 711.00-712.00 sec   191 KBytes  1.56 Mbits/sec    0    272 KBytes       
[  4] 712.00-713.00 sec   127 KBytes  1.04 Mbits/sec    0    288 KBytes       
[  4] 713.00-714.00 sec  63.6 KBytes   522 Kbits/sec   19    257 KBytes       
[  4] 714.00-715.00 sec  0.00 Bytes  0.00 bits/sec   30    218 KBytes       
[  4] 715.00-716.00 sec  0.00 Bytes  0.00 bits/sec    6    218 KBytes       
[  4] 716.00-717.00 sec   573 KBytes  4.68 Mbits/sec    0    194 KBytes       
[  4] 717.00-718.00 sec   191 KBytes  1.56 Mbits/sec    0    156 KBytes       
[  4] 718.00-719.00 sec   191 KBytes  1.57 Mbits/sec    0    168 KBytes       
[  4] 719.00-720.02 sec   127 KBytes  1.03 Mbits/sec    0    174 KBytes       
[  4] 720.02-721.00 sec  63.6 KBytes   528 Kbits/sec    0    178 KBytes       
[  4] 721.00-722.00 sec   191 KBytes  1.57 Mbits/sec    0    182 KBytes       
[  4] 722.00-723.01 sec   127 KBytes  1.03 Mbits/sec    0    184 KBytes       
[  4] 723.01-724.00 sec   255 KBytes  2.11 Mbits/sec    0    191 KBytes       
[  4] 724.00-725.00 sec   191 KBytes  1.56 Mbits/sec    0    202 KBytes       
[  4] 725.00-726.00 sec   255 KBytes  2.09 Mbits/sec    0    229 KBytes       
[  4] 726.00-727.00 sec   318 KBytes  2.60 Mbits/sec    0    267 KBytes       
[  4] 727.00-728.00 sec   318 KBytes  2.61 Mbits/sec    0    320 KBytes       
[  4] 728.00-729.00 sec   573 KBytes  4.69 Mbits/sec    0    400 KBytes       
[  4] 729.00-730.00 sec   954 KBytes  7.80 Mbits/sec    0    489 KBytes       
[  4] 730.00-731.00 sec  1.12 MBytes  9.41 Mbits/sec    0    607 KBytes       
[  4] 731.00-732.00 sec  1.24 MBytes  10.4 Mbits/sec    0    741 KBytes       
[  4] 732.00-733.00 sec  1.18 MBytes  9.91 Mbits/sec    0    887 KBytes       
[  4] 733.00-734.00 sec   891 KBytes  7.28 Mbits/sec   23    923 KBytes       
[  4] 734.00-735.00 sec  0.00 Bytes  0.00 bits/sec  126    696 KBytes       
[  4] 735.00-736.00 sec  0.00 Bytes  0.00 bits/sec   15    696 KBytes       
[  4] 736.00-737.00 sec  1.25 MBytes  10.5 Mbits/sec    0    592 KBytes       
[  4] 737.00-738.00 sec  1.24 MBytes  10.4 Mbits/sec    0    496 KBytes       
[  4] 738.00-739.00 sec   445 KBytes  3.65 Mbits/sec    0    523 KBytes       
[  4] 739.00-740.01 sec   445 KBytes  3.62 Mbits/sec    0    549 KBytes       
[  4] 740.01-741.00 sec   445 KBytes  3.67 Mbits/sec    2    554 KBytes       
[  4] 741.00-742.00 sec   318 KBytes  2.61 Mbits/sec    0    556 KBytes       
[  4] 742.00-743.00 sec   382 KBytes  3.12 Mbits/sec    0    560 KBytes       
[  4] 743.00-743.00 sec  0.00 Bytes  0.00 bits/sec    0    560 KBytes       
- - - - - - - - - - - - - - - - - - - - - - - - -
[ ID] Interval           Transfer     Bandwidth       Retr
[  4]   0.00-743.00 sec   100 MBytes  1.13 Mbits/sec  1612             sender
[  4]   0.00-743.00 sec  95.4 MBytes  1.08 Mbits/sec                  receiver

iperf Done.
