Connecting to host 10.0.0.2, port 5202
[  4] local 10.0.0.1 port 46112 connected to 10.0.0.2 port 5202
[ ID] Interval           Transfer     Bandwidth       Retr  Cwnd
[  4]   0.00-1.00   sec   757 KBytes  6.20 Mbits/sec    0   59.4 KBytes       
[  4]   1.00-2.00   sec   509 KBytes  4.17 Mbits/sec    0   79.2 KBytes       
[  4]   2.00-3.00   sec   509 KBytes  4.17 Mbits/sec    0    100 KBytes       
[  4]   3.00-4.00   sec   573 KBytes  4.69 Mbits/sec    0    122 KBytes       
[  4]   4.00-5.00   sec   509 KBytes  4.17 Mbits/sec    0    141 KBytes       
[  4]   5.00-6.00   sec   509 KBytes  4.17 Mbits/sec    0    163 KBytes       
[  4]   6.00-7.00   sec   636 KBytes  5.21 Mbits/sec    0    199 KBytes       
[  4]   7.00-8.00   sec   891 KBytes  7.30 Mbits/sec    0    277 KBytes       
[  4]   8.00-9.00   sec   827 KBytes  6.78 Mbits/sec    0    355 KBytes       
[  4]   9.00-10.00  sec  1.43 MBytes  12.0 Mbits/sec    0    501 KBytes       
[  4]  10.00-11.00  sec  1.06 MBytes  8.83 Mbits/sec    0    621 KBytes       
[  4]  11.00-12.00  sec  1.74 MBytes  14.6 Mbits/sec    0    820 KBytes       
[  4]  12.00-12.84  sec  1.25 MBytes  12.5 Mbits/sec    0   1015 KBytes       
- - - - - - - - - - - - - - - - - - - - - - - - -
[ ID] Interval           Transfer     Bandwidth       Retr
[  4]   0.00-12.84  sec  11.1 MBytes  7.23 Mbits/sec    0             sender
[  4]   0.00-12.84  sec  7.32 MBytes  4.78 Mbits/sec                  receiver

iperf Done.
