-----------------------------------------------------------
Server listening on 5205
-----------------------------------------------------------
Accepted connection from 10.0.0.1, port 54191
[  5] local 10.0.0.2 port 5205 connected to 10.0.0.1 port 46118
[ ID] Interval           Transfer     Bandwidth
[  5]   0.00-1.00   sec  42.4 KBytes   346 Kbits/sec                  
[  5]   1.00-2.00   sec  87.7 KBytes   719 Kbits/sec                  
[  5]   2.00-3.00   sec  96.2 KBytes   788 Kbits/sec                  
[  5]   3.00-4.00   sec   106 KBytes   869 Kbits/sec                  
[  5]   4.00-5.00   sec   120 KBytes   985 Kbits/sec                  
[  5]   5.00-6.00   sec  74.9 KBytes   614 Kbits/sec                  
[  5]   6.00-7.00   sec  94.7 KBytes   776 Kbits/sec                  
[  5]   7.00-8.00   sec   127 KBytes  1.04 Mbits/sec                  
[  5]   8.00-9.00   sec  5.66 KBytes  46.4 Kbits/sec                  
[  5]   9.00-10.00  sec   160 KBytes  1.31 Mbits/sec                  
[  5]  10.00-11.00  sec  15.6 KBytes   127 Kbits/sec                  
[  5]  11.00-12.00  sec   204 KBytes  1.67 Mbits/sec                  
[  5]  12.00-13.00  sec   113 KBytes   927 Kbits/sec                  
[  5]  13.00-14.00  sec  19.8 KBytes   162 Kbits/sec                  
[  5]  14.00-15.00  sec   139 KBytes  1.14 Mbits/sec                  
[  5]  15.00-16.00  sec   154 KBytes  1.26 Mbits/sec                  
[  5]  16.00-17.00  sec  62.2 KBytes   509 Kbits/sec                  
[  5]  17.00-18.01  sec  62.2 KBytes   503 Kbits/sec                  
[  5]  18.01-19.00  sec  59.4 KBytes   493 Kbits/sec                  
[  5]  19.00-20.00  sec  1.41 KBytes  11.6 Kbits/sec                  
[  5]  20.00-21.00  sec   107 KBytes   881 Kbits/sec                  
[  5]  21.00-22.00  sec  82.0 KBytes   672 Kbits/sec                  
[  5]  22.00-23.00  sec  0.00 Bytes  0.00 bits/sec                  
[  5]  23.00-24.00  sec  83.4 KBytes   684 Kbits/sec                  
[  5]  24.00-25.00  sec  0.00 Bytes  0.00 bits/sec                  
[  5]  25.00-26.00  sec  43.8 KBytes   359 Kbits/sec                  
[  5]  26.00-27.00  sec  45.2 KBytes   371 Kbits/sec                  
[  5]  27.00-28.00  sec  18.4 KBytes   151 Kbits/sec                  
[  5]  28.00-29.00  sec  55.1 KBytes   452 Kbits/sec                  
[  5]  29.00-30.00  sec  24.0 KBytes   197 Kbits/sec                  
[  5]  30.00-31.00  sec  60.8 KBytes   498 Kbits/sec                  
[  5]  31.00-32.00  sec  0.00 Bytes  0.00 bits/sec                  
[  5]  32.00-33.00  sec  36.8 KBytes   301 Kbits/sec                  
[  5]  33.00-34.00  sec  11.3 KBytes  92.6 Kbits/sec                  
[  5]  34.00-35.00  sec  17.0 KBytes   139 Kbits/sec                  
[  5]  35.00-36.00  sec  0.00 Bytes  0.00 bits/sec                  
[  5]  36.00-37.00  sec  29.7 KBytes   243 Kbits/sec                  
[  5]  37.00-38.00  sec  5.66 KBytes  46.3 Kbits/sec                  
[  5]  38.00-39.00  sec  18.4 KBytes   151 Kbits/sec                  
[  5]  39.00-40.00  sec  11.3 KBytes  92.7 Kbits/sec                  
[  5]  40.00-41.00  sec  11.3 KBytes  92.6 Kbits/sec                  
[  5]  41.00-42.00  sec  2.83 KBytes  23.2 Kbits/sec                  
[  5]  42.00-43.00  sec  0.00 Bytes  0.00 bits/sec                  
[  5]  43.00-44.00  sec  21.2 KBytes   174 Kbits/sec                  
[  5]  44.00-45.00  sec  7.07 KBytes  57.9 Kbits/sec                  
[  5]  45.00-46.00  sec  7.07 KBytes  57.9 Kbits/sec                  
[  5]  46.00-47.00  sec  0.00 Bytes  0.00 bits/sec                  
[  5]  47.00-48.00  sec  17.0 KBytes   139 Kbits/sec                  
[  5]  48.00-49.00  sec  9.90 KBytes  81.1 Kbits/sec                  
[  5]  49.00-50.00  sec  7.07 KBytes  57.9 Kbits/sec                  
[  5]  50.00-51.01  sec  11.3 KBytes  91.9 Kbits/sec                  
[  5]  51.01-52.00  sec  7.07 KBytes  58.4 Kbits/sec                  
[  5]  52.00-53.00  sec  22.6 KBytes   185 Kbits/sec                  
[  5]  53.00-54.00  sec  12.7 KBytes   104 Kbits/sec                  
[  5]  54.00-55.00  sec  0.00 Bytes  0.00 bits/sec                  
[  5]  55.00-56.00  sec  59.4 KBytes   487 Kbits/sec                  
[  5]  56.00-57.00  sec  22.6 KBytes   185 Kbits/sec                  
[  5]  57.00-58.00  sec  15.6 KBytes   127 Kbits/sec                  
[  5]  58.00-59.00  sec  0.00 Bytes  0.00 bits/sec                  
[  5]  59.00-60.00  sec  50.9 KBytes   417 Kbits/sec                  
[  5]  60.00-61.00  sec  12.7 KBytes   104 Kbits/sec                  
[  5]  61.00-62.00  sec  35.4 KBytes   290 Kbits/sec                  
[  5]  62.00-63.00  sec  9.90 KBytes  81.1 Kbits/sec                  
[  5]  63.00-64.00  sec  0.00 Bytes  0.00 bits/sec                  
[  5]  64.00-65.00  sec  8.48 KBytes  69.6 Kbits/sec                  
[  5]  65.00-66.00  sec  0.00 Bytes  0.00 bits/sec                  
[  5]  66.00-67.00  sec  43.8 KBytes   359 Kbits/sec                  
[  5]  67.00-68.00  sec  0.00 Bytes  0.00 bits/sec                  
[  5]  68.00-69.00  sec  2.83 KBytes  23.2 Kbits/sec                  
[  5]  69.00-70.00  sec  0.00 Bytes  0.00 bits/sec                  
[  5]  70.00-71.00  sec  29.7 KBytes   243 Kbits/sec                  
[  5]  71.00-72.00  sec  0.00 Bytes  0.00 bits/sec                  
[  5]  72.00-73.00  sec  12.7 KBytes   104 Kbits/sec                  
[  5]  73.00-74.00  sec  0.00 Bytes  0.00 bits/sec                  
[  5]  74.00-75.00  sec  7.07 KBytes  57.9 Kbits/sec                  
[  5]  75.00-76.00  sec  11.3 KBytes  92.7 Kbits/sec                  
[  5]  76.00-77.00  sec  0.00 Bytes  0.00 bits/sec                  
[  5]  77.00-78.00  sec  46.7 KBytes   383 Kbits/sec                  
[  5]  78.00-79.00  sec  91.9 KBytes   753 Kbits/sec                  
[  5]  79.00-80.00  sec  89.1 KBytes   730 Kbits/sec                  
[  5]  80.00-81.00  sec  87.7 KBytes   718 Kbits/sec                  
[  5]  81.00-82.00  sec   103 KBytes   846 Kbits/sec                  
[  5]  82.00-83.00  sec   119 KBytes   972 Kbits/sec                  
[  5]  83.00-84.00  sec   141 KBytes  1.16 Mbits/sec                  
[  5]  84.00-85.00  sec   147 KBytes  1.21 Mbits/sec                  
[  5]  85.00-86.00  sec   107 KBytes   880 Kbits/sec                  
[  5]  86.00-87.00  sec  7.07 KBytes  57.9 Kbits/sec                  
[  5]  87.00-88.00  sec  0.00 Bytes  0.00 bits/sec                  
[  5]  88.00-89.00  sec   270 KBytes  2.21 Mbits/sec                  
[  5]  89.00-90.00  sec   102 KBytes   833 Kbits/sec                  
[  5]  90.00-91.00  sec  8.48 KBytes  69.5 Kbits/sec                  
[  5]  91.00-92.00  sec   492 KBytes  4.02 Mbits/sec                  
[  5]  92.00-93.00  sec   163 KBytes  1.33 Mbits/sec                  
[  5]  93.00-94.00  sec   165 KBytes  1.35 Mbits/sec                  
[  5]  94.00-95.00  sec   235 KBytes  1.93 Mbits/sec                  
[  5]  95.00-96.00  sec   198 KBytes  1.62 Mbits/sec                  
[  5]  96.00-97.00  sec   202 KBytes  1.66 Mbits/sec                  
[  5]  97.00-98.00  sec   230 KBytes  1.89 Mbits/sec                  
[  5]  98.00-99.00  sec   198 KBytes  1.62 Mbits/sec                  
[  5]  99.00-100.00 sec   214 KBytes  1.75 Mbits/sec                  
[  5] 100.00-101.00 sec   215 KBytes  1.76 Mbits/sec                  
[  5] 101.00-102.00 sec   262 KBytes  2.15 Mbits/sec                  
[  5] 102.00-103.00 sec   411 KBytes  3.37 Mbits/sec                  
[  5] 103.00-104.01 sec   276 KBytes  2.24 Mbits/sec                  
[  5] 104.01-105.00 sec   338 KBytes  2.78 Mbits/sec                  
[  5] 105.00-106.00 sec  60.8 KBytes   498 Kbits/sec                  
[  5] 106.00-106.23 sec  0.00 Bytes  0.00 bits/sec                  
- - - - - - - - - - - - - - - - - - - - - - - - -
[ ID] Interval           Transfer     Bandwidth
[  5]   0.00-106.23 sec  0.00 Bytes  0.00 bits/sec                  sender
[  5]   0.00-106.23 sec  7.65 MBytes   604 Kbits/sec                  receiver
