Connecting to host 10.0.0.2, port 5201
[  4] local 10.0.0.1 port 46110 connected to 10.0.0.2 port 5201
[ ID] Interval           Transfer     Bandwidth       Retr  Cwnd
[  4]   0.00-1.01   sec   489 KBytes  3.99 Mbits/sec    0   26.9 KBytes       
[  4]   1.01-2.00   sec   382 KBytes  3.14 Mbits/sec    0   41.0 KBytes       
[  4]   2.00-3.00   sec   318 KBytes  2.61 Mbits/sec    0   56.6 KBytes       
[  4]   3.00-4.00   sec   382 KBytes  3.13 Mbits/sec    0   70.7 KBytes       
[  4]   4.00-5.00   sec   382 KBytes  3.13 Mbits/sec    0   86.3 KBytes       
[  4]   5.00-6.00   sec   445 KBytes  3.65 Mbits/sec    0    117 KBytes       
[  4]   6.00-7.00   sec   636 KBytes  5.21 Mbits/sec    0    174 KBytes       
[  4]   7.00-8.00   sec   700 KBytes  5.74 Mbits/sec    0    249 KBytes       
[  4]   8.00-9.00   sec   700 KBytes  5.73 Mbits/sec    0    327 KBytes       
[  4]   9.00-10.00  sec   891 KBytes  7.30 Mbits/sec    0    434 KBytes       
[  4]  10.00-11.00  sec  1018 KBytes  8.34 Mbits/sec    0    564 KBytes       
[  4]  11.00-12.00  sec  1.06 MBytes  8.85 Mbits/sec    0    704 KBytes       
[  4]  12.00-13.00  sec  1018 KBytes  8.35 Mbits/sec    0    837 KBytes       
[  4]  13.00-14.00  sec   891 KBytes  7.29 Mbits/sec    0    959 KBytes       
[  4]  14.00-15.00  sec   827 KBytes  6.78 Mbits/sec   62    926 KBytes       
[  4]  15.00-16.00  sec  0.00 Bytes  0.00 bits/sec  100    747 KBytes       
[  4]  16.00-17.00  sec  0.00 Bytes  0.00 bits/sec   97    744 KBytes       
[  4]  17.00-18.00  sec  0.00 Bytes  0.00 bits/sec  122    550 KBytes       
[  4]  18.00-19.00  sec   318 KBytes  2.61 Mbits/sec  135    338 KBytes       
[  4]  19.00-19.00  sec  0.00 Bytes  0.00 bits/sec    0    338 KBytes       
- - - - - - - - - - - - - - - - - - - - - - - - -
[ ID] Interval           Transfer     Bandwidth       Retr
[  4]   0.00-19.00  sec  10.2 MBytes  4.52 Mbits/sec  516             sender
[  4]   0.00-19.00  sec  5.24 MBytes  2.31 Mbits/sec                  receiver

iperf Done.
