-----------------------------------------------------------
Server listening on 5202
-----------------------------------------------------------
Accepted connection from 10.0.0.1, port 54750
[  5] local 10.0.0.2 port 5202 connected to 10.0.0.1 port 46112
[ ID] Interval           Transfer     Bandwidth
[  5]   0.00-1.00   sec   421 KBytes  3.45 Mbits/sec                  
[  5]   1.00-2.00   sec   356 KBytes  2.92 Mbits/sec                  
[  5]   2.00-3.00   sec   332 KBytes  2.72 Mbits/sec                  
[  5]   3.00-4.00   sec   235 KBytes  1.92 Mbits/sec                  
[  5]   4.00-5.00   sec   160 KBytes  1.31 Mbits/sec                  
[  5]   5.00-6.00   sec   130 KBytes  1.07 Mbits/sec                  
[  5]   6.00-7.00   sec   127 KBytes  1.04 Mbits/sec                  
[  5]   7.00-8.00   sec   139 KBytes  1.14 Mbits/sec                  
[  5]   8.00-9.00   sec  2.83 KBytes  23.2 Kbits/sec                  
[  5]   9.00-10.00  sec  0.00 Bytes  0.00 bits/sec                  
[  5]  10.00-11.00  sec   141 KBytes  1.16 Mbits/sec                  
[  5]  11.00-12.00  sec   509 KBytes  4.17 Mbits/sec                  
[  5]  12.00-13.00  sec   390 KBytes  3.20 Mbits/sec                  
[  5]  13.00-14.00  sec   361 KBytes  2.95 Mbits/sec                  
[  5]  14.00-15.00  sec   279 KBytes  2.28 Mbits/sec                  
[  5]  15.00-16.00  sec   273 KBytes  2.24 Mbits/sec                  
[  5]  16.00-17.00  sec   229 KBytes  1.88 Mbits/sec                  
[  5]  17.00-18.00  sec   212 KBytes  1.74 Mbits/sec                  
[  5]  18.00-19.00  sec   288 KBytes  2.36 Mbits/sec                  
[  5]  19.00-20.00  sec   170 KBytes  1.39 Mbits/sec                  
[  5]  20.00-21.00  sec   286 KBytes  2.34 Mbits/sec                  
[  5]  21.00-22.00  sec   239 KBytes  1.96 Mbits/sec                  
[  5]  22.00-23.00  sec   372 KBytes  3.05 Mbits/sec                  
[  5]  23.00-24.00  sec   365 KBytes  2.98 Mbits/sec                  
[  5]  24.00-25.00  sec   363 KBytes  2.97 Mbits/sec                  
[  5]  25.00-26.00  sec   106 KBytes   873 Kbits/sec                  
[  5]  26.00-27.00  sec  0.00 Bytes  0.00 bits/sec                  
[  5]  27.00-28.00  sec   578 KBytes  4.74 Mbits/sec                  
[  5]  28.00-29.00  sec   703 KBytes  5.76 Mbits/sec                  
[  5]  29.00-29.08  sec  21.2 KBytes  2.17 Mbits/sec                  
- - - - - - - - - - - - - - - - - - - - - - - - -
[ ID] Interval           Transfer     Bandwidth
[  5]   0.00-29.08  sec  0.00 Bytes  0.00 bits/sec                  sender
[  5]   0.00-29.08  sec  7.61 MBytes  2.19 Mbits/sec                  receiver
