-----------------------------------------------------------
Server listening on 5201
-----------------------------------------------------------
Accepted connection from 10.0.0.1, port 60078
[  5] local 10.0.0.2 port 5201 connected to 10.0.0.1 port 46110
[ ID] Interval           Transfer     Bandwidth
[  5]   0.00-1.00   sec  1.08 MBytes  9.06 Mbits/sec                  
[  5]   1.00-2.00   sec  1.04 MBytes  8.72 Mbits/sec                  
[  5]   2.00-3.00   sec  1.05 MBytes  8.77 Mbits/sec                  
[  5]   3.00-4.00   sec   986 KBytes  8.07 Mbits/sec                  
[  5]   4.00-5.00   sec  1018 KBytes  8.34 Mbits/sec                  
[  5]   5.00-6.00   sec   952 KBytes  7.80 Mbits/sec                  
[  5]   6.00-7.00   sec   993 KBytes  8.13 Mbits/sec                  
[  5]   7.00-8.00   sec  1.03 MBytes  8.62 Mbits/sec                  
[  5]   8.00-9.00   sec   892 KBytes  7.31 Mbits/sec                  
[  5]   9.00-10.00  sec   974 KBytes  7.98 Mbits/sec                  
[  5]  10.00-11.00  sec   697 KBytes  5.71 Mbits/sec                  
[  5]  11.00-12.00  sec   769 KBytes  6.30 Mbits/sec                  
[  5]  12.00-13.00  sec   908 KBytes  7.44 Mbits/sec                  
[  5]  13.00-14.00  sec   874 KBytes  7.16 Mbits/sec                  
[  5]  14.00-15.00  sec   550 KBytes  4.50 Mbits/sec                  
[  5]  15.00-16.00  sec  1.08 MBytes  9.03 Mbits/sec                  
[  5]  16.00-17.00  sec   310 KBytes  2.54 Mbits/sec                  
[  5]  17.00-18.00  sec  1.04 MBytes  8.69 Mbits/sec                  
[  5]  18.00-19.00  sec   130 KBytes  1.06 Mbits/sec                  
[  5]  19.00-20.00  sec  0.00 Bytes  0.00 bits/sec                  
[  5]  20.00-21.00  sec  74.9 KBytes   615 Kbits/sec                  
[  5]  21.00-22.00  sec   382 KBytes  3.13 Mbits/sec                  
[  5]  22.00-23.00  sec  1.24 MBytes  10.4 Mbits/sec                  
[  5]  23.00-24.00  sec   761 KBytes  6.23 Mbits/sec                  
[  5]  24.00-25.00  sec  0.00 Bytes  0.00 bits/sec                  
[  5]  25.00-26.00  sec  1020 KBytes  8.36 Mbits/sec                  
[  5]  26.00-27.00  sec  2.80 MBytes  23.5 Mbits/sec                  
[  5]  27.00-28.00  sec   819 KBytes  6.71 Mbits/sec                  
[  5]  28.00-29.00  sec   529 KBytes  4.33 Mbits/sec                  
[  5]  29.00-30.00  sec   997 KBytes  8.17 Mbits/sec                  
[  5]  30.00-31.00  sec   536 KBytes  4.39 Mbits/sec                  
[  5]  31.00-32.00  sec   994 KBytes  8.14 Mbits/sec                  
[  5]  32.00-33.00  sec   516 KBytes  4.23 Mbits/sec                  
[  5]  33.00-34.00  sec   991 KBytes  8.12 Mbits/sec                  
[  5]  34.00-35.00  sec   509 KBytes  4.17 Mbits/sec                  
[  5]  35.00-36.00  sec   984 KBytes  8.06 Mbits/sec                  
[  5]  36.00-37.00  sec   502 KBytes  4.11 Mbits/sec                  
[  5]  37.00-38.00  sec   981 KBytes  8.04 Mbits/sec                  
[  5]  38.00-39.00  sec   474 KBytes  3.88 Mbits/sec                  
[  5]  39.00-40.00  sec   973 KBytes  7.97 Mbits/sec                  
[  5]  40.00-41.00  sec   413 KBytes  3.38 Mbits/sec                  
[  5]  41.00-42.00  sec  1007 KBytes  8.25 Mbits/sec                  
[  5]  42.00-43.00  sec   489 KBytes  4.01 Mbits/sec                  
[  5]  43.00-44.00  sec   769 KBytes  6.30 Mbits/sec                  
[  5]  44.00-45.00  sec  8.48 KBytes  69.4 Kbits/sec                  
[  5]  45.00-46.00  sec  0.00 Bytes  0.00 bits/sec                  
[  5]  46.00-47.00  sec   925 KBytes  7.58 Mbits/sec                  
[  5]  47.00-48.00  sec   704 KBytes  5.77 Mbits/sec                  
[  5]  48.00-49.00  sec  0.00 Bytes  0.00 bits/sec                  
[  5]  49.00-50.00  sec  1.04 MBytes  8.74 Mbits/sec                  
[  5]  50.00-50.74  sec  0.00 Bytes  0.00 bits/sec                  
- - - - - - - - - - - - - - - - - - - - - - - - -
[ ID] Interval           Transfer     Bandwidth
[  5]   0.00-50.74  sec  0.00 Bytes  0.00 bits/sec                  sender
[  5]   0.00-50.74  sec  37.2 MBytes  6.15 Mbits/sec                  receiver
