Connecting to host 10.0.0.2, port 5205
[  4] local 10.0.0.1 port 46118 connected to 10.0.0.2 port 5205
[ ID] Interval           Transfer     Bandwidth       Retr  Cwnd
[  4]   0.00-1.00   sec  96.2 KBytes   787 Kbits/sec    0   28.3 KBytes       
[  4]   1.00-2.00   sec   208 KBytes  1.70 Mbits/sec    0   42.4 KBytes       
[  4]   2.00-3.00   sec   262 KBytes  2.14 Mbits/sec    0   53.7 KBytes       
[  4]   3.00-4.00   sec   318 KBytes  2.61 Mbits/sec    0   65.0 KBytes       
[  4]   4.00-5.00   sec   255 KBytes  2.08 Mbits/sec    0   76.4 KBytes       
[  4]   5.00-6.00   sec   318 KBytes  2.61 Mbits/sec    0   90.5 KBytes       
[  4]   6.00-7.00   sec   318 KBytes  2.60 Mbits/sec    0    117 KBytes       
[  4]   7.00-8.00   sec   445 KBytes  3.66 Mbits/sec    0    165 KBytes       
[  4]   8.00-9.00   sec   445 KBytes  3.64 Mbits/sec    0    215 KBytes       
[  4]   9.00-10.00  sec   636 KBytes  5.22 Mbits/sec    0    297 KBytes       
[  4]  10.00-11.00  sec   764 KBytes  6.25 Mbits/sec    0    402 KBytes       
[  4]  11.00-12.00  sec   509 KBytes  4.17 Mbits/sec    0    468 KBytes       
[  4]  12.00-13.02  sec  0.00 Bytes  0.00 bits/sec   97    332 KBytes       
[  4]  13.02-14.00  sec  0.00 Bytes  0.00 bits/sec    1    332 KBytes       
[  4]  14.00-15.00  sec  0.00 Bytes  0.00 bits/sec   25    332 KBytes       
[  4]  15.00-16.00  sec  0.00 Bytes  0.00 bits/sec    0    315 KBytes       
[  4]  16.00-17.00  sec   954 KBytes  7.82 Mbits/sec    0    344 KBytes       
[  4]  17.00-18.00  sec   255 KBytes  2.08 Mbits/sec    0    379 KBytes       
[  4]  18.00-19.02  sec   127 KBytes  1.02 Mbits/sec    0    397 KBytes       
[  4]  19.02-20.00  sec  63.6 KBytes   533 Kbits/sec   28    328 KBytes       
[  4]  20.00-21.00  sec   127 KBytes  1.04 Mbits/sec    6    290 KBytes       
[  4]  21.00-22.00  sec   382 KBytes  3.14 Mbits/sec    0    291 KBytes       
[  4]  22.00-23.00  sec   636 KBytes  5.20 Mbits/sec    0    314 KBytes       
[  4]  23.00-24.00  sec   255 KBytes  2.09 Mbits/sec    0    329 KBytes       
[  4]  24.00-25.00  sec   382 KBytes  3.13 Mbits/sec    0    342 KBytes       
[  4]  25.00-26.00  sec   318 KBytes  2.60 Mbits/sec    0    348 KBytes       
[  4]  26.00-27.00  sec   445 KBytes  3.65 Mbits/sec    0    351 KBytes       
[  4]  27.00-28.00  sec   700 KBytes  5.74 Mbits/sec    0    354 KBytes       
[  4]  28.00-29.00  sec   573 KBytes  4.69 Mbits/sec    0    358 KBytes       
[  4]  29.00-30.00  sec   509 KBytes  4.17 Mbits/sec    0    366 KBytes       
[  4]  30.00-30.00  sec  0.00 Bytes  0.00 bits/sec    0    366 KBytes       
- - - - - - - - - - - - - - - - - - - - - - - - -
[ ID] Interval           Transfer     Bandwidth       Retr
[  4]   0.00-30.00  sec  10.1 MBytes  2.81 Mbits/sec  157             sender
[  4]   0.00-30.00  sec  7.81 MBytes  2.18 Mbits/sec                  receiver

iperf Done.
