Connecting to host 10.0.0.2, port 5203
[  4] local 10.0.0.1 port 46114 connected to 10.0.0.2 port 5203
[ ID] Interval           Transfer     Bandwidth       Retr  Cwnd
[  4]   0.00-1.01   sec   153 KBytes  1.24 Mbits/sec    0   28.3 KBytes       
[  4]   1.01-2.26   sec   264 KBytes  1.73 Mbits/sec    0   46.7 KBytes       
[  4]   2.26-3.00   sec   127 KBytes  1.40 Mbits/sec    0   52.3 KBytes       
[  4]   3.00-4.00   sec   255 KBytes  2.09 Mbits/sec    0   60.8 KBytes       
[  4]   4.00-5.00   sec   255 KBytes  2.09 Mbits/sec    0   73.5 KBytes       
[  4]   5.00-6.00   sec   318 KBytes  2.60 Mbits/sec    0    100 KBytes       
[  4]   6.00-7.00   sec   509 KBytes  4.16 Mbits/sec    0    143 KBytes       
[  4]   7.00-8.00   sec   445 KBytes  3.66 Mbits/sec    0    192 KBytes       
[  4]   8.00-9.00   sec   700 KBytes  5.74 Mbits/sec    0    270 KBytes       
[  4]   9.00-10.00  sec   700 KBytes  5.73 Mbits/sec    0    355 KBytes       
[  4]  10.00-11.02  sec   827 KBytes  6.67 Mbits/sec    0    457 KBytes       
[  4]  11.02-12.00  sec  1.12 MBytes  9.51 Mbits/sec    0    605 KBytes       
[  4]  12.00-13.00  sec   318 KBytes  2.61 Mbits/sec   24    581 KBytes       
[  4]  13.00-14.00  sec  0.00 Bytes  0.00 bits/sec  146    421 KBytes       
[  4]  14.00-15.00  sec   318 KBytes  2.61 Mbits/sec   17    458 KBytes       
[  4]  15.00-16.01  sec   318 KBytes  2.57 Mbits/sec    9    443 KBytes       
[  4]  16.01-17.00  sec  0.00 Bytes  0.00 bits/sec   39    458 KBytes       
[  4]  17.00-18.00  sec   764 KBytes  6.26 Mbits/sec    0    380 KBytes       
[  4]  18.00-19.00  sec   509 KBytes  4.17 Mbits/sec    0    327 KBytes       
[  4]  19.00-20.00  sec   445 KBytes  3.65 Mbits/sec    0    349 KBytes       
[  4]  20.00-21.02  sec   382 KBytes  3.06 Mbits/sec    0    366 KBytes       
[  4]  21.02-22.00  sec   382 KBytes  3.20 Mbits/sec    0    378 KBytes       
[  4]  22.00-23.00  sec   382 KBytes  3.12 Mbits/sec    0    385 KBytes       
[  4]  23.00-24.00  sec   509 KBytes  4.17 Mbits/sec    0    387 KBytes       
[  4]  24.00-25.00  sec   445 KBytes  3.66 Mbits/sec    0    389 KBytes       
[  4]  25.00-25.00  sec  0.00 Bytes  0.00 bits/sec    0    389 KBytes       
- - - - - - - - - - - - - - - - - - - - - - - - -
[ ID] Interval           Transfer     Bandwidth       Retr
[  4]   0.00-25.00  sec  10.2 MBytes  3.43 Mbits/sec  235             sender
[  4]   0.00-25.00  sec  6.98 MBytes  2.34 Mbits/sec                  receiver

iperf Done.
