-----------------------------------------------------------
Server listening on 5204
-----------------------------------------------------------
Accepted connection from 10.0.0.1, port 35382
[  5] local 10.0.0.2 port 5204 connected to 10.0.0.1 port 46116
[ ID] Interval           Transfer     Bandwidth
[  5]   0.00-1.01   sec  84.8 KBytes   692 Kbits/sec                  
[  5]   1.01-2.00   sec   141 KBytes  1.16 Mbits/sec                  
[  5]   2.00-3.00   sec   156 KBytes  1.27 Mbits/sec                  
[  5]   3.00-4.00   sec   126 KBytes  1.03 Mbits/sec                  
[  5]   4.00-5.00   sec   150 KBytes  1.23 Mbits/sec                  
[  5]   5.00-6.00   sec   150 KBytes  1.23 Mbits/sec                  
[  5]   6.00-7.00   sec   110 KBytes   904 Kbits/sec                  
[  5]   7.00-8.00   sec   144 KBytes  1.18 Mbits/sec                  
[  5]   8.00-9.01   sec   187 KBytes  1.52 Mbits/sec                  
[  5]   9.01-10.00  sec  15.6 KBytes   128 Kbits/sec                  
[  5]  10.00-11.00  sec   173 KBytes  1.41 Mbits/sec                  
[  5]  11.00-12.00  sec  94.7 KBytes   776 Kbits/sec                  
[  5]  12.00-13.00  sec   310 KBytes  2.54 Mbits/sec                  
[  5]  13.00-14.00  sec   175 KBytes  1.44 Mbits/sec                  
[  5]  14.00-15.00  sec  1.41 KBytes  11.6 Kbits/sec                  
[  5]  15.00-16.00  sec   262 KBytes  2.14 Mbits/sec                  
[  5]  16.00-17.00  sec   151 KBytes  1.24 Mbits/sec                  
[  5]  17.00-18.00  sec   148 KBytes  1.21 Mbits/sec                  
[  5]  18.00-19.00  sec  45.2 KBytes   371 Kbits/sec                  
[  5]  19.00-20.00  sec   187 KBytes  1.53 Mbits/sec                  
[  5]  20.00-21.00  sec   156 KBytes  1.27 Mbits/sec                  
[  5]  21.00-22.00  sec   199 KBytes  1.63 Mbits/sec                  
[  5]  22.00-23.00  sec   201 KBytes  1.64 Mbits/sec                  
[  5]  23.00-24.00  sec   187 KBytes  1.53 Mbits/sec                  
[  5]  24.00-25.00  sec   116 KBytes   950 Kbits/sec                  
[  5]  25.00-26.00  sec   191 KBytes  1.57 Mbits/sec                  
[  5]  26.00-27.00  sec   267 KBytes  2.19 Mbits/sec                  
[  5]  27.00-28.00  sec   307 KBytes  2.51 Mbits/sec                  
[  5]  28.00-29.00  sec   362 KBytes  2.97 Mbits/sec                  
[  5]  29.00-30.00  sec  24.0 KBytes   197 Kbits/sec                  
[  5]  30.00-31.00  sec   127 KBytes  1.04 Mbits/sec                  
[  5]  31.00-32.00  sec   727 KBytes  5.95 Mbits/sec                  
[  5]  32.00-33.00  sec   329 KBytes  2.70 Mbits/sec                  
[  5]  33.00-34.00  sec   171 KBytes  1.40 Mbits/sec                  
[  5]  34.00-35.00  sec  36.8 KBytes   301 Kbits/sec                  
[  5]  35.00-36.00  sec   332 KBytes  2.72 Mbits/sec                  
[  5]  36.00-37.00  sec   598 KBytes  4.90 Mbits/sec                  
[  5]  37.00-38.00  sec   262 KBytes  2.14 Mbits/sec                  
[  5]  38.00-38.21  sec  72.1 KBytes  2.79 Mbits/sec                  
- - - - - - - - - - - - - - - - - - - - - - - - -
[ ID] Interval           Transfer     Bandwidth
[  5]   0.00-38.21  sec  0.00 Bytes  0.00 bits/sec                  sender
[  5]   0.00-38.21  sec  7.30 MBytes  1.60 Mbits/sec                  receiver
