-----------------------------------------------------------
Server listening on 5205
-----------------------------------------------------------
Accepted connection from 10.0.0.1, port 56834
[  5] local 10.0.0.2 port 5205 connected to 10.0.0.1 port 46118
[ ID] Interval           Transfer     Bandwidth
[  5]   0.00-1.00   sec   106 KBytes   867 Kbits/sec                  
[  5]   1.00-2.00   sec   242 KBytes  1.98 Mbits/sec                  
[  5]   2.00-3.00   sec   197 KBytes  1.61 Mbits/sec                  
[  5]   3.00-4.00   sec   205 KBytes  1.68 Mbits/sec                  
[  5]   4.00-5.00   sec   139 KBytes  1.13 Mbits/sec                  
[  5]   5.00-6.00   sec   136 KBytes  1.11 Mbits/sec                  
[  5]   6.00-7.00   sec   156 KBytes  1.27 Mbits/sec                  
[  5]   7.00-8.00   sec   106 KBytes   868 Kbits/sec                  
[  5]   8.00-9.00   sec   117 KBytes   963 Kbits/sec                  
[  5]   9.00-10.02  sec   132 KBytes  1.05 Mbits/sec                  
[  5]  10.02-11.01  sec  0.00 Bytes  0.00 bits/sec                  
[  5]  11.01-12.02  sec   119 KBytes   959 Kbits/sec                  
[  5]  12.02-13.00  sec   150 KBytes  1.25 Mbits/sec                  
[  5]  13.00-14.00  sec  73.5 KBytes   603 Kbits/sec                  
[  5]  14.00-15.00  sec   144 KBytes  1.18 Mbits/sec                  
[  5]  15.00-16.02  sec   332 KBytes  2.69 Mbits/sec                  
[  5]  16.02-17.00  sec   236 KBytes  1.96 Mbits/sec                  
[  5]  17.00-18.00  sec   266 KBytes  2.18 Mbits/sec                  
[  5]  18.00-19.11  sec   112 KBytes   826 Kbits/sec                  
[  5]  19.11-20.00  sec   260 KBytes  2.39 Mbits/sec                  
[  5]  20.00-21.00  sec   230 KBytes  1.89 Mbits/sec                  
[  5]  21.00-22.00  sec   233 KBytes  1.91 Mbits/sec                  
[  5]  22.00-23.00  sec   270 KBytes  2.21 Mbits/sec                  
[  5]  23.00-24.00  sec   230 KBytes  1.89 Mbits/sec                  
[  5]  24.00-25.00  sec   376 KBytes  3.08 Mbits/sec                  
[  5]  25.00-26.00  sec   404 KBytes  3.31 Mbits/sec                  
[  5]  26.00-27.00  sec   420 KBytes  3.44 Mbits/sec                  
[  5]  27.00-28.00  sec   354 KBytes  2.90 Mbits/sec                  
[  5]  28.00-29.00  sec   430 KBytes  3.52 Mbits/sec                  
[  5]  29.00-30.00  sec   331 KBytes  2.71 Mbits/sec                  
[  5]  30.00-31.00  sec   216 KBytes  1.77 Mbits/sec                  
[  5]  31.00-32.01  sec  33.9 KBytes   276 Kbits/sec                  
[  5]  32.01-32.30  sec   225 KBytes  6.31 Mbits/sec                  
- - - - - - - - - - - - - - - - - - - - - - - - -
[ ID] Interval           Transfer     Bandwidth
[  5]   0.00-32.30  sec  0.00 Bytes  0.00 bits/sec                  sender
[  5]   0.00-32.30  sec  6.82 MBytes  1.77 Mbits/sec                  receiver
