-----------------------------------------------------------
Server listening on 5206
-----------------------------------------------------------
Accepted connection from 10.0.0.1, port 50578
[  5] local 10.0.0.2 port 5206 connected to 10.0.0.1 port 46120
[ ID] Interval           Transfer     Bandwidth
[  5]   0.00-1.00   sec  14.1 KBytes   116 Kbits/sec                  
[  5]   1.00-2.00   sec   116 KBytes   950 Kbits/sec                  
[  5]   2.00-3.00   sec  96.2 KBytes   787 Kbits/sec                  
[  5]   3.00-4.00   sec   103 KBytes   847 Kbits/sec                  
[  5]   4.00-5.00   sec  60.8 KBytes   498 Kbits/sec                  
[  5]   5.00-6.00   sec  70.7 KBytes   580 Kbits/sec                  
[  5]   6.00-7.00   sec  82.0 KBytes   672 Kbits/sec                  
[  5]   7.00-8.00   sec   113 KBytes   926 Kbits/sec                  
[  5]   8.00-9.00   sec  1.41 KBytes  11.6 Kbits/sec                  
[  5]   9.00-10.00  sec   144 KBytes  1.18 Mbits/sec                  
[  5]  10.00-11.00  sec   161 KBytes  1.32 Mbits/sec                  
[  5]  11.00-12.00  sec  32.5 KBytes   266 Kbits/sec                  
[  5]  12.00-13.00  sec   134 KBytes  1.10 Mbits/sec                  
[  5]  13.00-14.00  sec  31.1 KBytes   255 Kbits/sec                  
[  5]  14.00-15.00  sec   195 KBytes  1.60 Mbits/sec                  
[  5]  15.00-16.00  sec   107 KBytes   881 Kbits/sec                  
[  5]  16.00-17.00  sec   117 KBytes   961 Kbits/sec                  
[  5]  17.00-18.00  sec   175 KBytes  1.44 Mbits/sec                  
[  5]  18.00-19.00  sec   170 KBytes  1.39 Mbits/sec                  
[  5]  19.00-20.00  sec   141 KBytes  1.16 Mbits/sec                  
[  5]  20.00-21.00  sec   147 KBytes  1.20 Mbits/sec                  
[  5]  21.00-22.00  sec   144 KBytes  1.18 Mbits/sec                  
[  5]  22.00-23.00  sec   133 KBytes  1.09 Mbits/sec                  
[  5]  23.00-24.00  sec   174 KBytes  1.43 Mbits/sec                  
[  5]  24.00-25.00  sec   177 KBytes  1.45 Mbits/sec                  
[  5]  25.00-26.00  sec  87.7 KBytes   717 Kbits/sec                  
[  5]  26.00-27.00  sec   260 KBytes  2.13 Mbits/sec                  
[  5]  27.00-28.00  sec  22.6 KBytes   185 Kbits/sec                  
[  5]  28.00-29.00  sec   279 KBytes  2.28 Mbits/sec                  
[  5]  29.00-30.00  sec   424 KBytes  3.48 Mbits/sec                  
[  5]  30.00-31.00  sec   301 KBytes  2.47 Mbits/sec                  
[  5]  31.00-32.00  sec   332 KBytes  2.72 Mbits/sec                  
[  5]  32.00-33.00  sec   236 KBytes  1.93 Mbits/sec                  
[  5]  33.00-34.00  sec   402 KBytes  3.29 Mbits/sec                  
[  5]  34.00-35.00  sec   380 KBytes  3.11 Mbits/sec                  
[  5]  35.00-36.00  sec   378 KBytes  3.09 Mbits/sec                  
[  5]  36.00-37.00  sec   392 KBytes  3.21 Mbits/sec                  
[  5]  37.00-38.00  sec   561 KBytes  4.60 Mbits/sec                  
[  5]  38.00-39.00  sec   595 KBytes  4.87 Mbits/sec                  
[  5]  39.00-40.00  sec   560 KBytes  4.59 Mbits/sec                  
[  5]  40.00-40.61  sec   451 KBytes  6.02 Mbits/sec                  
- - - - - - - - - - - - - - - - - - - - - - - - -
[ ID] Interval           Transfer     Bandwidth
[  5]   0.00-40.61  sec  0.00 Bytes  0.00 bits/sec                  sender
[  5]   0.00-40.61  sec  8.30 MBytes  1.72 Mbits/sec                  receiver
