-----------------------------------------------------------
Server listening on 5201
-----------------------------------------------------------
Accepted connection from 10.0.0.1, port 40429
[  5] local 10.0.0.2 port 5201 connected to 10.0.0.1 port 46110
[ ID] Interval           Transfer     Bandwidth
[  5]   0.00-1.00   sec   819 KBytes  6.68 Mbits/sec                  
[  5]   1.00-2.00   sec   875 KBytes  7.19 Mbits/sec                  
[  5]   2.00-3.00   sec   703 KBytes  5.74 Mbits/sec                  
[  5]   3.00-4.00   sec   810 KBytes  6.66 Mbits/sec                  
[  5]   4.00-5.00   sec   775 KBytes  6.35 Mbits/sec                  
[  5]   5.00-6.00   sec   823 KBytes  6.74 Mbits/sec                  
[  5]   6.00-7.00   sec   795 KBytes  6.51 Mbits/sec                  
[  5]   7.00-8.00   sec   735 KBytes  6.02 Mbits/sec                  
[  5]   8.00-9.00   sec   691 KBytes  5.67 Mbits/sec                  
[  5]   9.00-10.00  sec   598 KBytes  4.90 Mbits/sec                  
[  5]  10.00-11.00  sec   281 KBytes  2.30 Mbits/sec                  
[  5]  11.00-12.00  sec   420 KBytes  3.44 Mbits/sec                  
[  5]  12.00-13.00  sec   437 KBytes  3.58 Mbits/sec                  
[  5]  13.00-14.00  sec   341 KBytes  2.79 Mbits/sec                  
[  5]  14.00-15.00  sec   287 KBytes  2.35 Mbits/sec                  
[  5]  15.00-16.00  sec   311 KBytes  2.55 Mbits/sec                  
[  5]  16.00-17.00  sec   113 KBytes   926 Kbits/sec                  
[  5]  17.00-18.00  sec  0.00 Bytes  0.00 bits/sec                  
[  5]  18.00-19.00  sec  0.00 Bytes  0.00 bits/sec                  
[  5]  19.00-20.00  sec  21.2 KBytes   173 Kbits/sec                  
[  5]  20.00-21.01  sec  0.00 Bytes  0.00 bits/sec                  
[  5]  21.01-22.00  sec  0.00 Bytes  0.00 bits/sec                  
[  5]  22.00-23.00  sec  1.41 KBytes  11.6 Kbits/sec                  
[  5]  23.00-24.00  sec  4.24 KBytes  34.7 Kbits/sec                  
[  5]  24.00-25.00  sec   458 KBytes  3.75 Mbits/sec                  
[  5]  25.00-26.00  sec   628 KBytes  5.15 Mbits/sec                  
[  5]  26.00-27.00  sec  22.6 KBytes   185 Kbits/sec                  
[  5]  27.00-28.00  sec  70.7 KBytes   579 Kbits/sec                  
[  5]  28.00-29.00  sec  0.00 Bytes  0.00 bits/sec                  
[  5]  29.00-30.00  sec  0.00 Bytes  0.00 bits/sec                  
[  5]  30.00-31.00  sec  0.00 Bytes  0.00 bits/sec                  
[  5]  31.00-32.00  sec  0.00 Bytes  0.00 bits/sec                  
[  5]  32.00-33.00  sec  0.00 Bytes  0.00 bits/sec                  
[  5]  33.00-34.00  sec  1.41 KBytes  11.6 Kbits/sec                  
[  5]  34.00-35.00  sec  4.24 KBytes  34.8 Kbits/sec                  
[  5]  35.00-36.00  sec  0.00 Bytes  0.00 bits/sec                  
[  5]  36.00-37.00  sec  17.0 KBytes   139 Kbits/sec                  
[  5]  37.00-38.00  sec  14.1 KBytes   116 Kbits/sec                  
[  5]  38.00-39.00  sec  0.00 Bytes  0.00 bits/sec                  
[  5]  39.00-40.00  sec  0.00 Bytes  0.00 bits/sec                  
[  5]  40.00-41.01  sec  0.00 Bytes  0.00 bits/sec                  
[  5]  41.01-42.00  sec  22.6 KBytes   186 Kbits/sec                  
[  5]  42.00-43.00  sec  0.00 Bytes  0.00 bits/sec                  
[  5]  43.00-44.00  sec  63.6 KBytes   522 Kbits/sec                  
[  5]  44.00-45.00  sec   366 KBytes  3.00 Mbits/sec                  
[  5]  45.00-46.00  sec  0.00 Bytes  0.00 bits/sec                  
[  5]  46.00-47.00  sec  1.41 KBytes  11.6 Kbits/sec                  
[  5]  47.00-48.00  sec  8.48 KBytes  69.5 Kbits/sec                  
[  5]  48.00-49.00  sec   212 KBytes  1.74 Mbits/sec                  
[  5]  49.00-50.00  sec   595 KBytes  4.87 Mbits/sec                  
[  5]  50.00-51.00  sec   194 KBytes  1.59 Mbits/sec                  
[  5]  51.00-52.00  sec   417 KBytes  3.42 Mbits/sec                  
[  5]  52.00-53.00  sec   223 KBytes  1.83 Mbits/sec                  
[  5]  53.00-54.00  sec   389 KBytes  3.19 Mbits/sec                  
[  5]  54.00-55.00  sec   351 KBytes  2.87 Mbits/sec                  
[  5]  55.00-56.00  sec   298 KBytes  2.44 Mbits/sec                  
[  5]  56.00-57.00  sec   355 KBytes  2.91 Mbits/sec                  
[  5]  57.00-58.00  sec   431 KBytes  3.53 Mbits/sec                  
[  5]  58.00-59.00  sec   214 KBytes  1.75 Mbits/sec                  
[  5]  59.00-60.00  sec   356 KBytes  2.92 Mbits/sec                  
[  5]  60.00-61.00  sec   735 KBytes  6.02 Mbits/sec                  
[  5]  61.00-62.00  sec  15.6 KBytes   127 Kbits/sec                  
[  5]  62.00-63.00  sec   839 KBytes  6.87 Mbits/sec                  
[  5]  63.00-64.00  sec   208 KBytes  1.70 Mbits/sec                  
[  5]  64.00-65.00  sec   222 KBytes  1.82 Mbits/sec                  
[  5]  65.00-66.00  sec   625 KBytes  5.12 Mbits/sec                  
[  5]  66.00-67.00  sec  0.00 Bytes  0.00 bits/sec                  
[  5]  67.00-68.00  sec  0.00 Bytes  0.00 bits/sec                  
[  5]  68.00-69.00  sec  0.00 Bytes  0.00 bits/sec                  
[  5]  69.00-70.00  sec  0.00 Bytes  0.00 bits/sec                  
[  5]  70.00-71.00  sec  0.00 Bytes  0.00 bits/sec                  
[  5]  71.00-72.00  sec  0.00 Bytes  0.00 bits/sec                  
[  5]  72.00-73.00  sec  0.00 Bytes  0.00 bits/sec                  
[  5]  73.00-74.00  sec  17.0 KBytes   139 Kbits/sec                  
[  5]  74.00-75.00  sec  0.00 Bytes  0.00 bits/sec                  
[  5]  75.00-76.00  sec   174 KBytes  1.42 Mbits/sec                  
[  5]  76.00-77.00  sec  1.68 MBytes  14.1 Mbits/sec                  
[  5]  77.00-78.00  sec  1.50 MBytes  12.6 Mbits/sec                  
[  5]  78.00-79.00  sec   723 KBytes  5.92 Mbits/sec                  
[  5]  79.00-80.00  sec   148 KBytes  1.22 Mbits/sec                  
[  5]  80.00-81.00  sec  1.00 MBytes  8.41 Mbits/sec                  
[  5]  81.00-82.00  sec   328 KBytes  2.69 Mbits/sec                  
[  5]  82.00-83.00  sec   583 KBytes  4.77 Mbits/sec                  
[  5]  83.00-84.00  sec   939 KBytes  7.69 Mbits/sec                  
[  5]  84.00-85.00  sec  56.6 KBytes   463 Kbits/sec                  
[  5]  85.00-86.00  sec   877 KBytes  7.18 Mbits/sec                  
[  5]  86.00-87.00  sec   781 KBytes  6.39 Mbits/sec                  
[  5]  87.00-88.00  sec  1.41 KBytes  11.6 Kbits/sec                  
[  5]  88.00-89.00  sec   226 KBytes  1.85 Mbits/sec                  
[  5]  89.00-90.00  sec  0.00 Bytes  0.00 bits/sec                  
[  5]  90.00-91.00  sec  0.00 Bytes  0.00 bits/sec                  
[  5]  91.00-92.00  sec  1.41 KBytes  11.6 Kbits/sec                  
[  5]  92.00-93.00  sec  0.00 Bytes  0.00 bits/sec                  
[  5]  93.00-94.00  sec  0.00 Bytes  0.00 bits/sec                  
[  5]  94.00-95.00  sec  0.00 Bytes  0.00 bits/sec                  
[  5]  95.00-96.00  sec  0.00 Bytes  0.00 bits/sec                  
[  5]  96.00-97.00  sec  0.00 Bytes  0.00 bits/sec                  
[  5]  97.00-98.00  sec  0.00 Bytes  0.00 bits/sec                  
[  5]  98.00-99.00  sec  65.0 KBytes   533 Kbits/sec                  
[  5]  99.00-100.00 sec  6.89 MBytes  57.8 Mbits/sec                  
[  5] 100.00-101.00 sec   901 KBytes  7.38 Mbits/sec                  
[  5] 101.00-102.00 sec   751 KBytes  6.15 Mbits/sec                  
[  5] 102.00-103.00 sec   894 KBytes  7.32 Mbits/sec                  
[  5] 103.00-104.00 sec   769 KBytes  6.30 Mbits/sec                  
[  5] 104.00-105.00 sec   916 KBytes  7.51 Mbits/sec                  
[  5] 105.00-106.00 sec   875 KBytes  7.17 Mbits/sec                  
[  5] 106.00-107.00 sec   820 KBytes  6.72 Mbits/sec                  
[  5] 107.00-108.00 sec   932 KBytes  7.63 Mbits/sec                  
[  5] 108.00-109.00 sec   766 KBytes  6.28 Mbits/sec                  
[  5] 109.00-110.00 sec   913 KBytes  7.48 Mbits/sec                  
[  5] 110.00-111.00 sec   741 KBytes  6.07 Mbits/sec                  
[  5] 111.00-112.00 sec   884 KBytes  7.24 Mbits/sec                  
[  5] 112.00-113.00 sec   909 KBytes  7.45 Mbits/sec                  
[  5] 113.00-114.00 sec   687 KBytes  5.63 Mbits/sec                  
[  5] 114.00-115.00 sec   708 KBytes  5.81 Mbits/sec                  
[  5] 115.00-116.00 sec  0.00 Bytes  0.00 bits/sec                  
[  5] 116.00-117.00 sec  0.00 Bytes  0.00 bits/sec                  
[  5] 117.00-118.00 sec  0.00 Bytes  0.00 bits/sec                  
[  5] 118.00-119.00 sec  0.00 Bytes  0.00 bits/sec                  
[  5] 119.00-120.00 sec  0.00 Bytes  0.00 bits/sec                  
[  5] 120.00-121.00 sec  0.00 Bytes  0.00 bits/sec                  
[  5] 121.00-122.00 sec  0.00 Bytes  0.00 bits/sec                  
[  5] 122.00-123.00 sec  0.00 Bytes  0.00 bits/sec                  
[  5] 123.00-124.00 sec  0.00 Bytes  0.00 bits/sec                  
[  5] 124.00-125.00 sec  0.00 Bytes  0.00 bits/sec                  
[  5] 125.00-126.00 sec  0.00 Bytes  0.00 bits/sec                  
[  5] 126.00-127.00 sec  4.24 KBytes  34.7 Kbits/sec                  
[  5] 127.00-128.00 sec   105 KBytes   857 Kbits/sec                  
[  5] 128.00-129.00 sec  1.67 MBytes  14.0 Mbits/sec                  
[  5] 129.00-130.00 sec  5.84 MBytes  49.0 Mbits/sec                  
[  5] 130.00-131.00 sec   450 KBytes  3.68 Mbits/sec                  
[  5] 131.00-132.00 sec  1.14 MBytes  9.57 Mbits/sec                  
[  5] 132.00-133.00 sec  1.02 MBytes  8.52 Mbits/sec                  
[  5] 133.00-134.00 sec   501 KBytes  4.10 Mbits/sec                  
[  5] 134.00-135.00 sec   355 KBytes  2.91 Mbits/sec                  
[  5] 135.00-136.00 sec  0.00 Bytes  0.00 bits/sec                  
[  5] 136.00-137.00 sec  0.00 Bytes  0.00 bits/sec                  
[  5] 137.00-138.00 sec  1.41 KBytes  11.6 Kbits/sec                  
[  5] 138.00-139.00 sec  0.00 Bytes  0.00 bits/sec                  
[  5] 139.00-140.00 sec  0.00 Bytes  0.00 bits/sec                  
[  5] 140.00-141.00 sec  0.00 Bytes  0.00 bits/sec                  
[  5] 141.00-142.00 sec  0.00 Bytes  0.00 bits/sec                  
[  5] 142.00-143.00 sec   272 KBytes  2.23 Mbits/sec                  
[  5] 143.00-144.00 sec  6.88 MBytes  57.8 Mbits/sec                  
[  5] 144.00-145.00 sec   876 KBytes  7.18 Mbits/sec                  
[  5] 145.00-146.00 sec  1.03 MBytes  8.65 Mbits/sec                  
[  5] 146.00-147.00 sec   926 KBytes  7.59 Mbits/sec                  
[  5] 147.00-148.00 sec   938 KBytes  7.68 Mbits/sec                  
[  5] 148.00-149.00 sec   974 KBytes  7.98 Mbits/sec                  
[  5] 149.00-150.00 sec   844 KBytes  6.91 Mbits/sec                  
[  5] 150.00-151.00 sec  1.05 MBytes  8.78 Mbits/sec                  
[  5] 151.00-152.00 sec   946 KBytes  7.75 Mbits/sec                  
[  5] 152.00-153.00 sec   962 KBytes  7.88 Mbits/sec                  
[  5] 153.00-154.00 sec   960 KBytes  7.87 Mbits/sec                  
[  5] 154.00-155.00 sec   820 KBytes  6.72 Mbits/sec                  
[  5] 155.00-156.00 sec  1.07 MBytes  9.01 Mbits/sec                  
[  5] 156.00-157.00 sec   939 KBytes  7.69 Mbits/sec                  
[  5] 157.00-158.00 sec   338 KBytes  2.77 Mbits/sec                  
[  5] 158.00-159.00 sec  0.00 Bytes  0.00 bits/sec                  
[  5] 159.00-160.00 sec  0.00 Bytes  0.00 bits/sec                  
[  5] 160.00-161.00 sec  41.0 KBytes   336 Kbits/sec                  
[  5] 161.00-162.00 sec  0.00 Bytes  0.00 bits/sec                  
[  5] 162.00-163.00 sec  0.00 Bytes  0.00 bits/sec                  
[  5] 163.00-164.00 sec  0.00 Bytes  0.00 bits/sec                  
[  5] 164.00-165.00 sec  0.00 Bytes  0.00 bits/sec                  
[  5] 165.00-166.00 sec  0.00 Bytes  0.00 bits/sec                  
[  5] 166.00-167.00 sec  0.00 Bytes  0.00 bits/sec                  
[  5] 167.00-168.00 sec  29.7 KBytes   243 Kbits/sec                  
[  5] 168.00-169.00 sec  4.07 MBytes  34.1 Mbits/sec                  
[  5] 169.00-170.00 sec  4.08 MBytes  34.2 Mbits/sec                  
[  5] 170.00-171.00 sec  1.14 MBytes  9.53 Mbits/sec                  
[  5] 171.00-172.00 sec  1.14 MBytes  9.53 Mbits/sec                  
[  5] 172.00-173.00 sec  1.14 MBytes  9.57 Mbits/sec                  
[  5] 173.00-174.00 sec  1.14 MBytes  9.54 Mbits/sec                  
[  5] 174.00-175.00 sec  1.10 MBytes  9.18 Mbits/sec                  
[  5] 175.00-175.37 sec   411 KBytes  9.26 Mbits/sec                  
- - - - - - - - - - - - - - - - - - - - - - - - -
[ ID] Interval           Transfer     Bandwidth
[  5]   0.00-175.37 sec  0.00 Bytes  0.00 bits/sec                  sender
[  5]   0.00-175.37 sec  90.7 MBytes  4.34 Mbits/sec                  receiver
