-----------------------------------------------------------
Server listening on 5202
-----------------------------------------------------------
Accepted connection from 10.0.0.1, port 52181
[  5] local 10.0.0.2 port 5202 connected to 10.0.0.1 port 46112
[ ID] Interval           Transfer     Bandwidth
[  5]   0.00-1.00   sec   177 KBytes  1.45 Mbits/sec                  
[  5]   1.00-2.00   sec   376 KBytes  3.08 Mbits/sec                  
[  5]   2.00-3.00   sec   396 KBytes  3.24 Mbits/sec                  
[  5]   3.00-4.00   sec   486 KBytes  3.98 Mbits/sec                  
[  5]   4.00-5.00   sec   559 KBytes  4.57 Mbits/sec                  
[  5]   5.00-6.00   sec   512 KBytes  4.20 Mbits/sec                  
[  5]   6.00-7.00   sec   542 KBytes  4.43 Mbits/sec                  
[  5]   7.00-8.00   sec   518 KBytes  4.24 Mbits/sec                  
[  5]   8.00-9.00   sec   563 KBytes  4.61 Mbits/sec                  
[  5]   9.00-10.00  sec   359 KBytes  2.94 Mbits/sec                  
[  5]  10.00-11.00  sec   611 KBytes  5.01 Mbits/sec                  
[  5]  11.00-12.00  sec   563 KBytes  4.61 Mbits/sec                  
[  5]  12.00-13.01  sec  1.14 MBytes  9.47 Mbits/sec                  
[  5]  13.01-13.46  sec   403 KBytes  7.32 Mbits/sec                  
- - - - - - - - - - - - - - - - - - - - - - - - -
[ ID] Interval           Transfer     Bandwidth
[  5]   0.00-13.46  sec  0.00 Bytes  0.00 bits/sec                  sender
[  5]   0.00-13.46  sec  7.06 MBytes  4.40 Mbits/sec                  receiver
