Connecting to host 10.0.0.2, port 5201
[  4] local 10.0.0.1 port 46110 connected to 10.0.0.2 port 5201
[ ID] Interval           Transfer     Bandwidth       Retr  Cwnd
[  4]   0.00-1.00   sec  1.36 MBytes  11.4 Mbits/sec    0   83.4 KBytes       
[  4]   1.00-2.00   sec   764 KBytes  6.26 Mbits/sec    0    113 KBytes       
[  4]   2.00-3.00   sec   636 KBytes  5.21 Mbits/sec    0    137 KBytes       
[  4]   3.00-4.00   sec   954 KBytes  7.82 Mbits/sec  100    144 KBytes       
[  4]   4.00-5.00   sec  1.06 MBytes  8.86 Mbits/sec    0    144 KBytes       
[  4]   5.00-6.00   sec  1.12 MBytes  9.37 Mbits/sec    0    144 KBytes       
[  4]   6.00-7.00   sec  1.06 MBytes  8.88 Mbits/sec    0    144 KBytes       
[  4]   7.00-8.00   sec  1.06 MBytes  8.86 Mbits/sec    0    144 KBytes       
[  4]   8.00-9.00   sec  1.06 MBytes  8.87 Mbits/sec    0    144 KBytes       
[  4]   9.00-10.00  sec  1.12 MBytes  9.39 Mbits/sec    0    150 KBytes       
[  4]  10.00-11.00  sec  1.12 MBytes  9.38 Mbits/sec    0    163 KBytes       
[  4]  11.00-12.00  sec  1.18 MBytes  9.90 Mbits/sec    0    184 KBytes       
[  4]  12.00-13.00  sec  1.30 MBytes  10.9 Mbits/sec    0    221 KBytes       
[  4]  13.00-14.00  sec  1.30 MBytes  10.9 Mbits/sec    0    272 KBytes       
[  4]  14.00-15.00  sec  1.43 MBytes  12.0 Mbits/sec    0    341 KBytes       
[  4]  15.00-16.00  sec  1.49 MBytes  12.5 Mbits/sec    0    430 KBytes       
[  4]  16.00-17.01  sec  1.55 MBytes  13.0 Mbits/sec    0    533 KBytes       
[  4]  17.01-18.00  sec  1.62 MBytes  13.6 Mbits/sec    0    673 KBytes       
[  4]  18.00-19.00  sec  1.99 MBytes  16.7 Mbits/sec    0    841 KBytes       
[  4]  19.00-20.00  sec  2.05 MBytes  17.2 Mbits/sec    0   1.00 MBytes       
[  4]  20.00-21.00  sec  1.25 MBytes  10.5 Mbits/sec    0   1.22 MBytes       
[  4]  21.00-22.00  sec  2.50 MBytes  21.0 Mbits/sec    0   1.46 MBytes       
[  4]  22.00-23.00  sec  2.50 MBytes  21.0 Mbits/sec    0   1.75 MBytes       
[  4]  23.00-24.00  sec  1.25 MBytes  10.5 Mbits/sec    0   2.03 MBytes       
[  4]  24.00-25.00  sec  2.50 MBytes  21.0 Mbits/sec    0   2.41 MBytes       
[  4]  25.00-26.00  sec  2.50 MBytes  21.0 Mbits/sec    0   2.79 MBytes       
[  4]  26.00-27.00  sec  1.25 MBytes  10.5 Mbits/sec    0   3.14 MBytes       
[  4]  27.00-28.00  sec  1.25 MBytes  10.5 Mbits/sec    0   3.58 MBytes       
[  4]  28.00-29.00  sec  1.25 MBytes  10.5 Mbits/sec    0   4.12 MBytes       
[  4]  29.00-30.00  sec  1.25 MBytes  10.5 Mbits/sec    0   4.71 MBytes       
[  4]  30.00-31.00  sec  1.25 MBytes  10.5 Mbits/sec  127   4.67 MBytes       
[  4]  31.00-32.00  sec  1.01 MBytes  8.48 Mbits/sec  334   3.87 MBytes       
[  4]  32.00-33.00  sec  0.00 Bytes  0.00 bits/sec  425   3.51 MBytes       
[  4]  33.00-34.00  sec  0.00 Bytes  0.00 bits/sec  353   3.51 MBytes       
[  4]  34.00-35.00  sec  0.00 Bytes  0.00 bits/sec  633   3.01 MBytes       
[  4]  35.00-36.00  sec   382 KBytes  3.13 Mbits/sec  204   2.15 MBytes       
[  4]  36.00-37.00  sec   891 KBytes  7.30 Mbits/sec  104   2.01 MBytes       
[  4]  37.00-37.74  sec  5.00 MBytes  57.0 Mbits/sec  163    618 KBytes       
- - - - - - - - - - - - - - - - - - - - - - - - -
[ ID] Interval           Transfer     Bandwidth       Retr
[  4]   0.00-37.74  sec  51.2 MBytes  11.4 Mbits/sec  2443             sender
[  4]   0.00-37.74  sec  41.2 MBytes  9.17 Mbits/sec                  receiver

iperf Done.
