Connecting to host 10.0.0.2, port 5201
[  4] local 10.0.0.1 port 46110 connected to 10.0.0.2 port 5201
[ ID] Interval           Transfer     Bandwidth       Retr  Cwnd
[  4]   0.00-1.00   sec  1.53 MBytes  12.9 Mbits/sec    0   91.9 KBytes       
[  4]   1.00-2.00   sec  1018 KBytes  8.34 Mbits/sec    0    132 KBytes       
[  4]   2.00-3.00   sec  1.06 MBytes  8.86 Mbits/sec    0    174 KBytes       
[  4]   3.00-4.00   sec   764 KBytes  6.25 Mbits/sec    4    185 KBytes       
[  4]   4.00-5.00   sec   636 KBytes  5.21 Mbits/sec    0    188 KBytes       
[  4]   5.00-6.00   sec   764 KBytes  6.26 Mbits/sec    0    194 KBytes       
[  4]   6.00-7.00   sec   764 KBytes  6.26 Mbits/sec    0    208 KBytes       
[  4]   7.00-8.00   sec   764 KBytes  6.26 Mbits/sec    0    232 KBytes       
[  4]   8.00-9.00   sec   700 KBytes  5.74 Mbits/sec    0    264 KBytes       
[  4]   9.00-10.00  sec   827 KBytes  6.77 Mbits/sec    0    313 KBytes       
[  4]  10.00-11.00  sec   954 KBytes  7.82 Mbits/sec    0    387 KBytes       
[  4]  11.00-12.00  sec   954 KBytes  7.82 Mbits/sec    0    467 KBytes       
[  4]  12.00-13.00  sec  1018 KBytes  8.34 Mbits/sec    0    566 KBytes       
[  4]  13.00-14.00  sec  1.25 MBytes  10.5 Mbits/sec    0    713 KBytes       
[  4]  14.00-15.00  sec  1.11 MBytes  9.33 Mbits/sec    0    841 KBytes       
[  4]  15.00-16.00  sec  0.00 Bytes  0.00 bits/sec   66    639 KBytes       
[  4]  16.00-17.00  sec   318 KBytes  2.60 Mbits/sec   70    588 KBytes       
[  4]  17.00-18.00  sec  1018 KBytes  8.34 Mbits/sec    0    591 KBytes       
[  4]  18.00-19.00  sec   573 KBytes  4.69 Mbits/sec    0    646 KBytes       
[  4]  19.00-20.00  sec   636 KBytes  5.21 Mbits/sec    0    716 KBytes       
[  4]  20.00-21.00  sec  0.00 Bytes  0.00 bits/sec   25    605 KBytes       
[  4]  21.00-22.00  sec  0.00 Bytes  0.00 bits/sec   25    501 KBytes       
[  4]  22.00-23.00  sec   636 KBytes  5.21 Mbits/sec    3    501 KBytes       
[  4]  23.00-24.00  sec  1.12 MBytes  9.38 Mbits/sec    0    512 KBytes       
[  4]  24.00-25.00  sec   445 KBytes  3.65 Mbits/sec    0    543 KBytes       
[  4]  25.00-26.00  sec   127 KBytes  1.04 Mbits/sec    0    551 KBytes       
[  4]  26.00-27.00  sec   445 KBytes  3.65 Mbits/sec    0    578 KBytes       
[  4]  27.00-28.00  sec  0.00 Bytes  0.00 bits/sec   50    434 KBytes       
[  4]  28.00-29.00  sec  0.00 Bytes  0.00 bits/sec  163    406 KBytes       
[  4]  29.00-30.00  sec  0.00 Bytes  0.00 bits/sec   27    406 KBytes       
[  4]  30.00-31.00  sec  0.00 Bytes  0.00 bits/sec   59   1.41 KBytes       
[  4]  31.00-32.00  sec  0.00 Bytes  0.00 bits/sec    0   1.41 KBytes       
[  4]  32.00-33.00  sec  0.00 Bytes  0.00 bits/sec    0   1.41 KBytes       
[  4]  33.00-34.00  sec  0.00 Bytes  0.00 bits/sec    0   1.41 KBytes       
[  4]  34.00-35.00  sec  0.00 Bytes  0.00 bits/sec    1   1.41 KBytes       
[  4]  35.00-36.00  sec  0.00 Bytes  0.00 bits/sec    0   11.3 KBytes       
[  4]  36.00-37.00  sec  0.00 Bytes  0.00 bits/sec    5   11.3 KBytes       
[  4]  37.00-38.00  sec  0.00 Bytes  0.00 bits/sec    0   11.3 KBytes       
[  4]  38.00-39.00  sec  0.00 Bytes  0.00 bits/sec   26   43.8 KBytes       
[  4]  39.00-40.00  sec  0.00 Bytes  0.00 bits/sec    0   43.8 KBytes       
[  4]  40.00-41.00  sec  63.6 KBytes   521 Kbits/sec   25   1.41 KBytes       
[  4]  41.00-42.00  sec  0.00 Bytes  0.00 bits/sec    0   1.41 KBytes       
[  4]  42.00-43.00  sec  63.6 KBytes   521 Kbits/sec    9   12.7 KBytes       
[  4]  43.00-44.00  sec  0.00 Bytes  0.00 bits/sec    0   12.7 KBytes       
[  4]  44.00-45.00  sec   509 KBytes  4.17 Mbits/sec   39   55.1 KBytes       
[  4]  45.00-46.00  sec  63.6 KBytes   522 Kbits/sec    5   58.0 KBytes       
[  4]  46.00-47.00  sec   191 KBytes  1.56 Mbits/sec   25   63.6 KBytes       
[  4]  47.00-48.00  sec  0.00 Bytes  0.00 bits/sec    0   63.6 KBytes       
[  4]  48.00-49.00  sec  4.91 MBytes  41.2 Mbits/sec    6   1.20 MBytes       
[  4]  49.00-50.00  sec  1018 KBytes  8.34 Mbits/sec    0   1.25 MBytes       
[  4]  50.00-51.00  sec  1.25 MBytes  10.5 Mbits/sec    0   1.30 MBytes       
[  4]  51.00-52.00  sec  1.25 MBytes  10.5 Mbits/sec    0   1.36 MBytes       
[  4]  52.00-53.00  sec  1003 KBytes  8.21 Mbits/sec   22   1.24 MBytes       
[  4]  53.00-54.00  sec  63.6 KBytes   522 Kbits/sec   34    997 KBytes       
[  4]  54.00-55.00  sec  1.25 MBytes  10.5 Mbits/sec    0   1005 KBytes       
[  4]  55.00-56.00  sec  1.25 MBytes  10.5 Mbits/sec    0   1.06 MBytes       
[  4]  56.00-57.00  sec  1.25 MBytes  10.5 Mbits/sec    0   1.14 MBytes       
[  4]  57.00-58.00  sec  1.25 MBytes  10.5 Mbits/sec    0   1.22 MBytes       
[  4]  58.00-59.00  sec  1.25 MBytes  10.5 Mbits/sec    0   1.27 MBytes       
[  4]  59.00-60.00  sec  1.25 MBytes  10.5 Mbits/sec    0   1.32 MBytes       
[  4]  60.00-61.00  sec  1.25 MBytes  10.5 Mbits/sec    0   1.35 MBytes       
[  4]  61.00-62.00  sec  1.25 MBytes  10.5 Mbits/sec    0   1.37 MBytes       
[  4]  62.00-63.00  sec  1.25 MBytes  10.5 Mbits/sec    0   1.38 MBytes       
[  4]  63.00-64.00  sec  1.25 MBytes  10.5 Mbits/sec    0   1.39 MBytes       
[  4]  64.00-65.00  sec   436 KBytes  3.57 Mbits/sec    3   1.14 MBytes       
[  4]  65.00-66.00  sec   827 KBytes  6.78 Mbits/sec    2    996 KBytes       
[  4]  66.00-67.00  sec  1.25 MBytes  10.5 Mbits/sec    0   1017 KBytes       
[  4]  67.00-68.00  sec  1.25 MBytes  10.5 Mbits/sec    0   1.04 MBytes       
[  4]  68.00-69.00  sec  1.25 MBytes  10.5 Mbits/sec    0   1.09 MBytes       
[  4]  69.00-70.00  sec  1.25 MBytes  10.5 Mbits/sec    0   1.13 MBytes       
[  4]  70.00-71.00  sec  1.25 MBytes  10.5 Mbits/sec    0   1.15 MBytes       
[  4]  71.00-72.00  sec  1.25 MBytes  10.5 Mbits/sec    0   1.17 MBytes       
[  4]  72.00-73.00  sec  1.25 MBytes  10.5 Mbits/sec    0   1.18 MBytes       
[  4]  73.00-74.00  sec  1.25 MBytes  10.5 Mbits/sec    0   1.18 MBytes       
[  4]  74.00-75.00  sec  1.25 MBytes  10.5 Mbits/sec    0   1.18 MBytes       
[  4]  75.00-76.00  sec  1.25 MBytes  10.5 Mbits/sec    0   1.18 MBytes       
[  4]  76.00-77.00  sec  1.25 MBytes  10.5 Mbits/sec    0   1.19 MBytes       
[  4]  77.00-78.00  sec  1.23 MBytes  10.3 Mbits/sec    0   1.21 MBytes       
[  4]  78.00-79.00  sec  1.12 MBytes  9.38 Mbits/sec    0   1.24 MBytes       
[  4]  79.00-80.00  sec  1.06 MBytes  8.86 Mbits/sec    0   1.27 MBytes       
[  4]  80.00-81.00  sec  1.06 MBytes  8.85 Mbits/sec    0   1.34 MBytes       
[  4]  81.00-82.00  sec  1.24 MBytes  10.4 Mbits/sec    0   1.41 MBytes       
[  4]  82.00-83.00  sec  1.25 MBytes  10.5 Mbits/sec    6   1.24 MBytes       
[  4]  83.00-84.00  sec  56.3 KBytes   461 Kbits/sec   16   1.05 MBytes       
[  4]  84.00-85.00  sec  1.25 MBytes  10.5 Mbits/sec    0   1.09 MBytes       
[  4]  85.00-86.00  sec  1.25 MBytes  10.5 Mbits/sec    0   1.18 MBytes       
[  4]  86.00-87.00  sec  1.25 MBytes  10.5 Mbits/sec    0   1.26 MBytes       
[  4]  87.00-88.00  sec  1.25 MBytes  10.5 Mbits/sec    0   1.33 MBytes       
[  4]  88.00-89.00  sec  1.25 MBytes  10.5 Mbits/sec    0   1.39 MBytes       
[  4]  89.00-90.00  sec  1.25 MBytes  10.5 Mbits/sec    0   1.43 MBytes       
[  4]  90.00-91.00  sec   720 KBytes  5.89 Mbits/sec   29   1.10 MBytes       
[  4]  91.00-92.00  sec  1.12 MBytes  9.38 Mbits/sec   10   1.01 MBytes       
[  4]  92.00-93.00  sec  1.25 MBytes  10.5 Mbits/sec    0   1.03 MBytes       
[  4]  93.00-94.00  sec  1.25 MBytes  10.5 Mbits/sec    0   1.08 MBytes       
[  4]  94.00-95.00  sec  1.25 MBytes  10.5 Mbits/sec    0   1.13 MBytes       
[  4]  95.00-96.00  sec  1.25 MBytes  10.5 Mbits/sec    0   1.17 MBytes       
[  4]  96.00-97.00  sec  1.25 MBytes  10.5 Mbits/sec    0   1.19 MBytes       
[  4]  97.00-98.00  sec  1.25 MBytes  10.5 Mbits/sec    0   1.21 MBytes       
[  4]  98.00-99.01  sec  1.25 MBytes  10.4 Mbits/sec    0   1.22 MBytes       
[  4]  99.01-100.00 sec  1.25 MBytes  10.6 Mbits/sec    0   1.22 MBytes       
[  4] 100.00-101.00 sec  1.25 MBytes  10.5 Mbits/sec    0   1.22 MBytes       
[  4] 101.00-102.00 sec  1.25 MBytes  10.5 Mbits/sec    0   1.22 MBytes       
[  4] 102.00-103.00 sec  1.17 MBytes  9.82 Mbits/sec    0   1.23 MBytes       
[  4] 103.00-104.00 sec  1.12 MBytes  9.39 Mbits/sec    0   1.25 MBytes       
[  4] 104.00-105.00 sec  1.18 MBytes  9.90 Mbits/sec    0   1.28 MBytes       
[  4] 105.00-106.00 sec  1.06 MBytes  8.86 Mbits/sec    0   1.32 MBytes       
[  4] 106.00-107.00 sec  1.12 MBytes  9.38 Mbits/sec    0   1.38 MBytes       
[  4] 107.00-108.00 sec  1018 KBytes  8.34 Mbits/sec    0   1.45 MBytes       
[  4] 108.00-109.00 sec  1.25 MBytes  10.5 Mbits/sec    0   1.56 MBytes       
[  4] 109.00-110.00 sec  1.25 MBytes  10.5 Mbits/sec    0   1.67 MBytes       
[  4] 110.00-111.00 sec  1.25 MBytes  10.5 Mbits/sec  124   1.40 MBytes       
[  4] 111.00-112.00 sec   105 KBytes   862 Kbits/sec   47   1.22 MBytes       
[  4] 112.00-113.00 sec  1.25 MBytes  10.5 Mbits/sec    3   1.22 MBytes       
[  4] 113.00-114.00 sec  1.25 MBytes  10.5 Mbits/sec    0    997 KBytes       
[  4] 114.00-115.00 sec  1.25 MBytes  10.5 Mbits/sec    0    885 KBytes       
[  4] 115.00-116.00 sec  1.25 MBytes  10.5 Mbits/sec    0    913 KBytes       
[  4] 116.00-117.00 sec   989 KBytes  8.11 Mbits/sec   31    741 KBytes       
[  4] 117.00-118.00 sec  0.00 Bytes  0.00 bits/sec  262    431 KBytes       
[  4] 118.00-119.00 sec  63.6 KBytes   521 Kbits/sec  183    605 KBytes       
[  4] 119.00-120.00 sec  63.6 KBytes   522 Kbits/sec    0    659 KBytes       
[  4] 120.00-121.00 sec  0.00 Bytes  0.00 bits/sec   72   1.41 KBytes       
[  4] 121.00-122.00 sec   127 KBytes  1.04 Mbits/sec    0   1.41 KBytes       
[  4] 122.00-123.00 sec   127 KBytes  1.04 Mbits/sec    7   9.90 KBytes       
[  4] 123.00-124.00 sec  1.25 MBytes  10.5 Mbits/sec  184    689 KBytes       
[  4] 124.00-125.00 sec  1.17 MBytes  9.85 Mbits/sec    0    749 KBytes       
[  4] 125.00-126.00 sec   891 KBytes  7.29 Mbits/sec    0    793 KBytes       
[  4] 126.00-127.00 sec   382 KBytes  3.13 Mbits/sec    0    812 KBytes       
[  4] 127.00-128.00 sec   445 KBytes  3.65 Mbits/sec    0    834 KBytes       
[  4] 128.00-129.00 sec  0.00 Bytes  0.00 bits/sec    8    765 KBytes       
[  4] 129.00-130.00 sec  0.00 Bytes  0.00 bits/sec   19    584 KBytes       
[  4] 130.00-131.00 sec   636 KBytes  5.21 Mbits/sec    3    584 KBytes       
[  4] 131.00-132.00 sec   573 KBytes  4.69 Mbits/sec    3    570 KBytes       
[  4] 132.00-133.00 sec   127 KBytes  1.04 Mbits/sec    0    416 KBytes       
[  4] 133.00-134.00 sec   636 KBytes  5.21 Mbits/sec    2    409 KBytes       
[  4] 134.00-135.00 sec   891 KBytes  7.30 Mbits/sec    0    430 KBytes       
[  4] 135.00-136.00 sec   127 KBytes  1.04 Mbits/sec    0    440 KBytes       
[  4] 136.00-137.00 sec  1.12 MBytes  9.38 Mbits/sec    0    479 KBytes       
[  4] 137.00-138.00 sec   891 KBytes  7.29 Mbits/sec    0    491 KBytes       
[  4] 138.00-139.00 sec   318 KBytes  2.61 Mbits/sec    0    494 KBytes       
[  4] 139.00-140.00 sec   382 KBytes  3.12 Mbits/sec    0    495 KBytes       
[  4] 140.00-141.00 sec   127 KBytes  1.04 Mbits/sec    0    495 KBytes       
[  4] 141.00-142.00 sec   382 KBytes  3.13 Mbits/sec    0    496 KBytes       
[  4] 142.00-143.00 sec   191 KBytes  1.57 Mbits/sec    0    503 KBytes       
[  4] 143.00-144.00 sec  63.6 KBytes   521 Kbits/sec    1    440 KBytes       
[  4] 144.00-145.00 sec   127 KBytes  1.04 Mbits/sec    7    352 KBytes       
[  4] 145.00-146.00 sec  0.00 Bytes  0.00 bits/sec    0    352 KBytes       
[  4] 146.00-147.00 sec   827 KBytes  6.78 Mbits/sec    0    363 KBytes       
[  4] 147.00-148.00 sec   382 KBytes  3.13 Mbits/sec    0    414 KBytes       
[  4] 148.00-149.00 sec   191 KBytes  1.56 Mbits/sec    0    438 KBytes       
[  4] 149.00-150.00 sec  1018 KBytes  8.35 Mbits/sec    0    486 KBytes       
[  4] 150.00-151.00 sec   255 KBytes  2.09 Mbits/sec    0    492 KBytes       
[  4] 151.00-152.00 sec   382 KBytes  3.12 Mbits/sec    0    499 KBytes       
[  4] 152.00-153.00 sec   191 KBytes  1.56 Mbits/sec    0    501 KBytes       
[  4] 153.00-154.00 sec   318 KBytes  2.61 Mbits/sec    0    503 KBytes       
[  4] 154.00-155.00 sec   191 KBytes  1.57 Mbits/sec    0    506 KBytes       
[  4] 155.00-156.00 sec   318 KBytes  2.61 Mbits/sec    0    513 KBytes       
[  4] 156.00-157.00 sec   191 KBytes  1.56 Mbits/sec    0    523 KBytes       
[  4] 157.00-158.00 sec  0.00 Bytes  0.00 bits/sec    4    447 KBytes       
[  4] 158.00-159.00 sec  0.00 Bytes  0.00 bits/sec   11    369 KBytes       
[  4] 159.00-160.00 sec   382 KBytes  3.13 Mbits/sec  249    369 KBytes       
[  4] 160.00-161.00 sec  1.25 MBytes  10.5 Mbits/sec    0    389 KBytes       
[  4] 161.00-162.00 sec  1.25 MBytes  10.5 Mbits/sec    0    438 KBytes       
[  4] 162.00-163.00 sec  1.25 MBytes  10.5 Mbits/sec    0    479 KBytes       
[  4] 163.00-164.00 sec  1.16 MBytes  9.73 Mbits/sec    0    505 KBytes       
[  4] 164.00-165.00 sec  1.12 MBytes  9.38 Mbits/sec    0    519 KBytes       
[  4] 165.00-166.00 sec  1.12 MBytes  9.38 Mbits/sec    0    526 KBytes       
[  4] 166.00-167.00 sec  1.06 MBytes  8.86 Mbits/sec    0    527 KBytes       
[  4] 167.00-168.00 sec  1.06 MBytes  8.86 Mbits/sec    0    527 KBytes       
[  4] 168.00-169.00 sec  1.12 MBytes  9.38 Mbits/sec    0    530 KBytes       
[  4] 169.00-170.00 sec  1.12 MBytes  9.39 Mbits/sec    0    537 KBytes       
[  4] 170.00-171.00 sec  1.06 MBytes  8.86 Mbits/sec    0    553 KBytes       
[  4] 171.00-172.00 sec  1.06 MBytes  8.86 Mbits/sec    0    581 KBytes       
[  4] 172.00-173.00 sec  1.06 MBytes  8.86 Mbits/sec    0    622 KBytes       
[  4] 173.00-174.00 sec  1.06 MBytes  8.86 Mbits/sec    0    680 KBytes       
[  4] 174.00-175.00 sec  1.06 MBytes  8.86 Mbits/sec    0    758 KBytes       
[  4] 175.00-176.00 sec  1.06 MBytes  8.86 Mbits/sec    0    858 KBytes       
[  4] 176.00-177.00 sec  1.06 MBytes  8.86 Mbits/sec    0    981 KBytes       
[  4] 177.00-178.00 sec  1.06 MBytes  8.86 Mbits/sec    0   1.11 MBytes       
[  4] 178.00-179.00 sec  1.06 MBytes  8.86 Mbits/sec    0   1.28 MBytes       
[  4] 179.00-180.00 sec  1.06 MBytes  8.86 Mbits/sec    0   1.48 MBytes       
[  4] 180.00-181.00 sec  1.06 MBytes  8.86 Mbits/sec    0   1.71 MBytes       
[  4] 181.00-182.00 sec  1.25 MBytes  10.5 Mbits/sec    0   1.91 MBytes       
[  4] 182.00-183.00 sec  1.25 MBytes  10.5 Mbits/sec    0   2.22 MBytes       
[  4] 183.00-184.00 sec  2.50 MBytes  21.0 Mbits/sec    0   2.58 MBytes       
[  4] 184.00-185.00 sec  1.25 MBytes  10.5 Mbits/sec    0   2.97 MBytes       
[  4] 185.00-186.00 sec  1.25 MBytes  10.5 Mbits/sec    0   3.35 MBytes       
[  4] 186.00-187.00 sec  1.25 MBytes  10.5 Mbits/sec    0   3.76 MBytes       
[  4] 187.00-188.00 sec  1.25 MBytes  10.5 Mbits/sec    0   4.23 MBytes       
[  4] 188.00-189.00 sec  1.25 MBytes  10.5 Mbits/sec    0   4.80 MBytes       
[  4] 189.00-190.01 sec  1.25 MBytes  10.4 Mbits/sec  155   4.58 MBytes       
[  4] 190.01-191.00 sec   372 KBytes  3.06 Mbits/sec  229   3.94 MBytes       
[  4] 191.00-192.00 sec  0.00 Bytes  0.00 bits/sec  371   3.44 MBytes       
[  4] 192.00-193.00 sec  0.00 Bytes  0.00 bits/sec  353   3.44 MBytes       
[  4] 193.00-194.00 sec  0.00 Bytes  0.00 bits/sec  253   3.07 MBytes       
[  4] 194.00-195.00 sec   636 KBytes  5.21 Mbits/sec   81   3.02 MBytes       
[  4] 195.00-196.00 sec  1.06 MBytes  8.86 Mbits/sec  206   2.83 KBytes       
[  4] 196.00-197.00 sec   191 KBytes  1.56 Mbits/sec  140   15.6 KBytes       
[  4] 197.00-198.00 sec  1.18 MBytes  9.90 Mbits/sec  799   69.3 KBytes       
[  4] 198.00-199.00 sec  1.06 MBytes  8.86 Mbits/sec  788    123 KBytes       
[  4] 199.00-200.00 sec  1.18 MBytes  9.90 Mbits/sec  791    175 KBytes       
[  4] 200.00-201.00 sec  1.12 MBytes  9.39 Mbits/sec  782    229 KBytes       
[  4] 201.00-202.00 sec  1.18 MBytes  9.90 Mbits/sec  763    280 KBytes       
[  4] 202.00-203.00 sec  1018 KBytes  8.35 Mbits/sec  781    332 KBytes       
[  4] 203.00-204.00 sec  1018 KBytes  8.34 Mbits/sec  778    385 KBytes       
[  4] 204.00-205.00 sec  1.24 MBytes  10.4 Mbits/sec  155    440 KBytes       
[  4] 205.00-206.00 sec  1.06 MBytes  8.86 Mbits/sec    0    495 KBytes       
[  4] 206.00-207.00 sec  1.18 MBytes  9.90 Mbits/sec    0    542 KBytes       
[  4] 207.00-208.00 sec   954 KBytes  7.82 Mbits/sec    0    738 KBytes       
[  4] 208.00-209.00 sec  1.06 MBytes  8.86 Mbits/sec    0    942 KBytes       
[  4] 209.00-210.00 sec  1018 KBytes  8.34 Mbits/sec    0   1.14 MBytes       
[  4] 210.00-211.00 sec  1018 KBytes  8.34 Mbits/sec    0   1.39 MBytes       
[  4] 211.00-212.00 sec  1018 KBytes  8.34 Mbits/sec    0   1.67 MBytes       
[  4] 212.00-213.00 sec   954 KBytes  7.82 Mbits/sec    0   1.97 MBytes       
[  4] 213.00-214.00 sec   954 KBytes  7.82 Mbits/sec    0   2.34 MBytes       
[  4] 214.00-215.00 sec   954 KBytes  7.82 Mbits/sec    0   2.70 MBytes       
[  4] 215.00-216.00 sec   954 KBytes  7.81 Mbits/sec    0   3.06 MBytes       
[  4] 216.00-217.00 sec   827 KBytes  6.78 Mbits/sec    0   3.54 MBytes       
[  4] 217.00-218.00 sec   891 KBytes  7.30 Mbits/sec    0   4.08 MBytes       
[  4] 218.00-219.00 sec   891 KBytes  7.29 Mbits/sec    0   4.63 MBytes       
[  4] 219.00-220.00 sec   891 KBytes  7.30 Mbits/sec    0   5.19 MBytes       
[  4] 220.00-221.00 sec  0.00 Bytes  0.00 bits/sec  1050   1.41 MBytes       
[  4] 221.00-222.00 sec  1.25 MBytes  10.5 Mbits/sec  671   1.41 MBytes       
[  4] 222.00-223.00 sec  1.25 MBytes  10.5 Mbits/sec  1041   1.41 MBytes       
[  4] 223.00-224.00 sec  1.25 MBytes  10.5 Mbits/sec    0   1.41 MBytes       
[  4] 224.00-225.00 sec  1.25 MBytes  10.5 Mbits/sec   17   1.41 MBytes       
[  4] 225.00-226.00 sec   352 KBytes  2.88 Mbits/sec   58   1.41 MBytes       
[  4] 226.00-227.00 sec  0.00 Bytes  0.00 bits/sec    0   1.41 MBytes       
[  4] 227.00-228.00 sec  0.00 Bytes  0.00 bits/sec   34   1.41 MBytes       
[  4] 228.00-229.00 sec  0.00 Bytes  0.00 bits/sec    7   1.41 MBytes       
[  4] 229.00-230.00 sec   318 KBytes  2.61 Mbits/sec   16   1.41 KBytes       
[  4] 230.00-231.00 sec  3.75 MBytes  31.5 Mbits/sec  249   1.66 MBytes       
[  4] 231.00-232.00 sec  1.25 MBytes  10.5 Mbits/sec    0   1.70 MBytes       
[  4] 232.00-233.00 sec  1.25 MBytes  10.5 Mbits/sec    0   1.76 MBytes       
[  4] 233.00-234.00 sec  1.25 MBytes  10.5 Mbits/sec    0   1.81 MBytes       
[  4] 234.00-235.00 sec  1.25 MBytes  10.5 Mbits/sec    0   1.87 MBytes       
[  4] 235.00-236.00 sec  1.25 MBytes  10.5 Mbits/sec    0   1.93 MBytes       
[  4] 236.00-237.00 sec  1.25 MBytes  10.5 Mbits/sec    0   1.99 MBytes       
[  4] 237.00-238.00 sec  1.25 MBytes  10.5 Mbits/sec    0   2.04 MBytes       
[  4] 238.00-239.00 sec  1.25 MBytes  10.5 Mbits/sec    0   2.10 MBytes       
[  4] 239.00-240.00 sec  1.25 MBytes  10.5 Mbits/sec    0   2.16 MBytes       
[  4] 240.00-241.00 sec  1.25 MBytes  10.5 Mbits/sec    0   2.21 MBytes       
[  4] 241.00-242.00 sec  1.25 MBytes  10.5 Mbits/sec    0   2.27 MBytes       
[  4] 242.00-243.00 sec  1.25 MBytes  10.5 Mbits/sec    0   2.34 MBytes       
[  4] 243.00-244.00 sec  1.25 MBytes  10.5 Mbits/sec    0   2.50 MBytes       
[  4] 244.00-245.00 sec  1.25 MBytes  10.5 Mbits/sec    0   2.70 MBytes       
[  4] 245.00-246.00 sec   575 KBytes  4.71 Mbits/sec   53   2.43 MBytes       
[  4] 246.00-247.00 sec  0.00 Bytes  0.00 bits/sec  128   1.91 MBytes       
[  4] 247.00-248.00 sec  0.00 Bytes  0.00 bits/sec   78   1.89 MBytes       
[  4] 248.00-249.00 sec  0.00 Bytes  0.00 bits/sec   29   1.89 MBytes       
[  4] 249.00-250.00 sec  0.00 Bytes  0.00 bits/sec   98   1.89 MBytes       
[  4] 250.00-251.00 sec   255 KBytes  2.08 Mbits/sec   28   1.41 KBytes       
[  4] 251.00-252.00 sec  1.25 MBytes  10.5 Mbits/sec   80   1.91 MBytes       
[  4] 252.00-253.00 sec  5.00 MBytes  42.0 Mbits/sec    0   2.19 MBytes       
[  4] 253.00-254.00 sec  1.25 MBytes  10.5 Mbits/sec    0   2.25 MBytes       
[  4] 254.00-255.00 sec  1.25 MBytes  10.5 Mbits/sec    0   2.30 MBytes       
[  4] 255.00-256.00 sec  1.25 MBytes  10.5 Mbits/sec    0   2.35 MBytes       
[  4] 256.00-257.00 sec  1.25 MBytes  10.5 Mbits/sec    0   2.41 MBytes       
[  4] 257.00-258.00 sec  1.25 MBytes  10.5 Mbits/sec    0   2.46 MBytes       
[  4] 258.00-259.00 sec  1.25 MBytes  10.5 Mbits/sec    0   2.52 MBytes       
[  4] 259.00-260.00 sec  1.25 MBytes  10.5 Mbits/sec    0   2.57 MBytes       
[  4] 260.00-261.00 sec  1.25 MBytes  10.5 Mbits/sec    0   2.63 MBytes       
[  4] 261.00-262.00 sec  1.25 MBytes  10.5 Mbits/sec    0   2.68 MBytes       
[  4] 262.00-263.00 sec  1.25 MBytes  10.5 Mbits/sec    0   2.74 MBytes       
[  4] 263.00-264.00 sec  1.25 MBytes  10.5 Mbits/sec    0   2.80 MBytes       
[  4] 264.00-265.00 sec  1.25 MBytes  10.5 Mbits/sec    0   2.93 MBytes       
[  4] 265.00-266.00 sec  1.12 MBytes  9.41 Mbits/sec    0   3.11 MBytes       
[  4] 266.00-267.00 sec  1018 KBytes  8.34 Mbits/sec    0   3.35 MBytes       
[  4] 267.00-268.00 sec  1018 KBytes  8.34 Mbits/sec    0   3.62 MBytes       
[  4] 268.00-269.00 sec  1018 KBytes  8.35 Mbits/sec    0   3.96 MBytes       
[  4] 269.00-270.00 sec   954 KBytes  7.82 Mbits/sec    0   4.34 MBytes       
[  4] 270.00-271.00 sec   445 KBytes  3.65 Mbits/sec   30   4.44 MBytes       
[  4] 271.00-272.00 sec  0.00 Bytes  0.00 bits/sec  209   3.81 MBytes       
[  4] 272.00-273.00 sec  0.00 Bytes  0.00 bits/sec  263   3.18 MBytes       
[  4] 273.00-274.00 sec  0.00 Bytes  0.00 bits/sec  281   3.18 MBytes       
[  4] 274.00-275.00 sec  0.00 Bytes  0.00 bits/sec  320   3.18 MBytes       
[  4] 275.00-276.00 sec  63.6 KBytes   521 Kbits/sec  142   2.88 MBytes       
[  4] 276.00-277.00 sec  1.12 MBytes  9.39 Mbits/sec   79   1.41 KBytes       
[  4] 277.00-278.00 sec  6.25 MBytes  52.5 Mbits/sec  301   3.42 MBytes       
[  4] 278.00-279.00 sec  1.25 MBytes  10.5 Mbits/sec    0   3.47 MBytes       
[  4] 279.00-280.00 sec  1.25 MBytes  10.5 Mbits/sec    0   3.52 MBytes       
[  4] 280.00-281.00 sec  1.25 MBytes  10.5 Mbits/sec    0   3.58 MBytes       
[  4] 281.00-282.00 sec  1.25 MBytes  10.5 Mbits/sec    0   3.63 MBytes       
[  4] 282.00-283.00 sec  1.25 MBytes  10.5 Mbits/sec    0   3.69 MBytes       
[  4] 283.00-284.00 sec  1.25 MBytes  10.5 Mbits/sec    0   3.74 MBytes       
[  4] 284.00-285.00 sec   492 KBytes  4.03 Mbits/sec  262   3.16 MBytes       
[  4] 285.00-286.00 sec  0.00 Bytes  0.00 bits/sec  213   2.63 MBytes       
[  4] 286.00-287.00 sec  0.00 Bytes  0.00 bits/sec   19   2.63 MBytes       
[  4] 287.00-288.00 sec  0.00 Bytes  0.00 bits/sec  119   2.63 MBytes       
[  4] 288.00-289.00 sec  0.00 Bytes  0.00 bits/sec  290   2.63 MBytes       
[  4] 289.00-290.00 sec  0.00 Bytes  0.00 bits/sec   89   2.50 MBytes       
[  4] 290.00-291.00 sec  1018 KBytes  8.34 Mbits/sec  176   1.41 KBytes       
[  4] 291.00-292.00 sec  6.25 MBytes  52.5 Mbits/sec  160   2.89 MBytes       
[  4] 292.00-293.00 sec  1.25 MBytes  10.5 Mbits/sec    0   2.94 MBytes       
[  4] 293.00-294.00 sec  1.25 MBytes  10.5 Mbits/sec    0   3.00 MBytes       
[  4] 294.00-295.00 sec  1.25 MBytes  10.5 Mbits/sec    0   3.05 MBytes       
[  4] 295.00-296.00 sec  1.25 MBytes  10.5 Mbits/sec    0   3.11 MBytes       
[  4] 296.00-297.00 sec  1.25 MBytes  10.5 Mbits/sec    0   3.17 MBytes       
[  4] 297.00-298.00 sec  1.25 MBytes  10.5 Mbits/sec    0   3.21 MBytes       
[  4] 298.00-299.00 sec   492 KBytes  4.03 Mbits/sec  165   2.75 MBytes       
[  4] 299.00-300.00 sec  0.00 Bytes  0.00 bits/sec   19   2.40 MBytes       
[  4] 300.00-301.00 sec  0.00 Bytes  0.00 bits/sec   20   2.25 MBytes       
[  4] 301.00-302.00 sec  0.00 Bytes  0.00 bits/sec  266   2.25 MBytes       
[  4] 302.00-303.00 sec  0.00 Bytes  0.00 bits/sec   70   2.25 MBytes       
[  4] 303.00-304.00 sec   191 KBytes  1.56 Mbits/sec  131   1.41 KBytes       
[  4] 304.00-305.00 sec   891 KBytes  7.30 Mbits/sec    0   1.41 KBytes       
[  4] 305.00-306.00 sec  6.25 MBytes  52.4 Mbits/sec   96   2.55 MBytes       
[  4] 306.00-307.00 sec  1.25 MBytes  10.5 Mbits/sec    0   2.60 MBytes       
[  4] 307.00-308.00 sec  1.25 MBytes  10.5 Mbits/sec    0   2.66 MBytes       
[  4] 308.00-309.00 sec  1.25 MBytes  10.5 Mbits/sec    0   2.71 MBytes       
[  4] 309.00-310.00 sec  1.25 MBytes  10.5 Mbits/sec    0   2.77 MBytes       
[  4] 310.00-311.00 sec  1.25 MBytes  10.5 Mbits/sec    0   2.82 MBytes       
[  4] 311.00-312.00 sec  1.25 MBytes  10.5 Mbits/sec    0   2.88 MBytes       
[  4] 312.00-313.00 sec  1.25 MBytes  10.5 Mbits/sec  497    723 KBytes       
[  4] 313.00-314.00 sec  1.25 MBytes  10.5 Mbits/sec  848   2.03 MBytes       
[  4] 314.00-315.00 sec  1.25 MBytes  10.5 Mbits/sec  223   2.90 MBytes       
[  4] 315.00-316.00 sec  1.25 MBytes  10.5 Mbits/sec  223   2.33 MBytes       
[  4] 316.00-317.00 sec  1.25 MBytes  10.5 Mbits/sec  743   2.03 MBytes       
[  4] 317.00-318.00 sec  1.25 MBytes  10.5 Mbits/sec    0   2.03 MBytes       
[  4] 318.00-319.00 sec   130 KBytes  1.06 Mbits/sec    5   2.03 MBytes       
[  4] 319.00-320.00 sec  0.00 Bytes  0.00 bits/sec    2   2.03 MBytes       
[  4] 320.00-321.00 sec  0.00 Bytes  0.00 bits/sec   10   2.03 MBytes       
[  4] 321.00-322.00 sec   445 KBytes  3.65 Mbits/sec   20   1.52 MBytes       
[  4] 322.00-323.00 sec   700 KBytes  5.74 Mbits/sec   11   1.51 MBytes       
[  4] 323.00-324.00 sec  5.00 MBytes  42.0 Mbits/sec  215   2.30 MBytes       
[  4] 324.00-325.00 sec  1.25 MBytes  10.5 Mbits/sec    0   2.33 MBytes       
[  4] 325.00-326.00 sec  1.25 MBytes  10.5 Mbits/sec    0   2.38 MBytes       
[  4] 326.00-327.00 sec  1.25 MBytes  10.5 Mbits/sec    0   2.44 MBytes       
[  4] 327.00-328.00 sec  1.25 MBytes  10.5 Mbits/sec    0   2.50 MBytes       
[  4] 328.00-329.00 sec  1.25 MBytes  10.5 Mbits/sec    0   2.56 MBytes       
[  4] 329.00-330.00 sec  1.25 MBytes  10.5 Mbits/sec    0   2.61 MBytes       
[  4] 330.00-331.00 sec  1.23 MBytes  10.3 Mbits/sec   74   2.37 MBytes       
[  4] 331.00-332.00 sec  0.00 Bytes  0.00 bits/sec   37   1.97 MBytes       
[  4] 332.00-333.00 sec  0.00 Bytes  0.00 bits/sec   24   1.83 MBytes       
[  4] 333.00-334.00 sec  0.00 Bytes  0.00 bits/sec   16   1.83 MBytes       
[  4] 334.00-335.00 sec  0.00 Bytes  0.00 bits/sec   22   1.83 MBytes       
[  4] 335.00-336.00 sec  0.00 Bytes  0.00 bits/sec   24   1.83 MBytes       
[  4] 336.00-337.00 sec   636 KBytes  5.22 Mbits/sec   26   1.41 KBytes       
[  4] 337.00-338.00 sec  5.00 MBytes  41.9 Mbits/sec   96   2.14 MBytes       
[  4] 338.00-339.00 sec  1.25 MBytes  10.5 Mbits/sec    0   2.19 MBytes       
[  4] 339.00-340.00 sec  1.25 MBytes  10.5 Mbits/sec    0   2.24 MBytes       
[  4] 340.00-341.00 sec  1.25 MBytes  10.5 Mbits/sec    0   2.30 MBytes       
[  4] 341.00-342.00 sec  1.25 MBytes  10.5 Mbits/sec    0   2.35 MBytes       
[  4] 342.00-343.00 sec  1.25 MBytes  10.5 Mbits/sec    0   2.41 MBytes       
[  4] 343.00-344.00 sec  1.25 MBytes  10.5 Mbits/sec    0   2.45 MBytes       
[  4] 344.00-345.00 sec  1.25 MBytes  10.5 Mbits/sec   31   2.16 MBytes       
[  4] 345.00-346.00 sec   301 KBytes  2.46 Mbits/sec   30   1.80 MBytes       
[  4] 346.00-347.00 sec  0.00 Bytes  0.00 bits/sec   16   1.72 MBytes       
[  4] 347.00-348.00 sec   318 KBytes  2.61 Mbits/sec    5   1.72 MBytes       
[  4] 348.00-349.00 sec  0.00 Bytes  0.00 bits/sec   17   1.72 MBytes       
[  4] 349.00-350.00 sec   191 KBytes  1.56 Mbits/sec    6   1.41 KBytes       
[  4] 350.00-351.00 sec   509 KBytes  4.17 Mbits/sec    0   1.41 KBytes       
[  4] 351.00-352.00 sec  5.00 MBytes  42.0 Mbits/sec    6   2.03 MBytes       
[  4] 352.00-353.00 sec  1.25 MBytes  10.5 Mbits/sec    0   2.08 MBytes       
[  4] 353.00-354.00 sec  1.25 MBytes  10.5 Mbits/sec    0   2.14 MBytes       
[  4] 354.00-355.00 sec  1.25 MBytes  10.5 Mbits/sec    0   2.19 MBytes       
[  4] 355.00-356.00 sec  1.25 MBytes  10.5 Mbits/sec    0   2.25 MBytes       
[  4] 356.00-357.00 sec  1.25 MBytes  10.5 Mbits/sec    0   2.29 MBytes       
[  4] 357.00-358.00 sec  1.25 MBytes  10.5 Mbits/sec    0   2.34 MBytes       
[  4] 358.00-359.00 sec  1.17 MBytes  9.83 Mbits/sec   22   2.07 MBytes       
[  4] 359.00-360.00 sec  0.00 Bytes  0.00 bits/sec   31   1.69 MBytes       
[  4] 360.00-361.00 sec  63.6 KBytes   522 Kbits/sec   20   1.64 MBytes       
[  4] 361.00-362.00 sec  0.00 Bytes  0.00 bits/sec   19   1.64 MBytes       
[  4] 362.00-363.00 sec  0.00 Bytes  0.00 bits/sec   21   1.64 MBytes       
[  4] 363.00-364.00 sec   445 KBytes  3.65 Mbits/sec    7   1.41 KBytes       
[  4] 364.00-365.00 sec  3.75 MBytes  31.5 Mbits/sec   76   1.87 MBytes       
[  4] 365.00-366.00 sec  1.25 MBytes  10.5 Mbits/sec    0   1.94 MBytes       
[  4] 366.00-367.00 sec  1.25 MBytes  10.5 Mbits/sec    0   2.00 MBytes       
[  4] 367.00-368.00 sec  1.25 MBytes  10.5 Mbits/sec    0   2.04 MBytes       
[  4] 368.00-369.00 sec  1.25 MBytes  10.5 Mbits/sec    0   2.10 MBytes       
[  4] 369.00-370.00 sec  1.25 MBytes  10.5 Mbits/sec    0   2.14 MBytes       
[  4] 370.00-371.00 sec  1.25 MBytes  10.5 Mbits/sec    0   2.20 MBytes       
[  4] 371.00-372.00 sec  1.25 MBytes  10.5 Mbits/sec    0   2.25 MBytes       
[  4] 372.00-373.00 sec  1.25 MBytes  10.5 Mbits/sec    0   2.30 MBytes       
[  4] 373.00-374.00 sec  1.25 MBytes  10.5 Mbits/sec    0   2.34 MBytes       
[  4] 374.00-375.00 sec   357 KBytes  2.93 Mbits/sec   29   2.04 MBytes       
[  4] 375.00-376.00 sec  0.00 Bytes  0.00 bits/sec   33   1.69 MBytes       
[  4] 376.00-377.00 sec  0.00 Bytes  0.00 bits/sec   13   1.64 MBytes       
[  4] 377.00-378.00 sec  0.00 Bytes  0.00 bits/sec   13   1.64 MBytes       
[  4] 378.00-379.00 sec  0.00 Bytes  0.00 bits/sec   25   1.64 MBytes       
[  4] 379.00-380.00 sec  2.50 MBytes  21.0 Mbits/sec  990   1.87 MBytes       
[  4] 380.00-381.00 sec  1.25 MBytes  10.5 Mbits/sec    0   1.94 MBytes       
[  4] 381.00-382.00 sec  1.25 MBytes  10.5 Mbits/sec    0   1.99 MBytes       
[  4] 382.00-383.00 sec  1.25 MBytes  10.5 Mbits/sec    0   2.05 MBytes       
[  4] 383.00-384.00 sec  1.25 MBytes  10.5 Mbits/sec    0   2.10 MBytes       
[  4] 384.00-385.00 sec  1.25 MBytes  10.5 Mbits/sec    0   2.15 MBytes       
[  4] 385.00-386.00 sec  1.25 MBytes  10.5 Mbits/sec    0   2.21 MBytes       
[  4] 386.00-387.00 sec  1.25 MBytes  10.5 Mbits/sec    0   2.26 MBytes       
[  4] 387.00-388.00 sec  1.25 MBytes  10.5 Mbits/sec    0   2.32 MBytes       
[  4] 388.00-389.00 sec  1.25 MBytes  10.5 Mbits/sec    0   2.38 MBytes       
[  4] 389.00-390.00 sec  1.25 MBytes  10.5 Mbits/sec    0   2.43 MBytes       
[  4] 390.00-391.00 sec  1.25 MBytes  10.5 Mbits/sec    0   2.49 MBytes       
[  4] 391.00-392.00 sec  1.25 MBytes  10.5 Mbits/sec    0   2.56 MBytes       
[  4] 392.00-393.00 sec  1.25 MBytes  10.5 Mbits/sec    0   2.71 MBytes       
[  4] 393.00-394.00 sec  1.25 MBytes  10.5 Mbits/sec    0   2.91 MBytes       
[  4] 394.00-395.00 sec  1.25 MBytes  10.5 Mbits/sec    0   3.17 MBytes       
[  4] 395.00-396.00 sec  1.25 MBytes  10.5 Mbits/sec    0   3.46 MBytes       
[  4] 396.00-397.00 sec  1.25 MBytes  10.5 Mbits/sec    0   3.81 MBytes       
[  4] 397.00-398.00 sec  1.25 MBytes  10.5 Mbits/sec    0   4.19 MBytes       
[  4] 398.00-399.00 sec  1.25 MBytes  10.5 Mbits/sec    0   4.57 MBytes       
[  4] 399.00-400.00 sec   228 KBytes  1.86 Mbits/sec  153   4.15 MBytes       
[  4] 400.00-401.00 sec  0.00 Bytes  0.00 bits/sec  265   3.45 MBytes       
[  4] 401.00-402.00 sec  0.00 Bytes  0.00 bits/sec  255   3.21 MBytes       
[  4] 402.00-403.00 sec  0.00 Bytes  0.00 bits/sec  221   3.21 MBytes       
[  4] 403.00-404.00 sec  0.00 Bytes  0.00 bits/sec  341   2.98 MBytes       
[  4] 404.00-405.00 sec   573 KBytes  4.69 Mbits/sec  126   2.83 MBytes       
[  4] 405.00-406.00 sec  2.50 MBytes  21.0 Mbits/sec  306   3.27 MBytes       
[  4] 406.00-407.00 sec  3.75 MBytes  31.4 Mbits/sec    0   3.46 MBytes       
[  4] 407.00-408.00 sec  1.25 MBytes  10.5 Mbits/sec    0   3.51 MBytes       
[  4] 408.00-409.00 sec  1.25 MBytes  10.5 Mbits/sec    0   3.56 MBytes       
[  4] 409.00-410.00 sec  1.25 MBytes  10.5 Mbits/sec    0   3.62 MBytes       
[  4] 410.00-411.00 sec  1.25 MBytes  10.5 Mbits/sec    0   3.67 MBytes       
[  4] 411.00-412.00 sec  1.25 MBytes  10.5 Mbits/sec    0   3.72 MBytes       
[  4] 412.00-413.00 sec  1.25 MBytes  10.5 Mbits/sec    0   3.78 MBytes       
[  4] 413.00-414.00 sec  1.25 MBytes  10.5 Mbits/sec  266   3.21 MBytes       
[  4] 414.00-415.00 sec  39.1 KBytes   321 Kbits/sec   48   2.82 MBytes       
[  4] 415.00-416.00 sec  0.00 Bytes  0.00 bits/sec    0   2.65 MBytes       
[  4] 416.00-417.00 sec  0.00 Bytes  0.00 bits/sec  139   2.65 MBytes       
[  4] 417.00-418.00 sec  0.00 Bytes  0.00 bits/sec  125   2.65 MBytes       
[  4] 418.00-419.00 sec   636 KBytes  5.22 Mbits/sec   87   2.65 MBytes       
[  4] 419.00-420.00 sec  1018 KBytes  8.34 Mbits/sec   93   2.83 KBytes       
[  4] 420.00-421.00 sec   127 KBytes  1.04 Mbits/sec  118   14.1 KBytes       
[  4] 421.00-422.00 sec  1.12 MBytes  9.39 Mbits/sec  746   65.0 KBytes       
[  4] 422.00-423.00 sec  1018 KBytes  8.34 Mbits/sec  767    116 KBytes       
[  4] 423.00-424.00 sec   954 KBytes  7.82 Mbits/sec  767    168 KBytes       
[  4] 424.00-425.00 sec  1.06 MBytes  8.86 Mbits/sec  768    219 KBytes       
[  4] 425.00-426.00 sec  1018 KBytes  8.34 Mbits/sec  768    272 KBytes       
[  4] 426.00-427.00 sec  1018 KBytes  8.34 Mbits/sec  780    324 KBytes       
[  4] 427.00-428.00 sec  1018 KBytes  8.34 Mbits/sec  792    378 KBytes       
[  4] 428.00-429.00 sec  1.18 MBytes  9.90 Mbits/sec  282    428 KBytes       
[  4] 429.00-430.00 sec  1.06 MBytes  8.87 Mbits/sec    0    485 KBytes       
[  4] 430.00-431.00 sec  1.06 MBytes  8.85 Mbits/sec    0    585 KBytes       
[  4] 431.00-432.00 sec  1018 KBytes  8.35 Mbits/sec    0    754 KBytes       
[  4] 432.00-433.00 sec  1.06 MBytes  8.86 Mbits/sec    0    949 KBytes       
[  4] 433.00-434.00 sec  1018 KBytes  8.34 Mbits/sec    0   1.14 MBytes       
[  4] 434.00-435.00 sec  1018 KBytes  8.34 Mbits/sec    0   1.40 MBytes       
[  4] 435.00-436.00 sec  1018 KBytes  8.34 Mbits/sec    0   1.69 MBytes       
[  4] 436.00-437.00 sec  1018 KBytes  8.34 Mbits/sec    0   1.99 MBytes       
[  4] 437.00-438.00 sec  1018 KBytes  8.34 Mbits/sec    0   2.36 MBytes       
[  4] 438.00-439.00 sec  1018 KBytes  8.34 Mbits/sec    0   2.74 MBytes       
[  4] 439.00-440.00 sec   954 KBytes  7.82 Mbits/sec    0   3.12 MBytes       
[  4] 440.00-441.00 sec  1018 KBytes  8.34 Mbits/sec    0   3.57 MBytes       
[  4] 441.00-442.00 sec   827 KBytes  6.78 Mbits/sec    0   4.12 MBytes       
[  4] 442.00-443.00 sec   636 KBytes  5.21 Mbits/sec  333   3.81 MBytes       
[  4] 443.00-444.00 sec  0.00 Bytes  0.00 bits/sec    0   3.49 MBytes       
[  4] 444.00-445.00 sec  0.00 Bytes  0.00 bits/sec  1097   2.77 MBytes       
[  4] 445.00-446.00 sec  0.00 Bytes  0.00 bits/sec  106   2.47 MBytes       
[  4] 446.00-447.00 sec   573 KBytes  4.69 Mbits/sec  119   2.32 MBytes       
[  4] 447.00-448.00 sec  1.25 MBytes  10.5 Mbits/sec  671   2.97 MBytes       
[  4] 448.00-449.00 sec  3.75 MBytes  31.5 Mbits/sec    0   3.16 MBytes       
[  4] 449.00-450.00 sec  1.25 MBytes  10.5 Mbits/sec    0   3.22 MBytes       
[  4] 450.00-451.00 sec  1.25 MBytes  10.5 Mbits/sec    0   3.27 MBytes       
[  4] 451.00-452.00 sec  1.25 MBytes  10.5 Mbits/sec    0   3.33 MBytes       
[  4] 452.00-453.00 sec  1.25 MBytes  10.5 Mbits/sec    0   3.39 MBytes       
[  4] 453.00-454.00 sec  1.25 MBytes  10.5 Mbits/sec    0   3.44 MBytes       
[  4] 454.00-455.00 sec  1.25 MBytes  10.5 Mbits/sec  162   2.94 MBytes       
[  4] 455.00-456.00 sec  1.11 MBytes  9.31 Mbits/sec  342   2.42 MBytes       
[  4] 456.00-457.00 sec  0.00 Bytes  0.00 bits/sec   33   2.42 MBytes       
[  4] 457.00-458.00 sec  0.00 Bytes  0.00 bits/sec   71   2.42 MBytes       
[  4] 458.00-459.00 sec  0.00 Bytes  0.00 bits/sec   39   2.42 MBytes       
[  4] 459.00-460.00 sec   127 KBytes  1.04 Mbits/sec   64   2.42 MBytes       
[  4] 460.00-461.00 sec   636 KBytes  5.21 Mbits/sec   18   1.41 KBytes       
[  4] 461.00-462.00 sec  6.25 MBytes  52.4 Mbits/sec  227   2.71 MBytes       
[  4] 462.00-463.00 sec  1.25 MBytes  10.5 Mbits/sec    0   2.76 MBytes       
[  4] 463.00-464.00 sec  1.25 MBytes  10.5 Mbits/sec    0   2.82 MBytes       
[  4] 464.00-465.00 sec  1.25 MBytes  10.5 Mbits/sec    0   2.88 MBytes       
[  4] 465.00-466.00 sec  1.25 MBytes  10.5 Mbits/sec    0   2.93 MBytes       
[  4] 466.00-467.00 sec  1.25 MBytes  10.5 Mbits/sec    0   2.99 MBytes       
[  4] 467.00-468.00 sec  1.25 MBytes  10.5 Mbits/sec    0   3.03 MBytes       
[  4] 468.00-469.00 sec   683 KBytes  5.59 Mbits/sec  179   2.44 MBytes       
[  4] 469.00-470.00 sec  0.00 Bytes  0.00 bits/sec   38   2.12 MBytes       
[  4] 470.00-471.00 sec  63.6 KBytes   521 Kbits/sec   31   2.12 MBytes       
[  4] 471.00-472.00 sec  0.00 Bytes  0.00 bits/sec   17   2.12 MBytes       
[  4] 472.00-473.00 sec  63.6 KBytes   522 Kbits/sec   51   2.12 MBytes       
[  4] 473.00-474.00 sec   636 KBytes  5.21 Mbits/sec    5   1.41 KBytes       
[  4] 474.00-475.00 sec  5.00 MBytes  42.0 Mbits/sec  135   2.42 MBytes       
[  4] 475.00-476.00 sec  1.25 MBytes  10.5 Mbits/sec    0   2.43 MBytes       
[  4] 476.00-477.00 sec  1.25 MBytes  10.5 Mbits/sec    0   2.46 MBytes       
[  4] 477.00-478.00 sec  1.25 MBytes  10.5 Mbits/sec    0   2.48 MBytes       
[  4] 478.00-479.00 sec  1.25 MBytes  10.5 Mbits/sec    0   2.53 MBytes       
[  4] 479.00-480.00 sec  1023 KBytes  8.38 Mbits/sec    0   2.55 MBytes       
[  4] 480.00-481.00 sec   318 KBytes  2.61 Mbits/sec    0   2.57 MBytes       
[  4] 481.00-482.00 sec  0.00 Bytes  0.00 bits/sec  786   1.77 MBytes       
[  4] 482.00-483.00 sec   318 KBytes  2.61 Mbits/sec    0   1.80 MBytes       
[  4] 483.00-484.00 sec  1.25 MBytes  10.5 Mbits/sec    0   1.86 MBytes       
[  4] 484.00-485.00 sec  1.25 MBytes  10.5 Mbits/sec    0   1.99 MBytes       
[  4] 485.00-486.00 sec  1.25 MBytes  10.5 Mbits/sec    0   2.12 MBytes       
[  4] 486.00-487.00 sec  1.25 MBytes  10.5 Mbits/sec    0   2.22 MBytes       
[  4] 487.00-488.00 sec  1.25 MBytes  10.5 Mbits/sec    0   2.31 MBytes       
[  4] 488.00-489.00 sec  1.25 MBytes  10.5 Mbits/sec    0   2.39 MBytes       
[  4] 489.00-490.00 sec  1.25 MBytes  10.5 Mbits/sec    0   2.44 MBytes       
[  4] 490.00-491.00 sec  1.25 MBytes  10.5 Mbits/sec    0   2.48 MBytes       
[  4] 491.00-492.00 sec  1.25 MBytes  10.5 Mbits/sec    0   2.51 MBytes       
[  4] 492.00-493.00 sec  1.25 MBytes  10.5 Mbits/sec    0   2.54 MBytes       
[  4] 493.00-494.00 sec  1.25 MBytes  10.5 Mbits/sec    0   2.55 MBytes       
[  4] 494.00-495.00 sec  1.25 MBytes  10.5 Mbits/sec    0   2.56 MBytes       
[  4] 495.00-496.00 sec  1.25 MBytes  10.5 Mbits/sec    0   2.57 MBytes       
[  4] 496.00-497.00 sec  1.25 MBytes  10.5 Mbits/sec    0   2.57 MBytes       
[  4] 497.00-498.00 sec  1.20 MBytes  10.1 Mbits/sec    0   2.59 MBytes       
[  4] 498.00-499.00 sec  1.18 MBytes  9.91 Mbits/sec    0   2.61 MBytes       
[  4] 499.00-500.00 sec  1.12 MBytes  9.38 Mbits/sec    0   2.64 MBytes       
[  4] 500.00-501.00 sec  1.12 MBytes  9.38 Mbits/sec    0   2.68 MBytes       
[  4] 501.00-502.00 sec  1.12 MBytes  9.39 Mbits/sec    0   2.74 MBytes       
[  4] 502.00-503.00 sec  1.06 MBytes  8.86 Mbits/sec    0   2.82 MBytes       
[  4] 503.00-504.00 sec  1.12 MBytes  9.38 Mbits/sec    0   2.92 MBytes       
[  4] 504.00-505.00 sec  1.06 MBytes  8.86 Mbits/sec    0   3.04 MBytes       
[  4] 505.00-506.00 sec  1.12 MBytes  9.38 Mbits/sec    0   3.20 MBytes       
[  4] 506.00-507.00 sec  1.06 MBytes  8.86 Mbits/sec    0   3.38 MBytes       
[  4] 507.00-508.00 sec  1018 KBytes  8.34 Mbits/sec    0   3.59 MBytes       
[  4] 508.00-509.00 sec  1.06 MBytes  8.87 Mbits/sec    0   3.82 MBytes       
[  4] 509.00-510.00 sec  1018 KBytes  8.34 Mbits/sec    0   4.11 MBytes       
[  4] 510.00-511.00 sec   700 KBytes  5.73 Mbits/sec   59   4.17 MBytes       
[  4] 511.00-512.00 sec  0.00 Bytes  0.00 bits/sec  176   3.58 MBytes       
[  4] 512.00-513.00 sec  0.00 Bytes  0.00 bits/sec  196   3.00 MBytes       
[  4] 513.00-514.00 sec  0.00 Bytes  0.00 bits/sec  152   3.00 MBytes       
[  4] 514.00-515.00 sec  0.00 Bytes  0.00 bits/sec   58   3.00 MBytes       
[  4] 515.00-516.00 sec   509 KBytes  4.17 Mbits/sec   85   3.00 MBytes       
[  4] 516.00-517.00 sec   700 KBytes  5.73 Mbits/sec    0   3.00 MBytes       
[  4] 517.00-518.00 sec   445 KBytes  3.65 Mbits/sec   28   26.9 KBytes       
[  4] 518.00-519.00 sec   700 KBytes  5.74 Mbits/sec   90    682 KBytes       
[  4] 519.00-520.00 sec  3.75 MBytes  31.4 Mbits/sec    0   3.26 MBytes       
[  4] 520.00-521.00 sec  1.25 MBytes  10.5 Mbits/sec    0   3.32 MBytes       
[  4] 521.00-522.00 sec  1.25 MBytes  10.5 Mbits/sec    0   3.41 MBytes       
[  4] 522.00-523.00 sec  1.25 MBytes  10.5 Mbits/sec    0   3.46 MBytes       
[  4] 523.00-524.00 sec  1.25 MBytes  10.5 Mbits/sec    0   3.52 MBytes       
[  4] 524.00-525.00 sec  1.25 MBytes  10.5 Mbits/sec    0   3.57 MBytes       
[  4] 525.00-526.00 sec  1.25 MBytes  10.5 Mbits/sec  273   3.03 MBytes       
[  4] 526.00-527.00 sec  1.25 MBytes  10.5 Mbits/sec  226   2.52 MBytes       
[  4] 527.00-527.00 sec  0.00 Bytes  0.00 bits/sec    0   2.52 MBytes       
- - - - - - - - - - - - - - - - - - - - - - - - -
[ ID] Interval           Transfer     Bandwidth       Retr
[  4]   0.00-527.00 sec   501 MBytes  7.97 Mbits/sec  35363             sender
[  4]   0.00-527.00 sec   487 MBytes  7.75 Mbits/sec                  receiver

iperf Done.
