Connecting to host 10.0.0.2, port 5205
[  4] local 10.0.0.1 port 46118 connected to 10.0.0.2 port 5205
[ ID] Interval           Transfer     Bandwidth       Retr  Cwnd
[  4]   0.00-1.00   sec   304 KBytes  2.49 Mbits/sec    0   42.4 KBytes       
[  4]   1.00-2.00   sec   134 KBytes  1.10 Mbits/sec    0   48.1 KBytes       
[  4]   2.00-3.00   sec   127 KBytes  1.04 Mbits/sec    0   52.3 KBytes       
[  4]   3.00-4.00   sec   127 KBytes  1.04 Mbits/sec    0   56.6 KBytes       
[  4]   4.00-5.00   sec   191 KBytes  1.57 Mbits/sec    0   73.5 KBytes       
[  4]   5.00-6.00   sec   191 KBytes  1.56 Mbits/sec    0   93.3 KBytes       
[  4]   6.00-7.00   sec   255 KBytes  2.09 Mbits/sec    0    124 KBytes       
[  4]   7.00-8.00   sec   382 KBytes  3.13 Mbits/sec    0    178 KBytes       
[  4]   8.00-9.00   sec   636 KBytes  5.21 Mbits/sec    0    260 KBytes       
[  4]   9.00-10.00  sec  63.6 KBytes   521 Kbits/sec    2    260 KBytes       
[  4]  10.00-11.00  sec  0.00 Bytes  0.00 bits/sec   56    184 KBytes       
[  4]  11.00-12.00  sec  0.00 Bytes  0.00 bits/sec    0    184 KBytes       
[  4]  12.00-13.00  sec  0.00 Bytes  0.00 bits/sec   30    141 KBytes       
[  4]  13.00-14.00  sec  63.6 KBytes   521 Kbits/sec   12    123 KBytes       
[  4]  14.00-15.00  sec  0.00 Bytes  0.00 bits/sec    0    123 KBytes       
[  4]  15.00-16.00  sec   191 KBytes  1.56 Mbits/sec    0    123 KBytes       
[  4]  16.00-17.00  sec  0.00 Bytes  0.00 bits/sec    2    120 KBytes       
[  4]  17.00-18.00  sec   382 KBytes  3.13 Mbits/sec    0    129 KBytes       
[  4]  18.00-19.00  sec   127 KBytes  1.04 Mbits/sec    0    134 KBytes       
[  4]  19.00-20.00  sec  0.00 Bytes  0.00 bits/sec    0    134 KBytes       
[  4]  20.00-21.00  sec   127 KBytes  1.04 Mbits/sec    0    147 KBytes       
[  4]  21.00-22.00  sec  0.00 Bytes  0.00 bits/sec    0    147 KBytes       
[  4]  22.00-23.00  sec   127 KBytes  1.04 Mbits/sec    0    153 KBytes       
[  4]  23.00-24.00  sec  0.00 Bytes  0.00 bits/sec    0    153 KBytes       
[  4]  24.00-25.00  sec   191 KBytes  1.56 Mbits/sec    0    163 KBytes       
[  4]  25.00-26.00  sec  0.00 Bytes  0.00 bits/sec    0    163 KBytes       
[  4]  26.00-27.00  sec  0.00 Bytes  0.00 bits/sec    0    178 KBytes       
[  4]  27.00-28.00  sec   127 KBytes  1.04 Mbits/sec    0    208 KBytes       
[  4]  28.00-29.00  sec  0.00 Bytes  0.00 bits/sec    0    208 KBytes       
[  4]  29.00-30.00  sec  0.00 Bytes  0.00 bits/sec   13    151 KBytes       
[  4]  30.00-31.00  sec  0.00 Bytes  0.00 bits/sec    0    151 KBytes       
[  4]  31.00-32.00  sec  0.00 Bytes  0.00 bits/sec   23    151 KBytes       
[  4]  32.00-33.00  sec   636 KBytes  5.22 Mbits/sec    0    109 KBytes       
[  4]  33.00-34.00  sec   318 KBytes  2.61 Mbits/sec    0    120 KBytes       
[  4]  34.00-35.00  sec   255 KBytes  2.09 Mbits/sec    0    126 KBytes       
[  4]  35.00-36.00  sec   127 KBytes  1.04 Mbits/sec    0    127 KBytes       
[  4]  36.00-37.00  sec   191 KBytes  1.56 Mbits/sec    0    127 KBytes       
[  4]  37.00-38.00  sec   191 KBytes  1.56 Mbits/sec    0    130 KBytes       
[  4]  38.00-39.01  sec  0.00 Bytes  0.00 bits/sec    0    133 KBytes       
[  4]  39.01-40.00  sec   127 KBytes  1.05 Mbits/sec    0    141 KBytes       
[  4]  40.00-41.00  sec   191 KBytes  1.56 Mbits/sec    0    174 KBytes       
[  4]  41.00-42.00  sec   191 KBytes  1.56 Mbits/sec    0    214 KBytes       
[  4]  42.00-43.00  sec  63.6 KBytes   521 Kbits/sec    0    230 KBytes       
[  4]  43.00-44.00  sec   445 KBytes  3.65 Mbits/sec    1    301 KBytes       
[  4]  44.00-45.00  sec  0.00 Bytes  0.00 bits/sec   49    212 KBytes       
[  4]  45.00-46.00  sec   382 KBytes  3.12 Mbits/sec    0    214 KBytes       
[  4]  46.00-47.00  sec   127 KBytes  1.04 Mbits/sec    0    230 KBytes       
[  4]  47.00-48.00  sec   191 KBytes  1.56 Mbits/sec    0    250 KBytes       
[  4]  48.00-49.00  sec  0.00 Bytes  0.00 bits/sec   22    178 KBytes       
[  4]  49.00-50.00  sec   127 KBytes  1.04 Mbits/sec    1    178 KBytes       
[  4]  50.00-51.00  sec   382 KBytes  3.13 Mbits/sec    0    189 KBytes       
[  4]  51.00-52.00  sec   191 KBytes  1.56 Mbits/sec    0    202 KBytes       
[  4]  52.00-53.00  sec   127 KBytes  1.04 Mbits/sec    0    208 KBytes       
[  4]  53.00-54.00  sec   127 KBytes  1.04 Mbits/sec    0    212 KBytes       
[  4]  54.00-55.00  sec   255 KBytes  2.08 Mbits/sec    0    215 KBytes       
[  4]  55.00-56.00  sec   127 KBytes  1.04 Mbits/sec    0    218 KBytes       
[  4]  56.00-57.00  sec   191 KBytes  1.56 Mbits/sec    0    223 KBytes       
[  4]  57.00-58.00  sec  63.6 KBytes   521 Kbits/sec    0    228 KBytes       
[  4]  58.00-59.00  sec   255 KBytes  2.09 Mbits/sec    0    249 KBytes       
[  4]  59.00-60.00  sec   191 KBytes  1.56 Mbits/sec    0    287 KBytes       
[  4]  60.00-61.01  sec   445 KBytes  3.62 Mbits/sec    0    339 KBytes       
[  4]  61.01-62.00  sec   636 KBytes  5.25 Mbits/sec    0    411 KBytes       
[  4]  62.00-62.00  sec  0.00 Bytes  0.00 bits/sec    0    411 KBytes       
- - - - - - - - - - - - - - - - - - - - - - - - -
[ ID] Interval           Transfer     Bandwidth       Retr
[  4]   0.00-62.00  sec  10.1 MBytes  1.36 Mbits/sec  211             sender
[  4]   0.00-62.00  sec  7.94 MBytes  1.07 Mbits/sec                  receiver

iperf Done.
