-----------------------------------------------------------
Server listening on 5203
-----------------------------------------------------------
Accepted connection from 10.0.0.1, port 60323
[  5] local 10.0.0.2 port 5203 connected to 10.0.0.1 port 46114
[ ID] Interval           Transfer     Bandwidth
[  5]   0.00-1.00   sec   130 KBytes  1.07 Mbits/sec                  
[  5]   1.00-2.00   sec   170 KBytes  1.39 Mbits/sec                  
[  5]   2.00-3.00   sec   144 KBytes  1.18 Mbits/sec                  
[  5]   3.00-4.00   sec  65.0 KBytes   533 Kbits/sec                  
[  5]   4.00-5.00   sec  66.5 KBytes   545 Kbits/sec                  
[  5]   5.00-6.00   sec  72.1 KBytes   591 Kbits/sec                  
[  5]   6.00-7.00   sec  74.9 KBytes   614 Kbits/sec                  
[  5]   7.00-8.00   sec  2.83 KBytes  23.2 Kbits/sec                  
[  5]   8.00-9.00   sec  0.00 Bytes  0.00 bits/sec                  
[  5]   9.00-10.00  sec  0.00 Bytes  0.00 bits/sec                  
[  5]  10.00-11.00  sec   100 KBytes   823 Kbits/sec                  
[  5]  11.00-12.00  sec  65.0 KBytes   533 Kbits/sec                  
[  5]  12.00-13.00  sec  1.41 KBytes  11.6 Kbits/sec                  
[  5]  13.00-14.00  sec  28.3 KBytes   232 Kbits/sec                  
[  5]  14.00-15.00  sec  4.24 KBytes  34.8 Kbits/sec                  
[  5]  15.00-16.00  sec  0.00 Bytes  0.00 bits/sec                  
[  5]  16.00-17.00  sec  56.6 KBytes   463 Kbits/sec                  
[  5]  17.00-18.00  sec   298 KBytes  2.45 Mbits/sec                  
[  5]  18.00-19.00  sec   252 KBytes  2.06 Mbits/sec                  
[  5]  19.00-20.00  sec   115 KBytes   939 Kbits/sec                  
[  5]  20.00-21.00  sec   124 KBytes  1.02 Mbits/sec                  
[  5]  21.00-22.00  sec  90.5 KBytes   741 Kbits/sec                  
[  5]  22.00-23.00  sec   113 KBytes   926 Kbits/sec                  
[  5]  23.00-24.00  sec   109 KBytes   892 Kbits/sec                  
[  5]  24.00-25.00  sec   276 KBytes  2.26 Mbits/sec                  
[  5]  25.00-26.00  sec   272 KBytes  2.22 Mbits/sec                  
[  5]  26.00-27.00  sec   263 KBytes  2.16 Mbits/sec                  
[  5]  27.00-28.00  sec   296 KBytes  2.42 Mbits/sec                  
[  5]  28.00-29.00  sec   287 KBytes  2.35 Mbits/sec                  
[  5]  29.00-30.00  sec   303 KBytes  2.48 Mbits/sec                  
[  5]  30.00-31.00  sec   116 KBytes   951 Kbits/sec                  
[  5]  31.00-32.00  sec  0.00 Bytes  0.00 bits/sec                  
[  5]  32.00-33.00  sec   505 KBytes  4.13 Mbits/sec                  
[  5]  33.00-34.00  sec   803 KBytes  6.58 Mbits/sec                  
[  5]  34.00-35.00  sec   559 KBytes  4.57 Mbits/sec                  
[  5]  35.00-36.00  sec   518 KBytes  4.24 Mbits/sec                  
[  5]  36.00-37.00  sec   580 KBytes  4.75 Mbits/sec                  
[  5]  37.00-38.00  sec   585 KBytes  4.80 Mbits/sec                  
[  5]  38.00-38.68  sec   520 KBytes  6.28 Mbits/sec                  
- - - - - - - - - - - - - - - - - - - - - - - - -
[ ID] Interval           Transfer     Bandwidth
[  5]   0.00-38.68  sec  0.00 Bytes  0.00 bits/sec                  sender
[  5]   0.00-38.68  sec  7.78 MBytes  1.69 Mbits/sec                  receiver
