-----------------------------------------------------------
Server listening on 5203
-----------------------------------------------------------
Accepted connection from 10.0.0.1, port 49107
[  5] local 10.0.0.2 port 5203 connected to 10.0.0.1 port 46114
[ ID] Interval           Transfer     Bandwidth
[  5]   0.00-1.00   sec   171 KBytes  1.40 Mbits/sec                  
[  5]   1.00-2.00   sec   324 KBytes  2.65 Mbits/sec                  
[  5]   2.00-3.00   sec   287 KBytes  2.35 Mbits/sec                  
[  5]   3.00-4.00   sec   314 KBytes  2.57 Mbits/sec                  
[  5]   4.00-5.00   sec   259 KBytes  2.12 Mbits/sec                  
[  5]   5.00-6.00   sec   276 KBytes  2.26 Mbits/sec                  
[  5]   6.00-7.00   sec   298 KBytes  2.45 Mbits/sec                  
[  5]   7.00-8.00   sec   236 KBytes  1.93 Mbits/sec                  
[  5]   8.00-9.00   sec   252 KBytes  2.06 Mbits/sec                  
[  5]   9.00-10.00  sec   298 KBytes  2.44 Mbits/sec                  
[  5]  10.00-11.00  sec  43.8 KBytes   359 Kbits/sec                  
[  5]  11.00-12.00  sec   174 KBytes  1.43 Mbits/sec                  
[  5]  12.00-13.00  sec   253 KBytes  2.07 Mbits/sec                  
[  5]  13.00-14.00  sec   628 KBytes  5.14 Mbits/sec                  
[  5]  14.00-15.00  sec   530 KBytes  4.34 Mbits/sec                  
[  5]  15.00-16.00  sec   387 KBytes  3.17 Mbits/sec                  
[  5]  16.00-17.00  sec   441 KBytes  3.61 Mbits/sec                  
[  5]  17.00-18.00  sec   455 KBytes  3.73 Mbits/sec                  
[  5]  18.00-19.00  sec   516 KBytes  4.23 Mbits/sec                  
[  5]  19.00-20.00  sec   505 KBytes  4.14 Mbits/sec                  
[  5]  20.00-21.00  sec   513 KBytes  4.20 Mbits/sec                  
[  5]  21.00-22.00  sec   525 KBytes  4.30 Mbits/sec                  
[  5]  22.00-23.00  sec   479 KBytes  3.93 Mbits/sec                  
[  5]  23.00-23.98  sec   344 KBytes  2.86 Mbits/sec                  
- - - - - - - - - - - - - - - - - - - - - - - - -
[ ID] Interval           Transfer     Bandwidth
[  5]   0.00-23.98  sec  0.00 Bytes  0.00 bits/sec                  sender
[  5]   0.00-23.98  sec  8.31 MBytes  2.91 Mbits/sec                  receiver
