-----------------------------------------------------------
Server listening on 5208
-----------------------------------------------------------
Accepted connection from 10.0.0.1, port 41579
[  5] local 10.0.0.2 port 5208 connected to 10.0.0.1 port 46124
[ ID] Interval           Transfer     Bandwidth
[  5]   0.00-1.00   sec  14.1 KBytes   116 Kbits/sec                  
[  5]   1.00-2.00   sec  28.3 KBytes   232 Kbits/sec                  
[  5]   2.00-3.01   sec   127 KBytes  1.03 Mbits/sec                  
[  5]   3.01-4.01   sec  36.8 KBytes   301 Kbits/sec                  
[  5]   4.01-5.00   sec  41.0 KBytes   339 Kbits/sec                  
[  5]   5.00-6.00   sec  79.2 KBytes   651 Kbits/sec                  
[  5]   6.00-7.00   sec  12.7 KBytes   104 Kbits/sec                  
[  5]   7.00-8.00   sec  84.8 KBytes   695 Kbits/sec                  
[  5]   8.00-9.00   sec  0.00 Bytes  0.00 bits/sec                  
[  5]   9.00-10.00  sec   126 KBytes  1.03 Mbits/sec                  
[  5]  10.00-11.00  sec  0.00 Bytes  0.00 bits/sec                  
[  5]  11.00-12.00  sec  4.24 KBytes  34.8 Kbits/sec                  
[  5]  12.00-13.00  sec   255 KBytes  2.08 Mbits/sec                  
[  5]  13.00-14.00  sec  1.47 KBytes  12.0 Kbits/sec                  
[  5]  14.00-15.00  sec   139 KBytes  1.13 Mbits/sec                  
[  5]  15.00-16.01  sec  2.83 KBytes  23.1 Kbits/sec                  
[  5]  16.01-17.00  sec   153 KBytes  1.26 Mbits/sec                  
[  5]  17.00-18.00  sec  0.00 Bytes  0.00 bits/sec                  
[  5]  18.00-19.00  sec   178 KBytes  1.46 Mbits/sec                  
[  5]  19.00-20.00  sec   192 KBytes  1.57 Mbits/sec                  
[  5]  20.00-21.00  sec   157 KBytes  1.29 Mbits/sec                  
[  5]  21.00-22.00  sec  41.0 KBytes   336 Kbits/sec                  
[  5]  22.00-23.00  sec   204 KBytes  1.67 Mbits/sec                  
[  5]  23.00-24.00  sec  0.00 Bytes  0.00 bits/sec                  
[  5]  24.00-25.00  sec   219 KBytes  1.80 Mbits/sec                  
[  5]  25.00-26.00  sec  0.00 Bytes  0.00 bits/sec                  
[  5]  26.00-27.12  sec  0.00 Bytes  0.00 bits/sec                  
[  5]  27.12-28.00  sec   221 KBytes  2.05 Mbits/sec                  
[  5]  28.00-29.00  sec  58.0 KBytes   476 Kbits/sec                  
[  5]  29.00-30.01  sec  0.00 Bytes  0.00 bits/sec                  
[  5]  30.01-31.00  sec  39.6 KBytes   327 Kbits/sec                  
[  5]  31.00-32.00  sec  0.00 Bytes  0.00 bits/sec                  
[  5]  32.00-33.00  sec   327 KBytes  2.68 Mbits/sec                  
[  5]  33.00-34.00  sec  2.83 KBytes  23.2 Kbits/sec                  
[  5]  34.00-35.05  sec   290 KBytes  2.26 Mbits/sec                  
[  5]  35.05-36.01  sec   141 KBytes  1.21 Mbits/sec                  
[  5]  36.01-37.00  sec  0.00 Bytes  0.00 bits/sec                  
[  5]  37.00-38.00  sec  0.00 Bytes  0.00 bits/sec                  
[  5]  38.00-39.00  sec  0.00 Bytes  0.00 bits/sec                  
[  5]  39.00-40.00  sec   444 KBytes  3.64 Mbits/sec                  
[  5]  40.00-41.00  sec   103 KBytes   844 Kbits/sec                  
[  5]  41.00-42.00  sec   124 KBytes  1.02 Mbits/sec                  
[  5]  42.00-43.00  sec   124 KBytes  1.02 Mbits/sec                  
[  5]  43.00-44.00  sec  73.5 KBytes   602 Kbits/sec                  
[  5]  44.00-45.00  sec   198 KBytes  1.62 Mbits/sec                  
[  5]  45.00-46.00  sec  0.00 Bytes  0.00 bits/sec                  
[  5]  46.00-47.00  sec   219 KBytes  1.79 Mbits/sec                  
[  5]  47.00-48.01  sec  63.6 KBytes   520 Kbits/sec                  
[  5]  48.01-49.00  sec   208 KBytes  1.71 Mbits/sec                  
[  5]  49.00-50.02  sec  89.1 KBytes   720 Kbits/sec                  
[  5]  50.02-51.02  sec  0.00 Bytes  0.00 bits/sec                  
[  5]  51.02-52.00  sec   229 KBytes  1.91 Mbits/sec                  
[  5]  52.00-53.00  sec   109 KBytes   890 Kbits/sec                  
[  5]  53.00-54.00  sec   342 KBytes  2.81 Mbits/sec                  
[  5]  54.00-55.00  sec   143 KBytes  1.17 Mbits/sec                  
[  5]  55.00-56.00  sec   450 KBytes  3.68 Mbits/sec                  
[  5]  56.00-57.00  sec  82.0 KBytes   672 Kbits/sec                  
[  5]  57.00-58.00  sec   460 KBytes  3.76 Mbits/sec                  
[  5]  58.00-59.00  sec  80.6 KBytes   661 Kbits/sec                  
[  5]  59.00-60.00  sec   550 KBytes  4.50 Mbits/sec                  
[  5]  60.00-61.00  sec   161 KBytes  1.32 Mbits/sec                  
[  5]  61.00-61.70  sec   486 KBytes  5.68 Mbits/sec                  
- - - - - - - - - - - - - - - - - - - - - - - - -
[ ID] Interval           Transfer     Bandwidth
[  5]   0.00-61.70  sec  0.00 Bytes  0.00 bits/sec                  sender
[  5]   0.00-61.70  sec  7.73 MBytes  1.05 Mbits/sec                  receiver
