-----------------------------------------------------------
Server listening on 5201
-----------------------------------------------------------
Accepted connection from 10.0.0.1, port 60494
[  5] local 10.0.0.2 port 5201 connected to 10.0.0.1 port 46110
[ ID] Interval           Transfer     Bandwidth
[  5]   0.00-1.00   sec  94.7 KBytes   773 Kbits/sec                  
[  5]   1.00-2.01   sec   126 KBytes  1.02 Mbits/sec                  
[  5]   2.01-3.01   sec   113 KBytes   928 Kbits/sec                  
[  5]   3.01-4.00   sec   136 KBytes  1.12 Mbits/sec                  
[  5]   4.00-5.00   sec   124 KBytes  1.02 Mbits/sec                  
[  5]   5.00-6.00   sec   112 KBytes   916 Kbits/sec                  
[  5]   6.00-7.00   sec   209 KBytes  1.72 Mbits/sec                  
[  5]   7.00-8.00   sec   242 KBytes  1.98 Mbits/sec                  
[  5]   8.00-9.02   sec   376 KBytes  3.02 Mbits/sec                  
[  5]   9.02-10.02  sec   280 KBytes  2.29 Mbits/sec                  
[  5]  10.02-11.01  sec   165 KBytes  1.38 Mbits/sec                  
[  5]  11.01-12.00  sec   400 KBytes  3.29 Mbits/sec                  
[  5]  12.00-13.00  sec   392 KBytes  3.21 Mbits/sec                  
[  5]  13.00-14.00  sec   311 KBytes  2.55 Mbits/sec                  
[  5]  14.00-15.00  sec  49.5 KBytes   405 Kbits/sec                  
[  5]  15.00-16.00  sec  0.00 Bytes  0.00 bits/sec                  
[  5]  16.00-17.00  sec   416 KBytes  3.42 Mbits/sec                  
[  5]  17.00-18.00  sec   451 KBytes  3.69 Mbits/sec                  
[  5]  18.00-19.00  sec  43.8 KBytes   359 Kbits/sec                  
[  5]  19.00-20.00  sec  5.66 KBytes  46.4 Kbits/sec                  
[  5]  20.00-21.00  sec  1.39 MBytes  11.6 Mbits/sec                  
[  5]  21.00-22.00  sec   434 KBytes  3.57 Mbits/sec                  
[  5]  22.00-22.30  sec  67.9 KBytes  1.86 Mbits/sec                  
- - - - - - - - - - - - - - - - - - - - - - - - -
[ ID] Interval           Transfer     Bandwidth
[  5]   0.00-22.30  sec  0.00 Bytes  0.00 bits/sec                  sender
[  5]   0.00-22.30  sec  5.84 MBytes  2.20 Mbits/sec                  receiver
