Connecting to host 10.0.0.2, port 5202
[  4] local 10.0.0.1 port 46112 connected to 10.0.0.2 port 5202
[ ID] Interval           Transfer     Bandwidth       Retr  Cwnd
[  4]   0.00-1.00   sec   397 KBytes  3.25 Mbits/sec    0   45.2 KBytes       
[  4]   1.00-2.06   sec   191 KBytes  1.48 Mbits/sec    0   53.7 KBytes       
[  4]   2.06-3.04   sec   127 KBytes  1.06 Mbits/sec    0   59.4 KBytes       
[  4]   3.04-4.01   sec   191 KBytes  1.62 Mbits/sec    0   66.5 KBytes       
[  4]   4.01-5.03   sec   318 KBytes  2.54 Mbits/sec    0   89.1 KBytes       
[  4]   5.03-6.00   sec   382 KBytes  3.23 Mbits/sec    0    126 KBytes       
[  4]   6.00-7.01   sec   382 KBytes  3.11 Mbits/sec    0    165 KBytes       
[  4]   7.01-8.01   sec   445 KBytes  3.63 Mbits/sec    0    218 KBytes       
[  4]   8.01-9.00   sec   573 KBytes  4.74 Mbits/sec    0    286 KBytes       
[  4]   9.00-10.00  sec   954 KBytes  7.82 Mbits/sec    0    410 KBytes       
[  4]  10.00-11.01  sec   509 KBytes  4.15 Mbits/sec    0    469 KBytes       
[  4]  11.01-12.00  sec   700 KBytes  5.76 Mbits/sec   14    522 KBytes       
[  4]  12.00-13.00  sec  0.00 Bytes  0.00 bits/sec   46    409 KBytes       
[  4]  13.00-14.00  sec  0.00 Bytes  0.00 bits/sec   80    380 KBytes       
[  4]  14.00-15.00  sec  63.6 KBytes   521 Kbits/sec    0    359 KBytes       
[  4]  15.00-16.01  sec   827 KBytes  6.72 Mbits/sec    0    177 KBytes       
[  4]  16.01-17.00  sec  63.6 KBytes   525 Kbits/sec    0    273 KBytes       
[  4]  17.00-18.00  sec   127 KBytes  1.04 Mbits/sec    0    280 KBytes       
[  4]  18.00-19.00  sec   255 KBytes  2.09 Mbits/sec    0    301 KBytes       
[  4]  19.00-20.00  sec   191 KBytes  1.56 Mbits/sec    0    313 KBytes       
[  4]  20.00-21.00  sec   127 KBytes  1.04 Mbits/sec    0    318 KBytes       
[  4]  21.00-22.01  sec   191 KBytes  1.55 Mbits/sec    0    324 KBytes       
[  4]  22.01-23.02  sec   127 KBytes  1.04 Mbits/sec    0    325 KBytes       
[  4]  23.02-24.00  sec   191 KBytes  1.59 Mbits/sec    0    329 KBytes       
[  4]  24.00-25.00  sec   255 KBytes  2.08 Mbits/sec    0    342 KBytes       
[  4]  25.00-26.00  sec  63.6 KBytes   522 Kbits/sec    0    346 KBytes       
[  4]  26.00-27.00  sec   191 KBytes  1.56 Mbits/sec    0    372 KBytes       
[  4]  27.00-28.00  sec   191 KBytes  1.56 Mbits/sec    0    397 KBytes       
[  4]  28.00-29.00  sec  0.00 Bytes  0.00 bits/sec   14    339 KBytes       
[  4]  29.00-30.00  sec  0.00 Bytes  0.00 bits/sec   30    277 KBytes       
[  4]  30.00-31.01  sec  0.00 Bytes  0.00 bits/sec   31    277 KBytes       
[  4]  31.01-32.00  sec  0.00 Bytes  0.00 bits/sec    0    277 KBytes       
[  4]  32.00-33.00  sec   573 KBytes  4.69 Mbits/sec    0    256 KBytes       
[  4]  33.00-34.00  sec   255 KBytes  2.09 Mbits/sec    0    199 KBytes       
[  4]  34.00-35.00  sec   191 KBytes  1.56 Mbits/sec    0    205 KBytes       
[  4]  35.00-36.00  sec  63.6 KBytes   522 Kbits/sec    0    211 KBytes       
[  4]  36.00-37.01  sec  63.6 KBytes   516 Kbits/sec    0    216 KBytes       
[  4]  37.01-38.00  sec   127 KBytes  1.05 Mbits/sec    0    225 KBytes       
[  4]  38.00-39.00  sec   127 KBytes  1.04 Mbits/sec    0    229 KBytes       
[  4]  39.00-40.00  sec  63.6 KBytes   522 Kbits/sec    2    218 KBytes       
[  4]  40.00-41.00  sec  0.00 Bytes  0.00 bits/sec    1    181 KBytes       
[  4]  41.00-42.00  sec  63.6 KBytes   522 Kbits/sec    0    161 KBytes       
[  4]  42.00-43.00  sec   318 KBytes  2.61 Mbits/sec    1    163 KBytes       
[  4]  43.00-44.00  sec   127 KBytes  1.04 Mbits/sec    0    163 KBytes       
[  4]  44.00-45.00  sec   127 KBytes  1.04 Mbits/sec    0    165 KBytes       
[  4]  45.00-46.00  sec   127 KBytes  1.04 Mbits/sec    0    175 KBytes       
[  4]  46.00-46.00  sec  0.00 Bytes  0.00 bits/sec    0    175 KBytes       
- - - - - - - - - - - - - - - - - - - - - - - - -
[ ID] Interval           Transfer     Bandwidth       Retr
[  4]   0.00-46.00  sec  10.0 MBytes  1.83 Mbits/sec  219             sender
[  4]   0.00-46.00  sec  6.99 MBytes  1.28 Mbits/sec                  receiver

iperf Done.
