Connecting to host 10.0.0.2, port 5202
[  4] local 10.0.0.1 port 46112 connected to 10.0.0.2 port 5202
[ ID] Interval           Transfer     Bandwidth       Retr  Cwnd
[  4]   0.00-1.00   sec   342 KBytes  2.79 Mbits/sec    0   43.8 KBytes       
[  4]   1.00-2.01   sec   127 KBytes  1.03 Mbits/sec    0   49.5 KBytes       
[  4]   2.01-3.00   sec   191 KBytes  1.58 Mbits/sec    0   56.6 KBytes       
[  4]   3.00-4.00   sec   127 KBytes  1.04 Mbits/sec    0   62.2 KBytes       
[  4]   4.00-5.00   sec   255 KBytes  2.09 Mbits/sec    0   83.4 KBytes       
[  4]   5.00-6.02   sec   255 KBytes  2.05 Mbits/sec    0    109 KBytes       
[  4]   6.02-7.02   sec   509 KBytes  4.17 Mbits/sec    0    164 KBytes       
[  4]   7.02-8.00   sec   382 KBytes  3.17 Mbits/sec    0    216 KBytes       
[  4]   8.00-9.00   sec   764 KBytes  6.24 Mbits/sec    0    304 KBytes       
[  4]   9.00-10.00  sec   318 KBytes  2.61 Mbits/sec    0    345 KBytes       
[  4]  10.00-11.01  sec   573 KBytes  4.65 Mbits/sec    0    430 KBytes       
[  4]  11.01-12.00  sec   445 KBytes  3.68 Mbits/sec    0    482 KBytes       
[  4]  12.00-13.00  sec   127 KBytes  1.04 Mbits/sec    0    499 KBytes       
[  4]  13.00-14.00  sec  1.18 MBytes  9.93 Mbits/sec    0    656 KBytes       
[  4]  14.00-15.00  sec   636 KBytes  5.21 Mbits/sec    0    742 KBytes       
[  4]  15.00-16.00  sec   191 KBytes  1.56 Mbits/sec    6    734 KBytes       
[  4]  16.00-17.00  sec  0.00 Bytes  0.00 bits/sec  161    537 KBytes       
[  4]  17.00-18.00  sec  0.00 Bytes  0.00 bits/sec   17    537 KBytes       
[  4]  18.00-19.01  sec   127 KBytes  1.04 Mbits/sec   13    489 KBytes       
[  4]  19.01-20.00  sec   127 KBytes  1.05 Mbits/sec    0    489 KBytes       
[  4]  20.00-21.00  sec  63.6 KBytes   522 Kbits/sec   18    464 KBytes       
[  4]  21.00-22.00  sec  0.00 Bytes  0.00 bits/sec    0    464 KBytes       
[  4]  22.00-23.00  sec  0.00 Bytes  0.00 bits/sec    0    464 KBytes       
[  4]  23.00-24.00  sec  1.06 MBytes  8.83 Mbits/sec    0   26.9 KBytes       
[  4]  24.00-25.00  sec  0.00 Bytes  0.00 bits/sec    0    376 KBytes       
[  4]  25.00-26.00  sec  0.00 Bytes  0.00 bits/sec    0    376 KBytes       
[  4]  26.00-27.01  sec  63.6 KBytes   519 Kbits/sec    0    383 KBytes       
[  4]  27.01-28.00  sec   127 KBytes  1.05 Mbits/sec    0    392 KBytes       
[  4]  28.00-29.01  sec   127 KBytes  1.04 Mbits/sec    0    403 KBytes       
[  4]  29.01-30.01  sec   255 KBytes  2.08 Mbits/sec    0    428 KBytes       
[  4]  30.01-31.00  sec  0.00 Bytes  0.00 bits/sec    0    428 KBytes       
[  4]  31.00-32.01  sec   445 KBytes  3.65 Mbits/sec    0    447 KBytes       
[  4]  32.01-33.01  sec  0.00 Bytes  0.00 bits/sec    0    447 KBytes       
[  4]  33.01-34.01  sec   191 KBytes  1.55 Mbits/sec    0    451 KBytes       
[  4]  34.01-35.01  sec   255 KBytes  2.09 Mbits/sec    0    458 KBytes       
[  4]  35.01-36.01  sec  0.00 Bytes  0.00 bits/sec    0    458 KBytes       
[  4]  36.01-37.01  sec  63.6 KBytes   519 Kbits/sec    0    465 KBytes       
[  4]  37.01-38.01  sec   382 KBytes  3.16 Mbits/sec    0    519 KBytes       
[  4]  38.01-39.01  sec  0.00 Bytes  0.00 bits/sec    0    519 KBytes       
[  4]  39.01-40.01  sec  0.00 Bytes  0.00 bits/sec   24    362 KBytes       
[  4]  40.01-41.01  sec  0.00 Bytes  0.00 bits/sec    0    362 KBytes       
[  4]  41.01-42.02  sec   891 KBytes  7.25 Mbits/sec    0    379 KBytes       
[  4]  42.02-42.02  sec  0.00 Bytes  0.00 bits/sec    0    379 KBytes       
- - - - - - - - - - - - - - - - - - - - - - - - -
[ ID] Interval           Transfer     Bandwidth       Retr
[  4]   0.00-42.02  sec  10.4 MBytes  2.08 Mbits/sec  239             sender
[  4]   0.00-42.02  sec  6.33 MBytes  1.26 Mbits/sec                  receiver

iperf Done.
