Connecting to host 10.0.0.2, port 5203
[  4] local 10.0.0.1 port 46114 connected to 10.0.0.2 port 5203
[ ID] Interval           Transfer     Bandwidth       Retr  Cwnd
[  4]   0.00-1.00   sec   382 KBytes  3.12 Mbits/sec    0   56.6 KBytes       
[  4]   1.00-2.00   sec   198 KBytes  1.62 Mbits/sec    0   74.9 KBytes       
[  4]   2.00-3.00   sec   127 KBytes  1.04 Mbits/sec    0   80.6 KBytes       
[  4]   3.00-4.00   sec   191 KBytes  1.57 Mbits/sec    0   87.7 KBytes       
[  4]   4.00-5.00   sec   191 KBytes  1.56 Mbits/sec    0   94.7 KBytes       
[  4]   5.00-6.00   sec   255 KBytes  2.09 Mbits/sec    0    117 KBytes       
[  4]   6.00-7.00   sec   255 KBytes  2.08 Mbits/sec    0    147 KBytes       
[  4]   7.00-8.00   sec  63.6 KBytes   522 Kbits/sec    0    151 KBytes       
[  4]   8.00-9.01   sec   509 KBytes  4.15 Mbits/sec    0    222 KBytes       
[  4]   9.01-10.00  sec   700 KBytes  5.76 Mbits/sec    0    313 KBytes       
[  4]  10.00-11.00  sec   127 KBytes  1.04 Mbits/sec    0    324 KBytes       
[  4]  11.00-12.01  sec   764 KBytes  6.18 Mbits/sec    9    402 KBytes       
[  4]  12.01-13.00  sec  0.00 Bytes  0.00 bits/sec    2    385 KBytes       
[  4]  13.00-14.00  sec  63.6 KBytes   521 Kbits/sec   83    300 KBytes       
[  4]  14.00-15.00  sec  0.00 Bytes  0.00 bits/sec    0    300 KBytes       
[  4]  15.00-16.00  sec   191 KBytes  1.57 Mbits/sec   39    242 KBytes       
[  4]  16.00-17.00  sec  0.00 Bytes  0.00 bits/sec    0    242 KBytes       
[  4]  17.00-18.00  sec   573 KBytes  4.70 Mbits/sec    0   53.7 KBytes       
[  4]  18.00-19.00  sec  0.00 Bytes  0.00 bits/sec    0    209 KBytes       
[  4]  19.00-20.00  sec  0.00 Bytes  0.00 bits/sec    0    212 KBytes       
[  4]  20.00-21.00  sec   191 KBytes  1.57 Mbits/sec    0    233 KBytes       
[  4]  21.00-22.01  sec  0.00 Bytes  0.00 bits/sec    0    235 KBytes       
[  4]  22.01-23.00  sec   255 KBytes  2.11 Mbits/sec    0    247 KBytes       
[  4]  23.00-24.00  sec   255 KBytes  2.08 Mbits/sec    0    252 KBytes       
[  4]  24.00-25.00  sec  63.6 KBytes   520 Kbits/sec    0    253 KBytes       
[  4]  25.00-26.02  sec   191 KBytes  1.53 Mbits/sec    0    256 KBytes       
[  4]  26.02-27.01  sec   191 KBytes  1.59 Mbits/sec    0    269 KBytes       
[  4]  27.01-28.01  sec  63.6 KBytes   520 Kbits/sec    0    276 KBytes       
[  4]  28.01-29.00  sec   191 KBytes  1.58 Mbits/sec    0    321 KBytes       
[  4]  29.00-30.21  sec  63.6 KBytes   432 Kbits/sec    0    337 KBytes       
[  4]  30.21-31.01  sec  0.00 Bytes  0.00 bits/sec    0    337 KBytes       
[  4]  31.01-32.01  sec  63.6 KBytes   523 Kbits/sec    0    376 KBytes       
[  4]  32.01-33.00  sec   318 KBytes  2.61 Mbits/sec    2    451 KBytes       
[  4]  33.00-34.00  sec  0.00 Bytes  0.00 bits/sec    0    451 KBytes       
[  4]  34.00-35.00  sec  0.00 Bytes  0.00 bits/sec    4    368 KBytes       
[  4]  35.00-36.00  sec  0.00 Bytes  0.00 bits/sec    0    328 KBytes       
[  4]  36.00-37.00  sec   636 KBytes  5.21 Mbits/sec    0    337 KBytes       
[  4]  37.00-38.00  sec   255 KBytes  2.09 Mbits/sec    0    352 KBytes       
[  4]  38.00-39.00  sec  0.00 Bytes  0.00 bits/sec    0    352 KBytes       
[  4]  39.00-40.01  sec   255 KBytes  2.08 Mbits/sec    0    411 KBytes       
[  4]  40.01-41.00  sec  63.6 KBytes   524 Kbits/sec    0    417 KBytes       
[  4]  41.00-42.01  sec  0.00 Bytes  0.00 bits/sec    1    416 KBytes       
[  4]  42.01-43.00  sec  0.00 Bytes  0.00 bits/sec   35    291 KBytes       
[  4]  43.00-44.00  sec  0.00 Bytes  0.00 bits/sec    0    291 KBytes       
[  4]  44.00-45.00  sec   382 KBytes  3.12 Mbits/sec    1    291 KBytes       
[  4]  45.00-46.01  sec  0.00 Bytes  0.00 bits/sec    0    291 KBytes       
[  4]  46.01-47.00  sec   636 KBytes  5.25 Mbits/sec    0    303 KBytes       
[  4]  47.00-48.00  sec  0.00 Bytes  0.00 bits/sec    0    303 KBytes       
[  4]  48.00-49.26  sec   127 KBytes   827 Kbits/sec    0    322 KBytes       
[  4]  49.26-50.02  sec   191 KBytes  2.07 Mbits/sec    0    334 KBytes       
[  4]  50.02-51.01  sec  0.00 Bytes  0.00 bits/sec    0    334 KBytes       
[  4]  51.01-52.01  sec   318 KBytes  2.60 Mbits/sec    0    346 KBytes       
[  4]  52.01-53.17  sec  0.00 Bytes  0.00 bits/sec    0    346 KBytes       
[  4]  53.17-54.16  sec   191 KBytes  1.58 Mbits/sec    0    355 KBytes       
[  4]  54.16-55.01  sec  63.6 KBytes   615 Kbits/sec    0    363 KBytes       
[  4]  55.01-56.01  sec  63.6 KBytes   521 Kbits/sec    0    372 KBytes       
[  4]  56.01-57.01  sec   318 KBytes  2.61 Mbits/sec   45    372 KBytes       
[  4]  57.01-58.01  sec  0.00 Bytes  0.00 bits/sec    0    372 KBytes       
[  4]  58.01-59.01  sec   382 KBytes  3.13 Mbits/sec    0    372 KBytes       
[  4]  59.01-59.01  sec  0.00 Bytes  0.00 bits/sec    0    372 KBytes       
- - - - - - - - - - - - - - - - - - - - - - - - -
[ ID] Interval           Transfer     Bandwidth       Retr
[  4]   0.00-59.01  sec  10.1 MBytes  1.43 Mbits/sec  221             sender
[  4]   0.00-59.01  sec  7.89 MBytes  1.12 Mbits/sec                  receiver

iperf Done.
