Connecting to host 10.0.0.2, port 5202
[  4] local 10.0.0.1 port 46112 connected to 10.0.0.2 port 5202
[ ID] Interval           Transfer     Bandwidth       Retr  Cwnd
[  4]   0.00-1.01   sec   359 KBytes  2.90 Mbits/sec    0   22.6 KBytes       
[  4]   1.01-2.00   sec   260 KBytes  2.15 Mbits/sec    0   29.7 KBytes       
[  4]   2.00-3.00   sec   191 KBytes  1.57 Mbits/sec    0   38.2 KBytes       
[  4]   3.00-4.00   sec   191 KBytes  1.56 Mbits/sec    0   45.2 KBytes       
[  4]   4.00-5.00   sec   255 KBytes  2.08 Mbits/sec    0   70.7 KBytes       
[  4]   5.00-6.00   sec   382 KBytes  3.13 Mbits/sec    0    106 KBytes       
[  4]   6.00-7.00   sec   573 KBytes  4.69 Mbits/sec    0    164 KBytes       
[  4]   7.00-8.00   sec   636 KBytes  5.22 Mbits/sec    0    240 KBytes       
[  4]   8.00-9.00   sec   764 KBytes  6.26 Mbits/sec    0    328 KBytes       
[  4]   9.00-10.00  sec   573 KBytes  4.69 Mbits/sec    0    402 KBytes       
[  4]  10.00-11.00  sec  1018 KBytes  8.34 Mbits/sec    0    537 KBytes       
[  4]  11.00-12.00  sec   445 KBytes  3.65 Mbits/sec    0    594 KBytes       
[  4]  12.00-13.00  sec  1.06 MBytes  8.86 Mbits/sec    0    740 KBytes       
[  4]  13.00-14.00  sec   509 KBytes  4.17 Mbits/sec   13    781 KBytes       
[  4]  14.00-15.00  sec  0.00 Bytes  0.00 bits/sec  103    566 KBytes       
[  4]  15.00-16.00  sec  0.00 Bytes  0.00 bits/sec   70    563 KBytes       
[  4]  16.00-17.00  sec  0.00 Bytes  0.00 bits/sec   46    536 KBytes       
[  4]  17.00-18.00  sec  63.6 KBytes   522 Kbits/sec  161    359 KBytes       
[  4]  18.00-19.00  sec   255 KBytes  2.08 Mbits/sec    0    253 KBytes       
[  4]  19.00-20.00  sec  0.00 Bytes  0.00 bits/sec    0    253 KBytes       
[  4]  20.00-21.00  sec  0.00 Bytes  0.00 bits/sec    1   1.41 KBytes       
[  4]  21.00-22.00  sec   764 KBytes  6.26 Mbits/sec   16    577 KBytes       
[  4]  22.00-23.00  sec   382 KBytes  3.13 Mbits/sec    0    600 KBytes       
[  4]  23.00-24.00  sec   445 KBytes  3.65 Mbits/sec    0    622 KBytes       
[  4]  24.00-25.00  sec   127 KBytes  1.04 Mbits/sec    0    629 KBytes       
[  4]  25.00-26.00  sec   636 KBytes  5.21 Mbits/sec    0    662 KBytes       
[  4]  26.00-27.00  sec  0.00 Bytes  0.00 bits/sec    0    662 KBytes       
[  4]  27.00-28.00  sec   636 KBytes  5.21 Mbits/sec    0    700 KBytes       
[  4]  28.00-28.00  sec  0.00 Bytes  0.00 bits/sec    0    700 KBytes       
- - - - - - - - - - - - - - - - - - - - - - - - -
[ ID] Interval           Transfer     Bandwidth       Retr
[  4]   0.00-28.00  sec  10.3 MBytes  3.09 Mbits/sec  410             sender
[  4]   0.00-28.00  sec  6.54 MBytes  1.96 Mbits/sec                  receiver

iperf Done.
