Connecting to host 10.0.0.2, port 5205
[  4] local 10.0.0.1 port 46118 connected to 10.0.0.2 port 5205
[ ID] Interval           Transfer     Bandwidth       Retr  Cwnd
[  4]   0.00-1.00   sec   204 KBytes  1.67 Mbits/sec    0   17.0 KBytes       
[  4]   1.00-2.00   sec  63.6 KBytes   521 Kbits/sec    0   18.4 KBytes       
[  4]   2.00-3.00   sec  74.9 KBytes   615 Kbits/sec    0   24.0 KBytes       
[  4]   3.00-4.00   sec   127 KBytes  1.04 Mbits/sec    0   35.4 KBytes       
[  4]   4.00-5.00   sec   191 KBytes  1.56 Mbits/sec    0   55.1 KBytes       
[  4]   5.00-6.00   sec   318 KBytes  2.61 Mbits/sec    0   93.3 KBytes       
[  4]   6.00-7.00   sec   318 KBytes  2.61 Mbits/sec    0    137 KBytes       
[  4]   7.00-8.00   sec   445 KBytes  3.65 Mbits/sec    0    194 KBytes       
[  4]   8.00-9.00   sec   127 KBytes  1.04 Mbits/sec    0    211 KBytes       
[  4]   9.00-10.00  sec   700 KBytes  5.73 Mbits/sec    0    303 KBytes       
[  4]  10.00-11.00  sec   127 KBytes  1.04 Mbits/sec    0    315 KBytes       
[  4]  11.00-12.00  sec   891 KBytes  7.27 Mbits/sec    0    437 KBytes       
[  4]  12.00-13.00  sec  0.00 Bytes  0.00 bits/sec   16    402 KBytes       
[  4]  13.00-14.00  sec  0.00 Bytes  0.00 bits/sec    6    387 KBytes       
[  4]  14.00-15.00  sec  0.00 Bytes  0.00 bits/sec   79    307 KBytes       
[  4]  15.00-16.00  sec   382 KBytes  3.13 Mbits/sec   71    243 KBytes       
[  4]  16.00-17.00  sec  0.00 Bytes  0.00 bits/sec   29    307 KBytes       
[  4]  17.00-18.00  sec   382 KBytes  3.13 Mbits/sec    0    288 KBytes       
[  4]  18.00-19.00  sec   255 KBytes  2.09 Mbits/sec    0    215 KBytes       
[  4]  19.00-20.00  sec   255 KBytes  2.08 Mbits/sec    0    233 KBytes       
[  4]  20.00-21.00  sec  63.6 KBytes   521 Kbits/sec    0    236 KBytes       
[  4]  21.00-22.00  sec   255 KBytes  2.09 Mbits/sec    0    250 KBytes       
[  4]  22.00-23.00  sec   191 KBytes  1.56 Mbits/sec    0    256 KBytes       
[  4]  23.00-24.00  sec  63.6 KBytes   521 Kbits/sec    0    257 KBytes       
[  4]  24.00-25.00  sec   255 KBytes  2.09 Mbits/sec    0    260 KBytes       
[  4]  25.00-26.00  sec   191 KBytes  1.56 Mbits/sec    0    269 KBytes       
[  4]  26.00-27.00  sec  63.6 KBytes   521 Kbits/sec    0    272 KBytes       
[  4]  27.00-28.00  sec   255 KBytes  2.09 Mbits/sec    0    298 KBytes       
[  4]  28.00-29.00  sec   191 KBytes  1.57 Mbits/sec    0    337 KBytes       
[  4]  29.00-30.00  sec   127 KBytes  1.04 Mbits/sec    0    365 KBytes       
[  4]  30.00-31.01  sec   255 KBytes  2.07 Mbits/sec    0    437 KBytes       
[  4]  31.01-32.00  sec   382 KBytes  3.15 Mbits/sec    0    486 KBytes       
[  4]  32.00-33.00  sec  1018 KBytes  8.34 Mbits/sec    0    619 KBytes       
[  4]  33.00-34.00  sec  63.6 KBytes   521 Kbits/sec    0    625 KBytes       
[  4]  34.00-35.00  sec  1.80 MBytes  15.1 Mbits/sec    0    868 KBytes       
[  4]  35.00-36.00  sec  0.00 Bytes  0.00 bits/sec   28    803 KBytes       
[  4]  36.00-37.00  sec  0.00 Bytes  0.00 bits/sec    2    608 KBytes       
[  4]  37.00-38.00  sec  63.6 KBytes   522 Kbits/sec   14    608 KBytes       
[  4]  38.00-39.00  sec   764 KBytes  6.25 Mbits/sec   11    605 KBytes       
[  4]  39.00-39.00  sec  0.00 Bytes  0.00 bits/sec    0    605 KBytes       
- - - - - - - - - - - - - - - - - - - - - - - - -
[ ID] Interval           Transfer     Bandwidth       Retr
[  4]   0.00-39.00  sec  10.6 MBytes  2.29 Mbits/sec  256             sender
[  4]   0.00-39.00  sec  5.99 MBytes  1.29 Mbits/sec                  receiver

iperf Done.
