-----------------------------------------------------------
Server listening on 5205
-----------------------------------------------------------
Accepted connection from 10.0.0.1, port 44537
[  5] local 10.0.0.2 port 5205 connected to 10.0.0.1 port 46118
[ ID] Interval           Transfer     Bandwidth
[  5]   0.00-1.00   sec  59.4 KBytes   486 Kbits/sec                  
[  5]   1.00-2.00   sec  70.7 KBytes   580 Kbits/sec                  
[  5]   2.00-3.00   sec  83.4 KBytes   684 Kbits/sec                  
[  5]   3.00-4.00   sec  82.0 KBytes   672 Kbits/sec                  
[  5]   4.00-5.00   sec  83.4 KBytes   683 Kbits/sec                  
[  5]   5.00-6.00   sec  80.6 KBytes   660 Kbits/sec                  
[  5]   6.00-7.00   sec   171 KBytes  1.40 Mbits/sec                  
[  5]   7.00-8.00   sec  38.2 KBytes   313 Kbits/sec                  
[  5]   8.00-9.00   sec   173 KBytes  1.41 Mbits/sec                  
[  5]   9.00-10.00  sec   174 KBytes  1.42 Mbits/sec                  
[  5]  10.00-11.00  sec  86.3 KBytes   707 Kbits/sec                  
[  5]  11.00-12.00  sec  0.00 Bytes  0.00 bits/sec                  
[  5]  12.00-13.00  sec  2.83 KBytes  23.1 Kbits/sec                  
[  5]  13.00-14.00  sec  0.00 Bytes  0.00 bits/sec                  
[  5]  14.00-15.00  sec   143 KBytes  1.17 Mbits/sec                  
[  5]  15.00-16.00  sec  0.00 Bytes  0.00 bits/sec                  
[  5]  16.00-17.00  sec   180 KBytes  1.47 Mbits/sec                  
[  5]  17.00-18.00  sec  67.9 KBytes   556 Kbits/sec                  
[  5]  18.00-19.00  sec  0.00 Bytes  0.00 bits/sec                  
[  5]  19.00-20.00  sec   669 KBytes  5.48 Mbits/sec                  
[  5]  20.00-21.00  sec   225 KBytes  1.84 Mbits/sec                  
[  5]  21.00-22.00  sec   161 KBytes  1.32 Mbits/sec                  
[  5]  22.00-23.00  sec  35.4 KBytes   289 Kbits/sec                  
[  5]  23.00-24.00  sec   215 KBytes  1.76 Mbits/sec                  
[  5]  24.00-25.00  sec   226 KBytes  1.85 Mbits/sec                  
[  5]  25.00-26.00  sec   229 KBytes  1.88 Mbits/sec                  
[  5]  26.00-27.00  sec   173 KBytes  1.41 Mbits/sec                  
[  5]  27.00-28.00  sec   191 KBytes  1.56 Mbits/sec                  
[  5]  28.00-29.00  sec   107 KBytes   880 Kbits/sec                  
[  5]  29.00-30.00  sec   257 KBytes  2.11 Mbits/sec                  
[  5]  30.00-31.00  sec   161 KBytes  1.32 Mbits/sec                  
[  5]  31.00-32.00  sec   133 KBytes  1.09 Mbits/sec                  
[  5]  32.00-33.00  sec   205 KBytes  1.68 Mbits/sec                  
[  5]  33.00-34.00  sec   165 KBytes  1.35 Mbits/sec                  
[  5]  34.00-35.00  sec   238 KBytes  1.95 Mbits/sec                  
[  5]  35.00-36.00  sec   286 KBytes  2.34 Mbits/sec                  
[  5]  36.00-37.00  sec  11.3 KBytes  92.6 Kbits/sec                  
[  5]  37.00-38.00  sec  1.41 KBytes  11.6 Kbits/sec                  
[  5]  38.00-39.00  sec  0.00 Bytes  0.00 bits/sec                  
[  5]  39.00-40.00  sec  26.9 KBytes   221 Kbits/sec                  
[  5]  40.00-41.00  sec  0.00 Bytes  0.00 bits/sec                  
[  5]  41.00-42.00  sec   100 KBytes   823 Kbits/sec                  
[  5]  42.00-43.00  sec   411 KBytes  3.37 Mbits/sec                  
[  5]  43.00-44.01  sec  1.59 MBytes  13.2 Mbits/sec                  
[  5]  44.01-45.00  sec   272 KBytes  2.24 Mbits/sec                  
[  5]  45.00-45.17  sec  53.7 KBytes  2.58 Mbits/sec                  
- - - - - - - - - - - - - - - - - - - - - - - - -
[ ID] Interval           Transfer     Bandwidth
[  5]   0.00-45.17  sec  0.00 Bytes  0.00 bits/sec                  sender
[  5]   0.00-45.17  sec  7.49 MBytes  1.39 Mbits/sec                  receiver
