-----------------------------------------------------------
Server listening on 5205
-----------------------------------------------------------
Accepted connection from 10.0.0.1, port 37957
[  5] local 10.0.0.2 port 5205 connected to 10.0.0.1 port 46118
[ ID] Interval           Transfer     Bandwidth
[  5]   0.00-1.00   sec  59.4 KBytes   486 Kbits/sec                  
[  5]   1.00-2.00   sec  70.7 KBytes   579 Kbits/sec                  
[  5]   2.00-3.00   sec  83.4 KBytes   684 Kbits/sec                  
[  5]   3.00-4.00   sec  56.6 KBytes   463 Kbits/sec                  
[  5]   4.00-5.00   sec   100 KBytes   822 Kbits/sec                  
[  5]   5.00-6.00   sec  97.6 KBytes   799 Kbits/sec                  
[  5]   6.00-7.00   sec  96.2 KBytes   788 Kbits/sec                  
[  5]   7.00-8.00   sec   110 KBytes   904 Kbits/sec                  
[  5]   8.00-9.00   sec   180 KBytes  1.47 Mbits/sec                  
[  5]   9.00-10.00  sec  45.2 KBytes   371 Kbits/sec                  
[  5]  10.00-11.00  sec   230 KBytes  1.89 Mbits/sec                  
[  5]  11.00-12.00  sec  0.00 Bytes  0.00 bits/sec                  
[  5]  12.00-13.00  sec  5.66 KBytes  46.3 Kbits/sec                  
[  5]  13.00-14.01  sec  0.00 Bytes  0.00 bits/sec                  
[  5]  14.01-15.01  sec  0.00 Bytes  0.00 bits/sec                  
[  5]  15.01-16.00  sec  0.00 Bytes  0.00 bits/sec                  
[  5]  16.00-17.00  sec   109 KBytes   896 Kbits/sec                  
[  5]  17.00-18.00  sec   298 KBytes  2.44 Mbits/sec                  
[  5]  18.00-19.00  sec  0.00 Bytes  0.00 bits/sec                  
[  5]  19.00-20.00  sec   539 KBytes  4.41 Mbits/sec                  
[  5]  20.00-21.00  sec   204 KBytes  1.67 Mbits/sec                  
[  5]  21.00-22.00  sec   209 KBytes  1.71 Mbits/sec                  
[  5]  22.00-23.00  sec  42.4 KBytes   348 Kbits/sec                  
[  5]  23.00-24.00  sec   184 KBytes  1.50 Mbits/sec                  
[  5]  24.00-25.00  sec   240 KBytes  1.97 Mbits/sec                  
[  5]  25.00-26.00  sec  0.00 Bytes  0.00 bits/sec                  
[  5]  26.00-27.00  sec   245 KBytes  2.00 Mbits/sec                  
[  5]  27.00-28.00  sec  0.00 Bytes  0.00 bits/sec                  
[  5]  28.00-29.00  sec   250 KBytes  2.05 Mbits/sec                  
[  5]  29.00-30.00  sec  32.5 KBytes   267 Kbits/sec                  
[  5]  30.00-31.00  sec   242 KBytes  1.98 Mbits/sec                  
[  5]  31.00-32.00  sec  46.7 KBytes   382 Kbits/sec                  
[  5]  32.00-33.00  sec   287 KBytes  2.35 Mbits/sec                  
[  5]  33.00-34.00  sec  0.00 Bytes  0.00 bits/sec                  
[  5]  34.00-35.00  sec  2.83 KBytes  23.2 Kbits/sec                  
[  5]  35.00-36.00  sec  0.00 Bytes  0.00 bits/sec                  
[  5]  36.00-37.00  sec   665 KBytes  5.45 Mbits/sec                  
[  5]  37.00-38.00  sec   171 KBytes  1.40 Mbits/sec                  
[  5]  38.00-39.00  sec   157 KBytes  1.29 Mbits/sec                  
[  5]  39.00-40.00  sec   379 KBytes  3.10 Mbits/sec                  
[  5]  40.00-41.00  sec  0.00 Bytes  0.00 bits/sec                  
[  5]  41.00-42.00  sec   426 KBytes  3.49 Mbits/sec                  
[  5]  42.00-43.00  sec   451 KBytes  3.70 Mbits/sec                  
[  5]  43.00-44.00  sec   461 KBytes  3.78 Mbits/sec                  
[  5]  44.00-45.00  sec   370 KBytes  3.04 Mbits/sec                  
[  5]  45.00-46.00  sec   232 KBytes  1.90 Mbits/sec                  
[  5]  46.00-47.00  sec   332 KBytes  2.72 Mbits/sec                  
[  5]  47.00-48.00  sec   482 KBytes  3.95 Mbits/sec                  
[  5]  48.00-48.30  sec  0.00 Bytes  0.00 bits/sec                  
- - - - - - - - - - - - - - - - - - - - - - - - -
[ ID] Interval           Transfer     Bandwidth
[  5]   0.00-48.30  sec  0.00 Bytes  0.00 bits/sec                  sender
[  5]   0.00-48.30  sec  8.00 MBytes  1.39 Mbits/sec                  receiver
