Connecting to host 10.0.0.2, port 5202
[  4] local 10.0.0.1 port 46112 connected to 10.0.0.2 port 5202
[ ID] Interval           Transfer     Bandwidth       Retr  Cwnd
[  4]   0.00-1.00   sec   700 KBytes  5.72 Mbits/sec    0   79.2 KBytes       
[  4]   1.00-2.00   sec   573 KBytes  4.69 Mbits/sec    0    102 KBytes       
[  4]   2.00-3.00   sec   573 KBytes  4.70 Mbits/sec    0    123 KBytes       
[  4]   3.00-4.00   sec   445 KBytes  3.65 Mbits/sec    0    141 KBytes       
[  4]   4.00-5.00   sec   445 KBytes  3.65 Mbits/sec    0    158 KBytes       
[  4]   5.00-6.01   sec   445 KBytes  3.61 Mbits/sec    0    177 KBytes       
[  4]   6.01-7.01   sec   255 KBytes  2.09 Mbits/sec    0    195 KBytes       
[  4]   7.01-8.00   sec   700 KBytes  5.78 Mbits/sec    0    262 KBytes       
[  4]   8.00-9.00   sec   636 KBytes  5.20 Mbits/sec    0    328 KBytes       
[  4]   9.00-10.02  sec   700 KBytes  5.66 Mbits/sec    0    423 KBytes       
[  4]  10.02-11.00  sec  1.43 MBytes  12.2 Mbits/sec    0    591 KBytes       
[  4]  11.00-12.00  sec  1.18 MBytes  9.90 Mbits/sec    0    738 KBytes       
[  4]  12.00-13.01  sec  1018 KBytes  8.26 Mbits/sec    0    856 KBytes       
[  4]  13.01-14.01  sec   255 KBytes  2.10 Mbits/sec   69    677 KBytes       
[  4]  14.01-15.00  sec  63.6 KBytes   523 Kbits/sec   85    631 KBytes       
[  4]  15.00-16.01  sec   636 KBytes  5.19 Mbits/sec    0    631 KBytes       
[  4]  16.01-17.00  sec   636 KBytes  5.24 Mbits/sec    7    536 KBytes       
[  4]  17.00-17.00  sec  0.00 Bytes  0.00 bits/sec    0    536 KBytes       
- - - - - - - - - - - - - - - - - - - - - - - - -
[ ID] Interval           Transfer     Bandwidth       Retr
[  4]   0.00-17.00  sec  10.5 MBytes  5.18 Mbits/sec  161             sender
[  4]   0.00-17.00  sec  6.47 MBytes  3.19 Mbits/sec                  receiver

iperf Done.
