Connecting to host 10.0.0.2, port 5204
[  4] local 10.0.0.1 port 46116 connected to 10.0.0.2 port 5204
[ ID] Interval           Transfer     Bandwidth       Retr  Cwnd
[  4]   0.00-1.00   sec  82.0 KBytes   670 Kbits/sec    0   14.1 KBytes       
[  4]   1.00-2.00   sec  0.00 Bytes  0.00 bits/sec    0   14.1 KBytes       
[  4]   2.00-3.00   sec  14.1 KBytes   116 Kbits/sec    0   28.3 KBytes       
[  4]   3.00-4.00   sec  17.0 KBytes   139 Kbits/sec    6   21.2 KBytes       
[  4]   4.00-5.00   sec  21.2 KBytes   174 Kbits/sec    2   21.2 KBytes       
[  4]   5.00-6.00   sec  79.2 KBytes   649 Kbits/sec    0   25.5 KBytes       
[  4]   6.00-7.00   sec   127 KBytes  1.04 Mbits/sec    0   31.1 KBytes       
[  4]   7.00-8.00   sec  0.00 Bytes  0.00 bits/sec    0   31.1 KBytes       
[  4]   8.00-9.00   sec  63.6 KBytes   522 Kbits/sec    0   31.1 KBytes       
[  4]   9.00-10.00  sec  63.6 KBytes   521 Kbits/sec    0   35.4 KBytes       
[  4]  10.00-11.00  sec  63.6 KBytes   520 Kbits/sec    0   43.8 KBytes       
[  4]  11.00-12.00  sec   255 KBytes  2.09 Mbits/sec    0   74.9 KBytes       
[  4]  12.00-13.00  sec   255 KBytes  2.09 Mbits/sec    0    100 KBytes       
[  4]  13.00-14.00  sec   445 KBytes  3.65 Mbits/sec    0    146 KBytes       
[  4]  14.00-15.00  sec  1.12 MBytes  9.34 Mbits/sec    0    219 KBytes       
[  4]  15.00-16.00  sec  1.55 MBytes  13.1 Mbits/sec    0    308 KBytes       
[  4]  16.00-17.00  sec  1.62 MBytes  13.6 Mbits/sec    0    419 KBytes       
[  4]  17.00-18.00  sec  1.80 MBytes  15.1 Mbits/sec    0    553 KBytes       
[  4]  18.00-19.00  sec  1.93 MBytes  16.1 Mbits/sec    0    711 KBytes       
[  4]  19.00-19.84  sec  1.25 MBytes  12.6 Mbits/sec    0    864 KBytes       
- - - - - - - - - - - - - - - - - - - - - - - - -
[ ID] Interval           Transfer     Bandwidth       Retr
[  4]   0.00-19.84  sec  10.7 MBytes  4.53 Mbits/sec    8             sender
[  4]   0.00-19.84  sec  7.30 MBytes  3.09 Mbits/sec                  receiver

iperf Done.
