-----------------------------------------------------------
Server listening on 5201
-----------------------------------------------------------
Accepted connection from 10.0.0.1, port 48368
[  5] local 10.0.0.2 port 5201 connected to 10.0.0.1 port 46110
[ ID] Interval           Transfer     Bandwidth
[  5]   0.00-1.00   sec   922 KBytes  7.55 Mbits/sec                  
[  5]   1.00-2.00   sec   689 KBytes  5.64 Mbits/sec                  
[  5]   2.00-3.00   sec   670 KBytes  5.49 Mbits/sec                  
[  5]   3.00-4.00   sec   659 KBytes  5.40 Mbits/sec                  
[  5]   4.00-5.00   sec   660 KBytes  5.41 Mbits/sec                  
[  5]   5.00-6.00   sec   665 KBytes  5.44 Mbits/sec                  
[  5]   6.00-7.00   sec   542 KBytes  4.44 Mbits/sec                  
[  5]   7.00-8.00   sec   462 KBytes  3.79 Mbits/sec                  
[  5]   8.00-9.00   sec   440 KBytes  3.60 Mbits/sec                  
[  5]   9.00-10.00  sec   348 KBytes  2.85 Mbits/sec                  
[  5]  10.00-11.00  sec   419 KBytes  3.43 Mbits/sec                  
[  5]  11.00-12.00  sec   260 KBytes  2.13 Mbits/sec                  
[  5]  12.00-13.00  sec   363 KBytes  2.98 Mbits/sec                  
[  5]  13.00-14.00  sec   325 KBytes  2.66 Mbits/sec                  
[  5]  14.00-15.00  sec   529 KBytes  4.33 Mbits/sec                  
[  5]  15.00-16.00  sec  5.66 KBytes  46.3 Kbits/sec                  
[  5]  16.00-17.00  sec  0.00 Bytes  0.00 bits/sec                  
[  5]  17.00-18.00  sec  12.7 KBytes   104 Kbits/sec                  
[  5]  18.00-19.00  sec  0.00 Bytes  0.00 bits/sec                  
[  5]  19.00-20.00  sec  9.90 KBytes  81.1 Kbits/sec                  
[  5]  20.00-21.00  sec   445 KBytes  3.65 Mbits/sec                  
[  5]  21.00-22.00  sec  1.94 MBytes  16.3 Mbits/sec                  
[  5]  22.00-23.00  sec   307 KBytes  2.51 Mbits/sec                  
[  5]  23.00-24.00  sec   174 KBytes  1.42 Mbits/sec                  
[  5]  24.00-25.00  sec   529 KBytes  4.33 Mbits/sec                  
[  5]  25.00-26.00  sec   280 KBytes  2.29 Mbits/sec                  
[  5]  26.00-27.00  sec   400 KBytes  3.28 Mbits/sec                  
[  5]  27.00-28.00  sec   355 KBytes  2.91 Mbits/sec                  
[  5]  28.00-29.00  sec   368 KBytes  3.01 Mbits/sec                  
[  5]  29.00-30.00  sec   318 KBytes  2.61 Mbits/sec                  
[  5]  30.00-31.00  sec   431 KBytes  3.53 Mbits/sec                  
[  5]  31.00-32.00  sec   214 KBytes  1.75 Mbits/sec                  
[  5]  32.00-33.00  sec   457 KBytes  3.74 Mbits/sec                  
[  5]  33.00-34.00  sec   182 KBytes  1.49 Mbits/sec                  
[  5]  34.00-35.00  sec   587 KBytes  4.81 Mbits/sec                  
[  5]  35.00-36.00  sec   100 KBytes   822 Kbits/sec                  
[  5]  36.00-37.00  sec   710 KBytes  5.82 Mbits/sec                  
[  5]  37.00-38.00  sec   105 KBytes   857 Kbits/sec                  
[  5]  38.00-39.00  sec  0.00 Bytes  0.00 bits/sec                  
[  5]  39.00-40.00  sec  0.00 Bytes  0.00 bits/sec                  
[  5]  40.00-41.00  sec  0.00 Bytes  0.00 bits/sec                  
[  5]  41.00-42.00  sec  0.00 Bytes  0.00 bits/sec                  
[  5]  42.00-43.00  sec   810 KBytes  6.63 Mbits/sec                  
[  5]  43.00-44.00  sec  1.23 MBytes  10.3 Mbits/sec                  
[  5]  44.00-45.00  sec   341 KBytes  2.79 Mbits/sec                  
[  5]  45.00-46.00  sec   255 KBytes  2.09 Mbits/sec                  
[  5]  46.00-47.00  sec   379 KBytes  3.10 Mbits/sec                  
[  5]  47.00-48.00  sec   373 KBytes  3.06 Mbits/sec                  
[  5]  48.00-49.00  sec   229 KBytes  1.88 Mbits/sec                  
[  5]  49.00-50.00  sec   413 KBytes  3.38 Mbits/sec                  
[  5]  50.00-51.00  sec   189 KBytes  1.55 Mbits/sec                  
[  5]  51.00-52.00  sec   410 KBytes  3.36 Mbits/sec                  
[  5]  52.00-53.00  sec   399 KBytes  3.27 Mbits/sec                  
[  5]  53.00-54.00  sec   229 KBytes  1.88 Mbits/sec                  
[  5]  54.00-55.00  sec   436 KBytes  3.57 Mbits/sec                  
[  5]  55.00-56.00  sec   191 KBytes  1.56 Mbits/sec                  
[  5]  56.00-57.00  sec   419 KBytes  3.43 Mbits/sec                  
[  5]  57.00-58.00  sec   212 KBytes  1.74 Mbits/sec                  
[  5]  58.00-59.00  sec   475 KBytes  3.89 Mbits/sec                  
[  5]  59.00-60.00  sec   156 KBytes  1.27 Mbits/sec                  
[  5]  60.00-61.00  sec  82.0 KBytes   672 Kbits/sec                  
[  5]  61.00-62.00  sec  0.00 Bytes  0.00 bits/sec                  
[  5]  62.00-63.00  sec   321 KBytes  2.63 Mbits/sec                  
[  5]  63.00-64.00  sec   373 KBytes  3.06 Mbits/sec                  
[  5]  64.00-65.00  sec  0.00 Bytes  0.00 bits/sec                  
[  5]  65.00-66.00  sec  2.83 KBytes  23.2 Kbits/sec                  
[  5]  66.00-67.00  sec   164 KBytes  1.34 Mbits/sec                  
[  5]  67.00-68.00  sec   378 KBytes  3.09 Mbits/sec                  
[  5]  68.00-69.00  sec  33.9 KBytes   278 Kbits/sec                  
[  5]  69.00-70.00  sec  4.24 KBytes  34.8 Kbits/sec                  
[  5]  70.00-71.00  sec  43.8 KBytes   359 Kbits/sec                  
[  5]  71.00-72.00  sec   461 KBytes  3.77 Mbits/sec                  
[  5]  72.00-73.00  sec  5.66 KBytes  46.4 Kbits/sec                  
[  5]  73.00-74.00  sec   421 KBytes  3.45 Mbits/sec                  
[  5]  74.00-75.00  sec  2.01 MBytes  16.8 Mbits/sec                  
[  5]  75.00-76.00  sec   826 KBytes  6.77 Mbits/sec                  
[  5]  76.00-77.00  sec   365 KBytes  2.99 Mbits/sec                  
[  5]  77.00-78.00  sec   308 KBytes  2.53 Mbits/sec                  
[  5]  78.00-79.00  sec   301 KBytes  2.47 Mbits/sec                  
[  5]  79.00-80.00  sec   277 KBytes  2.27 Mbits/sec                  
[  5]  80.00-81.00  sec   329 KBytes  2.70 Mbits/sec                  
[  5]  81.00-82.00  sec   359 KBytes  2.94 Mbits/sec                  
[  5]  82.00-83.00  sec   260 KBytes  2.13 Mbits/sec                  
[  5]  83.00-84.00  sec   257 KBytes  2.11 Mbits/sec                  
[  5]  84.00-85.00  sec   325 KBytes  2.66 Mbits/sec                  
[  5]  85.00-86.00  sec   366 KBytes  3.00 Mbits/sec                  
[  5]  86.00-87.00  sec   223 KBytes  1.83 Mbits/sec                  
[  5]  87.00-88.00  sec   297 KBytes  2.43 Mbits/sec                  
[  5]  88.00-89.00  sec   273 KBytes  2.24 Mbits/sec                  
[  5]  89.00-90.00  sec   283 KBytes  2.32 Mbits/sec                  
[  5]  90.00-91.00  sec   293 KBytes  2.40 Mbits/sec                  
[  5]  91.00-92.00  sec   300 KBytes  2.46 Mbits/sec                  
[  5]  92.00-93.00  sec   180 KBytes  1.47 Mbits/sec                  
[  5]  93.00-94.00  sec  0.00 Bytes  0.00 bits/sec                  
[  5]  94.00-95.00  sec  0.00 Bytes  0.00 bits/sec                  
[  5]  95.00-96.00  sec  93.3 KBytes   765 Kbits/sec                  
[  5]  96.00-97.00  sec   503 KBytes  4.12 Mbits/sec                  
[  5]  97.00-98.00  sec  2.83 KBytes  23.2 Kbits/sec                  
[  5]  98.00-99.00  sec   106 KBytes   869 Kbits/sec                  
[  5]  99.00-100.00 sec  1.33 MBytes  11.1 Mbits/sec                  
[  5] 100.00-101.00 sec   303 KBytes  2.48 Mbits/sec                  
[  5] 101.00-102.00 sec   356 KBytes  2.92 Mbits/sec                  
[  5] 102.00-103.00 sec   252 KBytes  2.06 Mbits/sec                  
[  5] 103.00-104.00 sec   356 KBytes  2.92 Mbits/sec                  
[  5] 104.00-105.00 sec   160 KBytes  1.31 Mbits/sec                  
[  5] 105.00-106.00 sec   409 KBytes  3.35 Mbits/sec                  
[  5] 106.00-107.00 sec   170 KBytes  1.39 Mbits/sec                  
[  5] 107.00-108.00 sec   387 KBytes  3.17 Mbits/sec                  
[  5] 108.00-109.00 sec   256 KBytes  2.10 Mbits/sec                  
[  5] 109.00-110.00 sec   305 KBytes  2.50 Mbits/sec                  
[  5] 110.00-111.00 sec   300 KBytes  2.46 Mbits/sec                  
[  5] 111.00-112.00 sec   274 KBytes  2.25 Mbits/sec                  
[  5] 112.00-113.00 sec   266 KBytes  2.18 Mbits/sec                  
[  5] 113.00-114.00 sec   351 KBytes  2.87 Mbits/sec                  
[  5] 114.00-115.00 sec   167 KBytes  1.37 Mbits/sec                  
[  5] 115.00-116.00 sec   498 KBytes  4.08 Mbits/sec                  
[  5] 116.00-117.02 sec  35.4 KBytes   285 Kbits/sec                  
[  5] 117.02-118.00 sec  0.00 Bytes  0.00 bits/sec                  
[  5] 118.00-119.00 sec  94.7 KBytes   776 Kbits/sec                  
[  5] 119.00-120.00 sec  50.9 KBytes   417 Kbits/sec                  
[  5] 120.00-121.00 sec  67.9 KBytes   556 Kbits/sec                  
[  5] 121.00-122.00 sec  0.00 Bytes  0.00 bits/sec                  
[  5] 122.00-123.00 sec   922 KBytes  7.56 Mbits/sec                  
[  5] 123.00-124.00 sec  0.00 Bytes  0.00 bits/sec                  
[  5] 124.00-125.00 sec   146 KBytes  1.19 Mbits/sec                  
[  5] 125.00-126.00 sec  82.0 KBytes   672 Kbits/sec                  
[  5] 126.00-127.00 sec   426 KBytes  3.48 Mbits/sec                  
[  5] 127.00-128.00 sec  1.60 MBytes  13.4 Mbits/sec                  
[  5] 128.00-129.00 sec  0.00 Bytes  0.00 bits/sec                  
[  5] 129.00-130.00 sec   675 KBytes  5.53 Mbits/sec                  
[  5] 130.00-131.00 sec   272 KBytes  2.22 Mbits/sec                  
[  5] 131.00-131.17 sec  82.0 KBytes  4.00 Mbits/sec                  
- - - - - - - - - - - - - - - - - - - - - - - - -
[ ID] Interval           Transfer     Bandwidth
[  5]   0.00-131.17 sec  0.00 Bytes  0.00 bits/sec                  sender
[  5]   0.00-131.17 sec  43.6 MBytes  2.79 Mbits/sec                  receiver
