Connecting to host 10.0.0.2, port 5204
[  4] local 10.0.0.1 port 46116 connected to 10.0.0.2 port 5204
[ ID] Interval           Transfer     Bandwidth       Retr  Cwnd
[  4]   0.00-1.00   sec   242 KBytes  1.98 Mbits/sec    0   18.4 KBytes       
[  4]   1.00-2.00   sec  77.8 KBytes   637 Kbits/sec    0   22.6 KBytes       
[  4]   2.00-3.00   sec   191 KBytes  1.56 Mbits/sec    0   29.7 KBytes       
[  4]   3.00-4.00   sec   127 KBytes  1.04 Mbits/sec    0   39.6 KBytes       
[  4]   4.00-5.00   sec   318 KBytes  2.61 Mbits/sec    0   66.5 KBytes       
[  4]   5.00-6.00   sec   318 KBytes  2.61 Mbits/sec    0    103 KBytes       
[  4]   6.00-7.00   sec   445 KBytes  3.65 Mbits/sec    0    151 KBytes       
[  4]   7.00-8.00   sec   636 KBytes  5.22 Mbits/sec    0    228 KBytes       
[  4]   8.00-9.00   sec   700 KBytes  5.73 Mbits/sec    0    317 KBytes       
[  4]   9.00-10.00  sec   573 KBytes  4.69 Mbits/sec    0    392 KBytes       
[  4]  10.00-11.00  sec  0.00 Bytes  0.00 bits/sec   54    283 KBytes       
[  4]  11.00-12.00  sec   255 KBytes  2.08 Mbits/sec   36    283 KBytes       
[  4]  12.00-13.00  sec   445 KBytes  3.65 Mbits/sec    0    288 KBytes       
[  4]  13.00-14.00  sec   255 KBytes  2.09 Mbits/sec    0    318 KBytes       
[  4]  14.00-15.00  sec   127 KBytes  1.04 Mbits/sec    0    334 KBytes       
[  4]  15.00-16.00  sec   382 KBytes  3.12 Mbits/sec    0    368 KBytes       
[  4]  16.00-17.00  sec   318 KBytes  2.61 Mbits/sec    0    387 KBytes       
[  4]  17.00-18.00  sec   382 KBytes  3.13 Mbits/sec    0    397 KBytes       
[  4]  18.00-19.00  sec   318 KBytes  2.60 Mbits/sec    0    402 KBytes       
[  4]  19.00-20.00  sec   318 KBytes  2.61 Mbits/sec    0    404 KBytes       
[  4]  20.00-21.00  sec   191 KBytes  1.56 Mbits/sec    0    406 KBytes       
[  4]  21.00-22.01  sec   445 KBytes  3.61 Mbits/sec    0    414 KBytes       
[  4]  22.01-23.00  sec   445 KBytes  3.69 Mbits/sec    0    430 KBytes       
[  4]  23.00-24.00  sec   573 KBytes  4.69 Mbits/sec    0    464 KBytes       
[  4]  24.00-25.00  sec   827 KBytes  6.78 Mbits/sec    0    510 KBytes       
[  4]  25.00-26.00  sec   827 KBytes  6.77 Mbits/sec    0    570 KBytes       
[  4]  26.00-27.00  sec  1018 KBytes  8.34 Mbits/sec    0    649 KBytes       
[  4]  27.00-27.00  sec  0.00 Bytes  0.00 bits/sec    0    649 KBytes       
- - - - - - - - - - - - - - - - - - - - - - - - -
[ ID] Interval           Transfer     Bandwidth       Retr
[  4]   0.00-27.00  sec  10.5 MBytes  3.26 Mbits/sec   90             sender
[  4]   0.00-27.00  sec  7.59 MBytes  2.36 Mbits/sec                  receiver

iperf Done.
