-----------------------------------------------------------
Server listening on 5201
-----------------------------------------------------------
Accepted connection from 10.0.0.1, port 41659
[  5] local 10.0.0.2 port 5201 connected to 10.0.0.1 port 46110
[ ID] Interval           Transfer     Bandwidth
[  5]   0.00-1.00   sec  1.08 MBytes  9.07 Mbits/sec                  
[  5]   1.00-2.00   sec  1.11 MBytes  9.34 Mbits/sec                  
[  5]   2.00-3.00   sec  1.13 MBytes  9.48 Mbits/sec                  
[  5]   3.00-4.00   sec  1.03 MBytes  8.67 Mbits/sec                  
[  5]   4.00-5.00   sec  1.13 MBytes  9.51 Mbits/sec                  
[  5]   5.00-6.00   sec  1.14 MBytes  9.52 Mbits/sec                  
[  5]   6.00-7.00   sec  1.13 MBytes  9.46 Mbits/sec                  
[  5]   7.00-8.00   sec  1.13 MBytes  9.49 Mbits/sec                  
[  5]   8.00-9.00   sec  1.14 MBytes  9.54 Mbits/sec                  
[  5]   9.00-10.00  sec  1.11 MBytes  9.35 Mbits/sec                  
[  5]  10.00-11.00  sec   935 KBytes  7.65 Mbits/sec                  
[  5]  11.00-12.00  sec  1.13 MBytes  9.46 Mbits/sec                  
[  5]  12.00-13.00  sec  1.11 MBytes  9.32 Mbits/sec                  
[  5]  13.00-14.00  sec  1.15 MBytes  9.64 Mbits/sec                  
[  5]  14.00-15.00  sec  1.11 MBytes  9.32 Mbits/sec                  
[  5]  15.00-16.00  sec  1.14 MBytes  9.60 Mbits/sec                  
[  5]  16.00-17.00  sec   986 KBytes  8.08 Mbits/sec                  
[  5]  17.00-18.00  sec  50.9 KBytes   416 Kbits/sec                  
[  5]  18.00-19.00  sec  0.00 Bytes  0.00 bits/sec                  
[  5]  19.00-20.00  sec  2.87 MBytes  24.1 Mbits/sec                  
[  5]  20.00-21.00  sec  1.12 MBytes  9.36 Mbits/sec                  
[  5]  21.00-22.00  sec  1.13 MBytes  9.47 Mbits/sec                  
[  5]  22.00-23.00  sec  1.14 MBytes  9.57 Mbits/sec                  
[  5]  23.00-24.00  sec  1.14 MBytes  9.52 Mbits/sec                  
[  5]  24.00-25.00  sec  1.12 MBytes  9.39 Mbits/sec                  
[  5]  25.00-26.00  sec  1.12 MBytes  9.40 Mbits/sec                  
[  5]  26.00-27.01  sec  1.09 MBytes  9.07 Mbits/sec                  
[  5]  27.01-28.00  sec  1.07 MBytes  9.05 Mbits/sec                  
[  5]  28.00-29.00  sec  1.12 MBytes  9.40 Mbits/sec                  
[  5]  29.00-30.00  sec  1.12 MBytes  9.40 Mbits/sec                  
[  5]  30.00-31.00  sec  1.09 MBytes  9.11 Mbits/sec                  
[  5]  31.00-32.00  sec  1.09 MBytes  9.18 Mbits/sec                  
[  5]  32.00-33.00  sec  1.05 MBytes  8.80 Mbits/sec                  
[  5]  33.00-34.00  sec  1.08 MBytes  9.04 Mbits/sec                  
[  5]  34.00-35.00  sec  1.06 MBytes  8.85 Mbits/sec                  
[  5]  35.00-36.00  sec   867 KBytes  7.10 Mbits/sec                  
[  5]  36.00-36.25  sec  53.7 KBytes  1.79 Mbits/sec                  
- - - - - - - - - - - - - - - - - - - - - - - - -
[ ID] Interval           Transfer     Bandwidth
[  5]   0.00-36.25  sec  0.00 Bytes  0.00 bits/sec                  sender
[  5]   0.00-36.25  sec  39.0 MBytes  9.02 Mbits/sec                  receiver
