-----------------------------------------------------------
Server listening on 5201
-----------------------------------------------------------
Accepted connection from 10.0.0.1, port 47361
[  5] local 10.0.0.2 port 5201 connected to 10.0.0.1 port 46110
[ ID] Interval           Transfer     Bandwidth
[  5]   0.00-1.00   sec   993 KBytes  8.13 Mbits/sec                  
[  5]   1.00-2.00   sec   775 KBytes  6.35 Mbits/sec                  
[  5]   2.00-3.00   sec   731 KBytes  5.99 Mbits/sec                  
[  5]   3.00-4.00   sec   720 KBytes  5.89 Mbits/sec                  
[  5]   4.00-5.00   sec   816 KBytes  6.69 Mbits/sec                  
[  5]   5.00-6.00   sec   773 KBytes  6.34 Mbits/sec                  
[  5]   6.00-7.00   sec   817 KBytes  6.70 Mbits/sec                  
[  5]   7.00-8.00   sec   652 KBytes  5.32 Mbits/sec                  
[  5]   8.00-9.00   sec   693 KBytes  5.70 Mbits/sec                  
[  5]   9.00-10.00  sec   530 KBytes  4.34 Mbits/sec                  
[  5]  10.00-10.86  sec   458 KBytes  4.34 Mbits/sec                  
- - - - - - - - - - - - - - - - - - - - - - - - -
[ ID] Interval           Transfer     Bandwidth
[  5]   0.00-10.86  sec  0.00 Bytes  0.00 bits/sec                  sender
[  5]   0.00-10.86  sec  7.77 MBytes  6.00 Mbits/sec                  receiver
