-----------------------------------------------------------
Server listening on 5201
-----------------------------------------------------------
Accepted connection from 10.0.0.1, port 34135
[  5] local 10.0.0.2 port 5201 connected to 10.0.0.1 port 46110
[ ID] Interval           Transfer     Bandwidth
[  5]   0.00-1.00   sec   150 KBytes  1.23 Mbits/sec                  
[  5]   1.00-2.00   sec   140 KBytes  1.15 Mbits/sec                  
[  5]   2.00-3.00   sec   143 KBytes  1.17 Mbits/sec                  
[  5]   3.00-4.00   sec   146 KBytes  1.19 Mbits/sec                  
[  5]   4.00-5.00   sec   144 KBytes  1.18 Mbits/sec                  
[  5]   5.00-6.00   sec   146 KBytes  1.19 Mbits/sec                  
[  5]   6.00-7.00   sec   202 KBytes  1.66 Mbits/sec                  
[  5]   7.00-8.00   sec   133 KBytes  1.09 Mbits/sec                  
[  5]   8.00-9.00   sec  72.1 KBytes   591 Kbits/sec                  
[  5]   9.00-10.00  sec   252 KBytes  2.06 Mbits/sec                  
[  5]  10.00-11.00  sec  5.66 KBytes  46.3 Kbits/sec                  
[  5]  11.00-12.00  sec   301 KBytes  2.47 Mbits/sec                  
[  5]  12.00-13.00  sec  5.66 KBytes  46.3 Kbits/sec                  
[  5]  13.00-14.00  sec  0.00 Bytes  0.00 bits/sec                  
[  5]  14.00-15.00  sec  76.4 KBytes   626 Kbits/sec                  
[  5]  15.00-16.00  sec  91.9 KBytes   753 Kbits/sec                  
[  5]  16.00-17.00  sec  17.0 KBytes   139 Kbits/sec                  
[  5]  17.00-18.00  sec  0.00 Bytes  0.00 bits/sec                  
[  5]  18.00-19.00  sec  0.00 Bytes  0.00 bits/sec                  
[  5]  19.00-20.00  sec  0.00 Bytes  0.00 bits/sec                  
[  5]  20.00-21.00  sec   378 KBytes  3.10 Mbits/sec                  
[  5]  21.00-22.00  sec   259 KBytes  2.12 Mbits/sec                  
[  5]  22.00-23.00  sec   211 KBytes  1.72 Mbits/sec                  
[  5]  23.00-24.00  sec   167 KBytes  1.37 Mbits/sec                  
[  5]  24.00-25.00  sec   235 KBytes  1.92 Mbits/sec                  
[  5]  25.00-26.00  sec  24.0 KBytes   197 Kbits/sec                  
[  5]  26.00-27.00  sec   397 KBytes  3.25 Mbits/sec                  
[  5]  27.00-28.00  sec  0.00 Bytes  0.00 bits/sec                  
[  5]  28.00-29.00  sec   478 KBytes  3.92 Mbits/sec                  
[  5]  29.00-30.00  sec  0.00 Bytes  0.00 bits/sec                  
[  5]  30.00-31.00  sec   148 KBytes  1.22 Mbits/sec                  
[  5]  31.00-32.00  sec  0.00 Bytes  0.00 bits/sec                  
[  5]  32.00-33.00  sec  0.00 Bytes  0.00 bits/sec                  
[  5]  33.00-34.00  sec   107 KBytes   881 Kbits/sec                  
[  5]  34.00-35.00  sec   365 KBytes  2.99 Mbits/sec                  
[  5]  35.00-36.00  sec  0.00 Bytes  0.00 bits/sec                  
[  5]  36.00-37.00  sec   424 KBytes  3.47 Mbits/sec                  
[  5]  37.00-38.00  sec   164 KBytes  1.34 Mbits/sec                  
[  5]  38.00-39.00  sec  0.00 Bytes  0.00 bits/sec                  
[  5]  39.00-40.00  sec  0.00 Bytes  0.00 bits/sec                  
[  5]  40.00-41.00  sec   874 KBytes  7.16 Mbits/sec                  
[  5]  41.00-42.00  sec   368 KBytes  3.01 Mbits/sec                  
[  5]  42.00-43.00  sec  0.00 Bytes  0.00 bits/sec                  
[  5]  43.00-43.65  sec   395 KBytes  4.96 Mbits/sec                  
- - - - - - - - - - - - - - - - - - - - - - - - -
[ ID] Interval           Transfer     Bandwidth
[  5]   0.00-43.65  sec  0.00 Bytes  0.00 bits/sec                  sender
[  5]   0.00-43.65  sec  6.85 MBytes  1.32 Mbits/sec                  receiver
