-----------------------------------------------------------
Server listening on 5202
-----------------------------------------------------------
Accepted connection from 10.0.0.1, port 37275
[  5] local 10.0.0.2 port 5202 connected to 10.0.0.1 port 46112
[ ID] Interval           Transfer     Bandwidth
[  5]   0.00-1.00   sec   148 KBytes  1.22 Mbits/sec                  
[  5]   1.00-2.00   sec   139 KBytes  1.14 Mbits/sec                  
[  5]   2.00-3.00   sec   144 KBytes  1.18 Mbits/sec                  
[  5]   3.00-4.00   sec   141 KBytes  1.16 Mbits/sec                  
[  5]   4.00-5.00   sec   126 KBytes  1.03 Mbits/sec                  
[  5]   5.00-6.00   sec   123 KBytes  1.01 Mbits/sec                  
[  5]   6.00-7.00   sec   197 KBytes  1.61 Mbits/sec                  
[  5]   7.00-8.00   sec   158 KBytes  1.30 Mbits/sec                  
[  5]   8.00-9.00   sec   110 KBytes   904 Kbits/sec                  
[  5]   9.00-10.00  sec   163 KBytes  1.33 Mbits/sec                  
[  5]  10.00-11.00  sec   130 KBytes  1.07 Mbits/sec                  
[  5]  11.00-12.00  sec   161 KBytes  1.32 Mbits/sec                  
[  5]  12.00-13.00  sec  2.83 KBytes  23.2 Kbits/sec                  
[  5]  13.00-14.00  sec  0.00 Bytes  0.00 bits/sec                  
[  5]  14.00-15.00  sec  21.2 KBytes   174 Kbits/sec                  
[  5]  15.00-16.00  sec   373 KBytes  3.06 Mbits/sec                  
[  5]  16.00-17.00  sec   110 KBytes   904 Kbits/sec                  
[  5]  17.00-18.00  sec  72.1 KBytes   591 Kbits/sec                  
[  5]  18.00-19.00  sec  0.00 Bytes  0.00 bits/sec                  
[  5]  19.00-20.00  sec   612 KBytes  5.02 Mbits/sec                  
[  5]  20.00-21.00  sec   235 KBytes  1.92 Mbits/sec                  
[  5]  21.00-22.00  sec   136 KBytes  1.11 Mbits/sec                  
[  5]  22.00-23.00  sec   156 KBytes  1.27 Mbits/sec                  
[  5]  23.00-24.00  sec   267 KBytes  2.19 Mbits/sec                  
[  5]  24.00-25.00  sec  21.2 KBytes   174 Kbits/sec                  
[  5]  25.00-26.00  sec   274 KBytes  2.25 Mbits/sec                  
[  5]  26.00-27.00  sec  19.8 KBytes   162 Kbits/sec                  
[  5]  27.00-28.00  sec   280 KBytes  2.29 Mbits/sec                  
[  5]  28.00-29.00  sec  21.2 KBytes   174 Kbits/sec                  
[  5]  29.00-30.00  sec   206 KBytes  1.69 Mbits/sec                  
[  5]  30.00-31.00  sec   117 KBytes   961 Kbits/sec                  
[  5]  31.00-32.00  sec  7.07 KBytes  57.9 Kbits/sec                  
[  5]  32.00-33.00  sec   279 KBytes  2.28 Mbits/sec                  
[  5]  33.00-34.00  sec  0.00 Bytes  0.00 bits/sec                  
[  5]  34.00-35.00  sec   100 KBytes   823 Kbits/sec                  
[  5]  35.00-36.00  sec  19.8 KBytes   162 Kbits/sec                  
[  5]  36.00-37.00  sec  9.90 KBytes  81.1 Kbits/sec                  
[  5]  37.00-38.00  sec   455 KBytes  3.73 Mbits/sec                  
[  5]  38.00-39.00  sec  0.00 Bytes  0.00 bits/sec                  
[  5]  39.00-40.00  sec  1.41 KBytes  11.6 Kbits/sec                  
[  5]  40.00-41.00  sec  33.9 KBytes   278 Kbits/sec                  
[  5]  41.00-42.00  sec  0.00 Bytes  0.00 bits/sec                  
[  5]  42.00-43.00  sec  5.66 KBytes  46.4 Kbits/sec                  
[  5]  43.00-44.00  sec   568 KBytes  4.66 Mbits/sec                  
[  5]  44.00-45.00  sec   863 KBytes  7.06 Mbits/sec                  
[  5]  45.00-46.00  sec  43.8 KBytes   359 Kbits/sec                  
[  5]  46.00-47.00  sec   182 KBytes  1.49 Mbits/sec                  
[  5]  47.00-48.00  sec   195 KBytes  1.60 Mbits/sec                  
[  5]  48.00-48.01  sec  0.00 Bytes  0.00 bits/sec                  
- - - - - - - - - - - - - - - - - - - - - - - - -
[ ID] Interval           Transfer     Bandwidth
[  5]   0.00-48.01  sec  0.00 Bytes  0.00 bits/sec                  sender
[  5]   0.00-48.01  sec  7.26 MBytes  1.27 Mbits/sec                  receiver
