-----------------------------------------------------------
Server listening on 5203
-----------------------------------------------------------
Accepted connection from 10.0.0.1, port 51675
[  5] local 10.0.0.2 port 5203 connected to 10.0.0.1 port 46114
[ ID] Interval           Transfer     Bandwidth
[  5]   0.00-1.00   sec   318 KBytes  2.61 Mbits/sec                  
[  5]   1.00-2.00   sec   191 KBytes  1.56 Mbits/sec                  
[  5]   2.00-3.00   sec   185 KBytes  1.52 Mbits/sec                  
[  5]   3.00-4.00   sec   182 KBytes  1.49 Mbits/sec                  
[  5]   4.00-5.00   sec   167 KBytes  1.37 Mbits/sec                  
[  5]   5.00-6.00   sec   154 KBytes  1.26 Mbits/sec                  
[  5]   6.00-7.00   sec   187 KBytes  1.53 Mbits/sec                  
[  5]   7.00-8.00   sec   185 KBytes  1.52 Mbits/sec                  
[  5]   8.00-9.03   sec  82.0 KBytes   655 Kbits/sec                  
[  5]   9.03-10.00  sec   208 KBytes  1.75 Mbits/sec                  
[  5]  10.00-11.00  sec  60.8 KBytes   498 Kbits/sec                  
[  5]  11.00-12.00  sec   288 KBytes  2.36 Mbits/sec                  
[  5]  12.00-13.00  sec  21.2 KBytes   174 Kbits/sec                  
[  5]  13.00-14.00  sec  2.83 KBytes  23.2 Kbits/sec                  
[  5]  14.00-15.00  sec  0.00 Bytes  0.00 bits/sec                  
[  5]  15.00-16.00  sec  48.1 KBytes   394 Kbits/sec                  
[  5]  16.00-17.00  sec   201 KBytes  1.65 Mbits/sec                  
[  5]  17.00-18.00  sec  0.00 Bytes  0.00 bits/sec                  
[  5]  18.00-19.00  sec   308 KBytes  2.53 Mbits/sec                  
[  5]  19.00-20.00  sec  43.8 KBytes   359 Kbits/sec                  
[  5]  20.00-21.00  sec  53.7 KBytes   440 Kbits/sec                  
[  5]  21.00-22.00  sec   672 KBytes  5.50 Mbits/sec                  
[  5]  22.00-23.00  sec  84.8 KBytes   695 Kbits/sec                  
[  5]  23.00-24.00  sec   191 KBytes  1.56 Mbits/sec                  
[  5]  24.00-25.00  sec  94.7 KBytes   776 Kbits/sec                  
[  5]  25.00-26.00  sec   206 KBytes  1.69 Mbits/sec                  
[  5]  26.00-27.00  sec   103 KBytes   846 Kbits/sec                  
[  5]  27.00-28.00  sec   215 KBytes  1.76 Mbits/sec                  
[  5]  28.00-29.00  sec   106 KBytes   869 Kbits/sec                  
[  5]  29.00-30.00  sec   221 KBytes  1.81 Mbits/sec                  
[  5]  30.00-31.00  sec   110 KBytes   904 Kbits/sec                  
[  5]  31.00-32.00  sec   228 KBytes  1.86 Mbits/sec                  
[  5]  32.00-33.00  sec  69.3 KBytes   568 Kbits/sec                  
[  5]  33.00-34.00  sec   168 KBytes  1.38 Mbits/sec                  
[  5]  34.00-35.00  sec  0.00 Bytes  0.00 bits/sec                  
[  5]  35.00-36.00  sec  0.00 Bytes  0.00 bits/sec                  
[  5]  36.00-37.00  sec   144 KBytes  1.18 Mbits/sec                  
[  5]  37.00-38.00  sec   171 KBytes  1.40 Mbits/sec                  
[  5]  38.00-39.00  sec  0.00 Bytes  0.00 bits/sec                  
[  5]  39.00-40.00  sec   218 KBytes  1.78 Mbits/sec                  
[  5]  40.00-41.00  sec  53.7 KBytes   440 Kbits/sec                  
[  5]  41.00-42.00  sec  0.00 Bytes  0.00 bits/sec                  
[  5]  42.00-43.00  sec  4.24 KBytes  34.7 Kbits/sec                  
[  5]  43.00-44.00  sec  4.24 KBytes  34.8 Kbits/sec                  
[  5]  44.00-45.00  sec  39.6 KBytes   324 Kbits/sec                  
[  5]  45.00-46.00  sec   253 KBytes  2.07 Mbits/sec                  
[  5]  46.00-47.00  sec  0.00 Bytes  0.00 bits/sec                  
[  5]  47.00-48.00  sec   342 KBytes  2.80 Mbits/sec                  
[  5]  48.00-49.00  sec  1001 KBytes  8.20 Mbits/sec                  
[  5]  49.00-49.97  sec   178 KBytes  1.51 Mbits/sec                  
- - - - - - - - - - - - - - - - - - - - - - - - -
[ ID] Interval           Transfer     Bandwidth
[  5]   0.00-49.97  sec  0.00 Bytes  0.00 bits/sec                  sender
[  5]   0.00-49.97  sec  7.58 MBytes  1.27 Mbits/sec                  receiver
