-----------------------------------------------------------
Server listening on 5203
-----------------------------------------------------------
Accepted connection from 10.0.0.1, port 54813
[  5] local 10.0.0.2 port 5203 connected to 10.0.0.1 port 46114
[ ID] Interval           Transfer     Bandwidth
[  5]   0.00-1.00   sec   133 KBytes  1.09 Mbits/sec                  
[  5]   1.00-2.00   sec   147 KBytes  1.20 Mbits/sec                  
[  5]   2.00-3.00   sec   140 KBytes  1.15 Mbits/sec                  
[  5]   3.00-4.00   sec   143 KBytes  1.17 Mbits/sec                  
[  5]   4.00-5.00   sec   158 KBytes  1.30 Mbits/sec                  
[  5]   5.00-6.00   sec   148 KBytes  1.22 Mbits/sec                  
[  5]   6.00-7.00   sec   107 KBytes   880 Kbits/sec                  
[  5]   7.00-8.00   sec   140 KBytes  1.15 Mbits/sec                  
[  5]   8.00-9.00   sec   182 KBytes  1.49 Mbits/sec                  
[  5]   9.00-10.00  sec   151 KBytes  1.24 Mbits/sec                  
[  5]  10.00-11.00  sec   139 KBytes  1.14 Mbits/sec                  
[  5]  11.00-12.00  sec   211 KBytes  1.73 Mbits/sec                  
[  5]  12.00-13.00  sec  14.1 KBytes   116 Kbits/sec                  
[  5]  13.00-14.00  sec  0.00 Bytes  0.00 bits/sec                  
[  5]  14.00-15.00  sec  21.2 KBytes   174 Kbits/sec                  
[  5]  15.00-16.00  sec  0.00 Bytes  0.00 bits/sec                  
[  5]  16.00-17.00  sec   180 KBytes  1.47 Mbits/sec                  
[  5]  17.00-18.00  sec   342 KBytes  2.80 Mbits/sec                  
[  5]  18.00-19.00  sec  0.00 Bytes  0.00 bits/sec                  
[  5]  19.00-20.00  sec   601 KBytes  4.92 Mbits/sec                  
[  5]  20.00-21.00  sec  0.00 Bytes  0.00 bits/sec                  
[  5]  21.00-22.00  sec  1.41 KBytes  11.6 Kbits/sec                  
[  5]  22.00-23.00  sec   542 KBytes  4.44 Mbits/sec                  
[  5]  23.00-24.00  sec  82.0 KBytes   672 Kbits/sec                  
[  5]  24.00-25.00  sec   181 KBytes  1.48 Mbits/sec                  
[  5]  25.00-26.00  sec  99.0 KBytes   811 Kbits/sec                  
[  5]  26.00-27.00  sec   122 KBytes   996 Kbits/sec                  
[  5]  27.00-28.00  sec   126 KBytes  1.03 Mbits/sec                  
[  5]  28.00-29.00  sec  93.3 KBytes   765 Kbits/sec                  
[  5]  29.00-30.00  sec   150 KBytes  1.23 Mbits/sec                  
[  5]  30.00-31.00  sec  84.8 KBytes   695 Kbits/sec                  
[  5]  31.00-32.00  sec   146 KBytes  1.19 Mbits/sec                  
[  5]  32.00-33.00  sec  90.5 KBytes   741 Kbits/sec                  
[  5]  33.00-34.00  sec   165 KBytes  1.36 Mbits/sec                  
[  5]  34.00-35.00  sec  91.9 KBytes   753 Kbits/sec                  
[  5]  35.00-36.00  sec  24.0 KBytes   197 Kbits/sec                  
[  5]  36.00-37.00  sec  0.00 Bytes  0.00 bits/sec                  
[  5]  37.00-38.00  sec  0.00 Bytes  0.00 bits/sec                  
[  5]  38.00-39.00  sec  48.1 KBytes   394 Kbits/sec                  
[  5]  39.00-40.00  sec   130 KBytes  1.07 Mbits/sec                  
[  5]  40.00-41.00  sec  0.00 Bytes  0.00 bits/sec                  
[  5]  41.00-42.00  sec   206 KBytes  1.69 Mbits/sec                  
[  5]  42.00-43.00  sec  63.6 KBytes   521 Kbits/sec                  
[  5]  43.00-44.00  sec  55.1 KBytes   452 Kbits/sec                  
[  5]  44.00-45.00  sec   206 KBytes  1.69 Mbits/sec                  
[  5]  45.00-46.00  sec  1.41 KBytes  11.6 Kbits/sec                  
[  5]  46.00-47.00  sec   728 KBytes  5.97 Mbits/sec                  
[  5]  47.00-48.00  sec   156 KBytes  1.27 Mbits/sec                  
[  5]  48.00-49.00  sec   134 KBytes  1.10 Mbits/sec                  
[  5]  49.00-50.00  sec   151 KBytes  1.24 Mbits/sec                  
[  5]  50.00-51.00  sec   158 KBytes  1.30 Mbits/sec                  
[  5]  51.00-52.00  sec   307 KBytes  2.51 Mbits/sec                  
[  5]  52.00-52.37  sec   245 KBytes  5.42 Mbits/sec                  
- - - - - - - - - - - - - - - - - - - - - - - - -
[ ID] Interval           Transfer     Bandwidth
[  5]   0.00-52.37  sec  0.00 Bytes  0.00 bits/sec                  sender
[  5]   0.00-52.37  sec  7.37 MBytes  1.18 Mbits/sec                  receiver
