-----------------------------------------------------------
Server listening on 5207
-----------------------------------------------------------
Accepted connection from 10.0.0.1, port 33754
[  5] local 10.0.0.2 port 5207 connected to 10.0.0.1 port 46122
[ ID] Interval           Transfer     Bandwidth
[  5]   0.00-1.01   sec  0.00 Bytes  0.00 bits/sec                  
[  5]   1.01-2.00   sec  14.1 KBytes   117 Kbits/sec                  
[  5]   2.00-3.00   sec  28.3 KBytes   231 Kbits/sec                  
[  5]   3.00-4.00   sec  43.8 KBytes   359 Kbits/sec                  
[  5]   4.00-5.00   sec  0.00 Bytes  0.00 bits/sec                  
[  5]   5.00-6.00   sec  45.2 KBytes   371 Kbits/sec                  
[  5]   6.00-7.00   sec  19.8 KBytes   162 Kbits/sec                  
[  5]   7.00-8.00   sec  0.00 Bytes  0.00 bits/sec                  
[  5]   8.00-9.00   sec  31.1 KBytes   255 Kbits/sec                  
[  5]   9.00-10.00  sec  18.4 KBytes   151 Kbits/sec                  
[  5]  10.00-11.00  sec  0.00 Bytes  0.00 bits/sec                  
[  5]  11.00-12.00  sec  33.9 KBytes   278 Kbits/sec                  
[  5]  12.00-13.00  sec  0.00 Bytes  0.00 bits/sec                  
[  5]  13.00-14.00  sec  5.66 KBytes  46.4 Kbits/sec                  
[  5]  14.00-15.00  sec  25.5 KBytes   208 Kbits/sec                  
[  5]  15.00-16.00  sec  41.0 KBytes   336 Kbits/sec                  
[  5]  16.00-17.00  sec  29.7 KBytes   243 Kbits/sec                  
[  5]  17.00-18.00  sec  32.5 KBytes   266 Kbits/sec                  
[  5]  18.00-19.00  sec  46.7 KBytes   382 Kbits/sec                  
[  5]  19.00-20.00  sec  77.8 KBytes   638 Kbits/sec                  
[  5]  20.00-21.00  sec  63.6 KBytes   521 Kbits/sec                  
[  5]  21.00-22.00  sec   139 KBytes  1.13 Mbits/sec                  
[  5]  22.00-23.00  sec   140 KBytes  1.15 Mbits/sec                  
[  5]  23.00-24.00  sec  89.1 KBytes   730 Kbits/sec                  
[  5]  24.00-25.00  sec   188 KBytes  1.54 Mbits/sec                  
[  5]  25.00-26.00  sec  1.41 KBytes  11.6 Kbits/sec                  
[  5]  26.00-27.00  sec   246 KBytes  2.02 Mbits/sec                  
[  5]  27.00-28.00  sec   300 KBytes  2.45 Mbits/sec                  
[  5]  28.00-29.00  sec   175 KBytes  1.44 Mbits/sec                  
[  5]  29.00-30.00  sec   117 KBytes   963 Kbits/sec                  
[  5]  30.00-31.00  sec   239 KBytes  1.96 Mbits/sec                  
[  5]  31.00-32.00  sec  2.83 KBytes  23.2 Kbits/sec                  
[  5]  32.00-33.00  sec  65.0 KBytes   533 Kbits/sec                  
[  5]  33.00-34.00  sec   464 KBytes  3.80 Mbits/sec                  
[  5]  34.00-35.00  sec   202 KBytes  1.66 Mbits/sec                  
[  5]  35.00-36.00  sec   167 KBytes  1.37 Mbits/sec                  
[  5]  36.00-37.00  sec   165 KBytes  1.35 Mbits/sec                  
[  5]  37.00-38.00  sec   198 KBytes  1.62 Mbits/sec                  
[  5]  38.00-39.00  sec   236 KBytes  1.93 Mbits/sec                  
[  5]  39.00-40.00  sec   160 KBytes  1.31 Mbits/sec                  
[  5]  40.00-41.00  sec   154 KBytes  1.26 Mbits/sec                  
[  5]  41.00-42.00  sec   230 KBytes  1.89 Mbits/sec                  
[  5]  42.00-43.00  sec   122 KBytes   996 Kbits/sec                  
[  5]  43.00-44.00  sec   181 KBytes  1.48 Mbits/sec                  
[  5]  44.00-45.00  sec  0.00 Bytes  0.00 bits/sec                  
[  5]  45.00-46.00  sec   315 KBytes  2.58 Mbits/sec                  
[  5]  46.00-47.00  sec  22.6 KBytes   185 Kbits/sec                  
[  5]  47.00-48.00  sec   465 KBytes  3.81 Mbits/sec                  
[  5]  48.00-49.00  sec   189 KBytes  1.55 Mbits/sec                  
[  5]  49.00-50.00  sec   221 KBytes  1.81 Mbits/sec                  
[  5]  50.00-51.00  sec   225 KBytes  1.84 Mbits/sec                  
[  5]  51.00-52.00  sec   328 KBytes  2.68 Mbits/sec                  
[  5]  52.00-53.00  sec   298 KBytes  2.45 Mbits/sec                  
[  5]  53.00-54.00  sec   314 KBytes  2.57 Mbits/sec                  
[  5]  54.00-55.00  sec   301 KBytes  2.47 Mbits/sec                  
[  5]  55.00-56.00  sec   283 KBytes  2.32 Mbits/sec                  
[  5]  56.00-57.00  sec   208 KBytes  1.70 Mbits/sec                  
[  5]  57.00-58.00  sec   339 KBytes  2.78 Mbits/sec                  
[  5]  58.00-59.01  sec   318 KBytes  2.57 Mbits/sec                  
[  5]  59.01-59.55  sec  80.6 KBytes  1.23 Mbits/sec                  
- - - - - - - - - - - - - - - - - - - - - - - - -
[ ID] Interval           Transfer     Bandwidth
[  5]   0.00-59.55  sec  0.00 Bytes  0.00 bits/sec                  sender
[  5]   0.00-59.55  sec  8.25 MBytes  1.16 Mbits/sec                  receiver
