-----------------------------------------------------------
Server listening on 5201
-----------------------------------------------------------
Accepted connection from 10.0.0.1, port 33458
[  5] local 10.0.0.2 port 5201 connected to 10.0.0.1 port 46110
[ ID] Interval           Transfer     Bandwidth
[  5]   0.00-1.00   sec   385 KBytes  3.15 Mbits/sec                  
[  5]   1.00-2.01   sec   461 KBytes  3.76 Mbits/sec                  
[  5]   2.01-3.00   sec   556 KBytes  4.57 Mbits/sec                  
[  5]   3.00-4.00   sec   413 KBytes  3.39 Mbits/sec                  
[  5]   4.00-5.00   sec   273 KBytes  2.24 Mbits/sec                  
[  5]   5.00-6.00   sec   219 KBytes  1.80 Mbits/sec                  
[  5]   6.00-7.00   sec   184 KBytes  1.51 Mbits/sec                  
[  5]   7.00-8.00   sec   242 KBytes  1.98 Mbits/sec                  
[  5]   8.00-9.00   sec   173 KBytes  1.41 Mbits/sec                  
[  5]   9.00-10.00  sec   212 KBytes  1.74 Mbits/sec                  
[  5]  10.00-11.00  sec  0.00 Bytes  0.00 bits/sec                  
[  5]  11.00-12.00  sec  0.00 Bytes  0.00 bits/sec                  
[  5]  12.00-13.00  sec  7.07 KBytes  57.9 Kbits/sec                  
[  5]  13.00-14.00  sec  0.00 Bytes  0.00 bits/sec                  
[  5]  14.00-15.00  sec  0.00 Bytes  0.00 bits/sec                  
[  5]  15.00-16.00  sec  1.41 KBytes  11.6 Kbits/sec                  
[  5]  16.00-17.00  sec  2.83 KBytes  23.2 Kbits/sec                  
[  5]  17.00-18.00  sec  0.00 Bytes  0.00 bits/sec                  
[  5]  18.00-19.00  sec  48.1 KBytes   394 Kbits/sec                  
[  5]  19.00-20.00  sec   643 KBytes  5.27 Mbits/sec                  
[  5]  20.00-21.00  sec  0.00 Bytes  0.00 bits/sec                  
[  5]  21.00-22.00  sec   387 KBytes  3.17 Mbits/sec                  
[  5]  22.00-23.00  sec  77.8 KBytes   637 Kbits/sec                  
[  5]  23.00-24.00  sec   311 KBytes  2.55 Mbits/sec                  
[  5]  24.00-25.00  sec  0.00 Bytes  0.00 bits/sec                  
[  5]  25.00-26.00  sec   256 KBytes  2.10 Mbits/sec                  
[  5]  26.00-27.00  sec  0.00 Bytes  0.00 bits/sec                  
[  5]  27.00-28.00  sec  4.24 KBytes  34.8 Kbits/sec                  
[  5]  28.00-29.00  sec   894 KBytes  7.32 Mbits/sec                  
[  5]  29.00-30.00  sec   571 KBytes  4.68 Mbits/sec                  
[  5]  30.00-31.00  sec   403 KBytes  3.30 Mbits/sec                  
[  5]  31.00-32.00  sec   426 KBytes  3.49 Mbits/sec                  
[  5]  32.00-33.00  sec   440 KBytes  3.60 Mbits/sec                  
[  5]  33.00-34.00  sec   448 KBytes  3.67 Mbits/sec                  
[  5]  34.00-35.00  sec   211 KBytes  1.73 Mbits/sec                  
[  5]  35.00-35.37  sec  7.07 KBytes   156 Kbits/sec                  
- - - - - - - - - - - - - - - - - - - - - - - - -
[ ID] Interval           Transfer     Bandwidth
[  5]   0.00-35.37  sec  0.00 Bytes  0.00 bits/sec                  sender
[  5]   0.00-35.37  sec  8.06 MBytes  1.91 Mbits/sec                  receiver
