-----------------------------------------------------------
Server listening on 5201
-----------------------------------------------------------
Accepted connection from 10.0.0.1, port 60229
[  5] local 10.0.0.2 port 5201 connected to 10.0.0.1 port 46110
[ ID] Interval           Transfer     Bandwidth
[  5]   0.00-1.00   sec   935 KBytes  7.65 Mbits/sec                  
[  5]   1.00-2.00   sec   745 KBytes  6.11 Mbits/sec                  
[  5]   2.00-3.00   sec   755 KBytes  6.18 Mbits/sec                  
[  5]   3.00-4.00   sec   724 KBytes  5.93 Mbits/sec                  
[  5]   4.00-5.00   sec   758 KBytes  6.21 Mbits/sec                  
[  5]   5.00-6.00   sec   761 KBytes  6.23 Mbits/sec                  
[  5]   6.00-7.00   sec   710 KBytes  5.82 Mbits/sec                  
[  5]   7.00-8.00   sec   776 KBytes  6.36 Mbits/sec                  
[  5]   8.00-9.00   sec   697 KBytes  5.71 Mbits/sec                  
[  5]   9.00-10.00  sec   573 KBytes  4.69 Mbits/sec                  
[  5]  10.00-11.00  sec   691 KBytes  5.67 Mbits/sec                  
[  5]  11.00-12.00  sec   604 KBytes  4.94 Mbits/sec                  
[  5]  12.00-13.00  sec   592 KBytes  4.86 Mbits/sec                  
[  5]  13.00-14.00  sec   239 KBytes  1.96 Mbits/sec                  
[  5]  14.00-15.00  sec   256 KBytes  2.10 Mbits/sec                  
[  5]  15.00-16.00  sec  1.23 MBytes  10.3 Mbits/sec                  
[  5]  16.00-17.00  sec   536 KBytes  4.39 Mbits/sec                  
[  5]  17.00-18.00  sec   533 KBytes  4.37 Mbits/sec                  
[  5]  18.00-19.00  sec   666 KBytes  5.45 Mbits/sec                  
[  5]  19.00-20.00  sec   392 KBytes  3.21 Mbits/sec                  
[  5]  20.00-21.00  sec  0.00 Bytes  0.00 bits/sec                  
[  5]  21.00-22.00  sec   703 KBytes  5.76 Mbits/sec                  
[  5]  22.00-23.00  sec  1.08 MBytes  9.08 Mbits/sec                  
[  5]  23.00-24.00  sec   578 KBytes  4.74 Mbits/sec                  
[  5]  24.00-25.00  sec   539 KBytes  4.41 Mbits/sec                  
[  5]  25.00-26.00  sec   520 KBytes  4.26 Mbits/sec                  
[  5]  26.00-27.00  sec   508 KBytes  4.16 Mbits/sec                  
[  5]  27.00-28.00  sec   499 KBytes  4.09 Mbits/sec                  
[  5]  28.00-29.00  sec   520 KBytes  4.26 Mbits/sec                  
[  5]  29.00-30.00  sec   622 KBytes  5.09 Mbits/sec                  
[  5]  30.00-31.00  sec   632 KBytes  5.18 Mbits/sec                  
[  5]  31.00-32.00  sec   636 KBytes  5.21 Mbits/sec                  
[  5]  32.00-33.00  sec   643 KBytes  5.27 Mbits/sec                  
[  5]  33.00-34.00  sec   414 KBytes  3.39 Mbits/sec                  
[  5]  34.00-35.00  sec   365 KBytes  2.99 Mbits/sec                  
[  5]  35.00-36.00  sec   653 KBytes  5.35 Mbits/sec                  
[  5]  36.00-37.00  sec  7.07 KBytes  57.9 Kbits/sec                  
[  5]  37.00-38.00  sec   650 KBytes  5.33 Mbits/sec                  
[  5]  38.00-39.00  sec   984 KBytes  8.06 Mbits/sec                  
[  5]  39.00-40.00  sec   457 KBytes  3.74 Mbits/sec                  
[  5]  40.00-41.00  sec   428 KBytes  3.51 Mbits/sec                  
[  5]  41.00-42.00  sec   690 KBytes  5.65 Mbits/sec                  
[  5]  42.00-43.00  sec   594 KBytes  4.87 Mbits/sec                  
[  5]  43.00-44.00  sec   284 KBytes  2.33 Mbits/sec                  
[  5]  44.00-45.00  sec   679 KBytes  5.56 Mbits/sec                  
[  5]  45.00-46.00  sec   631 KBytes  5.17 Mbits/sec                  
[  5]  46.00-47.00  sec   238 KBytes  1.95 Mbits/sec                  
[  5]  47.00-48.00  sec   755 KBytes  6.18 Mbits/sec                  
[  5]  48.00-49.00  sec   509 KBytes  4.17 Mbits/sec                  
[  5]  49.00-50.00  sec   339 KBytes  2.78 Mbits/sec                  
[  5]  50.00-51.00  sec   809 KBytes  6.62 Mbits/sec                  
[  5]  51.00-52.00  sec   325 KBytes  2.67 Mbits/sec                  
[  5]  52.00-53.00  sec   580 KBytes  4.75 Mbits/sec                  
[  5]  53.00-54.00  sec   214 KBytes  1.75 Mbits/sec                  
[  5]  54.00-55.00  sec  0.00 Bytes  0.00 bits/sec                  
[  5]  55.00-56.00  sec  0.00 Bytes  0.00 bits/sec                  
[  5]  56.00-57.00  sec  0.00 Bytes  0.00 bits/sec                  
[  5]  57.00-58.00  sec  0.00 Bytes  0.00 bits/sec                  
[  5]  58.00-59.00  sec   313 KBytes  2.56 Mbits/sec                  
[  5]  59.00-60.00  sec  2.69 MBytes  22.6 Mbits/sec                  
[  5]  60.00-61.00  sec   725 KBytes  5.95 Mbits/sec                  
[  5]  61.00-62.00  sec   230 KBytes  1.89 Mbits/sec                  
[  5]  62.00-63.00  sec   716 KBytes  5.86 Mbits/sec                  
[  5]  63.00-64.00  sec   533 KBytes  4.37 Mbits/sec                  
[  5]  64.00-65.00  sec   366 KBytes  3.00 Mbits/sec                  
[  5]  65.00-66.00  sec   819 KBytes  6.71 Mbits/sec                  
[  5]  66.00-67.00  sec   132 KBytes  1.08 Mbits/sec                  
[  5]  67.00-68.00  sec   984 KBytes  8.06 Mbits/sec                  
[  5]  68.00-69.00  sec   218 KBytes  1.78 Mbits/sec                  
[  5]  69.00-70.00  sec   885 KBytes  7.25 Mbits/sec                  
[  5]  70.00-71.00  sec   310 KBytes  2.54 Mbits/sec                  
[  5]  71.00-72.00  sec  1.01 MBytes  8.48 Mbits/sec                  
[  5]  72.00-73.00  sec   130 KBytes  1.07 Mbits/sec                  
[  5]  73.00-74.00  sec  1.10 MBytes  9.22 Mbits/sec                  
[  5]  74.00-75.00  sec   505 KBytes  4.13 Mbits/sec                  
[  5]  75.00-76.00  sec  0.00 Bytes  0.00 bits/sec                  
[  5]  76.00-77.00  sec  0.00 Bytes  0.00 bits/sec                  
[  5]  77.00-78.00  sec  0.00 Bytes  0.00 bits/sec                  
[  5]  78.00-78.77  sec  1.41 KBytes  15.1 Kbits/sec                  
- - - - - - - - - - - - - - - - - - - - - - - - -
[ ID] Interval           Transfer     Bandwidth
[  5]   0.00-78.77  sec  0.00 Bytes  0.00 bits/sec                  sender
[  5]   0.00-78.77  sec  42.1 MBytes  4.48 Mbits/sec                  receiver
