-----------------------------------------------------------
Server listening on 5201
-----------------------------------------------------------
Accepted connection from 10.0.0.1, port 60454
[  5] local 10.0.0.2 port 5201 connected to 10.0.0.1 port 46110
[ ID] Interval           Transfer     Bandwidth
[  5]   0.00-1.00   sec   428 KBytes  3.51 Mbits/sec                  
[  5]   1.00-2.01   sec   434 KBytes  3.52 Mbits/sec                  
[  5]   2.01-3.01   sec   515 KBytes  4.21 Mbits/sec                  
[  5]   3.01-4.00   sec   420 KBytes  3.48 Mbits/sec                  
[  5]   4.00-5.00   sec   450 KBytes  3.68 Mbits/sec                  
[  5]   5.00-6.00   sec   403 KBytes  3.30 Mbits/sec                  
[  5]   6.00-7.00   sec   390 KBytes  3.20 Mbits/sec                  
[  5]   7.00-8.00   sec   263 KBytes  2.15 Mbits/sec                  
[  5]   8.00-9.00   sec   328 KBytes  2.69 Mbits/sec                  
[  5]   9.00-10.00  sec   188 KBytes  1.54 Mbits/sec                  
[  5]  10.00-11.00  sec   113 KBytes   926 Kbits/sec                  
[  5]  11.00-12.00  sec   286 KBytes  2.34 Mbits/sec                  
[  5]  12.00-13.00  sec   148 KBytes  1.22 Mbits/sec                  
[  5]  13.00-14.00  sec   245 KBytes  2.00 Mbits/sec                  
[  5]  14.00-15.00  sec  8.48 KBytes  69.5 Kbits/sec                  
[  5]  15.00-16.00  sec  0.00 Bytes  0.00 bits/sec                  
[  5]  16.00-17.00  sec   318 KBytes  2.61 Mbits/sec                  
[  5]  17.00-18.00  sec   182 KBytes  1.49 Mbits/sec                  
[  5]  18.00-19.00  sec   160 KBytes  1.31 Mbits/sec                  
[  5]  19.00-20.00  sec  29.7 KBytes   243 Kbits/sec                  
[  5]  20.00-21.00  sec  29.7 KBytes   244 Kbits/sec                  
[  5]  21.00-22.01  sec   419 KBytes  3.40 Mbits/sec                  
[  5]  22.01-23.00  sec   170 KBytes  1.40 Mbits/sec                  
[  5]  23.00-24.00  sec   143 KBytes  1.17 Mbits/sec                  
[  5]  24.00-25.02  sec   181 KBytes  1.46 Mbits/sec                  
[  5]  25.02-26.00  sec   192 KBytes  1.60 Mbits/sec                  
[  5]  26.00-27.00  sec   198 KBytes  1.62 Mbits/sec                  
[  5]  27.00-28.00  sec   402 KBytes  3.29 Mbits/sec                  
[  5]  28.00-29.01  sec   416 KBytes  3.39 Mbits/sec                  
[  5]  29.01-30.00  sec   346 KBytes  2.84 Mbits/sec                  
[  5]  30.00-31.00  sec   407 KBytes  3.34 Mbits/sec                  
[  5]  31.00-32.00  sec   489 KBytes  4.01 Mbits/sec                  
[  5]  32.00-32.81  sec   368 KBytes  3.74 Mbits/sec                  
- - - - - - - - - - - - - - - - - - - - - - - - -
[ ID] Interval           Transfer     Bandwidth
[  5]   0.00-32.81  sec  0.00 Bytes  0.00 bits/sec                  sender
[  5]   0.00-32.81  sec  8.86 MBytes  2.26 Mbits/sec                  receiver
