-----------------------------------------------------------
Server listening on 5202
-----------------------------------------------------------
Accepted connection from 10.0.0.1, port 57983
[  5] local 10.0.0.2 port 5202 connected to 10.0.0.1 port 46112
[ ID] Interval           Transfer     Bandwidth
[  5]   0.00-1.00   sec   378 KBytes  3.09 Mbits/sec                  
[  5]   1.00-2.00   sec   399 KBytes  3.27 Mbits/sec                  
[  5]   2.00-3.00   sec   419 KBytes  3.43 Mbits/sec                  
[  5]   3.00-4.00   sec   426 KBytes  3.49 Mbits/sec                  
[  5]   4.00-5.00   sec   402 KBytes  3.29 Mbits/sec                  
[  5]   5.00-6.00   sec   434 KBytes  3.56 Mbits/sec                  
[  5]   6.00-7.00   sec   423 KBytes  3.46 Mbits/sec                  
[  5]   7.00-8.00   sec   498 KBytes  4.08 Mbits/sec                  
[  5]   8.00-9.00   sec   413 KBytes  3.38 Mbits/sec                  
[  5]   9.00-10.00  sec   614 KBytes  5.03 Mbits/sec                  
[  5]  10.00-11.00  sec   505 KBytes  4.14 Mbits/sec                  
[  5]  11.00-12.00  sec   971 KBytes  7.95 Mbits/sec                  
[  5]  12.00-12.72  sec   830 KBytes  9.43 Mbits/sec                  
- - - - - - - - - - - - - - - - - - - - - - - - -
[ ID] Interval           Transfer     Bandwidth
[  5]   0.00-12.72  sec  0.00 Bytes  0.00 bits/sec                  sender
[  5]   0.00-12.72  sec  6.55 MBytes  4.32 Mbits/sec                  receiver
