Connecting to host 10.0.0.2, port 5202
[  4] local 10.0.0.1 port 46112 connected to 10.0.0.2 port 5202
[ ID] Interval           Transfer     Bandwidth       Retr  Cwnd
[  4]   0.00-1.00   sec   395 KBytes  3.23 Mbits/sec    0   46.7 KBytes       
[  4]   1.00-2.00   sec   318 KBytes  2.61 Mbits/sec    0   59.4 KBytes       
[  4]   2.00-3.00   sec   255 KBytes  2.09 Mbits/sec    0   67.9 KBytes       
[  4]   3.00-4.00   sec   191 KBytes  1.56 Mbits/sec    0   76.4 KBytes       
[  4]   4.00-5.00   sec   255 KBytes  2.09 Mbits/sec    0   89.1 KBytes       
[  4]   5.00-6.00   sec   382 KBytes  3.13 Mbits/sec    0    124 KBytes       
[  4]   6.00-7.00   sec   445 KBytes  3.65 Mbits/sec    0    168 KBytes       
[  4]   7.00-8.00   sec   764 KBytes  6.25 Mbits/sec    0    253 KBytes       
[  4]   8.00-9.00   sec   764 KBytes  6.26 Mbits/sec    0    341 KBytes       
[  4]   9.00-10.01  sec   318 KBytes  2.59 Mbits/sec    0    378 KBytes       
[  4]  10.01-11.00  sec  1.06 MBytes  8.93 Mbits/sec    0    519 KBytes       
[  4]  11.00-12.05  sec  63.6 KBytes   497 Kbits/sec    4    414 KBytes       
[  4]  12.05-13.00  sec   445 KBytes  3.83 Mbits/sec   12    376 KBytes       
[  4]  13.00-14.00  sec   827 KBytes  6.76 Mbits/sec    0    400 KBytes       
[  4]  14.00-15.01  sec   445 KBytes  3.64 Mbits/sec    0    440 KBytes       
[  4]  15.01-16.00  sec   382 KBytes  3.14 Mbits/sec    0    475 KBytes       
[  4]  16.00-17.00  sec   509 KBytes  4.17 Mbits/sec    0    502 KBytes       
[  4]  17.00-18.00  sec   445 KBytes  3.65 Mbits/sec    0    520 KBytes       
[  4]  18.00-19.00  sec   509 KBytes  4.17 Mbits/sec    0    532 KBytes       
[  4]  19.00-20.00  sec   509 KBytes  4.17 Mbits/sec    0    535 KBytes       
[  4]  20.00-21.00  sec   509 KBytes  4.17 Mbits/sec    0    536 KBytes       
[  4]  21.00-22.00  sec   318 KBytes  2.60 Mbits/sec    0    539 KBytes       
[  4]  22.00-23.00  sec   382 KBytes  3.13 Mbits/sec    0    543 KBytes       
[  4]  23.00-23.00  sec  0.00 Bytes  0.00 bits/sec    0    543 KBytes       
- - - - - - - - - - - - - - - - - - - - - - - - -
[ ID] Interval           Transfer     Bandwidth       Retr
[  4]   0.00-23.00  sec  10.3 MBytes  3.74 Mbits/sec   16             sender
[  4]   0.00-23.00  sec  7.81 MBytes  2.85 Mbits/sec                  receiver

iperf Done.
