Connecting to host 10.0.0.2, port 5202
[  4] local 10.0.0.1 port 46112 connected to 10.0.0.2 port 5202
[ ID] Interval           Transfer     Bandwidth       Retr  Cwnd
[  4]   0.00-1.00   sec   724 KBytes  5.92 Mbits/sec    0   79.2 KBytes       
[  4]   1.00-2.01   sec   382 KBytes  3.11 Mbits/sec    0   94.7 KBytes       
[  4]   2.01-3.00   sec   318 KBytes  2.63 Mbits/sec    0    106 KBytes       
[  4]   3.00-4.00   sec   191 KBytes  1.56 Mbits/sec    0    115 KBytes       
[  4]   4.00-5.00   sec   191 KBytes  1.56 Mbits/sec    0    122 KBytes       
[  4]   5.00-6.00   sec   191 KBytes  1.56 Mbits/sec    0    144 KBytes       
[  4]   6.00-7.00   sec   382 KBytes  3.13 Mbits/sec    0    184 KBytes       
[  4]   7.00-8.00   sec   127 KBytes  1.04 Mbits/sec    7    187 KBytes       
[  4]   8.00-9.00   sec  0.00 Bytes  0.00 bits/sec   31    144 KBytes       
[  4]   9.00-10.00  sec  63.6 KBytes   521 Kbits/sec   13    136 KBytes       
[  4]  10.00-11.00  sec   700 KBytes  5.74 Mbits/sec    0    163 KBytes       
[  4]  11.00-12.00  sec   700 KBytes  5.73 Mbits/sec    0    187 KBytes       
[  4]  12.00-13.00  sec   509 KBytes  4.18 Mbits/sec    0    198 KBytes       
[  4]  13.00-14.00  sec   191 KBytes  1.56 Mbits/sec    0    202 KBytes       
[  4]  14.00-15.00  sec   445 KBytes  3.65 Mbits/sec    0    206 KBytes       
[  4]  15.00-16.00  sec   382 KBytes  3.12 Mbits/sec    0    206 KBytes       
[  4]  16.00-17.00  sec   191 KBytes  1.57 Mbits/sec    0    208 KBytes       
[  4]  17.00-18.00  sec   127 KBytes  1.04 Mbits/sec    0    212 KBytes       
[  4]  18.00-19.00  sec   191 KBytes  1.56 Mbits/sec    0    219 KBytes       
[  4]  19.00-20.00  sec  0.00 Bytes  0.00 bits/sec   36    153 KBytes       
[  4]  20.00-21.00  sec   191 KBytes  1.56 Mbits/sec    2    153 KBytes       
[  4]  21.00-22.00  sec   127 KBytes  1.04 Mbits/sec   10    106 KBytes       
[  4]  22.00-23.00  sec  0.00 Bytes  0.00 bits/sec    8    106 KBytes       
[  4]  23.00-24.00  sec  0.00 Bytes  0.00 bits/sec    2    106 KBytes       
[  4]  24.00-25.00  sec   509 KBytes  4.17 Mbits/sec    0    113 KBytes       
[  4]  25.00-26.00  sec   318 KBytes  2.61 Mbits/sec    0    123 KBytes       
[  4]  26.00-27.00  sec   127 KBytes  1.04 Mbits/sec    0    127 KBytes       
[  4]  27.00-28.00  sec   509 KBytes  4.17 Mbits/sec    0    129 KBytes       
[  4]  28.00-29.00  sec   509 KBytes  4.17 Mbits/sec    0    129 KBytes       
[  4]  29.00-30.00  sec   573 KBytes  4.69 Mbits/sec    0    134 KBytes       
[  4]  30.00-31.00  sec   382 KBytes  3.13 Mbits/sec    0    144 KBytes       
[  4]  31.00-32.00  sec   382 KBytes  3.13 Mbits/sec    0    163 KBytes       
[  4]  32.00-33.00  sec   318 KBytes  2.60 Mbits/sec    0    194 KBytes       
[  4]  33.00-34.00  sec   382 KBytes  3.13 Mbits/sec    0    236 KBytes       
[  4]  34.00-34.00  sec  0.00 Bytes  0.00 bits/sec    0    236 KBytes       
- - - - - - - - - - - - - - - - - - - - - - - - -
[ ID] Interval           Transfer     Bandwidth       Retr
[  4]   0.00-34.00  sec  10.1 MBytes  2.49 Mbits/sec  109             sender
[  4]   0.00-34.00  sec  9.05 MBytes  2.23 Mbits/sec                  receiver

iperf Done.
