Connecting to host 10.0.0.2, port 5201
[  4] local 10.0.0.1 port 46110 connected to 10.0.0.2 port 5201
[ ID] Interval           Transfer     Bandwidth       Retr  Cwnd
[  4]   0.00-1.00   sec  1.08 MBytes  9.09 Mbits/sec    0   83.4 KBytes       
[  4]   1.00-2.00   sec   827 KBytes  6.78 Mbits/sec    0    116 KBytes       
[  4]   2.00-3.00   sec   700 KBytes  5.73 Mbits/sec    0    144 KBytes       
[  4]   3.00-4.00   sec   764 KBytes  6.25 Mbits/sec    0    174 KBytes       
[  4]   4.00-5.00   sec   764 KBytes  6.26 Mbits/sec    0    205 KBytes       
[  4]   5.00-6.00   sec   764 KBytes  6.26 Mbits/sec    0    233 KBytes       
[  4]   6.00-7.00   sec   891 KBytes  7.30 Mbits/sec    0    269 KBytes       
[  4]   7.00-8.00   sec   764 KBytes  6.26 Mbits/sec    0    304 KBytes       
[  4]   8.00-9.00   sec  1.12 MBytes  9.38 Mbits/sec    0    397 KBytes       
[  4]   9.00-10.00  sec  1.12 MBytes  9.39 Mbits/sec    0    510 KBytes       
[  4]  10.00-11.00  sec  1.49 MBytes  12.5 Mbits/sec    0    662 KBytes       
[  4]  11.00-11.00  sec  0.00 Bytes  0.00 bits/sec    0    662 KBytes       
- - - - - - - - - - - - - - - - - - - - - - - - -
[ ID] Interval           Transfer     Bandwidth       Retr
[  4]   0.00-11.00  sec  10.2 MBytes  7.75 Mbits/sec    0             sender
[  4]   0.00-11.00  sec  7.19 MBytes  5.49 Mbits/sec                  receiver

iperf Done.
