-----------------------------------------------------------
Server listening on 5201
-----------------------------------------------------------
Accepted connection from 10.0.0.1, port 56378
[  5] local 10.0.0.2 port 5201 connected to 10.0.0.1 port 46110
[ ID] Interval           Transfer     Bandwidth
[  5]   0.00-1.00   sec   908 KBytes  7.44 Mbits/sec                  
[  5]   1.00-2.00   sec   819 KBytes  6.71 Mbits/sec                  
[  5]   2.00-3.00   sec   800 KBytes  6.56 Mbits/sec                  
[  5]   3.00-4.00   sec   834 KBytes  6.83 Mbits/sec                  
[  5]   4.00-5.00   sec   820 KBytes  6.72 Mbits/sec                  
[  5]   5.00-6.00   sec   796 KBytes  6.52 Mbits/sec                  
[  5]   6.00-7.00   sec   799 KBytes  6.54 Mbits/sec                  
[  5]   7.00-8.00   sec   806 KBytes  6.60 Mbits/sec                  
[  5]   8.00-9.00   sec   677 KBytes  5.55 Mbits/sec                  
[  5]   9.00-10.00  sec   581 KBytes  4.76 Mbits/sec                  
[  5]  10.00-10.57  sec   445 KBytes  6.45 Mbits/sec                  
- - - - - - - - - - - - - - - - - - - - - - - - -
[ ID] Interval           Transfer     Bandwidth
[  5]   0.00-10.57  sec  0.00 Bytes  0.00 bits/sec                  sender
[  5]   0.00-10.57  sec  8.09 MBytes  6.42 Mbits/sec                  receiver
