-----------------------------------------------------------
Server listening on 5201
-----------------------------------------------------------
Accepted connection from 10.0.0.1, port 58274
[  5] local 10.0.0.2 port 5201 connected to 10.0.0.1 port 46110
[ ID] Interval           Transfer     Bandwidth
[  5]   0.00-1.00   sec   754 KBytes  6.17 Mbits/sec                  
[  5]   1.00-2.01   sec   526 KBytes  4.28 Mbits/sec                  
[  5]   2.01-3.00   sec   438 KBytes  3.62 Mbits/sec                  
[  5]   3.00-4.01   sec   376 KBytes  3.05 Mbits/sec                  
[  5]   4.01-5.00   sec   342 KBytes  2.83 Mbits/sec                  
[  5]   5.00-6.00   sec   279 KBytes  2.29 Mbits/sec                  
[  5]   6.00-7.00   sec   262 KBytes  2.15 Mbits/sec                  
[  5]   7.00-8.00   sec   249 KBytes  2.04 Mbits/sec                  
[  5]   8.00-9.00   sec   161 KBytes  1.32 Mbits/sec                  
[  5]   9.00-10.00  sec   163 KBytes  1.33 Mbits/sec                  
[  5]  10.00-11.00  sec   188 KBytes  1.54 Mbits/sec                  
[  5]  11.00-12.00  sec   201 KBytes  1.65 Mbits/sec                  
[  5]  12.00-13.00  sec  0.00 Bytes  0.00 bits/sec                  
[  5]  13.00-14.00  sec  73.5 KBytes   603 Kbits/sec                  
[  5]  14.00-15.00  sec   317 KBytes  2.59 Mbits/sec                  
[  5]  15.00-16.00  sec   211 KBytes  1.73 Mbits/sec                  
[  5]  16.00-17.00  sec  8.48 KBytes  69.5 Kbits/sec                  
[  5]  17.00-18.00  sec  0.00 Bytes  0.00 bits/sec                  
[  5]  18.00-19.00  sec   221 KBytes  1.81 Mbits/sec                  
[  5]  19.00-20.00  sec   345 KBytes  2.83 Mbits/sec                  
[  5]  20.00-21.00  sec   192 KBytes  1.58 Mbits/sec                  
[  5]  21.00-22.00  sec   202 KBytes  1.66 Mbits/sec                  
[  5]  22.00-23.00  sec   204 KBytes  1.67 Mbits/sec                  
[  5]  23.00-24.00  sec   119 KBytes   973 Kbits/sec                  
[  5]  24.00-25.00  sec   103 KBytes   845 Kbits/sec                  
[  5]  25.00-26.00  sec   214 KBytes  1.75 Mbits/sec                  
[  5]  26.00-27.00  sec  12.7 KBytes   104 Kbits/sec                  
[  5]  27.00-28.00  sec   181 KBytes  1.48 Mbits/sec                  
[  5]  28.00-29.00  sec   341 KBytes  2.78 Mbits/sec                  
[  5]  29.00-30.00  sec   189 KBytes  1.56 Mbits/sec                  
[  5]  30.00-31.00  sec   115 KBytes   937 Kbits/sec                  
[  5]  31.00-32.00  sec   113 KBytes   927 Kbits/sec                  
[  5]  32.00-33.00  sec   218 KBytes  1.78 Mbits/sec                  
[  5]  33.00-34.00  sec  58.0 KBytes   475 Kbits/sec                  
[  5]  34.00-35.00  sec   141 KBytes  1.16 Mbits/sec                  
[  5]  35.00-36.00  sec   315 KBytes  2.58 Mbits/sec                  
[  5]  36.00-37.00  sec  84.8 KBytes   695 Kbits/sec                  
[  5]  37.00-38.00  sec   127 KBytes  1.04 Mbits/sec                  
[  5]  38.00-39.00  sec   264 KBytes  2.17 Mbits/sec                  
[  5]  39.00-40.00  sec   286 KBytes  2.34 Mbits/sec                  
[  5]  40.00-40.87  sec   197 KBytes  1.84 Mbits/sec                  
- - - - - - - - - - - - - - - - - - - - - - - - -
[ ID] Interval           Transfer     Bandwidth
[  5]   0.00-40.87  sec  0.00 Bytes  0.00 bits/sec                  sender
[  5]   0.00-40.87  sec  8.58 MBytes  1.76 Mbits/sec                  receiver
