-----------------------------------------------------------
Server listening on 5202
-----------------------------------------------------------
Accepted connection from 10.0.0.1, port 54903
[  5] local 10.0.0.2 port 5202 connected to 10.0.0.1 port 46112
[ ID] Interval           Transfer     Bandwidth
[  5]   0.00-1.00   sec  0.00 Bytes  0.00 bits/sec                  
[  5]   1.00-2.00   sec  0.00 Bytes  0.00 bits/sec                  
[  5]   2.00-3.00   sec  14.1 KBytes   116 Kbits/sec                  
[  5]   3.00-4.00   sec  28.3 KBytes   232 Kbits/sec                  
[  5]   4.00-5.00   sec  0.00 Bytes  0.00 bits/sec                  
[  5]   5.00-6.00   sec  42.4 KBytes   347 Kbits/sec                  
[  5]   6.00-7.00   sec  49.5 KBytes   406 Kbits/sec                  
[  5]   7.00-8.00   sec  0.00 Bytes  0.00 bits/sec                  
[  5]   8.00-9.00   sec  28.3 KBytes   232 Kbits/sec                  
[  5]   9.00-10.00  sec  91.9 KBytes   753 Kbits/sec                  
[  5]  10.00-11.00  sec  62.2 KBytes   510 Kbits/sec                  
[  5]  11.00-12.00  sec  0.00 Bytes  0.00 bits/sec                  
[  5]  12.00-13.00  sec  79.2 KBytes   649 Kbits/sec                  
[  5]  13.00-14.00  sec  84.8 KBytes   695 Kbits/sec                  
[  5]  14.00-15.00  sec  86.3 KBytes   706 Kbits/sec                  
[  5]  15.00-16.00  sec  24.0 KBytes   197 Kbits/sec                  
[  5]  16.00-17.00  sec  69.3 KBytes   566 Kbits/sec                  
[  5]  17.00-18.00  sec   110 KBytes   903 Kbits/sec                  
[  5]  18.00-19.00  sec  22.6 KBytes   185 Kbits/sec                  
[  5]  19.00-20.00  sec   740 KBytes  6.08 Mbits/sec                  
[  5]  20.00-21.00  sec   960 KBytes  7.86 Mbits/sec                  
[  5]  21.00-22.00  sec  1.02 MBytes  8.59 Mbits/sec                  
[  5]  22.00-23.00  sec  1004 KBytes  8.22 Mbits/sec                  
[  5]  23.00-24.00  sec  1.05 MBytes  8.83 Mbits/sec                  
[  5]  24.00-25.00  sec   926 KBytes  7.59 Mbits/sec                  
[  5]  25.00-26.00  sec  1.03 MBytes  8.63 Mbits/sec                  
[  5]  26.00-27.00  sec  1014 KBytes  8.30 Mbits/sec                  
[  5]  27.00-28.00  sec   993 KBytes  8.14 Mbits/sec                  
[  5]  28.00-29.00  sec  1.04 MBytes  8.73 Mbits/sec                  
[  5]  29.00-30.00  sec   175 KBytes  1.44 Mbits/sec                  
[  5]  30.00-31.00  sec  0.00 Bytes  0.00 bits/sec                  
[  5]  31.00-32.00  sec  2.57 MBytes  21.5 Mbits/sec                  
[  5]  32.00-33.00  sec   592 KBytes  4.86 Mbits/sec                  
[  5]  33.00-34.00  sec  1.00 MBytes  8.41 Mbits/sec                  
[  5]  34.00-35.00  sec   291 KBytes  2.38 Mbits/sec                  
[  5]  35.00-36.00  sec   303 KBytes  2.48 Mbits/sec                  
[  5]  36.00-37.00  sec  2.16 MBytes  18.1 Mbits/sec                  
[  5]  37.00-38.00  sec   928 KBytes  7.60 Mbits/sec                  
[  5]  38.00-39.00  sec  1021 KBytes  8.36 Mbits/sec                  
[  5]  39.00-40.00  sec   957 KBytes  7.82 Mbits/sec                  
[  5]  40.00-41.00  sec   950 KBytes  7.80 Mbits/sec                  
[  5]  41.00-42.00  sec   885 KBytes  7.25 Mbits/sec                  
[  5]  42.00-43.00  sec   935 KBytes  7.66 Mbits/sec                  
[  5]  43.00-44.00  sec   981 KBytes  8.04 Mbits/sec                  
[  5]  44.00-45.00  sec   946 KBytes  7.75 Mbits/sec                  
[  5]  45.00-46.00  sec   817 KBytes  6.69 Mbits/sec                  
[  5]  46.00-47.00  sec   993 KBytes  8.11 Mbits/sec                  
[  5]  47.00-48.01  sec   313 KBytes  2.56 Mbits/sec                  
[  5]  48.01-49.00  sec  96.2 KBytes   791 Kbits/sec                  
[  5]  49.00-50.00  sec  1.98 MBytes  16.6 Mbits/sec                  
[  5]  50.00-51.00  sec   874 KBytes  7.15 Mbits/sec                  
[  5]  51.00-52.00  sec   839 KBytes  6.87 Mbits/sec                  
[  5]  52.00-53.00  sec   843 KBytes  6.90 Mbits/sec                  
[  5]  53.00-54.00  sec   740 KBytes  6.06 Mbits/sec                  
[  5]  54.00-55.00  sec   802 KBytes  6.54 Mbits/sec                  
[  5]  55.00-56.00  sec   428 KBytes  3.52 Mbits/sec                  
[  5]  56.00-57.00  sec  0.00 Bytes  0.00 bits/sec                  
[  5]  57.00-58.00  sec  0.00 Bytes  0.00 bits/sec                  
[  5]  58.00-59.00  sec  2.55 MBytes  21.4 Mbits/sec                  
[  5]  59.00-60.00  sec   711 KBytes  5.83 Mbits/sec                  
[  5]  60.00-61.00  sec   748 KBytes  6.13 Mbits/sec                  
[  5]  61.00-62.00  sec   615 KBytes  5.04 Mbits/sec                  
[  5]  62.00-63.00  sec   484 KBytes  3.96 Mbits/sec                  
[  5]  63.00-64.00  sec  0.00 Bytes  0.00 bits/sec                  
[  5]  64.00-65.00  sec   864 KBytes  7.10 Mbits/sec                  
[  5]  65.00-66.00  sec  1.03 MBytes  8.65 Mbits/sec                  
[  5]  66.00-67.00  sec   588 KBytes  4.82 Mbits/sec                  
[  5]  67.00-68.00  sec   566 KBytes  4.63 Mbits/sec                  
[  5]  68.00-69.00  sec   691 KBytes  5.67 Mbits/sec                  
[  5]  69.00-70.00  sec   460 KBytes  3.76 Mbits/sec                  
[  5]  70.00-71.00  sec   503 KBytes  4.13 Mbits/sec                  
[  5]  71.00-72.00  sec   587 KBytes  4.81 Mbits/sec                  
[  5]  72.00-73.00  sec   344 KBytes  2.82 Mbits/sec                  
[  5]  73.00-74.00  sec   307 KBytes  2.51 Mbits/sec                  
[  5]  74.00-75.00  sec   389 KBytes  3.18 Mbits/sec                  
[  5]  75.00-76.00  sec  0.00 Bytes  0.00 bits/sec                  
[  5]  76.00-77.00  sec  7.07 KBytes  57.9 Kbits/sec                  
[  5]  77.00-78.00  sec  0.00 Bytes  0.00 bits/sec                  
[  5]  78.00-79.00  sec  0.00 Bytes  0.00 bits/sec                  
[  5]  79.00-80.00  sec  5.66 KBytes  46.3 Kbits/sec                  
[  5]  80.00-81.00  sec  0.00 Bytes  0.00 bits/sec                  
[  5]  81.00-82.01  sec  1.27 MBytes  10.6 Mbits/sec                  
[  5]  82.01-83.00  sec   908 KBytes  7.49 Mbits/sec                  
[  5]  83.00-84.00  sec   720 KBytes  5.90 Mbits/sec                  
[  5]  84.00-85.00  sec  0.00 Bytes  0.00 bits/sec                  
[  5]  85.00-86.00  sec   126 KBytes  1.03 Mbits/sec                  
[  5]  86.00-87.00  sec  18.4 KBytes   151 Kbits/sec                  
[  5]  87.00-88.00  sec   355 KBytes  2.91 Mbits/sec                  
[  5]  88.00-89.00  sec  9.90 KBytes  81.1 Kbits/sec                  
[  5]  89.00-90.00  sec  0.00 Bytes  0.00 bits/sec                  
[  5]  90.00-91.00  sec   338 KBytes  2.77 Mbits/sec                  
[  5]  91.00-92.00  sec  1.17 MBytes  9.82 Mbits/sec                  
[  5]  92.00-93.00  sec   399 KBytes  3.27 Mbits/sec                  
[  5]  93.00-93.23  sec  0.00 Bytes  0.00 bits/sec                  
- - - - - - - - - - - - - - - - - - - - - - - - -
[ ID] Interval           Transfer     Bandwidth
[  5]   0.00-93.23  sec  0.00 Bytes  0.00 bits/sec                  sender
[  5]   0.00-93.23  sec  50.0 MBytes  4.50 Mbits/sec                  receiver
