-----------------------------------------------------------
Server listening on 5202
-----------------------------------------------------------
Accepted connection from 10.0.0.1, port 42496
[  5] local 10.0.0.2 port 5202 connected to 10.0.0.1 port 46112
[ ID] Interval           Transfer     Bandwidth
[  5]   0.00-1.01   sec   226 KBytes  1.83 Mbits/sec                  
[  5]   1.01-2.01   sec   274 KBytes  2.25 Mbits/sec                  
[  5]   2.01-3.00   sec   199 KBytes  1.64 Mbits/sec                  
[  5]   3.00-4.01   sec   167 KBytes  1.36 Mbits/sec                  
[  5]   4.01-5.00   sec   168 KBytes  1.38 Mbits/sec                  
[  5]   5.00-6.00   sec   191 KBytes  1.57 Mbits/sec                  
[  5]   6.00-7.00   sec   167 KBytes  1.37 Mbits/sec                  
[  5]   7.00-8.00   sec   199 KBytes  1.63 Mbits/sec                  
[  5]   8.00-9.00   sec   204 KBytes  1.67 Mbits/sec                  
[  5]   9.00-10.00  sec   208 KBytes  1.70 Mbits/sec                  
[  5]  10.00-11.00  sec  0.00 Bytes  0.00 bits/sec                  
[  5]  11.00-12.00  sec   348 KBytes  2.85 Mbits/sec                  
[  5]  12.00-13.00  sec  39.6 KBytes   324 Kbits/sec                  
[  5]  13.00-14.00  sec   202 KBytes  1.66 Mbits/sec                  
[  5]  14.00-15.00  sec   502 KBytes  4.11 Mbits/sec                  
[  5]  15.00-16.00  sec   184 KBytes  1.51 Mbits/sec                  
[  5]  16.00-17.00  sec   174 KBytes  1.43 Mbits/sec                  
[  5]  17.00-18.00  sec  42.4 KBytes   347 Kbits/sec                  
[  5]  18.00-19.00  sec  0.00 Bytes  0.00 bits/sec                  
[  5]  19.00-20.00  sec  0.00 Bytes  0.00 bits/sec                  
[  5]  20.00-21.00  sec   491 KBytes  4.02 Mbits/sec                  
[  5]  21.00-22.00  sec   123 KBytes  1.01 Mbits/sec                  
[  5]  22.00-23.00  sec  8.48 KBytes  69.5 Kbits/sec                  
[  5]  23.00-24.00  sec  35.4 KBytes   290 Kbits/sec                  
[  5]  24.00-25.00  sec   259 KBytes  2.12 Mbits/sec                  
[  5]  25.00-26.00  sec   124 KBytes  1.02 Mbits/sec                  
[  5]  26.00-27.00  sec   124 KBytes  1.02 Mbits/sec                  
[  5]  27.00-28.00  sec  84.8 KBytes   695 Kbits/sec                  
[  5]  28.00-29.00  sec  60.8 KBytes   498 Kbits/sec                  
[  5]  29.00-30.00  sec  0.00 Bytes  0.00 bits/sec                  
[  5]  30.00-31.00  sec   233 KBytes  1.91 Mbits/sec                  
[  5]  31.00-32.00  sec  60.8 KBytes   498 Kbits/sec                  
[  5]  32.00-33.00  sec  33.9 KBytes   278 Kbits/sec                  
[  5]  33.00-34.00  sec  33.9 KBytes   278 Kbits/sec                  
[  5]  34.00-35.00  sec   150 KBytes  1.23 Mbits/sec                  
[  5]  35.00-36.00  sec  60.8 KBytes   498 Kbits/sec                  
[  5]  36.00-37.00  sec  58.0 KBytes   475 Kbits/sec                  
[  5]  37.00-38.00  sec  62.2 KBytes   510 Kbits/sec                  
[  5]  38.00-39.00  sec  80.6 KBytes   659 Kbits/sec                  
[  5]  39.00-40.00  sec  87.7 KBytes   720 Kbits/sec                  
[  5]  40.00-41.00  sec   216 KBytes  1.77 Mbits/sec                  
[  5]  41.00-42.00  sec   236 KBytes  1.94 Mbits/sec                  
[  5]  42.00-43.00  sec   223 KBytes  1.83 Mbits/sec                  
[  5]  43.00-44.00  sec   187 KBytes  1.53 Mbits/sec                  
[  5]  44.00-45.00  sec   189 KBytes  1.55 Mbits/sec                  
[  5]  45.00-46.00  sec   191 KBytes  1.56 Mbits/sec                  
[  5]  46.00-47.00  sec  48.1 KBytes   394 Kbits/sec                  
[  5]  47.00-48.00  sec   174 KBytes  1.43 Mbits/sec                  
[  5]  48.00-49.00  sec   322 KBytes  2.64 Mbits/sec                  
[  5]  49.00-50.00  sec   178 KBytes  1.46 Mbits/sec                  
[  5]  50.00-51.00  sec  89.1 KBytes   730 Kbits/sec                  
[  5]  51.00-52.00  sec   103 KBytes   846 Kbits/sec                  
[  5]  52.00-53.00  sec   365 KBytes  2.99 Mbits/sec                  
[  5]  53.00-54.00  sec   182 KBytes  1.49 Mbits/sec                  
[  5]  54.00-54.03  sec  4.24 KBytes  1.04 Mbits/sec                  
- - - - - - - - - - - - - - - - - - - - - - - - -
[ ID] Interval           Transfer     Bandwidth
[  5]   0.00-54.03  sec  0.00 Bytes  0.00 bits/sec                  sender
[  5]   0.00-54.03  sec  8.18 MBytes  1.27 Mbits/sec                  receiver
