Connecting to host 10.0.0.2, port 5202
[  4] local 10.0.0.1 port 46112 connected to 10.0.0.2 port 5202
[ ID] Interval           Transfer     Bandwidth       Retr  Cwnd
[  4]   0.00-1.00   sec   693 KBytes  5.68 Mbits/sec    0   56.6 KBytes       
[  4]   1.00-2.00   sec   509 KBytes  4.17 Mbits/sec    0   77.8 KBytes       
[  4]   2.00-3.00   sec   445 KBytes  3.64 Mbits/sec    0   96.2 KBytes       
[  4]   3.00-4.00   sec   573 KBytes  4.70 Mbits/sec    0    116 KBytes       
[  4]   4.00-5.00   sec   573 KBytes  4.70 Mbits/sec    0    140 KBytes       
[  4]   5.00-6.00   sec   636 KBytes  5.21 Mbits/sec    0    165 KBytes       
[  4]   6.00-7.00   sec   764 KBytes  6.25 Mbits/sec    0    204 KBytes       
[  4]   7.00-8.00   sec   954 KBytes  7.82 Mbits/sec    0    277 KBytes       
[  4]   8.00-9.00   sec  1.12 MBytes  9.38 Mbits/sec    0    369 KBytes       
[  4]   9.00-10.00  sec  1.30 MBytes  10.9 Mbits/sec    0    502 KBytes       
[  4]  10.00-11.00  sec  1.37 MBytes  11.5 Mbits/sec    0    639 KBytes       
[  4]  11.00-12.00  sec  1.25 MBytes  10.5 Mbits/sec    0    792 KBytes       
[  4]  12.00-12.00  sec  0.00 Bytes  0.00 bits/sec    0    792 KBytes       
- - - - - - - - - - - - - - - - - - - - - - - - -
[ ID] Interval           Transfer     Bandwidth       Retr
[  4]   0.00-12.00  sec  10.1 MBytes  7.04 Mbits/sec    0             sender
[  4]   0.00-12.00  sec  6.80 MBytes  4.75 Mbits/sec                  receiver

iperf Done.
