-----------------------------------------------------------
Server listening on 5201
-----------------------------------------------------------
Accepted connection from 10.0.0.1, port 59234
[  5] local 10.0.0.2 port 5201 connected to 10.0.0.1 port 46110
[ ID] Interval           Transfer     Bandwidth
[  5]   0.00-1.00   sec   898 KBytes  7.36 Mbits/sec                  
[  5]   1.00-2.00   sec   683 KBytes  5.59 Mbits/sec                  
[  5]   2.00-3.00   sec   738 KBytes  6.03 Mbits/sec                  
[  5]   3.00-4.00   sec   751 KBytes  6.18 Mbits/sec                  
[  5]   4.00-5.00   sec   710 KBytes  5.81 Mbits/sec                  
[  5]   5.00-6.00   sec   595 KBytes  4.88 Mbits/sec                  
[  5]   6.00-7.00   sec   766 KBytes  6.28 Mbits/sec                  
[  5]   7.00-8.00   sec   693 KBytes  5.67 Mbits/sec                  
[  5]   8.00-9.00   sec   679 KBytes  5.56 Mbits/sec                  
[  5]   9.00-10.00  sec   720 KBytes  5.90 Mbits/sec                  
[  5]  10.00-11.00  sec   621 KBytes  5.08 Mbits/sec                  
[  5]  11.00-12.00  sec   642 KBytes  5.25 Mbits/sec                  
[  5]  12.00-12.07  sec  11.3 KBytes  1.43 Mbits/sec                  
- - - - - - - - - - - - - - - - - - - - - - - - -
[ ID] Interval           Transfer     Bandwidth
[  5]   0.00-12.07  sec  0.00 Bytes  0.00 bits/sec                  sender
[  5]   0.00-12.07  sec  8.31 MBytes  5.78 Mbits/sec                  receiver
