-----------------------------------------------------------
Server listening on 5202
-----------------------------------------------------------
Accepted connection from 10.0.0.1, port 51206
[  5] local 10.0.0.2 port 5202 connected to 10.0.0.1 port 46112
[ ID] Interval           Transfer     Bandwidth
[  5]   0.00-1.00   sec   378 KBytes  3.09 Mbits/sec                  
[  5]   1.00-2.00   sec   402 KBytes  3.29 Mbits/sec                  
[  5]   2.00-3.00   sec   419 KBytes  3.43 Mbits/sec                  
[  5]   3.00-4.00   sec   428 KBytes  3.51 Mbits/sec                  
[  5]   4.00-5.00   sec   396 KBytes  3.24 Mbits/sec                  
[  5]   5.00-6.00   sec   437 KBytes  3.58 Mbits/sec                  
[  5]   6.00-7.00   sec   409 KBytes  3.35 Mbits/sec                  
[  5]   7.00-8.00   sec   478 KBytes  3.92 Mbits/sec                  
[  5]   8.00-9.00   sec   416 KBytes  3.41 Mbits/sec                  
[  5]   9.00-10.00  sec   663 KBytes  5.43 Mbits/sec                  
[  5]  10.00-11.00  sec   363 KBytes  2.98 Mbits/sec                  
[  5]  11.00-12.00  sec   725 KBytes  5.94 Mbits/sec                  
[  5]  12.00-13.00  sec  1.12 MBytes  9.43 Mbits/sec                  
[  5]  13.00-14.00  sec   471 KBytes  3.84 Mbits/sec                  
[  5]  14.00-14.42  sec   356 KBytes  7.05 Mbits/sec                  
- - - - - - - - - - - - - - - - - - - - - - - - -
[ ID] Interval           Transfer     Bandwidth
[  5]   0.00-14.42  sec  0.00 Bytes  0.00 bits/sec                  sender
[  5]   0.00-14.42  sec  7.32 MBytes  4.26 Mbits/sec                  receiver
