Connecting to host 10.0.0.2, port 5202
[  4] local 10.0.0.1 port 46112 connected to 10.0.0.2 port 5202
[ ID] Interval           Transfer     Bandwidth       Retr  Cwnd
[  4]   0.00-1.00   sec   701 KBytes  5.74 Mbits/sec    0   80.6 KBytes       
[  4]   1.00-2.00   sec   382 KBytes  3.13 Mbits/sec    0   94.7 KBytes       
[  4]   2.00-3.00   sec   318 KBytes  2.61 Mbits/sec    0    106 KBytes       
[  4]   3.00-4.00   sec   255 KBytes  2.09 Mbits/sec    0    117 KBytes       
[  4]   4.00-5.00   sec   318 KBytes  2.61 Mbits/sec    0    129 KBytes       
[  4]   5.00-6.01   sec   445 KBytes  3.63 Mbits/sec    0    158 KBytes       
[  4]   6.01-7.01   sec   573 KBytes  4.69 Mbits/sec    0    212 KBytes       
[  4]   7.01-8.00   sec   573 KBytes  4.72 Mbits/sec    0    262 KBytes       
[  4]   8.00-9.00   sec   636 KBytes  5.19 Mbits/sec    0    331 KBytes       
[  4]   9.00-10.02  sec   827 KBytes  6.65 Mbits/sec    0    427 KBytes       
[  4]  10.02-11.00  sec  1.18 MBytes  10.1 Mbits/sec    0    570 KBytes       
[  4]  11.00-12.01  sec  1018 KBytes  8.29 Mbits/sec    0    689 KBytes       
[  4]  12.01-13.00  sec   764 KBytes  6.30 Mbits/sec    0    790 KBytes       
[  4]  13.00-14.00  sec  1.25 MBytes  10.5 Mbits/sec    0    954 KBytes       
[  4]  14.00-15.00  sec  1.25 MBytes  10.5 Mbits/sec    0   1.11 MBytes       
[  4]  15.00-15.00  sec  0.00 Bytes  0.00 bits/sec    0   1.11 MBytes       
- - - - - - - - - - - - - - - - - - - - - - - - -
[ ID] Interval           Transfer     Bandwidth       Retr
[  4]   0.00-15.00  sec  10.3 MBytes  5.78 Mbits/sec    0             sender
[  4]   0.00-15.00  sec  5.17 MBytes  2.89 Mbits/sec                  receiver

iperf Done.
